ECS running with 500 stations, 1700 satellites, 2 numWGs and 2 numBlocks for 10 rounds in 0 parallel pattern
2025/08/05 08:17:24 StationSystem update...
2025/08/05 08:17:24 SatelliteSystem update...
2025/08/05 08:17:24 weather update count: 500
2025/08/05 08:17:24 StationSystem update time: 8.14µs
2025/08/05 08:17:24 satellite count: 1700
2025/08/05 08:17:24 SatelliteSystem update time: 6.444916ms
2025/08/05 08:17:24 TopoSystem update...
2025/08/05 08:17:24 TopoSystem: Link count: 850000
2025/08/05 08:17:24 TopoSystem update time: 25.833326ms
2025/08/05 08:17:24 AttenuationSystem update...
2025/08/05 08:17:24 AttenuationSystem parallel flag: 0
2025/08/05 08:17:25 Attenuation computed count: 850000
2025/08/05 08:17:25 AttenuationSystem update time: 969.286093ms
2025/08/05 08:17:25 Run 1 complete
2025/08/05 08:17:25 StationSystem update...
2025/08/05 08:17:25 weather update count: 500
2025/08/05 08:17:25 StationSystem update time: 2.459µs
2025/08/05 08:17:25 SatelliteSystem update...
2025/08/05 08:17:25 satellite count: 1700
2025/08/05 08:17:25 SatelliteSystem update time: 6.847802ms
2025/08/05 08:17:25 TopoSystem update...
2025/08/05 08:17:25 TopoSystem: Link count: 850000
2025/08/05 08:17:25 TopoSystem update time: 21.454891ms
2025/08/05 08:17:25 AttenuationSystem update...
2025/08/05 08:17:25 AttenuationSystem parallel flag: 0
2025/08/05 08:17:26 Attenuation computed count: 850000
2025/08/05 08:17:26 AttenuationSystem update time: 949.295036ms
2025/08/05 08:17:26 Run 2 complete
2025/08/05 08:17:26 StationSystem update...
2025/08/05 08:17:26 weather update count: 500
2025/08/05 08:17:26 StationSystem update time: 2.782µs
2025/08/05 08:17:26 SatelliteSystem update...
2025/08/05 08:17:26 satellite count: 1700
2025/08/05 08:17:26 SatelliteSystem update time: 6.419861ms
2025/08/05 08:17:26 TopoSystem update...
2025/08/05 08:17:26 TopoSystem: Link count: 850000
2025/08/05 08:17:26 TopoSystem update time: 13.347825ms
2025/08/05 08:17:26 AttenuationSystem update...
2025/08/05 08:17:26 AttenuationSystem parallel flag: 0
2025/08/05 08:17:27 Attenuation computed count: 850000
2025/08/05 08:17:27 AttenuationSystem update time: 978.320069ms
2025/08/05 08:17:27 Run 3 complete
2025/08/05 08:17:27 StationSystem update...
2025/08/05 08:17:27 weather update count: 500
2025/08/05 08:17:27 StationSystem update time: 3.035µs
2025/08/05 08:17:27 SatelliteSystem update...
2025/08/05 08:17:27 satellite count: 1700
2025/08/05 08:17:27 SatelliteSystem update time: 4.789937ms
2025/08/05 08:17:27 TopoSystem update...
2025/08/05 08:17:27 TopoSystem: Link count: 850000
2025/08/05 08:17:27 TopoSystem update time: 29.701489ms
2025/08/05 08:17:27 AttenuationSystem update...
2025/08/05 08:17:27 AttenuationSystem parallel flag: 0
2025/08/05 08:17:28 Attenuation computed count: 850000
2025/08/05 08:17:28 AttenuationSystem update time: 985.653639ms
2025/08/05 08:17:28 Run 4 complete
2025/08/05 08:17:28 StationSystem update...
2025/08/05 08:17:28 weather update count: 500
2025/08/05 08:17:28 StationSystem update time: 2.477µs
2025/08/05 08:17:28 SatelliteSystem update...
2025/08/05 08:17:28 satellite count: 1700
2025/08/05 08:17:28 SatelliteSystem update time: 16.095353ms
2025/08/05 08:17:28 TopoSystem update...
2025/08/05 08:17:28 TopoSystem: Link count: 850000
2025/08/05 08:17:28 TopoSystem update time: 15.133769ms
2025/08/05 08:17:28 AttenuationSystem update...
2025/08/05 08:17:28 AttenuationSystem parallel flag: 0
2025/08/05 08:17:29 Attenuation computed count: 850000
2025/08/05 08:17:29 AttenuationSystem update time: 991.075073ms
2025/08/05 08:17:29 Run 5 complete
2025/08/05 08:17:29 StationSystem update...
2025/08/05 08:17:29 weather update count: 500
2025/08/05 08:17:29 StationSystem update time: 2.654µs
2025/08/05 08:17:29 SatelliteSystem update...
2025/08/05 08:17:29 satellite count: 1700
2025/08/05 08:17:29 SatelliteSystem update time: 6.444817ms
2025/08/05 08:17:29 TopoSystem update...
2025/08/05 08:17:29 TopoSystem: Link count: 850000
2025/08/05 08:17:29 TopoSystem update time: 12.889948ms
2025/08/05 08:17:29 AttenuationSystem update...
2025/08/05 08:17:29 AttenuationSystem parallel flag: 0
2025/08/05 08:17:30 Attenuation computed count: 850000
2025/08/05 08:17:30 AttenuationSystem update time: 1.003526174s
2025/08/05 08:17:30 Run 6 complete
2025/08/05 08:17:30 StationSystem update...
2025/08/05 08:17:30 weather update count: 500
2025/08/05 08:17:30 StationSystem update time: 2.526µs
2025/08/05 08:17:30 SatelliteSystem update...
2025/08/05 08:17:30 satellite count: 1700
2025/08/05 08:17:30 SatelliteSystem update time: 6.425899ms
2025/08/05 08:17:30 TopoSystem update...
2025/08/05 08:17:30 TopoSystem: Link count: 850000
2025/08/05 08:17:30 TopoSystem update time: 12.964557ms
2025/08/05 08:17:30 AttenuationSystem update...
2025/08/05 08:17:30 AttenuationSystem parallel flag: 0
2025/08/05 08:17:31 Attenuation computed count: 850000
2025/08/05 08:17:31 AttenuationSystem update time: 934.952649ms
2025/08/05 08:17:31 Run 7 complete
2025/08/05 08:17:31 StationSystem update...
2025/08/05 08:17:31 weather update count: 500
2025/08/05 08:17:31 StationSystem update time: 2.154µs
2025/08/05 08:17:31 SatelliteSystem update...
2025/08/05 08:17:31 satellite count: 1700
2025/08/05 08:17:31 SatelliteSystem update time: 4.78056ms
2025/08/05 08:17:31 TopoSystem update...
2025/08/05 08:17:31 TopoSystem: Link count: 850000
2025/08/05 08:17:31 TopoSystem update time: 29.42611ms
2025/08/05 08:17:31 AttenuationSystem update...
2025/08/05 08:17:31 AttenuationSystem parallel flag: 0
2025/08/05 08:17:32 Attenuation computed count: 850000
2025/08/05 08:17:32 AttenuationSystem update time: 999.450349ms
2025/08/05 08:17:32 Run 8 complete
2025/08/05 08:17:32 StationSystem update...
2025/08/05 08:17:32 weather update count: 500
2025/08/05 08:17:32 StationSystem update time: 3.898µs
2025/08/05 08:17:32 SatelliteSystem update...
2025/08/05 08:17:32 satellite count: 1700
2025/08/05 08:17:32 SatelliteSystem update time: 6.431226ms
2025/08/05 08:17:32 TopoSystem update...
2025/08/05 08:17:32 TopoSystem: Link count: 850000
2025/08/05 08:17:32 TopoSystem update time: 10.459235ms
2025/08/05 08:17:32 AttenuationSystem update...
2025/08/05 08:17:32 AttenuationSystem parallel flag: 0
2025/08/05 08:17:33 Attenuation computed count: 850000
2025/08/05 08:17:33 AttenuationSystem update time: 968.547883ms
2025/08/05 08:17:33 Run 9 complete
2025/08/05 08:17:33 StationSystem update...
2025/08/05 08:17:33 weather update count: 500
2025/08/05 08:17:33 StationSystem update time: 2.589µs
2025/08/05 08:17:33 SatelliteSystem update...
2025/08/05 08:17:33 satellite count: 1700
2025/08/05 08:17:33 SatelliteSystem update time: 6.422179ms
2025/08/05 08:17:33 TopoSystem update...
2025/08/05 08:17:33 TopoSystem: Link count: 850000
2025/08/05 08:17:33 TopoSystem update time: 13.371514ms
2025/08/05 08:17:33 AttenuationSystem update...
2025/08/05 08:17:33 AttenuationSystem parallel flag: 0
2025/08/05 08:17:34 Attenuation computed count: 850000
2025/08/05 08:17:34 AttenuationSystem update time: 1.007870745s
2025/08/05 08:17:34 Run 10 complete
2025/08/05 08:17:34 Total update time:  10.052154067s
2025/08/05 08:17:34 linkCache size: 40

 Performance counter stats for './scale_ecs 500 1700 10 2 2 0':

        18,421,053      cache-references                                                      
         4,565,474      cache-misses                     #   24.78% of all cache refs         

      10.062182803 seconds time elapsed

      18.939111000 seconds user
       0.074984000 seconds sys


