ECS running with 700 stations, 1500 satellites, 2 numWGs and 4 numBlocks for 10 rounds in 1 parallel pattern
2025/08/05 09:08:13 StationSystem update...
2025/08/05 09:08:13 weather update count: 700
2025/08/05 09:08:13 SatelliteSystem update...
2025/08/05 09:08:13 StationSystem update time: 4.329µs
2025/08/05 09:08:13 satellite count: 1500
2025/08/05 09:08:13 SatelliteSystem update time: 5.685975ms
2025/08/05 09:08:13 TopoSystem update...
2025/08/05 09:08:13 TopoSystem: Link count: 1050000
2025/08/05 09:08:13 TopoSystem update time: 33.212097ms
2025/08/05 09:08:13 AttenuationSystem update...
2025/08/05 09:08:13 AttenuationSystem parallel flag: 1
2025/08/05 09:08:14 Attenuation computed count: 1050000
2025/08/05 09:08:14 AttenuationSystem update time: 1.201616153s
2025/08/05 09:08:14 Run 1 complete
2025/08/05 09:08:14 StationSystem update...
2025/08/05 09:08:14 weather update count: 700
2025/08/05 09:08:14 StationSystem update time: 2.908µs
2025/08/05 09:08:14 SatelliteSystem update...
2025/08/05 09:08:14 satellite count: 1500
2025/08/05 09:08:14 SatelliteSystem update time: 4.269745ms
2025/08/05 09:08:14 TopoSystem update...
2025/08/05 09:08:14 TopoSystem: Link count: 1050000
2025/08/05 09:08:14 TopoSystem update time: 27.783843ms
2025/08/05 09:08:14 AttenuationSystem update...
2025/08/05 09:08:14 AttenuationSystem parallel flag: 1
2025/08/05 09:08:15 Attenuation computed count: 1050000
2025/08/05 09:08:15 AttenuationSystem update time: 986.407099ms
2025/08/05 09:08:15 Run 2 complete
2025/08/05 09:08:15 StationSystem update...
2025/08/05 09:08:15 weather update count: 700
2025/08/05 09:08:15 StationSystem update time: 2.823µs
2025/08/05 09:08:15 SatelliteSystem update...
2025/08/05 09:08:15 satellite count: 1500
2025/08/05 09:08:15 SatelliteSystem update time: 4.213324ms
2025/08/05 09:08:15 TopoSystem update...
2025/08/05 09:08:15 TopoSystem: Link count: 1050000
2025/08/05 09:08:15 TopoSystem update time: 14.388699ms
2025/08/05 09:08:15 AttenuationSystem update...
2025/08/05 09:08:15 AttenuationSystem parallel flag: 1
2025/08/05 09:08:16 Attenuation computed count: 1050000
2025/08/05 09:08:16 AttenuationSystem update time: 1.238949281s
2025/08/05 09:08:16 Run 3 complete
2025/08/05 09:08:16 StationSystem update...
2025/08/05 09:08:16 weather update count: 700
2025/08/05 09:08:16 StationSystem update time: 3.276µs
2025/08/05 09:08:16 SatelliteSystem update...
2025/08/05 09:08:16 satellite count: 1500
2025/08/05 09:08:16 SatelliteSystem update time: 5.280279ms
2025/08/05 09:08:16 TopoSystem update...
2025/08/05 09:08:16 TopoSystem: Link count: 1050000
2025/08/05 09:08:16 TopoSystem update time: 26.075456ms
2025/08/05 09:08:16 AttenuationSystem update...
2025/08/05 09:08:16 AttenuationSystem parallel flag: 1
2025/08/05 09:08:17 Attenuation computed count: 1050000
2025/08/05 09:08:17 AttenuationSystem update time: 1.096498168s
2025/08/05 09:08:17 Run 4 complete
2025/08/05 09:08:17 StationSystem update...
2025/08/05 09:08:17 weather update count: 700
2025/08/05 09:08:17 StationSystem update time: 2.118µs
2025/08/05 09:08:17 SatelliteSystem update...
2025/08/05 09:08:17 satellite count: 1500
2025/08/05 09:08:17 SatelliteSystem update time: 5.686842ms
2025/08/05 09:08:17 TopoSystem update...
2025/08/05 09:08:17 TopoSystem: Link count: 1050000
2025/08/05 09:08:17 TopoSystem update time: 15.956006ms
2025/08/05 09:08:17 AttenuationSystem update...
2025/08/05 09:08:17 AttenuationSystem parallel flag: 1
2025/08/05 09:08:18 Attenuation computed count: 1050000
2025/08/05 09:08:18 AttenuationSystem update time: 1.137060145s
2025/08/05 09:08:18 Run 5 complete
2025/08/05 09:08:18 StationSystem update...
2025/08/05 09:08:18 weather update count: 700
2025/08/05 09:08:18 StationSystem update time: 3.004µs
2025/08/05 09:08:18 SatelliteSystem update...
2025/08/05 09:08:18 satellite count: 1500
2025/08/05 09:08:18 SatelliteSystem update time: 4.220236ms
2025/08/05 09:08:18 TopoSystem update...
2025/08/05 09:08:18 TopoSystem: Link count: 1050000
2025/08/05 09:08:18 TopoSystem update time: 12.342441ms
2025/08/05 09:08:18 AttenuationSystem update...
2025/08/05 09:08:18 AttenuationSystem parallel flag: 1
2025/08/05 09:08:19 Attenuation computed count: 1050000
2025/08/05 09:08:19 AttenuationSystem update time: 1.14974444s
2025/08/05 09:08:19 Run 6 complete
2025/08/05 09:08:19 StationSystem update...
2025/08/05 09:08:19 weather update count: 700
2025/08/05 09:08:19 StationSystem update time: 3.254µs
2025/08/05 09:08:19 SatelliteSystem update...
2025/08/05 09:08:19 satellite count: 1500
2025/08/05 09:08:19 SatelliteSystem update time: 5.352787ms
2025/08/05 09:08:19 TopoSystem update...
2025/08/05 09:08:20 TopoSystem: Link count: 1050000
2025/08/05 09:08:20 TopoSystem update time: 26.078341ms
2025/08/05 09:08:20 AttenuationSystem update...
2025/08/05 09:08:20 AttenuationSystem parallel flag: 1
2025/08/05 09:08:21 Attenuation computed count: 1050000
2025/08/05 09:08:21 AttenuationSystem update time: 1.227040606s
2025/08/05 09:08:21 Run 7 complete
2025/08/05 09:08:21 StationSystem update...
2025/08/05 09:08:21 weather update count: 700
2025/08/05 09:08:21 StationSystem update time: 2.856µs
2025/08/05 09:08:21 SatelliteSystem update...
2025/08/05 09:08:21 satellite count: 1500
2025/08/05 09:08:21 SatelliteSystem update time: 5.676915ms
2025/08/05 09:08:21 TopoSystem update...
2025/08/05 09:08:21 TopoSystem: Link count: 1050000
2025/08/05 09:08:21 TopoSystem update time: 15.814418ms
2025/08/05 09:08:21 AttenuationSystem update...
2025/08/05 09:08:21 AttenuationSystem parallel flag: 1
2025/08/05 09:08:22 Attenuation computed count: 1050000
2025/08/05 09:08:22 AttenuationSystem update time: 1.229527237s
2025/08/05 09:08:22 Run 8 complete
2025/08/05 09:08:22 StationSystem update...
2025/08/05 09:08:22 weather update count: 700
2025/08/05 09:08:22 StationSystem update time: 3.086µs
2025/08/05 09:08:22 SatelliteSystem update...
2025/08/05 09:08:22 satellite count: 1500
2025/08/05 09:08:22 SatelliteSystem update time: 4.220945ms
2025/08/05 09:08:22 TopoSystem update...
2025/08/05 09:08:22 TopoSystem: Link count: 1050000
2025/08/05 09:08:22 TopoSystem update time: 24.024199ms
2025/08/05 09:08:22 AttenuationSystem update...
2025/08/05 09:08:22 AttenuationSystem parallel flag: 1
2025/08/05 09:08:23 Attenuation computed count: 1050000
2025/08/05 09:08:23 AttenuationSystem update time: 1.237935255s
2025/08/05 09:08:23 Run 9 complete
2025/08/05 09:08:23 StationSystem update...
2025/08/05 09:08:23 weather update count: 700
2025/08/05 09:08:23 StationSystem update time: 3.667µs
2025/08/05 09:08:23 SatelliteSystem update...
2025/08/05 09:08:23 satellite count: 1500
2025/08/05 09:08:23 SatelliteSystem update time: 5.687493ms
2025/08/05 09:08:23 TopoSystem update...
2025/08/05 09:08:23 TopoSystem: Link count: 1050000
2025/08/05 09:08:23 TopoSystem update time: 26.057007ms
2025/08/05 09:08:23 AttenuationSystem update...
2025/08/05 09:08:23 AttenuationSystem parallel flag: 1
2025/08/05 09:08:24 Attenuation computed count: 1050000
2025/08/05 09:08:24 AttenuationSystem update time: 1.098678671s
2025/08/05 09:08:24 Run 10 complete
2025/08/05 09:08:24 Total update time:  11.883727845s
2025/08/05 09:08:24 linkCache size: 40

 Performance counter stats for './scale_ecs 700 1500 10 2 4 1':

        22,247,475      cache-references                                                      
         5,375,018      cache-misses                     #   24.16% of all cache refs         

      11.896245318 seconds time elapsed

      22.482053000 seconds user
       0.077058000 seconds sys


