ECS running with 700 stations, 700 satellites, 8 numWGs and 2 numBlocks for 10 rounds in 0 parallel pattern
2025/08/05 08:55:41 StationSystem update...
2025/08/05 08:55:41 weather update count: 700
2025/08/05 08:55:41 StationSystem update time: 3.518µs
2025/08/05 08:55:41 SatelliteSystem update...
2025/08/05 08:55:41 satellite count: 700
2025/08/05 08:55:41 SatelliteSystem update time: 2.669963ms
2025/08/05 08:55:41 TopoSystem update...
2025/08/05 08:55:41 TopoSystem: Link count: 490000
2025/08/05 08:55:41 TopoSystem update time: 13.286492ms
2025/08/05 08:55:41 AttenuationSystem update...
2025/08/05 08:55:41 AttenuationSystem parallel flag: 0
2025/08/05 08:55:42 Attenuation computed count: 490000
2025/08/05 08:55:42 AttenuationSystem update time: 417.75468ms
2025/08/05 08:55:42 Run 1 complete
2025/08/05 08:55:42 StationSystem update...
2025/08/05 08:55:42 weather update count: 700
2025/08/05 08:55:42 StationSystem update time: 2.832µs
2025/08/05 08:55:42 SatelliteSystem update...
2025/08/05 08:55:42 satellite count: 700
2025/08/05 08:55:42 SatelliteSystem update time: 1.974688ms
2025/08/05 08:55:42 TopoSystem update...
2025/08/05 08:55:42 TopoSystem: Link count: 490000
2025/08/05 08:55:42 TopoSystem update time: 13.49724ms
2025/08/05 08:55:42 AttenuationSystem update...
2025/08/05 08:55:42 AttenuationSystem parallel flag: 0
2025/08/05 08:55:42 Attenuation computed count: 490000
2025/08/05 08:55:42 AttenuationSystem update time: 540.488953ms
2025/08/05 08:55:42 Run 2 complete
2025/08/05 08:55:42 StationSystem update...
2025/08/05 08:55:42 weather update count: 700
2025/08/05 08:55:42 StationSystem update time: 2.793µs
2025/08/05 08:55:42 SatelliteSystem update...
2025/08/05 08:55:42 satellite count: 700
2025/08/05 08:55:42 SatelliteSystem update time: 2.001816ms
2025/08/05 08:55:42 TopoSystem update...
2025/08/05 08:55:42 TopoSystem: Link count: 490000
2025/08/05 08:55:42 TopoSystem update time: 8.007834ms
2025/08/05 08:55:42 AttenuationSystem update...
2025/08/05 08:55:42 AttenuationSystem parallel flag: 0
2025/08/05 08:55:43 Attenuation computed count: 490000
2025/08/05 08:55:43 AttenuationSystem update time: 571.911232ms
2025/08/05 08:55:43 Run 3 complete
2025/08/05 08:55:43 StationSystem update...
2025/08/05 08:55:43 weather update count: 700
2025/08/05 08:55:43 StationSystem update time: 3.524µs
2025/08/05 08:55:43 SatelliteSystem update...
2025/08/05 08:55:43 satellite count: 700
2025/08/05 08:55:43 SatelliteSystem update time: 2.672207ms
2025/08/05 08:55:43 TopoSystem update...
2025/08/05 08:55:43 TopoSystem: Link count: 490000
2025/08/05 08:55:43 TopoSystem update time: 12.755935ms
2025/08/05 08:55:43 AttenuationSystem update...
2025/08/05 08:55:43 AttenuationSystem parallel flag: 0
2025/08/05 08:55:44 Attenuation computed count: 490000
2025/08/05 08:55:44 AttenuationSystem update time: 568.214457ms
2025/08/05 08:55:44 Run 4 complete
2025/08/05 08:55:44 StationSystem update...
2025/08/05 08:55:44 weather update count: 700
2025/08/05 08:55:44 StationSystem update time: 3.112µs
2025/08/05 08:55:44 SatelliteSystem update...
2025/08/05 08:55:44 satellite count: 700
2025/08/05 08:55:44 SatelliteSystem update time: 3.827475ms
2025/08/05 08:55:44 TopoSystem update...
2025/08/05 08:55:44 TopoSystem: Link count: 490000
2025/08/05 08:55:44 TopoSystem update time: 24.51423ms
2025/08/05 08:55:44 AttenuationSystem update...
2025/08/05 08:55:44 AttenuationSystem parallel flag: 0
2025/08/05 08:55:44 Attenuation computed count: 490000
2025/08/05 08:55:44 AttenuationSystem update time: 544.381917ms
2025/08/05 08:55:44 Run 5 complete
2025/08/05 08:55:44 StationSystem update...
2025/08/05 08:55:44 weather update count: 700
2025/08/05 08:55:44 StationSystem update time: 2.733µs
2025/08/05 08:55:44 SatelliteSystem update...
2025/08/05 08:55:44 satellite count: 700
2025/08/05 08:55:44 SatelliteSystem update time: 2.654884ms
2025/08/05 08:55:44 TopoSystem update...
2025/08/05 08:55:44 TopoSystem: Link count: 490000
2025/08/05 08:55:44 TopoSystem update time: 8.88421ms
2025/08/05 08:55:44 AttenuationSystem update...
2025/08/05 08:55:44 AttenuationSystem parallel flag: 0
2025/08/05 08:55:45 Attenuation computed count: 490000
2025/08/05 08:55:45 AttenuationSystem update time: 579.406027ms
2025/08/05 08:55:45 Run 6 complete
2025/08/05 08:55:45 StationSystem update...
2025/08/05 08:55:45 weather update count: 700
2025/08/05 08:55:45 StationSystem update time: 3.323µs
2025/08/05 08:55:45 SatelliteSystem update...
2025/08/05 08:55:45 satellite count: 700
2025/08/05 08:55:45 SatelliteSystem update time: 2.652968ms
2025/08/05 08:55:45 TopoSystem update...
2025/08/05 08:55:45 TopoSystem: Link count: 490000
2025/08/05 08:55:45 TopoSystem update time: 11.057086ms
2025/08/05 08:55:45 AttenuationSystem update...
2025/08/05 08:55:45 AttenuationSystem parallel flag: 0
2025/08/05 08:55:45 Attenuation computed count: 490000
2025/08/05 08:55:45 AttenuationSystem update time: 582.905068ms
2025/08/05 08:55:45 Run 7 complete
2025/08/05 08:55:45 StationSystem update...
2025/08/05 08:55:45 weather update count: 700
2025/08/05 08:55:45 StationSystem update time: 9.426µs
2025/08/05 08:55:45 SatelliteSystem update...
2025/08/05 08:55:45 satellite count: 700
2025/08/05 08:55:45 SatelliteSystem update time: 3.977636ms
2025/08/05 08:55:45 TopoSystem update...
2025/08/05 08:55:45 TopoSystem: Link count: 490000
2025/08/05 08:55:45 TopoSystem update time: 8.205424ms
2025/08/05 08:55:45 AttenuationSystem update...
2025/08/05 08:55:45 AttenuationSystem parallel flag: 0
2025/08/05 08:55:46 Attenuation computed count: 490000
2025/08/05 08:55:46 AttenuationSystem update time: 537.761275ms
2025/08/05 08:55:46 Run 8 complete
2025/08/05 08:55:46 StationSystem update...
2025/08/05 08:55:46 weather update count: 700
2025/08/05 08:55:46 StationSystem update time: 3.442µs
2025/08/05 08:55:46 SatelliteSystem update...
2025/08/05 08:55:46 satellite count: 700
2025/08/05 08:55:46 SatelliteSystem update time: 2.892957ms
2025/08/05 08:55:46 TopoSystem update...
2025/08/05 08:55:46 TopoSystem: Link count: 490000
2025/08/05 08:55:46 TopoSystem update time: 11.210997ms
2025/08/05 08:55:46 AttenuationSystem update...
2025/08/05 08:55:46 AttenuationSystem parallel flag: 0
2025/08/05 08:55:46 Attenuation computed count: 490000
2025/08/05 08:55:46 AttenuationSystem update time: 593.696036ms
2025/08/05 08:55:46 Run 9 complete
2025/08/05 08:55:46 StationSystem update...
2025/08/05 08:55:46 weather update count: 700
2025/08/05 08:55:46 StationSystem update time: 3.072µs
2025/08/05 08:55:46 SatelliteSystem update...
2025/08/05 08:55:46 satellite count: 700
2025/08/05 08:55:46 SatelliteSystem update time: 2.669309ms
2025/08/05 08:55:46 TopoSystem update...
2025/08/05 08:55:46 TopoSystem: Link count: 490000
2025/08/05 08:55:46 TopoSystem update time: 7.545891ms
2025/08/05 08:55:46 AttenuationSystem update...
2025/08/05 08:55:46 AttenuationSystem parallel flag: 0
2025/08/05 08:55:47 Attenuation computed count: 490000
2025/08/05 08:55:47 AttenuationSystem update time: 506.896557ms
2025/08/05 08:55:47 Run 10 complete
2025/08/05 08:55:47 Total update time:  5.593259422s
2025/08/05 08:55:47 linkCache size: 40

 Performance counter stats for './scale_ecs 700 700 10 8 2 0':

        10,706,887      cache-references                                                      
         2,033,949      cache-misses                     #   19.00% of all cache refs         

       5.597775844 seconds time elapsed

      10.512269000 seconds user
       0.054006000 seconds sys


