ECS running with 800 stations, 1200 satellites, 8 numWGs and 8 numBlocks for 10 rounds in 1 parallel pattern
2025/08/05 10:04:02 StationSystem update...
2025/08/05 10:04:02 weather update count: 800
2025/08/05 10:04:02 SatelliteSystem update...
2025/08/05 10:04:02 StationSystem update time: 5.373µs
2025/08/05 10:04:02 satellite count: 1200
2025/08/05 10:04:02 SatelliteSystem update time: 4.544792ms
2025/08/05 10:04:02 TopoSystem update...
2025/08/05 10:04:02 TopoSystem: Link count: 960000
2025/08/05 10:04:02 TopoSystem update time: 29.400925ms
2025/08/05 10:04:02 AttenuationSystem update...
2025/08/05 10:04:02 AttenuationSystem parallel flag: 1
2025/08/05 10:04:02 Attenuation computed count: 960000
2025/08/05 10:04:02 AttenuationSystem update time: 316.86256ms
2025/08/05 10:04:02 Run 1 complete
2025/08/05 10:04:02 StationSystem update...
2025/08/05 10:04:02 weather update count: 800
2025/08/05 10:04:02 StationSystem update time: 3.375µs
2025/08/05 10:04:02 SatelliteSystem update...
2025/08/05 10:04:02 satellite count: 1200
2025/08/05 10:04:02 SatelliteSystem update time: 4.539059ms
2025/08/05 10:04:02 TopoSystem update...
2025/08/05 10:04:02 TopoSystem: Link count: 960000
2025/08/05 10:04:02 TopoSystem update time: 27.434564ms
2025/08/05 10:04:02 AttenuationSystem update...
2025/08/05 10:04:02 AttenuationSystem parallel flag: 1
2025/08/05 10:04:03 Attenuation computed count: 960000
2025/08/05 10:04:03 AttenuationSystem update time: 275.497128ms
2025/08/05 10:04:03 Run 2 complete
2025/08/05 10:04:03 StationSystem update...
2025/08/05 10:04:03 weather update count: 800
2025/08/05 10:04:03 StationSystem update time: 4.518µs
2025/08/05 10:04:03 SatelliteSystem update...
2025/08/05 10:04:03 satellite count: 1200
2025/08/05 10:04:03 SatelliteSystem update time: 4.548585ms
2025/08/05 10:04:03 TopoSystem update...
2025/08/05 10:04:03 TopoSystem: Link count: 960000
2025/08/05 10:04:03 TopoSystem update time: 18.992435ms
2025/08/05 10:04:03 AttenuationSystem update...
2025/08/05 10:04:03 AttenuationSystem parallel flag: 1
2025/08/05 10:04:03 Attenuation computed count: 960000
2025/08/05 10:04:03 AttenuationSystem update time: 311.061752ms
2025/08/05 10:04:03 Run 3 complete
2025/08/05 10:04:03 StationSystem update...
2025/08/05 10:04:03 weather update count: 800
2025/08/05 10:04:03 StationSystem update time: 3.425µs
2025/08/05 10:04:03 SatelliteSystem update...
2025/08/05 10:04:03 satellite count: 1200
2025/08/05 10:04:03 SatelliteSystem update time: 4.550519ms
2025/08/05 10:04:03 TopoSystem update...
2025/08/05 10:04:03 TopoSystem: Link count: 960000
2025/08/05 10:04:03 TopoSystem update time: 14.139492ms
2025/08/05 10:04:03 AttenuationSystem update...
2025/08/05 10:04:03 AttenuationSystem parallel flag: 1
2025/08/05 10:04:03 Attenuation computed count: 960000
2025/08/05 10:04:03 AttenuationSystem update time: 282.640215ms
2025/08/05 10:04:03 Run 4 complete
2025/08/05 10:04:03 StationSystem update...
2025/08/05 10:04:03 weather update count: 800
2025/08/05 10:04:03 StationSystem update time: 3.909µs
2025/08/05 10:04:03 SatelliteSystem update...
2025/08/05 10:04:03 satellite count: 1200
2025/08/05 10:04:03 SatelliteSystem update time: 4.554851ms
2025/08/05 10:04:03 TopoSystem update...
2025/08/05 10:04:03 TopoSystem: Link count: 960000
2025/08/05 10:04:03 TopoSystem update time: 13.993715ms
2025/08/05 10:04:03 AttenuationSystem update...
2025/08/05 10:04:03 AttenuationSystem parallel flag: 1
2025/08/05 10:04:04 Attenuation computed count: 960000
2025/08/05 10:04:04 AttenuationSystem update time: 287.253656ms
2025/08/05 10:04:04 Run 5 complete
2025/08/05 10:04:04 StationSystem update...
2025/08/05 10:04:04 weather update count: 800
2025/08/05 10:04:04 StationSystem update time: 3.133µs
2025/08/05 10:04:04 SatelliteSystem update...
2025/08/05 10:04:04 satellite count: 1200
2025/08/05 10:04:04 SatelliteSystem update time: 4.551136ms
2025/08/05 10:04:04 TopoSystem update...
2025/08/05 10:04:04 TopoSystem: Link count: 960000
2025/08/05 10:04:04 TopoSystem update time: 13.594514ms
2025/08/05 10:04:04 AttenuationSystem update...
2025/08/05 10:04:04 AttenuationSystem parallel flag: 1
2025/08/05 10:04:04 Attenuation computed count: 960000
2025/08/05 10:04:04 AttenuationSystem update time: 284.307913ms
2025/08/05 10:04:04 Run 6 complete
2025/08/05 10:04:04 StationSystem update...
2025/08/05 10:04:04 weather update count: 800
2025/08/05 10:04:04 StationSystem update time: 3.583µs
2025/08/05 10:04:04 SatelliteSystem update...
2025/08/05 10:04:04 satellite count: 1200
2025/08/05 10:04:04 SatelliteSystem update time: 4.540311ms
2025/08/05 10:04:04 TopoSystem update...
2025/08/05 10:04:04 TopoSystem: Link count: 960000
2025/08/05 10:04:04 TopoSystem update time: 14.24041ms
2025/08/05 10:04:04 AttenuationSystem update...
2025/08/05 10:04:04 AttenuationSystem parallel flag: 1
2025/08/05 10:04:04 Attenuation computed count: 960000
2025/08/05 10:04:04 AttenuationSystem update time: 315.290696ms
2025/08/05 10:04:04 Run 7 complete
2025/08/05 10:04:04 StationSystem update...
2025/08/05 10:04:04 weather update count: 800
2025/08/05 10:04:04 StationSystem update time: 3.87µs
2025/08/05 10:04:04 SatelliteSystem update...
2025/08/05 10:04:04 satellite count: 1200
2025/08/05 10:04:04 SatelliteSystem update time: 4.560042ms
2025/08/05 10:04:04 TopoSystem update...
2025/08/05 10:04:04 TopoSystem: Link count: 960000
2025/08/05 10:04:04 TopoSystem update time: 13.746682ms
2025/08/05 10:04:04 AttenuationSystem update...
2025/08/05 10:04:04 AttenuationSystem parallel flag: 1
2025/08/05 10:04:05 Attenuation computed count: 960000
2025/08/05 10:04:05 AttenuationSystem update time: 322.3485ms
2025/08/05 10:04:05 Run 8 complete
2025/08/05 10:04:05 StationSystem update...
2025/08/05 10:04:05 weather update count: 800
2025/08/05 10:04:05 StationSystem update time: 3.241µs
2025/08/05 10:04:05 SatelliteSystem update...
2025/08/05 10:04:05 satellite count: 1200
2025/08/05 10:04:05 SatelliteSystem update time: 4.565336ms
2025/08/05 10:04:05 TopoSystem update...
2025/08/05 10:04:05 TopoSystem: Link count: 960000
2025/08/05 10:04:05 TopoSystem update time: 14.545736ms
2025/08/05 10:04:05 AttenuationSystem update...
2025/08/05 10:04:05 AttenuationSystem parallel flag: 1
2025/08/05 10:04:05 Attenuation computed count: 960000
2025/08/05 10:04:05 AttenuationSystem update time: 303.807957ms
2025/08/05 10:04:05 Run 9 complete
2025/08/05 10:04:05 StationSystem update...
2025/08/05 10:04:05 weather update count: 800
2025/08/05 10:04:05 StationSystem update time: 3.417µs
2025/08/05 10:04:05 SatelliteSystem update...
2025/08/05 10:04:05 satellite count: 1200
2025/08/05 10:04:05 SatelliteSystem update time: 4.559519ms
2025/08/05 10:04:05 TopoSystem update...
2025/08/05 10:04:05 TopoSystem: Link count: 960000
2025/08/05 10:04:05 TopoSystem update time: 14.764746ms
2025/08/05 10:04:05 AttenuationSystem update...
2025/08/05 10:04:05 AttenuationSystem parallel flag: 1
2025/08/05 10:04:05 Attenuation computed count: 960000
2025/08/05 10:04:05 AttenuationSystem update time: 288.61108ms
2025/08/05 10:04:05 Run 10 complete
2025/08/05 10:04:05 Total update time:  3.214535461s
2025/08/05 10:04:05 linkCache size: 40

 Performance counter stats for './scale_ecs 800 1200 10 8 8 1':

        20,585,185      cache-references                                                      
         4,030,249      cache-misses                     #   19.58% of all cache refs         

       3.222597955 seconds time elapsed

      19.740101000 seconds user
       0.072952000 seconds sys


