ECS running with 800 stations, 1200 satellites, 8 numWGs and 2 numBlocks for 10 rounds in 1 parallel pattern
2025/08/05 10:03:39 StationSystem update...
2025/08/05 10:03:39 weather update count: 800
2025/08/05 10:03:39 StationSystem update time: 4.754µs
2025/08/05 10:03:39 SatelliteSystem update...
2025/08/05 10:03:39 satellite count: 1200
2025/08/05 10:03:39 SatelliteSystem update time: 4.541585ms
2025/08/05 10:03:39 TopoSystem update...
2025/08/05 10:03:39 TopoSystem: Link count: 960000
2025/08/05 10:03:39 TopoSystem update time: 23.757225ms
2025/08/05 10:03:39 AttenuationSystem update...
2025/08/05 10:03:39 AttenuationSystem parallel flag: 1
2025/08/05 10:03:39 Attenuation computed count: 960000
2025/08/05 10:03:39 AttenuationSystem update time: 276.076931ms
2025/08/05 10:03:39 Run 1 complete
2025/08/05 10:03:39 StationSystem update...
2025/08/05 10:03:39 weather update count: 800
2025/08/05 10:03:39 StationSystem update time: 3.627µs
2025/08/05 10:03:39 SatelliteSystem update...
2025/08/05 10:03:39 satellite count: 1200
2025/08/05 10:03:39 SatelliteSystem update time: 4.541097ms
2025/08/05 10:03:39 TopoSystem update...
2025/08/05 10:03:39 TopoSystem: Link count: 960000
2025/08/05 10:03:39 TopoSystem update time: 17.404974ms
2025/08/05 10:03:39 AttenuationSystem update...
2025/08/05 10:03:39 AttenuationSystem parallel flag: 1
2025/08/05 10:03:39 Attenuation computed count: 960000
2025/08/05 10:03:39 AttenuationSystem update time: 284.310381ms
2025/08/05 10:03:39 Run 2 complete
2025/08/05 10:03:39 StationSystem update...
2025/08/05 10:03:39 weather update count: 800
2025/08/05 10:03:39 StationSystem update time: 3.323µs
2025/08/05 10:03:39 SatelliteSystem update...
2025/08/05 10:03:39 satellite count: 1200
2025/08/05 10:03:39 SatelliteSystem update time: 4.544651ms
2025/08/05 10:03:39 TopoSystem update...
2025/08/05 10:03:39 TopoSystem: Link count: 960000
2025/08/05 10:03:39 TopoSystem update time: 34.394334ms
2025/08/05 10:03:39 AttenuationSystem update...
2025/08/05 10:03:39 AttenuationSystem parallel flag: 1
2025/08/05 10:03:39 Attenuation computed count: 960000
2025/08/05 10:03:39 AttenuationSystem update time: 289.581861ms
2025/08/05 10:03:39 Run 3 complete
2025/08/05 10:03:39 StationSystem update...
2025/08/05 10:03:39 weather update count: 800
2025/08/05 10:03:39 StationSystem update time: 3.16µs
2025/08/05 10:03:39 SatelliteSystem update...
2025/08/05 10:03:39 satellite count: 1200
2025/08/05 10:03:39 SatelliteSystem update time: 4.600632ms
2025/08/05 10:03:39 TopoSystem update...
2025/08/05 10:03:39 TopoSystem: Link count: 960000
2025/08/05 10:03:39 TopoSystem update time: 13.391713ms
2025/08/05 10:03:39 AttenuationSystem update...
2025/08/05 10:03:39 AttenuationSystem parallel flag: 1
2025/08/05 10:03:40 Attenuation computed count: 960000
2025/08/05 10:03:40 AttenuationSystem update time: 283.783955ms
2025/08/05 10:03:40 Run 4 complete
2025/08/05 10:03:40 StationSystem update...
2025/08/05 10:03:40 weather update count: 800
2025/08/05 10:03:40 StationSystem update time: 4.275µs
2025/08/05 10:03:40 SatelliteSystem update...
2025/08/05 10:03:40 satellite count: 1200
2025/08/05 10:03:40 SatelliteSystem update time: 4.554995ms
2025/08/05 10:03:40 TopoSystem update...
2025/08/05 10:03:40 TopoSystem: Link count: 960000
2025/08/05 10:03:40 TopoSystem update time: 11.604907ms
2025/08/05 10:03:40 AttenuationSystem update...
2025/08/05 10:03:40 AttenuationSystem parallel flag: 1
2025/08/05 10:03:40 Attenuation computed count: 960000
2025/08/05 10:03:40 AttenuationSystem update time: 308.5548ms
2025/08/05 10:03:40 Run 5 complete
2025/08/05 10:03:40 StationSystem update...
2025/08/05 10:03:40 weather update count: 800
2025/08/05 10:03:40 StationSystem update time: 3.367µs
2025/08/05 10:03:40 SatelliteSystem update...
2025/08/05 10:03:40 satellite count: 1200
2025/08/05 10:03:40 SatelliteSystem update time: 4.552983ms
2025/08/05 10:03:40 TopoSystem update...
2025/08/05 10:03:40 TopoSystem: Link count: 960000
2025/08/05 10:03:40 TopoSystem update time: 14.963319ms
2025/08/05 10:03:40 AttenuationSystem update...
2025/08/05 10:03:40 AttenuationSystem parallel flag: 1
2025/08/05 10:03:40 Attenuation computed count: 960000
2025/08/05 10:03:40 AttenuationSystem update time: 312.143396ms
2025/08/05 10:03:40 Run 6 complete
2025/08/05 10:03:40 StationSystem update...
2025/08/05 10:03:40 weather update count: 800
2025/08/05 10:03:40 StationSystem update time: 3.155µs
2025/08/05 10:03:40 SatelliteSystem update...
2025/08/05 10:03:40 satellite count: 1200
2025/08/05 10:03:40 SatelliteSystem update time: 3.425857ms
2025/08/05 10:03:40 TopoSystem update...
2025/08/05 10:03:40 TopoSystem: Link count: 960000
2025/08/05 10:03:40 TopoSystem update time: 13.643195ms
2025/08/05 10:03:40 AttenuationSystem update...
2025/08/05 10:03:40 AttenuationSystem parallel flag: 1
2025/08/05 10:03:41 Attenuation computed count: 960000
2025/08/05 10:03:41 AttenuationSystem update time: 278.002183ms
2025/08/05 10:03:41 Run 7 complete
2025/08/05 10:03:41 StationSystem update...
2025/08/05 10:03:41 weather update count: 800
2025/08/05 10:03:41 StationSystem update time: 3.16µs
2025/08/05 10:03:41 SatelliteSystem update...
2025/08/05 10:03:41 satellite count: 1200
2025/08/05 10:03:41 SatelliteSystem update time: 4.554716ms
2025/08/05 10:03:41 TopoSystem update...
2025/08/05 10:03:41 TopoSystem: Link count: 960000
2025/08/05 10:03:41 TopoSystem update time: 14.263322ms
2025/08/05 10:03:41 AttenuationSystem update...
2025/08/05 10:03:41 AttenuationSystem parallel flag: 1
2025/08/05 10:03:41 Attenuation computed count: 960000
2025/08/05 10:03:41 AttenuationSystem update time: 274.088884ms
2025/08/05 10:03:41 Run 8 complete
2025/08/05 10:03:41 StationSystem update...
2025/08/05 10:03:41 weather update count: 800
2025/08/05 10:03:41 StationSystem update time: 3.457µs
2025/08/05 10:03:41 SatelliteSystem update...
2025/08/05 10:03:41 satellite count: 1200
2025/08/05 10:03:41 SatelliteSystem update time: 4.611371ms
2025/08/05 10:03:41 TopoSystem update...
2025/08/05 10:03:41 TopoSystem: Link count: 960000
2025/08/05 10:03:41 TopoSystem update time: 34.338384ms
2025/08/05 10:03:41 AttenuationSystem update...
2025/08/05 10:03:41 AttenuationSystem parallel flag: 1
2025/08/05 10:03:41 Attenuation computed count: 960000
2025/08/05 10:03:41 AttenuationSystem update time: 289.619138ms
2025/08/05 10:03:41 Run 9 complete
2025/08/05 10:03:41 StationSystem update...
2025/08/05 10:03:41 weather update count: 800
2025/08/05 10:03:41 StationSystem update time: 3.189µs
2025/08/05 10:03:41 SatelliteSystem update...
2025/08/05 10:03:41 satellite count: 1200
2025/08/05 10:03:41 SatelliteSystem update time: 4.589216ms
2025/08/05 10:03:41 TopoSystem update...
2025/08/05 10:03:41 TopoSystem: Link count: 960000
2025/08/05 10:03:41 TopoSystem update time: 34.305882ms
2025/08/05 10:03:41 AttenuationSystem update...
2025/08/05 10:03:41 AttenuationSystem parallel flag: 1
2025/08/05 10:03:42 Attenuation computed count: 960000
2025/08/05 10:03:42 AttenuationSystem update time: 289.430354ms
2025/08/05 10:03:42 Run 10 complete
2025/08/05 10:03:42 Total update time:  3.148797026s
2025/08/05 10:03:42 linkCache size: 40

 Performance counter stats for './scale_ecs 800 1200 10 8 2 1':

        20,782,195      cache-references                                                      
         3,831,945      cache-misses                     #   18.44% of all cache refs         

       3.155132154 seconds time elapsed

      19.014241000 seconds user
       0.080983000 seconds sys


