ECS running with 700 stations, 500 satellites, 8 numWGs and 8 numBlocks for 10 rounds in 1 parallel pattern
2025/08/05 08:53:15 StationSystem update...
2025/08/05 08:53:15 weather update count: 700
2025/08/05 08:53:15 StationSystem update time: 4.285µs
2025/08/05 08:53:15 SatelliteSystem update...
2025/08/05 08:53:15 satellite count: 500
2025/08/05 08:53:15 SatelliteSystem update time: 1.919648ms
2025/08/05 08:53:15 TopoSystem update...
2025/08/05 08:53:15 TopoSystem: Link count: 350000
2025/08/05 08:53:15 TopoSystem update time: 12.89777ms
2025/08/05 08:53:15 AttenuationSystem update...
2025/08/05 08:53:15 AttenuationSystem parallel flag: 1
2025/08/05 08:53:15 Attenuation computed count: 350000
2025/08/05 08:53:15 AttenuationSystem update time: 103.797097ms
2025/08/05 08:53:15 Run 1 complete
2025/08/05 08:53:15 StationSystem update...
2025/08/05 08:53:15 weather update count: 700
2025/08/05 08:53:15 StationSystem update time: 3.71µs
2025/08/05 08:53:15 SatelliteSystem update...
2025/08/05 08:53:15 satellite count: 500
2025/08/05 08:53:15 SatelliteSystem update time: 1.914509ms
2025/08/05 08:53:15 TopoSystem update...
2025/08/05 08:53:15 TopoSystem: Link count: 350000
2025/08/05 08:53:15 TopoSystem update time: 10.207336ms
2025/08/05 08:53:15 AttenuationSystem update...
2025/08/05 08:53:15 AttenuationSystem parallel flag: 1
2025/08/05 08:53:15 Attenuation computed count: 350000
2025/08/05 08:53:15 AttenuationSystem update time: 122.910882ms
2025/08/05 08:53:15 Run 2 complete
2025/08/05 08:53:15 StationSystem update...
2025/08/05 08:53:15 weather update count: 700
2025/08/05 08:53:15 StationSystem update time: 2.883µs
2025/08/05 08:53:15 SatelliteSystem update...
2025/08/05 08:53:15 satellite count: 500
2025/08/05 08:53:15 SatelliteSystem update time: 1.914817ms
2025/08/05 08:53:15 TopoSystem update...
2025/08/05 08:53:15 TopoSystem: Link count: 350000
2025/08/05 08:53:15 TopoSystem update time: 6.45394ms
2025/08/05 08:53:15 AttenuationSystem update...
2025/08/05 08:53:15 AttenuationSystem parallel flag: 1
2025/08/05 08:53:15 Attenuation computed count: 350000
2025/08/05 08:53:15 AttenuationSystem update time: 139.894827ms
2025/08/05 08:53:15 Run 3 complete
2025/08/05 08:53:15 StationSystem update...
2025/08/05 08:53:15 weather update count: 700
2025/08/05 08:53:15 StationSystem update time: 2.976µs
2025/08/05 08:53:15 SatelliteSystem update...
2025/08/05 08:53:15 satellite count: 500
2025/08/05 08:53:15 SatelliteSystem update time: 1.910456ms
2025/08/05 08:53:15 TopoSystem update...
2025/08/05 08:53:15 TopoSystem: Link count: 350000
2025/08/05 08:53:15 TopoSystem update time: 5.472133ms
2025/08/05 08:53:15 AttenuationSystem update...
2025/08/05 08:53:15 AttenuationSystem parallel flag: 1
2025/08/05 08:53:15 Attenuation computed count: 350000
2025/08/05 08:53:15 AttenuationSystem update time: 189.045646ms
2025/08/05 08:53:15 Run 4 complete
2025/08/05 08:53:15 StationSystem update...
2025/08/05 08:53:15 weather update count: 700
2025/08/05 08:53:15 StationSystem update time: 3.13µs
2025/08/05 08:53:15 SatelliteSystem update...
2025/08/05 08:53:15 satellite count: 500
2025/08/05 08:53:15 SatelliteSystem update time: 2.017578ms
2025/08/05 08:53:15 TopoSystem update...
2025/08/05 08:53:15 TopoSystem: Link count: 350000
2025/08/05 08:53:15 TopoSystem update time: 5.737118ms
2025/08/05 08:53:15 AttenuationSystem update...
2025/08/05 08:53:15 AttenuationSystem parallel flag: 1
2025/08/05 08:53:15 Attenuation computed count: 350000
2025/08/05 08:53:15 AttenuationSystem update time: 156.763477ms
2025/08/05 08:53:15 Run 5 complete
2025/08/05 08:53:15 StationSystem update...
2025/08/05 08:53:15 weather update count: 700
2025/08/05 08:53:15 StationSystem update time: 4.133µs
2025/08/05 08:53:15 SatelliteSystem update...
2025/08/05 08:53:15 satellite count: 500
2025/08/05 08:53:15 SatelliteSystem update time: 1.967483ms
2025/08/05 08:53:15 TopoSystem update...
2025/08/05 08:53:15 TopoSystem: Link count: 350000
2025/08/05 08:53:15 TopoSystem update time: 5.547523ms
2025/08/05 08:53:15 AttenuationSystem update...
2025/08/05 08:53:15 AttenuationSystem parallel flag: 1
2025/08/05 08:53:16 Attenuation computed count: 350000
2025/08/05 08:53:16 AttenuationSystem update time: 182.034393ms
2025/08/05 08:53:16 Run 6 complete
2025/08/05 08:53:16 StationSystem update...
2025/08/05 08:53:16 weather update count: 700
2025/08/05 08:53:16 StationSystem update time: 3.378µs
2025/08/05 08:53:16 SatelliteSystem update...
2025/08/05 08:53:16 satellite count: 500
2025/08/05 08:53:16 SatelliteSystem update time: 2.016948ms
2025/08/05 08:53:16 TopoSystem update...
2025/08/05 08:53:16 TopoSystem: Link count: 350000
2025/08/05 08:53:16 TopoSystem update time: 5.808122ms
2025/08/05 08:53:16 AttenuationSystem update...
2025/08/05 08:53:16 AttenuationSystem parallel flag: 1
2025/08/05 08:53:16 Attenuation computed count: 350000
2025/08/05 08:53:16 AttenuationSystem update time: 142.740469ms
2025/08/05 08:53:16 Run 7 complete
2025/08/05 08:53:16 StationSystem update...
2025/08/05 08:53:16 weather update count: 700
2025/08/05 08:53:16 StationSystem update time: 2.943µs
2025/08/05 08:53:16 SatelliteSystem update...
2025/08/05 08:53:16 satellite count: 500
2025/08/05 08:53:16 SatelliteSystem update time: 1.925461ms
2025/08/05 08:53:16 TopoSystem update...
2025/08/05 08:53:16 TopoSystem: Link count: 350000
2025/08/05 08:53:16 TopoSystem update time: 5.368231ms
2025/08/05 08:53:16 AttenuationSystem update...
2025/08/05 08:53:16 AttenuationSystem parallel flag: 1
2025/08/05 08:53:16 Attenuation computed count: 350000
2025/08/05 08:53:16 AttenuationSystem update time: 135.306913ms
2025/08/05 08:53:16 Run 8 complete
2025/08/05 08:53:16 StationSystem update...
2025/08/05 08:53:16 weather update count: 700
2025/08/05 08:53:16 StationSystem update time: 3.252µs
2025/08/05 08:53:16 SatelliteSystem update...
2025/08/05 08:53:16 satellite count: 500
2025/08/05 08:53:16 SatelliteSystem update time: 1.959934ms
2025/08/05 08:53:16 TopoSystem update...
2025/08/05 08:53:16 TopoSystem: Link count: 350000
2025/08/05 08:53:16 TopoSystem update time: 5.476291ms
2025/08/05 08:53:16 AttenuationSystem update...
2025/08/05 08:53:16 AttenuationSystem parallel flag: 1
2025/08/05 08:53:16 Attenuation computed count: 350000
2025/08/05 08:53:16 AttenuationSystem update time: 166.795494ms
2025/08/05 08:53:16 Run 9 complete
2025/08/05 08:53:16 StationSystem update...
2025/08/05 08:53:16 weather update count: 700
2025/08/05 08:53:16 StationSystem update time: 2.693µs
2025/08/05 08:53:16 SatelliteSystem update...
2025/08/05 08:53:16 satellite count: 500
2025/08/05 08:53:16 SatelliteSystem update time: 1.899824ms
2025/08/05 08:53:16 TopoSystem update...
2025/08/05 08:53:16 TopoSystem: Link count: 350000
2025/08/05 08:53:16 TopoSystem update time: 5.399017ms
2025/08/05 08:53:16 AttenuationSystem update...
2025/08/05 08:53:16 AttenuationSystem parallel flag: 1
2025/08/05 08:53:16 Attenuation computed count: 350000
2025/08/05 08:53:16 AttenuationSystem update time: 152.57135ms
2025/08/05 08:53:16 Run 10 complete
2025/08/05 08:53:16 Total update time:  1.582128105s
2025/08/05 08:53:16 linkCache size: 40

 Performance counter stats for './scale_ecs 700 500 10 8 8 1':

         7,402,046      cache-references                                                      
         1,060,396      cache-misses                     #   14.33% of all cache refs         

       1.587349155 seconds time elapsed

       8.959286000 seconds user
       0.059001000 seconds sys


