ECS running with 800 stations, 1200 satellites, 4 numWGs and 2 numBlocks for 10 rounds in 0 parallel pattern
2025/08/05 10:03:07 StationSystem update...
2025/08/05 10:03:07 weather update count: 800
2025/08/05 10:03:07 StationSystem update time: 5.065µs
2025/08/05 10:03:07 SatelliteSystem update...
2025/08/05 10:03:07 satellite count: 1200
2025/08/05 10:03:07 SatelliteSystem update time: 4.540473ms
2025/08/05 10:03:07 TopoSystem update...
2025/08/05 10:03:07 TopoSystem: Link count: 960000
2025/08/05 10:03:07 TopoSystem update time: 29.280134ms
2025/08/05 10:03:07 AttenuationSystem update...
2025/08/05 10:03:07 AttenuationSystem parallel flag: 0
2025/08/05 10:03:08 Attenuation computed count: 960000
2025/08/05 10:03:08 AttenuationSystem update time: 1.105508786s
2025/08/05 10:03:08 Run 1 complete
2025/08/05 10:03:08 StationSystem update...
2025/08/05 10:03:08 weather update count: 800
2025/08/05 10:03:08 StationSystem update time: 3.526µs
2025/08/05 10:03:08 SatelliteSystem update...
2025/08/05 10:03:08 satellite count: 1200
2025/08/05 10:03:08 SatelliteSystem update time: 4.602546ms
2025/08/05 10:03:08 TopoSystem update...
2025/08/05 10:03:08 TopoSystem: Link count: 960000
2025/08/05 10:03:08 TopoSystem update time: 22.492513ms
2025/08/05 10:03:08 AttenuationSystem update...
2025/08/05 10:03:08 AttenuationSystem parallel flag: 0
2025/08/05 10:03:09 Attenuation computed count: 960000
2025/08/05 10:03:09 AttenuationSystem update time: 957.374918ms
2025/08/05 10:03:09 Run 2 complete
2025/08/05 10:03:09 StationSystem update...
2025/08/05 10:03:09 weather update count: 800
2025/08/05 10:03:09 StationSystem update time: 2.803µs
2025/08/05 10:03:09 SatelliteSystem update...
2025/08/05 10:03:09 satellite count: 1200
2025/08/05 10:03:09 SatelliteSystem update time: 3.383334ms
2025/08/05 10:03:09 TopoSystem update...
2025/08/05 10:03:09 TopoSystem: Link count: 960000
2025/08/05 10:03:09 TopoSystem update time: 15.98414ms
2025/08/05 10:03:09 AttenuationSystem update...
2025/08/05 10:03:09 AttenuationSystem parallel flag: 0
2025/08/05 10:03:10 Attenuation computed count: 960000
2025/08/05 10:03:10 AttenuationSystem update time: 889.710507ms
2025/08/05 10:03:10 Run 3 complete
2025/08/05 10:03:10 StationSystem update...
2025/08/05 10:03:10 weather update count: 800
2025/08/05 10:03:10 StationSystem update time: 2.746µs
2025/08/05 10:03:10 SatelliteSystem update...
2025/08/05 10:03:10 satellite count: 1200
2025/08/05 10:03:10 SatelliteSystem update time: 3.589047ms
2025/08/05 10:03:10 TopoSystem update...
2025/08/05 10:03:10 TopoSystem: Link count: 960000
2025/08/05 10:03:10 TopoSystem update time: 11.337561ms
2025/08/05 10:03:10 AttenuationSystem update...
2025/08/05 10:03:10 AttenuationSystem parallel flag: 0
2025/08/05 10:03:11 Attenuation computed count: 960000
2025/08/05 10:03:11 AttenuationSystem update time: 855.4304ms
2025/08/05 10:03:11 Run 4 complete
2025/08/05 10:03:11 StationSystem update...
2025/08/05 10:03:11 weather update count: 800
2025/08/05 10:03:11 StationSystem update time: 2.961µs
2025/08/05 10:03:11 SatelliteSystem update...
2025/08/05 10:03:11 satellite count: 1200
2025/08/05 10:03:11 SatelliteSystem update time: 3.377153ms
2025/08/05 10:03:11 TopoSystem update...
2025/08/05 10:03:11 TopoSystem: Link count: 960000
2025/08/05 10:03:11 TopoSystem update time: 34.67187ms
2025/08/05 10:03:11 AttenuationSystem update...
2025/08/05 10:03:11 AttenuationSystem parallel flag: 0
2025/08/05 10:03:12 Attenuation computed count: 960000
2025/08/05 10:03:12 AttenuationSystem update time: 952.818661ms
2025/08/05 10:03:12 Run 5 complete
2025/08/05 10:03:12 StationSystem update...
2025/08/05 10:03:12 weather update count: 800
2025/08/05 10:03:12 StationSystem update time: 2.798µs
2025/08/05 10:03:12 SatelliteSystem update...
2025/08/05 10:03:12 satellite count: 1200
2025/08/05 10:03:12 SatelliteSystem update time: 4.579102ms
2025/08/05 10:03:12 TopoSystem update...
2025/08/05 10:03:12 TopoSystem: Link count: 960000
2025/08/05 10:03:12 TopoSystem update time: 34.548036ms
2025/08/05 10:03:12 AttenuationSystem update...
2025/08/05 10:03:12 AttenuationSystem parallel flag: 0
2025/08/05 10:03:13 Attenuation computed count: 960000
2025/08/05 10:03:13 AttenuationSystem update time: 1.098817343s
2025/08/05 10:03:13 Run 6 complete
2025/08/05 10:03:13 StationSystem update...
2025/08/05 10:03:13 weather update count: 800
2025/08/05 10:03:13 StationSystem update time: 3.318µs
2025/08/05 10:03:13 SatelliteSystem update...
2025/08/05 10:03:13 satellite count: 1200
2025/08/05 10:03:13 SatelliteSystem update time: 3.393725ms
2025/08/05 10:03:13 TopoSystem update...
2025/08/05 10:03:13 TopoSystem: Link count: 960000
2025/08/05 10:03:13 TopoSystem update time: 11.217127ms
2025/08/05 10:03:13 AttenuationSystem update...
2025/08/05 10:03:13 AttenuationSystem parallel flag: 0
2025/08/05 10:03:14 Attenuation computed count: 960000
2025/08/05 10:03:14 AttenuationSystem update time: 1.127713904s
2025/08/05 10:03:14 Run 7 complete
2025/08/05 10:03:14 SatelliteSystem update...
2025/08/05 10:03:14 StationSystem update...
2025/08/05 10:03:14 weather update count: 800
2025/08/05 10:03:14 StationSystem update time: 3.281µs
2025/08/05 10:03:14 satellite count: 1200
2025/08/05 10:03:14 SatelliteSystem update time: 3.388573ms
2025/08/05 10:03:14 TopoSystem update...
2025/08/05 10:03:14 TopoSystem: Link count: 960000
2025/08/05 10:03:14 TopoSystem update time: 11.901846ms
2025/08/05 10:03:14 AttenuationSystem update...
2025/08/05 10:03:14 AttenuationSystem parallel flag: 0
2025/08/05 10:03:15 Attenuation computed count: 960000
2025/08/05 10:03:15 AttenuationSystem update time: 824.942196ms
2025/08/05 10:03:15 Run 8 complete
2025/08/05 10:03:15 StationSystem update...
2025/08/05 10:03:15 weather update count: 800
2025/08/05 10:03:15 StationSystem update time: 2.399µs
2025/08/05 10:03:15 SatelliteSystem update...
2025/08/05 10:03:15 satellite count: 1200
2025/08/05 10:03:15 SatelliteSystem update time: 3.408882ms
2025/08/05 10:03:15 TopoSystem update...
2025/08/05 10:03:15 TopoSystem: Link count: 960000
2025/08/05 10:03:15 TopoSystem update time: 11.042368ms
2025/08/05 10:03:15 AttenuationSystem update...
2025/08/05 10:03:15 AttenuationSystem parallel flag: 0
2025/08/05 10:03:16 Attenuation computed count: 960000
2025/08/05 10:03:16 AttenuationSystem update time: 1.115528645s
2025/08/05 10:03:16 Run 9 complete
2025/08/05 10:03:16 StationSystem update...
2025/08/05 10:03:16 weather update count: 800
2025/08/05 10:03:16 SatelliteSystem update...
2025/08/05 10:03:16 StationSystem update time: 3.423µs
2025/08/05 10:03:16 satellite count: 1200
2025/08/05 10:03:16 SatelliteSystem update time: 3.390009ms
2025/08/05 10:03:16 TopoSystem update...
2025/08/05 10:03:16 TopoSystem: Link count: 960000
2025/08/05 10:03:16 TopoSystem update time: 34.261701ms
2025/08/05 10:03:16 AttenuationSystem update...
2025/08/05 10:03:16 AttenuationSystem parallel flag: 0
2025/08/05 10:03:17 Attenuation computed count: 960000
2025/08/05 10:03:17 AttenuationSystem update time: 1.128537515s
2025/08/05 10:03:17 Run 10 complete
2025/08/05 10:03:17 Total update time:  10.317812992s
2025/08/05 10:03:17 linkCache size: 40

 Performance counter stats for './scale_ecs 800 1200 10 4 2 0':

        20,524,614      cache-references                                                      
         4,901,326      cache-misses                     #   23.88% of all cache refs         

      10.328575670 seconds time elapsed

      19.344952000 seconds user
       0.076054000 seconds sys


