ECS running with 900 stations, 1900 satellites, 2 numWGs and 2 numBlocks for 10 rounds in 1 parallel pattern
2025/08/05 10:55:34 StationSystem update...
2025/08/05 10:55:34 weather update count: 900
2025/08/05 10:55:34 StationSystem update time: 5.148µs
2025/08/05 10:55:34 SatelliteSystem update...
2025/08/05 10:55:34 satellite count: 1900
2025/08/05 10:55:34 SatelliteSystem update time: 7.176916ms
2025/08/05 10:55:34 TopoSystem update...
2025/08/05 10:55:35 TopoSystem: Link count: 1710000
2025/08/05 10:55:35 TopoSystem update time: 42.362345ms
2025/08/05 10:55:35 AttenuationSystem update...
2025/08/05 10:55:35 AttenuationSystem parallel flag: 1
2025/08/05 10:55:36 Attenuation computed count: 1710000
2025/08/05 10:55:36 AttenuationSystem update time: 1.457865558s
2025/08/05 10:55:36 Run 1 complete
2025/08/05 10:55:36 StationSystem update...
2025/08/05 10:55:36 weather update count: 900
2025/08/05 10:55:36 StationSystem update time: 2.853µs
2025/08/05 10:55:36 SatelliteSystem update...
2025/08/05 10:55:36 satellite count: 1900
2025/08/05 10:55:36 SatelliteSystem update time: 5.350124ms
2025/08/05 10:55:36 TopoSystem update...
2025/08/05 10:55:36 TopoSystem: Link count: 1710000
2025/08/05 10:55:36 TopoSystem update time: 31.283514ms
2025/08/05 10:55:36 AttenuationSystem update...
2025/08/05 10:55:36 AttenuationSystem parallel flag: 1
2025/08/05 10:55:38 Attenuation computed count: 1710000
2025/08/05 10:55:38 AttenuationSystem update time: 1.999674117s
2025/08/05 10:55:38 Run 2 complete
2025/08/05 10:55:38 StationSystem update...
2025/08/05 10:55:38 weather update count: 900
2025/08/05 10:55:38 StationSystem update time: 3.782µs
2025/08/05 10:55:38 SatelliteSystem update...
2025/08/05 10:55:38 satellite count: 1900
2025/08/05 10:55:38 SatelliteSystem update time: 7.176881ms
2025/08/05 10:55:38 TopoSystem update...
2025/08/05 10:55:38 TopoSystem: Link count: 1710000
2025/08/05 10:55:38 TopoSystem update time: 26.969764ms
2025/08/05 10:55:38 AttenuationSystem update...
2025/08/05 10:55:38 AttenuationSystem parallel flag: 1
2025/08/05 10:55:40 Attenuation computed count: 1710000
2025/08/05 10:55:40 AttenuationSystem update time: 1.664713867s
2025/08/05 10:55:40 Run 3 complete
2025/08/05 10:55:40 StationSystem update...
2025/08/05 10:55:40 weather update count: 900
2025/08/05 10:55:40 StationSystem update time: 3.163µs
2025/08/05 10:55:40 SatelliteSystem update...
2025/08/05 10:55:40 satellite count: 1900
2025/08/05 10:55:40 SatelliteSystem update time: 5.386979ms
2025/08/05 10:55:40 TopoSystem update...
2025/08/05 10:55:40 TopoSystem: Link count: 1710000
2025/08/05 10:55:40 TopoSystem update time: 55.397657ms
2025/08/05 10:55:40 AttenuationSystem update...
2025/08/05 10:55:40 AttenuationSystem parallel flag: 1
2025/08/05 10:55:42 Attenuation computed count: 1710000
2025/08/05 10:55:42 AttenuationSystem update time: 1.975570577s
2025/08/05 10:55:42 Run 4 complete
2025/08/05 10:55:42 StationSystem update...
2025/08/05 10:55:42 weather update count: 900
2025/08/05 10:55:42 StationSystem update time: 3.375µs
2025/08/05 10:55:42 SatelliteSystem update...
2025/08/05 10:55:42 satellite count: 1900
2025/08/05 10:55:42 SatelliteSystem update time: 7.177875ms
2025/08/05 10:55:42 TopoSystem update...
2025/08/05 10:55:42 TopoSystem: Link count: 1710000
2025/08/05 10:55:42 TopoSystem update time: 22.972594ms
2025/08/05 10:55:42 AttenuationSystem update...
2025/08/05 10:55:42 AttenuationSystem parallel flag: 1
2025/08/05 10:55:43 Attenuation computed count: 1710000
2025/08/05 10:55:43 AttenuationSystem update time: 1.454612702s
2025/08/05 10:55:43 Run 5 complete
2025/08/05 10:55:43 StationSystem update...
2025/08/05 10:55:43 weather update count: 900
2025/08/05 10:55:43 StationSystem update time: 2.807µs
2025/08/05 10:55:43 SatelliteSystem update...
2025/08/05 10:55:43 satellite count: 1900
2025/08/05 10:55:43 SatelliteSystem update time: 5.327983ms
2025/08/05 10:55:43 TopoSystem update...
2025/08/05 10:55:43 TopoSystem: Link count: 1710000
2025/08/05 10:55:43 TopoSystem update time: 27.294048ms
2025/08/05 10:55:43 AttenuationSystem update...
2025/08/05 10:55:43 AttenuationSystem parallel flag: 1
2025/08/05 10:55:45 Attenuation computed count: 1710000
2025/08/05 10:55:45 AttenuationSystem update time: 1.484381179s
2025/08/05 10:55:45 Run 6 complete
2025/08/05 10:55:45 StationSystem update...
2025/08/05 10:55:45 weather update count: 900
2025/08/05 10:55:45 StationSystem update time: 2.897µs
2025/08/05 10:55:45 SatelliteSystem update...
2025/08/05 10:55:45 satellite count: 1900
2025/08/05 10:55:45 SatelliteSystem update time: 5.333156ms
2025/08/05 10:55:45 TopoSystem update...
2025/08/05 10:55:45 TopoSystem: Link count: 1710000
2025/08/05 10:55:45 TopoSystem update time: 19.985651ms
2025/08/05 10:55:45 AttenuationSystem update...
2025/08/05 10:55:45 AttenuationSystem parallel flag: 1
2025/08/05 10:55:46 Attenuation computed count: 1710000
2025/08/05 10:55:46 AttenuationSystem update time: 1.443716237s
2025/08/05 10:55:46 Run 7 complete
2025/08/05 10:55:46 StationSystem update...
2025/08/05 10:55:46 weather update count: 900
2025/08/05 10:55:46 StationSystem update time: 3.125µs
2025/08/05 10:55:46 SatelliteSystem update...
2025/08/05 10:55:46 satellite count: 1900
2025/08/05 10:55:46 SatelliteSystem update time: 5.331946ms
2025/08/05 10:55:46 TopoSystem update...
2025/08/05 10:55:46 TopoSystem: Link count: 1710000
2025/08/05 10:55:46 TopoSystem update time: 20.452987ms
2025/08/05 10:55:46 AttenuationSystem update...
2025/08/05 10:55:46 AttenuationSystem parallel flag: 1
2025/08/05 10:55:48 Attenuation computed count: 1710000
2025/08/05 10:55:48 AttenuationSystem update time: 1.993203477s
2025/08/05 10:55:48 Run 8 complete
2025/08/05 10:55:48 StationSystem update...
2025/08/05 10:55:48 weather update count: 900
2025/08/05 10:55:48 StationSystem update time: 3.745µs
2025/08/05 10:55:48 SatelliteSystem update...
2025/08/05 10:55:48 satellite count: 1900
2025/08/05 10:55:48 SatelliteSystem update time: 17.912948ms
2025/08/05 10:55:48 TopoSystem update...
2025/08/05 10:55:48 TopoSystem: Link count: 1710000
2025/08/05 10:55:48 TopoSystem update time: 58.617242ms
2025/08/05 10:55:48 AttenuationSystem update...
2025/08/05 10:55:48 AttenuationSystem parallel flag: 1
2025/08/05 10:55:50 Attenuation computed count: 1710000
2025/08/05 10:55:50 AttenuationSystem update time: 1.968236306s
2025/08/05 10:55:50 Run 9 complete
2025/08/05 10:55:50 StationSystem update...
2025/08/05 10:55:50 weather update count: 900
2025/08/05 10:55:50 StationSystem update time: 3.576µs
2025/08/05 10:55:50 SatelliteSystem update...
2025/08/05 10:55:50 satellite count: 1900
2025/08/05 10:55:50 SatelliteSystem update time: 7.286059ms
2025/08/05 10:55:50 TopoSystem update...
2025/08/05 10:55:50 TopoSystem: Link count: 1710000
2025/08/05 10:55:50 TopoSystem update time: 26.48495ms
2025/08/05 10:55:50 AttenuationSystem update...
2025/08/05 10:55:50 AttenuationSystem parallel flag: 1
2025/08/05 10:55:52 Attenuation computed count: 1710000
2025/08/05 10:55:52 AttenuationSystem update time: 1.492341633s
2025/08/05 10:55:52 Run 10 complete
2025/08/05 10:55:52 Total update time:  17.350090424s
2025/08/05 10:55:52 linkCache size: 40

 Performance counter stats for './scale_ecs 900 1900 10 2 2 1':

        35,766,907      cache-references                                                      
         8,794,694      cache-misses                     #   24.59% of all cache refs         

      17.359855017 seconds time elapsed

      33.363729000 seconds user
       0.124051000 seconds sys


