ECS running with 600 stations, 1900 satellites, 2 numWGs and 8 numBlocks for 10 rounds in 0 parallel pattern
2025/08/05 08:48:25 StationSystem update...
2025/08/05 08:48:25 weather update count: 600
2025/08/05 08:48:25 SatelliteSystem update...
2025/08/05 08:48:25 StationSystem update time: 4.896µs
2025/08/05 08:48:25 satellite count: 1900
2025/08/05 08:48:25 SatelliteSystem update time: 7.174752ms
2025/08/05 08:48:25 TopoSystem update...
2025/08/05 08:48:25 TopoSystem: Link count: 1140000
2025/08/05 08:48:25 TopoSystem update time: 34.568391ms
2025/08/05 08:48:25 AttenuationSystem update...
2025/08/05 08:48:25 AttenuationSystem parallel flag: 0
2025/08/05 08:48:25 Attenuation computed count: 1140000
2025/08/05 08:48:25 AttenuationSystem update time: 332.596576ms
2025/08/05 08:48:25 Run 1 complete
2025/08/05 08:48:25 StationSystem update...
2025/08/05 08:48:25 weather update count: 600
2025/08/05 08:48:25 StationSystem update time: 3.056µs
2025/08/05 08:48:25 SatelliteSystem update...
2025/08/05 08:48:25 satellite count: 1900
2025/08/05 08:48:25 SatelliteSystem update time: 7.168422ms
2025/08/05 08:48:25 TopoSystem update...
2025/08/05 08:48:25 TopoSystem: Link count: 1140000
2025/08/05 08:48:25 TopoSystem update time: 32.310428ms
2025/08/05 08:48:25 AttenuationSystem update...
2025/08/05 08:48:25 AttenuationSystem parallel flag: 0
2025/08/05 08:48:26 Attenuation computed count: 1140000
2025/08/05 08:48:26 AttenuationSystem update time: 355.175095ms
2025/08/05 08:48:26 Run 2 complete
2025/08/05 08:48:26 StationSystem update...
2025/08/05 08:48:26 weather update count: 600
2025/08/05 08:48:26 StationSystem update time: 2.973µs
2025/08/05 08:48:26 SatelliteSystem update...
2025/08/05 08:48:26 satellite count: 1900
2025/08/05 08:48:26 SatelliteSystem update time: 7.16916ms
2025/08/05 08:48:26 TopoSystem update...
2025/08/05 08:48:26 TopoSystem: Link count: 1140000
2025/08/05 08:48:26 TopoSystem update time: 18.430411ms
2025/08/05 08:48:26 AttenuationSystem update...
2025/08/05 08:48:26 AttenuationSystem parallel flag: 0
2025/08/05 08:48:26 Attenuation computed count: 1140000
2025/08/05 08:48:26 AttenuationSystem update time: 358.242577ms
2025/08/05 08:48:26 Run 3 complete
2025/08/05 08:48:26 StationSystem update...
2025/08/05 08:48:26 weather update count: 600
2025/08/05 08:48:26 StationSystem update time: 2.919µs
2025/08/05 08:48:26 SatelliteSystem update...
2025/08/05 08:48:26 satellite count: 1900
2025/08/05 08:48:26 SatelliteSystem update time: 5.336358ms
2025/08/05 08:48:26 TopoSystem update...
2025/08/05 08:48:26 TopoSystem: Link count: 1140000
2025/08/05 08:48:26 TopoSystem update time: 13.662699ms
2025/08/05 08:48:26 AttenuationSystem update...
2025/08/05 08:48:26 AttenuationSystem parallel flag: 0
2025/08/05 08:48:27 Attenuation computed count: 1140000
2025/08/05 08:48:27 AttenuationSystem update time: 335.900228ms
2025/08/05 08:48:27 Run 4 complete
2025/08/05 08:48:27 StationSystem update...
2025/08/05 08:48:27 weather update count: 600
2025/08/05 08:48:27 StationSystem update time: 2.725µs
2025/08/05 08:48:27 SatelliteSystem update...
2025/08/05 08:48:27 satellite count: 1900
2025/08/05 08:48:27 SatelliteSystem update time: 7.177745ms
2025/08/05 08:48:27 TopoSystem update...
2025/08/05 08:48:27 TopoSystem: Link count: 1140000
2025/08/05 08:48:27 TopoSystem update time: 16.183104ms
2025/08/05 08:48:27 AttenuationSystem update...
2025/08/05 08:48:27 AttenuationSystem parallel flag: 0
2025/08/05 08:48:27 Attenuation computed count: 1140000
2025/08/05 08:48:27 AttenuationSystem update time: 321.152219ms
2025/08/05 08:48:27 Run 5 complete
2025/08/05 08:48:27 StationSystem update...
2025/08/05 08:48:27 weather update count: 600
2025/08/05 08:48:27 StationSystem update time: 3.155µs
2025/08/05 08:48:27 SatelliteSystem update...
2025/08/05 08:48:27 satellite count: 1900
2025/08/05 08:48:27 SatelliteSystem update time: 5.329529ms
2025/08/05 08:48:27 TopoSystem update...
2025/08/05 08:48:27 TopoSystem: Link count: 1140000
2025/08/05 08:48:27 TopoSystem update time: 13.38897ms
2025/08/05 08:48:27 AttenuationSystem update...
2025/08/05 08:48:27 AttenuationSystem parallel flag: 0
2025/08/05 08:48:27 Attenuation computed count: 1140000
2025/08/05 08:48:27 AttenuationSystem update time: 359.226789ms
2025/08/05 08:48:27 Run 6 complete
2025/08/05 08:48:27 StationSystem update...
2025/08/05 08:48:27 SatelliteSystem update...
2025/08/05 08:48:27 weather update count: 600
2025/08/05 08:48:27 StationSystem update time: 4.178µs
2025/08/05 08:48:27 satellite count: 1900
2025/08/05 08:48:27 SatelliteSystem update time: 5.33298ms
2025/08/05 08:48:27 TopoSystem update...
2025/08/05 08:48:27 TopoSystem: Link count: 1140000
2025/08/05 08:48:27 TopoSystem update time: 13.258808ms
2025/08/05 08:48:27 AttenuationSystem update...
2025/08/05 08:48:27 AttenuationSystem parallel flag: 0
2025/08/05 08:48:28 Attenuation computed count: 1140000
2025/08/05 08:48:28 AttenuationSystem update time: 360.088348ms
2025/08/05 08:48:28 Run 7 complete
2025/08/05 08:48:28 StationSystem update...
2025/08/05 08:48:28 weather update count: 600
2025/08/05 08:48:28 StationSystem update time: 2.771µs
2025/08/05 08:48:28 SatelliteSystem update...
2025/08/05 08:48:28 satellite count: 1900
2025/08/05 08:48:28 SatelliteSystem update time: 7.19169ms
2025/08/05 08:48:28 TopoSystem update...
2025/08/05 08:48:28 TopoSystem: Link count: 1140000
2025/08/05 08:48:28 TopoSystem update time: 17.129409ms
2025/08/05 08:48:28 AttenuationSystem update...
2025/08/05 08:48:28 AttenuationSystem parallel flag: 0
2025/08/05 08:48:28 Attenuation computed count: 1140000
2025/08/05 08:48:28 AttenuationSystem update time: 325.531304ms
2025/08/05 08:48:28 Run 8 complete
2025/08/05 08:48:28 StationSystem update...
2025/08/05 08:48:28 weather update count: 600
2025/08/05 08:48:28 StationSystem update time: 3.103µs
2025/08/05 08:48:28 SatelliteSystem update...
2025/08/05 08:48:28 satellite count: 1900
2025/08/05 08:48:28 SatelliteSystem update time: 7.206268ms
2025/08/05 08:48:28 TopoSystem update...
2025/08/05 08:48:28 TopoSystem: Link count: 1140000
2025/08/05 08:48:28 TopoSystem update time: 17.042875ms
2025/08/05 08:48:28 AttenuationSystem update...
2025/08/05 08:48:28 AttenuationSystem parallel flag: 0
2025/08/05 08:48:28 Attenuation computed count: 1140000
2025/08/05 08:48:28 AttenuationSystem update time: 307.648676ms
2025/08/05 08:48:28 Run 9 complete
2025/08/05 08:48:28 StationSystem update...
2025/08/05 08:48:28 weather update count: 600
2025/08/05 08:48:28 StationSystem update time: 2.798µs
2025/08/05 08:48:28 SatelliteSystem update...
2025/08/05 08:48:28 satellite count: 1900
2025/08/05 08:48:28 SatelliteSystem update time: 7.179023ms
2025/08/05 08:48:28 TopoSystem update...
2025/08/05 08:48:28 TopoSystem: Link count: 1140000
2025/08/05 08:48:28 TopoSystem update time: 16.22787ms
2025/08/05 08:48:28 AttenuationSystem update...
2025/08/05 08:48:28 AttenuationSystem parallel flag: 0
2025/08/05 08:48:29 Attenuation computed count: 1140000
2025/08/05 08:48:29 AttenuationSystem update time: 313.534981ms
2025/08/05 08:48:29 Run 10 complete
2025/08/05 08:48:29 Total update time:  3.638263103s
2025/08/05 08:48:29 linkCache size: 40

 Performance counter stats for './scale_ecs 600 1900 10 2 8 0':

        23,853,202      cache-references                                                      
         5,027,119      cache-misses                     #   21.08% of all cache refs         

       3.653152753 seconds time elapsed

      23.244188000 seconds user
       0.071015000 seconds sys


