ECS running with 600 stations, 1700 satellites, 8 numWGs and 8 numBlocks for 10 rounds in 1 parallel pattern
2025/08/05 08:45:04 StationSystem update...
2025/08/05 08:45:04 weather update count: 600
2025/08/05 08:45:04 StationSystem update time: 4.896µs
2025/08/05 08:45:04 SatelliteSystem update...
2025/08/05 08:45:04 satellite count: 1700
2025/08/05 08:45:04 SatelliteSystem update time: 6.44001ms
2025/08/05 08:45:04 TopoSystem update...
2025/08/05 08:45:04 TopoSystem: Link count: 1020000
2025/08/05 08:45:04 TopoSystem update time: 31.579903ms
2025/08/05 08:45:04 AttenuationSystem update...
2025/08/05 08:45:04 AttenuationSystem parallel flag: 1
2025/08/05 08:45:04 Attenuation computed count: 1020000
2025/08/05 08:45:04 AttenuationSystem update time: 295.666216ms
2025/08/05 08:45:04 Run 1 complete
2025/08/05 08:45:04 StationSystem update...
2025/08/05 08:45:04 weather update count: 600
2025/08/05 08:45:04 StationSystem update time: 2.995µs
2025/08/05 08:45:04 SatelliteSystem update...
2025/08/05 08:45:04 satellite count: 1700
2025/08/05 08:45:04 SatelliteSystem update time: 6.423609ms
2025/08/05 08:45:04 TopoSystem update...
2025/08/05 08:45:04 TopoSystem: Link count: 1020000
2025/08/05 08:45:04 TopoSystem update time: 28.845052ms
2025/08/05 08:45:04 AttenuationSystem update...
2025/08/05 08:45:04 AttenuationSystem parallel flag: 1
2025/08/05 08:45:05 Attenuation computed count: 1020000
2025/08/05 08:45:05 AttenuationSystem update time: 343.279028ms
2025/08/05 08:45:05 Run 2 complete
2025/08/05 08:45:05 StationSystem update...
2025/08/05 08:45:05 weather update count: 600
2025/08/05 08:45:05 StationSystem update time: 2.925µs
2025/08/05 08:45:05 SatelliteSystem update...
2025/08/05 08:45:05 satellite count: 1700
2025/08/05 08:45:05 SatelliteSystem update time: 6.419763ms
2025/08/05 08:45:05 TopoSystem update...
2025/08/05 08:45:05 TopoSystem: Link count: 1020000
2025/08/05 08:45:05 TopoSystem update time: 15.380715ms
2025/08/05 08:45:05 AttenuationSystem update...
2025/08/05 08:45:05 AttenuationSystem parallel flag: 1
2025/08/05 08:45:05 Attenuation computed count: 1020000
2025/08/05 08:45:05 AttenuationSystem update time: 298.190037ms
2025/08/05 08:45:05 Run 3 complete
2025/08/05 08:45:05 StationSystem update...
2025/08/05 08:45:05 weather update count: 600
2025/08/05 08:45:05 StationSystem update time: 3.142µs
2025/08/05 08:45:05 SatelliteSystem update...
2025/08/05 08:45:05 satellite count: 1700
2025/08/05 08:45:05 SatelliteSystem update time: 6.465503ms
2025/08/05 08:45:05 TopoSystem update...
2025/08/05 08:45:05 TopoSystem: Link count: 1020000
2025/08/05 08:45:05 TopoSystem update time: 15.320013ms
2025/08/05 08:45:05 AttenuationSystem update...
2025/08/05 08:45:05 AttenuationSystem parallel flag: 1
2025/08/05 08:45:05 Attenuation computed count: 1020000
2025/08/05 08:45:05 AttenuationSystem update time: 345.201815ms
2025/08/05 08:45:05 Run 4 complete
2025/08/05 08:45:05 StationSystem update...
2025/08/05 08:45:05 weather update count: 600
2025/08/05 08:45:05 StationSystem update time: 3.049µs
2025/08/05 08:45:05 SatelliteSystem update...
2025/08/05 08:45:05 satellite count: 1700
2025/08/05 08:45:05 SatelliteSystem update time: 6.442297ms
2025/08/05 08:45:05 TopoSystem update...
2025/08/05 08:45:05 TopoSystem: Link count: 1020000
2025/08/05 08:45:05 TopoSystem update time: 20.026689ms
2025/08/05 08:45:05 AttenuationSystem update...
2025/08/05 08:45:05 AttenuationSystem parallel flag: 1
2025/08/05 08:45:06 Attenuation computed count: 1020000
2025/08/05 08:45:06 AttenuationSystem update time: 348.165457ms
2025/08/05 08:45:06 Run 5 complete
2025/08/05 08:45:06 StationSystem update...
2025/08/05 08:45:06 weather update count: 600
2025/08/05 08:45:06 StationSystem update time: 2.936µs
2025/08/05 08:45:06 SatelliteSystem update...
2025/08/05 08:45:06 satellite count: 1700
2025/08/05 08:45:06 SatelliteSystem update time: 6.4736ms
2025/08/05 08:45:06 TopoSystem update...
2025/08/05 08:45:06 TopoSystem: Link count: 1020000
2025/08/05 08:45:06 TopoSystem update time: 14.623129ms
2025/08/05 08:45:06 AttenuationSystem update...
2025/08/05 08:45:06 AttenuationSystem parallel flag: 1
2025/08/05 08:45:06 Attenuation computed count: 1020000
2025/08/05 08:45:06 AttenuationSystem update time: 295.401681ms
2025/08/05 08:45:06 Run 6 complete
2025/08/05 08:45:06 StationSystem update...
2025/08/05 08:45:06 weather update count: 600
2025/08/05 08:45:06 StationSystem update time: 2.809µs
2025/08/05 08:45:06 SatelliteSystem update...
2025/08/05 08:45:06 satellite count: 1700
2025/08/05 08:45:06 SatelliteSystem update time: 6.453501ms
2025/08/05 08:45:06 TopoSystem update...
2025/08/05 08:45:06 TopoSystem: Link count: 1020000
2025/08/05 08:45:06 TopoSystem update time: 15.425863ms
2025/08/05 08:45:06 AttenuationSystem update...
2025/08/05 08:45:06 AttenuationSystem parallel flag: 1
2025/08/05 08:45:06 Attenuation computed count: 1020000
2025/08/05 08:45:06 AttenuationSystem update time: 303.837217ms
2025/08/05 08:45:06 Run 7 complete
2025/08/05 08:45:06 StationSystem update...
2025/08/05 08:45:06 weather update count: 600
2025/08/05 08:45:06 StationSystem update time: 3.044µs
2025/08/05 08:45:06 SatelliteSystem update...
2025/08/05 08:45:06 satellite count: 1700
2025/08/05 08:45:06 SatelliteSystem update time: 6.427376ms
2025/08/05 08:45:06 TopoSystem update...
2025/08/05 08:45:06 TopoSystem: Link count: 1020000
2025/08/05 08:45:06 TopoSystem update time: 15.481413ms
2025/08/05 08:45:06 AttenuationSystem update...
2025/08/05 08:45:06 AttenuationSystem parallel flag: 1
2025/08/05 08:45:07 Attenuation computed count: 1020000
2025/08/05 08:45:07 AttenuationSystem update time: 350.243879ms
2025/08/05 08:45:07 Run 8 complete
2025/08/05 08:45:07 StationSystem update...
2025/08/05 08:45:07 weather update count: 600
2025/08/05 08:45:07 StationSystem update time: 2.866µs
2025/08/05 08:45:07 SatelliteSystem update...
2025/08/05 08:45:07 satellite count: 1700
2025/08/05 08:45:07 SatelliteSystem update time: 6.445791ms
2025/08/05 08:45:07 TopoSystem update...
2025/08/05 08:45:07 TopoSystem: Link count: 1020000
2025/08/05 08:45:07 TopoSystem update time: 15.360031ms
2025/08/05 08:45:07 AttenuationSystem update...
2025/08/05 08:45:07 AttenuationSystem parallel flag: 1
2025/08/05 08:45:07 Attenuation computed count: 1020000
2025/08/05 08:45:07 AttenuationSystem update time: 350.361035ms
2025/08/05 08:45:07 Run 9 complete
2025/08/05 08:45:07 StationSystem update...
2025/08/05 08:45:07 weather update count: 600
2025/08/05 08:45:07 StationSystem update time: 3.118µs
2025/08/05 08:45:07 SatelliteSystem update...
2025/08/05 08:45:07 satellite count: 1700
2025/08/05 08:45:07 SatelliteSystem update time: 6.430742ms
2025/08/05 08:45:07 TopoSystem update...
2025/08/05 08:45:07 TopoSystem: Link count: 1020000
2025/08/05 08:45:07 TopoSystem update time: 15.879024ms
2025/08/05 08:45:07 AttenuationSystem update...
2025/08/05 08:45:07 AttenuationSystem parallel flag: 1
2025/08/05 08:45:07 Attenuation computed count: 1020000
2025/08/05 08:45:07 AttenuationSystem update time: 301.763577ms
2025/08/05 08:45:07 Run 10 complete
2025/08/05 08:45:07 Total update time:  3.492910636s
2025/08/05 08:45:07 linkCache size: 40

 Performance counter stats for './scale_ecs 600 1700 10 8 8 1':

        21,845,972      cache-references                                                      
         4,308,418      cache-misses                     #   19.72% of all cache refs         

       3.500765491 seconds time elapsed

      22.807717000 seconds user
       0.063959000 seconds sys


