ECS running with 600 stations, 1700 satellites, 2 numWGs and 8 numBlocks for 10 rounds in 1 parallel pattern
2025/08/05 08:43:44 StationSystem update...
2025/08/05 08:43:44 weather update count: 600
2025/08/05 08:43:44 StationSystem update time: 4.054µs
2025/08/05 08:43:44 SatelliteSystem update...
2025/08/05 08:43:44 satellite count: 1700
2025/08/05 08:43:44 SatelliteSystem update time: 5.279316ms
2025/08/05 08:43:44 TopoSystem update...
2025/08/05 08:43:44 TopoSystem: Link count: 1020000
2025/08/05 08:43:44 TopoSystem update time: 27.406855ms
2025/08/05 08:43:44 AttenuationSystem update...
2025/08/05 08:43:44 AttenuationSystem parallel flag: 1
2025/08/05 08:43:46 Attenuation computed count: 1020000
2025/08/05 08:43:46 AttenuationSystem update time: 1.131628444s
2025/08/05 08:43:46 Run 1 complete
2025/08/05 08:43:46 StationSystem update...
2025/08/05 08:43:46 weather update count: 600
2025/08/05 08:43:46 StationSystem update time: 3.547µs
2025/08/05 08:43:46 SatelliteSystem update...
2025/08/05 08:43:46 satellite count: 1700
2025/08/05 08:43:46 SatelliteSystem update time: 4.789547ms
2025/08/05 08:43:46 TopoSystem update...
2025/08/05 08:43:46 TopoSystem: Link count: 1020000
2025/08/05 08:43:46 TopoSystem update time: 25.829001ms
2025/08/05 08:43:46 AttenuationSystem update...
2025/08/05 08:43:46 AttenuationSystem parallel flag: 1
2025/08/05 08:43:47 Attenuation computed count: 1020000
2025/08/05 08:43:47 AttenuationSystem update time: 1.140199039s
2025/08/05 08:43:47 Run 2 complete
2025/08/05 08:43:47 StationSystem update...
2025/08/05 08:43:47 weather update count: 600
2025/08/05 08:43:47 StationSystem update time: 3.526µs
2025/08/05 08:43:47 SatelliteSystem update...
2025/08/05 08:43:47 satellite count: 1700
2025/08/05 08:43:47 SatelliteSystem update time: 4.79526ms
2025/08/05 08:43:47 TopoSystem update...
2025/08/05 08:43:47 TopoSystem: Link count: 1020000
2025/08/05 08:43:47 TopoSystem update time: 12.352395ms
2025/08/05 08:43:47 AttenuationSystem update...
2025/08/05 08:43:47 AttenuationSystem parallel flag: 1
2025/08/05 08:43:48 Attenuation computed count: 1020000
2025/08/05 08:43:48 AttenuationSystem update time: 1.128075043s
2025/08/05 08:43:48 Run 3 complete
2025/08/05 08:43:48 StationSystem update...
2025/08/05 08:43:48 weather update count: 600
2025/08/05 08:43:48 StationSystem update time: 3.286µs
2025/08/05 08:43:48 SatelliteSystem update...
2025/08/05 08:43:48 satellite count: 1700
2025/08/05 08:43:48 SatelliteSystem update time: 4.782564ms
2025/08/05 08:43:48 TopoSystem update...
2025/08/05 08:43:48 TopoSystem: Link count: 1020000
2025/08/05 08:43:48 TopoSystem update time: 12.267194ms
2025/08/05 08:43:48 AttenuationSystem update...
2025/08/05 08:43:48 AttenuationSystem parallel flag: 1
2025/08/05 08:43:49 Attenuation computed count: 1020000
2025/08/05 08:43:49 AttenuationSystem update time: 1.07356859s
2025/08/05 08:43:49 Run 4 complete
2025/08/05 08:43:49 StationSystem update...
2025/08/05 08:43:49 weather update count: 600
2025/08/05 08:43:49 StationSystem update time: 2.58µs
2025/08/05 08:43:49 SatelliteSystem update...
2025/08/05 08:43:49 satellite count: 1700
2025/08/05 08:43:49 SatelliteSystem update time: 6.427685ms
2025/08/05 08:43:49 TopoSystem update...
2025/08/05 08:43:49 TopoSystem: Link count: 1020000
2025/08/05 08:43:49 TopoSystem update time: 16.684425ms
2025/08/05 08:43:49 AttenuationSystem update...
2025/08/05 08:43:49 AttenuationSystem parallel flag: 1
2025/08/05 08:43:50 Attenuation computed count: 1020000
2025/08/05 08:43:50 AttenuationSystem update time: 1.098024302s
2025/08/05 08:43:50 Run 5 complete
2025/08/05 08:43:50 StationSystem update...
2025/08/05 08:43:50 weather update count: 600
2025/08/05 08:43:50 StationSystem update time: 3.212µs
2025/08/05 08:43:50 SatelliteSystem update...
2025/08/05 08:43:50 satellite count: 1700
2025/08/05 08:43:50 SatelliteSystem update time: 4.780921ms
2025/08/05 08:43:50 TopoSystem update...
2025/08/05 08:43:50 TopoSystem: Link count: 1020000
2025/08/05 08:43:50 TopoSystem update time: 12.308983ms
2025/08/05 08:43:50 AttenuationSystem update...
2025/08/05 08:43:50 AttenuationSystem parallel flag: 1
2025/08/05 08:43:51 Attenuation computed count: 1020000
2025/08/05 08:43:51 AttenuationSystem update time: 1.180822149s
2025/08/05 08:43:51 Run 6 complete
2025/08/05 08:43:51 StationSystem update...
2025/08/05 08:43:51 weather update count: 600
2025/08/05 08:43:51 StationSystem update time: 2.93µs
2025/08/05 08:43:51 SatelliteSystem update...
2025/08/05 08:43:51 satellite count: 1700
2025/08/05 08:43:51 SatelliteSystem update time: 4.805652ms
2025/08/05 08:43:51 TopoSystem update...
2025/08/05 08:43:51 TopoSystem: Link count: 1020000
2025/08/05 08:43:51 TopoSystem update time: 12.127825ms
2025/08/05 08:43:51 AttenuationSystem update...
2025/08/05 08:43:51 AttenuationSystem parallel flag: 1
2025/08/05 08:43:52 Attenuation computed count: 1020000
2025/08/05 08:43:52 AttenuationSystem update time: 1.139303877s
2025/08/05 08:43:52 Run 7 complete
2025/08/05 08:43:52 StationSystem update...
2025/08/05 08:43:52 weather update count: 600
2025/08/05 08:43:52 StationSystem update time: 3.033µs
2025/08/05 08:43:52 SatelliteSystem update...
2025/08/05 08:43:52 satellite count: 1700
2025/08/05 08:43:52 SatelliteSystem update time: 4.780959ms
2025/08/05 08:43:52 TopoSystem update...
2025/08/05 08:43:52 TopoSystem: Link count: 1020000
2025/08/05 08:43:52 TopoSystem update time: 12.015112ms
2025/08/05 08:43:52 AttenuationSystem update...
2025/08/05 08:43:52 AttenuationSystem parallel flag: 1
2025/08/05 08:43:54 Attenuation computed count: 1020000
2025/08/05 08:43:54 AttenuationSystem update time: 1.083497276s
2025/08/05 08:43:54 Run 8 complete
2025/08/05 08:43:54 StationSystem update...
2025/08/05 08:43:54 weather update count: 600
2025/08/05 08:43:54 StationSystem update time: 5.76µs
2025/08/05 08:43:54 SatelliteSystem update...
2025/08/05 08:43:54 satellite count: 1700
2025/08/05 08:43:54 SatelliteSystem update time: 4.773246ms
2025/08/05 08:43:54 TopoSystem update...
2025/08/05 08:43:54 TopoSystem: Link count: 1020000
2025/08/05 08:43:54 TopoSystem update time: 12.329821ms
2025/08/05 08:43:54 AttenuationSystem update...
2025/08/05 08:43:54 AttenuationSystem parallel flag: 1
2025/08/05 08:43:55 Attenuation computed count: 1020000
2025/08/05 08:43:55 AttenuationSystem update time: 1.155705738s
2025/08/05 08:43:55 Run 9 complete
2025/08/05 08:43:55 StationSystem update...
2025/08/05 08:43:55 weather update count: 600
2025/08/05 08:43:55 StationSystem update time: 2.866µs
2025/08/05 08:43:55 SatelliteSystem update...
2025/08/05 08:43:55 satellite count: 1700
2025/08/05 08:43:55 SatelliteSystem update time: 4.78557ms
2025/08/05 08:43:55 TopoSystem update...
2025/08/05 08:43:55 TopoSystem: Link count: 1020000
2025/08/05 08:43:55 TopoSystem update time: 17.727451ms
2025/08/05 08:43:55 AttenuationSystem update...
2025/08/05 08:43:55 AttenuationSystem parallel flag: 1
2025/08/05 08:43:56 Attenuation computed count: 1020000
2025/08/05 08:43:56 AttenuationSystem update time: 1.195930872s
2025/08/05 08:43:56 Run 10 complete
2025/08/05 08:43:56 Total update time:  11.545144348s
2025/08/05 08:43:56 linkCache size: 40

 Performance counter stats for './scale_ecs 600 1700 10 2 8 1':

        21,747,305      cache-references                                                      
         5,099,844      cache-misses                     #   23.45% of all cache refs         

      11.552352869 seconds time elapsed

      20.881250000 seconds user
       0.071062000 seconds sys


