ECS running with 600 stations, 1300 satellites, 4 numWGs and 4 numBlocks for 10 rounds in 1 parallel pattern
2025/08/05 08:36:37 StationSystem update...
2025/08/05 08:36:37 SatelliteSystem update...
2025/08/05 08:36:37 weather update count: 600
2025/08/05 08:36:37 StationSystem update time: 7.619µs
2025/08/05 08:36:37 satellite count: 1300
2025/08/05 08:36:37 SatelliteSystem update time: 4.945524ms
2025/08/05 08:36:37 TopoSystem update...
2025/08/05 08:36:37 TopoSystem: Link count: 780000
2025/08/05 08:36:37 TopoSystem update time: 24.265442ms
2025/08/05 08:36:37 AttenuationSystem update...
2025/08/05 08:36:37 AttenuationSystem parallel flag: 1
2025/08/05 08:36:38 Attenuation computed count: 780000
2025/08/05 08:36:38 AttenuationSystem update time: 444.781471ms
2025/08/05 08:36:38 Run 1 complete
2025/08/05 08:36:38 StationSystem update...
2025/08/05 08:36:38 weather update count: 600
2025/08/05 08:36:38 StationSystem update time: 2.986µs
2025/08/05 08:36:38 SatelliteSystem update...
2025/08/05 08:36:38 satellite count: 1300
2025/08/05 08:36:38 SatelliteSystem update time: 4.92918ms
2025/08/05 08:36:38 TopoSystem update...
2025/08/05 08:36:38 TopoSystem: Link count: 780000
2025/08/05 08:36:38 TopoSystem update time: 19.203684ms
2025/08/05 08:36:38 AttenuationSystem update...
2025/08/05 08:36:38 AttenuationSystem parallel flag: 1
2025/08/05 08:36:38 Attenuation computed count: 780000
2025/08/05 08:36:38 AttenuationSystem update time: 465.416632ms
2025/08/05 08:36:38 Run 2 complete
2025/08/05 08:36:38 StationSystem update...
2025/08/05 08:36:38 weather update count: 600
2025/08/05 08:36:38 StationSystem update time: 3.284µs
2025/08/05 08:36:38 SatelliteSystem update...
2025/08/05 08:36:38 satellite count: 1300
2025/08/05 08:36:38 SatelliteSystem update time: 3.666268ms
2025/08/05 08:36:38 TopoSystem update...
2025/08/05 08:36:38 TopoSystem: Link count: 780000
2025/08/05 08:36:38 TopoSystem update time: 10.573677ms
2025/08/05 08:36:38 AttenuationSystem update...
2025/08/05 08:36:38 AttenuationSystem parallel flag: 1
2025/08/05 08:36:39 Attenuation computed count: 780000
2025/08/05 08:36:39 AttenuationSystem update time: 476.147708ms
2025/08/05 08:36:39 Run 3 complete
2025/08/05 08:36:39 StationSystem update...
2025/08/05 08:36:39 weather update count: 600
2025/08/05 08:36:39 StationSystem update time: 2.892µs
2025/08/05 08:36:39 SatelliteSystem update...
2025/08/05 08:36:39 satellite count: 1300
2025/08/05 08:36:39 SatelliteSystem update time: 4.92688ms
2025/08/05 08:36:39 TopoSystem update...
2025/08/05 08:36:39 TopoSystem: Link count: 780000
2025/08/05 08:36:39 TopoSystem update time: 12.208988ms
2025/08/05 08:36:39 AttenuationSystem update...
2025/08/05 08:36:39 AttenuationSystem parallel flag: 1
2025/08/05 08:36:39 Attenuation computed count: 780000
2025/08/05 08:36:39 AttenuationSystem update time: 434.214669ms
2025/08/05 08:36:39 Run 4 complete
2025/08/05 08:36:39 StationSystem update...
2025/08/05 08:36:39 weather update count: 600
2025/08/05 08:36:39 StationSystem update time: 2.995µs
2025/08/05 08:36:39 SatelliteSystem update...
2025/08/05 08:36:39 satellite count: 1300
2025/08/05 08:36:39 SatelliteSystem update time: 3.674662ms
2025/08/05 08:36:39 TopoSystem update...
2025/08/05 08:36:39 TopoSystem: Link count: 780000
2025/08/05 08:36:39 TopoSystem update time: 9.045255ms
2025/08/05 08:36:39 AttenuationSystem update...
2025/08/05 08:36:39 AttenuationSystem parallel flag: 1
2025/08/05 08:36:40 Attenuation computed count: 780000
2025/08/05 08:36:40 AttenuationSystem update time: 466.814251ms
2025/08/05 08:36:40 Run 5 complete
2025/08/05 08:36:40 StationSystem update...
2025/08/05 08:36:40 weather update count: 600
2025/08/05 08:36:40 StationSystem update time: 2.816µs
2025/08/05 08:36:40 SatelliteSystem update...
2025/08/05 08:36:40 satellite count: 1300
2025/08/05 08:36:40 SatelliteSystem update time: 4.122723ms
2025/08/05 08:36:40 TopoSystem update...
2025/08/05 08:36:40 TopoSystem: Link count: 780000
2025/08/05 08:36:40 TopoSystem update time: 10.43346ms
2025/08/05 08:36:40 AttenuationSystem update...
2025/08/05 08:36:40 AttenuationSystem parallel flag: 1
2025/08/05 08:36:40 Attenuation computed count: 780000
2025/08/05 08:36:40 AttenuationSystem update time: 481.401684ms
2025/08/05 08:36:40 Run 6 complete
2025/08/05 08:36:40 StationSystem update...
2025/08/05 08:36:40 weather update count: 600
2025/08/05 08:36:40 StationSystem update time: 3.376µs
2025/08/05 08:36:40 SatelliteSystem update...
2025/08/05 08:36:40 satellite count: 1300
2025/08/05 08:36:40 SatelliteSystem update time: 3.761102ms
2025/08/05 08:36:40 TopoSystem update...
2025/08/05 08:36:40 TopoSystem: Link count: 780000
2025/08/05 08:36:40 TopoSystem update time: 10.703612ms
2025/08/05 08:36:40 AttenuationSystem update...
2025/08/05 08:36:40 AttenuationSystem parallel flag: 1
2025/08/05 08:36:40 Attenuation computed count: 780000
2025/08/05 08:36:40 AttenuationSystem update time: 376.703335ms
2025/08/05 08:36:40 Run 7 complete
2025/08/05 08:36:40 StationSystem update...
2025/08/05 08:36:40 weather update count: 600
2025/08/05 08:36:40 StationSystem update time: 2.442µs
2025/08/05 08:36:40 SatelliteSystem update...
2025/08/05 08:36:40 satellite count: 1300
2025/08/05 08:36:40 SatelliteSystem update time: 4.933063ms
2025/08/05 08:36:40 TopoSystem update...
2025/08/05 08:36:41 TopoSystem: Link count: 780000
2025/08/05 08:36:41 TopoSystem update time: 12.45505ms
2025/08/05 08:36:41 AttenuationSystem update...
2025/08/05 08:36:41 AttenuationSystem parallel flag: 1
2025/08/05 08:36:41 Attenuation computed count: 780000
2025/08/05 08:36:41 AttenuationSystem update time: 410.139241ms
2025/08/05 08:36:41 Run 8 complete
2025/08/05 08:36:41 StationSystem update...
2025/08/05 08:36:41 weather update count: 600
2025/08/05 08:36:41 StationSystem update time: 3.279µs
2025/08/05 08:36:41 SatelliteSystem update...
2025/08/05 08:36:41 satellite count: 1300
2025/08/05 08:36:41 SatelliteSystem update time: 3.684103ms
2025/08/05 08:36:41 TopoSystem update...
2025/08/05 08:36:41 TopoSystem: Link count: 780000
2025/08/05 08:36:41 TopoSystem update time: 10.271982ms
2025/08/05 08:36:41 AttenuationSystem update...
2025/08/05 08:36:41 AttenuationSystem parallel flag: 1
2025/08/05 08:36:41 Attenuation computed count: 780000
2025/08/05 08:36:41 AttenuationSystem update time: 433.870662ms
2025/08/05 08:36:41 Run 9 complete
2025/08/05 08:36:41 StationSystem update...
2025/08/05 08:36:41 weather update count: 600
2025/08/05 08:36:41 StationSystem update time: 3.215µs
2025/08/05 08:36:41 SatelliteSystem update...
2025/08/05 08:36:41 satellite count: 1300
2025/08/05 08:36:41 SatelliteSystem update time: 4.939126ms
2025/08/05 08:36:41 TopoSystem update...
2025/08/05 08:36:41 TopoSystem: Link count: 780000
2025/08/05 08:36:41 TopoSystem update time: 10.272579ms
2025/08/05 08:36:41 AttenuationSystem update...
2025/08/05 08:36:41 AttenuationSystem parallel flag: 1
2025/08/05 08:36:42 Attenuation computed count: 780000
2025/08/05 08:36:42 AttenuationSystem update time: 444.79137ms
2025/08/05 08:36:42 Run 10 complete
2025/08/05 08:36:42 Total update time:  4.614764251s
2025/08/05 08:36:42 linkCache size: 40

 Performance counter stats for './scale_ecs 600 1300 10 4 4 1':

        16,812,659      cache-references                                                      
         3,395,296      cache-misses                     #   20.19% of all cache refs         

       4.620810421 seconds time elapsed

      15.778281000 seconds user
       0.050029000 seconds sys


