ECS running with 800 stations, 1900 satellites, 2 numWGs and 4 numBlocks for 10 rounds in 1 parallel pattern
2025/08/05 10:19:55 StationSystem update...
2025/08/05 10:19:55 weather update count: 800
2025/08/05 10:19:55 StationSystem update time: 4.647µs
2025/08/05 10:19:55 SatelliteSystem update...
2025/08/05 10:19:55 satellite count: 1900
2025/08/05 10:19:55 SatelliteSystem update time: 7.175125ms
2025/08/05 10:19:55 TopoSystem update...
2025/08/05 10:19:55 TopoSystem: Link count: 1520000
2025/08/05 10:19:55 TopoSystem update time: 46.538405ms
2025/08/05 10:19:55 AttenuationSystem update...
2025/08/05 10:19:55 AttenuationSystem parallel flag: 1
2025/08/05 10:19:57 Attenuation computed count: 1520000
2025/08/05 10:19:57 AttenuationSystem update time: 1.534141656s
2025/08/05 10:19:57 Run 1 complete
2025/08/05 10:19:57 StationSystem update...
2025/08/05 10:19:57 weather update count: 800
2025/08/05 10:19:57 StationSystem update time: 2.908µs
2025/08/05 10:19:57 SatelliteSystem update...
2025/08/05 10:19:57 satellite count: 1900
2025/08/05 10:19:57 SatelliteSystem update time: 5.342065ms
2025/08/05 10:19:57 TopoSystem update...
2025/08/05 10:19:57 TopoSystem: Link count: 1520000
2025/08/05 10:19:57 TopoSystem update time: 41.237789ms
2025/08/05 10:19:57 AttenuationSystem update...
2025/08/05 10:19:57 AttenuationSystem parallel flag: 1
2025/08/05 10:19:58 Attenuation computed count: 1520000
2025/08/05 10:19:58 AttenuationSystem update time: 1.647366375s
2025/08/05 10:19:58 Run 2 complete
2025/08/05 10:19:58 StationSystem update...
2025/08/05 10:19:58 weather update count: 800
2025/08/05 10:19:58 StationSystem update time: 3.475µs
2025/08/05 10:19:58 SatelliteSystem update...
2025/08/05 10:19:58 satellite count: 1900
2025/08/05 10:19:58 SatelliteSystem update time: 8.616405ms
2025/08/05 10:19:58 TopoSystem update...
2025/08/05 10:19:58 TopoSystem: Link count: 1520000
2025/08/05 10:19:58 TopoSystem update time: 28.80192ms
2025/08/05 10:19:58 AttenuationSystem update...
2025/08/05 10:19:58 AttenuationSystem parallel flag: 1
2025/08/05 10:20:00 Attenuation computed count: 1520000
2025/08/05 10:20:00 AttenuationSystem update time: 1.337877753s
2025/08/05 10:20:00 Run 3 complete
2025/08/05 10:20:00 StationSystem update...
2025/08/05 10:20:00 weather update count: 800
2025/08/05 10:20:00 StationSystem update time: 3.934µs
2025/08/05 10:20:00 SatelliteSystem update...
2025/08/05 10:20:00 satellite count: 1900
2025/08/05 10:20:00 SatelliteSystem update time: 5.332013ms
2025/08/05 10:20:00 TopoSystem update...
2025/08/05 10:20:00 TopoSystem: Link count: 1520000
2025/08/05 10:20:00 TopoSystem update time: 18.062442ms
2025/08/05 10:20:00 AttenuationSystem update...
2025/08/05 10:20:00 AttenuationSystem parallel flag: 1
2025/08/05 10:20:01 Attenuation computed count: 1520000
2025/08/05 10:20:01 AttenuationSystem update time: 1.699578364s
2025/08/05 10:20:01 Run 4 complete
2025/08/05 10:20:01 StationSystem update...
2025/08/05 10:20:01 weather update count: 800
2025/08/05 10:20:01 StationSystem update time: 4.175µs
2025/08/05 10:20:01 SatelliteSystem update...
2025/08/05 10:20:01 satellite count: 1900
2025/08/05 10:20:01 SatelliteSystem update time: 7.199903ms
2025/08/05 10:20:01 TopoSystem update...
2025/08/05 10:20:01 TopoSystem: Link count: 1520000
2025/08/05 10:20:01 TopoSystem update time: 22.990042ms
2025/08/05 10:20:01 AttenuationSystem update...
2025/08/05 10:20:01 AttenuationSystem parallel flag: 1
2025/08/05 10:20:03 Attenuation computed count: 1520000
2025/08/05 10:20:03 AttenuationSystem update time: 1.725650504s
2025/08/05 10:20:03 Run 5 complete
2025/08/05 10:20:03 StationSystem update...
2025/08/05 10:20:03 weather update count: 800
2025/08/05 10:20:03 StationSystem update time: 3.586µs
2025/08/05 10:20:03 SatelliteSystem update...
2025/08/05 10:20:03 satellite count: 1900
2025/08/05 10:20:03 SatelliteSystem update time: 7.98128ms
2025/08/05 10:20:03 TopoSystem update...
2025/08/05 10:20:03 TopoSystem: Link count: 1520000
2025/08/05 10:20:03 TopoSystem update time: 39.256594ms
2025/08/05 10:20:03 AttenuationSystem update...
2025/08/05 10:20:03 AttenuationSystem parallel flag: 1
2025/08/05 10:20:05 Attenuation computed count: 1520000
2025/08/05 10:20:05 AttenuationSystem update time: 1.753181719s
2025/08/05 10:20:05 Run 6 complete
2025/08/05 10:20:05 StationSystem update...
2025/08/05 10:20:05 weather update count: 800
2025/08/05 10:20:05 StationSystem update time: 2.911µs
2025/08/05 10:20:05 SatelliteSystem update...
2025/08/05 10:20:05 satellite count: 1900
2025/08/05 10:20:05 SatelliteSystem update time: 7.18613ms
2025/08/05 10:20:05 TopoSystem update...
2025/08/05 10:20:05 TopoSystem: Link count: 1520000
2025/08/05 10:20:05 TopoSystem update time: 23.011667ms
2025/08/05 10:20:05 AttenuationSystem update...
2025/08/05 10:20:05 AttenuationSystem parallel flag: 1
2025/08/05 10:20:06 Attenuation computed count: 1520000
2025/08/05 10:20:06 AttenuationSystem update time: 1.452642665s
2025/08/05 10:20:06 Run 7 complete
2025/08/05 10:20:06 StationSystem update...
2025/08/05 10:20:06 weather update count: 800
2025/08/05 10:20:06 StationSystem update time: 2.728µs
2025/08/05 10:20:06 SatelliteSystem update...
2025/08/05 10:20:06 satellite count: 1900
2025/08/05 10:20:06 SatelliteSystem update time: 5.332352ms
2025/08/05 10:20:06 TopoSystem update...
2025/08/05 10:20:06 TopoSystem: Link count: 1520000
2025/08/05 10:20:06 TopoSystem update time: 18.106882ms
2025/08/05 10:20:06 AttenuationSystem update...
2025/08/05 10:20:06 AttenuationSystem parallel flag: 1
2025/08/05 10:20:08 Attenuation computed count: 1520000
2025/08/05 10:20:08 AttenuationSystem update time: 1.293872781s
2025/08/05 10:20:08 Run 8 complete
2025/08/05 10:20:08 StationSystem update...
2025/08/05 10:20:08 weather update count: 800
2025/08/05 10:20:08 StationSystem update time: 2.782µs
2025/08/05 10:20:08 SatelliteSystem update...
2025/08/05 10:20:08 satellite count: 1900
2025/08/05 10:20:08 SatelliteSystem update time: 5.336542ms
2025/08/05 10:20:08 TopoSystem update...
2025/08/05 10:20:08 TopoSystem: Link count: 1520000
2025/08/05 10:20:08 TopoSystem update time: 17.932027ms
2025/08/05 10:20:08 AttenuationSystem update...
2025/08/05 10:20:08 AttenuationSystem parallel flag: 1
2025/08/05 10:20:10 Attenuation computed count: 1520000
2025/08/05 10:20:10 AttenuationSystem update time: 1.77694848s
2025/08/05 10:20:10 Run 9 complete
2025/08/05 10:20:10 StationSystem update...
2025/08/05 10:20:10 weather update count: 800
2025/08/05 10:20:10 StationSystem update time: 3.165µs
2025/08/05 10:20:10 SatelliteSystem update...
2025/08/05 10:20:10 satellite count: 1900
2025/08/05 10:20:10 SatelliteSystem update time: 8.163201ms
2025/08/05 10:20:10 TopoSystem update...
2025/08/05 10:20:10 TopoSystem: Link count: 1520000
2025/08/05 10:20:10 TopoSystem update time: 22.56876ms
2025/08/05 10:20:10 AttenuationSystem update...
2025/08/05 10:20:10 AttenuationSystem parallel flag: 1
2025/08/05 10:20:11 Attenuation computed count: 1520000
2025/08/05 10:20:11 AttenuationSystem update time: 1.76883339s
2025/08/05 10:20:11 Run 10 complete
2025/08/05 10:20:11 Total update time:  16.348479627s
2025/08/05 10:20:11 linkCache size: 40

 Performance counter stats for './scale_ecs 800 1900 10 2 4 1':

        31,884,426      cache-references                                                      
         7,866,028      cache-misses                     #   24.67% of all cache refs         

      16.358711968 seconds time elapsed

      30.359620000 seconds user
       0.110042000 seconds sys


