ECS running with 800 stations, 1600 satellites, 4 numWGs and 2 numBlocks for 10 rounds in 1 parallel pattern
2025/08/05 10:12:11 StationSystem update...
2025/08/05 10:12:11 SatelliteSystem update...
2025/08/05 10:12:11 weather update count: 800
2025/08/05 10:12:11 StationSystem update time: 7.109µs
2025/08/05 10:12:11 satellite count: 1600
2025/08/05 10:12:11 SatelliteSystem update time: 6.060007ms
2025/08/05 10:12:11 TopoSystem update...
2025/08/05 10:12:11 TopoSystem: Link count: 1280000
2025/08/05 10:12:11 TopoSystem update time: 38.71047ms
2025/08/05 10:12:11 AttenuationSystem update...
2025/08/05 10:12:11 AttenuationSystem parallel flag: 1
2025/08/05 10:12:11 Attenuation computed count: 1280000
2025/08/05 10:12:11 AttenuationSystem update time: 688.69809ms
2025/08/05 10:12:11 Run 1 complete
2025/08/05 10:12:11 StationSystem update...
2025/08/05 10:12:11 weather update count: 800
2025/08/05 10:12:11 StationSystem update time: 3.135µs
2025/08/05 10:12:11 SatelliteSystem update...
2025/08/05 10:12:11 satellite count: 1600
2025/08/05 10:12:11 SatelliteSystem update time: 4.509357ms
2025/08/05 10:12:11 TopoSystem update...
2025/08/05 10:12:11 TopoSystem: Link count: 1280000
2025/08/05 10:12:11 TopoSystem update time: 59.024548ms
2025/08/05 10:12:11 AttenuationSystem update...
2025/08/05 10:12:11 AttenuationSystem parallel flag: 1
2025/08/05 10:12:12 Attenuation computed count: 1280000
2025/08/05 10:12:12 AttenuationSystem update time: 558.539578ms
2025/08/05 10:12:12 Run 2 complete
2025/08/05 10:12:12 StationSystem update...
2025/08/05 10:12:12 weather update count: 800
2025/08/05 10:12:12 StationSystem update time: 2.776µs
2025/08/05 10:12:12 SatelliteSystem update...
2025/08/05 10:12:12 satellite count: 1600
2025/08/05 10:12:12 SatelliteSystem update time: 4.493666ms
2025/08/05 10:12:12 TopoSystem update...
2025/08/05 10:12:12 TopoSystem: Link count: 1280000
2025/08/05 10:12:12 TopoSystem update time: 42.196939ms
2025/08/05 10:12:12 AttenuationSystem update...
2025/08/05 10:12:12 AttenuationSystem parallel flag: 1
2025/08/05 10:12:13 Attenuation computed count: 1280000
2025/08/05 10:12:13 AttenuationSystem update time: 557.188973ms
2025/08/05 10:12:13 Run 3 complete
2025/08/05 10:12:13 StationSystem update...
2025/08/05 10:12:13 weather update count: 800
2025/08/05 10:12:13 StationSystem update time: 2.89µs
2025/08/05 10:12:13 SatelliteSystem update...
2025/08/05 10:12:13 satellite count: 1600
2025/08/05 10:12:13 SatelliteSystem update time: 4.501384ms
2025/08/05 10:12:13 TopoSystem update...
2025/08/05 10:12:13 TopoSystem: Link count: 1280000
2025/08/05 10:12:13 TopoSystem update time: 19.894711ms
2025/08/05 10:12:13 AttenuationSystem update...
2025/08/05 10:12:13 AttenuationSystem parallel flag: 1
2025/08/05 10:12:13 Attenuation computed count: 1280000
2025/08/05 10:12:13 AttenuationSystem update time: 739.098883ms
2025/08/05 10:12:13 Run 4 complete
2025/08/05 10:12:13 StationSystem update...
2025/08/05 10:12:13 weather update count: 800
2025/08/05 10:12:13 StationSystem update time: 4.157µs
2025/08/05 10:12:13 SatelliteSystem update...
2025/08/05 10:12:13 satellite count: 1600
2025/08/05 10:12:13 SatelliteSystem update time: 6.451614ms
2025/08/05 10:12:13 TopoSystem update...
2025/08/05 10:12:13 TopoSystem: Link count: 1280000
2025/08/05 10:12:13 TopoSystem update time: 26.764072ms
2025/08/05 10:12:13 AttenuationSystem update...
2025/08/05 10:12:13 AttenuationSystem parallel flag: 1
2025/08/05 10:12:14 Attenuation computed count: 1280000
2025/08/05 10:12:14 AttenuationSystem update time: 706.205558ms
2025/08/05 10:12:14 Run 5 complete
2025/08/05 10:12:14 StationSystem update...
2025/08/05 10:12:14 weather update count: 800
2025/08/05 10:12:14 StationSystem update time: 3.766µs
2025/08/05 10:12:14 SatelliteSystem update...
2025/08/05 10:12:14 satellite count: 1600
2025/08/05 10:12:14 SatelliteSystem update time: 5.996949ms
2025/08/05 10:12:14 TopoSystem update...
2025/08/05 10:12:14 TopoSystem: Link count: 1280000
2025/08/05 10:12:14 TopoSystem update time: 23.730286ms
2025/08/05 10:12:14 AttenuationSystem update...
2025/08/05 10:12:14 AttenuationSystem parallel flag: 1
2025/08/05 10:12:15 Attenuation computed count: 1280000
2025/08/05 10:12:15 AttenuationSystem update time: 671.706742ms
2025/08/05 10:12:15 Run 6 complete
2025/08/05 10:12:15 StationSystem update...
2025/08/05 10:12:15 weather update count: 800
2025/08/05 10:12:15 StationSystem update time: 3.709µs
2025/08/05 10:12:15 SatelliteSystem update...
2025/08/05 10:12:15 satellite count: 1600
2025/08/05 10:12:15 SatelliteSystem update time: 4.492821ms
2025/08/05 10:12:15 TopoSystem update...
2025/08/05 10:12:15 TopoSystem: Link count: 1280000
2025/08/05 10:12:15 TopoSystem update time: 14.617045ms
2025/08/05 10:12:15 AttenuationSystem update...
2025/08/05 10:12:15 AttenuationSystem parallel flag: 1
2025/08/05 10:12:15 Attenuation computed count: 1280000
2025/08/05 10:12:15 AttenuationSystem update time: 588.479768ms
2025/08/05 10:12:15 Run 7 complete
2025/08/05 10:12:15 StationSystem update...
2025/08/05 10:12:15 weather update count: 800
2025/08/05 10:12:15 StationSystem update time: 2.982µs
2025/08/05 10:12:15 SatelliteSystem update...
2025/08/05 10:12:15 satellite count: 1600
2025/08/05 10:12:15 SatelliteSystem update time: 4.529598ms
2025/08/05 10:12:15 TopoSystem update...
2025/08/05 10:12:15 TopoSystem: Link count: 1280000
2025/08/05 10:12:15 TopoSystem update time: 42.678609ms
2025/08/05 10:12:15 AttenuationSystem update...
2025/08/05 10:12:15 AttenuationSystem parallel flag: 1
2025/08/05 10:12:16 Attenuation computed count: 1280000
2025/08/05 10:12:16 AttenuationSystem update time: 799.629533ms
2025/08/05 10:12:16 Run 8 complete
2025/08/05 10:12:16 StationSystem update...
2025/08/05 10:12:16 weather update count: 800
2025/08/05 10:12:16 StationSystem update time: 3.617µs
2025/08/05 10:12:16 SatelliteSystem update...
2025/08/05 10:12:16 satellite count: 1600
2025/08/05 10:12:16 SatelliteSystem update time: 6.75589ms
2025/08/05 10:12:16 TopoSystem update...
2025/08/05 10:12:16 TopoSystem: Link count: 1280000
2025/08/05 10:12:16 TopoSystem update time: 19.639923ms
2025/08/05 10:12:16 AttenuationSystem update...
2025/08/05 10:12:16 AttenuationSystem parallel flag: 1
2025/08/05 10:12:17 Attenuation computed count: 1280000
2025/08/05 10:12:17 AttenuationSystem update time: 737.090786ms
2025/08/05 10:12:17 Run 9 complete
2025/08/05 10:12:17 StationSystem update...
2025/08/05 10:12:17 weather update count: 800
2025/08/05 10:12:17 StationSystem update time: 4.21µs
2025/08/05 10:12:17 SatelliteSystem update...
2025/08/05 10:12:17 satellite count: 1600
2025/08/05 10:12:17 SatelliteSystem update time: 5.555631ms
2025/08/05 10:12:17 TopoSystem update...
2025/08/05 10:12:17 TopoSystem: Link count: 1280000
2025/08/05 10:12:17 TopoSystem update time: 14.863427ms
2025/08/05 10:12:17 AttenuationSystem update...
2025/08/05 10:12:17 AttenuationSystem parallel flag: 1
2025/08/05 10:12:18 Attenuation computed count: 1280000
2025/08/05 10:12:18 AttenuationSystem update time: 584.311524ms
2025/08/05 10:12:18 Run 10 complete
2025/08/05 10:12:18 Total update time:  6.99497226s
2025/08/05 10:12:18 linkCache size: 40

 Performance counter stats for './scale_ecs 800 1600 10 4 2 1':

        26,497,262      cache-references                                                      
         5,856,490      cache-misses                     #   22.10% of all cache refs         

       7.002298182 seconds time elapsed

      24.275057000 seconds user
       0.066013000 seconds sys


