ECS running with 1000 stations, 700 satellites, 2 numWGs and 2 numBlocks for 10 rounds in 0 parallel pattern
2025/08/05 11:05:04 StationSystem update...
2025/08/05 11:05:04 weather update count: 1000
2025/08/05 11:05:04 StationSystem update time: 4.725µs
2025/08/05 11:05:04 SatelliteSystem update...
2025/08/05 11:05:04 satellite count: 700
2025/08/05 11:05:04 SatelliteSystem update time: 2.67448ms
2025/08/05 11:05:04 TopoSystem update...
2025/08/05 11:05:04 TopoSystem: Link count: 700000
2025/08/05 11:05:04 TopoSystem update time: 22.711633ms
2025/08/05 11:05:04 AttenuationSystem update...
2025/08/05 11:05:04 AttenuationSystem parallel flag: 0
2025/08/05 11:05:05 Attenuation computed count: 700000
2025/08/05 11:05:05 AttenuationSystem update time: 684.411158ms
2025/08/05 11:05:05 Run 1 complete
2025/08/05 11:05:05 StationSystem update...
2025/08/05 11:05:05 weather update count: 1000
2025/08/05 11:05:05 StationSystem update time: 2.497µs
2025/08/05 11:05:05 SatelliteSystem update...
2025/08/05 11:05:05 satellite count: 700
2025/08/05 11:05:05 SatelliteSystem update time: 1.983081ms
2025/08/05 11:05:05 TopoSystem update...
2025/08/05 11:05:05 TopoSystem: Link count: 700000
2025/08/05 11:05:05 TopoSystem update time: 16.332059ms
2025/08/05 11:05:05 AttenuationSystem update...
2025/08/05 11:05:05 AttenuationSystem parallel flag: 0
2025/08/05 11:05:06 Attenuation computed count: 700000
2025/08/05 11:05:06 AttenuationSystem update time: 619.50744ms
2025/08/05 11:05:06 Run 2 complete
2025/08/05 11:05:06 StationSystem update...
2025/08/05 11:05:06 weather update count: 1000
2025/08/05 11:05:06 StationSystem update time: 2.641µs
2025/08/05 11:05:06 SatelliteSystem update...
2025/08/05 11:05:06 satellite count: 700
2025/08/05 11:05:06 SatelliteSystem update time: 1.976173ms
2025/08/05 11:05:06 TopoSystem update...
2025/08/05 11:05:06 TopoSystem: Link count: 700000
2025/08/05 11:05:06 TopoSystem update time: 10.652947ms
2025/08/05 11:05:06 AttenuationSystem update...
2025/08/05 11:05:06 AttenuationSystem parallel flag: 0
2025/08/05 11:05:06 Attenuation computed count: 700000
2025/08/05 11:05:06 AttenuationSystem update time: 620.194686ms
2025/08/05 11:05:06 Run 3 complete
2025/08/05 11:05:06 StationSystem update...
2025/08/05 11:05:06 weather update count: 1000
2025/08/05 11:05:06 StationSystem update time: 3.109µs
2025/08/05 11:05:06 SatelliteSystem update...
2025/08/05 11:05:06 satellite count: 700
2025/08/05 11:05:06 SatelliteSystem update time: 1.980825ms
2025/08/05 11:05:06 TopoSystem update...
2025/08/05 11:05:06 TopoSystem: Link count: 700000
2025/08/05 11:05:06 TopoSystem update time: 9.894542ms
2025/08/05 11:05:06 AttenuationSystem update...
2025/08/05 11:05:06 AttenuationSystem parallel flag: 0
2025/08/05 11:05:07 Attenuation computed count: 700000
2025/08/05 11:05:07 AttenuationSystem update time: 814.55077ms
2025/08/05 11:05:07 Run 4 complete
2025/08/05 11:05:07 StationSystem update...
2025/08/05 11:05:07 weather update count: 1000
2025/08/05 11:05:07 StationSystem update time: 3.493µs
2025/08/05 11:05:07 SatelliteSystem update...
2025/08/05 11:05:07 satellite count: 700
2025/08/05 11:05:07 SatelliteSystem update time: 2.663549ms
2025/08/05 11:05:07 TopoSystem update...
2025/08/05 11:05:07 TopoSystem: Link count: 700000
2025/08/05 11:05:07 TopoSystem update time: 16.365895ms
2025/08/05 11:05:07 AttenuationSystem update...
2025/08/05 11:05:07 AttenuationSystem parallel flag: 0
2025/08/05 11:05:08 Attenuation computed count: 700000
2025/08/05 11:05:08 AttenuationSystem update time: 735.043011ms
2025/08/05 11:05:08 Run 5 complete
2025/08/05 11:05:08 StationSystem update...
2025/08/05 11:05:08 weather update count: 1000
2025/08/05 11:05:08 StationSystem update time: 3.125µs
2025/08/05 11:05:08 SatelliteSystem update...
2025/08/05 11:05:08 satellite count: 700
2025/08/05 11:05:08 SatelliteSystem update time: 2.164785ms
2025/08/05 11:05:08 TopoSystem update...
2025/08/05 11:05:08 TopoSystem: Link count: 700000
2025/08/05 11:05:08 TopoSystem update time: 10.52715ms
2025/08/05 11:05:08 AttenuationSystem update...
2025/08/05 11:05:08 AttenuationSystem parallel flag: 0
2025/08/05 11:05:09 Attenuation computed count: 700000
2025/08/05 11:05:09 AttenuationSystem update time: 798.136285ms
2025/08/05 11:05:09 Run 6 complete
2025/08/05 11:05:09 StationSystem update...
2025/08/05 11:05:09 weather update count: 1000
2025/08/05 11:05:09 StationSystem update time: 3.337µs
2025/08/05 11:05:09 SatelliteSystem update...
2025/08/05 11:05:09 satellite count: 700
2025/08/05 11:05:09 SatelliteSystem update time: 6.676662ms
2025/08/05 11:05:09 TopoSystem update...
2025/08/05 11:05:09 TopoSystem: Link count: 700000
2025/08/05 11:05:09 TopoSystem update time: 33.610892ms
2025/08/05 11:05:09 AttenuationSystem update...
2025/08/05 11:05:09 AttenuationSystem parallel flag: 0
2025/08/05 11:05:09 Attenuation computed count: 700000
2025/08/05 11:05:09 AttenuationSystem update time: 831.200637ms
2025/08/05 11:05:09 Run 7 complete
2025/08/05 11:05:09 StationSystem update...
2025/08/05 11:05:09 weather update count: 1000
2025/08/05 11:05:09 StationSystem update time: 3.528µs
2025/08/05 11:05:09 SatelliteSystem update...
2025/08/05 11:05:09 satellite count: 700
2025/08/05 11:05:09 SatelliteSystem update time: 2.661589ms
2025/08/05 11:05:09 TopoSystem update...
2025/08/05 11:05:09 TopoSystem: Link count: 700000
2025/08/05 11:05:09 TopoSystem update time: 20.494009ms
2025/08/05 11:05:09 AttenuationSystem update...
2025/08/05 11:05:09 AttenuationSystem parallel flag: 0
2025/08/05 11:05:10 Attenuation computed count: 700000
2025/08/05 11:05:10 AttenuationSystem update time: 634.464271ms
2025/08/05 11:05:10 Run 8 complete
2025/08/05 11:05:10 StationSystem update...
2025/08/05 11:05:10 weather update count: 1000
2025/08/05 11:05:10 StationSystem update time: 2.399µs
2025/08/05 11:05:10 SatelliteSystem update...
2025/08/05 11:05:10 satellite count: 700
2025/08/05 11:05:10 SatelliteSystem update time: 1.978225ms
2025/08/05 11:05:10 TopoSystem update...
2025/08/05 11:05:10 TopoSystem: Link count: 700000
2025/08/05 11:05:10 TopoSystem update time: 26.671681ms
2025/08/05 11:05:10 AttenuationSystem update...
2025/08/05 11:05:10 AttenuationSystem parallel flag: 0
2025/08/05 11:05:11 Attenuation computed count: 700000
2025/08/05 11:05:11 AttenuationSystem update time: 636.723745ms
2025/08/05 11:05:11 Run 9 complete
2025/08/05 11:05:11 StationSystem update...
2025/08/05 11:05:11 weather update count: 1000
2025/08/05 11:05:11 StationSystem update time: 2.997µs
2025/08/05 11:05:11 SatelliteSystem update...
2025/08/05 11:05:11 satellite count: 700
2025/08/05 11:05:11 SatelliteSystem update time: 1.970903ms
2025/08/05 11:05:11 TopoSystem update...
2025/08/05 11:05:11 TopoSystem: Link count: 700000
2025/08/05 11:05:11 TopoSystem update time: 25.858472ms
2025/08/05 11:05:11 AttenuationSystem update...
2025/08/05 11:05:11 AttenuationSystem parallel flag: 0
2025/08/05 11:05:11 Attenuation computed count: 700000
2025/08/05 11:05:11 AttenuationSystem update time: 621.347715ms
2025/08/05 11:05:11 Run 10 complete
2025/08/05 11:05:11 Total update time:  7.218878045s
2025/08/05 11:05:11 linkCache size: 40

 Performance counter stats for './scale_ecs 1000 700 10 2 2 0':

        14,972,849      cache-references                                                      
         2,826,565      cache-misses                     #   18.88% of all cache refs         

       7.227915193 seconds time elapsed

      13.564747000 seconds user
       0.078033000 seconds sys


