ECS running with 800 stations, 1700 satellites, 2 numWGs and 2 numBlocks for 10 rounds in 1 parallel pattern
2025/08/05 10:13:37 StationSystem update...
2025/08/05 10:13:37 weather update count: 800
2025/08/05 10:13:37 SatelliteSystem update...
2025/08/05 10:13:37 StationSystem update time: 3.979µs
2025/08/05 10:13:37 satellite count: 1700
2025/08/05 10:13:37 SatelliteSystem update time: 6.458141ms
2025/08/05 10:13:37 TopoSystem update...
2025/08/05 10:13:37 TopoSystem: Link count: 1360000
2025/08/05 10:13:37 TopoSystem update time: 41.219045ms
2025/08/05 10:13:37 AttenuationSystem update...
2025/08/05 10:13:37 AttenuationSystem parallel flag: 1
2025/08/05 10:13:39 Attenuation computed count: 1360000
2025/08/05 10:13:39 AttenuationSystem update time: 1.550079569s
2025/08/05 10:13:39 Run 1 complete
2025/08/05 10:13:39 StationSystem update...
2025/08/05 10:13:39 weather update count: 800
2025/08/05 10:13:39 StationSystem update time: 3.546µs
2025/08/05 10:13:39 SatelliteSystem update...
2025/08/05 10:13:39 satellite count: 1700
2025/08/05 10:13:39 SatelliteSystem update time: 4.769386ms
2025/08/05 10:13:39 TopoSystem update...
2025/08/05 10:13:39 TopoSystem: Link count: 1360000
2025/08/05 10:13:39 TopoSystem update time: 37.422496ms
2025/08/05 10:13:39 AttenuationSystem update...
2025/08/05 10:13:39 AttenuationSystem parallel flag: 1
2025/08/05 10:13:40 Attenuation computed count: 1360000
2025/08/05 10:13:40 AttenuationSystem update time: 1.508795167s
2025/08/05 10:13:40 Run 2 complete
2025/08/05 10:13:40 StationSystem update...
2025/08/05 10:13:40 weather update count: 800
2025/08/05 10:13:40 StationSystem update time: 3.148µs
2025/08/05 10:13:40 SatelliteSystem update...
2025/08/05 10:13:40 satellite count: 1700
2025/08/05 10:13:40 SatelliteSystem update time: 5.029282ms
2025/08/05 10:13:40 TopoSystem update...
2025/08/05 10:13:40 TopoSystem: Link count: 1360000
2025/08/05 10:13:40 TopoSystem update time: 31.934801ms
2025/08/05 10:13:40 AttenuationSystem update...
2025/08/05 10:13:40 AttenuationSystem parallel flag: 1
2025/08/05 10:13:42 Attenuation computed count: 1360000
2025/08/05 10:13:42 AttenuationSystem update time: 1.510903224s
2025/08/05 10:13:42 Run 3 complete
2025/08/05 10:13:42 StationSystem update...
2025/08/05 10:13:42 weather update count: 800
2025/08/05 10:13:42 StationSystem update time: 3.372µs
2025/08/05 10:13:42 SatelliteSystem update...
2025/08/05 10:13:42 satellite count: 1700
2025/08/05 10:13:42 SatelliteSystem update time: 4.774354ms
2025/08/05 10:13:42 TopoSystem update...
2025/08/05 10:13:42 TopoSystem: Link count: 1360000
2025/08/05 10:13:42 TopoSystem update time: 18.699489ms
2025/08/05 10:13:42 AttenuationSystem update...
2025/08/05 10:13:42 AttenuationSystem parallel flag: 1
2025/08/05 10:13:43 Attenuation computed count: 1360000
2025/08/05 10:13:43 AttenuationSystem update time: 1.445181678s
2025/08/05 10:13:43 Run 4 complete
2025/08/05 10:13:43 StationSystem update...
2025/08/05 10:13:43 weather update count: 800
2025/08/05 10:13:43 StationSystem update time: 3.458µs
2025/08/05 10:13:43 SatelliteSystem update...
2025/08/05 10:13:43 satellite count: 1700
2025/08/05 10:13:43 SatelliteSystem update time: 11.679918ms
2025/08/05 10:13:43 TopoSystem update...
2025/08/05 10:13:43 TopoSystem: Link count: 1360000
2025/08/05 10:13:43 TopoSystem update time: 19.146815ms
2025/08/05 10:13:43 AttenuationSystem update...
2025/08/05 10:13:43 AttenuationSystem parallel flag: 1
2025/08/05 10:13:45 Attenuation computed count: 1360000
2025/08/05 10:13:45 AttenuationSystem update time: 1.556484097s
2025/08/05 10:13:45 Run 5 complete
2025/08/05 10:13:45 StationSystem update...
2025/08/05 10:13:45 weather update count: 800
2025/08/05 10:13:45 StationSystem update time: 3.18µs
2025/08/05 10:13:45 SatelliteSystem update...
2025/08/05 10:13:45 satellite count: 1700
2025/08/05 10:13:45 SatelliteSystem update time: 13.594123ms
2025/08/05 10:13:45 TopoSystem update...
2025/08/05 10:13:45 TopoSystem: Link count: 1360000
2025/08/05 10:13:45 TopoSystem update time: 22.668568ms
2025/08/05 10:13:45 AttenuationSystem update...
2025/08/05 10:13:45 AttenuationSystem parallel flag: 1
2025/08/05 10:13:46 Attenuation computed count: 1360000
2025/08/05 10:13:46 AttenuationSystem update time: 1.333946039s
2025/08/05 10:13:46 Run 6 complete
2025/08/05 10:13:46 StationSystem update...
2025/08/05 10:13:46 weather update count: 800
2025/08/05 10:13:46 StationSystem update time: 2.654µs
2025/08/05 10:13:46 SatelliteSystem update...
2025/08/05 10:13:46 satellite count: 1700
2025/08/05 10:13:46 SatelliteSystem update time: 4.794782ms
2025/08/05 10:13:46 TopoSystem update...
2025/08/05 10:13:46 TopoSystem: Link count: 1360000
2025/08/05 10:13:46 TopoSystem update time: 15.988374ms
2025/08/05 10:13:46 AttenuationSystem update...
2025/08/05 10:13:46 AttenuationSystem parallel flag: 1
2025/08/05 10:13:48 Attenuation computed count: 1360000
2025/08/05 10:13:48 AttenuationSystem update time: 1.565233868s
2025/08/05 10:13:48 Run 7 complete
2025/08/05 10:13:48 StationSystem update...
2025/08/05 10:13:48 weather update count: 800
2025/08/05 10:13:48 StationSystem update time: 3.277µs
2025/08/05 10:13:48 SatelliteSystem update...
2025/08/05 10:13:48 satellite count: 1700
2025/08/05 10:13:48 SatelliteSystem update time: 13.807259ms
2025/08/05 10:13:48 TopoSystem update...
2025/08/05 10:13:48 TopoSystem: Link count: 1360000
2025/08/05 10:13:48 TopoSystem update time: 46.666251ms
2025/08/05 10:13:48 AttenuationSystem update...
2025/08/05 10:13:48 AttenuationSystem parallel flag: 1
2025/08/05 10:13:49 Attenuation computed count: 1360000
2025/08/05 10:13:49 AttenuationSystem update time: 1.581033323s
2025/08/05 10:13:49 Run 8 complete
2025/08/05 10:13:49 StationSystem update...
2025/08/05 10:13:49 weather update count: 800
2025/08/05 10:13:49 StationSystem update time: 3.204µs
2025/08/05 10:13:49 SatelliteSystem update...
2025/08/05 10:13:49 satellite count: 1700
2025/08/05 10:13:49 SatelliteSystem update time: 6.44787ms
2025/08/05 10:13:49 TopoSystem update...
2025/08/05 10:13:49 TopoSystem: Link count: 1360000
2025/08/05 10:13:49 TopoSystem update time: 45.35108ms
2025/08/05 10:13:49 AttenuationSystem update...
2025/08/05 10:13:49 AttenuationSystem parallel flag: 1
2025/08/05 10:13:51 Attenuation computed count: 1360000
2025/08/05 10:13:51 AttenuationSystem update time: 1.585066823s
2025/08/05 10:13:51 Run 9 complete
2025/08/05 10:13:51 StationSystem update...
2025/08/05 10:13:51 weather update count: 800
2025/08/05 10:13:51 StationSystem update time: 3.756µs
2025/08/05 10:13:51 SatelliteSystem update...
2025/08/05 10:13:51 satellite count: 1700
2025/08/05 10:13:51 SatelliteSystem update time: 6.442944ms
2025/08/05 10:13:51 TopoSystem update...
2025/08/05 10:13:51 TopoSystem: Link count: 1360000
2025/08/05 10:13:51 TopoSystem update time: 34.142128ms
2025/08/05 10:13:51 AttenuationSystem update...
2025/08/05 10:13:51 AttenuationSystem parallel flag: 1
2025/08/05 10:13:53 Attenuation computed count: 1360000
2025/08/05 10:13:53 AttenuationSystem update time: 1.584920247s
2025/08/05 10:13:53 Run 10 complete
2025/08/05 10:13:53 Total update time:  15.620655954s
2025/08/05 10:13:53 linkCache size: 40

 Performance counter stats for './scale_ecs 800 1700 10 2 2 1':

        28,683,344      cache-references                                                      
         7,243,555      cache-misses                     #   25.25% of all cache refs         

      15.634661245 seconds time elapsed

      29.333647000 seconds user
       0.090051000 seconds sys


