ECS running with 700 stations, 700 satellites, 8 numWGs and 2 numBlocks for 10 rounds in 1 parallel pattern
2025/08/05 08:55:39 StationSystem update...
2025/08/05 08:55:39 weather update count: 700
2025/08/05 08:55:39 StationSystem update time: 4.146µs
2025/08/05 08:55:39 SatelliteSystem update...
2025/08/05 08:55:39 satellite count: 700
2025/08/05 08:55:39 SatelliteSystem update time: 2.673623ms
2025/08/05 08:55:39 TopoSystem update...
2025/08/05 08:55:40 TopoSystem: Link count: 490000
2025/08/05 08:55:40 TopoSystem update time: 16.64017ms
2025/08/05 08:55:40 AttenuationSystem update...
2025/08/05 08:55:40 AttenuationSystem parallel flag: 1
2025/08/05 08:55:40 Attenuation computed count: 490000
2025/08/05 08:55:40 AttenuationSystem update time: 145.778748ms
2025/08/05 08:55:40 Run 1 complete
2025/08/05 08:55:40 StationSystem update...
2025/08/05 08:55:40 weather update count: 700
2025/08/05 08:55:40 StationSystem update time: 3.138µs
2025/08/05 08:55:40 SatelliteSystem update...
2025/08/05 08:55:40 satellite count: 700
2025/08/05 08:55:40 SatelliteSystem update time: 2.67178ms
2025/08/05 08:55:40 TopoSystem update...
2025/08/05 08:55:40 TopoSystem: Link count: 490000
2025/08/05 08:55:40 TopoSystem update time: 11.199596ms
2025/08/05 08:55:40 AttenuationSystem update...
2025/08/05 08:55:40 AttenuationSystem parallel flag: 1
2025/08/05 08:55:40 Attenuation computed count: 490000
2025/08/05 08:55:40 AttenuationSystem update time: 144.457134ms
2025/08/05 08:55:40 Run 2 complete
2025/08/05 08:55:40 StationSystem update...
2025/08/05 08:55:40 weather update count: 700
2025/08/05 08:55:40 StationSystem update time: 3.325µs
2025/08/05 08:55:40 SatelliteSystem update...
2025/08/05 08:55:40 satellite count: 700
2025/08/05 08:55:40 SatelliteSystem update time: 2.653613ms
2025/08/05 08:55:40 TopoSystem update...
2025/08/05 08:55:40 TopoSystem: Link count: 490000
2025/08/05 08:55:40 TopoSystem update time: 7.689433ms
2025/08/05 08:55:40 AttenuationSystem update...
2025/08/05 08:55:40 AttenuationSystem parallel flag: 1
2025/08/05 08:55:40 Attenuation computed count: 490000
2025/08/05 08:55:40 AttenuationSystem update time: 172.475412ms
2025/08/05 08:55:40 Run 3 complete
2025/08/05 08:55:40 StationSystem update...
2025/08/05 08:55:40 weather update count: 700
2025/08/05 08:55:40 StationSystem update time: 3.238µs
2025/08/05 08:55:40 SatelliteSystem update...
2025/08/05 08:55:40 satellite count: 700
2025/08/05 08:55:40 SatelliteSystem update time: 2.658676ms
2025/08/05 08:55:40 TopoSystem update...
2025/08/05 08:55:40 TopoSystem: Link count: 490000
2025/08/05 08:55:40 TopoSystem update time: 10.13186ms
2025/08/05 08:55:40 AttenuationSystem update...
2025/08/05 08:55:40 AttenuationSystem parallel flag: 1
2025/08/05 08:55:40 Attenuation computed count: 490000
2025/08/05 08:55:40 AttenuationSystem update time: 182.268051ms
2025/08/05 08:55:40 Run 4 complete
2025/08/05 08:55:40 StationSystem update...
2025/08/05 08:55:40 weather update count: 700
2025/08/05 08:55:40 StationSystem update time: 3.46µs
2025/08/05 08:55:40 SatelliteSystem update...
2025/08/05 08:55:40 satellite count: 700
2025/08/05 08:55:40 SatelliteSystem update time: 2.656435ms
2025/08/05 08:55:40 TopoSystem update...
2025/08/05 08:55:40 TopoSystem: Link count: 490000
2025/08/05 08:55:40 TopoSystem update time: 8.149193ms
2025/08/05 08:55:40 AttenuationSystem update...
2025/08/05 08:55:40 AttenuationSystem parallel flag: 1
2025/08/05 08:55:40 Attenuation computed count: 490000
2025/08/05 08:55:40 AttenuationSystem update time: 164.516851ms
2025/08/05 08:55:40 Run 5 complete
2025/08/05 08:55:40 StationSystem update...
2025/08/05 08:55:40 weather update count: 700
2025/08/05 08:55:40 StationSystem update time: 2.909µs
2025/08/05 08:55:40 SatelliteSystem update...
2025/08/05 08:55:40 satellite count: 700
2025/08/05 08:55:40 SatelliteSystem update time: 2.660289ms
2025/08/05 08:55:40 TopoSystem update...
2025/08/05 08:55:40 TopoSystem: Link count: 490000
2025/08/05 08:55:40 TopoSystem update time: 7.4297ms
2025/08/05 08:55:40 AttenuationSystem update...
2025/08/05 08:55:40 AttenuationSystem parallel flag: 1
2025/08/05 08:55:41 Attenuation computed count: 490000
2025/08/05 08:55:41 AttenuationSystem update time: 164.407129ms
2025/08/05 08:55:41 Run 6 complete
2025/08/05 08:55:41 StationSystem update...
2025/08/05 08:55:41 weather update count: 700
2025/08/05 08:55:41 StationSystem update time: 2.864µs
2025/08/05 08:55:41 SatelliteSystem update...
2025/08/05 08:55:41 satellite count: 700
2025/08/05 08:55:41 SatelliteSystem update time: 2.654598ms
2025/08/05 08:55:41 TopoSystem update...
2025/08/05 08:55:41 TopoSystem: Link count: 490000
2025/08/05 08:55:41 TopoSystem update time: 19.560536ms
2025/08/05 08:55:41 AttenuationSystem update...
2025/08/05 08:55:41 AttenuationSystem parallel flag: 1
2025/08/05 08:55:41 Attenuation computed count: 490000
2025/08/05 08:55:41 AttenuationSystem update time: 158.977715ms
2025/08/05 08:55:41 Run 7 complete
2025/08/05 08:55:41 StationSystem update...
2025/08/05 08:55:41 weather update count: 700
2025/08/05 08:55:41 StationSystem update time: 3.095µs
2025/08/05 08:55:41 SatelliteSystem update...
2025/08/05 08:55:41 satellite count: 700
2025/08/05 08:55:41 SatelliteSystem update time: 2.667055ms
2025/08/05 08:55:41 TopoSystem update...
2025/08/05 08:55:41 TopoSystem: Link count: 490000
2025/08/05 08:55:41 TopoSystem update time: 9.795301ms
2025/08/05 08:55:41 AttenuationSystem update...
2025/08/05 08:55:41 AttenuationSystem parallel flag: 1
2025/08/05 08:55:41 Attenuation computed count: 490000
2025/08/05 08:55:41 AttenuationSystem update time: 161.463618ms
2025/08/05 08:55:41 Run 8 complete
2025/08/05 08:55:41 StationSystem update...
2025/08/05 08:55:41 weather update count: 700
2025/08/05 08:55:41 StationSystem update time: 3.079µs
2025/08/05 08:55:41 SatelliteSystem update...
2025/08/05 08:55:41 satellite count: 700
2025/08/05 08:55:41 SatelliteSystem update time: 2.650897ms
2025/08/05 08:55:41 TopoSystem update...
2025/08/05 08:55:41 TopoSystem: Link count: 490000
2025/08/05 08:55:41 TopoSystem update time: 8.175045ms
2025/08/05 08:55:41 AttenuationSystem update...
2025/08/05 08:55:41 AttenuationSystem parallel flag: 1
2025/08/05 08:55:41 Attenuation computed count: 490000
2025/08/05 08:55:41 AttenuationSystem update time: 176.481126ms
2025/08/05 08:55:41 Run 9 complete
2025/08/05 08:55:41 StationSystem update...
2025/08/05 08:55:41 weather update count: 700
2025/08/05 08:55:41 StationSystem update time: 3.07µs
2025/08/05 08:55:41 SatelliteSystem update...
2025/08/05 08:55:41 satellite count: 700
2025/08/05 08:55:41 SatelliteSystem update time: 2.665788ms
2025/08/05 08:55:41 TopoSystem update...
2025/08/05 08:55:41 TopoSystem: Link count: 490000
2025/08/05 08:55:41 TopoSystem update time: 19.165277ms
2025/08/05 08:55:41 AttenuationSystem update...
2025/08/05 08:55:41 AttenuationSystem parallel flag: 1
2025/08/05 08:55:41 Attenuation computed count: 490000
2025/08/05 08:55:41 AttenuationSystem update time: 158.51333ms
2025/08/05 08:55:41 Run 10 complete
2025/08/05 08:55:41 Total update time:  1.777301121s
2025/08/05 08:55:41 linkCache size: 40

 Performance counter stats for './scale_ecs 700 700 10 8 2 1':

        10,964,431      cache-references                                                      
         1,153,563      cache-misses                     #   10.52% of all cache refs         

       1.782229282 seconds time elapsed

      10.983998000 seconds user
       0.044028000 seconds sys


