ECS running with 800 stations, 900 satellites, 4 numWGs and 4 numBlocks for 10 rounds in 0 parallel pattern
2025/08/05 09:29:14 StationSystem update...
2025/08/05 09:29:14 weather update count: 800
2025/08/05 09:29:14 StationSystem update time: 6.647µs
2025/08/05 09:29:14 SatelliteSystem update...
2025/08/05 09:29:14 satellite count: 900
2025/08/05 09:29:14 SatelliteSystem update time: 3.193285ms
2025/08/05 09:29:14 TopoSystem update...
2025/08/05 09:29:14 TopoSystem: Link count: 720000
2025/08/05 09:29:14 TopoSystem update time: 18.742796ms
2025/08/05 09:29:14 AttenuationSystem update...
2025/08/05 09:29:14 AttenuationSystem parallel flag: 0
2025/08/05 09:29:15 Attenuation computed count: 720000
2025/08/05 09:29:15 AttenuationSystem update time: 342.960356ms
2025/08/05 09:29:15 Run 1 complete
2025/08/05 09:29:15 StationSystem update...
2025/08/05 09:29:15 weather update count: 800
2025/08/05 09:29:15 StationSystem update time: 2.735µs
2025/08/05 09:29:15 SatelliteSystem update...
2025/08/05 09:29:15 satellite count: 900
2025/08/05 09:29:15 SatelliteSystem update time: 2.520491ms
2025/08/05 09:29:15 TopoSystem update...
2025/08/05 09:29:15 TopoSystem: Link count: 720000
2025/08/05 09:29:15 TopoSystem update time: 17.284376ms
2025/08/05 09:29:15 AttenuationSystem update...
2025/08/05 09:29:15 AttenuationSystem parallel flag: 0
2025/08/05 09:29:15 Attenuation computed count: 720000
2025/08/05 09:29:15 AttenuationSystem update time: 383.515954ms
2025/08/05 09:29:15 Run 2 complete
2025/08/05 09:29:15 StationSystem update...
2025/08/05 09:29:15 weather update count: 800
2025/08/05 09:29:15 StationSystem update time: 2.608µs
2025/08/05 09:29:15 SatelliteSystem update...
2025/08/05 09:29:15 satellite count: 900
2025/08/05 09:29:15 SatelliteSystem update time: 2.524903ms
2025/08/05 09:29:15 TopoSystem update...
2025/08/05 09:29:15 TopoSystem: Link count: 720000
2025/08/05 09:29:15 TopoSystem update time: 8.393481ms
2025/08/05 09:29:15 AttenuationSystem update...
2025/08/05 09:29:15 AttenuationSystem parallel flag: 0
2025/08/05 09:29:15 Attenuation computed count: 720000
2025/08/05 09:29:15 AttenuationSystem update time: 334.994969ms
2025/08/05 09:29:15 Run 3 complete
2025/08/05 09:29:15 StationSystem update...
2025/08/05 09:29:15 weather update count: 800
2025/08/05 09:29:15 StationSystem update time: 2.737µs
2025/08/05 09:29:15 SatelliteSystem update...
2025/08/05 09:29:15 satellite count: 900
2025/08/05 09:29:15 SatelliteSystem update time: 2.522869ms
2025/08/05 09:29:15 TopoSystem update...
2025/08/05 09:29:15 TopoSystem: Link count: 720000
2025/08/05 09:29:15 TopoSystem update time: 14.926176ms
2025/08/05 09:29:15 AttenuationSystem update...
2025/08/05 09:29:15 AttenuationSystem parallel flag: 0
2025/08/05 09:29:16 Attenuation computed count: 720000
2025/08/05 09:29:16 AttenuationSystem update time: 354.66645ms
2025/08/05 09:29:16 Run 4 complete
2025/08/05 09:29:16 StationSystem update...
2025/08/05 09:29:16 weather update count: 800
2025/08/05 09:29:16 StationSystem update time: 3.727µs
2025/08/05 09:29:16 SatelliteSystem update...
2025/08/05 09:29:16 satellite count: 900
2025/08/05 09:29:16 SatelliteSystem update time: 2.527227ms
2025/08/05 09:29:16 TopoSystem update...
2025/08/05 09:29:16 TopoSystem: Link count: 720000
2025/08/05 09:29:16 TopoSystem update time: 12.986561ms
2025/08/05 09:29:16 AttenuationSystem update...
2025/08/05 09:29:16 AttenuationSystem parallel flag: 0
2025/08/05 09:29:16 Attenuation computed count: 720000
2025/08/05 09:29:16 AttenuationSystem update time: 350.868164ms
2025/08/05 09:29:16 Run 5 complete
2025/08/05 09:29:16 StationSystem update...
2025/08/05 09:29:16 weather update count: 800
2025/08/05 09:29:16 StationSystem update time: 2.922µs
2025/08/05 09:29:16 SatelliteSystem update...
2025/08/05 09:29:16 satellite count: 900
2025/08/05 09:29:16 SatelliteSystem update time: 2.52558ms
2025/08/05 09:29:16 TopoSystem update...
2025/08/05 09:29:16 TopoSystem: Link count: 720000
2025/08/05 09:29:16 TopoSystem update time: 8.321429ms
2025/08/05 09:29:16 AttenuationSystem update...
2025/08/05 09:29:16 AttenuationSystem parallel flag: 0
2025/08/05 09:29:16 Attenuation computed count: 720000
2025/08/05 09:29:16 AttenuationSystem update time: 410.14167ms
2025/08/05 09:29:16 Run 6 complete
2025/08/05 09:29:16 StationSystem update...
2025/08/05 09:29:16 weather update count: 800
2025/08/05 09:29:16 StationSystem update time: 3.901µs
2025/08/05 09:29:16 SatelliteSystem update...
2025/08/05 09:29:16 satellite count: 900
2025/08/05 09:29:16 SatelliteSystem update time: 3.025778ms
2025/08/05 09:29:16 TopoSystem update...
2025/08/05 09:29:16 TopoSystem: Link count: 720000
2025/08/05 09:29:16 TopoSystem update time: 10.122975ms
2025/08/05 09:29:16 AttenuationSystem update...
2025/08/05 09:29:16 AttenuationSystem parallel flag: 0
2025/08/05 09:29:17 Attenuation computed count: 720000
2025/08/05 09:29:17 AttenuationSystem update time: 353.69145ms
2025/08/05 09:29:17 Run 7 complete
2025/08/05 09:29:17 StationSystem update...
2025/08/05 09:29:17 weather update count: 800
2025/08/05 09:29:17 StationSystem update time: 2.803µs
2025/08/05 09:29:17 SatelliteSystem update...
2025/08/05 09:29:17 satellite count: 900
2025/08/05 09:29:17 SatelliteSystem update time: 2.54324ms
2025/08/05 09:29:17 TopoSystem update...
2025/08/05 09:29:17 TopoSystem: Link count: 720000
2025/08/05 09:29:17 TopoSystem update time: 8.113638ms
2025/08/05 09:29:17 AttenuationSystem update...
2025/08/05 09:29:17 AttenuationSystem parallel flag: 0
2025/08/05 09:29:17 Attenuation computed count: 720000
2025/08/05 09:29:17 AttenuationSystem update time: 395.400882ms
2025/08/05 09:29:17 Run 8 complete
2025/08/05 09:29:17 StationSystem update...
2025/08/05 09:29:17 weather update count: 800
2025/08/05 09:29:17 StationSystem update time: 3.551µs
2025/08/05 09:29:17 SatelliteSystem update...
2025/08/05 09:29:17 satellite count: 900
2025/08/05 09:29:17 SatelliteSystem update time: 3.411633ms
2025/08/05 09:29:17 TopoSystem update...
2025/08/05 09:29:17 TopoSystem: Link count: 720000
2025/08/05 09:29:17 TopoSystem update time: 10.481694ms
2025/08/05 09:29:17 AttenuationSystem update...
2025/08/05 09:29:17 AttenuationSystem parallel flag: 0
2025/08/05 09:29:18 Attenuation computed count: 720000
2025/08/05 09:29:18 AttenuationSystem update time: 378.766946ms
2025/08/05 09:29:18 Run 9 complete
2025/08/05 09:29:18 StationSystem update...
2025/08/05 09:29:18 SatelliteSystem update...
2025/08/05 09:29:18 weather update count: 800
2025/08/05 09:29:18 StationSystem update time: 6.003µs
2025/08/05 09:29:18 satellite count: 900
2025/08/05 09:29:18 SatelliteSystem update time: 2.531077ms
2025/08/05 09:29:18 TopoSystem update...
2025/08/05 09:29:18 TopoSystem: Link count: 720000
2025/08/05 09:29:18 TopoSystem update time: 15.972611ms
2025/08/05 09:29:18 AttenuationSystem update...
2025/08/05 09:29:18 AttenuationSystem parallel flag: 0
2025/08/05 09:29:18 Attenuation computed count: 720000
2025/08/05 09:29:18 AttenuationSystem update time: 438.476891ms
2025/08/05 09:29:18 Run 10 complete
2025/08/05 09:29:18 Total update time:  3.902098316s
2025/08/05 09:29:18 linkCache size: 40

 Performance counter stats for './scale_ecs 800 900 10 4 4 0':

        15,112,480      cache-references                                                      
         2,595,796      cache-misses                     #   17.18% of all cache refs         

       3.908551645 seconds time elapsed

      13.779658000 seconds user
       0.039990000 seconds sys


