ECS running with 700 stations, 1400 satellites, 8 numWGs and 4 numBlocks for 10 rounds in 0 parallel pattern
2025/08/05 09:07:36 StationSystem update...
2025/08/05 09:07:36 weather update count: 700
2025/08/05 09:07:36 StationSystem update time: 4.576µs
2025/08/05 09:07:36 SatelliteSystem update...
2025/08/05 09:07:36 satellite count: 1400
2025/08/05 09:07:36 SatelliteSystem update time: 5.310337ms
2025/08/05 09:07:36 TopoSystem update...
2025/08/05 09:07:36 TopoSystem: Link count: 980000
2025/08/05 09:07:36 TopoSystem update time: 26.926577ms
2025/08/05 09:07:36 AttenuationSystem update...
2025/08/05 09:07:36 AttenuationSystem parallel flag: 0
2025/08/05 09:07:37 Attenuation computed count: 980000
2025/08/05 09:07:37 AttenuationSystem update time: 528.68505ms
2025/08/05 09:07:37 Run 1 complete
2025/08/05 09:07:37 StationSystem update...
2025/08/05 09:07:37 weather update count: 700
2025/08/05 09:07:37 StationSystem update time: 2.872µs
2025/08/05 09:07:37 SatelliteSystem update...
2025/08/05 09:07:37 satellite count: 1400
2025/08/05 09:07:37 SatelliteSystem update time: 3.944497ms
2025/08/05 09:07:37 TopoSystem update...
2025/08/05 09:07:37 TopoSystem: Link count: 980000
2025/08/05 09:07:37 TopoSystem update time: 22.871198ms
2025/08/05 09:07:37 AttenuationSystem update...
2025/08/05 09:07:37 AttenuationSystem parallel flag: 0
2025/08/05 09:07:37 Attenuation computed count: 980000
2025/08/05 09:07:37 AttenuationSystem update time: 557.811615ms
2025/08/05 09:07:37 Run 2 complete
2025/08/05 09:07:37 StationSystem update...
2025/08/05 09:07:37 weather update count: 700
2025/08/05 09:07:37 StationSystem update time: 3.602µs
2025/08/05 09:07:37 SatelliteSystem update...
2025/08/05 09:07:37 satellite count: 1400
2025/08/05 09:07:37 SatelliteSystem update time: 4.633678ms
2025/08/05 09:07:37 TopoSystem update...
2025/08/05 09:07:37 TopoSystem: Link count: 980000
2025/08/05 09:07:37 TopoSystem update time: 13.692554ms
2025/08/05 09:07:37 AttenuationSystem update...
2025/08/05 09:07:37 AttenuationSystem parallel flag: 0
2025/08/05 09:07:38 Attenuation computed count: 980000
2025/08/05 09:07:38 AttenuationSystem update time: 488.473482ms
2025/08/05 09:07:38 Run 3 complete
2025/08/05 09:07:38 StationSystem update...
2025/08/05 09:07:38 weather update count: 700
2025/08/05 09:07:38 StationSystem update time: 3.096µs
2025/08/05 09:07:38 SatelliteSystem update...
2025/08/05 09:07:38 satellite count: 1400
2025/08/05 09:07:38 SatelliteSystem update time: 5.298571ms
2025/08/05 09:07:38 TopoSystem update...
2025/08/05 09:07:38 TopoSystem: Link count: 980000
2025/08/05 09:07:38 TopoSystem update time: 15.845014ms
2025/08/05 09:07:38 AttenuationSystem update...
2025/08/05 09:07:38 AttenuationSystem parallel flag: 0
2025/08/05 09:07:38 Attenuation computed count: 980000
2025/08/05 09:07:38 AttenuationSystem update time: 592.280063ms
2025/08/05 09:07:38 Run 4 complete
2025/08/05 09:07:38 StationSystem update...
2025/08/05 09:07:38 weather update count: 700
2025/08/05 09:07:38 StationSystem update time: 3.205µs
2025/08/05 09:07:38 SatelliteSystem update...
2025/08/05 09:07:38 satellite count: 1400
2025/08/05 09:07:38 SatelliteSystem update time: 5.296404ms
2025/08/05 09:07:38 TopoSystem update...
2025/08/05 09:07:38 TopoSystem: Link count: 980000
2025/08/05 09:07:38 TopoSystem update time: 14.893746ms
2025/08/05 09:07:38 AttenuationSystem update...
2025/08/05 09:07:38 AttenuationSystem parallel flag: 0
2025/08/05 09:07:39 Attenuation computed count: 980000
2025/08/05 09:07:39 AttenuationSystem update time: 519.44904ms
2025/08/05 09:07:39 Run 5 complete
2025/08/05 09:07:39 StationSystem update...
2025/08/05 09:07:39 weather update count: 700
2025/08/05 09:07:39 StationSystem update time: 3.559µs
2025/08/05 09:07:39 SatelliteSystem update...
2025/08/05 09:07:39 satellite count: 1400
2025/08/05 09:07:39 SatelliteSystem update time: 3.981892ms
2025/08/05 09:07:39 TopoSystem update...
2025/08/05 09:07:39 TopoSystem: Link count: 980000
2025/08/05 09:07:39 TopoSystem update time: 22.255607ms
2025/08/05 09:07:39 AttenuationSystem update...
2025/08/05 09:07:39 AttenuationSystem parallel flag: 0
2025/08/05 09:07:39 Attenuation computed count: 980000
2025/08/05 09:07:39 AttenuationSystem update time: 568.800652ms
2025/08/05 09:07:39 Run 6 complete
2025/08/05 09:07:39 StationSystem update...
2025/08/05 09:07:39 weather update count: 700
2025/08/05 09:07:39 StationSystem update time: 3.701µs
2025/08/05 09:07:39 SatelliteSystem update...
2025/08/05 09:07:39 satellite count: 1400
2025/08/05 09:07:39 SatelliteSystem update time: 3.949504ms
2025/08/05 09:07:39 TopoSystem update...
2025/08/05 09:07:40 TopoSystem: Link count: 980000
2025/08/05 09:07:40 TopoSystem update time: 13.428297ms
2025/08/05 09:07:40 AttenuationSystem update...
2025/08/05 09:07:40 AttenuationSystem parallel flag: 0
2025/08/05 09:07:40 Attenuation computed count: 980000
2025/08/05 09:07:40 AttenuationSystem update time: 496.25878ms
2025/08/05 09:07:40 Run 7 complete
2025/08/05 09:07:40 StationSystem update...
2025/08/05 09:07:40 weather update count: 700
2025/08/05 09:07:40 StationSystem update time: 2.799µs
2025/08/05 09:07:40 SatelliteSystem update...
2025/08/05 09:07:40 satellite count: 1400
2025/08/05 09:07:40 SatelliteSystem update time: 3.945113ms
2025/08/05 09:07:40 TopoSystem update...
2025/08/05 09:07:40 TopoSystem: Link count: 980000
2025/08/05 09:07:40 TopoSystem update time: 12.603082ms
2025/08/05 09:07:40 AttenuationSystem update...
2025/08/05 09:07:40 AttenuationSystem parallel flag: 0
2025/08/05 09:07:41 Attenuation computed count: 980000
2025/08/05 09:07:41 AttenuationSystem update time: 483.90086ms
2025/08/05 09:07:41 Run 8 complete
2025/08/05 09:07:41 StationSystem update...
2025/08/05 09:07:41 weather update count: 700
2025/08/05 09:07:41 StationSystem update time: 3.345µs
2025/08/05 09:07:41 SatelliteSystem update...
2025/08/05 09:07:41 satellite count: 1400
2025/08/05 09:07:41 SatelliteSystem update time: 3.96165ms
2025/08/05 09:07:41 TopoSystem update...
2025/08/05 09:07:41 TopoSystem: Link count: 980000
2025/08/05 09:07:41 TopoSystem update time: 17.526421ms
2025/08/05 09:07:41 AttenuationSystem update...
2025/08/05 09:07:41 AttenuationSystem parallel flag: 0
2025/08/05 09:07:41 Attenuation computed count: 980000
2025/08/05 09:07:41 AttenuationSystem update time: 579.835684ms
2025/08/05 09:07:41 Run 9 complete
2025/08/05 09:07:41 StationSystem update...
2025/08/05 09:07:41 weather update count: 700
2025/08/05 09:07:41 StationSystem update time: 3.32µs
2025/08/05 09:07:41 SatelliteSystem update...
2025/08/05 09:07:41 satellite count: 1400
2025/08/05 09:07:41 SatelliteSystem update time: 5.299905ms
2025/08/05 09:07:41 TopoSystem update...
2025/08/05 09:07:41 TopoSystem: Link count: 980000
2025/08/05 09:07:41 TopoSystem update time: 13.075109ms
2025/08/05 09:07:41 AttenuationSystem update...
2025/08/05 09:07:41 AttenuationSystem parallel flag: 0
2025/08/05 09:07:42 Attenuation computed count: 980000
2025/08/05 09:07:42 AttenuationSystem update time: 545.044623ms
2025/08/05 09:07:42 Run 10 complete
2025/08/05 09:07:42 Total update time:  5.58716746s
2025/08/05 09:07:42 linkCache size: 40

 Performance counter stats for './scale_ecs 700 1400 10 8 4 0':

        20,488,149      cache-references                                                      
         4,413,777      cache-misses                     #   21.54% of all cache refs         

       5.594805134 seconds time elapsed

      19.424170000 seconds user
       0.044054000 seconds sys


