ECS running with 900 stations, 1900 satellites, 2 numWGs and 2 numBlocks for 10 rounds in 0 parallel pattern
2025/08/05 10:55:52 StationSystem update...
2025/08/05 10:55:52 weather update count: 900
2025/08/05 10:55:52 StationSystem update time: 4.995µs
2025/08/05 10:55:52 SatelliteSystem update...
2025/08/05 10:55:52 satellite count: 1900
2025/08/05 10:55:52 SatelliteSystem update time: 7.184583ms
2025/08/05 10:55:52 TopoSystem update...
2025/08/05 10:55:52 TopoSystem: Link count: 1710000
2025/08/05 10:55:52 TopoSystem update time: 52.188764ms
2025/08/05 10:55:52 AttenuationSystem update...
2025/08/05 10:55:52 AttenuationSystem parallel flag: 0
2025/08/05 10:55:54 Attenuation computed count: 1710000
2025/08/05 10:55:54 AttenuationSystem update time: 1.797222439s
2025/08/05 10:55:54 Run 1 complete
2025/08/05 10:55:54 StationSystem update...
2025/08/05 10:55:54 weather update count: 900
2025/08/05 10:55:54 StationSystem update time: 2.978µs
2025/08/05 10:55:54 SatelliteSystem update...
2025/08/05 10:55:54 satellite count: 1900
2025/08/05 10:55:54 SatelliteSystem update time: 17.995243ms
2025/08/05 10:55:54 TopoSystem update...
2025/08/05 10:55:54 TopoSystem: Link count: 1710000
2025/08/05 10:55:54 TopoSystem update time: 32.084713ms
2025/08/05 10:55:54 AttenuationSystem update...
2025/08/05 10:55:54 AttenuationSystem parallel flag: 0
2025/08/05 10:55:56 Attenuation computed count: 1710000
2025/08/05 10:55:56 AttenuationSystem update time: 1.982541465s
2025/08/05 10:55:56 Run 2 complete
2025/08/05 10:55:56 StationSystem update...
2025/08/05 10:55:56 weather update count: 900
2025/08/05 10:55:56 StationSystem update time: 3.472µs
2025/08/05 10:55:56 SatelliteSystem update...
2025/08/05 10:55:56 satellite count: 1900
2025/08/05 10:55:56 SatelliteSystem update time: 7.168218ms
2025/08/05 10:55:56 TopoSystem update...
2025/08/05 10:55:56 TopoSystem: Link count: 1710000
2025/08/05 10:55:56 TopoSystem update time: 26.570429ms
2025/08/05 10:55:56 AttenuationSystem update...
2025/08/05 10:55:56 AttenuationSystem parallel flag: 0
2025/08/05 10:55:58 Attenuation computed count: 1710000
2025/08/05 10:55:58 AttenuationSystem update time: 1.738853485s
2025/08/05 10:55:58 Run 3 complete
2025/08/05 10:55:58 StationSystem update...
2025/08/05 10:55:58 weather update count: 900
2025/08/05 10:55:58 StationSystem update time: 2.998µs
2025/08/05 10:55:58 SatelliteSystem update...
2025/08/05 10:55:58 satellite count: 1900
2025/08/05 10:55:58 SatelliteSystem update time: 5.456552ms
2025/08/05 10:55:58 TopoSystem update...
2025/08/05 10:55:58 TopoSystem: Link count: 1710000
2025/08/05 10:55:58 TopoSystem update time: 54.519667ms
2025/08/05 10:55:58 AttenuationSystem update...
2025/08/05 10:55:58 AttenuationSystem parallel flag: 0
2025/08/05 10:56:00 Attenuation computed count: 1710000
2025/08/05 10:56:00 AttenuationSystem update time: 1.952532896s
2025/08/05 10:56:00 Run 4 complete
2025/08/05 10:56:00 StationSystem update...
2025/08/05 10:56:00 weather update count: 900
2025/08/05 10:56:00 StationSystem update time: 3.648µs
2025/08/05 10:56:00 SatelliteSystem update...
2025/08/05 10:56:00 satellite count: 1900
2025/08/05 10:56:00 SatelliteSystem update time: 17.976822ms
2025/08/05 10:56:00 TopoSystem update...
2025/08/05 10:56:00 TopoSystem: Link count: 1710000
2025/08/05 10:56:00 TopoSystem update time: 57.016815ms
2025/08/05 10:56:00 AttenuationSystem update...
2025/08/05 10:56:00 AttenuationSystem parallel flag: 0
2025/08/05 10:56:02 Attenuation computed count: 1710000
2025/08/05 10:56:02 AttenuationSystem update time: 1.953420484s
2025/08/05 10:56:02 Run 5 complete
2025/08/05 10:56:02 StationSystem update...
2025/08/05 10:56:02 weather update count: 900
2025/08/05 10:56:02 StationSystem update time: 3.763µs
2025/08/05 10:56:02 SatelliteSystem update...
2025/08/05 10:56:02 satellite count: 1900
2025/08/05 10:56:02 SatelliteSystem update time: 17.980444ms
2025/08/05 10:56:02 TopoSystem update...
2025/08/05 10:56:02 TopoSystem: Link count: 1710000
2025/08/05 10:56:02 TopoSystem update time: 57.387384ms
2025/08/05 10:56:02 AttenuationSystem update...
2025/08/05 10:56:02 AttenuationSystem parallel flag: 0
2025/08/05 10:56:04 Attenuation computed count: 1710000
2025/08/05 10:56:04 AttenuationSystem update time: 1.9688123s
2025/08/05 10:56:04 Run 6 complete
2025/08/05 10:56:04 StationSystem update...
2025/08/05 10:56:04 weather update count: 900
2025/08/05 10:56:04 StationSystem update time: 2.498µs
2025/08/05 10:56:04 SatelliteSystem update...
2025/08/05 10:56:04 satellite count: 1900
2025/08/05 10:56:04 SatelliteSystem update time: 5.323138ms
2025/08/05 10:56:04 TopoSystem update...
2025/08/05 10:56:04 TopoSystem: Link count: 1710000
2025/08/05 10:56:04 TopoSystem update time: 54.136872ms
2025/08/05 10:56:04 AttenuationSystem update...
2025/08/05 10:56:04 AttenuationSystem parallel flag: 0
2025/08/05 10:56:06 Attenuation computed count: 1710000
2025/08/05 10:56:06 AttenuationSystem update time: 1.957211019s
2025/08/05 10:56:06 Run 7 complete
2025/08/05 10:56:06 StationSystem update...
2025/08/05 10:56:06 weather update count: 900
2025/08/05 10:56:06 StationSystem update time: 4.018µs
2025/08/05 10:56:06 SatelliteSystem update...
2025/08/05 10:56:06 satellite count: 1900
2025/08/05 10:56:06 SatelliteSystem update time: 5.852773ms
2025/08/05 10:56:06 TopoSystem update...
2025/08/05 10:56:06 TopoSystem: Link count: 1710000
2025/08/05 10:56:06 TopoSystem update time: 25.673851ms
2025/08/05 10:56:06 AttenuationSystem update...
2025/08/05 10:56:06 AttenuationSystem parallel flag: 0
2025/08/05 10:56:08 Attenuation computed count: 1710000
2025/08/05 10:56:08 AttenuationSystem update time: 1.773435269s
2025/08/05 10:56:08 Run 8 complete
2025/08/05 10:56:08 StationSystem update...
2025/08/05 10:56:08 weather update count: 900
2025/08/05 10:56:08 StationSystem update time: 3.991µs
2025/08/05 10:56:08 SatelliteSystem update...
2025/08/05 10:56:08 satellite count: 1900
2025/08/05 10:56:08 SatelliteSystem update time: 7.167114ms
2025/08/05 10:56:08 TopoSystem update...
2025/08/05 10:56:08 TopoSystem: Link count: 1710000
2025/08/05 10:56:08 TopoSystem update time: 54.920597ms
2025/08/05 10:56:08 AttenuationSystem update...
2025/08/05 10:56:08 AttenuationSystem parallel flag: 0
2025/08/05 10:56:10 Attenuation computed count: 1710000
2025/08/05 10:56:10 AttenuationSystem update time: 1.963792677s
2025/08/05 10:56:10 Run 9 complete
2025/08/05 10:56:10 StationSystem update...
2025/08/05 10:56:10 weather update count: 900
2025/08/05 10:56:10 StationSystem update time: 3.749µs
2025/08/05 10:56:10 SatelliteSystem update...
2025/08/05 10:56:10 satellite count: 1900
2025/08/05 10:56:10 SatelliteSystem update time: 7.192595ms
2025/08/05 10:56:10 TopoSystem update...
2025/08/05 10:56:10 TopoSystem: Link count: 1710000
2025/08/05 10:56:10 TopoSystem update time: 25.688588ms
2025/08/05 10:56:10 AttenuationSystem update...
2025/08/05 10:56:10 AttenuationSystem parallel flag: 0
2025/08/05 10:56:12 Attenuation computed count: 1710000
2025/08/05 10:56:12 AttenuationSystem update time: 1.982766633s
2025/08/05 10:56:12 Run 10 complete
2025/08/05 10:56:12 Total update time:  19.621572322s
2025/08/05 10:56:12 linkCache size: 40

 Performance counter stats for './scale_ecs 900 1900 10 2 2 0':

        35,892,166      cache-references                                                      
         8,784,233      cache-misses                     #   24.47% of all cache refs         

      19.638221181 seconds time elapsed

      36.207949000 seconds user
       0.133025000 seconds sys


