ECS running with 600 stations, 1800 satellites, 4 numWGs and 8 numBlocks for 10 rounds in 1 parallel pattern
2025/08/05 08:46:42 StationSystem update...
2025/08/05 08:46:42 SatelliteSystem update...
2025/08/05 08:46:42 weather update count: 600
2025/08/05 08:46:42 StationSystem update time: 5.472µs
2025/08/05 08:46:42 satellite count: 1800
2025/08/05 08:46:42 SatelliteSystem update time: 6.801652ms
2025/08/05 08:46:42 TopoSystem update...
2025/08/05 08:46:42 TopoSystem: Link count: 1080000
2025/08/05 08:46:42 TopoSystem update time: 31.640454ms
2025/08/05 08:46:42 AttenuationSystem update...
2025/08/05 08:46:42 AttenuationSystem parallel flag: 1
2025/08/05 08:46:43 Attenuation computed count: 1080000
2025/08/05 08:46:43 AttenuationSystem update time: 617.167096ms
2025/08/05 08:46:43 Run 1 complete
2025/08/05 08:46:43 StationSystem update...
2025/08/05 08:46:43 weather update count: 600
2025/08/05 08:46:43 StationSystem update time: 3.118µs
2025/08/05 08:46:43 SatelliteSystem update...
2025/08/05 08:46:43 satellite count: 1800
2025/08/05 08:46:43 SatelliteSystem update time: 6.8001ms
2025/08/05 08:46:43 TopoSystem update...
2025/08/05 08:46:43 TopoSystem: Link count: 1080000
2025/08/05 08:46:43 TopoSystem update time: 29.976926ms
2025/08/05 08:46:43 AttenuationSystem update...
2025/08/05 08:46:43 AttenuationSystem parallel flag: 1
2025/08/05 08:46:44 Attenuation computed count: 1080000
2025/08/05 08:46:44 AttenuationSystem update time: 634.07241ms
2025/08/05 08:46:44 Run 2 complete
2025/08/05 08:46:44 StationSystem update...
2025/08/05 08:46:44 weather update count: 600
2025/08/05 08:46:44 StationSystem update time: 3.059µs
2025/08/05 08:46:44 SatelliteSystem update...
2025/08/05 08:46:44 satellite count: 1800
2025/08/05 08:46:44 SatelliteSystem update time: 6.791245ms
2025/08/05 08:46:44 TopoSystem update...
2025/08/05 08:46:44 TopoSystem: Link count: 1080000
2025/08/05 08:46:44 TopoSystem update time: 15.563849ms
2025/08/05 08:46:44 AttenuationSystem update...
2025/08/05 08:46:44 AttenuationSystem parallel flag: 1
2025/08/05 08:46:44 Attenuation computed count: 1080000
2025/08/05 08:46:44 AttenuationSystem update time: 617.638392ms
2025/08/05 08:46:44 Run 3 complete
2025/08/05 08:46:44 StationSystem update...
2025/08/05 08:46:44 weather update count: 600
2025/08/05 08:46:44 StationSystem update time: 3.21µs
2025/08/05 08:46:44 SatelliteSystem update...
2025/08/05 08:46:44 satellite count: 1800
2025/08/05 08:46:44 SatelliteSystem update time: 6.800685ms
2025/08/05 08:46:44 TopoSystem update...
2025/08/05 08:46:44 TopoSystem: Link count: 1080000
2025/08/05 08:46:44 TopoSystem update time: 20.579949ms
2025/08/05 08:46:44 AttenuationSystem update...
2025/08/05 08:46:44 AttenuationSystem parallel flag: 1
2025/08/05 08:46:45 Attenuation computed count: 1080000
2025/08/05 08:46:45 AttenuationSystem update time: 646.05619ms
2025/08/05 08:46:45 Run 4 complete
2025/08/05 08:46:45 StationSystem update...
2025/08/05 08:46:45 weather update count: 600
2025/08/05 08:46:45 StationSystem update time: 3.565µs
2025/08/05 08:46:45 SatelliteSystem update...
2025/08/05 08:46:45 satellite count: 1800
2025/08/05 08:46:45 SatelliteSystem update time: 6.803428ms
2025/08/05 08:46:45 TopoSystem update...
2025/08/05 08:46:45 TopoSystem: Link count: 1080000
2025/08/05 08:46:45 TopoSystem update time: 19.804495ms
2025/08/05 08:46:45 AttenuationSystem update...
2025/08/05 08:46:45 AttenuationSystem parallel flag: 1
2025/08/05 08:46:46 Attenuation computed count: 1080000
2025/08/05 08:46:46 AttenuationSystem update time: 650.682081ms
2025/08/05 08:46:46 Run 5 complete
2025/08/05 08:46:46 StationSystem update...
2025/08/05 08:46:46 weather update count: 600
2025/08/05 08:46:46 StationSystem update time: 3.484µs
2025/08/05 08:46:46 SatelliteSystem update...
2025/08/05 08:46:46 satellite count: 1800
2025/08/05 08:46:46 SatelliteSystem update time: 5.05762ms
2025/08/05 08:46:46 TopoSystem update...
2025/08/05 08:46:46 TopoSystem: Link count: 1080000
2025/08/05 08:46:46 TopoSystem update time: 12.930328ms
2025/08/05 08:46:46 AttenuationSystem update...
2025/08/05 08:46:46 AttenuationSystem parallel flag: 1
2025/08/05 08:46:46 Attenuation computed count: 1080000
2025/08/05 08:46:46 AttenuationSystem update time: 650.46934ms
2025/08/05 08:46:46 Run 6 complete
2025/08/05 08:46:46 StationSystem update...
2025/08/05 08:46:46 weather update count: 600
2025/08/05 08:46:46 StationSystem update time: 3.267µs
2025/08/05 08:46:46 SatelliteSystem update...
2025/08/05 08:46:46 satellite count: 1800
2025/08/05 08:46:46 SatelliteSystem update time: 6.810632ms
2025/08/05 08:46:46 TopoSystem update...
2025/08/05 08:46:46 TopoSystem: Link count: 1080000
2025/08/05 08:46:46 TopoSystem update time: 16.36666ms
2025/08/05 08:46:46 AttenuationSystem update...
2025/08/05 08:46:46 AttenuationSystem parallel flag: 1
2025/08/05 08:46:47 Attenuation computed count: 1080000
2025/08/05 08:46:47 AttenuationSystem update time: 625.558725ms
2025/08/05 08:46:47 Run 7 complete
2025/08/05 08:46:47 StationSystem update...
2025/08/05 08:46:47 weather update count: 600
2025/08/05 08:46:47 StationSystem update time: 3.059µs
2025/08/05 08:46:47 SatelliteSystem update...
2025/08/05 08:46:47 satellite count: 1800
2025/08/05 08:46:47 SatelliteSystem update time: 6.802221ms
2025/08/05 08:46:47 TopoSystem update...
2025/08/05 08:46:47 TopoSystem: Link count: 1080000
2025/08/05 08:46:47 TopoSystem update time: 15.57571ms
2025/08/05 08:46:47 AttenuationSystem update...
2025/08/05 08:46:47 AttenuationSystem parallel flag: 1
2025/08/05 08:46:48 Attenuation computed count: 1080000
2025/08/05 08:46:48 AttenuationSystem update time: 627.536955ms
2025/08/05 08:46:48 Run 8 complete
2025/08/05 08:46:48 StationSystem update...
2025/08/05 08:46:48 weather update count: 600
2025/08/05 08:46:48 StationSystem update time: 2.951µs
2025/08/05 08:46:48 SatelliteSystem update...
2025/08/05 08:46:48 satellite count: 1800
2025/08/05 08:46:48 SatelliteSystem update time: 6.811439ms
2025/08/05 08:46:48 TopoSystem update...
2025/08/05 08:46:48 TopoSystem: Link count: 1080000
2025/08/05 08:46:48 TopoSystem update time: 16.301452ms
2025/08/05 08:46:48 AttenuationSystem update...
2025/08/05 08:46:48 AttenuationSystem parallel flag: 1
2025/08/05 08:46:48 Attenuation computed count: 1080000
2025/08/05 08:46:48 AttenuationSystem update time: 659.407947ms
2025/08/05 08:46:48 Run 9 complete
2025/08/05 08:46:48 StationSystem update...
2025/08/05 08:46:48 weather update count: 600
2025/08/05 08:46:48 StationSystem update time: 3.063µs
2025/08/05 08:46:48 SatelliteSystem update...
2025/08/05 08:46:48 satellite count: 1800
2025/08/05 08:46:48 SatelliteSystem update time: 6.810001ms
2025/08/05 08:46:48 TopoSystem update...
2025/08/05 08:46:48 TopoSystem: Link count: 1080000
2025/08/05 08:46:48 TopoSystem update time: 16.404729ms
2025/08/05 08:46:48 AttenuationSystem update...
2025/08/05 08:46:48 AttenuationSystem parallel flag: 1
2025/08/05 08:46:49 Attenuation computed count: 1080000
2025/08/05 08:46:49 AttenuationSystem update time: 649.703437ms
2025/08/05 08:46:49 Run 10 complete
2025/08/05 08:46:49 Total update time:  6.649210139s
2025/08/05 08:46:49 linkCache size: 40

 Performance counter stats for './scale_ecs 600 1800 10 4 8 1':

        23,008,788      cache-references                                                      
         5,052,799      cache-misses                     #   21.96% of all cache refs         

       6.657783465 seconds time elapsed

      22.903022000 seconds user
       0.072025000 seconds sys


