ECS running with 600 stations, 600 satellites, 4 numWGs and 8 numBlocks for 10 rounds in 1 parallel pattern
2025/08/05 08:26:46 StationSystem update...
2025/08/05 08:26:46 weather update count: 600
2025/08/05 08:26:46 StationSystem update time: 4.542µs
2025/08/05 08:26:46 SatelliteSystem update...
2025/08/05 08:26:46 satellite count: 600
2025/08/05 08:26:46 SatelliteSystem update time: 2.299382ms
2025/08/05 08:26:46 TopoSystem update...
2025/08/05 08:26:46 TopoSystem: Link count: 360000
2025/08/05 08:26:46 TopoSystem update time: 12.855839ms
2025/08/05 08:26:46 AttenuationSystem update...
2025/08/05 08:26:46 AttenuationSystem parallel flag: 1
2025/08/05 08:26:47 Attenuation computed count: 360000
2025/08/05 08:26:47 AttenuationSystem update time: 206.083037ms
2025/08/05 08:26:47 Run 1 complete
2025/08/05 08:26:47 StationSystem update...
2025/08/05 08:26:47 weather update count: 600
2025/08/05 08:26:47 StationSystem update time: 2.848µs
2025/08/05 08:26:47 SatelliteSystem update...
2025/08/05 08:26:47 satellite count: 600
2025/08/05 08:26:47 SatelliteSystem update time: 2.292973ms
2025/08/05 08:26:47 TopoSystem update...
2025/08/05 08:26:47 TopoSystem: Link count: 360000
2025/08/05 08:26:47 TopoSystem update time: 6.874615ms
2025/08/05 08:26:47 AttenuationSystem update...
2025/08/05 08:26:47 AttenuationSystem parallel flag: 1
2025/08/05 08:26:47 Attenuation computed count: 360000
2025/08/05 08:26:47 AttenuationSystem update time: 217.984201ms
2025/08/05 08:26:47 Run 2 complete
2025/08/05 08:26:47 StationSystem update...
2025/08/05 08:26:47 weather update count: 600
2025/08/05 08:26:47 StationSystem update time: 2.79µs
2025/08/05 08:26:47 SatelliteSystem update...
2025/08/05 08:26:47 satellite count: 600
2025/08/05 08:26:47 SatelliteSystem update time: 2.27837ms
2025/08/05 08:26:47 TopoSystem update...
2025/08/05 08:26:47 TopoSystem: Link count: 360000
2025/08/05 08:26:47 TopoSystem update time: 5.97029ms
2025/08/05 08:26:47 AttenuationSystem update...
2025/08/05 08:26:47 AttenuationSystem parallel flag: 1
2025/08/05 08:26:47 Attenuation computed count: 360000
2025/08/05 08:26:47 AttenuationSystem update time: 205.594428ms
2025/08/05 08:26:47 Run 3 complete
2025/08/05 08:26:47 StationSystem update...
2025/08/05 08:26:47 weather update count: 600
2025/08/05 08:26:47 StationSystem update time: 2.869µs
2025/08/05 08:26:47 SatelliteSystem update...
2025/08/05 08:26:47 satellite count: 600
2025/08/05 08:26:47 SatelliteSystem update time: 2.282723ms
2025/08/05 08:26:47 TopoSystem update...
2025/08/05 08:26:47 TopoSystem: Link count: 360000
2025/08/05 08:26:47 TopoSystem update time: 10.63822ms
2025/08/05 08:26:47 AttenuationSystem update...
2025/08/05 08:26:47 AttenuationSystem parallel flag: 1
2025/08/05 08:26:47 Attenuation computed count: 360000
2025/08/05 08:26:47 AttenuationSystem update time: 247.123233ms
2025/08/05 08:26:47 Run 4 complete
2025/08/05 08:26:47 StationSystem update...
2025/08/05 08:26:47 weather update count: 600
2025/08/05 08:26:47 StationSystem update time: 2.751µs
2025/08/05 08:26:47 SatelliteSystem update...
2025/08/05 08:26:47 satellite count: 600
2025/08/05 08:26:47 SatelliteSystem update time: 2.278165ms
2025/08/05 08:26:47 TopoSystem update...
2025/08/05 08:26:47 TopoSystem: Link count: 360000
2025/08/05 08:26:47 TopoSystem update time: 5.677602ms
2025/08/05 08:26:47 AttenuationSystem update...
2025/08/05 08:26:47 AttenuationSystem parallel flag: 1
2025/08/05 08:26:48 Attenuation computed count: 360000
2025/08/05 08:26:48 AttenuationSystem update time: 242.116162ms
2025/08/05 08:26:48 Run 5 complete
2025/08/05 08:26:48 StationSystem update...
2025/08/05 08:26:48 weather update count: 600
2025/08/05 08:26:48 StationSystem update time: 2.797µs
2025/08/05 08:26:48 SatelliteSystem update...
2025/08/05 08:26:48 satellite count: 600
2025/08/05 08:26:48 SatelliteSystem update time: 2.28573ms
2025/08/05 08:26:48 TopoSystem update...
2025/08/05 08:26:48 TopoSystem: Link count: 360000
2025/08/05 08:26:48 TopoSystem update time: 9.996834ms
2025/08/05 08:26:48 AttenuationSystem update...
2025/08/05 08:26:48 AttenuationSystem parallel flag: 1
2025/08/05 08:26:48 Attenuation computed count: 360000
2025/08/05 08:26:48 AttenuationSystem update time: 255.874171ms
2025/08/05 08:26:48 Run 6 complete
2025/08/05 08:26:48 StationSystem update...
2025/08/05 08:26:48 weather update count: 600
2025/08/05 08:26:48 StationSystem update time: 2.62µs
2025/08/05 08:26:48 SatelliteSystem update...
2025/08/05 08:26:48 satellite count: 600
2025/08/05 08:26:48 SatelliteSystem update time: 2.28706ms
2025/08/05 08:26:48 TopoSystem update...
2025/08/05 08:26:48 TopoSystem: Link count: 360000
2025/08/05 08:26:48 TopoSystem update time: 7.270597ms
2025/08/05 08:26:48 AttenuationSystem update...
2025/08/05 08:26:48 AttenuationSystem parallel flag: 1
2025/08/05 08:26:48 Attenuation computed count: 360000
2025/08/05 08:26:48 AttenuationSystem update time: 237.126873ms
2025/08/05 08:26:48 Run 7 complete
2025/08/05 08:26:48 StationSystem update...
2025/08/05 08:26:48 weather update count: 600
2025/08/05 08:26:48 StationSystem update time: 2.636µs
2025/08/05 08:26:48 SatelliteSystem update...
2025/08/05 08:26:48 satellite count: 600
2025/08/05 08:26:48 SatelliteSystem update time: 2.279274ms
2025/08/05 08:26:48 TopoSystem update...
2025/08/05 08:26:48 TopoSystem: Link count: 360000
2025/08/05 08:26:48 TopoSystem update time: 9.918737ms
2025/08/05 08:26:48 AttenuationSystem update...
2025/08/05 08:26:48 AttenuationSystem parallel flag: 1
2025/08/05 08:26:48 Attenuation computed count: 360000
2025/08/05 08:26:48 AttenuationSystem update time: 247.069691ms
2025/08/05 08:26:48 Run 8 complete
2025/08/05 08:26:48 StationSystem update...
2025/08/05 08:26:48 weather update count: 600
2025/08/05 08:26:48 StationSystem update time: 2.754µs
2025/08/05 08:26:48 SatelliteSystem update...
2025/08/05 08:26:48 satellite count: 600
2025/08/05 08:26:48 SatelliteSystem update time: 2.2797ms
2025/08/05 08:26:48 TopoSystem update...
2025/08/05 08:26:48 TopoSystem: Link count: 360000
2025/08/05 08:26:48 TopoSystem update time: 6.729093ms
2025/08/05 08:26:48 AttenuationSystem update...
2025/08/05 08:26:48 AttenuationSystem parallel flag: 1
2025/08/05 08:26:49 Attenuation computed count: 360000
2025/08/05 08:26:49 AttenuationSystem update time: 236.361023ms
2025/08/05 08:26:49 Run 9 complete
2025/08/05 08:26:49 StationSystem update...
2025/08/05 08:26:49 weather update count: 600
2025/08/05 08:26:49 StationSystem update time: 2.798µs
2025/08/05 08:26:49 SatelliteSystem update...
2025/08/05 08:26:49 satellite count: 600
2025/08/05 08:26:49 SatelliteSystem update time: 2.273118ms
2025/08/05 08:26:49 TopoSystem update...
2025/08/05 08:26:49 TopoSystem: Link count: 360000
2025/08/05 08:26:49 TopoSystem update time: 5.730485ms
2025/08/05 08:26:49 AttenuationSystem update...
2025/08/05 08:26:49 AttenuationSystem parallel flag: 1
2025/08/05 08:26:49 Attenuation computed count: 360000
2025/08/05 08:26:49 AttenuationSystem update time: 270.288934ms
2025/08/05 08:26:49 Run 10 complete
2025/08/05 08:26:49 Total update time:  2.473032992s
2025/08/05 08:26:49 linkCache size: 40

 Performance counter stats for './scale_ecs 600 600 10 4 8 1':

         7,776,974      cache-references                                                      
           627,150      cache-misses                     #    8.06% of all cache refs         

       2.478585674 seconds time elapsed

       8.769718000 seconds user
       0.031048000 seconds sys


