ECS running with 600 stations, 1100 satellites, 4 numWGs and 2 numBlocks for 10 rounds in 1 parallel pattern
2025/08/05 08:33:16 StationSystem update...
2025/08/05 08:33:16 weather update count: 600
2025/08/05 08:33:16 StationSystem update time: 4.296µs
2025/08/05 08:33:16 SatelliteSystem update...
2025/08/05 08:33:16 satellite count: 1100
2025/08/05 08:33:16 SatelliteSystem update time: 4.183625ms
2025/08/05 08:33:16 TopoSystem update...
2025/08/05 08:33:16 TopoSystem: Link count: 660000
2025/08/05 08:33:16 TopoSystem update time: 20.201923ms
2025/08/05 08:33:16 AttenuationSystem update...
2025/08/05 08:33:16 AttenuationSystem parallel flag: 1
2025/08/05 08:33:16 Attenuation computed count: 660000
2025/08/05 08:33:16 AttenuationSystem update time: 378.053971ms
2025/08/05 08:33:16 Run 1 complete
2025/08/05 08:33:16 StationSystem update...
2025/08/05 08:33:16 weather update count: 600
2025/08/05 08:33:16 SatelliteSystem update...
2025/08/05 08:33:16 StationSystem update time: 2.977µs
2025/08/05 08:33:16 satellite count: 1100
2025/08/05 08:33:16 SatelliteSystem update time: 4.177884ms
2025/08/05 08:33:16 TopoSystem update...
2025/08/05 08:33:16 TopoSystem: Link count: 660000
2025/08/05 08:33:16 TopoSystem update time: 15.385908ms
2025/08/05 08:33:16 AttenuationSystem update...
2025/08/05 08:33:16 AttenuationSystem parallel flag: 1
2025/08/05 08:33:17 Attenuation computed count: 660000
2025/08/05 08:33:17 AttenuationSystem update time: 376.554849ms
2025/08/05 08:33:17 Run 2 complete
2025/08/05 08:33:17 StationSystem update...
2025/08/05 08:33:17 weather update count: 600
2025/08/05 08:33:17 StationSystem update time: 2.991µs
2025/08/05 08:33:17 SatelliteSystem update...
2025/08/05 08:33:17 satellite count: 1100
2025/08/05 08:33:17 SatelliteSystem update time: 4.207926ms
2025/08/05 08:33:17 TopoSystem update...
2025/08/05 08:33:17 TopoSystem: Link count: 660000
2025/08/05 08:33:17 TopoSystem update time: 17.061083ms
2025/08/05 08:33:17 AttenuationSystem update...
2025/08/05 08:33:17 AttenuationSystem parallel flag: 1
2025/08/05 08:33:17 Attenuation computed count: 660000
2025/08/05 08:33:17 AttenuationSystem update time: 409.458732ms
2025/08/05 08:33:17 Run 3 complete
2025/08/05 08:33:17 StationSystem update...
2025/08/05 08:33:17 weather update count: 600
2025/08/05 08:33:17 StationSystem update time: 3.159µs
2025/08/05 08:33:17 SatelliteSystem update...
2025/08/05 08:33:17 satellite count: 1100
2025/08/05 08:33:17 SatelliteSystem update time: 4.180575ms
2025/08/05 08:33:17 TopoSystem update...
2025/08/05 08:33:17 TopoSystem: Link count: 660000
2025/08/05 08:33:17 TopoSystem update time: 7.817174ms
2025/08/05 08:33:17 AttenuationSystem update...
2025/08/05 08:33:17 AttenuationSystem parallel flag: 1
2025/08/05 08:33:18 Attenuation computed count: 660000
2025/08/05 08:33:18 AttenuationSystem update time: 416.762503ms
2025/08/05 08:33:18 Run 4 complete
2025/08/05 08:33:18 StationSystem update...
2025/08/05 08:33:18 weather update count: 600
2025/08/05 08:33:18 StationSystem update time: 2.904µs
2025/08/05 08:33:18 SatelliteSystem update...
2025/08/05 08:33:18 satellite count: 1100
2025/08/05 08:33:18 SatelliteSystem update time: 3.09842ms
2025/08/05 08:33:18 TopoSystem update...
2025/08/05 08:33:18 TopoSystem: Link count: 660000
2025/08/05 08:33:18 TopoSystem update time: 10.172098ms
2025/08/05 08:33:18 AttenuationSystem update...
2025/08/05 08:33:18 AttenuationSystem parallel flag: 1
2025/08/05 08:33:18 Attenuation computed count: 660000
2025/08/05 08:33:18 AttenuationSystem update time: 396.005549ms
2025/08/05 08:33:18 Run 5 complete
2025/08/05 08:33:18 StationSystem update...
2025/08/05 08:33:18 weather update count: 600
2025/08/05 08:33:18 StationSystem update time: 3.637µs
2025/08/05 08:33:18 SatelliteSystem update...
2025/08/05 08:33:18 satellite count: 1100
2025/08/05 08:33:18 SatelliteSystem update time: 4.183201ms
2025/08/05 08:33:18 TopoSystem update...
2025/08/05 08:33:18 TopoSystem: Link count: 660000
2025/08/05 08:33:18 TopoSystem update time: 10.250538ms
2025/08/05 08:33:18 AttenuationSystem update...
2025/08/05 08:33:18 AttenuationSystem parallel flag: 1
2025/08/05 08:33:18 Attenuation computed count: 660000
2025/08/05 08:33:18 AttenuationSystem update time: 376.922023ms
2025/08/05 08:33:18 Run 6 complete
2025/08/05 08:33:18 StationSystem update...
2025/08/05 08:33:18 weather update count: 600
2025/08/05 08:33:18 StationSystem update time: 2.967µs
2025/08/05 08:33:18 SatelliteSystem update...
2025/08/05 08:33:18 satellite count: 1100
2025/08/05 08:33:18 SatelliteSystem update time: 4.176955ms
2025/08/05 08:33:18 TopoSystem update...
2025/08/05 08:33:18 TopoSystem: Link count: 660000
2025/08/05 08:33:18 TopoSystem update time: 9.845759ms
2025/08/05 08:33:18 AttenuationSystem update...
2025/08/05 08:33:18 AttenuationSystem parallel flag: 1
2025/08/05 08:33:19 Attenuation computed count: 660000
2025/08/05 08:33:19 AttenuationSystem update time: 377.241226ms
2025/08/05 08:33:19 Run 7 complete
2025/08/05 08:33:19 StationSystem update...
2025/08/05 08:33:19 weather update count: 600
2025/08/05 08:33:19 StationSystem update time: 2.937µs
2025/08/05 08:33:19 SatelliteSystem update...
2025/08/05 08:33:19 satellite count: 1100
2025/08/05 08:33:19 SatelliteSystem update time: 3.105806ms
2025/08/05 08:33:19 TopoSystem update...
2025/08/05 08:33:19 TopoSystem: Link count: 660000
2025/08/05 08:33:19 TopoSystem update time: 7.513216ms
2025/08/05 08:33:19 AttenuationSystem update...
2025/08/05 08:33:19 AttenuationSystem parallel flag: 1
2025/08/05 08:33:19 Attenuation computed count: 660000
2025/08/05 08:33:19 AttenuationSystem update time: 410.461483ms
2025/08/05 08:33:19 Run 8 complete
2025/08/05 08:33:19 StationSystem update...
2025/08/05 08:33:19 weather update count: 600
2025/08/05 08:33:19 StationSystem update time: 3.29µs
2025/08/05 08:33:19 SatelliteSystem update...
2025/08/05 08:33:19 satellite count: 1100
2025/08/05 08:33:19 SatelliteSystem update time: 4.178987ms
2025/08/05 08:33:19 TopoSystem update...
2025/08/05 08:33:19 TopoSystem: Link count: 660000
2025/08/05 08:33:19 TopoSystem update time: 9.540377ms
2025/08/05 08:33:19 AttenuationSystem update...
2025/08/05 08:33:19 AttenuationSystem parallel flag: 1
2025/08/05 08:33:20 Attenuation computed count: 660000
2025/08/05 08:33:20 AttenuationSystem update time: 390.47029ms
2025/08/05 08:33:20 Run 9 complete
2025/08/05 08:33:20 StationSystem update...
2025/08/05 08:33:20 weather update count: 600
2025/08/05 08:33:20 StationSystem update time: 2.939µs
2025/08/05 08:33:20 SatelliteSystem update...
2025/08/05 08:33:20 satellite count: 1100
2025/08/05 08:33:20 SatelliteSystem update time: 3.097199ms
2025/08/05 08:33:20 TopoSystem update...
2025/08/05 08:33:20 TopoSystem: Link count: 660000
2025/08/05 08:33:20 TopoSystem update time: 9.382134ms
2025/08/05 08:33:20 AttenuationSystem update...
2025/08/05 08:33:20 AttenuationSystem parallel flag: 1
2025/08/05 08:33:20 Attenuation computed count: 660000
2025/08/05 08:33:20 AttenuationSystem update time: 395.930807ms
2025/08/05 08:33:20 Run 10 complete
2025/08/05 08:33:20 Total update time:  4.089803277s
2025/08/05 08:33:20 linkCache size: 40

 Performance counter stats for './scale_ecs 600 1100 10 4 2 1':

        14,415,739      cache-references                                                      
         2,665,378      cache-misses                     #   18.49% of all cache refs         

       4.095664495 seconds time elapsed

      14.459523000 seconds user
       0.041004000 seconds sys


