ECS running with 900 stations, 600 satellites, 8 numWGs and 8 numBlocks for 10 rounds in 1 parallel pattern
2025/08/05 10:27:50 StationSystem update...
2025/08/05 10:27:50 weather update count: 900
2025/08/05 10:27:50 StationSystem update time: 4.441µs
2025/08/05 10:27:50 SatelliteSystem update...
2025/08/05 10:27:50 satellite count: 600
2025/08/05 10:27:50 SatelliteSystem update time: 2.298286ms
2025/08/05 10:27:50 TopoSystem update...
2025/08/05 10:27:50 TopoSystem: Link count: 540000
2025/08/05 10:27:50 TopoSystem update time: 20.125953ms
2025/08/05 10:27:50 AttenuationSystem update...
2025/08/05 10:27:50 AttenuationSystem parallel flag: 1
2025/08/05 10:27:50 Attenuation computed count: 540000
2025/08/05 10:27:50 AttenuationSystem update time: 154.695002ms
2025/08/05 10:27:50 Run 1 complete
2025/08/05 10:27:50 StationSystem update...
2025/08/05 10:27:50 weather update count: 900
2025/08/05 10:27:50 StationSystem update time: 3.43µs
2025/08/05 10:27:50 SatelliteSystem update...
2025/08/05 10:27:50 satellite count: 600
2025/08/05 10:27:50 SatelliteSystem update time: 2.289365ms
2025/08/05 10:27:50 TopoSystem update...
2025/08/05 10:27:50 TopoSystem: Link count: 540000
2025/08/05 10:27:50 TopoSystem update time: 15.935377ms
2025/08/05 10:27:50 AttenuationSystem update...
2025/08/05 10:27:50 AttenuationSystem parallel flag: 1
2025/08/05 10:27:50 Attenuation computed count: 540000
2025/08/05 10:27:50 AttenuationSystem update time: 194.812387ms
2025/08/05 10:27:50 Run 2 complete
2025/08/05 10:27:50 StationSystem update...
2025/08/05 10:27:50 weather update count: 900
2025/08/05 10:27:50 StationSystem update time: 3.593µs
2025/08/05 10:27:50 SatelliteSystem update...
2025/08/05 10:27:50 satellite count: 600
2025/08/05 10:27:50 SatelliteSystem update time: 2.283375ms
2025/08/05 10:27:50 TopoSystem update...
2025/08/05 10:27:50 TopoSystem: Link count: 540000
2025/08/05 10:27:50 TopoSystem update time: 8.421013ms
2025/08/05 10:27:50 AttenuationSystem update...
2025/08/05 10:27:50 AttenuationSystem parallel flag: 1
2025/08/05 10:27:51 Attenuation computed count: 540000
2025/08/05 10:27:51 AttenuationSystem update time: 193.356867ms
2025/08/05 10:27:51 Run 3 complete
2025/08/05 10:27:51 StationSystem update...
2025/08/05 10:27:51 weather update count: 900
2025/08/05 10:27:51 StationSystem update time: 3.413µs
2025/08/05 10:27:51 SatelliteSystem update...
2025/08/05 10:27:51 satellite count: 600
2025/08/05 10:27:51 SatelliteSystem update time: 2.28649ms
2025/08/05 10:27:51 TopoSystem update...
2025/08/05 10:27:51 TopoSystem: Link count: 540000
2025/08/05 10:27:51 TopoSystem update time: 8.084394ms
2025/08/05 10:27:51 AttenuationSystem update...
2025/08/05 10:27:51 AttenuationSystem parallel flag: 1
2025/08/05 10:27:51 Attenuation computed count: 540000
2025/08/05 10:27:51 AttenuationSystem update time: 187.210087ms
2025/08/05 10:27:51 Run 4 complete
2025/08/05 10:27:51 StationSystem update...
2025/08/05 10:27:51 weather update count: 900
2025/08/05 10:27:51 StationSystem update time: 3.58µs
2025/08/05 10:27:51 SatelliteSystem update...
2025/08/05 10:27:51 satellite count: 600
2025/08/05 10:27:51 SatelliteSystem update time: 2.329321ms
2025/08/05 10:27:51 TopoSystem update...
2025/08/05 10:27:51 TopoSystem: Link count: 540000
2025/08/05 10:27:51 TopoSystem update time: 7.901647ms
2025/08/05 10:27:51 AttenuationSystem update...
2025/08/05 10:27:51 AttenuationSystem parallel flag: 1
2025/08/05 10:27:51 Attenuation computed count: 540000
2025/08/05 10:27:51 AttenuationSystem update time: 156.243398ms
2025/08/05 10:27:51 Run 5 complete
2025/08/05 10:27:51 StationSystem update...
2025/08/05 10:27:51 weather update count: 900
2025/08/05 10:27:51 StationSystem update time: 3.303µs
2025/08/05 10:27:51 SatelliteSystem update...
2025/08/05 10:27:51 satellite count: 600
2025/08/05 10:27:51 SatelliteSystem update time: 2.281164ms
2025/08/05 10:27:51 TopoSystem update...
2025/08/05 10:27:51 TopoSystem: Link count: 540000
2025/08/05 10:27:51 TopoSystem update time: 7.963018ms
2025/08/05 10:27:51 AttenuationSystem update...
2025/08/05 10:27:51 AttenuationSystem parallel flag: 1
2025/08/05 10:27:51 Attenuation computed count: 540000
2025/08/05 10:27:51 AttenuationSystem update time: 189.362861ms
2025/08/05 10:27:51 Run 6 complete
2025/08/05 10:27:51 StationSystem update...
2025/08/05 10:27:51 weather update count: 900
2025/08/05 10:27:51 StationSystem update time: 3.203µs
2025/08/05 10:27:51 SatelliteSystem update...
2025/08/05 10:27:51 satellite count: 600
2025/08/05 10:27:51 SatelliteSystem update time: 2.287645ms
2025/08/05 10:27:51 TopoSystem update...
2025/08/05 10:27:51 TopoSystem: Link count: 540000
2025/08/05 10:27:51 TopoSystem update time: 7.47431ms
2025/08/05 10:27:51 AttenuationSystem update...
2025/08/05 10:27:51 AttenuationSystem parallel flag: 1
2025/08/05 10:27:51 Attenuation computed count: 540000
2025/08/05 10:27:51 AttenuationSystem update time: 154.315997ms
2025/08/05 10:27:51 Run 7 complete
2025/08/05 10:27:51 StationSystem update...
2025/08/05 10:27:51 weather update count: 900
2025/08/05 10:27:51 StationSystem update time: 3.784µs
2025/08/05 10:27:51 SatelliteSystem update...
2025/08/05 10:27:51 satellite count: 600
2025/08/05 10:27:51 SatelliteSystem update time: 2.268221ms
2025/08/05 10:27:51 TopoSystem update...
2025/08/05 10:27:51 TopoSystem: Link count: 540000
2025/08/05 10:27:51 TopoSystem update time: 7.904367ms
2025/08/05 10:27:51 AttenuationSystem update...
2025/08/05 10:27:51 AttenuationSystem parallel flag: 1
2025/08/05 10:27:52 Attenuation computed count: 540000
2025/08/05 10:27:52 AttenuationSystem update time: 212.127044ms
2025/08/05 10:27:52 Run 8 complete
2025/08/05 10:27:52 StationSystem update...
2025/08/05 10:27:52 weather update count: 900
2025/08/05 10:27:52 StationSystem update time: 3.567µs
2025/08/05 10:27:52 SatelliteSystem update...
2025/08/05 10:27:52 satellite count: 600
2025/08/05 10:27:52 SatelliteSystem update time: 2.283509ms
2025/08/05 10:27:52 TopoSystem update...
2025/08/05 10:27:52 TopoSystem: Link count: 540000
2025/08/05 10:27:52 TopoSystem update time: 10.352836ms
2025/08/05 10:27:52 AttenuationSystem update...
2025/08/05 10:27:52 AttenuationSystem parallel flag: 1
2025/08/05 10:27:52 Attenuation computed count: 540000
2025/08/05 10:27:52 AttenuationSystem update time: 221.654906ms
2025/08/05 10:27:52 Run 9 complete
2025/08/05 10:27:52 StationSystem update...
2025/08/05 10:27:52 weather update count: 900
2025/08/05 10:27:52 StationSystem update time: 3.702µs
2025/08/05 10:27:52 SatelliteSystem update...
2025/08/05 10:27:52 satellite count: 600
2025/08/05 10:27:52 SatelliteSystem update time: 2.284239ms
2025/08/05 10:27:52 TopoSystem update...
2025/08/05 10:27:52 TopoSystem: Link count: 540000
2025/08/05 10:27:52 TopoSystem update time: 7.501565ms
2025/08/05 10:27:52 AttenuationSystem update...
2025/08/05 10:27:52 AttenuationSystem parallel flag: 1
2025/08/05 10:27:52 Attenuation computed count: 540000
2025/08/05 10:27:52 AttenuationSystem update time: 202.551ms
2025/08/05 10:27:52 Run 10 complete
2025/08/05 10:27:52 Total update time:  1.993931875s
2025/08/05 10:27:52 linkCache size: 40

 Performance counter stats for './scale_ecs 900 600 10 8 8 1':

        11,720,401      cache-references                                                      
         1,173,985      cache-misses                     #   10.02% of all cache refs         

       1.999773335 seconds time elapsed

      12.000288000 seconds user
       0.040895000 seconds sys


