ECS running with 900 stations, 2000 satellites, 2 numWGs and 4 numBlocks for 10 rounds in 0 parallel pattern
2025/08/05 10:59:58 StationSystem update...
2025/08/05 10:59:58 weather update count: 900
2025/08/05 10:59:58 StationSystem update time: 5.003µs
2025/08/05 10:59:58 SatelliteSystem update...
2025/08/05 10:59:58 satellite count: 2000
2025/08/05 10:59:58 SatelliteSystem update time: 7.550445ms
2025/08/05 10:59:58 TopoSystem update...
2025/08/05 10:59:58 TopoSystem: Link count: 1800000
2025/08/05 10:59:58 TopoSystem update time: 55.602213ms
2025/08/05 10:59:58 AttenuationSystem update...
2025/08/05 10:59:58 AttenuationSystem parallel flag: 0
2025/08/05 10:59:59 Attenuation computed count: 1800000
2025/08/05 10:59:59 AttenuationSystem update time: 1.028926735s
2025/08/05 10:59:59 Run 1 complete
2025/08/05 10:59:59 StationSystem update...
2025/08/05 10:59:59 weather update count: 900
2025/08/05 10:59:59 StationSystem update time: 3.463µs
2025/08/05 10:59:59 SatelliteSystem update...
2025/08/05 10:59:59 satellite count: 2000
2025/08/05 10:59:59 SatelliteSystem update time: 7.548501ms
2025/08/05 10:59:59 TopoSystem update...
2025/08/05 10:59:59 TopoSystem: Link count: 1800000
2025/08/05 10:59:59 TopoSystem update time: 60.17783ms
2025/08/05 10:59:59 AttenuationSystem update...
2025/08/05 10:59:59 AttenuationSystem parallel flag: 0
2025/08/05 11:00:00 Attenuation computed count: 1800000
2025/08/05 11:00:00 AttenuationSystem update time: 1.029099593s
2025/08/05 11:00:00 Run 2 complete
2025/08/05 11:00:00 StationSystem update...
2025/08/05 11:00:00 weather update count: 900
2025/08/05 11:00:00 StationSystem update time: 3.496µs
2025/08/05 11:00:00 SatelliteSystem update...
2025/08/05 11:00:00 satellite count: 2000
2025/08/05 11:00:00 SatelliteSystem update time: 8.522766ms
2025/08/05 11:00:00 TopoSystem update...
2025/08/05 11:00:00 TopoSystem: Link count: 1800000
2025/08/05 11:00:00 TopoSystem update time: 30.031357ms
2025/08/05 11:00:00 AttenuationSystem update...
2025/08/05 11:00:00 AttenuationSystem parallel flag: 0
2025/08/05 11:00:01 Attenuation computed count: 1800000
2025/08/05 11:00:01 AttenuationSystem update time: 936.59348ms
2025/08/05 11:00:01 Run 3 complete
2025/08/05 11:00:01 StationSystem update...
2025/08/05 11:00:01 weather update count: 900
2025/08/05 11:00:01 StationSystem update time: 3.113µs
2025/08/05 11:00:01 SatelliteSystem update...
2025/08/05 11:00:01 satellite count: 2000
2025/08/05 11:00:01 SatelliteSystem update time: 5.672653ms
2025/08/05 11:00:01 TopoSystem update...
2025/08/05 11:00:01 TopoSystem: Link count: 1800000
2025/08/05 11:00:01 TopoSystem update time: 24.827708ms
2025/08/05 11:00:01 AttenuationSystem update...
2025/08/05 11:00:01 AttenuationSystem parallel flag: 0
2025/08/05 11:00:02 Attenuation computed count: 1800000
2025/08/05 11:00:02 AttenuationSystem update time: 1.025836709s
2025/08/05 11:00:02 Run 4 complete
2025/08/05 11:00:02 StationSystem update...
2025/08/05 11:00:02 weather update count: 900
2025/08/05 11:00:02 StationSystem update time: 3.631µs
2025/08/05 11:00:02 SatelliteSystem update...
2025/08/05 11:00:02 satellite count: 2000
2025/08/05 11:00:02 SatelliteSystem update time: 7.565271ms
2025/08/05 11:00:02 TopoSystem update...
2025/08/05 11:00:02 TopoSystem: Link count: 1800000
2025/08/05 11:00:02 TopoSystem update time: 45.883885ms
2025/08/05 11:00:02 AttenuationSystem update...
2025/08/05 11:00:02 AttenuationSystem parallel flag: 0
2025/08/05 11:00:03 Attenuation computed count: 1800000
2025/08/05 11:00:03 AttenuationSystem update time: 911.335518ms
2025/08/05 11:00:03 Run 5 complete
2025/08/05 11:00:03 StationSystem update...
2025/08/05 11:00:03 weather update count: 900
2025/08/05 11:00:03 StationSystem update time: 3.355µs
2025/08/05 11:00:03 SatelliteSystem update...
2025/08/05 11:00:03 satellite count: 2000
2025/08/05 11:00:03 SatelliteSystem update time: 5.626174ms
2025/08/05 11:00:03 TopoSystem update...
2025/08/05 11:00:03 TopoSystem: Link count: 1800000
2025/08/05 11:00:03 TopoSystem update time: 24.342391ms
2025/08/05 11:00:03 AttenuationSystem update...
2025/08/05 11:00:03 AttenuationSystem parallel flag: 0
2025/08/05 11:00:04 Attenuation computed count: 1800000
2025/08/05 11:00:04 AttenuationSystem update time: 1.003613588s
2025/08/05 11:00:04 Run 6 complete
2025/08/05 11:00:04 StationSystem update...
2025/08/05 11:00:04 weather update count: 900
2025/08/05 11:00:04 StationSystem update time: 3.256µs
2025/08/05 11:00:04 SatelliteSystem update...
2025/08/05 11:00:04 satellite count: 2000
2025/08/05 11:00:04 SatelliteSystem update time: 7.55725ms
2025/08/05 11:00:04 TopoSystem update...
2025/08/05 11:00:04 TopoSystem: Link count: 1800000
2025/08/05 11:00:04 TopoSystem update time: 24.271013ms
2025/08/05 11:00:04 AttenuationSystem update...
2025/08/05 11:00:04 AttenuationSystem parallel flag: 0
2025/08/05 11:00:05 Attenuation computed count: 1800000
2025/08/05 11:00:05 AttenuationSystem update time: 807.318585ms
2025/08/05 11:00:05 Run 7 complete
2025/08/05 11:00:05 StationSystem update...
2025/08/05 11:00:05 weather update count: 900
2025/08/05 11:00:05 StationSystem update time: 3.054µs
2025/08/05 11:00:05 SatelliteSystem update...
2025/08/05 11:00:05 satellite count: 2000
2025/08/05 11:00:05 SatelliteSystem update time: 5.669742ms
2025/08/05 11:00:05 TopoSystem update...
2025/08/05 11:00:05 TopoSystem: Link count: 1800000
2025/08/05 11:00:05 TopoSystem update time: 43.226492ms
2025/08/05 11:00:05 AttenuationSystem update...
2025/08/05 11:00:05 AttenuationSystem parallel flag: 0
2025/08/05 11:00:06 Attenuation computed count: 1800000
2025/08/05 11:00:06 AttenuationSystem update time: 786.891716ms
2025/08/05 11:00:06 Run 8 complete
2025/08/05 11:00:06 StationSystem update...
2025/08/05 11:00:06 weather update count: 900
2025/08/05 11:00:06 StationSystem update time: 4.097µs
2025/08/05 11:00:06 SatelliteSystem update...
2025/08/05 11:00:06 satellite count: 2000
2025/08/05 11:00:06 SatelliteSystem update time: 5.64233ms
2025/08/05 11:00:06 TopoSystem update...
2025/08/05 11:00:06 TopoSystem: Link count: 1800000
2025/08/05 11:00:06 TopoSystem update time: 36.053736ms
2025/08/05 11:00:06 AttenuationSystem update...
2025/08/05 11:00:06 AttenuationSystem parallel flag: 0
2025/08/05 11:00:07 Attenuation computed count: 1800000
2025/08/05 11:00:07 AttenuationSystem update time: 783.408662ms
2025/08/05 11:00:07 Run 9 complete
2025/08/05 11:00:07 StationSystem update...
2025/08/05 11:00:07 weather update count: 900
2025/08/05 11:00:07 StationSystem update time: 3.154µs
2025/08/05 11:00:07 SatelliteSystem update...
2025/08/05 11:00:07 satellite count: 2000
2025/08/05 11:00:07 SatelliteSystem update time: 5.635741ms
2025/08/05 11:00:07 TopoSystem update...
2025/08/05 11:00:07 TopoSystem: Link count: 1800000
2025/08/05 11:00:07 TopoSystem update time: 21.648751ms
2025/08/05 11:00:07 AttenuationSystem update...
2025/08/05 11:00:07 AttenuationSystem parallel flag: 0
2025/08/05 11:00:08 Attenuation computed count: 1800000
2025/08/05 11:00:08 AttenuationSystem update time: 1.002557321s
2025/08/05 11:00:08 Run 10 complete
2025/08/05 11:00:08 Total update time:  9.760068514s
2025/08/05 11:00:08 linkCache size: 40

 Performance counter stats for './scale_ecs 900 2000 10 2 4 0':

        36,633,429      cache-references                                                      
         8,964,448      cache-misses                     #   24.47% of all cache refs         

       9.771355404 seconds time elapsed

      35.673265000 seconds user
       0.116007000 seconds sys


