ECS running with 900 stations, 1300 satellites, 8 numWGs and 2 numBlocks for 10 rounds in 0 parallel pattern
2025/08/05 10:40:33 StationSystem update...
2025/08/05 10:40:33 weather update count: 900
2025/08/05 10:40:33 StationSystem update time: 4.19µs
2025/08/05 10:40:33 SatelliteSystem update...
2025/08/05 10:40:33 satellite count: 1300
2025/08/05 10:40:33 SatelliteSystem update time: 4.140788ms
2025/08/05 10:40:33 TopoSystem update...
2025/08/05 10:40:33 TopoSystem: Link count: 1170000
2025/08/05 10:40:33 TopoSystem update time: 35.341605ms
2025/08/05 10:40:33 AttenuationSystem update...
2025/08/05 10:40:33 AttenuationSystem parallel flag: 0
2025/08/05 10:40:34 Attenuation computed count: 1170000
2025/08/05 10:40:34 AttenuationSystem update time: 1.070497188s
2025/08/05 10:40:34 Run 1 complete
2025/08/05 10:40:34 StationSystem update...
2025/08/05 10:40:34 weather update count: 900
2025/08/05 10:40:34 StationSystem update time: 2.739µs
2025/08/05 10:40:34 SatelliteSystem update...
2025/08/05 10:40:34 satellite count: 1300
2025/08/05 10:40:34 SatelliteSystem update time: 4.521591ms
2025/08/05 10:40:34 TopoSystem update...
2025/08/05 10:40:34 TopoSystem: Link count: 1170000
2025/08/05 10:40:34 TopoSystem update time: 27.122804ms
2025/08/05 10:40:34 AttenuationSystem update...
2025/08/05 10:40:34 AttenuationSystem parallel flag: 0
2025/08/05 10:40:36 Attenuation computed count: 1170000
2025/08/05 10:40:36 AttenuationSystem update time: 1.359554374s
2025/08/05 10:40:36 Run 2 complete
2025/08/05 10:40:36 StationSystem update...
2025/08/05 10:40:36 weather update count: 900
2025/08/05 10:40:36 StationSystem update time: 3.802µs
2025/08/05 10:40:36 SatelliteSystem update...
2025/08/05 10:40:36 satellite count: 1300
2025/08/05 10:40:36 SatelliteSystem update time: 4.932846ms
2025/08/05 10:40:36 TopoSystem update...
2025/08/05 10:40:36 TopoSystem: Link count: 1170000
2025/08/05 10:40:36 TopoSystem update time: 15.347248ms
2025/08/05 10:40:36 AttenuationSystem update...
2025/08/05 10:40:36 AttenuationSystem parallel flag: 0
2025/08/05 10:40:37 Attenuation computed count: 1170000
2025/08/05 10:40:37 AttenuationSystem update time: 1.035755678s
2025/08/05 10:40:37 Run 3 complete
2025/08/05 10:40:37 StationSystem update...
2025/08/05 10:40:37 weather update count: 900
2025/08/05 10:40:37 StationSystem update time: 2.976µs
2025/08/05 10:40:37 SatelliteSystem update...
2025/08/05 10:40:37 satellite count: 1300
2025/08/05 10:40:37 SatelliteSystem update time: 3.667762ms
2025/08/05 10:40:37 TopoSystem update...
2025/08/05 10:40:37 TopoSystem: Link count: 1170000
2025/08/05 10:40:37 TopoSystem update time: 17.835969ms
2025/08/05 10:40:37 AttenuationSystem update...
2025/08/05 10:40:37 AttenuationSystem parallel flag: 0
2025/08/05 10:40:38 Attenuation computed count: 1170000
2025/08/05 10:40:38 AttenuationSystem update time: 1.153532845s
2025/08/05 10:40:38 Run 4 complete
2025/08/05 10:40:38 StationSystem update...
2025/08/05 10:40:38 weather update count: 900
2025/08/05 10:40:38 StationSystem update time: 2.663µs
2025/08/05 10:40:38 SatelliteSystem update...
2025/08/05 10:40:38 satellite count: 1300
2025/08/05 10:40:38 SatelliteSystem update time: 3.658186ms
2025/08/05 10:40:38 TopoSystem update...
2025/08/05 10:40:38 TopoSystem: Link count: 1170000
2025/08/05 10:40:38 TopoSystem update time: 23.80538ms
2025/08/05 10:40:38 AttenuationSystem update...
2025/08/05 10:40:38 AttenuationSystem parallel flag: 0
2025/08/05 10:40:39 Attenuation computed count: 1170000
2025/08/05 10:40:39 AttenuationSystem update time: 1.113935147s
2025/08/05 10:40:39 Run 5 complete
2025/08/05 10:40:39 StationSystem update...
2025/08/05 10:40:39 weather update count: 900
2025/08/05 10:40:39 StationSystem update time: 2.821µs
2025/08/05 10:40:39 SatelliteSystem update...
2025/08/05 10:40:39 satellite count: 1300
2025/08/05 10:40:39 SatelliteSystem update time: 3.921145ms
2025/08/05 10:40:39 TopoSystem update...
2025/08/05 10:40:39 TopoSystem: Link count: 1170000
2025/08/05 10:40:39 TopoSystem update time: 13.67055ms
2025/08/05 10:40:39 AttenuationSystem update...
2025/08/05 10:40:39 AttenuationSystem parallel flag: 0
2025/08/05 10:40:40 Attenuation computed count: 1170000
2025/08/05 10:40:40 AttenuationSystem update time: 1.013755569s
2025/08/05 10:40:40 Run 6 complete
2025/08/05 10:40:40 StationSystem update...
2025/08/05 10:40:40 weather update count: 900
2025/08/05 10:40:40 StationSystem update time: 2.995µs
2025/08/05 10:40:40 SatelliteSystem update...
2025/08/05 10:40:40 satellite count: 1300
2025/08/05 10:40:40 SatelliteSystem update time: 3.698772ms
2025/08/05 10:40:40 TopoSystem update...
2025/08/05 10:40:40 TopoSystem: Link count: 1170000
2025/08/05 10:40:40 TopoSystem update time: 39.798604ms
2025/08/05 10:40:40 AttenuationSystem update...
2025/08/05 10:40:40 AttenuationSystem parallel flag: 0
2025/08/05 10:40:42 Attenuation computed count: 1170000
2025/08/05 10:40:42 AttenuationSystem update time: 1.367375241s
2025/08/05 10:40:42 Run 7 complete
2025/08/05 10:40:42 StationSystem update...
2025/08/05 10:40:42 weather update count: 900
2025/08/05 10:40:42 StationSystem update time: 3.396µs
2025/08/05 10:40:42 SatelliteSystem update...
2025/08/05 10:40:42 satellite count: 1300
2025/08/05 10:40:42 SatelliteSystem update time: 4.937444ms
2025/08/05 10:40:42 TopoSystem update...
2025/08/05 10:40:42 TopoSystem: Link count: 1170000
2025/08/05 10:40:42 TopoSystem update time: 36.439427ms
2025/08/05 10:40:42 AttenuationSystem update...
2025/08/05 10:40:42 AttenuationSystem parallel flag: 0
2025/08/05 10:40:43 Attenuation computed count: 1170000
2025/08/05 10:40:43 AttenuationSystem update time: 1.017701359s
2025/08/05 10:40:43 Run 8 complete
2025/08/05 10:40:43 StationSystem update...
2025/08/05 10:40:43 weather update count: 900
2025/08/05 10:40:43 StationSystem update time: 2.813µs
2025/08/05 10:40:43 SatelliteSystem update...
2025/08/05 10:40:43 satellite count: 1300
2025/08/05 10:40:43 SatelliteSystem update time: 3.682705ms
2025/08/05 10:40:43 TopoSystem update...
2025/08/05 10:40:43 TopoSystem: Link count: 1170000
2025/08/05 10:40:43 TopoSystem update time: 39.958419ms
2025/08/05 10:40:43 AttenuationSystem update...
2025/08/05 10:40:43 AttenuationSystem parallel flag: 0
2025/08/05 10:40:44 Attenuation computed count: 1170000
2025/08/05 10:40:44 AttenuationSystem update time: 1.366052929s
2025/08/05 10:40:44 Run 9 complete
2025/08/05 10:40:44 StationSystem update...
2025/08/05 10:40:44 weather update count: 900
2025/08/05 10:40:44 StationSystem update time: 3.687µs
2025/08/05 10:40:44 SatelliteSystem update...
2025/08/05 10:40:44 satellite count: 1300
2025/08/05 10:40:44 SatelliteSystem update time: 4.933863ms
2025/08/05 10:40:44 TopoSystem update...
2025/08/05 10:40:44 TopoSystem: Link count: 1170000
2025/08/05 10:40:44 TopoSystem update time: 13.999012ms
2025/08/05 10:40:44 AttenuationSystem update...
2025/08/05 10:40:44 AttenuationSystem parallel flag: 0
2025/08/05 10:40:45 Attenuation computed count: 1170000
2025/08/05 10:40:45 AttenuationSystem update time: 1.250000378s
2025/08/05 10:40:45 Run 10 complete
2025/08/05 10:40:45 Total update time:  12.060309038s
2025/08/05 10:40:45 linkCache size: 40

 Performance counter stats for './scale_ecs 900 1300 10 8 2 0':

        25,055,374      cache-references                                                      
         5,837,414      cache-misses                     #   23.30% of all cache refs         

      12.072231959 seconds time elapsed

      22.738754000 seconds user
       0.102971000 seconds sys


