ECS running with 1000 stations, 2000 satellites, 4 numWGs and 8 numBlocks for 10 rounds in 1 parallel pattern
2025/08/05 11:41:48 StationSystem update...
2025/08/05 11:41:48 weather update count: 1000
2025/08/05 11:41:48 StationSystem update time: 5.263µs
2025/08/05 11:41:48 SatelliteSystem update...
2025/08/05 11:41:48 satellite count: 2000
2025/08/05 11:41:48 SatelliteSystem update time: 7.712311ms
2025/08/05 11:41:48 TopoSystem update...
2025/08/05 11:41:48 TopoSystem: Link count: 2000000
2025/08/05 11:41:48 TopoSystem update time: 58.095393ms
2025/08/05 11:41:48 AttenuationSystem update...
2025/08/05 11:41:48 AttenuationSystem parallel flag: 1
2025/08/05 11:41:49 Attenuation computed count: 2000000
2025/08/05 11:41:49 AttenuationSystem update time: 1.157394995s
2025/08/05 11:41:49 Run 1 complete
2025/08/05 11:41:49 StationSystem update...
2025/08/05 11:41:49 weather update count: 1000
2025/08/05 11:41:49 StationSystem update time: 4.275µs
2025/08/05 11:41:49 SatelliteSystem update...
2025/08/05 11:41:49 satellite count: 2000
2025/08/05 11:41:49 SatelliteSystem update time: 7.621537ms
2025/08/05 11:41:49 TopoSystem update...
2025/08/05 11:41:50 TopoSystem: Link count: 2000000
2025/08/05 11:41:50 TopoSystem update time: 66.754637ms
2025/08/05 11:41:50 AttenuationSystem update...
2025/08/05 11:41:50 AttenuationSystem parallel flag: 1
2025/08/05 11:41:51 Attenuation computed count: 2000000
2025/08/05 11:41:51 AttenuationSystem update time: 1.191330325s
2025/08/05 11:41:51 Run 2 complete
2025/08/05 11:41:51 StationSystem update...
2025/08/05 11:41:51 weather update count: 1000
2025/08/05 11:41:51 StationSystem update time: 4.406µs
2025/08/05 11:41:51 SatelliteSystem update...
2025/08/05 11:41:51 satellite count: 2000
2025/08/05 11:41:51 SatelliteSystem update time: 5.625904ms
2025/08/05 11:41:51 TopoSystem update...
2025/08/05 11:41:51 TopoSystem: Link count: 2000000
2025/08/05 11:41:51 TopoSystem update time: 33.800229ms
2025/08/05 11:41:51 AttenuationSystem update...
2025/08/05 11:41:51 AttenuationSystem parallel flag: 1
2025/08/05 11:41:52 Attenuation computed count: 2000000
2025/08/05 11:41:52 AttenuationSystem update time: 1.148081161s
2025/08/05 11:41:52 Run 3 complete
2025/08/05 11:41:52 StationSystem update...
2025/08/05 11:41:52 weather update count: 1000
2025/08/05 11:41:52 StationSystem update time: 3.866µs
2025/08/05 11:41:52 SatelliteSystem update...
2025/08/05 11:41:52 satellite count: 2000
2025/08/05 11:41:52 SatelliteSystem update time: 7.623397ms
2025/08/05 11:41:52 TopoSystem update...
2025/08/05 11:41:52 TopoSystem: Link count: 2000000
2025/08/05 11:41:52 TopoSystem update time: 30.992736ms
2025/08/05 11:41:52 AttenuationSystem update...
2025/08/05 11:41:52 AttenuationSystem parallel flag: 1
2025/08/05 11:41:53 Attenuation computed count: 2000000
2025/08/05 11:41:53 AttenuationSystem update time: 1.148749237s
2025/08/05 11:41:53 Run 4 complete
2025/08/05 11:41:53 StationSystem update...
2025/08/05 11:41:53 weather update count: 1000
2025/08/05 11:41:53 StationSystem update time: 4.123µs
2025/08/05 11:41:53 SatelliteSystem update...
2025/08/05 11:41:53 satellite count: 2000
2025/08/05 11:41:53 SatelliteSystem update time: 7.655997ms
2025/08/05 11:41:53 TopoSystem update...
2025/08/05 11:41:53 TopoSystem: Link count: 2000000
2025/08/05 11:41:53 TopoSystem update time: 40.418192ms
2025/08/05 11:41:53 AttenuationSystem update...
2025/08/05 11:41:53 AttenuationSystem parallel flag: 1
2025/08/05 11:41:54 Attenuation computed count: 2000000
2025/08/05 11:41:54 AttenuationSystem update time: 1.199308549s
2025/08/05 11:41:54 Run 5 complete
2025/08/05 11:41:54 StationSystem update...
2025/08/05 11:41:54 weather update count: 1000
2025/08/05 11:41:54 StationSystem update time: 4.006µs
2025/08/05 11:41:54 SatelliteSystem update...
2025/08/05 11:41:54 satellite count: 2000
2025/08/05 11:41:54 SatelliteSystem update time: 8.002022ms
2025/08/05 11:41:54 TopoSystem update...
2025/08/05 11:41:54 TopoSystem: Link count: 2000000
2025/08/05 11:41:54 TopoSystem update time: 30.107208ms
2025/08/05 11:41:54 AttenuationSystem update...
2025/08/05 11:41:54 AttenuationSystem parallel flag: 1
2025/08/05 11:41:56 Attenuation computed count: 2000000
2025/08/05 11:41:56 AttenuationSystem update time: 1.155104171s
2025/08/05 11:41:56 Run 6 complete
2025/08/05 11:41:56 StationSystem update...
2025/08/05 11:41:56 weather update count: 1000
2025/08/05 11:41:56 StationSystem update time: 4.166µs
2025/08/05 11:41:56 SatelliteSystem update...
2025/08/05 11:41:56 satellite count: 2000
2025/08/05 11:41:56 SatelliteSystem update time: 5.617058ms
2025/08/05 11:41:56 TopoSystem update...
2025/08/05 11:41:56 TopoSystem: Link count: 2000000
2025/08/05 11:41:56 TopoSystem update time: 25.520136ms
2025/08/05 11:41:56 AttenuationSystem update...
2025/08/05 11:41:56 AttenuationSystem parallel flag: 1
2025/08/05 11:41:57 Attenuation computed count: 2000000
2025/08/05 11:41:57 AttenuationSystem update time: 1.174133896s
2025/08/05 11:41:57 Run 7 complete
2025/08/05 11:41:57 StationSystem update...
2025/08/05 11:41:57 weather update count: 1000
2025/08/05 11:41:57 StationSystem update time: 4.077µs
2025/08/05 11:41:57 SatelliteSystem update...
2025/08/05 11:41:57 satellite count: 2000
2025/08/05 11:41:57 SatelliteSystem update time: 5.614409ms
2025/08/05 11:41:57 TopoSystem update...
2025/08/05 11:41:57 TopoSystem: Link count: 2000000
2025/08/05 11:41:57 TopoSystem update time: 23.716869ms
2025/08/05 11:41:57 AttenuationSystem update...
2025/08/05 11:41:57 AttenuationSystem parallel flag: 1
2025/08/05 11:41:58 Attenuation computed count: 2000000
2025/08/05 11:41:58 AttenuationSystem update time: 1.173955756s
2025/08/05 11:41:58 Run 8 complete
2025/08/05 11:41:58 StationSystem update...
2025/08/05 11:41:58 weather update count: 1000
2025/08/05 11:41:58 StationSystem update time: 4.229µs
2025/08/05 11:41:58 SatelliteSystem update...
2025/08/05 11:41:58 satellite count: 2000
2025/08/05 11:41:58 SatelliteSystem update time: 7.55629ms
2025/08/05 11:41:58 TopoSystem update...
2025/08/05 11:41:58 TopoSystem: Link count: 2000000
2025/08/05 11:41:58 TopoSystem update time: 30.443527ms
2025/08/05 11:41:58 AttenuationSystem update...
2025/08/05 11:41:58 AttenuationSystem parallel flag: 1
2025/08/05 11:41:59 Attenuation computed count: 2000000
2025/08/05 11:41:59 AttenuationSystem update time: 1.174943461s
2025/08/05 11:41:59 Run 9 complete
2025/08/05 11:41:59 StationSystem update...
2025/08/05 11:41:59 weather update count: 1000
2025/08/05 11:41:59 StationSystem update time: 4.091µs
2025/08/05 11:41:59 SatelliteSystem update...
2025/08/05 11:41:59 satellite count: 2000
2025/08/05 11:41:59 SatelliteSystem update time: 7.555928ms
2025/08/05 11:41:59 TopoSystem update...
2025/08/05 11:41:59 TopoSystem: Link count: 2000000
2025/08/05 11:41:59 TopoSystem update time: 28.620767ms
2025/08/05 11:41:59 AttenuationSystem update...
2025/08/05 11:41:59 AttenuationSystem parallel flag: 1
2025/08/05 11:42:00 Attenuation computed count: 2000000
2025/08/05 11:42:00 AttenuationSystem update time: 1.174239182s
2025/08/05 11:42:00 Run 10 complete
2025/08/05 11:42:00 Total update time:  12.146507726s
2025/08/05 11:42:00 linkCache size: 40

 Performance counter stats for './scale_ecs 1000 2000 10 4 8 1':

        42,654,893      cache-references                                                      
        10,004,361      cache-misses                     #   23.45% of all cache refs         

      12.169556945 seconds time elapsed

      40.989993000 seconds user
       0.230033000 seconds sys


