ECS running with 800 stations, 1500 satellites, 2 numWGs and 8 numBlocks for 10 rounds in 0 parallel pattern
2025/08/05 10:09:34 StationSystem update...
2025/08/05 10:09:34 weather update count: 800
2025/08/05 10:09:34 StationSystem update time: 4.695µs
2025/08/05 10:09:34 SatelliteSystem update...
2025/08/05 10:09:34 satellite count: 1500
2025/08/05 10:09:34 SatelliteSystem update time: 5.703976ms
2025/08/05 10:09:34 TopoSystem update...
2025/08/05 10:09:34 TopoSystem: Link count: 1200000
2025/08/05 10:09:34 TopoSystem update time: 38.633424ms
2025/08/05 10:09:34 AttenuationSystem update...
2025/08/05 10:09:34 AttenuationSystem parallel flag: 0
2025/08/05 10:09:34 Attenuation computed count: 1200000
2025/08/05 10:09:34 AttenuationSystem update time: 345.958316ms
2025/08/05 10:09:34 Run 1 complete
2025/08/05 10:09:34 StationSystem update...
2025/08/05 10:09:34 weather update count: 800
2025/08/05 10:09:34 StationSystem update time: 3.524µs
2025/08/05 10:09:34 SatelliteSystem update...
2025/08/05 10:09:34 satellite count: 1500
2025/08/05 10:09:34 SatelliteSystem update time: 5.695774ms
2025/08/05 10:09:34 TopoSystem update...
2025/08/05 10:09:34 TopoSystem: Link count: 1200000
2025/08/05 10:09:34 TopoSystem update time: 34.702065ms
2025/08/05 10:09:34 AttenuationSystem update...
2025/08/05 10:09:34 AttenuationSystem parallel flag: 0
2025/08/05 10:09:35 Attenuation computed count: 1200000
2025/08/05 10:09:35 AttenuationSystem update time: 425.903138ms
2025/08/05 10:09:35 Run 2 complete
2025/08/05 10:09:35 StationSystem update...
2025/08/05 10:09:35 weather update count: 800
2025/08/05 10:09:35 StationSystem update time: 3.313µs
2025/08/05 10:09:35 SatelliteSystem update...
2025/08/05 10:09:35 satellite count: 1500
2025/08/05 10:09:35 SatelliteSystem update time: 5.670685ms
2025/08/05 10:09:35 TopoSystem update...
2025/08/05 10:09:35 TopoSystem: Link count: 1200000
2025/08/05 10:09:35 TopoSystem update time: 18.887114ms
2025/08/05 10:09:35 AttenuationSystem update...
2025/08/05 10:09:35 AttenuationSystem parallel flag: 0
2025/08/05 10:09:35 Attenuation computed count: 1200000
2025/08/05 10:09:35 AttenuationSystem update time: 377.463632ms
2025/08/05 10:09:35 Run 3 complete
2025/08/05 10:09:35 StationSystem update...
2025/08/05 10:09:35 weather update count: 800
2025/08/05 10:09:35 StationSystem update time: 4.005µs
2025/08/05 10:09:35 SatelliteSystem update...
2025/08/05 10:09:35 satellite count: 1500
2025/08/05 10:09:35 SatelliteSystem update time: 5.677326ms
2025/08/05 10:09:35 TopoSystem update...
2025/08/05 10:09:35 TopoSystem: Link count: 1200000
2025/08/05 10:09:35 TopoSystem update time: 18.290601ms
2025/08/05 10:09:35 AttenuationSystem update...
2025/08/05 10:09:35 AttenuationSystem parallel flag: 0
2025/08/05 10:09:36 Attenuation computed count: 1200000
2025/08/05 10:09:36 AttenuationSystem update time: 453.578056ms
2025/08/05 10:09:36 Run 4 complete
2025/08/05 10:09:36 StationSystem update...
2025/08/05 10:09:36 weather update count: 800
2025/08/05 10:09:36 StationSystem update time: 3.674µs
2025/08/05 10:09:36 SatelliteSystem update...
2025/08/05 10:09:36 satellite count: 1500
2025/08/05 10:09:36 SatelliteSystem update time: 12.751697ms
2025/08/05 10:09:36 TopoSystem update...
2025/08/05 10:09:36 TopoSystem: Link count: 1200000
2025/08/05 10:09:36 TopoSystem update time: 33.814548ms
2025/08/05 10:09:36 AttenuationSystem update...
2025/08/05 10:09:36 AttenuationSystem parallel flag: 0
2025/08/05 10:09:36 Attenuation computed count: 1200000
2025/08/05 10:09:36 AttenuationSystem update time: 341.809076ms
2025/08/05 10:09:36 Run 5 complete
2025/08/05 10:09:36 StationSystem update...
2025/08/05 10:09:36 weather update count: 800
2025/08/05 10:09:36 StationSystem update time: 3.505µs
2025/08/05 10:09:36 SatelliteSystem update...
2025/08/05 10:09:36 satellite count: 1500
2025/08/05 10:09:36 SatelliteSystem update time: 5.710757ms
2025/08/05 10:09:36 TopoSystem update...
2025/08/05 10:09:36 TopoSystem: Link count: 1200000
2025/08/05 10:09:36 TopoSystem update time: 17.756043ms
2025/08/05 10:09:36 AttenuationSystem update...
2025/08/05 10:09:36 AttenuationSystem parallel flag: 0
2025/08/05 10:09:36 Attenuation computed count: 1200000
2025/08/05 10:09:36 AttenuationSystem update time: 331.720444ms
2025/08/05 10:09:36 Run 6 complete
2025/08/05 10:09:36 StationSystem update...
2025/08/05 10:09:36 weather update count: 800
2025/08/05 10:09:36 StationSystem update time: 3.148µs
2025/08/05 10:09:36 SatelliteSystem update...
2025/08/05 10:09:36 satellite count: 1500
2025/08/05 10:09:36 SatelliteSystem update time: 5.69542ms
2025/08/05 10:09:36 TopoSystem update...
2025/08/05 10:09:37 TopoSystem: Link count: 1200000
2025/08/05 10:09:37 TopoSystem update time: 19.065652ms
2025/08/05 10:09:37 AttenuationSystem update...
2025/08/05 10:09:37 AttenuationSystem parallel flag: 0
2025/08/05 10:09:37 Attenuation computed count: 1200000
2025/08/05 10:09:37 AttenuationSystem update time: 378.108783ms
2025/08/05 10:09:37 Run 7 complete
2025/08/05 10:09:37 StationSystem update...
2025/08/05 10:09:37 weather update count: 800
2025/08/05 10:09:37 StationSystem update time: 3.473µs
2025/08/05 10:09:37 SatelliteSystem update...
2025/08/05 10:09:37 satellite count: 1500
2025/08/05 10:09:37 SatelliteSystem update time: 4.216293ms
2025/08/05 10:09:37 TopoSystem update...
2025/08/05 10:09:37 TopoSystem: Link count: 1200000
2025/08/05 10:09:37 TopoSystem update time: 16.303042ms
2025/08/05 10:09:37 AttenuationSystem update...
2025/08/05 10:09:37 AttenuationSystem parallel flag: 0
2025/08/05 10:09:37 Attenuation computed count: 1200000
2025/08/05 10:09:37 AttenuationSystem update time: 354.07568ms
2025/08/05 10:09:37 Run 8 complete
2025/08/05 10:09:37 StationSystem update...
2025/08/05 10:09:37 weather update count: 800
2025/08/05 10:09:37 StationSystem update time: 3.093µs
2025/08/05 10:09:37 SatelliteSystem update...
2025/08/05 10:09:37 satellite count: 1500
2025/08/05 10:09:37 SatelliteSystem update time: 5.673275ms
2025/08/05 10:09:37 TopoSystem update...
2025/08/05 10:09:37 TopoSystem: Link count: 1200000
2025/08/05 10:09:37 TopoSystem update time: 17.128559ms
2025/08/05 10:09:37 AttenuationSystem update...
2025/08/05 10:09:37 AttenuationSystem parallel flag: 0
2025/08/05 10:09:38 Attenuation computed count: 1200000
2025/08/05 10:09:38 AttenuationSystem update time: 416.205279ms
2025/08/05 10:09:38 Run 9 complete
2025/08/05 10:09:38 StationSystem update...
2025/08/05 10:09:38 weather update count: 800
2025/08/05 10:09:38 StationSystem update time: 3.344µs
2025/08/05 10:09:38 SatelliteSystem update...
2025/08/05 10:09:38 satellite count: 1500
2025/08/05 10:09:38 SatelliteSystem update time: 5.842588ms
2025/08/05 10:09:38 TopoSystem update...
2025/08/05 10:09:38 TopoSystem: Link count: 1200000
2025/08/05 10:09:38 TopoSystem update time: 18.763787ms
2025/08/05 10:09:38 AttenuationSystem update...
2025/08/05 10:09:38 AttenuationSystem parallel flag: 0
2025/08/05 10:09:38 Attenuation computed count: 1200000
2025/08/05 10:09:38 AttenuationSystem update time: 347.766977ms
2025/08/05 10:09:38 Run 10 complete
2025/08/05 10:09:38 Total update time:  4.076912003s
2025/08/05 10:09:38 linkCache size: 40

 Performance counter stats for './scale_ecs 800 1500 10 2 8 0':

        25,396,070      cache-references                                                      
         5,440,126      cache-misses                     #   21.42% of all cache refs         

       4.087239314 seconds time elapsed

      24.972240000 seconds user
       0.098989000 seconds sys


