ECS running with 900 stations, 1600 satellites, 2 numWGs and 8 numBlocks for 10 rounds in 1 parallel pattern
2025/08/05 10:47:17 StationSystem update...
2025/08/05 10:47:17 weather update count: 900
2025/08/05 10:47:17 StationSystem update time: 4.825µs
2025/08/05 10:47:17 SatelliteSystem update...
2025/08/05 10:47:17 satellite count: 1600
2025/08/05 10:47:17 SatelliteSystem update time: 6.070526ms
2025/08/05 10:47:17 TopoSystem update...
2025/08/05 10:47:17 TopoSystem: Link count: 1440000
2025/08/05 10:47:17 TopoSystem update time: 37.352963ms
2025/08/05 10:47:17 AttenuationSystem update...
2025/08/05 10:47:17 AttenuationSystem parallel flag: 1
2025/08/05 10:47:18 Attenuation computed count: 1440000
2025/08/05 10:47:18 AttenuationSystem update time: 1.564430385s
2025/08/05 10:47:18 Run 1 complete
2025/08/05 10:47:18 StationSystem update...
2025/08/05 10:47:18 weather update count: 900
2025/08/05 10:47:18 StationSystem update time: 3.121µs
2025/08/05 10:47:18 SatelliteSystem update...
2025/08/05 10:47:18 satellite count: 1600
2025/08/05 10:47:18 SatelliteSystem update time: 4.496664ms
2025/08/05 10:47:18 TopoSystem update...
2025/08/05 10:47:18 TopoSystem: Link count: 1440000
2025/08/05 10:47:18 TopoSystem update time: 32.455445ms
2025/08/05 10:47:18 AttenuationSystem update...
2025/08/05 10:47:18 AttenuationSystem parallel flag: 1
2025/08/05 10:47:20 Attenuation computed count: 1440000
2025/08/05 10:47:20 AttenuationSystem update time: 1.627864611s
2025/08/05 10:47:20 Run 2 complete
2025/08/05 10:47:20 StationSystem update...
2025/08/05 10:47:20 weather update count: 900
2025/08/05 10:47:20 StationSystem update time: 3.292µs
2025/08/05 10:47:20 SatelliteSystem update...
2025/08/05 10:47:20 satellite count: 1600
2025/08/05 10:47:20 SatelliteSystem update time: 4.499169ms
2025/08/05 10:47:20 TopoSystem update...
2025/08/05 10:47:20 TopoSystem: Link count: 1440000
2025/08/05 10:47:20 TopoSystem update time: 17.298021ms
2025/08/05 10:47:20 AttenuationSystem update...
2025/08/05 10:47:20 AttenuationSystem parallel flag: 1
2025/08/05 10:47:21 Attenuation computed count: 1440000
2025/08/05 10:47:21 AttenuationSystem update time: 1.634947954s
2025/08/05 10:47:21 Run 3 complete
2025/08/05 10:47:21 StationSystem update...
2025/08/05 10:47:21 weather update count: 900
2025/08/05 10:47:21 StationSystem update time: 4.015µs
2025/08/05 10:47:21 SatelliteSystem update...
2025/08/05 10:47:21 satellite count: 1600
2025/08/05 10:47:21 SatelliteSystem update time: 5.14904ms
2025/08/05 10:47:21 TopoSystem update...
2025/08/05 10:47:22 TopoSystem: Link count: 1440000
2025/08/05 10:47:22 TopoSystem update time: 17.900266ms
2025/08/05 10:47:22 AttenuationSystem update...
2025/08/05 10:47:22 AttenuationSystem parallel flag: 1
2025/08/05 10:47:23 Attenuation computed count: 1440000
2025/08/05 10:47:23 AttenuationSystem update time: 1.258030598s
2025/08/05 10:47:23 Run 4 complete
2025/08/05 10:47:23 StationSystem update...
2025/08/05 10:47:23 weather update count: 900
2025/08/05 10:47:23 StationSystem update time: 3.252µs
2025/08/05 10:47:23 SatelliteSystem update...
2025/08/05 10:47:23 satellite count: 1600
2025/08/05 10:47:23 SatelliteSystem update time: 4.501108ms
2025/08/05 10:47:23 TopoSystem update...
2025/08/05 10:47:23 TopoSystem: Link count: 1440000
2025/08/05 10:47:23 TopoSystem update time: 24.880079ms
2025/08/05 10:47:23 AttenuationSystem update...
2025/08/05 10:47:23 AttenuationSystem parallel flag: 1
2025/08/05 10:47:24 Attenuation computed count: 1440000
2025/08/05 10:47:24 AttenuationSystem update time: 1.236018272s
2025/08/05 10:47:24 Run 5 complete
2025/08/05 10:47:24 StationSystem update...
2025/08/05 10:47:24 weather update count: 900
2025/08/05 10:47:24 StationSystem update time: 3.305µs
2025/08/05 10:47:24 SatelliteSystem update...
2025/08/05 10:47:24 satellite count: 1600
2025/08/05 10:47:24 SatelliteSystem update time: 4.485721ms
2025/08/05 10:47:24 TopoSystem update...
2025/08/05 10:47:24 TopoSystem: Link count: 1440000
2025/08/05 10:47:24 TopoSystem update time: 17.154191ms
2025/08/05 10:47:24 AttenuationSystem update...
2025/08/05 10:47:24 AttenuationSystem parallel flag: 1
2025/08/05 10:47:25 Attenuation computed count: 1440000
2025/08/05 10:47:25 AttenuationSystem update time: 1.360482571s
2025/08/05 10:47:25 Run 6 complete
2025/08/05 10:47:25 StationSystem update...
2025/08/05 10:47:25 weather update count: 900
2025/08/05 10:47:25 StationSystem update time: 3.127µs
2025/08/05 10:47:25 SatelliteSystem update...
2025/08/05 10:47:25 satellite count: 1600
2025/08/05 10:47:25 SatelliteSystem update time: 4.497285ms
2025/08/05 10:47:25 TopoSystem update...
2025/08/05 10:47:25 TopoSystem: Link count: 1440000
2025/08/05 10:47:25 TopoSystem update time: 25.208183ms
2025/08/05 10:47:25 AttenuationSystem update...
2025/08/05 10:47:25 AttenuationSystem parallel flag: 1
2025/08/05 10:47:27 Attenuation computed count: 1440000
2025/08/05 10:47:27 AttenuationSystem update time: 1.603878957s
2025/08/05 10:47:27 Run 7 complete
2025/08/05 10:47:27 StationSystem update...
2025/08/05 10:47:27 weather update count: 900
2025/08/05 10:47:27 StationSystem update time: 3.19µs
2025/08/05 10:47:27 SatelliteSystem update...
2025/08/05 10:47:27 satellite count: 1600
2025/08/05 10:47:27 SatelliteSystem update time: 6.193475ms
2025/08/05 10:47:27 TopoSystem update...
2025/08/05 10:47:27 TopoSystem: Link count: 1440000
2025/08/05 10:47:27 TopoSystem update time: 21.868625ms
2025/08/05 10:47:27 AttenuationSystem update...
2025/08/05 10:47:27 AttenuationSystem parallel flag: 1
2025/08/05 10:47:28 Attenuation computed count: 1440000
2025/08/05 10:47:28 AttenuationSystem update time: 1.398213426s
2025/08/05 10:47:28 Run 8 complete
2025/08/05 10:47:28 StationSystem update...
2025/08/05 10:47:28 weather update count: 900
2025/08/05 10:47:28 StationSystem update time: 3.03µs
2025/08/05 10:47:28 SatelliteSystem update...
2025/08/05 10:47:28 satellite count: 1600
2025/08/05 10:47:28 SatelliteSystem update time: 4.501331ms
2025/08/05 10:47:28 TopoSystem update...
2025/08/05 10:47:28 TopoSystem: Link count: 1440000
2025/08/05 10:47:28 TopoSystem update time: 18.429826ms
2025/08/05 10:47:28 AttenuationSystem update...
2025/08/05 10:47:28 AttenuationSystem parallel flag: 1
2025/08/05 10:47:30 Attenuation computed count: 1440000
2025/08/05 10:47:30 AttenuationSystem update time: 1.596566487s
2025/08/05 10:47:30 Run 9 complete
2025/08/05 10:47:30 StationSystem update...
2025/08/05 10:47:30 weather update count: 900
2025/08/05 10:47:30 StationSystem update time: 3.741µs
2025/08/05 10:47:30 SatelliteSystem update...
2025/08/05 10:47:30 satellite count: 1600
2025/08/05 10:47:30 SatelliteSystem update time: 4.507567ms
2025/08/05 10:47:30 TopoSystem update...
2025/08/05 10:47:30 TopoSystem: Link count: 1440000
2025/08/05 10:47:30 TopoSystem update time: 18.36099ms
2025/08/05 10:47:30 AttenuationSystem update...
2025/08/05 10:47:30 AttenuationSystem parallel flag: 1
2025/08/05 10:47:32 Attenuation computed count: 1440000
2025/08/05 10:47:32 AttenuationSystem update time: 1.520517254s
2025/08/05 10:47:32 Run 10 complete
2025/08/05 10:47:32 Total update time:  15.089108805s
2025/08/05 10:47:32 linkCache size: 40

 Performance counter stats for './scale_ecs 900 1600 10 2 8 1':

        29,981,122      cache-references                                                      
         7,484,574      cache-misses                     #   24.96% of all cache refs         

      15.106828896 seconds time elapsed

      27.839572000 seconds user
       0.097015000 seconds sys


