ECS running with 700 stations, 1900 satellites, 8 numWGs and 8 numBlocks for 10 rounds in 0 parallel pattern
2025/08/05 09:20:00 StationSystem update...
2025/08/05 09:20:00 weather update count: 700
2025/08/05 09:20:00 StationSystem update time: 4.659µs
2025/08/05 09:20:00 SatelliteSystem update...
2025/08/05 09:20:00 satellite count: 1900
2025/08/05 09:20:00 SatelliteSystem update time: 7.170061ms
2025/08/05 09:20:00 TopoSystem update...
2025/08/05 09:20:00 TopoSystem: Link count: 1330000
2025/08/05 09:20:00 TopoSystem update time: 35.573168ms
2025/08/05 09:20:00 AttenuationSystem update...
2025/08/05 09:20:00 AttenuationSystem parallel flag: 0
2025/08/05 09:20:00 Attenuation computed count: 1330000
2025/08/05 09:20:00 AttenuationSystem update time: 382.017585ms
2025/08/05 09:20:00 Run 1 complete
2025/08/05 09:20:00 StationSystem update...
2025/08/05 09:20:00 weather update count: 700
2025/08/05 09:20:00 StationSystem update time: 3.063µs
2025/08/05 09:20:00 SatelliteSystem update...
2025/08/05 09:20:00 satellite count: 1900
2025/08/05 09:20:00 SatelliteSystem update time: 7.452152ms
2025/08/05 09:20:00 TopoSystem update...
2025/08/05 09:20:00 TopoSystem: Link count: 1330000
2025/08/05 09:20:00 TopoSystem update time: 37.723902ms
2025/08/05 09:20:00 AttenuationSystem update...
2025/08/05 09:20:00 AttenuationSystem parallel flag: 0
2025/08/05 09:20:01 Attenuation computed count: 1330000
2025/08/05 09:20:01 AttenuationSystem update time: 390.946608ms
2025/08/05 09:20:01 Run 2 complete
2025/08/05 09:20:01 StationSystem update...
2025/08/05 09:20:01 weather update count: 700
2025/08/05 09:20:01 StationSystem update time: 3.054µs
2025/08/05 09:20:01 SatelliteSystem update...
2025/08/05 09:20:01 satellite count: 1900
2025/08/05 09:20:01 SatelliteSystem update time: 7.16795ms
2025/08/05 09:20:01 TopoSystem update...
2025/08/05 09:20:01 TopoSystem: Link count: 1330000
2025/08/05 09:20:01 TopoSystem update time: 20.008751ms
2025/08/05 09:20:01 AttenuationSystem update...
2025/08/05 09:20:01 AttenuationSystem parallel flag: 0
2025/08/05 09:20:01 Attenuation computed count: 1330000
2025/08/05 09:20:01 AttenuationSystem update time: 396.591775ms
2025/08/05 09:20:01 Run 3 complete
2025/08/05 09:20:01 StationSystem update...
2025/08/05 09:20:01 weather update count: 700
2025/08/05 09:20:01 StationSystem update time: 2.654µs
2025/08/05 09:20:01 SatelliteSystem update...
2025/08/05 09:20:01 satellite count: 1900
2025/08/05 09:20:01 SatelliteSystem update time: 7.191837ms
2025/08/05 09:20:01 TopoSystem update...
2025/08/05 09:20:01 TopoSystem: Link count: 1330000
2025/08/05 09:20:01 TopoSystem update time: 20.245637ms
2025/08/05 09:20:01 AttenuationSystem update...
2025/08/05 09:20:01 AttenuationSystem parallel flag: 0
2025/08/05 09:20:01 Attenuation computed count: 1330000
2025/08/05 09:20:01 AttenuationSystem update time: 414.338911ms
2025/08/05 09:20:01 Run 4 complete
2025/08/05 09:20:01 StationSystem update...
2025/08/05 09:20:01 weather update count: 700
2025/08/05 09:20:01 StationSystem update time: 3.502µs
2025/08/05 09:20:01 SatelliteSystem update...
2025/08/05 09:20:01 satellite count: 1900
2025/08/05 09:20:01 SatelliteSystem update time: 7.182462ms
2025/08/05 09:20:01 TopoSystem update...
2025/08/05 09:20:01 TopoSystem: Link count: 1330000
2025/08/05 09:20:01 TopoSystem update time: 20.889006ms
2025/08/05 09:20:01 AttenuationSystem update...
2025/08/05 09:20:01 AttenuationSystem parallel flag: 0
2025/08/05 09:20:02 Attenuation computed count: 1330000
2025/08/05 09:20:02 AttenuationSystem update time: 380.005943ms
2025/08/05 09:20:02 Run 5 complete
2025/08/05 09:20:02 StationSystem update...
2025/08/05 09:20:02 weather update count: 700
2025/08/05 09:20:02 StationSystem update time: 3.424µs
2025/08/05 09:20:02 SatelliteSystem update...
2025/08/05 09:20:02 satellite count: 1900
2025/08/05 09:20:02 SatelliteSystem update time: 7.177223ms
2025/08/05 09:20:02 TopoSystem update...
2025/08/05 09:20:02 TopoSystem: Link count: 1330000
2025/08/05 09:20:02 TopoSystem update time: 20.219917ms
2025/08/05 09:20:02 AttenuationSystem update...
2025/08/05 09:20:02 AttenuationSystem parallel flag: 0
2025/08/05 09:20:02 Attenuation computed count: 1330000
2025/08/05 09:20:02 AttenuationSystem update time: 402.866958ms
2025/08/05 09:20:02 Run 6 complete
2025/08/05 09:20:02 StationSystem update...
2025/08/05 09:20:02 weather update count: 700
2025/08/05 09:20:02 StationSystem update time: 3.319µs
2025/08/05 09:20:02 SatelliteSystem update...
2025/08/05 09:20:02 satellite count: 1900
2025/08/05 09:20:02 SatelliteSystem update time: 7.181323ms
2025/08/05 09:20:02 TopoSystem update...
2025/08/05 09:20:02 TopoSystem: Link count: 1330000
2025/08/05 09:20:02 TopoSystem update time: 19.970475ms
2025/08/05 09:20:02 AttenuationSystem update...
2025/08/05 09:20:02 AttenuationSystem parallel flag: 0
2025/08/05 09:20:03 Attenuation computed count: 1330000
2025/08/05 09:20:03 AttenuationSystem update time: 365.85436ms
2025/08/05 09:20:03 Run 7 complete
2025/08/05 09:20:03 StationSystem update...
2025/08/05 09:20:03 weather update count: 700
2025/08/05 09:20:03 StationSystem update time: 2.787µs
2025/08/05 09:20:03 SatelliteSystem update...
2025/08/05 09:20:03 satellite count: 1900
2025/08/05 09:20:03 SatelliteSystem update time: 5.339309ms
2025/08/05 09:20:03 TopoSystem update...
2025/08/05 09:20:03 TopoSystem: Link count: 1330000
2025/08/05 09:20:03 TopoSystem update time: 16.744385ms
2025/08/05 09:20:03 AttenuationSystem update...
2025/08/05 09:20:03 AttenuationSystem parallel flag: 0
2025/08/05 09:20:03 Attenuation computed count: 1330000
2025/08/05 09:20:03 AttenuationSystem update time: 393.678248ms
2025/08/05 09:20:03 Run 8 complete
2025/08/05 09:20:03 StationSystem update...
2025/08/05 09:20:03 weather update count: 700
2025/08/05 09:20:03 StationSystem update time: 3.359µs
2025/08/05 09:20:03 SatelliteSystem update...
2025/08/05 09:20:03 satellite count: 1900
2025/08/05 09:20:03 SatelliteSystem update time: 7.177986ms
2025/08/05 09:20:03 TopoSystem update...
2025/08/05 09:20:03 TopoSystem: Link count: 1330000
2025/08/05 09:20:03 TopoSystem update time: 19.069715ms
2025/08/05 09:20:03 AttenuationSystem update...
2025/08/05 09:20:03 AttenuationSystem parallel flag: 0
2025/08/05 09:20:03 Attenuation computed count: 1330000
2025/08/05 09:20:03 AttenuationSystem update time: 413.721216ms
2025/08/05 09:20:03 Run 9 complete
2025/08/05 09:20:03 StationSystem update...
2025/08/05 09:20:03 weather update count: 700
2025/08/05 09:20:03 StationSystem update time: 3.416µs
2025/08/05 09:20:03 SatelliteSystem update...
2025/08/05 09:20:03 satellite count: 1900
2025/08/05 09:20:03 SatelliteSystem update time: 7.171911ms
2025/08/05 09:20:03 TopoSystem update...
2025/08/05 09:20:04 TopoSystem: Link count: 1330000
2025/08/05 09:20:04 TopoSystem update time: 18.863761ms
2025/08/05 09:20:04 AttenuationSystem update...
2025/08/05 09:20:04 AttenuationSystem parallel flag: 0
2025/08/05 09:20:04 Attenuation computed count: 1330000
2025/08/05 09:20:04 AttenuationSystem update time: 379.89837ms
2025/08/05 09:20:04 Run 10 complete
2025/08/05 09:20:04 Total update time:  4.229075577s
2025/08/05 09:20:04 linkCache size: 40

 Performance counter stats for './scale_ecs 700 1900 10 8 8 0':

        27,539,160      cache-references                                                      
         6,056,851      cache-misses                     #   21.99% of all cache refs         

       4.238970767 seconds time elapsed

      26.801138000 seconds user
       0.059002000 seconds sys


