ECS running with 1000 stations, 1100 satellites, 2 numWGs and 4 numBlocks for 10 rounds in 1 parallel pattern
2025/08/05 11:12:24 StationSystem update...
2025/08/05 11:12:24 weather update count: 1000
2025/08/05 11:12:24 StationSystem update time: 5.215µs
2025/08/05 11:12:24 SatelliteSystem update...
2025/08/05 11:12:24 satellite count: 1100
2025/08/05 11:12:24 SatelliteSystem update time: 4.192435ms
2025/08/05 11:12:24 TopoSystem update...
2025/08/05 11:12:24 TopoSystem: Link count: 1100000
2025/08/05 11:12:24 TopoSystem update time: 33.972998ms
2025/08/05 11:12:24 AttenuationSystem update...
2025/08/05 11:12:24 AttenuationSystem parallel flag: 1
2025/08/05 11:12:25 Attenuation computed count: 1100000
2025/08/05 11:12:25 AttenuationSystem update time: 962.550147ms
2025/08/05 11:12:25 Run 1 complete
2025/08/05 11:12:25 StationSystem update...
2025/08/05 11:12:25 SatelliteSystem update...
2025/08/05 11:12:25 weather update count: 1000
2025/08/05 11:12:25 StationSystem update time: 5.354µs
2025/08/05 11:12:25 satellite count: 1100
2025/08/05 11:12:25 SatelliteSystem update time: 3.096416ms
2025/08/05 11:12:25 TopoSystem update...
2025/08/05 11:12:25 TopoSystem: Link count: 1100000
2025/08/05 11:12:25 TopoSystem update time: 43.114148ms
2025/08/05 11:12:25 AttenuationSystem update...
2025/08/05 11:12:25 AttenuationSystem parallel flag: 1
2025/08/05 11:12:26 Attenuation computed count: 1100000
2025/08/05 11:12:26 AttenuationSystem update time: 1.289371318s
2025/08/05 11:12:26 Run 2 complete
2025/08/05 11:12:26 StationSystem update...
2025/08/05 11:12:26 weather update count: 1000
2025/08/05 11:12:26 StationSystem update time: 3.946µs
2025/08/05 11:12:26 SatelliteSystem update...
2025/08/05 11:12:26 satellite count: 1100
2025/08/05 11:12:26 SatelliteSystem update time: 3.105252ms
2025/08/05 11:12:26 TopoSystem update...
2025/08/05 11:12:26 TopoSystem: Link count: 1100000
2025/08/05 11:12:26 TopoSystem update time: 16.116946ms
2025/08/05 11:12:26 AttenuationSystem update...
2025/08/05 11:12:26 AttenuationSystem parallel flag: 1
2025/08/05 11:12:28 Attenuation computed count: 1100000
2025/08/05 11:12:28 AttenuationSystem update time: 1.25215021s
2025/08/05 11:12:28 Run 3 complete
2025/08/05 11:12:28 StationSystem update...
2025/08/05 11:12:28 weather update count: 1000
2025/08/05 11:12:28 StationSystem update time: 3.187µs
2025/08/05 11:12:28 SatelliteSystem update...
2025/08/05 11:12:28 satellite count: 1100
2025/08/05 11:12:28 SatelliteSystem update time: 4.180949ms
2025/08/05 11:12:28 TopoSystem update...
2025/08/05 11:12:28 TopoSystem: Link count: 1100000
2025/08/05 11:12:28 TopoSystem update time: 15.375919ms
2025/08/05 11:12:28 AttenuationSystem update...
2025/08/05 11:12:28 AttenuationSystem parallel flag: 1
2025/08/05 11:12:29 Attenuation computed count: 1100000
2025/08/05 11:12:29 AttenuationSystem update time: 1.179747526s
2025/08/05 11:12:29 Run 4 complete
2025/08/05 11:12:29 StationSystem update...
2025/08/05 11:12:29 weather update count: 1000
2025/08/05 11:12:29 StationSystem update time: 4.062µs
2025/08/05 11:12:29 SatelliteSystem update...
2025/08/05 11:12:29 satellite count: 1100
2025/08/05 11:12:29 SatelliteSystem update time: 4.181231ms
2025/08/05 11:12:29 TopoSystem update...
2025/08/05 11:12:29 TopoSystem: Link count: 1100000
2025/08/05 11:12:29 TopoSystem update time: 15.760789ms
2025/08/05 11:12:29 AttenuationSystem update...
2025/08/05 11:12:29 AttenuationSystem parallel flag: 1
2025/08/05 11:12:30 Attenuation computed count: 1100000
2025/08/05 11:12:30 AttenuationSystem update time: 1.288641279s
2025/08/05 11:12:30 Run 5 complete
2025/08/05 11:12:30 StationSystem update...
2025/08/05 11:12:30 weather update count: 1000
2025/08/05 11:12:30 StationSystem update time: 3.871µs
2025/08/05 11:12:30 SatelliteSystem update...
2025/08/05 11:12:30 satellite count: 1100
2025/08/05 11:12:30 SatelliteSystem update time: 4.186326ms
2025/08/05 11:12:30 TopoSystem update...
2025/08/05 11:12:30 TopoSystem: Link count: 1100000
2025/08/05 11:12:30 TopoSystem update time: 16.700703ms
2025/08/05 11:12:30 AttenuationSystem update...
2025/08/05 11:12:30 AttenuationSystem parallel flag: 1
2025/08/05 11:12:31 Attenuation computed count: 1100000
2025/08/05 11:12:31 AttenuationSystem update time: 1.141857697s
2025/08/05 11:12:31 Run 6 complete
2025/08/05 11:12:31 StationSystem update...
2025/08/05 11:12:31 weather update count: 1000
2025/08/05 11:12:31 StationSystem update time: 3.816µs
2025/08/05 11:12:31 SatelliteSystem update...
2025/08/05 11:12:31 satellite count: 1100
2025/08/05 11:12:31 SatelliteSystem update time: 3.107765ms
2025/08/05 11:12:31 TopoSystem update...
2025/08/05 11:12:31 TopoSystem: Link count: 1100000
2025/08/05 11:12:31 TopoSystem update time: 13.184889ms
2025/08/05 11:12:31 AttenuationSystem update...
2025/08/05 11:12:31 AttenuationSystem parallel flag: 1
2025/08/05 11:12:32 Attenuation computed count: 1100000
2025/08/05 11:12:32 AttenuationSystem update time: 1.258837278s
2025/08/05 11:12:32 Run 7 complete
2025/08/05 11:12:32 StationSystem update...
2025/08/05 11:12:32 weather update count: 1000
2025/08/05 11:12:32 StationSystem update time: 3.95µs
2025/08/05 11:12:32 SatelliteSystem update...
2025/08/05 11:12:32 satellite count: 1100
2025/08/05 11:12:32 SatelliteSystem update time: 3.799828ms
2025/08/05 11:12:32 TopoSystem update...
2025/08/05 11:12:32 TopoSystem: Link count: 1100000
2025/08/05 11:12:32 TopoSystem update time: 17.309026ms
2025/08/05 11:12:32 AttenuationSystem update...
2025/08/05 11:12:32 AttenuationSystem parallel flag: 1
2025/08/05 11:12:34 Attenuation computed count: 1100000
2025/08/05 11:12:34 AttenuationSystem update time: 1.288256736s
2025/08/05 11:12:34 Run 8 complete
2025/08/05 11:12:34 StationSystem update...
2025/08/05 11:12:34 weather update count: 1000
2025/08/05 11:12:34 StationSystem update time: 3.923µs
2025/08/05 11:12:34 SatelliteSystem update...
2025/08/05 11:12:34 satellite count: 1100
2025/08/05 11:12:34 SatelliteSystem update time: 4.184101ms
2025/08/05 11:12:34 TopoSystem update...
2025/08/05 11:12:34 TopoSystem: Link count: 1100000
2025/08/05 11:12:34 TopoSystem update time: 29.086055ms
2025/08/05 11:12:34 AttenuationSystem update...
2025/08/05 11:12:34 AttenuationSystem parallel flag: 1
2025/08/05 11:12:35 Attenuation computed count: 1100000
2025/08/05 11:12:35 AttenuationSystem update time: 1.189283815s
2025/08/05 11:12:35 Run 9 complete
2025/08/05 11:12:35 StationSystem update...
2025/08/05 11:12:35 weather update count: 1000
2025/08/05 11:12:35 StationSystem update time: 3.897µs
2025/08/05 11:12:35 SatelliteSystem update...
2025/08/05 11:12:35 satellite count: 1100
2025/08/05 11:12:35 SatelliteSystem update time: 3.105162ms
2025/08/05 11:12:35 TopoSystem update...
2025/08/05 11:12:35 TopoSystem: Link count: 1100000
2025/08/05 11:12:35 TopoSystem update time: 13.510547ms
2025/08/05 11:12:35 AttenuationSystem update...
2025/08/05 11:12:35 AttenuationSystem parallel flag: 1
2025/08/05 11:12:36 Attenuation computed count: 1100000
2025/08/05 11:12:36 AttenuationSystem update time: 1.246831197s
2025/08/05 11:12:36 Run 10 complete
2025/08/05 11:12:36 Total update time:  12.355347428s
2025/08/05 11:12:36 linkCache size: 40

 Performance counter stats for './scale_ecs 1000 1100 10 2 4 1':

        23,323,820      cache-references                                                      
         5,682,332      cache-misses                     #   24.36% of all cache refs         

      12.369107054 seconds time elapsed

      23.319750000 seconds user
       0.114905000 seconds sys


