ECS running with 500 stations, 900 satellites, 4 numWGs and 2 numBlocks for 10 rounds in 0 parallel pattern
2025/08/05 08:06:35 StationSystem update...
2025/08/05 08:06:35 SatelliteSystem update...
2025/08/05 08:06:35 weather update count: 500
2025/08/05 08:06:35 StationSystem update time: 7.951µs
2025/08/05 08:06:35 satellite count: 900
2025/08/05 08:06:35 SatelliteSystem update time: 2.978614ms
2025/08/05 08:06:35 TopoSystem update...
2025/08/05 08:06:35 TopoSystem: Link count: 450000
2025/08/05 08:06:35 TopoSystem update time: 13.987336ms
2025/08/05 08:06:35 AttenuationSystem update...
2025/08/05 08:06:35 AttenuationSystem parallel flag: 0
2025/08/05 08:06:35 Attenuation computed count: 450000
2025/08/05 08:06:35 AttenuationSystem update time: 513.373088ms
2025/08/05 08:06:35 Run 1 complete
2025/08/05 08:06:35 StationSystem update...
2025/08/05 08:06:35 weather update count: 500
2025/08/05 08:06:35 StationSystem update time: 2.735µs
2025/08/05 08:06:35 SatelliteSystem update...
2025/08/05 08:06:35 satellite count: 900
2025/08/05 08:06:35 SatelliteSystem update time: 3.432579ms
2025/08/05 08:06:35 TopoSystem update...
2025/08/05 08:06:35 TopoSystem: Link count: 450000
2025/08/05 08:06:35 TopoSystem update time: 10.813694ms
2025/08/05 08:06:35 AttenuationSystem update...
2025/08/05 08:06:35 AttenuationSystem parallel flag: 0
2025/08/05 08:06:36 Attenuation computed count: 450000
2025/08/05 08:06:36 AttenuationSystem update time: 512.981671ms
2025/08/05 08:06:36 Run 2 complete
2025/08/05 08:06:36 StationSystem update...
2025/08/05 08:06:36 weather update count: 500
2025/08/05 08:06:36 StationSystem update time: 2.656µs
2025/08/05 08:06:36 SatelliteSystem update...
2025/08/05 08:06:36 satellite count: 900
2025/08/05 08:06:36 SatelliteSystem update time: 3.406135ms
2025/08/05 08:06:36 TopoSystem update...
2025/08/05 08:06:36 TopoSystem: Link count: 450000
2025/08/05 08:06:36 TopoSystem update time: 6.860976ms
2025/08/05 08:06:36 AttenuationSystem update...
2025/08/05 08:06:36 AttenuationSystem parallel flag: 0
2025/08/05 08:06:36 Attenuation computed count: 450000
2025/08/05 08:06:36 AttenuationSystem update time: 495.6623ms
2025/08/05 08:06:36 Run 3 complete
2025/08/05 08:06:36 StationSystem update...
2025/08/05 08:06:36 weather update count: 500
2025/08/05 08:06:36 StationSystem update time: 2.229µs
2025/08/05 08:06:36 SatelliteSystem update...
2025/08/05 08:06:36 satellite count: 900
2025/08/05 08:06:36 SatelliteSystem update time: 3.417036ms
2025/08/05 08:06:36 TopoSystem update...
2025/08/05 08:06:36 TopoSystem: Link count: 450000
2025/08/05 08:06:36 TopoSystem update time: 5.53993ms
2025/08/05 08:06:36 AttenuationSystem update...
2025/08/05 08:06:36 AttenuationSystem parallel flag: 0
2025/08/05 08:06:37 Attenuation computed count: 450000
2025/08/05 08:06:37 AttenuationSystem update time: 457.714502ms
2025/08/05 08:06:37 Run 4 complete
2025/08/05 08:06:37 StationSystem update...
2025/08/05 08:06:37 weather update count: 500
2025/08/05 08:06:37 StationSystem update time: 1.96µs
2025/08/05 08:06:37 SatelliteSystem update...
2025/08/05 08:06:37 satellite count: 900
2025/08/05 08:06:37 SatelliteSystem update time: 3.416858ms
2025/08/05 08:06:37 TopoSystem update...
2025/08/05 08:06:37 TopoSystem: Link count: 450000
2025/08/05 08:06:37 TopoSystem update time: 16.583976ms
2025/08/05 08:06:37 AttenuationSystem update...
2025/08/05 08:06:37 AttenuationSystem parallel flag: 0
2025/08/05 08:06:37 Attenuation computed count: 450000
2025/08/05 08:06:37 AttenuationSystem update time: 473.368391ms
2025/08/05 08:06:37 Run 5 complete
2025/08/05 08:06:37 StationSystem update...
2025/08/05 08:06:37 weather update count: 500
2025/08/05 08:06:37 StationSystem update time: 2.358µs
2025/08/05 08:06:37 SatelliteSystem update...
2025/08/05 08:06:37 satellite count: 900
2025/08/05 08:06:37 SatelliteSystem update time: 2.528941ms
2025/08/05 08:06:37 TopoSystem update...
2025/08/05 08:06:37 TopoSystem: Link count: 450000
2025/08/05 08:06:37 TopoSystem update time: 16.666637ms
2025/08/05 08:06:37 AttenuationSystem update...
2025/08/05 08:06:37 AttenuationSystem parallel flag: 0
2025/08/05 08:06:38 Attenuation computed count: 450000
2025/08/05 08:06:38 AttenuationSystem update time: 527.803091ms
2025/08/05 08:06:38 Run 6 complete
2025/08/05 08:06:38 StationSystem update...
2025/08/05 08:06:38 weather update count: 500
2025/08/05 08:06:38 StationSystem update time: 2.622µs
2025/08/05 08:06:38 SatelliteSystem update...
2025/08/05 08:06:38 satellite count: 900
2025/08/05 08:06:38 SatelliteSystem update time: 3.407332ms
2025/08/05 08:06:38 TopoSystem update...
2025/08/05 08:06:38 TopoSystem: Link count: 450000
2025/08/05 08:06:38 TopoSystem update time: 7.644111ms
2025/08/05 08:06:38 AttenuationSystem update...
2025/08/05 08:06:38 AttenuationSystem parallel flag: 0
2025/08/05 08:06:38 Attenuation computed count: 450000
2025/08/05 08:06:38 AttenuationSystem update time: 454.666203ms
2025/08/05 08:06:38 Run 7 complete
2025/08/05 08:06:38 StationSystem update...
2025/08/05 08:06:38 weather update count: 500
2025/08/05 08:06:38 StationSystem update time: 2.097µs
2025/08/05 08:06:38 SatelliteSystem update...
2025/08/05 08:06:38 satellite count: 900
2025/08/05 08:06:38 SatelliteSystem update time: 2.522706ms
2025/08/05 08:06:38 TopoSystem update...
2025/08/05 08:06:38 TopoSystem: Link count: 450000
2025/08/05 08:06:38 TopoSystem update time: 6.653912ms
2025/08/05 08:06:38 AttenuationSystem update...
2025/08/05 08:06:38 AttenuationSystem parallel flag: 0
2025/08/05 08:06:39 Attenuation computed count: 450000
2025/08/05 08:06:39 AttenuationSystem update time: 546.980156ms
2025/08/05 08:06:39 Run 8 complete
2025/08/05 08:06:39 StationSystem update...
2025/08/05 08:06:39 weather update count: 500
2025/08/05 08:06:39 StationSystem update time: 2.591µs
2025/08/05 08:06:39 SatelliteSystem update...
2025/08/05 08:06:39 satellite count: 900
2025/08/05 08:06:39 SatelliteSystem update time: 3.417806ms
2025/08/05 08:06:39 TopoSystem update...
2025/08/05 08:06:39 TopoSystem: Link count: 450000
2025/08/05 08:06:39 TopoSystem update time: 6.80781ms
2025/08/05 08:06:39 AttenuationSystem update...
2025/08/05 08:06:39 AttenuationSystem parallel flag: 0
2025/08/05 08:06:39 Attenuation computed count: 450000
2025/08/05 08:06:39 AttenuationSystem update time: 547.69063ms
2025/08/05 08:06:39 Run 9 complete
2025/08/05 08:06:39 StationSystem update...
2025/08/05 08:06:39 weather update count: 500
2025/08/05 08:06:39 StationSystem update time: 2.644µs
2025/08/05 08:06:39 SatelliteSystem update...
2025/08/05 08:06:39 satellite count: 900
2025/08/05 08:06:39 SatelliteSystem update time: 3.416552ms
2025/08/05 08:06:39 TopoSystem update...
2025/08/05 08:06:39 TopoSystem: Link count: 450000
2025/08/05 08:06:39 TopoSystem update time: 15.521449ms
2025/08/05 08:06:39 AttenuationSystem update...
2025/08/05 08:06:39 AttenuationSystem parallel flag: 0
2025/08/05 08:06:40 Attenuation computed count: 450000
2025/08/05 08:06:40 AttenuationSystem update time: 539.521721ms
2025/08/05 08:06:40 Run 10 complete
2025/08/05 08:06:40 Total update time:  5.21457069s
2025/08/05 08:06:40 linkCache size: 40

 Performance counter stats for './scale_ecs 500 900 10 4 2 0':

        10,135,017      cache-references                                                      
         1,583,282      cache-misses                     #   15.62% of all cache refs         

       5.219566187 seconds time elapsed

      10.089237000 seconds user
       0.039020000 seconds sys


