ECS running with 600 stations, 600 satellites, 2 numWGs and 8 numBlocks for 10 rounds in 0 parallel pattern
2025/08/05 08:26:33 StationSystem update...
2025/08/05 08:26:33 weather update count: 600
2025/08/05 08:26:33 StationSystem update time: 4.198µs
2025/08/05 08:26:33 SatelliteSystem update...
2025/08/05 08:26:33 satellite count: 600
2025/08/05 08:26:33 SatelliteSystem update time: 2.29016ms
2025/08/05 08:26:33 TopoSystem update...
2025/08/05 08:26:33 TopoSystem: Link count: 360000
2025/08/05 08:26:33 TopoSystem update time: 13.207932ms
2025/08/05 08:26:33 AttenuationSystem update...
2025/08/05 08:26:33 AttenuationSystem parallel flag: 0
2025/08/05 08:26:33 Attenuation computed count: 360000
2025/08/05 08:26:33 AttenuationSystem update time: 105.365113ms
2025/08/05 08:26:33 Run 1 complete
2025/08/05 08:26:33 StationSystem update...
2025/08/05 08:26:33 weather update count: 600
2025/08/05 08:26:33 StationSystem update time: 2.844µs
2025/08/05 08:26:33 SatelliteSystem update...
2025/08/05 08:26:33 satellite count: 600
2025/08/05 08:26:33 SatelliteSystem update time: 2.284367ms
2025/08/05 08:26:33 TopoSystem update...
2025/08/05 08:26:33 TopoSystem: Link count: 360000
2025/08/05 08:26:33 TopoSystem update time: 7.333177ms
2025/08/05 08:26:33 AttenuationSystem update...
2025/08/05 08:26:33 AttenuationSystem parallel flag: 0
2025/08/05 08:26:33 Attenuation computed count: 360000
2025/08/05 08:26:33 AttenuationSystem update time: 131.326414ms
2025/08/05 08:26:33 Run 2 complete
2025/08/05 08:26:33 StationSystem update...
2025/08/05 08:26:33 weather update count: 600
2025/08/05 08:26:33 StationSystem update time: 3.056µs
2025/08/05 08:26:33 SatelliteSystem update...
2025/08/05 08:26:33 satellite count: 600
2025/08/05 08:26:33 SatelliteSystem update time: 2.277597ms
2025/08/05 08:26:33 TopoSystem update...
2025/08/05 08:26:33 TopoSystem: Link count: 360000
2025/08/05 08:26:33 TopoSystem update time: 6.936234ms
2025/08/05 08:26:33 AttenuationSystem update...
2025/08/05 08:26:33 AttenuationSystem parallel flag: 0
2025/08/05 08:26:33 Attenuation computed count: 360000
2025/08/05 08:26:33 AttenuationSystem update time: 134.264765ms
2025/08/05 08:26:33 Run 3 complete
2025/08/05 08:26:33 StationSystem update...
2025/08/05 08:26:33 weather update count: 600
2025/08/05 08:26:33 StationSystem update time: 2.922µs
2025/08/05 08:26:33 SatelliteSystem update...
2025/08/05 08:26:33 satellite count: 600
2025/08/05 08:26:33 SatelliteSystem update time: 2.280191ms
2025/08/05 08:26:33 TopoSystem update...
2025/08/05 08:26:33 TopoSystem: Link count: 360000
2025/08/05 08:26:33 TopoSystem update time: 10.24083ms
2025/08/05 08:26:33 AttenuationSystem update...
2025/08/05 08:26:33 AttenuationSystem parallel flag: 0
2025/08/05 08:26:33 Attenuation computed count: 360000
2025/08/05 08:26:33 AttenuationSystem update time: 108.699154ms
2025/08/05 08:26:33 Run 4 complete
2025/08/05 08:26:33 StationSystem update...
2025/08/05 08:26:33 weather update count: 600
2025/08/05 08:26:33 StationSystem update time: 2.837µs
2025/08/05 08:26:33 SatelliteSystem update...
2025/08/05 08:26:33 satellite count: 600
2025/08/05 08:26:33 SatelliteSystem update time: 2.28415ms
2025/08/05 08:26:33 TopoSystem update...
2025/08/05 08:26:33 TopoSystem: Link count: 360000
2025/08/05 08:26:33 TopoSystem update time: 9.724659ms
2025/08/05 08:26:33 AttenuationSystem update...
2025/08/05 08:26:33 AttenuationSystem parallel flag: 0
2025/08/05 08:26:33 Attenuation computed count: 360000
2025/08/05 08:26:33 AttenuationSystem update time: 135.838921ms
2025/08/05 08:26:33 Run 5 complete
2025/08/05 08:26:33 StationSystem update...
2025/08/05 08:26:33 weather update count: 600
2025/08/05 08:26:33 StationSystem update time: 2.739µs
2025/08/05 08:26:33 SatelliteSystem update...
2025/08/05 08:26:33 satellite count: 600
2025/08/05 08:26:33 SatelliteSystem update time: 2.310952ms
2025/08/05 08:26:33 TopoSystem update...
2025/08/05 08:26:33 TopoSystem: Link count: 360000
2025/08/05 08:26:33 TopoSystem update time: 6.175867ms
2025/08/05 08:26:33 AttenuationSystem update...
2025/08/05 08:26:33 AttenuationSystem parallel flag: 0
2025/08/05 08:26:34 Attenuation computed count: 360000
2025/08/05 08:26:34 AttenuationSystem update time: 118.39054ms
2025/08/05 08:26:34 Run 6 complete
2025/08/05 08:26:34 StationSystem update...
2025/08/05 08:26:34 weather update count: 600
2025/08/05 08:26:34 StationSystem update time: 3.238µs
2025/08/05 08:26:34 SatelliteSystem update...
2025/08/05 08:26:34 satellite count: 600
2025/08/05 08:26:34 SatelliteSystem update time: 2.282876ms
2025/08/05 08:26:34 TopoSystem update...
2025/08/05 08:26:34 TopoSystem: Link count: 360000
2025/08/05 08:26:34 TopoSystem update time: 11.17412ms
2025/08/05 08:26:34 AttenuationSystem update...
2025/08/05 08:26:34 AttenuationSystem parallel flag: 0
2025/08/05 08:26:34 Attenuation computed count: 360000
2025/08/05 08:26:34 AttenuationSystem update time: 117.260477ms
2025/08/05 08:26:34 Run 7 complete
2025/08/05 08:26:34 StationSystem update...
2025/08/05 08:26:34 weather update count: 600
2025/08/05 08:26:34 StationSystem update time: 3.213µs
2025/08/05 08:26:34 SatelliteSystem update...
2025/08/05 08:26:34 satellite count: 600
2025/08/05 08:26:34 SatelliteSystem update time: 2.272348ms
2025/08/05 08:26:34 TopoSystem update...
2025/08/05 08:26:34 TopoSystem: Link count: 360000
2025/08/05 08:26:34 TopoSystem update time: 9.958857ms
2025/08/05 08:26:34 AttenuationSystem update...
2025/08/05 08:26:34 AttenuationSystem parallel flag: 0
2025/08/05 08:26:34 Attenuation computed count: 360000
2025/08/05 08:26:34 AttenuationSystem update time: 126.222047ms
2025/08/05 08:26:34 Run 8 complete
2025/08/05 08:26:34 StationSystem update...
2025/08/05 08:26:34 weather update count: 600
2025/08/05 08:26:34 StationSystem update time: 2.884µs
2025/08/05 08:26:34 SatelliteSystem update...
2025/08/05 08:26:34 satellite count: 600
2025/08/05 08:26:34 SatelliteSystem update time: 2.274934ms
2025/08/05 08:26:34 TopoSystem update...
2025/08/05 08:26:34 TopoSystem: Link count: 360000
2025/08/05 08:26:34 TopoSystem update time: 6.354261ms
2025/08/05 08:26:34 AttenuationSystem update...
2025/08/05 08:26:34 AttenuationSystem parallel flag: 0
2025/08/05 08:26:34 Attenuation computed count: 360000
2025/08/05 08:26:34 AttenuationSystem update time: 133.86107ms
2025/08/05 08:26:34 Run 9 complete
2025/08/05 08:26:34 StationSystem update...
2025/08/05 08:26:34 weather update count: 600
2025/08/05 08:26:34 StationSystem update time: 2.874µs
2025/08/05 08:26:34 SatelliteSystem update...
2025/08/05 08:26:34 satellite count: 600
2025/08/05 08:26:34 SatelliteSystem update time: 2.279615ms
2025/08/05 08:26:34 TopoSystem update...
2025/08/05 08:26:34 TopoSystem: Link count: 360000
2025/08/05 08:26:34 TopoSystem update time: 6.024095ms
2025/08/05 08:26:34 AttenuationSystem update...
2025/08/05 08:26:34 AttenuationSystem parallel flag: 0
2025/08/05 08:26:34 Attenuation computed count: 360000
2025/08/05 08:26:34 AttenuationSystem update time: 168.039763ms
2025/08/05 08:26:34 Run 10 complete
2025/08/05 08:26:34 Total update time:  1.392318012s
2025/08/05 08:26:34 linkCache size: 40

 Performance counter stats for './scale_ecs 600 600 10 2 8 0':

         7,718,341      cache-references                                                      
           836,831      cache-misses                     #   10.84% of all cache refs         

       1.396815788 seconds time elapsed

       8.703238000 seconds user
       0.025046000 seconds sys


