ECS running with 500 stations, 1900 satellites, 4 numWGs and 4 numBlocks for 10 rounds in 1 parallel pattern
2025/08/05 08:22:08 SatelliteSystem update...
2025/08/05 08:22:08 StationSystem update...
2025/08/05 08:22:08 weather update count: 500
2025/08/05 08:22:08 StationSystem update time: 5.137µs
2025/08/05 08:22:08 satellite count: 1900
2025/08/05 08:22:08 SatelliteSystem update time: 7.431933ms
2025/08/05 08:22:08 TopoSystem update...
2025/08/05 08:22:08 TopoSystem: Link count: 950000
2025/08/05 08:22:08 TopoSystem update time: 29.281286ms
2025/08/05 08:22:08 AttenuationSystem update...
2025/08/05 08:22:08 AttenuationSystem parallel flag: 1
2025/08/05 08:22:08 Attenuation computed count: 950000
2025/08/05 08:22:08 AttenuationSystem update time: 544.30219ms
2025/08/05 08:22:08 Run 1 complete
2025/08/05 08:22:08 StationSystem update...
2025/08/05 08:22:08 weather update count: 500
2025/08/05 08:22:08 StationSystem update time: 2.872µs
2025/08/05 08:22:08 SatelliteSystem update...
2025/08/05 08:22:08 satellite count: 1900
2025/08/05 08:22:08 SatelliteSystem update time: 7.188526ms
2025/08/05 08:22:08 TopoSystem update...
2025/08/05 08:22:08 TopoSystem: Link count: 950000
2025/08/05 08:22:08 TopoSystem update time: 25.452969ms
2025/08/05 08:22:08 AttenuationSystem update...
2025/08/05 08:22:08 AttenuationSystem parallel flag: 1
2025/08/05 08:22:09 Attenuation computed count: 950000
2025/08/05 08:22:09 AttenuationSystem update time: 560.742632ms
2025/08/05 08:22:09 Run 2 complete
2025/08/05 08:22:09 StationSystem update...
2025/08/05 08:22:09 weather update count: 500
2025/08/05 08:22:09 StationSystem update time: 2.576µs
2025/08/05 08:22:09 SatelliteSystem update...
2025/08/05 08:22:09 satellite count: 1900
2025/08/05 08:22:09 SatelliteSystem update time: 7.17325ms
2025/08/05 08:22:09 TopoSystem update...
2025/08/05 08:22:09 TopoSystem: Link count: 950000
2025/08/05 08:22:09 TopoSystem update time: 14.626831ms
2025/08/05 08:22:09 AttenuationSystem update...
2025/08/05 08:22:09 AttenuationSystem parallel flag: 1
2025/08/05 08:22:10 Attenuation computed count: 950000
2025/08/05 08:22:10 AttenuationSystem update time: 596.007031ms
2025/08/05 08:22:10 Run 3 complete
2025/08/05 08:22:10 StationSystem update...
2025/08/05 08:22:10 weather update count: 500
2025/08/05 08:22:10 StationSystem update time: 2.916µs
2025/08/05 08:22:10 SatelliteSystem update...
2025/08/05 08:22:10 satellite count: 1900
2025/08/05 08:22:10 SatelliteSystem update time: 7.178137ms
2025/08/05 08:22:10 TopoSystem update...
2025/08/05 08:22:10 TopoSystem: Link count: 950000
2025/08/05 08:22:10 TopoSystem update time: 21.863218ms
2025/08/05 08:22:10 AttenuationSystem update...
2025/08/05 08:22:10 AttenuationSystem parallel flag: 1
2025/08/05 08:22:10 Attenuation computed count: 950000
2025/08/05 08:22:10 AttenuationSystem update time: 563.884568ms
2025/08/05 08:22:10 Run 4 complete
2025/08/05 08:22:10 StationSystem update...
2025/08/05 08:22:10 weather update count: 500
2025/08/05 08:22:10 StationSystem update time: 2.672µs
2025/08/05 08:22:10 SatelliteSystem update...
2025/08/05 08:22:10 satellite count: 1900
2025/08/05 08:22:10 SatelliteSystem update time: 7.190351ms
2025/08/05 08:22:10 TopoSystem update...
2025/08/05 08:22:10 TopoSystem: Link count: 950000
2025/08/05 08:22:10 TopoSystem update time: 14.274424ms
2025/08/05 08:22:10 AttenuationSystem update...
2025/08/05 08:22:10 AttenuationSystem parallel flag: 1
2025/08/05 08:22:11 Attenuation computed count: 950000
2025/08/05 08:22:11 AttenuationSystem update time: 519.483829ms
2025/08/05 08:22:11 Run 5 complete
2025/08/05 08:22:11 StationSystem update...
2025/08/05 08:22:11 weather update count: 500
2025/08/05 08:22:11 StationSystem update time: 2.646µs
2025/08/05 08:22:11 SatelliteSystem update...
2025/08/05 08:22:11 satellite count: 1900
2025/08/05 08:22:11 SatelliteSystem update time: 7.17048ms
2025/08/05 08:22:11 TopoSystem update...
2025/08/05 08:22:11 TopoSystem: Link count: 950000
2025/08/05 08:22:11 TopoSystem update time: 12.503753ms
2025/08/05 08:22:11 AttenuationSystem update...
2025/08/05 08:22:11 AttenuationSystem parallel flag: 1
2025/08/05 08:22:11 Attenuation computed count: 950000
2025/08/05 08:22:11 AttenuationSystem update time: 546.664004ms
2025/08/05 08:22:11 Run 6 complete
2025/08/05 08:22:11 StationSystem update...
2025/08/05 08:22:11 weather update count: 500
2025/08/05 08:22:11 StationSystem update time: 2.705µs
2025/08/05 08:22:11 SatelliteSystem update...
2025/08/05 08:22:11 satellite count: 1900
2025/08/05 08:22:11 SatelliteSystem update time: 7.16022ms
2025/08/05 08:22:11 TopoSystem update...
2025/08/05 08:22:11 TopoSystem: Link count: 950000
2025/08/05 08:22:11 TopoSystem update time: 14.111196ms
2025/08/05 08:22:11 AttenuationSystem update...
2025/08/05 08:22:11 AttenuationSystem parallel flag: 1
2025/08/05 08:22:12 Attenuation computed count: 950000
2025/08/05 08:22:12 AttenuationSystem update time: 518.538229ms
2025/08/05 08:22:12 Run 7 complete
2025/08/05 08:22:12 StationSystem update...
2025/08/05 08:22:12 weather update count: 500
2025/08/05 08:22:12 StationSystem update time: 2.403µs
2025/08/05 08:22:12 SatelliteSystem update...
2025/08/05 08:22:12 satellite count: 1900
2025/08/05 08:22:12 SatelliteSystem update time: 5.325517ms
2025/08/05 08:22:12 TopoSystem update...
2025/08/05 08:22:12 TopoSystem: Link count: 950000
2025/08/05 08:22:12 TopoSystem update time: 11.043062ms
2025/08/05 08:22:12 AttenuationSystem update...
2025/08/05 08:22:12 AttenuationSystem parallel flag: 1
2025/08/05 08:22:12 Attenuation computed count: 950000
2025/08/05 08:22:12 AttenuationSystem update time: 575.57896ms
2025/08/05 08:22:12 Run 8 complete
2025/08/05 08:22:12 StationSystem update...
2025/08/05 08:22:12 weather update count: 500
2025/08/05 08:22:12 StationSystem update time: 2.462µs
2025/08/05 08:22:12 SatelliteSystem update...
2025/08/05 08:22:12 satellite count: 1900
2025/08/05 08:22:12 SatelliteSystem update time: 7.171205ms
2025/08/05 08:22:12 TopoSystem update...
2025/08/05 08:22:13 TopoSystem: Link count: 950000
2025/08/05 08:22:13 TopoSystem update time: 12.530253ms
2025/08/05 08:22:13 AttenuationSystem update...
2025/08/05 08:22:13 AttenuationSystem parallel flag: 1
2025/08/05 08:22:13 Attenuation computed count: 950000
2025/08/05 08:22:13 AttenuationSystem update time: 541.547464ms
2025/08/05 08:22:13 Run 9 complete
2025/08/05 08:22:13 StationSystem update...
2025/08/05 08:22:13 weather update count: 500
2025/08/05 08:22:13 StationSystem update time: 2.883µs
2025/08/05 08:22:13 SatelliteSystem update...
2025/08/05 08:22:13 satellite count: 1900
2025/08/05 08:22:13 SatelliteSystem update time: 7.196515ms
2025/08/05 08:22:13 TopoSystem update...
2025/08/05 08:22:13 TopoSystem: Link count: 950000
2025/08/05 08:22:13 TopoSystem update time: 22.98153ms
2025/08/05 08:22:13 AttenuationSystem update...
2025/08/05 08:22:13 AttenuationSystem parallel flag: 1
2025/08/05 08:22:14 Attenuation computed count: 950000
2025/08/05 08:22:14 AttenuationSystem update time: 489.972757ms
2025/08/05 08:22:14 Run 10 complete
2025/08/05 08:22:14 Total update time:  5.716246532s
2025/08/05 08:22:14 linkCache size: 40

 Performance counter stats for './scale_ecs 500 1900 10 4 4 1':

        20,343,899      cache-references                                                      
         4,066,368      cache-misses                     #   19.99% of all cache refs         

       5.722934777 seconds time elapsed

      19.789646000 seconds user
       0.064053000 seconds sys


