ECS running with 800 stations, 1100 satellites, 4 numWGs and 8 numBlocks for 10 rounds in 1 parallel pattern
2025/08/05 10:01:31 StationSystem update...
2025/08/05 10:01:31 weather update count: 800
2025/08/05 10:01:31 SatelliteSystem update...
2025/08/05 10:01:31 StationSystem update time: 4.052µs
2025/08/05 10:01:31 satellite count: 1100
2025/08/05 10:01:31 SatelliteSystem update time: 4.176296ms
2025/08/05 10:01:31 TopoSystem update...
2025/08/05 10:01:31 TopoSystem: Link count: 880000
2025/08/05 10:01:31 TopoSystem update time: 23.492624ms
2025/08/05 10:01:31 AttenuationSystem update...
2025/08/05 10:01:31 AttenuationSystem parallel flag: 1
2025/08/05 10:01:31 Attenuation computed count: 880000
2025/08/05 10:01:31 AttenuationSystem update time: 502.825026ms
2025/08/05 10:01:31 Run 1 complete
2025/08/05 10:01:31 StationSystem update...
2025/08/05 10:01:31 weather update count: 800
2025/08/05 10:01:31 StationSystem update time: 3.488µs
2025/08/05 10:01:31 SatelliteSystem update...
2025/08/05 10:01:31 satellite count: 1100
2025/08/05 10:01:31 SatelliteSystem update time: 4.174863ms
2025/08/05 10:01:31 TopoSystem update...
2025/08/05 10:01:31 TopoSystem: Link count: 880000
2025/08/05 10:01:31 TopoSystem update time: 25.915522ms
2025/08/05 10:01:31 AttenuationSystem update...
2025/08/05 10:01:31 AttenuationSystem parallel flag: 1
2025/08/05 10:01:32 Attenuation computed count: 880000
2025/08/05 10:01:32 AttenuationSystem update time: 533.64037ms
2025/08/05 10:01:32 Run 2 complete
2025/08/05 10:01:32 StationSystem update...
2025/08/05 10:01:32 weather update count: 800
2025/08/05 10:01:32 StationSystem update time: 3.442µs
2025/08/05 10:01:32 SatelliteSystem update...
2025/08/05 10:01:32 satellite count: 1100
2025/08/05 10:01:32 SatelliteSystem update time: 4.174791ms
2025/08/05 10:01:32 TopoSystem update...
2025/08/05 10:01:32 TopoSystem: Link count: 880000
2025/08/05 10:01:32 TopoSystem update time: 13.91125ms
2025/08/05 10:01:32 AttenuationSystem update...
2025/08/05 10:01:32 AttenuationSystem parallel flag: 1
2025/08/05 10:01:32 Attenuation computed count: 880000
2025/08/05 10:01:32 AttenuationSystem update time: 525.089925ms
2025/08/05 10:01:32 Run 3 complete
2025/08/05 10:01:32 StationSystem update...
2025/08/05 10:01:32 weather update count: 800
2025/08/05 10:01:32 StationSystem update time: 3.798µs
2025/08/05 10:01:32 SatelliteSystem update...
2025/08/05 10:01:32 satellite count: 1100
2025/08/05 10:01:32 SatelliteSystem update time: 4.17989ms
2025/08/05 10:01:32 TopoSystem update...
2025/08/05 10:01:32 TopoSystem: Link count: 880000
2025/08/05 10:01:32 TopoSystem update time: 17.344432ms
2025/08/05 10:01:32 AttenuationSystem update...
2025/08/05 10:01:32 AttenuationSystem parallel flag: 1
2025/08/05 10:01:33 Attenuation computed count: 880000
2025/08/05 10:01:33 AttenuationSystem update time: 532.148957ms
2025/08/05 10:01:33 Run 4 complete
2025/08/05 10:01:33 StationSystem update...
2025/08/05 10:01:33 weather update count: 800
2025/08/05 10:01:33 StationSystem update time: 3.309µs
2025/08/05 10:01:33 SatelliteSystem update...
2025/08/05 10:01:33 satellite count: 1100
2025/08/05 10:01:33 SatelliteSystem update time: 4.18666ms
2025/08/05 10:01:33 TopoSystem update...
2025/08/05 10:01:33 TopoSystem: Link count: 880000
2025/08/05 10:01:33 TopoSystem update time: 17.090529ms
2025/08/05 10:01:33 AttenuationSystem update...
2025/08/05 10:01:33 AttenuationSystem parallel flag: 1
2025/08/05 10:01:34 Attenuation computed count: 880000
2025/08/05 10:01:34 AttenuationSystem update time: 521.221674ms
2025/08/05 10:01:34 Run 5 complete
2025/08/05 10:01:34 StationSystem update...
2025/08/05 10:01:34 weather update count: 800
2025/08/05 10:01:34 StationSystem update time: 3.585µs
2025/08/05 10:01:34 SatelliteSystem update...
2025/08/05 10:01:34 satellite count: 1100
2025/08/05 10:01:34 SatelliteSystem update time: 4.175097ms
2025/08/05 10:01:34 TopoSystem update...
2025/08/05 10:01:34 TopoSystem: Link count: 880000
2025/08/05 10:01:34 TopoSystem update time: 15.437487ms
2025/08/05 10:01:34 AttenuationSystem update...
2025/08/05 10:01:34 AttenuationSystem parallel flag: 1
2025/08/05 10:01:34 Attenuation computed count: 880000
2025/08/05 10:01:34 AttenuationSystem update time: 525.56626ms
2025/08/05 10:01:34 Run 6 complete
2025/08/05 10:01:34 StationSystem update...
2025/08/05 10:01:34 weather update count: 800
2025/08/05 10:01:34 StationSystem update time: 3.784µs
2025/08/05 10:01:34 SatelliteSystem update...
2025/08/05 10:01:34 satellite count: 1100
2025/08/05 10:01:34 SatelliteSystem update time: 4.185676ms
2025/08/05 10:01:34 TopoSystem update...
2025/08/05 10:01:34 TopoSystem: Link count: 880000
2025/08/05 10:01:34 TopoSystem update time: 13.22311ms
2025/08/05 10:01:34 AttenuationSystem update...
2025/08/05 10:01:34 AttenuationSystem parallel flag: 1
2025/08/05 10:01:35 Attenuation computed count: 880000
2025/08/05 10:01:35 AttenuationSystem update time: 512.673407ms
2025/08/05 10:01:35 Run 7 complete
2025/08/05 10:01:35 StationSystem update...
2025/08/05 10:01:35 weather update count: 800
2025/08/05 10:01:35 StationSystem update time: 3.5µs
2025/08/05 10:01:35 SatelliteSystem update...
2025/08/05 10:01:35 satellite count: 1100
2025/08/05 10:01:35 SatelliteSystem update time: 4.183383ms
2025/08/05 10:01:35 TopoSystem update...
2025/08/05 10:01:35 TopoSystem: Link count: 880000
2025/08/05 10:01:35 TopoSystem update time: 13.364138ms
2025/08/05 10:01:35 AttenuationSystem update...
2025/08/05 10:01:35 AttenuationSystem parallel flag: 1
2025/08/05 10:01:35 Attenuation computed count: 880000
2025/08/05 10:01:35 AttenuationSystem update time: 504.660963ms
2025/08/05 10:01:35 Run 8 complete
2025/08/05 10:01:35 StationSystem update...
2025/08/05 10:01:35 weather update count: 800
2025/08/05 10:01:35 StationSystem update time: 3.412µs
2025/08/05 10:01:35 SatelliteSystem update...
2025/08/05 10:01:35 satellite count: 1100
2025/08/05 10:01:35 SatelliteSystem update time: 3.109367ms
2025/08/05 10:01:35 TopoSystem update...
2025/08/05 10:01:35 TopoSystem: Link count: 880000
2025/08/05 10:01:35 TopoSystem update time: 10.671224ms
2025/08/05 10:01:35 AttenuationSystem update...
2025/08/05 10:01:35 AttenuationSystem parallel flag: 1
2025/08/05 10:01:36 Attenuation computed count: 880000
2025/08/05 10:01:36 AttenuationSystem update time: 535.61023ms
2025/08/05 10:01:36 Run 9 complete
2025/08/05 10:01:36 StationSystem update...
2025/08/05 10:01:36 weather update count: 800
2025/08/05 10:01:36 StationSystem update time: 3.701µs
2025/08/05 10:01:36 SatelliteSystem update...
2025/08/05 10:01:36 satellite count: 1100
2025/08/05 10:01:36 SatelliteSystem update time: 4.182996ms
2025/08/05 10:01:36 TopoSystem update...
2025/08/05 10:01:36 TopoSystem: Link count: 880000
2025/08/05 10:01:36 TopoSystem update time: 17.111833ms
2025/08/05 10:01:36 AttenuationSystem update...
2025/08/05 10:01:36 AttenuationSystem parallel flag: 1
2025/08/05 10:01:36 Attenuation computed count: 880000
2025/08/05 10:01:36 AttenuationSystem update time: 503.9041ms
2025/08/05 10:01:36 Run 10 complete
2025/08/05 10:01:36 Total update time:  5.410820852s
2025/08/05 10:01:36 linkCache size: 40

 Performance counter stats for './scale_ecs 800 1100 10 4 8 1':

        19,068,862      cache-references                                                      
         3,716,864      cache-misses                     #   19.49% of all cache refs         

       5.417443905 seconds time elapsed

      19.304737000 seconds user
       0.063015000 seconds sys


