ECS running with 700 stations, 800 satellites, 2 numWGs and 2 numBlocks for 10 rounds in 1 parallel pattern
2025/08/05 08:56:13 StationSystem update...
2025/08/05 08:56:13 weather update count: 700
2025/08/05 08:56:13 StationSystem update time: 6.812µs
2025/08/05 08:56:13 SatelliteSystem update...
2025/08/05 08:56:13 satellite count: 800
2025/08/05 08:56:13 SatelliteSystem update time: 3.113533ms
2025/08/05 08:56:13 TopoSystem update...
2025/08/05 08:56:13 TopoSystem: Link count: 560000
2025/08/05 08:56:13 TopoSystem update time: 18.820658ms
2025/08/05 08:56:13 AttenuationSystem update...
2025/08/05 08:56:13 AttenuationSystem parallel flag: 1
2025/08/05 08:56:13 Attenuation computed count: 560000
2025/08/05 08:56:13 AttenuationSystem update time: 638.971585ms
2025/08/05 08:56:13 Run 1 complete
2025/08/05 08:56:13 StationSystem update...
2025/08/05 08:56:13 weather update count: 700
2025/08/05 08:56:13 StationSystem update time: 2.913µs
2025/08/05 08:56:13 SatelliteSystem update...
2025/08/05 08:56:13 satellite count: 800
2025/08/05 08:56:13 SatelliteSystem update time: 3.044043ms
2025/08/05 08:56:13 TopoSystem update...
2025/08/05 08:56:13 TopoSystem: Link count: 560000
2025/08/05 08:56:13 TopoSystem update time: 12.953932ms
2025/08/05 08:56:13 AttenuationSystem update...
2025/08/05 08:56:13 AttenuationSystem parallel flag: 1
2025/08/05 08:56:14 Attenuation computed count: 560000
2025/08/05 08:56:14 AttenuationSystem update time: 694.8539ms
2025/08/05 08:56:14 Run 2 complete
2025/08/05 08:56:14 StationSystem update...
2025/08/05 08:56:14 weather update count: 700
2025/08/05 08:56:14 StationSystem update time: 3.216µs
2025/08/05 08:56:14 SatelliteSystem update...
2025/08/05 08:56:14 satellite count: 800
2025/08/05 08:56:14 SatelliteSystem update time: 2.455073ms
2025/08/05 08:56:14 TopoSystem update...
2025/08/05 08:56:14 TopoSystem: Link count: 560000
2025/08/05 08:56:14 TopoSystem update time: 8.34322ms
2025/08/05 08:56:14 AttenuationSystem update...
2025/08/05 08:56:14 AttenuationSystem parallel flag: 1
2025/08/05 08:56:15 Attenuation computed count: 560000
2025/08/05 08:56:15 AttenuationSystem update time: 650.952389ms
2025/08/05 08:56:15 Run 3 complete
2025/08/05 08:56:15 StationSystem update...
2025/08/05 08:56:15 weather update count: 700
2025/08/05 08:56:15 StationSystem update time: 3.398µs
2025/08/05 08:56:15 SatelliteSystem update...
2025/08/05 08:56:15 satellite count: 800
2025/08/05 08:56:15 SatelliteSystem update time: 2.267203ms
2025/08/05 08:56:15 TopoSystem update...
2025/08/05 08:56:15 TopoSystem: Link count: 560000
2025/08/05 08:56:15 TopoSystem update time: 8.632692ms
2025/08/05 08:56:15 AttenuationSystem update...
2025/08/05 08:56:15 AttenuationSystem parallel flag: 1
2025/08/05 08:56:15 Attenuation computed count: 560000
2025/08/05 08:56:15 AttenuationSystem update time: 638.631038ms
2025/08/05 08:56:15 Run 4 complete
2025/08/05 08:56:15 StationSystem update...
2025/08/05 08:56:15 weather update count: 700
2025/08/05 08:56:15 StationSystem update time: 2.953µs
2025/08/05 08:56:15 SatelliteSystem update...
2025/08/05 08:56:15 satellite count: 800
2025/08/05 08:56:15 SatelliteSystem update time: 3.048444ms
2025/08/05 08:56:15 TopoSystem update...
2025/08/05 08:56:15 TopoSystem: Link count: 560000
2025/08/05 08:56:15 TopoSystem update time: 12.376724ms
2025/08/05 08:56:15 AttenuationSystem update...
2025/08/05 08:56:15 AttenuationSystem parallel flag: 1
2025/08/05 08:56:16 Attenuation computed count: 560000
2025/08/05 08:56:16 AttenuationSystem update time: 677.484738ms
2025/08/05 08:56:16 Run 5 complete
2025/08/05 08:56:16 StationSystem update...
2025/08/05 08:56:16 weather update count: 700
2025/08/05 08:56:16 StationSystem update time: 3.479µs
2025/08/05 08:56:16 SatelliteSystem update...
2025/08/05 08:56:16 satellite count: 800
2025/08/05 08:56:16 SatelliteSystem update time: 3.051429ms
2025/08/05 08:56:16 TopoSystem update...
2025/08/05 08:56:16 TopoSystem: Link count: 560000
2025/08/05 08:56:16 TopoSystem update time: 8.686041ms
2025/08/05 08:56:16 AttenuationSystem update...
2025/08/05 08:56:16 AttenuationSystem parallel flag: 1
2025/08/05 08:56:17 Attenuation computed count: 560000
2025/08/05 08:56:17 AttenuationSystem update time: 661.02104ms
2025/08/05 08:56:17 Run 6 complete
2025/08/05 08:56:17 StationSystem update...
2025/08/05 08:56:17 weather update count: 700
2025/08/05 08:56:17 StationSystem update time: 3.361µs
2025/08/05 08:56:17 SatelliteSystem update...
2025/08/05 08:56:17 satellite count: 800
2025/08/05 08:56:17 SatelliteSystem update time: 2.266798ms
2025/08/05 08:56:17 TopoSystem update...
2025/08/05 08:56:17 TopoSystem: Link count: 560000
2025/08/05 08:56:17 TopoSystem update time: 21.891852ms
2025/08/05 08:56:17 AttenuationSystem update...
2025/08/05 08:56:17 AttenuationSystem parallel flag: 1
2025/08/05 08:56:17 Attenuation computed count: 560000
2025/08/05 08:56:17 AttenuationSystem update time: 638.664519ms
2025/08/05 08:56:17 Run 7 complete
2025/08/05 08:56:17 StationSystem update...
2025/08/05 08:56:17 weather update count: 700
2025/08/05 08:56:17 SatelliteSystem update...
2025/08/05 08:56:17 StationSystem update time: 3.221µs
2025/08/05 08:56:17 satellite count: 800
2025/08/05 08:56:17 SatelliteSystem update time: 2.266992ms
2025/08/05 08:56:17 TopoSystem update...
2025/08/05 08:56:17 TopoSystem: Link count: 560000
2025/08/05 08:56:17 TopoSystem update time: 8.443734ms
2025/08/05 08:56:17 AttenuationSystem update...
2025/08/05 08:56:17 AttenuationSystem parallel flag: 1
2025/08/05 08:56:18 Attenuation computed count: 560000
2025/08/05 08:56:18 AttenuationSystem update time: 672.003597ms
2025/08/05 08:56:18 Run 8 complete
2025/08/05 08:56:18 StationSystem update...
2025/08/05 08:56:18 weather update count: 700
2025/08/05 08:56:18 StationSystem update time: 2.796µs
2025/08/05 08:56:18 SatelliteSystem update...
2025/08/05 08:56:18 satellite count: 800
2025/08/05 08:56:18 SatelliteSystem update time: 3.06063ms
2025/08/05 08:56:18 TopoSystem update...
2025/08/05 08:56:18 TopoSystem: Link count: 560000
2025/08/05 08:56:18 TopoSystem update time: 19.115476ms
2025/08/05 08:56:18 AttenuationSystem update...
2025/08/05 08:56:18 AttenuationSystem parallel flag: 1
2025/08/05 08:56:19 Attenuation computed count: 560000
2025/08/05 08:56:19 AttenuationSystem update time: 661.455631ms
2025/08/05 08:56:19 Run 9 complete
2025/08/05 08:56:19 StationSystem update...
2025/08/05 08:56:19 weather update count: 700
2025/08/05 08:56:19 StationSystem update time: 2.903µs
2025/08/05 08:56:19 SatelliteSystem update...
2025/08/05 08:56:19 satellite count: 800
2025/08/05 08:56:19 SatelliteSystem update time: 2.412982ms
2025/08/05 08:56:19 TopoSystem update...
2025/08/05 08:56:19 TopoSystem: Link count: 560000
2025/08/05 08:56:19 TopoSystem update time: 14.21065ms
2025/08/05 08:56:19 AttenuationSystem update...
2025/08/05 08:56:19 AttenuationSystem parallel flag: 1
2025/08/05 08:56:19 Attenuation computed count: 560000
2025/08/05 08:56:19 AttenuationSystem update time: 661.859245ms
2025/08/05 08:56:19 Run 10 complete
2025/08/05 08:56:19 Total update time:  6.759955455s
2025/08/05 08:56:19 linkCache size: 40

 Performance counter stats for './scale_ecs 700 800 10 2 2 1':

        12,458,144      cache-references                                                      
         2,546,935      cache-misses                     #   20.44% of all cache refs         

       6.767753164 seconds time elapsed

      12.694692000 seconds user
       0.056007000 seconds sys


