ECS running with 1000 stations, 1800 satellites, 8 numWGs and 2 numBlocks for 10 rounds in 1 parallel pattern
2025/08/05 11:34:26 StationSystem update...
2025/08/05 11:34:26 weather update count: 1000
2025/08/05 11:34:26 SatelliteSystem update...
2025/08/05 11:34:26 StationSystem update time: 6.06µs
2025/08/05 11:34:26 satellite count: 1800
2025/08/05 11:34:26 SatelliteSystem update time: 6.850517ms
2025/08/05 11:34:26 TopoSystem update...
2025/08/05 11:34:26 TopoSystem: Link count: 1800000
2025/08/05 11:34:26 TopoSystem update time: 54.918475ms
2025/08/05 11:34:26 AttenuationSystem update...
2025/08/05 11:34:26 AttenuationSystem parallel flag: 1
2025/08/05 11:34:26 Attenuation computed count: 1800000
2025/08/05 11:34:26 AttenuationSystem update time: 516.189059ms
2025/08/05 11:34:26 Run 1 complete
2025/08/05 11:34:26 StationSystem update...
2025/08/05 11:34:26 weather update count: 1000
2025/08/05 11:34:26 SatelliteSystem update...
2025/08/05 11:34:26 StationSystem update time: 3.586µs
2025/08/05 11:34:26 satellite count: 1800
2025/08/05 11:34:26 SatelliteSystem update time: 5.057513ms
2025/08/05 11:34:26 TopoSystem update...
2025/08/05 11:34:26 TopoSystem: Link count: 1800000
2025/08/05 11:34:26 TopoSystem update time: 32.382065ms
2025/08/05 11:34:26 AttenuationSystem update...
2025/08/05 11:34:26 AttenuationSystem parallel flag: 1
2025/08/05 11:34:27 Attenuation computed count: 1800000
2025/08/05 11:34:27 AttenuationSystem update time: 504.683404ms
2025/08/05 11:34:27 Run 2 complete
2025/08/05 11:34:27 StationSystem update...
2025/08/05 11:34:27 weather update count: 1000
2025/08/05 11:34:27 StationSystem update time: 4.081µs
2025/08/05 11:34:27 SatelliteSystem update...
2025/08/05 11:34:27 satellite count: 1800
2025/08/05 11:34:27 SatelliteSystem update time: 5.57181ms
2025/08/05 11:34:27 TopoSystem update...
2025/08/05 11:34:27 TopoSystem: Link count: 1800000
2025/08/05 11:34:27 TopoSystem update time: 21.556708ms
2025/08/05 11:34:27 AttenuationSystem update...
2025/08/05 11:34:27 AttenuationSystem parallel flag: 1
2025/08/05 11:34:27 Attenuation computed count: 1800000
2025/08/05 11:34:27 AttenuationSystem update time: 512.974814ms
2025/08/05 11:34:27 Run 3 complete
2025/08/05 11:34:27 StationSystem update...
2025/08/05 11:34:27 weather update count: 1000
2025/08/05 11:34:27 StationSystem update time: 3.842µs
2025/08/05 11:34:27 SatelliteSystem update...
2025/08/05 11:34:27 satellite count: 1800
2025/08/05 11:34:27 SatelliteSystem update time: 6.792174ms
2025/08/05 11:34:27 TopoSystem update...
2025/08/05 11:34:27 TopoSystem: Link count: 1800000
2025/08/05 11:34:27 TopoSystem update time: 21.410676ms
2025/08/05 11:34:27 AttenuationSystem update...
2025/08/05 11:34:27 AttenuationSystem parallel flag: 1
2025/08/05 11:34:28 Attenuation computed count: 1800000
2025/08/05 11:34:28 AttenuationSystem update time: 512.847813ms
2025/08/05 11:34:28 Run 4 complete
2025/08/05 11:34:28 StationSystem update...
2025/08/05 11:34:28 weather update count: 1000
2025/08/05 11:34:28 StationSystem update time: 4.214µs
2025/08/05 11:34:28 SatelliteSystem update...
2025/08/05 11:34:28 satellite count: 1800
2025/08/05 11:34:28 SatelliteSystem update time: 6.795493ms
2025/08/05 11:34:28 TopoSystem update...
2025/08/05 11:34:28 TopoSystem: Link count: 1800000
2025/08/05 11:34:28 TopoSystem update time: 21.029055ms
2025/08/05 11:34:28 AttenuationSystem update...
2025/08/05 11:34:28 AttenuationSystem parallel flag: 1
2025/08/05 11:34:28 Attenuation computed count: 1800000
2025/08/05 11:34:28 AttenuationSystem update time: 513.201088ms
2025/08/05 11:34:28 Run 5 complete
2025/08/05 11:34:28 StationSystem update...
2025/08/05 11:34:28 weather update count: 1000
2025/08/05 11:34:28 StationSystem update time: 4.291µs
2025/08/05 11:34:28 SatelliteSystem update...
2025/08/05 11:34:28 satellite count: 1800
2025/08/05 11:34:28 SatelliteSystem update time: 5.568068ms
2025/08/05 11:34:28 TopoSystem update...
2025/08/05 11:34:28 TopoSystem: Link count: 1800000
2025/08/05 11:34:28 TopoSystem update time: 26.762002ms
2025/08/05 11:34:28 AttenuationSystem update...
2025/08/05 11:34:28 AttenuationSystem parallel flag: 1
2025/08/05 11:34:29 Attenuation computed count: 1800000
2025/08/05 11:34:29 AttenuationSystem update time: 519.610035ms
2025/08/05 11:34:29 Run 6 complete
2025/08/05 11:34:29 StationSystem update...
2025/08/05 11:34:29 weather update count: 1000
2025/08/05 11:34:29 StationSystem update time: 4.057µs
2025/08/05 11:34:29 SatelliteSystem update...
2025/08/05 11:34:29 satellite count: 1800
2025/08/05 11:34:29 SatelliteSystem update time: 6.119939ms
2025/08/05 11:34:29 TopoSystem update...
2025/08/05 11:34:29 TopoSystem: Link count: 1800000
2025/08/05 11:34:29 TopoSystem update time: 55.658901ms
2025/08/05 11:34:29 AttenuationSystem update...
2025/08/05 11:34:29 AttenuationSystem parallel flag: 1
2025/08/05 11:34:29 Attenuation computed count: 1800000
2025/08/05 11:34:29 AttenuationSystem update time: 416.349813ms
2025/08/05 11:34:29 Run 7 complete
2025/08/05 11:34:29 StationSystem update...
2025/08/05 11:34:29 weather update count: 1000
2025/08/05 11:34:29 StationSystem update time: 3.757µs
2025/08/05 11:34:29 SatelliteSystem update...
2025/08/05 11:34:29 satellite count: 1800
2025/08/05 11:34:29 SatelliteSystem update time: 5.052759ms
2025/08/05 11:34:29 TopoSystem update...
2025/08/05 11:34:29 TopoSystem: Link count: 1800000
2025/08/05 11:34:29 TopoSystem update time: 21.345742ms
2025/08/05 11:34:29 AttenuationSystem update...
2025/08/05 11:34:29 AttenuationSystem parallel flag: 1
2025/08/05 11:34:30 Attenuation computed count: 1800000
2025/08/05 11:34:30 AttenuationSystem update time: 535.549021ms
2025/08/05 11:34:30 Run 8 complete
2025/08/05 11:34:30 StationSystem update...
2025/08/05 11:34:30 weather update count: 1000
2025/08/05 11:34:30 StationSystem update time: 4.08µs
2025/08/05 11:34:30 SatelliteSystem update...
2025/08/05 11:34:30 satellite count: 1800
2025/08/05 11:34:30 SatelliteSystem update time: 6.800666ms
2025/08/05 11:34:30 TopoSystem update...
2025/08/05 11:34:30 TopoSystem: Link count: 1800000
2025/08/05 11:34:30 TopoSystem update time: 22.931044ms
2025/08/05 11:34:30 AttenuationSystem update...
2025/08/05 11:34:30 AttenuationSystem parallel flag: 1
2025/08/05 11:34:30 Attenuation computed count: 1800000
2025/08/05 11:34:30 AttenuationSystem update time: 526.664381ms
2025/08/05 11:34:30 Run 9 complete
2025/08/05 11:34:30 StationSystem update...
2025/08/05 11:34:30 weather update count: 1000
2025/08/05 11:34:30 StationSystem update time: 4.064µs
2025/08/05 11:34:30 SatelliteSystem update...
2025/08/05 11:34:30 satellite count: 1800
2025/08/05 11:34:30 SatelliteSystem update time: 6.799516ms
2025/08/05 11:34:30 TopoSystem update...
2025/08/05 11:34:31 TopoSystem: Link count: 1800000
2025/08/05 11:34:31 TopoSystem update time: 56.061119ms
2025/08/05 11:34:31 AttenuationSystem update...
2025/08/05 11:34:31 AttenuationSystem parallel flag: 1
2025/08/05 11:34:31 Attenuation computed count: 1800000
2025/08/05 11:34:31 AttenuationSystem update time: 536.863012ms
2025/08/05 11:34:31 Run 10 complete
2025/08/05 11:34:31 Total update time:  5.500940769s
2025/08/05 11:34:31 linkCache size: 40

 Performance counter stats for './scale_ecs 1000 1800 10 8 2 1':

        37,227,817      cache-references                                                      
         8,422,374      cache-misses                     #   22.62% of all cache refs         

       5.510621809 seconds time elapsed

      33.933633000 seconds user
       0.098981000 seconds sys


