ECS running with 700 stations, 1800 satellites, 2 numWGs and 2 numBlocks for 10 rounds in 1 parallel pattern
2025/08/05 09:14:48 StationSystem update...
2025/08/05 09:14:48 weather update count: 700
2025/08/05 09:14:48 StationSystem update time: 4.806µs
2025/08/05 09:14:48 SatelliteSystem update...
2025/08/05 09:14:48 satellite count: 1800
2025/08/05 09:14:48 SatelliteSystem update time: 6.79281ms
2025/08/05 09:14:48 TopoSystem update...
2025/08/05 09:14:48 TopoSystem: Link count: 1260000
2025/08/05 09:14:48 TopoSystem update time: 38.203692ms
2025/08/05 09:14:48 AttenuationSystem update...
2025/08/05 09:14:48 AttenuationSystem parallel flag: 1
2025/08/05 09:14:49 Attenuation computed count: 1260000
2025/08/05 09:14:49 AttenuationSystem update time: 1.285566264s
2025/08/05 09:14:49 Run 1 complete
2025/08/05 09:14:49 StationSystem update...
2025/08/05 09:14:49 weather update count: 700
2025/08/05 09:14:49 StationSystem update time: 2.59µs
2025/08/05 09:14:49 SatelliteSystem update...
2025/08/05 09:14:49 satellite count: 1800
2025/08/05 09:14:49 SatelliteSystem update time: 5.057445ms
2025/08/05 09:14:49 TopoSystem update...
2025/08/05 09:14:49 TopoSystem: Link count: 1260000
2025/08/05 09:14:49 TopoSystem update time: 34.277098ms
2025/08/05 09:14:49 AttenuationSystem update...
2025/08/05 09:14:49 AttenuationSystem parallel flag: 1
2025/08/05 09:14:51 Attenuation computed count: 1260000
2025/08/05 09:14:51 AttenuationSystem update time: 1.073011628s
2025/08/05 09:14:51 Run 2 complete
2025/08/05 09:14:51 StationSystem update...
2025/08/05 09:14:51 weather update count: 700
2025/08/05 09:14:51 StationSystem update time: 2.535µs
2025/08/05 09:14:51 SatelliteSystem update...
2025/08/05 09:14:51 satellite count: 1800
2025/08/05 09:14:51 SatelliteSystem update time: 5.05799ms
2025/08/05 09:14:51 TopoSystem update...
2025/08/05 09:14:51 TopoSystem: Link count: 1260000
2025/08/05 09:14:51 TopoSystem update time: 15.431491ms
2025/08/05 09:14:51 AttenuationSystem update...
2025/08/05 09:14:51 AttenuationSystem parallel flag: 1
2025/08/05 09:14:52 Attenuation computed count: 1260000
2025/08/05 09:14:52 AttenuationSystem update time: 1.353830191s
2025/08/05 09:14:52 Run 3 complete
2025/08/05 09:14:52 StationSystem update...
2025/08/05 09:14:52 weather update count: 700
2025/08/05 09:14:52 SatelliteSystem update...
2025/08/05 09:14:52 StationSystem update time: 3.249µs
2025/08/05 09:14:52 satellite count: 1800
2025/08/05 09:14:52 SatelliteSystem update time: 5.051912ms
2025/08/05 09:14:52 TopoSystem update...
2025/08/05 09:14:52 TopoSystem: Link count: 1260000
2025/08/05 09:14:52 TopoSystem update time: 21.45081ms
2025/08/05 09:14:52 AttenuationSystem update...
2025/08/05 09:14:52 AttenuationSystem parallel flag: 1
2025/08/05 09:14:53 Attenuation computed count: 1260000
2025/08/05 09:14:53 AttenuationSystem update time: 1.453641916s
2025/08/05 09:14:53 Run 4 complete
2025/08/05 09:14:53 StationSystem update...
2025/08/05 09:14:53 weather update count: 700
2025/08/05 09:14:53 StationSystem update time: 3.205µs
2025/08/05 09:14:53 SatelliteSystem update...
2025/08/05 09:14:53 satellite count: 1800
2025/08/05 09:14:53 SatelliteSystem update time: 16.681603ms
2025/08/05 09:14:53 TopoSystem update...
2025/08/05 09:14:53 TopoSystem: Link count: 1260000
2025/08/05 09:14:53 TopoSystem update time: 22.134435ms
2025/08/05 09:14:53 AttenuationSystem update...
2025/08/05 09:14:53 AttenuationSystem parallel flag: 1
2025/08/05 09:14:55 Attenuation computed count: 1260000
2025/08/05 09:14:55 AttenuationSystem update time: 1.146736054s
2025/08/05 09:14:55 Run 5 complete
2025/08/05 09:14:55 StationSystem update...
2025/08/05 09:14:55 weather update count: 700
2025/08/05 09:14:55 StationSystem update time: 2.599µs
2025/08/05 09:14:55 SatelliteSystem update...
2025/08/05 09:14:55 satellite count: 1800
2025/08/05 09:14:55 SatelliteSystem update time: 5.092392ms
2025/08/05 09:14:55 TopoSystem update...
2025/08/05 09:14:55 TopoSystem: Link count: 1260000
2025/08/05 09:14:55 TopoSystem update time: 14.649931ms
2025/08/05 09:14:55 AttenuationSystem update...
2025/08/05 09:14:55 AttenuationSystem parallel flag: 1
2025/08/05 09:14:56 Attenuation computed count: 1260000
2025/08/05 09:14:56 AttenuationSystem update time: 1.111812674s
2025/08/05 09:14:56 Run 6 complete
2025/08/05 09:14:56 StationSystem update...
2025/08/05 09:14:56 weather update count: 700
2025/08/05 09:14:56 StationSystem update time: 3.131µs
2025/08/05 09:14:56 SatelliteSystem update...
2025/08/05 09:14:56 satellite count: 1800
2025/08/05 09:14:56 SatelliteSystem update time: 5.055593ms
2025/08/05 09:14:56 TopoSystem update...
2025/08/05 09:14:56 TopoSystem: Link count: 1260000
2025/08/05 09:14:56 TopoSystem update time: 15.590211ms
2025/08/05 09:14:56 AttenuationSystem update...
2025/08/05 09:14:56 AttenuationSystem parallel flag: 1
2025/08/05 09:14:57 Attenuation computed count: 1260000
2025/08/05 09:14:57 AttenuationSystem update time: 1.334493368s
2025/08/05 09:14:57 Run 7 complete
2025/08/05 09:14:57 StationSystem update...
2025/08/05 09:14:57 weather update count: 700
2025/08/05 09:14:57 StationSystem update time: 2.801µs
2025/08/05 09:14:57 SatelliteSystem update...
2025/08/05 09:14:57 satellite count: 1800
2025/08/05 09:14:57 SatelliteSystem update time: 5.065006ms
2025/08/05 09:14:57 TopoSystem update...
2025/08/05 09:14:57 TopoSystem: Link count: 1260000
2025/08/05 09:14:57 TopoSystem update time: 43.7361ms
2025/08/05 09:14:57 AttenuationSystem update...
2025/08/05 09:14:57 AttenuationSystem parallel flag: 1
2025/08/05 09:14:58 Attenuation computed count: 1260000
2025/08/05 09:14:58 AttenuationSystem update time: 1.282469618s
2025/08/05 09:14:58 Run 8 complete
2025/08/05 09:14:58 StationSystem update...
2025/08/05 09:14:58 weather update count: 700
2025/08/05 09:14:58 StationSystem update time: 2.724µs
2025/08/05 09:14:58 SatelliteSystem update...
2025/08/05 09:14:58 satellite count: 1800
2025/08/05 09:14:58 SatelliteSystem update time: 5.113831ms
2025/08/05 09:14:58 TopoSystem update...
2025/08/05 09:14:58 TopoSystem: Link count: 1260000
2025/08/05 09:14:58 TopoSystem update time: 19.648767ms
2025/08/05 09:14:58 AttenuationSystem update...
2025/08/05 09:14:58 AttenuationSystem parallel flag: 1
2025/08/05 09:15:00 Attenuation computed count: 1260000
2025/08/05 09:15:00 AttenuationSystem update time: 1.257060274s
2025/08/05 09:15:00 Run 9 complete
2025/08/05 09:15:00 StationSystem update...
2025/08/05 09:15:00 weather update count: 700
2025/08/05 09:15:00 StationSystem update time: 3.621µs
2025/08/05 09:15:00 SatelliteSystem update...
2025/08/05 09:15:00 satellite count: 1800
2025/08/05 09:15:00 SatelliteSystem update time: 5.051596ms
2025/08/05 09:15:00 TopoSystem update...
2025/08/05 09:15:00 TopoSystem: Link count: 1260000
2025/08/05 09:15:00 TopoSystem update time: 15.405984ms
2025/08/05 09:15:00 AttenuationSystem update...
2025/08/05 09:15:00 AttenuationSystem parallel flag: 1
2025/08/05 09:15:01 Attenuation computed count: 1260000
2025/08/05 09:15:01 AttenuationSystem update time: 1.27866107s
2025/08/05 09:15:01 Run 10 complete
2025/08/05 09:15:01 Total update time:  12.892068394s
2025/08/05 09:15:01 linkCache size: 40

 Performance counter stats for './scale_ecs 700 1800 10 2 2 1':

        26,652,244      cache-references                                                      
         7,297,314      cache-misses                     #   27.38% of all cache refs         

      12.905045458 seconds time elapsed

      24.442127000 seconds user
       0.103966000 seconds sys


