ECS running with 700 stations, 1300 satellites, 8 numWGs and 4 numBlocks for 10 rounds in 0 parallel pattern
2025/08/05 09:05:33 StationSystem update...
2025/08/05 09:05:33 weather update count: 700
2025/08/05 09:05:33 SatelliteSystem update...
2025/08/05 09:05:33 StationSystem update time: 4.972µs
2025/08/05 09:05:33 satellite count: 1300
2025/08/05 09:05:33 SatelliteSystem update time: 4.952409ms
2025/08/05 09:05:33 TopoSystem update...
2025/08/05 09:05:33 TopoSystem: Link count: 910000
2025/08/05 09:05:33 TopoSystem update time: 28.354528ms
2025/08/05 09:05:33 AttenuationSystem update...
2025/08/05 09:05:33 AttenuationSystem parallel flag: 0
2025/08/05 09:05:33 Attenuation computed count: 910000
2025/08/05 09:05:33 AttenuationSystem update time: 504.696049ms
2025/08/05 09:05:33 Run 1 complete
2025/08/05 09:05:33 StationSystem update...
2025/08/05 09:05:33 weather update count: 700
2025/08/05 09:05:33 StationSystem update time: 3.184µs
2025/08/05 09:05:33 SatelliteSystem update...
2025/08/05 09:05:33 satellite count: 1300
2025/08/05 09:05:33 SatelliteSystem update time: 4.921667ms
2025/08/05 09:05:33 TopoSystem update...
2025/08/05 09:05:33 TopoSystem: Link count: 910000
2025/08/05 09:05:33 TopoSystem update time: 24.097547ms
2025/08/05 09:05:33 AttenuationSystem update...
2025/08/05 09:05:33 AttenuationSystem parallel flag: 0
2025/08/05 09:05:34 Attenuation computed count: 910000
2025/08/05 09:05:34 AttenuationSystem update time: 531.586709ms
2025/08/05 09:05:34 Run 2 complete
2025/08/05 09:05:34 StationSystem update...
2025/08/05 09:05:34 weather update count: 700
2025/08/05 09:05:34 StationSystem update time: 3.118µs
2025/08/05 09:05:34 SatelliteSystem update...
2025/08/05 09:05:34 satellite count: 1300
2025/08/05 09:05:34 SatelliteSystem update time: 4.919351ms
2025/08/05 09:05:34 TopoSystem update...
2025/08/05 09:05:34 TopoSystem: Link count: 910000
2025/08/05 09:05:34 TopoSystem update time: 12.936935ms
2025/08/05 09:05:34 AttenuationSystem update...
2025/08/05 09:05:34 AttenuationSystem parallel flag: 0
2025/08/05 09:05:34 Attenuation computed count: 910000
2025/08/05 09:05:34 AttenuationSystem update time: 486.667917ms
2025/08/05 09:05:34 Run 3 complete
2025/08/05 09:05:34 StationSystem update...
2025/08/05 09:05:34 weather update count: 700
2025/08/05 09:05:34 StationSystem update time: 2.569µs
2025/08/05 09:05:34 SatelliteSystem update...
2025/08/05 09:05:34 satellite count: 1300
2025/08/05 09:05:34 SatelliteSystem update time: 3.659707ms
2025/08/05 09:05:34 TopoSystem update...
2025/08/05 09:05:34 TopoSystem: Link count: 910000
2025/08/05 09:05:34 TopoSystem update time: 12.258247ms
2025/08/05 09:05:34 AttenuationSystem update...
2025/08/05 09:05:34 AttenuationSystem parallel flag: 0
2025/08/05 09:05:35 Attenuation computed count: 910000
2025/08/05 09:05:35 AttenuationSystem update time: 552.021552ms
2025/08/05 09:05:35 Run 4 complete
2025/08/05 09:05:35 StationSystem update...
2025/08/05 09:05:35 weather update count: 700
2025/08/05 09:05:35 StationSystem update time: 3.249µs
2025/08/05 09:05:35 SatelliteSystem update...
2025/08/05 09:05:35 satellite count: 1300
2025/08/05 09:05:35 SatelliteSystem update time: 4.921287ms
2025/08/05 09:05:35 TopoSystem update...
2025/08/05 09:05:35 TopoSystem: Link count: 910000
2025/08/05 09:05:35 TopoSystem update time: 19.416146ms
2025/08/05 09:05:35 AttenuationSystem update...
2025/08/05 09:05:35 AttenuationSystem parallel flag: 0
2025/08/05 09:05:35 Attenuation computed count: 910000
2025/08/05 09:05:35 AttenuationSystem update time: 514.80599ms
2025/08/05 09:05:35 Run 5 complete
2025/08/05 09:05:35 StationSystem update...
2025/08/05 09:05:35 weather update count: 700
2025/08/05 09:05:35 StationSystem update time: 3.279µs
2025/08/05 09:05:35 SatelliteSystem update...
2025/08/05 09:05:35 satellite count: 1300
2025/08/05 09:05:35 SatelliteSystem update time: 4.927266ms
2025/08/05 09:05:35 TopoSystem update...
2025/08/05 09:05:35 TopoSystem: Link count: 910000
2025/08/05 09:05:35 TopoSystem update time: 12.787947ms
2025/08/05 09:05:35 AttenuationSystem update...
2025/08/05 09:05:35 AttenuationSystem parallel flag: 0
2025/08/05 09:05:36 Attenuation computed count: 910000
2025/08/05 09:05:36 AttenuationSystem update time: 462.457763ms
2025/08/05 09:05:36 Run 6 complete
2025/08/05 09:05:36 StationSystem update...
2025/08/05 09:05:36 weather update count: 700
2025/08/05 09:05:36 StationSystem update time: 3.254µs
2025/08/05 09:05:36 SatelliteSystem update...
2025/08/05 09:05:36 satellite count: 1300
2025/08/05 09:05:36 SatelliteSystem update time: 3.670213ms
2025/08/05 09:05:36 TopoSystem update...
2025/08/05 09:05:36 TopoSystem: Link count: 910000
2025/08/05 09:05:36 TopoSystem update time: 20.59102ms
2025/08/05 09:05:36 AttenuationSystem update...
2025/08/05 09:05:36 AttenuationSystem parallel flag: 0
2025/08/05 09:05:36 Attenuation computed count: 910000
2025/08/05 09:05:36 AttenuationSystem update time: 546.117435ms
2025/08/05 09:05:36 Run 7 complete
2025/08/05 09:05:36 StationSystem update...
2025/08/05 09:05:36 weather update count: 700
2025/08/05 09:05:36 StationSystem update time: 3.86µs
2025/08/05 09:05:36 SatelliteSystem update...
2025/08/05 09:05:36 satellite count: 1300
2025/08/05 09:05:36 SatelliteSystem update time: 4.929182ms
2025/08/05 09:05:36 TopoSystem update...
2025/08/05 09:05:36 TopoSystem: Link count: 910000
2025/08/05 09:05:36 TopoSystem update time: 13.827651ms
2025/08/05 09:05:36 AttenuationSystem update...
2025/08/05 09:05:36 AttenuationSystem parallel flag: 0
2025/08/05 09:05:37 Attenuation computed count: 910000
2025/08/05 09:05:37 AttenuationSystem update time: 518.818321ms
2025/08/05 09:05:37 Run 8 complete
2025/08/05 09:05:37 StationSystem update...
2025/08/05 09:05:37 weather update count: 700
2025/08/05 09:05:37 StationSystem update time: 3.794µs
2025/08/05 09:05:37 SatelliteSystem update...
2025/08/05 09:05:37 satellite count: 1300
2025/08/05 09:05:37 SatelliteSystem update time: 3.667391ms
2025/08/05 09:05:37 TopoSystem update...
2025/08/05 09:05:37 TopoSystem: Link count: 910000
2025/08/05 09:05:37 TopoSystem update time: 11.055391ms
2025/08/05 09:05:37 AttenuationSystem update...
2025/08/05 09:05:37 AttenuationSystem parallel flag: 0
2025/08/05 09:05:38 Attenuation computed count: 910000
2025/08/05 09:05:38 AttenuationSystem update time: 552.295355ms
2025/08/05 09:05:38 Run 9 complete
2025/08/05 09:05:38 StationSystem update...
2025/08/05 09:05:38 weather update count: 700
2025/08/05 09:05:38 StationSystem update time: 3.866µs
2025/08/05 09:05:38 SatelliteSystem update...
2025/08/05 09:05:38 satellite count: 1300
2025/08/05 09:05:38 SatelliteSystem update time: 8.128162ms
2025/08/05 09:05:38 TopoSystem update...
2025/08/05 09:05:38 TopoSystem: Link count: 910000
2025/08/05 09:05:38 TopoSystem update time: 24.443256ms
2025/08/05 09:05:38 AttenuationSystem update...
2025/08/05 09:05:38 AttenuationSystem parallel flag: 0
2025/08/05 09:05:38 Attenuation computed count: 910000
2025/08/05 09:05:38 AttenuationSystem update time: 536.337283ms
2025/08/05 09:05:38 Run 10 complete
2025/08/05 09:05:38 Total update time:  5.441854506s
2025/08/05 09:05:38 linkCache size: 40

 Performance counter stats for './scale_ecs 700 1300 10 8 4 0':

        19,185,589      cache-references                                                      
         4,197,080      cache-misses                     #   21.88% of all cache refs         

       5.453379930 seconds time elapsed

      19.055226000 seconds user
       0.058015000 seconds sys


