ECS running with 800 stations, 1600 satellites, 4 numWGs and 2 numBlocks for 10 rounds in 0 parallel pattern
2025/08/05 10:12:18 StationSystem update...
2025/08/05 10:12:18 SatelliteSystem update...
2025/08/05 10:12:18 weather update count: 800
2025/08/05 10:12:18 StationSystem update time: 5.57µs
2025/08/05 10:12:18 satellite count: 1600
2025/08/05 10:12:18 SatelliteSystem update time: 6.164977ms
2025/08/05 10:12:18 TopoSystem update...
2025/08/05 10:12:18 TopoSystem: Link count: 1280000
2025/08/05 10:12:18 TopoSystem update time: 39.415137ms
2025/08/05 10:12:18 AttenuationSystem update...
2025/08/05 10:12:18 AttenuationSystem parallel flag: 0
2025/08/05 10:12:19 Attenuation computed count: 1280000
2025/08/05 10:12:19 AttenuationSystem update time: 1.36510421s
2025/08/05 10:12:19 Run 1 complete
2025/08/05 10:12:19 StationSystem update...
2025/08/05 10:12:19 SatelliteSystem update...
2025/08/05 10:12:19 weather update count: 800
2025/08/05 10:12:19 StationSystem update time: 5.647µs
2025/08/05 10:12:19 satellite count: 1600
2025/08/05 10:12:19 SatelliteSystem update time: 4.50219ms
2025/08/05 10:12:19 TopoSystem update...
2025/08/05 10:12:19 TopoSystem: Link count: 1280000
2025/08/05 10:12:19 TopoSystem update time: 23.05683ms
2025/08/05 10:12:19 AttenuationSystem update...
2025/08/05 10:12:19 AttenuationSystem parallel flag: 0
2025/08/05 10:12:20 Attenuation computed count: 1280000
2025/08/05 10:12:20 AttenuationSystem update time: 1.132991709s
2025/08/05 10:12:20 Run 2 complete
2025/08/05 10:12:20 StationSystem update...
2025/08/05 10:12:20 weather update count: 800
2025/08/05 10:12:20 StationSystem update time: 2.507µs
2025/08/05 10:12:20 SatelliteSystem update...
2025/08/05 10:12:20 satellite count: 1600
2025/08/05 10:12:20 SatelliteSystem update time: 4.490693ms
2025/08/05 10:12:20 TopoSystem update...
2025/08/05 10:12:20 TopoSystem: Link count: 1280000
2025/08/05 10:12:20 TopoSystem update time: 18.437451ms
2025/08/05 10:12:20 AttenuationSystem update...
2025/08/05 10:12:20 AttenuationSystem parallel flag: 0
2025/08/05 10:12:21 Attenuation computed count: 1280000
2025/08/05 10:12:21 AttenuationSystem update time: 1.195287838s
2025/08/05 10:12:21 Run 3 complete
2025/08/05 10:12:21 StationSystem update...
2025/08/05 10:12:21 weather update count: 800
2025/08/05 10:12:21 StationSystem update time: 2.535µs
2025/08/05 10:12:21 SatelliteSystem update...
2025/08/05 10:12:22 satellite count: 1600
2025/08/05 10:12:22 SatelliteSystem update time: 4.504469ms
2025/08/05 10:12:22 TopoSystem update...
2025/08/05 10:12:22 TopoSystem: Link count: 1280000
2025/08/05 10:12:22 TopoSystem update time: 14.707448ms
2025/08/05 10:12:22 AttenuationSystem update...
2025/08/05 10:12:22 AttenuationSystem parallel flag: 0
2025/08/05 10:12:23 Attenuation computed count: 1280000
2025/08/05 10:12:23 AttenuationSystem update time: 1.352696089s
2025/08/05 10:12:23 Run 4 complete
2025/08/05 10:12:23 StationSystem update...
2025/08/05 10:12:23 weather update count: 800
2025/08/05 10:12:23 StationSystem update time: 3.508µs
2025/08/05 10:12:23 SatelliteSystem update...
2025/08/05 10:12:23 satellite count: 1600
2025/08/05 10:12:23 SatelliteSystem update time: 6.045161ms
2025/08/05 10:12:23 TopoSystem update...
2025/08/05 10:12:23 TopoSystem: Link count: 1280000
2025/08/05 10:12:23 TopoSystem update time: 15.404886ms
2025/08/05 10:12:23 AttenuationSystem update...
2025/08/05 10:12:23 AttenuationSystem parallel flag: 0
2025/08/05 10:12:24 Attenuation computed count: 1280000
2025/08/05 10:12:24 AttenuationSystem update time: 1.129545802s
2025/08/05 10:12:24 Run 5 complete
2025/08/05 10:12:24 StationSystem update...
2025/08/05 10:12:24 weather update count: 800
2025/08/05 10:12:24 StationSystem update time: 2.711µs
2025/08/05 10:12:24 SatelliteSystem update...
2025/08/05 10:12:24 satellite count: 1600
2025/08/05 10:12:24 SatelliteSystem update time: 4.536956ms
2025/08/05 10:12:24 TopoSystem update...
2025/08/05 10:12:24 TopoSystem: Link count: 1280000
2025/08/05 10:12:24 TopoSystem update time: 19.68536ms
2025/08/05 10:12:24 AttenuationSystem update...
2025/08/05 10:12:24 AttenuationSystem parallel flag: 0
2025/08/05 10:12:25 Attenuation computed count: 1280000
2025/08/05 10:12:25 AttenuationSystem update time: 1.389496715s
2025/08/05 10:12:25 Run 6 complete
2025/08/05 10:12:25 StationSystem update...
2025/08/05 10:12:25 weather update count: 800
2025/08/05 10:12:25 StationSystem update time: 3.41µs
2025/08/05 10:12:25 SatelliteSystem update...
2025/08/05 10:12:25 satellite count: 1600
2025/08/05 10:12:25 SatelliteSystem update time: 6.043672ms
2025/08/05 10:12:25 TopoSystem update...
2025/08/05 10:12:25 TopoSystem: Link count: 1280000
2025/08/05 10:12:25 TopoSystem update time: 42.983224ms
2025/08/05 10:12:25 AttenuationSystem update...
2025/08/05 10:12:25 AttenuationSystem parallel flag: 0
2025/08/05 10:12:27 Attenuation computed count: 1280000
2025/08/05 10:12:27 AttenuationSystem update time: 1.112392719s
2025/08/05 10:12:27 Run 7 complete
2025/08/05 10:12:27 StationSystem update...
2025/08/05 10:12:27 weather update count: 800
2025/08/05 10:12:27 StationSystem update time: 2.741µs
2025/08/05 10:12:27 SatelliteSystem update...
2025/08/05 10:12:27 satellite count: 1600
2025/08/05 10:12:27 SatelliteSystem update time: 4.488919ms
2025/08/05 10:12:27 TopoSystem update...
2025/08/05 10:12:27 TopoSystem: Link count: 1280000
2025/08/05 10:12:27 TopoSystem update time: 14.863034ms
2025/08/05 10:12:27 AttenuationSystem update...
2025/08/05 10:12:27 AttenuationSystem parallel flag: 0
2025/08/05 10:12:28 Attenuation computed count: 1280000
2025/08/05 10:12:28 AttenuationSystem update time: 1.459598721s
2025/08/05 10:12:28 Run 8 complete
2025/08/05 10:12:28 StationSystem update...
2025/08/05 10:12:28 weather update count: 800
2025/08/05 10:12:28 StationSystem update time: 3.494µs
2025/08/05 10:12:28 SatelliteSystem update...
2025/08/05 10:12:28 satellite count: 1600
2025/08/05 10:12:28 SatelliteSystem update time: 6.042787ms
2025/08/05 10:12:28 TopoSystem update...
2025/08/05 10:12:28 TopoSystem: Link count: 1280000
2025/08/05 10:12:28 TopoSystem update time: 43.355654ms
2025/08/05 10:12:28 AttenuationSystem update...
2025/08/05 10:12:28 AttenuationSystem parallel flag: 0
2025/08/05 10:12:30 Attenuation computed count: 1280000
2025/08/05 10:12:30 AttenuationSystem update time: 1.486912994s
2025/08/05 10:12:30 Run 9 complete
2025/08/05 10:12:30 StationSystem update...
2025/08/05 10:12:30 weather update count: 800
2025/08/05 10:12:30 StationSystem update time: 3.767µs
2025/08/05 10:12:30 SatelliteSystem update...
2025/08/05 10:12:30 satellite count: 1600
2025/08/05 10:12:30 SatelliteSystem update time: 6.043593ms
2025/08/05 10:12:30 TopoSystem update...
2025/08/05 10:12:30 TopoSystem: Link count: 1280000
2025/08/05 10:12:30 TopoSystem update time: 19.282638ms
2025/08/05 10:12:30 AttenuationSystem update...
2025/08/05 10:12:30 AttenuationSystem parallel flag: 0
2025/08/05 10:12:31 Attenuation computed count: 1280000
2025/08/05 10:12:31 AttenuationSystem update time: 1.283628176s
2025/08/05 10:12:31 Run 10 complete
2025/08/05 10:12:31 Total update time:  13.21968125s
2025/08/05 10:12:31 linkCache size: 40

 Performance counter stats for './scale_ecs 800 1600 10 4 2 0':

        26,699,343      cache-references                                                      
         6,162,275      cache-misses                     #   23.08% of all cache refs         

      13.228299554 seconds time elapsed

      25.104016000 seconds user
       0.077033000 seconds sys


