ECS running with 500 stations, 1500 satellites, 2 numWGs and 2 numBlocks for 10 rounds in 0 parallel pattern
2025/08/05 08:14:01 StationSystem update...
2025/08/05 08:14:01 SatelliteSystem update...
2025/08/05 08:14:01 weather update count: 500
2025/08/05 08:14:01 StationSystem update time: 6.155µs
2025/08/05 08:14:01 satellite count: 1500
2025/08/05 08:14:01 SatelliteSystem update time: 5.688478ms
2025/08/05 08:14:01 TopoSystem update...
2025/08/05 08:14:01 TopoSystem: Link count: 750000
2025/08/05 08:14:01 TopoSystem update time: 22.991251ms
2025/08/05 08:14:01 AttenuationSystem update...
2025/08/05 08:14:01 AttenuationSystem parallel flag: 0
2025/08/05 08:14:02 Attenuation computed count: 750000
2025/08/05 08:14:02 AttenuationSystem update time: 830.268263ms
2025/08/05 08:14:02 Run 1 complete
2025/08/05 08:14:02 StationSystem update...
2025/08/05 08:14:02 weather update count: 500
2025/08/05 08:14:02 StationSystem update time: 2.926µs
2025/08/05 08:14:02 SatelliteSystem update...
2025/08/05 08:14:02 satellite count: 1500
2025/08/05 08:14:02 SatelliteSystem update time: 5.677019ms
2025/08/05 08:14:02 TopoSystem update...
2025/08/05 08:14:02 TopoSystem: Link count: 750000
2025/08/05 08:14:02 TopoSystem update time: 17.256226ms
2025/08/05 08:14:02 AttenuationSystem update...
2025/08/05 08:14:02 AttenuationSystem parallel flag: 0
2025/08/05 08:14:03 Attenuation computed count: 750000
2025/08/05 08:14:03 AttenuationSystem update time: 835.061809ms
2025/08/05 08:14:03 Run 2 complete
2025/08/05 08:14:03 StationSystem update...
2025/08/05 08:14:03 weather update count: 500
2025/08/05 08:14:03 StationSystem update time: 2.645µs
2025/08/05 08:14:03 SatelliteSystem update...
2025/08/05 08:14:03 satellite count: 1500
2025/08/05 08:14:03 SatelliteSystem update time: 5.683012ms
2025/08/05 08:14:03 TopoSystem update...
2025/08/05 08:14:03 TopoSystem: Link count: 750000
2025/08/05 08:14:03 TopoSystem update time: 11.492124ms
2025/08/05 08:14:03 AttenuationSystem update...
2025/08/05 08:14:03 AttenuationSystem parallel flag: 0
2025/08/05 08:14:04 Attenuation computed count: 750000
2025/08/05 08:14:04 AttenuationSystem update time: 884.25914ms
2025/08/05 08:14:04 Run 3 complete
2025/08/05 08:14:04 StationSystem update...
2025/08/05 08:14:04 weather update count: 500
2025/08/05 08:14:04 StationSystem update time: 2.572µs
2025/08/05 08:14:04 SatelliteSystem update...
2025/08/05 08:14:04 satellite count: 1500
2025/08/05 08:14:04 SatelliteSystem update time: 5.677914ms
2025/08/05 08:14:04 TopoSystem update...
2025/08/05 08:14:04 TopoSystem: Link count: 750000
2025/08/05 08:14:04 TopoSystem update time: 26.109666ms
2025/08/05 08:14:04 AttenuationSystem update...
2025/08/05 08:14:04 AttenuationSystem parallel flag: 0
2025/08/05 08:14:04 Attenuation computed count: 750000
2025/08/05 08:14:04 AttenuationSystem update time: 889.213035ms
2025/08/05 08:14:04 Run 4 complete
2025/08/05 08:14:04 StationSystem update...
2025/08/05 08:14:04 weather update count: 500
2025/08/05 08:14:04 StationSystem update time: 2.654µs
2025/08/05 08:14:04 SatelliteSystem update...
2025/08/05 08:14:04 satellite count: 1500
2025/08/05 08:14:04 SatelliteSystem update time: 5.670872ms
2025/08/05 08:14:04 TopoSystem update...
2025/08/05 08:14:04 TopoSystem: Link count: 750000
2025/08/05 08:14:04 TopoSystem update time: 26.044353ms
2025/08/05 08:14:04 AttenuationSystem update...
2025/08/05 08:14:04 AttenuationSystem parallel flag: 0
2025/08/05 08:14:05 Attenuation computed count: 750000
2025/08/05 08:14:05 AttenuationSystem update time: 781.079493ms
2025/08/05 08:14:05 Run 5 complete
2025/08/05 08:14:05 StationSystem update...
2025/08/05 08:14:05 weather update count: 500
2025/08/05 08:14:05 StationSystem update time: 2.612µs
2025/08/05 08:14:05 SatelliteSystem update...
2025/08/05 08:14:05 satellite count: 1500
2025/08/05 08:14:05 SatelliteSystem update time: 4.228248ms
2025/08/05 08:14:05 TopoSystem update...
2025/08/05 08:14:05 TopoSystem: Link count: 750000
2025/08/05 08:14:05 TopoSystem update time: 11.525406ms
2025/08/05 08:14:05 AttenuationSystem update...
2025/08/05 08:14:05 AttenuationSystem parallel flag: 0
2025/08/05 08:14:06 Attenuation computed count: 750000
2025/08/05 08:14:06 AttenuationSystem update time: 854.760177ms
2025/08/05 08:14:06 Run 6 complete
2025/08/05 08:14:06 StationSystem update...
2025/08/05 08:14:06 weather update count: 500
2025/08/05 08:14:06 StationSystem update time: 2.785µs
2025/08/05 08:14:06 SatelliteSystem update...
2025/08/05 08:14:06 satellite count: 1500
2025/08/05 08:14:06 SatelliteSystem update time: 13.943349ms
2025/08/05 08:14:06 TopoSystem update...
2025/08/05 08:14:06 TopoSystem: Link count: 750000
2025/08/05 08:14:06 TopoSystem update time: 11.397666ms
2025/08/05 08:14:06 AttenuationSystem update...
2025/08/05 08:14:06 AttenuationSystem parallel flag: 0
2025/08/05 08:14:07 Attenuation computed count: 750000
2025/08/05 08:14:07 AttenuationSystem update time: 881.735554ms
2025/08/05 08:14:07 Run 7 complete
2025/08/05 08:14:07 StationSystem update...
2025/08/05 08:14:07 weather update count: 500
2025/08/05 08:14:07 StationSystem update time: 2.506µs
2025/08/05 08:14:07 SatelliteSystem update...
2025/08/05 08:14:07 satellite count: 1500
2025/08/05 08:14:07 SatelliteSystem update time: 5.671131ms
2025/08/05 08:14:07 TopoSystem update...
2025/08/05 08:14:07 TopoSystem: Link count: 750000
2025/08/05 08:14:07 TopoSystem update time: 26.073341ms
2025/08/05 08:14:07 AttenuationSystem update...
2025/08/05 08:14:07 AttenuationSystem parallel flag: 0
2025/08/05 08:14:08 Attenuation computed count: 750000
2025/08/05 08:14:08 AttenuationSystem update time: 766.747261ms
2025/08/05 08:14:08 Run 8 complete
2025/08/05 08:14:08 StationSystem update...
2025/08/05 08:14:08 weather update count: 500
2025/08/05 08:14:08 StationSystem update time: 2.829µs
2025/08/05 08:14:08 SatelliteSystem update...
2025/08/05 08:14:08 satellite count: 1500
2025/08/05 08:14:08 SatelliteSystem update time: 5.66237ms
2025/08/05 08:14:08 TopoSystem update...
2025/08/05 08:14:08 TopoSystem: Link count: 750000
2025/08/05 08:14:08 TopoSystem update time: 25.67552ms
2025/08/05 08:14:08 AttenuationSystem update...
2025/08/05 08:14:08 AttenuationSystem parallel flag: 0
2025/08/05 08:14:09 Attenuation computed count: 750000
2025/08/05 08:14:09 AttenuationSystem update time: 870.859246ms
2025/08/05 08:14:09 Run 9 complete
2025/08/05 08:14:09 StationSystem update...
2025/08/05 08:14:09 weather update count: 500
2025/08/05 08:14:09 StationSystem update time: 2.851µs
2025/08/05 08:14:09 SatelliteSystem update...
2025/08/05 08:14:09 satellite count: 1500
2025/08/05 08:14:09 SatelliteSystem update time: 14.107479ms
2025/08/05 08:14:09 TopoSystem update...
2025/08/05 08:14:09 TopoSystem: Link count: 750000
2025/08/05 08:14:09 TopoSystem update time: 27.627091ms
2025/08/05 08:14:09 AttenuationSystem update...
2025/08/05 08:14:09 AttenuationSystem parallel flag: 0
2025/08/05 08:14:10 Attenuation computed count: 750000
2025/08/05 08:14:10 AttenuationSystem update time: 883.843476ms
2025/08/05 08:14:10 Run 10 complete
2025/08/05 08:14:10 Total update time:  8.764421749s
2025/08/05 08:14:10 linkCache size: 40

 Performance counter stats for './scale_ecs 500 1500 10 2 2 0':

        16,294,929      cache-references                                                      
         3,352,773      cache-misses                     #   20.58% of all cache refs         

       8.770562535 seconds time elapsed

      16.293892000 seconds user
       0.067032000 seconds sys


