ECS running with 800 stations, 1200 satellites, 2 numWGs and 2 numBlocks for 10 rounds in 1 parallel pattern
2025/08/05 10:02:08 StationSystem update...
2025/08/05 10:02:08 SatelliteSystem update...
2025/08/05 10:02:08 weather update count: 800
2025/08/05 10:02:08 StationSystem update time: 6.206µs
2025/08/05 10:02:08 satellite count: 1200
2025/08/05 10:02:08 SatelliteSystem update time: 4.565462ms
2025/08/05 10:02:08 TopoSystem update...
2025/08/05 10:02:08 TopoSystem: Link count: 960000
2025/08/05 10:02:08 TopoSystem update time: 29.474261ms
2025/08/05 10:02:08 AttenuationSystem update...
2025/08/05 10:02:08 AttenuationSystem parallel flag: 1
2025/08/05 10:02:09 Attenuation computed count: 960000
2025/08/05 10:02:09 AttenuationSystem update time: 1.090520184s
2025/08/05 10:02:09 Run 1 complete
2025/08/05 10:02:09 StationSystem update...
2025/08/05 10:02:09 weather update count: 800
2025/08/05 10:02:09 StationSystem update time: 3.335µs
2025/08/05 10:02:09 SatelliteSystem update...
2025/08/05 10:02:09 satellite count: 1200
2025/08/05 10:02:09 SatelliteSystem update time: 3.387305ms
2025/08/05 10:02:09 TopoSystem update...
2025/08/05 10:02:09 TopoSystem: Link count: 960000
2025/08/05 10:02:09 TopoSystem update time: 33.686602ms
2025/08/05 10:02:09 AttenuationSystem update...
2025/08/05 10:02:09 AttenuationSystem parallel flag: 1
2025/08/05 10:02:10 Attenuation computed count: 960000
2025/08/05 10:02:10 AttenuationSystem update time: 1.000516666s
2025/08/05 10:02:10 Run 2 complete
2025/08/05 10:02:10 StationSystem update...
2025/08/05 10:02:10 weather update count: 800
2025/08/05 10:02:10 StationSystem update time: 3.12µs
2025/08/05 10:02:10 SatelliteSystem update...
2025/08/05 10:02:10 satellite count: 1200
2025/08/05 10:02:10 SatelliteSystem update time: 3.37925ms
2025/08/05 10:02:10 TopoSystem update...
2025/08/05 10:02:10 TopoSystem: Link count: 960000
2025/08/05 10:02:10 TopoSystem update time: 22.209432ms
2025/08/05 10:02:10 AttenuationSystem update...
2025/08/05 10:02:10 AttenuationSystem parallel flag: 1
2025/08/05 10:02:11 Attenuation computed count: 960000
2025/08/05 10:02:11 AttenuationSystem update time: 1.122703098s
2025/08/05 10:02:11 Run 3 complete
2025/08/05 10:02:11 StationSystem update...
2025/08/05 10:02:11 weather update count: 800
2025/08/05 10:02:11 StationSystem update time: 3.292µs
2025/08/05 10:02:11 SatelliteSystem update...
2025/08/05 10:02:11 satellite count: 1200
2025/08/05 10:02:11 SatelliteSystem update time: 4.551339ms
2025/08/05 10:02:11 TopoSystem update...
2025/08/05 10:02:11 TopoSystem: Link count: 960000
2025/08/05 10:02:11 TopoSystem update time: 17.549159ms
2025/08/05 10:02:11 AttenuationSystem update...
2025/08/05 10:02:11 AttenuationSystem parallel flag: 1
2025/08/05 10:02:12 Attenuation computed count: 960000
2025/08/05 10:02:12 AttenuationSystem update time: 1.059159815s
2025/08/05 10:02:12 Run 4 complete
2025/08/05 10:02:12 StationSystem update...
2025/08/05 10:02:12 weather update count: 800
2025/08/05 10:02:12 StationSystem update time: 2.755µs
2025/08/05 10:02:12 SatelliteSystem update...
2025/08/05 10:02:12 satellite count: 1200
2025/08/05 10:02:12 SatelliteSystem update time: 4.561547ms
2025/08/05 10:02:12 TopoSystem update...
2025/08/05 10:02:12 TopoSystem: Link count: 960000
2025/08/05 10:02:12 TopoSystem update time: 14.858797ms
2025/08/05 10:02:12 AttenuationSystem update...
2025/08/05 10:02:12 AttenuationSystem parallel flag: 1
2025/08/05 10:02:13 Attenuation computed count: 960000
2025/08/05 10:02:13 AttenuationSystem update time: 1.081494266s
2025/08/05 10:02:13 Run 5 complete
2025/08/05 10:02:13 StationSystem update...
2025/08/05 10:02:13 weather update count: 800
2025/08/05 10:02:13 StationSystem update time: 3.475µs
2025/08/05 10:02:13 SatelliteSystem update...
2025/08/05 10:02:13 satellite count: 1200
2025/08/05 10:02:13 SatelliteSystem update time: 3.560637ms
2025/08/05 10:02:13 TopoSystem update...
2025/08/05 10:02:13 TopoSystem: Link count: 960000
2025/08/05 10:02:13 TopoSystem update time: 15.022226ms
2025/08/05 10:02:13 AttenuationSystem update...
2025/08/05 10:02:13 AttenuationSystem parallel flag: 1
2025/08/05 10:02:14 Attenuation computed count: 960000
2025/08/05 10:02:14 AttenuationSystem update time: 1.109585661s
2025/08/05 10:02:14 Run 6 complete
2025/08/05 10:02:14 StationSystem update...
2025/08/05 10:02:14 weather update count: 800
2025/08/05 10:02:14 StationSystem update time: 3.309µs
2025/08/05 10:02:14 SatelliteSystem update...
2025/08/05 10:02:14 satellite count: 1200
2025/08/05 10:02:14 SatelliteSystem update time: 7.901039ms
2025/08/05 10:02:14 TopoSystem update...
2025/08/05 10:02:14 TopoSystem: Link count: 960000
2025/08/05 10:02:14 TopoSystem update time: 34.330328ms
2025/08/05 10:02:14 AttenuationSystem update...
2025/08/05 10:02:14 AttenuationSystem parallel flag: 1
2025/08/05 10:02:15 Attenuation computed count: 960000
2025/08/05 10:02:15 AttenuationSystem update time: 1.119600636s
2025/08/05 10:02:15 Run 7 complete
2025/08/05 10:02:15 StationSystem update...
2025/08/05 10:02:15 weather update count: 800
2025/08/05 10:02:15 StationSystem update time: 3.546µs
2025/08/05 10:02:15 SatelliteSystem update...
2025/08/05 10:02:15 satellite count: 1200
2025/08/05 10:02:15 SatelliteSystem update time: 8.732307ms
2025/08/05 10:02:15 TopoSystem update...
2025/08/05 10:02:15 TopoSystem: Link count: 960000
2025/08/05 10:02:15 TopoSystem update time: 19.635074ms
2025/08/05 10:02:15 AttenuationSystem update...
2025/08/05 10:02:15 AttenuationSystem parallel flag: 1
2025/08/05 10:02:17 Attenuation computed count: 960000
2025/08/05 10:02:17 AttenuationSystem update time: 1.098753605s
2025/08/05 10:02:17 Run 8 complete
2025/08/05 10:02:17 StationSystem update...
2025/08/05 10:02:17 weather update count: 800
2025/08/05 10:02:17 StationSystem update time: 3.455µs
2025/08/05 10:02:17 SatelliteSystem update...
2025/08/05 10:02:17 satellite count: 1200
2025/08/05 10:02:17 SatelliteSystem update time: 4.556194ms
2025/08/05 10:02:17 TopoSystem update...
2025/08/05 10:02:17 TopoSystem: Link count: 960000
2025/08/05 10:02:17 TopoSystem update time: 32.551006ms
2025/08/05 10:02:17 AttenuationSystem update...
2025/08/05 10:02:17 AttenuationSystem parallel flag: 1
2025/08/05 10:02:18 Attenuation computed count: 960000
2025/08/05 10:02:18 AttenuationSystem update time: 1.029939062s
2025/08/05 10:02:18 Run 9 complete
2025/08/05 10:02:18 StationSystem update...
2025/08/05 10:02:18 weather update count: 800
2025/08/05 10:02:18 StationSystem update time: 2.863µs
2025/08/05 10:02:18 SatelliteSystem update...
2025/08/05 10:02:18 satellite count: 1200
2025/08/05 10:02:18 SatelliteSystem update time: 4.559476ms
2025/08/05 10:02:18 TopoSystem update...
2025/08/05 10:02:18 TopoSystem: Link count: 960000
2025/08/05 10:02:18 TopoSystem update time: 11.362162ms
2025/08/05 10:02:18 AttenuationSystem update...
2025/08/05 10:02:18 AttenuationSystem parallel flag: 1
2025/08/05 10:02:19 Attenuation computed count: 960000
2025/08/05 10:02:19 AttenuationSystem update time: 1.098894208s
2025/08/05 10:02:19 Run 10 complete
2025/08/05 10:02:19 Total update time:  11.098220641s
2025/08/05 10:02:19 linkCache size: 40

 Performance counter stats for './scale_ecs 800 1200 10 2 2 1':

        20,878,823      cache-references                                                      
         5,088,944      cache-misses                     #   24.37% of all cache refs         

      11.107457237 seconds time elapsed

      20.890412000 seconds user
       0.076012000 seconds sys


