ECS running with 700 stations, 1900 satellites, 2 numWGs and 2 numBlocks for 10 rounds in 1 parallel pattern
2025/08/05 09:17:23 StationSystem update...
2025/08/05 09:17:23 weather update count: 700
2025/08/05 09:17:23 StationSystem update time: 3.912µs
2025/08/05 09:17:23 SatelliteSystem update...
2025/08/05 09:17:23 satellite count: 1900
2025/08/05 09:17:23 SatelliteSystem update time: 5.369066ms
2025/08/05 09:17:23 TopoSystem update...
2025/08/05 09:17:23 TopoSystem: Link count: 1330000
2025/08/05 09:17:23 TopoSystem update time: 40.584298ms
2025/08/05 09:17:23 AttenuationSystem update...
2025/08/05 09:17:23 AttenuationSystem parallel flag: 1
2025/08/05 09:17:24 Attenuation computed count: 1330000
2025/08/05 09:17:24 AttenuationSystem update time: 1.18587236s
2025/08/05 09:17:24 Run 1 complete
2025/08/05 09:17:24 StationSystem update...
2025/08/05 09:17:24 weather update count: 700
2025/08/05 09:17:24 StationSystem update time: 2.793µs
2025/08/05 09:17:24 SatelliteSystem update...
2025/08/05 09:17:24 satellite count: 1900
2025/08/05 09:17:24 SatelliteSystem update time: 5.362204ms
2025/08/05 09:17:24 TopoSystem update...
2025/08/05 09:17:24 TopoSystem: Link count: 1330000
2025/08/05 09:17:24 TopoSystem update time: 25.158725ms
2025/08/05 09:17:24 AttenuationSystem update...
2025/08/05 09:17:24 AttenuationSystem parallel flag: 1
2025/08/05 09:17:25 Attenuation computed count: 1330000
2025/08/05 09:17:25 AttenuationSystem update time: 1.168383247s
2025/08/05 09:17:25 Run 2 complete
2025/08/05 09:17:25 StationSystem update...
2025/08/05 09:17:25 weather update count: 700
2025/08/05 09:17:25 StationSystem update time: 2.816µs
2025/08/05 09:17:25 SatelliteSystem update...
2025/08/05 09:17:25 satellite count: 1900
2025/08/05 09:17:25 SatelliteSystem update time: 5.344396ms
2025/08/05 09:17:25 TopoSystem update...
2025/08/05 09:17:25 TopoSystem: Link count: 1330000
2025/08/05 09:17:25 TopoSystem update time: 36.164834ms
2025/08/05 09:17:25 AttenuationSystem update...
2025/08/05 09:17:25 AttenuationSystem parallel flag: 1
2025/08/05 09:17:26 Attenuation computed count: 1330000
2025/08/05 09:17:26 AttenuationSystem update time: 1.174215698s
2025/08/05 09:17:26 Run 3 complete
2025/08/05 09:17:26 StationSystem update...
2025/08/05 09:17:26 weather update count: 700
2025/08/05 09:17:26 StationSystem update time: 2.463µs
2025/08/05 09:17:26 SatelliteSystem update...
2025/08/05 09:17:26 satellite count: 1900
2025/08/05 09:17:26 SatelliteSystem update time: 5.335501ms
2025/08/05 09:17:26 TopoSystem update...
2025/08/05 09:17:27 TopoSystem: Link count: 1330000
2025/08/05 09:17:27 TopoSystem update time: 15.922844ms
2025/08/05 09:17:27 AttenuationSystem update...
2025/08/05 09:17:27 AttenuationSystem parallel flag: 1
2025/08/05 09:17:28 Attenuation computed count: 1330000
2025/08/05 09:17:28 AttenuationSystem update time: 1.162665445s
2025/08/05 09:17:28 Run 4 complete
2025/08/05 09:17:28 StationSystem update...
2025/08/05 09:17:28 weather update count: 700
2025/08/05 09:17:28 StationSystem update time: 2.718µs
2025/08/05 09:17:28 SatelliteSystem update...
2025/08/05 09:17:28 satellite count: 1900
2025/08/05 09:17:28 SatelliteSystem update time: 5.3384ms
2025/08/05 09:17:28 TopoSystem update...
2025/08/05 09:17:28 TopoSystem: Link count: 1330000
2025/08/05 09:17:28 TopoSystem update time: 21.261743ms
2025/08/05 09:17:28 AttenuationSystem update...
2025/08/05 09:17:28 AttenuationSystem parallel flag: 1
2025/08/05 09:17:29 Attenuation computed count: 1330000
2025/08/05 09:17:29 AttenuationSystem update time: 1.285545994s
2025/08/05 09:17:29 Run 5 complete
2025/08/05 09:17:29 StationSystem update...
2025/08/05 09:17:29 weather update count: 700
2025/08/05 09:17:29 StationSystem update time: 2.536µs
2025/08/05 09:17:29 SatelliteSystem update...
2025/08/05 09:17:29 satellite count: 1900
2025/08/05 09:17:29 SatelliteSystem update time: 5.400505ms
2025/08/05 09:17:29 TopoSystem update...
2025/08/05 09:17:29 TopoSystem: Link count: 1330000
2025/08/05 09:17:29 TopoSystem update time: 44.607185ms
2025/08/05 09:17:29 AttenuationSystem update...
2025/08/05 09:17:29 AttenuationSystem parallel flag: 1
2025/08/05 09:17:31 Attenuation computed count: 1330000
2025/08/05 09:17:31 AttenuationSystem update time: 1.54874925s
2025/08/05 09:17:31 Run 6 complete
2025/08/05 09:17:31 StationSystem update...
2025/08/05 09:17:31 weather update count: 700
2025/08/05 09:17:31 StationSystem update time: 3.186µs
2025/08/05 09:17:31 SatelliteSystem update...
2025/08/05 09:17:31 satellite count: 1900
2025/08/05 09:17:31 SatelliteSystem update time: 7.176091ms
2025/08/05 09:17:31 TopoSystem update...
2025/08/05 09:17:31 TopoSystem: Link count: 1330000
2025/08/05 09:17:31 TopoSystem update time: 16.282734ms
2025/08/05 09:17:31 AttenuationSystem update...
2025/08/05 09:17:31 AttenuationSystem parallel flag: 1
2025/08/05 09:17:32 Attenuation computed count: 1330000
2025/08/05 09:17:32 AttenuationSystem update time: 1.152150693s
2025/08/05 09:17:32 Run 7 complete
2025/08/05 09:17:32 StationSystem update...
2025/08/05 09:17:32 weather update count: 700
2025/08/05 09:17:32 StationSystem update time: 2.622µs
2025/08/05 09:17:32 SatelliteSystem update...
2025/08/05 09:17:32 satellite count: 1900
2025/08/05 09:17:32 SatelliteSystem update time: 5.339392ms
2025/08/05 09:17:32 TopoSystem update...
2025/08/05 09:17:32 TopoSystem: Link count: 1330000
2025/08/05 09:17:32 TopoSystem update time: 16.859297ms
2025/08/05 09:17:32 AttenuationSystem update...
2025/08/05 09:17:32 AttenuationSystem parallel flag: 1
2025/08/05 09:17:33 Attenuation computed count: 1330000
2025/08/05 09:17:33 AttenuationSystem update time: 1.584000164s
2025/08/05 09:17:33 Run 8 complete
2025/08/05 09:17:33 StationSystem update...
2025/08/05 09:17:33 weather update count: 700
2025/08/05 09:17:33 StationSystem update time: 3.582µs
2025/08/05 09:17:33 SatelliteSystem update...
2025/08/05 09:17:33 satellite count: 1900
2025/08/05 09:17:33 SatelliteSystem update time: 7.180706ms
2025/08/05 09:17:33 TopoSystem update...
2025/08/05 09:17:33 TopoSystem: Link count: 1330000
2025/08/05 09:17:33 TopoSystem update time: 45.140812ms
2025/08/05 09:17:33 AttenuationSystem update...
2025/08/05 09:17:33 AttenuationSystem parallel flag: 1
2025/08/05 09:17:35 Attenuation computed count: 1330000
2025/08/05 09:17:35 AttenuationSystem update time: 1.5163699s
2025/08/05 09:17:35 Run 9 complete
2025/08/05 09:17:35 StationSystem update...
2025/08/05 09:17:35 weather update count: 700
2025/08/05 09:17:35 StationSystem update time: 3.063µs
2025/08/05 09:17:35 SatelliteSystem update...
2025/08/05 09:17:35 satellite count: 1900
2025/08/05 09:17:35 SatelliteSystem update time: 15.537789ms
2025/08/05 09:17:35 TopoSystem update...
2025/08/05 09:17:35 TopoSystem: Link count: 1330000
2025/08/05 09:17:35 TopoSystem update time: 23.850536ms
2025/08/05 09:17:35 AttenuationSystem update...
2025/08/05 09:17:35 AttenuationSystem parallel flag: 1
2025/08/05 09:17:36 Attenuation computed count: 1330000
2025/08/05 09:17:36 AttenuationSystem update time: 1.258819602s
2025/08/05 09:17:36 Run 10 complete
2025/08/05 09:17:36 Total update time:  13.399518449s
2025/08/05 09:17:36 linkCache size: 40

 Performance counter stats for './scale_ecs 700 1900 10 2 2 1':

        28,071,644      cache-references                                                      
         7,515,039      cache-misses                     #   26.77% of all cache refs         

      13.413055043 seconds time elapsed

      25.573641000 seconds user
       0.072063000 seconds sys


