ECS running with 600 stations, 700 satellites, 8 numWGs and 2 numBlocks for 10 rounds in 1 parallel pattern
2025/08/05 08:28:26 StationSystem update...
2025/08/05 08:28:26 weather update count: 600
2025/08/05 08:28:26 StationSystem update time: 4.535µs
2025/08/05 08:28:26 SatelliteSystem update...
2025/08/05 08:28:26 satellite count: 700
2025/08/05 08:28:26 SatelliteSystem update time: 2.659574ms
2025/08/05 08:28:26 TopoSystem update...
2025/08/05 08:28:26 TopoSystem: Link count: 420000
2025/08/05 08:28:26 TopoSystem update time: 14.348384ms
2025/08/05 08:28:26 AttenuationSystem update...
2025/08/05 08:28:26 AttenuationSystem parallel flag: 1
2025/08/05 08:28:26 Attenuation computed count: 420000
2025/08/05 08:28:26 AttenuationSystem update time: 123.518286ms
2025/08/05 08:28:26 Run 1 complete
2025/08/05 08:28:26 StationSystem update...
2025/08/05 08:28:26 weather update count: 600
2025/08/05 08:28:26 StationSystem update time: 2.902µs
2025/08/05 08:28:26 SatelliteSystem update...
2025/08/05 08:28:26 satellite count: 700
2025/08/05 08:28:26 SatelliteSystem update time: 2.807469ms
2025/08/05 08:28:26 TopoSystem update...
2025/08/05 08:28:26 TopoSystem: Link count: 420000
2025/08/05 08:28:26 TopoSystem update time: 9.650555ms
2025/08/05 08:28:26 AttenuationSystem update...
2025/08/05 08:28:26 AttenuationSystem parallel flag: 1
2025/08/05 08:28:26 Attenuation computed count: 420000
2025/08/05 08:28:26 AttenuationSystem update time: 143.147088ms
2025/08/05 08:28:26 Run 2 complete
2025/08/05 08:28:26 StationSystem update...
2025/08/05 08:28:26 weather update count: 600
2025/08/05 08:28:26 StationSystem update time: 3.069µs
2025/08/05 08:28:26 SatelliteSystem update...
2025/08/05 08:28:26 satellite count: 700
2025/08/05 08:28:26 SatelliteSystem update time: 2.6779ms
2025/08/05 08:28:26 TopoSystem update...
2025/08/05 08:28:26 TopoSystem: Link count: 420000
2025/08/05 08:28:26 TopoSystem update time: 6.427906ms
2025/08/05 08:28:26 AttenuationSystem update...
2025/08/05 08:28:26 AttenuationSystem parallel flag: 1
2025/08/05 08:28:27 Attenuation computed count: 420000
2025/08/05 08:28:27 AttenuationSystem update time: 154.471897ms
2025/08/05 08:28:27 Run 3 complete
2025/08/05 08:28:27 StationSystem update...
2025/08/05 08:28:27 weather update count: 600
2025/08/05 08:28:27 StationSystem update time: 2.9µs
2025/08/05 08:28:27 SatelliteSystem update...
2025/08/05 08:28:27 satellite count: 700
2025/08/05 08:28:27 SatelliteSystem update time: 2.655339ms
2025/08/05 08:28:27 TopoSystem update...
2025/08/05 08:28:27 TopoSystem: Link count: 420000
2025/08/05 08:28:27 TopoSystem update time: 15.402483ms
2025/08/05 08:28:27 AttenuationSystem update...
2025/08/05 08:28:27 AttenuationSystem parallel flag: 1
2025/08/05 08:28:27 Attenuation computed count: 420000
2025/08/05 08:28:27 AttenuationSystem update time: 178.030261ms
2025/08/05 08:28:27 Run 4 complete
2025/08/05 08:28:27 StationSystem update...
2025/08/05 08:28:27 weather update count: 600
2025/08/05 08:28:27 StationSystem update time: 2.726µs
2025/08/05 08:28:27 SatelliteSystem update...
2025/08/05 08:28:27 satellite count: 700
2025/08/05 08:28:27 SatelliteSystem update time: 3.000002ms
2025/08/05 08:28:27 TopoSystem update...
2025/08/05 08:28:27 TopoSystem: Link count: 420000
2025/08/05 08:28:27 TopoSystem update time: 10.249442ms
2025/08/05 08:28:27 AttenuationSystem update...
2025/08/05 08:28:27 AttenuationSystem parallel flag: 1
2025/08/05 08:28:27 Attenuation computed count: 420000
2025/08/05 08:28:27 AttenuationSystem update time: 154.705436ms
2025/08/05 08:28:27 Run 5 complete
2025/08/05 08:28:27 StationSystem update...
2025/08/05 08:28:27 weather update count: 600
2025/08/05 08:28:27 StationSystem update time: 2.819µs
2025/08/05 08:28:27 SatelliteSystem update...
2025/08/05 08:28:27 satellite count: 700
2025/08/05 08:28:27 SatelliteSystem update time: 2.666611ms
2025/08/05 08:28:27 TopoSystem update...
2025/08/05 08:28:27 TopoSystem: Link count: 420000
2025/08/05 08:28:27 TopoSystem update time: 6.327853ms
2025/08/05 08:28:27 AttenuationSystem update...
2025/08/05 08:28:27 AttenuationSystem parallel flag: 1
2025/08/05 08:28:27 Attenuation computed count: 420000
2025/08/05 08:28:27 AttenuationSystem update time: 166.582404ms
2025/08/05 08:28:27 Run 6 complete
2025/08/05 08:28:27 StationSystem update...
2025/08/05 08:28:27 weather update count: 600
2025/08/05 08:28:27 StationSystem update time: 3.583µs
2025/08/05 08:28:27 SatelliteSystem update...
2025/08/05 08:28:27 satellite count: 700
2025/08/05 08:28:27 SatelliteSystem update time: 2.670147ms
2025/08/05 08:28:27 TopoSystem update...
2025/08/05 08:28:27 TopoSystem: Link count: 420000
2025/08/05 08:28:27 TopoSystem update time: 18.605319ms
2025/08/05 08:28:27 AttenuationSystem update...
2025/08/05 08:28:27 AttenuationSystem parallel flag: 1
2025/08/05 08:28:27 Attenuation computed count: 420000
2025/08/05 08:28:27 AttenuationSystem update time: 187.403891ms
2025/08/05 08:28:27 Run 7 complete
2025/08/05 08:28:27 StationSystem update...
2025/08/05 08:28:27 weather update count: 600
2025/08/05 08:28:27 StationSystem update time: 2.969µs
2025/08/05 08:28:27 SatelliteSystem update...
2025/08/05 08:28:27 satellite count: 700
2025/08/05 08:28:27 SatelliteSystem update time: 2.666688ms
2025/08/05 08:28:27 TopoSystem update...
2025/08/05 08:28:27 TopoSystem: Link count: 420000
2025/08/05 08:28:27 TopoSystem update time: 17.39913ms
2025/08/05 08:28:27 AttenuationSystem update...
2025/08/05 08:28:27 AttenuationSystem parallel flag: 1
2025/08/05 08:28:28 Attenuation computed count: 420000
2025/08/05 08:28:28 AttenuationSystem update time: 134.736997ms
2025/08/05 08:28:28 Run 8 complete
2025/08/05 08:28:28 StationSystem update...
2025/08/05 08:28:28 weather update count: 600
2025/08/05 08:28:28 StationSystem update time: 2.722µs
2025/08/05 08:28:28 SatelliteSystem update...
2025/08/05 08:28:28 satellite count: 700
2025/08/05 08:28:28 SatelliteSystem update time: 2.662604ms
2025/08/05 08:28:28 TopoSystem update...
2025/08/05 08:28:28 TopoSystem: Link count: 420000
2025/08/05 08:28:28 TopoSystem update time: 9.502483ms
2025/08/05 08:28:28 AttenuationSystem update...
2025/08/05 08:28:28 AttenuationSystem parallel flag: 1
2025/08/05 08:28:28 Attenuation computed count: 420000
2025/08/05 08:28:28 AttenuationSystem update time: 160.508475ms
2025/08/05 08:28:28 Run 9 complete
2025/08/05 08:28:28 StationSystem update...
2025/08/05 08:28:28 weather update count: 600
2025/08/05 08:28:28 StationSystem update time: 2.35µs
2025/08/05 08:28:28 SatelliteSystem update...
2025/08/05 08:28:28 satellite count: 700
2025/08/05 08:28:28 SatelliteSystem update time: 2.666115ms
2025/08/05 08:28:28 TopoSystem update...
2025/08/05 08:28:28 TopoSystem: Link count: 420000
2025/08/05 08:28:28 TopoSystem update time: 14.22115ms
2025/08/05 08:28:28 AttenuationSystem update...
2025/08/05 08:28:28 AttenuationSystem parallel flag: 1
2025/08/05 08:28:28 Attenuation computed count: 420000
2025/08/05 08:28:28 AttenuationSystem update time: 144.888379ms
2025/08/05 08:28:28 Run 10 complete
2025/08/05 08:28:28 Total update time:  1.700520065s
2025/08/05 08:28:28 linkCache size: 40

 Performance counter stats for './scale_ecs 600 700 10 8 2 1':

         9,692,226      cache-references                                                      
         1,403,020      cache-misses                     #   14.48% of all cache refs         

       1.705078914 seconds time elapsed

      10.135907000 seconds user
       0.050969000 seconds sys


