ECS running with 700 stations, 900 satellites, 2 numWGs and 8 numBlocks for 10 rounds in 1 parallel pattern
2025/08/05 08:57:58 StationSystem update...
2025/08/05 08:57:58 weather update count: 700
2025/08/05 08:57:58 StationSystem update time: 4.692µs
2025/08/05 08:57:58 SatelliteSystem update...
2025/08/05 08:57:58 satellite count: 900
2025/08/05 08:57:58 SatelliteSystem update time: 3.414659ms
2025/08/05 08:57:58 TopoSystem update...
2025/08/05 08:57:58 TopoSystem: Link count: 630000
2025/08/05 08:57:58 TopoSystem update time: 19.904433ms
2025/08/05 08:57:58 AttenuationSystem update...
2025/08/05 08:57:58 AttenuationSystem parallel flag: 1
2025/08/05 08:57:59 Attenuation computed count: 630000
2025/08/05 08:57:59 AttenuationSystem update time: 720.664956ms
2025/08/05 08:57:59 Run 1 complete
2025/08/05 08:57:59 StationSystem update...
2025/08/05 08:57:59 weather update count: 700
2025/08/05 08:57:59 StationSystem update time: 3.944µs
2025/08/05 08:57:59 SatelliteSystem update...
2025/08/05 08:57:59 satellite count: 900
2025/08/05 08:57:59 SatelliteSystem update time: 3.413732ms
2025/08/05 08:57:59 TopoSystem update...
2025/08/05 08:57:59 TopoSystem: Link count: 630000
2025/08/05 08:57:59 TopoSystem update time: 23.185903ms
2025/08/05 08:57:59 AttenuationSystem update...
2025/08/05 08:57:59 AttenuationSystem parallel flag: 1
2025/08/05 08:57:59 Attenuation computed count: 630000
2025/08/05 08:57:59 AttenuationSystem update time: 583.177954ms
2025/08/05 08:57:59 Run 2 complete
2025/08/05 08:57:59 StationSystem update...
2025/08/05 08:57:59 weather update count: 700
2025/08/05 08:57:59 StationSystem update time: 2.742µs
2025/08/05 08:57:59 SatelliteSystem update...
2025/08/05 08:57:59 satellite count: 900
2025/08/05 08:57:59 SatelliteSystem update time: 2.537314ms
2025/08/05 08:57:59 TopoSystem update...
2025/08/05 08:57:59 TopoSystem: Link count: 630000
2025/08/05 08:57:59 TopoSystem update time: 7.638772ms
2025/08/05 08:57:59 AttenuationSystem update...
2025/08/05 08:57:59 AttenuationSystem parallel flag: 1
2025/08/05 08:58:00 Attenuation computed count: 630000
2025/08/05 08:58:00 AttenuationSystem update time: 747.718248ms
2025/08/05 08:58:00 Run 3 complete
2025/08/05 08:58:00 StationSystem update...
2025/08/05 08:58:00 weather update count: 700
2025/08/05 08:58:00 StationSystem update time: 2.794µs
2025/08/05 08:58:00 SatelliteSystem update...
2025/08/05 08:58:00 satellite count: 900
2025/08/05 08:58:00 SatelliteSystem update time: 2.531224ms
2025/08/05 08:58:00 TopoSystem update...
2025/08/05 08:58:00 TopoSystem: Link count: 630000
2025/08/05 08:58:00 TopoSystem update time: 7.538926ms
2025/08/05 08:58:00 AttenuationSystem update...
2025/08/05 08:58:00 AttenuationSystem parallel flag: 1
2025/08/05 08:58:01 Attenuation computed count: 630000
2025/08/05 08:58:01 AttenuationSystem update time: 717.05222ms
2025/08/05 08:58:01 Run 4 complete
2025/08/05 08:58:01 StationSystem update...
2025/08/05 08:58:01 weather update count: 700
2025/08/05 08:58:01 StationSystem update time: 2.143µs
2025/08/05 08:58:01 SatelliteSystem update...
2025/08/05 08:58:01 satellite count: 900
2025/08/05 08:58:01 SatelliteSystem update time: 3.421247ms
2025/08/05 08:58:01 TopoSystem update...
2025/08/05 08:58:01 TopoSystem: Link count: 630000
2025/08/05 08:58:01 TopoSystem update time: 8.956088ms
2025/08/05 08:58:01 AttenuationSystem update...
2025/08/05 08:58:01 AttenuationSystem parallel flag: 1
2025/08/05 08:58:01 Attenuation computed count: 630000
2025/08/05 08:58:01 AttenuationSystem update time: 691.64887ms
2025/08/05 08:58:01 Run 5 complete
2025/08/05 08:58:01 StationSystem update...
2025/08/05 08:58:01 weather update count: 700
2025/08/05 08:58:01 StationSystem update time: 3.015µs
2025/08/05 08:58:01 SatelliteSystem update...
2025/08/05 08:58:01 satellite count: 900
2025/08/05 08:58:01 SatelliteSystem update time: 2.547054ms
2025/08/05 08:58:01 TopoSystem update...
2025/08/05 08:58:01 TopoSystem: Link count: 630000
2025/08/05 08:58:01 TopoSystem update time: 7.940539ms
2025/08/05 08:58:01 AttenuationSystem update...
2025/08/05 08:58:01 AttenuationSystem parallel flag: 1
2025/08/05 08:58:02 Attenuation computed count: 630000
2025/08/05 08:58:02 AttenuationSystem update time: 748.398072ms
2025/08/05 08:58:02 Run 6 complete
2025/08/05 08:58:02 StationSystem update...
2025/08/05 08:58:02 weather update count: 700
2025/08/05 08:58:02 StationSystem update time: 3.443µs
2025/08/05 08:58:02 SatelliteSystem update...
2025/08/05 08:58:02 satellite count: 900
2025/08/05 08:58:02 SatelliteSystem update time: 3.423305ms
2025/08/05 08:58:02 TopoSystem update...
2025/08/05 08:58:02 TopoSystem: Link count: 630000
2025/08/05 08:58:02 TopoSystem update time: 12.64639ms
2025/08/05 08:58:02 AttenuationSystem update...
2025/08/05 08:58:02 AttenuationSystem parallel flag: 1
2025/08/05 08:58:03 Attenuation computed count: 630000
2025/08/05 08:58:03 AttenuationSystem update time: 749.773289ms
2025/08/05 08:58:03 Run 7 complete
2025/08/05 08:58:03 StationSystem update...
2025/08/05 08:58:03 weather update count: 700
2025/08/05 08:58:03 StationSystem update time: 2.848µs
2025/08/05 08:58:03 SatelliteSystem update...
2025/08/05 08:58:03 satellite count: 900
2025/08/05 08:58:03 SatelliteSystem update time: 3.42294ms
2025/08/05 08:58:03 TopoSystem update...
2025/08/05 08:58:03 TopoSystem: Link count: 630000
2025/08/05 08:58:03 TopoSystem update time: 9.730656ms
2025/08/05 08:58:03 AttenuationSystem update...
2025/08/05 08:58:03 AttenuationSystem parallel flag: 1
2025/08/05 08:58:04 Attenuation computed count: 630000
2025/08/05 08:58:04 AttenuationSystem update time: 752.848854ms
2025/08/05 08:58:04 Run 8 complete
2025/08/05 08:58:04 StationSystem update...
2025/08/05 08:58:04 weather update count: 700
2025/08/05 08:58:04 StationSystem update time: 3.119µs
2025/08/05 08:58:04 SatelliteSystem update...
2025/08/05 08:58:04 satellite count: 900
2025/08/05 08:58:04 SatelliteSystem update time: 3.425304ms
2025/08/05 08:58:04 TopoSystem update...
2025/08/05 08:58:04 TopoSystem: Link count: 630000
2025/08/05 08:58:04 TopoSystem update time: 12.340743ms
2025/08/05 08:58:04 AttenuationSystem update...
2025/08/05 08:58:04 AttenuationSystem parallel flag: 1
2025/08/05 08:58:05 Attenuation computed count: 630000
2025/08/05 08:58:05 AttenuationSystem update time: 748.410809ms
2025/08/05 08:58:05 Run 9 complete
2025/08/05 08:58:05 StationSystem update...
2025/08/05 08:58:05 weather update count: 700
2025/08/05 08:58:05 StationSystem update time: 3.13µs
2025/08/05 08:58:05 SatelliteSystem update...
2025/08/05 08:58:05 satellite count: 900
2025/08/05 08:58:05 SatelliteSystem update time: 3.417994ms
2025/08/05 08:58:05 TopoSystem update...
2025/08/05 08:58:05 TopoSystem: Link count: 630000
2025/08/05 08:58:05 TopoSystem update time: 12.485104ms
2025/08/05 08:58:05 AttenuationSystem update...
2025/08/05 08:58:05 AttenuationSystem parallel flag: 1
2025/08/05 08:58:05 Attenuation computed count: 630000
2025/08/05 08:58:05 AttenuationSystem update time: 735.540907ms
2025/08/05 08:58:05 Run 10 complete
2025/08/05 08:58:05 Total update time:  7.355034016s
2025/08/05 08:58:05 linkCache size: 40

 Performance counter stats for './scale_ecs 700 900 10 2 8 1':

        13,674,131      cache-references                                                      
         2,630,586      cache-misses                     #   19.24% of all cache refs         

       7.364911614 seconds time elapsed

      13.906069000 seconds user
       0.058012000 seconds sys


