ECS running with 600 stations, 1400 satellites, 8 numWGs and 2 numBlocks for 10 rounds in 1 parallel pattern
2025/08/05 08:38:39 StationSystem update...
2025/08/05 08:38:39 weather update count: 600
2025/08/05 08:38:39 SatelliteSystem update...
2025/08/05 08:38:39 StationSystem update time: 4.42µs
2025/08/05 08:38:39 satellite count: 1400
2025/08/05 08:38:39 SatelliteSystem update time: 4.629249ms
2025/08/05 08:38:39 TopoSystem update...
2025/08/05 08:38:39 TopoSystem: Link count: 840000
2025/08/05 08:38:39 TopoSystem update time: 25.651829ms
2025/08/05 08:38:39 AttenuationSystem update...
2025/08/05 08:38:39 AttenuationSystem parallel flag: 1
2025/08/05 08:38:39 Attenuation computed count: 840000
2025/08/05 08:38:39 AttenuationSystem update time: 245.578363ms
2025/08/05 08:38:39 Run 1 complete
2025/08/05 08:38:39 StationSystem update...
2025/08/05 08:38:39 weather update count: 600
2025/08/05 08:38:39 StationSystem update time: 3.008µs
2025/08/05 08:38:39 SatelliteSystem update...
2025/08/05 08:38:39 satellite count: 1400
2025/08/05 08:38:39 SatelliteSystem update time: 5.293346ms
2025/08/05 08:38:39 TopoSystem update...
2025/08/05 08:38:40 TopoSystem: Link count: 840000
2025/08/05 08:38:40 TopoSystem update time: 34.675433ms
2025/08/05 08:38:40 AttenuationSystem update...
2025/08/05 08:38:40 AttenuationSystem parallel flag: 1
2025/08/05 08:38:40 Attenuation computed count: 840000
2025/08/05 08:38:40 AttenuationSystem update time: 253.08481ms
2025/08/05 08:38:40 Run 2 complete
2025/08/05 08:38:40 StationSystem update...
2025/08/05 08:38:40 weather update count: 600
2025/08/05 08:38:40 StationSystem update time: 2.411µs
2025/08/05 08:38:40 SatelliteSystem update...
2025/08/05 08:38:40 satellite count: 1400
2025/08/05 08:38:40 SatelliteSystem update time: 5.305849ms
2025/08/05 08:38:40 TopoSystem update...
2025/08/05 08:38:40 TopoSystem: Link count: 840000
2025/08/05 08:38:40 TopoSystem update time: 12.566279ms
2025/08/05 08:38:40 AttenuationSystem update...
2025/08/05 08:38:40 AttenuationSystem parallel flag: 1
2025/08/05 08:38:40 Attenuation computed count: 840000
2025/08/05 08:38:40 AttenuationSystem update time: 259.406166ms
2025/08/05 08:38:40 Run 3 complete
2025/08/05 08:38:40 StationSystem update...
2025/08/05 08:38:40 weather update count: 600
2025/08/05 08:38:40 StationSystem update time: 3.146µs
2025/08/05 08:38:40 SatelliteSystem update...
2025/08/05 08:38:40 satellite count: 1400
2025/08/05 08:38:40 SatelliteSystem update time: 5.399036ms
2025/08/05 08:38:40 TopoSystem update...
2025/08/05 08:38:40 TopoSystem: Link count: 840000
2025/08/05 08:38:40 TopoSystem update time: 10.013877ms
2025/08/05 08:38:40 AttenuationSystem update...
2025/08/05 08:38:40 AttenuationSystem parallel flag: 1
2025/08/05 08:38:40 Attenuation computed count: 840000
2025/08/05 08:38:40 AttenuationSystem update time: 239.972367ms
2025/08/05 08:38:40 Run 4 complete
2025/08/05 08:38:40 StationSystem update...
2025/08/05 08:38:40 weather update count: 600
2025/08/05 08:38:40 StationSystem update time: 2.971µs
2025/08/05 08:38:40 SatelliteSystem update...
2025/08/05 08:38:40 satellite count: 1400
2025/08/05 08:38:40 SatelliteSystem update time: 5.279087ms
2025/08/05 08:38:40 TopoSystem update...
2025/08/05 08:38:40 TopoSystem: Link count: 840000
2025/08/05 08:38:40 TopoSystem update time: 9.705068ms
2025/08/05 08:38:40 AttenuationSystem update...
2025/08/05 08:38:40 AttenuationSystem parallel flag: 1
2025/08/05 08:38:41 Attenuation computed count: 840000
2025/08/05 08:38:41 AttenuationSystem update time: 277.782085ms
2025/08/05 08:38:41 Run 5 complete
2025/08/05 08:38:41 StationSystem update...
2025/08/05 08:38:41 weather update count: 600
2025/08/05 08:38:41 StationSystem update time: 2.332µs
2025/08/05 08:38:41 SatelliteSystem update...
2025/08/05 08:38:41 satellite count: 1400
2025/08/05 08:38:41 SatelliteSystem update time: 5.304495ms
2025/08/05 08:38:41 TopoSystem update...
2025/08/05 08:38:41 TopoSystem: Link count: 840000
2025/08/05 08:38:41 TopoSystem update time: 9.478081ms
2025/08/05 08:38:41 AttenuationSystem update...
2025/08/05 08:38:41 AttenuationSystem parallel flag: 1
2025/08/05 08:38:41 Attenuation computed count: 840000
2025/08/05 08:38:41 AttenuationSystem update time: 268.833603ms
2025/08/05 08:38:41 Run 6 complete
2025/08/05 08:38:41 StationSystem update...
2025/08/05 08:38:41 weather update count: 600
2025/08/05 08:38:41 StationSystem update time: 2.777µs
2025/08/05 08:38:41 SatelliteSystem update...
2025/08/05 08:38:41 satellite count: 1400
2025/08/05 08:38:41 SatelliteSystem update time: 5.293587ms
2025/08/05 08:38:41 TopoSystem update...
2025/08/05 08:38:41 TopoSystem: Link count: 840000
2025/08/05 08:38:41 TopoSystem update time: 12.275845ms
2025/08/05 08:38:41 AttenuationSystem update...
2025/08/05 08:38:41 AttenuationSystem parallel flag: 1
2025/08/05 08:38:41 Attenuation computed count: 840000
2025/08/05 08:38:41 AttenuationSystem update time: 274.053915ms
2025/08/05 08:38:41 Run 7 complete
2025/08/05 08:38:41 StationSystem update...
2025/08/05 08:38:41 weather update count: 600
2025/08/05 08:38:41 StationSystem update time: 2.957µs
2025/08/05 08:38:41 SatelliteSystem update...
2025/08/05 08:38:41 satellite count: 1400
2025/08/05 08:38:41 SatelliteSystem update time: 5.286796ms
2025/08/05 08:38:41 TopoSystem update...
2025/08/05 08:38:41 TopoSystem: Link count: 840000
2025/08/05 08:38:41 TopoSystem update time: 12.392745ms
2025/08/05 08:38:41 AttenuationSystem update...
2025/08/05 08:38:41 AttenuationSystem parallel flag: 1
2025/08/05 08:38:41 Attenuation computed count: 840000
2025/08/05 08:38:41 AttenuationSystem update time: 255.42678ms
2025/08/05 08:38:41 Run 8 complete
2025/08/05 08:38:41 StationSystem update...
2025/08/05 08:38:41 weather update count: 600
2025/08/05 08:38:41 StationSystem update time: 2.718µs
2025/08/05 08:38:41 SatelliteSystem update...
2025/08/05 08:38:41 satellite count: 1400
2025/08/05 08:38:41 SatelliteSystem update time: 5.305163ms
2025/08/05 08:38:41 TopoSystem update...
2025/08/05 08:38:41 TopoSystem: Link count: 840000
2025/08/05 08:38:41 TopoSystem update time: 12.325489ms
2025/08/05 08:38:41 AttenuationSystem update...
2025/08/05 08:38:41 AttenuationSystem parallel flag: 1
2025/08/05 08:38:42 Attenuation computed count: 840000
2025/08/05 08:38:42 AttenuationSystem update time: 243.318801ms
2025/08/05 08:38:42 Run 9 complete
2025/08/05 08:38:42 StationSystem update...
2025/08/05 08:38:42 weather update count: 600
2025/08/05 08:38:42 StationSystem update time: 2.858µs
2025/08/05 08:38:42 SatelliteSystem update...
2025/08/05 08:38:42 satellite count: 1400
2025/08/05 08:38:42 SatelliteSystem update time: 5.280933ms
2025/08/05 08:38:42 TopoSystem update...
2025/08/05 08:38:42 TopoSystem: Link count: 840000
2025/08/05 08:38:42 TopoSystem update time: 12.488662ms
2025/08/05 08:38:42 AttenuationSystem update...
2025/08/05 08:38:42 AttenuationSystem parallel flag: 1
2025/08/05 08:38:42 Attenuation computed count: 840000
2025/08/05 08:38:42 AttenuationSystem update time: 274.140498ms
2025/08/05 08:38:42 Run 10 complete
2025/08/05 08:38:42 Total update time:  2.80352983s
2025/08/05 08:38:42 linkCache size: 40

 Performance counter stats for './scale_ecs 600 1400 10 8 2 1':

        18,186,578      cache-references                                                      
         2,855,417      cache-misses                     #   15.70% of all cache refs         

       2.810077067 seconds time elapsed

      18.078114000 seconds user
       0.047015000 seconds sys


