ECS running with 600 stations, 1900 satellites, 8 numWGs and 8 numBlocks for 10 rounds in 0 parallel pattern
2025/08/05 08:49:45 StationSystem update...
2025/08/05 08:49:45 weather update count: 600
2025/08/05 08:49:45 SatelliteSystem update...
2025/08/05 08:49:45 StationSystem update time: 4.703µs
2025/08/05 08:49:45 satellite count: 1900
2025/08/05 08:49:45 SatelliteSystem update time: 7.181642ms
2025/08/05 08:49:45 TopoSystem update...
2025/08/05 08:49:45 TopoSystem: Link count: 1140000
2025/08/05 08:49:45 TopoSystem update time: 35.663805ms
2025/08/05 08:49:45 AttenuationSystem update...
2025/08/05 08:49:45 AttenuationSystem parallel flag: 0
2025/08/05 08:49:45 Attenuation computed count: 1140000
2025/08/05 08:49:45 AttenuationSystem update time: 330.030195ms
2025/08/05 08:49:45 Run 1 complete
2025/08/05 08:49:45 StationSystem update...
2025/08/05 08:49:45 weather update count: 600
2025/08/05 08:49:45 StationSystem update time: 3.299µs
2025/08/05 08:49:45 SatelliteSystem update...
2025/08/05 08:49:45 satellite count: 1900
2025/08/05 08:49:45 SatelliteSystem update time: 7.567827ms
2025/08/05 08:49:45 TopoSystem update...
2025/08/05 08:49:45 TopoSystem: Link count: 1140000
2025/08/05 08:49:45 TopoSystem update time: 30.92557ms
2025/08/05 08:49:45 AttenuationSystem update...
2025/08/05 08:49:45 AttenuationSystem parallel flag: 0
2025/08/05 08:49:46 Attenuation computed count: 1140000
2025/08/05 08:49:46 AttenuationSystem update time: 352.066203ms
2025/08/05 08:49:46 Run 2 complete
2025/08/05 08:49:46 StationSystem update...
2025/08/05 08:49:46 weather update count: 600
2025/08/05 08:49:46 StationSystem update time: 2.459µs
2025/08/05 08:49:46 SatelliteSystem update...
2025/08/05 08:49:46 satellite count: 1900
2025/08/05 08:49:46 SatelliteSystem update time: 7.212393ms
2025/08/05 08:49:46 TopoSystem update...
2025/08/05 08:49:46 TopoSystem: Link count: 1140000
2025/08/05 08:49:46 TopoSystem update time: 17.40693ms
2025/08/05 08:49:46 AttenuationSystem update...
2025/08/05 08:49:46 AttenuationSystem parallel flag: 0
2025/08/05 08:49:46 Attenuation computed count: 1140000
2025/08/05 08:49:46 AttenuationSystem update time: 347.160881ms
2025/08/05 08:49:46 Run 3 complete
2025/08/05 08:49:46 StationSystem update...
2025/08/05 08:49:46 weather update count: 600
2025/08/05 08:49:46 StationSystem update time: 2.779µs
2025/08/05 08:49:46 SatelliteSystem update...
2025/08/05 08:49:46 satellite count: 1900
2025/08/05 08:49:46 SatelliteSystem update time: 7.163386ms
2025/08/05 08:49:46 TopoSystem update...
2025/08/05 08:49:46 TopoSystem: Link count: 1140000
2025/08/05 08:49:46 TopoSystem update time: 17.245536ms
2025/08/05 08:49:46 AttenuationSystem update...
2025/08/05 08:49:46 AttenuationSystem parallel flag: 0
2025/08/05 08:49:46 Attenuation computed count: 1140000
2025/08/05 08:49:46 AttenuationSystem update time: 381.247549ms
2025/08/05 08:49:46 Run 4 complete
2025/08/05 08:49:46 StationSystem update...
2025/08/05 08:49:46 weather update count: 600
2025/08/05 08:49:46 StationSystem update time: 3.162µs
2025/08/05 08:49:46 SatelliteSystem update...
2025/08/05 08:49:46 satellite count: 1900
2025/08/05 08:49:46 SatelliteSystem update time: 8.70254ms
2025/08/05 08:49:46 TopoSystem update...
2025/08/05 08:49:46 TopoSystem: Link count: 1140000
2025/08/05 08:49:46 TopoSystem update time: 19.278659ms
2025/08/05 08:49:46 AttenuationSystem update...
2025/08/05 08:49:46 AttenuationSystem parallel flag: 0
2025/08/05 08:49:47 Attenuation computed count: 1140000
2025/08/05 08:49:47 AttenuationSystem update time: 341.097816ms
2025/08/05 08:49:47 Run 5 complete
2025/08/05 08:49:47 StationSystem update...
2025/08/05 08:49:47 weather update count: 600
2025/08/05 08:49:47 StationSystem update time: 3.242µs
2025/08/05 08:49:47 SatelliteSystem update...
2025/08/05 08:49:47 satellite count: 1900
2025/08/05 08:49:47 SatelliteSystem update time: 7.185401ms
2025/08/05 08:49:47 TopoSystem update...
2025/08/05 08:49:47 TopoSystem: Link count: 1140000
2025/08/05 08:49:47 TopoSystem update time: 17.249917ms
2025/08/05 08:49:47 AttenuationSystem update...
2025/08/05 08:49:47 AttenuationSystem parallel flag: 0
2025/08/05 08:49:47 Attenuation computed count: 1140000
2025/08/05 08:49:47 AttenuationSystem update time: 336.435253ms
2025/08/05 08:49:47 Run 6 complete
2025/08/05 08:49:47 StationSystem update...
2025/08/05 08:49:47 weather update count: 600
2025/08/05 08:49:47 StationSystem update time: 2.89µs
2025/08/05 08:49:47 SatelliteSystem update...
2025/08/05 08:49:47 satellite count: 1900
2025/08/05 08:49:47 SatelliteSystem update time: 5.743295ms
2025/08/05 08:49:47 TopoSystem update...
2025/08/05 08:49:47 TopoSystem: Link count: 1140000
2025/08/05 08:49:47 TopoSystem update time: 14.736922ms
2025/08/05 08:49:47 AttenuationSystem update...
2025/08/05 08:49:47 AttenuationSystem parallel flag: 0
2025/08/05 08:49:47 Attenuation computed count: 1140000
2025/08/05 08:49:47 AttenuationSystem update time: 334.048586ms
2025/08/05 08:49:47 Run 7 complete
2025/08/05 08:49:47 StationSystem update...
2025/08/05 08:49:47 weather update count: 600
2025/08/05 08:49:47 StationSystem update time: 3.02µs
2025/08/05 08:49:47 SatelliteSystem update...
2025/08/05 08:49:47 satellite count: 1900
2025/08/05 08:49:47 SatelliteSystem update time: 7.177821ms
2025/08/05 08:49:47 TopoSystem update...
2025/08/05 08:49:47 TopoSystem: Link count: 1140000
2025/08/05 08:49:47 TopoSystem update time: 17.246386ms
2025/08/05 08:49:47 AttenuationSystem update...
2025/08/05 08:49:47 AttenuationSystem parallel flag: 0
2025/08/05 08:49:48 Attenuation computed count: 1140000
2025/08/05 08:49:48 AttenuationSystem update time: 344.145014ms
2025/08/05 08:49:48 Run 8 complete
2025/08/05 08:49:48 StationSystem update...
2025/08/05 08:49:48 weather update count: 600
2025/08/05 08:49:48 StationSystem update time: 3.316µs
2025/08/05 08:49:48 SatelliteSystem update...
2025/08/05 08:49:48 satellite count: 1900
2025/08/05 08:49:48 SatelliteSystem update time: 7.190976ms
2025/08/05 08:49:48 TopoSystem update...
2025/08/05 08:49:48 TopoSystem: Link count: 1140000
2025/08/05 08:49:48 TopoSystem update time: 17.669778ms
2025/08/05 08:49:48 AttenuationSystem update...
2025/08/05 08:49:48 AttenuationSystem parallel flag: 0
2025/08/05 08:49:48 Attenuation computed count: 1140000
2025/08/05 08:49:48 AttenuationSystem update time: 325.13716ms
2025/08/05 08:49:48 Run 9 complete
2025/08/05 08:49:48 StationSystem update...
2025/08/05 08:49:48 weather update count: 600
2025/08/05 08:49:48 StationSystem update time: 2.989µs
2025/08/05 08:49:48 SatelliteSystem update...
2025/08/05 08:49:48 satellite count: 1900
2025/08/05 08:49:48 SatelliteSystem update time: 5.333454ms
2025/08/05 08:49:48 TopoSystem update...
2025/08/05 08:49:48 TopoSystem: Link count: 1140000
2025/08/05 08:49:48 TopoSystem update time: 19.570873ms
2025/08/05 08:49:48 AttenuationSystem update...
2025/08/05 08:49:48 AttenuationSystem parallel flag: 0
2025/08/05 08:49:49 Attenuation computed count: 1140000
2025/08/05 08:49:49 AttenuationSystem update time: 325.324529ms
2025/08/05 08:49:49 Run 10 complete
2025/08/05 08:49:49 Total update time:  3.705637544s
2025/08/05 08:49:49 linkCache size: 40

 Performance counter stats for './scale_ecs 600 1900 10 8 8 0':

        24,068,548      cache-references                                                      
         5,229,162      cache-misses                     #   21.73% of all cache refs         

       3.714585645 seconds time elapsed

      24.746033000 seconds user
       0.061972000 seconds sys


