ECS running with 900 stations, 1200 satellites, 2 numWGs and 8 numBlocks for 10 rounds in 1 parallel pattern
2025/08/05 10:37:11 StationSystem update...
2025/08/05 10:37:11 weather update count: 900
2025/08/05 10:37:11 StationSystem update time: 4.927µs
2025/08/05 10:37:11 SatelliteSystem update...
2025/08/05 10:37:11 satellite count: 1200
2025/08/05 10:37:11 SatelliteSystem update time: 4.549149ms
2025/08/05 10:37:11 TopoSystem update...
2025/08/05 10:37:11 TopoSystem: Link count: 1080000
2025/08/05 10:37:11 TopoSystem update time: 34.398885ms
2025/08/05 10:37:11 AttenuationSystem update...
2025/08/05 10:37:11 AttenuationSystem parallel flag: 1
2025/08/05 10:37:12 Attenuation computed count: 1080000
2025/08/05 10:37:12 AttenuationSystem update time: 977.399844ms
2025/08/05 10:37:12 Run 1 complete
2025/08/05 10:37:12 StationSystem update...
2025/08/05 10:37:12 weather update count: 900
2025/08/05 10:37:12 StationSystem update time: 2.815µs
2025/08/05 10:37:12 SatelliteSystem update...
2025/08/05 10:37:12 satellite count: 1200
2025/08/05 10:37:12 SatelliteSystem update time: 3.399898ms
2025/08/05 10:37:12 TopoSystem update...
2025/08/05 10:37:12 TopoSystem: Link count: 1080000
2025/08/05 10:37:12 TopoSystem update time: 24.593406ms
2025/08/05 10:37:12 AttenuationSystem update...
2025/08/05 10:37:12 AttenuationSystem parallel flag: 1
2025/08/05 10:37:14 Attenuation computed count: 1080000
2025/08/05 10:37:14 AttenuationSystem update time: 1.266463298s
2025/08/05 10:37:14 Run 2 complete
2025/08/05 10:37:14 StationSystem update...
2025/08/05 10:37:14 SatelliteSystem update...
2025/08/05 10:37:14 weather update count: 900
2025/08/05 10:37:14 StationSystem update time: 5.74µs
2025/08/05 10:37:14 satellite count: 1200
2025/08/05 10:37:14 SatelliteSystem update time: 3.3849ms
2025/08/05 10:37:14 TopoSystem update...
2025/08/05 10:37:14 TopoSystem: Link count: 1080000
2025/08/05 10:37:14 TopoSystem update time: 13.842131ms
2025/08/05 10:37:14 AttenuationSystem update...
2025/08/05 10:37:14 AttenuationSystem parallel flag: 1
2025/08/05 10:37:15 Attenuation computed count: 1080000
2025/08/05 10:37:15 AttenuationSystem update time: 1.201866456s
2025/08/05 10:37:15 Run 3 complete
2025/08/05 10:37:15 StationSystem update...
2025/08/05 10:37:15 weather update count: 900
2025/08/05 10:37:15 StationSystem update time: 3.447µs
2025/08/05 10:37:15 SatelliteSystem update...
2025/08/05 10:37:15 satellite count: 1200
2025/08/05 10:37:15 SatelliteSystem update time: 3.392519ms
2025/08/05 10:37:15 TopoSystem update...
2025/08/05 10:37:15 TopoSystem: Link count: 1080000
2025/08/05 10:37:15 TopoSystem update time: 12.989002ms
2025/08/05 10:37:15 AttenuationSystem update...
2025/08/05 10:37:15 AttenuationSystem parallel flag: 1
2025/08/05 10:37:16 Attenuation computed count: 1080000
2025/08/05 10:37:16 AttenuationSystem update time: 1.240482665s
2025/08/05 10:37:16 Run 4 complete
2025/08/05 10:37:16 StationSystem update...
2025/08/05 10:37:16 weather update count: 900
2025/08/05 10:37:16 StationSystem update time: 3.429µs
2025/08/05 10:37:16 SatelliteSystem update...
2025/08/05 10:37:16 satellite count: 1200
2025/08/05 10:37:16 SatelliteSystem update time: 3.388355ms
2025/08/05 10:37:16 TopoSystem update...
2025/08/05 10:37:16 TopoSystem: Link count: 1080000
2025/08/05 10:37:16 TopoSystem update time: 13.706359ms
2025/08/05 10:37:16 AttenuationSystem update...
2025/08/05 10:37:16 AttenuationSystem parallel flag: 1
2025/08/05 10:37:17 Attenuation computed count: 1080000
2025/08/05 10:37:17 AttenuationSystem update time: 1.235970281s
2025/08/05 10:37:17 Run 5 complete
2025/08/05 10:37:17 StationSystem update...
2025/08/05 10:37:17 weather update count: 900
2025/08/05 10:37:17 StationSystem update time: 3.927µs
2025/08/05 10:37:17 SatelliteSystem update...
2025/08/05 10:37:17 satellite count: 1200
2025/08/05 10:37:17 SatelliteSystem update time: 3.401435ms
2025/08/05 10:37:17 TopoSystem update...
2025/08/05 10:37:17 TopoSystem: Link count: 1080000
2025/08/05 10:37:17 TopoSystem update time: 18.425382ms
2025/08/05 10:37:17 AttenuationSystem update...
2025/08/05 10:37:17 AttenuationSystem parallel flag: 1
2025/08/05 10:37:19 Attenuation computed count: 1080000
2025/08/05 10:37:19 AttenuationSystem update time: 1.242683306s
2025/08/05 10:37:19 Run 6 complete
2025/08/05 10:37:19 StationSystem update...
2025/08/05 10:37:19 weather update count: 900
2025/08/05 10:37:19 StationSystem update time: 3.927µs
2025/08/05 10:37:19 SatelliteSystem update...
2025/08/05 10:37:19 satellite count: 1200
2025/08/05 10:37:19 SatelliteSystem update time: 3.404487ms
2025/08/05 10:37:19 TopoSystem update...
2025/08/05 10:37:19 TopoSystem: Link count: 1080000
2025/08/05 10:37:19 TopoSystem update time: 13.369484ms
2025/08/05 10:37:19 AttenuationSystem update...
2025/08/05 10:37:19 AttenuationSystem parallel flag: 1
2025/08/05 10:37:20 Attenuation computed count: 1080000
2025/08/05 10:37:20 AttenuationSystem update time: 1.237479971s
2025/08/05 10:37:20 Run 7 complete
2025/08/05 10:37:20 StationSystem update...
2025/08/05 10:37:20 weather update count: 900
2025/08/05 10:37:20 StationSystem update time: 3.835µs
2025/08/05 10:37:20 SatelliteSystem update...
2025/08/05 10:37:20 satellite count: 1200
2025/08/05 10:37:20 SatelliteSystem update time: 3.393269ms
2025/08/05 10:37:20 TopoSystem update...
2025/08/05 10:37:20 TopoSystem: Link count: 1080000
2025/08/05 10:37:20 TopoSystem update time: 13.048726ms
2025/08/05 10:37:20 AttenuationSystem update...
2025/08/05 10:37:20 AttenuationSystem parallel flag: 1
2025/08/05 10:37:21 Attenuation computed count: 1080000
2025/08/05 10:37:21 AttenuationSystem update time: 1.189285093s
2025/08/05 10:37:21 Run 8 complete
2025/08/05 10:37:21 StationSystem update...
2025/08/05 10:37:21 weather update count: 900
2025/08/05 10:37:21 StationSystem update time: 3.249µs
2025/08/05 10:37:21 SatelliteSystem update...
2025/08/05 10:37:21 satellite count: 1200
2025/08/05 10:37:21 SatelliteSystem update time: 3.385883ms
2025/08/05 10:37:21 TopoSystem update...
2025/08/05 10:37:21 TopoSystem: Link count: 1080000
2025/08/05 10:37:21 TopoSystem update time: 17.588426ms
2025/08/05 10:37:21 AttenuationSystem update...
2025/08/05 10:37:21 AttenuationSystem parallel flag: 1
2025/08/05 10:37:22 Attenuation computed count: 1080000
2025/08/05 10:37:22 AttenuationSystem update time: 1.259159784s
2025/08/05 10:37:22 Run 9 complete
2025/08/05 10:37:22 StationSystem update...
2025/08/05 10:37:22 weather update count: 900
2025/08/05 10:37:22 StationSystem update time: 3.633µs
2025/08/05 10:37:22 SatelliteSystem update...
2025/08/05 10:37:22 satellite count: 1200
2025/08/05 10:37:22 SatelliteSystem update time: 4.566566ms
2025/08/05 10:37:22 TopoSystem update...
2025/08/05 10:37:22 TopoSystem: Link count: 1080000
2025/08/05 10:37:22 TopoSystem update time: 21.423842ms
2025/08/05 10:37:22 AttenuationSystem update...
2025/08/05 10:37:22 AttenuationSystem parallel flag: 1
2025/08/05 10:37:24 Attenuation computed count: 1080000
2025/08/05 10:37:24 AttenuationSystem update time: 1.254228611s
2025/08/05 10:37:24 Run 10 complete
2025/08/05 10:37:24 Total update time:  12.331303643s
2025/08/05 10:37:24 linkCache size: 40

 Performance counter stats for './scale_ecs 900 1200 10 2 8 1':

        22,862,070      cache-references                                                      
         5,308,057      cache-misses                     #   23.22% of all cache refs         

      12.341050707 seconds time elapsed

      22.606847000 seconds user
       0.076012000 seconds sys


