ECS running with 600 stations, 1100 satellites, 4 numWGs and 8 numBlocks for 10 rounds in 0 parallel pattern
2025/08/05 08:33:41 StationSystem update...
2025/08/05 08:33:41 SatelliteSystem update...
2025/08/05 08:33:41 weather update count: 600
2025/08/05 08:33:41 StationSystem update time: 5.852µs
2025/08/05 08:33:41 satellite count: 1100
2025/08/05 08:33:41 SatelliteSystem update time: 4.182418ms
2025/08/05 08:33:41 TopoSystem update...
2025/08/05 08:33:41 TopoSystem: Link count: 660000
2025/08/05 08:33:41 TopoSystem update time: 19.756282ms
2025/08/05 08:33:41 AttenuationSystem update...
2025/08/05 08:33:41 AttenuationSystem parallel flag: 0
2025/08/05 08:33:42 Attenuation computed count: 660000
2025/08/05 08:33:42 AttenuationSystem update time: 190.794574ms
2025/08/05 08:33:42 Run 1 complete
2025/08/05 08:33:42 StationSystem update...
2025/08/05 08:33:42 weather update count: 600
2025/08/05 08:33:42 StationSystem update time: 2.729µs
2025/08/05 08:33:42 SatelliteSystem update...
2025/08/05 08:33:42 satellite count: 1100
2025/08/05 08:33:42 SatelliteSystem update time: 4.169713ms
2025/08/05 08:33:42 TopoSystem update...
2025/08/05 08:33:42 TopoSystem: Link count: 660000
2025/08/05 08:33:42 TopoSystem update time: 18.715602ms
2025/08/05 08:33:42 AttenuationSystem update...
2025/08/05 08:33:42 AttenuationSystem parallel flag: 0
2025/08/05 08:33:42 Attenuation computed count: 660000
2025/08/05 08:33:42 AttenuationSystem update time: 189.556615ms
2025/08/05 08:33:42 Run 2 complete
2025/08/05 08:33:42 StationSystem update...
2025/08/05 08:33:42 weather update count: 600
2025/08/05 08:33:42 StationSystem update time: 2.755µs
2025/08/05 08:33:42 SatelliteSystem update...
2025/08/05 08:33:42 satellite count: 1100
2025/08/05 08:33:42 SatelliteSystem update time: 4.151147ms
2025/08/05 08:33:42 TopoSystem update...
2025/08/05 08:33:42 TopoSystem: Link count: 660000
2025/08/05 08:33:42 TopoSystem update time: 9.768101ms
2025/08/05 08:33:42 AttenuationSystem update...
2025/08/05 08:33:42 AttenuationSystem parallel flag: 0
2025/08/05 08:33:42 Attenuation computed count: 660000
2025/08/05 08:33:42 AttenuationSystem update time: 222.315301ms
2025/08/05 08:33:42 Run 3 complete
2025/08/05 08:33:42 StationSystem update...
2025/08/05 08:33:42 weather update count: 600
2025/08/05 08:33:42 StationSystem update time: 3.364µs
2025/08/05 08:33:42 SatelliteSystem update...
2025/08/05 08:33:42 satellite count: 1100
2025/08/05 08:33:42 SatelliteSystem update time: 4.191597ms
2025/08/05 08:33:42 TopoSystem update...
2025/08/05 08:33:42 TopoSystem: Link count: 660000
2025/08/05 08:33:42 TopoSystem update time: 11.712419ms
2025/08/05 08:33:42 AttenuationSystem update...
2025/08/05 08:33:42 AttenuationSystem parallel flag: 0
2025/08/05 08:33:42 Attenuation computed count: 660000
2025/08/05 08:33:42 AttenuationSystem update time: 222.7745ms
2025/08/05 08:33:42 Run 4 complete
2025/08/05 08:33:42 StationSystem update...
2025/08/05 08:33:42 weather update count: 600
2025/08/05 08:33:42 StationSystem update time: 2.731µs
2025/08/05 08:33:42 SatelliteSystem update...
2025/08/05 08:33:42 satellite count: 1100
2025/08/05 08:33:42 SatelliteSystem update time: 4.178034ms
2025/08/05 08:33:42 TopoSystem update...
2025/08/05 08:33:42 TopoSystem: Link count: 660000
2025/08/05 08:33:42 TopoSystem update time: 9.170251ms
2025/08/05 08:33:42 AttenuationSystem update...
2025/08/05 08:33:42 AttenuationSystem parallel flag: 0
2025/08/05 08:33:43 Attenuation computed count: 660000
2025/08/05 08:33:43 AttenuationSystem update time: 203.067967ms
2025/08/05 08:33:43 Run 5 complete
2025/08/05 08:33:43 StationSystem update...
2025/08/05 08:33:43 weather update count: 600
2025/08/05 08:33:43 StationSystem update time: 2.858µs
2025/08/05 08:33:43 SatelliteSystem update...
2025/08/05 08:33:43 satellite count: 1100
2025/08/05 08:33:43 SatelliteSystem update time: 4.170453ms
2025/08/05 08:33:43 TopoSystem update...
2025/08/05 08:33:43 TopoSystem: Link count: 660000
2025/08/05 08:33:43 TopoSystem update time: 9.662152ms
2025/08/05 08:33:43 AttenuationSystem update...
2025/08/05 08:33:43 AttenuationSystem parallel flag: 0
2025/08/05 08:33:43 Attenuation computed count: 660000
2025/08/05 08:33:43 AttenuationSystem update time: 200.854585ms
2025/08/05 08:33:43 Run 6 complete
2025/08/05 08:33:43 StationSystem update...
2025/08/05 08:33:43 weather update count: 600
2025/08/05 08:33:43 StationSystem update time: 2.64µs
2025/08/05 08:33:43 SatelliteSystem update...
2025/08/05 08:33:43 satellite count: 1100
2025/08/05 08:33:43 SatelliteSystem update time: 4.156683ms
2025/08/05 08:33:43 TopoSystem update...
2025/08/05 08:33:43 TopoSystem: Link count: 660000
2025/08/05 08:33:43 TopoSystem update time: 9.843414ms
2025/08/05 08:33:43 AttenuationSystem update...
2025/08/05 08:33:43 AttenuationSystem parallel flag: 0
2025/08/05 08:33:43 Attenuation computed count: 660000
2025/08/05 08:33:43 AttenuationSystem update time: 231.120402ms
2025/08/05 08:33:43 Run 7 complete
2025/08/05 08:33:43 StationSystem update...
2025/08/05 08:33:43 weather update count: 600
2025/08/05 08:33:43 StationSystem update time: 2.909µs
2025/08/05 08:33:43 SatelliteSystem update...
2025/08/05 08:33:43 satellite count: 1100
2025/08/05 08:33:43 SatelliteSystem update time: 3.383786ms
2025/08/05 08:33:43 TopoSystem update...
2025/08/05 08:33:43 TopoSystem: Link count: 660000
2025/08/05 08:33:43 TopoSystem update time: 8.938508ms
2025/08/05 08:33:43 AttenuationSystem update...
2025/08/05 08:33:43 AttenuationSystem parallel flag: 0
2025/08/05 08:33:43 Attenuation computed count: 660000
2025/08/05 08:33:43 AttenuationSystem update time: 222.340292ms
2025/08/05 08:33:43 Run 8 complete
2025/08/05 08:33:43 StationSystem update...
2025/08/05 08:33:43 weather update count: 600
2025/08/05 08:33:43 StationSystem update time: 2.704µs
2025/08/05 08:33:43 SatelliteSystem update...
2025/08/05 08:33:43 satellite count: 1100
2025/08/05 08:33:43 SatelliteSystem update time: 4.172935ms
2025/08/05 08:33:43 TopoSystem update...
2025/08/05 08:33:43 TopoSystem: Link count: 660000
2025/08/05 08:33:43 TopoSystem update time: 9.784112ms
2025/08/05 08:33:43 AttenuationSystem update...
2025/08/05 08:33:43 AttenuationSystem parallel flag: 0
2025/08/05 08:33:43 Attenuation computed count: 660000
2025/08/05 08:33:43 AttenuationSystem update time: 187.439045ms
2025/08/05 08:33:43 Run 9 complete
2025/08/05 08:33:43 StationSystem update...
2025/08/05 08:33:43 weather update count: 600
2025/08/05 08:33:43 StationSystem update time: 2.832µs
2025/08/05 08:33:43 SatelliteSystem update...
2025/08/05 08:33:43 satellite count: 1100
2025/08/05 08:33:43 SatelliteSystem update time: 3.090888ms
2025/08/05 08:33:43 TopoSystem update...
2025/08/05 08:33:43 TopoSystem: Link count: 660000
2025/08/05 08:33:43 TopoSystem update time: 10.728681ms
2025/08/05 08:33:43 AttenuationSystem update...
2025/08/05 08:33:43 AttenuationSystem parallel flag: 0
2025/08/05 08:33:44 Attenuation computed count: 660000
2025/08/05 08:33:44 AttenuationSystem update time: 201.667229ms
2025/08/05 08:33:44 Run 10 complete
2025/08/05 08:33:44 Total update time:  2.236143847s
2025/08/05 08:33:44 linkCache size: 40

 Performance counter stats for './scale_ecs 600 1100 10 4 8 0':

        14,055,925      cache-references                                                      
         1,893,866      cache-misses                     #   13.47% of all cache refs         

       2.242548740 seconds time elapsed

      14.201009000 seconds user
       0.039980000 seconds sys


