ECS running with 800 stations, 1600 satellites, 2 numWGs and 2 numBlocks for 10 rounds in 0 parallel pattern
2025/08/05 10:11:16 StationSystem update...
2025/08/05 10:11:16 weather update count: 800
2025/08/05 10:11:16 StationSystem update time: 4.857µs
2025/08/05 10:11:16 SatelliteSystem update...
2025/08/05 10:11:16 satellite count: 1600
2025/08/05 10:11:16 SatelliteSystem update time: 6.137411ms
2025/08/05 10:11:16 TopoSystem update...
2025/08/05 10:11:16 TopoSystem: Link count: 1280000
2025/08/05 10:11:16 TopoSystem update time: 38.89183ms
2025/08/05 10:11:16 AttenuationSystem update...
2025/08/05 10:11:16 AttenuationSystem parallel flag: 0
2025/08/05 10:11:17 Attenuation computed count: 1280000
2025/08/05 10:11:17 AttenuationSystem update time: 1.436690476s
2025/08/05 10:11:17 Run 1 complete
2025/08/05 10:11:17 StationSystem update...
2025/08/05 10:11:17 weather update count: 800
2025/08/05 10:11:17 StationSystem update time: 2.712µs
2025/08/05 10:11:17 SatelliteSystem update...
2025/08/05 10:11:17 satellite count: 1600
2025/08/05 10:11:17 SatelliteSystem update time: 6.060938ms
2025/08/05 10:11:17 TopoSystem update...
2025/08/05 10:11:17 TopoSystem: Link count: 1280000
2025/08/05 10:11:17 TopoSystem update time: 23.209215ms
2025/08/05 10:11:17 AttenuationSystem update...
2025/08/05 10:11:17 AttenuationSystem parallel flag: 0
2025/08/05 10:11:19 Attenuation computed count: 1280000
2025/08/05 10:11:19 AttenuationSystem update time: 1.494386611s
2025/08/05 10:11:19 Run 2 complete
2025/08/05 10:11:19 StationSystem update...
2025/08/05 10:11:19 weather update count: 800
2025/08/05 10:11:19 StationSystem update time: 3.355µs
2025/08/05 10:11:19 SatelliteSystem update...
2025/08/05 10:11:19 satellite count: 1600
2025/08/05 10:11:19 SatelliteSystem update time: 6.043522ms
2025/08/05 10:11:19 TopoSystem update...
2025/08/05 10:11:19 TopoSystem: Link count: 1280000
2025/08/05 10:11:19 TopoSystem update time: 20.495635ms
2025/08/05 10:11:19 AttenuationSystem update...
2025/08/05 10:11:19 AttenuationSystem parallel flag: 0
2025/08/05 10:11:20 Attenuation computed count: 1280000
2025/08/05 10:11:20 AttenuationSystem update time: 1.371169144s
2025/08/05 10:11:20 Run 3 complete
2025/08/05 10:11:20 StationSystem update...
2025/08/05 10:11:20 weather update count: 800
2025/08/05 10:11:20 StationSystem update time: 4.108µs
2025/08/05 10:11:20 SatelliteSystem update...
2025/08/05 10:11:20 satellite count: 1600
2025/08/05 10:11:20 SatelliteSystem update time: 6.139545ms
2025/08/05 10:11:20 TopoSystem update...
2025/08/05 10:11:20 TopoSystem: Link count: 1280000
2025/08/05 10:11:20 TopoSystem update time: 15.076697ms
2025/08/05 10:11:20 AttenuationSystem update...
2025/08/05 10:11:20 AttenuationSystem parallel flag: 0
2025/08/05 10:11:21 Attenuation computed count: 1280000
2025/08/05 10:11:21 AttenuationSystem update time: 1.493005274s
2025/08/05 10:11:21 Run 4 complete
2025/08/05 10:11:21 StationSystem update...
2025/08/05 10:11:21 weather update count: 800
2025/08/05 10:11:21 StationSystem update time: 3.325µs
2025/08/05 10:11:21 SatelliteSystem update...
2025/08/05 10:11:22 satellite count: 1600
2025/08/05 10:11:22 SatelliteSystem update time: 15.137183ms
2025/08/05 10:11:22 TopoSystem update...
2025/08/05 10:11:22 TopoSystem: Link count: 1280000
2025/08/05 10:11:22 TopoSystem update time: 45.881995ms
2025/08/05 10:11:22 AttenuationSystem update...
2025/08/05 10:11:22 AttenuationSystem parallel flag: 0
2025/08/05 10:11:23 Attenuation computed count: 1280000
2025/08/05 10:11:23 AttenuationSystem update time: 1.272818991s
2025/08/05 10:11:23 Run 5 complete
2025/08/05 10:11:23 StationSystem update...
2025/08/05 10:11:23 weather update count: 800
2025/08/05 10:11:23 StationSystem update time: 3.425µs
2025/08/05 10:11:23 SatelliteSystem update...
2025/08/05 10:11:23 satellite count: 1600
2025/08/05 10:11:23 SatelliteSystem update time: 6.07552ms
2025/08/05 10:11:23 TopoSystem update...
2025/08/05 10:11:23 TopoSystem: Link count: 1280000
2025/08/05 10:11:23 TopoSystem update time: 15.281792ms
2025/08/05 10:11:23 AttenuationSystem update...
2025/08/05 10:11:23 AttenuationSystem parallel flag: 0
2025/08/05 10:11:24 Attenuation computed count: 1280000
2025/08/05 10:11:24 AttenuationSystem update time: 1.225089787s
2025/08/05 10:11:24 Run 6 complete
2025/08/05 10:11:24 StationSystem update...
2025/08/05 10:11:24 weather update count: 800
2025/08/05 10:11:24 StationSystem update time: 2.529µs
2025/08/05 10:11:24 SatelliteSystem update...
2025/08/05 10:11:24 satellite count: 1600
2025/08/05 10:11:24 SatelliteSystem update time: 4.495124ms
2025/08/05 10:11:24 TopoSystem update...
2025/08/05 10:11:24 TopoSystem: Link count: 1280000
2025/08/05 10:11:24 TopoSystem update time: 18.764399ms
2025/08/05 10:11:24 AttenuationSystem update...
2025/08/05 10:11:24 AttenuationSystem parallel flag: 0
2025/08/05 10:11:25 Attenuation computed count: 1280000
2025/08/05 10:11:25 AttenuationSystem update time: 1.274800338s
2025/08/05 10:11:25 Run 7 complete
2025/08/05 10:11:25 StationSystem update...
2025/08/05 10:11:25 weather update count: 800
2025/08/05 10:11:25 StationSystem update time: 2.908µs
2025/08/05 10:11:25 SatelliteSystem update...
2025/08/05 10:11:25 satellite count: 1600
2025/08/05 10:11:25 SatelliteSystem update time: 14.980607ms
2025/08/05 10:11:25 TopoSystem update...
2025/08/05 10:11:25 TopoSystem: Link count: 1280000
2025/08/05 10:11:25 TopoSystem update time: 57.388629ms
2025/08/05 10:11:25 AttenuationSystem update...
2025/08/05 10:11:25 AttenuationSystem parallel flag: 0
2025/08/05 10:11:27 Attenuation computed count: 1280000
2025/08/05 10:11:27 AttenuationSystem update time: 1.496319883s
2025/08/05 10:11:27 Run 8 complete
2025/08/05 10:11:27 StationSystem update...
2025/08/05 10:11:27 weather update count: 800
2025/08/05 10:11:27 StationSystem update time: 3.52µs
2025/08/05 10:11:27 SatelliteSystem update...
2025/08/05 10:11:27 satellite count: 1600
2025/08/05 10:11:27 SatelliteSystem update time: 6.065486ms
2025/08/05 10:11:27 TopoSystem update...
2025/08/05 10:11:27 TopoSystem: Link count: 1280000
2025/08/05 10:11:27 TopoSystem update time: 43.891418ms
2025/08/05 10:11:27 AttenuationSystem update...
2025/08/05 10:11:27 AttenuationSystem parallel flag: 0
2025/08/05 10:11:28 Attenuation computed count: 1280000
2025/08/05 10:11:28 AttenuationSystem update time: 1.296506864s
2025/08/05 10:11:28 Run 9 complete
2025/08/05 10:11:28 StationSystem update...
2025/08/05 10:11:28 weather update count: 800
2025/08/05 10:11:28 StationSystem update time: 3.554µs
2025/08/05 10:11:28 SatelliteSystem update...
2025/08/05 10:11:28 satellite count: 1600
2025/08/05 10:11:28 SatelliteSystem update time: 6.064437ms
2025/08/05 10:11:28 TopoSystem update...
2025/08/05 10:11:28 TopoSystem: Link count: 1280000
2025/08/05 10:11:28 TopoSystem update time: 43.454956ms
2025/08/05 10:11:28 AttenuationSystem update...
2025/08/05 10:11:28 AttenuationSystem parallel flag: 0
2025/08/05 10:11:30 Attenuation computed count: 1280000
2025/08/05 10:11:30 AttenuationSystem update time: 1.481770208s
2025/08/05 10:11:30 Run 10 complete
2025/08/05 10:11:30 Total update time:  14.249941226s
2025/08/05 10:11:30 linkCache size: 40

 Performance counter stats for './scale_ecs 800 1600 10 2 2 0':

        27,124,851      cache-references                                                      
         6,429,027      cache-misses                     #   23.70% of all cache refs         

      14.257639975 seconds time elapsed

      26.782252000 seconds user
       0.092004000 seconds sys


