ECS running with 600 stations, 500 satellites, 4 numWGs and 8 numBlocks for 10 rounds in 0 parallel pattern
2025/08/05 08:25:37 StationSystem update...
2025/08/05 08:25:37 weather update count: 600
2025/08/05 08:25:37 StationSystem update time: 4.067µs
2025/08/05 08:25:37 SatelliteSystem update...
2025/08/05 08:25:37 satellite count: 500
2025/08/05 08:25:37 SatelliteSystem update time: 1.914616ms
2025/08/05 08:25:37 TopoSystem update...
2025/08/05 08:25:37 TopoSystem: Link count: 300000
2025/08/05 08:25:37 TopoSystem update time: 10.971999ms
2025/08/05 08:25:37 AttenuationSystem update...
2025/08/05 08:25:37 AttenuationSystem parallel flag: 0
2025/08/05 08:25:37 Attenuation computed count: 300000
2025/08/05 08:25:37 AttenuationSystem update time: 86.528756ms
2025/08/05 08:25:37 Run 1 complete
2025/08/05 08:25:37 StationSystem update...
2025/08/05 08:25:37 weather update count: 600
2025/08/05 08:25:37 StationSystem update time: 2.725µs
2025/08/05 08:25:37 SatelliteSystem update...
2025/08/05 08:25:37 satellite count: 500
2025/08/05 08:25:37 SatelliteSystem update time: 1.908629ms
2025/08/05 08:25:37 TopoSystem update...
2025/08/05 08:25:37 TopoSystem: Link count: 300000
2025/08/05 08:25:37 TopoSystem update time: 6.241331ms
2025/08/05 08:25:37 AttenuationSystem update...
2025/08/05 08:25:37 AttenuationSystem parallel flag: 0
2025/08/05 08:25:38 Attenuation computed count: 300000
2025/08/05 08:25:38 AttenuationSystem update time: 93.063845ms
2025/08/05 08:25:38 Run 2 complete
2025/08/05 08:25:38 StationSystem update...
2025/08/05 08:25:38 weather update count: 600
2025/08/05 08:25:38 StationSystem update time: 2.999µs
2025/08/05 08:25:38 SatelliteSystem update...
2025/08/05 08:25:38 satellite count: 500
2025/08/05 08:25:38 SatelliteSystem update time: 1.918421ms
2025/08/05 08:25:38 TopoSystem update...
2025/08/05 08:25:38 TopoSystem: Link count: 300000
2025/08/05 08:25:38 TopoSystem update time: 5.968317ms
2025/08/05 08:25:38 AttenuationSystem update...
2025/08/05 08:25:38 AttenuationSystem parallel flag: 0
2025/08/05 08:25:38 Attenuation computed count: 300000
2025/08/05 08:25:38 AttenuationSystem update time: 86.369729ms
2025/08/05 08:25:38 Run 3 complete
2025/08/05 08:25:38 StationSystem update...
2025/08/05 08:25:38 weather update count: 600
2025/08/05 08:25:38 StationSystem update time: 2.752µs
2025/08/05 08:25:38 SatelliteSystem update...
2025/08/05 08:25:38 satellite count: 500
2025/08/05 08:25:38 SatelliteSystem update time: 1.898106ms
2025/08/05 08:25:38 TopoSystem update...
2025/08/05 08:25:38 TopoSystem: Link count: 300000
2025/08/05 08:25:38 TopoSystem update time: 8.137682ms
2025/08/05 08:25:38 AttenuationSystem update...
2025/08/05 08:25:38 AttenuationSystem parallel flag: 0
2025/08/05 08:25:38 Attenuation computed count: 300000
2025/08/05 08:25:38 AttenuationSystem update time: 101.843489ms
2025/08/05 08:25:38 Run 4 complete
2025/08/05 08:25:38 StationSystem update...
2025/08/05 08:25:38 weather update count: 600
2025/08/05 08:25:38 StationSystem update time: 2.533µs
2025/08/05 08:25:38 SatelliteSystem update...
2025/08/05 08:25:38 satellite count: 500
2025/08/05 08:25:38 SatelliteSystem update time: 1.905202ms
2025/08/05 08:25:38 TopoSystem update...
2025/08/05 08:25:38 TopoSystem: Link count: 300000
2025/08/05 08:25:38 TopoSystem update time: 5.070929ms
2025/08/05 08:25:38 AttenuationSystem update...
2025/08/05 08:25:38 AttenuationSystem parallel flag: 0
2025/08/05 08:25:38 Attenuation computed count: 300000
2025/08/05 08:25:38 AttenuationSystem update time: 99.974224ms
2025/08/05 08:25:38 Run 5 complete
2025/08/05 08:25:38 StationSystem update...
2025/08/05 08:25:38 weather update count: 600
2025/08/05 08:25:38 StationSystem update time: 2.944µs
2025/08/05 08:25:38 SatelliteSystem update...
2025/08/05 08:25:38 satellite count: 500
2025/08/05 08:25:38 SatelliteSystem update time: 1.413932ms
2025/08/05 08:25:38 TopoSystem update...
2025/08/05 08:25:38 TopoSystem: Link count: 300000
2025/08/05 08:25:38 TopoSystem update time: 5.891296ms
2025/08/05 08:25:38 AttenuationSystem update...
2025/08/05 08:25:38 AttenuationSystem parallel flag: 0
2025/08/05 08:25:38 Attenuation computed count: 300000
2025/08/05 08:25:38 AttenuationSystem update time: 105.694832ms
2025/08/05 08:25:38 Run 6 complete
2025/08/05 08:25:38 StationSystem update...
2025/08/05 08:25:38 weather update count: 600
2025/08/05 08:25:38 StationSystem update time: 2.545µs
2025/08/05 08:25:38 SatelliteSystem update...
2025/08/05 08:25:38 satellite count: 500
2025/08/05 08:25:38 SatelliteSystem update time: 1.910919ms
2025/08/05 08:25:38 TopoSystem update...
2025/08/05 08:25:38 TopoSystem: Link count: 300000
2025/08/05 08:25:38 TopoSystem update time: 5.593345ms
2025/08/05 08:25:38 AttenuationSystem update...
2025/08/05 08:25:38 AttenuationSystem parallel flag: 0
2025/08/05 08:25:38 Attenuation computed count: 300000
2025/08/05 08:25:38 AttenuationSystem update time: 118.691505ms
2025/08/05 08:25:38 Run 7 complete
2025/08/05 08:25:38 StationSystem update...
2025/08/05 08:25:38 weather update count: 600
2025/08/05 08:25:38 StationSystem update time: 2.764µs
2025/08/05 08:25:38 SatelliteSystem update...
2025/08/05 08:25:38 satellite count: 500
2025/08/05 08:25:38 SatelliteSystem update time: 1.905285ms
2025/08/05 08:25:38 TopoSystem update...
2025/08/05 08:25:38 TopoSystem: Link count: 300000
2025/08/05 08:25:38 TopoSystem update time: 6.703121ms
2025/08/05 08:25:38 AttenuationSystem update...
2025/08/05 08:25:38 AttenuationSystem parallel flag: 0
2025/08/05 08:25:38 Attenuation computed count: 300000
2025/08/05 08:25:38 AttenuationSystem update time: 120.571815ms
2025/08/05 08:25:38 Run 8 complete
2025/08/05 08:25:38 StationSystem update...
2025/08/05 08:25:38 weather update count: 600
2025/08/05 08:25:38 StationSystem update time: 2.735µs
2025/08/05 08:25:38 SatelliteSystem update...
2025/08/05 08:25:38 satellite count: 500
2025/08/05 08:25:38 SatelliteSystem update time: 1.903507ms
2025/08/05 08:25:38 TopoSystem update...
2025/08/05 08:25:38 TopoSystem: Link count: 300000
2025/08/05 08:25:38 TopoSystem update time: 4.938672ms
2025/08/05 08:25:38 AttenuationSystem update...
2025/08/05 08:25:38 AttenuationSystem parallel flag: 0
2025/08/05 08:25:38 Attenuation computed count: 300000
2025/08/05 08:25:38 AttenuationSystem update time: 110.86284ms
2025/08/05 08:25:38 Run 9 complete
2025/08/05 08:25:38 StationSystem update...
2025/08/05 08:25:38 weather update count: 600
2025/08/05 08:25:38 StationSystem update time: 2.546µs
2025/08/05 08:25:38 SatelliteSystem update...
2025/08/05 08:25:38 satellite count: 500
2025/08/05 08:25:38 SatelliteSystem update time: 1.400606ms
2025/08/05 08:25:38 TopoSystem update...
2025/08/05 08:25:38 TopoSystem: Link count: 300000
2025/08/05 08:25:38 TopoSystem update time: 8.694533ms
2025/08/05 08:25:38 AttenuationSystem update...
2025/08/05 08:25:38 AttenuationSystem parallel flag: 0
2025/08/05 08:25:38 Attenuation computed count: 300000
2025/08/05 08:25:38 AttenuationSystem update time: 99.060245ms
2025/08/05 08:25:38 Run 10 complete
2025/08/05 08:25:38 Total update time:  1.111433126s
2025/08/05 08:25:38 linkCache size: 40

 Performance counter stats for './scale_ecs 600 500 10 4 8 0':

         6,380,575      cache-references                                                      
           735,991      cache-misses                     #   11.53% of all cache refs         

       1.115552276 seconds time elapsed

       7.212446000 seconds user
       0.023994000 seconds sys


