ECS running with 500 stations, 500 satellites, 2 numWGs and 8 numBlocks for 10 rounds in 1 parallel pattern
2025/08/05 08:03:07 StationSystem update...
2025/08/05 08:03:07 weather update count: 500
2025/08/05 08:03:07 StationSystem update time: 4.359µs
2025/08/05 08:03:07 SatelliteSystem update...
2025/08/05 08:03:07 satellite count: 500
2025/08/05 08:03:07 SatelliteSystem update time: 1.975352ms
2025/08/05 08:03:07 TopoSystem update...
2025/08/05 08:03:07 TopoSystem: Link count: 250000
2025/08/05 08:03:07 TopoSystem update time: 9.804402ms
2025/08/05 08:03:07 AttenuationSystem update...
2025/08/05 08:03:07 AttenuationSystem parallel flag: 1
2025/08/05 08:03:07 Attenuation computed count: 250000
2025/08/05 08:03:07 AttenuationSystem update time: 298.342248ms
2025/08/05 08:03:07 Run 1 complete
2025/08/05 08:03:07 StationSystem update...
2025/08/05 08:03:07 weather update count: 500
2025/08/05 08:03:07 StationSystem update time: 2.865µs
2025/08/05 08:03:07 SatelliteSystem update...
2025/08/05 08:03:07 satellite count: 500
2025/08/05 08:03:07 SatelliteSystem update time: 1.91688ms
2025/08/05 08:03:07 TopoSystem update...
2025/08/05 08:03:07 TopoSystem: Link count: 250000
2025/08/05 08:03:07 TopoSystem update time: 7.097291ms
2025/08/05 08:03:07 AttenuationSystem update...
2025/08/05 08:03:07 AttenuationSystem parallel flag: 1
2025/08/05 08:03:07 Attenuation computed count: 250000
2025/08/05 08:03:07 AttenuationSystem update time: 320.970534ms
2025/08/05 08:03:07 Run 2 complete
2025/08/05 08:03:07 StationSystem update...
2025/08/05 08:03:07 weather update count: 500
2025/08/05 08:03:07 StationSystem update time: 2.333µs
2025/08/05 08:03:07 SatelliteSystem update...
2025/08/05 08:03:07 satellite count: 500
2025/08/05 08:03:07 SatelliteSystem update time: 1.909543ms
2025/08/05 08:03:07 TopoSystem update...
2025/08/05 08:03:07 TopoSystem: Link count: 250000
2025/08/05 08:03:07 TopoSystem update time: 4.617391ms
2025/08/05 08:03:07 AttenuationSystem update...
2025/08/05 08:03:07 AttenuationSystem parallel flag: 1
2025/08/05 08:03:08 Attenuation computed count: 250000
2025/08/05 08:03:08 AttenuationSystem update time: 359.449276ms
2025/08/05 08:03:08 Run 3 complete
2025/08/05 08:03:08 StationSystem update...
2025/08/05 08:03:08 weather update count: 500
2025/08/05 08:03:08 StationSystem update time: 2.637µs
2025/08/05 08:03:08 SatelliteSystem update...
2025/08/05 08:03:08 satellite count: 500
2025/08/05 08:03:08 SatelliteSystem update time: 1.914355ms
2025/08/05 08:03:08 TopoSystem update...
2025/08/05 08:03:08 TopoSystem: Link count: 250000
2025/08/05 08:03:08 TopoSystem update time: 4.385972ms
2025/08/05 08:03:08 AttenuationSystem update...
2025/08/05 08:03:08 AttenuationSystem parallel flag: 1
2025/08/05 08:03:08 Attenuation computed count: 250000
2025/08/05 08:03:08 AttenuationSystem update time: 301.792856ms
2025/08/05 08:03:08 Run 4 complete
2025/08/05 08:03:08 StationSystem update...
2025/08/05 08:03:08 weather update count: 500
2025/08/05 08:03:08 StationSystem update time: 2.536µs
2025/08/05 08:03:08 SatelliteSystem update...
2025/08/05 08:03:08 satellite count: 500
2025/08/05 08:03:08 SatelliteSystem update time: 1.908992ms
2025/08/05 08:03:08 TopoSystem update...
2025/08/05 08:03:08 TopoSystem: Link count: 250000
2025/08/05 08:03:08 TopoSystem update time: 4.330358ms
2025/08/05 08:03:08 AttenuationSystem update...
2025/08/05 08:03:08 AttenuationSystem parallel flag: 1
2025/08/05 08:03:08 Attenuation computed count: 250000
2025/08/05 08:03:08 AttenuationSystem update time: 324.30618ms
2025/08/05 08:03:08 Run 5 complete
2025/08/05 08:03:08 StationSystem update...
2025/08/05 08:03:08 weather update count: 500
2025/08/05 08:03:08 StationSystem update time: 2.466µs
2025/08/05 08:03:08 SatelliteSystem update...
2025/08/05 08:03:08 satellite count: 500
2025/08/05 08:03:08 SatelliteSystem update time: 1.904827ms
2025/08/05 08:03:08 TopoSystem update...
2025/08/05 08:03:08 TopoSystem: Link count: 250000
2025/08/05 08:03:08 TopoSystem update time: 3.892449ms
2025/08/05 08:03:08 AttenuationSystem update...
2025/08/05 08:03:08 AttenuationSystem parallel flag: 1
2025/08/05 08:03:09 Attenuation computed count: 250000
2025/08/05 08:03:09 AttenuationSystem update time: 319.537134ms
2025/08/05 08:03:09 Run 6 complete
2025/08/05 08:03:09 StationSystem update...
2025/08/05 08:03:09 weather update count: 500
2025/08/05 08:03:09 StationSystem update time: 2.387µs
2025/08/05 08:03:09 SatelliteSystem update...
2025/08/05 08:03:09 satellite count: 500
2025/08/05 08:03:09 SatelliteSystem update time: 1.913379ms
2025/08/05 08:03:09 TopoSystem update...
2025/08/05 08:03:09 TopoSystem: Link count: 250000
2025/08/05 08:03:09 TopoSystem update time: 4.262368ms
2025/08/05 08:03:09 AttenuationSystem update...
2025/08/05 08:03:09 AttenuationSystem parallel flag: 1
2025/08/05 08:03:09 Attenuation computed count: 250000
2025/08/05 08:03:09 AttenuationSystem update time: 316.195464ms
2025/08/05 08:03:09 Run 7 complete
2025/08/05 08:03:09 StationSystem update...
2025/08/05 08:03:09 weather update count: 500
2025/08/05 08:03:09 StationSystem update time: 2.459µs
2025/08/05 08:03:09 SatelliteSystem update...
2025/08/05 08:03:09 satellite count: 500
2025/08/05 08:03:09 SatelliteSystem update time: 1.906027ms
2025/08/05 08:03:09 TopoSystem update...
2025/08/05 08:03:09 TopoSystem: Link count: 250000
2025/08/05 08:03:09 TopoSystem update time: 4.237447ms
2025/08/05 08:03:09 AttenuationSystem update...
2025/08/05 08:03:09 AttenuationSystem parallel flag: 1
2025/08/05 08:03:09 Attenuation computed count: 250000
2025/08/05 08:03:09 AttenuationSystem update time: 320.391376ms
2025/08/05 08:03:09 Run 8 complete
2025/08/05 08:03:09 StationSystem update...
2025/08/05 08:03:09 weather update count: 500
2025/08/05 08:03:09 StationSystem update time: 2.274µs
2025/08/05 08:03:09 SatelliteSystem update...
2025/08/05 08:03:09 satellite count: 500
2025/08/05 08:03:09 SatelliteSystem update time: 1.912747ms
2025/08/05 08:03:09 TopoSystem update...
2025/08/05 08:03:09 TopoSystem: Link count: 250000
2025/08/05 08:03:09 TopoSystem update time: 5.598956ms
2025/08/05 08:03:09 AttenuationSystem update...
2025/08/05 08:03:09 AttenuationSystem parallel flag: 1
2025/08/05 08:03:10 Attenuation computed count: 250000
2025/08/05 08:03:10 AttenuationSystem update time: 320.318958ms
2025/08/05 08:03:10 Run 9 complete
2025/08/05 08:03:10 StationSystem update...
2025/08/05 08:03:10 weather update count: 500
2025/08/05 08:03:10 StationSystem update time: 2.469µs
2025/08/05 08:03:10 SatelliteSystem update...
2025/08/05 08:03:10 satellite count: 500
2025/08/05 08:03:10 SatelliteSystem update time: 1.913268ms
2025/08/05 08:03:10 TopoSystem update...
2025/08/05 08:03:10 TopoSystem: Link count: 250000
2025/08/05 08:03:10 TopoSystem update time: 3.932708ms
2025/08/05 08:03:10 AttenuationSystem update...
2025/08/05 08:03:10 AttenuationSystem parallel flag: 1
2025/08/05 08:03:10 Attenuation computed count: 250000
2025/08/05 08:03:10 AttenuationSystem update time: 323.00139ms
2025/08/05 08:03:10 Run 10 complete
2025/08/05 08:03:10 Total update time:  3.278034733s
2025/08/05 08:03:10 linkCache size: 40

 Performance counter stats for './scale_ecs 500 500 10 2 8 1':

         5,101,247      cache-references                                                      
           696,305      cache-misses                     #   13.65% of all cache refs         

       3.283969219 seconds time elapsed

       6.216188000 seconds user
       0.033973000 seconds sys


