ECS running with 600 stations, 1100 satellites, 4 numWGs and 2 numBlocks for 10 rounds in 0 parallel pattern
2025/08/05 08:33:20 StationSystem update...
2025/08/05 08:33:20 weather update count: 600
2025/08/05 08:33:20 StationSystem update time: 4.311µs
2025/08/05 08:33:20 SatelliteSystem update...
2025/08/05 08:33:20 satellite count: 1100
2025/08/05 08:33:20 SatelliteSystem update time: 4.174628ms
2025/08/05 08:33:20 TopoSystem update...
2025/08/05 08:33:20 TopoSystem: Link count: 660000
2025/08/05 08:33:20 TopoSystem update time: 15.997259ms
2025/08/05 08:33:20 AttenuationSystem update...
2025/08/05 08:33:20 AttenuationSystem parallel flag: 0
2025/08/05 08:33:21 Attenuation computed count: 660000
2025/08/05 08:33:21 AttenuationSystem update time: 655.196406ms
2025/08/05 08:33:21 Run 1 complete
2025/08/05 08:33:21 StationSystem update...
2025/08/05 08:33:21 weather update count: 600
2025/08/05 08:33:21 StationSystem update time: 2.637µs
2025/08/05 08:33:21 SatelliteSystem update...
2025/08/05 08:33:21 satellite count: 1100
2025/08/05 08:33:21 SatelliteSystem update time: 3.342767ms
2025/08/05 08:33:21 TopoSystem update...
2025/08/05 08:33:21 TopoSystem: Link count: 660000
2025/08/05 08:33:21 TopoSystem update time: 15.763084ms
2025/08/05 08:33:21 AttenuationSystem update...
2025/08/05 08:33:21 AttenuationSystem parallel flag: 0
2025/08/05 08:33:22 Attenuation computed count: 660000
2025/08/05 08:33:22 AttenuationSystem update time: 644.158632ms
2025/08/05 08:33:22 Run 2 complete
2025/08/05 08:33:22 StationSystem update...
2025/08/05 08:33:22 weather update count: 600
2025/08/05 08:33:22 StationSystem update time: 2.775µs
2025/08/05 08:33:22 SatelliteSystem update...
2025/08/05 08:33:22 satellite count: 1100
2025/08/05 08:33:22 SatelliteSystem update time: 3.22663ms
2025/08/05 08:33:22 TopoSystem update...
2025/08/05 08:33:22 TopoSystem: Link count: 660000
2025/08/05 08:33:22 TopoSystem update time: 9.790522ms
2025/08/05 08:33:22 AttenuationSystem update...
2025/08/05 08:33:22 AttenuationSystem parallel flag: 0
2025/08/05 08:33:22 Attenuation computed count: 660000
2025/08/05 08:33:22 AttenuationSystem update time: 752.287468ms
2025/08/05 08:33:22 Run 3 complete
2025/08/05 08:33:22 StationSystem update...
2025/08/05 08:33:22 weather update count: 600
2025/08/05 08:33:22 StationSystem update time: 2.941µs
2025/08/05 08:33:22 SatelliteSystem update...
2025/08/05 08:33:22 satellite count: 1100
2025/08/05 08:33:22 SatelliteSystem update time: 9.266886ms
2025/08/05 08:33:22 TopoSystem update...
2025/08/05 08:33:22 TopoSystem: Link count: 660000
2025/08/05 08:33:22 TopoSystem update time: 25.532765ms
2025/08/05 08:33:22 AttenuationSystem update...
2025/08/05 08:33:22 AttenuationSystem parallel flag: 0
2025/08/05 08:33:23 Attenuation computed count: 660000
2025/08/05 08:33:23 AttenuationSystem update time: 770.49802ms
2025/08/05 08:33:23 Run 4 complete
2025/08/05 08:33:23 StationSystem update...
2025/08/05 08:33:23 weather update count: 600
2025/08/05 08:33:23 StationSystem update time: 2.834µs
2025/08/05 08:33:23 SatelliteSystem update...
2025/08/05 08:33:23 satellite count: 1100
2025/08/05 08:33:23 SatelliteSystem update time: 7.472836ms
2025/08/05 08:33:23 TopoSystem update...
2025/08/05 08:33:23 TopoSystem: Link count: 660000
2025/08/05 08:33:23 TopoSystem update time: 25.227681ms
2025/08/05 08:33:23 AttenuationSystem update...
2025/08/05 08:33:23 AttenuationSystem parallel flag: 0
2025/08/05 08:33:24 Attenuation computed count: 660000
2025/08/05 08:33:24 AttenuationSystem update time: 779.864579ms
2025/08/05 08:33:24 Run 5 complete
2025/08/05 08:33:24 StationSystem update...
2025/08/05 08:33:24 weather update count: 600
2025/08/05 08:33:24 StationSystem update time: 2.699µs
2025/08/05 08:33:24 SatelliteSystem update...
2025/08/05 08:33:24 satellite count: 1100
2025/08/05 08:33:24 SatelliteSystem update time: 4.175723ms
2025/08/05 08:33:24 TopoSystem update...
2025/08/05 08:33:24 TopoSystem: Link count: 660000
2025/08/05 08:33:24 TopoSystem update time: 10.772705ms
2025/08/05 08:33:24 AttenuationSystem update...
2025/08/05 08:33:24 AttenuationSystem parallel flag: 0
2025/08/05 08:33:25 Attenuation computed count: 660000
2025/08/05 08:33:25 AttenuationSystem update time: 786.687466ms
2025/08/05 08:33:25 Run 6 complete
2025/08/05 08:33:25 StationSystem update...
2025/08/05 08:33:25 weather update count: 600
2025/08/05 08:33:25 StationSystem update time: 2.743µs
2025/08/05 08:33:25 SatelliteSystem update...
2025/08/05 08:33:25 satellite count: 1100
2025/08/05 08:33:25 SatelliteSystem update time: 4.175977ms
2025/08/05 08:33:25 TopoSystem update...
2025/08/05 08:33:25 TopoSystem: Link count: 660000
2025/08/05 08:33:25 TopoSystem update time: 24.507257ms
2025/08/05 08:33:25 AttenuationSystem update...
2025/08/05 08:33:25 AttenuationSystem parallel flag: 0
2025/08/05 08:33:26 Attenuation computed count: 660000
2025/08/05 08:33:26 AttenuationSystem update time: 786.786884ms
2025/08/05 08:33:26 Run 7 complete
2025/08/05 08:33:26 StationSystem update...
2025/08/05 08:33:26 weather update count: 600
2025/08/05 08:33:26 StationSystem update time: 2.876µs
2025/08/05 08:33:26 SatelliteSystem update...
2025/08/05 08:33:26 satellite count: 1100
2025/08/05 08:33:26 SatelliteSystem update time: 4.184811ms
2025/08/05 08:33:26 TopoSystem update...
2025/08/05 08:33:26 TopoSystem: Link count: 660000
2025/08/05 08:33:26 TopoSystem update time: 24.330524ms
2025/08/05 08:33:26 AttenuationSystem update...
2025/08/05 08:33:26 AttenuationSystem parallel flag: 0
2025/08/05 08:33:26 Attenuation computed count: 660000
2025/08/05 08:33:26 AttenuationSystem update time: 785.385409ms
2025/08/05 08:33:26 Run 8 complete
2025/08/05 08:33:26 StationSystem update...
2025/08/05 08:33:26 weather update count: 600
2025/08/05 08:33:26 StationSystem update time: 2.951µs
2025/08/05 08:33:26 SatelliteSystem update...
2025/08/05 08:33:26 satellite count: 1100
2025/08/05 08:33:26 SatelliteSystem update time: 4.194267ms
2025/08/05 08:33:26 TopoSystem update...
2025/08/05 08:33:26 TopoSystem: Link count: 660000
2025/08/05 08:33:26 TopoSystem update time: 9.920037ms
2025/08/05 08:33:26 AttenuationSystem update...
2025/08/05 08:33:26 AttenuationSystem parallel flag: 0
2025/08/05 08:33:27 Attenuation computed count: 660000
2025/08/05 08:33:27 AttenuationSystem update time: 752.341554ms
2025/08/05 08:33:27 Run 9 complete
2025/08/05 08:33:27 StationSystem update...
2025/08/05 08:33:27 weather update count: 600
2025/08/05 08:33:27 StationSystem update time: 2.882µs
2025/08/05 08:33:27 SatelliteSystem update...
2025/08/05 08:33:27 satellite count: 1100
2025/08/05 08:33:27 SatelliteSystem update time: 4.185855ms
2025/08/05 08:33:27 TopoSystem update...
2025/08/05 08:33:27 TopoSystem: Link count: 660000
2025/08/05 08:33:27 TopoSystem update time: 24.490972ms
2025/08/05 08:33:27 AttenuationSystem update...
2025/08/05 08:33:27 AttenuationSystem parallel flag: 0
2025/08/05 08:33:28 Attenuation computed count: 660000
2025/08/05 08:33:28 AttenuationSystem update time: 776.590762ms
2025/08/05 08:33:28 Run 10 complete
2025/08/05 08:33:28 Total update time:  7.730969298s
2025/08/05 08:33:28 linkCache size: 40

 Performance counter stats for './scale_ecs 600 1100 10 4 2 0':

        14,416,538      cache-references                                                      
         2,859,407      cache-misses                     #   19.83% of all cache refs         

       7.737090192 seconds time elapsed

      14.623283000 seconds user
       0.065996000 seconds sys


