ECS running with 800 stations, 500 satellites, 8 numWGs and 4 numBlocks for 10 rounds in 1 parallel pattern
2025/08/05 09:23:44 StationSystem update...
2025/08/05 09:23:44 weather update count: 800
2025/08/05 09:23:44 StationSystem update time: 4.677µs
2025/08/05 09:23:44 SatelliteSystem update...
2025/08/05 09:23:44 satellite count: 500
2025/08/05 09:23:44 SatelliteSystem update time: 1.912004ms
2025/08/05 09:23:44 TopoSystem update...
2025/08/05 09:23:44 TopoSystem: Link count: 400000
2025/08/05 09:23:44 TopoSystem update time: 11.323652ms
2025/08/05 09:23:44 AttenuationSystem update...
2025/08/05 09:23:44 AttenuationSystem parallel flag: 1
2025/08/05 09:23:44 Attenuation computed count: 400000
2025/08/05 09:23:44 AttenuationSystem update time: 117.070623ms
2025/08/05 09:23:44 Run 1 complete
2025/08/05 09:23:44 StationSystem update...
2025/08/05 09:23:44 weather update count: 800
2025/08/05 09:23:44 StationSystem update time: 3.723µs
2025/08/05 09:23:44 SatelliteSystem update...
2025/08/05 09:23:44 satellite count: 500
2025/08/05 09:23:44 SatelliteSystem update time: 1.915349ms
2025/08/05 09:23:44 TopoSystem update...
2025/08/05 09:23:44 TopoSystem: Link count: 400000
2025/08/05 09:23:44 TopoSystem update time: 11.67639ms
2025/08/05 09:23:44 AttenuationSystem update...
2025/08/05 09:23:44 AttenuationSystem parallel flag: 1
2025/08/05 09:23:44 Attenuation computed count: 400000
2025/08/05 09:23:44 AttenuationSystem update time: 120.974507ms
2025/08/05 09:23:44 Run 2 complete
2025/08/05 09:23:44 StationSystem update...
2025/08/05 09:23:44 weather update count: 800
2025/08/05 09:23:44 StationSystem update time: 3.304µs
2025/08/05 09:23:44 SatelliteSystem update...
2025/08/05 09:23:44 satellite count: 500
2025/08/05 09:23:44 SatelliteSystem update time: 1.937797ms
2025/08/05 09:23:44 TopoSystem update...
2025/08/05 09:23:44 TopoSystem: Link count: 400000
2025/08/05 09:23:44 TopoSystem update time: 6.117892ms
2025/08/05 09:23:44 AttenuationSystem update...
2025/08/05 09:23:44 AttenuationSystem parallel flag: 1
2025/08/05 09:23:44 Attenuation computed count: 400000
2025/08/05 09:23:44 AttenuationSystem update time: 124.889012ms
2025/08/05 09:23:44 Run 3 complete
2025/08/05 09:23:44 StationSystem update...
2025/08/05 09:23:44 weather update count: 800
2025/08/05 09:23:44 StationSystem update time: 3.179µs
2025/08/05 09:23:44 SatelliteSystem update...
2025/08/05 09:23:44 satellite count: 500
2025/08/05 09:23:44 SatelliteSystem update time: 1.908482ms
2025/08/05 09:23:44 TopoSystem update...
2025/08/05 09:23:44 TopoSystem: Link count: 400000
2025/08/05 09:23:44 TopoSystem update time: 6.273452ms
2025/08/05 09:23:44 AttenuationSystem update...
2025/08/05 09:23:44 AttenuationSystem parallel flag: 1
2025/08/05 09:23:44 Attenuation computed count: 400000
2025/08/05 09:23:44 AttenuationSystem update time: 144.018132ms
2025/08/05 09:23:44 Run 4 complete
2025/08/05 09:23:44 StationSystem update...
2025/08/05 09:23:44 weather update count: 800
2025/08/05 09:23:44 StationSystem update time: 3.351µs
2025/08/05 09:23:44 SatelliteSystem update...
2025/08/05 09:23:44 satellite count: 500
2025/08/05 09:23:44 SatelliteSystem update time: 1.916022ms
2025/08/05 09:23:44 TopoSystem update...
2025/08/05 09:23:44 TopoSystem: Link count: 400000
2025/08/05 09:23:44 TopoSystem update time: 7.071534ms
2025/08/05 09:23:44 AttenuationSystem update...
2025/08/05 09:23:44 AttenuationSystem parallel flag: 1
2025/08/05 09:23:45 Attenuation computed count: 400000
2025/08/05 09:23:45 AttenuationSystem update time: 148.257964ms
2025/08/05 09:23:45 Run 5 complete
2025/08/05 09:23:45 StationSystem update...
2025/08/05 09:23:45 weather update count: 800
2025/08/05 09:23:45 StationSystem update time: 3.283µs
2025/08/05 09:23:45 SatelliteSystem update...
2025/08/05 09:23:45 satellite count: 500
2025/08/05 09:23:45 SatelliteSystem update time: 1.906574ms
2025/08/05 09:23:45 TopoSystem update...
2025/08/05 09:23:45 TopoSystem: Link count: 400000
2025/08/05 09:23:45 TopoSystem update time: 5.965847ms
2025/08/05 09:23:45 AttenuationSystem update...
2025/08/05 09:23:45 AttenuationSystem parallel flag: 1
2025/08/05 09:23:45 Attenuation computed count: 400000
2025/08/05 09:23:45 AttenuationSystem update time: 122.677303ms
2025/08/05 09:23:45 Run 6 complete
2025/08/05 09:23:45 StationSystem update...
2025/08/05 09:23:45 weather update count: 800
2025/08/05 09:23:45 StationSystem update time: 3.253µs
2025/08/05 09:23:45 SatelliteSystem update...
2025/08/05 09:23:45 satellite count: 500
2025/08/05 09:23:45 SatelliteSystem update time: 1.91135ms
2025/08/05 09:23:45 TopoSystem update...
2025/08/05 09:23:45 TopoSystem: Link count: 400000
2025/08/05 09:23:45 TopoSystem update time: 7.131414ms
2025/08/05 09:23:45 AttenuationSystem update...
2025/08/05 09:23:45 AttenuationSystem parallel flag: 1
2025/08/05 09:23:45 Attenuation computed count: 400000
2025/08/05 09:23:45 AttenuationSystem update time: 161.102442ms
2025/08/05 09:23:45 Run 7 complete
2025/08/05 09:23:45 StationSystem update...
2025/08/05 09:23:45 weather update count: 800
2025/08/05 09:23:45 StationSystem update time: 3.159µs
2025/08/05 09:23:45 SatelliteSystem update...
2025/08/05 09:23:45 satellite count: 500
2025/08/05 09:23:45 SatelliteSystem update time: 1.914398ms
2025/08/05 09:23:45 TopoSystem update...
2025/08/05 09:23:45 TopoSystem: Link count: 400000
2025/08/05 09:23:45 TopoSystem update time: 9.60368ms
2025/08/05 09:23:45 AttenuationSystem update...
2025/08/05 09:23:45 AttenuationSystem parallel flag: 1
2025/08/05 09:23:45 Attenuation computed count: 400000
2025/08/05 09:23:45 AttenuationSystem update time: 158.131382ms
2025/08/05 09:23:45 Run 8 complete
2025/08/05 09:23:45 StationSystem update...
2025/08/05 09:23:45 weather update count: 800
2025/08/05 09:23:45 StationSystem update time: 3.682µs
2025/08/05 09:23:45 SatelliteSystem update...
2025/08/05 09:23:45 satellite count: 500
2025/08/05 09:23:45 SatelliteSystem update time: 1.915337ms
2025/08/05 09:23:45 TopoSystem update...
2025/08/05 09:23:45 TopoSystem: Link count: 400000
2025/08/05 09:23:45 TopoSystem update time: 6.579302ms
2025/08/05 09:23:45 AttenuationSystem update...
2025/08/05 09:23:45 AttenuationSystem parallel flag: 1
2025/08/05 09:23:45 Attenuation computed count: 400000
2025/08/05 09:23:45 AttenuationSystem update time: 140.796177ms
2025/08/05 09:23:45 Run 9 complete
2025/08/05 09:23:45 StationSystem update...
2025/08/05 09:23:45 weather update count: 800
2025/08/05 09:23:45 StationSystem update time: 3.371µs
2025/08/05 09:23:45 SatelliteSystem update...
2025/08/05 09:23:45 satellite count: 500
2025/08/05 09:23:45 SatelliteSystem update time: 1.902567ms
2025/08/05 09:23:45 TopoSystem update...
2025/08/05 09:23:45 TopoSystem: Link count: 400000
2025/08/05 09:23:45 TopoSystem update time: 5.441242ms
2025/08/05 09:23:45 AttenuationSystem update...
2025/08/05 09:23:45 AttenuationSystem parallel flag: 1
2025/08/05 09:23:45 Attenuation computed count: 400000
2025/08/05 09:23:45 AttenuationSystem update time: 149.252292ms
2025/08/05 09:23:45 Run 10 complete
2025/08/05 09:23:45 Total update time:  1.486018825s
2025/08/05 09:23:45 linkCache size: 40

 Performance counter stats for './scale_ecs 800 500 10 8 4 1':

         9,135,323      cache-references                                                      
           956,424      cache-misses                     #   10.47% of all cache refs         

       1.493786034 seconds time elapsed

       8.764313000 seconds user
       0.040940000 seconds sys


