ECS running with 700 stations, 1500 satellites, 4 numWGs and 8 numBlocks for 10 rounds in 1 parallel pattern
2025/08/05 09:09:18 StationSystem update...
2025/08/05 09:09:18 weather update count: 700
2025/08/05 09:09:18 StationSystem update time: 4.637µs
2025/08/05 09:09:18 SatelliteSystem update...
2025/08/05 09:09:18 satellite count: 1500
2025/08/05 09:09:18 SatelliteSystem update time: 5.686085ms
2025/08/05 09:09:18 TopoSystem update...
2025/08/05 09:09:18 TopoSystem: Link count: 1050000
2025/08/05 09:09:18 TopoSystem update time: 32.680299ms
2025/08/05 09:09:18 AttenuationSystem update...
2025/08/05 09:09:18 AttenuationSystem parallel flag: 1
2025/08/05 09:09:18 Attenuation computed count: 1050000
2025/08/05 09:09:18 AttenuationSystem update time: 600.981394ms
2025/08/05 09:09:18 Run 1 complete
2025/08/05 09:09:18 StationSystem update...
2025/08/05 09:09:18 weather update count: 700
2025/08/05 09:09:18 StationSystem update time: 3.209µs
2025/08/05 09:09:18 SatelliteSystem update...
2025/08/05 09:09:18 satellite count: 1500
2025/08/05 09:09:18 SatelliteSystem update time: 5.675702ms
2025/08/05 09:09:18 TopoSystem update...
2025/08/05 09:09:18 TopoSystem: Link count: 1050000
2025/08/05 09:09:18 TopoSystem update time: 28.398305ms
2025/08/05 09:09:18 AttenuationSystem update...
2025/08/05 09:09:18 AttenuationSystem parallel flag: 1
2025/08/05 09:09:19 Attenuation computed count: 1050000
2025/08/05 09:09:19 AttenuationSystem update time: 609.121113ms
2025/08/05 09:09:19 Run 2 complete
2025/08/05 09:09:19 StationSystem update...
2025/08/05 09:09:19 weather update count: 700
2025/08/05 09:09:19 StationSystem update time: 3.124µs
2025/08/05 09:09:19 SatelliteSystem update...
2025/08/05 09:09:19 satellite count: 1500
2025/08/05 09:09:19 SatelliteSystem update time: 5.675793ms
2025/08/05 09:09:19 TopoSystem update...
2025/08/05 09:09:19 TopoSystem: Link count: 1050000
2025/08/05 09:09:19 TopoSystem update time: 15.960097ms
2025/08/05 09:09:19 AttenuationSystem update...
2025/08/05 09:09:19 AttenuationSystem parallel flag: 1
2025/08/05 09:09:20 Attenuation computed count: 1050000
2025/08/05 09:09:20 AttenuationSystem update time: 629.158816ms
2025/08/05 09:09:20 Run 3 complete
2025/08/05 09:09:20 StationSystem update...
2025/08/05 09:09:20 weather update count: 700
2025/08/05 09:09:20 StationSystem update time: 3.45µs
2025/08/05 09:09:20 SatelliteSystem update...
2025/08/05 09:09:20 satellite count: 1500
2025/08/05 09:09:20 SatelliteSystem update time: 5.686779ms
2025/08/05 09:09:20 TopoSystem update...
2025/08/05 09:09:20 TopoSystem: Link count: 1050000
2025/08/05 09:09:20 TopoSystem update time: 20.842202ms
2025/08/05 09:09:20 AttenuationSystem update...
2025/08/05 09:09:20 AttenuationSystem parallel flag: 1
2025/08/05 09:09:20 Attenuation computed count: 1050000
2025/08/05 09:09:20 AttenuationSystem update time: 598.706907ms
2025/08/05 09:09:20 Run 4 complete
2025/08/05 09:09:20 StationSystem update...
2025/08/05 09:09:20 weather update count: 700
2025/08/05 09:09:20 StationSystem update time: 3.32µs
2025/08/05 09:09:20 SatelliteSystem update...
2025/08/05 09:09:20 satellite count: 1500
2025/08/05 09:09:20 SatelliteSystem update time: 4.215156ms
2025/08/05 09:09:20 TopoSystem update...
2025/08/05 09:09:20 TopoSystem: Link count: 1050000
2025/08/05 09:09:20 TopoSystem update time: 13.254265ms
2025/08/05 09:09:20 AttenuationSystem update...
2025/08/05 09:09:20 AttenuationSystem parallel flag: 1
2025/08/05 09:09:21 Attenuation computed count: 1050000
2025/08/05 09:09:21 AttenuationSystem update time: 602.797605ms
2025/08/05 09:09:21 Run 5 complete
2025/08/05 09:09:21 StationSystem update...
2025/08/05 09:09:21 weather update count: 700
2025/08/05 09:09:21 StationSystem update time: 2.886µs
2025/08/05 09:09:21 SatelliteSystem update...
2025/08/05 09:09:21 satellite count: 1500
2025/08/05 09:09:21 SatelliteSystem update time: 4.227163ms
2025/08/05 09:09:21 TopoSystem update...
2025/08/05 09:09:21 TopoSystem: Link count: 1050000
2025/08/05 09:09:21 TopoSystem update time: 12.363938ms
2025/08/05 09:09:21 AttenuationSystem update...
2025/08/05 09:09:21 AttenuationSystem parallel flag: 1
2025/08/05 09:09:21 Attenuation computed count: 1050000
2025/08/05 09:09:21 AttenuationSystem update time: 452.698856ms
2025/08/05 09:09:21 Run 6 complete
2025/08/05 09:09:21 StationSystem update...
2025/08/05 09:09:21 weather update count: 700
2025/08/05 09:09:21 StationSystem update time: 2.591µs
2025/08/05 09:09:21 SatelliteSystem update...
2025/08/05 09:09:21 satellite count: 1500
2025/08/05 09:09:21 SatelliteSystem update time: 4.220357ms
2025/08/05 09:09:21 TopoSystem update...
2025/08/05 09:09:21 TopoSystem: Link count: 1050000
2025/08/05 09:09:21 TopoSystem update time: 12.444357ms
2025/08/05 09:09:21 AttenuationSystem update...
2025/08/05 09:09:21 AttenuationSystem parallel flag: 1
2025/08/05 09:09:22 Attenuation computed count: 1050000
2025/08/05 09:09:22 AttenuationSystem update time: 632.696921ms
2025/08/05 09:09:22 Run 7 complete
2025/08/05 09:09:22 StationSystem update...
2025/08/05 09:09:22 weather update count: 700
2025/08/05 09:09:22 StationSystem update time: 3.764µs
2025/08/05 09:09:22 SatelliteSystem update...
2025/08/05 09:09:22 satellite count: 1500
2025/08/05 09:09:22 SatelliteSystem update time: 4.22605ms
2025/08/05 09:09:22 TopoSystem update...
2025/08/05 09:09:22 TopoSystem: Link count: 1050000
2025/08/05 09:09:22 TopoSystem update time: 12.59191ms
2025/08/05 09:09:22 AttenuationSystem update...
2025/08/05 09:09:22 AttenuationSystem parallel flag: 1
2025/08/05 09:09:23 Attenuation computed count: 1050000
2025/08/05 09:09:23 AttenuationSystem update time: 587.374121ms
2025/08/05 09:09:23 Run 8 complete
2025/08/05 09:09:23 StationSystem update...
2025/08/05 09:09:23 weather update count: 700
2025/08/05 09:09:23 StationSystem update time: 3.666µs
2025/08/05 09:09:23 SatelliteSystem update...
2025/08/05 09:09:23 satellite count: 1500
2025/08/05 09:09:23 SatelliteSystem update time: 4.226157ms
2025/08/05 09:09:23 TopoSystem update...
2025/08/05 09:09:23 TopoSystem: Link count: 1050000
2025/08/05 09:09:23 TopoSystem update time: 18.290068ms
2025/08/05 09:09:23 AttenuationSystem update...
2025/08/05 09:09:23 AttenuationSystem parallel flag: 1
2025/08/05 09:09:23 Attenuation computed count: 1050000
2025/08/05 09:09:23 AttenuationSystem update time: 617.738164ms
2025/08/05 09:09:23 Run 9 complete
2025/08/05 09:09:23 StationSystem update...
2025/08/05 09:09:23 weather update count: 700
2025/08/05 09:09:23 StationSystem update time: 3.341µs
2025/08/05 09:09:23 SatelliteSystem update...
2025/08/05 09:09:23 satellite count: 1500
2025/08/05 09:09:23 SatelliteSystem update time: 5.679299ms
2025/08/05 09:09:23 TopoSystem update...
2025/08/05 09:09:23 TopoSystem: Link count: 1050000
2025/08/05 09:09:23 TopoSystem update time: 15.32115ms
2025/08/05 09:09:23 AttenuationSystem update...
2025/08/05 09:09:23 AttenuationSystem parallel flag: 1
2025/08/05 09:09:24 Attenuation computed count: 1050000
2025/08/05 09:09:24 AttenuationSystem update time: 632.363459ms
2025/08/05 09:09:24 Run 10 complete
2025/08/05 09:09:24 Total update time:  6.203417533s
2025/08/05 09:09:24 linkCache size: 40

 Performance counter stats for './scale_ecs 700 1500 10 4 8 1':

        22,028,833      cache-references                                                      
         4,758,745      cache-misses                     #   21.60% of all cache refs         

       6.211973000 seconds time elapsed

      21.036080000 seconds user
       0.066037000 seconds sys


