ECS running with 500 stations, 1500 satellites, 8 numWGs and 2 numBlocks for 10 rounds in 1 parallel pattern
2025/08/05 08:15:05 StationSystem update...
2025/08/05 08:15:05 weather update count: 500
2025/08/05 08:15:05 SatelliteSystem update...
2025/08/05 08:15:05 StationSystem update time: 3.995µs
2025/08/05 08:15:05 satellite count: 1500
2025/08/05 08:15:05 SatelliteSystem update time: 5.688388ms
2025/08/05 08:15:05 TopoSystem update...
2025/08/05 08:15:05 TopoSystem: Link count: 750000
2025/08/05 08:15:05 TopoSystem update time: 22.878174ms
2025/08/05 08:15:05 AttenuationSystem update...
2025/08/05 08:15:05 AttenuationSystem parallel flag: 1
2025/08/05 08:15:05 Attenuation computed count: 750000
2025/08/05 08:15:05 AttenuationSystem update time: 223.997971ms
2025/08/05 08:15:05 Run 1 complete
2025/08/05 08:15:05 StationSystem update...
2025/08/05 08:15:05 weather update count: 500
2025/08/05 08:15:05 StationSystem update time: 2.655µs
2025/08/05 08:15:05 SatelliteSystem update...
2025/08/05 08:15:05 satellite count: 1500
2025/08/05 08:15:05 SatelliteSystem update time: 5.6785ms
2025/08/05 08:15:05 TopoSystem update...
2025/08/05 08:15:05 TopoSystem: Link count: 750000
2025/08/05 08:15:05 TopoSystem update time: 17.061492ms
2025/08/05 08:15:05 AttenuationSystem update...
2025/08/05 08:15:05 AttenuationSystem parallel flag: 1
2025/08/05 08:15:05 Attenuation computed count: 750000
2025/08/05 08:15:05 AttenuationSystem update time: 214.899541ms
2025/08/05 08:15:05 Run 2 complete
2025/08/05 08:15:05 StationSystem update...
2025/08/05 08:15:05 weather update count: 500
2025/08/05 08:15:05 StationSystem update time: 2.735µs
2025/08/05 08:15:05 SatelliteSystem update...
2025/08/05 08:15:05 satellite count: 1500
2025/08/05 08:15:05 SatelliteSystem update time: 5.681943ms
2025/08/05 08:15:05 TopoSystem update...
2025/08/05 08:15:05 TopoSystem: Link count: 750000
2025/08/05 08:15:05 TopoSystem update time: 25.562842ms
2025/08/05 08:15:05 AttenuationSystem update...
2025/08/05 08:15:05 AttenuationSystem parallel flag: 1
2025/08/05 08:15:05 Attenuation computed count: 750000
2025/08/05 08:15:05 AttenuationSystem update time: 248.046945ms
2025/08/05 08:15:05 Run 3 complete
2025/08/05 08:15:05 StationSystem update...
2025/08/05 08:15:05 weather update count: 500
2025/08/05 08:15:05 StationSystem update time: 2.677µs
2025/08/05 08:15:05 SatelliteSystem update...
2025/08/05 08:15:05 satellite count: 1500
2025/08/05 08:15:05 SatelliteSystem update time: 5.685752ms
2025/08/05 08:15:05 TopoSystem update...
2025/08/05 08:15:05 TopoSystem: Link count: 750000
2025/08/05 08:15:05 TopoSystem update time: 12.831275ms
2025/08/05 08:15:05 AttenuationSystem update...
2025/08/05 08:15:05 AttenuationSystem parallel flag: 1
2025/08/05 08:15:06 Attenuation computed count: 750000
2025/08/05 08:15:06 AttenuationSystem update time: 224.916991ms
2025/08/05 08:15:06 Run 4 complete
2025/08/05 08:15:06 StationSystem update...
2025/08/05 08:15:06 weather update count: 500
2025/08/05 08:15:06 StationSystem update time: 2.699µs
2025/08/05 08:15:06 SatelliteSystem update...
2025/08/05 08:15:06 satellite count: 1500
2025/08/05 08:15:06 SatelliteSystem update time: 5.677703ms
2025/08/05 08:15:06 TopoSystem update...
2025/08/05 08:15:06 TopoSystem: Link count: 750000
2025/08/05 08:15:06 TopoSystem update time: 10.961487ms
2025/08/05 08:15:06 AttenuationSystem update...
2025/08/05 08:15:06 AttenuationSystem parallel flag: 1
2025/08/05 08:15:06 Attenuation computed count: 750000
2025/08/05 08:15:06 AttenuationSystem update time: 248.546956ms
2025/08/05 08:15:06 Run 5 complete
2025/08/05 08:15:06 StationSystem update...
2025/08/05 08:15:06 weather update count: 500
2025/08/05 08:15:06 StationSystem update time: 2.636µs
2025/08/05 08:15:06 SatelliteSystem update...
2025/08/05 08:15:06 satellite count: 1500
2025/08/05 08:15:06 SatelliteSystem update time: 5.873567ms
2025/08/05 08:15:06 TopoSystem update...
2025/08/05 08:15:06 TopoSystem: Link count: 750000
2025/08/05 08:15:06 TopoSystem update time: 10.907271ms
2025/08/05 08:15:06 AttenuationSystem update...
2025/08/05 08:15:06 AttenuationSystem parallel flag: 1
2025/08/05 08:15:06 Attenuation computed count: 750000
2025/08/05 08:15:06 AttenuationSystem update time: 247.200183ms
2025/08/05 08:15:06 Run 6 complete
2025/08/05 08:15:06 StationSystem update...
2025/08/05 08:15:06 weather update count: 500
2025/08/05 08:15:06 StationSystem update time: 2.709µs
2025/08/05 08:15:06 SatelliteSystem update...
2025/08/05 08:15:06 satellite count: 1500
2025/08/05 08:15:06 SatelliteSystem update time: 5.674381ms
2025/08/05 08:15:06 TopoSystem update...
2025/08/05 08:15:06 TopoSystem: Link count: 750000
2025/08/05 08:15:06 TopoSystem update time: 11.091556ms
2025/08/05 08:15:06 AttenuationSystem update...
2025/08/05 08:15:06 AttenuationSystem parallel flag: 1
2025/08/05 08:15:06 Attenuation computed count: 750000
2025/08/05 08:15:06 AttenuationSystem update time: 235.579891ms
2025/08/05 08:15:06 Run 7 complete
2025/08/05 08:15:06 StationSystem update...
2025/08/05 08:15:06 weather update count: 500
2025/08/05 08:15:06 StationSystem update time: 2.95µs
2025/08/05 08:15:06 SatelliteSystem update...
2025/08/05 08:15:06 satellite count: 1500
2025/08/05 08:15:06 SatelliteSystem update time: 4.215868ms
2025/08/05 08:15:06 TopoSystem update...
2025/08/05 08:15:06 TopoSystem: Link count: 750000
2025/08/05 08:15:06 TopoSystem update time: 8.729751ms
2025/08/05 08:15:06 AttenuationSystem update...
2025/08/05 08:15:06 AttenuationSystem parallel flag: 1
2025/08/05 08:15:07 Attenuation computed count: 750000
2025/08/05 08:15:07 AttenuationSystem update time: 257.700412ms
2025/08/05 08:15:07 Run 8 complete
2025/08/05 08:15:07 StationSystem update...
2025/08/05 08:15:07 weather update count: 500
2025/08/05 08:15:07 StationSystem update time: 2.726µs
2025/08/05 08:15:07 SatelliteSystem update...
2025/08/05 08:15:07 satellite count: 1500
2025/08/05 08:15:07 SatelliteSystem update time: 5.677815ms
2025/08/05 08:15:07 TopoSystem update...
2025/08/05 08:15:07 TopoSystem: Link count: 750000
2025/08/05 08:15:07 TopoSystem update time: 11.221344ms
2025/08/05 08:15:07 AttenuationSystem update...
2025/08/05 08:15:07 AttenuationSystem parallel flag: 1
2025/08/05 08:15:07 Attenuation computed count: 750000
2025/08/05 08:15:07 AttenuationSystem update time: 234.592545ms
2025/08/05 08:15:07 Run 9 complete
2025/08/05 08:15:07 StationSystem update...
2025/08/05 08:15:07 weather update count: 500
2025/08/05 08:15:07 StationSystem update time: 3.013µs
2025/08/05 08:15:07 SatelliteSystem update...
2025/08/05 08:15:07 satellite count: 1500
2025/08/05 08:15:07 SatelliteSystem update time: 5.67365ms
2025/08/05 08:15:07 TopoSystem update...
2025/08/05 08:15:07 TopoSystem: Link count: 750000
2025/08/05 08:15:07 TopoSystem update time: 25.218226ms
2025/08/05 08:15:07 AttenuationSystem update...
2025/08/05 08:15:07 AttenuationSystem parallel flag: 1
2025/08/05 08:15:07 Attenuation computed count: 750000
2025/08/05 08:15:07 AttenuationSystem update time: 232.229496ms
2025/08/05 08:15:07 Run 10 complete
2025/08/05 08:15:07 Total update time:  2.587780966s
2025/08/05 08:15:07 linkCache size: 40

 Performance counter stats for './scale_ecs 500 1500 10 8 2 1':

        16,369,081      cache-references                                                      
         2,446,591      cache-misses                     #   14.95% of all cache refs         

       2.593710467 seconds time elapsed

      17.005530000 seconds user
       0.031030000 seconds sys


