ECS running with 700 stations, 1800 satellites, 4 numWGs and 8 numBlocks for 10 rounds in 1 parallel pattern
2025/08/05 09:16:33 StationSystem update...
2025/08/05 09:16:33 weather update count: 700
2025/08/05 09:16:33 StationSystem update time: 5.292µs
2025/08/05 09:16:33 SatelliteSystem update...
2025/08/05 09:16:33 satellite count: 1800
2025/08/05 09:16:33 SatelliteSystem update time: 6.79658ms
2025/08/05 09:16:33 TopoSystem update...
2025/08/05 09:16:33 TopoSystem: Link count: 1260000
2025/08/05 09:16:33 TopoSystem update time: 37.235171ms
2025/08/05 09:16:33 AttenuationSystem update...
2025/08/05 09:16:33 AttenuationSystem parallel flag: 1
2025/08/05 09:16:34 Attenuation computed count: 1260000
2025/08/05 09:16:34 AttenuationSystem update time: 725.66762ms
2025/08/05 09:16:34 Run 1 complete
2025/08/05 09:16:34 StationSystem update...
2025/08/05 09:16:34 weather update count: 700
2025/08/05 09:16:34 StationSystem update time: 3.505µs
2025/08/05 09:16:34 SatelliteSystem update...
2025/08/05 09:16:34 satellite count: 1800
2025/08/05 09:16:34 SatelliteSystem update time: 6.795563ms
2025/08/05 09:16:34 TopoSystem update...
2025/08/05 09:16:34 TopoSystem: Link count: 1260000
2025/08/05 09:16:34 TopoSystem update time: 37.949422ms
2025/08/05 09:16:34 AttenuationSystem update...
2025/08/05 09:16:34 AttenuationSystem parallel flag: 1
2025/08/05 09:16:35 Attenuation computed count: 1260000
2025/08/05 09:16:35 AttenuationSystem update time: 852.191717ms
2025/08/05 09:16:35 Run 2 complete
2025/08/05 09:16:35 StationSystem update...
2025/08/05 09:16:35 weather update count: 700
2025/08/05 09:16:35 StationSystem update time: 3.342µs
2025/08/05 09:16:35 SatelliteSystem update...
2025/08/05 09:16:35 satellite count: 1800
2025/08/05 09:16:35 SatelliteSystem update time: 6.798405ms
2025/08/05 09:16:35 TopoSystem update...
2025/08/05 09:16:35 TopoSystem: Link count: 1260000
2025/08/05 09:16:35 TopoSystem update time: 25.072279ms
2025/08/05 09:16:35 AttenuationSystem update...
2025/08/05 09:16:35 AttenuationSystem parallel flag: 1
2025/08/05 09:16:36 Attenuation computed count: 1260000
2025/08/05 09:16:36 AttenuationSystem update time: 717.731932ms
2025/08/05 09:16:36 Run 3 complete
2025/08/05 09:16:36 StationSystem update...
2025/08/05 09:16:36 weather update count: 700
2025/08/05 09:16:36 StationSystem update time: 3.337µs
2025/08/05 09:16:36 SatelliteSystem update...
2025/08/05 09:16:36 satellite count: 1800
2025/08/05 09:16:36 SatelliteSystem update time: 6.795637ms
2025/08/05 09:16:36 TopoSystem update...
2025/08/05 09:16:36 TopoSystem: Link count: 1260000
2025/08/05 09:16:36 TopoSystem update time: 19.663709ms
2025/08/05 09:16:36 AttenuationSystem update...
2025/08/05 09:16:36 AttenuationSystem parallel flag: 1
2025/08/05 09:16:36 Attenuation computed count: 1260000
2025/08/05 09:16:36 AttenuationSystem update time: 727.920296ms
2025/08/05 09:16:36 Run 4 complete
2025/08/05 09:16:36 StationSystem update...
2025/08/05 09:16:36 weather update count: 700
2025/08/05 09:16:36 StationSystem update time: 3.715µs
2025/08/05 09:16:36 SatelliteSystem update...
2025/08/05 09:16:36 satellite count: 1800
2025/08/05 09:16:36 SatelliteSystem update time: 6.798915ms
2025/08/05 09:16:36 TopoSystem update...
2025/08/05 09:16:36 TopoSystem: Link count: 1260000
2025/08/05 09:16:36 TopoSystem update time: 18.009812ms
2025/08/05 09:16:36 AttenuationSystem update...
2025/08/05 09:16:36 AttenuationSystem parallel flag: 1
2025/08/05 09:16:37 Attenuation computed count: 1260000
2025/08/05 09:16:37 AttenuationSystem update time: 755.357664ms
2025/08/05 09:16:37 Run 5 complete
2025/08/05 09:16:37 StationSystem update...
2025/08/05 09:16:37 weather update count: 700
2025/08/05 09:16:37 StationSystem update time: 3.826µs
2025/08/05 09:16:37 SatelliteSystem update...
2025/08/05 09:16:37 satellite count: 1800
2025/08/05 09:16:37 SatelliteSystem update time: 6.811698ms
2025/08/05 09:16:37 TopoSystem update...
2025/08/05 09:16:37 TopoSystem: Link count: 1260000
2025/08/05 09:16:37 TopoSystem update time: 25.220519ms
2025/08/05 09:16:37 AttenuationSystem update...
2025/08/05 09:16:37 AttenuationSystem parallel flag: 1
2025/08/05 09:16:38 Attenuation computed count: 1260000
2025/08/05 09:16:38 AttenuationSystem update time: 719.47137ms
2025/08/05 09:16:38 Run 6 complete
2025/08/05 09:16:38 StationSystem update...
2025/08/05 09:16:38 weather update count: 700
2025/08/05 09:16:38 StationSystem update time: 3.653µs
2025/08/05 09:16:38 SatelliteSystem update...
2025/08/05 09:16:38 satellite count: 1800
2025/08/05 09:16:38 SatelliteSystem update time: 6.807694ms
2025/08/05 09:16:38 TopoSystem update...
2025/08/05 09:16:38 TopoSystem: Link count: 1260000
2025/08/05 09:16:38 TopoSystem update time: 19.133424ms
2025/08/05 09:16:38 AttenuationSystem update...
2025/08/05 09:16:38 AttenuationSystem parallel flag: 1
2025/08/05 09:16:39 Attenuation computed count: 1260000
2025/08/05 09:16:39 AttenuationSystem update time: 752.936376ms
2025/08/05 09:16:39 Run 7 complete
2025/08/05 09:16:39 StationSystem update...
2025/08/05 09:16:39 weather update count: 700
2025/08/05 09:16:39 StationSystem update time: 3.515µs
2025/08/05 09:16:39 SatelliteSystem update...
2025/08/05 09:16:39 satellite count: 1800
2025/08/05 09:16:39 SatelliteSystem update time: 6.806638ms
2025/08/05 09:16:39 TopoSystem update...
2025/08/05 09:16:39 TopoSystem: Link count: 1260000
2025/08/05 09:16:39 TopoSystem update time: 19.322641ms
2025/08/05 09:16:39 AttenuationSystem update...
2025/08/05 09:16:39 AttenuationSystem parallel flag: 1
2025/08/05 09:16:39 Attenuation computed count: 1260000
2025/08/05 09:16:39 AttenuationSystem update time: 613.895487ms
2025/08/05 09:16:39 Run 8 complete
2025/08/05 09:16:39 StationSystem update...
2025/08/05 09:16:39 weather update count: 700
2025/08/05 09:16:39 StationSystem update time: 2.827µs
2025/08/05 09:16:39 SatelliteSystem update...
2025/08/05 09:16:39 satellite count: 1800
2025/08/05 09:16:39 SatelliteSystem update time: 5.055118ms
2025/08/05 09:16:39 TopoSystem update...
2025/08/05 09:16:39 TopoSystem: Link count: 1260000
2025/08/05 09:16:39 TopoSystem update time: 14.921999ms
2025/08/05 09:16:39 AttenuationSystem update...
2025/08/05 09:16:39 AttenuationSystem parallel flag: 1
2025/08/05 09:16:40 Attenuation computed count: 1260000
2025/08/05 09:16:40 AttenuationSystem update time: 727.259511ms
2025/08/05 09:16:40 Run 9 complete
2025/08/05 09:16:40 StationSystem update...
2025/08/05 09:16:40 weather update count: 700
2025/08/05 09:16:40 StationSystem update time: 3.455µs
2025/08/05 09:16:40 SatelliteSystem update...
2025/08/05 09:16:40 satellite count: 1800
2025/08/05 09:16:40 SatelliteSystem update time: 6.819794ms
2025/08/05 09:16:40 TopoSystem update...
2025/08/05 09:16:40 TopoSystem: Link count: 1260000
2025/08/05 09:16:40 TopoSystem update time: 24.784277ms
2025/08/05 09:16:40 AttenuationSystem update...
2025/08/05 09:16:40 AttenuationSystem parallel flag: 1
2025/08/05 09:16:41 Attenuation computed count: 1260000
2025/08/05 09:16:41 AttenuationSystem update time: 669.554572ms
2025/08/05 09:16:41 Run 10 complete
2025/08/05 09:16:41 Total update time:  7.580500485s
2025/08/05 09:16:41 linkCache size: 40

 Performance counter stats for './scale_ecs 700 1800 10 4 8 1':

        26,586,767      cache-references                                                      
         6,168,967      cache-misses                     #   23.20% of all cache refs         

       7.589183690 seconds time elapsed

      26.523196000 seconds user
       0.077023000 seconds sys


