ECS running with 800 stations, 1100 satellites, 8 numWGs and 4 numBlocks for 10 rounds in 1 parallel pattern
2025/08/05 10:01:53 StationSystem update...
2025/08/05 10:01:53 weather update count: 800
2025/08/05 10:01:53 SatelliteSystem update...
2025/08/05 10:01:53 StationSystem update time: 3.95µs
2025/08/05 10:01:53 satellite count: 1100
2025/08/05 10:01:53 SatelliteSystem update time: 4.188234ms
2025/08/05 10:01:53 TopoSystem update...
2025/08/05 10:01:53 TopoSystem: Link count: 880000
2025/08/05 10:01:53 TopoSystem update time: 24.352359ms
2025/08/05 10:01:53 AttenuationSystem update...
2025/08/05 10:01:53 AttenuationSystem parallel flag: 1
2025/08/05 10:01:53 Attenuation computed count: 880000
2025/08/05 10:01:53 AttenuationSystem update time: 254.035383ms
2025/08/05 10:01:53 Run 1 complete
2025/08/05 10:01:53 StationSystem update...
2025/08/05 10:01:53 weather update count: 800
2025/08/05 10:01:53 StationSystem update time: 3.187µs
2025/08/05 10:01:53 SatelliteSystem update...
2025/08/05 10:01:53 satellite count: 1100
2025/08/05 10:01:53 SatelliteSystem update time: 4.173531ms
2025/08/05 10:01:53 TopoSystem update...
2025/08/05 10:01:53 TopoSystem: Link count: 880000
2025/08/05 10:01:53 TopoSystem update time: 23.94405ms
2025/08/05 10:01:53 AttenuationSystem update...
2025/08/05 10:01:53 AttenuationSystem parallel flag: 1
2025/08/05 10:01:53 Attenuation computed count: 880000
2025/08/05 10:01:53 AttenuationSystem update time: 255.619824ms
2025/08/05 10:01:53 Run 2 complete
2025/08/05 10:01:53 StationSystem update...
2025/08/05 10:01:53 weather update count: 800
2025/08/05 10:01:53 StationSystem update time: 3.198µs
2025/08/05 10:01:53 SatelliteSystem update...
2025/08/05 10:01:53 satellite count: 1100
2025/08/05 10:01:53 SatelliteSystem update time: 4.173523ms
2025/08/05 10:01:53 TopoSystem update...
2025/08/05 10:01:53 TopoSystem: Link count: 880000
2025/08/05 10:01:53 TopoSystem update time: 11.792089ms
2025/08/05 10:01:53 AttenuationSystem update...
2025/08/05 10:01:53 AttenuationSystem parallel flag: 1
2025/08/05 10:01:54 Attenuation computed count: 880000
2025/08/05 10:01:54 AttenuationSystem update time: 273.822245ms
2025/08/05 10:01:54 Run 3 complete
2025/08/05 10:01:54 StationSystem update...
2025/08/05 10:01:54 weather update count: 800
2025/08/05 10:01:54 StationSystem update time: 3.174µs
2025/08/05 10:01:54 SatelliteSystem update...
2025/08/05 10:01:54 satellite count: 1100
2025/08/05 10:01:54 SatelliteSystem update time: 4.178421ms
2025/08/05 10:01:54 TopoSystem update...
2025/08/05 10:01:54 TopoSystem: Link count: 880000
2025/08/05 10:01:54 TopoSystem update time: 11.787047ms
2025/08/05 10:01:54 AttenuationSystem update...
2025/08/05 10:01:54 AttenuationSystem parallel flag: 1
2025/08/05 10:01:54 Attenuation computed count: 880000
2025/08/05 10:01:54 AttenuationSystem update time: 342.26404ms
2025/08/05 10:01:54 Run 4 complete
2025/08/05 10:01:54 StationSystem update...
2025/08/05 10:01:54 weather update count: 800
2025/08/05 10:01:54 StationSystem update time: 3.597µs
2025/08/05 10:01:54 SatelliteSystem update...
2025/08/05 10:01:54 satellite count: 1100
2025/08/05 10:01:54 SatelliteSystem update time: 4.239578ms
2025/08/05 10:01:54 TopoSystem update...
2025/08/05 10:01:54 TopoSystem: Link count: 880000
2025/08/05 10:01:54 TopoSystem update time: 15.257118ms
2025/08/05 10:01:54 AttenuationSystem update...
2025/08/05 10:01:54 AttenuationSystem parallel flag: 1
2025/08/05 10:01:54 Attenuation computed count: 880000
2025/08/05 10:01:54 AttenuationSystem update time: 266.046257ms
2025/08/05 10:01:54 Run 5 complete
2025/08/05 10:01:54 StationSystem update...
2025/08/05 10:01:54 weather update count: 800
2025/08/05 10:01:54 StationSystem update time: 3.565µs
2025/08/05 10:01:54 SatelliteSystem update...
2025/08/05 10:01:54 satellite count: 1100
2025/08/05 10:01:54 SatelliteSystem update time: 4.192438ms
2025/08/05 10:01:54 TopoSystem update...
2025/08/05 10:01:54 TopoSystem: Link count: 880000
2025/08/05 10:01:54 TopoSystem update time: 14.502746ms
2025/08/05 10:01:54 AttenuationSystem update...
2025/08/05 10:01:54 AttenuationSystem parallel flag: 1
2025/08/05 10:01:55 Attenuation computed count: 880000
2025/08/05 10:01:55 AttenuationSystem update time: 279.28751ms
2025/08/05 10:01:55 Run 6 complete
2025/08/05 10:01:55 StationSystem update...
2025/08/05 10:01:55 weather update count: 800
2025/08/05 10:01:55 StationSystem update time: 3.274µs
2025/08/05 10:01:55 SatelliteSystem update...
2025/08/05 10:01:55 satellite count: 1100
2025/08/05 10:01:55 SatelliteSystem update time: 4.204272ms
2025/08/05 10:01:55 TopoSystem update...
2025/08/05 10:01:55 TopoSystem: Link count: 880000
2025/08/05 10:01:55 TopoSystem update time: 13.03869ms
2025/08/05 10:01:55 AttenuationSystem update...
2025/08/05 10:01:55 AttenuationSystem parallel flag: 1
2025/08/05 10:01:55 Attenuation computed count: 880000
2025/08/05 10:01:55 AttenuationSystem update time: 252.791856ms
2025/08/05 10:01:55 Run 7 complete
2025/08/05 10:01:55 StationSystem update...
2025/08/05 10:01:55 weather update count: 800
2025/08/05 10:01:55 StationSystem update time: 3.233µs
2025/08/05 10:01:55 SatelliteSystem update...
2025/08/05 10:01:55 satellite count: 1100
2025/08/05 10:01:55 SatelliteSystem update time: 4.177698ms
2025/08/05 10:01:55 TopoSystem update...
2025/08/05 10:01:55 TopoSystem: Link count: 880000
2025/08/05 10:01:55 TopoSystem update time: 14.903154ms
2025/08/05 10:01:55 AttenuationSystem update...
2025/08/05 10:01:55 AttenuationSystem parallel flag: 1
2025/08/05 10:01:55 Attenuation computed count: 880000
2025/08/05 10:01:55 AttenuationSystem update time: 294.862051ms
2025/08/05 10:01:55 Run 8 complete
2025/08/05 10:01:55 StationSystem update...
2025/08/05 10:01:55 weather update count: 800
2025/08/05 10:01:55 StationSystem update time: 3.866µs
2025/08/05 10:01:55 SatelliteSystem update...
2025/08/05 10:01:55 satellite count: 1100
2025/08/05 10:01:55 SatelliteSystem update time: 4.175223ms
2025/08/05 10:01:55 TopoSystem update...
2025/08/05 10:01:55 TopoSystem: Link count: 880000
2025/08/05 10:01:55 TopoSystem update time: 12.885886ms
2025/08/05 10:01:55 AttenuationSystem update...
2025/08/05 10:01:55 AttenuationSystem parallel flag: 1
2025/08/05 10:01:56 Attenuation computed count: 880000
2025/08/05 10:01:56 AttenuationSystem update time: 258.249313ms
2025/08/05 10:01:56 Run 9 complete
2025/08/05 10:01:56 StationSystem update...
2025/08/05 10:01:56 weather update count: 800
2025/08/05 10:01:56 StationSystem update time: 3.47µs
2025/08/05 10:01:56 SatelliteSystem update...
2025/08/05 10:01:56 satellite count: 1100
2025/08/05 10:01:56 SatelliteSystem update time: 4.182883ms
2025/08/05 10:01:56 TopoSystem update...
2025/08/05 10:01:56 TopoSystem: Link count: 880000
2025/08/05 10:01:56 TopoSystem update time: 11.540518ms
2025/08/05 10:01:56 AttenuationSystem update...
2025/08/05 10:01:56 AttenuationSystem parallel flag: 1
2025/08/05 10:01:56 Attenuation computed count: 880000
2025/08/05 10:01:56 AttenuationSystem update time: 282.785129ms
2025/08/05 10:01:56 Run 10 complete
2025/08/05 10:01:56 Total update time:  2.962115018s
2025/08/05 10:01:56 linkCache size: 40

 Performance counter stats for './scale_ecs 800 1100 10 8 4 1':

        18,961,438      cache-references                                                      
         3,833,078      cache-misses                     #   20.22% of all cache refs         

       2.970410676 seconds time elapsed

      18.965831000 seconds user
       0.074959000 seconds sys


