ECS running with 800 stations, 1500 satellites, 4 numWGs and 2 numBlocks for 10 rounds in 0 parallel pattern
2025/08/05 10:09:45 StationSystem update...
2025/08/05 10:09:45 weather update count: 800
2025/08/05 10:09:45 SatelliteSystem update...
2025/08/05 10:09:45 StationSystem update time: 5.112µs
2025/08/05 10:09:45 satellite count: 1500
2025/08/05 10:09:45 SatelliteSystem update time: 5.699361ms
2025/08/05 10:09:45 TopoSystem update...
2025/08/05 10:09:45 TopoSystem: Link count: 1200000
2025/08/05 10:09:45 TopoSystem update time: 36.598276ms
2025/08/05 10:09:45 AttenuationSystem update...
2025/08/05 10:09:45 AttenuationSystem parallel flag: 0
2025/08/05 10:09:46 Attenuation computed count: 1200000
2025/08/05 10:09:46 AttenuationSystem update time: 1.236493502s
2025/08/05 10:09:46 Run 1 complete
2025/08/05 10:09:46 StationSystem update...
2025/08/05 10:09:46 weather update count: 800
2025/08/05 10:09:46 StationSystem update time: 2.877µs
2025/08/05 10:09:46 SatelliteSystem update...
2025/08/05 10:09:46 satellite count: 1500
2025/08/05 10:09:46 SatelliteSystem update time: 5.67517ms
2025/08/05 10:09:46 TopoSystem update...
2025/08/05 10:09:46 TopoSystem: Link count: 1200000
2025/08/05 10:09:46 TopoSystem update time: 27.47008ms
2025/08/05 10:09:46 AttenuationSystem update...
2025/08/05 10:09:46 AttenuationSystem parallel flag: 0
2025/08/05 10:09:48 Attenuation computed count: 1200000
2025/08/05 10:09:48 AttenuationSystem update time: 1.367091389s
2025/08/05 10:09:48 Run 2 complete
2025/08/05 10:09:48 StationSystem update...
2025/08/05 10:09:48 weather update count: 800
2025/08/05 10:09:48 StationSystem update time: 3.365µs
2025/08/05 10:09:48 SatelliteSystem update...
2025/08/05 10:09:48 satellite count: 1500
2025/08/05 10:09:48 SatelliteSystem update time: 14.203516ms
2025/08/05 10:09:48 TopoSystem update...
2025/08/05 10:09:48 TopoSystem: Link count: 1200000
2025/08/05 10:09:48 TopoSystem update time: 20.63824ms
2025/08/05 10:09:48 AttenuationSystem update...
2025/08/05 10:09:48 AttenuationSystem parallel flag: 0
2025/08/05 10:09:49 Attenuation computed count: 1200000
2025/08/05 10:09:49 AttenuationSystem update time: 1.258019034s
2025/08/05 10:09:49 Run 3 complete
2025/08/05 10:09:49 StationSystem update...
2025/08/05 10:09:49 weather update count: 800
2025/08/05 10:09:49 StationSystem update time: 3.148µs
2025/08/05 10:09:49 SatelliteSystem update...
2025/08/05 10:09:49 satellite count: 1500
2025/08/05 10:09:49 SatelliteSystem update time: 5.730435ms
2025/08/05 10:09:49 TopoSystem update...
2025/08/05 10:09:49 TopoSystem: Link count: 1200000
2025/08/05 10:09:49 TopoSystem update time: 15.780912ms
2025/08/05 10:09:49 AttenuationSystem update...
2025/08/05 10:09:49 AttenuationSystem parallel flag: 0
2025/08/05 10:09:50 Attenuation computed count: 1200000
2025/08/05 10:09:50 AttenuationSystem update time: 1.014699927s
2025/08/05 10:09:50 Run 4 complete
2025/08/05 10:09:50 StationSystem update...
2025/08/05 10:09:50 weather update count: 800
2025/08/05 10:09:50 StationSystem update time: 2.75µs
2025/08/05 10:09:50 SatelliteSystem update...
2025/08/05 10:09:50 satellite count: 1500
2025/08/05 10:09:50 SatelliteSystem update time: 4.2305ms
2025/08/05 10:09:50 TopoSystem update...
2025/08/05 10:09:50 TopoSystem: Link count: 1200000
2025/08/05 10:09:50 TopoSystem update time: 18.345337ms
2025/08/05 10:09:50 AttenuationSystem update...
2025/08/05 10:09:50 AttenuationSystem parallel flag: 0
2025/08/05 10:09:52 Attenuation computed count: 1200000
2025/08/05 10:09:52 AttenuationSystem update time: 1.402991024s
2025/08/05 10:09:52 Run 5 complete
2025/08/05 10:09:52 StationSystem update...
2025/08/05 10:09:52 weather update count: 800
2025/08/05 10:09:52 StationSystem update time: 3.365µs
2025/08/05 10:09:52 SatelliteSystem update...
2025/08/05 10:09:52 satellite count: 1500
2025/08/05 10:09:52 SatelliteSystem update time: 5.680433ms
2025/08/05 10:09:52 TopoSystem update...
2025/08/05 10:09:52 TopoSystem: Link count: 1200000
2025/08/05 10:09:52 TopoSystem update time: 15.209753ms
2025/08/05 10:09:52 AttenuationSystem update...
2025/08/05 10:09:52 AttenuationSystem parallel flag: 0
2025/08/05 10:09:53 Attenuation computed count: 1200000
2025/08/05 10:09:53 AttenuationSystem update time: 1.194379691s
2025/08/05 10:09:53 Run 6 complete
2025/08/05 10:09:53 StationSystem update...
2025/08/05 10:09:53 weather update count: 800
2025/08/05 10:09:53 StationSystem update time: 3.264µs
2025/08/05 10:09:53 SatelliteSystem update...
2025/08/05 10:09:53 satellite count: 1500
2025/08/05 10:09:53 SatelliteSystem update time: 5.706167ms
2025/08/05 10:09:53 TopoSystem update...
2025/08/05 10:09:53 TopoSystem: Link count: 1200000
2025/08/05 10:09:53 TopoSystem update time: 43.562436ms
2025/08/05 10:09:53 AttenuationSystem update...
2025/08/05 10:09:53 AttenuationSystem parallel flag: 0
2025/08/05 10:09:54 Attenuation computed count: 1200000
2025/08/05 10:09:54 AttenuationSystem update time: 1.212616204s
2025/08/05 10:09:54 Run 7 complete
2025/08/05 10:09:54 StationSystem update...
2025/08/05 10:09:54 weather update count: 800
2025/08/05 10:09:54 StationSystem update time: 3.482µs
2025/08/05 10:09:54 SatelliteSystem update...
2025/08/05 10:09:54 satellite count: 1500
2025/08/05 10:09:54 SatelliteSystem update time: 4.216452ms
2025/08/05 10:09:54 TopoSystem update...
2025/08/05 10:09:54 TopoSystem: Link count: 1200000
2025/08/05 10:09:54 TopoSystem update time: 43.299388ms
2025/08/05 10:09:54 AttenuationSystem update...
2025/08/05 10:09:54 AttenuationSystem parallel flag: 0
2025/08/05 10:09:55 Attenuation computed count: 1200000
2025/08/05 10:09:55 AttenuationSystem update time: 1.237917734s
2025/08/05 10:09:55 Run 8 complete
2025/08/05 10:09:55 StationSystem update...
2025/08/05 10:09:55 weather update count: 800
2025/08/05 10:09:55 StationSystem update time: 3.555µs
2025/08/05 10:09:55 SatelliteSystem update...
2025/08/05 10:09:55 satellite count: 1500
2025/08/05 10:09:55 SatelliteSystem update time: 5.278439ms
2025/08/05 10:09:55 TopoSystem update...
2025/08/05 10:09:55 TopoSystem: Link count: 1200000
2025/08/05 10:09:55 TopoSystem update time: 14.405195ms
2025/08/05 10:09:55 AttenuationSystem update...
2025/08/05 10:09:55 AttenuationSystem parallel flag: 0
2025/08/05 10:09:57 Attenuation computed count: 1200000
2025/08/05 10:09:57 AttenuationSystem update time: 1.367662095s
2025/08/05 10:09:57 Run 9 complete
2025/08/05 10:09:57 StationSystem update...
2025/08/05 10:09:57 weather update count: 800
2025/08/05 10:09:57 StationSystem update time: 3.973µs
2025/08/05 10:09:57 SatelliteSystem update...
2025/08/05 10:09:57 satellite count: 1500
2025/08/05 10:09:57 SatelliteSystem update time: 5.706482ms
2025/08/05 10:09:57 TopoSystem update...
2025/08/05 10:09:57 TopoSystem: Link count: 1200000
2025/08/05 10:09:57 TopoSystem update time: 41.244183ms
2025/08/05 10:09:57 AttenuationSystem update...
2025/08/05 10:09:57 AttenuationSystem parallel flag: 0
2025/08/05 10:09:58 Attenuation computed count: 1200000
2025/08/05 10:09:58 AttenuationSystem update time: 1.3960687s
2025/08/05 10:09:58 Run 10 complete
2025/08/05 10:09:58 Total update time:  13.034530109s
2025/08/05 10:09:58 linkCache size: 40

 Performance counter stats for './scale_ecs 800 1500 10 4 2 0':

        25,510,159      cache-references                                                      
         5,765,424      cache-misses                     #   22.60% of all cache refs         

      13.042384701 seconds time elapsed

      24.562900000 seconds user
       0.085044000 seconds sys


