ECS running with 600 stations, 1600 satellites, 4 numWGs and 8 numBlocks for 10 rounds in 0 parallel pattern
2025/08/05 08:42:30 StationSystem update...
2025/08/05 08:42:30 weather update count: 600
2025/08/05 08:42:30 SatelliteSystem update...
2025/08/05 08:42:30 StationSystem update time: 4.149µs
2025/08/05 08:42:30 satellite count: 1600
2025/08/05 08:42:30 SatelliteSystem update time: 6.177598ms
2025/08/05 08:42:30 TopoSystem update...
2025/08/05 08:42:30 TopoSystem: Link count: 960000
2025/08/05 08:42:30 TopoSystem update time: 26.557732ms
2025/08/05 08:42:30 AttenuationSystem update...
2025/08/05 08:42:30 AttenuationSystem parallel flag: 0
2025/08/05 08:42:30 Attenuation computed count: 960000
2025/08/05 08:42:30 AttenuationSystem update time: 275.364362ms
2025/08/05 08:42:30 Run 1 complete
2025/08/05 08:42:30 StationSystem update...
2025/08/05 08:42:30 weather update count: 600
2025/08/05 08:42:30 StationSystem update time: 2.932µs
2025/08/05 08:42:30 SatelliteSystem update...
2025/08/05 08:42:30 satellite count: 1600
2025/08/05 08:42:30 SatelliteSystem update time: 6.278322ms
2025/08/05 08:42:30 TopoSystem update...
2025/08/05 08:42:30 TopoSystem: Link count: 960000
2025/08/05 08:42:30 TopoSystem update time: 27.092798ms
2025/08/05 08:42:30 AttenuationSystem update...
2025/08/05 08:42:30 AttenuationSystem parallel flag: 0
2025/08/05 08:42:30 Attenuation computed count: 960000
2025/08/05 08:42:30 AttenuationSystem update time: 349.963019ms
2025/08/05 08:42:30 Run 2 complete
2025/08/05 08:42:30 StationSystem update...
2025/08/05 08:42:30 weather update count: 600
2025/08/05 08:42:30 StationSystem update time: 2.947µs
2025/08/05 08:42:30 SatelliteSystem update...
2025/08/05 08:42:30 satellite count: 1600
2025/08/05 08:42:30 SatelliteSystem update time: 6.040132ms
2025/08/05 08:42:30 TopoSystem update...
2025/08/05 08:42:30 TopoSystem: Link count: 960000
2025/08/05 08:42:30 TopoSystem update time: 14.886967ms
2025/08/05 08:42:30 AttenuationSystem update...
2025/08/05 08:42:30 AttenuationSystem parallel flag: 0
2025/08/05 08:42:31 Attenuation computed count: 960000
2025/08/05 08:42:31 AttenuationSystem update time: 293.62367ms
2025/08/05 08:42:31 Run 3 complete
2025/08/05 08:42:31 StationSystem update...
2025/08/05 08:42:31 weather update count: 600
2025/08/05 08:42:31 StationSystem update time: 3.07µs
2025/08/05 08:42:31 SatelliteSystem update...
2025/08/05 08:42:31 satellite count: 1600
2025/08/05 08:42:31 SatelliteSystem update time: 6.039617ms
2025/08/05 08:42:31 TopoSystem update...
2025/08/05 08:42:31 TopoSystem: Link count: 960000
2025/08/05 08:42:31 TopoSystem update time: 18.635082ms
2025/08/05 08:42:31 AttenuationSystem update...
2025/08/05 08:42:31 AttenuationSystem parallel flag: 0
2025/08/05 08:42:31 Attenuation computed count: 960000
2025/08/05 08:42:31 AttenuationSystem update time: 308.682449ms
2025/08/05 08:42:31 Run 4 complete
2025/08/05 08:42:31 StationSystem update...
2025/08/05 08:42:31 weather update count: 600
2025/08/05 08:42:31 StationSystem update time: 2.861µs
2025/08/05 08:42:31 SatelliteSystem update...
2025/08/05 08:42:31 satellite count: 1600
2025/08/05 08:42:31 SatelliteSystem update time: 6.045475ms
2025/08/05 08:42:31 TopoSystem update...
2025/08/05 08:42:31 TopoSystem: Link count: 960000
2025/08/05 08:42:31 TopoSystem update time: 14.551774ms
2025/08/05 08:42:31 AttenuationSystem update...
2025/08/05 08:42:31 AttenuationSystem parallel flag: 0
2025/08/05 08:42:31 Attenuation computed count: 960000
2025/08/05 08:42:31 AttenuationSystem update time: 302.335825ms
2025/08/05 08:42:31 Run 5 complete
2025/08/05 08:42:31 StationSystem update...
2025/08/05 08:42:31 weather update count: 600
2025/08/05 08:42:31 StationSystem update time: 3.151µs
2025/08/05 08:42:31 SatelliteSystem update...
2025/08/05 08:42:31 satellite count: 1600
2025/08/05 08:42:31 SatelliteSystem update time: 6.053209ms
2025/08/05 08:42:31 TopoSystem update...
2025/08/05 08:42:31 TopoSystem: Link count: 960000
2025/08/05 08:42:31 TopoSystem update time: 14.20788ms
2025/08/05 08:42:31 AttenuationSystem update...
2025/08/05 08:42:31 AttenuationSystem parallel flag: 0
2025/08/05 08:42:32 Attenuation computed count: 960000
2025/08/05 08:42:32 AttenuationSystem update time: 325.445498ms
2025/08/05 08:42:32 Run 6 complete
2025/08/05 08:42:32 StationSystem update...
2025/08/05 08:42:32 weather update count: 600
2025/08/05 08:42:32 StationSystem update time: 3.333µs
2025/08/05 08:42:32 SatelliteSystem update...
2025/08/05 08:42:32 satellite count: 1600
2025/08/05 08:42:32 SatelliteSystem update time: 6.060765ms
2025/08/05 08:42:32 TopoSystem update...
2025/08/05 08:42:32 TopoSystem: Link count: 960000
2025/08/05 08:42:32 TopoSystem update time: 13.824384ms
2025/08/05 08:42:32 AttenuationSystem update...
2025/08/05 08:42:32 AttenuationSystem parallel flag: 0
2025/08/05 08:42:32 Attenuation computed count: 960000
2025/08/05 08:42:32 AttenuationSystem update time: 329.470383ms
2025/08/05 08:42:32 Run 7 complete
2025/08/05 08:42:32 StationSystem update...
2025/08/05 08:42:32 weather update count: 600
2025/08/05 08:42:32 StationSystem update time: 3.143µs
2025/08/05 08:42:32 SatelliteSystem update...
2025/08/05 08:42:32 satellite count: 1600
2025/08/05 08:42:32 SatelliteSystem update time: 6.055459ms
2025/08/05 08:42:32 TopoSystem update...
2025/08/05 08:42:32 TopoSystem: Link count: 960000
2025/08/05 08:42:32 TopoSystem update time: 13.577718ms
2025/08/05 08:42:32 AttenuationSystem update...
2025/08/05 08:42:32 AttenuationSystem parallel flag: 0
2025/08/05 08:42:32 Attenuation computed count: 960000
2025/08/05 08:42:32 AttenuationSystem update time: 336.097245ms
2025/08/05 08:42:32 Run 8 complete
2025/08/05 08:42:32 StationSystem update...
2025/08/05 08:42:32 weather update count: 600
2025/08/05 08:42:32 StationSystem update time: 2.851µs
2025/08/05 08:42:32 SatelliteSystem update...
2025/08/05 08:42:33 satellite count: 1600
2025/08/05 08:42:33 SatelliteSystem update time: 6.055289ms
2025/08/05 08:42:33 TopoSystem update...
2025/08/05 08:42:33 TopoSystem: Link count: 960000
2025/08/05 08:42:33 TopoSystem update time: 14.272395ms
2025/08/05 08:42:33 AttenuationSystem update...
2025/08/05 08:42:33 AttenuationSystem parallel flag: 0
2025/08/05 08:42:33 Attenuation computed count: 960000
2025/08/05 08:42:33 AttenuationSystem update time: 307.53198ms
2025/08/05 08:42:33 Run 9 complete
2025/08/05 08:42:33 StationSystem update...
2025/08/05 08:42:33 weather update count: 600
2025/08/05 08:42:33 StationSystem update time: 2.565µs
2025/08/05 08:42:33 SatelliteSystem update...
2025/08/05 08:42:33 satellite count: 1600
2025/08/05 08:42:33 SatelliteSystem update time: 6.05534ms
2025/08/05 08:42:33 TopoSystem update...
2025/08/05 08:42:33 TopoSystem: Link count: 960000
2025/08/05 08:42:33 TopoSystem update time: 14.162545ms
2025/08/05 08:42:33 AttenuationSystem update...
2025/08/05 08:42:33 AttenuationSystem parallel flag: 0
2025/08/05 08:42:33 Attenuation computed count: 960000
2025/08/05 08:42:33 AttenuationSystem update time: 282.393428ms
2025/08/05 08:42:33 Run 10 complete
2025/08/05 08:42:33 Total update time:  3.350998825s
2025/08/05 08:42:33 linkCache size: 40

 Performance counter stats for './scale_ecs 600 1600 10 4 8 0':

        20,337,797      cache-references                                                      
         3,827,871      cache-misses                     #   18.82% of all cache refs         

       3.359564107 seconds time elapsed

      20.492274000 seconds user
       0.057053000 seconds sys


