ECS running with 700 stations, 1800 satellites, 8 numWGs and 8 numBlocks for 10 rounds in 1 parallel pattern
2025/08/05 09:17:14 StationSystem update...
2025/08/05 09:17:14 weather update count: 700
2025/08/05 09:17:14 StationSystem update time: 4.948µs
2025/08/05 09:17:14 SatelliteSystem update...
2025/08/05 09:17:14 satellite count: 1800
2025/08/05 09:17:14 SatelliteSystem update time: 6.804561ms
2025/08/05 09:17:14 TopoSystem update...
2025/08/05 09:17:14 TopoSystem: Link count: 1260000
2025/08/05 09:17:14 TopoSystem update time: 36.872409ms
2025/08/05 09:17:14 AttenuationSystem update...
2025/08/05 09:17:14 AttenuationSystem parallel flag: 1
2025/08/05 09:17:15 Attenuation computed count: 1260000
2025/08/05 09:17:15 AttenuationSystem update time: 407.369425ms
2025/08/05 09:17:15 Run 1 complete
2025/08/05 09:17:15 StationSystem update...
2025/08/05 09:17:15 weather update count: 700
2025/08/05 09:17:15 StationSystem update time: 3.633µs
2025/08/05 09:17:15 SatelliteSystem update...
2025/08/05 09:17:15 satellite count: 1800
2025/08/05 09:17:15 SatelliteSystem update time: 6.801466ms
2025/08/05 09:17:15 TopoSystem update...
2025/08/05 09:17:15 TopoSystem: Link count: 1260000
2025/08/05 09:17:15 TopoSystem update time: 35.426682ms
2025/08/05 09:17:15 AttenuationSystem update...
2025/08/05 09:17:15 AttenuationSystem parallel flag: 1
2025/08/05 09:17:15 Attenuation computed count: 1260000
2025/08/05 09:17:15 AttenuationSystem update time: 360.432966ms
2025/08/05 09:17:15 Run 2 complete
2025/08/05 09:17:15 StationSystem update...
2025/08/05 09:17:15 weather update count: 700
2025/08/05 09:17:15 StationSystem update time: 3.392µs
2025/08/05 09:17:15 SatelliteSystem update...
2025/08/05 09:17:15 satellite count: 1800
2025/08/05 09:17:15 SatelliteSystem update time: 6.784663ms
2025/08/05 09:17:15 TopoSystem update...
2025/08/05 09:17:15 TopoSystem: Link count: 1260000
2025/08/05 09:17:15 TopoSystem update time: 22.37725ms
2025/08/05 09:17:15 AttenuationSystem update...
2025/08/05 09:17:15 AttenuationSystem parallel flag: 1
2025/08/05 09:17:16 Attenuation computed count: 1260000
2025/08/05 09:17:16 AttenuationSystem update time: 405.257251ms
2025/08/05 09:17:16 Run 3 complete
2025/08/05 09:17:16 StationSystem update...
2025/08/05 09:17:16 weather update count: 700
2025/08/05 09:17:16 StationSystem update time: 3.348µs
2025/08/05 09:17:16 SatelliteSystem update...
2025/08/05 09:17:16 satellite count: 1800
2025/08/05 09:17:16 SatelliteSystem update time: 6.821638ms
2025/08/05 09:17:16 TopoSystem update...
2025/08/05 09:17:16 TopoSystem: Link count: 1260000
2025/08/05 09:17:16 TopoSystem update time: 20.470176ms
2025/08/05 09:17:16 AttenuationSystem update...
2025/08/05 09:17:16 AttenuationSystem parallel flag: 1
2025/08/05 09:17:16 Attenuation computed count: 1260000
2025/08/05 09:17:16 AttenuationSystem update time: 400.365593ms
2025/08/05 09:17:16 Run 4 complete
2025/08/05 09:17:16 StationSystem update...
2025/08/05 09:17:16 weather update count: 700
2025/08/05 09:17:16 StationSystem update time: 3.252µs
2025/08/05 09:17:16 SatelliteSystem update...
2025/08/05 09:17:16 satellite count: 1800
2025/08/05 09:17:16 SatelliteSystem update time: 6.806659ms
2025/08/05 09:17:16 TopoSystem update...
2025/08/05 09:17:16 TopoSystem: Link count: 1260000
2025/08/05 09:17:16 TopoSystem update time: 18.150186ms
2025/08/05 09:17:16 AttenuationSystem update...
2025/08/05 09:17:16 AttenuationSystem parallel flag: 1
2025/08/05 09:17:17 Attenuation computed count: 1260000
2025/08/05 09:17:17 AttenuationSystem update time: 371.375768ms
2025/08/05 09:17:17 Run 5 complete
2025/08/05 09:17:17 StationSystem update...
2025/08/05 09:17:17 weather update count: 700
2025/08/05 09:17:17 StationSystem update time: 3.264µs
2025/08/05 09:17:17 SatelliteSystem update...
2025/08/05 09:17:17 satellite count: 1800
2025/08/05 09:17:17 SatelliteSystem update time: 6.794268ms
2025/08/05 09:17:17 TopoSystem update...
2025/08/05 09:17:17 TopoSystem: Link count: 1260000
2025/08/05 09:17:17 TopoSystem update time: 24.904549ms
2025/08/05 09:17:17 AttenuationSystem update...
2025/08/05 09:17:17 AttenuationSystem parallel flag: 1
2025/08/05 09:17:17 Attenuation computed count: 1260000
2025/08/05 09:17:17 AttenuationSystem update time: 387.549713ms
2025/08/05 09:17:17 Run 6 complete
2025/08/05 09:17:17 StationSystem update...
2025/08/05 09:17:17 weather update count: 700
2025/08/05 09:17:17 StationSystem update time: 2.96µs
2025/08/05 09:17:17 SatelliteSystem update...
2025/08/05 09:17:17 satellite count: 1800
2025/08/05 09:17:17 SatelliteSystem update time: 6.804635ms
2025/08/05 09:17:17 TopoSystem update...
2025/08/05 09:17:17 TopoSystem: Link count: 1260000
2025/08/05 09:17:17 TopoSystem update time: 19.104092ms
2025/08/05 09:17:17 AttenuationSystem update...
2025/08/05 09:17:17 AttenuationSystem parallel flag: 1
2025/08/05 09:17:17 Attenuation computed count: 1260000
2025/08/05 09:17:17 AttenuationSystem update time: 405.286749ms
2025/08/05 09:17:17 Run 7 complete
2025/08/05 09:17:17 StationSystem update...
2025/08/05 09:17:17 weather update count: 700
2025/08/05 09:17:17 StationSystem update time: 3.175µs
2025/08/05 09:17:17 SatelliteSystem update...
2025/08/05 09:17:17 satellite count: 1800
2025/08/05 09:17:17 SatelliteSystem update time: 6.802416ms
2025/08/05 09:17:17 TopoSystem update...
2025/08/05 09:17:17 TopoSystem: Link count: 1260000
2025/08/05 09:17:17 TopoSystem update time: 20.10799ms
2025/08/05 09:17:17 AttenuationSystem update...
2025/08/05 09:17:17 AttenuationSystem parallel flag: 1
2025/08/05 09:17:18 Attenuation computed count: 1260000
2025/08/05 09:17:18 AttenuationSystem update time: 381.446594ms
2025/08/05 09:17:18 Run 8 complete
2025/08/05 09:17:18 StationSystem update...
2025/08/05 09:17:18 weather update count: 700
2025/08/05 09:17:18 StationSystem update time: 7.178µs
2025/08/05 09:17:18 SatelliteSystem update...
2025/08/05 09:17:18 satellite count: 1800
2025/08/05 09:17:18 SatelliteSystem update time: 6.795569ms
2025/08/05 09:17:18 TopoSystem update...
2025/08/05 09:17:18 TopoSystem: Link count: 1260000
2025/08/05 09:17:18 TopoSystem update time: 19.129129ms
2025/08/05 09:17:18 AttenuationSystem update...
2025/08/05 09:17:18 AttenuationSystem parallel flag: 1
2025/08/05 09:17:18 Attenuation computed count: 1260000
2025/08/05 09:17:18 AttenuationSystem update time: 393.100935ms
2025/08/05 09:17:18 Run 9 complete
2025/08/05 09:17:18 StationSystem update...
2025/08/05 09:17:18 weather update count: 700
2025/08/05 09:17:18 StationSystem update time: 3.532µs
2025/08/05 09:17:18 SatelliteSystem update...
2025/08/05 09:17:18 satellite count: 1800
2025/08/05 09:17:18 SatelliteSystem update time: 6.79572ms
2025/08/05 09:17:18 TopoSystem update...
2025/08/05 09:17:18 TopoSystem: Link count: 1260000
2025/08/05 09:17:18 TopoSystem update time: 18.622107ms
2025/08/05 09:17:18 AttenuationSystem update...
2025/08/05 09:17:18 AttenuationSystem parallel flag: 1
2025/08/05 09:17:19 Attenuation computed count: 1260000
2025/08/05 09:17:19 AttenuationSystem update time: 464.1118ms
2025/08/05 09:17:19 Run 10 complete
2025/08/05 09:17:19 Total update time:  4.289941791s
2025/08/05 09:17:19 linkCache size: 40

 Performance counter stats for './scale_ecs 700 1800 10 8 8 1':

        26,437,570      cache-references                                                      
         5,983,097      cache-misses                     #   22.63% of all cache refs         

       4.306026999 seconds time elapsed

      27.487244000 seconds user
       0.077966000 seconds sys


