ECS running with 600 stations, 500 satellites, 2 numWGs and 4 numBlocks for 10 rounds in 1 parallel pattern
2025/08/05 08:25:13 StationSystem update...
2025/08/05 08:25:13 weather update count: 600
2025/08/05 08:25:13 StationSystem update time: 4.089µs
2025/08/05 08:25:13 SatelliteSystem update...
2025/08/05 08:25:13 satellite count: 500
2025/08/05 08:25:13 SatelliteSystem update time: 1.913421ms
2025/08/05 08:25:13 TopoSystem update...
2025/08/05 08:25:13 TopoSystem: Link count: 300000
2025/08/05 08:25:13 TopoSystem update time: 10.087288ms
2025/08/05 08:25:13 AttenuationSystem update...
2025/08/05 08:25:13 AttenuationSystem parallel flag: 1
2025/08/05 08:25:14 Attenuation computed count: 300000
2025/08/05 08:25:14 AttenuationSystem update time: 326.448688ms
2025/08/05 08:25:14 Run 1 complete
2025/08/05 08:25:14 StationSystem update...
2025/08/05 08:25:14 weather update count: 600
2025/08/05 08:25:14 StationSystem update time: 1.956µs
2025/08/05 08:25:14 SatelliteSystem update...
2025/08/05 08:25:14 satellite count: 500
2025/08/05 08:25:14 SatelliteSystem update time: 1.92015ms
2025/08/05 08:25:14 TopoSystem update...
2025/08/05 08:25:14 TopoSystem: Link count: 300000
2025/08/05 08:25:14 TopoSystem update time: 8.228224ms
2025/08/05 08:25:14 AttenuationSystem update...
2025/08/05 08:25:14 AttenuationSystem parallel flag: 1
2025/08/05 08:25:14 Attenuation computed count: 300000
2025/08/05 08:25:14 AttenuationSystem update time: 346.869492ms
2025/08/05 08:25:14 Run 2 complete
2025/08/05 08:25:14 StationSystem update...
2025/08/05 08:25:14 weather update count: 600
2025/08/05 08:25:14 StationSystem update time: 2.384µs
2025/08/05 08:25:14 SatelliteSystem update...
2025/08/05 08:25:14 satellite count: 500
2025/08/05 08:25:14 SatelliteSystem update time: 1.920818ms
2025/08/05 08:25:14 TopoSystem update...
2025/08/05 08:25:14 TopoSystem: Link count: 300000
2025/08/05 08:25:14 TopoSystem update time: 5.138208ms
2025/08/05 08:25:14 AttenuationSystem update...
2025/08/05 08:25:14 AttenuationSystem parallel flag: 1
2025/08/05 08:25:14 Attenuation computed count: 300000
2025/08/05 08:25:14 AttenuationSystem update time: 348.631131ms
2025/08/05 08:25:14 Run 3 complete
2025/08/05 08:25:14 StationSystem update...
2025/08/05 08:25:14 weather update count: 600
2025/08/05 08:25:14 StationSystem update time: 2.807µs
2025/08/05 08:25:14 SatelliteSystem update...
2025/08/05 08:25:14 satellite count: 500
2025/08/05 08:25:14 SatelliteSystem update time: 1.913398ms
2025/08/05 08:25:14 TopoSystem update...
2025/08/05 08:25:14 TopoSystem: Link count: 300000
2025/08/05 08:25:14 TopoSystem update time: 7.843065ms
2025/08/05 08:25:14 AttenuationSystem update...
2025/08/05 08:25:14 AttenuationSystem parallel flag: 1
2025/08/05 08:25:15 Attenuation computed count: 300000
2025/08/05 08:25:15 AttenuationSystem update time: 372.726168ms
2025/08/05 08:25:15 Run 4 complete
2025/08/05 08:25:15 StationSystem update...
2025/08/05 08:25:15 weather update count: 600
2025/08/05 08:25:15 StationSystem update time: 3.922µs
2025/08/05 08:25:15 SatelliteSystem update...
2025/08/05 08:25:15 satellite count: 500
2025/08/05 08:25:15 SatelliteSystem update time: 1.916326ms
2025/08/05 08:25:15 TopoSystem update...
2025/08/05 08:25:15 TopoSystem: Link count: 300000
2025/08/05 08:25:15 TopoSystem update time: 4.660529ms
2025/08/05 08:25:15 AttenuationSystem update...
2025/08/05 08:25:15 AttenuationSystem parallel flag: 1
2025/08/05 08:25:15 Attenuation computed count: 300000
2025/08/05 08:25:15 AttenuationSystem update time: 347.495ms
2025/08/05 08:25:15 Run 5 complete
2025/08/05 08:25:15 StationSystem update...
2025/08/05 08:25:15 weather update count: 600
2025/08/05 08:25:15 StationSystem update time: 2.706µs
2025/08/05 08:25:15 SatelliteSystem update...
2025/08/05 08:25:15 satellite count: 500
2025/08/05 08:25:15 SatelliteSystem update time: 1.910637ms
2025/08/05 08:25:15 TopoSystem update...
2025/08/05 08:25:15 TopoSystem: Link count: 300000
2025/08/05 08:25:15 TopoSystem update time: 4.950179ms
2025/08/05 08:25:15 AttenuationSystem update...
2025/08/05 08:25:15 AttenuationSystem parallel flag: 1
2025/08/05 08:25:16 Attenuation computed count: 300000
2025/08/05 08:25:16 AttenuationSystem update time: 381.507527ms
2025/08/05 08:25:16 Run 6 complete
2025/08/05 08:25:16 StationSystem update...
2025/08/05 08:25:16 weather update count: 600
2025/08/05 08:25:16 StationSystem update time: 2.707µs
2025/08/05 08:25:16 SatelliteSystem update...
2025/08/05 08:25:16 satellite count: 500
2025/08/05 08:25:16 SatelliteSystem update time: 1.924624ms
2025/08/05 08:25:16 TopoSystem update...
2025/08/05 08:25:16 TopoSystem: Link count: 300000
2025/08/05 08:25:16 TopoSystem update time: 7.374041ms
2025/08/05 08:25:16 AttenuationSystem update...
2025/08/05 08:25:16 AttenuationSystem parallel flag: 1
2025/08/05 08:25:16 Attenuation computed count: 300000
2025/08/05 08:25:16 AttenuationSystem update time: 371.381726ms
2025/08/05 08:25:16 Run 7 complete
2025/08/05 08:25:16 StationSystem update...
2025/08/05 08:25:16 weather update count: 600
2025/08/05 08:25:16 StationSystem update time: 2.57µs
2025/08/05 08:25:16 SatelliteSystem update...
2025/08/05 08:25:16 satellite count: 500
2025/08/05 08:25:16 SatelliteSystem update time: 1.915251ms
2025/08/05 08:25:16 TopoSystem update...
2025/08/05 08:25:16 TopoSystem: Link count: 300000
2025/08/05 08:25:16 TopoSystem update time: 4.689639ms
2025/08/05 08:25:16 AttenuationSystem update...
2025/08/05 08:25:16 AttenuationSystem parallel flag: 1
2025/08/05 08:25:16 Attenuation computed count: 300000
2025/08/05 08:25:16 AttenuationSystem update time: 367.069833ms
2025/08/05 08:25:16 Run 8 complete
2025/08/05 08:25:16 StationSystem update...
2025/08/05 08:25:16 weather update count: 600
2025/08/05 08:25:16 StationSystem update time: 2.513µs
2025/08/05 08:25:16 SatelliteSystem update...
2025/08/05 08:25:16 satellite count: 500
2025/08/05 08:25:16 SatelliteSystem update time: 1.919764ms
2025/08/05 08:25:16 TopoSystem update...
2025/08/05 08:25:16 TopoSystem: Link count: 300000
2025/08/05 08:25:16 TopoSystem update time: 4.619295ms
2025/08/05 08:25:16 AttenuationSystem update...
2025/08/05 08:25:16 AttenuationSystem parallel flag: 1
2025/08/05 08:25:17 Attenuation computed count: 300000
2025/08/05 08:25:17 AttenuationSystem update time: 345.659149ms
2025/08/05 08:25:17 Run 9 complete
2025/08/05 08:25:17 StationSystem update...
2025/08/05 08:25:17 weather update count: 600
2025/08/05 08:25:17 StationSystem update time: 2.435µs
2025/08/05 08:25:17 SatelliteSystem update...
2025/08/05 08:25:17 satellite count: 500
2025/08/05 08:25:17 SatelliteSystem update time: 1.908664ms
2025/08/05 08:25:17 TopoSystem update...
2025/08/05 08:25:17 TopoSystem: Link count: 300000
2025/08/05 08:25:17 TopoSystem update time: 4.574323ms
2025/08/05 08:25:17 AttenuationSystem update...
2025/08/05 08:25:17 AttenuationSystem parallel flag: 1
2025/08/05 08:25:17 Attenuation computed count: 300000
2025/08/05 08:25:17 AttenuationSystem update time: 407.609485ms
2025/08/05 08:25:17 Run 10 complete
2025/08/05 08:25:17 Total update time:  3.699165957s
2025/08/05 08:25:17 linkCache size: 40

 Performance counter stats for './scale_ecs 600 500 10 2 4 1':

         6,961,736      cache-references                                                      
         1,074,537      cache-misses                     #   15.43% of all cache refs         

       3.705332088 seconds time elapsed

       7.164617000 seconds user
       0.022051000 seconds sys


