ECS running with 1000 stations, 1900 satellites, 2 numWGs and 8 numBlocks for 10 rounds in 1 parallel pattern
2025/08/05 11:36:31 StationSystem update...
2025/08/05 11:36:31 weather update count: 1000
2025/08/05 11:36:31 StationSystem update time: 5.174µs
2025/08/05 11:36:31 SatelliteSystem update...
2025/08/05 11:36:31 satellite count: 1900
2025/08/05 11:36:31 SatelliteSystem update time: 7.17037ms
2025/08/05 11:36:31 TopoSystem update...
2025/08/05 11:36:31 TopoSystem: Link count: 1900000
2025/08/05 11:36:31 TopoSystem update time: 56.65785ms
2025/08/05 11:36:31 AttenuationSystem update...
2025/08/05 11:36:31 AttenuationSystem parallel flag: 1
2025/08/05 11:36:33 Attenuation computed count: 1900000
2025/08/05 11:36:33 AttenuationSystem update time: 1.641557563s
2025/08/05 11:36:33 Run 1 complete
2025/08/05 11:36:33 StationSystem update...
2025/08/05 11:36:33 weather update count: 1000
2025/08/05 11:36:33 StationSystem update time: 2.924µs
2025/08/05 11:36:33 SatelliteSystem update...
2025/08/05 11:36:33 satellite count: 1900
2025/08/05 11:36:33 SatelliteSystem update time: 5.32685ms
2025/08/05 11:36:33 TopoSystem update...
2025/08/05 11:36:33 TopoSystem: Link count: 1900000
2025/08/05 11:36:33 TopoSystem update time: 53.426343ms
2025/08/05 11:36:33 AttenuationSystem update...
2025/08/05 11:36:33 AttenuationSystem parallel flag: 1
2025/08/05 11:36:35 Attenuation computed count: 1900000
2025/08/05 11:36:35 AttenuationSystem update time: 1.889139463s
2025/08/05 11:36:35 Run 2 complete
2025/08/05 11:36:35 StationSystem update...
2025/08/05 11:36:35 weather update count: 1000
2025/08/05 11:36:35 StationSystem update time: 3.223µs
2025/08/05 11:36:35 SatelliteSystem update...
2025/08/05 11:36:35 satellite count: 1900
2025/08/05 11:36:35 SatelliteSystem update time: 5.325588ms
2025/08/05 11:36:35 TopoSystem update...
2025/08/05 11:36:35 TopoSystem: Link count: 1900000
2025/08/05 11:36:35 TopoSystem update time: 22.796671ms
2025/08/05 11:36:35 AttenuationSystem update...
2025/08/05 11:36:35 AttenuationSystem parallel flag: 1
2025/08/05 11:36:37 Attenuation computed count: 1900000
2025/08/05 11:36:37 AttenuationSystem update time: 1.887073952s
2025/08/05 11:36:37 Run 3 complete
2025/08/05 11:36:37 StationSystem update...
2025/08/05 11:36:37 weather update count: 1000
2025/08/05 11:36:37 StationSystem update time: 3.364µs
2025/08/05 11:36:37 SatelliteSystem update...
2025/08/05 11:36:37 satellite count: 1900
2025/08/05 11:36:37 SatelliteSystem update time: 5.34114ms
2025/08/05 11:36:37 TopoSystem update...
2025/08/05 11:36:37 TopoSystem: Link count: 1900000
2025/08/05 11:36:37 TopoSystem update time: 33.185035ms
2025/08/05 11:36:37 AttenuationSystem update...
2025/08/05 11:36:37 AttenuationSystem parallel flag: 1
2025/08/05 11:36:38 Attenuation computed count: 1900000
2025/08/05 11:36:38 AttenuationSystem update time: 1.637247921s
2025/08/05 11:36:38 Run 4 complete
2025/08/05 11:36:38 StationSystem update...
2025/08/05 11:36:38 weather update count: 1000
2025/08/05 11:36:38 StationSystem update time: 3.286µs
2025/08/05 11:36:38 SatelliteSystem update...
2025/08/05 11:36:38 satellite count: 1900
2025/08/05 11:36:38 SatelliteSystem update time: 5.362365ms
2025/08/05 11:36:38 TopoSystem update...
2025/08/05 11:36:39 TopoSystem: Link count: 1900000
2025/08/05 11:36:39 TopoSystem update time: 22.789063ms
2025/08/05 11:36:39 AttenuationSystem update...
2025/08/05 11:36:39 AttenuationSystem parallel flag: 1
2025/08/05 11:36:41 Attenuation computed count: 1900000
2025/08/05 11:36:41 AttenuationSystem update time: 2.11032536s
2025/08/05 11:36:41 Run 5 complete
2025/08/05 11:36:41 StationSystem update...
2025/08/05 11:36:41 weather update count: 1000
2025/08/05 11:36:41 StationSystem update time: 3.882µs
2025/08/05 11:36:41 SatelliteSystem update...
2025/08/05 11:36:41 satellite count: 1900
2025/08/05 11:36:41 SatelliteSystem update time: 5.413437ms
2025/08/05 11:36:41 TopoSystem update...
2025/08/05 11:36:41 TopoSystem: Link count: 1900000
2025/08/05 11:36:41 TopoSystem update time: 24.336472ms
2025/08/05 11:36:41 AttenuationSystem update...
2025/08/05 11:36:41 AttenuationSystem parallel flag: 1
2025/08/05 11:36:43 Attenuation computed count: 1900000
2025/08/05 11:36:43 AttenuationSystem update time: 1.866681331s
2025/08/05 11:36:43 Run 6 complete
2025/08/05 11:36:43 StationSystem update...
2025/08/05 11:36:43 weather update count: 1000
2025/08/05 11:36:43 StationSystem update time: 3.535µs
2025/08/05 11:36:43 SatelliteSystem update...
2025/08/05 11:36:43 satellite count: 1900
2025/08/05 11:36:43 SatelliteSystem update time: 5.37096ms
2025/08/05 11:36:43 TopoSystem update...
2025/08/05 11:36:43 TopoSystem: Link count: 1900000
2025/08/05 11:36:43 TopoSystem update time: 22.7699ms
2025/08/05 11:36:43 AttenuationSystem update...
2025/08/05 11:36:43 AttenuationSystem parallel flag: 1
2025/08/05 11:36:45 Attenuation computed count: 1900000
2025/08/05 11:36:45 AttenuationSystem update time: 2.143032293s
2025/08/05 11:36:45 Run 7 complete
2025/08/05 11:36:45 StationSystem update...
2025/08/05 11:36:45 weather update count: 1000
2025/08/05 11:36:45 StationSystem update time: 3.493µs
2025/08/05 11:36:45 SatelliteSystem update...
2025/08/05 11:36:45 satellite count: 1900
2025/08/05 11:36:45 SatelliteSystem update time: 5.356919ms
2025/08/05 11:36:45 TopoSystem update...
2025/08/05 11:36:45 TopoSystem: Link count: 1900000
2025/08/05 11:36:45 TopoSystem update time: 22.863577ms
2025/08/05 11:36:45 AttenuationSystem update...
2025/08/05 11:36:45 AttenuationSystem parallel flag: 1
2025/08/05 11:36:47 Attenuation computed count: 1900000
2025/08/05 11:36:47 AttenuationSystem update time: 2.102224481s
2025/08/05 11:36:47 Run 8 complete
2025/08/05 11:36:47 StationSystem update...
2025/08/05 11:36:47 weather update count: 1000
2025/08/05 11:36:47 StationSystem update time: 3.72µs
2025/08/05 11:36:47 SatelliteSystem update...
2025/08/05 11:36:47 satellite count: 1900
2025/08/05 11:36:47 SatelliteSystem update time: 5.385474ms
2025/08/05 11:36:47 TopoSystem update...
2025/08/05 11:36:47 TopoSystem: Link count: 1900000
2025/08/05 11:36:47 TopoSystem update time: 24.308529ms
2025/08/05 11:36:47 AttenuationSystem update...
2025/08/05 11:36:47 AttenuationSystem parallel flag: 1
2025/08/05 11:36:49 Attenuation computed count: 1900000
2025/08/05 11:36:49 AttenuationSystem update time: 2.019895829s
2025/08/05 11:36:49 Run 9 complete
2025/08/05 11:36:49 StationSystem update...
2025/08/05 11:36:49 weather update count: 1000
2025/08/05 11:36:49 StationSystem update time: 4.096µs
2025/08/05 11:36:49 SatelliteSystem update...
2025/08/05 11:36:49 satellite count: 1900
2025/08/05 11:36:49 SatelliteSystem update time: 5.346547ms
2025/08/05 11:36:49 TopoSystem update...
2025/08/05 11:36:49 TopoSystem: Link count: 1900000
2025/08/05 11:36:49 TopoSystem update time: 33.094133ms
2025/08/05 11:36:49 AttenuationSystem update...
2025/08/05 11:36:49 AttenuationSystem parallel flag: 1
2025/08/05 11:36:51 Attenuation computed count: 1900000
2025/08/05 11:36:51 AttenuationSystem update time: 2.250422845s
2025/08/05 11:36:51 Run 10 complete
2025/08/05 11:36:51 Total update time:  19.928979012s
2025/08/05 11:36:51 linkCache size: 40

 Performance counter stats for './scale_ecs 1000 1900 10 2 8 1':

        39,646,021      cache-references                                                      
         9,958,019      cache-misses                     #   25.12% of all cache refs         

      19.942683781 seconds time elapsed

      37.130826000 seconds user
       0.154007000 seconds sys


