ECS running with 800 stations, 700 satellites, 2 numWGs and 8 numBlocks for 10 rounds in 0 parallel pattern
2025/08/05 09:25:49 StationSystem update...
2025/08/05 09:25:49 weather update count: 800
2025/08/05 09:25:49 StationSystem update time: 4.691µs
2025/08/05 09:25:49 SatelliteSystem update...
2025/08/05 09:25:49 satellite count: 700
2025/08/05 09:25:49 SatelliteSystem update time: 2.670497ms
2025/08/05 09:25:49 TopoSystem update...
2025/08/05 09:25:50 TopoSystem: Link count: 560000
2025/08/05 09:25:50 TopoSystem update time: 18.918152ms
2025/08/05 09:25:50 AttenuationSystem update...
2025/08/05 09:25:50 AttenuationSystem parallel flag: 0
2025/08/05 09:25:50 Attenuation computed count: 560000
2025/08/05 09:25:50 AttenuationSystem update time: 174.653531ms
2025/08/05 09:25:50 Run 1 complete
2025/08/05 09:25:50 StationSystem update...
2025/08/05 09:25:50 weather update count: 800
2025/08/05 09:25:50 StationSystem update time: 3.458µs
2025/08/05 09:25:50 SatelliteSystem update...
2025/08/05 09:25:50 satellite count: 700
2025/08/05 09:25:50 SatelliteSystem update time: 2.665955ms
2025/08/05 09:25:50 TopoSystem update...
2025/08/05 09:25:50 TopoSystem: Link count: 560000
2025/08/05 09:25:50 TopoSystem update time: 16.694317ms
2025/08/05 09:25:50 AttenuationSystem update...
2025/08/05 09:25:50 AttenuationSystem parallel flag: 0
2025/08/05 09:25:50 Attenuation computed count: 560000
2025/08/05 09:25:50 AttenuationSystem update time: 177.178954ms
2025/08/05 09:25:50 Run 2 complete
2025/08/05 09:25:50 StationSystem update...
2025/08/05 09:25:50 weather update count: 800
2025/08/05 09:25:50 StationSystem update time: 3.58µs
2025/08/05 09:25:50 SatelliteSystem update...
2025/08/05 09:25:50 satellite count: 700
2025/08/05 09:25:50 SatelliteSystem update time: 2.683633ms
2025/08/05 09:25:50 TopoSystem update...
2025/08/05 09:25:50 TopoSystem: Link count: 560000
2025/08/05 09:25:50 TopoSystem update time: 9.810923ms
2025/08/05 09:25:50 AttenuationSystem update...
2025/08/05 09:25:50 AttenuationSystem parallel flag: 0
2025/08/05 09:25:50 Attenuation computed count: 560000
2025/08/05 09:25:50 AttenuationSystem update time: 175.013701ms
2025/08/05 09:25:50 Run 3 complete
2025/08/05 09:25:50 StationSystem update...
2025/08/05 09:25:50 weather update count: 800
2025/08/05 09:25:50 StationSystem update time: 3.907µs
2025/08/05 09:25:50 SatelliteSystem update...
2025/08/05 09:25:50 satellite count: 700
2025/08/05 09:25:50 SatelliteSystem update time: 2.678396ms
2025/08/05 09:25:50 TopoSystem update...
2025/08/05 09:25:50 TopoSystem: Link count: 560000
2025/08/05 09:25:50 TopoSystem update time: 9.099436ms
2025/08/05 09:25:50 AttenuationSystem update...
2025/08/05 09:25:50 AttenuationSystem parallel flag: 0
2025/08/05 09:25:50 Attenuation computed count: 560000
2025/08/05 09:25:50 AttenuationSystem update time: 168.637017ms
2025/08/05 09:25:50 Run 4 complete
2025/08/05 09:25:50 StationSystem update...
2025/08/05 09:25:50 weather update count: 800
2025/08/05 09:25:50 StationSystem update time: 3.62µs
2025/08/05 09:25:50 SatelliteSystem update...
2025/08/05 09:25:50 satellite count: 700
2025/08/05 09:25:50 SatelliteSystem update time: 2.671152ms
2025/08/05 09:25:50 TopoSystem update...
2025/08/05 09:25:50 TopoSystem: Link count: 560000
2025/08/05 09:25:50 TopoSystem update time: 8.605024ms
2025/08/05 09:25:50 AttenuationSystem update...
2025/08/05 09:25:50 AttenuationSystem parallel flag: 0
2025/08/05 09:25:50 Attenuation computed count: 560000
2025/08/05 09:25:50 AttenuationSystem update time: 195.712715ms
2025/08/05 09:25:50 Run 5 complete
2025/08/05 09:25:50 StationSystem update...
2025/08/05 09:25:50 weather update count: 800
2025/08/05 09:25:50 StationSystem update time: 3.606µs
2025/08/05 09:25:50 SatelliteSystem update...
2025/08/05 09:25:50 satellite count: 700
2025/08/05 09:25:50 SatelliteSystem update time: 2.687947ms
2025/08/05 09:25:50 TopoSystem update...
2025/08/05 09:25:50 TopoSystem: Link count: 560000
2025/08/05 09:25:50 TopoSystem update time: 8.607986ms
2025/08/05 09:25:50 AttenuationSystem update...
2025/08/05 09:25:50 AttenuationSystem parallel flag: 0
2025/08/05 09:25:51 Attenuation computed count: 560000
2025/08/05 09:25:51 AttenuationSystem update time: 163.416691ms
2025/08/05 09:25:51 Run 6 complete
2025/08/05 09:25:51 StationSystem update...
2025/08/05 09:25:51 weather update count: 800
2025/08/05 09:25:51 StationSystem update time: 3.702µs
2025/08/05 09:25:51 SatelliteSystem update...
2025/08/05 09:25:51 satellite count: 700
2025/08/05 09:25:51 SatelliteSystem update time: 2.681954ms
2025/08/05 09:25:51 TopoSystem update...
2025/08/05 09:25:51 TopoSystem: Link count: 560000
2025/08/05 09:25:51 TopoSystem update time: 11.035506ms
2025/08/05 09:25:51 AttenuationSystem update...
2025/08/05 09:25:51 AttenuationSystem parallel flag: 0
2025/08/05 09:25:51 Attenuation computed count: 560000
2025/08/05 09:25:51 AttenuationSystem update time: 173.567535ms
2025/08/05 09:25:51 Run 7 complete
2025/08/05 09:25:51 StationSystem update...
2025/08/05 09:25:51 weather update count: 800
2025/08/05 09:25:51 StationSystem update time: 3.601µs
2025/08/05 09:25:51 SatelliteSystem update...
2025/08/05 09:25:51 satellite count: 700
2025/08/05 09:25:51 SatelliteSystem update time: 2.679975ms
2025/08/05 09:25:51 TopoSystem update...
2025/08/05 09:25:51 TopoSystem: Link count: 560000
2025/08/05 09:25:51 TopoSystem update time: 8.458028ms
2025/08/05 09:25:51 AttenuationSystem update...
2025/08/05 09:25:51 AttenuationSystem parallel flag: 0
2025/08/05 09:25:51 Attenuation computed count: 560000
2025/08/05 09:25:51 AttenuationSystem update time: 161.629937ms
2025/08/05 09:25:51 Run 8 complete
2025/08/05 09:25:51 StationSystem update...
2025/08/05 09:25:51 weather update count: 800
2025/08/05 09:25:51 StationSystem update time: 3.88µs
2025/08/05 09:25:51 SatelliteSystem update...
2025/08/05 09:25:51 satellite count: 700
2025/08/05 09:25:51 SatelliteSystem update time: 2.683705ms
2025/08/05 09:25:51 TopoSystem update...
2025/08/05 09:25:51 TopoSystem: Link count: 560000
2025/08/05 09:25:51 TopoSystem update time: 8.724911ms
2025/08/05 09:25:51 AttenuationSystem update...
2025/08/05 09:25:51 AttenuationSystem parallel flag: 0
2025/08/05 09:25:51 Attenuation computed count: 560000
2025/08/05 09:25:51 AttenuationSystem update time: 177.041718ms
2025/08/05 09:25:51 Run 9 complete
2025/08/05 09:25:51 StationSystem update...
2025/08/05 09:25:51 weather update count: 800
2025/08/05 09:25:51 StationSystem update time: 3.425µs
2025/08/05 09:25:51 SatelliteSystem update...
2025/08/05 09:25:51 satellite count: 700
2025/08/05 09:25:51 SatelliteSystem update time: 2.679394ms
2025/08/05 09:25:51 TopoSystem update...
2025/08/05 09:25:51 TopoSystem: Link count: 560000
2025/08/05 09:25:51 TopoSystem update time: 8.535772ms
2025/08/05 09:25:51 AttenuationSystem update...
2025/08/05 09:25:51 AttenuationSystem parallel flag: 0
2025/08/05 09:25:51 Attenuation computed count: 560000
2025/08/05 09:25:51 AttenuationSystem update time: 164.362628ms
2025/08/05 09:25:51 Run 10 complete
2025/08/05 09:25:51 Total update time:  1.870126607s
2025/08/05 09:25:51 linkCache size: 40

 Performance counter stats for './scale_ecs 800 700 10 2 8 0':

        12,395,356      cache-references                                                      
         2,247,226      cache-misses                     #   18.13% of all cache refs         

       1.875940066 seconds time elapsed

      13.027509000 seconds user
       0.048994000 seconds sys


