ECS running with 700 stations, 1400 satellites, 4 numWGs and 8 numBlocks for 10 rounds in 0 parallel pattern
2025/08/05 09:07:14 StationSystem update...
2025/08/05 09:07:14 weather update count: 700
2025/08/05 09:07:14 StationSystem update time: 3.534µs
2025/08/05 09:07:14 SatelliteSystem update...
2025/08/05 09:07:14 satellite count: 1400
2025/08/05 09:07:14 SatelliteSystem update time: 3.96486ms
2025/08/05 09:07:14 TopoSystem update...
2025/08/05 09:07:14 TopoSystem: Link count: 980000
2025/08/05 09:07:14 TopoSystem update time: 30.634035ms
2025/08/05 09:07:14 AttenuationSystem update...
2025/08/05 09:07:14 AttenuationSystem parallel flag: 0
2025/08/05 09:07:15 Attenuation computed count: 980000
2025/08/05 09:07:15 AttenuationSystem update time: 279.550226ms
2025/08/05 09:07:15 Run 1 complete
2025/08/05 09:07:15 StationSystem update...
2025/08/05 09:07:15 weather update count: 700
2025/08/05 09:07:15 StationSystem update time: 3.313µs
2025/08/05 09:07:15 SatelliteSystem update...
2025/08/05 09:07:15 satellite count: 1400
2025/08/05 09:07:15 SatelliteSystem update time: 5.298401ms
2025/08/05 09:07:15 TopoSystem update...
2025/08/05 09:07:15 TopoSystem: Link count: 980000
2025/08/05 09:07:15 TopoSystem update time: 27.432285ms
2025/08/05 09:07:15 AttenuationSystem update...
2025/08/05 09:07:15 AttenuationSystem parallel flag: 0
2025/08/05 09:07:15 Attenuation computed count: 980000
2025/08/05 09:07:15 AttenuationSystem update time: 279.22365ms
2025/08/05 09:07:15 Run 2 complete
2025/08/05 09:07:15 StationSystem update...
2025/08/05 09:07:15 weather update count: 700
2025/08/05 09:07:15 StationSystem update time: 3.001µs
2025/08/05 09:07:15 SatelliteSystem update...
2025/08/05 09:07:15 satellite count: 1400
2025/08/05 09:07:15 SatelliteSystem update time: 5.284693ms
2025/08/05 09:07:15 TopoSystem update...
2025/08/05 09:07:15 TopoSystem: Link count: 980000
2025/08/05 09:07:15 TopoSystem update time: 13.85884ms
2025/08/05 09:07:15 AttenuationSystem update...
2025/08/05 09:07:15 AttenuationSystem parallel flag: 0
2025/08/05 09:07:15 Attenuation computed count: 980000
2025/08/05 09:07:15 AttenuationSystem update time: 344.094534ms
2025/08/05 09:07:15 Run 3 complete
2025/08/05 09:07:15 StationSystem update...
2025/08/05 09:07:15 weather update count: 700
2025/08/05 09:07:15 StationSystem update time: 3.84µs
2025/08/05 09:07:15 SatelliteSystem update...
2025/08/05 09:07:15 satellite count: 1400
2025/08/05 09:07:15 SatelliteSystem update time: 3.97092ms
2025/08/05 09:07:15 TopoSystem update...
2025/08/05 09:07:15 TopoSystem: Link count: 980000
2025/08/05 09:07:15 TopoSystem update time: 12.682509ms
2025/08/05 09:07:15 AttenuationSystem update...
2025/08/05 09:07:15 AttenuationSystem parallel flag: 0
2025/08/05 09:07:16 Attenuation computed count: 980000
2025/08/05 09:07:16 AttenuationSystem update time: 324.181312ms
2025/08/05 09:07:16 Run 4 complete
2025/08/05 09:07:16 StationSystem update...
2025/08/05 09:07:16 weather update count: 700
2025/08/05 09:07:16 StationSystem update time: 3.46µs
2025/08/05 09:07:16 SatelliteSystem update...
2025/08/05 09:07:16 satellite count: 1400
2025/08/05 09:07:16 SatelliteSystem update time: 5.308414ms
2025/08/05 09:07:16 TopoSystem update...
2025/08/05 09:07:16 TopoSystem: Link count: 980000
2025/08/05 09:07:16 TopoSystem update time: 14.136584ms
2025/08/05 09:07:16 AttenuationSystem update...
2025/08/05 09:07:16 AttenuationSystem parallel flag: 0
2025/08/05 09:07:16 Attenuation computed count: 980000
2025/08/05 09:07:16 AttenuationSystem update time: 305.86927ms
2025/08/05 09:07:16 Run 5 complete
2025/08/05 09:07:16 StationSystem update...
2025/08/05 09:07:16 weather update count: 700
2025/08/05 09:07:16 StationSystem update time: 3.747µs
2025/08/05 09:07:16 SatelliteSystem update...
2025/08/05 09:07:16 satellite count: 1400
2025/08/05 09:07:16 SatelliteSystem update time: 5.31603ms
2025/08/05 09:07:16 TopoSystem update...
2025/08/05 09:07:16 TopoSystem: Link count: 980000
2025/08/05 09:07:16 TopoSystem update time: 14.058774ms
2025/08/05 09:07:16 AttenuationSystem update...
2025/08/05 09:07:16 AttenuationSystem parallel flag: 0
2025/08/05 09:07:16 Attenuation computed count: 980000
2025/08/05 09:07:16 AttenuationSystem update time: 313.149795ms
2025/08/05 09:07:16 Run 6 complete
2025/08/05 09:07:16 StationSystem update...
2025/08/05 09:07:16 weather update count: 700
2025/08/05 09:07:16 StationSystem update time: 3.146µs
2025/08/05 09:07:16 SatelliteSystem update...
2025/08/05 09:07:16 satellite count: 1400
2025/08/05 09:07:16 SatelliteSystem update time: 5.318884ms
2025/08/05 09:07:16 TopoSystem update...
2025/08/05 09:07:16 TopoSystem: Link count: 980000
2025/08/05 09:07:16 TopoSystem update time: 13.857451ms
2025/08/05 09:07:16 AttenuationSystem update...
2025/08/05 09:07:16 AttenuationSystem parallel flag: 0
2025/08/05 09:07:17 Attenuation computed count: 980000
2025/08/05 09:07:17 AttenuationSystem update time: 285.284461ms
2025/08/05 09:07:17 Run 7 complete
2025/08/05 09:07:17 StationSystem update...
2025/08/05 09:07:17 weather update count: 700
2025/08/05 09:07:17 StationSystem update time: 3.292µs
2025/08/05 09:07:17 SatelliteSystem update...
2025/08/05 09:07:17 satellite count: 1400
2025/08/05 09:07:17 SatelliteSystem update time: 5.501747ms
2025/08/05 09:07:17 TopoSystem update...
2025/08/05 09:07:17 TopoSystem: Link count: 980000
2025/08/05 09:07:17 TopoSystem update time: 14.966245ms
2025/08/05 09:07:17 AttenuationSystem update...
2025/08/05 09:07:17 AttenuationSystem parallel flag: 0
2025/08/05 09:07:17 Attenuation computed count: 980000
2025/08/05 09:07:17 AttenuationSystem update time: 306.091557ms
2025/08/05 09:07:17 Run 8 complete
2025/08/05 09:07:17 StationSystem update...
2025/08/05 09:07:17 weather update count: 700
2025/08/05 09:07:17 StationSystem update time: 3.352µs
2025/08/05 09:07:17 SatelliteSystem update...
2025/08/05 09:07:17 satellite count: 1400
2025/08/05 09:07:17 SatelliteSystem update time: 5.316662ms
2025/08/05 09:07:17 TopoSystem update...
2025/08/05 09:07:17 TopoSystem: Link count: 980000
2025/08/05 09:07:17 TopoSystem update time: 14.610208ms
2025/08/05 09:07:17 AttenuationSystem update...
2025/08/05 09:07:17 AttenuationSystem parallel flag: 0
2025/08/05 09:07:17 Attenuation computed count: 980000
2025/08/05 09:07:17 AttenuationSystem update time: 304.568107ms
2025/08/05 09:07:17 Run 9 complete
2025/08/05 09:07:17 StationSystem update...
2025/08/05 09:07:17 weather update count: 700
2025/08/05 09:07:17 StationSystem update time: 3.362µs
2025/08/05 09:07:17 SatelliteSystem update...
2025/08/05 09:07:17 satellite count: 1400
2025/08/05 09:07:17 SatelliteSystem update time: 5.30312ms
2025/08/05 09:07:17 TopoSystem update...
2025/08/05 09:07:17 TopoSystem: Link count: 980000
2025/08/05 09:07:17 TopoSystem update time: 14.717258ms
2025/08/05 09:07:17 AttenuationSystem update...
2025/08/05 09:07:17 AttenuationSystem parallel flag: 0
2025/08/05 09:07:18 Attenuation computed count: 980000
2025/08/05 09:07:18 AttenuationSystem update time: 279.409721ms
2025/08/05 09:07:18 Run 10 complete
2025/08/05 09:07:18 Total update time:  3.249522645s
2025/08/05 09:07:18 linkCache size: 40

 Performance counter stats for './scale_ecs 700 1400 10 4 8 0':

        20,569,669      cache-references                                                      
         4,089,507      cache-misses                     #   19.88% of all cache refs         

       3.262120712 seconds time elapsed

      20.827123000 seconds user
       0.068003000 seconds sys


