ECS running with 900 stations, 700 satellites, 8 numWGs and 2 numBlocks for 10 rounds in 1 parallel pattern
2025/08/05 10:28:55 StationSystem update...
2025/08/05 10:28:55 weather update count: 900
2025/08/05 10:28:55 StationSystem update time: 5.191µs
2025/08/05 10:28:55 SatelliteSystem update...
2025/08/05 10:28:55 satellite count: 700
2025/08/05 10:28:55 SatelliteSystem update time: 2.665695ms
2025/08/05 10:28:55 TopoSystem update...
2025/08/05 10:28:55 TopoSystem: Link count: 630000
2025/08/05 10:28:55 TopoSystem update time: 16.503294ms
2025/08/05 10:28:55 AttenuationSystem update...
2025/08/05 10:28:55 AttenuationSystem parallel flag: 1
2025/08/05 10:28:55 Attenuation computed count: 630000
2025/08/05 10:28:55 AttenuationSystem update time: 193.740399ms
2025/08/05 10:28:55 Run 1 complete
2025/08/05 10:28:55 StationSystem update...
2025/08/05 10:28:55 weather update count: 900
2025/08/05 10:28:55 StationSystem update time: 3.281µs
2025/08/05 10:28:55 SatelliteSystem update...
2025/08/05 10:28:55 satellite count: 700
2025/08/05 10:28:55 SatelliteSystem update time: 2.668883ms
2025/08/05 10:28:55 TopoSystem update...
2025/08/05 10:28:55 TopoSystem: Link count: 630000
2025/08/05 10:28:55 TopoSystem update time: 14.876859ms
2025/08/05 10:28:55 AttenuationSystem update...
2025/08/05 10:28:55 AttenuationSystem parallel flag: 1
2025/08/05 10:28:56 Attenuation computed count: 630000
2025/08/05 10:28:56 AttenuationSystem update time: 199.235485ms
2025/08/05 10:28:56 Run 2 complete
2025/08/05 10:28:56 StationSystem update...
2025/08/05 10:28:56 weather update count: 900
2025/08/05 10:28:56 StationSystem update time: 3.439µs
2025/08/05 10:28:56 SatelliteSystem update...
2025/08/05 10:28:56 satellite count: 700
2025/08/05 10:28:56 SatelliteSystem update time: 2.665616ms
2025/08/05 10:28:56 TopoSystem update...
2025/08/05 10:28:56 TopoSystem: Link count: 630000
2025/08/05 10:28:56 TopoSystem update time: 11.648153ms
2025/08/05 10:28:56 AttenuationSystem update...
2025/08/05 10:28:56 AttenuationSystem parallel flag: 1
2025/08/05 10:28:56 Attenuation computed count: 630000
2025/08/05 10:28:56 AttenuationSystem update time: 213.318064ms
2025/08/05 10:28:56 Run 3 complete
2025/08/05 10:28:56 StationSystem update...
2025/08/05 10:28:56 weather update count: 900
2025/08/05 10:28:56 StationSystem update time: 3.41µs
2025/08/05 10:28:56 SatelliteSystem update...
2025/08/05 10:28:56 satellite count: 700
2025/08/05 10:28:56 SatelliteSystem update time: 2.661339ms
2025/08/05 10:28:56 TopoSystem update...
2025/08/05 10:28:56 TopoSystem: Link count: 630000
2025/08/05 10:28:56 TopoSystem update time: 8.3115ms
2025/08/05 10:28:56 AttenuationSystem update...
2025/08/05 10:28:56 AttenuationSystem parallel flag: 1
2025/08/05 10:28:56 Attenuation computed count: 630000
2025/08/05 10:28:56 AttenuationSystem update time: 214.243626ms
2025/08/05 10:28:56 Run 4 complete
2025/08/05 10:28:56 StationSystem update...
2025/08/05 10:28:56 weather update count: 900
2025/08/05 10:28:56 StationSystem update time: 3.475µs
2025/08/05 10:28:56 SatelliteSystem update...
2025/08/05 10:28:56 satellite count: 700
2025/08/05 10:28:56 SatelliteSystem update time: 2.660483ms
2025/08/05 10:28:56 TopoSystem update...
2025/08/05 10:28:56 TopoSystem: Link count: 630000
2025/08/05 10:28:56 TopoSystem update time: 8.793095ms
2025/08/05 10:28:56 AttenuationSystem update...
2025/08/05 10:28:56 AttenuationSystem parallel flag: 1
2025/08/05 10:28:56 Attenuation computed count: 630000
2025/08/05 10:28:56 AttenuationSystem update time: 180.629084ms
2025/08/05 10:28:56 Run 5 complete
2025/08/05 10:28:56 StationSystem update...
2025/08/05 10:28:56 weather update count: 900
2025/08/05 10:28:56 StationSystem update time: 2.983µs
2025/08/05 10:28:56 SatelliteSystem update...
2025/08/05 10:28:56 satellite count: 700
2025/08/05 10:28:56 SatelliteSystem update time: 2.665154ms
2025/08/05 10:28:56 TopoSystem update...
2025/08/05 10:28:56 TopoSystem: Link count: 630000
2025/08/05 10:28:56 TopoSystem update time: 11.668952ms
2025/08/05 10:28:56 AttenuationSystem update...
2025/08/05 10:28:56 AttenuationSystem parallel flag: 1
2025/08/05 10:28:57 Attenuation computed count: 630000
2025/08/05 10:28:57 AttenuationSystem update time: 205.84864ms
2025/08/05 10:28:57 Run 6 complete
2025/08/05 10:28:57 StationSystem update...
2025/08/05 10:28:57 weather update count: 900
2025/08/05 10:28:57 StationSystem update time: 3.193µs
2025/08/05 10:28:57 SatelliteSystem update...
2025/08/05 10:28:57 satellite count: 700
2025/08/05 10:28:57 SatelliteSystem update time: 2.676899ms
2025/08/05 10:28:57 TopoSystem update...
2025/08/05 10:28:57 TopoSystem: Link count: 630000
2025/08/05 10:28:57 TopoSystem update time: 10.11866ms
2025/08/05 10:28:57 AttenuationSystem update...
2025/08/05 10:28:57 AttenuationSystem parallel flag: 1
2025/08/05 10:28:57 Attenuation computed count: 630000
2025/08/05 10:28:57 AttenuationSystem update time: 209.143339ms
2025/08/05 10:28:57 Run 7 complete
2025/08/05 10:28:57 StationSystem update...
2025/08/05 10:28:57 weather update count: 900
2025/08/05 10:28:57 StationSystem update time: 3.391µs
2025/08/05 10:28:57 SatelliteSystem update...
2025/08/05 10:28:57 satellite count: 700
2025/08/05 10:28:57 SatelliteSystem update time: 2.666758ms
2025/08/05 10:28:57 TopoSystem update...
2025/08/05 10:28:57 TopoSystem: Link count: 630000
2025/08/05 10:28:57 TopoSystem update time: 8.349953ms
2025/08/05 10:28:57 AttenuationSystem update...
2025/08/05 10:28:57 AttenuationSystem parallel flag: 1
2025/08/05 10:28:57 Attenuation computed count: 630000
2025/08/05 10:28:57 AttenuationSystem update time: 234.243594ms
2025/08/05 10:28:57 Run 8 complete
2025/08/05 10:28:57 StationSystem update...
2025/08/05 10:28:57 weather update count: 900
2025/08/05 10:28:57 StationSystem update time: 3.457µs
2025/08/05 10:28:57 SatelliteSystem update...
2025/08/05 10:28:57 satellite count: 700
2025/08/05 10:28:57 SatelliteSystem update time: 2.662486ms
2025/08/05 10:28:57 TopoSystem update...
2025/08/05 10:28:57 TopoSystem: Link count: 630000
2025/08/05 10:28:57 TopoSystem update time: 8.714785ms
2025/08/05 10:28:57 AttenuationSystem update...
2025/08/05 10:28:57 AttenuationSystem parallel flag: 1
2025/08/05 10:28:57 Attenuation computed count: 630000
2025/08/05 10:28:57 AttenuationSystem update time: 181.29504ms
2025/08/05 10:28:57 Run 9 complete
2025/08/05 10:28:57 StationSystem update...
2025/08/05 10:28:57 weather update count: 900
2025/08/05 10:28:57 StationSystem update time: 3.712µs
2025/08/05 10:28:57 SatelliteSystem update...
2025/08/05 10:28:57 satellite count: 700
2025/08/05 10:28:57 SatelliteSystem update time: 2.65996ms
2025/08/05 10:28:57 TopoSystem update...
2025/08/05 10:28:57 TopoSystem: Link count: 630000
2025/08/05 10:28:57 TopoSystem update time: 7.357948ms
2025/08/05 10:28:57 AttenuationSystem update...
2025/08/05 10:28:57 AttenuationSystem parallel flag: 1
2025/08/05 10:28:57 Attenuation computed count: 630000
2025/08/05 10:28:57 AttenuationSystem update time: 188.82595ms
2025/08/05 10:28:57 Run 10 complete
2025/08/05 10:28:57 Total update time:  2.156884525s
2025/08/05 10:28:57 linkCache size: 40

 Performance counter stats for './scale_ecs 900 700 10 8 2 1':

        13,696,785      cache-references                                                      
         1,960,358      cache-misses                     #   14.31% of all cache refs         

       2.162669442 seconds time elapsed

      13.601710000 seconds user
       0.051021000 seconds sys


