ECS running with 800 stations, 2000 satellites, 2 numWGs and 4 numBlocks for 10 rounds in 1 parallel pattern
2025/08/05 10:23:04 StationSystem update...
2025/08/05 10:23:04 weather update count: 800
2025/08/05 10:23:04 StationSystem update time: 4.562µs
2025/08/05 10:23:04 SatelliteSystem update...
2025/08/05 10:23:04 satellite count: 2000
2025/08/05 10:23:04 SatelliteSystem update time: 7.5461ms
2025/08/05 10:23:04 TopoSystem update...
2025/08/05 10:23:04 TopoSystem: Link count: 1600000
2025/08/05 10:23:04 TopoSystem update time: 50.355736ms
2025/08/05 10:23:04 AttenuationSystem update...
2025/08/05 10:23:04 AttenuationSystem parallel flag: 1
2025/08/05 10:23:06 Attenuation computed count: 1600000
2025/08/05 10:23:06 AttenuationSystem update time: 1.741432854s
2025/08/05 10:23:06 Run 1 complete
2025/08/05 10:23:06 StationSystem update...
2025/08/05 10:23:06 weather update count: 800
2025/08/05 10:23:06 SatelliteSystem update...
2025/08/05 10:23:06 StationSystem update time: 2.685µs
2025/08/05 10:23:06 satellite count: 2000
2025/08/05 10:23:06 SatelliteSystem update time: 5.616399ms
2025/08/05 10:23:06 TopoSystem update...
2025/08/05 10:23:06 TopoSystem: Link count: 1600000
2025/08/05 10:23:06 TopoSystem update time: 33.635391ms
2025/08/05 10:23:06 AttenuationSystem update...
2025/08/05 10:23:06 AttenuationSystem parallel flag: 1
2025/08/05 10:23:07 Attenuation computed count: 1600000
2025/08/05 10:23:07 AttenuationSystem update time: 1.788444711s
2025/08/05 10:23:07 Run 2 complete
2025/08/05 10:23:07 StationSystem update...
2025/08/05 10:23:07 weather update count: 800
2025/08/05 10:23:07 StationSystem update time: 3.54µs
2025/08/05 10:23:07 SatelliteSystem update...
2025/08/05 10:23:07 satellite count: 2000
2025/08/05 10:23:07 SatelliteSystem update time: 9.07126ms
2025/08/05 10:23:07 TopoSystem update...
2025/08/05 10:23:07 TopoSystem: Link count: 1600000
2025/08/05 10:23:07 TopoSystem update time: 41.602614ms
2025/08/05 10:23:07 AttenuationSystem update...
2025/08/05 10:23:07 AttenuationSystem parallel flag: 1
2025/08/05 10:23:09 Attenuation computed count: 1600000
2025/08/05 10:23:09 AttenuationSystem update time: 1.802506296s
2025/08/05 10:23:09 Run 3 complete
2025/08/05 10:23:09 StationSystem update...
2025/08/05 10:23:09 weather update count: 800
2025/08/05 10:23:09 StationSystem update time: 3.496µs
2025/08/05 10:23:09 SatelliteSystem update...
2025/08/05 10:23:09 satellite count: 2000
2025/08/05 10:23:09 SatelliteSystem update time: 8.145592ms
2025/08/05 10:23:09 TopoSystem update...
2025/08/05 10:23:09 TopoSystem: Link count: 1600000
2025/08/05 10:23:09 TopoSystem update time: 27.801776ms
2025/08/05 10:23:09 AttenuationSystem update...
2025/08/05 10:23:09 AttenuationSystem parallel flag: 1
2025/08/05 10:23:11 Attenuation computed count: 1600000
2025/08/05 10:23:11 AttenuationSystem update time: 1.78056662s
2025/08/05 10:23:11 Run 4 complete
2025/08/05 10:23:11 StationSystem update...
2025/08/05 10:23:11 weather update count: 800
2025/08/05 10:23:11 StationSystem update time: 2.645µs
2025/08/05 10:23:11 SatelliteSystem update...
2025/08/05 10:23:11 satellite count: 2000
2025/08/05 10:23:11 SatelliteSystem update time: 7.563407ms
2025/08/05 10:23:11 TopoSystem update...
2025/08/05 10:23:11 TopoSystem: Link count: 1600000
2025/08/05 10:23:11 TopoSystem update time: 24.263682ms
2025/08/05 10:23:11 AttenuationSystem update...
2025/08/05 10:23:11 AttenuationSystem parallel flag: 1
2025/08/05 10:23:13 Attenuation computed count: 1600000
2025/08/05 10:23:13 AttenuationSystem update time: 1.520890328s
2025/08/05 10:23:13 Run 5 complete
2025/08/05 10:23:13 StationSystem update...
2025/08/05 10:23:13 weather update count: 800
2025/08/05 10:23:13 StationSystem update time: 2.837µs
2025/08/05 10:23:13 SatelliteSystem update...
2025/08/05 10:23:13 satellite count: 2000
2025/08/05 10:23:13 SatelliteSystem update time: 5.618317ms
2025/08/05 10:23:13 TopoSystem update...
2025/08/05 10:23:13 TopoSystem: Link count: 1600000
2025/08/05 10:23:13 TopoSystem update time: 33.298703ms
2025/08/05 10:23:13 AttenuationSystem update...
2025/08/05 10:23:13 AttenuationSystem parallel flag: 1
2025/08/05 10:23:14 Attenuation computed count: 1600000
2025/08/05 10:23:14 AttenuationSystem update time: 1.733145246s
2025/08/05 10:23:14 Run 6 complete
2025/08/05 10:23:14 StationSystem update...
2025/08/05 10:23:14 weather update count: 800
2025/08/05 10:23:14 StationSystem update time: 3.599µs
2025/08/05 10:23:14 SatelliteSystem update...
2025/08/05 10:23:14 satellite count: 2000
2025/08/05 10:23:14 SatelliteSystem update time: 9.593742ms
2025/08/05 10:23:14 TopoSystem update...
2025/08/05 10:23:14 TopoSystem: Link count: 1600000
2025/08/05 10:23:14 TopoSystem update time: 28.172957ms
2025/08/05 10:23:14 AttenuationSystem update...
2025/08/05 10:23:14 AttenuationSystem parallel flag: 1
2025/08/05 10:23:16 Attenuation computed count: 1600000
2025/08/05 10:23:16 AttenuationSystem update time: 1.585498846s
2025/08/05 10:23:16 Run 7 complete
2025/08/05 10:23:16 StationSystem update...
2025/08/05 10:23:16 weather update count: 800
2025/08/05 10:23:16 StationSystem update time: 2.915µs
2025/08/05 10:23:16 SatelliteSystem update...
2025/08/05 10:23:16 satellite count: 2000
2025/08/05 10:23:16 SatelliteSystem update time: 5.621529ms
2025/08/05 10:23:16 TopoSystem update...
2025/08/05 10:23:16 TopoSystem: Link count: 1600000
2025/08/05 10:23:16 TopoSystem update time: 19.251366ms
2025/08/05 10:23:16 AttenuationSystem update...
2025/08/05 10:23:16 AttenuationSystem parallel flag: 1
2025/08/05 10:23:18 Attenuation computed count: 1600000
2025/08/05 10:23:18 AttenuationSystem update time: 1.738200673s
2025/08/05 10:23:18 Run 8 complete
2025/08/05 10:23:18 StationSystem update...
2025/08/05 10:23:18 weather update count: 800
2025/08/05 10:23:18 StationSystem update time: 2.702µs
2025/08/05 10:23:18 SatelliteSystem update...
2025/08/05 10:23:18 satellite count: 2000
2025/08/05 10:23:18 SatelliteSystem update time: 7.577054ms
2025/08/05 10:23:18 TopoSystem update...
2025/08/05 10:23:18 TopoSystem: Link count: 1600000
2025/08/05 10:23:18 TopoSystem update time: 39.757126ms
2025/08/05 10:23:18 AttenuationSystem update...
2025/08/05 10:23:18 AttenuationSystem parallel flag: 1
2025/08/05 10:23:19 Attenuation computed count: 1600000
2025/08/05 10:23:19 AttenuationSystem update time: 1.402948595s
2025/08/05 10:23:19 Run 9 complete
2025/08/05 10:23:19 StationSystem update...
2025/08/05 10:23:19 weather update count: 800
2025/08/05 10:23:19 StationSystem update time: 2.737µs
2025/08/05 10:23:19 SatelliteSystem update...
2025/08/05 10:23:19 satellite count: 2000
2025/08/05 10:23:19 SatelliteSystem update time: 5.620603ms
2025/08/05 10:23:19 TopoSystem update...
2025/08/05 10:23:19 TopoSystem: Link count: 1600000
2025/08/05 10:23:19 TopoSystem update time: 19.134637ms
2025/08/05 10:23:19 AttenuationSystem update...
2025/08/05 10:23:19 AttenuationSystem parallel flag: 1
2025/08/05 10:23:21 Attenuation computed count: 1600000
2025/08/05 10:23:21 AttenuationSystem update time: 1.703795153s
2025/08/05 10:23:21 Run 10 complete
2025/08/05 10:23:21 Total update time:  17.197612282s
2025/08/05 10:23:21 linkCache size: 40

 Performance counter stats for './scale_ecs 800 2000 10 2 4 1':

        33,569,735      cache-references                                                      
         8,519,952      cache-misses                     #   25.38% of all cache refs         

      17.216010518 seconds time elapsed

      31.635268000 seconds user
       0.108055000 seconds sys


