ECS running with 600 stations, 700 satellites, 4 numWGs and 8 numBlocks for 10 rounds in 0 parallel pattern
2025/08/05 08:28:25 StationSystem update...
2025/08/05 08:28:25 weather update count: 600
2025/08/05 08:28:25 SatelliteSystem update...
2025/08/05 08:28:25 StationSystem update time: 4.509µs
2025/08/05 08:28:25 satellite count: 700
2025/08/05 08:28:25 SatelliteSystem update time: 2.70148ms
2025/08/05 08:28:25 TopoSystem update...
2025/08/05 08:28:25 TopoSystem: Link count: 420000
2025/08/05 08:28:25 TopoSystem update time: 15.882424ms
2025/08/05 08:28:25 AttenuationSystem update...
2025/08/05 08:28:25 AttenuationSystem parallel flag: 0
2025/08/05 08:28:25 Attenuation computed count: 420000
2025/08/05 08:28:25 AttenuationSystem update time: 121.021209ms
2025/08/05 08:28:25 Run 1 complete
2025/08/05 08:28:25 StationSystem update...
2025/08/05 08:28:25 weather update count: 600
2025/08/05 08:28:25 StationSystem update time: 2.77µs
2025/08/05 08:28:25 SatelliteSystem update...
2025/08/05 08:28:25 satellite count: 700
2025/08/05 08:28:25 SatelliteSystem update time: 2.670902ms
2025/08/05 08:28:25 TopoSystem update...
2025/08/05 08:28:25 TopoSystem: Link count: 420000
2025/08/05 08:28:25 TopoSystem update time: 11.597821ms
2025/08/05 08:28:25 AttenuationSystem update...
2025/08/05 08:28:25 AttenuationSystem parallel flag: 0
2025/08/05 08:28:25 Attenuation computed count: 420000
2025/08/05 08:28:25 AttenuationSystem update time: 137.132768ms
2025/08/05 08:28:25 Run 2 complete
2025/08/05 08:28:25 StationSystem update...
2025/08/05 08:28:25 weather update count: 600
2025/08/05 08:28:25 StationSystem update time: 2.943µs
2025/08/05 08:28:25 SatelliteSystem update...
2025/08/05 08:28:25 satellite count: 700
2025/08/05 08:28:25 SatelliteSystem update time: 2.679182ms
2025/08/05 08:28:25 TopoSystem update...
2025/08/05 08:28:25 TopoSystem: Link count: 420000
2025/08/05 08:28:25 TopoSystem update time: 7.191953ms
2025/08/05 08:28:25 AttenuationSystem update...
2025/08/05 08:28:25 AttenuationSystem parallel flag: 0
2025/08/05 08:28:25 Attenuation computed count: 420000
2025/08/05 08:28:25 AttenuationSystem update time: 125.472895ms
2025/08/05 08:28:25 Run 3 complete
2025/08/05 08:28:25 StationSystem update...
2025/08/05 08:28:25 weather update count: 600
2025/08/05 08:28:25 StationSystem update time: 3.026µs
2025/08/05 08:28:25 SatelliteSystem update...
2025/08/05 08:28:25 satellite count: 700
2025/08/05 08:28:25 SatelliteSystem update time: 2.669576ms
2025/08/05 08:28:25 TopoSystem update...
2025/08/05 08:28:25 TopoSystem: Link count: 420000
2025/08/05 08:28:25 TopoSystem update time: 6.507231ms
2025/08/05 08:28:25 AttenuationSystem update...
2025/08/05 08:28:25 AttenuationSystem parallel flag: 0
2025/08/05 08:28:25 Attenuation computed count: 420000
2025/08/05 08:28:25 AttenuationSystem update time: 153.204981ms
2025/08/05 08:28:25 Run 4 complete
2025/08/05 08:28:25 StationSystem update...
2025/08/05 08:28:25 weather update count: 600
2025/08/05 08:28:25 StationSystem update time: 2.325µs
2025/08/05 08:28:25 SatelliteSystem update...
2025/08/05 08:28:25 satellite count: 700
2025/08/05 08:28:25 SatelliteSystem update time: 1.989982ms
2025/08/05 08:28:25 TopoSystem update...
2025/08/05 08:28:25 TopoSystem: Link count: 420000
2025/08/05 08:28:25 TopoSystem update time: 5.291415ms
2025/08/05 08:28:25 AttenuationSystem update...
2025/08/05 08:28:25 AttenuationSystem parallel flag: 0
2025/08/05 08:28:25 Attenuation computed count: 420000
2025/08/05 08:28:25 AttenuationSystem update time: 152.997914ms
2025/08/05 08:28:25 Run 5 complete
2025/08/05 08:28:25 StationSystem update...
2025/08/05 08:28:25 weather update count: 600
2025/08/05 08:28:25 StationSystem update time: 3.376µs
2025/08/05 08:28:25 SatelliteSystem update...
2025/08/05 08:28:25 satellite count: 700
2025/08/05 08:28:25 SatelliteSystem update time: 2.669972ms
2025/08/05 08:28:25 TopoSystem update...
2025/08/05 08:28:25 TopoSystem: Link count: 420000
2025/08/05 08:28:25 TopoSystem update time: 6.733777ms
2025/08/05 08:28:25 AttenuationSystem update...
2025/08/05 08:28:25 AttenuationSystem parallel flag: 0
2025/08/05 08:28:25 Attenuation computed count: 420000
2025/08/05 08:28:25 AttenuationSystem update time: 140.844565ms
2025/08/05 08:28:25 Run 6 complete
2025/08/05 08:28:25 StationSystem update...
2025/08/05 08:28:25 weather update count: 600
2025/08/05 08:28:25 StationSystem update time: 2.553µs
2025/08/05 08:28:25 SatelliteSystem update...
2025/08/05 08:28:25 satellite count: 700
2025/08/05 08:28:25 SatelliteSystem update time: 2.667104ms
2025/08/05 08:28:25 TopoSystem update...
2025/08/05 08:28:25 TopoSystem: Link count: 420000
2025/08/05 08:28:25 TopoSystem update time: 7.237597ms
2025/08/05 08:28:25 AttenuationSystem update...
2025/08/05 08:28:25 AttenuationSystem parallel flag: 0
2025/08/05 08:28:26 Attenuation computed count: 420000
2025/08/05 08:28:26 AttenuationSystem update time: 136.986477ms
2025/08/05 08:28:26 Run 7 complete
2025/08/05 08:28:26 StationSystem update...
2025/08/05 08:28:26 weather update count: 600
2025/08/05 08:28:26 StationSystem update time: 2.808µs
2025/08/05 08:28:26 SatelliteSystem update...
2025/08/05 08:28:26 satellite count: 700
2025/08/05 08:28:26 SatelliteSystem update time: 2.876947ms
2025/08/05 08:28:26 TopoSystem update...
2025/08/05 08:28:26 TopoSystem: Link count: 420000
2025/08/05 08:28:26 TopoSystem update time: 6.462521ms
2025/08/05 08:28:26 AttenuationSystem update...
2025/08/05 08:28:26 AttenuationSystem parallel flag: 0
2025/08/05 08:28:26 Attenuation computed count: 420000
2025/08/05 08:28:26 AttenuationSystem update time: 137.381083ms
2025/08/05 08:28:26 Run 8 complete
2025/08/05 08:28:26 StationSystem update...
2025/08/05 08:28:26 weather update count: 600
2025/08/05 08:28:26 StationSystem update time: 2.665µs
2025/08/05 08:28:26 SatelliteSystem update...
2025/08/05 08:28:26 satellite count: 700
2025/08/05 08:28:26 SatelliteSystem update time: 2.672346ms
2025/08/05 08:28:26 TopoSystem update...
2025/08/05 08:28:26 TopoSystem: Link count: 420000
2025/08/05 08:28:26 TopoSystem update time: 6.239056ms
2025/08/05 08:28:26 AttenuationSystem update...
2025/08/05 08:28:26 AttenuationSystem parallel flag: 0
2025/08/05 08:28:26 Attenuation computed count: 420000
2025/08/05 08:28:26 AttenuationSystem update time: 144.571637ms
2025/08/05 08:28:26 Run 9 complete
2025/08/05 08:28:26 StationSystem update...
2025/08/05 08:28:26 weather update count: 600
2025/08/05 08:28:26 StationSystem update time: 2.666µs
2025/08/05 08:28:26 SatelliteSystem update...
2025/08/05 08:28:26 satellite count: 700
2025/08/05 08:28:26 SatelliteSystem update time: 2.658436ms
2025/08/05 08:28:26 TopoSystem update...
2025/08/05 08:28:26 TopoSystem: Link count: 420000
2025/08/05 08:28:26 TopoSystem update time: 6.265479ms
2025/08/05 08:28:26 AttenuationSystem update...
2025/08/05 08:28:26 AttenuationSystem parallel flag: 0
2025/08/05 08:28:26 Attenuation computed count: 420000
2025/08/05 08:28:26 AttenuationSystem update time: 150.693866ms
2025/08/05 08:28:26 Run 10 complete
2025/08/05 08:28:26 Total update time:  1.50946637s
2025/08/05 08:28:26 linkCache size: 40

 Performance counter stats for './scale_ecs 600 700 10 4 8 0':

         8,642,887      cache-references                                                      
         1,187,232      cache-misses                     #   13.74% of all cache refs         

       1.514817881 seconds time elapsed

       9.846709000 seconds user
       0.044934000 seconds sys


