ECS running with 900 stations, 1700 satellites, 8 numWGs and 4 numBlocks for 10 rounds in 1 parallel pattern
2025/08/05 10:51:55 StationSystem update...
2025/08/05 10:51:55 SatelliteSystem update...
2025/08/05 10:51:55 weather update count: 900
2025/08/05 10:51:55 StationSystem update time: 5.647µs
2025/08/05 10:51:55 satellite count: 1700
2025/08/05 10:51:55 SatelliteSystem update time: 6.430822ms
2025/08/05 10:51:55 TopoSystem update...
2025/08/05 10:51:55 TopoSystem: Link count: 1530000
2025/08/05 10:51:55 TopoSystem update time: 47.059014ms
2025/08/05 10:51:55 AttenuationSystem update...
2025/08/05 10:51:55 AttenuationSystem parallel flag: 1
2025/08/05 10:51:55 Attenuation computed count: 1530000
2025/08/05 10:51:55 AttenuationSystem update time: 441.207397ms
2025/08/05 10:51:55 Run 1 complete
2025/08/05 10:51:55 StationSystem update...
2025/08/05 10:51:55 weather update count: 900
2025/08/05 10:51:55 StationSystem update time: 3.786µs
2025/08/05 10:51:55 SatelliteSystem update...
2025/08/05 10:51:55 satellite count: 1700
2025/08/05 10:51:55 SatelliteSystem update time: 6.554455ms
2025/08/05 10:51:55 TopoSystem update...
2025/08/05 10:51:55 TopoSystem: Link count: 1530000
2025/08/05 10:51:55 TopoSystem update time: 41.848766ms
2025/08/05 10:51:55 AttenuationSystem update...
2025/08/05 10:51:55 AttenuationSystem parallel flag: 1
2025/08/05 10:51:56 Attenuation computed count: 1530000
2025/08/05 10:51:56 AttenuationSystem update time: 467.262905ms
2025/08/05 10:51:56 Run 2 complete
2025/08/05 10:51:56 StationSystem update...
2025/08/05 10:51:56 weather update count: 900
2025/08/05 10:51:56 StationSystem update time: 3.889µs
2025/08/05 10:51:56 SatelliteSystem update...
2025/08/05 10:51:56 satellite count: 1700
2025/08/05 10:51:56 SatelliteSystem update time: 6.44729ms
2025/08/05 10:51:56 TopoSystem update...
2025/08/05 10:51:56 TopoSystem: Link count: 1530000
2025/08/05 10:51:56 TopoSystem update time: 23.566169ms
2025/08/05 10:51:56 AttenuationSystem update...
2025/08/05 10:51:56 AttenuationSystem parallel flag: 1
2025/08/05 10:51:56 Attenuation computed count: 1530000
2025/08/05 10:51:56 AttenuationSystem update time: 455.451158ms
2025/08/05 10:51:56 Run 3 complete
2025/08/05 10:51:56 StationSystem update...
2025/08/05 10:51:56 weather update count: 900
2025/08/05 10:51:56 StationSystem update time: 4.16µs
2025/08/05 10:51:56 SatelliteSystem update...
2025/08/05 10:51:56 satellite count: 1700
2025/08/05 10:51:56 SatelliteSystem update time: 6.419603ms
2025/08/05 10:51:56 TopoSystem update...
2025/08/05 10:51:56 TopoSystem: Link count: 1530000
2025/08/05 10:51:56 TopoSystem update time: 20.680672ms
2025/08/05 10:51:56 AttenuationSystem update...
2025/08/05 10:51:56 AttenuationSystem parallel flag: 1
2025/08/05 10:51:57 Attenuation computed count: 1530000
2025/08/05 10:51:57 AttenuationSystem update time: 474.705755ms
2025/08/05 10:51:57 Run 4 complete
2025/08/05 10:51:57 StationSystem update...
2025/08/05 10:51:57 weather update count: 900
2025/08/05 10:51:57 StationSystem update time: 3.839µs
2025/08/05 10:51:57 SatelliteSystem update...
2025/08/05 10:51:57 satellite count: 1700
2025/08/05 10:51:57 SatelliteSystem update time: 6.443349ms
2025/08/05 10:51:57 TopoSystem update...
2025/08/05 10:51:57 TopoSystem: Link count: 1530000
2025/08/05 10:51:57 TopoSystem update time: 37.37659ms
2025/08/05 10:51:57 AttenuationSystem update...
2025/08/05 10:51:57 AttenuationSystem parallel flag: 1
2025/08/05 10:51:57 Attenuation computed count: 1530000
2025/08/05 10:51:57 AttenuationSystem update time: 486.709721ms
2025/08/05 10:51:57 Run 5 complete
2025/08/05 10:51:57 StationSystem update...
2025/08/05 10:51:57 weather update count: 900
2025/08/05 10:51:57 StationSystem update time: 4.189µs
2025/08/05 10:51:57 SatelliteSystem update...
2025/08/05 10:51:57 satellite count: 1700
2025/08/05 10:51:57 SatelliteSystem update time: 4.805983ms
2025/08/05 10:51:57 TopoSystem update...
2025/08/05 10:51:57 TopoSystem: Link count: 1530000
2025/08/05 10:51:57 TopoSystem update time: 18.238097ms
2025/08/05 10:51:57 AttenuationSystem update...
2025/08/05 10:51:57 AttenuationSystem parallel flag: 1
2025/08/05 10:51:58 Attenuation computed count: 1530000
2025/08/05 10:51:58 AttenuationSystem update time: 449.145385ms
2025/08/05 10:51:58 Run 6 complete
2025/08/05 10:51:58 StationSystem update...
2025/08/05 10:51:58 weather update count: 900
2025/08/05 10:51:58 StationSystem update time: 3.515µs
2025/08/05 10:51:58 SatelliteSystem update...
2025/08/05 10:51:58 satellite count: 1700
2025/08/05 10:51:58 SatelliteSystem update time: 6.444489ms
2025/08/05 10:51:58 TopoSystem update...
2025/08/05 10:51:58 TopoSystem: Link count: 1530000
2025/08/05 10:51:58 TopoSystem update time: 22.007562ms
2025/08/05 10:51:58 AttenuationSystem update...
2025/08/05 10:51:58 AttenuationSystem parallel flag: 1
2025/08/05 10:51:58 Attenuation computed count: 1530000
2025/08/05 10:51:58 AttenuationSystem update time: 439.15292ms
2025/08/05 10:51:58 Run 7 complete
2025/08/05 10:51:58 StationSystem update...
2025/08/05 10:51:58 weather update count: 900
2025/08/05 10:51:58 StationSystem update time: 4.232µs
2025/08/05 10:51:58 SatelliteSystem update...
2025/08/05 10:51:58 satellite count: 1700
2025/08/05 10:51:58 SatelliteSystem update time: 6.435769ms
2025/08/05 10:51:58 TopoSystem update...
2025/08/05 10:51:58 TopoSystem: Link count: 1530000
2025/08/05 10:51:58 TopoSystem update time: 20.500765ms
2025/08/05 10:51:58 AttenuationSystem update...
2025/08/05 10:51:58 AttenuationSystem parallel flag: 1
2025/08/05 10:51:59 Attenuation computed count: 1530000
2025/08/05 10:51:59 AttenuationSystem update time: 466.638561ms
2025/08/05 10:51:59 Run 8 complete
2025/08/05 10:51:59 StationSystem update...
2025/08/05 10:51:59 weather update count: 900
2025/08/05 10:51:59 StationSystem update time: 4.647µs
2025/08/05 10:51:59 SatelliteSystem update...
2025/08/05 10:51:59 satellite count: 1700
2025/08/05 10:51:59 SatelliteSystem update time: 6.434408ms
2025/08/05 10:51:59 TopoSystem update...
2025/08/05 10:51:59 TopoSystem: Link count: 1530000
2025/08/05 10:51:59 TopoSystem update time: 23.14638ms
2025/08/05 10:51:59 AttenuationSystem update...
2025/08/05 10:51:59 AttenuationSystem parallel flag: 1
2025/08/05 10:51:59 Attenuation computed count: 1530000
2025/08/05 10:51:59 AttenuationSystem update time: 464.415457ms
2025/08/05 10:51:59 Run 9 complete
2025/08/05 10:51:59 StationSystem update...
2025/08/05 10:51:59 weather update count: 900
2025/08/05 10:51:59 StationSystem update time: 3.575µs
2025/08/05 10:51:59 SatelliteSystem update...
2025/08/05 10:51:59 satellite count: 1700
2025/08/05 10:51:59 SatelliteSystem update time: 6.417701ms
2025/08/05 10:51:59 TopoSystem update...
2025/08/05 10:51:59 TopoSystem: Link count: 1530000
2025/08/05 10:51:59 TopoSystem update time: 21.075845ms
2025/08/05 10:51:59 AttenuationSystem update...
2025/08/05 10:51:59 AttenuationSystem parallel flag: 1
2025/08/05 10:52:00 Attenuation computed count: 1530000
2025/08/05 10:52:00 AttenuationSystem update time: 440.367183ms
2025/08/05 10:52:00 Run 10 complete
2025/08/05 10:52:00 Total update time:  4.932240584s
2025/08/05 10:52:00 linkCache size: 40

 Performance counter stats for './scale_ecs 900 1700 10 8 4 1':

        32,294,476      cache-references                                                      
         7,751,914      cache-misses                     #   24.00% of all cache refs         

       4.941154614 seconds time elapsed

      30.930396000 seconds user
       0.131014000 seconds sys


