ECS running with 600 stations, 1700 satellites, 2 numWGs and 8 numBlocks for 10 rounds in 0 parallel pattern
2025/08/05 08:43:56 StationSystem update...
2025/08/05 08:43:56 weather update count: 600
2025/08/05 08:43:56 StationSystem update time: 6.063µs
2025/08/05 08:43:56 SatelliteSystem update...
2025/08/05 08:43:56 satellite count: 1700
2025/08/05 08:43:56 SatelliteSystem update time: 6.435486ms
2025/08/05 08:43:56 TopoSystem update...
2025/08/05 08:43:56 TopoSystem: Link count: 1020000
2025/08/05 08:43:56 TopoSystem update time: 31.748156ms
2025/08/05 08:43:56 AttenuationSystem update...
2025/08/05 08:43:56 AttenuationSystem parallel flag: 0
2025/08/05 08:43:56 Attenuation computed count: 1020000
2025/08/05 08:43:56 AttenuationSystem update time: 307.552084ms
2025/08/05 08:43:56 Run 1 complete
2025/08/05 08:43:56 StationSystem update...
2025/08/05 08:43:56 weather update count: 600
2025/08/05 08:43:56 StationSystem update time: 3.49µs
2025/08/05 08:43:56 SatelliteSystem update...
2025/08/05 08:43:56 satellite count: 1700
2025/08/05 08:43:56 SatelliteSystem update time: 6.439302ms
2025/08/05 08:43:56 TopoSystem update...
2025/08/05 08:43:56 TopoSystem: Link count: 1020000
2025/08/05 08:43:56 TopoSystem update time: 28.937809ms
2025/08/05 08:43:56 AttenuationSystem update...
2025/08/05 08:43:56 AttenuationSystem parallel flag: 0
2025/08/05 08:43:57 Attenuation computed count: 1020000
2025/08/05 08:43:57 AttenuationSystem update time: 328.472931ms
2025/08/05 08:43:57 Run 2 complete
2025/08/05 08:43:57 StationSystem update...
2025/08/05 08:43:57 weather update count: 600
2025/08/05 08:43:57 StationSystem update time: 2.874µs
2025/08/05 08:43:57 SatelliteSystem update...
2025/08/05 08:43:57 satellite count: 1700
2025/08/05 08:43:57 SatelliteSystem update time: 6.441407ms
2025/08/05 08:43:57 TopoSystem update...
2025/08/05 08:43:57 TopoSystem: Link count: 1020000
2025/08/05 08:43:57 TopoSystem update time: 15.39256ms
2025/08/05 08:43:57 AttenuationSystem update...
2025/08/05 08:43:57 AttenuationSystem parallel flag: 0
2025/08/05 08:43:57 Attenuation computed count: 1020000
2025/08/05 08:43:57 AttenuationSystem update time: 326.043181ms
2025/08/05 08:43:57 Run 3 complete
2025/08/05 08:43:57 StationSystem update...
2025/08/05 08:43:57 weather update count: 600
2025/08/05 08:43:57 StationSystem update time: 3.182µs
2025/08/05 08:43:57 SatelliteSystem update...
2025/08/05 08:43:57 satellite count: 1700
2025/08/05 08:43:57 SatelliteSystem update time: 6.430337ms
2025/08/05 08:43:57 TopoSystem update...
2025/08/05 08:43:57 TopoSystem: Link count: 1020000
2025/08/05 08:43:57 TopoSystem update time: 15.393566ms
2025/08/05 08:43:57 AttenuationSystem update...
2025/08/05 08:43:57 AttenuationSystem parallel flag: 0
2025/08/05 08:43:57 Attenuation computed count: 1020000
2025/08/05 08:43:57 AttenuationSystem update time: 302.568912ms
2025/08/05 08:43:57 Run 4 complete
2025/08/05 08:43:57 StationSystem update...
2025/08/05 08:43:57 weather update count: 600
2025/08/05 08:43:57 StationSystem update time: 3.242µs
2025/08/05 08:43:57 SatelliteSystem update...
2025/08/05 08:43:57 satellite count: 1700
2025/08/05 08:43:57 SatelliteSystem update time: 4.769621ms
2025/08/05 08:43:57 TopoSystem update...
2025/08/05 08:43:58 TopoSystem: Link count: 1020000
2025/08/05 08:43:58 TopoSystem update time: 13.111531ms
2025/08/05 08:43:58 AttenuationSystem update...
2025/08/05 08:43:58 AttenuationSystem parallel flag: 0
2025/08/05 08:43:58 Attenuation computed count: 1020000
2025/08/05 08:43:58 AttenuationSystem update time: 326.464265ms
2025/08/05 08:43:58 Run 5 complete
2025/08/05 08:43:58 StationSystem update...
2025/08/05 08:43:58 weather update count: 600
2025/08/05 08:43:58 StationSystem update time: 4.13µs
2025/08/05 08:43:58 SatelliteSystem update...
2025/08/05 08:43:58 satellite count: 1700
2025/08/05 08:43:58 SatelliteSystem update time: 6.416956ms
2025/08/05 08:43:58 TopoSystem update...
2025/08/05 08:43:58 TopoSystem: Link count: 1020000
2025/08/05 08:43:58 TopoSystem update time: 15.281111ms
2025/08/05 08:43:58 AttenuationSystem update...
2025/08/05 08:43:58 AttenuationSystem parallel flag: 0
2025/08/05 08:43:58 Attenuation computed count: 1020000
2025/08/05 08:43:58 AttenuationSystem update time: 297.722198ms
2025/08/05 08:43:58 Run 6 complete
2025/08/05 08:43:58 StationSystem update...
2025/08/05 08:43:58 weather update count: 600
2025/08/05 08:43:58 StationSystem update time: 2.578µs
2025/08/05 08:43:58 SatelliteSystem update...
2025/08/05 08:43:58 satellite count: 1700
2025/08/05 08:43:58 SatelliteSystem update time: 6.434285ms
2025/08/05 08:43:58 TopoSystem update...
2025/08/05 08:43:58 TopoSystem: Link count: 1020000
2025/08/05 08:43:58 TopoSystem update time: 15.448189ms
2025/08/05 08:43:58 AttenuationSystem update...
2025/08/05 08:43:58 AttenuationSystem parallel flag: 0
2025/08/05 08:43:58 Attenuation computed count: 1020000
2025/08/05 08:43:58 AttenuationSystem update time: 291.679279ms
2025/08/05 08:43:58 Run 7 complete
2025/08/05 08:43:58 StationSystem update...
2025/08/05 08:43:58 weather update count: 600
2025/08/05 08:43:58 StationSystem update time: 3.102µs
2025/08/05 08:43:58 SatelliteSystem update...
2025/08/05 08:43:58 satellite count: 1700
2025/08/05 08:43:58 SatelliteSystem update time: 6.424429ms
2025/08/05 08:43:58 TopoSystem update...
2025/08/05 08:43:58 TopoSystem: Link count: 1020000
2025/08/05 08:43:58 TopoSystem update time: 15.244539ms
2025/08/05 08:43:58 AttenuationSystem update...
2025/08/05 08:43:58 AttenuationSystem parallel flag: 0
2025/08/05 08:43:59 Attenuation computed count: 1020000
2025/08/05 08:43:59 AttenuationSystem update time: 302.896052ms
2025/08/05 08:43:59 Run 8 complete
2025/08/05 08:43:59 StationSystem update...
2025/08/05 08:43:59 weather update count: 600
2025/08/05 08:43:59 StationSystem update time: 3.444µs
2025/08/05 08:43:59 SatelliteSystem update...
2025/08/05 08:43:59 satellite count: 1700
2025/08/05 08:43:59 SatelliteSystem update time: 6.753023ms
2025/08/05 08:43:59 TopoSystem update...
2025/08/05 08:43:59 TopoSystem: Link count: 1020000
2025/08/05 08:43:59 TopoSystem update time: 15.225683ms
2025/08/05 08:43:59 AttenuationSystem update...
2025/08/05 08:43:59 AttenuationSystem parallel flag: 0
2025/08/05 08:43:59 Attenuation computed count: 1020000
2025/08/05 08:43:59 AttenuationSystem update time: 325.284857ms
2025/08/05 08:43:59 Run 9 complete
2025/08/05 08:43:59 StationSystem update...
2025/08/05 08:43:59 weather update count: 600
2025/08/05 08:43:59 StationSystem update time: 3.245µs
2025/08/05 08:43:59 SatelliteSystem update...
2025/08/05 08:43:59 satellite count: 1700
2025/08/05 08:43:59 SatelliteSystem update time: 6.417886ms
2025/08/05 08:43:59 TopoSystem update...
2025/08/05 08:43:59 TopoSystem: Link count: 1020000
2025/08/05 08:43:59 TopoSystem update time: 19.753372ms
2025/08/05 08:43:59 AttenuationSystem update...
2025/08/05 08:43:59 AttenuationSystem parallel flag: 0
2025/08/05 08:43:59 Attenuation computed count: 1020000
2025/08/05 08:43:59 AttenuationSystem update time: 312.86835ms
2025/08/05 08:43:59 Run 10 complete
2025/08/05 08:43:59 Total update time:  3.37880825s
2025/08/05 08:43:59 linkCache size: 40

 Performance counter stats for './scale_ecs 600 1700 10 2 8 0':

        21,510,129      cache-references                                                      
         4,285,161      cache-misses                     #   19.92% of all cache refs         

       3.387159811 seconds time elapsed

      22.775828000 seconds user
       0.080023000 seconds sys


