ECS running with 600 stations, 1100 satellites, 2 numWGs and 4 numBlocks for 10 rounds in 1 parallel pattern
2025/08/05 08:32:54 StationSystem update...
2025/08/05 08:32:54 weather update count: 600
2025/08/05 08:32:54 StationSystem update time: 3.847µs
2025/08/05 08:32:54 SatelliteSystem update...
2025/08/05 08:32:54 satellite count: 1100
2025/08/05 08:32:54 SatelliteSystem update time: 3.633709ms
2025/08/05 08:32:54 TopoSystem update...
2025/08/05 08:32:54 TopoSystem: Link count: 660000
2025/08/05 08:32:54 TopoSystem update time: 20.797771ms
2025/08/05 08:32:54 AttenuationSystem update...
2025/08/05 08:32:54 AttenuationSystem parallel flag: 1
2025/08/05 08:32:55 Attenuation computed count: 660000
2025/08/05 08:32:55 AttenuationSystem update time: 738.192541ms
2025/08/05 08:32:55 Run 1 complete
2025/08/05 08:32:55 StationSystem update...
2025/08/05 08:32:55 weather update count: 600
2025/08/05 08:32:55 StationSystem update time: 2.973µs
2025/08/05 08:32:55 SatelliteSystem update...
2025/08/05 08:32:55 satellite count: 1100
2025/08/05 08:32:55 SatelliteSystem update time: 3.160759ms
2025/08/05 08:32:55 TopoSystem update...
2025/08/05 08:32:55 TopoSystem: Link count: 660000
2025/08/05 08:32:55 TopoSystem update time: 25.771785ms
2025/08/05 08:32:55 AttenuationSystem update...
2025/08/05 08:32:55 AttenuationSystem parallel flag: 1
2025/08/05 08:32:55 Attenuation computed count: 660000
2025/08/05 08:32:55 AttenuationSystem update time: 705.796025ms
2025/08/05 08:32:55 Run 2 complete
2025/08/05 08:32:55 StationSystem update...
2025/08/05 08:32:55 weather update count: 600
2025/08/05 08:32:55 StationSystem update time: 2.646µs
2025/08/05 08:32:55 SatelliteSystem update...
2025/08/05 08:32:55 satellite count: 1100
2025/08/05 08:32:55 SatelliteSystem update time: 3.11723ms
2025/08/05 08:32:55 TopoSystem update...
2025/08/05 08:32:55 TopoSystem: Link count: 660000
2025/08/05 08:32:55 TopoSystem update time: 12.335573ms
2025/08/05 08:32:55 AttenuationSystem update...
2025/08/05 08:32:55 AttenuationSystem parallel flag: 1
2025/08/05 08:32:56 Attenuation computed count: 660000
2025/08/05 08:32:56 AttenuationSystem update time: 579.133279ms
2025/08/05 08:32:56 Run 3 complete
2025/08/05 08:32:56 StationSystem update...
2025/08/05 08:32:56 weather update count: 600
2025/08/05 08:32:56 StationSystem update time: 2.474µs
2025/08/05 08:32:56 SatelliteSystem update...
2025/08/05 08:32:56 satellite count: 1100
2025/08/05 08:32:56 SatelliteSystem update time: 3.113849ms
2025/08/05 08:32:56 TopoSystem update...
2025/08/05 08:32:56 TopoSystem: Link count: 660000
2025/08/05 08:32:56 TopoSystem update time: 15.089362ms
2025/08/05 08:32:56 AttenuationSystem update...
2025/08/05 08:32:56 AttenuationSystem parallel flag: 1
2025/08/05 08:32:57 Attenuation computed count: 660000
2025/08/05 08:32:57 AttenuationSystem update time: 773.237054ms
2025/08/05 08:32:57 Run 4 complete
2025/08/05 08:32:57 StationSystem update...
2025/08/05 08:32:57 weather update count: 600
2025/08/05 08:32:57 StationSystem update time: 3.027µs
2025/08/05 08:32:57 SatelliteSystem update...
2025/08/05 08:32:57 satellite count: 1100
2025/08/05 08:32:57 SatelliteSystem update time: 4.183666ms
2025/08/05 08:32:57 TopoSystem update...
2025/08/05 08:32:57 TopoSystem: Link count: 660000
2025/08/05 08:32:57 TopoSystem update time: 16.044103ms
2025/08/05 08:32:57 AttenuationSystem update...
2025/08/05 08:32:57 AttenuationSystem parallel flag: 1
2025/08/05 08:32:58 Attenuation computed count: 660000
2025/08/05 08:32:58 AttenuationSystem update time: 701.917191ms
2025/08/05 08:32:58 Run 5 complete
2025/08/05 08:32:58 StationSystem update...
2025/08/05 08:32:58 weather update count: 600
2025/08/05 08:32:58 StationSystem update time: 2.195µs
2025/08/05 08:32:58 SatelliteSystem update...
2025/08/05 08:32:58 satellite count: 1100
2025/08/05 08:32:58 SatelliteSystem update time: 4.188822ms
2025/08/05 08:32:58 TopoSystem update...
2025/08/05 08:32:58 TopoSystem: Link count: 660000
2025/08/05 08:32:58 TopoSystem update time: 16.423569ms
2025/08/05 08:32:58 AttenuationSystem update...
2025/08/05 08:32:58 AttenuationSystem parallel flag: 1
2025/08/05 08:32:58 Attenuation computed count: 660000
2025/08/05 08:32:58 AttenuationSystem update time: 781.582498ms
2025/08/05 08:32:58 Run 6 complete
2025/08/05 08:32:58 StationSystem update...
2025/08/05 08:32:58 weather update count: 600
2025/08/05 08:32:58 StationSystem update time: 2.572µs
2025/08/05 08:32:58 SatelliteSystem update...
2025/08/05 08:32:58 satellite count: 1100
2025/08/05 08:32:58 SatelliteSystem update time: 4.19488ms
2025/08/05 08:32:58 TopoSystem update...
2025/08/05 08:32:58 TopoSystem: Link count: 660000
2025/08/05 08:32:58 TopoSystem update time: 16.303162ms
2025/08/05 08:32:58 AttenuationSystem update...
2025/08/05 08:32:58 AttenuationSystem parallel flag: 1
2025/08/05 08:32:59 Attenuation computed count: 660000
2025/08/05 08:32:59 AttenuationSystem update time: 788.817127ms
2025/08/05 08:32:59 Run 7 complete
2025/08/05 08:32:59 StationSystem update...
2025/08/05 08:32:59 weather update count: 600
2025/08/05 08:32:59 StationSystem update time: 2.982µs
2025/08/05 08:32:59 SatelliteSystem update...
2025/08/05 08:32:59 satellite count: 1100
2025/08/05 08:32:59 SatelliteSystem update time: 4.183946ms
2025/08/05 08:32:59 TopoSystem update...
2025/08/05 08:32:59 TopoSystem: Link count: 660000
2025/08/05 08:32:59 TopoSystem update time: 9.908347ms
2025/08/05 08:32:59 AttenuationSystem update...
2025/08/05 08:32:59 AttenuationSystem parallel flag: 1
2025/08/05 08:33:00 Attenuation computed count: 660000
2025/08/05 08:33:00 AttenuationSystem update time: 751.633837ms
2025/08/05 08:33:00 Run 8 complete
2025/08/05 08:33:00 StationSystem update...
2025/08/05 08:33:00 weather update count: 600
2025/08/05 08:33:00 StationSystem update time: 2.872µs
2025/08/05 08:33:00 SatelliteSystem update...
2025/08/05 08:33:00 satellite count: 1100
2025/08/05 08:33:00 SatelliteSystem update time: 3.111087ms
2025/08/05 08:33:00 TopoSystem update...
2025/08/05 08:33:00 TopoSystem: Link count: 660000
2025/08/05 08:33:00 TopoSystem update time: 9.068903ms
2025/08/05 08:33:00 AttenuationSystem update...
2025/08/05 08:33:00 AttenuationSystem parallel flag: 1
2025/08/05 08:33:01 Attenuation computed count: 660000
2025/08/05 08:33:01 AttenuationSystem update time: 777.418445ms
2025/08/05 08:33:01 Run 9 complete
2025/08/05 08:33:01 StationSystem update...
2025/08/05 08:33:01 weather update count: 600
2025/08/05 08:33:01 StationSystem update time: 2.953µs
2025/08/05 08:33:01 SatelliteSystem update...
2025/08/05 08:33:01 satellite count: 1100
2025/08/05 08:33:01 SatelliteSystem update time: 4.177705ms
2025/08/05 08:33:01 TopoSystem update...
2025/08/05 08:33:01 TopoSystem: Link count: 660000
2025/08/05 08:33:01 TopoSystem update time: 16.158071ms
2025/08/05 08:33:01 AttenuationSystem update...
2025/08/05 08:33:01 AttenuationSystem parallel flag: 1
2025/08/05 08:33:02 Attenuation computed count: 660000
2025/08/05 08:33:02 AttenuationSystem update time: 777.097766ms
2025/08/05 08:33:02 Run 10 complete
2025/08/05 08:33:02 Total update time:  7.575854964s
2025/08/05 08:33:02 linkCache size: 40

 Performance counter stats for './scale_ecs 600 1100 10 2 4 1':

        14,434,588      cache-references                                                      
         2,966,545      cache-misses                     #   20.55% of all cache refs         

       7.583109130 seconds time elapsed

      14.446632000 seconds user
       0.046002000 seconds sys


