ECS running with 1000 stations, 1100 satellites, 2 numWGs and 8 numBlocks for 10 rounds in 1 parallel pattern
2025/08/05 11:12:43 StationSystem update...
2025/08/05 11:12:43 weather update count: 1000
2025/08/05 11:12:43 SatelliteSystem update...
2025/08/05 11:12:43 StationSystem update time: 4.954µs
2025/08/05 11:12:43 satellite count: 1100
2025/08/05 11:12:43 SatelliteSystem update time: 4.179305ms
2025/08/05 11:12:43 TopoSystem update...
2025/08/05 11:12:43 TopoSystem: Link count: 1100000
2025/08/05 11:12:43 TopoSystem update time: 34.554447ms
2025/08/05 11:12:43 AttenuationSystem update...
2025/08/05 11:12:43 AttenuationSystem parallel flag: 1
2025/08/05 11:12:44 Attenuation computed count: 1100000
2025/08/05 11:12:44 AttenuationSystem update time: 1.229933483s
2025/08/05 11:12:44 Run 1 complete
2025/08/05 11:12:44 StationSystem update...
2025/08/05 11:12:44 weather update count: 1000
2025/08/05 11:12:44 StationSystem update time: 3.662µs
2025/08/05 11:12:44 SatelliteSystem update...
2025/08/05 11:12:44 satellite count: 1100
2025/08/05 11:12:44 SatelliteSystem update time: 3.103579ms
2025/08/05 11:12:44 TopoSystem update...
2025/08/05 11:12:44 TopoSystem: Link count: 1100000
2025/08/05 11:12:44 TopoSystem update time: 27.323403ms
2025/08/05 11:12:44 AttenuationSystem update...
2025/08/05 11:12:44 AttenuationSystem parallel flag: 1
2025/08/05 11:12:45 Attenuation computed count: 1100000
2025/08/05 11:12:45 AttenuationSystem update time: 1.049161498s
2025/08/05 11:12:45 Run 2 complete
2025/08/05 11:12:45 StationSystem update...
2025/08/05 11:12:45 weather update count: 1000
2025/08/05 11:12:45 StationSystem update time: 3.236µs
2025/08/05 11:12:45 SatelliteSystem update...
2025/08/05 11:12:45 satellite count: 1100
2025/08/05 11:12:45 SatelliteSystem update time: 3.099641ms
2025/08/05 11:12:45 TopoSystem update...
2025/08/05 11:12:45 TopoSystem: Link count: 1100000
2025/08/05 11:12:45 TopoSystem update time: 18.803372ms
2025/08/05 11:12:45 AttenuationSystem update...
2025/08/05 11:12:45 AttenuationSystem parallel flag: 1
2025/08/05 11:12:46 Attenuation computed count: 1100000
2025/08/05 11:12:46 AttenuationSystem update time: 1.289439732s
2025/08/05 11:12:46 Run 3 complete
2025/08/05 11:12:46 StationSystem update...
2025/08/05 11:12:46 weather update count: 1000
2025/08/05 11:12:46 StationSystem update time: 4.019µs
2025/08/05 11:12:46 SatelliteSystem update...
2025/08/05 11:12:46 satellite count: 1100
2025/08/05 11:12:46 SatelliteSystem update time: 4.1734ms
2025/08/05 11:12:46 TopoSystem update...
2025/08/05 11:12:46 TopoSystem: Link count: 1100000
2025/08/05 11:12:46 TopoSystem update time: 19.53803ms
2025/08/05 11:12:46 AttenuationSystem update...
2025/08/05 11:12:46 AttenuationSystem parallel flag: 1
2025/08/05 11:12:47 Attenuation computed count: 1100000
2025/08/05 11:12:47 AttenuationSystem update time: 949.314476ms
2025/08/05 11:12:47 Run 4 complete
2025/08/05 11:12:47 StationSystem update...
2025/08/05 11:12:47 weather update count: 1000
2025/08/05 11:12:47 StationSystem update time: 3.373µs
2025/08/05 11:12:47 SatelliteSystem update...
2025/08/05 11:12:47 satellite count: 1100
2025/08/05 11:12:47 SatelliteSystem update time: 3.113067ms
2025/08/05 11:12:47 TopoSystem update...
2025/08/05 11:12:47 TopoSystem: Link count: 1100000
2025/08/05 11:12:47 TopoSystem update time: 19.084255ms
2025/08/05 11:12:47 AttenuationSystem update...
2025/08/05 11:12:47 AttenuationSystem parallel flag: 1
2025/08/05 11:12:48 Attenuation computed count: 1100000
2025/08/05 11:12:48 AttenuationSystem update time: 971.571835ms
2025/08/05 11:12:48 Run 5 complete
2025/08/05 11:12:48 StationSystem update...
2025/08/05 11:12:48 weather update count: 1000
2025/08/05 11:12:48 StationSystem update time: 2.597µs
2025/08/05 11:12:48 SatelliteSystem update...
2025/08/05 11:12:48 satellite count: 1100
2025/08/05 11:12:48 SatelliteSystem update time: 3.104939ms
2025/08/05 11:12:48 TopoSystem update...
2025/08/05 11:12:48 TopoSystem: Link count: 1100000
2025/08/05 11:12:48 TopoSystem update time: 18.815604ms
2025/08/05 11:12:48 AttenuationSystem update...
2025/08/05 11:12:48 AttenuationSystem parallel flag: 1
2025/08/05 11:12:50 Attenuation computed count: 1100000
2025/08/05 11:12:50 AttenuationSystem update time: 1.264944693s
2025/08/05 11:12:50 Run 6 complete
2025/08/05 11:12:50 StationSystem update...
2025/08/05 11:12:50 weather update count: 1000
2025/08/05 11:12:50 StationSystem update time: 3.658µs
2025/08/05 11:12:50 SatelliteSystem update...
2025/08/05 11:12:50 satellite count: 1100
2025/08/05 11:12:50 SatelliteSystem update time: 3.111528ms
2025/08/05 11:12:50 TopoSystem update...
2025/08/05 11:12:50 TopoSystem: Link count: 1100000
2025/08/05 11:12:50 TopoSystem update time: 13.955286ms
2025/08/05 11:12:50 AttenuationSystem update...
2025/08/05 11:12:50 AttenuationSystem parallel flag: 1
2025/08/05 11:12:51 Attenuation computed count: 1100000
2025/08/05 11:12:51 AttenuationSystem update time: 1.25163798s
2025/08/05 11:12:51 Run 7 complete
2025/08/05 11:12:51 StationSystem update...
2025/08/05 11:12:51 weather update count: 1000
2025/08/05 11:12:51 StationSystem update time: 3.387µs
2025/08/05 11:12:51 SatelliteSystem update...
2025/08/05 11:12:51 satellite count: 1100
2025/08/05 11:12:51 SatelliteSystem update time: 3.127109ms
2025/08/05 11:12:51 TopoSystem update...
2025/08/05 11:12:51 TopoSystem: Link count: 1100000
2025/08/05 11:12:51 TopoSystem update time: 13.903558ms
2025/08/05 11:12:51 AttenuationSystem update...
2025/08/05 11:12:51 AttenuationSystem parallel flag: 1
2025/08/05 11:12:52 Attenuation computed count: 1100000
2025/08/05 11:12:52 AttenuationSystem update time: 1.237085725s
2025/08/05 11:12:52 Run 8 complete
2025/08/05 11:12:52 StationSystem update...
2025/08/05 11:12:52 weather update count: 1000
2025/08/05 11:12:52 StationSystem update time: 3.402µs
2025/08/05 11:12:52 SatelliteSystem update...
2025/08/05 11:12:52 satellite count: 1100
2025/08/05 11:12:52 SatelliteSystem update time: 3.116066ms
2025/08/05 11:12:52 TopoSystem update...
2025/08/05 11:12:52 TopoSystem: Link count: 1100000
2025/08/05 11:12:52 TopoSystem update time: 18.626912ms
2025/08/05 11:12:52 AttenuationSystem update...
2025/08/05 11:12:52 AttenuationSystem parallel flag: 1
2025/08/05 11:12:53 Attenuation computed count: 1100000
2025/08/05 11:12:53 AttenuationSystem update time: 1.174234778s
2025/08/05 11:12:53 Run 9 complete
2025/08/05 11:12:53 StationSystem update...
2025/08/05 11:12:53 weather update count: 1000
2025/08/05 11:12:53 StationSystem update time: 4.109µs
2025/08/05 11:12:53 SatelliteSystem update...
2025/08/05 11:12:53 satellite count: 1100
2025/08/05 11:12:53 SatelliteSystem update time: 3.116208ms
2025/08/05 11:12:53 TopoSystem update...
2025/08/05 11:12:53 TopoSystem: Link count: 1100000
2025/08/05 11:12:53 TopoSystem update time: 18.645599ms
2025/08/05 11:12:53 AttenuationSystem update...
2025/08/05 11:12:53 AttenuationSystem parallel flag: 1
2025/08/05 11:12:55 Attenuation computed count: 1100000
2025/08/05 11:12:55 AttenuationSystem update time: 1.258252081s
2025/08/05 11:12:55 Run 10 complete
2025/08/05 11:12:55 Total update time:  11.918629132s
2025/08/05 11:12:55 linkCache size: 40

 Performance counter stats for './scale_ecs 1000 1100 10 2 8 1':

        23,123,470      cache-references                                                      
         5,318,500      cache-misses                     #   23.00% of all cache refs         

      11.927816860 seconds time elapsed

      22.061662000 seconds user
       0.077023000 seconds sys


