ECS running with 800 stations, 600 satellites, 4 numWGs and 4 numBlocks for 10 rounds in 1 parallel pattern
2025/08/05 09:24:42 StationSystem update...
2025/08/05 09:24:42 weather update count: 800
2025/08/05 09:24:42 StationSystem update time: 4.185µs
2025/08/05 09:24:42 SatelliteSystem update...
2025/08/05 09:24:42 satellite count: 600
2025/08/05 09:24:42 SatelliteSystem update time: 2.377983ms
2025/08/05 09:24:42 TopoSystem update...
2025/08/05 09:24:42 TopoSystem: Link count: 480000
2025/08/05 09:24:42 TopoSystem update time: 14.528241ms
2025/08/05 09:24:42 AttenuationSystem update...
2025/08/05 09:24:42 AttenuationSystem parallel flag: 1
2025/08/05 09:24:42 Attenuation computed count: 480000
2025/08/05 09:24:42 AttenuationSystem update time: 276.310798ms
2025/08/05 09:24:42 Run 1 complete
2025/08/05 09:24:42 StationSystem update...
2025/08/05 09:24:42 weather update count: 800
2025/08/05 09:24:42 StationSystem update time: 4.027µs
2025/08/05 09:24:42 SatelliteSystem update...
2025/08/05 09:24:42 satellite count: 600
2025/08/05 09:24:42 SatelliteSystem update time: 2.410513ms
2025/08/05 09:24:42 TopoSystem update...
2025/08/05 09:24:42 TopoSystem: Link count: 480000
2025/08/05 09:24:42 TopoSystem update time: 13.020812ms
2025/08/05 09:24:42 AttenuationSystem update...
2025/08/05 09:24:42 AttenuationSystem parallel flag: 1
2025/08/05 09:24:43 Attenuation computed count: 480000
2025/08/05 09:24:43 AttenuationSystem update time: 299.593121ms
2025/08/05 09:24:43 Run 2 complete
2025/08/05 09:24:43 StationSystem update...
2025/08/05 09:24:43 weather update count: 800
2025/08/05 09:24:43 StationSystem update time: 3.378µs
2025/08/05 09:24:43 SatelliteSystem update...
2025/08/05 09:24:43 satellite count: 600
2025/08/05 09:24:43 SatelliteSystem update time: 2.296055ms
2025/08/05 09:24:43 TopoSystem update...
2025/08/05 09:24:43 TopoSystem: Link count: 480000
2025/08/05 09:24:43 TopoSystem update time: 13.24238ms
2025/08/05 09:24:43 AttenuationSystem update...
2025/08/05 09:24:43 AttenuationSystem parallel flag: 1
2025/08/05 09:24:43 Attenuation computed count: 480000
2025/08/05 09:24:43 AttenuationSystem update time: 302.523009ms
2025/08/05 09:24:43 Run 3 complete
2025/08/05 09:24:43 StationSystem update...
2025/08/05 09:24:43 weather update count: 800
2025/08/05 09:24:43 StationSystem update time: 3.212µs
2025/08/05 09:24:43 SatelliteSystem update...
2025/08/05 09:24:43 satellite count: 600
2025/08/05 09:24:43 SatelliteSystem update time: 2.279815ms
2025/08/05 09:24:43 TopoSystem update...
2025/08/05 09:24:43 TopoSystem: Link count: 480000
2025/08/05 09:24:43 TopoSystem update time: 7.370554ms
2025/08/05 09:24:43 AttenuationSystem update...
2025/08/05 09:24:43 AttenuationSystem parallel flag: 1
2025/08/05 09:24:43 Attenuation computed count: 480000
2025/08/05 09:24:43 AttenuationSystem update time: 279.921495ms
2025/08/05 09:24:43 Run 4 complete
2025/08/05 09:24:43 StationSystem update...
2025/08/05 09:24:43 weather update count: 800
2025/08/05 09:24:43 StationSystem update time: 3.772µs
2025/08/05 09:24:43 SatelliteSystem update...
2025/08/05 09:24:43 satellite count: 600
2025/08/05 09:24:43 SatelliteSystem update time: 1.70487ms
2025/08/05 09:24:43 TopoSystem update...
2025/08/05 09:24:43 TopoSystem: Link count: 480000
2025/08/05 09:24:43 TopoSystem update time: 6.799057ms
2025/08/05 09:24:43 AttenuationSystem update...
2025/08/05 09:24:43 AttenuationSystem parallel flag: 1
2025/08/05 09:24:44 Attenuation computed count: 480000
2025/08/05 09:24:44 AttenuationSystem update time: 307.59451ms
2025/08/05 09:24:44 Run 5 complete
2025/08/05 09:24:44 StationSystem update...
2025/08/05 09:24:44 weather update count: 800
2025/08/05 09:24:44 StationSystem update time: 3.325µs
2025/08/05 09:24:44 SatelliteSystem update...
2025/08/05 09:24:44 satellite count: 600
2025/08/05 09:24:44 SatelliteSystem update time: 2.291947ms
2025/08/05 09:24:44 TopoSystem update...
2025/08/05 09:24:44 TopoSystem: Link count: 480000
2025/08/05 09:24:44 TopoSystem update time: 8.831127ms
2025/08/05 09:24:44 AttenuationSystem update...
2025/08/05 09:24:44 AttenuationSystem parallel flag: 1
2025/08/05 09:24:44 Attenuation computed count: 480000
2025/08/05 09:24:44 AttenuationSystem update time: 281.1464ms
2025/08/05 09:24:44 Run 6 complete
2025/08/05 09:24:44 StationSystem update...
2025/08/05 09:24:44 weather update count: 800
2025/08/05 09:24:44 StationSystem update time: 3.518µs
2025/08/05 09:24:44 SatelliteSystem update...
2025/08/05 09:24:44 satellite count: 600
2025/08/05 09:24:44 SatelliteSystem update time: 2.286203ms
2025/08/05 09:24:44 TopoSystem update...
2025/08/05 09:24:44 TopoSystem: Link count: 480000
2025/08/05 09:24:44 TopoSystem update time: 11.523022ms
2025/08/05 09:24:44 AttenuationSystem update...
2025/08/05 09:24:44 AttenuationSystem parallel flag: 1
2025/08/05 09:24:44 Attenuation computed count: 480000
2025/08/05 09:24:44 AttenuationSystem update time: 307.597025ms
2025/08/05 09:24:44 Run 7 complete
2025/08/05 09:24:44 StationSystem update...
2025/08/05 09:24:44 weather update count: 800
2025/08/05 09:24:44 StationSystem update time: 3.1µs
2025/08/05 09:24:44 SatelliteSystem update...
2025/08/05 09:24:44 satellite count: 600
2025/08/05 09:24:44 SatelliteSystem update time: 2.287452ms
2025/08/05 09:24:44 TopoSystem update...
2025/08/05 09:24:44 TopoSystem: Link count: 480000
2025/08/05 09:24:44 TopoSystem update time: 6.521611ms
2025/08/05 09:24:44 AttenuationSystem update...
2025/08/05 09:24:44 AttenuationSystem parallel flag: 1
2025/08/05 09:24:45 Attenuation computed count: 480000
2025/08/05 09:24:45 AttenuationSystem update time: 311.887069ms
2025/08/05 09:24:45 Run 8 complete
2025/08/05 09:24:45 StationSystem update...
2025/08/05 09:24:45 weather update count: 800
2025/08/05 09:24:45 StationSystem update time: 3.259µs
2025/08/05 09:24:45 SatelliteSystem update...
2025/08/05 09:24:45 satellite count: 600
2025/08/05 09:24:45 SatelliteSystem update time: 2.291772ms
2025/08/05 09:24:45 TopoSystem update...
2025/08/05 09:24:45 TopoSystem: Link count: 480000
2025/08/05 09:24:45 TopoSystem update time: 6.785022ms
2025/08/05 09:24:45 AttenuationSystem update...
2025/08/05 09:24:45 AttenuationSystem parallel flag: 1
2025/08/05 09:24:45 Attenuation computed count: 480000
2025/08/05 09:24:45 AttenuationSystem update time: 308.170384ms
2025/08/05 09:24:45 Run 9 complete
2025/08/05 09:24:45 StationSystem update...
2025/08/05 09:24:45 weather update count: 800
2025/08/05 09:24:45 StationSystem update time: 3.198µs
2025/08/05 09:24:45 SatelliteSystem update...
2025/08/05 09:24:45 satellite count: 600
2025/08/05 09:24:45 SatelliteSystem update time: 2.278812ms
2025/08/05 09:24:45 TopoSystem update...
2025/08/05 09:24:45 TopoSystem: Link count: 480000
2025/08/05 09:24:45 TopoSystem update time: 7.38995ms
2025/08/05 09:24:45 AttenuationSystem update...
2025/08/05 09:24:45 AttenuationSystem parallel flag: 1
2025/08/05 09:24:45 Attenuation computed count: 480000
2025/08/05 09:24:45 AttenuationSystem update time: 296.637758ms
2025/08/05 09:24:45 Run 10 complete
2025/08/05 09:24:45 Total update time:  3.092585217s
2025/08/05 09:24:45 linkCache size: 40

 Performance counter stats for './scale_ecs 800 600 10 4 4 1':

        10,681,989      cache-references                                                      
         1,807,527      cache-misses                     #   16.92% of all cache refs         

       3.097679085 seconds time elapsed

      10.957809000 seconds user
       0.038963000 seconds sys


