ECS running with 700 stations, 1400 satellites, 2 numWGs and 2 numBlocks for 10 rounds in 0 parallel pattern
2025/08/05 09:05:56 StationSystem update...
2025/08/05 09:05:56 weather update count: 700
2025/08/05 09:05:56 StationSystem update time: 4.236µs
2025/08/05 09:05:56 SatelliteSystem update...
2025/08/05 09:05:56 satellite count: 1400
2025/08/05 09:05:56 SatelliteSystem update time: 4.627236ms
2025/08/05 09:05:56 TopoSystem update...
2025/08/05 09:05:56 TopoSystem: Link count: 980000
2025/08/05 09:05:56 TopoSystem update time: 23.608199ms
2025/08/05 09:05:56 AttenuationSystem update...
2025/08/05 09:05:56 AttenuationSystem parallel flag: 0
2025/08/05 09:05:57 Attenuation computed count: 980000
2025/08/05 09:05:57 AttenuationSystem update time: 1.111836877s
2025/08/05 09:05:57 Run 1 complete
2025/08/05 09:05:57 StationSystem update...
2025/08/05 09:05:57 weather update count: 700
2025/08/05 09:05:57 StationSystem update time: 3.675µs
2025/08/05 09:05:57 SatelliteSystem update...
2025/08/05 09:05:57 satellite count: 1400
2025/08/05 09:05:57 SatelliteSystem update time: 13.305176ms
2025/08/05 09:05:57 TopoSystem update...
2025/08/05 09:05:57 TopoSystem: Link count: 980000
2025/08/05 09:05:57 TopoSystem update time: 23.138002ms
2025/08/05 09:05:57 AttenuationSystem update...
2025/08/05 09:05:57 AttenuationSystem parallel flag: 0
2025/08/05 09:05:58 Attenuation computed count: 980000
2025/08/05 09:05:58 AttenuationSystem update time: 1.117264426s
2025/08/05 09:05:58 Run 2 complete
2025/08/05 09:05:58 StationSystem update...
2025/08/05 09:05:58 weather update count: 700
2025/08/05 09:05:58 StationSystem update time: 3.944µs
2025/08/05 09:05:58 SatelliteSystem update...
2025/08/05 09:05:58 satellite count: 1400
2025/08/05 09:05:58 SatelliteSystem update time: 5.301139ms
2025/08/05 09:05:58 TopoSystem update...
2025/08/05 09:05:58 TopoSystem: Link count: 980000
2025/08/05 09:05:58 TopoSystem update time: 11.89549ms
2025/08/05 09:05:58 AttenuationSystem update...
2025/08/05 09:05:58 AttenuationSystem parallel flag: 0
2025/08/05 09:05:59 Attenuation computed count: 980000
2025/08/05 09:05:59 AttenuationSystem update time: 1.173572511s
2025/08/05 09:05:59 Run 3 complete
2025/08/05 09:05:59 StationSystem update...
2025/08/05 09:05:59 weather update count: 700
2025/08/05 09:05:59 StationSystem update time: 3.182µs
2025/08/05 09:05:59 SatelliteSystem update...
2025/08/05 09:05:59 satellite count: 1400
2025/08/05 09:05:59 SatelliteSystem update time: 13.289855ms
2025/08/05 09:05:59 TopoSystem update...
2025/08/05 09:05:59 TopoSystem: Link count: 980000
2025/08/05 09:05:59 TopoSystem update time: 17.333275ms
2025/08/05 09:05:59 AttenuationSystem update...
2025/08/05 09:05:59 AttenuationSystem parallel flag: 0
2025/08/05 09:06:00 Attenuation computed count: 980000
2025/08/05 09:06:00 AttenuationSystem update time: 961.281031ms
2025/08/05 09:06:00 Run 4 complete
2025/08/05 09:06:00 StationSystem update...
2025/08/05 09:06:00 weather update count: 700
2025/08/05 09:06:00 StationSystem update time: 2.604µs
2025/08/05 09:06:00 SatelliteSystem update...
2025/08/05 09:06:00 satellite count: 1400
2025/08/05 09:06:00 SatelliteSystem update time: 4.463674ms
2025/08/05 09:06:00 TopoSystem update...
2025/08/05 09:06:00 TopoSystem: Link count: 980000
2025/08/05 09:06:00 TopoSystem update time: 15.659632ms
2025/08/05 09:06:00 AttenuationSystem update...
2025/08/05 09:06:00 AttenuationSystem parallel flag: 0
2025/08/05 09:06:02 Attenuation computed count: 980000
2025/08/05 09:06:02 AttenuationSystem update time: 1.158345518s
2025/08/05 09:06:02 Run 5 complete
2025/08/05 09:06:02 StationSystem update...
2025/08/05 09:06:02 weather update count: 700
2025/08/05 09:06:02 StationSystem update time: 3.507µs
2025/08/05 09:06:02 SatelliteSystem update...
2025/08/05 09:06:02 satellite count: 1400
2025/08/05 09:06:02 SatelliteSystem update time: 5.314028ms
2025/08/05 09:06:02 TopoSystem update...
2025/08/05 09:06:02 TopoSystem: Link count: 980000
2025/08/05 09:06:02 TopoSystem update time: 14.971006ms
2025/08/05 09:06:02 AttenuationSystem update...
2025/08/05 09:06:02 AttenuationSystem parallel flag: 0
2025/08/05 09:06:03 Attenuation computed count: 980000
2025/08/05 09:06:03 AttenuationSystem update time: 1.149823605s
2025/08/05 09:06:03 Run 6 complete
2025/08/05 09:06:03 StationSystem update...
2025/08/05 09:06:03 weather update count: 700
2025/08/05 09:06:03 StationSystem update time: 3.099µs
2025/08/05 09:06:03 SatelliteSystem update...
2025/08/05 09:06:03 satellite count: 1400
2025/08/05 09:06:03 SatelliteSystem update time: 5.297193ms
2025/08/05 09:06:03 TopoSystem update...
2025/08/05 09:06:03 TopoSystem: Link count: 980000
2025/08/05 09:06:03 TopoSystem update time: 34.129358ms
2025/08/05 09:06:03 AttenuationSystem update...
2025/08/05 09:06:03 AttenuationSystem parallel flag: 0
2025/08/05 09:06:04 Attenuation computed count: 980000
2025/08/05 09:06:04 AttenuationSystem update time: 1.150377706s
2025/08/05 09:06:04 Run 7 complete
2025/08/05 09:06:04 StationSystem update...
2025/08/05 09:06:04 weather update count: 700
2025/08/05 09:06:04 StationSystem update time: 3.2µs
2025/08/05 09:06:04 SatelliteSystem update...
2025/08/05 09:06:04 satellite count: 1400
2025/08/05 09:06:04 SatelliteSystem update time: 13.292124ms
2025/08/05 09:06:04 TopoSystem update...
2025/08/05 09:06:04 TopoSystem: Link count: 980000
2025/08/05 09:06:04 TopoSystem update time: 36.514836ms
2025/08/05 09:06:04 AttenuationSystem update...
2025/08/05 09:06:04 AttenuationSystem parallel flag: 0
2025/08/05 09:06:05 Attenuation computed count: 980000
2025/08/05 09:06:05 AttenuationSystem update time: 1.129199825s
2025/08/05 09:06:05 Run 8 complete
2025/08/05 09:06:05 StationSystem update...
2025/08/05 09:06:05 weather update count: 700
2025/08/05 09:06:05 StationSystem update time: 2.934µs
2025/08/05 09:06:05 SatelliteSystem update...
2025/08/05 09:06:05 satellite count: 1400
2025/08/05 09:06:05 SatelliteSystem update time: 5.313655ms
2025/08/05 09:06:05 TopoSystem update...
2025/08/05 09:06:05 TopoSystem: Link count: 980000
2025/08/05 09:06:05 TopoSystem update time: 34.46584ms
2025/08/05 09:06:05 AttenuationSystem update...
2025/08/05 09:06:05 AttenuationSystem parallel flag: 0
2025/08/05 09:06:06 Attenuation computed count: 980000
2025/08/05 09:06:06 AttenuationSystem update time: 1.130883759s
2025/08/05 09:06:06 Run 9 complete
2025/08/05 09:06:06 StationSystem update...
2025/08/05 09:06:06 weather update count: 700
2025/08/05 09:06:06 StationSystem update time: 3.166µs
2025/08/05 09:06:06 SatelliteSystem update...
2025/08/05 09:06:06 satellite count: 1400
2025/08/05 09:06:06 SatelliteSystem update time: 13.236316ms
2025/08/05 09:06:06 TopoSystem update...
2025/08/05 09:06:06 TopoSystem: Link count: 980000
2025/08/05 09:06:06 TopoSystem update time: 35.928896ms
2025/08/05 09:06:06 AttenuationSystem update...
2025/08/05 09:06:06 AttenuationSystem parallel flag: 0
2025/08/05 09:06:07 Attenuation computed count: 980000
2025/08/05 09:06:07 AttenuationSystem update time: 1.135342449s
2025/08/05 09:06:07 Run 10 complete
2025/08/05 09:06:07 Total update time:  11.555882195s
2025/08/05 09:06:07 linkCache size: 40

 Performance counter stats for './scale_ecs 700 1400 10 2 2 0':

        20,876,908      cache-references                                                      
         4,937,553      cache-misses                     #   23.65% of all cache refs         

      11.566326165 seconds time elapsed

      21.271307000 seconds user
       0.074008000 seconds sys


