ECS running with 900 stations, 1500 satellites, 4 numWGs and 8 numBlocks for 10 rounds in 0 parallel pattern
2025/08/05 10:45:36 StationSystem update...
2025/08/05 10:45:36 weather update count: 900
2025/08/05 10:45:36 StationSystem update time: 5.064µs
2025/08/05 10:45:36 SatelliteSystem update...
2025/08/05 10:45:36 satellite count: 1500
2025/08/05 10:45:36 SatelliteSystem update time: 5.681622ms
2025/08/05 10:45:36 TopoSystem update...
2025/08/05 10:45:36 TopoSystem: Link count: 1350000
2025/08/05 10:45:36 TopoSystem update time: 40.163026ms
2025/08/05 10:45:36 AttenuationSystem update...
2025/08/05 10:45:36 AttenuationSystem parallel flag: 0
2025/08/05 10:45:37 Attenuation computed count: 1350000
2025/08/05 10:45:37 AttenuationSystem update time: 385.550929ms
2025/08/05 10:45:37 Run 1 complete
2025/08/05 10:45:37 StationSystem update...
2025/08/05 10:45:37 weather update count: 900
2025/08/05 10:45:37 StationSystem update time: 3.501µs
2025/08/05 10:45:37 SatelliteSystem update...
2025/08/05 10:45:37 satellite count: 1500
2025/08/05 10:45:37 SatelliteSystem update time: 5.67056ms
2025/08/05 10:45:37 TopoSystem update...
2025/08/05 10:45:37 TopoSystem: Link count: 1350000
2025/08/05 10:45:37 TopoSystem update time: 38.752009ms
2025/08/05 10:45:37 AttenuationSystem update...
2025/08/05 10:45:37 AttenuationSystem parallel flag: 0
2025/08/05 10:45:37 Attenuation computed count: 1350000
2025/08/05 10:45:37 AttenuationSystem update time: 396.43481ms
2025/08/05 10:45:37 Run 2 complete
2025/08/05 10:45:37 StationSystem update...
2025/08/05 10:45:37 weather update count: 900
2025/08/05 10:45:37 StationSystem update time: 3.618µs
2025/08/05 10:45:37 SatelliteSystem update...
2025/08/05 10:45:37 satellite count: 1500
2025/08/05 10:45:37 SatelliteSystem update time: 5.672389ms
2025/08/05 10:45:37 TopoSystem update...
2025/08/05 10:45:37 TopoSystem: Link count: 1350000
2025/08/05 10:45:37 TopoSystem update time: 20.224587ms
2025/08/05 10:45:37 AttenuationSystem update...
2025/08/05 10:45:37 AttenuationSystem parallel flag: 0
2025/08/05 10:45:37 Attenuation computed count: 1350000
2025/08/05 10:45:37 AttenuationSystem update time: 388.148374ms
2025/08/05 10:45:37 Run 3 complete
2025/08/05 10:45:37 StationSystem update...
2025/08/05 10:45:37 weather update count: 900
2025/08/05 10:45:37 StationSystem update time: 3.679µs
2025/08/05 10:45:37 SatelliteSystem update...
2025/08/05 10:45:37 satellite count: 1500
2025/08/05 10:45:37 SatelliteSystem update time: 5.737536ms
2025/08/05 10:45:37 TopoSystem update...
2025/08/05 10:45:37 TopoSystem: Link count: 1350000
2025/08/05 10:45:37 TopoSystem update time: 21.702036ms
2025/08/05 10:45:37 AttenuationSystem update...
2025/08/05 10:45:37 AttenuationSystem parallel flag: 0
2025/08/05 10:45:38 Attenuation computed count: 1350000
2025/08/05 10:45:38 AttenuationSystem update time: 419.021208ms
2025/08/05 10:45:38 Run 4 complete
2025/08/05 10:45:38 StationSystem update...
2025/08/05 10:45:38 weather update count: 900
2025/08/05 10:45:38 StationSystem update time: 3.624µs
2025/08/05 10:45:38 SatelliteSystem update...
2025/08/05 10:45:38 satellite count: 1500
2025/08/05 10:45:38 SatelliteSystem update time: 5.675906ms
2025/08/05 10:45:38 TopoSystem update...
2025/08/05 10:45:38 TopoSystem: Link count: 1350000
2025/08/05 10:45:38 TopoSystem update time: 19.268653ms
2025/08/05 10:45:38 AttenuationSystem update...
2025/08/05 10:45:38 AttenuationSystem parallel flag: 0
2025/08/05 10:45:38 Attenuation computed count: 1350000
2025/08/05 10:45:38 AttenuationSystem update time: 386.05936ms
2025/08/05 10:45:38 Run 5 complete
2025/08/05 10:45:38 StationSystem update...
2025/08/05 10:45:38 weather update count: 900
2025/08/05 10:45:38 StationSystem update time: 3.664µs
2025/08/05 10:45:38 SatelliteSystem update...
2025/08/05 10:45:38 satellite count: 1500
2025/08/05 10:45:38 SatelliteSystem update time: 4.225539ms
2025/08/05 10:45:38 TopoSystem update...
2025/08/05 10:45:38 TopoSystem: Link count: 1350000
2025/08/05 10:45:38 TopoSystem update time: 17.095382ms
2025/08/05 10:45:38 AttenuationSystem update...
2025/08/05 10:45:38 AttenuationSystem parallel flag: 0
2025/08/05 10:45:39 Attenuation computed count: 1350000
2025/08/05 10:45:39 AttenuationSystem update time: 385.788183ms
2025/08/05 10:45:39 Run 6 complete
2025/08/05 10:45:39 StationSystem update...
2025/08/05 10:45:39 weather update count: 900
2025/08/05 10:45:39 StationSystem update time: 3.682µs
2025/08/05 10:45:39 SatelliteSystem update...
2025/08/05 10:45:39 satellite count: 1500
2025/08/05 10:45:39 SatelliteSystem update time: 8.156591ms
2025/08/05 10:45:39 TopoSystem update...
2025/08/05 10:45:39 TopoSystem: Link count: 1350000
2025/08/05 10:45:39 TopoSystem update time: 28.062164ms
2025/08/05 10:45:39 AttenuationSystem update...
2025/08/05 10:45:39 AttenuationSystem parallel flag: 0
2025/08/05 10:45:39 Attenuation computed count: 1350000
2025/08/05 10:45:39 AttenuationSystem update time: 370.138296ms
2025/08/05 10:45:39 Run 7 complete
2025/08/05 10:45:39 StationSystem update...
2025/08/05 10:45:39 weather update count: 900
2025/08/05 10:45:39 SatelliteSystem update...
2025/08/05 10:45:39 StationSystem update time: 3.419µs
2025/08/05 10:45:39 satellite count: 1500
2025/08/05 10:45:39 SatelliteSystem update time: 5.673182ms
2025/08/05 10:45:39 TopoSystem update...
2025/08/05 10:45:39 TopoSystem: Link count: 1350000
2025/08/05 10:45:39 TopoSystem update time: 19.212753ms
2025/08/05 10:45:39 AttenuationSystem update...
2025/08/05 10:45:39 AttenuationSystem parallel flag: 0
2025/08/05 10:45:39 Attenuation computed count: 1350000
2025/08/05 10:45:39 AttenuationSystem update time: 385.498987ms
2025/08/05 10:45:39 Run 8 complete
2025/08/05 10:45:39 StationSystem update...
2025/08/05 10:45:39 weather update count: 900
2025/08/05 10:45:39 SatelliteSystem update...
2025/08/05 10:45:39 StationSystem update time: 3.702µs
2025/08/05 10:45:39 satellite count: 1500
2025/08/05 10:45:39 SatelliteSystem update time: 5.042814ms
2025/08/05 10:45:39 TopoSystem update...
2025/08/05 10:45:39 TopoSystem: Link count: 1350000
2025/08/05 10:45:39 TopoSystem update time: 18.056746ms
2025/08/05 10:45:39 AttenuationSystem update...
2025/08/05 10:45:39 AttenuationSystem parallel flag: 0
2025/08/05 10:45:40 Attenuation computed count: 1350000
2025/08/05 10:45:40 AttenuationSystem update time: 378.782174ms
2025/08/05 10:45:40 Run 9 complete
2025/08/05 10:45:40 StationSystem update...
2025/08/05 10:45:40 weather update count: 900
2025/08/05 10:45:40 StationSystem update time: 3.211µs
2025/08/05 10:45:40 SatelliteSystem update...
2025/08/05 10:45:40 satellite count: 1500
2025/08/05 10:45:40 SatelliteSystem update time: 4.23717ms
2025/08/05 10:45:40 TopoSystem update...
2025/08/05 10:45:40 TopoSystem: Link count: 1350000
2025/08/05 10:45:40 TopoSystem update time: 16.183957ms
2025/08/05 10:45:40 AttenuationSystem update...
2025/08/05 10:45:40 AttenuationSystem parallel flag: 0
2025/08/05 10:45:40 Attenuation computed count: 1350000
2025/08/05 10:45:40 AttenuationSystem update time: 332.924505ms
2025/08/05 10:45:40 Run 10 complete
2025/08/05 10:45:40 Total update time:  4.130890524s
2025/08/05 10:45:40 linkCache size: 40

 Performance counter stats for './scale_ecs 900 1500 10 4 8 0':

        27,665,051      cache-references                                                      
         6,210,078      cache-misses                     #   22.45% of all cache refs         

       4.139901669 seconds time elapsed

      25.868068000 seconds user
       0.075003000 seconds sys


