ECS running with 500 stations, 1500 satellites, 2 numWGs and 8 numBlocks for 10 rounds in 0 parallel pattern
2025/08/05 08:14:32 StationSystem update...
2025/08/05 08:14:32 SatelliteSystem update...
2025/08/05 08:14:32 weather update count: 500
2025/08/05 08:14:32 StationSystem update time: 6.279µs
2025/08/05 08:14:32 satellite count: 1500
2025/08/05 08:14:32 SatelliteSystem update time: 5.681826ms
2025/08/05 08:14:32 TopoSystem update...
2025/08/05 08:14:32 TopoSystem: Link count: 750000
2025/08/05 08:14:32 TopoSystem update time: 23.63166ms
2025/08/05 08:14:32 AttenuationSystem update...
2025/08/05 08:14:32 AttenuationSystem parallel flag: 0
2025/08/05 08:14:32 Attenuation computed count: 750000
2025/08/05 08:14:32 AttenuationSystem update time: 216.37801ms
2025/08/05 08:14:32 Run 1 complete
2025/08/05 08:14:32 StationSystem update...
2025/08/05 08:14:32 weather update count: 500
2025/08/05 08:14:32 StationSystem update time: 2.864µs
2025/08/05 08:14:32 SatelliteSystem update...
2025/08/05 08:14:32 satellite count: 1500
2025/08/05 08:14:32 SatelliteSystem update time: 5.684584ms
2025/08/05 08:14:32 TopoSystem update...
2025/08/05 08:14:32 TopoSystem: Link count: 750000
2025/08/05 08:14:32 TopoSystem update time: 21.31628ms
2025/08/05 08:14:32 AttenuationSystem update...
2025/08/05 08:14:32 AttenuationSystem parallel flag: 0
2025/08/05 08:14:32 Attenuation computed count: 750000
2025/08/05 08:14:32 AttenuationSystem update time: 226.416975ms
2025/08/05 08:14:32 Run 2 complete
2025/08/05 08:14:32 StationSystem update...
2025/08/05 08:14:32 weather update count: 500
2025/08/05 08:14:32 StationSystem update time: 2.71µs
2025/08/05 08:14:32 SatelliteSystem update...
2025/08/05 08:14:32 satellite count: 1500
2025/08/05 08:14:32 SatelliteSystem update time: 5.680886ms
2025/08/05 08:14:32 TopoSystem update...
2025/08/05 08:14:32 TopoSystem: Link count: 750000
2025/08/05 08:14:32 TopoSystem update time: 11.295005ms
2025/08/05 08:14:32 AttenuationSystem update...
2025/08/05 08:14:32 AttenuationSystem parallel flag: 0
2025/08/05 08:14:33 Attenuation computed count: 750000
2025/08/05 08:14:33 AttenuationSystem update time: 214.211446ms
2025/08/05 08:14:33 Run 3 complete
2025/08/05 08:14:33 StationSystem update...
2025/08/05 08:14:33 weather update count: 500
2025/08/05 08:14:33 StationSystem update time: 2.766µs
2025/08/05 08:14:33 SatelliteSystem update...
2025/08/05 08:14:33 satellite count: 1500
2025/08/05 08:14:33 SatelliteSystem update time: 5.677125ms
2025/08/05 08:14:33 TopoSystem update...
2025/08/05 08:14:33 TopoSystem: Link count: 750000
2025/08/05 08:14:33 TopoSystem update time: 14.584725ms
2025/08/05 08:14:33 AttenuationSystem update...
2025/08/05 08:14:33 AttenuationSystem parallel flag: 0
2025/08/05 08:14:33 Attenuation computed count: 750000
2025/08/05 08:14:33 AttenuationSystem update time: 217.627289ms
2025/08/05 08:14:33 Run 4 complete
2025/08/05 08:14:33 StationSystem update...
2025/08/05 08:14:33 weather update count: 500
2025/08/05 08:14:33 StationSystem update time: 3.114µs
2025/08/05 08:14:33 SatelliteSystem update...
2025/08/05 08:14:33 satellite count: 1500
2025/08/05 08:14:33 SatelliteSystem update time: 5.669772ms
2025/08/05 08:14:33 TopoSystem update...
2025/08/05 08:14:33 TopoSystem: Link count: 750000
2025/08/05 08:14:33 TopoSystem update time: 11.414354ms
2025/08/05 08:14:33 AttenuationSystem update...
2025/08/05 08:14:33 AttenuationSystem parallel flag: 0
2025/08/05 08:14:33 Attenuation computed count: 750000
2025/08/05 08:14:33 AttenuationSystem update time: 216.176331ms
2025/08/05 08:14:33 Run 5 complete
2025/08/05 08:14:33 StationSystem update...
2025/08/05 08:14:33 weather update count: 500
2025/08/05 08:14:33 StationSystem update time: 3.085µs
2025/08/05 08:14:33 SatelliteSystem update...
2025/08/05 08:14:33 satellite count: 1500
2025/08/05 08:14:33 SatelliteSystem update time: 5.659221ms
2025/08/05 08:14:33 TopoSystem update...
2025/08/05 08:14:33 TopoSystem: Link count: 750000
2025/08/05 08:14:33 TopoSystem update time: 10.508666ms
2025/08/05 08:14:33 AttenuationSystem update...
2025/08/05 08:14:33 AttenuationSystem parallel flag: 0
2025/08/05 08:14:33 Attenuation computed count: 750000
2025/08/05 08:14:33 AttenuationSystem update time: 247.390649ms
2025/08/05 08:14:33 Run 6 complete
2025/08/05 08:14:33 StationSystem update...
2025/08/05 08:14:33 weather update count: 500
2025/08/05 08:14:33 StationSystem update time: 2.739µs
2025/08/05 08:14:33 SatelliteSystem update...
2025/08/05 08:14:33 satellite count: 1500
2025/08/05 08:14:33 SatelliteSystem update time: 5.672593ms
2025/08/05 08:14:33 TopoSystem update...
2025/08/05 08:14:33 TopoSystem: Link count: 750000
2025/08/05 08:14:33 TopoSystem update time: 11.218347ms
2025/08/05 08:14:33 AttenuationSystem update...
2025/08/05 08:14:33 AttenuationSystem parallel flag: 0
2025/08/05 08:14:34 Attenuation computed count: 750000
2025/08/05 08:14:34 AttenuationSystem update time: 226.900473ms
2025/08/05 08:14:34 Run 7 complete
2025/08/05 08:14:34 StationSystem update...
2025/08/05 08:14:34 weather update count: 500
2025/08/05 08:14:34 StationSystem update time: 3.845µs
2025/08/05 08:14:34 SatelliteSystem update...
2025/08/05 08:14:34 satellite count: 1500
2025/08/05 08:14:34 SatelliteSystem update time: 5.743274ms
2025/08/05 08:14:34 TopoSystem update...
2025/08/05 08:14:34 TopoSystem: Link count: 750000
2025/08/05 08:14:34 TopoSystem update time: 10.474579ms
2025/08/05 08:14:34 AttenuationSystem update...
2025/08/05 08:14:34 AttenuationSystem parallel flag: 0
2025/08/05 08:14:34 Attenuation computed count: 750000
2025/08/05 08:14:34 AttenuationSystem update time: 250.527285ms
2025/08/05 08:14:34 Run 8 complete
2025/08/05 08:14:34 StationSystem update...
2025/08/05 08:14:34 weather update count: 500
2025/08/05 08:14:34 StationSystem update time: 2.9µs
2025/08/05 08:14:34 SatelliteSystem update...
2025/08/05 08:14:34 satellite count: 1500
2025/08/05 08:14:34 SatelliteSystem update time: 5.683909ms
2025/08/05 08:14:34 TopoSystem update...
2025/08/05 08:14:34 TopoSystem: Link count: 750000
2025/08/05 08:14:34 TopoSystem update time: 11.757107ms
2025/08/05 08:14:34 AttenuationSystem update...
2025/08/05 08:14:34 AttenuationSystem parallel flag: 0
2025/08/05 08:14:34 Attenuation computed count: 750000
2025/08/05 08:14:34 AttenuationSystem update time: 228.661483ms
2025/08/05 08:14:34 Run 9 complete
2025/08/05 08:14:34 StationSystem update...
2025/08/05 08:14:34 weather update count: 500
2025/08/05 08:14:34 StationSystem update time: 2.36µs
2025/08/05 08:14:34 SatelliteSystem update...
2025/08/05 08:14:34 satellite count: 1500
2025/08/05 08:14:34 SatelliteSystem update time: 5.673682ms
2025/08/05 08:14:34 TopoSystem update...
2025/08/05 08:14:34 TopoSystem: Link count: 750000
2025/08/05 08:14:34 TopoSystem update time: 10.632887ms
2025/08/05 08:14:34 AttenuationSystem update...
2025/08/05 08:14:34 AttenuationSystem parallel flag: 0
2025/08/05 08:14:34 Attenuation computed count: 750000
2025/08/05 08:14:34 AttenuationSystem update time: 220.203177ms
2025/08/05 08:14:34 Run 10 complete
2025/08/05 08:14:34 Total update time:  2.465962558s
2025/08/05 08:14:34 linkCache size: 40

 Performance counter stats for './scale_ecs 500 1500 10 2 8 0':

        16,080,785      cache-references                                                      
         2,614,716      cache-misses                     #   16.26% of all cache refs         

       2.472966241 seconds time elapsed

      16.585417000 seconds user
       0.041055000 seconds sys


