ECS running with 800 stations, 1500 satellites, 8 numWGs and 8 numBlocks for 10 rounds in 1 parallel pattern
2025/08/05 10:10:53 StationSystem update...
2025/08/05 10:10:53 weather update count: 800
2025/08/05 10:10:53 SatelliteSystem update...
2025/08/05 10:10:53 StationSystem update time: 4.231µs
2025/08/05 10:10:53 satellite count: 1500
2025/08/05 10:10:53 SatelliteSystem update time: 5.701542ms
2025/08/05 10:10:53 TopoSystem update...
2025/08/05 10:10:53 TopoSystem: Link count: 1200000
2025/08/05 10:10:53 TopoSystem update time: 37.530518ms
2025/08/05 10:10:53 AttenuationSystem update...
2025/08/05 10:10:53 AttenuationSystem parallel flag: 1
2025/08/05 10:10:53 Attenuation computed count: 1200000
2025/08/05 10:10:53 AttenuationSystem update time: 378.26198ms
2025/08/05 10:10:53 Run 1 complete
2025/08/05 10:10:53 StationSystem update...
2025/08/05 10:10:53 weather update count: 800
2025/08/05 10:10:53 StationSystem update time: 3.443µs
2025/08/05 10:10:53 SatelliteSystem update...
2025/08/05 10:10:53 satellite count: 1500
2025/08/05 10:10:53 SatelliteSystem update time: 6.500366ms
2025/08/05 10:10:53 TopoSystem update...
2025/08/05 10:10:53 TopoSystem: Link count: 1200000
2025/08/05 10:10:53 TopoSystem update time: 37.464871ms
2025/08/05 10:10:53 AttenuationSystem update...
2025/08/05 10:10:53 AttenuationSystem parallel flag: 1
2025/08/05 10:10:54 Attenuation computed count: 1200000
2025/08/05 10:10:54 AttenuationSystem update time: 347.78703ms
2025/08/05 10:10:54 Run 2 complete
2025/08/05 10:10:54 StationSystem update...
2025/08/05 10:10:54 weather update count: 800
2025/08/05 10:10:54 StationSystem update time: 3.717µs
2025/08/05 10:10:54 SatelliteSystem update...
2025/08/05 10:10:54 satellite count: 1500
2025/08/05 10:10:54 SatelliteSystem update time: 5.675559ms
2025/08/05 10:10:54 TopoSystem update...
2025/08/05 10:10:54 TopoSystem: Link count: 1200000
2025/08/05 10:10:54 TopoSystem update time: 18.123663ms
2025/08/05 10:10:54 AttenuationSystem update...
2025/08/05 10:10:54 AttenuationSystem parallel flag: 1
2025/08/05 10:10:54 Attenuation computed count: 1200000
2025/08/05 10:10:54 AttenuationSystem update time: 430.297319ms
2025/08/05 10:10:54 Run 3 complete
2025/08/05 10:10:54 StationSystem update...
2025/08/05 10:10:54 weather update count: 800
2025/08/05 10:10:54 StationSystem update time: 3.263µs
2025/08/05 10:10:54 SatelliteSystem update...
2025/08/05 10:10:54 satellite count: 1500
2025/08/05 10:10:54 SatelliteSystem update time: 5.67293ms
2025/08/05 10:10:54 TopoSystem update...
2025/08/05 10:10:54 TopoSystem: Link count: 1200000
2025/08/05 10:10:54 TopoSystem update time: 17.287469ms
2025/08/05 10:10:54 AttenuationSystem update...
2025/08/05 10:10:54 AttenuationSystem parallel flag: 1
2025/08/05 10:10:54 Attenuation computed count: 1200000
2025/08/05 10:10:54 AttenuationSystem update time: 375.012879ms
2025/08/05 10:10:54 Run 4 complete
2025/08/05 10:10:54 StationSystem update...
2025/08/05 10:10:54 weather update count: 800
2025/08/05 10:10:54 StationSystem update time: 3.615µs
2025/08/05 10:10:54 SatelliteSystem update...
2025/08/05 10:10:54 satellite count: 1500
2025/08/05 10:10:54 SatelliteSystem update time: 5.72102ms
2025/08/05 10:10:54 TopoSystem update...
2025/08/05 10:10:54 TopoSystem: Link count: 1200000
2025/08/05 10:10:54 TopoSystem update time: 17.508757ms
2025/08/05 10:10:54 AttenuationSystem update...
2025/08/05 10:10:54 AttenuationSystem parallel flag: 1
2025/08/05 10:10:55 Attenuation computed count: 1200000
2025/08/05 10:10:55 AttenuationSystem update time: 356.880265ms
2025/08/05 10:10:55 Run 5 complete
2025/08/05 10:10:55 StationSystem update...
2025/08/05 10:10:55 weather update count: 800
2025/08/05 10:10:55 StationSystem update time: 3.605µs
2025/08/05 10:10:55 SatelliteSystem update...
2025/08/05 10:10:55 satellite count: 1500
2025/08/05 10:10:55 SatelliteSystem update time: 5.683258ms
2025/08/05 10:10:55 TopoSystem update...
2025/08/05 10:10:55 TopoSystem: Link count: 1200000
2025/08/05 10:10:55 TopoSystem update time: 20.689314ms
2025/08/05 10:10:55 AttenuationSystem update...
2025/08/05 10:10:55 AttenuationSystem parallel flag: 1
2025/08/05 10:10:55 Attenuation computed count: 1200000
2025/08/05 10:10:55 AttenuationSystem update time: 376.539397ms
2025/08/05 10:10:55 Run 6 complete
2025/08/05 10:10:55 StationSystem update...
2025/08/05 10:10:55 weather update count: 800
2025/08/05 10:10:55 StationSystem update time: 3.433µs
2025/08/05 10:10:55 SatelliteSystem update...
2025/08/05 10:10:55 satellite count: 1500
2025/08/05 10:10:55 SatelliteSystem update time: 5.676068ms
2025/08/05 10:10:55 TopoSystem update...
2025/08/05 10:10:55 TopoSystem: Link count: 1200000
2025/08/05 10:10:55 TopoSystem update time: 18.004847ms
2025/08/05 10:10:55 AttenuationSystem update...
2025/08/05 10:10:55 AttenuationSystem parallel flag: 1
2025/08/05 10:10:56 Attenuation computed count: 1200000
2025/08/05 10:10:56 AttenuationSystem update time: 396.077289ms
2025/08/05 10:10:56 Run 7 complete
2025/08/05 10:10:56 StationSystem update...
2025/08/05 10:10:56 weather update count: 800
2025/08/05 10:10:56 StationSystem update time: 3.409µs
2025/08/05 10:10:56 SatelliteSystem update...
2025/08/05 10:10:56 satellite count: 1500
2025/08/05 10:10:56 SatelliteSystem update time: 5.754934ms
2025/08/05 10:10:56 TopoSystem update...
2025/08/05 10:10:56 TopoSystem: Link count: 1200000
2025/08/05 10:10:56 TopoSystem update time: 18.249007ms
2025/08/05 10:10:56 AttenuationSystem update...
2025/08/05 10:10:56 AttenuationSystem parallel flag: 1
2025/08/05 10:10:56 Attenuation computed count: 1200000
2025/08/05 10:10:56 AttenuationSystem update time: 450.849587ms
2025/08/05 10:10:56 Run 8 complete
2025/08/05 10:10:56 StationSystem update...
2025/08/05 10:10:56 weather update count: 800
2025/08/05 10:10:56 StationSystem update time: 3.67µs
2025/08/05 10:10:56 SatelliteSystem update...
2025/08/05 10:10:56 satellite count: 1500
2025/08/05 10:10:56 SatelliteSystem update time: 5.780511ms
2025/08/05 10:10:56 TopoSystem update...
2025/08/05 10:10:56 TopoSystem: Link count: 1200000
2025/08/05 10:10:56 TopoSystem update time: 19.491623ms
2025/08/05 10:10:56 AttenuationSystem update...
2025/08/05 10:10:56 AttenuationSystem parallel flag: 1
2025/08/05 10:10:57 Attenuation computed count: 1200000
2025/08/05 10:10:57 AttenuationSystem update time: 388.780013ms
2025/08/05 10:10:57 Run 9 complete
2025/08/05 10:10:57 StationSystem update...
2025/08/05 10:10:57 weather update count: 800
2025/08/05 10:10:57 StationSystem update time: 3.514µs
2025/08/05 10:10:57 SatelliteSystem update...
2025/08/05 10:10:57 satellite count: 1500
2025/08/05 10:10:57 SatelliteSystem update time: 5.678014ms
2025/08/05 10:10:57 TopoSystem update...
2025/08/05 10:10:57 TopoSystem: Link count: 1200000
2025/08/05 10:10:57 TopoSystem update time: 18.11ms
2025/08/05 10:10:57 AttenuationSystem update...
2025/08/05 10:10:57 AttenuationSystem parallel flag: 1
2025/08/05 10:10:57 Attenuation computed count: 1200000
2025/08/05 10:10:57 AttenuationSystem update time: 398.657125ms
2025/08/05 10:10:57 Run 10 complete
2025/08/05 10:10:57 Total update time:  4.186855257s
2025/08/05 10:10:57 linkCache size: 40

 Performance counter stats for './scale_ecs 800 1500 10 8 8 1':

        25,772,611      cache-references                                                      
         5,531,946      cache-misses                     #   21.46% of all cache refs         

       4.194979832 seconds time elapsed

      25.974066000 seconds user
       0.093071000 seconds sys


