ECS running with 1000 stations, 1600 satellites, 8 numWGs and 8 numBlocks for 10 rounds in 0 parallel pattern
2025/08/05 11:28:11 StationSystem update...
2025/08/05 11:28:11 weather update count: 1000
2025/08/05 11:28:11 StationSystem update time: 5.118µs
2025/08/05 11:28:11 SatelliteSystem update...
2025/08/05 11:28:11 satellite count: 1600
2025/08/05 11:28:11 SatelliteSystem update time: 6.060238ms
2025/08/05 11:28:11 TopoSystem update...
2025/08/05 11:28:11 TopoSystem: Link count: 1600000
2025/08/05 11:28:11 TopoSystem update time: 46.570683ms
2025/08/05 11:28:11 AttenuationSystem update...
2025/08/05 11:28:11 AttenuationSystem parallel flag: 0
2025/08/05 11:28:11 Attenuation computed count: 1600000
2025/08/05 11:28:11 AttenuationSystem update time: 459.809899ms
2025/08/05 11:28:11 Run 1 complete
2025/08/05 11:28:11 StationSystem update...
2025/08/05 11:28:11 weather update count: 1000
2025/08/05 11:28:11 StationSystem update time: 4.038µs
2025/08/05 11:28:11 SatelliteSystem update...
2025/08/05 11:28:11 satellite count: 1600
2025/08/05 11:28:11 SatelliteSystem update time: 6.04612ms
2025/08/05 11:28:11 TopoSystem update...
2025/08/05 11:28:11 TopoSystem: Link count: 1600000
2025/08/05 11:28:11 TopoSystem update time: 46.414755ms
2025/08/05 11:28:11 AttenuationSystem update...
2025/08/05 11:28:11 AttenuationSystem parallel flag: 0
2025/08/05 11:28:12 Attenuation computed count: 1600000
2025/08/05 11:28:12 AttenuationSystem update time: 467.448378ms
2025/08/05 11:28:12 Run 2 complete
2025/08/05 11:28:12 StationSystem update...
2025/08/05 11:28:12 weather update count: 1000
2025/08/05 11:28:12 StationSystem update time: 3.667µs
2025/08/05 11:28:12 SatelliteSystem update...
2025/08/05 11:28:12 satellite count: 1600
2025/08/05 11:28:12 SatelliteSystem update time: 6.068662ms
2025/08/05 11:28:12 TopoSystem update...
2025/08/05 11:28:12 TopoSystem: Link count: 1600000
2025/08/05 11:28:12 TopoSystem update time: 26.016631ms
2025/08/05 11:28:12 AttenuationSystem update...
2025/08/05 11:28:12 AttenuationSystem parallel flag: 0
2025/08/05 11:28:12 Attenuation computed count: 1600000
2025/08/05 11:28:12 AttenuationSystem update time: 455.357767ms
2025/08/05 11:28:12 Run 3 complete
2025/08/05 11:28:12 StationSystem update...
2025/08/05 11:28:12 weather update count: 1000
2025/08/05 11:28:12 StationSystem update time: 3.692µs
2025/08/05 11:28:12 SatelliteSystem update...
2025/08/05 11:28:12 satellite count: 1600
2025/08/05 11:28:12 SatelliteSystem update time: 6.061415ms
2025/08/05 11:28:12 TopoSystem update...
2025/08/05 11:28:12 TopoSystem: Link count: 1600000
2025/08/05 11:28:12 TopoSystem update time: 23.026177ms
2025/08/05 11:28:12 AttenuationSystem update...
2025/08/05 11:28:12 AttenuationSystem parallel flag: 0
2025/08/05 11:28:13 Attenuation computed count: 1600000
2025/08/05 11:28:13 AttenuationSystem update time: 490.933886ms
2025/08/05 11:28:13 Run 4 complete
2025/08/05 11:28:13 StationSystem update...
2025/08/05 11:28:13 weather update count: 1000
2025/08/05 11:28:13 StationSystem update time: 4.057µs
2025/08/05 11:28:13 SatelliteSystem update...
2025/08/05 11:28:13 satellite count: 1600
2025/08/05 11:28:13 SatelliteSystem update time: 6.049248ms
2025/08/05 11:28:13 TopoSystem update...
2025/08/05 11:28:13 TopoSystem: Link count: 1600000
2025/08/05 11:28:13 TopoSystem update time: 23.371538ms
2025/08/05 11:28:13 AttenuationSystem update...
2025/08/05 11:28:13 AttenuationSystem parallel flag: 0
2025/08/05 11:28:13 Attenuation computed count: 1600000
2025/08/05 11:28:13 AttenuationSystem update time: 459.74772ms
2025/08/05 11:28:13 Run 5 complete
2025/08/05 11:28:13 StationSystem update...
2025/08/05 11:28:13 weather update count: 1000
2025/08/05 11:28:13 StationSystem update time: 4.019µs
2025/08/05 11:28:13 SatelliteSystem update...
2025/08/05 11:28:13 satellite count: 1600
2025/08/05 11:28:13 SatelliteSystem update time: 6.055173ms
2025/08/05 11:28:13 TopoSystem update...
2025/08/05 11:28:13 TopoSystem: Link count: 1600000
2025/08/05 11:28:13 TopoSystem update time: 22.944524ms
2025/08/05 11:28:13 AttenuationSystem update...
2025/08/05 11:28:13 AttenuationSystem parallel flag: 0
2025/08/05 11:28:14 Attenuation computed count: 1600000
2025/08/05 11:28:14 AttenuationSystem update time: 459.118374ms
2025/08/05 11:28:14 Run 6 complete
2025/08/05 11:28:14 StationSystem update...
2025/08/05 11:28:14 weather update count: 1000
2025/08/05 11:28:14 StationSystem update time: 4.193µs
2025/08/05 11:28:14 SatelliteSystem update...
2025/08/05 11:28:14 satellite count: 1600
2025/08/05 11:28:14 SatelliteSystem update time: 6.053077ms
2025/08/05 11:28:14 TopoSystem update...
2025/08/05 11:28:14 TopoSystem: Link count: 1600000
2025/08/05 11:28:14 TopoSystem update time: 22.975074ms
2025/08/05 11:28:14 AttenuationSystem update...
2025/08/05 11:28:14 AttenuationSystem parallel flag: 0
2025/08/05 11:28:14 Attenuation computed count: 1600000
2025/08/05 11:28:14 AttenuationSystem update time: 478.076771ms
2025/08/05 11:28:14 Run 7 complete
2025/08/05 11:28:14 StationSystem update...
2025/08/05 11:28:14 weather update count: 1000
2025/08/05 11:28:14 StationSystem update time: 4.421µs
2025/08/05 11:28:14 SatelliteSystem update...
2025/08/05 11:28:14 satellite count: 1600
2025/08/05 11:28:14 SatelliteSystem update time: 6.054312ms
2025/08/05 11:28:14 TopoSystem update...
2025/08/05 11:28:14 TopoSystem: Link count: 1600000
2025/08/05 11:28:14 TopoSystem update time: 22.934676ms
2025/08/05 11:28:14 AttenuationSystem update...
2025/08/05 11:28:14 AttenuationSystem parallel flag: 0
2025/08/05 11:28:15 Attenuation computed count: 1600000
2025/08/05 11:28:15 AttenuationSystem update time: 469.962186ms
2025/08/05 11:28:15 Run 8 complete
2025/08/05 11:28:15 StationSystem update...
2025/08/05 11:28:15 weather update count: 1000
2025/08/05 11:28:15 StationSystem update time: 3.912µs
2025/08/05 11:28:15 SatelliteSystem update...
2025/08/05 11:28:15 satellite count: 1600
2025/08/05 11:28:15 SatelliteSystem update time: 6.05476ms
2025/08/05 11:28:15 TopoSystem update...
2025/08/05 11:28:15 TopoSystem: Link count: 1600000
2025/08/05 11:28:15 TopoSystem update time: 24.891614ms
2025/08/05 11:28:15 AttenuationSystem update...
2025/08/05 11:28:15 AttenuationSystem parallel flag: 0
2025/08/05 11:28:15 Attenuation computed count: 1600000
2025/08/05 11:28:15 AttenuationSystem update time: 431.884768ms
2025/08/05 11:28:15 Run 9 complete
2025/08/05 11:28:15 StationSystem update...
2025/08/05 11:28:15 weather update count: 1000
2025/08/05 11:28:15 StationSystem update time: 4.279µs
2025/08/05 11:28:15 SatelliteSystem update...
2025/08/05 11:28:15 satellite count: 1600
2025/08/05 11:28:15 SatelliteSystem update time: 6.054365ms
2025/08/05 11:28:15 TopoSystem update...
2025/08/05 11:28:15 TopoSystem: Link count: 1600000
2025/08/05 11:28:15 TopoSystem update time: 22.79502ms
2025/08/05 11:28:15 AttenuationSystem update...
2025/08/05 11:28:15 AttenuationSystem parallel flag: 0
2025/08/05 11:28:15 Attenuation computed count: 1600000
2025/08/05 11:28:15 AttenuationSystem update time: 447.474194ms
2025/08/05 11:28:15 Run 10 complete
2025/08/05 11:28:15 Total update time:  4.970722728s
2025/08/05 11:28:15 linkCache size: 40

 Performance counter stats for './scale_ecs 1000 1600 10 8 8 0':

        32,527,194      cache-references                                                      
         7,434,676      cache-misses                     #   22.86% of all cache refs         

       4.980622582 seconds time elapsed

      31.300019000 seconds user
       0.076004000 seconds sys


