ECS running with 500 stations, 500 satellites, 2 numWGs and 8 numBlocks for 10 rounds in 0 parallel pattern
2025/08/05 08:03:10 StationSystem update...
2025/08/05 08:03:10 weather update count: 500
2025/08/05 08:03:10 StationSystem update time: 5.276µs
2025/08/05 08:03:10 SatelliteSystem update...
2025/08/05 08:03:10 satellite count: 500
2025/08/05 08:03:10 SatelliteSystem update time: 2.070188ms
2025/08/05 08:03:10 TopoSystem update...
2025/08/05 08:03:10 TopoSystem: Link count: 250000
2025/08/05 08:03:10 TopoSystem update time: 10.586984ms
2025/08/05 08:03:10 AttenuationSystem update...
2025/08/05 08:03:10 AttenuationSystem parallel flag: 0
2025/08/05 08:03:10 Attenuation computed count: 250000
2025/08/05 08:03:10 AttenuationSystem update time: 72.281567ms
2025/08/05 08:03:10 Run 1 complete
2025/08/05 08:03:10 StationSystem update...
2025/08/05 08:03:10 weather update count: 500
2025/08/05 08:03:10 StationSystem update time: 4.218µs
2025/08/05 08:03:10 SatelliteSystem update...
2025/08/05 08:03:10 satellite count: 500
2025/08/05 08:03:10 SatelliteSystem update time: 1.923527ms
2025/08/05 08:03:10 TopoSystem update...
2025/08/05 08:03:10 TopoSystem: Link count: 250000
2025/08/05 08:03:10 TopoSystem update time: 7.644329ms
2025/08/05 08:03:10 AttenuationSystem update...
2025/08/05 08:03:10 AttenuationSystem parallel flag: 0
2025/08/05 08:03:10 Attenuation computed count: 250000
2025/08/05 08:03:10 AttenuationSystem update time: 73.12149ms
2025/08/05 08:03:10 Run 2 complete
2025/08/05 08:03:10 StationSystem update...
2025/08/05 08:03:10 weather update count: 500
2025/08/05 08:03:10 StationSystem update time: 2.786µs
2025/08/05 08:03:10 SatelliteSystem update...
2025/08/05 08:03:10 satellite count: 500
2025/08/05 08:03:10 SatelliteSystem update time: 1.920365ms
2025/08/05 08:03:10 TopoSystem update...
2025/08/05 08:03:10 TopoSystem: Link count: 250000
2025/08/05 08:03:10 TopoSystem update time: 3.924317ms
2025/08/05 08:03:10 AttenuationSystem update...
2025/08/05 08:03:10 AttenuationSystem parallel flag: 0
2025/08/05 08:03:11 Attenuation computed count: 250000
2025/08/05 08:03:11 AttenuationSystem update time: 74.157883ms
2025/08/05 08:03:11 Run 3 complete
2025/08/05 08:03:11 StationSystem update...
2025/08/05 08:03:11 weather update count: 500
2025/08/05 08:03:11 StationSystem update time: 2.769µs
2025/08/05 08:03:11 SatelliteSystem update...
2025/08/05 08:03:11 satellite count: 500
2025/08/05 08:03:11 SatelliteSystem update time: 1.915367ms
2025/08/05 08:03:11 TopoSystem update...
2025/08/05 08:03:11 TopoSystem: Link count: 250000
2025/08/05 08:03:11 TopoSystem update time: 6.911937ms
2025/08/05 08:03:11 AttenuationSystem update...
2025/08/05 08:03:11 AttenuationSystem parallel flag: 0
2025/08/05 08:03:11 Attenuation computed count: 250000
2025/08/05 08:03:11 AttenuationSystem update time: 100.98604ms
2025/08/05 08:03:11 Run 4 complete
2025/08/05 08:03:11 StationSystem update...
2025/08/05 08:03:11 weather update count: 500
2025/08/05 08:03:11 StationSystem update time: 2.553µs
2025/08/05 08:03:11 SatelliteSystem update...
2025/08/05 08:03:11 satellite count: 500
2025/08/05 08:03:11 SatelliteSystem update time: 1.919064ms
2025/08/05 08:03:11 TopoSystem update...
2025/08/05 08:03:11 TopoSystem: Link count: 250000
2025/08/05 08:03:11 TopoSystem update time: 6.222381ms
2025/08/05 08:03:11 AttenuationSystem update...
2025/08/05 08:03:11 AttenuationSystem parallel flag: 0
2025/08/05 08:03:11 Attenuation computed count: 250000
2025/08/05 08:03:11 AttenuationSystem update time: 83.193598ms
2025/08/05 08:03:11 Run 5 complete
2025/08/05 08:03:11 StationSystem update...
2025/08/05 08:03:11 weather update count: 500
2025/08/05 08:03:11 StationSystem update time: 3.002µs
2025/08/05 08:03:11 SatelliteSystem update...
2025/08/05 08:03:11 satellite count: 500
2025/08/05 08:03:11 SatelliteSystem update time: 1.91519ms
2025/08/05 08:03:11 TopoSystem update...
2025/08/05 08:03:11 TopoSystem: Link count: 250000
2025/08/05 08:03:11 TopoSystem update time: 4.510816ms
2025/08/05 08:03:11 AttenuationSystem update...
2025/08/05 08:03:11 AttenuationSystem parallel flag: 0
2025/08/05 08:03:11 Attenuation computed count: 250000
2025/08/05 08:03:11 AttenuationSystem update time: 95.465621ms
2025/08/05 08:03:11 Run 6 complete
2025/08/05 08:03:11 StationSystem update...
2025/08/05 08:03:11 weather update count: 500
2025/08/05 08:03:11 StationSystem update time: 2.666µs
2025/08/05 08:03:11 SatelliteSystem update...
2025/08/05 08:03:11 satellite count: 500
2025/08/05 08:03:11 SatelliteSystem update time: 1.910168ms
2025/08/05 08:03:11 TopoSystem update...
2025/08/05 08:03:11 TopoSystem: Link count: 250000
2025/08/05 08:03:11 TopoSystem update time: 4.845704ms
2025/08/05 08:03:11 AttenuationSystem update...
2025/08/05 08:03:11 AttenuationSystem parallel flag: 0
2025/08/05 08:03:11 Attenuation computed count: 250000
2025/08/05 08:03:11 AttenuationSystem update time: 94.890533ms
2025/08/05 08:03:11 Run 7 complete
2025/08/05 08:03:11 StationSystem update...
2025/08/05 08:03:11 weather update count: 500
2025/08/05 08:03:11 StationSystem update time: 2.633µs
2025/08/05 08:03:11 SatelliteSystem update...
2025/08/05 08:03:11 satellite count: 500
2025/08/05 08:03:11 SatelliteSystem update time: 1.954193ms
2025/08/05 08:03:11 TopoSystem update...
2025/08/05 08:03:11 TopoSystem: Link count: 250000
2025/08/05 08:03:11 TopoSystem update time: 4.740647ms
2025/08/05 08:03:11 AttenuationSystem update...
2025/08/05 08:03:11 AttenuationSystem parallel flag: 0
2025/08/05 08:03:11 Attenuation computed count: 250000
2025/08/05 08:03:11 AttenuationSystem update time: 103.418262ms
2025/08/05 08:03:11 Run 8 complete
2025/08/05 08:03:11 StationSystem update...
2025/08/05 08:03:11 weather update count: 500
2025/08/05 08:03:11 StationSystem update time: 2.545µs
2025/08/05 08:03:11 SatelliteSystem update...
2025/08/05 08:03:11 satellite count: 500
2025/08/05 08:03:11 SatelliteSystem update time: 1.908498ms
2025/08/05 08:03:11 TopoSystem update...
2025/08/05 08:03:11 TopoSystem: Link count: 250000
2025/08/05 08:03:11 TopoSystem update time: 4.795802ms
2025/08/05 08:03:11 AttenuationSystem update...
2025/08/05 08:03:11 AttenuationSystem parallel flag: 0
2025/08/05 08:03:11 Attenuation computed count: 250000
2025/08/05 08:03:11 AttenuationSystem update time: 102.843142ms
2025/08/05 08:03:11 Run 9 complete
2025/08/05 08:03:11 StationSystem update...
2025/08/05 08:03:11 weather update count: 500
2025/08/05 08:03:11 StationSystem update time: 2.453µs
2025/08/05 08:03:11 SatelliteSystem update...
2025/08/05 08:03:11 satellite count: 500
2025/08/05 08:03:11 SatelliteSystem update time: 1.893968ms
2025/08/05 08:03:11 TopoSystem update...
2025/08/05 08:03:11 TopoSystem: Link count: 250000
2025/08/05 08:03:11 TopoSystem update time: 6.300027ms
2025/08/05 08:03:11 AttenuationSystem update...
2025/08/05 08:03:11 AttenuationSystem parallel flag: 0
2025/08/05 08:03:11 Attenuation computed count: 250000
2025/08/05 08:03:11 AttenuationSystem update time: 99.131106ms
2025/08/05 08:03:11 Run 10 complete
2025/08/05 08:03:11 Total update time:  981.80836ms
2025/08/05 08:03:11 linkCache size: 40

 Performance counter stats for './scale_ecs 500 500 10 2 8 0':

         5,159,521      cache-references                                                      
           737,846      cache-misses                     #   14.30% of all cache refs         

       0.986186754 seconds time elapsed

       6.068487000 seconds user
       0.030051000 seconds sys


