ECS running with 600 stations, 2000 satellites, 4 numWGs and 8 numBlocks for 10 rounds in 0 parallel pattern
2025/08/05 08:51:38 StationSystem update...
2025/08/05 08:51:38 weather update count: 600
2025/08/05 08:51:38 StationSystem update time: 4.541µs
2025/08/05 08:51:38 SatelliteSystem update...
2025/08/05 08:51:38 satellite count: 2000
2025/08/05 08:51:38 SatelliteSystem update time: 7.585915ms
2025/08/05 08:51:38 TopoSystem update...
2025/08/05 08:51:38 TopoSystem: Link count: 1200000
2025/08/05 08:51:38 TopoSystem update time: 36.807117ms
2025/08/05 08:51:38 AttenuationSystem update...
2025/08/05 08:51:38 AttenuationSystem parallel flag: 0
2025/08/05 08:51:38 Attenuation computed count: 1200000
2025/08/05 08:51:38 AttenuationSystem update time: 342.980359ms
2025/08/05 08:51:38 Run 1 complete
2025/08/05 08:51:38 StationSystem update...
2025/08/05 08:51:38 weather update count: 600
2025/08/05 08:51:38 StationSystem update time: 3.155µs
2025/08/05 08:51:38 SatelliteSystem update...
2025/08/05 08:51:38 satellite count: 2000
2025/08/05 08:51:38 SatelliteSystem update time: 7.562911ms
2025/08/05 08:51:38 TopoSystem update...
2025/08/05 08:51:38 TopoSystem: Link count: 1200000
2025/08/05 08:51:38 TopoSystem update time: 33.561367ms
2025/08/05 08:51:38 AttenuationSystem update...
2025/08/05 08:51:38 AttenuationSystem parallel flag: 0
2025/08/05 08:51:39 Attenuation computed count: 1200000
2025/08/05 08:51:39 AttenuationSystem update time: 341.580953ms
2025/08/05 08:51:39 Run 2 complete
2025/08/05 08:51:39 StationSystem update...
2025/08/05 08:51:39 weather update count: 600
2025/08/05 08:51:39 StationSystem update time: 3.597µs
2025/08/05 08:51:39 SatelliteSystem update...
2025/08/05 08:51:39 satellite count: 2000
2025/08/05 08:51:39 SatelliteSystem update time: 8.615213ms
2025/08/05 08:51:39 TopoSystem update...
2025/08/05 08:51:39 TopoSystem: Link count: 1200000
2025/08/05 08:51:39 TopoSystem update time: 16.908285ms
2025/08/05 08:51:39 AttenuationSystem update...
2025/08/05 08:51:39 AttenuationSystem parallel flag: 0
2025/08/05 08:51:39 Attenuation computed count: 1200000
2025/08/05 08:51:39 AttenuationSystem update time: 343.319018ms
2025/08/05 08:51:39 Run 3 complete
2025/08/05 08:51:39 StationSystem update...
2025/08/05 08:51:39 weather update count: 600
2025/08/05 08:51:39 StationSystem update time: 3.126µs
2025/08/05 08:51:39 SatelliteSystem update...
2025/08/05 08:51:39 satellite count: 2000
2025/08/05 08:51:39 SatelliteSystem update time: 7.55367ms
2025/08/05 08:51:39 TopoSystem update...
2025/08/05 08:51:39 TopoSystem: Link count: 1200000
2025/08/05 08:51:39 TopoSystem update time: 18.321938ms
2025/08/05 08:51:39 AttenuationSystem update...
2025/08/05 08:51:39 AttenuationSystem parallel flag: 0
2025/08/05 08:51:39 Attenuation computed count: 1200000
2025/08/05 08:51:39 AttenuationSystem update time: 345.155839ms
2025/08/05 08:51:39 Run 4 complete
2025/08/05 08:51:39 StationSystem update...
2025/08/05 08:51:39 weather update count: 600
2025/08/05 08:51:39 StationSystem update time: 2.732µs
2025/08/05 08:51:39 SatelliteSystem update...
2025/08/05 08:51:40 satellite count: 2000
2025/08/05 08:51:40 SatelliteSystem update time: 7.552409ms
2025/08/05 08:51:40 TopoSystem update...
2025/08/05 08:51:40 TopoSystem: Link count: 1200000
2025/08/05 08:51:40 TopoSystem update time: 17.595431ms
2025/08/05 08:51:40 AttenuationSystem update...
2025/08/05 08:51:40 AttenuationSystem parallel flag: 0
2025/08/05 08:51:40 Attenuation computed count: 1200000
2025/08/05 08:51:40 AttenuationSystem update time: 386.970308ms
2025/08/05 08:51:40 Run 5 complete
2025/08/05 08:51:40 StationSystem update...
2025/08/05 08:51:40 weather update count: 600
2025/08/05 08:51:40 StationSystem update time: 3.17µs
2025/08/05 08:51:40 SatelliteSystem update...
2025/08/05 08:51:40 satellite count: 2000
2025/08/05 08:51:40 SatelliteSystem update time: 11.660432ms
2025/08/05 08:51:40 TopoSystem update...
2025/08/05 08:51:40 TopoSystem: Link count: 1200000
2025/08/05 08:51:40 TopoSystem update time: 23.949514ms
2025/08/05 08:51:40 AttenuationSystem update...
2025/08/05 08:51:40 AttenuationSystem parallel flag: 0
2025/08/05 08:51:40 Attenuation computed count: 1200000
2025/08/05 08:51:40 AttenuationSystem update time: 348.628061ms
2025/08/05 08:51:40 Run 6 complete
2025/08/05 08:51:40 StationSystem update...
2025/08/05 08:51:40 weather update count: 600
2025/08/05 08:51:40 StationSystem update time: 3.208µs
2025/08/05 08:51:40 SatelliteSystem update...
2025/08/05 08:51:40 satellite count: 2000
2025/08/05 08:51:40 SatelliteSystem update time: 7.568661ms
2025/08/05 08:51:40 TopoSystem update...
2025/08/05 08:51:40 TopoSystem: Link count: 1200000
2025/08/05 08:51:40 TopoSystem update time: 18.208548ms
2025/08/05 08:51:40 AttenuationSystem update...
2025/08/05 08:51:40 AttenuationSystem parallel flag: 0
2025/08/05 08:51:41 Attenuation computed count: 1200000
2025/08/05 08:51:41 AttenuationSystem update time: 356.081248ms
2025/08/05 08:51:41 Run 7 complete
2025/08/05 08:51:41 StationSystem update...
2025/08/05 08:51:41 weather update count: 600
2025/08/05 08:51:41 StationSystem update time: 2.706µs
2025/08/05 08:51:41 SatelliteSystem update...
2025/08/05 08:51:41 satellite count: 2000
2025/08/05 08:51:41 SatelliteSystem update time: 7.559338ms
2025/08/05 08:51:41 TopoSystem update...
2025/08/05 08:51:41 TopoSystem: Link count: 1200000
2025/08/05 08:51:41 TopoSystem update time: 18.18518ms
2025/08/05 08:51:41 AttenuationSystem update...
2025/08/05 08:51:41 AttenuationSystem parallel flag: 0
2025/08/05 08:51:41 Attenuation computed count: 1200000
2025/08/05 08:51:41 AttenuationSystem update time: 353.304191ms
2025/08/05 08:51:41 Run 8 complete
2025/08/05 08:51:41 StationSystem update...
2025/08/05 08:51:41 weather update count: 600
2025/08/05 08:51:41 StationSystem update time: 3.135µs
2025/08/05 08:51:41 SatelliteSystem update...
2025/08/05 08:51:41 satellite count: 2000
2025/08/05 08:51:41 SatelliteSystem update time: 7.550606ms
2025/08/05 08:51:41 TopoSystem update...
2025/08/05 08:51:41 TopoSystem: Link count: 1200000
2025/08/05 08:51:41 TopoSystem update time: 17.051831ms
2025/08/05 08:51:41 AttenuationSystem update...
2025/08/05 08:51:41 AttenuationSystem parallel flag: 0
2025/08/05 08:51:41 Attenuation computed count: 1200000
2025/08/05 08:51:41 AttenuationSystem update time: 372.889455ms
2025/08/05 08:51:41 Run 9 complete
2025/08/05 08:51:41 StationSystem update...
2025/08/05 08:51:41 weather update count: 600
2025/08/05 08:51:41 StationSystem update time: 3.044µs
2025/08/05 08:51:41 SatelliteSystem update...
2025/08/05 08:51:41 satellite count: 2000
2025/08/05 08:51:41 SatelliteSystem update time: 7.555038ms
2025/08/05 08:51:41 TopoSystem update...
2025/08/05 08:51:41 TopoSystem: Link count: 1200000
2025/08/05 08:51:41 TopoSystem update time: 18.100437ms
2025/08/05 08:51:41 AttenuationSystem update...
2025/08/05 08:51:41 AttenuationSystem parallel flag: 0
2025/08/05 08:51:42 Attenuation computed count: 1200000
2025/08/05 08:51:42 AttenuationSystem update time: 375.976973ms
2025/08/05 08:51:42 Run 10 complete
2025/08/05 08:51:42 Total update time:  3.877103031s
2025/08/05 08:51:42 linkCache size: 40

 Performance counter stats for './scale_ecs 600 2000 10 4 8 0':

        25,126,092      cache-references                                                      
         5,436,431      cache-misses                     #   21.64% of all cache refs         

       3.886291867 seconds time elapsed

      24.512534000 seconds user
       0.071972000 seconds sys


