ECS running with 800 stations, 2000 satellites, 4 numWGs and 8 numBlocks for 10 rounds in 0 parallel pattern
2025/08/05 10:24:50 StationSystem update...
2025/08/05 10:24:50 weather update count: 800
2025/08/05 10:24:50 StationSystem update time: 4.095µs
2025/08/05 10:24:50 SatelliteSystem update...
2025/08/05 10:24:50 satellite count: 2000
2025/08/05 10:24:50 SatelliteSystem update time: 5.624809ms
2025/08/05 10:24:50 TopoSystem update...
2025/08/05 10:24:50 TopoSystem: Link count: 1600000
2025/08/05 10:24:50 TopoSystem update time: 49.297532ms
2025/08/05 10:24:50 AttenuationSystem update...
2025/08/05 10:24:50 AttenuationSystem parallel flag: 0
2025/08/05 10:24:50 Attenuation computed count: 1600000
2025/08/05 10:24:50 AttenuationSystem update time: 449.701661ms
2025/08/05 10:24:50 Run 1 complete
2025/08/05 10:24:50 StationSystem update...
2025/08/05 10:24:50 weather update count: 800
2025/08/05 10:24:50 SatelliteSystem update...
2025/08/05 10:24:50 StationSystem update time: 3.34µs
2025/08/05 10:24:50 satellite count: 2000
2025/08/05 10:24:50 SatelliteSystem update time: 5.603868ms
2025/08/05 10:24:50 TopoSystem update...
2025/08/05 10:24:50 TopoSystem: Link count: 1600000
2025/08/05 10:24:50 TopoSystem update time: 49.556874ms
2025/08/05 10:24:50 AttenuationSystem update...
2025/08/05 10:24:50 AttenuationSystem parallel flag: 0
2025/08/05 10:24:51 Attenuation computed count: 1600000
2025/08/05 10:24:51 AttenuationSystem update time: 460.172233ms
2025/08/05 10:24:51 Run 2 complete
2025/08/05 10:24:51 StationSystem update...
2025/08/05 10:24:51 weather update count: 800
2025/08/05 10:24:51 StationSystem update time: 3.197µs
2025/08/05 10:24:51 SatelliteSystem update...
2025/08/05 10:24:51 satellite count: 2000
2025/08/05 10:24:51 SatelliteSystem update time: 7.543235ms
2025/08/05 10:24:51 TopoSystem update...
2025/08/05 10:24:51 TopoSystem: Link count: 1600000
2025/08/05 10:24:51 TopoSystem update time: 24.0691ms
2025/08/05 10:24:51 AttenuationSystem update...
2025/08/05 10:24:51 AttenuationSystem parallel flag: 0
2025/08/05 10:24:51 Attenuation computed count: 1600000
2025/08/05 10:24:51 AttenuationSystem update time: 489.80206ms
2025/08/05 10:24:51 Run 3 complete
2025/08/05 10:24:51 StationSystem update...
2025/08/05 10:24:51 weather update count: 800
2025/08/05 10:24:51 StationSystem update time: 3.545µs
2025/08/05 10:24:51 SatelliteSystem update...
2025/08/05 10:24:51 satellite count: 2000
2025/08/05 10:24:51 SatelliteSystem update time: 5.607351ms
2025/08/05 10:24:51 TopoSystem update...
2025/08/05 10:24:51 TopoSystem: Link count: 1600000
2025/08/05 10:24:51 TopoSystem update time: 20.178236ms
2025/08/05 10:24:51 AttenuationSystem update...
2025/08/05 10:24:51 AttenuationSystem parallel flag: 0
2025/08/05 10:24:52 Attenuation computed count: 1600000
2025/08/05 10:24:52 AttenuationSystem update time: 451.147244ms
2025/08/05 10:24:52 Run 4 complete
2025/08/05 10:24:52 StationSystem update...
2025/08/05 10:24:52 weather update count: 800
2025/08/05 10:24:52 StationSystem update time: 3.851µs
2025/08/05 10:24:52 SatelliteSystem update...
2025/08/05 10:24:52 satellite count: 2000
2025/08/05 10:24:52 SatelliteSystem update time: 7.553525ms
2025/08/05 10:24:52 TopoSystem update...
2025/08/05 10:24:52 TopoSystem: Link count: 1600000
2025/08/05 10:24:52 TopoSystem update time: 31.993886ms
2025/08/05 10:24:52 AttenuationSystem update...
2025/08/05 10:24:52 AttenuationSystem parallel flag: 0
2025/08/05 10:24:52 Attenuation computed count: 1600000
2025/08/05 10:24:52 AttenuationSystem update time: 456.122837ms
2025/08/05 10:24:52 Run 5 complete
2025/08/05 10:24:52 StationSystem update...
2025/08/05 10:24:52 weather update count: 800
2025/08/05 10:24:52 StationSystem update time: 3.399µs
2025/08/05 10:24:52 SatelliteSystem update...
2025/08/05 10:24:52 satellite count: 2000
2025/08/05 10:24:52 SatelliteSystem update time: 5.598828ms
2025/08/05 10:24:52 TopoSystem update...
2025/08/05 10:24:52 TopoSystem: Link count: 1600000
2025/08/05 10:24:52 TopoSystem update time: 18.832125ms
2025/08/05 10:24:52 AttenuationSystem update...
2025/08/05 10:24:52 AttenuationSystem parallel flag: 0
2025/08/05 10:24:53 Attenuation computed count: 1600000
2025/08/05 10:24:53 AttenuationSystem update time: 446.02137ms
2025/08/05 10:24:53 Run 6 complete
2025/08/05 10:24:53 StationSystem update...
2025/08/05 10:24:53 weather update count: 800
2025/08/05 10:24:53 StationSystem update time: 3.13µs
2025/08/05 10:24:53 SatelliteSystem update...
2025/08/05 10:24:53 satellite count: 2000
2025/08/05 10:24:53 SatelliteSystem update time: 5.604252ms
2025/08/05 10:24:53 TopoSystem update...
2025/08/05 10:24:53 TopoSystem: Link count: 1600000
2025/08/05 10:24:53 TopoSystem update time: 18.848384ms
2025/08/05 10:24:53 AttenuationSystem update...
2025/08/05 10:24:53 AttenuationSystem parallel flag: 0
2025/08/05 10:24:53 Attenuation computed count: 1600000
2025/08/05 10:24:53 AttenuationSystem update time: 444.621154ms
2025/08/05 10:24:53 Run 7 complete
2025/08/05 10:24:53 StationSystem update...
2025/08/05 10:24:53 weather update count: 800
2025/08/05 10:24:53 StationSystem update time: 4.371µs
2025/08/05 10:24:53 SatelliteSystem update...
2025/08/05 10:24:53 satellite count: 2000
2025/08/05 10:24:53 SatelliteSystem update time: 5.629132ms
2025/08/05 10:24:53 TopoSystem update...
2025/08/05 10:24:53 TopoSystem: Link count: 1600000
2025/08/05 10:24:53 TopoSystem update time: 19.00399ms
2025/08/05 10:24:53 AttenuationSystem update...
2025/08/05 10:24:53 AttenuationSystem parallel flag: 0
2025/08/05 10:24:54 Attenuation computed count: 1600000
2025/08/05 10:24:54 AttenuationSystem update time: 475.330868ms
2025/08/05 10:24:54 Run 8 complete
2025/08/05 10:24:54 StationSystem update...
2025/08/05 10:24:54 weather update count: 800
2025/08/05 10:24:54 StationSystem update time: 3.232µs
2025/08/05 10:24:54 SatelliteSystem update...
2025/08/05 10:24:54 satellite count: 2000
2025/08/05 10:24:54 SatelliteSystem update time: 5.613885ms
2025/08/05 10:24:54 TopoSystem update...
2025/08/05 10:24:54 TopoSystem: Link count: 1600000
2025/08/05 10:24:54 TopoSystem update time: 20.050196ms
2025/08/05 10:24:54 AttenuationSystem update...
2025/08/05 10:24:54 AttenuationSystem parallel flag: 0
2025/08/05 10:24:54 Attenuation computed count: 1600000
2025/08/05 10:24:54 AttenuationSystem update time: 457.55301ms
2025/08/05 10:24:54 Run 9 complete
2025/08/05 10:24:54 StationSystem update...
2025/08/05 10:24:54 weather update count: 800
2025/08/05 10:24:54 StationSystem update time: 3.623µs
2025/08/05 10:24:54 SatelliteSystem update...
2025/08/05 10:24:54 satellite count: 2000
2025/08/05 10:24:54 SatelliteSystem update time: 5.76382ms
2025/08/05 10:24:54 TopoSystem update...
2025/08/05 10:24:54 TopoSystem: Link count: 1600000
2025/08/05 10:24:54 TopoSystem update time: 19.42006ms
2025/08/05 10:24:54 AttenuationSystem update...
2025/08/05 10:24:54 AttenuationSystem parallel flag: 0
2025/08/05 10:24:55 Attenuation computed count: 1600000
2025/08/05 10:24:55 AttenuationSystem update time: 408.677843ms
2025/08/05 10:24:55 Run 10 complete
2025/08/05 10:24:55 Total update time:  4.880540533s
2025/08/05 10:24:55 linkCache size: 40

 Performance counter stats for './scale_ecs 800 2000 10 4 8 0':

        32,695,370      cache-references                                                      
         7,630,166      cache-misses                     #   23.34% of all cache refs         

       4.890019214 seconds time elapsed

      30.942516000 seconds user
       0.087054000 seconds sys


