ECS running with 800 stations, 500 satellites, 2 numWGs and 2 numBlocks for 10 rounds in 1 parallel pattern
2025/08/05 09:22:56 StationSystem update...
2025/08/05 09:22:56 weather update count: 800
2025/08/05 09:22:56 StationSystem update time: 3.354µs
2025/08/05 09:22:56 SatelliteSystem update...
2025/08/05 09:22:56 satellite count: 500
2025/08/05 09:22:56 SatelliteSystem update time: 1.417865ms
2025/08/05 09:22:56 TopoSystem update...
2025/08/05 09:22:56 TopoSystem: Link count: 400000
2025/08/05 09:22:56 TopoSystem update time: 15.004749ms
2025/08/05 09:22:56 AttenuationSystem update...
2025/08/05 09:22:56 AttenuationSystem parallel flag: 1
2025/08/05 09:22:57 Attenuation computed count: 400000
2025/08/05 09:22:57 AttenuationSystem update time: 428.61578ms
2025/08/05 09:22:57 Run 1 complete
2025/08/05 09:22:57 StationSystem update...
2025/08/05 09:22:57 weather update count: 800
2025/08/05 09:22:57 StationSystem update time: 3.303µs
2025/08/05 09:22:57 SatelliteSystem update...
2025/08/05 09:22:57 satellite count: 500
2025/08/05 09:22:57 SatelliteSystem update time: 1.420729ms
2025/08/05 09:22:57 TopoSystem update...
2025/08/05 09:22:57 TopoSystem: Link count: 400000
2025/08/05 09:22:57 TopoSystem update time: 10.676993ms
2025/08/05 09:22:57 AttenuationSystem update...
2025/08/05 09:22:57 AttenuationSystem parallel flag: 1
2025/08/05 09:22:57 Attenuation computed count: 400000
2025/08/05 09:22:57 AttenuationSystem update time: 462.020517ms
2025/08/05 09:22:57 Run 2 complete
2025/08/05 09:22:57 StationSystem update...
2025/08/05 09:22:57 weather update count: 800
2025/08/05 09:22:57 StationSystem update time: 3.321µs
2025/08/05 09:22:57 SatelliteSystem update...
2025/08/05 09:22:57 satellite count: 500
2025/08/05 09:22:57 SatelliteSystem update time: 1.43348ms
2025/08/05 09:22:57 TopoSystem update...
2025/08/05 09:22:57 TopoSystem: Link count: 400000
2025/08/05 09:22:57 TopoSystem update time: 6.978879ms
2025/08/05 09:22:57 AttenuationSystem update...
2025/08/05 09:22:57 AttenuationSystem parallel flag: 1
2025/08/05 09:22:58 Attenuation computed count: 400000
2025/08/05 09:22:58 AttenuationSystem update time: 456.357201ms
2025/08/05 09:22:58 Run 3 complete
2025/08/05 09:22:58 StationSystem update...
2025/08/05 09:22:58 weather update count: 800
2025/08/05 09:22:58 StationSystem update time: 3.133µs
2025/08/05 09:22:58 SatelliteSystem update...
2025/08/05 09:22:58 satellite count: 500
2025/08/05 09:22:58 SatelliteSystem update time: 1.443554ms
2025/08/05 09:22:58 TopoSystem update...
2025/08/05 09:22:58 TopoSystem: Link count: 400000
2025/08/05 09:22:58 TopoSystem update time: 13.258256ms
2025/08/05 09:22:58 AttenuationSystem update...
2025/08/05 09:22:58 AttenuationSystem parallel flag: 1
2025/08/05 09:22:58 Attenuation computed count: 400000
2025/08/05 09:22:58 AttenuationSystem update time: 458.628749ms
2025/08/05 09:22:58 Run 4 complete
2025/08/05 09:22:58 StationSystem update...
2025/08/05 09:22:58 weather update count: 800
2025/08/05 09:22:58 StationSystem update time: 3.106µs
2025/08/05 09:22:58 SatelliteSystem update...
2025/08/05 09:22:58 satellite count: 500
2025/08/05 09:22:58 SatelliteSystem update time: 1.456017ms
2025/08/05 09:22:58 TopoSystem update...
2025/08/05 09:22:58 TopoSystem: Link count: 400000
2025/08/05 09:22:58 TopoSystem update time: 5.995636ms
2025/08/05 09:22:58 AttenuationSystem update...
2025/08/05 09:22:58 AttenuationSystem parallel flag: 1
2025/08/05 09:22:58 Attenuation computed count: 400000
2025/08/05 09:22:58 AttenuationSystem update time: 443.820169ms
2025/08/05 09:22:58 Run 5 complete
2025/08/05 09:22:58 StationSystem update...
2025/08/05 09:22:58 weather update count: 800
2025/08/05 09:22:58 StationSystem update time: 2.61µs
2025/08/05 09:22:58 SatelliteSystem update...
2025/08/05 09:22:58 satellite count: 500
2025/08/05 09:22:58 SatelliteSystem update time: 1.416439ms
2025/08/05 09:22:58 TopoSystem update...
2025/08/05 09:22:59 TopoSystem: Link count: 400000
2025/08/05 09:22:59 TopoSystem update time: 13.441951ms
2025/08/05 09:22:59 AttenuationSystem update...
2025/08/05 09:22:59 AttenuationSystem parallel flag: 1
2025/08/05 09:22:59 Attenuation computed count: 400000
2025/08/05 09:22:59 AttenuationSystem update time: 489.108945ms
2025/08/05 09:22:59 Run 6 complete
2025/08/05 09:22:59 StationSystem update...
2025/08/05 09:22:59 weather update count: 800
2025/08/05 09:22:59 StationSystem update time: 5.068µs
2025/08/05 09:22:59 SatelliteSystem update...
2025/08/05 09:22:59 satellite count: 500
2025/08/05 09:22:59 SatelliteSystem update time: 1.914692ms
2025/08/05 09:22:59 TopoSystem update...
2025/08/05 09:22:59 TopoSystem: Link count: 400000
2025/08/05 09:22:59 TopoSystem update time: 13.762076ms
2025/08/05 09:22:59 AttenuationSystem update...
2025/08/05 09:22:59 AttenuationSystem parallel flag: 1
2025/08/05 09:22:59 Attenuation computed count: 400000
2025/08/05 09:22:59 AttenuationSystem update time: 385.549934ms
2025/08/05 09:22:59 Run 7 complete
2025/08/05 09:22:59 StationSystem update...
2025/08/05 09:22:59 weather update count: 800
2025/08/05 09:22:59 StationSystem update time: 2.738µs
2025/08/05 09:22:59 SatelliteSystem update...
2025/08/05 09:22:59 satellite count: 500
2025/08/05 09:22:59 SatelliteSystem update time: 1.408696ms
2025/08/05 09:22:59 TopoSystem update...
2025/08/05 09:22:59 TopoSystem: Link count: 400000
2025/08/05 09:22:59 TopoSystem update time: 4.54644ms
2025/08/05 09:22:59 AttenuationSystem update...
2025/08/05 09:22:59 AttenuationSystem parallel flag: 1
2025/08/05 09:23:00 Attenuation computed count: 400000
2025/08/05 09:23:00 AttenuationSystem update time: 440.568816ms
2025/08/05 09:23:00 Run 8 complete
2025/08/05 09:23:00 StationSystem update...
2025/08/05 09:23:00 weather update count: 800
2025/08/05 09:23:00 StationSystem update time: 3.201µs
2025/08/05 09:23:00 SatelliteSystem update...
2025/08/05 09:23:00 satellite count: 500
2025/08/05 09:23:00 SatelliteSystem update time: 2.009852ms
2025/08/05 09:23:00 TopoSystem update...
2025/08/05 09:23:00 TopoSystem: Link count: 400000
2025/08/05 09:23:00 TopoSystem update time: 6.247715ms
2025/08/05 09:23:00 AttenuationSystem update...
2025/08/05 09:23:00 AttenuationSystem parallel flag: 1
2025/08/05 09:23:00 Attenuation computed count: 400000
2025/08/05 09:23:00 AttenuationSystem update time: 456.435721ms
2025/08/05 09:23:00 Run 9 complete
2025/08/05 09:23:00 StationSystem update...
2025/08/05 09:23:00 weather update count: 800
2025/08/05 09:23:00 StationSystem update time: 4.256µs
2025/08/05 09:23:00 SatelliteSystem update...
2025/08/05 09:23:00 satellite count: 500
2025/08/05 09:23:00 SatelliteSystem update time: 1.915362ms
2025/08/05 09:23:00 TopoSystem update...
2025/08/05 09:23:00 TopoSystem: Link count: 400000
2025/08/05 09:23:00 TopoSystem update time: 18.280808ms
2025/08/05 09:23:00 AttenuationSystem update...
2025/08/05 09:23:00 AttenuationSystem parallel flag: 1
2025/08/05 09:23:01 Attenuation computed count: 400000
2025/08/05 09:23:01 AttenuationSystem update time: 380.683761ms
2025/08/05 09:23:01 Run 10 complete
2025/08/05 09:23:01 Total update time:  4.527859042s
2025/08/05 09:23:01 linkCache size: 40

 Performance counter stats for './scale_ecs 800 500 10 2 2 1':

         8,989,959      cache-references                                                      
         1,184,511      cache-misses                     #   13.18% of all cache refs         

       4.531686113 seconds time elapsed

       8.525908000 seconds user
       0.043029000 seconds sys


