ECS running with 500 stations, 1600 satellites, 8 numWGs and 2 numBlocks for 10 rounds in 0 parallel pattern
2025/08/05 08:16:50 StationSystem update...
2025/08/05 08:16:50 weather update count: 500
2025/08/05 08:16:50 StationSystem update time: 4.64µs
2025/08/05 08:16:50 SatelliteSystem update...
2025/08/05 08:16:50 satellite count: 1600
2025/08/05 08:16:50 SatelliteSystem update time: 6.109244ms
2025/08/05 08:16:50 TopoSystem update...
2025/08/05 08:16:50 TopoSystem: Link count: 800000
2025/08/05 08:16:50 TopoSystem update time: 24.0884ms
2025/08/05 08:16:50 AttenuationSystem update...
2025/08/05 08:16:50 AttenuationSystem parallel flag: 0
2025/08/05 08:16:51 Attenuation computed count: 800000
2025/08/05 08:16:51 AttenuationSystem update time: 781.833106ms
2025/08/05 08:16:51 Run 1 complete
2025/08/05 08:16:51 StationSystem update...
2025/08/05 08:16:51 weather update count: 500
2025/08/05 08:16:51 StationSystem update time: 2.317µs
2025/08/05 08:16:51 SatelliteSystem update...
2025/08/05 08:16:51 satellite count: 1600
2025/08/05 08:16:51 SatelliteSystem update time: 4.496634ms
2025/08/05 08:16:51 TopoSystem update...
2025/08/05 08:16:51 TopoSystem: Link count: 800000
2025/08/05 08:16:51 TopoSystem update time: 18.440656ms
2025/08/05 08:16:51 AttenuationSystem update...
2025/08/05 08:16:51 AttenuationSystem parallel flag: 0
2025/08/05 08:16:52 Attenuation computed count: 800000
2025/08/05 08:16:52 AttenuationSystem update time: 916.873766ms
2025/08/05 08:16:52 Run 2 complete
2025/08/05 08:16:52 StationSystem update...
2025/08/05 08:16:52 weather update count: 500
2025/08/05 08:16:52 StationSystem update time: 2.724µs
2025/08/05 08:16:52 SatelliteSystem update...
2025/08/05 08:16:52 satellite count: 1600
2025/08/05 08:16:52 SatelliteSystem update time: 6.046805ms
2025/08/05 08:16:52 TopoSystem update...
2025/08/05 08:16:52 TopoSystem: Link count: 800000
2025/08/05 08:16:52 TopoSystem update time: 12.113843ms
2025/08/05 08:16:52 AttenuationSystem update...
2025/08/05 08:16:52 AttenuationSystem parallel flag: 0
2025/08/05 08:16:53 Attenuation computed count: 800000
2025/08/05 08:16:53 AttenuationSystem update time: 949.140812ms
2025/08/05 08:16:53 Run 3 complete
2025/08/05 08:16:53 StationSystem update...
2025/08/05 08:16:53 weather update count: 500
2025/08/05 08:16:53 StationSystem update time: 3.017µs
2025/08/05 08:16:53 SatelliteSystem update...
2025/08/05 08:16:53 satellite count: 1600
2025/08/05 08:16:53 SatelliteSystem update time: 6.051758ms
2025/08/05 08:16:53 TopoSystem update...
2025/08/05 08:16:53 TopoSystem: Link count: 800000
2025/08/05 08:16:53 TopoSystem update time: 19.386795ms
2025/08/05 08:16:53 AttenuationSystem update...
2025/08/05 08:16:53 AttenuationSystem parallel flag: 0
2025/08/05 08:16:54 Attenuation computed count: 800000
2025/08/05 08:16:54 AttenuationSystem update time: 943.829999ms
2025/08/05 08:16:54 Run 4 complete
2025/08/05 08:16:54 StationSystem update...
2025/08/05 08:16:54 weather update count: 500
2025/08/05 08:16:54 StationSystem update time: 3.002µs
2025/08/05 08:16:54 SatelliteSystem update...
2025/08/05 08:16:54 satellite count: 1600
2025/08/05 08:16:54 SatelliteSystem update time: 6.101596ms
2025/08/05 08:16:54 TopoSystem update...
2025/08/05 08:16:54 TopoSystem: Link count: 800000
2025/08/05 08:16:54 TopoSystem update time: 12.767885ms
2025/08/05 08:16:54 AttenuationSystem update...
2025/08/05 08:16:54 AttenuationSystem parallel flag: 0
2025/08/05 08:16:55 Attenuation computed count: 800000
2025/08/05 08:16:55 AttenuationSystem update time: 948.679588ms
2025/08/05 08:16:55 Run 5 complete
2025/08/05 08:16:55 StationSystem update...
2025/08/05 08:16:55 weather update count: 500
2025/08/05 08:16:55 StationSystem update time: 2.999µs
2025/08/05 08:16:55 SatelliteSystem update...
2025/08/05 08:16:55 satellite count: 1600
2025/08/05 08:16:55 SatelliteSystem update time: 6.05352ms
2025/08/05 08:16:55 TopoSystem update...
2025/08/05 08:16:55 TopoSystem: Link count: 800000
2025/08/05 08:16:55 TopoSystem update time: 28.228776ms
2025/08/05 08:16:55 AttenuationSystem update...
2025/08/05 08:16:55 AttenuationSystem parallel flag: 0
2025/08/05 08:16:56 Attenuation computed count: 800000
2025/08/05 08:16:56 AttenuationSystem update time: 940.580732ms
2025/08/05 08:16:56 Run 6 complete
2025/08/05 08:16:56 StationSystem update...
2025/08/05 08:16:56 weather update count: 500
2025/08/05 08:16:56 StationSystem update time: 2.696µs
2025/08/05 08:16:56 SatelliteSystem update...
2025/08/05 08:16:56 satellite count: 1600
2025/08/05 08:16:56 SatelliteSystem update time: 6.05013ms
2025/08/05 08:16:56 TopoSystem update...
2025/08/05 08:16:56 TopoSystem: Link count: 800000
2025/08/05 08:16:56 TopoSystem update time: 12.278578ms
2025/08/05 08:16:56 AttenuationSystem update...
2025/08/05 08:16:56 AttenuationSystem parallel flag: 0
2025/08/05 08:16:57 Attenuation computed count: 800000
2025/08/05 08:16:57 AttenuationSystem update time: 947.128414ms
2025/08/05 08:16:57 Run 7 complete
2025/08/05 08:16:57 StationSystem update...
2025/08/05 08:16:57 weather update count: 500
2025/08/05 08:16:57 StationSystem update time: 3.022µs
2025/08/05 08:16:57 SatelliteSystem update...
2025/08/05 08:16:57 satellite count: 1600
2025/08/05 08:16:57 SatelliteSystem update time: 6.055902ms
2025/08/05 08:16:57 TopoSystem update...
2025/08/05 08:16:57 TopoSystem: Link count: 800000
2025/08/05 08:16:57 TopoSystem update time: 27.730864ms
2025/08/05 08:16:57 AttenuationSystem update...
2025/08/05 08:16:57 AttenuationSystem parallel flag: 0
2025/08/05 08:16:58 Attenuation computed count: 800000
2025/08/05 08:16:58 AttenuationSystem update time: 929.900424ms
2025/08/05 08:16:58 Run 8 complete
2025/08/05 08:16:58 StationSystem update...
2025/08/05 08:16:58 weather update count: 500
2025/08/05 08:16:58 StationSystem update time: 2.963µs
2025/08/05 08:16:58 SatelliteSystem update...
2025/08/05 08:16:58 satellite count: 1600
2025/08/05 08:16:58 SatelliteSystem update time: 6.043993ms
2025/08/05 08:16:58 TopoSystem update...
2025/08/05 08:16:58 TopoSystem: Link count: 800000
2025/08/05 08:16:58 TopoSystem update time: 11.929761ms
2025/08/05 08:16:58 AttenuationSystem update...
2025/08/05 08:16:58 AttenuationSystem parallel flag: 0
2025/08/05 08:16:59 Attenuation computed count: 800000
2025/08/05 08:16:59 AttenuationSystem update time: 945.243455ms
2025/08/05 08:16:59 Run 9 complete
2025/08/05 08:16:59 StationSystem update...
2025/08/05 08:16:59 weather update count: 500
2025/08/05 08:16:59 StationSystem update time: 3.224µs
2025/08/05 08:16:59 SatelliteSystem update...
2025/08/05 08:16:59 satellite count: 1600
2025/08/05 08:16:59 SatelliteSystem update time: 5.186541ms
2025/08/05 08:16:59 TopoSystem update...
2025/08/05 08:16:59 TopoSystem: Link count: 800000
2025/08/05 08:16:59 TopoSystem update time: 27.669263ms
2025/08/05 08:16:59 AttenuationSystem update...
2025/08/05 08:16:59 AttenuationSystem parallel flag: 0
2025/08/05 08:17:00 Attenuation computed count: 800000
2025/08/05 08:17:00 AttenuationSystem update time: 921.72067ms
2025/08/05 08:17:00 Run 10 complete
2025/08/05 08:17:00 Total update time:  9.486036986s
2025/08/05 08:17:00 linkCache size: 40

 Performance counter stats for './scale_ecs 500 1600 10 8 2 0':

        17,454,343      cache-references                                                      
         3,996,280      cache-misses                     #   22.90% of all cache refs         

       9.495699796 seconds time elapsed

      18.436048000 seconds user
       0.053008000 seconds sys


