ECS running with 700 stations, 1200 satellites, 4 numWGs and 8 numBlocks for 10 rounds in 1 parallel pattern
2025/08/05 09:03:17 StationSystem update...
2025/08/05 09:03:17 weather update count: 700
2025/08/05 09:03:17 StationSystem update time: 4.746µs
2025/08/05 09:03:17 SatelliteSystem update...
2025/08/05 09:03:17 satellite count: 1200
2025/08/05 09:03:17 SatelliteSystem update time: 4.550315ms
2025/08/05 09:03:17 TopoSystem update...
2025/08/05 09:03:17 TopoSystem: Link count: 840000
2025/08/05 09:03:17 TopoSystem update time: 23.785412ms
2025/08/05 09:03:17 AttenuationSystem update...
2025/08/05 09:03:17 AttenuationSystem parallel flag: 1
2025/08/05 09:03:17 Attenuation computed count: 840000
2025/08/05 09:03:17 AttenuationSystem update time: 480.92046ms
2025/08/05 09:03:17 Run 1 complete
2025/08/05 09:03:17 StationSystem update...
2025/08/05 09:03:17 weather update count: 700
2025/08/05 09:03:17 StationSystem update time: 3.118µs
2025/08/05 09:03:17 SatelliteSystem update...
2025/08/05 09:03:17 satellite count: 1200
2025/08/05 09:03:17 SatelliteSystem update time: 4.550801ms
2025/08/05 09:03:17 TopoSystem update...
2025/08/05 09:03:17 TopoSystem: Link count: 840000
2025/08/05 09:03:17 TopoSystem update time: 22.983655ms
2025/08/05 09:03:17 AttenuationSystem update...
2025/08/05 09:03:17 AttenuationSystem parallel flag: 1
2025/08/05 09:03:18 Attenuation computed count: 840000
2025/08/05 09:03:18 AttenuationSystem update time: 491.186575ms
2025/08/05 09:03:18 Run 2 complete
2025/08/05 09:03:18 StationSystem update...
2025/08/05 09:03:18 weather update count: 700
2025/08/05 09:03:18 StationSystem update time: 3.185µs
2025/08/05 09:03:18 SatelliteSystem update...
2025/08/05 09:03:18 satellite count: 1200
2025/08/05 09:03:18 SatelliteSystem update time: 3.368007ms
2025/08/05 09:03:18 TopoSystem update...
2025/08/05 09:03:18 TopoSystem: Link count: 840000
2025/08/05 09:03:18 TopoSystem update time: 10.51312ms
2025/08/05 09:03:18 AttenuationSystem update...
2025/08/05 09:03:18 AttenuationSystem parallel flag: 1
2025/08/05 09:03:18 Attenuation computed count: 840000
2025/08/05 09:03:18 AttenuationSystem update time: 526.997519ms
2025/08/05 09:03:18 Run 3 complete
2025/08/05 09:03:18 StationSystem update...
2025/08/05 09:03:18 weather update count: 700
2025/08/05 09:03:18 StationSystem update time: 3.26µs
2025/08/05 09:03:18 SatelliteSystem update...
2025/08/05 09:03:18 satellite count: 1200
2025/08/05 09:03:18 SatelliteSystem update time: 3.501413ms
2025/08/05 09:03:18 TopoSystem update...
2025/08/05 09:03:18 TopoSystem: Link count: 840000
2025/08/05 09:03:18 TopoSystem update time: 10.614786ms
2025/08/05 09:03:18 AttenuationSystem update...
2025/08/05 09:03:18 AttenuationSystem parallel flag: 1
2025/08/05 09:03:19 Attenuation computed count: 840000
2025/08/05 09:03:19 AttenuationSystem update time: 493.138117ms
2025/08/05 09:03:19 Run 4 complete
2025/08/05 09:03:19 StationSystem update...
2025/08/05 09:03:19 weather update count: 700
2025/08/05 09:03:19 StationSystem update time: 3.126µs
2025/08/05 09:03:19 SatelliteSystem update...
2025/08/05 09:03:19 satellite count: 1200
2025/08/05 09:03:19 SatelliteSystem update time: 3.386119ms
2025/08/05 09:03:19 TopoSystem update...
2025/08/05 09:03:19 TopoSystem: Link count: 840000
2025/08/05 09:03:19 TopoSystem update time: 10.47092ms
2025/08/05 09:03:19 AttenuationSystem update...
2025/08/05 09:03:19 AttenuationSystem parallel flag: 1
2025/08/05 09:03:19 Attenuation computed count: 840000
2025/08/05 09:03:19 AttenuationSystem update time: 479.901501ms
2025/08/05 09:03:19 Run 5 complete
2025/08/05 09:03:19 StationSystem update...
2025/08/05 09:03:19 weather update count: 700
2025/08/05 09:03:19 StationSystem update time: 3.489µs
2025/08/05 09:03:19 SatelliteSystem update...
2025/08/05 09:03:19 satellite count: 1200
2025/08/05 09:03:19 SatelliteSystem update time: 3.381673ms
2025/08/05 09:03:19 TopoSystem update...
2025/08/05 09:03:19 TopoSystem: Link count: 840000
2025/08/05 09:03:19 TopoSystem update time: 14.125781ms
2025/08/05 09:03:19 AttenuationSystem update...
2025/08/05 09:03:19 AttenuationSystem parallel flag: 1
2025/08/05 09:03:20 Attenuation computed count: 840000
2025/08/05 09:03:20 AttenuationSystem update time: 514.67593ms
2025/08/05 09:03:20 Run 6 complete
2025/08/05 09:03:20 StationSystem update...
2025/08/05 09:03:20 weather update count: 700
2025/08/05 09:03:20 StationSystem update time: 3.135µs
2025/08/05 09:03:20 SatelliteSystem update...
2025/08/05 09:03:20 satellite count: 1200
2025/08/05 09:03:20 SatelliteSystem update time: 4.563517ms
2025/08/05 09:03:20 TopoSystem update...
2025/08/05 09:03:20 TopoSystem: Link count: 840000
2025/08/05 09:03:20 TopoSystem update time: 16.503078ms
2025/08/05 09:03:20 AttenuationSystem update...
2025/08/05 09:03:20 AttenuationSystem parallel flag: 1
2025/08/05 09:03:21 Attenuation computed count: 840000
2025/08/05 09:03:21 AttenuationSystem update time: 491.012398ms
2025/08/05 09:03:21 Run 7 complete
2025/08/05 09:03:21 StationSystem update...
2025/08/05 09:03:21 weather update count: 700
2025/08/05 09:03:21 StationSystem update time: 3.159µs
2025/08/05 09:03:21 SatelliteSystem update...
2025/08/05 09:03:21 satellite count: 1200
2025/08/05 09:03:21 SatelliteSystem update time: 4.554194ms
2025/08/05 09:03:21 TopoSystem update...
2025/08/05 09:03:21 TopoSystem: Link count: 840000
2025/08/05 09:03:21 TopoSystem update time: 12.730438ms
2025/08/05 09:03:21 AttenuationSystem update...
2025/08/05 09:03:21 AttenuationSystem parallel flag: 1
2025/08/05 09:03:21 Attenuation computed count: 840000
2025/08/05 09:03:21 AttenuationSystem update time: 519.55905ms
2025/08/05 09:03:21 Run 8 complete
2025/08/05 09:03:21 StationSystem update...
2025/08/05 09:03:21 weather update count: 700
2025/08/05 09:03:21 StationSystem update time: 3.015µs
2025/08/05 09:03:21 SatelliteSystem update...
2025/08/05 09:03:21 satellite count: 1200
2025/08/05 09:03:21 SatelliteSystem update time: 4.632205ms
2025/08/05 09:03:21 TopoSystem update...
2025/08/05 09:03:21 TopoSystem: Link count: 840000
2025/08/05 09:03:21 TopoSystem update time: 12.272979ms
2025/08/05 09:03:21 AttenuationSystem update...
2025/08/05 09:03:21 AttenuationSystem parallel flag: 1
2025/08/05 09:03:22 Attenuation computed count: 840000
2025/08/05 09:03:22 AttenuationSystem update time: 490.345832ms
2025/08/05 09:03:22 Run 9 complete
2025/08/05 09:03:22 StationSystem update...
2025/08/05 09:03:22 weather update count: 700
2025/08/05 09:03:22 StationSystem update time: 3.218µs
2025/08/05 09:03:22 SatelliteSystem update...
2025/08/05 09:03:22 satellite count: 1200
2025/08/05 09:03:22 SatelliteSystem update time: 3.389518ms
2025/08/05 09:03:22 TopoSystem update...
2025/08/05 09:03:22 TopoSystem: Link count: 840000
2025/08/05 09:03:22 TopoSystem update time: 9.695524ms
2025/08/05 09:03:22 AttenuationSystem update...
2025/08/05 09:03:22 AttenuationSystem parallel flag: 1
2025/08/05 09:03:22 Attenuation computed count: 840000
2025/08/05 09:03:22 AttenuationSystem update time: 439.80714ms
2025/08/05 09:03:22 Run 10 complete
2025/08/05 09:03:22 Total update time:  5.117509778s
2025/08/05 09:03:22 linkCache size: 40

 Performance counter stats for './scale_ecs 700 1200 10 4 8 1':

        17,920,208      cache-references                                                      
         3,484,269      cache-misses                     #   19.44% of all cache refs         

       5.129070638 seconds time elapsed

      17.970899000 seconds user
       0.057040000 seconds sys


