ECS running with 600 stations, 600 satellites, 8 numWGs and 8 numBlocks for 10 rounds in 0 parallel pattern
2025/08/05 08:27:22 StationSystem update...
2025/08/05 08:27:22 weather update count: 600
2025/08/05 08:27:22 StationSystem update time: 4.325µs
2025/08/05 08:27:22 SatelliteSystem update...
2025/08/05 08:27:22 satellite count: 600
2025/08/05 08:27:22 SatelliteSystem update time: 2.287977ms
2025/08/05 08:27:22 TopoSystem update...
2025/08/05 08:27:22 TopoSystem: Link count: 360000
2025/08/05 08:27:22 TopoSystem update time: 12.629484ms
2025/08/05 08:27:22 AttenuationSystem update...
2025/08/05 08:27:22 AttenuationSystem parallel flag: 0
2025/08/05 08:27:22 Attenuation computed count: 360000
2025/08/05 08:27:22 AttenuationSystem update time: 104.379941ms
2025/08/05 08:27:22 Run 1 complete
2025/08/05 08:27:22 StationSystem update...
2025/08/05 08:27:22 weather update count: 600
2025/08/05 08:27:22 StationSystem update time: 2.987µs
2025/08/05 08:27:22 SatelliteSystem update...
2025/08/05 08:27:22 satellite count: 600
2025/08/05 08:27:22 SatelliteSystem update time: 2.286799ms
2025/08/05 08:27:22 TopoSystem update...
2025/08/05 08:27:22 TopoSystem: Link count: 360000
2025/08/05 08:27:22 TopoSystem update time: 10.747118ms
2025/08/05 08:27:22 AttenuationSystem update...
2025/08/05 08:27:22 AttenuationSystem parallel flag: 0
2025/08/05 08:27:22 Attenuation computed count: 360000
2025/08/05 08:27:22 AttenuationSystem update time: 126.610937ms
2025/08/05 08:27:22 Run 2 complete
2025/08/05 08:27:22 StationSystem update...
2025/08/05 08:27:22 weather update count: 600
2025/08/05 08:27:22 StationSystem update time: 2.895µs
2025/08/05 08:27:22 SatelliteSystem update...
2025/08/05 08:27:22 satellite count: 600
2025/08/05 08:27:22 SatelliteSystem update time: 2.283083ms
2025/08/05 08:27:22 TopoSystem update...
2025/08/05 08:27:22 TopoSystem: Link count: 360000
2025/08/05 08:27:22 TopoSystem update time: 7.240613ms
2025/08/05 08:27:22 AttenuationSystem update...
2025/08/05 08:27:22 AttenuationSystem parallel flag: 0
2025/08/05 08:27:23 Attenuation computed count: 360000
2025/08/05 08:27:23 AttenuationSystem update time: 102.9489ms
2025/08/05 08:27:23 Run 3 complete
2025/08/05 08:27:23 StationSystem update...
2025/08/05 08:27:23 weather update count: 600
2025/08/05 08:27:23 StationSystem update time: 2.817µs
2025/08/05 08:27:23 SatelliteSystem update...
2025/08/05 08:27:23 satellite count: 600
2025/08/05 08:27:23 SatelliteSystem update time: 2.27783ms
2025/08/05 08:27:23 TopoSystem update...
2025/08/05 08:27:23 TopoSystem: Link count: 360000
2025/08/05 08:27:23 TopoSystem update time: 5.811289ms
2025/08/05 08:27:23 AttenuationSystem update...
2025/08/05 08:27:23 AttenuationSystem parallel flag: 0
2025/08/05 08:27:23 Attenuation computed count: 360000
2025/08/05 08:27:23 AttenuationSystem update time: 133.281802ms
2025/08/05 08:27:23 Run 4 complete
2025/08/05 08:27:23 StationSystem update...
2025/08/05 08:27:23 weather update count: 600
2025/08/05 08:27:23 StationSystem update time: 2.868µs
2025/08/05 08:27:23 SatelliteSystem update...
2025/08/05 08:27:23 satellite count: 600
2025/08/05 08:27:23 SatelliteSystem update time: 2.2815ms
2025/08/05 08:27:23 TopoSystem update...
2025/08/05 08:27:23 TopoSystem: Link count: 360000
2025/08/05 08:27:23 TopoSystem update time: 5.668169ms
2025/08/05 08:27:23 AttenuationSystem update...
2025/08/05 08:27:23 AttenuationSystem parallel flag: 0
2025/08/05 08:27:23 Attenuation computed count: 360000
2025/08/05 08:27:23 AttenuationSystem update time: 123.316875ms
2025/08/05 08:27:23 Run 5 complete
2025/08/05 08:27:23 StationSystem update...
2025/08/05 08:27:23 weather update count: 600
2025/08/05 08:27:23 StationSystem update time: 2.883µs
2025/08/05 08:27:23 SatelliteSystem update...
2025/08/05 08:27:23 satellite count: 600
2025/08/05 08:27:23 SatelliteSystem update time: 2.284203ms
2025/08/05 08:27:23 TopoSystem update...
2025/08/05 08:27:23 TopoSystem: Link count: 360000
2025/08/05 08:27:23 TopoSystem update time: 6.284055ms
2025/08/05 08:27:23 AttenuationSystem update...
2025/08/05 08:27:23 AttenuationSystem parallel flag: 0
2025/08/05 08:27:23 Attenuation computed count: 360000
2025/08/05 08:27:23 AttenuationSystem update time: 117.985528ms
2025/08/05 08:27:23 Run 6 complete
2025/08/05 08:27:23 StationSystem update...
2025/08/05 08:27:23 weather update count: 600
2025/08/05 08:27:23 StationSystem update time: 2.871µs
2025/08/05 08:27:23 SatelliteSystem update...
2025/08/05 08:27:23 satellite count: 600
2025/08/05 08:27:23 SatelliteSystem update time: 2.276581ms
2025/08/05 08:27:23 TopoSystem update...
2025/08/05 08:27:23 TopoSystem: Link count: 360000
2025/08/05 08:27:23 TopoSystem update time: 7.765216ms
2025/08/05 08:27:23 AttenuationSystem update...
2025/08/05 08:27:23 AttenuationSystem parallel flag: 0
2025/08/05 08:27:23 Attenuation computed count: 360000
2025/08/05 08:27:23 AttenuationSystem update time: 134.867944ms
2025/08/05 08:27:23 Run 7 complete
2025/08/05 08:27:23 StationSystem update...
2025/08/05 08:27:23 weather update count: 600
2025/08/05 08:27:23 StationSystem update time: 2.76µs
2025/08/05 08:27:23 SatelliteSystem update...
2025/08/05 08:27:23 satellite count: 600
2025/08/05 08:27:23 SatelliteSystem update time: 2.279229ms
2025/08/05 08:27:23 TopoSystem update...
2025/08/05 08:27:23 TopoSystem: Link count: 360000
2025/08/05 08:27:23 TopoSystem update time: 9.637127ms
2025/08/05 08:27:23 AttenuationSystem update...
2025/08/05 08:27:23 AttenuationSystem parallel flag: 0
2025/08/05 08:27:23 Attenuation computed count: 360000
2025/08/05 08:27:23 AttenuationSystem update time: 123.789565ms
2025/08/05 08:27:23 Run 8 complete
2025/08/05 08:27:23 StationSystem update...
2025/08/05 08:27:23 weather update count: 600
2025/08/05 08:27:23 StationSystem update time: 2.889µs
2025/08/05 08:27:23 SatelliteSystem update...
2025/08/05 08:27:23 satellite count: 600
2025/08/05 08:27:23 SatelliteSystem update time: 2.277493ms
2025/08/05 08:27:23 TopoSystem update...
2025/08/05 08:27:23 TopoSystem: Link count: 360000
2025/08/05 08:27:23 TopoSystem update time: 5.893549ms
2025/08/05 08:27:23 AttenuationSystem update...
2025/08/05 08:27:23 AttenuationSystem parallel flag: 0
2025/08/05 08:27:23 Attenuation computed count: 360000
2025/08/05 08:27:23 AttenuationSystem update time: 116.351359ms
2025/08/05 08:27:23 Run 9 complete
2025/08/05 08:27:23 StationSystem update...
2025/08/05 08:27:23 weather update count: 600
2025/08/05 08:27:23 StationSystem update time: 2.737µs
2025/08/05 08:27:23 SatelliteSystem update...
2025/08/05 08:27:23 satellite count: 600
2025/08/05 08:27:23 SatelliteSystem update time: 2.282485ms
2025/08/05 08:27:23 TopoSystem update...
2025/08/05 08:27:23 TopoSystem: Link count: 360000
2025/08/05 08:27:23 TopoSystem update time: 6.127785ms
2025/08/05 08:27:23 AttenuationSystem update...
2025/08/05 08:27:23 AttenuationSystem parallel flag: 0
2025/08/05 08:27:24 Attenuation computed count: 360000
2025/08/05 08:27:24 AttenuationSystem update time: 124.477817ms
2025/08/05 08:27:24 Run 10 complete
2025/08/05 08:27:24 Total update time:  1.311742443s
2025/08/05 08:27:24 linkCache size: 40

 Performance counter stats for './scale_ecs 600 600 10 8 8 0':

         7,753,759      cache-references                                                      
           865,123      cache-misses                     #   11.16% of all cache refs         

       1.315882072 seconds time elapsed

       8.553505000 seconds user
       0.022993000 seconds sys


