ECS running with 700 stations, 1700 satellites, 8 numWGs and 4 numBlocks for 10 rounds in 0 parallel pattern
2025/08/05 09:14:33 StationSystem update...
2025/08/05 09:14:33 SatelliteSystem update...
2025/08/05 09:14:33 weather update count: 700
2025/08/05 09:14:33 StationSystem update time: 6.052µs
2025/08/05 09:14:33 satellite count: 1700
2025/08/05 09:14:33 SatelliteSystem update time: 6.424815ms
2025/08/05 09:14:33 TopoSystem update...
2025/08/05 09:14:33 TopoSystem: Link count: 1190000
2025/08/05 09:14:33 TopoSystem update time: 36.829745ms
2025/08/05 09:14:33 AttenuationSystem update...
2025/08/05 09:14:33 AttenuationSystem parallel flag: 0
2025/08/05 09:14:34 Attenuation computed count: 1190000
2025/08/05 09:14:34 AttenuationSystem update time: 679.331184ms
2025/08/05 09:14:34 Run 1 complete
2025/08/05 09:14:34 StationSystem update...
2025/08/05 09:14:34 weather update count: 700
2025/08/05 09:14:34 StationSystem update time: 3.167µs
2025/08/05 09:14:34 SatelliteSystem update...
2025/08/05 09:14:34 satellite count: 1700
2025/08/05 09:14:34 SatelliteSystem update time: 6.426988ms
2025/08/05 09:14:34 TopoSystem update...
2025/08/05 09:14:34 TopoSystem: Link count: 1190000
2025/08/05 09:14:34 TopoSystem update time: 31.210568ms
2025/08/05 09:14:34 AttenuationSystem update...
2025/08/05 09:14:34 AttenuationSystem parallel flag: 0
2025/08/05 09:14:34 Attenuation computed count: 1190000
2025/08/05 09:14:34 AttenuationSystem update time: 686.913251ms
2025/08/05 09:14:34 Run 2 complete
2025/08/05 09:14:34 StationSystem update...
2025/08/05 09:14:34 weather update count: 700
2025/08/05 09:14:34 StationSystem update time: 3.155µs
2025/08/05 09:14:34 SatelliteSystem update...
2025/08/05 09:14:34 satellite count: 1700
2025/08/05 09:14:34 SatelliteSystem update time: 6.432753ms
2025/08/05 09:14:34 TopoSystem update...
2025/08/05 09:14:34 TopoSystem: Link count: 1190000
2025/08/05 09:14:34 TopoSystem update time: 18.059123ms
2025/08/05 09:14:34 AttenuationSystem update...
2025/08/05 09:14:34 AttenuationSystem parallel flag: 0
2025/08/05 09:14:35 Attenuation computed count: 1190000
2025/08/05 09:14:35 AttenuationSystem update time: 682.863501ms
2025/08/05 09:14:35 Run 3 complete
2025/08/05 09:14:35 StationSystem update...
2025/08/05 09:14:35 weather update count: 700
2025/08/05 09:14:35 StationSystem update time: 3.163µs
2025/08/05 09:14:35 SatelliteSystem update...
2025/08/05 09:14:35 satellite count: 1700
2025/08/05 09:14:35 SatelliteSystem update time: 6.430208ms
2025/08/05 09:14:35 TopoSystem update...
2025/08/05 09:14:35 TopoSystem: Link count: 1190000
2025/08/05 09:14:35 TopoSystem update time: 16.974092ms
2025/08/05 09:14:35 AttenuationSystem update...
2025/08/05 09:14:35 AttenuationSystem parallel flag: 0
2025/08/05 09:14:36 Attenuation computed count: 1190000
2025/08/05 09:14:36 AttenuationSystem update time: 594.900136ms
2025/08/05 09:14:36 Run 4 complete
2025/08/05 09:14:36 StationSystem update...
2025/08/05 09:14:36 weather update count: 700
2025/08/05 09:14:36 StationSystem update time: 3.494µs
2025/08/05 09:14:36 SatelliteSystem update...
2025/08/05 09:14:36 satellite count: 1700
2025/08/05 09:14:36 SatelliteSystem update time: 6.414618ms
2025/08/05 09:14:36 TopoSystem update...
2025/08/05 09:14:36 TopoSystem: Link count: 1190000
2025/08/05 09:14:36 TopoSystem update time: 15.87919ms
2025/08/05 09:14:36 AttenuationSystem update...
2025/08/05 09:14:36 AttenuationSystem parallel flag: 0
2025/08/05 09:14:36 Attenuation computed count: 1190000
2025/08/05 09:14:36 AttenuationSystem update time: 712.309638ms
2025/08/05 09:14:36 Run 5 complete
2025/08/05 09:14:36 StationSystem update...
2025/08/05 09:14:36 weather update count: 700
2025/08/05 09:14:36 StationSystem update time: 3.713µs
2025/08/05 09:14:36 SatelliteSystem update...
2025/08/05 09:14:36 satellite count: 1700
2025/08/05 09:14:36 SatelliteSystem update time: 6.430332ms
2025/08/05 09:14:36 TopoSystem update...
2025/08/05 09:14:36 TopoSystem: Link count: 1190000
2025/08/05 09:14:36 TopoSystem update time: 29.241655ms
2025/08/05 09:14:36 AttenuationSystem update...
2025/08/05 09:14:36 AttenuationSystem parallel flag: 0
2025/08/05 09:14:37 Attenuation computed count: 1190000
2025/08/05 09:14:37 AttenuationSystem update time: 661.866398ms
2025/08/05 09:14:37 Run 6 complete
2025/08/05 09:14:37 StationSystem update...
2025/08/05 09:14:37 weather update count: 700
2025/08/05 09:14:37 StationSystem update time: 2.681µs
2025/08/05 09:14:37 SatelliteSystem update...
2025/08/05 09:14:37 satellite count: 1700
2025/08/05 09:14:37 SatelliteSystem update time: 4.774998ms
2025/08/05 09:14:37 TopoSystem update...
2025/08/05 09:14:37 TopoSystem: Link count: 1190000
2025/08/05 09:14:37 TopoSystem update time: 16.037228ms
2025/08/05 09:14:37 AttenuationSystem update...
2025/08/05 09:14:37 AttenuationSystem parallel flag: 0
2025/08/05 09:14:38 Attenuation computed count: 1190000
2025/08/05 09:14:38 AttenuationSystem update time: 677.687296ms
2025/08/05 09:14:38 Run 7 complete
2025/08/05 09:14:38 StationSystem update...
2025/08/05 09:14:38 weather update count: 700
2025/08/05 09:14:38 StationSystem update time: 4.05µs
2025/08/05 09:14:38 SatelliteSystem update...
2025/08/05 09:14:38 satellite count: 1700
2025/08/05 09:14:38 SatelliteSystem update time: 6.428897ms
2025/08/05 09:14:38 TopoSystem update...
2025/08/05 09:14:38 TopoSystem: Link count: 1190000
2025/08/05 09:14:38 TopoSystem update time: 17.98912ms
2025/08/05 09:14:38 AttenuationSystem update...
2025/08/05 09:14:38 AttenuationSystem parallel flag: 0
2025/08/05 09:14:38 Attenuation computed count: 1190000
2025/08/05 09:14:38 AttenuationSystem update time: 647.994719ms
2025/08/05 09:14:38 Run 8 complete
2025/08/05 09:14:38 StationSystem update...
2025/08/05 09:14:38 weather update count: 700
2025/08/05 09:14:38 StationSystem update time: 4.417µs
2025/08/05 09:14:38 SatelliteSystem update...
2025/08/05 09:14:38 satellite count: 1700
2025/08/05 09:14:38 SatelliteSystem update time: 6.430961ms
2025/08/05 09:14:38 TopoSystem update...
2025/08/05 09:14:38 TopoSystem: Link count: 1190000
2025/08/05 09:14:38 TopoSystem update time: 29.141849ms
2025/08/05 09:14:38 AttenuationSystem update...
2025/08/05 09:14:38 AttenuationSystem parallel flag: 0
2025/08/05 09:14:39 Attenuation computed count: 1190000
2025/08/05 09:14:39 AttenuationSystem update time: 648.336169ms
2025/08/05 09:14:39 Run 9 complete
2025/08/05 09:14:39 StationSystem update...
2025/08/05 09:14:39 weather update count: 700
2025/08/05 09:14:39 StationSystem update time: 3.28µs
2025/08/05 09:14:39 SatelliteSystem update...
2025/08/05 09:14:39 satellite count: 1700
2025/08/05 09:14:39 SatelliteSystem update time: 6.424953ms
2025/08/05 09:14:39 TopoSystem update...
2025/08/05 09:14:39 TopoSystem: Link count: 1190000
2025/08/05 09:14:39 TopoSystem update time: 19.526672ms
2025/08/05 09:14:39 AttenuationSystem update...
2025/08/05 09:14:39 AttenuationSystem parallel flag: 0
2025/08/05 09:14:40 Attenuation computed count: 1190000
2025/08/05 09:14:40 AttenuationSystem update time: 683.362567ms
2025/08/05 09:14:40 Run 10 complete
2025/08/05 09:14:40 Total update time:  6.977589231s
2025/08/05 09:14:40 linkCache size: 40

 Performance counter stats for './scale_ecs 700 1700 10 8 4 0':

        24,632,784      cache-references                                                      
         5,797,304      cache-misses                     #   23.53% of all cache refs         

       6.985927545 seconds time elapsed

      25.124003000 seconds user
       0.069994000 seconds sys


