ECS running with 900 stations, 1800 satellites, 2 numWGs and 2 numBlocks for 10 rounds in 1 parallel pattern
2025/08/05 10:52:19 StationSystem update...
2025/08/05 10:52:19 weather update count: 900
2025/08/05 10:52:19 StationSystem update time: 5.541µs
2025/08/05 10:52:19 SatelliteSystem update...
2025/08/05 10:52:19 satellite count: 1800
2025/08/05 10:52:19 SatelliteSystem update time: 6.850767ms
2025/08/05 10:52:19 TopoSystem update...
2025/08/05 10:52:19 TopoSystem: Link count: 1620000
2025/08/05 10:52:19 TopoSystem update time: 41.195364ms
2025/08/05 10:52:19 AttenuationSystem update...
2025/08/05 10:52:19 AttenuationSystem parallel flag: 1
2025/08/05 10:52:20 Attenuation computed count: 1620000
2025/08/05 10:52:20 AttenuationSystem update time: 1.390944448s
2025/08/05 10:52:20 Run 1 complete
2025/08/05 10:52:20 StationSystem update...
2025/08/05 10:52:20 weather update count: 900
2025/08/05 10:52:20 StationSystem update time: 3.205µs
2025/08/05 10:52:20 SatelliteSystem update...
2025/08/05 10:52:20 satellite count: 1800
2025/08/05 10:52:20 SatelliteSystem update time: 5.057847ms
2025/08/05 10:52:20 TopoSystem update...
2025/08/05 10:52:20 TopoSystem: Link count: 1620000
2025/08/05 10:52:20 TopoSystem update time: 54.416902ms
2025/08/05 10:52:20 AttenuationSystem update...
2025/08/05 10:52:20 AttenuationSystem parallel flag: 1
2025/08/05 10:52:22 Attenuation computed count: 1620000
2025/08/05 10:52:22 AttenuationSystem update time: 1.811296631s
2025/08/05 10:52:22 Run 2 complete
2025/08/05 10:52:22 StationSystem update...
2025/08/05 10:52:22 weather update count: 900
2025/08/05 10:52:22 StationSystem update time: 4.087µs
2025/08/05 10:52:22 SatelliteSystem update...
2025/08/05 10:52:22 satellite count: 1800
2025/08/05 10:52:22 SatelliteSystem update time: 5.180986ms
2025/08/05 10:52:22 TopoSystem update...
2025/08/05 10:52:22 TopoSystem: Link count: 1620000
2025/08/05 10:52:22 TopoSystem update time: 24.223241ms
2025/08/05 10:52:22 AttenuationSystem update...
2025/08/05 10:52:22 AttenuationSystem parallel flag: 1
2025/08/05 10:52:24 Attenuation computed count: 1620000
2025/08/05 10:52:24 AttenuationSystem update time: 1.522234228s
2025/08/05 10:52:24 Run 3 complete
2025/08/05 10:52:24 StationSystem update...
2025/08/05 10:52:24 weather update count: 900
2025/08/05 10:52:24 StationSystem update time: 3.249µs
2025/08/05 10:52:24 SatelliteSystem update...
2025/08/05 10:52:24 satellite count: 1800
2025/08/05 10:52:24 SatelliteSystem update time: 5.054882ms
2025/08/05 10:52:24 TopoSystem update...
2025/08/05 10:52:24 TopoSystem: Link count: 1620000
2025/08/05 10:52:24 TopoSystem update time: 19.034267ms
2025/08/05 10:52:24 AttenuationSystem update...
2025/08/05 10:52:24 AttenuationSystem parallel flag: 1
2025/08/05 10:52:25 Attenuation computed count: 1620000
2025/08/05 10:52:25 AttenuationSystem update time: 1.476323383s
2025/08/05 10:52:25 Run 4 complete
2025/08/05 10:52:25 StationSystem update...
2025/08/05 10:52:25 weather update count: 900
2025/08/05 10:52:25 StationSystem update time: 3.038µs
2025/08/05 10:52:25 SatelliteSystem update...
2025/08/05 10:52:25 satellite count: 1800
2025/08/05 10:52:25 SatelliteSystem update time: 5.05141ms
2025/08/05 10:52:25 TopoSystem update...
2025/08/05 10:52:25 TopoSystem: Link count: 1620000
2025/08/05 10:52:25 TopoSystem update time: 52.188058ms
2025/08/05 10:52:25 AttenuationSystem update...
2025/08/05 10:52:25 AttenuationSystem parallel flag: 1
2025/08/05 10:52:27 Attenuation computed count: 1620000
2025/08/05 10:52:27 AttenuationSystem update time: 1.879797467s
2025/08/05 10:52:27 Run 5 complete
2025/08/05 10:52:27 StationSystem update...
2025/08/05 10:52:27 weather update count: 900
2025/08/05 10:52:27 StationSystem update time: 3.617µs
2025/08/05 10:52:27 SatelliteSystem update...
2025/08/05 10:52:27 satellite count: 1800
2025/08/05 10:52:27 SatelliteSystem update time: 6.806255ms
2025/08/05 10:52:27 TopoSystem update...
2025/08/05 10:52:27 TopoSystem: Link count: 1620000
2025/08/05 10:52:27 TopoSystem update time: 19.626097ms
2025/08/05 10:52:27 AttenuationSystem update...
2025/08/05 10:52:27 AttenuationSystem parallel flag: 1
2025/08/05 10:52:29 Attenuation computed count: 1620000
2025/08/05 10:52:29 AttenuationSystem update time: 1.497863549s
2025/08/05 10:52:29 Run 6 complete
2025/08/05 10:52:29 StationSystem update...
2025/08/05 10:52:29 weather update count: 900
2025/08/05 10:52:29 StationSystem update time: 2.68µs
2025/08/05 10:52:29 SatelliteSystem update...
2025/08/05 10:52:29 satellite count: 1800
2025/08/05 10:52:29 SatelliteSystem update time: 5.080108ms
2025/08/05 10:52:29 TopoSystem update...
2025/08/05 10:52:29 TopoSystem: Link count: 1620000
2025/08/05 10:52:29 TopoSystem update time: 19.022671ms
2025/08/05 10:52:29 AttenuationSystem update...
2025/08/05 10:52:29 AttenuationSystem parallel flag: 1
2025/08/05 10:52:30 Attenuation computed count: 1620000
2025/08/05 10:52:30 AttenuationSystem update time: 1.780238867s
2025/08/05 10:52:30 Run 7 complete
2025/08/05 10:52:30 StationSystem update...
2025/08/05 10:52:30 weather update count: 900
2025/08/05 10:52:30 StationSystem update time: 3.336µs
2025/08/05 10:52:30 SatelliteSystem update...
2025/08/05 10:52:30 satellite count: 1800
2025/08/05 10:52:30 SatelliteSystem update time: 16.989861ms
2025/08/05 10:52:30 TopoSystem update...
2025/08/05 10:52:30 TopoSystem: Link count: 1620000
2025/08/05 10:52:30 TopoSystem update time: 54.938263ms
2025/08/05 10:52:30 AttenuationSystem update...
2025/08/05 10:52:30 AttenuationSystem parallel flag: 1
2025/08/05 10:52:32 Attenuation computed count: 1620000
2025/08/05 10:52:32 AttenuationSystem update time: 1.852111406s
2025/08/05 10:52:32 Run 8 complete
2025/08/05 10:52:32 StationSystem update...
2025/08/05 10:52:32 weather update count: 900
2025/08/05 10:52:32 StationSystem update time: 3.534µs
2025/08/05 10:52:32 SatelliteSystem update...
2025/08/05 10:52:32 satellite count: 1800
2025/08/05 10:52:32 SatelliteSystem update time: 16.733457ms
2025/08/05 10:52:32 TopoSystem update...
2025/08/05 10:52:32 TopoSystem: Link count: 1620000
2025/08/05 10:52:32 TopoSystem update time: 33.987942ms
2025/08/05 10:52:32 AttenuationSystem update...
2025/08/05 10:52:32 AttenuationSystem parallel flag: 1
2025/08/05 10:52:34 Attenuation computed count: 1620000
2025/08/05 10:52:34 AttenuationSystem update time: 1.749188107s
2025/08/05 10:52:34 Run 9 complete
2025/08/05 10:52:34 StationSystem update...
2025/08/05 10:52:34 weather update count: 900
2025/08/05 10:52:34 StationSystem update time: 3.451µs
2025/08/05 10:52:34 SatelliteSystem update...
2025/08/05 10:52:34 satellite count: 1800
2025/08/05 10:52:34 SatelliteSystem update time: 5.051615ms
2025/08/05 10:52:34 TopoSystem update...
2025/08/05 10:52:34 TopoSystem: Link count: 1620000
2025/08/05 10:52:34 TopoSystem update time: 19.12365ms
2025/08/05 10:52:34 AttenuationSystem update...
2025/08/05 10:52:34 AttenuationSystem parallel flag: 1
2025/08/05 10:52:36 Attenuation computed count: 1620000
2025/08/05 10:52:36 AttenuationSystem update time: 1.882735781s
2025/08/05 10:52:36 Run 10 complete
2025/08/05 10:52:36 Total update time:  17.269169318s
2025/08/05 10:52:36 linkCache size: 40

 Performance counter stats for './scale_ecs 900 1800 10 2 2 1':

        33,833,201      cache-references                                                      
         8,281,158      cache-misses                     #   24.48% of all cache refs         

      17.284930006 seconds time elapsed

      32.368679000 seconds user
       0.096082000 seconds sys


