ECS running with 900 stations, 500 satellites, 2 numWGs and 2 numBlocks for 10 rounds in 0 parallel pattern
2025/08/05 10:25:48 StationSystem update...
2025/08/05 10:25:48 weather update count: 900
2025/08/05 10:25:48 StationSystem update time: 4.688µs
2025/08/05 10:25:48 SatelliteSystem update...
2025/08/05 10:25:48 satellite count: 500
2025/08/05 10:25:48 SatelliteSystem update time: 1.915057ms
2025/08/05 10:25:48 TopoSystem update...
2025/08/05 10:25:48 TopoSystem: Link count: 450000
2025/08/05 10:25:48 TopoSystem update time: 15.264634ms
2025/08/05 10:25:48 AttenuationSystem update...
2025/08/05 10:25:48 AttenuationSystem parallel flag: 0
2025/08/05 10:25:49 Attenuation computed count: 450000
2025/08/05 10:25:49 AttenuationSystem update time: 512.785603ms
2025/08/05 10:25:49 Run 1 complete
2025/08/05 10:25:49 StationSystem update...
2025/08/05 10:25:49 SatelliteSystem update...
2025/08/05 10:25:49 weather update count: 900
2025/08/05 10:25:49 StationSystem update time: 5.921µs
2025/08/05 10:25:49 satellite count: 500
2025/08/05 10:25:49 SatelliteSystem update time: 1.417639ms
2025/08/05 10:25:49 TopoSystem update...
2025/08/05 10:25:49 TopoSystem: Link count: 450000
2025/08/05 10:25:49 TopoSystem update time: 10.88565ms
2025/08/05 10:25:49 AttenuationSystem update...
2025/08/05 10:25:49 AttenuationSystem parallel flag: 0
2025/08/05 10:25:49 Attenuation computed count: 450000
2025/08/05 10:25:49 AttenuationSystem update time: 528.765716ms
2025/08/05 10:25:49 Run 2 complete
2025/08/05 10:25:49 StationSystem update...
2025/08/05 10:25:49 weather update count: 900
2025/08/05 10:25:49 StationSystem update time: 3.176µs
2025/08/05 10:25:49 SatelliteSystem update...
2025/08/05 10:25:49 satellite count: 500
2025/08/05 10:25:49 SatelliteSystem update time: 1.909589ms
2025/08/05 10:25:49 TopoSystem update...
2025/08/05 10:25:49 TopoSystem: Link count: 450000
2025/08/05 10:25:49 TopoSystem update time: 7.869803ms
2025/08/05 10:25:49 AttenuationSystem update...
2025/08/05 10:25:49 AttenuationSystem parallel flag: 0
2025/08/05 10:25:50 Attenuation computed count: 450000
2025/08/05 10:25:50 AttenuationSystem update time: 523.199384ms
2025/08/05 10:25:50 Run 3 complete
2025/08/05 10:25:50 StationSystem update...
2025/08/05 10:25:50 weather update count: 900
2025/08/05 10:25:50 StationSystem update time: 3.684µs
2025/08/05 10:25:50 SatelliteSystem update...
2025/08/05 10:25:50 satellite count: 500
2025/08/05 10:25:50 SatelliteSystem update time: 1.423975ms
2025/08/05 10:25:50 TopoSystem update...
2025/08/05 10:25:50 TopoSystem: Link count: 450000
2025/08/05 10:25:50 TopoSystem update time: 6.803828ms
2025/08/05 10:25:50 AttenuationSystem update...
2025/08/05 10:25:50 AttenuationSystem parallel flag: 0
2025/08/05 10:25:50 Attenuation computed count: 450000
2025/08/05 10:25:50 AttenuationSystem update time: 512.717097ms
2025/08/05 10:25:50 Run 4 complete
2025/08/05 10:25:50 StationSystem update...
2025/08/05 10:25:50 weather update count: 900
2025/08/05 10:25:50 StationSystem update time: 2.98µs
2025/08/05 10:25:50 SatelliteSystem update...
2025/08/05 10:25:50 satellite count: 500
2025/08/05 10:25:50 SatelliteSystem update time: 2.164593ms
2025/08/05 10:25:50 TopoSystem update...
2025/08/05 10:25:50 TopoSystem: Link count: 450000
2025/08/05 10:25:50 TopoSystem update time: 8.120735ms
2025/08/05 10:25:50 AttenuationSystem update...
2025/08/05 10:25:50 AttenuationSystem parallel flag: 0
2025/08/05 10:25:51 Attenuation computed count: 450000
2025/08/05 10:25:51 AttenuationSystem update time: 385.540239ms
2025/08/05 10:25:51 Run 5 complete
2025/08/05 10:25:51 StationSystem update...
2025/08/05 10:25:51 weather update count: 900
2025/08/05 10:25:51 StationSystem update time: 2.515µs
2025/08/05 10:25:51 SatelliteSystem update...
2025/08/05 10:25:51 satellite count: 500
2025/08/05 10:25:51 SatelliteSystem update time: 1.415989ms
2025/08/05 10:25:51 TopoSystem update...
2025/08/05 10:25:51 TopoSystem: Link count: 450000
2025/08/05 10:25:51 TopoSystem update time: 12.405786ms
2025/08/05 10:25:51 AttenuationSystem update...
2025/08/05 10:25:51 AttenuationSystem parallel flag: 0
2025/08/05 10:25:51 Attenuation computed count: 450000
2025/08/05 10:25:51 AttenuationSystem update time: 547.503173ms
2025/08/05 10:25:51 Run 6 complete
2025/08/05 10:25:51 StationSystem update...
2025/08/05 10:25:51 weather update count: 900
2025/08/05 10:25:51 StationSystem update time: 3.226µs
2025/08/05 10:25:51 SatelliteSystem update...
2025/08/05 10:25:51 satellite count: 500
2025/08/05 10:25:51 SatelliteSystem update time: 1.905115ms
2025/08/05 10:25:51 TopoSystem update...
2025/08/05 10:25:51 TopoSystem: Link count: 450000
2025/08/05 10:25:51 TopoSystem update time: 18.268558ms
2025/08/05 10:25:51 AttenuationSystem update...
2025/08/05 10:25:51 AttenuationSystem parallel flag: 0
2025/08/05 10:25:52 Attenuation computed count: 450000
2025/08/05 10:25:52 AttenuationSystem update time: 473.14871ms
2025/08/05 10:25:52 Run 7 complete
2025/08/05 10:25:52 StationSystem update...
2025/08/05 10:25:52 weather update count: 900
2025/08/05 10:25:52 StationSystem update time: 2.417µs
2025/08/05 10:25:52 SatelliteSystem update...
2025/08/05 10:25:52 satellite count: 500
2025/08/05 10:25:52 SatelliteSystem update time: 1.41195ms
2025/08/05 10:25:52 TopoSystem update...
2025/08/05 10:25:52 TopoSystem: Link count: 450000
2025/08/05 10:25:52 TopoSystem update time: 6.549831ms
2025/08/05 10:25:52 AttenuationSystem update...
2025/08/05 10:25:52 AttenuationSystem parallel flag: 0
2025/08/05 10:25:52 Attenuation computed count: 450000
2025/08/05 10:25:52 AttenuationSystem update time: 525.294081ms
2025/08/05 10:25:52 Run 8 complete
2025/08/05 10:25:52 StationSystem update...
2025/08/05 10:25:52 weather update count: 900
2025/08/05 10:25:52 StationSystem update time: 2.993µs
2025/08/05 10:25:52 SatelliteSystem update...
2025/08/05 10:25:52 satellite count: 500
2025/08/05 10:25:52 SatelliteSystem update time: 1.910449ms
2025/08/05 10:25:52 TopoSystem update...
2025/08/05 10:25:52 TopoSystem: Link count: 450000
2025/08/05 10:25:52 TopoSystem update time: 17.576431ms
2025/08/05 10:25:52 AttenuationSystem update...
2025/08/05 10:25:52 AttenuationSystem parallel flag: 0
2025/08/05 10:25:53 Attenuation computed count: 450000
2025/08/05 10:25:53 AttenuationSystem update time: 547.131362ms
2025/08/05 10:25:53 Run 9 complete
2025/08/05 10:25:53 StationSystem update...
2025/08/05 10:25:53 weather update count: 900
2025/08/05 10:25:53 StationSystem update time: 3.279µs
2025/08/05 10:25:53 SatelliteSystem update...
2025/08/05 10:25:53 satellite count: 500
2025/08/05 10:25:53 SatelliteSystem update time: 1.905529ms
2025/08/05 10:25:53 TopoSystem update...
2025/08/05 10:25:53 TopoSystem: Link count: 450000
2025/08/05 10:25:53 TopoSystem update time: 16.333748ms
2025/08/05 10:25:53 AttenuationSystem update...
2025/08/05 10:25:53 AttenuationSystem parallel flag: 0
2025/08/05 10:25:54 Attenuation computed count: 450000
2025/08/05 10:25:54 AttenuationSystem update time: 546.743706ms
2025/08/05 10:25:54 Run 10 complete
2025/08/05 10:25:54 Total update time:  5.243117147s
2025/08/05 10:25:54 linkCache size: 40

 Performance counter stats for './scale_ecs 900 500 10 2 2 0':

        10,050,191      cache-references                                                      
         1,440,224      cache-misses                     #   14.33% of all cache refs         

       5.247893606 seconds time elapsed

       9.998619000 seconds user
       0.054024000 seconds sys


