ECS running with 900 stations, 1600 satellites, 2 numWGs and 4 numBlocks for 10 rounds in 1 parallel pattern
2025/08/05 10:46:52 StationSystem update...
2025/08/05 10:46:52 weather update count: 900
2025/08/05 10:46:52 StationSystem update time: 5.73µs
2025/08/05 10:46:52 SatelliteSystem update...
2025/08/05 10:46:52 satellite count: 1600
2025/08/05 10:46:52 SatelliteSystem update time: 6.062592ms
2025/08/05 10:46:52 TopoSystem update...
2025/08/05 10:46:52 TopoSystem: Link count: 1440000
2025/08/05 10:46:52 TopoSystem update time: 44.929382ms
2025/08/05 10:46:52 AttenuationSystem update...
2025/08/05 10:46:52 AttenuationSystem parallel flag: 1
2025/08/05 10:46:53 Attenuation computed count: 1440000
2025/08/05 10:46:53 AttenuationSystem update time: 1.622786932s
2025/08/05 10:46:53 Run 1 complete
2025/08/05 10:46:53 StationSystem update...
2025/08/05 10:46:53 weather update count: 900
2025/08/05 10:46:53 StationSystem update time: 3.952µs
2025/08/05 10:46:53 SatelliteSystem update...
2025/08/05 10:46:53 satellite count: 1600
2025/08/05 10:46:53 SatelliteSystem update time: 6.373691ms
2025/08/05 10:46:53 TopoSystem update...
2025/08/05 10:46:53 TopoSystem: Link count: 1440000
2025/08/05 10:46:53 TopoSystem update time: 43.004792ms
2025/08/05 10:46:53 AttenuationSystem update...
2025/08/05 10:46:53 AttenuationSystem parallel flag: 1
2025/08/05 10:46:55 Attenuation computed count: 1440000
2025/08/05 10:46:55 AttenuationSystem update time: 1.668029717s
2025/08/05 10:46:55 Run 2 complete
2025/08/05 10:46:55 StationSystem update...
2025/08/05 10:46:55 weather update count: 900
2025/08/05 10:46:55 StationSystem update time: 3.511µs
2025/08/05 10:46:55 SatelliteSystem update...
2025/08/05 10:46:55 satellite count: 1600
2025/08/05 10:46:55 SatelliteSystem update time: 6.050095ms
2025/08/05 10:46:55 TopoSystem update...
2025/08/05 10:46:55 TopoSystem: Link count: 1440000
2025/08/05 10:46:55 TopoSystem update time: 25.456358ms
2025/08/05 10:46:55 AttenuationSystem update...
2025/08/05 10:46:55 AttenuationSystem parallel flag: 1
2025/08/05 10:46:57 Attenuation computed count: 1440000
2025/08/05 10:46:57 AttenuationSystem update time: 1.597116482s
2025/08/05 10:46:57 Run 3 complete
2025/08/05 10:46:57 StationSystem update...
2025/08/05 10:46:57 weather update count: 900
2025/08/05 10:46:57 StationSystem update time: 4.076µs
2025/08/05 10:46:57 SatelliteSystem update...
2025/08/05 10:46:57 satellite count: 1600
2025/08/05 10:46:57 SatelliteSystem update time: 6.059713ms
2025/08/05 10:46:57 TopoSystem update...
2025/08/05 10:46:57 TopoSystem: Link count: 1440000
2025/08/05 10:46:57 TopoSystem update time: 22.5108ms
2025/08/05 10:46:57 AttenuationSystem update...
2025/08/05 10:46:57 AttenuationSystem parallel flag: 1
2025/08/05 10:46:58 Attenuation computed count: 1440000
2025/08/05 10:46:58 AttenuationSystem update time: 1.565961258s
2025/08/05 10:46:58 Run 4 complete
2025/08/05 10:46:58 StationSystem update...
2025/08/05 10:46:58 weather update count: 900
2025/08/05 10:46:58 StationSystem update time: 3.234µs
2025/08/05 10:46:58 SatelliteSystem update...
2025/08/05 10:46:58 satellite count: 1600
2025/08/05 10:46:58 SatelliteSystem update time: 6.054248ms
2025/08/05 10:46:58 TopoSystem update...
2025/08/05 10:46:58 TopoSystem: Link count: 1440000
2025/08/05 10:46:58 TopoSystem update time: 36.193418ms
2025/08/05 10:46:58 AttenuationSystem update...
2025/08/05 10:46:58 AttenuationSystem parallel flag: 1
2025/08/05 10:47:00 Attenuation computed count: 1440000
2025/08/05 10:47:00 AttenuationSystem update time: 1.420130813s
2025/08/05 10:47:00 Run 5 complete
2025/08/05 10:47:00 StationSystem update...
2025/08/05 10:47:00 weather update count: 900
2025/08/05 10:47:00 StationSystem update time: 2.889µs
2025/08/05 10:47:00 SatelliteSystem update...
2025/08/05 10:47:00 satellite count: 1600
2025/08/05 10:47:00 SatelliteSystem update time: 4.494579ms
2025/08/05 10:47:00 TopoSystem update...
2025/08/05 10:47:00 TopoSystem: Link count: 1440000
2025/08/05 10:47:00 TopoSystem update time: 33.387268ms
2025/08/05 10:47:00 AttenuationSystem update...
2025/08/05 10:47:00 AttenuationSystem parallel flag: 1
2025/08/05 10:47:02 Attenuation computed count: 1440000
2025/08/05 10:47:02 AttenuationSystem update time: 1.675690561s
2025/08/05 10:47:02 Run 6 complete
2025/08/05 10:47:02 StationSystem update...
2025/08/05 10:47:02 weather update count: 900
2025/08/05 10:47:02 StationSystem update time: 3.546µs
2025/08/05 10:47:02 SatelliteSystem update...
2025/08/05 10:47:02 satellite count: 1600
2025/08/05 10:47:02 SatelliteSystem update time: 6.06382ms
2025/08/05 10:47:02 TopoSystem update...
2025/08/05 10:47:02 TopoSystem: Link count: 1440000
2025/08/05 10:47:02 TopoSystem update time: 24.745862ms
2025/08/05 10:47:02 AttenuationSystem update...
2025/08/05 10:47:02 AttenuationSystem parallel flag: 1
2025/08/05 10:47:03 Attenuation computed count: 1440000
2025/08/05 10:47:03 AttenuationSystem update time: 1.67729367s
2025/08/05 10:47:03 Run 7 complete
2025/08/05 10:47:03 StationSystem update...
2025/08/05 10:47:03 weather update count: 900
2025/08/05 10:47:03 StationSystem update time: 3.443µs
2025/08/05 10:47:03 SatelliteSystem update...
2025/08/05 10:47:03 satellite count: 1600
2025/08/05 10:47:03 SatelliteSystem update time: 5.366564ms
2025/08/05 10:47:03 TopoSystem update...
2025/08/05 10:47:03 TopoSystem: Link count: 1440000
2025/08/05 10:47:03 TopoSystem update time: 29.28563ms
2025/08/05 10:47:03 AttenuationSystem update...
2025/08/05 10:47:03 AttenuationSystem parallel flag: 1
2025/08/05 10:47:05 Attenuation computed count: 1440000
2025/08/05 10:47:05 AttenuationSystem update time: 1.654570986s
2025/08/05 10:47:05 Run 8 complete
2025/08/05 10:47:05 StationSystem update...
2025/08/05 10:47:05 weather update count: 900
2025/08/05 10:47:05 StationSystem update time: 2.946µs
2025/08/05 10:47:05 SatelliteSystem update...
2025/08/05 10:47:05 satellite count: 1600
2025/08/05 10:47:05 SatelliteSystem update time: 6.06582ms
2025/08/05 10:47:05 TopoSystem update...
2025/08/05 10:47:05 TopoSystem: Link count: 1440000
2025/08/05 10:47:05 TopoSystem update time: 43.963218ms
2025/08/05 10:47:05 AttenuationSystem update...
2025/08/05 10:47:05 AttenuationSystem parallel flag: 1
2025/08/05 10:47:06 Attenuation computed count: 1440000
2025/08/05 10:47:06 AttenuationSystem update time: 1.375527406s
2025/08/05 10:47:06 Run 9 complete
2025/08/05 10:47:06 StationSystem update...
2025/08/05 10:47:06 weather update count: 900
2025/08/05 10:47:06 StationSystem update time: 3.424µs
2025/08/05 10:47:06 SatelliteSystem update...
2025/08/05 10:47:06 satellite count: 1600
2025/08/05 10:47:06 SatelliteSystem update time: 4.499945ms
2025/08/05 10:47:06 TopoSystem update...
2025/08/05 10:47:06 TopoSystem: Link count: 1440000
2025/08/05 10:47:06 TopoSystem update time: 18.182919ms
2025/08/05 10:47:06 AttenuationSystem update...
2025/08/05 10:47:06 AttenuationSystem parallel flag: 1
2025/08/05 10:47:08 Attenuation computed count: 1440000
2025/08/05 10:47:08 AttenuationSystem update time: 1.433926328s
2025/08/05 10:47:08 Run 10 complete
2025/08/05 10:47:08 Total update time:  16.078447514s
2025/08/05 10:47:08 linkCache size: 40

 Performance counter stats for './scale_ecs 900 1600 10 2 4 1':

        30,447,850      cache-references                                                      
         7,609,046      cache-misses                     #   24.99% of all cache refs         

      16.094652070 seconds time elapsed

      29.632902000 seconds user
       0.154973000 seconds sys


