ECS running with 500 stations, 1100 satellites, 8 numWGs and 2 numBlocks for 10 rounds in 1 parallel pattern
2025/08/05 08:09:13 StationSystem update...
2025/08/05 08:09:13 SatelliteSystem update...
2025/08/05 08:09:13 weather update count: 500
2025/08/05 08:09:13 StationSystem update time: 73.65µs
2025/08/05 08:09:13 satellite count: 1100
2025/08/05 08:09:13 SatelliteSystem update time: 4.183646ms
2025/08/05 08:09:13 TopoSystem update...
2025/08/05 08:09:13 TopoSystem: Link count: 550000
2025/08/05 08:09:13 TopoSystem update time: 13.268401ms
2025/08/05 08:09:13 AttenuationSystem update...
2025/08/05 08:09:13 AttenuationSystem parallel flag: 1
2025/08/05 08:09:13 Attenuation computed count: 550000
2025/08/05 08:09:13 AttenuationSystem update time: 159.571145ms
2025/08/05 08:09:13 Run 1 complete
2025/08/05 08:09:13 StationSystem update...
2025/08/05 08:09:13 weather update count: 500
2025/08/05 08:09:13 StationSystem update time: 2.846µs
2025/08/05 08:09:13 SatelliteSystem update...
2025/08/05 08:09:13 satellite count: 1100
2025/08/05 08:09:13 SatelliteSystem update time: 4.171933ms
2025/08/05 08:09:13 TopoSystem update...
2025/08/05 08:09:13 TopoSystem: Link count: 550000
2025/08/05 08:09:13 TopoSystem update time: 13.624427ms
2025/08/05 08:09:13 AttenuationSystem update...
2025/08/05 08:09:13 AttenuationSystem parallel flag: 1
2025/08/05 08:09:13 Attenuation computed count: 550000
2025/08/05 08:09:13 AttenuationSystem update time: 194.152557ms
2025/08/05 08:09:13 Run 2 complete
2025/08/05 08:09:13 StationSystem update...
2025/08/05 08:09:13 weather update count: 500
2025/08/05 08:09:13 StationSystem update time: 2.958µs
2025/08/05 08:09:13 SatelliteSystem update...
2025/08/05 08:09:13 satellite count: 1100
2025/08/05 08:09:13 SatelliteSystem update time: 4.182937ms
2025/08/05 08:09:13 TopoSystem update...
2025/08/05 08:09:13 TopoSystem: Link count: 550000
2025/08/05 08:09:13 TopoSystem update time: 8.528296ms
2025/08/05 08:09:13 AttenuationSystem update...
2025/08/05 08:09:13 AttenuationSystem parallel flag: 1
2025/08/05 08:09:13 Attenuation computed count: 550000
2025/08/05 08:09:13 AttenuationSystem update time: 163.596985ms
2025/08/05 08:09:13 Run 3 complete
2025/08/05 08:09:13 StationSystem update...
2025/08/05 08:09:13 weather update count: 500
2025/08/05 08:09:13 StationSystem update time: 2.705µs
2025/08/05 08:09:13 SatelliteSystem update...
2025/08/05 08:09:13 satellite count: 1100
2025/08/05 08:09:13 SatelliteSystem update time: 4.1714ms
2025/08/05 08:09:13 TopoSystem update...
2025/08/05 08:09:13 TopoSystem: Link count: 550000
2025/08/05 08:09:13 TopoSystem update time: 9.168654ms
2025/08/05 08:09:13 AttenuationSystem update...
2025/08/05 08:09:13 AttenuationSystem parallel flag: 1
2025/08/05 08:09:13 Attenuation computed count: 550000
2025/08/05 08:09:13 AttenuationSystem update time: 165.14253ms
2025/08/05 08:09:13 Run 4 complete
2025/08/05 08:09:13 StationSystem update...
2025/08/05 08:09:13 weather update count: 500
2025/08/05 08:09:13 StationSystem update time: 2.739µs
2025/08/05 08:09:13 SatelliteSystem update...
2025/08/05 08:09:13 satellite count: 1100
2025/08/05 08:09:13 SatelliteSystem update time: 4.16872ms
2025/08/05 08:09:13 TopoSystem update...
2025/08/05 08:09:13 TopoSystem: Link count: 550000
2025/08/05 08:09:13 TopoSystem update time: 6.25739ms
2025/08/05 08:09:13 AttenuationSystem update...
2025/08/05 08:09:13 AttenuationSystem parallel flag: 1
2025/08/05 08:09:14 Attenuation computed count: 550000
2025/08/05 08:09:14 AttenuationSystem update time: 190.701143ms
2025/08/05 08:09:14 Run 5 complete
2025/08/05 08:09:14 StationSystem update...
2025/08/05 08:09:14 weather update count: 500
2025/08/05 08:09:14 StationSystem update time: 2.599µs
2025/08/05 08:09:14 SatelliteSystem update...
2025/08/05 08:09:14 satellite count: 1100
2025/08/05 08:09:14 SatelliteSystem update time: 4.171181ms
2025/08/05 08:09:14 TopoSystem update...
2025/08/05 08:09:14 TopoSystem: Link count: 550000
2025/08/05 08:09:14 TopoSystem update time: 20.679272ms
2025/08/05 08:09:14 AttenuationSystem update...
2025/08/05 08:09:14 AttenuationSystem parallel flag: 1
2025/08/05 08:09:14 Attenuation computed count: 550000
2025/08/05 08:09:14 AttenuationSystem update time: 181.267677ms
2025/08/05 08:09:14 Run 6 complete
2025/08/05 08:09:14 StationSystem update...
2025/08/05 08:09:14 weather update count: 500
2025/08/05 08:09:14 StationSystem update time: 2.777µs
2025/08/05 08:09:14 SatelliteSystem update...
2025/08/05 08:09:14 satellite count: 1100
2025/08/05 08:09:14 SatelliteSystem update time: 4.171711ms
2025/08/05 08:09:14 TopoSystem update...
2025/08/05 08:09:14 TopoSystem: Link count: 550000
2025/08/05 08:09:14 TopoSystem update time: 18.805156ms
2025/08/05 08:09:14 AttenuationSystem update...
2025/08/05 08:09:14 AttenuationSystem parallel flag: 1
2025/08/05 08:09:14 Attenuation computed count: 550000
2025/08/05 08:09:14 AttenuationSystem update time: 175.87086ms
2025/08/05 08:09:14 Run 7 complete
2025/08/05 08:09:14 StationSystem update...
2025/08/05 08:09:14 weather update count: 500
2025/08/05 08:09:14 StationSystem update time: 2.832µs
2025/08/05 08:09:14 SatelliteSystem update...
2025/08/05 08:09:14 satellite count: 1100
2025/08/05 08:09:14 SatelliteSystem update time: 4.152102ms
2025/08/05 08:09:14 TopoSystem update...
2025/08/05 08:09:14 TopoSystem: Link count: 550000
2025/08/05 08:09:14 TopoSystem update time: 7.079032ms
2025/08/05 08:09:14 AttenuationSystem update...
2025/08/05 08:09:14 AttenuationSystem parallel flag: 1
2025/08/05 08:09:14 Attenuation computed count: 550000
2025/08/05 08:09:14 AttenuationSystem update time: 157.068149ms
2025/08/05 08:09:14 Run 8 complete
2025/08/05 08:09:14 StationSystem update...
2025/08/05 08:09:14 weather update count: 500
2025/08/05 08:09:14 StationSystem update time: 2.669µs
2025/08/05 08:09:14 SatelliteSystem update...
2025/08/05 08:09:14 satellite count: 1100
2025/08/05 08:09:14 SatelliteSystem update time: 4.153021ms
2025/08/05 08:09:14 TopoSystem update...
2025/08/05 08:09:14 TopoSystem: Link count: 550000
2025/08/05 08:09:14 TopoSystem update time: 20.416329ms
2025/08/05 08:09:14 AttenuationSystem update...
2025/08/05 08:09:14 AttenuationSystem parallel flag: 1
2025/08/05 08:09:14 Attenuation computed count: 550000
2025/08/05 08:09:14 AttenuationSystem update time: 178.687856ms
2025/08/05 08:09:14 Run 9 complete
2025/08/05 08:09:14 StationSystem update...
2025/08/05 08:09:14 weather update count: 500
2025/08/05 08:09:14 StationSystem update time: 2.958µs
2025/08/05 08:09:14 SatelliteSystem update...
2025/08/05 08:09:14 satellite count: 1100
2025/08/05 08:09:14 SatelliteSystem update time: 4.164136ms
2025/08/05 08:09:14 TopoSystem update...
2025/08/05 08:09:14 TopoSystem: Link count: 550000
2025/08/05 08:09:14 TopoSystem update time: 8.189784ms
2025/08/05 08:09:14 AttenuationSystem update...
2025/08/05 08:09:14 AttenuationSystem parallel flag: 1
2025/08/05 08:09:15 Attenuation computed count: 550000
2025/08/05 08:09:15 AttenuationSystem update time: 166.881428ms
2025/08/05 08:09:15 Run 10 complete
2025/08/05 08:09:15 Total update time:  1.906801499s
2025/08/05 08:09:15 linkCache size: 40

 Performance counter stats for './scale_ecs 500 1100 10 8 2 1':

        12,249,546      cache-references                                                      
         1,691,711      cache-misses                     #   13.81% of all cache refs         

       1.912129965 seconds time elapsed

      11.691914000 seconds user
       0.045972000 seconds sys


