ECS running with 700 stations, 1900 satellites, 2 numWGs and 8 numBlocks for 10 rounds in 0 parallel pattern
2025/08/05 09:18:29 StationSystem update...
2025/08/05 09:18:29 weather update count: 700
2025/08/05 09:18:29 StationSystem update time: 4.716µs
2025/08/05 09:18:29 SatelliteSystem update...
2025/08/05 09:18:29 satellite count: 1900
2025/08/05 09:18:29 SatelliteSystem update time: 7.176991ms
2025/08/05 09:18:29 TopoSystem update...
2025/08/05 09:18:29 TopoSystem: Link count: 1330000
2025/08/05 09:18:29 TopoSystem update time: 43.597457ms
2025/08/05 09:18:29 AttenuationSystem update...
2025/08/05 09:18:29 AttenuationSystem parallel flag: 0
2025/08/05 09:18:29 Attenuation computed count: 1330000
2025/08/05 09:18:29 AttenuationSystem update time: 388.195581ms
2025/08/05 09:18:29 Run 1 complete
2025/08/05 09:18:29 StationSystem update...
2025/08/05 09:18:29 weather update count: 700
2025/08/05 09:18:29 StationSystem update time: 3.249µs
2025/08/05 09:18:29 SatelliteSystem update...
2025/08/05 09:18:29 satellite count: 1900
2025/08/05 09:18:29 SatelliteSystem update time: 7.194201ms
2025/08/05 09:18:29 TopoSystem update...
2025/08/05 09:18:29 TopoSystem: Link count: 1330000
2025/08/05 09:18:29 TopoSystem update time: 38.122157ms
2025/08/05 09:18:29 AttenuationSystem update...
2025/08/05 09:18:29 AttenuationSystem parallel flag: 0
2025/08/05 09:18:30 Attenuation computed count: 1330000
2025/08/05 09:18:30 AttenuationSystem update time: 399.67656ms
2025/08/05 09:18:30 Run 2 complete
2025/08/05 09:18:30 StationSystem update...
2025/08/05 09:18:30 weather update count: 700
2025/08/05 09:18:30 StationSystem update time: 3.13µs
2025/08/05 09:18:30 SatelliteSystem update...
2025/08/05 09:18:30 satellite count: 1900
2025/08/05 09:18:30 SatelliteSystem update time: 5.349255ms
2025/08/05 09:18:30 TopoSystem update...
2025/08/05 09:18:30 TopoSystem: Link count: 1330000
2025/08/05 09:18:30 TopoSystem update time: 16.742757ms
2025/08/05 09:18:30 AttenuationSystem update...
2025/08/05 09:18:30 AttenuationSystem parallel flag: 0
2025/08/05 09:18:30 Attenuation computed count: 1330000
2025/08/05 09:18:30 AttenuationSystem update time: 413.751342ms
2025/08/05 09:18:30 Run 3 complete
2025/08/05 09:18:30 StationSystem update...
2025/08/05 09:18:30 weather update count: 700
2025/08/05 09:18:30 StationSystem update time: 3.459µs
2025/08/05 09:18:30 SatelliteSystem update...
2025/08/05 09:18:30 satellite count: 1900
2025/08/05 09:18:30 SatelliteSystem update time: 7.168277ms
2025/08/05 09:18:30 TopoSystem update...
2025/08/05 09:18:30 TopoSystem: Link count: 1330000
2025/08/05 09:18:30 TopoSystem update time: 19.141402ms
2025/08/05 09:18:30 AttenuationSystem update...
2025/08/05 09:18:30 AttenuationSystem parallel flag: 0
2025/08/05 09:18:31 Attenuation computed count: 1330000
2025/08/05 09:18:31 AttenuationSystem update time: 379.687502ms
2025/08/05 09:18:31 Run 4 complete
2025/08/05 09:18:31 StationSystem update...
2025/08/05 09:18:31 weather update count: 700
2025/08/05 09:18:31 StationSystem update time: 3.494µs
2025/08/05 09:18:31 SatelliteSystem update...
2025/08/05 09:18:31 satellite count: 1900
2025/08/05 09:18:31 SatelliteSystem update time: 7.175349ms
2025/08/05 09:18:31 TopoSystem update...
2025/08/05 09:18:31 TopoSystem: Link count: 1330000
2025/08/05 09:18:31 TopoSystem update time: 20.059462ms
2025/08/05 09:18:31 AttenuationSystem update...
2025/08/05 09:18:31 AttenuationSystem parallel flag: 0
2025/08/05 09:18:31 Attenuation computed count: 1330000
2025/08/05 09:18:31 AttenuationSystem update time: 399.604943ms
2025/08/05 09:18:31 Run 5 complete
2025/08/05 09:18:31 StationSystem update...
2025/08/05 09:18:31 weather update count: 700
2025/08/05 09:18:31 StationSystem update time: 3.024µs
2025/08/05 09:18:31 SatelliteSystem update...
2025/08/05 09:18:31 satellite count: 1900
2025/08/05 09:18:31 SatelliteSystem update time: 7.172822ms
2025/08/05 09:18:31 TopoSystem update...
2025/08/05 09:18:31 TopoSystem: Link count: 1330000
2025/08/05 09:18:31 TopoSystem update time: 18.900182ms
2025/08/05 09:18:31 AttenuationSystem update...
2025/08/05 09:18:31 AttenuationSystem parallel flag: 0
2025/08/05 09:18:32 Attenuation computed count: 1330000
2025/08/05 09:18:32 AttenuationSystem update time: 408.679276ms
2025/08/05 09:18:32 Run 6 complete
2025/08/05 09:18:32 StationSystem update...
2025/08/05 09:18:32 weather update count: 700
2025/08/05 09:18:32 StationSystem update time: 3.198µs
2025/08/05 09:18:32 SatelliteSystem update...
2025/08/05 09:18:32 satellite count: 1900
2025/08/05 09:18:32 SatelliteSystem update time: 7.202262ms
2025/08/05 09:18:32 TopoSystem update...
2025/08/05 09:18:32 TopoSystem: Link count: 1330000
2025/08/05 09:18:32 TopoSystem update time: 20.163795ms
2025/08/05 09:18:32 AttenuationSystem update...
2025/08/05 09:18:32 AttenuationSystem parallel flag: 0
2025/08/05 09:18:32 Attenuation computed count: 1330000
2025/08/05 09:18:32 AttenuationSystem update time: 379.48097ms
2025/08/05 09:18:32 Run 7 complete
2025/08/05 09:18:32 StationSystem update...
2025/08/05 09:18:32 weather update count: 700
2025/08/05 09:18:32 StationSystem update time: 3.156µs
2025/08/05 09:18:32 SatelliteSystem update...
2025/08/05 09:18:32 satellite count: 1900
2025/08/05 09:18:32 SatelliteSystem update time: 6.239993ms
2025/08/05 09:18:32 TopoSystem update...
2025/08/05 09:18:32 TopoSystem: Link count: 1330000
2025/08/05 09:18:32 TopoSystem update time: 16.064113ms
2025/08/05 09:18:32 AttenuationSystem update...
2025/08/05 09:18:32 AttenuationSystem parallel flag: 0
2025/08/05 09:18:32 Attenuation computed count: 1330000
2025/08/05 09:18:32 AttenuationSystem update time: 413.409791ms
2025/08/05 09:18:32 Run 8 complete
2025/08/05 09:18:32 StationSystem update...
2025/08/05 09:18:32 weather update count: 700
2025/08/05 09:18:32 StationSystem update time: 3.439µs
2025/08/05 09:18:32 SatelliteSystem update...
2025/08/05 09:18:32 satellite count: 1900
2025/08/05 09:18:32 SatelliteSystem update time: 7.19567ms
2025/08/05 09:18:32 TopoSystem update...
2025/08/05 09:18:32 TopoSystem: Link count: 1330000
2025/08/05 09:18:32 TopoSystem update time: 20.223675ms
2025/08/05 09:18:32 AttenuationSystem update...
2025/08/05 09:18:32 AttenuationSystem parallel flag: 0
2025/08/05 09:18:33 Attenuation computed count: 1330000
2025/08/05 09:18:33 AttenuationSystem update time: 381.265152ms
2025/08/05 09:18:33 Run 9 complete
2025/08/05 09:18:33 StationSystem update...
2025/08/05 09:18:33 weather update count: 700
2025/08/05 09:18:33 StationSystem update time: 3.202µs
2025/08/05 09:18:33 SatelliteSystem update...
2025/08/05 09:18:33 satellite count: 1900
2025/08/05 09:18:33 SatelliteSystem update time: 7.186238ms
2025/08/05 09:18:33 TopoSystem update...
2025/08/05 09:18:33 TopoSystem: Link count: 1330000
2025/08/05 09:18:33 TopoSystem update time: 21.116235ms
2025/08/05 09:18:33 AttenuationSystem update...
2025/08/05 09:18:33 AttenuationSystem parallel flag: 0
2025/08/05 09:18:33 Attenuation computed count: 1330000
2025/08/05 09:18:33 AttenuationSystem update time: 354.460977ms
2025/08/05 09:18:33 Run 10 complete
2025/08/05 09:18:33 Total update time:  4.232467966s
2025/08/05 09:18:33 linkCache size: 40

 Performance counter stats for './scale_ecs 700 1900 10 2 8 0':

        27,688,524      cache-references                                                      
         6,338,093      cache-misses                     #   22.89% of all cache refs         

       4.241365657 seconds time elapsed

      28.186184000 seconds user
       0.067028000 seconds sys


