ECS running with 1000 stations, 1500 satellites, 2 numWGs and 4 numBlocks for 10 rounds in 1 parallel pattern
2025/08/05 11:22:35 StationSystem update...
2025/08/05 11:22:35 SatelliteSystem update...
2025/08/05 11:22:35 weather update count: 1000
2025/08/05 11:22:35 StationSystem update time: 8.347µs
2025/08/05 11:22:35 satellite count: 1500
2025/08/05 11:22:35 SatelliteSystem update time: 5.691147ms
2025/08/05 11:22:35 TopoSystem update...
2025/08/05 11:22:35 TopoSystem: Link count: 1500000
2025/08/05 11:22:35 TopoSystem update time: 45.874437ms
2025/08/05 11:22:35 AttenuationSystem update...
2025/08/05 11:22:35 AttenuationSystem parallel flag: 1
2025/08/05 11:22:36 Attenuation computed count: 1500000
2025/08/05 11:22:36 AttenuationSystem update time: 1.616217863s
2025/08/05 11:22:36 Run 1 complete
2025/08/05 11:22:36 StationSystem update...
2025/08/05 11:22:36 weather update count: 1000
2025/08/05 11:22:36 StationSystem update time: 2.975µs
2025/08/05 11:22:36 SatelliteSystem update...
2025/08/05 11:22:36 satellite count: 1500
2025/08/05 11:22:36 SatelliteSystem update time: 4.221965ms
2025/08/05 11:22:36 TopoSystem update...
2025/08/05 11:22:36 TopoSystem: Link count: 1500000
2025/08/05 11:22:36 TopoSystem update time: 31.709324ms
2025/08/05 11:22:36 AttenuationSystem update...
2025/08/05 11:22:36 AttenuationSystem parallel flag: 1
2025/08/05 11:22:38 Attenuation computed count: 1500000
2025/08/05 11:22:38 AttenuationSystem update time: 1.302855164s
2025/08/05 11:22:38 Run 2 complete
2025/08/05 11:22:38 StationSystem update...
2025/08/05 11:22:38 weather update count: 1000
2025/08/05 11:22:38 StationSystem update time: 3.149µs
2025/08/05 11:22:38 SatelliteSystem update...
2025/08/05 11:22:38 satellite count: 1500
2025/08/05 11:22:38 SatelliteSystem update time: 4.2198ms
2025/08/05 11:22:38 TopoSystem update...
2025/08/05 11:22:38 TopoSystem: Link count: 1500000
2025/08/05 11:22:38 TopoSystem update time: 17.902517ms
2025/08/05 11:22:38 AttenuationSystem update...
2025/08/05 11:22:38 AttenuationSystem parallel flag: 1
2025/08/05 11:22:40 Attenuation computed count: 1500000
2025/08/05 11:22:40 AttenuationSystem update time: 1.756132813s
2025/08/05 11:22:40 Run 3 complete
2025/08/05 11:22:40 StationSystem update...
2025/08/05 11:22:40 weather update count: 1000
2025/08/05 11:22:40 StationSystem update time: 4.103µs
2025/08/05 11:22:40 SatelliteSystem update...
2025/08/05 11:22:40 satellite count: 1500
2025/08/05 11:22:40 SatelliteSystem update time: 5.676868ms
2025/08/05 11:22:40 TopoSystem update...
2025/08/05 11:22:40 TopoSystem: Link count: 1500000
2025/08/05 11:22:40 TopoSystem update time: 23.030297ms
2025/08/05 11:22:40 AttenuationSystem update...
2025/08/05 11:22:40 AttenuationSystem parallel flag: 1
2025/08/05 11:22:41 Attenuation computed count: 1500000
2025/08/05 11:22:41 AttenuationSystem update time: 1.611239603s
2025/08/05 11:22:41 Run 4 complete
2025/08/05 11:22:41 StationSystem update...
2025/08/05 11:22:41 weather update count: 1000
2025/08/05 11:22:41 SatelliteSystem update...
2025/08/05 11:22:41 StationSystem update time: 4.153µs
2025/08/05 11:22:41 satellite count: 1500
2025/08/05 11:22:41 SatelliteSystem update time: 4.226183ms
2025/08/05 11:22:41 TopoSystem update...
2025/08/05 11:22:41 TopoSystem: Link count: 1500000
2025/08/05 11:22:41 TopoSystem update time: 17.93246ms
2025/08/05 11:22:41 AttenuationSystem update...
2025/08/05 11:22:41 AttenuationSystem parallel flag: 1
2025/08/05 11:22:43 Attenuation computed count: 1500000
2025/08/05 11:22:43 AttenuationSystem update time: 1.686116084s
2025/08/05 11:22:43 Run 5 complete
2025/08/05 11:22:43 StationSystem update...
2025/08/05 11:22:43 weather update count: 1000
2025/08/05 11:22:43 StationSystem update time: 3.493µs
2025/08/05 11:22:43 SatelliteSystem update...
2025/08/05 11:22:43 satellite count: 1500
2025/08/05 11:22:43 SatelliteSystem update time: 6.501425ms
2025/08/05 11:22:43 TopoSystem update...
2025/08/05 11:22:43 TopoSystem: Link count: 1500000
2025/08/05 11:22:43 TopoSystem update time: 25.283484ms
2025/08/05 11:22:43 AttenuationSystem update...
2025/08/05 11:22:43 AttenuationSystem parallel flag: 1
2025/08/05 11:22:44 Attenuation computed count: 1500000
2025/08/05 11:22:44 AttenuationSystem update time: 1.438161788s
2025/08/05 11:22:44 Run 6 complete
2025/08/05 11:22:44 StationSystem update...
2025/08/05 11:22:44 weather update count: 1000
2025/08/05 11:22:44 StationSystem update time: 2.894µs
2025/08/05 11:22:44 SatelliteSystem update...
2025/08/05 11:22:44 satellite count: 1500
2025/08/05 11:22:44 SatelliteSystem update time: 4.215097ms
2025/08/05 11:22:44 TopoSystem update...
2025/08/05 11:22:44 TopoSystem: Link count: 1500000
2025/08/05 11:22:44 TopoSystem update time: 20.341828ms
2025/08/05 11:22:44 AttenuationSystem update...
2025/08/05 11:22:44 AttenuationSystem parallel flag: 1
2025/08/05 11:22:46 Attenuation computed count: 1500000
2025/08/05 11:22:46 AttenuationSystem update time: 1.634761579s
2025/08/05 11:22:46 Run 7 complete
2025/08/05 11:22:46 StationSystem update...
2025/08/05 11:22:46 weather update count: 1000
2025/08/05 11:22:46 StationSystem update time: 3.908µs
2025/08/05 11:22:46 SatelliteSystem update...
2025/08/05 11:22:46 satellite count: 1500
2025/08/05 11:22:46 SatelliteSystem update time: 4.245254ms
2025/08/05 11:22:46 TopoSystem update...
2025/08/05 11:22:46 TopoSystem: Link count: 1500000
2025/08/05 11:22:46 TopoSystem update time: 34.677086ms
2025/08/05 11:22:46 AttenuationSystem update...
2025/08/05 11:22:46 AttenuationSystem parallel flag: 1
2025/08/05 11:22:48 Attenuation computed count: 1500000
2025/08/05 11:22:48 AttenuationSystem update time: 1.762905765s
2025/08/05 11:22:48 Run 8 complete
2025/08/05 11:22:48 StationSystem update...
2025/08/05 11:22:48 weather update count: 1000
2025/08/05 11:22:48 StationSystem update time: 4.122µs
2025/08/05 11:22:48 SatelliteSystem update...
2025/08/05 11:22:48 satellite count: 1500
2025/08/05 11:22:48 SatelliteSystem update time: 5.682541ms
2025/08/05 11:22:48 TopoSystem update...
2025/08/05 11:22:48 TopoSystem: Link count: 1500000
2025/08/05 11:22:48 TopoSystem update time: 22.635972ms
2025/08/05 11:22:48 AttenuationSystem update...
2025/08/05 11:22:48 AttenuationSystem parallel flag: 1
2025/08/05 11:22:49 Attenuation computed count: 1500000
2025/08/05 11:22:49 AttenuationSystem update time: 1.438995767s
2025/08/05 11:22:49 Run 9 complete
2025/08/05 11:22:49 StationSystem update...
2025/08/05 11:22:49 weather update count: 1000
2025/08/05 11:22:49 StationSystem update time: 3.429µs
2025/08/05 11:22:49 SatelliteSystem update...
2025/08/05 11:22:49 satellite count: 1500
2025/08/05 11:22:49 SatelliteSystem update time: 4.225399ms
2025/08/05 11:22:49 TopoSystem update...
2025/08/05 11:22:49 TopoSystem: Link count: 1500000
2025/08/05 11:22:49 TopoSystem update time: 17.742115ms
2025/08/05 11:22:49 AttenuationSystem update...
2025/08/05 11:22:49 AttenuationSystem parallel flag: 1
2025/08/05 11:22:51 Attenuation computed count: 1500000
2025/08/05 11:22:51 AttenuationSystem update time: 1.59542177s
2025/08/05 11:22:51 Run 10 complete
2025/08/05 11:22:51 Total update time:  16.157117033s
2025/08/05 11:22:51 linkCache size: 40

 Performance counter stats for './scale_ecs 1000 1500 10 2 4 1':

        31,425,572      cache-references                                                      
         7,629,676      cache-misses                     #   24.28% of all cache refs         

      16.174084431 seconds time elapsed

      30.694359000 seconds user
       0.116050000 seconds sys


