ECS running with 900 stations, 1600 satellites, 8 numWGs and 2 numBlocks for 10 rounds in 0 parallel pattern
2025/08/05 10:48:36 StationSystem update...
2025/08/05 10:48:36 weather update count: 900
2025/08/05 10:48:36 SatelliteSystem update...
2025/08/05 10:48:36 StationSystem update time: 4.789µs
2025/08/05 10:48:36 satellite count: 1600
2025/08/05 10:48:36 SatelliteSystem update time: 6.069611ms
2025/08/05 10:48:36 TopoSystem update...
2025/08/05 10:48:36 TopoSystem: Link count: 1440000
2025/08/05 10:48:36 TopoSystem update time: 43.697749ms
2025/08/05 10:48:36 AttenuationSystem update...
2025/08/05 10:48:36 AttenuationSystem parallel flag: 0
2025/08/05 10:48:38 Attenuation computed count: 1440000
2025/08/05 10:48:38 AttenuationSystem update time: 1.524195079s
2025/08/05 10:48:38 Run 1 complete
2025/08/05 10:48:38 StationSystem update...
2025/08/05 10:48:38 weather update count: 900
2025/08/05 10:48:38 StationSystem update time: 3.638µs
2025/08/05 10:48:38 SatelliteSystem update...
2025/08/05 10:48:38 satellite count: 1600
2025/08/05 10:48:38 SatelliteSystem update time: 6.043871ms
2025/08/05 10:48:38 TopoSystem update...
2025/08/05 10:48:38 TopoSystem: Link count: 1440000
2025/08/05 10:48:38 TopoSystem update time: 33.473159ms
2025/08/05 10:48:38 AttenuationSystem update...
2025/08/05 10:48:38 AttenuationSystem parallel flag: 0
2025/08/05 10:48:39 Attenuation computed count: 1440000
2025/08/05 10:48:39 AttenuationSystem update time: 1.312327547s
2025/08/05 10:48:39 Run 2 complete
2025/08/05 10:48:39 StationSystem update...
2025/08/05 10:48:39 weather update count: 900
2025/08/05 10:48:39 StationSystem update time: 2.805µs
2025/08/05 10:48:39 SatelliteSystem update...
2025/08/05 10:48:39 satellite count: 1600
2025/08/05 10:48:39 SatelliteSystem update time: 4.489642ms
2025/08/05 10:48:39 TopoSystem update...
2025/08/05 10:48:39 TopoSystem: Link count: 1440000
2025/08/05 10:48:39 TopoSystem update time: 17.659851ms
2025/08/05 10:48:39 AttenuationSystem update...
2025/08/05 10:48:39 AttenuationSystem parallel flag: 0
2025/08/05 10:48:40 Attenuation computed count: 1440000
2025/08/05 10:48:40 AttenuationSystem update time: 1.214895047s
2025/08/05 10:48:40 Run 3 complete
2025/08/05 10:48:40 StationSystem update...
2025/08/05 10:48:40 weather update count: 900
2025/08/05 10:48:40 StationSystem update time: 3.092µs
2025/08/05 10:48:40 SatelliteSystem update...
2025/08/05 10:48:40 satellite count: 1600
2025/08/05 10:48:40 SatelliteSystem update time: 4.48938ms
2025/08/05 10:48:40 TopoSystem update...
2025/08/05 10:48:40 TopoSystem: Link count: 1440000
2025/08/05 10:48:40 TopoSystem update time: 46.407286ms
2025/08/05 10:48:40 AttenuationSystem update...
2025/08/05 10:48:40 AttenuationSystem parallel flag: 0
2025/08/05 10:48:42 Attenuation computed count: 1440000
2025/08/05 10:48:42 AttenuationSystem update time: 1.671536976s
2025/08/05 10:48:42 Run 4 complete
2025/08/05 10:48:42 StationSystem update...
2025/08/05 10:48:42 weather update count: 900
2025/08/05 10:48:42 StationSystem update time: 3.906µs
2025/08/05 10:48:42 SatelliteSystem update...
2025/08/05 10:48:42 satellite count: 1600
2025/08/05 10:48:42 SatelliteSystem update time: 6.060316ms
2025/08/05 10:48:42 TopoSystem update...
2025/08/05 10:48:42 TopoSystem: Link count: 1440000
2025/08/05 10:48:42 TopoSystem update time: 47.310597ms
2025/08/05 10:48:42 AttenuationSystem update...
2025/08/05 10:48:42 AttenuationSystem parallel flag: 0
2025/08/05 10:48:44 Attenuation computed count: 1440000
2025/08/05 10:48:44 AttenuationSystem update time: 1.691890487s
2025/08/05 10:48:44 Run 5 complete
2025/08/05 10:48:44 StationSystem update...
2025/08/05 10:48:44 weather update count: 900
2025/08/05 10:48:44 StationSystem update time: 3.95µs
2025/08/05 10:48:44 SatelliteSystem update...
2025/08/05 10:48:44 satellite count: 1600
2025/08/05 10:48:44 SatelliteSystem update time: 6.045512ms
2025/08/05 10:48:44 TopoSystem update...
2025/08/05 10:48:44 TopoSystem: Link count: 1440000
2025/08/05 10:48:44 TopoSystem update time: 21.703753ms
2025/08/05 10:48:44 AttenuationSystem update...
2025/08/05 10:48:44 AttenuationSystem parallel flag: 0
2025/08/05 10:48:45 Attenuation computed count: 1440000
2025/08/05 10:48:45 AttenuationSystem update time: 1.486021933s
2025/08/05 10:48:45 Run 6 complete
2025/08/05 10:48:45 StationSystem update...
2025/08/05 10:48:45 weather update count: 900
2025/08/05 10:48:45 StationSystem update time: 3.625µs
2025/08/05 10:48:45 SatelliteSystem update...
2025/08/05 10:48:45 satellite count: 1600
2025/08/05 10:48:45 SatelliteSystem update time: 6.434668ms
2025/08/05 10:48:45 TopoSystem update...
2025/08/05 10:48:45 TopoSystem: Link count: 1440000
2025/08/05 10:48:45 TopoSystem update time: 21.747644ms
2025/08/05 10:48:45 AttenuationSystem update...
2025/08/05 10:48:45 AttenuationSystem parallel flag: 0
2025/08/05 10:48:47 Attenuation computed count: 1440000
2025/08/05 10:48:47 AttenuationSystem update time: 1.642382355s
2025/08/05 10:48:47 Run 7 complete
2025/08/05 10:48:47 StationSystem update...
2025/08/05 10:48:47 weather update count: 900
2025/08/05 10:48:47 StationSystem update time: 4.032µs
2025/08/05 10:48:47 SatelliteSystem update...
2025/08/05 10:48:47 satellite count: 1600
2025/08/05 10:48:47 SatelliteSystem update time: 15.167079ms
2025/08/05 10:48:47 TopoSystem update...
2025/08/05 10:48:47 TopoSystem: Link count: 1440000
2025/08/05 10:48:47 TopoSystem update time: 50.409706ms
2025/08/05 10:48:47 AttenuationSystem update...
2025/08/05 10:48:47 AttenuationSystem parallel flag: 0
2025/08/05 10:48:49 Attenuation computed count: 1440000
2025/08/05 10:48:49 AttenuationSystem update time: 1.633693558s
2025/08/05 10:48:49 Run 8 complete
2025/08/05 10:48:49 StationSystem update...
2025/08/05 10:48:49 weather update count: 900
2025/08/05 10:48:49 StationSystem update time: 3.577µs
2025/08/05 10:48:49 SatelliteSystem update...
2025/08/05 10:48:49 satellite count: 1600
2025/08/05 10:48:49 SatelliteSystem update time: 6.04389ms
2025/08/05 10:48:49 TopoSystem update...
2025/08/05 10:48:49 TopoSystem: Link count: 1440000
2025/08/05 10:48:49 TopoSystem update time: 21.716363ms
2025/08/05 10:48:49 AttenuationSystem update...
2025/08/05 10:48:49 AttenuationSystem parallel flag: 0
2025/08/05 10:48:50 Attenuation computed count: 1440000
2025/08/05 10:48:50 AttenuationSystem update time: 1.522707121s
2025/08/05 10:48:50 Run 9 complete
2025/08/05 10:48:50 StationSystem update...
2025/08/05 10:48:50 weather update count: 900
2025/08/05 10:48:50 StationSystem update time: 3.716µs
2025/08/05 10:48:50 SatelliteSystem update...
2025/08/05 10:48:50 satellite count: 1600
2025/08/05 10:48:50 SatelliteSystem update time: 6.047026ms
2025/08/05 10:48:50 TopoSystem update...
2025/08/05 10:48:50 TopoSystem: Link count: 1440000
2025/08/05 10:48:50 TopoSystem update time: 25.922695ms
2025/08/05 10:48:50 AttenuationSystem update...
2025/08/05 10:48:50 AttenuationSystem parallel flag: 0
2025/08/05 10:48:52 Attenuation computed count: 1440000
2025/08/05 10:48:52 AttenuationSystem update time: 1.444774128s
2025/08/05 10:48:52 Run 10 complete
2025/08/05 10:48:52 Total update time:  15.549475362s
2025/08/05 10:48:52 linkCache size: 40

 Performance counter stats for './scale_ecs 900 1600 10 8 2 0':

        30,345,134      cache-references                                                      
         7,445,610      cache-misses                     #   24.54% of all cache refs         

      15.558625217 seconds time elapsed

      30.063585000 seconds user
       0.086998000 seconds sys


