ECS running with 800 stations, 700 satellites, 4 numWGs and 8 numBlocks for 10 rounds in 0 parallel pattern
2025/08/05 09:26:18 StationSystem update...
2025/08/05 09:26:18 weather update count: 800
2025/08/05 09:26:18 StationSystem update time: 5.135µs
2025/08/05 09:26:18 SatelliteSystem update...
2025/08/05 09:26:18 satellite count: 700
2025/08/05 09:26:18 SatelliteSystem update time: 2.675622ms
2025/08/05 09:26:18 TopoSystem update...
2025/08/05 09:26:18 TopoSystem: Link count: 560000
2025/08/05 09:26:18 TopoSystem update time: 18.977466ms
2025/08/05 09:26:18 AttenuationSystem update...
2025/08/05 09:26:18 AttenuationSystem parallel flag: 0
2025/08/05 09:26:18 Attenuation computed count: 560000
2025/08/05 09:26:18 AttenuationSystem update time: 160.658707ms
2025/08/05 09:26:18 Run 1 complete
2025/08/05 09:26:18 StationSystem update...
2025/08/05 09:26:18 weather update count: 800
2025/08/05 09:26:18 StationSystem update time: 3.104µs
2025/08/05 09:26:18 SatelliteSystem update...
2025/08/05 09:26:18 satellite count: 700
2025/08/05 09:26:18 SatelliteSystem update time: 2.658587ms
2025/08/05 09:26:18 TopoSystem update...
2025/08/05 09:26:18 TopoSystem: Link count: 560000
2025/08/05 09:26:18 TopoSystem update time: 16.461416ms
2025/08/05 09:26:18 AttenuationSystem update...
2025/08/05 09:26:18 AttenuationSystem parallel flag: 0
2025/08/05 09:26:18 Attenuation computed count: 560000
2025/08/05 09:26:18 AttenuationSystem update time: 169.119847ms
2025/08/05 09:26:18 Run 2 complete
2025/08/05 09:26:18 StationSystem update...
2025/08/05 09:26:18 weather update count: 800
2025/08/05 09:26:18 StationSystem update time: 3.335µs
2025/08/05 09:26:18 SatelliteSystem update...
2025/08/05 09:26:18 satellite count: 700
2025/08/05 09:26:18 SatelliteSystem update time: 2.660194ms
2025/08/05 09:26:18 TopoSystem update...
2025/08/05 09:26:18 TopoSystem: Link count: 560000
2025/08/05 09:26:18 TopoSystem update time: 9.41129ms
2025/08/05 09:26:18 AttenuationSystem update...
2025/08/05 09:26:18 AttenuationSystem parallel flag: 0
2025/08/05 09:26:18 Attenuation computed count: 560000
2025/08/05 09:26:18 AttenuationSystem update time: 194.272926ms
2025/08/05 09:26:18 Run 3 complete
2025/08/05 09:26:18 StationSystem update...
2025/08/05 09:26:18 weather update count: 800
2025/08/05 09:26:18 StationSystem update time: 3.579µs
2025/08/05 09:26:18 SatelliteSystem update...
2025/08/05 09:26:18 satellite count: 700
2025/08/05 09:26:18 SatelliteSystem update time: 2.658621ms
2025/08/05 09:26:18 TopoSystem update...
2025/08/05 09:26:18 TopoSystem: Link count: 560000
2025/08/05 09:26:18 TopoSystem update time: 9.650529ms
2025/08/05 09:26:18 AttenuationSystem update...
2025/08/05 09:26:18 AttenuationSystem parallel flag: 0
2025/08/05 09:26:19 Attenuation computed count: 560000
2025/08/05 09:26:19 AttenuationSystem update time: 174.150517ms
2025/08/05 09:26:19 Run 4 complete
2025/08/05 09:26:19 StationSystem update...
2025/08/05 09:26:19 weather update count: 800
2025/08/05 09:26:19 StationSystem update time: 2.595µs
2025/08/05 09:26:19 SatelliteSystem update...
2025/08/05 09:26:19 satellite count: 700
2025/08/05 09:26:19 SatelliteSystem update time: 2.657599ms
2025/08/05 09:26:19 TopoSystem update...
2025/08/05 09:26:19 TopoSystem: Link count: 560000
2025/08/05 09:26:19 TopoSystem update time: 9.948173ms
2025/08/05 09:26:19 AttenuationSystem update...
2025/08/05 09:26:19 AttenuationSystem parallel flag: 0
2025/08/05 09:26:19 Attenuation computed count: 560000
2025/08/05 09:26:19 AttenuationSystem update time: 184.124715ms
2025/08/05 09:26:19 Run 5 complete
2025/08/05 09:26:19 StationSystem update...
2025/08/05 09:26:19 weather update count: 800
2025/08/05 09:26:19 StationSystem update time: 3.094µs
2025/08/05 09:26:19 SatelliteSystem update...
2025/08/05 09:26:19 satellite count: 700
2025/08/05 09:26:19 SatelliteSystem update time: 2.663992ms
2025/08/05 09:26:19 TopoSystem update...
2025/08/05 09:26:19 TopoSystem: Link count: 560000
2025/08/05 09:26:19 TopoSystem update time: 8.226104ms
2025/08/05 09:26:19 AttenuationSystem update...
2025/08/05 09:26:19 AttenuationSystem parallel flag: 0
2025/08/05 09:26:19 Attenuation computed count: 560000
2025/08/05 09:26:19 AttenuationSystem update time: 194.1583ms
2025/08/05 09:26:19 Run 6 complete
2025/08/05 09:26:19 StationSystem update...
2025/08/05 09:26:19 weather update count: 800
2025/08/05 09:26:19 StationSystem update time: 3.349µs
2025/08/05 09:26:19 SatelliteSystem update...
2025/08/05 09:26:19 satellite count: 700
2025/08/05 09:26:19 SatelliteSystem update time: 2.651419ms
2025/08/05 09:26:19 TopoSystem update...
2025/08/05 09:26:19 TopoSystem: Link count: 560000
2025/08/05 09:26:19 TopoSystem update time: 7.928658ms
2025/08/05 09:26:19 AttenuationSystem update...
2025/08/05 09:26:19 AttenuationSystem parallel flag: 0
2025/08/05 09:26:19 Attenuation computed count: 560000
2025/08/05 09:26:19 AttenuationSystem update time: 174.869903ms
2025/08/05 09:26:19 Run 7 complete
2025/08/05 09:26:19 StationSystem update...
2025/08/05 09:26:19 weather update count: 800
2025/08/05 09:26:19 StationSystem update time: 3.524µs
2025/08/05 09:26:19 SatelliteSystem update...
2025/08/05 09:26:19 satellite count: 700
2025/08/05 09:26:19 SatelliteSystem update time: 2.65961ms
2025/08/05 09:26:19 TopoSystem update...
2025/08/05 09:26:19 TopoSystem: Link count: 560000
2025/08/05 09:26:19 TopoSystem update time: 8.419134ms
2025/08/05 09:26:19 AttenuationSystem update...
2025/08/05 09:26:19 AttenuationSystem parallel flag: 0
2025/08/05 09:26:19 Attenuation computed count: 560000
2025/08/05 09:26:19 AttenuationSystem update time: 163.544099ms
2025/08/05 09:26:19 Run 8 complete
2025/08/05 09:26:19 StationSystem update...
2025/08/05 09:26:19 weather update count: 800
2025/08/05 09:26:19 StationSystem update time: 2.923µs
2025/08/05 09:26:19 SatelliteSystem update...
2025/08/05 09:26:19 satellite count: 700
2025/08/05 09:26:19 SatelliteSystem update time: 2.650477ms
2025/08/05 09:26:19 TopoSystem update...
2025/08/05 09:26:19 TopoSystem: Link count: 560000
2025/08/05 09:26:19 TopoSystem update time: 10.837435ms
2025/08/05 09:26:19 AttenuationSystem update...
2025/08/05 09:26:19 AttenuationSystem parallel flag: 0
2025/08/05 09:26:20 Attenuation computed count: 560000
2025/08/05 09:26:20 AttenuationSystem update time: 193.948792ms
2025/08/05 09:26:20 Run 9 complete
2025/08/05 09:26:20 StationSystem update...
2025/08/05 09:26:20 weather update count: 800
2025/08/05 09:26:20 StationSystem update time: 3.219µs
2025/08/05 09:26:20 SatelliteSystem update...
2025/08/05 09:26:20 satellite count: 700
2025/08/05 09:26:20 SatelliteSystem update time: 2.662542ms
2025/08/05 09:26:20 TopoSystem update...
2025/08/05 09:26:20 TopoSystem: Link count: 560000
2025/08/05 09:26:20 TopoSystem update time: 8.229713ms
2025/08/05 09:26:20 AttenuationSystem update...
2025/08/05 09:26:20 AttenuationSystem parallel flag: 0
2025/08/05 09:26:20 Attenuation computed count: 560000
2025/08/05 09:26:20 AttenuationSystem update time: 174.208444ms
2025/08/05 09:26:20 Run 10 complete
2025/08/05 09:26:20 Total update time:  1.921039839s
2025/08/05 09:26:20 linkCache size: 40

 Performance counter stats for './scale_ecs 800 700 10 4 8 0':

        11,703,191      cache-references                                                      
         1,071,901      cache-misses                     #    9.16% of all cache refs         

       1.926559347 seconds time elapsed

      12.073953000 seconds user
       0.042985000 seconds sys


