ECS running with 700 stations, 1800 satellites, 2 numWGs and 8 numBlocks for 10 rounds in 1 parallel pattern
2025/08/05 09:15:38 StationSystem update...
2025/08/05 09:15:38 weather update count: 700
2025/08/05 09:15:38 StationSystem update time: 4.769µs
2025/08/05 09:15:38 SatelliteSystem update...
2025/08/05 09:15:38 satellite count: 1800
2025/08/05 09:15:38 SatelliteSystem update time: 6.833162ms
2025/08/05 09:15:38 TopoSystem update...
2025/08/05 09:15:38 TopoSystem: Link count: 1260000
2025/08/05 09:15:38 TopoSystem update time: 38.336061ms
2025/08/05 09:15:38 AttenuationSystem update...
2025/08/05 09:15:38 AttenuationSystem parallel flag: 1
2025/08/05 09:15:39 Attenuation computed count: 1260000
2025/08/05 09:15:39 AttenuationSystem update time: 1.14193064s
2025/08/05 09:15:39 Run 1 complete
2025/08/05 09:15:39 StationSystem update...
2025/08/05 09:15:39 weather update count: 700
2025/08/05 09:15:39 StationSystem update time: 2.61µs
2025/08/05 09:15:39 SatelliteSystem update...
2025/08/05 09:15:39 satellite count: 1800
2025/08/05 09:15:39 SatelliteSystem update time: 5.059615ms
2025/08/05 09:15:39 TopoSystem update...
2025/08/05 09:15:39 TopoSystem: Link count: 1260000
2025/08/05 09:15:39 TopoSystem update time: 32.958228ms
2025/08/05 09:15:39 AttenuationSystem update...
2025/08/05 09:15:39 AttenuationSystem parallel flag: 1
2025/08/05 09:15:41 Attenuation computed count: 1260000
2025/08/05 09:15:41 AttenuationSystem update time: 1.461434822s
2025/08/05 09:15:41 Run 2 complete
2025/08/05 09:15:41 StationSystem update...
2025/08/05 09:15:41 weather update count: 700
2025/08/05 09:15:41 StationSystem update time: 3.702µs
2025/08/05 09:15:41 SatelliteSystem update...
2025/08/05 09:15:41 satellite count: 1800
2025/08/05 09:15:41 SatelliteSystem update time: 6.811831ms
2025/08/05 09:15:41 TopoSystem update...
2025/08/05 09:15:41 TopoSystem: Link count: 1260000
2025/08/05 09:15:41 TopoSystem update time: 19.152424ms
2025/08/05 09:15:41 AttenuationSystem update...
2025/08/05 09:15:41 AttenuationSystem parallel flag: 1
2025/08/05 09:15:42 Attenuation computed count: 1260000
2025/08/05 09:15:42 AttenuationSystem update time: 1.456942528s
2025/08/05 09:15:42 Run 3 complete
2025/08/05 09:15:42 StationSystem update...
2025/08/05 09:15:42 weather update count: 700
2025/08/05 09:15:42 StationSystem update time: 3.223µs
2025/08/05 09:15:42 SatelliteSystem update...
2025/08/05 09:15:42 satellite count: 1800
2025/08/05 09:15:42 SatelliteSystem update time: 5.057957ms
2025/08/05 09:15:42 TopoSystem update...
2025/08/05 09:15:42 TopoSystem: Link count: 1260000
2025/08/05 09:15:42 TopoSystem update time: 20.317916ms
2025/08/05 09:15:42 AttenuationSystem update...
2025/08/05 09:15:42 AttenuationSystem parallel flag: 1
2025/08/05 09:15:44 Attenuation computed count: 1260000
2025/08/05 09:15:44 AttenuationSystem update time: 1.379726794s
2025/08/05 09:15:44 Run 4 complete
2025/08/05 09:15:44 StationSystem update...
2025/08/05 09:15:44 weather update count: 700
2025/08/05 09:15:44 StationSystem update time: 2.902µs
2025/08/05 09:15:44 SatelliteSystem update...
2025/08/05 09:15:44 satellite count: 1800
2025/08/05 09:15:44 SatelliteSystem update time: 5.062231ms
2025/08/05 09:15:44 TopoSystem update...
2025/08/05 09:15:44 TopoSystem: Link count: 1260000
2025/08/05 09:15:44 TopoSystem update time: 22.100294ms
2025/08/05 09:15:44 AttenuationSystem update...
2025/08/05 09:15:44 AttenuationSystem parallel flag: 1
2025/08/05 09:15:45 Attenuation computed count: 1260000
2025/08/05 09:15:45 AttenuationSystem update time: 1.472163479s
2025/08/05 09:15:45 Run 5 complete
2025/08/05 09:15:45 StationSystem update...
2025/08/05 09:15:45 weather update count: 700
2025/08/05 09:15:45 StationSystem update time: 3.187µs
2025/08/05 09:15:45 SatelliteSystem update...
2025/08/05 09:15:45 satellite count: 1800
2025/08/05 09:15:45 SatelliteSystem update time: 6.80304ms
2025/08/05 09:15:45 TopoSystem update...
2025/08/05 09:15:45 TopoSystem: Link count: 1260000
2025/08/05 09:15:45 TopoSystem update time: 18.469424ms
2025/08/05 09:15:45 AttenuationSystem update...
2025/08/05 09:15:45 AttenuationSystem parallel flag: 1
2025/08/05 09:15:46 Attenuation computed count: 1260000
2025/08/05 09:15:46 AttenuationSystem update time: 1.081955701s
2025/08/05 09:15:46 Run 6 complete
2025/08/05 09:15:46 StationSystem update...
2025/08/05 09:15:46 weather update count: 700
2025/08/05 09:15:46 StationSystem update time: 2.805µs
2025/08/05 09:15:46 SatelliteSystem update...
2025/08/05 09:15:46 satellite count: 1800
2025/08/05 09:15:46 SatelliteSystem update time: 5.06612ms
2025/08/05 09:15:46 TopoSystem update...
2025/08/05 09:15:46 TopoSystem: Link count: 1260000
2025/08/05 09:15:46 TopoSystem update time: 14.990065ms
2025/08/05 09:15:46 AttenuationSystem update...
2025/08/05 09:15:46 AttenuationSystem parallel flag: 1
2025/08/05 09:15:47 Attenuation computed count: 1260000
2025/08/05 09:15:47 AttenuationSystem update time: 1.09560545s
2025/08/05 09:15:47 Run 7 complete
2025/08/05 09:15:47 StationSystem update...
2025/08/05 09:15:47 weather update count: 700
2025/08/05 09:15:47 StationSystem update time: 2.779µs
2025/08/05 09:15:47 SatelliteSystem update...
2025/08/05 09:15:47 satellite count: 1800
2025/08/05 09:15:47 SatelliteSystem update time: 5.060436ms
2025/08/05 09:15:47 TopoSystem update...
2025/08/05 09:15:47 TopoSystem: Link count: 1260000
2025/08/05 09:15:47 TopoSystem update time: 14.997992ms
2025/08/05 09:15:47 AttenuationSystem update...
2025/08/05 09:15:47 AttenuationSystem parallel flag: 1
2025/08/05 09:15:49 Attenuation computed count: 1260000
2025/08/05 09:15:49 AttenuationSystem update time: 1.266839085s
2025/08/05 09:15:49 Run 8 complete
2025/08/05 09:15:49 StationSystem update...
2025/08/05 09:15:49 weather update count: 700
2025/08/05 09:15:49 StationSystem update time: 2.257µs
2025/08/05 09:15:49 SatelliteSystem update...
2025/08/05 09:15:49 satellite count: 1800
2025/08/05 09:15:49 SatelliteSystem update time: 5.05062ms
2025/08/05 09:15:49 TopoSystem update...
2025/08/05 09:15:49 TopoSystem: Link count: 1260000
2025/08/05 09:15:49 TopoSystem update time: 22.03217ms
2025/08/05 09:15:49 AttenuationSystem update...
2025/08/05 09:15:49 AttenuationSystem parallel flag: 1
2025/08/05 09:15:50 Attenuation computed count: 1260000
2025/08/05 09:15:50 AttenuationSystem update time: 1.467018554s
2025/08/05 09:15:50 Run 9 complete
2025/08/05 09:15:50 StationSystem update...
2025/08/05 09:15:50 weather update count: 700
2025/08/05 09:15:50 StationSystem update time: 3.271µs
2025/08/05 09:15:50 SatelliteSystem update...
2025/08/05 09:15:50 satellite count: 1800
2025/08/05 09:15:50 SatelliteSystem update time: 6.792677ms
2025/08/05 09:15:50 TopoSystem update...
2025/08/05 09:15:50 TopoSystem: Link count: 1260000
2025/08/05 09:15:50 TopoSystem update time: 25.300594ms
2025/08/05 09:15:50 AttenuationSystem update...
2025/08/05 09:15:50 AttenuationSystem parallel flag: 1
2025/08/05 09:15:52 Attenuation computed count: 1260000
2025/08/05 09:15:52 AttenuationSystem update time: 1.464766126s
2025/08/05 09:15:52 Run 10 complete
2025/08/05 09:15:52 Total update time:  13.585044876s
2025/08/05 09:15:52 linkCache size: 40

 Performance counter stats for './scale_ecs 700 1800 10 2 8 1':

        26,776,991      cache-references                                                      
         6,563,820      cache-misses                     #   24.51% of all cache refs         

      13.593807369 seconds time elapsed

      25.387792000 seconds user
       0.080037000 seconds sys


