ECS running with 900 stations, 700 satellites, 8 numWGs and 2 numBlocks for 10 rounds in 0 parallel pattern
2025/08/05 10:28:58 StationSystem update...
2025/08/05 10:28:58 weather update count: 900
2025/08/05 10:28:58 StationSystem update time: 4.368µs
2025/08/05 10:28:58 SatelliteSystem update...
2025/08/05 10:28:58 satellite count: 700
2025/08/05 10:28:58 SatelliteSystem update time: 2.671696ms
2025/08/05 10:28:58 TopoSystem update...
2025/08/05 10:28:58 TopoSystem: Link count: 630000
2025/08/05 10:28:58 TopoSystem update time: 20.687509ms
2025/08/05 10:28:58 AttenuationSystem update...
2025/08/05 10:28:58 AttenuationSystem parallel flag: 0
2025/08/05 10:28:58 Attenuation computed count: 630000
2025/08/05 10:28:58 AttenuationSystem update time: 634.353416ms
2025/08/05 10:28:58 Run 1 complete
2025/08/05 10:28:58 StationSystem update...
2025/08/05 10:28:58 weather update count: 900
2025/08/05 10:28:58 StationSystem update time: 3.737µs
2025/08/05 10:28:58 SatelliteSystem update...
2025/08/05 10:28:58 satellite count: 700
2025/08/05 10:28:58 SatelliteSystem update time: 1.981939ms
2025/08/05 10:28:58 TopoSystem update...
2025/08/05 10:28:58 TopoSystem: Link count: 630000
2025/08/05 10:28:58 TopoSystem update time: 18.269887ms
2025/08/05 10:28:58 AttenuationSystem update...
2025/08/05 10:28:58 AttenuationSystem parallel flag: 0
2025/08/05 10:28:59 Attenuation computed count: 630000
2025/08/05 10:28:59 AttenuationSystem update time: 744.507409ms
2025/08/05 10:28:59 Run 2 complete
2025/08/05 10:28:59 StationSystem update...
2025/08/05 10:28:59 weather update count: 900
2025/08/05 10:28:59 StationSystem update time: 3.489µs
2025/08/05 10:28:59 SatelliteSystem update...
2025/08/05 10:28:59 satellite count: 700
2025/08/05 10:28:59 SatelliteSystem update time: 2.664174ms
2025/08/05 10:28:59 TopoSystem update...
2025/08/05 10:28:59 TopoSystem: Link count: 630000
2025/08/05 10:28:59 TopoSystem update time: 10.165572ms
2025/08/05 10:28:59 AttenuationSystem update...
2025/08/05 10:28:59 AttenuationSystem parallel flag: 0
2025/08/05 10:29:00 Attenuation computed count: 630000
2025/08/05 10:29:00 AttenuationSystem update time: 724.966056ms
2025/08/05 10:29:00 Run 3 complete
2025/08/05 10:29:00 StationSystem update...
2025/08/05 10:29:00 weather update count: 900
2025/08/05 10:29:00 StationSystem update time: 3.453µs
2025/08/05 10:29:00 SatelliteSystem update...
2025/08/05 10:29:00 satellite count: 700
2025/08/05 10:29:00 SatelliteSystem update time: 2.67115ms
2025/08/05 10:29:00 TopoSystem update...
2025/08/05 10:29:00 TopoSystem: Link count: 630000
2025/08/05 10:29:00 TopoSystem update time: 11.694824ms
2025/08/05 10:29:00 AttenuationSystem update...
2025/08/05 10:29:00 AttenuationSystem parallel flag: 0
2025/08/05 10:29:00 Attenuation computed count: 630000
2025/08/05 10:29:00 AttenuationSystem update time: 703.588648ms
2025/08/05 10:29:00 Run 4 complete
2025/08/05 10:29:00 StationSystem update...
2025/08/05 10:29:00 weather update count: 900
2025/08/05 10:29:00 StationSystem update time: 3.429µs
2025/08/05 10:29:00 SatelliteSystem update...
2025/08/05 10:29:00 satellite count: 700
2025/08/05 10:29:00 SatelliteSystem update time: 2.669939ms
2025/08/05 10:29:00 TopoSystem update...
2025/08/05 10:29:00 TopoSystem: Link count: 630000
2025/08/05 10:29:00 TopoSystem update time: 10.791075ms
2025/08/05 10:29:00 AttenuationSystem update...
2025/08/05 10:29:00 AttenuationSystem parallel flag: 0
2025/08/05 10:29:01 Attenuation computed count: 630000
2025/08/05 10:29:01 AttenuationSystem update time: 718.687197ms
2025/08/05 10:29:01 Run 5 complete
2025/08/05 10:29:01 StationSystem update...
2025/08/05 10:29:01 weather update count: 900
2025/08/05 10:29:01 StationSystem update time: 3.078µs
2025/08/05 10:29:01 SatelliteSystem update...
2025/08/05 10:29:01 satellite count: 700
2025/08/05 10:29:01 SatelliteSystem update time: 2.66321ms
2025/08/05 10:29:01 TopoSystem update...
2025/08/05 10:29:01 TopoSystem: Link count: 630000
2025/08/05 10:29:01 TopoSystem update time: 15.898834ms
2025/08/05 10:29:01 AttenuationSystem update...
2025/08/05 10:29:01 AttenuationSystem parallel flag: 0
2025/08/05 10:29:02 Attenuation computed count: 630000
2025/08/05 10:29:02 AttenuationSystem update time: 726.161962ms
2025/08/05 10:29:02 Run 6 complete
2025/08/05 10:29:02 StationSystem update...
2025/08/05 10:29:02 weather update count: 900
2025/08/05 10:29:02 StationSystem update time: 3.252µs
2025/08/05 10:29:02 SatelliteSystem update...
2025/08/05 10:29:02 satellite count: 700
2025/08/05 10:29:02 SatelliteSystem update time: 3.469707ms
2025/08/05 10:29:02 TopoSystem update...
2025/08/05 10:29:02 TopoSystem: Link count: 630000
2025/08/05 10:29:02 TopoSystem update time: 10.241999ms
2025/08/05 10:29:02 AttenuationSystem update...
2025/08/05 10:29:02 AttenuationSystem parallel flag: 0
2025/08/05 10:29:02 Attenuation computed count: 630000
2025/08/05 10:29:02 AttenuationSystem update time: 580.451428ms
2025/08/05 10:29:02 Run 7 complete
2025/08/05 10:29:02 StationSystem update...
2025/08/05 10:29:02 weather update count: 900
2025/08/05 10:29:02 StationSystem update time: 2.431µs
2025/08/05 10:29:02 SatelliteSystem update...
2025/08/05 10:29:03 satellite count: 700
2025/08/05 10:29:03 SatelliteSystem update time: 1.977931ms
2025/08/05 10:29:03 TopoSystem update...
2025/08/05 10:29:03 TopoSystem: Link count: 630000
2025/08/05 10:29:03 TopoSystem update time: 8.106648ms
2025/08/05 10:29:03 AttenuationSystem update...
2025/08/05 10:29:03 AttenuationSystem parallel flag: 0
2025/08/05 10:29:03 Attenuation computed count: 630000
2025/08/05 10:29:03 AttenuationSystem update time: 557.073261ms
2025/08/05 10:29:03 Run 8 complete
2025/08/05 10:29:03 StationSystem update...
2025/08/05 10:29:03 weather update count: 900
2025/08/05 10:29:03 StationSystem update time: 2.532µs
2025/08/05 10:29:03 SatelliteSystem update...
2025/08/05 10:29:03 satellite count: 700
2025/08/05 10:29:03 SatelliteSystem update time: 2.015717ms
2025/08/05 10:29:03 TopoSystem update...
2025/08/05 10:29:03 TopoSystem: Link count: 630000
2025/08/05 10:29:03 TopoSystem update time: 26.23518ms
2025/08/05 10:29:03 AttenuationSystem update...
2025/08/05 10:29:03 AttenuationSystem parallel flag: 0
2025/08/05 10:29:04 Attenuation computed count: 630000
2025/08/05 10:29:04 AttenuationSystem update time: 736.931856ms
2025/08/05 10:29:04 Run 9 complete
2025/08/05 10:29:04 StationSystem update...
2025/08/05 10:29:04 weather update count: 900
2025/08/05 10:29:04 StationSystem update time: 3.398µs
2025/08/05 10:29:04 SatelliteSystem update...
2025/08/05 10:29:04 satellite count: 700
2025/08/05 10:29:04 SatelliteSystem update time: 6.674147ms
2025/08/05 10:29:04 TopoSystem update...
2025/08/05 10:29:04 TopoSystem: Link count: 630000
2025/08/05 10:29:04 TopoSystem update time: 30.727119ms
2025/08/05 10:29:04 AttenuationSystem update...
2025/08/05 10:29:04 AttenuationSystem parallel flag: 0
2025/08/05 10:29:05 Attenuation computed count: 630000
2025/08/05 10:29:05 AttenuationSystem update time: 750.01998ms
2025/08/05 10:29:05 Run 10 complete
2025/08/05 10:29:05 Total update time:  7.072521857s
2025/08/05 10:29:05 linkCache size: 40

 Performance counter stats for './scale_ecs 900 700 10 8 2 0':

        13,790,865      cache-references                                                      
         2,582,723      cache-misses                     #   18.73% of all cache refs         

       7.078094329 seconds time elapsed

      13.140455000 seconds user
       0.077108000 seconds sys


