ECS running with 500 stations, 1900 satellites, 2 numWGs and 4 numBlocks for 10 rounds in 1 parallel pattern
2025/08/05 08:21:20 StationSystem update...
2025/08/05 08:21:20 weather update count: 500
2025/08/05 08:21:20 StationSystem update time: 4.218µs
2025/08/05 08:21:20 SatelliteSystem update...
2025/08/05 08:21:20 satellite count: 1900
2025/08/05 08:21:20 SatelliteSystem update time: 7.182294ms
2025/08/05 08:21:20 TopoSystem update...
2025/08/05 08:21:20 TopoSystem: Link count: 950000
2025/08/05 08:21:20 TopoSystem update time: 29.018829ms
2025/08/05 08:21:20 AttenuationSystem update...
2025/08/05 08:21:20 AttenuationSystem parallel flag: 1
2025/08/05 08:21:21 Attenuation computed count: 950000
2025/08/05 08:21:21 AttenuationSystem update time: 1.020228737s
2025/08/05 08:21:21 Run 1 complete
2025/08/05 08:21:21 StationSystem update...
2025/08/05 08:21:21 weather update count: 500
2025/08/05 08:21:21 StationSystem update time: 2.152µs
2025/08/05 08:21:21 SatelliteSystem update...
2025/08/05 08:21:21 satellite count: 1900
2025/08/05 08:21:21 SatelliteSystem update time: 5.326448ms
2025/08/05 08:21:21 TopoSystem update...
2025/08/05 08:21:21 TopoSystem: Link count: 950000
2025/08/05 08:21:21 TopoSystem update time: 20.159975ms
2025/08/05 08:21:21 AttenuationSystem update...
2025/08/05 08:21:21 AttenuationSystem parallel flag: 1
2025/08/05 08:21:22 Attenuation computed count: 950000
2025/08/05 08:21:22 AttenuationSystem update time: 1.11789506s
2025/08/05 08:21:22 Run 2 complete
2025/08/05 08:21:22 StationSystem update...
2025/08/05 08:21:22 SatelliteSystem update...
2025/08/05 08:21:22 weather update count: 500
2025/08/05 08:21:22 StationSystem update time: 3.856µs
2025/08/05 08:21:22 satellite count: 1900
2025/08/05 08:21:22 SatelliteSystem update time: 5.328747ms
2025/08/05 08:21:22 TopoSystem update...
2025/08/05 08:21:22 TopoSystem: Link count: 950000
2025/08/05 08:21:22 TopoSystem update time: 12.996053ms
2025/08/05 08:21:22 AttenuationSystem update...
2025/08/05 08:21:22 AttenuationSystem parallel flag: 1
2025/08/05 08:21:23 Attenuation computed count: 950000
2025/08/05 08:21:23 AttenuationSystem update time: 1.118154029s
2025/08/05 08:21:23 Run 3 complete
2025/08/05 08:21:23 StationSystem update...
2025/08/05 08:21:23 weather update count: 500
2025/08/05 08:21:23 StationSystem update time: 2.992µs
2025/08/05 08:21:23 SatelliteSystem update...
2025/08/05 08:21:23 satellite count: 1900
2025/08/05 08:21:23 SatelliteSystem update time: 7.226804ms
2025/08/05 08:21:23 TopoSystem update...
2025/08/05 08:21:23 TopoSystem: Link count: 950000
2025/08/05 08:21:23 TopoSystem update time: 24.029799ms
2025/08/05 08:21:23 AttenuationSystem update...
2025/08/05 08:21:23 AttenuationSystem parallel flag: 1
2025/08/05 08:21:24 Attenuation computed count: 950000
2025/08/05 08:21:24 AttenuationSystem update time: 1.117669464s
2025/08/05 08:21:24 Run 4 complete
2025/08/05 08:21:24 StationSystem update...
2025/08/05 08:21:24 weather update count: 500
2025/08/05 08:21:24 StationSystem update time: 2.8µs
2025/08/05 08:21:24 SatelliteSystem update...
2025/08/05 08:21:24 satellite count: 1900
2025/08/05 08:21:24 SatelliteSystem update time: 7.20551ms
2025/08/05 08:21:24 TopoSystem update...
2025/08/05 08:21:24 TopoSystem: Link count: 950000
2025/08/05 08:21:24 TopoSystem update time: 23.387322ms
2025/08/05 08:21:24 AttenuationSystem update...
2025/08/05 08:21:24 AttenuationSystem parallel flag: 1
2025/08/05 08:21:25 Attenuation computed count: 950000
2025/08/05 08:21:25 AttenuationSystem update time: 1.091651057s
2025/08/05 08:21:25 Run 5 complete
2025/08/05 08:21:25 StationSystem update...
2025/08/05 08:21:25 weather update count: 500
2025/08/05 08:21:25 StationSystem update time: 3.034µs
2025/08/05 08:21:25 SatelliteSystem update...
2025/08/05 08:21:25 satellite count: 1900
2025/08/05 08:21:25 SatelliteSystem update time: 7.198856ms
2025/08/05 08:21:25 TopoSystem update...
2025/08/05 08:21:25 TopoSystem: Link count: 950000
2025/08/05 08:21:25 TopoSystem update time: 23.341434ms
2025/08/05 08:21:25 AttenuationSystem update...
2025/08/05 08:21:25 AttenuationSystem parallel flag: 1
2025/08/05 08:21:26 Attenuation computed count: 950000
2025/08/05 08:21:26 AttenuationSystem update time: 1.117318996s
2025/08/05 08:21:26 Run 6 complete
2025/08/05 08:21:26 StationSystem update...
2025/08/05 08:21:26 weather update count: 500
2025/08/05 08:21:26 StationSystem update time: 2.322µs
2025/08/05 08:21:26 SatelliteSystem update...
2025/08/05 08:21:27 satellite count: 1900
2025/08/05 08:21:27 SatelliteSystem update time: 6.030118ms
2025/08/05 08:21:27 TopoSystem update...
2025/08/05 08:21:27 TopoSystem: Link count: 950000
2025/08/05 08:21:27 TopoSystem update time: 22.897874ms
2025/08/05 08:21:27 AttenuationSystem update...
2025/08/05 08:21:27 AttenuationSystem parallel flag: 1
2025/08/05 08:21:28 Attenuation computed count: 950000
2025/08/05 08:21:28 AttenuationSystem update time: 1.122340005s
2025/08/05 08:21:28 Run 7 complete
2025/08/05 08:21:28 StationSystem update...
2025/08/05 08:21:28 weather update count: 500
2025/08/05 08:21:28 StationSystem update time: 3.182µs
2025/08/05 08:21:28 SatelliteSystem update...
2025/08/05 08:21:28 satellite count: 1900
2025/08/05 08:21:28 SatelliteSystem update time: 7.189408ms
2025/08/05 08:21:28 TopoSystem update...
2025/08/05 08:21:28 TopoSystem: Link count: 950000
2025/08/05 08:21:28 TopoSystem update time: 23.634315ms
2025/08/05 08:21:28 AttenuationSystem update...
2025/08/05 08:21:28 AttenuationSystem parallel flag: 1
2025/08/05 08:21:29 Attenuation computed count: 950000
2025/08/05 08:21:29 AttenuationSystem update time: 1.049385451s
2025/08/05 08:21:29 Run 8 complete
2025/08/05 08:21:29 StationSystem update...
2025/08/05 08:21:29 weather update count: 500
2025/08/05 08:21:29 StationSystem update time: 2.706µs
2025/08/05 08:21:29 SatelliteSystem update...
2025/08/05 08:21:29 satellite count: 1900
2025/08/05 08:21:29 SatelliteSystem update time: 6.636617ms
2025/08/05 08:21:29 TopoSystem update...
2025/08/05 08:21:29 TopoSystem: Link count: 950000
2025/08/05 08:21:29 TopoSystem update time: 14.529003ms
2025/08/05 08:21:29 AttenuationSystem update...
2025/08/05 08:21:29 AttenuationSystem parallel flag: 1
2025/08/05 08:21:30 Attenuation computed count: 950000
2025/08/05 08:21:30 AttenuationSystem update time: 844.441241ms
2025/08/05 08:21:30 Run 9 complete
2025/08/05 08:21:30 StationSystem update...
2025/08/05 08:21:30 weather update count: 500
2025/08/05 08:21:30 StationSystem update time: 1.891µs
2025/08/05 08:21:30 SatelliteSystem update...
2025/08/05 08:21:30 satellite count: 1900
2025/08/05 08:21:30 SatelliteSystem update time: 5.336735ms
2025/08/05 08:21:30 TopoSystem update...
2025/08/05 08:21:30 TopoSystem: Link count: 950000
2025/08/05 08:21:30 TopoSystem update time: 12.695883ms
2025/08/05 08:21:30 AttenuationSystem update...
2025/08/05 08:21:30 AttenuationSystem parallel flag: 1
2025/08/05 08:21:31 Attenuation computed count: 950000
2025/08/05 08:21:31 AttenuationSystem update time: 1.020611863s
2025/08/05 08:21:31 Run 10 complete
2025/08/05 08:21:31 Total update time:  10.901894331s
2025/08/05 08:21:31 linkCache size: 40

 Performance counter stats for './scale_ecs 500 1900 10 2 4 1':

        20,564,733      cache-references                                                      
         5,168,001      cache-misses                     #   25.13% of all cache refs         

      10.908886034 seconds time elapsed

      20.341405000 seconds user
       0.067040000 seconds sys


