ECS running with 900 stations, 1800 satellites, 4 numWGs and 2 numBlocks for 10 rounds in 0 parallel pattern
2025/08/05 10:53:56 StationSystem update...
2025/08/05 10:53:56 weather update count: 900
2025/08/05 10:53:56 SatelliteSystem update...
2025/08/05 10:53:56 StationSystem update time: 5.398µs
2025/08/05 10:53:56 satellite count: 1800
2025/08/05 10:53:56 SatelliteSystem update time: 6.81783ms
2025/08/05 10:53:56 TopoSystem update...
2025/08/05 10:53:56 TopoSystem: Link count: 1620000
2025/08/05 10:53:56 TopoSystem update time: 49.230168ms
2025/08/05 10:53:56 AttenuationSystem update...
2025/08/05 10:53:56 AttenuationSystem parallel flag: 0
2025/08/05 10:53:57 Attenuation computed count: 1620000
2025/08/05 10:53:57 AttenuationSystem update time: 1.719157736s
2025/08/05 10:53:57 Run 1 complete
2025/08/05 10:53:57 StationSystem update...
2025/08/05 10:53:57 weather update count: 900
2025/08/05 10:53:57 StationSystem update time: 6.765µs
2025/08/05 10:53:57 SatelliteSystem update...
2025/08/05 10:53:57 satellite count: 1800
2025/08/05 10:53:57 SatelliteSystem update time: 16.977747ms
2025/08/05 10:53:57 TopoSystem update...
2025/08/05 10:53:57 TopoSystem: Link count: 1620000
2025/08/05 10:53:57 TopoSystem update time: 42.831036ms
2025/08/05 10:53:57 AttenuationSystem update...
2025/08/05 10:53:57 AttenuationSystem parallel flag: 0
2025/08/05 10:53:59 Attenuation computed count: 1620000
2025/08/05 10:53:59 AttenuationSystem update time: 1.371032557s
2025/08/05 10:53:59 Run 2 complete
2025/08/05 10:53:59 StationSystem update...
2025/08/05 10:53:59 weather update count: 900
2025/08/05 10:53:59 StationSystem update time: 2.73µs
2025/08/05 10:53:59 SatelliteSystem update...
2025/08/05 10:53:59 satellite count: 1800
2025/08/05 10:53:59 SatelliteSystem update time: 5.049671ms
2025/08/05 10:53:59 TopoSystem update...
2025/08/05 10:53:59 TopoSystem: Link count: 1620000
2025/08/05 10:53:59 TopoSystem update time: 19.713545ms
2025/08/05 10:53:59 AttenuationSystem update...
2025/08/05 10:53:59 AttenuationSystem parallel flag: 0
2025/08/05 10:54:00 Attenuation computed count: 1620000
2025/08/05 10:54:00 AttenuationSystem update time: 1.63135864s
2025/08/05 10:54:00 Run 3 complete
2025/08/05 10:54:00 StationSystem update...
2025/08/05 10:54:00 weather update count: 900
2025/08/05 10:54:00 StationSystem update time: 2.994µs
2025/08/05 10:54:00 SatelliteSystem update...
2025/08/05 10:54:00 satellite count: 1800
2025/08/05 10:54:00 SatelliteSystem update time: 7.828703ms
2025/08/05 10:54:00 TopoSystem update...
2025/08/05 10:54:01 TopoSystem: Link count: 1620000
2025/08/05 10:54:01 TopoSystem update time: 54.200849ms
2025/08/05 10:54:01 AttenuationSystem update...
2025/08/05 10:54:01 AttenuationSystem parallel flag: 0
2025/08/05 10:54:02 Attenuation computed count: 1620000
2025/08/05 10:54:02 AttenuationSystem update time: 1.850448994s
2025/08/05 10:54:02 Run 4 complete
2025/08/05 10:54:02 StationSystem update...
2025/08/05 10:54:02 weather update count: 900
2025/08/05 10:54:02 StationSystem update time: 3.83µs
2025/08/05 10:54:02 SatelliteSystem update...
2025/08/05 10:54:02 satellite count: 1800
2025/08/05 10:54:02 SatelliteSystem update time: 5.055125ms
2025/08/05 10:54:02 TopoSystem update...
2025/08/05 10:54:02 TopoSystem: Link count: 1620000
2025/08/05 10:54:02 TopoSystem update time: 19.99835ms
2025/08/05 10:54:02 AttenuationSystem update...
2025/08/05 10:54:02 AttenuationSystem parallel flag: 0
2025/08/05 10:54:04 Attenuation computed count: 1620000
2025/08/05 10:54:04 AttenuationSystem update time: 1.659590079s
2025/08/05 10:54:04 Run 5 complete
2025/08/05 10:54:04 StationSystem update...
2025/08/05 10:54:04 weather update count: 900
2025/08/05 10:54:04 StationSystem update time: 2.976µs
2025/08/05 10:54:04 SatelliteSystem update...
2025/08/05 10:54:04 satellite count: 1800
2025/08/05 10:54:04 SatelliteSystem update time: 14.723099ms
2025/08/05 10:54:04 TopoSystem update...
2025/08/05 10:54:04 TopoSystem: Link count: 1620000
2025/08/05 10:54:04 TopoSystem update time: 28.044758ms
2025/08/05 10:54:04 AttenuationSystem update...
2025/08/05 10:54:04 AttenuationSystem parallel flag: 0
2025/08/05 10:54:06 Attenuation computed count: 1620000
2025/08/05 10:54:06 AttenuationSystem update time: 1.73851001s
2025/08/05 10:54:06 Run 6 complete
2025/08/05 10:54:06 StationSystem update...
2025/08/05 10:54:06 weather update count: 900
2025/08/05 10:54:06 StationSystem update time: 3.581µs
2025/08/05 10:54:06 SatelliteSystem update...
2025/08/05 10:54:06 satellite count: 1800
2025/08/05 10:54:06 SatelliteSystem update time: 8.475209ms
2025/08/05 10:54:06 TopoSystem update...
2025/08/05 10:54:06 TopoSystem: Link count: 1620000
2025/08/05 10:54:06 TopoSystem update time: 54.293639ms
2025/08/05 10:54:06 AttenuationSystem update...
2025/08/05 10:54:06 AttenuationSystem parallel flag: 0
2025/08/05 10:54:08 Attenuation computed count: 1620000
2025/08/05 10:54:08 AttenuationSystem update time: 1.857458217s
2025/08/05 10:54:08 Run 7 complete
2025/08/05 10:54:08 StationSystem update...
2025/08/05 10:54:08 weather update count: 900
2025/08/05 10:54:08 StationSystem update time: 3.609µs
2025/08/05 10:54:08 SatelliteSystem update...
2025/08/05 10:54:08 satellite count: 1800
2025/08/05 10:54:08 SatelliteSystem update time: 6.806101ms
2025/08/05 10:54:08 TopoSystem update...
2025/08/05 10:54:08 TopoSystem: Link count: 1620000
2025/08/05 10:54:08 TopoSystem update time: 53.675099ms
2025/08/05 10:54:08 AttenuationSystem update...
2025/08/05 10:54:08 AttenuationSystem parallel flag: 0
2025/08/05 10:54:10 Attenuation computed count: 1620000
2025/08/05 10:54:10 AttenuationSystem update time: 1.706974066s
2025/08/05 10:54:10 Run 8 complete
2025/08/05 10:54:10 StationSystem update...
2025/08/05 10:54:10 weather update count: 900
2025/08/05 10:54:10 StationSystem update time: 3.393µs
2025/08/05 10:54:10 SatelliteSystem update...
2025/08/05 10:54:10 satellite count: 1800
2025/08/05 10:54:10 SatelliteSystem update time: 5.057046ms
2025/08/05 10:54:10 TopoSystem update...
2025/08/05 10:54:10 TopoSystem: Link count: 1620000
2025/08/05 10:54:10 TopoSystem update time: 22.901ms
2025/08/05 10:54:10 AttenuationSystem update...
2025/08/05 10:54:10 AttenuationSystem parallel flag: 0
2025/08/05 10:54:11 Attenuation computed count: 1620000
2025/08/05 10:54:11 AttenuationSystem update time: 1.616591353s
2025/08/05 10:54:11 Run 9 complete
2025/08/05 10:54:11 StationSystem update...
2025/08/05 10:54:11 weather update count: 900
2025/08/05 10:54:11 SatelliteSystem update...
2025/08/05 10:54:11 StationSystem update time: 3.549µs
2025/08/05 10:54:11 satellite count: 1800
2025/08/05 10:54:11 SatelliteSystem update time: 5.174203ms
2025/08/05 10:54:11 TopoSystem update...
2025/08/05 10:54:11 TopoSystem: Link count: 1620000
2025/08/05 10:54:11 TopoSystem update time: 25.085759ms
2025/08/05 10:54:11 AttenuationSystem update...
2025/08/05 10:54:11 AttenuationSystem parallel flag: 0
2025/08/05 10:54:13 Attenuation computed count: 1620000
2025/08/05 10:54:13 AttenuationSystem update time: 1.625208555s
2025/08/05 10:54:13 Run 10 complete
2025/08/05 10:54:13 Total update time:  17.239168369s
2025/08/05 10:54:13 linkCache size: 40

 Performance counter stats for './scale_ecs 900 1800 10 4 2 0':

        34,176,399      cache-references                                                      
         8,321,709      cache-misses                     #   24.35% of all cache refs         

      17.248577148 seconds time elapsed

      33.083741000 seconds user
       0.138032000 seconds sys


