ECS running with 900 stations, 2000 satellites, 8 numWGs and 4 numBlocks for 10 rounds in 1 parallel pattern
2025/08/05 11:02:07 StationSystem update...
2025/08/05 11:02:07 weather update count: 900
2025/08/05 11:02:07 StationSystem update time: 5.037µs
2025/08/05 11:02:07 SatelliteSystem update...
2025/08/05 11:02:07 satellite count: 2000
2025/08/05 11:02:07 SatelliteSystem update time: 7.555471ms
2025/08/05 11:02:07 TopoSystem update...
2025/08/05 11:02:07 TopoSystem: Link count: 1800000
2025/08/05 11:02:07 TopoSystem update time: 55.335251ms
2025/08/05 11:02:07 AttenuationSystem update...
2025/08/05 11:02:07 AttenuationSystem parallel flag: 1
2025/08/05 11:02:07 Attenuation computed count: 1800000
2025/08/05 11:02:07 AttenuationSystem update time: 535.995668ms
2025/08/05 11:02:07 Run 1 complete
2025/08/05 11:02:07 StationSystem update...
2025/08/05 11:02:07 weather update count: 900
2025/08/05 11:02:07 StationSystem update time: 4.516µs
2025/08/05 11:02:07 SatelliteSystem update...
2025/08/05 11:02:07 satellite count: 2000
2025/08/05 11:02:07 SatelliteSystem update time: 7.582242ms
2025/08/05 11:02:07 TopoSystem update...
2025/08/05 11:02:08 TopoSystem: Link count: 1800000
2025/08/05 11:02:08 TopoSystem update time: 48.665936ms
2025/08/05 11:02:08 AttenuationSystem update...
2025/08/05 11:02:08 AttenuationSystem parallel flag: 1
2025/08/05 11:02:08 Attenuation computed count: 1800000
2025/08/05 11:02:08 AttenuationSystem update time: 524.212396ms
2025/08/05 11:02:08 Run 2 complete
2025/08/05 11:02:08 StationSystem update...
2025/08/05 11:02:08 weather update count: 900
2025/08/05 11:02:08 StationSystem update time: 3.584µs
2025/08/05 11:02:08 SatelliteSystem update...
2025/08/05 11:02:08 satellite count: 2000
2025/08/05 11:02:08 SatelliteSystem update time: 7.550319ms
2025/08/05 11:02:08 TopoSystem update...
2025/08/05 11:02:08 TopoSystem: Link count: 1800000
2025/08/05 11:02:08 TopoSystem update time: 25.249176ms
2025/08/05 11:02:08 AttenuationSystem update...
2025/08/05 11:02:08 AttenuationSystem parallel flag: 1
2025/08/05 11:02:09 Attenuation computed count: 1800000
2025/08/05 11:02:09 AttenuationSystem update time: 545.104347ms
2025/08/05 11:02:09 Run 3 complete
2025/08/05 11:02:09 StationSystem update...
2025/08/05 11:02:09 weather update count: 900
2025/08/05 11:02:09 StationSystem update time: 3.953µs
2025/08/05 11:02:09 SatelliteSystem update...
2025/08/05 11:02:09 satellite count: 2000
2025/08/05 11:02:09 SatelliteSystem update time: 7.549649ms
2025/08/05 11:02:09 TopoSystem update...
2025/08/05 11:02:09 TopoSystem: Link count: 1800000
2025/08/05 11:02:09 TopoSystem update time: 27.891872ms
2025/08/05 11:02:09 AttenuationSystem update...
2025/08/05 11:02:09 AttenuationSystem parallel flag: 1
2025/08/05 11:02:09 Attenuation computed count: 1800000
2025/08/05 11:02:09 AttenuationSystem update time: 548.615728ms
2025/08/05 11:02:09 Run 4 complete
2025/08/05 11:02:09 StationSystem update...
2025/08/05 11:02:09 weather update count: 900
2025/08/05 11:02:09 StationSystem update time: 3.607µs
2025/08/05 11:02:09 SatelliteSystem update...
2025/08/05 11:02:09 satellite count: 2000
2025/08/05 11:02:09 SatelliteSystem update time: 7.55696ms
2025/08/05 11:02:09 TopoSystem update...
2025/08/05 11:02:09 TopoSystem: Link count: 1800000
2025/08/05 11:02:09 TopoSystem update time: 28.902979ms
2025/08/05 11:02:09 AttenuationSystem update...
2025/08/05 11:02:09 AttenuationSystem parallel flag: 1
2025/08/05 11:02:10 Attenuation computed count: 1800000
2025/08/05 11:02:10 AttenuationSystem update time: 533.604419ms
2025/08/05 11:02:10 Run 5 complete
2025/08/05 11:02:10 StationSystem update...
2025/08/05 11:02:10 weather update count: 900
2025/08/05 11:02:10 StationSystem update time: 4.247µs
2025/08/05 11:02:10 SatelliteSystem update...
2025/08/05 11:02:10 satellite count: 2000
2025/08/05 11:02:10 SatelliteSystem update time: 7.544133ms
2025/08/05 11:02:10 TopoSystem update...
2025/08/05 11:02:10 TopoSystem: Link count: 1800000
2025/08/05 11:02:10 TopoSystem update time: 24.30467ms
2025/08/05 11:02:10 AttenuationSystem update...
2025/08/05 11:02:10 AttenuationSystem parallel flag: 1
2025/08/05 11:02:10 Attenuation computed count: 1800000
2025/08/05 11:02:10 AttenuationSystem update time: 515.834424ms
2025/08/05 11:02:10 Run 6 complete
2025/08/05 11:02:10 StationSystem update...
2025/08/05 11:02:10 weather update count: 900
2025/08/05 11:02:10 StationSystem update time: 3.791µs
2025/08/05 11:02:10 SatelliteSystem update...
2025/08/05 11:02:10 satellite count: 2000
2025/08/05 11:02:10 SatelliteSystem update time: 7.546013ms
2025/08/05 11:02:10 TopoSystem update...
2025/08/05 11:02:10 TopoSystem: Link count: 1800000
2025/08/05 11:02:10 TopoSystem update time: 27.083032ms
2025/08/05 11:02:10 AttenuationSystem update...
2025/08/05 11:02:10 AttenuationSystem parallel flag: 1
2025/08/05 11:02:11 Attenuation computed count: 1800000
2025/08/05 11:02:11 AttenuationSystem update time: 533.02076ms
2025/08/05 11:02:11 Run 7 complete
2025/08/05 11:02:11 StationSystem update...
2025/08/05 11:02:11 weather update count: 900
2025/08/05 11:02:11 StationSystem update time: 3.887µs
2025/08/05 11:02:11 SatelliteSystem update...
2025/08/05 11:02:11 satellite count: 2000
2025/08/05 11:02:11 SatelliteSystem update time: 7.558874ms
2025/08/05 11:02:11 TopoSystem update...
2025/08/05 11:02:11 TopoSystem: Link count: 1800000
2025/08/05 11:02:11 TopoSystem update time: 28.082899ms
2025/08/05 11:02:11 AttenuationSystem update...
2025/08/05 11:02:11 AttenuationSystem parallel flag: 1
2025/08/05 11:02:11 Attenuation computed count: 1800000
2025/08/05 11:02:11 AttenuationSystem update time: 539.538631ms
2025/08/05 11:02:11 Run 8 complete
2025/08/05 11:02:11 StationSystem update...
2025/08/05 11:02:11 weather update count: 900
2025/08/05 11:02:11 StationSystem update time: 3.755µs
2025/08/05 11:02:11 SatelliteSystem update...
2025/08/05 11:02:11 satellite count: 2000
2025/08/05 11:02:11 SatelliteSystem update time: 7.603346ms
2025/08/05 11:02:11 TopoSystem update...
2025/08/05 11:02:12 TopoSystem: Link count: 1800000
2025/08/05 11:02:12 TopoSystem update time: 27.623124ms
2025/08/05 11:02:12 AttenuationSystem update...
2025/08/05 11:02:12 AttenuationSystem parallel flag: 1
2025/08/05 11:02:12 Attenuation computed count: 1800000
2025/08/05 11:02:12 AttenuationSystem update time: 521.911917ms
2025/08/05 11:02:12 Run 9 complete
2025/08/05 11:02:12 StationSystem update...
2025/08/05 11:02:12 weather update count: 900
2025/08/05 11:02:12 StationSystem update time: 3.917µs
2025/08/05 11:02:12 SatelliteSystem update...
2025/08/05 11:02:12 satellite count: 2000
2025/08/05 11:02:12 SatelliteSystem update time: 5.617548ms
2025/08/05 11:02:12 TopoSystem update...
2025/08/05 11:02:12 TopoSystem: Link count: 1800000
2025/08/05 11:02:12 TopoSystem update time: 24.590908ms
2025/08/05 11:02:12 AttenuationSystem update...
2025/08/05 11:02:12 AttenuationSystem parallel flag: 1
2025/08/05 11:02:13 Attenuation computed count: 1800000
2025/08/05 11:02:13 AttenuationSystem update time: 539.539731ms
2025/08/05 11:02:13 Run 10 complete
2025/08/05 11:02:13 Total update time:  5.739987892s
2025/08/05 11:02:13 linkCache size: 40

 Performance counter stats for './scale_ecs 900 2000 10 8 4 1':

        37,221,171      cache-references                                                      
         9,193,759      cache-misses                     #   24.70% of all cache refs         

       5.750374654 seconds time elapsed

      36.869736000 seconds user
       0.093019000 seconds sys


