ECS running with 1000 stations, 1100 satellites, 8 numWGs and 8 numBlocks for 10 rounds in 0 parallel pattern
2025/08/05 11:14:09 StationSystem update...
2025/08/05 11:14:09 weather update count: 1000
2025/08/05 11:14:09 StationSystem update time: 5.221µs
2025/08/05 11:14:09 SatelliteSystem update...
2025/08/05 11:14:09 satellite count: 1100
2025/08/05 11:14:09 SatelliteSystem update time: 4.348778ms
2025/08/05 11:14:09 TopoSystem update...
2025/08/05 11:14:09 TopoSystem: Link count: 1100000
2025/08/05 11:14:09 TopoSystem update time: 34.51524ms
2025/08/05 11:14:09 AttenuationSystem update...
2025/08/05 11:14:09 AttenuationSystem parallel flag: 0
2025/08/05 11:14:10 Attenuation computed count: 1100000
2025/08/05 11:14:10 AttenuationSystem update time: 314.954267ms
2025/08/05 11:14:10 Run 1 complete
2025/08/05 11:14:10 StationSystem update...
2025/08/05 11:14:10 weather update count: 1000
2025/08/05 11:14:10 StationSystem update time: 4.171µs
2025/08/05 11:14:10 SatelliteSystem update...
2025/08/05 11:14:10 satellite count: 1100
2025/08/05 11:14:10 SatelliteSystem update time: 4.173545ms
2025/08/05 11:14:10 TopoSystem update...
2025/08/05 11:14:10 TopoSystem: Link count: 1100000
2025/08/05 11:14:10 TopoSystem update time: 31.65779ms
2025/08/05 11:14:10 AttenuationSystem update...
2025/08/05 11:14:10 AttenuationSystem parallel flag: 0
2025/08/05 11:14:10 Attenuation computed count: 1100000
2025/08/05 11:14:10 AttenuationSystem update time: 331.664385ms
2025/08/05 11:14:10 Run 2 complete
2025/08/05 11:14:10 StationSystem update...
2025/08/05 11:14:10 weather update count: 1000
2025/08/05 11:14:10 StationSystem update time: 3.307µs
2025/08/05 11:14:10 SatelliteSystem update...
2025/08/05 11:14:10 satellite count: 1100
2025/08/05 11:14:10 SatelliteSystem update time: 3.112867ms
2025/08/05 11:14:10 TopoSystem update...
2025/08/05 11:14:10 TopoSystem: Link count: 1100000
2025/08/05 11:14:10 TopoSystem update time: 13.651479ms
2025/08/05 11:14:10 AttenuationSystem update...
2025/08/05 11:14:10 AttenuationSystem parallel flag: 0
2025/08/05 11:14:11 Attenuation computed count: 1100000
2025/08/05 11:14:11 AttenuationSystem update time: 345.272298ms
2025/08/05 11:14:11 Run 3 complete
2025/08/05 11:14:11 StationSystem update...
2025/08/05 11:14:11 weather update count: 1000
2025/08/05 11:14:11 StationSystem update time: 3.746µs
2025/08/05 11:14:11 SatelliteSystem update...
2025/08/05 11:14:11 satellite count: 1100
2025/08/05 11:14:11 SatelliteSystem update time: 4.171546ms
2025/08/05 11:14:11 TopoSystem update...
2025/08/05 11:14:11 TopoSystem: Link count: 1100000
2025/08/05 11:14:11 TopoSystem update time: 15.664245ms
2025/08/05 11:14:11 AttenuationSystem update...
2025/08/05 11:14:11 AttenuationSystem parallel flag: 0
2025/08/05 11:14:11 Attenuation computed count: 1100000
2025/08/05 11:14:11 AttenuationSystem update time: 325.001807ms
2025/08/05 11:14:11 Run 4 complete
2025/08/05 11:14:11 StationSystem update...
2025/08/05 11:14:11 weather update count: 1000
2025/08/05 11:14:11 StationSystem update time: 3.337µs
2025/08/05 11:14:11 SatelliteSystem update...
2025/08/05 11:14:11 satellite count: 1100
2025/08/05 11:14:11 SatelliteSystem update time: 4.174004ms
2025/08/05 11:14:11 TopoSystem update...
2025/08/05 11:14:11 TopoSystem: Link count: 1100000
2025/08/05 11:14:11 TopoSystem update time: 21.249867ms
2025/08/05 11:14:11 AttenuationSystem update...
2025/08/05 11:14:11 AttenuationSystem parallel flag: 0
2025/08/05 11:14:11 Attenuation computed count: 1100000
2025/08/05 11:14:11 AttenuationSystem update time: 321.141303ms
2025/08/05 11:14:11 Run 5 complete
2025/08/05 11:14:11 StationSystem update...
2025/08/05 11:14:11 weather update count: 1000
2025/08/05 11:14:11 StationSystem update time: 3.721µs
2025/08/05 11:14:11 SatelliteSystem update...
2025/08/05 11:14:11 satellite count: 1100
2025/08/05 11:14:11 SatelliteSystem update time: 4.250037ms
2025/08/05 11:14:11 TopoSystem update...
2025/08/05 11:14:11 TopoSystem: Link count: 1100000
2025/08/05 11:14:11 TopoSystem update time: 15.872919ms
2025/08/05 11:14:11 AttenuationSystem update...
2025/08/05 11:14:11 AttenuationSystem parallel flag: 0
2025/08/05 11:14:12 Attenuation computed count: 1100000
2025/08/05 11:14:12 AttenuationSystem update time: 348.852821ms
2025/08/05 11:14:12 Run 6 complete
2025/08/05 11:14:12 StationSystem update...
2025/08/05 11:14:12 weather update count: 1000
2025/08/05 11:14:12 StationSystem update time: 4.025µs
2025/08/05 11:14:12 SatelliteSystem update...
2025/08/05 11:14:12 satellite count: 1100
2025/08/05 11:14:12 SatelliteSystem update time: 4.180689ms
2025/08/05 11:14:12 TopoSystem update...
2025/08/05 11:14:12 TopoSystem: Link count: 1100000
2025/08/05 11:14:12 TopoSystem update time: 16.749512ms
2025/08/05 11:14:12 AttenuationSystem update...
2025/08/05 11:14:12 AttenuationSystem parallel flag: 0
2025/08/05 11:14:12 Attenuation computed count: 1100000
2025/08/05 11:14:12 AttenuationSystem update time: 328.931873ms
2025/08/05 11:14:12 Run 7 complete
2025/08/05 11:14:12 StationSystem update...
2025/08/05 11:14:12 weather update count: 1000
2025/08/05 11:14:12 StationSystem update time: 3.967µs
2025/08/05 11:14:12 SatelliteSystem update...
2025/08/05 11:14:12 satellite count: 1100
2025/08/05 11:14:12 SatelliteSystem update time: 4.244028ms
2025/08/05 11:14:12 TopoSystem update...
2025/08/05 11:14:12 TopoSystem: Link count: 1100000
2025/08/05 11:14:12 TopoSystem update time: 16.224676ms
2025/08/05 11:14:12 AttenuationSystem update...
2025/08/05 11:14:12 AttenuationSystem parallel flag: 0
2025/08/05 11:14:12 Attenuation computed count: 1100000
2025/08/05 11:14:12 AttenuationSystem update time: 336.54764ms
2025/08/05 11:14:12 Run 8 complete
2025/08/05 11:14:12 StationSystem update...
2025/08/05 11:14:12 weather update count: 1000
2025/08/05 11:14:12 StationSystem update time: 3.754µs
2025/08/05 11:14:12 SatelliteSystem update...
2025/08/05 11:14:12 satellite count: 1100
2025/08/05 11:14:12 SatelliteSystem update time: 4.164623ms
2025/08/05 11:14:12 TopoSystem update...
2025/08/05 11:14:12 TopoSystem: Link count: 1100000
2025/08/05 11:14:12 TopoSystem update time: 15.507009ms
2025/08/05 11:14:12 AttenuationSystem update...
2025/08/05 11:14:12 AttenuationSystem parallel flag: 0
2025/08/05 11:14:13 Attenuation computed count: 1100000
2025/08/05 11:14:13 AttenuationSystem update time: 328.494864ms
2025/08/05 11:14:13 Run 9 complete
2025/08/05 11:14:13 StationSystem update...
2025/08/05 11:14:13 weather update count: 1000
2025/08/05 11:14:13 StationSystem update time: 3.626µs
2025/08/05 11:14:13 SatelliteSystem update...
2025/08/05 11:14:13 satellite count: 1100
2025/08/05 11:14:13 SatelliteSystem update time: 4.187716ms
2025/08/05 11:14:13 TopoSystem update...
2025/08/05 11:14:13 TopoSystem: Link count: 1100000
2025/08/05 11:14:13 TopoSystem update time: 15.510773ms
2025/08/05 11:14:13 AttenuationSystem update...
2025/08/05 11:14:13 AttenuationSystem parallel flag: 0
2025/08/05 11:14:13 Attenuation computed count: 1100000
2025/08/05 11:14:13 AttenuationSystem update time: 348.411781ms
2025/08/05 11:14:13 Run 10 complete
2025/08/05 11:14:13 Total update time:  3.573387038s
2025/08/05 11:14:13 linkCache size: 40

 Performance counter stats for './scale_ecs 1000 1100 10 8 8 0':

        22,998,005      cache-references                                                      
         4,447,162      cache-misses                     #   19.34% of all cache refs         

       3.580997002 seconds time elapsed

      23.186217000 seconds user
       0.060016000 seconds sys


