ECS running with 600 stations, 600 satellites, 4 numWGs and 2 numBlocks for 10 rounds in 0 parallel pattern
2025/08/05 08:26:37 StationSystem update...
2025/08/05 08:26:37 weather update count: 600
2025/08/05 08:26:37 StationSystem update time: 4.176µs
2025/08/05 08:26:37 SatelliteSystem update...
2025/08/05 08:26:37 satellite count: 600
2025/08/05 08:26:37 SatelliteSystem update time: 2.297923ms
2025/08/05 08:26:37 TopoSystem update...
2025/08/05 08:26:37 TopoSystem: Link count: 360000
2025/08/05 08:26:37 TopoSystem update time: 12.628713ms
2025/08/05 08:26:37 AttenuationSystem update...
2025/08/05 08:26:37 AttenuationSystem parallel flag: 0
2025/08/05 08:26:37 Attenuation computed count: 360000
2025/08/05 08:26:37 AttenuationSystem update time: 410.780364ms
2025/08/05 08:26:37 Run 1 complete
2025/08/05 08:26:37 StationSystem update...
2025/08/05 08:26:37 weather update count: 600
2025/08/05 08:26:37 StationSystem update time: 2.844µs
2025/08/05 08:26:37 SatelliteSystem update...
2025/08/05 08:26:37 satellite count: 600
2025/08/05 08:26:37 SatelliteSystem update time: 2.284664ms
2025/08/05 08:26:37 TopoSystem update...
2025/08/05 08:26:37 TopoSystem: Link count: 360000
2025/08/05 08:26:37 TopoSystem update time: 8.493401ms
2025/08/05 08:26:37 AttenuationSystem update...
2025/08/05 08:26:37 AttenuationSystem parallel flag: 0
2025/08/05 08:26:38 Attenuation computed count: 360000
2025/08/05 08:26:38 AttenuationSystem update time: 410.496574ms
2025/08/05 08:26:38 Run 2 complete
2025/08/05 08:26:38 StationSystem update...
2025/08/05 08:26:38 weather update count: 600
2025/08/05 08:26:38 StationSystem update time: 2.548µs
2025/08/05 08:26:38 SatelliteSystem update...
2025/08/05 08:26:38 satellite count: 600
2025/08/05 08:26:38 SatelliteSystem update time: 2.292239ms
2025/08/05 08:26:38 TopoSystem update...
2025/08/05 08:26:38 TopoSystem: Link count: 360000
2025/08/05 08:26:38 TopoSystem update time: 7.129314ms
2025/08/05 08:26:38 AttenuationSystem update...
2025/08/05 08:26:38 AttenuationSystem parallel flag: 0
2025/08/05 08:26:38 Attenuation computed count: 360000
2025/08/05 08:26:38 AttenuationSystem update time: 410.344809ms
2025/08/05 08:26:38 Run 3 complete
2025/08/05 08:26:38 StationSystem update...
2025/08/05 08:26:38 weather update count: 600
2025/08/05 08:26:38 StationSystem update time: 2.581µs
2025/08/05 08:26:38 SatelliteSystem update...
2025/08/05 08:26:38 satellite count: 600
2025/08/05 08:26:38 SatelliteSystem update time: 2.270858ms
2025/08/05 08:26:38 TopoSystem update...
2025/08/05 08:26:38 TopoSystem: Link count: 360000
2025/08/05 08:26:38 TopoSystem update time: 12.327215ms
2025/08/05 08:26:38 AttenuationSystem update...
2025/08/05 08:26:38 AttenuationSystem parallel flag: 0
2025/08/05 08:26:39 Attenuation computed count: 360000
2025/08/05 08:26:39 AttenuationSystem update time: 437.29891ms
2025/08/05 08:26:39 Run 4 complete
2025/08/05 08:26:39 StationSystem update...
2025/08/05 08:26:39 weather update count: 600
2025/08/05 08:26:39 StationSystem update time: 2.938µs
2025/08/05 08:26:39 SatelliteSystem update...
2025/08/05 08:26:39 satellite count: 600
2025/08/05 08:26:39 SatelliteSystem update time: 3.058117ms
2025/08/05 08:26:39 TopoSystem update...
2025/08/05 08:26:39 TopoSystem: Link count: 360000
2025/08/05 08:26:39 TopoSystem update time: 9.25179ms
2025/08/05 08:26:39 AttenuationSystem update...
2025/08/05 08:26:39 AttenuationSystem parallel flag: 0
2025/08/05 08:26:39 Attenuation computed count: 360000
2025/08/05 08:26:39 AttenuationSystem update time: 442.479889ms
2025/08/05 08:26:39 Run 5 complete
2025/08/05 08:26:39 StationSystem update...
2025/08/05 08:26:39 weather update count: 600
2025/08/05 08:26:39 StationSystem update time: 2.381µs
2025/08/05 08:26:39 SatelliteSystem update...
2025/08/05 08:26:39 satellite count: 600
2025/08/05 08:26:39 SatelliteSystem update time: 2.285227ms
2025/08/05 08:26:39 TopoSystem update...
2025/08/05 08:26:39 TopoSystem: Link count: 360000
2025/08/05 08:26:39 TopoSystem update time: 5.410915ms
2025/08/05 08:26:39 AttenuationSystem update...
2025/08/05 08:26:39 AttenuationSystem parallel flag: 0
2025/08/05 08:26:39 Attenuation computed count: 360000
2025/08/05 08:26:39 AttenuationSystem update time: 390.253948ms
2025/08/05 08:26:39 Run 6 complete
2025/08/05 08:26:39 StationSystem update...
2025/08/05 08:26:39 weather update count: 600
2025/08/05 08:26:39 StationSystem update time: 2.051µs
2025/08/05 08:26:39 SatelliteSystem update...
2025/08/05 08:26:39 satellite count: 600
2025/08/05 08:26:39 SatelliteSystem update time: 1.697013ms
2025/08/05 08:26:39 TopoSystem update...
2025/08/05 08:26:39 TopoSystem: Link count: 360000
2025/08/05 08:26:39 TopoSystem update time: 18.724503ms
2025/08/05 08:26:39 AttenuationSystem update...
2025/08/05 08:26:39 AttenuationSystem parallel flag: 0
2025/08/05 08:26:40 Attenuation computed count: 360000
2025/08/05 08:26:40 AttenuationSystem update time: 433.816808ms
2025/08/05 08:26:40 Run 7 complete
2025/08/05 08:26:40 StationSystem update...
2025/08/05 08:26:40 weather update count: 600
2025/08/05 08:26:40 StationSystem update time: 2.804µs
2025/08/05 08:26:40 SatelliteSystem update...
2025/08/05 08:26:40 satellite count: 600
2025/08/05 08:26:40 SatelliteSystem update time: 2.281292ms
2025/08/05 08:26:40 TopoSystem update...
2025/08/05 08:26:40 TopoSystem: Link count: 360000
2025/08/05 08:26:40 TopoSystem update time: 5.574296ms
2025/08/05 08:26:40 AttenuationSystem update...
2025/08/05 08:26:40 AttenuationSystem parallel flag: 0
2025/08/05 08:26:40 Attenuation computed count: 360000
2025/08/05 08:26:40 AttenuationSystem update time: 445.567775ms
2025/08/05 08:26:40 Run 8 complete
2025/08/05 08:26:40 StationSystem update...
2025/08/05 08:26:40 weather update count: 600
2025/08/05 08:26:40 StationSystem update time: 2.843µs
2025/08/05 08:26:40 SatelliteSystem update...
2025/08/05 08:26:40 satellite count: 600
2025/08/05 08:26:40 SatelliteSystem update time: 2.285989ms
2025/08/05 08:26:40 TopoSystem update...
2025/08/05 08:26:40 TopoSystem: Link count: 360000
2025/08/05 08:26:40 TopoSystem update time: 16.676927ms
2025/08/05 08:26:40 AttenuationSystem update...
2025/08/05 08:26:40 AttenuationSystem parallel flag: 0
2025/08/05 08:26:41 Attenuation computed count: 360000
2025/08/05 08:26:41 AttenuationSystem update time: 442.431775ms
2025/08/05 08:26:41 Run 9 complete
2025/08/05 08:26:41 StationSystem update...
2025/08/05 08:26:41 weather update count: 600
2025/08/05 08:26:41 StationSystem update time: 2.971µs
2025/08/05 08:26:41 SatelliteSystem update...
2025/08/05 08:26:41 satellite count: 600
2025/08/05 08:26:41 SatelliteSystem update time: 2.297149ms
2025/08/05 08:26:41 TopoSystem update...
2025/08/05 08:26:41 TopoSystem: Link count: 360000
2025/08/05 08:26:41 TopoSystem update time: 5.637188ms
2025/08/05 08:26:41 AttenuationSystem update...
2025/08/05 08:26:41 AttenuationSystem parallel flag: 0
2025/08/05 08:26:41 Attenuation computed count: 360000
2025/08/05 08:26:41 AttenuationSystem update time: 431.567432ms
2025/08/05 08:26:41 Run 10 complete
2025/08/05 08:26:41 Total update time:  4.383284036s
2025/08/05 08:26:41 linkCache size: 40

 Performance counter stats for './scale_ecs 600 600 10 4 2 0':

         8,259,961      cache-references                                                      
         1,305,549      cache-misses                     #   15.81% of all cache refs         

       4.389711171 seconds time elapsed

       8.390827000 seconds user
       0.054979000 seconds sys


