ECS running with 900 stations, 1400 satellites, 8 numWGs and 8 numBlocks for 10 rounds in 0 parallel pattern
2025/08/05 10:43:34 StationSystem update...
2025/08/05 10:43:34 weather update count: 900
2025/08/05 10:43:34 StationSystem update time: 5.049µs
2025/08/05 10:43:34 SatelliteSystem update...
2025/08/05 10:43:34 satellite count: 1400
2025/08/05 10:43:34 SatelliteSystem update time: 5.310868ms
2025/08/05 10:43:34 TopoSystem update...
2025/08/05 10:43:34 TopoSystem: Link count: 1260000
2025/08/05 10:43:34 TopoSystem update time: 33.538731ms
2025/08/05 10:43:34 AttenuationSystem update...
2025/08/05 10:43:34 AttenuationSystem parallel flag: 0
2025/08/05 10:43:34 Attenuation computed count: 1260000
2025/08/05 10:43:34 AttenuationSystem update time: 359.59355ms
2025/08/05 10:43:34 Run 1 complete
2025/08/05 10:43:34 StationSystem update...
2025/08/05 10:43:34 weather update count: 900
2025/08/05 10:43:34 StationSystem update time: 3.673µs
2025/08/05 10:43:34 SatelliteSystem update...
2025/08/05 10:43:34 satellite count: 1400
2025/08/05 10:43:34 SatelliteSystem update time: 5.319649ms
2025/08/05 10:43:34 TopoSystem update...
2025/08/05 10:43:34 TopoSystem: Link count: 1260000
2025/08/05 10:43:34 TopoSystem update time: 34.614745ms
2025/08/05 10:43:34 AttenuationSystem update...
2025/08/05 10:43:34 AttenuationSystem parallel flag: 0
2025/08/05 10:43:35 Attenuation computed count: 1260000
2025/08/05 10:43:35 AttenuationSystem update time: 383.841118ms
2025/08/05 10:43:35 Run 2 complete
2025/08/05 10:43:35 StationSystem update...
2025/08/05 10:43:35 weather update count: 900
2025/08/05 10:43:35 StationSystem update time: 2.917µs
2025/08/05 10:43:35 SatelliteSystem update...
2025/08/05 10:43:35 satellite count: 1400
2025/08/05 10:43:35 SatelliteSystem update time: 5.300712ms
2025/08/05 10:43:35 TopoSystem update...
2025/08/05 10:43:35 TopoSystem: Link count: 1260000
2025/08/05 10:43:35 TopoSystem update time: 17.821598ms
2025/08/05 10:43:35 AttenuationSystem update...
2025/08/05 10:43:35 AttenuationSystem parallel flag: 0
2025/08/05 10:43:35 Attenuation computed count: 1260000
2025/08/05 10:43:35 AttenuationSystem update time: 357.469285ms
2025/08/05 10:43:35 Run 3 complete
2025/08/05 10:43:35 StationSystem update...
2025/08/05 10:43:35 weather update count: 900
2025/08/05 10:43:35 StationSystem update time: 3.676µs
2025/08/05 10:43:35 SatelliteSystem update...
2025/08/05 10:43:35 satellite count: 1400
2025/08/05 10:43:35 SatelliteSystem update time: 5.304116ms
2025/08/05 10:43:35 TopoSystem update...
2025/08/05 10:43:35 TopoSystem: Link count: 1260000
2025/08/05 10:43:35 TopoSystem update time: 19.281553ms
2025/08/05 10:43:35 AttenuationSystem update...
2025/08/05 10:43:35 AttenuationSystem parallel flag: 0
2025/08/05 10:43:35 Attenuation computed count: 1260000
2025/08/05 10:43:35 AttenuationSystem update time: 360.49606ms
2025/08/05 10:43:35 Run 4 complete
2025/08/05 10:43:35 StationSystem update...
2025/08/05 10:43:35 weather update count: 900
2025/08/05 10:43:35 StationSystem update time: 3.687µs
2025/08/05 10:43:35 SatelliteSystem update...
2025/08/05 10:43:35 satellite count: 1400
2025/08/05 10:43:35 SatelliteSystem update time: 5.32448ms
2025/08/05 10:43:35 TopoSystem update...
2025/08/05 10:43:35 TopoSystem: Link count: 1260000
2025/08/05 10:43:35 TopoSystem update time: 18.003916ms
2025/08/05 10:43:35 AttenuationSystem update...
2025/08/05 10:43:35 AttenuationSystem parallel flag: 0
2025/08/05 10:43:36 Attenuation computed count: 1260000
2025/08/05 10:43:36 AttenuationSystem update time: 349.080026ms
2025/08/05 10:43:36 Run 5 complete
2025/08/05 10:43:36 StationSystem update...
2025/08/05 10:43:36 SatelliteSystem update...
2025/08/05 10:43:36 weather update count: 900
2025/08/05 10:43:36 StationSystem update time: 4.905µs
2025/08/05 10:43:36 satellite count: 1400
2025/08/05 10:43:36 SatelliteSystem update time: 3.933848ms
2025/08/05 10:43:36 TopoSystem update...
2025/08/05 10:43:36 TopoSystem: Link count: 1260000
2025/08/05 10:43:36 TopoSystem update time: 14.640592ms
2025/08/05 10:43:36 AttenuationSystem update...
2025/08/05 10:43:36 AttenuationSystem parallel flag: 0
2025/08/05 10:43:36 Attenuation computed count: 1260000
2025/08/05 10:43:36 AttenuationSystem update time: 379.85148ms
2025/08/05 10:43:36 Run 6 complete
2025/08/05 10:43:36 StationSystem update...
2025/08/05 10:43:36 weather update count: 900
2025/08/05 10:43:36 StationSystem update time: 3.552µs
2025/08/05 10:43:36 SatelliteSystem update...
2025/08/05 10:43:36 satellite count: 1400
2025/08/05 10:43:36 SatelliteSystem update time: 5.382391ms
2025/08/05 10:43:36 TopoSystem update...
2025/08/05 10:43:36 TopoSystem: Link count: 1260000
2025/08/05 10:43:36 TopoSystem update time: 18.293655ms
2025/08/05 10:43:36 AttenuationSystem update...
2025/08/05 10:43:36 AttenuationSystem parallel flag: 0
2025/08/05 10:43:37 Attenuation computed count: 1260000
2025/08/05 10:43:37 AttenuationSystem update time: 387.861536ms
2025/08/05 10:43:37 Run 7 complete
2025/08/05 10:43:37 StationSystem update...
2025/08/05 10:43:37 weather update count: 900
2025/08/05 10:43:37 StationSystem update time: 3.411µs
2025/08/05 10:43:37 SatelliteSystem update...
2025/08/05 10:43:37 satellite count: 1400
2025/08/05 10:43:37 SatelliteSystem update time: 3.93685ms
2025/08/05 10:43:37 TopoSystem update...
2025/08/05 10:43:37 TopoSystem: Link count: 1260000
2025/08/05 10:43:37 TopoSystem update time: 17.156253ms
2025/08/05 10:43:37 AttenuationSystem update...
2025/08/05 10:43:37 AttenuationSystem parallel flag: 0
2025/08/05 10:43:37 Attenuation computed count: 1260000
2025/08/05 10:43:37 AttenuationSystem update time: 324.367011ms
2025/08/05 10:43:37 Run 8 complete
2025/08/05 10:43:37 StationSystem update...
2025/08/05 10:43:37 weather update count: 900
2025/08/05 10:43:37 StationSystem update time: 3.992µs
2025/08/05 10:43:37 SatelliteSystem update...
2025/08/05 10:43:37 satellite count: 1400
2025/08/05 10:43:37 SatelliteSystem update time: 5.304949ms
2025/08/05 10:43:37 TopoSystem update...
2025/08/05 10:43:37 TopoSystem: Link count: 1260000
2025/08/05 10:43:37 TopoSystem update time: 19.091713ms
2025/08/05 10:43:37 AttenuationSystem update...
2025/08/05 10:43:37 AttenuationSystem parallel flag: 0
2025/08/05 10:43:37 Attenuation computed count: 1260000
2025/08/05 10:43:37 AttenuationSystem update time: 395.353668ms
2025/08/05 10:43:37 Run 9 complete
2025/08/05 10:43:37 StationSystem update...
2025/08/05 10:43:37 weather update count: 900
2025/08/05 10:43:37 StationSystem update time: 3.527µs
2025/08/05 10:43:37 SatelliteSystem update...
2025/08/05 10:43:37 satellite count: 1400
2025/08/05 10:43:37 SatelliteSystem update time: 5.322625ms
2025/08/05 10:43:37 TopoSystem update...
2025/08/05 10:43:37 TopoSystem: Link count: 1260000
2025/08/05 10:43:37 TopoSystem update time: 25.158096ms
2025/08/05 10:43:37 AttenuationSystem update...
2025/08/05 10:43:37 AttenuationSystem parallel flag: 0
2025/08/05 10:43:38 Attenuation computed count: 1260000
2025/08/05 10:43:38 AttenuationSystem update time: 317.343945ms
2025/08/05 10:43:38 Run 10 complete
2025/08/05 10:43:38 Total update time:  3.890330224s
2025/08/05 10:43:38 linkCache size: 40

 Performance counter stats for './scale_ecs 900 1400 10 8 8 0':

        26,202,486      cache-references                                                      
         5,720,081      cache-misses                     #   21.83% of all cache refs         

       3.898253615 seconds time elapsed

      24.157912000 seconds user
       0.084069000 seconds sys


