ECS running with 900 stations, 1100 satellites, 8 numWGs and 4 numBlocks for 10 rounds in 0 parallel pattern
2025/08/05 10:36:16 StationSystem update...
2025/08/05 10:36:16 SatelliteSystem update...
2025/08/05 10:36:16 weather update count: 900
2025/08/05 10:36:16 StationSystem update time: 6.721µs
2025/08/05 10:36:16 satellite count: 1100
2025/08/05 10:36:16 SatelliteSystem update time: 4.177772ms
2025/08/05 10:36:16 TopoSystem update...
2025/08/05 10:36:16 TopoSystem: Link count: 990000
2025/08/05 10:36:16 TopoSystem update time: 29.746166ms
2025/08/05 10:36:16 AttenuationSystem update...
2025/08/05 10:36:16 AttenuationSystem parallel flag: 0
2025/08/05 10:36:17 Attenuation computed count: 990000
2025/08/05 10:36:17 AttenuationSystem update time: 560.435093ms
2025/08/05 10:36:17 Run 1 complete
2025/08/05 10:36:17 StationSystem update...
2025/08/05 10:36:17 weather update count: 900
2025/08/05 10:36:17 StationSystem update time: 3.584µs
2025/08/05 10:36:17 SatelliteSystem update...
2025/08/05 10:36:17 satellite count: 1100
2025/08/05 10:36:17 SatelliteSystem update time: 4.170351ms
2025/08/05 10:36:17 TopoSystem update...
2025/08/05 10:36:17 TopoSystem: Link count: 990000
2025/08/05 10:36:17 TopoSystem update time: 26.88903ms
2025/08/05 10:36:17 AttenuationSystem update...
2025/08/05 10:36:17 AttenuationSystem parallel flag: 0
2025/08/05 10:36:17 Attenuation computed count: 990000
2025/08/05 10:36:17 AttenuationSystem update time: 570.935997ms
2025/08/05 10:36:17 Run 2 complete
2025/08/05 10:36:17 StationSystem update...
2025/08/05 10:36:17 weather update count: 900
2025/08/05 10:36:17 StationSystem update time: 3.564µs
2025/08/05 10:36:17 SatelliteSystem update...
2025/08/05 10:36:17 satellite count: 1100
2025/08/05 10:36:17 SatelliteSystem update time: 4.177729ms
2025/08/05 10:36:17 TopoSystem update...
2025/08/05 10:36:17 TopoSystem: Link count: 990000
2025/08/05 10:36:17 TopoSystem update time: 15.01266ms
2025/08/05 10:36:17 AttenuationSystem update...
2025/08/05 10:36:17 AttenuationSystem parallel flag: 0
2025/08/05 10:36:18 Attenuation computed count: 990000
2025/08/05 10:36:18 AttenuationSystem update time: 561.180649ms
2025/08/05 10:36:18 Run 3 complete
2025/08/05 10:36:18 StationSystem update...
2025/08/05 10:36:18 weather update count: 900
2025/08/05 10:36:18 StationSystem update time: 3.208µs
2025/08/05 10:36:18 SatelliteSystem update...
2025/08/05 10:36:18 satellite count: 1100
2025/08/05 10:36:18 SatelliteSystem update time: 3.10811ms
2025/08/05 10:36:18 TopoSystem update...
2025/08/05 10:36:18 TopoSystem: Link count: 990000
2025/08/05 10:36:18 TopoSystem update time: 13.685563ms
2025/08/05 10:36:18 AttenuationSystem update...
2025/08/05 10:36:18 AttenuationSystem parallel flag: 0
2025/08/05 10:36:18 Attenuation computed count: 990000
2025/08/05 10:36:18 AttenuationSystem update time: 525.50285ms
2025/08/05 10:36:18 Run 4 complete
2025/08/05 10:36:18 StationSystem update...
2025/08/05 10:36:18 weather update count: 900
2025/08/05 10:36:18 StationSystem update time: 3.361µs
2025/08/05 10:36:18 SatelliteSystem update...
2025/08/05 10:36:18 satellite count: 1100
2025/08/05 10:36:18 SatelliteSystem update time: 3.09861ms
2025/08/05 10:36:18 TopoSystem update...
2025/08/05 10:36:18 TopoSystem: Link count: 990000
2025/08/05 10:36:18 TopoSystem update time: 12.078636ms
2025/08/05 10:36:18 AttenuationSystem update...
2025/08/05 10:36:18 AttenuationSystem parallel flag: 0
2025/08/05 10:36:19 Attenuation computed count: 990000
2025/08/05 10:36:19 AttenuationSystem update time: 511.710744ms
2025/08/05 10:36:19 Run 5 complete
2025/08/05 10:36:19 StationSystem update...
2025/08/05 10:36:19 weather update count: 900
2025/08/05 10:36:19 StationSystem update time: 3.134µs
2025/08/05 10:36:19 SatelliteSystem update...
2025/08/05 10:36:19 satellite count: 1100
2025/08/05 10:36:19 SatelliteSystem update time: 3.097873ms
2025/08/05 10:36:19 TopoSystem update...
2025/08/05 10:36:19 TopoSystem: Link count: 990000
2025/08/05 10:36:19 TopoSystem update time: 11.481866ms
2025/08/05 10:36:19 AttenuationSystem update...
2025/08/05 10:36:19 AttenuationSystem parallel flag: 0
2025/08/05 10:36:19 Attenuation computed count: 990000
2025/08/05 10:36:19 AttenuationSystem update time: 535.411879ms
2025/08/05 10:36:19 Run 6 complete
2025/08/05 10:36:19 StationSystem update...
2025/08/05 10:36:19 weather update count: 900
2025/08/05 10:36:19 StationSystem update time: 3.577µs
2025/08/05 10:36:19 SatelliteSystem update...
2025/08/05 10:36:19 satellite count: 1100
2025/08/05 10:36:19 SatelliteSystem update time: 4.173008ms
2025/08/05 10:36:19 TopoSystem update...
2025/08/05 10:36:19 TopoSystem: Link count: 990000
2025/08/05 10:36:19 TopoSystem update time: 13.230764ms
2025/08/05 10:36:19 AttenuationSystem update...
2025/08/05 10:36:19 AttenuationSystem parallel flag: 0
2025/08/05 10:36:20 Attenuation computed count: 990000
2025/08/05 10:36:20 AttenuationSystem update time: 479.459267ms
2025/08/05 10:36:20 Run 7 complete
2025/08/05 10:36:20 StationSystem update...
2025/08/05 10:36:20 weather update count: 900
2025/08/05 10:36:20 StationSystem update time: 3.026µs
2025/08/05 10:36:20 SatelliteSystem update...
2025/08/05 10:36:20 satellite count: 1100
2025/08/05 10:36:20 SatelliteSystem update time: 3.114953ms
2025/08/05 10:36:20 TopoSystem update...
2025/08/05 10:36:20 TopoSystem: Link count: 990000
2025/08/05 10:36:20 TopoSystem update time: 11.44367ms
2025/08/05 10:36:20 AttenuationSystem update...
2025/08/05 10:36:20 AttenuationSystem parallel flag: 0
2025/08/05 10:36:20 Attenuation computed count: 990000
2025/08/05 10:36:20 AttenuationSystem update time: 563.546093ms
2025/08/05 10:36:20 Run 8 complete
2025/08/05 10:36:20 StationSystem update...
2025/08/05 10:36:20 weather update count: 900
2025/08/05 10:36:20 StationSystem update time: 3.816µs
2025/08/05 10:36:20 SatelliteSystem update...
2025/08/05 10:36:20 satellite count: 1100
2025/08/05 10:36:20 SatelliteSystem update time: 4.174771ms
2025/08/05 10:36:20 TopoSystem update...
2025/08/05 10:36:20 TopoSystem: Link count: 990000
2025/08/05 10:36:20 TopoSystem update time: 13.445389ms
2025/08/05 10:36:20 AttenuationSystem update...
2025/08/05 10:36:20 AttenuationSystem parallel flag: 0
2025/08/05 10:36:21 Attenuation computed count: 990000
2025/08/05 10:36:21 AttenuationSystem update time: 527.275612ms
2025/08/05 10:36:21 Run 9 complete
2025/08/05 10:36:21 StationSystem update...
2025/08/05 10:36:21 weather update count: 900
2025/08/05 10:36:21 StationSystem update time: 3.424µs
2025/08/05 10:36:21 SatelliteSystem update...
2025/08/05 10:36:21 satellite count: 1100
2025/08/05 10:36:21 SatelliteSystem update time: 4.174555ms
2025/08/05 10:36:21 TopoSystem update...
2025/08/05 10:36:21 TopoSystem: Link count: 990000
2025/08/05 10:36:21 TopoSystem update time: 13.114393ms
2025/08/05 10:36:21 AttenuationSystem update...
2025/08/05 10:36:21 AttenuationSystem parallel flag: 0
2025/08/05 10:36:22 Attenuation computed count: 990000
2025/08/05 10:36:22 AttenuationSystem update time: 542.606741ms
2025/08/05 10:36:22 Run 10 complete
2025/08/05 10:36:22 Total update time:  5.581488846s
2025/08/05 10:36:22 linkCache size: 40

 Performance counter stats for './scale_ecs 900 1100 10 8 4 0':

        20,664,147      cache-references                                                      
         4,508,945      cache-misses                     #   21.82% of all cache refs         

       5.588032658 seconds time elapsed

      20.013885000 seconds user
       0.065943000 seconds sys


