ECS running with 600 stations, 500 satellites, 2 numWGs and 2 numBlocks for 10 rounds in 1 parallel pattern
2025/08/05 08:25:06 StationSystem update...
2025/08/05 08:25:06 weather update count: 600
2025/08/05 08:25:06 StationSystem update time: 3.312µs
2025/08/05 08:25:06 SatelliteSystem update...
2025/08/05 08:25:06 satellite count: 500
2025/08/05 08:25:06 SatelliteSystem update time: 1.419266ms
2025/08/05 08:25:06 TopoSystem update...
2025/08/05 08:25:06 TopoSystem: Link count: 300000
2025/08/05 08:25:06 TopoSystem update time: 8.399878ms
2025/08/05 08:25:06 AttenuationSystem update...
2025/08/05 08:25:06 AttenuationSystem parallel flag: 1
2025/08/05 08:25:06 Attenuation computed count: 300000
2025/08/05 08:25:06 AttenuationSystem update time: 254.234614ms
2025/08/05 08:25:06 Run 1 complete
2025/08/05 08:25:06 StationSystem update...
2025/08/05 08:25:06 weather update count: 600
2025/08/05 08:25:06 StationSystem update time: 1.965µs
2025/08/05 08:25:06 SatelliteSystem update...
2025/08/05 08:25:06 satellite count: 500
2025/08/05 08:25:06 SatelliteSystem update time: 1.413616ms
2025/08/05 08:25:06 TopoSystem update...
2025/08/05 08:25:06 TopoSystem: Link count: 300000
2025/08/05 08:25:06 TopoSystem update time: 7.96424ms
2025/08/05 08:25:06 AttenuationSystem update...
2025/08/05 08:25:06 AttenuationSystem parallel flag: 1
2025/08/05 08:25:07 Attenuation computed count: 300000
2025/08/05 08:25:07 AttenuationSystem update time: 297.435826ms
2025/08/05 08:25:07 Run 2 complete
2025/08/05 08:25:07 StationSystem update...
2025/08/05 08:25:07 weather update count: 600
2025/08/05 08:25:07 StationSystem update time: 1.867µs
2025/08/05 08:25:07 SatelliteSystem update...
2025/08/05 08:25:07 satellite count: 500
2025/08/05 08:25:07 SatelliteSystem update time: 1.415263ms
2025/08/05 08:25:07 TopoSystem update...
2025/08/05 08:25:07 TopoSystem: Link count: 300000
2025/08/05 08:25:07 TopoSystem update time: 3.780042ms
2025/08/05 08:25:07 AttenuationSystem update...
2025/08/05 08:25:07 AttenuationSystem parallel flag: 1
2025/08/05 08:25:07 Attenuation computed count: 300000
2025/08/05 08:25:07 AttenuationSystem update time: 371.548038ms
2025/08/05 08:25:07 Run 3 complete
2025/08/05 08:25:07 StationSystem update...
2025/08/05 08:25:07 weather update count: 600
2025/08/05 08:25:07 StationSystem update time: 2.741µs
2025/08/05 08:25:07 SatelliteSystem update...
2025/08/05 08:25:07 satellite count: 500
2025/08/05 08:25:07 SatelliteSystem update time: 1.5404ms
2025/08/05 08:25:07 TopoSystem update...
2025/08/05 08:25:07 TopoSystem: Link count: 300000
2025/08/05 08:25:07 TopoSystem update time: 6.243702ms
2025/08/05 08:25:07 AttenuationSystem update...
2025/08/05 08:25:07 AttenuationSystem parallel flag: 1
2025/08/05 08:25:07 Attenuation computed count: 300000
2025/08/05 08:25:07 AttenuationSystem update time: 342.322448ms
2025/08/05 08:25:07 Run 4 complete
2025/08/05 08:25:07 StationSystem update...
2025/08/05 08:25:07 weather update count: 600
2025/08/05 08:25:07 StationSystem update time: 3.065µs
2025/08/05 08:25:07 SatelliteSystem update...
2025/08/05 08:25:07 satellite count: 500
2025/08/05 08:25:07 SatelliteSystem update time: 1.424559ms
2025/08/05 08:25:07 TopoSystem update...
2025/08/05 08:25:07 TopoSystem: Link count: 300000
2025/08/05 08:25:07 TopoSystem update time: 5.042927ms
2025/08/05 08:25:07 AttenuationSystem update...
2025/08/05 08:25:07 AttenuationSystem parallel flag: 1
2025/08/05 08:25:08 Attenuation computed count: 300000
2025/08/05 08:25:08 AttenuationSystem update time: 307.587896ms
2025/08/05 08:25:08 Run 5 complete
2025/08/05 08:25:08 StationSystem update...
2025/08/05 08:25:08 weather update count: 600
2025/08/05 08:25:08 StationSystem update time: 2.039µs
2025/08/05 08:25:08 SatelliteSystem update...
2025/08/05 08:25:08 satellite count: 500
2025/08/05 08:25:08 SatelliteSystem update time: 1.91762ms
2025/08/05 08:25:08 TopoSystem update...
2025/08/05 08:25:08 TopoSystem: Link count: 300000
2025/08/05 08:25:08 TopoSystem update time: 4.971891ms
2025/08/05 08:25:08 AttenuationSystem update...
2025/08/05 08:25:08 AttenuationSystem parallel flag: 1
2025/08/05 08:25:08 Attenuation computed count: 300000
2025/08/05 08:25:08 AttenuationSystem update time: 300.926449ms
2025/08/05 08:25:08 Run 6 complete
2025/08/05 08:25:08 StationSystem update...
2025/08/05 08:25:08 weather update count: 600
2025/08/05 08:25:08 StationSystem update time: 1.895µs
2025/08/05 08:25:08 SatelliteSystem update...
2025/08/05 08:25:08 satellite count: 500
2025/08/05 08:25:08 SatelliteSystem update time: 1.42069ms
2025/08/05 08:25:08 TopoSystem update...
2025/08/05 08:25:08 TopoSystem: Link count: 300000
2025/08/05 08:25:08 TopoSystem update time: 10.979925ms
2025/08/05 08:25:08 AttenuationSystem update...
2025/08/05 08:25:08 AttenuationSystem parallel flag: 1
2025/08/05 08:25:08 Attenuation computed count: 300000
2025/08/05 08:25:08 AttenuationSystem update time: 314.170666ms
2025/08/05 08:25:08 Run 7 complete
2025/08/05 08:25:08 StationSystem update...
2025/08/05 08:25:08 weather update count: 600
2025/08/05 08:25:08 StationSystem update time: 2.464µs
2025/08/05 08:25:08 SatelliteSystem update...
2025/08/05 08:25:08 satellite count: 500
2025/08/05 08:25:08 SatelliteSystem update time: 1.424837ms
2025/08/05 08:25:08 TopoSystem update...
2025/08/05 08:25:08 TopoSystem: Link count: 300000
2025/08/05 08:25:08 TopoSystem update time: 11.522334ms
2025/08/05 08:25:08 AttenuationSystem update...
2025/08/05 08:25:08 AttenuationSystem parallel flag: 1
2025/08/05 08:25:09 Attenuation computed count: 300000
2025/08/05 08:25:09 AttenuationSystem update time: 299.089915ms
2025/08/05 08:25:09 Run 8 complete
2025/08/05 08:25:09 StationSystem update...
2025/08/05 08:25:09 weather update count: 600
2025/08/05 08:25:09 StationSystem update time: 2.214µs
2025/08/05 08:25:09 SatelliteSystem update...
2025/08/05 08:25:09 satellite count: 500
2025/08/05 08:25:09 SatelliteSystem update time: 1.415923ms
2025/08/05 08:25:09 TopoSystem update...
2025/08/05 08:25:09 TopoSystem: Link count: 300000
2025/08/05 08:25:09 TopoSystem update time: 12.986507ms
2025/08/05 08:25:09 AttenuationSystem update...
2025/08/05 08:25:09 AttenuationSystem parallel flag: 1
2025/08/05 08:25:09 Attenuation computed count: 300000
2025/08/05 08:25:09 AttenuationSystem update time: 300.64203ms
2025/08/05 08:25:09 Run 9 complete
2025/08/05 08:25:09 StationSystem update...
2025/08/05 08:25:09 weather update count: 600
2025/08/05 08:25:09 StationSystem update time: 1.872µs
2025/08/05 08:25:09 SatelliteSystem update...
2025/08/05 08:25:09 satellite count: 500
2025/08/05 08:25:09 SatelliteSystem update time: 1.413763ms
2025/08/05 08:25:09 TopoSystem update...
2025/08/05 08:25:09 TopoSystem: Link count: 300000
2025/08/05 08:25:09 TopoSystem update time: 3.932061ms
2025/08/05 08:25:09 AttenuationSystem update...
2025/08/05 08:25:09 AttenuationSystem parallel flag: 1
2025/08/05 08:25:09 Attenuation computed count: 300000
2025/08/05 08:25:09 AttenuationSystem update time: 377.172182ms
2025/08/05 08:25:09 Run 10 complete
2025/08/05 08:25:09 Total update time:  3.257782874s
2025/08/05 08:25:09 linkCache size: 40

 Performance counter stats for './scale_ecs 600 500 10 2 2 1':

         6,907,232      cache-references                                                      
           757,996      cache-misses                     #   10.97% of all cache refs         

       3.261350231 seconds time elapsed

       5.939380000 seconds user
       0.030067000 seconds sys


