ECS running with 800 stations, 1100 satellites, 2 numWGs and 8 numBlocks for 10 rounds in 1 parallel pattern
2025/08/05 10:00:50 StationSystem update...
2025/08/05 10:00:50 weather update count: 800
2025/08/05 10:00:50 SatelliteSystem update...
2025/08/05 10:00:50 StationSystem update time: 5.688µs
2025/08/05 10:00:50 satellite count: 1100
2025/08/05 10:00:50 SatelliteSystem update time: 4.275539ms
2025/08/05 10:00:50 TopoSystem update...
2025/08/05 10:00:50 TopoSystem: Link count: 880000
2025/08/05 10:00:50 TopoSystem update time: 27.454898ms
2025/08/05 10:00:50 AttenuationSystem update...
2025/08/05 10:00:50 AttenuationSystem parallel flag: 1
2025/08/05 10:00:51 Attenuation computed count: 880000
2025/08/05 10:00:51 AttenuationSystem update time: 992.234183ms
2025/08/05 10:00:51 Run 1 complete
2025/08/05 10:00:51 StationSystem update...
2025/08/05 10:00:51 weather update count: 800
2025/08/05 10:00:51 StationSystem update time: 3.536µs
2025/08/05 10:00:51 SatelliteSystem update...
2025/08/05 10:00:51 satellite count: 1100
2025/08/05 10:00:51 SatelliteSystem update time: 3.097586ms
2025/08/05 10:00:51 TopoSystem update...
2025/08/05 10:00:51 TopoSystem: Link count: 880000
2025/08/05 10:00:51 TopoSystem update time: 21.171709ms
2025/08/05 10:00:51 AttenuationSystem update...
2025/08/05 10:00:51 AttenuationSystem parallel flag: 1
2025/08/05 10:00:53 Attenuation computed count: 880000
2025/08/05 10:00:53 AttenuationSystem update time: 1.038030405s
2025/08/05 10:00:53 Run 2 complete
2025/08/05 10:00:53 StationSystem update...
2025/08/05 10:00:53 weather update count: 800
2025/08/05 10:00:53 StationSystem update time: 3.619µs
2025/08/05 10:00:53 SatelliteSystem update...
2025/08/05 10:00:53 satellite count: 1100
2025/08/05 10:00:53 SatelliteSystem update time: 4.188408ms
2025/08/05 10:00:53 TopoSystem update...
2025/08/05 10:00:53 TopoSystem: Link count: 880000
2025/08/05 10:00:53 TopoSystem update time: 13.701551ms
2025/08/05 10:00:53 AttenuationSystem update...
2025/08/05 10:00:53 AttenuationSystem parallel flag: 1
2025/08/05 10:00:54 Attenuation computed count: 880000
2025/08/05 10:00:54 AttenuationSystem update time: 1.04841298s
2025/08/05 10:00:54 Run 3 complete
2025/08/05 10:00:54 StationSystem update...
2025/08/05 10:00:54 weather update count: 800
2025/08/05 10:00:54 StationSystem update time: 4.521µs
2025/08/05 10:00:54 SatelliteSystem update...
2025/08/05 10:00:54 satellite count: 1100
2025/08/05 10:00:54 SatelliteSystem update time: 4.180292ms
2025/08/05 10:00:54 TopoSystem update...
2025/08/05 10:00:54 TopoSystem: Link count: 880000
2025/08/05 10:00:54 TopoSystem update time: 16.5929ms
2025/08/05 10:00:54 AttenuationSystem update...
2025/08/05 10:00:54 AttenuationSystem parallel flag: 1
2025/08/05 10:00:55 Attenuation computed count: 880000
2025/08/05 10:00:55 AttenuationSystem update time: 1.023926356s
2025/08/05 10:00:55 Run 4 complete
2025/08/05 10:00:55 StationSystem update...
2025/08/05 10:00:55 weather update count: 800
2025/08/05 10:00:55 StationSystem update time: 3.639µs
2025/08/05 10:00:55 SatelliteSystem update...
2025/08/05 10:00:55 satellite count: 1100
2025/08/05 10:00:55 SatelliteSystem update time: 4.190322ms
2025/08/05 10:00:55 TopoSystem update...
2025/08/05 10:00:55 TopoSystem: Link count: 880000
2025/08/05 10:00:55 TopoSystem update time: 17.534092ms
2025/08/05 10:00:55 AttenuationSystem update...
2025/08/05 10:00:55 AttenuationSystem parallel flag: 1
2025/08/05 10:00:56 Attenuation computed count: 880000
2025/08/05 10:00:56 AttenuationSystem update time: 1.035062373s
2025/08/05 10:00:56 Run 5 complete
2025/08/05 10:00:56 StationSystem update...
2025/08/05 10:00:56 weather update count: 800
2025/08/05 10:00:56 StationSystem update time: 3.654µs
2025/08/05 10:00:56 SatelliteSystem update...
2025/08/05 10:00:56 satellite count: 1100
2025/08/05 10:00:56 SatelliteSystem update time: 4.186613ms
2025/08/05 10:00:56 TopoSystem update...
2025/08/05 10:00:56 TopoSystem: Link count: 880000
2025/08/05 10:00:56 TopoSystem update time: 13.394622ms
2025/08/05 10:00:56 AttenuationSystem update...
2025/08/05 10:00:56 AttenuationSystem parallel flag: 1
2025/08/05 10:00:57 Attenuation computed count: 880000
2025/08/05 10:00:57 AttenuationSystem update time: 1.039341781s
2025/08/05 10:00:57 Run 6 complete
2025/08/05 10:00:57 StationSystem update...
2025/08/05 10:00:57 weather update count: 800
2025/08/05 10:00:57 StationSystem update time: 3.991µs
2025/08/05 10:00:57 SatelliteSystem update...
2025/08/05 10:00:57 satellite count: 1100
2025/08/05 10:00:57 SatelliteSystem update time: 4.184778ms
2025/08/05 10:00:57 TopoSystem update...
2025/08/05 10:00:57 TopoSystem: Link count: 880000
2025/08/05 10:00:57 TopoSystem update time: 13.540181ms
2025/08/05 10:00:57 AttenuationSystem update...
2025/08/05 10:00:57 AttenuationSystem parallel flag: 1
2025/08/05 10:00:58 Attenuation computed count: 880000
2025/08/05 10:00:58 AttenuationSystem update time: 1.013758601s
2025/08/05 10:00:58 Run 7 complete
2025/08/05 10:00:58 StationSystem update...
2025/08/05 10:00:58 weather update count: 800
2025/08/05 10:00:58 StationSystem update time: 3.689µs
2025/08/05 10:00:58 SatelliteSystem update...
2025/08/05 10:00:58 satellite count: 1100
2025/08/05 10:00:58 SatelliteSystem update time: 3.443442ms
2025/08/05 10:00:58 TopoSystem update...
2025/08/05 10:00:58 TopoSystem: Link count: 880000
2025/08/05 10:00:58 TopoSystem update time: 11.134933ms
2025/08/05 10:00:58 AttenuationSystem update...
2025/08/05 10:00:58 AttenuationSystem parallel flag: 1
2025/08/05 10:00:59 Attenuation computed count: 880000
2025/08/05 10:00:59 AttenuationSystem update time: 1.022583432s
2025/08/05 10:00:59 Run 8 complete
2025/08/05 10:00:59 StationSystem update...
2025/08/05 10:00:59 weather update count: 800
2025/08/05 10:00:59 SatelliteSystem update...
2025/08/05 10:00:59 StationSystem update time: 3.504µs
2025/08/05 10:00:59 satellite count: 1100
2025/08/05 10:00:59 SatelliteSystem update time: 3.111549ms
2025/08/05 10:00:59 TopoSystem update...
2025/08/05 10:00:59 TopoSystem: Link count: 880000
2025/08/05 10:00:59 TopoSystem update time: 12.706964ms
2025/08/05 10:00:59 AttenuationSystem update...
2025/08/05 10:00:59 AttenuationSystem parallel flag: 1
2025/08/05 10:01:00 Attenuation computed count: 880000
2025/08/05 10:01:00 AttenuationSystem update time: 1.025286792s
2025/08/05 10:01:00 Run 9 complete
2025/08/05 10:01:00 StationSystem update...
2025/08/05 10:01:00 weather update count: 800
2025/08/05 10:01:00 StationSystem update time: 3.392µs
2025/08/05 10:01:00 SatelliteSystem update...
2025/08/05 10:01:00 satellite count: 1100
2025/08/05 10:01:00 SatelliteSystem update time: 3.10861ms
2025/08/05 10:01:00 TopoSystem update...
2025/08/05 10:01:00 TopoSystem: Link count: 880000
2025/08/05 10:01:00 TopoSystem update time: 14.985686ms
2025/08/05 10:01:00 AttenuationSystem update...
2025/08/05 10:01:00 AttenuationSystem parallel flag: 1
2025/08/05 10:01:01 Attenuation computed count: 880000
2025/08/05 10:01:01 AttenuationSystem update time: 1.05594401s
2025/08/05 10:01:01 Run 10 complete
2025/08/05 10:01:01 Total update time:  10.501572434s
2025/08/05 10:01:01 linkCache size: 40

 Performance counter stats for './scale_ecs 800 1100 10 2 8 1':

        19,161,071      cache-references                                                      
         4,139,260      cache-misses                     #   21.60% of all cache refs         

      10.509544529 seconds time elapsed

      19.945286000 seconds user
       0.067021000 seconds sys


