ECS running with 600 stations, 900 satellites, 4 numWGs and 4 numBlocks for 10 rounds in 0 parallel pattern
2025/08/05 08:30:51 StationSystem update...
2025/08/05 08:30:51 weather update count: 600
2025/08/05 08:30:51 StationSystem update time: 5.207µs
2025/08/05 08:30:51 SatelliteSystem update...
2025/08/05 08:30:51 satellite count: 900
2025/08/05 08:30:51 SatelliteSystem update time: 3.433968ms
2025/08/05 08:30:51 TopoSystem update...
2025/08/05 08:30:51 TopoSystem: Link count: 540000
2025/08/05 08:30:51 TopoSystem update time: 16.906969ms
2025/08/05 08:30:51 AttenuationSystem update...
2025/08/05 08:30:51 AttenuationSystem parallel flag: 0
2025/08/05 08:30:51 Attenuation computed count: 540000
2025/08/05 08:30:51 AttenuationSystem update time: 297.240197ms
2025/08/05 08:30:51 Run 1 complete
2025/08/05 08:30:51 StationSystem update...
2025/08/05 08:30:51 weather update count: 600
2025/08/05 08:30:51 SatelliteSystem update...
2025/08/05 08:30:51 StationSystem update time: 3.079µs
2025/08/05 08:30:51 satellite count: 900
2025/08/05 08:30:51 SatelliteSystem update time: 2.525582ms
2025/08/05 08:30:51 TopoSystem update...
2025/08/05 08:30:51 TopoSystem: Link count: 540000
2025/08/05 08:30:51 TopoSystem update time: 20.999228ms
2025/08/05 08:30:51 AttenuationSystem update...
2025/08/05 08:30:51 AttenuationSystem parallel flag: 0
2025/08/05 08:30:52 Attenuation computed count: 540000
2025/08/05 08:30:52 AttenuationSystem update time: 300.522158ms
2025/08/05 08:30:52 Run 2 complete
2025/08/05 08:30:52 StationSystem update...
2025/08/05 08:30:52 weather update count: 600
2025/08/05 08:30:52 StationSystem update time: 3.21µs
2025/08/05 08:30:52 SatelliteSystem update...
2025/08/05 08:30:52 satellite count: 900
2025/08/05 08:30:52 SatelliteSystem update time: 2.536695ms
2025/08/05 08:30:52 TopoSystem update...
2025/08/05 08:30:52 TopoSystem: Link count: 540000
2025/08/05 08:30:52 TopoSystem update time: 7.039368ms
2025/08/05 08:30:52 AttenuationSystem update...
2025/08/05 08:30:52 AttenuationSystem parallel flag: 0
2025/08/05 08:30:52 Attenuation computed count: 540000
2025/08/05 08:30:52 AttenuationSystem update time: 318.277633ms
2025/08/05 08:30:52 Run 3 complete
2025/08/05 08:30:52 StationSystem update...
2025/08/05 08:30:52 weather update count: 600
2025/08/05 08:30:52 StationSystem update time: 2.308µs
2025/08/05 08:30:52 SatelliteSystem update...
2025/08/05 08:30:52 satellite count: 900
2025/08/05 08:30:52 SatelliteSystem update time: 3.410071ms
2025/08/05 08:30:52 TopoSystem update...
2025/08/05 08:30:52 TopoSystem: Link count: 540000
2025/08/05 08:30:52 TopoSystem update time: 8.273677ms
2025/08/05 08:30:52 AttenuationSystem update...
2025/08/05 08:30:52 AttenuationSystem parallel flag: 0
2025/08/05 08:30:52 Attenuation computed count: 540000
2025/08/05 08:30:52 AttenuationSystem update time: 341.966405ms
2025/08/05 08:30:52 Run 4 complete
2025/08/05 08:30:52 StationSystem update...
2025/08/05 08:30:52 weather update count: 600
2025/08/05 08:30:52 StationSystem update time: 3.034µs
2025/08/05 08:30:52 SatelliteSystem update...
2025/08/05 08:30:52 satellite count: 900
2025/08/05 08:30:52 SatelliteSystem update time: 4.080639ms
2025/08/05 08:30:52 TopoSystem update...
2025/08/05 08:30:52 TopoSystem: Link count: 540000
2025/08/05 08:30:52 TopoSystem update time: 9.564735ms
2025/08/05 08:30:52 AttenuationSystem update...
2025/08/05 08:30:52 AttenuationSystem parallel flag: 0
2025/08/05 08:30:53 Attenuation computed count: 540000
2025/08/05 08:30:53 AttenuationSystem update time: 341.564963ms
2025/08/05 08:30:53 Run 5 complete
2025/08/05 08:30:53 StationSystem update...
2025/08/05 08:30:53 weather update count: 600
2025/08/05 08:30:53 StationSystem update time: 3.319µs
2025/08/05 08:30:53 SatelliteSystem update...
2025/08/05 08:30:53 satellite count: 900
2025/08/05 08:30:53 SatelliteSystem update time: 3.416159ms
2025/08/05 08:30:53 TopoSystem update...
2025/08/05 08:30:53 TopoSystem: Link count: 540000
2025/08/05 08:30:53 TopoSystem update time: 7.54148ms
2025/08/05 08:30:53 AttenuationSystem update...
2025/08/05 08:30:53 AttenuationSystem parallel flag: 0
2025/08/05 08:30:53 Attenuation computed count: 540000
2025/08/05 08:30:53 AttenuationSystem update time: 259.490683ms
2025/08/05 08:30:53 Run 6 complete
2025/08/05 08:30:53 StationSystem update...
2025/08/05 08:30:53 weather update count: 600
2025/08/05 08:30:53 StationSystem update time: 2.551µs
2025/08/05 08:30:53 SatelliteSystem update...
2025/08/05 08:30:53 satellite count: 900
2025/08/05 08:30:53 SatelliteSystem update time: 3.419281ms
2025/08/05 08:30:53 TopoSystem update...
2025/08/05 08:30:53 TopoSystem: Link count: 540000
2025/08/05 08:30:53 TopoSystem update time: 7.118379ms
2025/08/05 08:30:53 AttenuationSystem update...
2025/08/05 08:30:53 AttenuationSystem parallel flag: 0
2025/08/05 08:30:53 Attenuation computed count: 540000
2025/08/05 08:30:53 AttenuationSystem update time: 340.8773ms
2025/08/05 08:30:53 Run 7 complete
2025/08/05 08:30:53 StationSystem update...
2025/08/05 08:30:53 weather update count: 600
2025/08/05 08:30:53 StationSystem update time: 3.031µs
2025/08/05 08:30:53 SatelliteSystem update...
2025/08/05 08:30:53 satellite count: 900
2025/08/05 08:30:53 SatelliteSystem update time: 3.415747ms
2025/08/05 08:30:53 TopoSystem update...
2025/08/05 08:30:53 TopoSystem: Link count: 540000
2025/08/05 08:30:53 TopoSystem update time: 7.188408ms
2025/08/05 08:30:53 AttenuationSystem update...
2025/08/05 08:30:53 AttenuationSystem parallel flag: 0
2025/08/05 08:30:54 Attenuation computed count: 540000
2025/08/05 08:30:54 AttenuationSystem update time: 341.215961ms
2025/08/05 08:30:54 Run 8 complete
2025/08/05 08:30:54 StationSystem update...
2025/08/05 08:30:54 weather update count: 600
2025/08/05 08:30:54 StationSystem update time: 3.002µs
2025/08/05 08:30:54 SatelliteSystem update...
2025/08/05 08:30:54 satellite count: 900
2025/08/05 08:30:54 SatelliteSystem update time: 3.946954ms
2025/08/05 08:30:54 TopoSystem update...
2025/08/05 08:30:54 TopoSystem: Link count: 540000
2025/08/05 08:30:54 TopoSystem update time: 9.6165ms
2025/08/05 08:30:54 AttenuationSystem update...
2025/08/05 08:30:54 AttenuationSystem parallel flag: 0
2025/08/05 08:30:54 Attenuation computed count: 540000
2025/08/05 08:30:54 AttenuationSystem update time: 312.557811ms
2025/08/05 08:30:54 Run 9 complete
2025/08/05 08:30:54 StationSystem update...
2025/08/05 08:30:54 weather update count: 600
2025/08/05 08:30:54 StationSystem update time: 2.968µs
2025/08/05 08:30:54 SatelliteSystem update...
2025/08/05 08:30:54 satellite count: 900
2025/08/05 08:30:54 SatelliteSystem update time: 3.410607ms
2025/08/05 08:30:54 TopoSystem update...
2025/08/05 08:30:54 TopoSystem: Link count: 540000
2025/08/05 08:30:54 TopoSystem update time: 7.41728ms
2025/08/05 08:30:54 AttenuationSystem update...
2025/08/05 08:30:54 AttenuationSystem parallel flag: 0
2025/08/05 08:30:54 Attenuation computed count: 540000
2025/08/05 08:30:54 AttenuationSystem update time: 301.453051ms
2025/08/05 08:30:54 Run 10 complete
2025/08/05 08:30:54 Total update time:  3.296397635s
2025/08/05 08:30:54 linkCache size: 40

 Performance counter stats for './scale_ecs 600 900 10 4 4 0':

        11,856,481      cache-references                                                      
         1,735,185      cache-misses                     #   14.63% of all cache refs         

       3.301927354 seconds time elapsed

      11.171692000 seconds user
       0.045965000 seconds sys


