ECS running with 900 stations, 1900 satellites, 2 numWGs and 8 numBlocks for 10 rounds in 1 parallel pattern
2025/08/05 10:56:41 StationSystem update...
2025/08/05 10:56:41 weather update count: 900
2025/08/05 10:56:41 StationSystem update time: 5.058µs
2025/08/05 10:56:41 SatelliteSystem update...
2025/08/05 10:56:41 satellite count: 1900
2025/08/05 10:56:41 SatelliteSystem update time: 7.445053ms
2025/08/05 10:56:41 TopoSystem update...
2025/08/05 10:56:41 TopoSystem: Link count: 1710000
2025/08/05 10:56:41 TopoSystem update time: 50.046872ms
2025/08/05 10:56:41 AttenuationSystem update...
2025/08/05 10:56:41 AttenuationSystem parallel flag: 1
2025/08/05 10:56:43 Attenuation computed count: 1710000
2025/08/05 10:56:43 AttenuationSystem update time: 1.836564702s
2025/08/05 10:56:43 Run 1 complete
2025/08/05 10:56:43 StationSystem update...
2025/08/05 10:56:43 weather update count: 900
2025/08/05 10:56:43 StationSystem update time: 2.646µs
2025/08/05 10:56:43 SatelliteSystem update...
2025/08/05 10:56:43 satellite count: 1900
2025/08/05 10:56:43 SatelliteSystem update time: 5.318666ms
2025/08/05 10:56:43 TopoSystem update...
2025/08/05 10:56:43 TopoSystem: Link count: 1710000
2025/08/05 10:56:43 TopoSystem update time: 45.597609ms
2025/08/05 10:56:43 AttenuationSystem update...
2025/08/05 10:56:43 AttenuationSystem parallel flag: 1
2025/08/05 10:56:45 Attenuation computed count: 1710000
2025/08/05 10:56:45 AttenuationSystem update time: 1.978945214s
2025/08/05 10:56:45 Run 2 complete
2025/08/05 10:56:45 StationSystem update...
2025/08/05 10:56:45 weather update count: 900
2025/08/05 10:56:45 StationSystem update time: 3.265µs
2025/08/05 10:56:45 SatelliteSystem update...
2025/08/05 10:56:45 satellite count: 1900
2025/08/05 10:56:45 SatelliteSystem update time: 7.169439ms
2025/08/05 10:56:45 TopoSystem update...
2025/08/05 10:56:45 TopoSystem: Link count: 1710000
2025/08/05 10:56:45 TopoSystem update time: 25.835041ms
2025/08/05 10:56:45 AttenuationSystem update...
2025/08/05 10:56:45 AttenuationSystem parallel flag: 1
2025/08/05 10:56:47 Attenuation computed count: 1710000
2025/08/05 10:56:47 AttenuationSystem update time: 2.011958158s
2025/08/05 10:56:47 Run 3 complete
2025/08/05 10:56:47 StationSystem update...
2025/08/05 10:56:47 weather update count: 900
2025/08/05 10:56:47 StationSystem update time: 3.842µs
2025/08/05 10:56:47 SatelliteSystem update...
2025/08/05 10:56:47 satellite count: 1900
2025/08/05 10:56:47 SatelliteSystem update time: 5.56111ms
2025/08/05 10:56:47 TopoSystem update...
2025/08/05 10:56:47 TopoSystem: Link count: 1710000
2025/08/05 10:56:47 TopoSystem update time: 22.60357ms
2025/08/05 10:56:47 AttenuationSystem update...
2025/08/05 10:56:47 AttenuationSystem parallel flag: 1
2025/08/05 10:56:49 Attenuation computed count: 1710000
2025/08/05 10:56:49 AttenuationSystem update time: 1.955704831s
2025/08/05 10:56:49 Run 4 complete
2025/08/05 10:56:49 StationSystem update...
2025/08/05 10:56:49 weather update count: 900
2025/08/05 10:56:49 StationSystem update time: 3.86µs
2025/08/05 10:56:49 SatelliteSystem update...
2025/08/05 10:56:49 satellite count: 1900
2025/08/05 10:56:49 SatelliteSystem update time: 7.181144ms
2025/08/05 10:56:49 TopoSystem update...
2025/08/05 10:56:49 TopoSystem: Link count: 1710000
2025/08/05 10:56:49 TopoSystem update time: 26.891536ms
2025/08/05 10:56:49 AttenuationSystem update...
2025/08/05 10:56:49 AttenuationSystem parallel flag: 1
2025/08/05 10:56:51 Attenuation computed count: 1710000
2025/08/05 10:56:51 AttenuationSystem update time: 1.967456604s
2025/08/05 10:56:51 Run 5 complete
2025/08/05 10:56:51 StationSystem update...
2025/08/05 10:56:51 weather update count: 900
2025/08/05 10:56:51 StationSystem update time: 3.664µs
2025/08/05 10:56:51 SatelliteSystem update...
2025/08/05 10:56:51 satellite count: 1900
2025/08/05 10:56:51 SatelliteSystem update time: 5.34964ms
2025/08/05 10:56:51 TopoSystem update...
2025/08/05 10:56:51 TopoSystem: Link count: 1710000
2025/08/05 10:56:51 TopoSystem update time: 21.80491ms
2025/08/05 10:56:51 AttenuationSystem update...
2025/08/05 10:56:51 AttenuationSystem parallel flag: 1
2025/08/05 10:56:53 Attenuation computed count: 1710000
2025/08/05 10:56:53 AttenuationSystem update time: 1.930738663s
2025/08/05 10:56:53 Run 6 complete
2025/08/05 10:56:53 StationSystem update...
2025/08/05 10:56:53 weather update count: 900
2025/08/05 10:56:53 StationSystem update time: 3.426µs
2025/08/05 10:56:53 SatelliteSystem update...
2025/08/05 10:56:53 satellite count: 1900
2025/08/05 10:56:53 SatelliteSystem update time: 5.355324ms
2025/08/05 10:56:53 TopoSystem update...
2025/08/05 10:56:53 TopoSystem: Link count: 1710000
2025/08/05 10:56:53 TopoSystem update time: 20.456273ms
2025/08/05 10:56:53 AttenuationSystem update...
2025/08/05 10:56:53 AttenuationSystem parallel flag: 1
2025/08/05 10:56:55 Attenuation computed count: 1710000
2025/08/05 10:56:55 AttenuationSystem update time: 1.900595463s
2025/08/05 10:56:55 Run 7 complete
2025/08/05 10:56:55 StationSystem update...
2025/08/05 10:56:55 weather update count: 900
2025/08/05 10:56:55 StationSystem update time: 3.47µs
2025/08/05 10:56:55 SatelliteSystem update...
2025/08/05 10:56:55 satellite count: 1900
2025/08/05 10:56:55 SatelliteSystem update time: 5.355894ms
2025/08/05 10:56:55 TopoSystem update...
2025/08/05 10:56:55 TopoSystem: Link count: 1710000
2025/08/05 10:56:55 TopoSystem update time: 29.862974ms
2025/08/05 10:56:55 AttenuationSystem update...
2025/08/05 10:56:55 AttenuationSystem parallel flag: 1
2025/08/05 10:56:57 Attenuation computed count: 1710000
2025/08/05 10:56:57 AttenuationSystem update time: 1.736806867s
2025/08/05 10:56:57 Run 8 complete
2025/08/05 10:56:57 StationSystem update...
2025/08/05 10:56:57 weather update count: 900
2025/08/05 10:56:57 StationSystem update time: 3.07µs
2025/08/05 10:56:57 SatelliteSystem update...
2025/08/05 10:56:57 satellite count: 1900
2025/08/05 10:56:57 SatelliteSystem update time: 5.356364ms
2025/08/05 10:56:57 TopoSystem update...
2025/08/05 10:56:57 TopoSystem: Link count: 1710000
2025/08/05 10:56:57 TopoSystem update time: 20.55015ms
2025/08/05 10:56:57 AttenuationSystem update...
2025/08/05 10:56:57 AttenuationSystem parallel flag: 1
2025/08/05 10:56:58 Attenuation computed count: 1710000
2025/08/05 10:56:58 AttenuationSystem update time: 1.642050598s
2025/08/05 10:56:58 Run 9 complete
2025/08/05 10:56:58 StationSystem update...
2025/08/05 10:56:58 weather update count: 900
2025/08/05 10:56:58 StationSystem update time: 3.299µs
2025/08/05 10:56:58 SatelliteSystem update...
2025/08/05 10:56:58 satellite count: 1900
2025/08/05 10:56:58 SatelliteSystem update time: 5.329317ms
2025/08/05 10:56:58 TopoSystem update...
2025/08/05 10:56:58 TopoSystem: Link count: 1710000
2025/08/05 10:56:58 TopoSystem update time: 30.070758ms
2025/08/05 10:56:58 AttenuationSystem update...
2025/08/05 10:56:58 AttenuationSystem parallel flag: 1
2025/08/05 10:57:00 Attenuation computed count: 1710000
2025/08/05 10:57:00 AttenuationSystem update time: 1.984278523s
2025/08/05 10:57:00 Run 10 complete
2025/08/05 10:57:00 Total update time:  19.308257486s
2025/08/05 10:57:00 linkCache size: 40

 Performance counter stats for './scale_ecs 900 1900 10 2 8 1':

        36,445,607      cache-references                                                      
         8,797,814      cache-misses                     #   24.14% of all cache refs         

      19.320861727 seconds time elapsed

      35.924003000 seconds user
       0.190984000 seconds sys


