ECS running with 1000 stations, 1600 satellites, 4 numWGs and 4 numBlocks for 10 rounds in 1 parallel pattern
2025/08/05 11:26:56 StationSystem update...
2025/08/05 11:26:56 weather update count: 1000
2025/08/05 11:26:56 SatelliteSystem update...
2025/08/05 11:26:56 StationSystem update time: 5.094µs
2025/08/05 11:26:56 satellite count: 1600
2025/08/05 11:26:56 SatelliteSystem update time: 6.055836ms
2025/08/05 11:26:56 TopoSystem update...
2025/08/05 11:26:56 TopoSystem: Link count: 1600000
2025/08/05 11:26:56 TopoSystem update time: 48.881318ms
2025/08/05 11:26:56 AttenuationSystem update...
2025/08/05 11:26:56 AttenuationSystem parallel flag: 1
2025/08/05 11:26:57 Attenuation computed count: 1600000
2025/08/05 11:26:57 AttenuationSystem update time: 913.126135ms
2025/08/05 11:26:57 Run 1 complete
2025/08/05 11:26:57 StationSystem update...
2025/08/05 11:26:57 weather update count: 1000
2025/08/05 11:26:57 StationSystem update time: 4.299µs
2025/08/05 11:26:57 SatelliteSystem update...
2025/08/05 11:26:57 satellite count: 1600
2025/08/05 11:26:57 SatelliteSystem update time: 5.054877ms
2025/08/05 11:26:57 TopoSystem update...
2025/08/05 11:26:57 TopoSystem: Link count: 1600000
2025/08/05 11:26:57 TopoSystem update time: 46.269718ms
2025/08/05 11:26:57 AttenuationSystem update...
2025/08/05 11:26:57 AttenuationSystem parallel flag: 1
2025/08/05 11:26:58 Attenuation computed count: 1600000
2025/08/05 11:26:58 AttenuationSystem update time: 925.840088ms
2025/08/05 11:26:58 Run 2 complete
2025/08/05 11:26:58 StationSystem update...
2025/08/05 11:26:58 weather update count: 1000
2025/08/05 11:26:58 StationSystem update time: 3.708µs
2025/08/05 11:26:58 SatelliteSystem update...
2025/08/05 11:26:58 satellite count: 1600
2025/08/05 11:26:58 SatelliteSystem update time: 4.538293ms
2025/08/05 11:26:58 TopoSystem update...
2025/08/05 11:26:58 TopoSystem: Link count: 1600000
2025/08/05 11:26:58 TopoSystem update time: 21.773193ms
2025/08/05 11:26:58 AttenuationSystem update...
2025/08/05 11:26:58 AttenuationSystem parallel flag: 1
2025/08/05 11:26:59 Attenuation computed count: 1600000
2025/08/05 11:26:59 AttenuationSystem update time: 884.160339ms
2025/08/05 11:26:59 Run 3 complete
2025/08/05 11:26:59 StationSystem update...
2025/08/05 11:26:59 weather update count: 1000
2025/08/05 11:26:59 StationSystem update time: 4.277µs
2025/08/05 11:26:59 SatelliteSystem update...
2025/08/05 11:26:59 satellite count: 1600
2025/08/05 11:26:59 SatelliteSystem update time: 4.5263ms
2025/08/05 11:26:59 TopoSystem update...
2025/08/05 11:26:59 TopoSystem: Link count: 1600000
2025/08/05 11:26:59 TopoSystem update time: 18.981864ms
2025/08/05 11:26:59 AttenuationSystem update...
2025/08/05 11:26:59 AttenuationSystem parallel flag: 1
2025/08/05 11:26:59 Attenuation computed count: 1600000
2025/08/05 11:26:59 AttenuationSystem update time: 794.956214ms
2025/08/05 11:26:59 Run 4 complete
2025/08/05 11:26:59 StationSystem update...
2025/08/05 11:26:59 weather update count: 1000
2025/08/05 11:26:59 StationSystem update time: 3.767µs
2025/08/05 11:26:59 SatelliteSystem update...
2025/08/05 11:26:59 satellite count: 1600
2025/08/05 11:26:59 SatelliteSystem update time: 4.518937ms
2025/08/05 11:26:59 TopoSystem update...
2025/08/05 11:26:59 TopoSystem: Link count: 1600000
2025/08/05 11:26:59 TopoSystem update time: 19.085295ms
2025/08/05 11:26:59 AttenuationSystem update...
2025/08/05 11:26:59 AttenuationSystem parallel flag: 1
2025/08/05 11:27:00 Attenuation computed count: 1600000
2025/08/05 11:27:00 AttenuationSystem update time: 710.291545ms
2025/08/05 11:27:00 Run 5 complete
2025/08/05 11:27:00 StationSystem update...
2025/08/05 11:27:00 weather update count: 1000
2025/08/05 11:27:00 StationSystem update time: 3.87µs
2025/08/05 11:27:00 SatelliteSystem update...
2025/08/05 11:27:00 satellite count: 1600
2025/08/05 11:27:00 SatelliteSystem update time: 4.525726ms
2025/08/05 11:27:00 TopoSystem update...
2025/08/05 11:27:00 TopoSystem: Link count: 1600000
2025/08/05 11:27:00 TopoSystem update time: 19.023792ms
2025/08/05 11:27:00 AttenuationSystem update...
2025/08/05 11:27:00 AttenuationSystem parallel flag: 1
2025/08/05 11:27:01 Attenuation computed count: 1600000
2025/08/05 11:27:01 AttenuationSystem update time: 702.78785ms
2025/08/05 11:27:01 Run 6 complete
2025/08/05 11:27:01 StationSystem update...
2025/08/05 11:27:01 weather update count: 1000
2025/08/05 11:27:01 StationSystem update time: 3.653µs
2025/08/05 11:27:01 SatelliteSystem update...
2025/08/05 11:27:01 satellite count: 1600
2025/08/05 11:27:01 SatelliteSystem update time: 4.502375ms
2025/08/05 11:27:01 TopoSystem update...
2025/08/05 11:27:01 TopoSystem: Link count: 1600000
2025/08/05 11:27:01 TopoSystem update time: 18.926171ms
2025/08/05 11:27:01 AttenuationSystem update...
2025/08/05 11:27:01 AttenuationSystem parallel flag: 1
2025/08/05 11:27:02 Attenuation computed count: 1600000
2025/08/05 11:27:02 AttenuationSystem update time: 845.386079ms
2025/08/05 11:27:02 Run 7 complete
2025/08/05 11:27:02 StationSystem update...
2025/08/05 11:27:02 weather update count: 1000
2025/08/05 11:27:02 StationSystem update time: 3.684µs
2025/08/05 11:27:02 SatelliteSystem update...
2025/08/05 11:27:02 satellite count: 1600
2025/08/05 11:27:02 SatelliteSystem update time: 6.061372ms
2025/08/05 11:27:02 TopoSystem update...
2025/08/05 11:27:02 TopoSystem: Link count: 1600000
2025/08/05 11:27:02 TopoSystem update time: 21.556758ms
2025/08/05 11:27:02 AttenuationSystem update...
2025/08/05 11:27:02 AttenuationSystem parallel flag: 1
2025/08/05 11:27:03 Attenuation computed count: 1600000
2025/08/05 11:27:03 AttenuationSystem update time: 697.804662ms
2025/08/05 11:27:03 Run 8 complete
2025/08/05 11:27:03 StationSystem update...
2025/08/05 11:27:03 weather update count: 1000
2025/08/05 11:27:03 StationSystem update time: 3.424µs
2025/08/05 11:27:03 SatelliteSystem update...
2025/08/05 11:27:03 satellite count: 1600
2025/08/05 11:27:03 SatelliteSystem update time: 4.506118ms
2025/08/05 11:27:03 TopoSystem update...
2025/08/05 11:27:03 TopoSystem: Link count: 1600000
2025/08/05 11:27:03 TopoSystem update time: 37.192981ms
2025/08/05 11:27:03 AttenuationSystem update...
2025/08/05 11:27:03 AttenuationSystem parallel flag: 1
2025/08/05 11:27:03 Attenuation computed count: 1600000
2025/08/05 11:27:03 AttenuationSystem update time: 836.296818ms
2025/08/05 11:27:03 Run 9 complete
2025/08/05 11:27:03 StationSystem update...
2025/08/05 11:27:03 weather update count: 1000
2025/08/05 11:27:03 StationSystem update time: 4.175µs
2025/08/05 11:27:03 SatelliteSystem update...
2025/08/05 11:27:03 satellite count: 1600
2025/08/05 11:27:03 SatelliteSystem update time: 6.05113ms
2025/08/05 11:27:03 TopoSystem update...
2025/08/05 11:27:03 TopoSystem: Link count: 1600000
2025/08/05 11:27:03 TopoSystem update time: 39.43434ms
2025/08/05 11:27:03 AttenuationSystem update...
2025/08/05 11:27:03 AttenuationSystem parallel flag: 1
2025/08/05 11:27:04 Attenuation computed count: 1600000
2025/08/05 11:27:04 AttenuationSystem update time: 920.599963ms
2025/08/05 11:27:04 Run 10 complete
2025/08/05 11:27:04 Total update time:  8.580958465s
2025/08/05 11:27:04 linkCache size: 40

 Performance counter stats for './scale_ecs 1000 1600 10 4 4 1':

        33,145,255      cache-references                                                      
         8,131,757      cache-misses                     #   24.53% of all cache refs         

       8.591620711 seconds time elapsed

      30.214486000 seconds user
       0.103052000 seconds sys


