ECS running with 800 stations, 800 satellites, 8 numWGs and 8 numBlocks for 10 rounds in 0 parallel pattern
2025/08/05 09:28:13 StationSystem update...
2025/08/05 09:28:13 weather update count: 800
2025/08/05 09:28:13 StationSystem update time: 3.97µs
2025/08/05 09:28:13 SatelliteSystem update...
2025/08/05 09:28:13 satellite count: 800
2025/08/05 09:28:13 SatelliteSystem update time: 2.650603ms
2025/08/05 09:28:13 TopoSystem update...
2025/08/05 09:28:13 TopoSystem: Link count: 640000
2025/08/05 09:28:13 TopoSystem update time: 21.884683ms
2025/08/05 09:28:13 AttenuationSystem update...
2025/08/05 09:28:13 AttenuationSystem parallel flag: 0
2025/08/05 09:28:13 Attenuation computed count: 640000
2025/08/05 09:28:13 AttenuationSystem update time: 182.576556ms
2025/08/05 09:28:13 Run 1 complete
2025/08/05 09:28:13 StationSystem update...
2025/08/05 09:28:13 weather update count: 800
2025/08/05 09:28:13 StationSystem update time: 3.242µs
2025/08/05 09:28:13 SatelliteSystem update...
2025/08/05 09:28:13 satellite count: 800
2025/08/05 09:28:13 SatelliteSystem update time: 3.030177ms
2025/08/05 09:28:13 TopoSystem update...
2025/08/05 09:28:13 TopoSystem: Link count: 640000
2025/08/05 09:28:13 TopoSystem update time: 18.721512ms
2025/08/05 09:28:13 AttenuationSystem update...
2025/08/05 09:28:13 AttenuationSystem parallel flag: 0
2025/08/05 09:28:14 Attenuation computed count: 640000
2025/08/05 09:28:14 AttenuationSystem update time: 182.594418ms
2025/08/05 09:28:14 Run 2 complete
2025/08/05 09:28:14 StationSystem update...
2025/08/05 09:28:14 weather update count: 800
2025/08/05 09:28:14 StationSystem update time: 3.054µs
2025/08/05 09:28:14 SatelliteSystem update...
2025/08/05 09:28:14 satellite count: 800
2025/08/05 09:28:14 SatelliteSystem update time: 3.032258ms
2025/08/05 09:28:14 TopoSystem update...
2025/08/05 09:28:14 TopoSystem: Link count: 640000
2025/08/05 09:28:14 TopoSystem update time: 9.666271ms
2025/08/05 09:28:14 AttenuationSystem update...
2025/08/05 09:28:14 AttenuationSystem parallel flag: 0
2025/08/05 09:28:14 Attenuation computed count: 640000
2025/08/05 09:28:14 AttenuationSystem update time: 183.323302ms
2025/08/05 09:28:14 Run 3 complete
2025/08/05 09:28:14 StationSystem update...
2025/08/05 09:28:14 weather update count: 800
2025/08/05 09:28:14 StationSystem update time: 3.219µs
2025/08/05 09:28:14 SatelliteSystem update...
2025/08/05 09:28:14 satellite count: 800
2025/08/05 09:28:14 SatelliteSystem update time: 3.033291ms
2025/08/05 09:28:14 TopoSystem update...
2025/08/05 09:28:14 TopoSystem: Link count: 640000
2025/08/05 09:28:14 TopoSystem update time: 9.059278ms
2025/08/05 09:28:14 AttenuationSystem update...
2025/08/05 09:28:14 AttenuationSystem parallel flag: 0
2025/08/05 09:28:14 Attenuation computed count: 640000
2025/08/05 09:28:14 AttenuationSystem update time: 216.085384ms
2025/08/05 09:28:14 Run 4 complete
2025/08/05 09:28:14 StationSystem update...
2025/08/05 09:28:14 weather update count: 800
2025/08/05 09:28:14 StationSystem update time: 3.262µs
2025/08/05 09:28:14 SatelliteSystem update...
2025/08/05 09:28:14 satellite count: 800
2025/08/05 09:28:14 SatelliteSystem update time: 3.037593ms
2025/08/05 09:28:14 TopoSystem update...
2025/08/05 09:28:14 TopoSystem: Link count: 640000
2025/08/05 09:28:14 TopoSystem update time: 8.851858ms
2025/08/05 09:28:14 AttenuationSystem update...
2025/08/05 09:28:14 AttenuationSystem parallel flag: 0
2025/08/05 09:28:14 Attenuation computed count: 640000
2025/08/05 09:28:14 AttenuationSystem update time: 182.406236ms
2025/08/05 09:28:14 Run 5 complete
2025/08/05 09:28:14 StationSystem update...
2025/08/05 09:28:14 weather update count: 800
2025/08/05 09:28:14 StationSystem update time: 3.773µs
2025/08/05 09:28:14 SatelliteSystem update...
2025/08/05 09:28:14 satellite count: 800
2025/08/05 09:28:14 SatelliteSystem update time: 3.029938ms
2025/08/05 09:28:14 TopoSystem update...
2025/08/05 09:28:14 TopoSystem: Link count: 640000
2025/08/05 09:28:14 TopoSystem update time: 9.439752ms
2025/08/05 09:28:14 AttenuationSystem update...
2025/08/05 09:28:14 AttenuationSystem parallel flag: 0
2025/08/05 09:28:14 Attenuation computed count: 640000
2025/08/05 09:28:14 AttenuationSystem update time: 204.014766ms
2025/08/05 09:28:14 Run 6 complete
2025/08/05 09:28:14 StationSystem update...
2025/08/05 09:28:14 weather update count: 800
2025/08/05 09:28:14 StationSystem update time: 3.542µs
2025/08/05 09:28:14 SatelliteSystem update...
2025/08/05 09:28:14 satellite count: 800
2025/08/05 09:28:14 SatelliteSystem update time: 3.03505ms
2025/08/05 09:28:14 TopoSystem update...
2025/08/05 09:28:14 TopoSystem: Link count: 640000
2025/08/05 09:28:14 TopoSystem update time: 8.809413ms
2025/08/05 09:28:14 AttenuationSystem update...
2025/08/05 09:28:14 AttenuationSystem parallel flag: 0
2025/08/05 09:28:15 Attenuation computed count: 640000
2025/08/05 09:28:15 AttenuationSystem update time: 185.907631ms
2025/08/05 09:28:15 Run 7 complete
2025/08/05 09:28:15 StationSystem update...
2025/08/05 09:28:15 weather update count: 800
2025/08/05 09:28:15 StationSystem update time: 3.535µs
2025/08/05 09:28:15 SatelliteSystem update...
2025/08/05 09:28:15 satellite count: 800
2025/08/05 09:28:15 SatelliteSystem update time: 3.035199ms
2025/08/05 09:28:15 TopoSystem update...
2025/08/05 09:28:15 TopoSystem: Link count: 640000
2025/08/05 09:28:15 TopoSystem update time: 9.273513ms
2025/08/05 09:28:15 AttenuationSystem update...
2025/08/05 09:28:15 AttenuationSystem parallel flag: 0
2025/08/05 09:28:15 Attenuation computed count: 640000
2025/08/05 09:28:15 AttenuationSystem update time: 196.289054ms
2025/08/05 09:28:15 Run 8 complete
2025/08/05 09:28:15 StationSystem update...
2025/08/05 09:28:15 weather update count: 800
2025/08/05 09:28:15 StationSystem update time: 3.068µs
2025/08/05 09:28:15 SatelliteSystem update...
2025/08/05 09:28:15 satellite count: 800
2025/08/05 09:28:15 SatelliteSystem update time: 3.037471ms
2025/08/05 09:28:15 TopoSystem update...
2025/08/05 09:28:15 TopoSystem: Link count: 640000
2025/08/05 09:28:15 TopoSystem update time: 10.165241ms
2025/08/05 09:28:15 AttenuationSystem update...
2025/08/05 09:28:15 AttenuationSystem parallel flag: 0
2025/08/05 09:28:15 Attenuation computed count: 640000
2025/08/05 09:28:15 AttenuationSystem update time: 215.849107ms
2025/08/05 09:28:15 Run 9 complete
2025/08/05 09:28:15 StationSystem update...
2025/08/05 09:28:15 weather update count: 800
2025/08/05 09:28:15 StationSystem update time: 3.1µs
2025/08/05 09:28:15 SatelliteSystem update...
2025/08/05 09:28:15 satellite count: 800
2025/08/05 09:28:15 SatelliteSystem update time: 3.330996ms
2025/08/05 09:28:15 TopoSystem update...
2025/08/05 09:28:15 TopoSystem: Link count: 640000
2025/08/05 09:28:15 TopoSystem update time: 9.148381ms
2025/08/05 09:28:15 AttenuationSystem update...
2025/08/05 09:28:15 AttenuationSystem parallel flag: 0
2025/08/05 09:28:15 Attenuation computed count: 640000
2025/08/05 09:28:15 AttenuationSystem update time: 199.42653ms
2025/08/05 09:28:15 Run 10 complete
2025/08/05 09:28:15 Total update time:  2.096955016s
2025/08/05 09:28:15 linkCache size: 40

 Performance counter stats for './scale_ecs 800 800 10 8 8 0':

        13,558,285      cache-references                                                      
         1,585,771      cache-misses                     #   11.70% of all cache refs         

       2.102283469 seconds time elapsed

      13.145973000 seconds user
       0.044948000 seconds sys


