ECS running with 800 stations, 800 satellites, 4 numWGs and 4 numBlocks for 10 rounds in 0 parallel pattern
2025/08/05 09:27:40 StationSystem update...
2025/08/05 09:27:40 weather update count: 800
2025/08/05 09:27:40 StationSystem update time: 4.41µs
2025/08/05 09:27:40 SatelliteSystem update...
2025/08/05 09:27:40 satellite count: 800
2025/08/05 09:27:40 SatelliteSystem update time: 3.039115ms
2025/08/05 09:27:40 TopoSystem update...
2025/08/05 09:27:40 TopoSystem: Link count: 640000
2025/08/05 09:27:40 TopoSystem update time: 21.25831ms
2025/08/05 09:27:40 AttenuationSystem update...
2025/08/05 09:27:40 AttenuationSystem parallel flag: 0
2025/08/05 09:27:41 Attenuation computed count: 640000
2025/08/05 09:27:41 AttenuationSystem update time: 366.046367ms
2025/08/05 09:27:41 Run 1 complete
2025/08/05 09:27:41 StationSystem update...
2025/08/05 09:27:41 weather update count: 800
2025/08/05 09:27:41 StationSystem update time: 3.537µs
2025/08/05 09:27:41 SatelliteSystem update...
2025/08/05 09:27:41 satellite count: 800
2025/08/05 09:27:41 SatelliteSystem update time: 3.034051ms
2025/08/05 09:27:41 TopoSystem update...
2025/08/05 09:27:41 TopoSystem: Link count: 640000
2025/08/05 09:27:41 TopoSystem update time: 17.438172ms
2025/08/05 09:27:41 AttenuationSystem update...
2025/08/05 09:27:41 AttenuationSystem parallel flag: 0
2025/08/05 09:27:41 Attenuation computed count: 640000
2025/08/05 09:27:41 AttenuationSystem update time: 357.068596ms
2025/08/05 09:27:41 Run 2 complete
2025/08/05 09:27:41 StationSystem update...
2025/08/05 09:27:41 weather update count: 800
2025/08/05 09:27:41 StationSystem update time: 2.801µs
2025/08/05 09:27:41 SatelliteSystem update...
2025/08/05 09:27:41 satellite count: 800
2025/08/05 09:27:41 SatelliteSystem update time: 2.282536ms
2025/08/05 09:27:41 TopoSystem update...
2025/08/05 09:27:41 TopoSystem: Link count: 640000
2025/08/05 09:27:41 TopoSystem update time: 8.928474ms
2025/08/05 09:27:41 AttenuationSystem update...
2025/08/05 09:27:41 AttenuationSystem parallel flag: 0
2025/08/05 09:27:42 Attenuation computed count: 640000
2025/08/05 09:27:42 AttenuationSystem update time: 356.249851ms
2025/08/05 09:27:42 Run 3 complete
2025/08/05 09:27:42 StationSystem update...
2025/08/05 09:27:42 weather update count: 800
2025/08/05 09:27:42 StationSystem update time: 2.651µs
2025/08/05 09:27:42 SatelliteSystem update...
2025/08/05 09:27:42 satellite count: 800
2025/08/05 09:27:42 SatelliteSystem update time: 3.03971ms
2025/08/05 09:27:42 TopoSystem update...
2025/08/05 09:27:42 TopoSystem: Link count: 640000
2025/08/05 09:27:42 TopoSystem update time: 15.772253ms
2025/08/05 09:27:42 AttenuationSystem update...
2025/08/05 09:27:42 AttenuationSystem parallel flag: 0
2025/08/05 09:27:42 Attenuation computed count: 640000
2025/08/05 09:27:42 AttenuationSystem update time: 294.191236ms
2025/08/05 09:27:42 Run 4 complete
2025/08/05 09:27:42 StationSystem update...
2025/08/05 09:27:42 weather update count: 800
2025/08/05 09:27:42 StationSystem update time: 2.686µs
2025/08/05 09:27:42 SatelliteSystem update...
2025/08/05 09:27:42 satellite count: 800
2025/08/05 09:27:42 SatelliteSystem update time: 2.258819ms
2025/08/05 09:27:42 TopoSystem update...
2025/08/05 09:27:42 TopoSystem: Link count: 640000
2025/08/05 09:27:42 TopoSystem update time: 9.021173ms
2025/08/05 09:27:42 AttenuationSystem update...
2025/08/05 09:27:42 AttenuationSystem parallel flag: 0
2025/08/05 09:27:42 Attenuation computed count: 640000
2025/08/05 09:27:42 AttenuationSystem update time: 400.688143ms
2025/08/05 09:27:42 Run 5 complete
2025/08/05 09:27:42 StationSystem update...
2025/08/05 09:27:42 weather update count: 800
2025/08/05 09:27:42 StationSystem update time: 6.883µs
2025/08/05 09:27:42 SatelliteSystem update...
2025/08/05 09:27:42 satellite count: 800
2025/08/05 09:27:42 SatelliteSystem update time: 3.033653ms
2025/08/05 09:27:42 TopoSystem update...
2025/08/05 09:27:42 TopoSystem: Link count: 640000
2025/08/05 09:27:42 TopoSystem update time: 8.577825ms
2025/08/05 09:27:42 AttenuationSystem update...
2025/08/05 09:27:42 AttenuationSystem parallel flag: 0
2025/08/05 09:27:43 Attenuation computed count: 640000
2025/08/05 09:27:43 AttenuationSystem update time: 364.495588ms
2025/08/05 09:27:43 Run 6 complete
2025/08/05 09:27:43 StationSystem update...
2025/08/05 09:27:43 weather update count: 800
2025/08/05 09:27:43 StationSystem update time: 3.545µs
2025/08/05 09:27:43 SatelliteSystem update...
2025/08/05 09:27:43 satellite count: 800
2025/08/05 09:27:43 SatelliteSystem update time: 2.299239ms
2025/08/05 09:27:43 TopoSystem update...
2025/08/05 09:27:43 TopoSystem: Link count: 640000
2025/08/05 09:27:43 TopoSystem update time: 14.980873ms
2025/08/05 09:27:43 AttenuationSystem update...
2025/08/05 09:27:43 AttenuationSystem parallel flag: 0
2025/08/05 09:27:43 Attenuation computed count: 640000
2025/08/05 09:27:43 AttenuationSystem update time: 355.87046ms
2025/08/05 09:27:43 Run 7 complete
2025/08/05 09:27:43 StationSystem update...
2025/08/05 09:27:43 weather update count: 800
2025/08/05 09:27:43 StationSystem update time: 2.596µs
2025/08/05 09:27:43 SatelliteSystem update...
2025/08/05 09:27:43 satellite count: 800
2025/08/05 09:27:43 SatelliteSystem update time: 3.037339ms
2025/08/05 09:27:43 TopoSystem update...
2025/08/05 09:27:43 TopoSystem: Link count: 640000
2025/08/05 09:27:43 TopoSystem update time: 8.367257ms
2025/08/05 09:27:43 AttenuationSystem update...
2025/08/05 09:27:43 AttenuationSystem parallel flag: 0
2025/08/05 09:27:43 Attenuation computed count: 640000
2025/08/05 09:27:43 AttenuationSystem update time: 368.959274ms
2025/08/05 09:27:43 Run 8 complete
2025/08/05 09:27:43 StationSystem update...
2025/08/05 09:27:43 weather update count: 800
2025/08/05 09:27:43 StationSystem update time: 3.633µs
2025/08/05 09:27:43 SatelliteSystem update...
2025/08/05 09:27:43 satellite count: 800
2025/08/05 09:27:43 SatelliteSystem update time: 3.825083ms
2025/08/05 09:27:43 TopoSystem update...
2025/08/05 09:27:43 TopoSystem: Link count: 640000
2025/08/05 09:27:43 TopoSystem update time: 10.732571ms
2025/08/05 09:27:43 AttenuationSystem update...
2025/08/05 09:27:43 AttenuationSystem parallel flag: 0
2025/08/05 09:27:44 Attenuation computed count: 640000
2025/08/05 09:27:44 AttenuationSystem update time: 362.174816ms
2025/08/05 09:27:44 Run 9 complete
2025/08/05 09:27:44 StationSystem update...
2025/08/05 09:27:44 weather update count: 800
2025/08/05 09:27:44 StationSystem update time: 3.611µs
2025/08/05 09:27:44 SatelliteSystem update...
2025/08/05 09:27:44 satellite count: 800
2025/08/05 09:27:44 SatelliteSystem update time: 3.037112ms
2025/08/05 09:27:44 TopoSystem update...
2025/08/05 09:27:44 TopoSystem: Link count: 640000
2025/08/05 09:27:44 TopoSystem update time: 9.421508ms
2025/08/05 09:27:44 AttenuationSystem update...
2025/08/05 09:27:44 AttenuationSystem parallel flag: 0
2025/08/05 09:27:44 Attenuation computed count: 640000
2025/08/05 09:27:44 AttenuationSystem update time: 365.877249ms
2025/08/05 09:27:44 Run 10 complete
2025/08/05 09:27:44 Total update time:  3.748680658s
2025/08/05 09:27:44 linkCache size: 40

 Performance counter stats for './scale_ecs 800 800 10 4 4 0':

        13,617,836      cache-references                                                      
         2,199,776      cache-misses                     #   16.15% of all cache refs         

       3.754142375 seconds time elapsed

      13.398183000 seconds user
       0.047997000 seconds sys


