ECS running with 500 stations, 1800 satellites, 8 numWGs and 8 numBlocks for 10 rounds in 0 parallel pattern
2025/08/05 08:20:55 StationSystem update...
2025/08/05 08:20:55 weather update count: 500
2025/08/05 08:20:55 StationSystem update time: 4.104µs
2025/08/05 08:20:55 SatelliteSystem update...
2025/08/05 08:20:55 satellite count: 1800
2025/08/05 08:20:55 SatelliteSystem update time: 6.818927ms
2025/08/05 08:20:55 TopoSystem update...
2025/08/05 08:20:55 TopoSystem: Link count: 900000
2025/08/05 08:20:55 TopoSystem update time: 27.504366ms
2025/08/05 08:20:55 AttenuationSystem update...
2025/08/05 08:20:55 AttenuationSystem parallel flag: 0
2025/08/05 08:20:55 Attenuation computed count: 900000
2025/08/05 08:20:55 AttenuationSystem update time: 277.368455ms
2025/08/05 08:20:55 Run 1 complete
2025/08/05 08:20:55 StationSystem update...
2025/08/05 08:20:55 weather update count: 500
2025/08/05 08:20:55 StationSystem update time: 2.947µs
2025/08/05 08:20:55 SatelliteSystem update...
2025/08/05 08:20:55 satellite count: 1800
2025/08/05 08:20:55 SatelliteSystem update time: 6.800574ms
2025/08/05 08:20:55 TopoSystem update...
2025/08/05 08:20:55 TopoSystem: Link count: 900000
2025/08/05 08:20:55 TopoSystem update time: 19.230361ms
2025/08/05 08:20:55 AttenuationSystem update...
2025/08/05 08:20:55 AttenuationSystem parallel flag: 0
2025/08/05 08:20:55 Attenuation computed count: 900000
2025/08/05 08:20:55 AttenuationSystem update time: 256.518331ms
2025/08/05 08:20:55 Run 2 complete
2025/08/05 08:20:55 StationSystem update...
2025/08/05 08:20:55 weather update count: 500
2025/08/05 08:20:55 StationSystem update time: 2.585µs
2025/08/05 08:20:55 SatelliteSystem update...
2025/08/05 08:20:55 satellite count: 1800
2025/08/05 08:20:55 SatelliteSystem update time: 6.787311ms
2025/08/05 08:20:55 TopoSystem update...
2025/08/05 08:20:55 TopoSystem: Link count: 900000
2025/08/05 08:20:55 TopoSystem update time: 27.056147ms
2025/08/05 08:20:55 AttenuationSystem update...
2025/08/05 08:20:55 AttenuationSystem parallel flag: 0
2025/08/05 08:20:56 Attenuation computed count: 900000
2025/08/05 08:20:56 AttenuationSystem update time: 256.650535ms
2025/08/05 08:20:56 Run 3 complete
2025/08/05 08:20:56 StationSystem update...
2025/08/05 08:20:56 weather update count: 500
2025/08/05 08:20:56 StationSystem update time: 3.095µs
2025/08/05 08:20:56 SatelliteSystem update...
2025/08/05 08:20:56 satellite count: 1800
2025/08/05 08:20:56 SatelliteSystem update time: 6.792535ms
2025/08/05 08:20:56 TopoSystem update...
2025/08/05 08:20:56 TopoSystem: Link count: 900000
2025/08/05 08:20:56 TopoSystem update time: 13.367964ms
2025/08/05 08:20:56 AttenuationSystem update...
2025/08/05 08:20:56 AttenuationSystem parallel flag: 0
2025/08/05 08:20:56 Attenuation computed count: 900000
2025/08/05 08:20:56 AttenuationSystem update time: 290.420528ms
2025/08/05 08:20:56 Run 4 complete
2025/08/05 08:20:56 StationSystem update...
2025/08/05 08:20:56 weather update count: 500
2025/08/05 08:20:56 StationSystem update time: 2.713µs
2025/08/05 08:20:56 SatelliteSystem update...
2025/08/05 08:20:56 satellite count: 1800
2025/08/05 08:20:56 SatelliteSystem update time: 6.789447ms
2025/08/05 08:20:56 TopoSystem update...
2025/08/05 08:20:56 TopoSystem: Link count: 900000
2025/08/05 08:20:56 TopoSystem update time: 13.392201ms
2025/08/05 08:20:56 AttenuationSystem update...
2025/08/05 08:20:56 AttenuationSystem parallel flag: 0
2025/08/05 08:20:56 Attenuation computed count: 900000
2025/08/05 08:20:56 AttenuationSystem update time: 291.711629ms
2025/08/05 08:20:56 Run 5 complete
2025/08/05 08:20:56 StationSystem update...
2025/08/05 08:20:56 weather update count: 500
2025/08/05 08:20:56 StationSystem update time: 3.087µs
2025/08/05 08:20:56 SatelliteSystem update...
2025/08/05 08:20:56 satellite count: 1800
2025/08/05 08:20:56 SatelliteSystem update time: 6.808016ms
2025/08/05 08:20:56 TopoSystem update...
2025/08/05 08:20:56 TopoSystem: Link count: 900000
2025/08/05 08:20:56 TopoSystem update time: 12.983152ms
2025/08/05 08:20:56 AttenuationSystem update...
2025/08/05 08:20:56 AttenuationSystem parallel flag: 0
2025/08/05 08:20:57 Attenuation computed count: 900000
2025/08/05 08:20:57 AttenuationSystem update time: 289.4212ms
2025/08/05 08:20:57 Run 6 complete
2025/08/05 08:20:57 StationSystem update...
2025/08/05 08:20:57 weather update count: 500
2025/08/05 08:20:57 StationSystem update time: 2.688µs
2025/08/05 08:20:57 SatelliteSystem update...
2025/08/05 08:20:57 satellite count: 1800
2025/08/05 08:20:57 SatelliteSystem update time: 6.801296ms
2025/08/05 08:20:57 TopoSystem update...
2025/08/05 08:20:57 TopoSystem: Link count: 900000
2025/08/05 08:20:57 TopoSystem update time: 13.950545ms
2025/08/05 08:20:57 AttenuationSystem update...
2025/08/05 08:20:57 AttenuationSystem parallel flag: 0
2025/08/05 08:20:57 Attenuation computed count: 900000
2025/08/05 08:20:57 AttenuationSystem update time: 290.566776ms
2025/08/05 08:20:57 Run 7 complete
2025/08/05 08:20:57 StationSystem update...
2025/08/05 08:20:57 weather update count: 500
2025/08/05 08:20:57 StationSystem update time: 2.997µs
2025/08/05 08:20:57 SatelliteSystem update...
2025/08/05 08:20:57 satellite count: 1800
2025/08/05 08:20:57 SatelliteSystem update time: 6.795579ms
2025/08/05 08:20:57 TopoSystem update...
2025/08/05 08:20:57 TopoSystem: Link count: 900000
2025/08/05 08:20:57 TopoSystem update time: 12.76121ms
2025/08/05 08:20:57 AttenuationSystem update...
2025/08/05 08:20:57 AttenuationSystem parallel flag: 0
2025/08/05 08:20:57 Attenuation computed count: 900000
2025/08/05 08:20:57 AttenuationSystem update time: 256.163926ms
2025/08/05 08:20:57 Run 8 complete
2025/08/05 08:20:57 StationSystem update...
2025/08/05 08:20:57 weather update count: 500
2025/08/05 08:20:57 StationSystem update time: 2.632µs
2025/08/05 08:20:57 SatelliteSystem update...
2025/08/05 08:20:57 satellite count: 1800
2025/08/05 08:20:57 SatelliteSystem update time: 5.040885ms
2025/08/05 08:20:57 TopoSystem update...
2025/08/05 08:20:57 TopoSystem: Link count: 900000
2025/08/05 08:20:57 TopoSystem update time: 10.446042ms
2025/08/05 08:20:57 AttenuationSystem update...
2025/08/05 08:20:57 AttenuationSystem parallel flag: 0
2025/08/05 08:20:58 Attenuation computed count: 900000
2025/08/05 08:20:58 AttenuationSystem update time: 309.914231ms
2025/08/05 08:20:58 Run 9 complete
2025/08/05 08:20:58 StationSystem update...
2025/08/05 08:20:58 weather update count: 500
2025/08/05 08:20:58 StationSystem update time: 2.865µs
2025/08/05 08:20:58 SatelliteSystem update...
2025/08/05 08:20:58 satellite count: 1800
2025/08/05 08:20:58 SatelliteSystem update time: 6.844827ms
2025/08/05 08:20:58 TopoSystem update...
2025/08/05 08:20:58 TopoSystem: Link count: 900000
2025/08/05 08:20:58 TopoSystem update time: 13.328525ms
2025/08/05 08:20:58 AttenuationSystem update...
2025/08/05 08:20:58 AttenuationSystem parallel flag: 0
2025/08/05 08:20:58 Attenuation computed count: 900000
2025/08/05 08:20:58 AttenuationSystem update time: 276.522139ms
2025/08/05 08:20:58 Run 10 complete
2025/08/05 08:20:58 Total update time:  3.035309531s
2025/08/05 08:20:58 linkCache size: 40

 Performance counter stats for './scale_ecs 500 1800 10 8 8 0':

        19,338,182      cache-references                                                      
         3,573,448      cache-misses                     #   18.48% of all cache refs         

       3.042856973 seconds time elapsed

      19.601916000 seconds user
       0.060033000 seconds sys


