ECS running with 800 stations, 1400 satellites, 8 numWGs and 2 numBlocks for 10 rounds in 0 parallel pattern
2025/08/05 10:08:03 StationSystem update...
2025/08/05 10:08:03 weather update count: 800
2025/08/05 10:08:03 SatelliteSystem update...
2025/08/05 10:08:03 StationSystem update time: 3.888µs
2025/08/05 10:08:03 satellite count: 1400
2025/08/05 10:08:03 SatelliteSystem update time: 5.30698ms
2025/08/05 10:08:03 TopoSystem update...
2025/08/05 10:08:03 TopoSystem: Link count: 1120000
2025/08/05 10:08:03 TopoSystem update time: 33.862536ms
2025/08/05 10:08:03 AttenuationSystem update...
2025/08/05 10:08:03 AttenuationSystem parallel flag: 0
2025/08/05 10:08:04 Attenuation computed count: 1120000
2025/08/05 10:08:04 AttenuationSystem update time: 1.279223498s
2025/08/05 10:08:04 Run 1 complete
2025/08/05 10:08:04 StationSystem update...
2025/08/05 10:08:04 weather update count: 800
2025/08/05 10:08:04 StationSystem update time: 3.04µs
2025/08/05 10:08:04 SatelliteSystem update...
2025/08/05 10:08:04 satellite count: 1400
2025/08/05 10:08:04 SatelliteSystem update time: 5.300315ms
2025/08/05 10:08:04 TopoSystem update...
2025/08/05 10:08:05 TopoSystem: Link count: 1120000
2025/08/05 10:08:05 TopoSystem update time: 25.730107ms
2025/08/05 10:08:05 AttenuationSystem update...
2025/08/05 10:08:05 AttenuationSystem parallel flag: 0
2025/08/05 10:08:06 Attenuation computed count: 1120000
2025/08/05 10:08:06 AttenuationSystem update time: 1.035409654s
2025/08/05 10:08:06 Run 2 complete
2025/08/05 10:08:06 StationSystem update...
2025/08/05 10:08:06 weather update count: 800
2025/08/05 10:08:06 StationSystem update time: 2.503µs
2025/08/05 10:08:06 SatelliteSystem update...
2025/08/05 10:08:06 satellite count: 1400
2025/08/05 10:08:06 SatelliteSystem update time: 3.932146ms
2025/08/05 10:08:06 TopoSystem update...
2025/08/05 10:08:06 TopoSystem: Link count: 1120000
2025/08/05 10:08:06 TopoSystem update time: 23.906538ms
2025/08/05 10:08:06 AttenuationSystem update...
2025/08/05 10:08:06 AttenuationSystem parallel flag: 0
2025/08/05 10:08:07 Attenuation computed count: 1120000
2025/08/05 10:08:07 AttenuationSystem update time: 1.148002965s
2025/08/05 10:08:07 Run 3 complete
2025/08/05 10:08:07 StationSystem update...
2025/08/05 10:08:07 weather update count: 800
2025/08/05 10:08:07 StationSystem update time: 3.449µs
2025/08/05 10:08:07 SatelliteSystem update...
2025/08/05 10:08:07 satellite count: 1400
2025/08/05 10:08:07 SatelliteSystem update time: 3.967862ms
2025/08/05 10:08:07 TopoSystem update...
2025/08/05 10:08:07 TopoSystem: Link count: 1120000
2025/08/05 10:08:07 TopoSystem update time: 38.522674ms
2025/08/05 10:08:07 AttenuationSystem update...
2025/08/05 10:08:07 AttenuationSystem parallel flag: 0
2025/08/05 10:08:08 Attenuation computed count: 1120000
2025/08/05 10:08:08 AttenuationSystem update time: 1.288555361s
2025/08/05 10:08:08 Run 4 complete
2025/08/05 10:08:08 StationSystem update...
2025/08/05 10:08:08 weather update count: 800
2025/08/05 10:08:08 StationSystem update time: 3.635µs
2025/08/05 10:08:08 SatelliteSystem update...
2025/08/05 10:08:08 satellite count: 1400
2025/08/05 10:08:08 SatelliteSystem update time: 13.31978ms
2025/08/05 10:08:08 TopoSystem update...
2025/08/05 10:08:08 TopoSystem: Link count: 1120000
2025/08/05 10:08:08 TopoSystem update time: 18.708865ms
2025/08/05 10:08:08 AttenuationSystem update...
2025/08/05 10:08:08 AttenuationSystem parallel flag: 0
2025/08/05 10:08:09 Attenuation computed count: 1120000
2025/08/05 10:08:09 AttenuationSystem update time: 1.312741835s
2025/08/05 10:08:09 Run 5 complete
2025/08/05 10:08:09 StationSystem update...
2025/08/05 10:08:09 weather update count: 800
2025/08/05 10:08:09 StationSystem update time: 3.539µs
2025/08/05 10:08:09 SatelliteSystem update...
2025/08/05 10:08:09 satellite count: 1400
2025/08/05 10:08:09 SatelliteSystem update time: 5.30787ms
2025/08/05 10:08:09 TopoSystem update...
2025/08/05 10:08:09 TopoSystem: Link count: 1120000
2025/08/05 10:08:09 TopoSystem update time: 38.235664ms
2025/08/05 10:08:09 AttenuationSystem update...
2025/08/05 10:08:09 AttenuationSystem parallel flag: 0
2025/08/05 10:08:11 Attenuation computed count: 1120000
2025/08/05 10:08:11 AttenuationSystem update time: 1.122297645s
2025/08/05 10:08:11 Run 6 complete
2025/08/05 10:08:11 StationSystem update...
2025/08/05 10:08:11 weather update count: 800
2025/08/05 10:08:11 StationSystem update time: 3.325µs
2025/08/05 10:08:11 SatelliteSystem update...
2025/08/05 10:08:11 satellite count: 1400
2025/08/05 10:08:11 SatelliteSystem update time: 5.346474ms
2025/08/05 10:08:11 TopoSystem update...
2025/08/05 10:08:11 TopoSystem: Link count: 1120000
2025/08/05 10:08:11 TopoSystem update time: 39.161433ms
2025/08/05 10:08:11 AttenuationSystem update...
2025/08/05 10:08:11 AttenuationSystem parallel flag: 0
2025/08/05 10:08:12 Attenuation computed count: 1120000
2025/08/05 10:08:12 AttenuationSystem update time: 1.310180371s
2025/08/05 10:08:12 Run 7 complete
2025/08/05 10:08:12 StationSystem update...
2025/08/05 10:08:12 weather update count: 800
2025/08/05 10:08:12 StationSystem update time: 3.807µs
2025/08/05 10:08:12 SatelliteSystem update...
2025/08/05 10:08:12 satellite count: 1400
2025/08/05 10:08:12 SatelliteSystem update time: 5.305371ms
2025/08/05 10:08:12 TopoSystem update...
2025/08/05 10:08:12 TopoSystem: Link count: 1120000
2025/08/05 10:08:12 TopoSystem update time: 16.975224ms
2025/08/05 10:08:12 AttenuationSystem update...
2025/08/05 10:08:12 AttenuationSystem parallel flag: 0
2025/08/05 10:08:13 Attenuation computed count: 1120000
2025/08/05 10:08:13 AttenuationSystem update time: 1.309814959s
2025/08/05 10:08:13 Run 8 complete
2025/08/05 10:08:13 StationSystem update...
2025/08/05 10:08:13 weather update count: 800
2025/08/05 10:08:13 StationSystem update time: 3.41µs
2025/08/05 10:08:13 SatelliteSystem update...
2025/08/05 10:08:13 satellite count: 1400
2025/08/05 10:08:13 SatelliteSystem update time: 5.312911ms
2025/08/05 10:08:13 TopoSystem update...
2025/08/05 10:08:13 TopoSystem: Link count: 1120000
2025/08/05 10:08:13 TopoSystem update time: 19.271146ms
2025/08/05 10:08:13 AttenuationSystem update...
2025/08/05 10:08:13 AttenuationSystem parallel flag: 0
2025/08/05 10:08:14 Attenuation computed count: 1120000
2025/08/05 10:08:14 AttenuationSystem update time: 1.140935214s
2025/08/05 10:08:14 Run 9 complete
2025/08/05 10:08:14 StationSystem update...
2025/08/05 10:08:14 weather update count: 800
2025/08/05 10:08:14 StationSystem update time: 3.757µs
2025/08/05 10:08:14 SatelliteSystem update...
2025/08/05 10:08:14 satellite count: 1400
2025/08/05 10:08:14 SatelliteSystem update time: 5.310378ms
2025/08/05 10:08:14 TopoSystem update...
2025/08/05 10:08:14 TopoSystem: Link count: 1120000
2025/08/05 10:08:14 TopoSystem update time: 16.820748ms
2025/08/05 10:08:14 AttenuationSystem update...
2025/08/05 10:08:14 AttenuationSystem parallel flag: 0
2025/08/05 10:08:16 Attenuation computed count: 1120000
2025/08/05 10:08:16 AttenuationSystem update time: 1.306447322s
2025/08/05 10:08:16 Run 10 complete
2025/08/05 10:08:16 Total update time:  12.590992784s
2025/08/05 10:08:16 linkCache size: 40

 Performance counter stats for './scale_ecs 800 1400 10 8 2 0':

        23,817,143      cache-references                                                      
         5,449,080      cache-misses                     #   22.88% of all cache refs         

      12.598650728 seconds time elapsed

      23.992659000 seconds user
       0.085977000 seconds sys


