ECS running with 900 stations, 1800 satellites, 4 numWGs and 4 numBlocks for 10 rounds in 0 parallel pattern
2025/08/05 10:54:22 StationSystem update...
2025/08/05 10:54:22 weather update count: 900
2025/08/05 10:54:22 StationSystem update time: 5.256µs
2025/08/05 10:54:22 SatelliteSystem update...
2025/08/05 10:54:22 satellite count: 1800
2025/08/05 10:54:22 SatelliteSystem update time: 6.837013ms
2025/08/05 10:54:22 TopoSystem update...
2025/08/05 10:54:22 TopoSystem: Link count: 1620000
2025/08/05 10:54:22 TopoSystem update time: 51.074576ms
2025/08/05 10:54:22 AttenuationSystem update...
2025/08/05 10:54:22 AttenuationSystem parallel flag: 0
2025/08/05 10:54:23 Attenuation computed count: 1620000
2025/08/05 10:54:23 AttenuationSystem update time: 927.137486ms
2025/08/05 10:54:23 Run 1 complete
2025/08/05 10:54:23 StationSystem update...
2025/08/05 10:54:23 weather update count: 900
2025/08/05 10:54:23 StationSystem update time: 3.842µs
2025/08/05 10:54:23 SatelliteSystem update...
2025/08/05 10:54:23 satellite count: 1800
2025/08/05 10:54:23 SatelliteSystem update time: 6.804215ms
2025/08/05 10:54:23 TopoSystem update...
2025/08/05 10:54:23 TopoSystem: Link count: 1620000
2025/08/05 10:54:23 TopoSystem update time: 43.746983ms
2025/08/05 10:54:23 AttenuationSystem update...
2025/08/05 10:54:23 AttenuationSystem parallel flag: 0
2025/08/05 10:54:24 Attenuation computed count: 1620000
2025/08/05 10:54:24 AttenuationSystem update time: 907.589793ms
2025/08/05 10:54:24 Run 2 complete
2025/08/05 10:54:24 StationSystem update...
2025/08/05 10:54:24 weather update count: 900
2025/08/05 10:54:24 StationSystem update time: 3.208µs
2025/08/05 10:54:24 SatelliteSystem update...
2025/08/05 10:54:24 satellite count: 1800
2025/08/05 10:54:24 SatelliteSystem update time: 7.662077ms
2025/08/05 10:54:24 TopoSystem update...
2025/08/05 10:54:24 TopoSystem: Link count: 1620000
2025/08/05 10:54:24 TopoSystem update time: 27.747688ms
2025/08/05 10:54:24 AttenuationSystem update...
2025/08/05 10:54:24 AttenuationSystem parallel flag: 0
2025/08/05 10:54:25 Attenuation computed count: 1620000
2025/08/05 10:54:25 AttenuationSystem update time: 903.752072ms
2025/08/05 10:54:25 Run 3 complete
2025/08/05 10:54:25 StationSystem update...
2025/08/05 10:54:25 weather update count: 900
2025/08/05 10:54:25 StationSystem update time: 3.331µs
2025/08/05 10:54:25 SatelliteSystem update...
2025/08/05 10:54:25 satellite count: 1800
2025/08/05 10:54:25 SatelliteSystem update time: 6.810191ms
2025/08/05 10:54:25 TopoSystem update...
2025/08/05 10:54:25 TopoSystem: Link count: 1620000
2025/08/05 10:54:25 TopoSystem update time: 22.972329ms
2025/08/05 10:54:25 AttenuationSystem update...
2025/08/05 10:54:25 AttenuationSystem parallel flag: 0
2025/08/05 10:54:26 Attenuation computed count: 1620000
2025/08/05 10:54:26 AttenuationSystem update time: 930.987737ms
2025/08/05 10:54:26 Run 4 complete
2025/08/05 10:54:26 StationSystem update...
2025/08/05 10:54:26 weather update count: 900
2025/08/05 10:54:26 StationSystem update time: 3.647µs
2025/08/05 10:54:26 SatelliteSystem update...
2025/08/05 10:54:26 satellite count: 1800
2025/08/05 10:54:26 SatelliteSystem update time: 6.931211ms
2025/08/05 10:54:26 TopoSystem update...
2025/08/05 10:54:26 TopoSystem: Link count: 1620000
2025/08/05 10:54:26 TopoSystem update time: 25.469395ms
2025/08/05 10:54:26 AttenuationSystem update...
2025/08/05 10:54:26 AttenuationSystem parallel flag: 0
2025/08/05 10:54:27 Attenuation computed count: 1620000
2025/08/05 10:54:27 AttenuationSystem update time: 920.075564ms
2025/08/05 10:54:27 Run 5 complete
2025/08/05 10:54:27 StationSystem update...
2025/08/05 10:54:27 weather update count: 900
2025/08/05 10:54:27 StationSystem update time: 3.535µs
2025/08/05 10:54:27 SatelliteSystem update...
2025/08/05 10:54:27 satellite count: 1800
2025/08/05 10:54:27 SatelliteSystem update time: 6.818372ms
2025/08/05 10:54:27 TopoSystem update...
2025/08/05 10:54:27 TopoSystem: Link count: 1620000
2025/08/05 10:54:27 TopoSystem update time: 21.820503ms
2025/08/05 10:54:27 AttenuationSystem update...
2025/08/05 10:54:27 AttenuationSystem parallel flag: 0
2025/08/05 10:54:28 Attenuation computed count: 1620000
2025/08/05 10:54:28 AttenuationSystem update time: 874.460549ms
2025/08/05 10:54:28 Run 6 complete
2025/08/05 10:54:28 StationSystem update...
2025/08/05 10:54:28 weather update count: 900
2025/08/05 10:54:28 StationSystem update time: 4.104µs
2025/08/05 10:54:28 SatelliteSystem update...
2025/08/05 10:54:28 satellite count: 1800
2025/08/05 10:54:28 SatelliteSystem update time: 6.857034ms
2025/08/05 10:54:28 TopoSystem update...
2025/08/05 10:54:28 TopoSystem: Link count: 1620000
2025/08/05 10:54:28 TopoSystem update time: 41.351432ms
2025/08/05 10:54:28 AttenuationSystem update...
2025/08/05 10:54:28 AttenuationSystem parallel flag: 0
2025/08/05 10:54:29 Attenuation computed count: 1620000
2025/08/05 10:54:29 AttenuationSystem update time: 907.286628ms
2025/08/05 10:54:29 Run 7 complete
2025/08/05 10:54:29 StationSystem update...
2025/08/05 10:54:29 weather update count: 900
2025/08/05 10:54:29 StationSystem update time: 3.784µs
2025/08/05 10:54:29 SatelliteSystem update...
2025/08/05 10:54:29 satellite count: 1800
2025/08/05 10:54:29 SatelliteSystem update time: 6.951322ms
2025/08/05 10:54:29 TopoSystem update...
2025/08/05 10:54:29 TopoSystem: Link count: 1620000
2025/08/05 10:54:29 TopoSystem update time: 27.890058ms
2025/08/05 10:54:29 AttenuationSystem update...
2025/08/05 10:54:29 AttenuationSystem parallel flag: 0
2025/08/05 10:54:30 Attenuation computed count: 1620000
2025/08/05 10:54:30 AttenuationSystem update time: 847.490711ms
2025/08/05 10:54:30 Run 8 complete
2025/08/05 10:54:30 StationSystem update...
2025/08/05 10:54:30 weather update count: 900
2025/08/05 10:54:30 StationSystem update time: 3.553µs
2025/08/05 10:54:30 SatelliteSystem update...
2025/08/05 10:54:30 satellite count: 1800
2025/08/05 10:54:30 SatelliteSystem update time: 6.802556ms
2025/08/05 10:54:30 TopoSystem update...
2025/08/05 10:54:30 TopoSystem: Link count: 1620000
2025/08/05 10:54:30 TopoSystem update time: 21.956398ms
2025/08/05 10:54:30 AttenuationSystem update...
2025/08/05 10:54:30 AttenuationSystem parallel flag: 0
2025/08/05 10:54:31 Attenuation computed count: 1620000
2025/08/05 10:54:31 AttenuationSystem update time: 802.813117ms
2025/08/05 10:54:31 Run 9 complete
2025/08/05 10:54:31 StationSystem update...
2025/08/05 10:54:31 weather update count: 900
2025/08/05 10:54:31 StationSystem update time: 3.15µs
2025/08/05 10:54:31 SatelliteSystem update...
2025/08/05 10:54:31 satellite count: 1800
2025/08/05 10:54:31 SatelliteSystem update time: 5.039399ms
2025/08/05 10:54:31 TopoSystem update...
2025/08/05 10:54:31 TopoSystem: Link count: 1620000
2025/08/05 10:54:31 TopoSystem update time: 19.850861ms
2025/08/05 10:54:31 AttenuationSystem update...
2025/08/05 10:54:31 AttenuationSystem parallel flag: 0
2025/08/05 10:54:31 Attenuation computed count: 1620000
2025/08/05 10:54:31 AttenuationSystem update time: 876.089961ms
2025/08/05 10:54:31 Run 10 complete
2025/08/05 10:54:31 Total update time:  9.280236669s
2025/08/05 10:54:31 linkCache size: 40

 Performance counter stats for './scale_ecs 900 1800 10 4 4 0':

        33,734,955      cache-references                                                      
         8,167,176      cache-misses                     #   24.21% of all cache refs         

       9.290909531 seconds time elapsed

      32.536983000 seconds user
       0.133089000 seconds sys


