ECS running with 1000 stations, 500 satellites, 8 numWGs and 8 numBlocks for 10 rounds in 1 parallel pattern
2025/08/05 11:03:35 StationSystem update...
2025/08/05 11:03:35 weather update count: 1000
2025/08/05 11:03:35 StationSystem update time: 3.437µs
2025/08/05 11:03:35 SatelliteSystem update...
2025/08/05 11:03:35 satellite count: 500
2025/08/05 11:03:35 SatelliteSystem update time: 1.916609ms
2025/08/05 11:03:35 TopoSystem update...
2025/08/05 11:03:35 TopoSystem: Link count: 500000
2025/08/05 11:03:35 TopoSystem update time: 15.28015ms
2025/08/05 11:03:35 AttenuationSystem update...
2025/08/05 11:03:35 AttenuationSystem parallel flag: 1
2025/08/05 11:03:35 Attenuation computed count: 500000
2025/08/05 11:03:35 AttenuationSystem update time: 143.175167ms
2025/08/05 11:03:35 Run 1 complete
2025/08/05 11:03:35 StationSystem update...
2025/08/05 11:03:35 weather update count: 1000
2025/08/05 11:03:35 StationSystem update time: 3.897µs
2025/08/05 11:03:35 SatelliteSystem update...
2025/08/05 11:03:35 satellite count: 500
2025/08/05 11:03:35 SatelliteSystem update time: 1.912814ms
2025/08/05 11:03:35 TopoSystem update...
2025/08/05 11:03:35 TopoSystem: Link count: 500000
2025/08/05 11:03:35 TopoSystem update time: 13.929721ms
2025/08/05 11:03:35 AttenuationSystem update...
2025/08/05 11:03:35 AttenuationSystem parallel flag: 1
2025/08/05 11:03:35 Attenuation computed count: 500000
2025/08/05 11:03:35 AttenuationSystem update time: 142.956119ms
2025/08/05 11:03:35 Run 2 complete
2025/08/05 11:03:35 StationSystem update...
2025/08/05 11:03:35 weather update count: 1000
2025/08/05 11:03:35 StationSystem update time: 3.867µs
2025/08/05 11:03:35 SatelliteSystem update...
2025/08/05 11:03:35 satellite count: 500
2025/08/05 11:03:35 SatelliteSystem update time: 1.9138ms
2025/08/05 11:03:35 TopoSystem update...
2025/08/05 11:03:35 TopoSystem: Link count: 500000
2025/08/05 11:03:35 TopoSystem update time: 8.378923ms
2025/08/05 11:03:35 AttenuationSystem update...
2025/08/05 11:03:35 AttenuationSystem parallel flag: 1
2025/08/05 11:03:36 Attenuation computed count: 500000
2025/08/05 11:03:36 AttenuationSystem update time: 143.621968ms
2025/08/05 11:03:36 Run 3 complete
2025/08/05 11:03:36 StationSystem update...
2025/08/05 11:03:36 weather update count: 1000
2025/08/05 11:03:36 StationSystem update time: 3.76µs
2025/08/05 11:03:36 SatelliteSystem update...
2025/08/05 11:03:36 satellite count: 500
2025/08/05 11:03:36 SatelliteSystem update time: 1.907189ms
2025/08/05 11:03:36 TopoSystem update...
2025/08/05 11:03:36 TopoSystem: Link count: 500000
2025/08/05 11:03:36 TopoSystem update time: 7.574748ms
2025/08/05 11:03:36 AttenuationSystem update...
2025/08/05 11:03:36 AttenuationSystem parallel flag: 1
2025/08/05 11:03:36 Attenuation computed count: 500000
2025/08/05 11:03:36 AttenuationSystem update time: 177.139036ms
2025/08/05 11:03:36 Run 4 complete
2025/08/05 11:03:36 StationSystem update...
2025/08/05 11:03:36 weather update count: 1000
2025/08/05 11:03:36 StationSystem update time: 3.785µs
2025/08/05 11:03:36 SatelliteSystem update...
2025/08/05 11:03:36 satellite count: 500
2025/08/05 11:03:36 SatelliteSystem update time: 1.907251ms
2025/08/05 11:03:36 TopoSystem update...
2025/08/05 11:03:36 TopoSystem: Link count: 500000
2025/08/05 11:03:36 TopoSystem update time: 7.749711ms
2025/08/05 11:03:36 AttenuationSystem update...
2025/08/05 11:03:36 AttenuationSystem parallel flag: 1
2025/08/05 11:03:36 Attenuation computed count: 500000
2025/08/05 11:03:36 AttenuationSystem update time: 177.324992ms
2025/08/05 11:03:36 Run 5 complete
2025/08/05 11:03:36 StationSystem update...
2025/08/05 11:03:36 weather update count: 1000
2025/08/05 11:03:36 StationSystem update time: 3.689µs
2025/08/05 11:03:36 SatelliteSystem update...
2025/08/05 11:03:36 satellite count: 500
2025/08/05 11:03:36 SatelliteSystem update time: 1.907781ms
2025/08/05 11:03:36 TopoSystem update...
2025/08/05 11:03:36 TopoSystem: Link count: 500000
2025/08/05 11:03:36 TopoSystem update time: 7.702627ms
2025/08/05 11:03:36 AttenuationSystem update...
2025/08/05 11:03:36 AttenuationSystem parallel flag: 1
2025/08/05 11:03:36 Attenuation computed count: 500000
2025/08/05 11:03:36 AttenuationSystem update time: 185.465948ms
2025/08/05 11:03:36 Run 6 complete
2025/08/05 11:03:36 StationSystem update...
2025/08/05 11:03:36 weather update count: 1000
2025/08/05 11:03:36 StationSystem update time: 3.9µs
2025/08/05 11:03:36 SatelliteSystem update...
2025/08/05 11:03:36 satellite count: 500
2025/08/05 11:03:36 SatelliteSystem update time: 1.893562ms
2025/08/05 11:03:36 TopoSystem update...
2025/08/05 11:03:36 TopoSystem: Link count: 500000
2025/08/05 11:03:36 TopoSystem update time: 7.424052ms
2025/08/05 11:03:36 AttenuationSystem update...
2025/08/05 11:03:36 AttenuationSystem parallel flag: 1
2025/08/05 11:03:36 Attenuation computed count: 500000
2025/08/05 11:03:36 AttenuationSystem update time: 178.995235ms
2025/08/05 11:03:36 Run 7 complete
2025/08/05 11:03:36 StationSystem update...
2025/08/05 11:03:36 weather update count: 1000
2025/08/05 11:03:36 StationSystem update time: 3.781µs
2025/08/05 11:03:36 SatelliteSystem update...
2025/08/05 11:03:36 satellite count: 500
2025/08/05 11:03:36 SatelliteSystem update time: 1.909131ms
2025/08/05 11:03:36 TopoSystem update...
2025/08/05 11:03:36 TopoSystem: Link count: 500000
2025/08/05 11:03:36 TopoSystem update time: 7.057019ms
2025/08/05 11:03:36 AttenuationSystem update...
2025/08/05 11:03:36 AttenuationSystem parallel flag: 1
2025/08/05 11:03:37 Attenuation computed count: 500000
2025/08/05 11:03:37 AttenuationSystem update time: 183.085772ms
2025/08/05 11:03:37 Run 8 complete
2025/08/05 11:03:37 StationSystem update...
2025/08/05 11:03:37 weather update count: 1000
2025/08/05 11:03:37 StationSystem update time: 3.886µs
2025/08/05 11:03:37 SatelliteSystem update...
2025/08/05 11:03:37 satellite count: 500
2025/08/05 11:03:37 SatelliteSystem update time: 1.900193ms
2025/08/05 11:03:37 TopoSystem update...
2025/08/05 11:03:37 TopoSystem: Link count: 500000
2025/08/05 11:03:37 TopoSystem update time: 7.108104ms
2025/08/05 11:03:37 AttenuationSystem update...
2025/08/05 11:03:37 AttenuationSystem parallel flag: 1
2025/08/05 11:03:37 Attenuation computed count: 500000
2025/08/05 11:03:37 AttenuationSystem update time: 183.348099ms
2025/08/05 11:03:37 Run 9 complete
2025/08/05 11:03:37 StationSystem update...
2025/08/05 11:03:37 weather update count: 1000
2025/08/05 11:03:37 StationSystem update time: 3.747µs
2025/08/05 11:03:37 SatelliteSystem update...
2025/08/05 11:03:37 satellite count: 500
2025/08/05 11:03:37 SatelliteSystem update time: 1.909669ms
2025/08/05 11:03:37 TopoSystem update...
2025/08/05 11:03:37 TopoSystem: Link count: 500000
2025/08/05 11:03:37 TopoSystem update time: 7.577823ms
2025/08/05 11:03:37 AttenuationSystem update...
2025/08/05 11:03:37 AttenuationSystem parallel flag: 1
2025/08/05 11:03:37 Attenuation computed count: 500000
2025/08/05 11:03:37 AttenuationSystem update time: 186.677192ms
2025/08/05 11:03:37 Run 10 complete
2025/08/05 11:03:37 Total update time:  1.812892577s
2025/08/05 11:03:37 linkCache size: 40

 Performance counter stats for './scale_ecs 1000 500 10 8 8 1':

        10,646,601      cache-references                                                      
         1,270,862      cache-misses                     #   11.94% of all cache refs         

       1.818332059 seconds time elapsed

      10.797677000 seconds user
       0.030953000 seconds sys


