ECS running with 900 stations, 1900 satellites, 8 numWGs and 4 numBlocks for 10 rounds in 1 parallel pattern
2025/08/05 10:58:34 StationSystem update...
2025/08/05 10:58:34 weather update count: 900
2025/08/05 10:58:34 StationSystem update time: 5.196µs
2025/08/05 10:58:34 SatelliteSystem update...
2025/08/05 10:58:34 satellite count: 1900
2025/08/05 10:58:34 SatelliteSystem update time: 7.168949ms
2025/08/05 10:58:34 TopoSystem update...
2025/08/05 10:58:34 TopoSystem: Link count: 1710000
2025/08/05 10:58:34 TopoSystem update time: 49.622467ms
2025/08/05 10:58:34 AttenuationSystem update...
2025/08/05 10:58:34 AttenuationSystem parallel flag: 1
2025/08/05 10:58:35 Attenuation computed count: 1710000
2025/08/05 10:58:35 AttenuationSystem update time: 490.274761ms
2025/08/05 10:58:35 Run 1 complete
2025/08/05 10:58:35 StationSystem update...
2025/08/05 10:58:35 weather update count: 900
2025/08/05 10:58:35 StationSystem update time: 3.593µs
2025/08/05 10:58:35 SatelliteSystem update...
2025/08/05 10:58:35 satellite count: 1900
2025/08/05 10:58:35 SatelliteSystem update time: 7.176216ms
2025/08/05 10:58:35 TopoSystem update...
2025/08/05 10:58:35 TopoSystem: Link count: 1710000
2025/08/05 10:58:35 TopoSystem update time: 45.956157ms
2025/08/05 10:58:35 AttenuationSystem update...
2025/08/05 10:58:35 AttenuationSystem parallel flag: 1
2025/08/05 10:58:35 Attenuation computed count: 1710000
2025/08/05 10:58:35 AttenuationSystem update time: 550.938275ms
2025/08/05 10:58:35 Run 2 complete
2025/08/05 10:58:35 StationSystem update...
2025/08/05 10:58:35 weather update count: 900
2025/08/05 10:58:35 StationSystem update time: 3.492µs
2025/08/05 10:58:35 SatelliteSystem update...
2025/08/05 10:58:35 satellite count: 1900
2025/08/05 10:58:35 SatelliteSystem update time: 7.300939ms
2025/08/05 10:58:35 TopoSystem update...
2025/08/05 10:58:35 TopoSystem: Link count: 1710000
2025/08/05 10:58:35 TopoSystem update time: 26.379501ms
2025/08/05 10:58:35 AttenuationSystem update...
2025/08/05 10:58:35 AttenuationSystem parallel flag: 1
2025/08/05 10:58:36 Attenuation computed count: 1710000
2025/08/05 10:58:36 AttenuationSystem update time: 500.010594ms
2025/08/05 10:58:36 Run 3 complete
2025/08/05 10:58:36 StationSystem update...
2025/08/05 10:58:36 weather update count: 900
2025/08/05 10:58:36 StationSystem update time: 3.811µs
2025/08/05 10:58:36 SatelliteSystem update...
2025/08/05 10:58:36 satellite count: 1900
2025/08/05 10:58:36 SatelliteSystem update time: 7.18614ms
2025/08/05 10:58:36 TopoSystem update...
2025/08/05 10:58:36 TopoSystem: Link count: 1710000
2025/08/05 10:58:36 TopoSystem update time: 23.119324ms
2025/08/05 10:58:36 AttenuationSystem update...
2025/08/05 10:58:36 AttenuationSystem parallel flag: 1
2025/08/05 10:58:37 Attenuation computed count: 1710000
2025/08/05 10:58:37 AttenuationSystem update time: 507.513382ms
2025/08/05 10:58:37 Run 4 complete
2025/08/05 10:58:37 StationSystem update...
2025/08/05 10:58:37 weather update count: 900
2025/08/05 10:58:37 StationSystem update time: 4.293µs
2025/08/05 10:58:37 SatelliteSystem update...
2025/08/05 10:58:37 satellite count: 1900
2025/08/05 10:58:37 SatelliteSystem update time: 7.173396ms
2025/08/05 10:58:37 TopoSystem update...
2025/08/05 10:58:37 TopoSystem: Link count: 1710000
2025/08/05 10:58:37 TopoSystem update time: 22.996237ms
2025/08/05 10:58:37 AttenuationSystem update...
2025/08/05 10:58:37 AttenuationSystem parallel flag: 1
2025/08/05 10:58:37 Attenuation computed count: 1710000
2025/08/05 10:58:37 AttenuationSystem update time: 512.783102ms
2025/08/05 10:58:37 Run 5 complete
2025/08/05 10:58:37 StationSystem update...
2025/08/05 10:58:37 weather update count: 900
2025/08/05 10:58:37 StationSystem update time: 3.742µs
2025/08/05 10:58:37 SatelliteSystem update...
2025/08/05 10:58:37 satellite count: 1900
2025/08/05 10:58:37 SatelliteSystem update time: 5.348795ms
2025/08/05 10:58:37 TopoSystem update...
2025/08/05 10:58:37 TopoSystem: Link count: 1710000
2025/08/05 10:58:37 TopoSystem update time: 20.785657ms
2025/08/05 10:58:37 AttenuationSystem update...
2025/08/05 10:58:37 AttenuationSystem parallel flag: 1
2025/08/05 10:58:38 Attenuation computed count: 1710000
2025/08/05 10:58:38 AttenuationSystem update time: 530.496771ms
2025/08/05 10:58:38 Run 6 complete
2025/08/05 10:58:38 StationSystem update...
2025/08/05 10:58:38 weather update count: 900
2025/08/05 10:58:38 StationSystem update time: 3.675µs
2025/08/05 10:58:38 SatelliteSystem update...
2025/08/05 10:58:38 satellite count: 1900
2025/08/05 10:58:38 SatelliteSystem update time: 7.289889ms
2025/08/05 10:58:38 TopoSystem update...
2025/08/05 10:58:38 TopoSystem: Link count: 1710000
2025/08/05 10:58:38 TopoSystem update time: 23.422393ms
2025/08/05 10:58:38 AttenuationSystem update...
2025/08/05 10:58:38 AttenuationSystem parallel flag: 1
2025/08/05 10:58:38 Attenuation computed count: 1710000
2025/08/05 10:58:38 AttenuationSystem update time: 512.147635ms
2025/08/05 10:58:38 Run 7 complete
2025/08/05 10:58:38 StationSystem update...
2025/08/05 10:58:38 weather update count: 900
2025/08/05 10:58:38 StationSystem update time: 3.881µs
2025/08/05 10:58:38 SatelliteSystem update...
2025/08/05 10:58:38 satellite count: 1900
2025/08/05 10:58:38 SatelliteSystem update time: 5.327951ms
2025/08/05 10:58:38 TopoSystem update...
2025/08/05 10:58:38 TopoSystem: Link count: 1710000
2025/08/05 10:58:38 TopoSystem update time: 20.751899ms
2025/08/05 10:58:38 AttenuationSystem update...
2025/08/05 10:58:38 AttenuationSystem parallel flag: 1
2025/08/05 10:58:39 Attenuation computed count: 1710000
2025/08/05 10:58:39 AttenuationSystem update time: 489.659801ms
2025/08/05 10:58:39 Run 8 complete
2025/08/05 10:58:39 StationSystem update...
2025/08/05 10:58:39 weather update count: 900
2025/08/05 10:58:39 StationSystem update time: 3.414µs
2025/08/05 10:58:39 SatelliteSystem update...
2025/08/05 10:58:39 satellite count: 1900
2025/08/05 10:58:39 SatelliteSystem update time: 5.340321ms
2025/08/05 10:58:39 TopoSystem update...
2025/08/05 10:58:39 TopoSystem: Link count: 1710000
2025/08/05 10:58:39 TopoSystem update time: 20.195109ms
2025/08/05 10:58:39 AttenuationSystem update...
2025/08/05 10:58:39 AttenuationSystem parallel flag: 1
2025/08/05 10:58:39 Attenuation computed count: 1710000
2025/08/05 10:58:39 AttenuationSystem update time: 525.431715ms
2025/08/05 10:58:39 Run 9 complete
2025/08/05 10:58:39 StationSystem update...
2025/08/05 10:58:39 weather update count: 900
2025/08/05 10:58:39 StationSystem update time: 3.728µs
2025/08/05 10:58:39 SatelliteSystem update...
2025/08/05 10:58:39 satellite count: 1900
2025/08/05 10:58:39 SatelliteSystem update time: 7.175959ms
2025/08/05 10:58:39 TopoSystem update...
2025/08/05 10:58:39 TopoSystem: Link count: 1710000
2025/08/05 10:58:39 TopoSystem update time: 22.966376ms
2025/08/05 10:58:39 AttenuationSystem update...
2025/08/05 10:58:39 AttenuationSystem parallel flag: 1
2025/08/05 10:58:40 Attenuation computed count: 1710000
2025/08/05 10:58:40 AttenuationSystem update time: 492.572786ms
2025/08/05 10:58:40 Run 10 complete
2025/08/05 10:58:40 Total update time:  5.465657734s
2025/08/05 10:58:40 linkCache size: 40

 Performance counter stats for './scale_ecs 900 1900 10 8 4 1':

        36,077,910      cache-references                                                      
         8,821,598      cache-misses                     #   24.45% of all cache refs         

       5.475250649 seconds time elapsed

      33.265671000 seconds user
       0.152970000 seconds sys


