ECS running with 500 stations, 1600 satellites, 4 numWGs and 2 numBlocks for 10 rounds in 1 parallel pattern
2025/08/05 08:16:15 StationSystem update...
2025/08/05 08:16:15 weather update count: 500
2025/08/05 08:16:15 StationSystem update time: 4.502µs
2025/08/05 08:16:15 SatelliteSystem update...
2025/08/05 08:16:15 satellite count: 1600
2025/08/05 08:16:15 SatelliteSystem update time: 6.075052ms
2025/08/05 08:16:15 TopoSystem update...
2025/08/05 08:16:15 TopoSystem: Link count: 800000
2025/08/05 08:16:15 TopoSystem update time: 24.539777ms
2025/08/05 08:16:15 AttenuationSystem update...
2025/08/05 08:16:15 AttenuationSystem parallel flag: 1
2025/08/05 08:16:16 Attenuation computed count: 800000
2025/08/05 08:16:16 AttenuationSystem update time: 458.27069ms
2025/08/05 08:16:16 Run 1 complete
2025/08/05 08:16:16 StationSystem update...
2025/08/05 08:16:16 weather update count: 500
2025/08/05 08:16:16 StationSystem update time: 3.148µs
2025/08/05 08:16:16 SatelliteSystem update...
2025/08/05 08:16:16 satellite count: 1600
2025/08/05 08:16:16 SatelliteSystem update time: 5.015793ms
2025/08/05 08:16:16 TopoSystem update...
2025/08/05 08:16:16 TopoSystem: Link count: 800000
2025/08/05 08:16:16 TopoSystem update time: 15.521549ms
2025/08/05 08:16:16 AttenuationSystem update...
2025/08/05 08:16:16 AttenuationSystem parallel flag: 1
2025/08/05 08:16:16 Attenuation computed count: 800000
2025/08/05 08:16:16 AttenuationSystem update time: 458.837497ms
2025/08/05 08:16:16 Run 2 complete
2025/08/05 08:16:16 StationSystem update...
2025/08/05 08:16:16 weather update count: 500
2025/08/05 08:16:16 StationSystem update time: 2.555µs
2025/08/05 08:16:16 SatelliteSystem update...
2025/08/05 08:16:16 satellite count: 1600
2025/08/05 08:16:16 SatelliteSystem update time: 6.285919ms
2025/08/05 08:16:16 TopoSystem update...
2025/08/05 08:16:16 TopoSystem: Link count: 800000
2025/08/05 08:16:16 TopoSystem update time: 9.39959ms
2025/08/05 08:16:16 AttenuationSystem update...
2025/08/05 08:16:16 AttenuationSystem parallel flag: 1
2025/08/05 08:16:17 Attenuation computed count: 800000
2025/08/05 08:16:17 AttenuationSystem update time: 418.951037ms
2025/08/05 08:16:17 Run 3 complete
2025/08/05 08:16:17 StationSystem update...
2025/08/05 08:16:17 weather update count: 500
2025/08/05 08:16:17 StationSystem update time: 2.616µs
2025/08/05 08:16:17 SatelliteSystem update...
2025/08/05 08:16:17 satellite count: 1600
2025/08/05 08:16:17 SatelliteSystem update time: 6.043696ms
2025/08/05 08:16:17 TopoSystem update...
2025/08/05 08:16:17 TopoSystem: Link count: 800000
2025/08/05 08:16:17 TopoSystem update time: 10.930719ms
2025/08/05 08:16:17 AttenuationSystem update...
2025/08/05 08:16:17 AttenuationSystem parallel flag: 1
2025/08/05 08:16:17 Attenuation computed count: 800000
2025/08/05 08:16:17 AttenuationSystem update time: 424.379062ms
2025/08/05 08:16:17 Run 4 complete
2025/08/05 08:16:17 StationSystem update...
2025/08/05 08:16:17 weather update count: 500
2025/08/05 08:16:17 StationSystem update time: 2.626µs
2025/08/05 08:16:17 SatelliteSystem update...
2025/08/05 08:16:17 satellite count: 1600
2025/08/05 08:16:17 SatelliteSystem update time: 6.035436ms
2025/08/05 08:16:17 TopoSystem update...
2025/08/05 08:16:17 TopoSystem: Link count: 800000
2025/08/05 08:16:17 TopoSystem update time: 12.013707ms
2025/08/05 08:16:17 AttenuationSystem update...
2025/08/05 08:16:17 AttenuationSystem parallel flag: 1
2025/08/05 08:16:17 Attenuation computed count: 800000
2025/08/05 08:16:17 AttenuationSystem update time: 450.605856ms
2025/08/05 08:16:17 Run 5 complete
2025/08/05 08:16:17 StationSystem update...
2025/08/05 08:16:17 weather update count: 500
2025/08/05 08:16:17 StationSystem update time: 3.14µs
2025/08/05 08:16:17 SatelliteSystem update...
2025/08/05 08:16:17 satellite count: 1600
2025/08/05 08:16:17 SatelliteSystem update time: 6.045851ms
2025/08/05 08:16:17 TopoSystem update...
2025/08/05 08:16:18 TopoSystem: Link count: 800000
2025/08/05 08:16:18 TopoSystem update time: 9.390045ms
2025/08/05 08:16:18 AttenuationSystem update...
2025/08/05 08:16:18 AttenuationSystem parallel flag: 1
2025/08/05 08:16:18 Attenuation computed count: 800000
2025/08/05 08:16:18 AttenuationSystem update time: 474.292397ms
2025/08/05 08:16:18 Run 6 complete
2025/08/05 08:16:18 StationSystem update...
2025/08/05 08:16:18 weather update count: 500
2025/08/05 08:16:18 StationSystem update time: 2.603µs
2025/08/05 08:16:18 SatelliteSystem update...
2025/08/05 08:16:18 satellite count: 1600
2025/08/05 08:16:18 SatelliteSystem update time: 4.512108ms
2025/08/05 08:16:18 TopoSystem update...
2025/08/05 08:16:18 TopoSystem: Link count: 800000
2025/08/05 08:16:18 TopoSystem update time: 9.23615ms
2025/08/05 08:16:18 AttenuationSystem update...
2025/08/05 08:16:18 AttenuationSystem parallel flag: 1
2025/08/05 08:16:18 Attenuation computed count: 800000
2025/08/05 08:16:18 AttenuationSystem update time: 421.622385ms
2025/08/05 08:16:18 Run 7 complete
2025/08/05 08:16:18 StationSystem update...
2025/08/05 08:16:18 weather update count: 500
2025/08/05 08:16:18 StationSystem update time: 3.127µs
2025/08/05 08:16:18 SatelliteSystem update...
2025/08/05 08:16:18 satellite count: 1600
2025/08/05 08:16:18 SatelliteSystem update time: 6.06085ms
2025/08/05 08:16:18 TopoSystem update...
2025/08/05 08:16:18 TopoSystem: Link count: 800000
2025/08/05 08:16:18 TopoSystem update time: 9.572365ms
2025/08/05 08:16:18 AttenuationSystem update...
2025/08/05 08:16:18 AttenuationSystem parallel flag: 1
2025/08/05 08:16:19 Attenuation computed count: 800000
2025/08/05 08:16:19 AttenuationSystem update time: 441.501853ms
2025/08/05 08:16:19 Run 8 complete
2025/08/05 08:16:19 StationSystem update...
2025/08/05 08:16:19 weather update count: 500
2025/08/05 08:16:19 StationSystem update time: 2.088µs
2025/08/05 08:16:19 SatelliteSystem update...
2025/08/05 08:16:19 satellite count: 1600
2025/08/05 08:16:19 SatelliteSystem update time: 6.045239ms
2025/08/05 08:16:19 TopoSystem update...
2025/08/05 08:16:19 TopoSystem: Link count: 800000
2025/08/05 08:16:19 TopoSystem update time: 27.020035ms
2025/08/05 08:16:19 AttenuationSystem update...
2025/08/05 08:16:19 AttenuationSystem parallel flag: 1
2025/08/05 08:16:19 Attenuation computed count: 800000
2025/08/05 08:16:19 AttenuationSystem update time: 529.765184ms
2025/08/05 08:16:19 Run 9 complete
2025/08/05 08:16:19 StationSystem update...
2025/08/05 08:16:19 weather update count: 500
2025/08/05 08:16:19 StationSystem update time: 2.973µs
2025/08/05 08:16:19 SatelliteSystem update...
2025/08/05 08:16:19 satellite count: 1600
2025/08/05 08:16:19 SatelliteSystem update time: 8.017031ms
2025/08/05 08:16:19 TopoSystem update...
2025/08/05 08:16:19 TopoSystem: Link count: 800000
2025/08/05 08:16:19 TopoSystem update time: 27.354718ms
2025/08/05 08:16:19 AttenuationSystem update...
2025/08/05 08:16:19 AttenuationSystem parallel flag: 1
2025/08/05 08:16:20 Attenuation computed count: 800000
2025/08/05 08:16:20 AttenuationSystem update time: 460.542586ms
2025/08/05 08:16:20 Run 10 complete
2025/08/05 08:16:20 Total update time:  4.762149293s
2025/08/05 08:16:20 linkCache size: 40

 Performance counter stats for './scale_ecs 500 1600 10 4 2 1':

        17,256,637      cache-references                                                      
         3,039,348      cache-misses                     #   17.61% of all cache refs         

       4.768490976 seconds time elapsed

      16.590695000 seconds user
       0.057974000 seconds sys


