ECS running with 800 stations, 1300 satellites, 8 numWGs and 2 numBlocks for 10 rounds in 1 parallel pattern
2025/08/05 10:05:45 StationSystem update...
2025/08/05 10:05:45 weather update count: 800
2025/08/05 10:05:45 StationSystem update time: 4.181µs
2025/08/05 10:05:45 SatelliteSystem update...
2025/08/05 10:05:45 satellite count: 1300
2025/08/05 10:05:45 SatelliteSystem update time: 4.128197ms
2025/08/05 10:05:45 TopoSystem update...
2025/08/05 10:05:45 TopoSystem: Link count: 1040000
2025/08/05 10:05:45 TopoSystem update time: 31.834378ms
2025/08/05 10:05:45 AttenuationSystem update...
2025/08/05 10:05:45 AttenuationSystem parallel flag: 1
2025/08/05 10:05:45 Attenuation computed count: 1040000
2025/08/05 10:05:45 AttenuationSystem update time: 297.933461ms
2025/08/05 10:05:45 Run 1 complete
2025/08/05 10:05:45 StationSystem update...
2025/08/05 10:05:45 weather update count: 800
2025/08/05 10:05:45 StationSystem update time: 3.52µs
2025/08/05 10:05:45 SatelliteSystem update...
2025/08/05 10:05:45 satellite count: 1300
2025/08/05 10:05:45 SatelliteSystem update time: 4.941262ms
2025/08/05 10:05:45 TopoSystem update...
2025/08/05 10:05:45 TopoSystem: Link count: 1040000
2025/08/05 10:05:45 TopoSystem update time: 18.910025ms
2025/08/05 10:05:45 AttenuationSystem update...
2025/08/05 10:05:45 AttenuationSystem parallel flag: 1
2025/08/05 10:05:45 Attenuation computed count: 1040000
2025/08/05 10:05:45 AttenuationSystem update time: 306.185215ms
2025/08/05 10:05:45 Run 2 complete
2025/08/05 10:05:45 StationSystem update...
2025/08/05 10:05:45 weather update count: 800
2025/08/05 10:05:45 StationSystem update time: 3.463µs
2025/08/05 10:05:45 SatelliteSystem update...
2025/08/05 10:05:45 satellite count: 1300
2025/08/05 10:05:45 SatelliteSystem update time: 3.667427ms
2025/08/05 10:05:45 TopoSystem update...
2025/08/05 10:05:46 TopoSystem: Link count: 1040000
2025/08/05 10:05:46 TopoSystem update time: 15.598039ms
2025/08/05 10:05:46 AttenuationSystem update...
2025/08/05 10:05:46 AttenuationSystem parallel flag: 1
2025/08/05 10:05:46 Attenuation computed count: 1040000
2025/08/05 10:05:46 AttenuationSystem update time: 281.86223ms
2025/08/05 10:05:46 Run 3 complete
2025/08/05 10:05:46 StationSystem update...
2025/08/05 10:05:46 weather update count: 800
2025/08/05 10:05:46 StationSystem update time: 3.466µs
2025/08/05 10:05:46 SatelliteSystem update...
2025/08/05 10:05:46 satellite count: 1300
2025/08/05 10:05:46 SatelliteSystem update time: 4.92471ms
2025/08/05 10:05:46 TopoSystem update...
2025/08/05 10:05:46 TopoSystem: Link count: 1040000
2025/08/05 10:05:46 TopoSystem update time: 35.892363ms
2025/08/05 10:05:46 AttenuationSystem update...
2025/08/05 10:05:46 AttenuationSystem parallel flag: 1
2025/08/05 10:05:46 Attenuation computed count: 1040000
2025/08/05 10:05:46 AttenuationSystem update time: 296.676475ms
2025/08/05 10:05:46 Run 4 complete
2025/08/05 10:05:46 StationSystem update...
2025/08/05 10:05:46 weather update count: 800
2025/08/05 10:05:46 StationSystem update time: 3.583µs
2025/08/05 10:05:46 SatelliteSystem update...
2025/08/05 10:05:46 satellite count: 1300
2025/08/05 10:05:46 SatelliteSystem update time: 3.6581ms
2025/08/05 10:05:46 TopoSystem update...
2025/08/05 10:05:46 TopoSystem: Link count: 1040000
2025/08/05 10:05:46 TopoSystem update time: 12.189711ms
2025/08/05 10:05:46 AttenuationSystem update...
2025/08/05 10:05:46 AttenuationSystem parallel flag: 1
2025/08/05 10:05:46 Attenuation computed count: 1040000
2025/08/05 10:05:46 AttenuationSystem update time: 330.00674ms
2025/08/05 10:05:46 Run 5 complete
2025/08/05 10:05:46 StationSystem update...
2025/08/05 10:05:46 weather update count: 800
2025/08/05 10:05:46 StationSystem update time: 3.57µs
2025/08/05 10:05:46 SatelliteSystem update...
2025/08/05 10:05:46 satellite count: 1300
2025/08/05 10:05:46 SatelliteSystem update time: 4.91935ms
2025/08/05 10:05:46 TopoSystem update...
2025/08/05 10:05:47 TopoSystem: Link count: 1040000
2025/08/05 10:05:47 TopoSystem update time: 35.885339ms
2025/08/05 10:05:47 AttenuationSystem update...
2025/08/05 10:05:47 AttenuationSystem parallel flag: 1
2025/08/05 10:05:47 Attenuation computed count: 1040000
2025/08/05 10:05:47 AttenuationSystem update time: 296.583413ms
2025/08/05 10:05:47 Run 6 complete
2025/08/05 10:05:47 StationSystem update...
2025/08/05 10:05:47 weather update count: 800
2025/08/05 10:05:47 StationSystem update time: 3.33µs
2025/08/05 10:05:47 SatelliteSystem update...
2025/08/05 10:05:47 satellite count: 1300
2025/08/05 10:05:47 SatelliteSystem update time: 4.916507ms
2025/08/05 10:05:47 TopoSystem update...
2025/08/05 10:05:47 TopoSystem: Link count: 1040000
2025/08/05 10:05:47 TopoSystem update time: 15.400686ms
2025/08/05 10:05:47 AttenuationSystem update...
2025/08/05 10:05:47 AttenuationSystem parallel flag: 1
2025/08/05 10:05:47 Attenuation computed count: 1040000
2025/08/05 10:05:47 AttenuationSystem update time: 300.690236ms
2025/08/05 10:05:47 Run 7 complete
2025/08/05 10:05:47 StationSystem update...
2025/08/05 10:05:47 weather update count: 800
2025/08/05 10:05:47 StationSystem update time: 3.251µs
2025/08/05 10:05:47 SatelliteSystem update...
2025/08/05 10:05:47 satellite count: 1300
2025/08/05 10:05:47 SatelliteSystem update time: 4.907542ms
2025/08/05 10:05:47 TopoSystem update...
2025/08/05 10:05:47 TopoSystem: Link count: 1040000
2025/08/05 10:05:47 TopoSystem update time: 11.932218ms
2025/08/05 10:05:47 AttenuationSystem update...
2025/08/05 10:05:47 AttenuationSystem parallel flag: 1
2025/08/05 10:05:47 Attenuation computed count: 1040000
2025/08/05 10:05:47 AttenuationSystem update time: 291.552137ms
2025/08/05 10:05:47 Run 8 complete
2025/08/05 10:05:47 StationSystem update...
2025/08/05 10:05:47 weather update count: 800
2025/08/05 10:05:47 StationSystem update time: 3.219µs
2025/08/05 10:05:47 SatelliteSystem update...
2025/08/05 10:05:47 satellite count: 1300
2025/08/05 10:05:47 SatelliteSystem update time: 3.652943ms
2025/08/05 10:05:47 TopoSystem update...
2025/08/05 10:05:47 TopoSystem: Link count: 1040000
2025/08/05 10:05:47 TopoSystem update time: 15.363022ms
2025/08/05 10:05:47 AttenuationSystem update...
2025/08/05 10:05:47 AttenuationSystem parallel flag: 1
2025/08/05 10:05:48 Attenuation computed count: 1040000
2025/08/05 10:05:48 AttenuationSystem update time: 321.972665ms
2025/08/05 10:05:48 Run 9 complete
2025/08/05 10:05:48 StationSystem update...
2025/08/05 10:05:48 weather update count: 800
2025/08/05 10:05:48 StationSystem update time: 3.516µs
2025/08/05 10:05:48 SatelliteSystem update...
2025/08/05 10:05:48 satellite count: 1300
2025/08/05 10:05:48 SatelliteSystem update time: 4.914213ms
2025/08/05 10:05:48 TopoSystem update...
2025/08/05 10:05:48 TopoSystem: Link count: 1040000
2025/08/05 10:05:48 TopoSystem update time: 12.817762ms
2025/08/05 10:05:48 AttenuationSystem update...
2025/08/05 10:05:48 AttenuationSystem parallel flag: 1
2025/08/05 10:05:48 Attenuation computed count: 1040000
2025/08/05 10:05:48 AttenuationSystem update time: 297.561436ms
2025/08/05 10:05:48 Run 10 complete
2025/08/05 10:05:48 Total update time:  3.2787917s
2025/08/05 10:05:48 linkCache size: 40

 Performance counter stats for './scale_ecs 800 1300 10 8 2 1':

        21,835,279      cache-references                                                      
         4,516,157      cache-misses                     #   20.68% of all cache refs         

       3.286302565 seconds time elapsed

      19.899063000 seconds user
       0.053005000 seconds sys


