ECS running with 700 stations, 600 satellites, 2 numWGs and 2 numBlocks for 10 rounds in 0 parallel pattern
2025/08/05 08:53:23 StationSystem update...
2025/08/05 08:53:23 weather update count: 700
2025/08/05 08:53:23 StationSystem update time: 4.385µs
2025/08/05 08:53:23 SatelliteSystem update...
2025/08/05 08:53:23 satellite count: 600
2025/08/05 08:53:23 SatelliteSystem update time: 2.294276ms
2025/08/05 08:53:23 TopoSystem update...
2025/08/05 08:53:23 TopoSystem: Link count: 420000
2025/08/05 08:53:23 TopoSystem update time: 14.559361ms
2025/08/05 08:53:23 AttenuationSystem update...
2025/08/05 08:53:23 AttenuationSystem parallel flag: 0
2025/08/05 08:53:23 Attenuation computed count: 420000
2025/08/05 08:53:23 AttenuationSystem update time: 479.174217ms
2025/08/05 08:53:23 Run 1 complete
2025/08/05 08:53:23 StationSystem update...
2025/08/05 08:53:23 weather update count: 700
2025/08/05 08:53:23 StationSystem update time: 2.91µs
2025/08/05 08:53:23 SatelliteSystem update...
2025/08/05 08:53:23 satellite count: 600
2025/08/05 08:53:23 SatelliteSystem update time: 2.297288ms
2025/08/05 08:53:23 TopoSystem update...
2025/08/05 08:53:23 TopoSystem: Link count: 420000
2025/08/05 08:53:23 TopoSystem update time: 11.177093ms
2025/08/05 08:53:23 AttenuationSystem update...
2025/08/05 08:53:23 AttenuationSystem parallel flag: 0
2025/08/05 08:53:24 Attenuation computed count: 420000
2025/08/05 08:53:24 AttenuationSystem update time: 511.670996ms
2025/08/05 08:53:24 Run 2 complete
2025/08/05 08:53:24 StationSystem update...
2025/08/05 08:53:24 weather update count: 700
2025/08/05 08:53:24 StationSystem update time: 4.7µs
2025/08/05 08:53:24 SatelliteSystem update...
2025/08/05 08:53:24 satellite count: 600
2025/08/05 08:53:24 SatelliteSystem update time: 2.311253ms
2025/08/05 08:53:24 TopoSystem update...
2025/08/05 08:53:24 TopoSystem: Link count: 420000
2025/08/05 08:53:24 TopoSystem update time: 7.151056ms
2025/08/05 08:53:24 AttenuationSystem update...
2025/08/05 08:53:24 AttenuationSystem parallel flag: 0
2025/08/05 08:53:24 Attenuation computed count: 420000
2025/08/05 08:53:24 AttenuationSystem update time: 495.525757ms
2025/08/05 08:53:24 Run 3 complete
2025/08/05 08:53:24 StationSystem update...
2025/08/05 08:53:24 weather update count: 700
2025/08/05 08:53:24 StationSystem update time: 7.6µs
2025/08/05 08:53:24 SatelliteSystem update...
2025/08/05 08:53:24 satellite count: 600
2025/08/05 08:53:24 SatelliteSystem update time: 2.305352ms
2025/08/05 08:53:24 TopoSystem update...
2025/08/05 08:53:25 TopoSystem: Link count: 420000
2025/08/05 08:53:25 TopoSystem update time: 7.856999ms
2025/08/05 08:53:25 AttenuationSystem update...
2025/08/05 08:53:25 AttenuationSystem parallel flag: 0
2025/08/05 08:53:25 Attenuation computed count: 420000
2025/08/05 08:53:25 AttenuationSystem update time: 479.40283ms
2025/08/05 08:53:25 Run 4 complete
2025/08/05 08:53:25 StationSystem update...
2025/08/05 08:53:25 weather update count: 700
2025/08/05 08:53:25 StationSystem update time: 3.357µs
2025/08/05 08:53:25 SatelliteSystem update...
2025/08/05 08:53:25 satellite count: 600
2025/08/05 08:53:25 SatelliteSystem update time: 1.707905ms
2025/08/05 08:53:25 TopoSystem update...
2025/08/05 08:53:25 TopoSystem: Link count: 420000
2025/08/05 08:53:25 TopoSystem update time: 9.409085ms
2025/08/05 08:53:25 AttenuationSystem update...
2025/08/05 08:53:25 AttenuationSystem parallel flag: 0
2025/08/05 08:53:26 Attenuation computed count: 420000
2025/08/05 08:53:26 AttenuationSystem update time: 512.268537ms
2025/08/05 08:53:26 Run 5 complete
2025/08/05 08:53:26 StationSystem update...
2025/08/05 08:53:26 weather update count: 700
2025/08/05 08:53:26 StationSystem update time: 2.855µs
2025/08/05 08:53:26 SatelliteSystem update...
2025/08/05 08:53:26 satellite count: 600
2025/08/05 08:53:26 SatelliteSystem update time: 2.282591ms
2025/08/05 08:53:26 TopoSystem update...
2025/08/05 08:53:26 TopoSystem: Link count: 420000
2025/08/05 08:53:26 TopoSystem update time: 6.388402ms
2025/08/05 08:53:26 AttenuationSystem update...
2025/08/05 08:53:26 AttenuationSystem parallel flag: 0
2025/08/05 08:53:26 Attenuation computed count: 420000
2025/08/05 08:53:26 AttenuationSystem update time: 432.65622ms
2025/08/05 08:53:26 Run 6 complete
2025/08/05 08:53:26 StationSystem update...
2025/08/05 08:53:26 weather update count: 700
2025/08/05 08:53:26 StationSystem update time: 2.827µs
2025/08/05 08:53:26 SatelliteSystem update...
2025/08/05 08:53:26 satellite count: 600
2025/08/05 08:53:26 SatelliteSystem update time: 1.693174ms
2025/08/05 08:53:26 TopoSystem update...
2025/08/05 08:53:26 TopoSystem: Link count: 420000
2025/08/05 08:53:26 TopoSystem update time: 7.798878ms
2025/08/05 08:53:26 AttenuationSystem update...
2025/08/05 08:53:26 AttenuationSystem parallel flag: 0
2025/08/05 08:53:26 Attenuation computed count: 420000
2025/08/05 08:53:26 AttenuationSystem update time: 465.775207ms
2025/08/05 08:53:26 Run 7 complete
2025/08/05 08:53:26 StationSystem update...
2025/08/05 08:53:26 weather update count: 700
2025/08/05 08:53:26 StationSystem update time: 2.883µs
2025/08/05 08:53:26 SatelliteSystem update...
2025/08/05 08:53:26 satellite count: 600
2025/08/05 08:53:26 SatelliteSystem update time: 2.303595ms
2025/08/05 08:53:26 TopoSystem update...
2025/08/05 08:53:26 TopoSystem: Link count: 420000
2025/08/05 08:53:26 TopoSystem update time: 14.366534ms
2025/08/05 08:53:26 AttenuationSystem update...
2025/08/05 08:53:26 AttenuationSystem parallel flag: 0
2025/08/05 08:53:27 Attenuation computed count: 420000
2025/08/05 08:53:27 AttenuationSystem update time: 512.373608ms
2025/08/05 08:53:27 Run 8 complete
2025/08/05 08:53:27 StationSystem update...
2025/08/05 08:53:27 weather update count: 700
2025/08/05 08:53:27 StationSystem update time: 3.548µs
2025/08/05 08:53:27 SatelliteSystem update...
2025/08/05 08:53:27 satellite count: 600
2025/08/05 08:53:27 SatelliteSystem update time: 2.293213ms
2025/08/05 08:53:27 TopoSystem update...
2025/08/05 08:53:27 TopoSystem: Link count: 420000
2025/08/05 08:53:27 TopoSystem update time: 6.367754ms
2025/08/05 08:53:27 AttenuationSystem update...
2025/08/05 08:53:27 AttenuationSystem parallel flag: 0
2025/08/05 08:53:27 Attenuation computed count: 420000
2025/08/05 08:53:27 AttenuationSystem update time: 436.379094ms
2025/08/05 08:53:27 Run 9 complete
2025/08/05 08:53:27 StationSystem update...
2025/08/05 08:53:27 weather update count: 700
2025/08/05 08:53:27 StationSystem update time: 2.788µs
2025/08/05 08:53:27 SatelliteSystem update...
2025/08/05 08:53:27 satellite count: 600
2025/08/05 08:53:27 SatelliteSystem update time: 2.288229ms
2025/08/05 08:53:27 TopoSystem update...
2025/08/05 08:53:27 TopoSystem: Link count: 420000
2025/08/05 08:53:27 TopoSystem update time: 14.615975ms
2025/08/05 08:53:27 AttenuationSystem update...
2025/08/05 08:53:27 AttenuationSystem parallel flag: 0
2025/08/05 08:53:28 Attenuation computed count: 420000
2025/08/05 08:53:28 AttenuationSystem update time: 512.57954ms
2025/08/05 08:53:28 Run 10 complete
2025/08/05 08:53:28 Total update time:  4.962523162s
2025/08/05 08:53:28 linkCache size: 40

 Performance counter stats for './scale_ecs 700 600 10 2 2 0':

         9,503,995      cache-references                                                      
         1,546,452      cache-misses                     #   16.27% of all cache refs         

       4.967312172 seconds time elapsed

       9.378303000 seconds user
       0.047981000 seconds sys


