ECS running with 700 stations, 1100 satellites, 8 numWGs and 2 numBlocks for 10 rounds in 0 parallel pattern
2025/08/05 09:01:43 StationSystem update...
2025/08/05 09:01:43 weather update count: 700
2025/08/05 09:01:43 StationSystem update time: 4.462µs
2025/08/05 09:01:43 SatelliteSystem update...
2025/08/05 09:01:43 satellite count: 1100
2025/08/05 09:01:43 SatelliteSystem update time: 4.182544ms
2025/08/05 09:01:43 TopoSystem update...
2025/08/05 09:01:43 TopoSystem: Link count: 770000
2025/08/05 09:01:43 TopoSystem update time: 23.50979ms
2025/08/05 09:01:43 AttenuationSystem update...
2025/08/05 09:01:43 AttenuationSystem parallel flag: 0
2025/08/05 09:01:44 Attenuation computed count: 770000
2025/08/05 09:01:44 AttenuationSystem update time: 843.643747ms
2025/08/05 09:01:44 Run 1 complete
2025/08/05 09:01:44 StationSystem update...
2025/08/05 09:01:44 weather update count: 700
2025/08/05 09:01:44 StationSystem update time: 3.006µs
2025/08/05 09:01:44 SatelliteSystem update...
2025/08/05 09:01:44 satellite count: 1100
2025/08/05 09:01:44 SatelliteSystem update time: 3.414456ms
2025/08/05 09:01:44 TopoSystem update...
2025/08/05 09:01:44 TopoSystem: Link count: 770000
2025/08/05 09:01:44 TopoSystem update time: 27.351622ms
2025/08/05 09:01:44 AttenuationSystem update...
2025/08/05 09:01:44 AttenuationSystem parallel flag: 0
2025/08/05 09:01:45 Attenuation computed count: 770000
2025/08/05 09:01:45 AttenuationSystem update time: 916.223837ms
2025/08/05 09:01:45 Run 2 complete
2025/08/05 09:01:45 StationSystem update...
2025/08/05 09:01:45 weather update count: 700
2025/08/05 09:01:45 StationSystem update time: 3.174µs
2025/08/05 09:01:45 SatelliteSystem update...
2025/08/05 09:01:45 satellite count: 1100
2025/08/05 09:01:45 SatelliteSystem update time: 4.184428ms
2025/08/05 09:01:45 TopoSystem update...
2025/08/05 09:01:45 TopoSystem: Link count: 770000
2025/08/05 09:01:45 TopoSystem update time: 12.848359ms
2025/08/05 09:01:45 AttenuationSystem update...
2025/08/05 09:01:45 AttenuationSystem parallel flag: 0
2025/08/05 09:01:46 Attenuation computed count: 770000
2025/08/05 09:01:46 AttenuationSystem update time: 833.759688ms
2025/08/05 09:01:46 Run 3 complete
2025/08/05 09:01:46 StationSystem update...
2025/08/05 09:01:46 weather update count: 700
2025/08/05 09:01:46 StationSystem update time: 3.391µs
2025/08/05 09:01:46 SatelliteSystem update...
2025/08/05 09:01:46 satellite count: 1100
2025/08/05 09:01:46 SatelliteSystem update time: 5.958081ms
2025/08/05 09:01:46 TopoSystem update...
2025/08/05 09:01:46 TopoSystem: Link count: 770000
2025/08/05 09:01:46 TopoSystem update time: 23.483185ms
2025/08/05 09:01:46 AttenuationSystem update...
2025/08/05 09:01:46 AttenuationSystem parallel flag: 0
2025/08/05 09:01:47 Attenuation computed count: 770000
2025/08/05 09:01:47 AttenuationSystem update time: 801.743883ms
2025/08/05 09:01:47 Run 4 complete
2025/08/05 09:01:47 StationSystem update...
2025/08/05 09:01:47 weather update count: 700
2025/08/05 09:01:47 StationSystem update time: 2.91µs
2025/08/05 09:01:47 SatelliteSystem update...
2025/08/05 09:01:47 satellite count: 1100
2025/08/05 09:01:47 SatelliteSystem update time: 4.186307ms
2025/08/05 09:01:47 TopoSystem update...
2025/08/05 09:01:47 TopoSystem: Link count: 770000
2025/08/05 09:01:47 TopoSystem update time: 29.2421ms
2025/08/05 09:01:47 AttenuationSystem update...
2025/08/05 09:01:47 AttenuationSystem parallel flag: 0
2025/08/05 09:01:48 Attenuation computed count: 770000
2025/08/05 09:01:48 AttenuationSystem update time: 912.4671ms
2025/08/05 09:01:48 Run 5 complete
2025/08/05 09:01:48 StationSystem update...
2025/08/05 09:01:48 weather update count: 700
2025/08/05 09:01:48 StationSystem update time: 2.921µs
2025/08/05 09:01:48 SatelliteSystem update...
2025/08/05 09:01:48 satellite count: 1100
2025/08/05 09:01:48 SatelliteSystem update time: 4.185648ms
2025/08/05 09:01:48 TopoSystem update...
2025/08/05 09:01:48 TopoSystem: Link count: 770000
2025/08/05 09:01:48 TopoSystem update time: 19.981775ms
2025/08/05 09:01:48 AttenuationSystem update...
2025/08/05 09:01:48 AttenuationSystem parallel flag: 0
2025/08/05 09:01:49 Attenuation computed count: 770000
2025/08/05 09:01:49 AttenuationSystem update time: 847.470631ms
2025/08/05 09:01:49 Run 6 complete
2025/08/05 09:01:49 StationSystem update...
2025/08/05 09:01:49 weather update count: 700
2025/08/05 09:01:49 StationSystem update time: 3.301µs
2025/08/05 09:01:49 SatelliteSystem update...
2025/08/05 09:01:49 satellite count: 1100
2025/08/05 09:01:49 SatelliteSystem update time: 9.943346ms
2025/08/05 09:01:49 TopoSystem update...
2025/08/05 09:01:49 TopoSystem: Link count: 770000
2025/08/05 09:01:49 TopoSystem update time: 30.251195ms
2025/08/05 09:01:49 AttenuationSystem update...
2025/08/05 09:01:49 AttenuationSystem parallel flag: 0
2025/08/05 09:01:50 Attenuation computed count: 770000
2025/08/05 09:01:50 AttenuationSystem update time: 903.292703ms
2025/08/05 09:01:50 Run 7 complete
2025/08/05 09:01:50 StationSystem update...
2025/08/05 09:01:50 weather update count: 700
2025/08/05 09:01:50 StationSystem update time: 3.098µs
2025/08/05 09:01:50 SatelliteSystem update...
2025/08/05 09:01:50 satellite count: 1100
2025/08/05 09:01:50 SatelliteSystem update time: 4.184082ms
2025/08/05 09:01:50 TopoSystem update...
2025/08/05 09:01:50 TopoSystem: Link count: 770000
2025/08/05 09:01:50 TopoSystem update time: 11.690279ms
2025/08/05 09:01:50 AttenuationSystem update...
2025/08/05 09:01:50 AttenuationSystem parallel flag: 0
2025/08/05 09:01:50 Attenuation computed count: 770000
2025/08/05 09:01:50 AttenuationSystem update time: 883.872141ms
2025/08/05 09:01:50 Run 8 complete
2025/08/05 09:01:50 StationSystem update...
2025/08/05 09:01:50 weather update count: 700
2025/08/05 09:01:50 StationSystem update time: 3.857µs
2025/08/05 09:01:50 SatelliteSystem update...
2025/08/05 09:01:50 satellite count: 1100
2025/08/05 09:01:50 SatelliteSystem update time: 4.179011ms
2025/08/05 09:01:50 TopoSystem update...
2025/08/05 09:01:51 TopoSystem: Link count: 770000
2025/08/05 09:01:51 TopoSystem update time: 28.785289ms
2025/08/05 09:01:51 AttenuationSystem update...
2025/08/05 09:01:51 AttenuationSystem parallel flag: 0
2025/08/05 09:01:51 Attenuation computed count: 770000
2025/08/05 09:01:51 AttenuationSystem update time: 884.264578ms
2025/08/05 09:01:51 Run 9 complete
2025/08/05 09:01:51 StationSystem update...
2025/08/05 09:01:51 weather update count: 700
2025/08/05 09:01:51 StationSystem update time: 3.271µs
2025/08/05 09:01:51 SatelliteSystem update...
2025/08/05 09:01:51 satellite count: 1100
2025/08/05 09:01:51 SatelliteSystem update time: 8.363426ms
2025/08/05 09:01:51 TopoSystem update...
2025/08/05 09:01:51 TopoSystem: Link count: 770000
2025/08/05 09:01:51 TopoSystem update time: 12.613097ms
2025/08/05 09:01:51 AttenuationSystem update...
2025/08/05 09:01:51 AttenuationSystem parallel flag: 0
2025/08/05 09:01:52 Attenuation computed count: 770000
2025/08/05 09:01:52 AttenuationSystem update time: 910.981268ms
2025/08/05 09:01:52 Run 10 complete
2025/08/05 09:01:52 Total update time:  9.015916789s
2025/08/05 09:01:52 linkCache size: 40

 Performance counter stats for './scale_ecs 700 1100 10 8 2 0':

        16,657,578      cache-references                                                      
         3,780,541      cache-misses                     #   22.70% of all cache refs         

       9.021031311 seconds time elapsed

      17.019032000 seconds user
       0.076031000 seconds sys


