ECS running with 600 stations, 500 satellites, 8 numWGs and 4 numBlocks for 10 rounds in 0 parallel pattern
2025/08/05 08:25:45 StationSystem update...
2025/08/05 08:25:45 weather update count: 600
2025/08/05 08:25:45 StationSystem update time: 4.449µs
2025/08/05 08:25:45 SatelliteSystem update...
2025/08/05 08:25:45 satellite count: 500
2025/08/05 08:25:45 SatelliteSystem update time: 1.920689ms
2025/08/05 08:25:45 TopoSystem update...
2025/08/05 08:25:45 TopoSystem: Link count: 300000
2025/08/05 08:25:45 TopoSystem update time: 11.190016ms
2025/08/05 08:25:45 AttenuationSystem update...
2025/08/05 08:25:45 AttenuationSystem parallel flag: 0
2025/08/05 08:25:45 Attenuation computed count: 300000
2025/08/05 08:25:45 AttenuationSystem update time: 171.381932ms
2025/08/05 08:25:45 Run 1 complete
2025/08/05 08:25:45 StationSystem update...
2025/08/05 08:25:45 weather update count: 600
2025/08/05 08:25:45 StationSystem update time: 3.414µs
2025/08/05 08:25:45 SatelliteSystem update...
2025/08/05 08:25:45 satellite count: 500
2025/08/05 08:25:45 SatelliteSystem update time: 1.913871ms
2025/08/05 08:25:45 TopoSystem update...
2025/08/05 08:25:45 TopoSystem: Link count: 300000
2025/08/05 08:25:45 TopoSystem update time: 7.68487ms
2025/08/05 08:25:45 AttenuationSystem update...
2025/08/05 08:25:45 AttenuationSystem parallel flag: 0
2025/08/05 08:25:46 Attenuation computed count: 300000
2025/08/05 08:25:46 AttenuationSystem update time: 195.749936ms
2025/08/05 08:25:46 Run 2 complete
2025/08/05 08:25:46 StationSystem update...
2025/08/05 08:25:46 weather update count: 600
2025/08/05 08:25:46 StationSystem update time: 2.891µs
2025/08/05 08:25:46 SatelliteSystem update...
2025/08/05 08:25:46 satellite count: 500
2025/08/05 08:25:46 SatelliteSystem update time: 1.925753ms
2025/08/05 08:25:46 TopoSystem update...
2025/08/05 08:25:46 TopoSystem: Link count: 300000
2025/08/05 08:25:46 TopoSystem update time: 6.047447ms
2025/08/05 08:25:46 AttenuationSystem update...
2025/08/05 08:25:46 AttenuationSystem parallel flag: 0
2025/08/05 08:25:46 Attenuation computed count: 300000
2025/08/05 08:25:46 AttenuationSystem update time: 177.445875ms
2025/08/05 08:25:46 Run 3 complete
2025/08/05 08:25:46 StationSystem update...
2025/08/05 08:25:46 weather update count: 600
2025/08/05 08:25:46 StationSystem update time: 3.316µs
2025/08/05 08:25:46 SatelliteSystem update...
2025/08/05 08:25:46 satellite count: 500
2025/08/05 08:25:46 SatelliteSystem update time: 1.916128ms
2025/08/05 08:25:46 TopoSystem update...
2025/08/05 08:25:46 TopoSystem: Link count: 300000
2025/08/05 08:25:46 TopoSystem update time: 4.92625ms
2025/08/05 08:25:46 AttenuationSystem update...
2025/08/05 08:25:46 AttenuationSystem parallel flag: 0
2025/08/05 08:25:46 Attenuation computed count: 300000
2025/08/05 08:25:46 AttenuationSystem update time: 182.898781ms
2025/08/05 08:25:46 Run 4 complete
2025/08/05 08:25:46 StationSystem update...
2025/08/05 08:25:46 weather update count: 600
2025/08/05 08:25:46 StationSystem update time: 2.692µs
2025/08/05 08:25:46 SatelliteSystem update...
2025/08/05 08:25:46 satellite count: 500
2025/08/05 08:25:46 SatelliteSystem update time: 1.917077ms
2025/08/05 08:25:46 TopoSystem update...
2025/08/05 08:25:46 TopoSystem: Link count: 300000
2025/08/05 08:25:46 TopoSystem update time: 4.764602ms
2025/08/05 08:25:46 AttenuationSystem update...
2025/08/05 08:25:46 AttenuationSystem parallel flag: 0
2025/08/05 08:25:46 Attenuation computed count: 300000
2025/08/05 08:25:46 AttenuationSystem update time: 189.552373ms
2025/08/05 08:25:46 Run 5 complete
2025/08/05 08:25:46 StationSystem update...
2025/08/05 08:25:46 weather update count: 600
2025/08/05 08:25:46 StationSystem update time: 2.922µs
2025/08/05 08:25:46 SatelliteSystem update...
2025/08/05 08:25:46 satellite count: 500
2025/08/05 08:25:46 SatelliteSystem update time: 1.898849ms
2025/08/05 08:25:46 TopoSystem update...
2025/08/05 08:25:46 TopoSystem: Link count: 300000
2025/08/05 08:25:46 TopoSystem update time: 4.596475ms
2025/08/05 08:25:46 AttenuationSystem update...
2025/08/05 08:25:46 AttenuationSystem parallel flag: 0
2025/08/05 08:25:46 Attenuation computed count: 300000
2025/08/05 08:25:46 AttenuationSystem update time: 204.380647ms
2025/08/05 08:25:46 Run 6 complete
2025/08/05 08:25:46 StationSystem update...
2025/08/05 08:25:46 weather update count: 600
2025/08/05 08:25:46 StationSystem update time: 3.123µs
2025/08/05 08:25:46 SatelliteSystem update...
2025/08/05 08:25:46 satellite count: 500
2025/08/05 08:25:46 SatelliteSystem update time: 1.893844ms
2025/08/05 08:25:46 TopoSystem update...
2025/08/05 08:25:46 TopoSystem: Link count: 300000
2025/08/05 08:25:46 TopoSystem update time: 4.270976ms
2025/08/05 08:25:46 AttenuationSystem update...
2025/08/05 08:25:46 AttenuationSystem parallel flag: 0
2025/08/05 08:25:47 Attenuation computed count: 300000
2025/08/05 08:25:47 AttenuationSystem update time: 205.086836ms
2025/08/05 08:25:47 Run 7 complete
2025/08/05 08:25:47 StationSystem update...
2025/08/05 08:25:47 weather update count: 600
2025/08/05 08:25:47 StationSystem update time: 3.964µs
2025/08/05 08:25:47 SatelliteSystem update...
2025/08/05 08:25:47 satellite count: 500
2025/08/05 08:25:47 SatelliteSystem update time: 1.9129ms
2025/08/05 08:25:47 TopoSystem update...
2025/08/05 08:25:47 TopoSystem: Link count: 300000
2025/08/05 08:25:47 TopoSystem update time: 5.520734ms
2025/08/05 08:25:47 AttenuationSystem update...
2025/08/05 08:25:47 AttenuationSystem parallel flag: 0
2025/08/05 08:25:47 Attenuation computed count: 300000
2025/08/05 08:25:47 AttenuationSystem update time: 170.948512ms
2025/08/05 08:25:47 Run 8 complete
2025/08/05 08:25:47 StationSystem update...
2025/08/05 08:25:47 weather update count: 600
2025/08/05 08:25:47 StationSystem update time: 2.594µs
2025/08/05 08:25:47 SatelliteSystem update...
2025/08/05 08:25:47 satellite count: 500
2025/08/05 08:25:47 SatelliteSystem update time: 1.894235ms
2025/08/05 08:25:47 TopoSystem update...
2025/08/05 08:25:47 TopoSystem: Link count: 300000
2025/08/05 08:25:47 TopoSystem update time: 4.662599ms
2025/08/05 08:25:47 AttenuationSystem update...
2025/08/05 08:25:47 AttenuationSystem parallel flag: 0
2025/08/05 08:25:47 Attenuation computed count: 300000
2025/08/05 08:25:47 AttenuationSystem update time: 198.827864ms
2025/08/05 08:25:47 Run 9 complete
2025/08/05 08:25:47 StationSystem update...
2025/08/05 08:25:47 weather update count: 600
2025/08/05 08:25:47 StationSystem update time: 3.321µs
2025/08/05 08:25:47 SatelliteSystem update...
2025/08/05 08:25:47 satellite count: 500
2025/08/05 08:25:47 SatelliteSystem update time: 1.896523ms
2025/08/05 08:25:47 TopoSystem update...
2025/08/05 08:25:47 TopoSystem: Link count: 300000
2025/08/05 08:25:47 TopoSystem update time: 6.344062ms
2025/08/05 08:25:47 AttenuationSystem update...
2025/08/05 08:25:47 AttenuationSystem parallel flag: 0
2025/08/05 08:25:47 Attenuation computed count: 300000
2025/08/05 08:25:47 AttenuationSystem update time: 203.494744ms
2025/08/05 08:25:47 Run 10 complete
2025/08/05 08:25:47 Total update time:  1.981344592s
2025/08/05 08:25:47 linkCache size: 40

 Performance counter stats for './scale_ecs 600 500 10 8 4 0':

         6,865,083      cache-references                                                      
           663,866      cache-misses                     #    9.67% of all cache refs         

       1.985761934 seconds time elapsed

       6.991975000 seconds user
       0.024003000 seconds sys


