ECS running with 600 stations, 900 satellites, 4 numWGs and 2 numBlocks for 10 rounds in 0 parallel pattern
2025/08/05 08:30:41 StationSystem update...
2025/08/05 08:30:41 SatelliteSystem update...
2025/08/05 08:30:41 weather update count: 600
2025/08/05 08:30:41 StationSystem update time: 12.539µs
2025/08/05 08:30:41 satellite count: 900
2025/08/05 08:30:41 SatelliteSystem update time: 3.42614ms
2025/08/05 08:30:41 TopoSystem update...
2025/08/05 08:30:41 TopoSystem: Link count: 540000
2025/08/05 08:30:41 TopoSystem update time: 16.667028ms
2025/08/05 08:30:41 AttenuationSystem update...
2025/08/05 08:30:41 AttenuationSystem parallel flag: 0
2025/08/05 08:30:42 Attenuation computed count: 540000
2025/08/05 08:30:42 AttenuationSystem update time: 564.030982ms
2025/08/05 08:30:42 Run 1 complete
2025/08/05 08:30:42 StationSystem update...
2025/08/05 08:30:42 weather update count: 600
2025/08/05 08:30:42 StationSystem update time: 2.297µs
2025/08/05 08:30:42 SatelliteSystem update...
2025/08/05 08:30:42 satellite count: 900
2025/08/05 08:30:42 SatelliteSystem update time: 2.536696ms
2025/08/05 08:30:42 TopoSystem update...
2025/08/05 08:30:42 TopoSystem: Link count: 540000
2025/08/05 08:30:42 TopoSystem update time: 14.546124ms
2025/08/05 08:30:42 AttenuationSystem update...
2025/08/05 08:30:42 AttenuationSystem parallel flag: 0
2025/08/05 08:30:42 Attenuation computed count: 540000
2025/08/05 08:30:42 AttenuationSystem update time: 600.10852ms
2025/08/05 08:30:42 Run 2 complete
2025/08/05 08:30:42 StationSystem update...
2025/08/05 08:30:42 weather update count: 600
2025/08/05 08:30:42 StationSystem update time: 2.238µs
2025/08/05 08:30:42 SatelliteSystem update...
2025/08/05 08:30:42 satellite count: 900
2025/08/05 08:30:42 SatelliteSystem update time: 4.537274ms
2025/08/05 08:30:42 TopoSystem update...
2025/08/05 08:30:42 TopoSystem: Link count: 540000
2025/08/05 08:30:42 TopoSystem update time: 16.545676ms
2025/08/05 08:30:42 AttenuationSystem update...
2025/08/05 08:30:42 AttenuationSystem parallel flag: 0
2025/08/05 08:30:43 Attenuation computed count: 540000
2025/08/05 08:30:43 AttenuationSystem update time: 634.257107ms
2025/08/05 08:30:43 Run 3 complete
2025/08/05 08:30:43 StationSystem update...
2025/08/05 08:30:43 weather update count: 600
2025/08/05 08:30:43 StationSystem update time: 2.183µs
2025/08/05 08:30:43 SatelliteSystem update...
2025/08/05 08:30:43 satellite count: 900
2025/08/05 08:30:43 SatelliteSystem update time: 2.533359ms
2025/08/05 08:30:43 TopoSystem update...
2025/08/05 08:30:43 TopoSystem: Link count: 540000
2025/08/05 08:30:43 TopoSystem update time: 6.595398ms
2025/08/05 08:30:43 AttenuationSystem update...
2025/08/05 08:30:43 AttenuationSystem parallel flag: 0
2025/08/05 08:30:43 Attenuation computed count: 540000
2025/08/05 08:30:43 AttenuationSystem update time: 483.456186ms
2025/08/05 08:30:43 Run 4 complete
2025/08/05 08:30:43 StationSystem update...
2025/08/05 08:30:43 weather update count: 600
2025/08/05 08:30:43 StationSystem update time: 2.246µs
2025/08/05 08:30:43 SatelliteSystem update...
2025/08/05 08:30:43 satellite count: 900
2025/08/05 08:30:43 SatelliteSystem update time: 2.530707ms
2025/08/05 08:30:43 TopoSystem update...
2025/08/05 08:30:43 TopoSystem: Link count: 540000
2025/08/05 08:30:43 TopoSystem update time: 17.591958ms
2025/08/05 08:30:43 AttenuationSystem update...
2025/08/05 08:30:43 AttenuationSystem parallel flag: 0
2025/08/05 08:30:44 Attenuation computed count: 540000
2025/08/05 08:30:44 AttenuationSystem update time: 649.776036ms
2025/08/05 08:30:44 Run 5 complete
2025/08/05 08:30:44 StationSystem update...
2025/08/05 08:30:44 weather update count: 600
2025/08/05 08:30:44 StationSystem update time: 2.639µs
2025/08/05 08:30:44 SatelliteSystem update...
2025/08/05 08:30:44 satellite count: 900
2025/08/05 08:30:44 SatelliteSystem update time: 3.413464ms
2025/08/05 08:30:44 TopoSystem update...
2025/08/05 08:30:44 TopoSystem: Link count: 540000
2025/08/05 08:30:44 TopoSystem update time: 8.85267ms
2025/08/05 08:30:44 AttenuationSystem update...
2025/08/05 08:30:44 AttenuationSystem parallel flag: 0
2025/08/05 08:30:45 Attenuation computed count: 540000
2025/08/05 08:30:45 AttenuationSystem update time: 649.392912ms
2025/08/05 08:30:45 Run 6 complete
2025/08/05 08:30:45 StationSystem update...
2025/08/05 08:30:45 weather update count: 600
2025/08/05 08:30:45 StationSystem update time: 2.852µs
2025/08/05 08:30:45 SatelliteSystem update...
2025/08/05 08:30:45 satellite count: 900
2025/08/05 08:30:45 SatelliteSystem update time: 3.430549ms
2025/08/05 08:30:45 TopoSystem update...
2025/08/05 08:30:45 TopoSystem: Link count: 540000
2025/08/05 08:30:45 TopoSystem update time: 8.147434ms
2025/08/05 08:30:45 AttenuationSystem update...
2025/08/05 08:30:45 AttenuationSystem parallel flag: 0
2025/08/05 08:30:45 Attenuation computed count: 540000
2025/08/05 08:30:45 AttenuationSystem update time: 642.72305ms
2025/08/05 08:30:45 Run 7 complete
2025/08/05 08:30:45 StationSystem update...
2025/08/05 08:30:45 weather update count: 600
2025/08/05 08:30:45 StationSystem update time: 3.094µs
2025/08/05 08:30:45 SatelliteSystem update...
2025/08/05 08:30:45 satellite count: 900
2025/08/05 08:30:45 SatelliteSystem update time: 3.418533ms
2025/08/05 08:30:45 TopoSystem update...
2025/08/05 08:30:45 TopoSystem: Link count: 540000
2025/08/05 08:30:45 TopoSystem update time: 8.666916ms
2025/08/05 08:30:45 AttenuationSystem update...
2025/08/05 08:30:45 AttenuationSystem parallel flag: 0
2025/08/05 08:30:46 Attenuation computed count: 540000
2025/08/05 08:30:46 AttenuationSystem update time: 620.452703ms
2025/08/05 08:30:46 Run 8 complete
2025/08/05 08:30:46 StationSystem update...
2025/08/05 08:30:46 weather update count: 600
2025/08/05 08:30:46 StationSystem update time: 3.073µs
2025/08/05 08:30:46 SatelliteSystem update...
2025/08/05 08:30:46 satellite count: 900
2025/08/05 08:30:46 SatelliteSystem update time: 3.416954ms
2025/08/05 08:30:46 TopoSystem update...
2025/08/05 08:30:46 TopoSystem: Link count: 540000
2025/08/05 08:30:46 TopoSystem update time: 19.967379ms
2025/08/05 08:30:46 AttenuationSystem update...
2025/08/05 08:30:46 AttenuationSystem parallel flag: 0
2025/08/05 08:30:47 Attenuation computed count: 540000
2025/08/05 08:30:47 AttenuationSystem update time: 629.837985ms
2025/08/05 08:30:47 Run 9 complete
2025/08/05 08:30:47 StationSystem update...
2025/08/05 08:30:47 weather update count: 600
2025/08/05 08:30:47 StationSystem update time: 3.701µs
2025/08/05 08:30:47 SatelliteSystem update...
2025/08/05 08:30:47 satellite count: 900
2025/08/05 08:30:47 SatelliteSystem update time: 3.4392ms
2025/08/05 08:30:47 TopoSystem update...
2025/08/05 08:30:47 TopoSystem: Link count: 540000
2025/08/05 08:30:47 TopoSystem update time: 8.159924ms
2025/08/05 08:30:47 AttenuationSystem update...
2025/08/05 08:30:47 AttenuationSystem parallel flag: 0
2025/08/05 08:30:47 Attenuation computed count: 540000
2025/08/05 08:30:47 AttenuationSystem update time: 649.093216ms
2025/08/05 08:30:47 Run 10 complete
2025/08/05 08:30:47 Total update time:  6.2874863s
2025/08/05 08:30:47 linkCache size: 40

 Performance counter stats for './scale_ecs 600 900 10 4 2 0':

        11,926,242      cache-references                                                      
         2,368,993      cache-misses                     #   19.86% of all cache refs         

       6.292928060 seconds time elapsed

      12.093322000 seconds user
       0.042046000 seconds sys


