ECS running with 700 stations, 900 satellites, 8 numWGs and 4 numBlocks for 10 rounds in 0 parallel pattern
2025/08/05 08:58:49 StationSystem update...
2025/08/05 08:58:49 weather update count: 700
2025/08/05 08:58:49 StationSystem update time: 4.536µs
2025/08/05 08:58:49 SatelliteSystem update...
2025/08/05 08:58:49 satellite count: 900
2025/08/05 08:58:49 SatelliteSystem update time: 3.411768ms
2025/08/05 08:58:49 TopoSystem update...
2025/08/05 08:58:49 TopoSystem: Link count: 630000
2025/08/05 08:58:49 TopoSystem update time: 19.739132ms
2025/08/05 08:58:49 AttenuationSystem update...
2025/08/05 08:58:49 AttenuationSystem parallel flag: 0
2025/08/05 08:58:49 Attenuation computed count: 630000
2025/08/05 08:58:49 AttenuationSystem update time: 360.131709ms
2025/08/05 08:58:49 Run 1 complete
2025/08/05 08:58:49 StationSystem update...
2025/08/05 08:58:49 weather update count: 700
2025/08/05 08:58:49 StationSystem update time: 3.387µs
2025/08/05 08:58:49 SatelliteSystem update...
2025/08/05 08:58:49 satellite count: 900
2025/08/05 08:58:49 SatelliteSystem update time: 2.571039ms
2025/08/05 08:58:49 TopoSystem update...
2025/08/05 08:58:49 TopoSystem: Link count: 630000
2025/08/05 08:58:49 TopoSystem update time: 14.925142ms
2025/08/05 08:58:49 AttenuationSystem update...
2025/08/05 08:58:49 AttenuationSystem parallel flag: 0
2025/08/05 08:58:49 Attenuation computed count: 630000
2025/08/05 08:58:49 AttenuationSystem update time: 352.750138ms
2025/08/05 08:58:49 Run 2 complete
2025/08/05 08:58:49 StationSystem update...
2025/08/05 08:58:49 weather update count: 700
2025/08/05 08:58:49 StationSystem update time: 2.845µs
2025/08/05 08:58:49 SatelliteSystem update...
2025/08/05 08:58:49 satellite count: 900
2025/08/05 08:58:49 SatelliteSystem update time: 3.432656ms
2025/08/05 08:58:49 TopoSystem update...
2025/08/05 08:58:49 TopoSystem: Link count: 630000
2025/08/05 08:58:49 TopoSystem update time: 10.031552ms
2025/08/05 08:58:49 AttenuationSystem update...
2025/08/05 08:58:49 AttenuationSystem parallel flag: 0
2025/08/05 08:58:50 Attenuation computed count: 630000
2025/08/05 08:58:50 AttenuationSystem update time: 358.858155ms
2025/08/05 08:58:50 Run 3 complete
2025/08/05 08:58:50 StationSystem update...
2025/08/05 08:58:50 weather update count: 700
2025/08/05 08:58:50 StationSystem update time: 3.34µs
2025/08/05 08:58:50 SatelliteSystem update...
2025/08/05 08:58:50 satellite count: 900
2025/08/05 08:58:50 SatelliteSystem update time: 3.42341ms
2025/08/05 08:58:50 TopoSystem update...
2025/08/05 08:58:50 TopoSystem: Link count: 630000
2025/08/05 08:58:50 TopoSystem update time: 9.474397ms
2025/08/05 08:58:50 AttenuationSystem update...
2025/08/05 08:58:50 AttenuationSystem parallel flag: 0
2025/08/05 08:58:50 Attenuation computed count: 630000
2025/08/05 08:58:50 AttenuationSystem update time: 373.109808ms
2025/08/05 08:58:50 Run 4 complete
2025/08/05 08:58:50 StationSystem update...
2025/08/05 08:58:50 weather update count: 700
2025/08/05 08:58:50 StationSystem update time: 3.232µs
2025/08/05 08:58:50 SatelliteSystem update...
2025/08/05 08:58:50 satellite count: 900
2025/08/05 08:58:50 SatelliteSystem update time: 2.553713ms
2025/08/05 08:58:50 TopoSystem update...
2025/08/05 08:58:50 TopoSystem: Link count: 630000
2025/08/05 08:58:50 TopoSystem update time: 7.448324ms
2025/08/05 08:58:50 AttenuationSystem update...
2025/08/05 08:58:50 AttenuationSystem parallel flag: 0
2025/08/05 08:58:50 Attenuation computed count: 630000
2025/08/05 08:58:50 AttenuationSystem update time: 393.294626ms
2025/08/05 08:58:50 Run 5 complete
2025/08/05 08:58:50 SatelliteSystem update...
2025/08/05 08:58:50 StationSystem update...
2025/08/05 08:58:50 weather update count: 700
2025/08/05 08:58:50 StationSystem update time: 3.117µs
2025/08/05 08:58:50 satellite count: 900
2025/08/05 08:58:50 SatelliteSystem update time: 2.534902ms
2025/08/05 08:58:50 TopoSystem update...
2025/08/05 08:58:50 TopoSystem: Link count: 630000
2025/08/05 08:58:50 TopoSystem update time: 8.502537ms
2025/08/05 08:58:50 AttenuationSystem update...
2025/08/05 08:58:50 AttenuationSystem parallel flag: 0
2025/08/05 08:58:51 Attenuation computed count: 630000
2025/08/05 08:58:51 AttenuationSystem update time: 306.649169ms
2025/08/05 08:58:51 Run 6 complete
2025/08/05 08:58:51 StationSystem update...
2025/08/05 08:58:51 weather update count: 700
2025/08/05 08:58:51 StationSystem update time: 2.849µs
2025/08/05 08:58:51 SatelliteSystem update...
2025/08/05 08:58:51 satellite count: 900
2025/08/05 08:58:51 SatelliteSystem update time: 3.41331ms
2025/08/05 08:58:51 TopoSystem update...
2025/08/05 08:58:51 TopoSystem: Link count: 630000
2025/08/05 08:58:51 TopoSystem update time: 8.241666ms
2025/08/05 08:58:51 AttenuationSystem update...
2025/08/05 08:58:51 AttenuationSystem parallel flag: 0
2025/08/05 08:58:51 Attenuation computed count: 630000
2025/08/05 08:58:51 AttenuationSystem update time: 380.569358ms
2025/08/05 08:58:51 Run 7 complete
2025/08/05 08:58:51 StationSystem update...
2025/08/05 08:58:51 weather update count: 700
2025/08/05 08:58:51 StationSystem update time: 3.22µs
2025/08/05 08:58:51 SatelliteSystem update...
2025/08/05 08:58:51 satellite count: 900
2025/08/05 08:58:51 SatelliteSystem update time: 3.415417ms
2025/08/05 08:58:51 TopoSystem update...
2025/08/05 08:58:51 TopoSystem: Link count: 630000
2025/08/05 08:58:51 TopoSystem update time: 8.413126ms
2025/08/05 08:58:51 AttenuationSystem update...
2025/08/05 08:58:51 AttenuationSystem parallel flag: 0
2025/08/05 08:58:52 Attenuation computed count: 630000
2025/08/05 08:58:52 AttenuationSystem update time: 359.073728ms
2025/08/05 08:58:52 Run 8 complete
2025/08/05 08:58:52 StationSystem update...
2025/08/05 08:58:52 weather update count: 700
2025/08/05 08:58:52 StationSystem update time: 3.179µs
2025/08/05 08:58:52 SatelliteSystem update...
2025/08/05 08:58:52 satellite count: 900
2025/08/05 08:58:52 SatelliteSystem update time: 3.405756ms
2025/08/05 08:58:52 TopoSystem update...
2025/08/05 08:58:52 TopoSystem: Link count: 630000
2025/08/05 08:58:52 TopoSystem update time: 15.648844ms
2025/08/05 08:58:52 AttenuationSystem update...
2025/08/05 08:58:52 AttenuationSystem parallel flag: 0
2025/08/05 08:58:52 Attenuation computed count: 630000
2025/08/05 08:58:52 AttenuationSystem update time: 361.457699ms
2025/08/05 08:58:52 Run 9 complete
2025/08/05 08:58:52 StationSystem update...
2025/08/05 08:58:52 weather update count: 700
2025/08/05 08:58:52 StationSystem update time: 3.551µs
2025/08/05 08:58:52 SatelliteSystem update...
2025/08/05 08:58:52 satellite count: 900
2025/08/05 08:58:52 SatelliteSystem update time: 2.537617ms
2025/08/05 08:58:52 TopoSystem update...
2025/08/05 08:58:52 TopoSystem: Link count: 630000
2025/08/05 08:58:52 TopoSystem update time: 8.310957ms
2025/08/05 08:58:52 AttenuationSystem update...
2025/08/05 08:58:52 AttenuationSystem parallel flag: 0
2025/08/05 08:58:52 Attenuation computed count: 630000
2025/08/05 08:58:52 AttenuationSystem update time: 351.819004ms
2025/08/05 08:58:52 Run 10 complete
2025/08/05 08:58:52 Total update time:  3.744920194s
2025/08/05 08:58:52 linkCache size: 40

 Performance counter stats for './scale_ecs 700 900 10 8 4 0':

        13,506,044      cache-references                                                      
         2,164,716      cache-misses                     #   16.03% of all cache refs         

       3.750496136 seconds time elapsed

      13.276543000 seconds user
       0.032039000 seconds sys


