ECS running with 500 stations, 600 satellites, 8 numWGs and 4 numBlocks for 10 rounds in 0 parallel pattern
2025/08/05 08:04:13 StationSystem update...
2025/08/05 08:04:13 weather update count: 500
2025/08/05 08:04:13 StationSystem update time: 4.282µs
2025/08/05 08:04:13 SatelliteSystem update...
2025/08/05 08:04:13 satellite count: 600
2025/08/05 08:04:13 SatelliteSystem update time: 2.412322ms
2025/08/05 08:04:13 TopoSystem update...
2025/08/05 08:04:13 TopoSystem: Link count: 300000
2025/08/05 08:04:13 TopoSystem update time: 10.914053ms
2025/08/05 08:04:13 AttenuationSystem update...
2025/08/05 08:04:13 AttenuationSystem parallel flag: 0
2025/08/05 08:04:13 Attenuation computed count: 300000
2025/08/05 08:04:13 AttenuationSystem update time: 211.227593ms
2025/08/05 08:04:13 Run 1 complete
2025/08/05 08:04:13 StationSystem update...
2025/08/05 08:04:13 weather update count: 500
2025/08/05 08:04:13 StationSystem update time: 2.832µs
2025/08/05 08:04:13 SatelliteSystem update...
2025/08/05 08:04:13 satellite count: 600
2025/08/05 08:04:13 SatelliteSystem update time: 2.284812ms
2025/08/05 08:04:13 TopoSystem update...
2025/08/05 08:04:13 TopoSystem: Link count: 300000
2025/08/05 08:04:13 TopoSystem update time: 8.572242ms
2025/08/05 08:04:13 AttenuationSystem update...
2025/08/05 08:04:13 AttenuationSystem parallel flag: 0
2025/08/05 08:04:13 Attenuation computed count: 300000
2025/08/05 08:04:13 AttenuationSystem update time: 227.787566ms
2025/08/05 08:04:13 Run 2 complete
2025/08/05 08:04:13 StationSystem update...
2025/08/05 08:04:13 weather update count: 500
2025/08/05 08:04:13 StationSystem update time: 2.652µs
2025/08/05 08:04:13 SatelliteSystem update...
2025/08/05 08:04:13 satellite count: 600
2025/08/05 08:04:13 SatelliteSystem update time: 2.403939ms
2025/08/05 08:04:13 TopoSystem update...
2025/08/05 08:04:13 TopoSystem: Link count: 300000
2025/08/05 08:04:13 TopoSystem update time: 5.078282ms
2025/08/05 08:04:13 AttenuationSystem update...
2025/08/05 08:04:13 AttenuationSystem parallel flag: 0
2025/08/05 08:04:13 Attenuation computed count: 300000
2025/08/05 08:04:13 AttenuationSystem update time: 212.205535ms
2025/08/05 08:04:13 Run 3 complete
2025/08/05 08:04:13 StationSystem update...
2025/08/05 08:04:13 weather update count: 500
2025/08/05 08:04:13 StationSystem update time: 2.851µs
2025/08/05 08:04:13 SatelliteSystem update...
2025/08/05 08:04:13 satellite count: 600
2025/08/05 08:04:13 SatelliteSystem update time: 2.27653ms
2025/08/05 08:04:13 TopoSystem update...
2025/08/05 08:04:13 TopoSystem: Link count: 300000
2025/08/05 08:04:13 TopoSystem update time: 7.533927ms
2025/08/05 08:04:13 AttenuationSystem update...
2025/08/05 08:04:13 AttenuationSystem parallel flag: 0
2025/08/05 08:04:13 Attenuation computed count: 300000
2025/08/05 08:04:13 AttenuationSystem update time: 191.524277ms
2025/08/05 08:04:13 Run 4 complete
2025/08/05 08:04:13 StationSystem update...
2025/08/05 08:04:13 weather update count: 500
2025/08/05 08:04:13 StationSystem update time: 2.816µs
2025/08/05 08:04:13 SatelliteSystem update...
2025/08/05 08:04:13 satellite count: 600
2025/08/05 08:04:13 SatelliteSystem update time: 2.285581ms
2025/08/05 08:04:13 TopoSystem update...
2025/08/05 08:04:13 TopoSystem: Link count: 300000
2025/08/05 08:04:13 TopoSystem update time: 5.166684ms
2025/08/05 08:04:13 AttenuationSystem update...
2025/08/05 08:04:13 AttenuationSystem parallel flag: 0
2025/08/05 08:04:14 Attenuation computed count: 300000
2025/08/05 08:04:14 AttenuationSystem update time: 171.111923ms
2025/08/05 08:04:14 Run 5 complete
2025/08/05 08:04:14 StationSystem update...
2025/08/05 08:04:14 weather update count: 500
2025/08/05 08:04:14 StationSystem update time: 2.478µs
2025/08/05 08:04:14 SatelliteSystem update...
2025/08/05 08:04:14 satellite count: 600
2025/08/05 08:04:14 SatelliteSystem update time: 2.284125ms
2025/08/05 08:04:14 TopoSystem update...
2025/08/05 08:04:14 TopoSystem: Link count: 300000
2025/08/05 08:04:14 TopoSystem update time: 7.238053ms
2025/08/05 08:04:14 AttenuationSystem update...
2025/08/05 08:04:14 AttenuationSystem parallel flag: 0
2025/08/05 08:04:14 Attenuation computed count: 300000
2025/08/05 08:04:14 AttenuationSystem update time: 197.624397ms
2025/08/05 08:04:14 Run 6 complete
2025/08/05 08:04:14 StationSystem update...
2025/08/05 08:04:14 weather update count: 500
2025/08/05 08:04:14 StationSystem update time: 2.538µs
2025/08/05 08:04:14 SatelliteSystem update...
2025/08/05 08:04:14 satellite count: 600
2025/08/05 08:04:14 SatelliteSystem update time: 2.28147ms
2025/08/05 08:04:14 TopoSystem update...
2025/08/05 08:04:14 TopoSystem: Link count: 300000
2025/08/05 08:04:14 TopoSystem update time: 4.605221ms
2025/08/05 08:04:14 AttenuationSystem update...
2025/08/05 08:04:14 AttenuationSystem parallel flag: 0
2025/08/05 08:04:14 Attenuation computed count: 300000
2025/08/05 08:04:14 AttenuationSystem update time: 183.508842ms
2025/08/05 08:04:14 Run 7 complete
2025/08/05 08:04:14 StationSystem update...
2025/08/05 08:04:14 weather update count: 500
2025/08/05 08:04:14 StationSystem update time: 3.556µs
2025/08/05 08:04:14 SatelliteSystem update...
2025/08/05 08:04:14 satellite count: 600
2025/08/05 08:04:14 SatelliteSystem update time: 2.317568ms
2025/08/05 08:04:14 TopoSystem update...
2025/08/05 08:04:14 TopoSystem: Link count: 300000
2025/08/05 08:04:14 TopoSystem update time: 4.770854ms
2025/08/05 08:04:14 AttenuationSystem update...
2025/08/05 08:04:14 AttenuationSystem parallel flag: 0
2025/08/05 08:04:14 Attenuation computed count: 300000
2025/08/05 08:04:14 AttenuationSystem update time: 171.224219ms
2025/08/05 08:04:14 Run 8 complete
2025/08/05 08:04:14 StationSystem update...
2025/08/05 08:04:14 weather update count: 500
2025/08/05 08:04:14 StationSystem update time: 2.862µs
2025/08/05 08:04:14 SatelliteSystem update...
2025/08/05 08:04:14 satellite count: 600
2025/08/05 08:04:14 SatelliteSystem update time: 2.299741ms
2025/08/05 08:04:14 TopoSystem update...
2025/08/05 08:04:14 TopoSystem: Link count: 300000
2025/08/05 08:04:14 TopoSystem update time: 7.310994ms
2025/08/05 08:04:14 AttenuationSystem update...
2025/08/05 08:04:14 AttenuationSystem parallel flag: 0
2025/08/05 08:04:14 Attenuation computed count: 300000
2025/08/05 08:04:14 AttenuationSystem update time: 203.333343ms
2025/08/05 08:04:14 Run 9 complete
2025/08/05 08:04:14 StationSystem update...
2025/08/05 08:04:14 weather update count: 500
2025/08/05 08:04:14 StationSystem update time: 2.517µs
2025/08/05 08:04:14 SatelliteSystem update...
2025/08/05 08:04:14 satellite count: 600
2025/08/05 08:04:14 SatelliteSystem update time: 1.695706ms
2025/08/05 08:04:14 TopoSystem update...
2025/08/05 08:04:14 TopoSystem: Link count: 300000
2025/08/05 08:04:14 TopoSystem update time: 4.103254ms
2025/08/05 08:04:14 AttenuationSystem update...
2025/08/05 08:04:14 AttenuationSystem parallel flag: 0
2025/08/05 08:04:15 Attenuation computed count: 300000
2025/08/05 08:04:15 AttenuationSystem update time: 185.580162ms
2025/08/05 08:04:15 Run 10 complete
2025/08/05 08:04:15 Total update time:  2.046075166s
2025/08/05 08:04:15 linkCache size: 40

 Performance counter stats for './scale_ecs 500 600 10 8 4 0':

         6,999,802      cache-references                                                      
           850,611      cache-misses                     #   12.15% of all cache refs         

       2.050802838 seconds time elapsed

       7.348965000 seconds user
       0.024006000 seconds sys


