ECS running with 700 stations, 1300 satellites, 2 numWGs and 2 numBlocks for 10 rounds in 1 parallel pattern
2025/08/05 09:03:52 StationSystem update...
2025/08/05 09:03:52 SatelliteSystem update...
2025/08/05 09:03:52 weather update count: 700
2025/08/05 09:03:52 StationSystem update time: 8.338µs
2025/08/05 09:03:52 satellite count: 1300
2025/08/05 09:03:52 SatelliteSystem update time: 4.928435ms
2025/08/05 09:03:52 TopoSystem update...
2025/08/05 09:03:52 TopoSystem: Link count: 910000
2025/08/05 09:03:52 TopoSystem update time: 21.940054ms
2025/08/05 09:03:52 AttenuationSystem update...
2025/08/05 09:03:52 AttenuationSystem parallel flag: 1
2025/08/05 09:03:53 Attenuation computed count: 910000
2025/08/05 09:03:53 AttenuationSystem update time: 822.654175ms
2025/08/05 09:03:53 Run 1 complete
2025/08/05 09:03:53 StationSystem update...
2025/08/05 09:03:53 weather update count: 700
2025/08/05 09:03:53 StationSystem update time: 2.97µs
2025/08/05 09:03:53 SatelliteSystem update...
2025/08/05 09:03:53 satellite count: 1300
2025/08/05 09:03:53 SatelliteSystem update time: 3.689833ms
2025/08/05 09:03:53 TopoSystem update...
2025/08/05 09:03:53 TopoSystem: Link count: 910000
2025/08/05 09:03:53 TopoSystem update time: 16.579415ms
2025/08/05 09:03:53 AttenuationSystem update...
2025/08/05 09:03:53 AttenuationSystem parallel flag: 1
2025/08/05 09:03:54 Attenuation computed count: 910000
2025/08/05 09:03:54 AttenuationSystem update time: 923.804281ms
2025/08/05 09:03:54 Run 2 complete
2025/08/05 09:03:54 StationSystem update...
2025/08/05 09:03:54 weather update count: 700
2025/08/05 09:03:54 StationSystem update time: 2.739µs
2025/08/05 09:03:54 SatelliteSystem update...
2025/08/05 09:03:54 satellite count: 1300
2025/08/05 09:03:54 SatelliteSystem update time: 4.941891ms
2025/08/05 09:03:54 TopoSystem update...
2025/08/05 09:03:54 TopoSystem: Link count: 910000
2025/08/05 09:03:54 TopoSystem update time: 13.928876ms
2025/08/05 09:03:54 AttenuationSystem update...
2025/08/05 09:03:54 AttenuationSystem parallel flag: 1
2025/08/05 09:03:55 Attenuation computed count: 910000
2025/08/05 09:03:55 AttenuationSystem update time: 815.64663ms
2025/08/05 09:03:55 Run 3 complete
2025/08/05 09:03:55 StationSystem update...
2025/08/05 09:03:55 weather update count: 700
2025/08/05 09:03:55 StationSystem update time: 2.755µs
2025/08/05 09:03:55 SatelliteSystem update...
2025/08/05 09:03:55 satellite count: 1300
2025/08/05 09:03:55 SatelliteSystem update time: 3.672302ms
2025/08/05 09:03:55 TopoSystem update...
2025/08/05 09:03:55 TopoSystem: Link count: 910000
2025/08/05 09:03:55 TopoSystem update time: 10.728338ms
2025/08/05 09:03:55 AttenuationSystem update...
2025/08/05 09:03:55 AttenuationSystem parallel flag: 1
2025/08/05 09:03:55 Attenuation computed count: 910000
2025/08/05 09:03:55 AttenuationSystem update time: 781.4679ms
2025/08/05 09:03:55 Run 4 complete
2025/08/05 09:03:55 StationSystem update...
2025/08/05 09:03:55 weather update count: 700
2025/08/05 09:03:55 StationSystem update time: 3.173µs
2025/08/05 09:03:55 SatelliteSystem update...
2025/08/05 09:03:55 satellite count: 1300
2025/08/05 09:03:55 SatelliteSystem update time: 3.66504ms
2025/08/05 09:03:55 TopoSystem update...
2025/08/05 09:03:55 TopoSystem: Link count: 910000
2025/08/05 09:03:55 TopoSystem update time: 11.092455ms
2025/08/05 09:03:55 AttenuationSystem update...
2025/08/05 09:03:55 AttenuationSystem parallel flag: 1
2025/08/05 09:03:56 Attenuation computed count: 910000
2025/08/05 09:03:56 AttenuationSystem update time: 801.730024ms
2025/08/05 09:03:56 Run 5 complete
2025/08/05 09:03:56 StationSystem update...
2025/08/05 09:03:56 weather update count: 700
2025/08/05 09:03:56 StationSystem update time: 2.926µs
2025/08/05 09:03:56 SatelliteSystem update...
2025/08/05 09:03:56 satellite count: 1300
2025/08/05 09:03:56 SatelliteSystem update time: 3.818733ms
2025/08/05 09:03:56 TopoSystem update...
2025/08/05 09:03:56 TopoSystem: Link count: 910000
2025/08/05 09:03:56 TopoSystem update time: 16.309801ms
2025/08/05 09:03:56 AttenuationSystem update...
2025/08/05 09:03:56 AttenuationSystem parallel flag: 1
2025/08/05 09:03:57 Attenuation computed count: 910000
2025/08/05 09:03:57 AttenuationSystem update time: 815.235303ms
2025/08/05 09:03:57 Run 6 complete
2025/08/05 09:03:57 StationSystem update...
2025/08/05 09:03:57 weather update count: 700
2025/08/05 09:03:57 StationSystem update time: 2.827µs
2025/08/05 09:03:57 SatelliteSystem update...
2025/08/05 09:03:57 satellite count: 1300
2025/08/05 09:03:57 SatelliteSystem update time: 3.671659ms
2025/08/05 09:03:57 TopoSystem update...
2025/08/05 09:03:57 TopoSystem: Link count: 910000
2025/08/05 09:03:57 TopoSystem update time: 10.773684ms
2025/08/05 09:03:57 AttenuationSystem update...
2025/08/05 09:03:57 AttenuationSystem parallel flag: 1
2025/08/05 09:03:58 Attenuation computed count: 910000
2025/08/05 09:03:58 AttenuationSystem update time: 780.258558ms
2025/08/05 09:03:58 Run 7 complete
2025/08/05 09:03:58 StationSystem update...
2025/08/05 09:03:58 weather update count: 700
2025/08/05 09:03:58 StationSystem update time: 2.616µs
2025/08/05 09:03:58 SatelliteSystem update...
2025/08/05 09:03:58 satellite count: 1300
2025/08/05 09:03:58 SatelliteSystem update time: 3.662654ms
2025/08/05 09:03:58 TopoSystem update...
2025/08/05 09:03:58 TopoSystem: Link count: 910000
2025/08/05 09:03:58 TopoSystem update time: 31.467721ms
2025/08/05 09:03:58 AttenuationSystem update...
2025/08/05 09:03:58 AttenuationSystem parallel flag: 1
2025/08/05 09:03:59 Attenuation computed count: 910000
2025/08/05 09:03:59 AttenuationSystem update time: 1.071355226s
2025/08/05 09:03:59 Run 8 complete
2025/08/05 09:03:59 StationSystem update...
2025/08/05 09:03:59 weather update count: 700
2025/08/05 09:03:59 StationSystem update time: 3.714µs
2025/08/05 09:03:59 SatelliteSystem update...
2025/08/05 09:03:59 satellite count: 1300
2025/08/05 09:03:59 SatelliteSystem update time: 4.935102ms
2025/08/05 09:03:59 TopoSystem update...
2025/08/05 09:03:59 TopoSystem: Link count: 910000
2025/08/05 09:03:59 TopoSystem update time: 13.712336ms
2025/08/05 09:03:59 AttenuationSystem update...
2025/08/05 09:03:59 AttenuationSystem parallel flag: 1
2025/08/05 09:04:00 Attenuation computed count: 910000
2025/08/05 09:04:00 AttenuationSystem update time: 980.996767ms
2025/08/05 09:04:00 Run 9 complete
2025/08/05 09:04:00 StationSystem update...
2025/08/05 09:04:00 weather update count: 700
2025/08/05 09:04:00 StationSystem update time: 3.774µs
2025/08/05 09:04:00 SatelliteSystem update...
2025/08/05 09:04:00 satellite count: 1300
2025/08/05 09:04:00 SatelliteSystem update time: 3.669564ms
2025/08/05 09:04:00 TopoSystem update...
2025/08/05 09:04:00 TopoSystem: Link count: 910000
2025/08/05 09:04:00 TopoSystem update time: 31.381853ms
2025/08/05 09:04:00 AttenuationSystem update...
2025/08/05 09:04:00 AttenuationSystem parallel flag: 1
2025/08/05 09:04:01 Attenuation computed count: 910000
2025/08/05 09:04:01 AttenuationSystem update time: 995.051616ms
2025/08/05 09:04:01 Run 10 complete
2025/08/05 09:04:01 Total update time:  9.01432977s
2025/08/05 09:04:01 linkCache size: 40

 Performance counter stats for './scale_ecs 700 1300 10 2 2 1':

        19,434,733      cache-references                                                      
         4,809,197      cache-misses                     #   24.75% of all cache refs         

       9.020284320 seconds time elapsed

      17.398992000 seconds user
       0.057059000 seconds sys


