ECS running with 800 stations, 1000 satellites, 4 numWGs and 2 numBlocks for 10 rounds in 0 parallel pattern
2025/08/05 09:30:40 StationSystem update...
2025/08/05 09:30:40 SatelliteSystem update...
2025/08/05 09:30:40 weather update count: 800
2025/08/05 09:30:40 StationSystem update time: 10.462µs
2025/08/05 09:30:40 satellite count: 1000
2025/08/05 09:30:40 SatelliteSystem update time: 3.85577ms
2025/08/05 09:30:40 TopoSystem update...
2025/08/05 09:30:40 TopoSystem: Link count: 800000
2025/08/05 09:30:40 TopoSystem update time: 29.043664ms
2025/08/05 09:30:40 AttenuationSystem update...
2025/08/05 09:30:40 AttenuationSystem parallel flag: 0
2025/08/05 09:30:41 Attenuation computed count: 800000
2025/08/05 09:30:41 AttenuationSystem update time: 923.325471ms
2025/08/05 09:30:41 Run 1 complete
2025/08/05 09:30:41 StationSystem update...
2025/08/05 09:30:41 weather update count: 800
2025/08/05 09:30:41 StationSystem update time: 6.18µs
2025/08/05 09:30:41 SatelliteSystem update...
2025/08/05 09:30:41 satellite count: 1000
2025/08/05 09:30:41 SatelliteSystem update time: 3.852412ms
2025/08/05 09:30:41 TopoSystem update...
2025/08/05 09:30:41 TopoSystem: Link count: 800000
2025/08/05 09:30:41 TopoSystem update time: 22.309027ms
2025/08/05 09:30:41 AttenuationSystem update...
2025/08/05 09:30:41 AttenuationSystem parallel flag: 0
2025/08/05 09:30:42 Attenuation computed count: 800000
2025/08/05 09:30:42 AttenuationSystem update time: 913.515442ms
2025/08/05 09:30:42 Run 2 complete
2025/08/05 09:30:42 StationSystem update...
2025/08/05 09:30:42 weather update count: 800
2025/08/05 09:30:42 StationSystem update time: 3.488µs
2025/08/05 09:30:42 SatelliteSystem update...
2025/08/05 09:30:42 satellite count: 1000
2025/08/05 09:30:42 SatelliteSystem update time: 5.694528ms
2025/08/05 09:30:42 TopoSystem update...
2025/08/05 09:30:42 TopoSystem: Link count: 800000
2025/08/05 09:30:42 TopoSystem update time: 12.75837ms
2025/08/05 09:30:42 AttenuationSystem update...
2025/08/05 09:30:42 AttenuationSystem parallel flag: 0
2025/08/05 09:30:43 Attenuation computed count: 800000
2025/08/05 09:30:43 AttenuationSystem update time: 927.901712ms
2025/08/05 09:30:43 Run 3 complete
2025/08/05 09:30:43 StationSystem update...
2025/08/05 09:30:43 weather update count: 800
2025/08/05 09:30:43 StationSystem update time: 3.52µs
2025/08/05 09:30:43 SatelliteSystem update...
2025/08/05 09:30:43 satellite count: 1000
2025/08/05 09:30:43 SatelliteSystem update time: 3.813391ms
2025/08/05 09:30:43 TopoSystem update...
2025/08/05 09:30:43 TopoSystem: Link count: 800000
2025/08/05 09:30:43 TopoSystem update time: 12.883021ms
2025/08/05 09:30:43 AttenuationSystem update...
2025/08/05 09:30:43 AttenuationSystem parallel flag: 0
2025/08/05 09:30:44 Attenuation computed count: 800000
2025/08/05 09:30:44 AttenuationSystem update time: 922.248949ms
2025/08/05 09:30:44 Run 4 complete
2025/08/05 09:30:44 StationSystem update...
2025/08/05 09:30:44 weather update count: 800
2025/08/05 09:30:44 StationSystem update time: 3.305µs
2025/08/05 09:30:44 SatelliteSystem update...
2025/08/05 09:30:44 satellite count: 1000
2025/08/05 09:30:44 SatelliteSystem update time: 3.809769ms
2025/08/05 09:30:44 TopoSystem update...
2025/08/05 09:30:44 TopoSystem: Link count: 800000
2025/08/05 09:30:44 TopoSystem update time: 12.270335ms
2025/08/05 09:30:44 AttenuationSystem update...
2025/08/05 09:30:44 AttenuationSystem parallel flag: 0
2025/08/05 09:30:45 Attenuation computed count: 800000
2025/08/05 09:30:45 AttenuationSystem update time: 841.155147ms
2025/08/05 09:30:45 Run 5 complete
2025/08/05 09:30:45 StationSystem update...
2025/08/05 09:30:45 weather update count: 800
2025/08/05 09:30:45 StationSystem update time: 2.672µs
2025/08/05 09:30:45 SatelliteSystem update...
2025/08/05 09:30:45 satellite count: 1000
2025/08/05 09:30:45 SatelliteSystem update time: 2.834912ms
2025/08/05 09:30:45 TopoSystem update...
2025/08/05 09:30:45 TopoSystem: Link count: 800000
2025/08/05 09:30:45 TopoSystem update time: 28.712659ms
2025/08/05 09:30:45 AttenuationSystem update...
2025/08/05 09:30:45 AttenuationSystem parallel flag: 0
2025/08/05 09:30:46 Attenuation computed count: 800000
2025/08/05 09:30:46 AttenuationSystem update time: 936.93991ms
2025/08/05 09:30:46 Run 6 complete
2025/08/05 09:30:46 StationSystem update...
2025/08/05 09:30:46 weather update count: 800
2025/08/05 09:30:46 StationSystem update time: 3.502µs
2025/08/05 09:30:46 SatelliteSystem update...
2025/08/05 09:30:46 satellite count: 1000
2025/08/05 09:30:46 SatelliteSystem update time: 3.82387ms
2025/08/05 09:30:46 TopoSystem update...
2025/08/05 09:30:46 TopoSystem: Link count: 800000
2025/08/05 09:30:46 TopoSystem update time: 12.688889ms
2025/08/05 09:30:46 AttenuationSystem update...
2025/08/05 09:30:46 AttenuationSystem parallel flag: 0
2025/08/05 09:30:47 Attenuation computed count: 800000
2025/08/05 09:30:47 AttenuationSystem update time: 945.712801ms
2025/08/05 09:30:47 Run 7 complete
2025/08/05 09:30:47 StationSystem update...
2025/08/05 09:30:47 weather update count: 800
2025/08/05 09:30:47 StationSystem update time: 3.346µs
2025/08/05 09:30:47 SatelliteSystem update...
2025/08/05 09:30:47 satellite count: 1000
2025/08/05 09:30:47 SatelliteSystem update time: 3.804192ms
2025/08/05 09:30:47 TopoSystem update...
2025/08/05 09:30:47 TopoSystem: Link count: 800000
2025/08/05 09:30:47 TopoSystem update time: 12.151972ms
2025/08/05 09:30:47 AttenuationSystem update...
2025/08/05 09:30:47 AttenuationSystem parallel flag: 0
2025/08/05 09:30:48 Attenuation computed count: 800000
2025/08/05 09:30:48 AttenuationSystem update time: 946.644964ms
2025/08/05 09:30:48 Run 8 complete
2025/08/05 09:30:48 StationSystem update...
2025/08/05 09:30:48 weather update count: 800
2025/08/05 09:30:48 StationSystem update time: 3.2µs
2025/08/05 09:30:48 SatelliteSystem update...
2025/08/05 09:30:48 satellite count: 1000
2025/08/05 09:30:48 SatelliteSystem update time: 3.805758ms
2025/08/05 09:30:48 TopoSystem update...
2025/08/05 09:30:48 TopoSystem: Link count: 800000
2025/08/05 09:30:48 TopoSystem update time: 12.73231ms
2025/08/05 09:30:48 AttenuationSystem update...
2025/08/05 09:30:48 AttenuationSystem parallel flag: 0
2025/08/05 09:30:49 Attenuation computed count: 800000
2025/08/05 09:30:49 AttenuationSystem update time: 820.941038ms
2025/08/05 09:30:49 Run 9 complete
2025/08/05 09:30:49 StationSystem update...
2025/08/05 09:30:49 weather update count: 800
2025/08/05 09:30:49 StationSystem update time: 2.756µs
2025/08/05 09:30:49 SatelliteSystem update...
2025/08/05 09:30:49 satellite count: 1000
2025/08/05 09:30:49 SatelliteSystem update time: 2.871101ms
2025/08/05 09:30:49 TopoSystem update...
2025/08/05 09:30:49 TopoSystem: Link count: 800000
2025/08/05 09:30:49 TopoSystem update time: 9.585596ms
2025/08/05 09:30:49 AttenuationSystem update...
2025/08/05 09:30:49 AttenuationSystem parallel flag: 0
2025/08/05 09:30:49 Attenuation computed count: 800000
2025/08/05 09:30:49 AttenuationSystem update time: 829.698726ms
2025/08/05 09:30:49 Run 10 complete
2025/08/05 09:30:49 Total update time:  9.220378755s
2025/08/05 09:30:49 linkCache size: 40

 Performance counter stats for './scale_ecs 800 1000 10 4 2 0':

        17,520,402      cache-references                                                      
         4,390,710      cache-misses                     #   25.06% of all cache refs         

       9.227787606 seconds time elapsed

      17.807196000 seconds user
       0.082005000 seconds sys


