ECS running with 600 stations, 1200 satellites, 8 numWGs and 4 numBlocks for 10 rounds in 0 parallel pattern
2025/08/05 08:35:29 StationSystem update...
2025/08/05 08:35:29 SatelliteSystem update...
2025/08/05 08:35:29 weather update count: 600
2025/08/05 08:35:29 StationSystem update time: 8.207µs
2025/08/05 08:35:29 satellite count: 1200
2025/08/05 08:35:29 SatelliteSystem update time: 4.552168ms
2025/08/05 08:35:29 TopoSystem update...
2025/08/05 08:35:29 TopoSystem: Link count: 720000
2025/08/05 08:35:29 TopoSystem update time: 22.70727ms
2025/08/05 08:35:29 AttenuationSystem update...
2025/08/05 08:35:29 AttenuationSystem parallel flag: 0
2025/08/05 08:35:29 Attenuation computed count: 720000
2025/08/05 08:35:29 AttenuationSystem update time: 426.067061ms
2025/08/05 08:35:29 Run 1 complete
2025/08/05 08:35:29 StationSystem update...
2025/08/05 08:35:29 weather update count: 600
2025/08/05 08:35:29 StationSystem update time: 3.147µs
2025/08/05 08:35:29 SatelliteSystem update...
2025/08/05 08:35:29 satellite count: 1200
2025/08/05 08:35:29 SatelliteSystem update time: 3.377774ms
2025/08/05 08:35:29 TopoSystem update...
2025/08/05 08:35:29 TopoSystem: Link count: 720000
2025/08/05 08:35:29 TopoSystem update time: 16.754307ms
2025/08/05 08:35:29 AttenuationSystem update...
2025/08/05 08:35:29 AttenuationSystem parallel flag: 0
2025/08/05 08:35:29 Attenuation computed count: 720000
2025/08/05 08:35:29 AttenuationSystem update time: 412.345085ms
2025/08/05 08:35:29 Run 2 complete
2025/08/05 08:35:29 StationSystem update...
2025/08/05 08:35:29 weather update count: 600
2025/08/05 08:35:29 StationSystem update time: 2.59µs
2025/08/05 08:35:29 SatelliteSystem update...
2025/08/05 08:35:29 satellite count: 1200
2025/08/05 08:35:29 SatelliteSystem update time: 3.377999ms
2025/08/05 08:35:29 TopoSystem update...
2025/08/05 08:35:29 TopoSystem: Link count: 720000
2025/08/05 08:35:29 TopoSystem update time: 9.697218ms
2025/08/05 08:35:29 AttenuationSystem update...
2025/08/05 08:35:29 AttenuationSystem parallel flag: 0
2025/08/05 08:35:30 Attenuation computed count: 720000
2025/08/05 08:35:30 AttenuationSystem update time: 443.850872ms
2025/08/05 08:35:30 Run 3 complete
2025/08/05 08:35:30 StationSystem update...
2025/08/05 08:35:30 weather update count: 600
2025/08/05 08:35:30 StationSystem update time: 3.408µs
2025/08/05 08:35:30 SatelliteSystem update...
2025/08/05 08:35:30 satellite count: 1200
2025/08/05 08:35:30 SatelliteSystem update time: 4.553094ms
2025/08/05 08:35:30 TopoSystem update...
2025/08/05 08:35:30 TopoSystem: Link count: 720000
2025/08/05 08:35:30 TopoSystem update time: 12.220625ms
2025/08/05 08:35:30 AttenuationSystem update...
2025/08/05 08:35:30 AttenuationSystem parallel flag: 0
2025/08/05 08:35:30 Attenuation computed count: 720000
2025/08/05 08:35:30 AttenuationSystem update time: 410.322925ms
2025/08/05 08:35:30 Run 4 complete
2025/08/05 08:35:30 StationSystem update...
2025/08/05 08:35:30 weather update count: 600
2025/08/05 08:35:30 StationSystem update time: 3.249µs
2025/08/05 08:35:30 SatelliteSystem update...
2025/08/05 08:35:30 satellite count: 1200
2025/08/05 08:35:30 SatelliteSystem update time: 4.543747ms
2025/08/05 08:35:30 TopoSystem update...
2025/08/05 08:35:30 TopoSystem: Link count: 720000
2025/08/05 08:35:30 TopoSystem update time: 10.806716ms
2025/08/05 08:35:30 AttenuationSystem update...
2025/08/05 08:35:30 AttenuationSystem parallel flag: 0
2025/08/05 08:35:31 Attenuation computed count: 720000
2025/08/05 08:35:31 AttenuationSystem update time: 426.869388ms
2025/08/05 08:35:31 Run 5 complete
2025/08/05 08:35:31 StationSystem update...
2025/08/05 08:35:31 weather update count: 600
2025/08/05 08:35:31 StationSystem update time: 2.681µs
2025/08/05 08:35:31 SatelliteSystem update...
2025/08/05 08:35:31 satellite count: 1200
2025/08/05 08:35:31 SatelliteSystem update time: 4.558658ms
2025/08/05 08:35:31 TopoSystem update...
2025/08/05 08:35:31 TopoSystem: Link count: 720000
2025/08/05 08:35:31 TopoSystem update time: 11.167166ms
2025/08/05 08:35:31 AttenuationSystem update...
2025/08/05 08:35:31 AttenuationSystem parallel flag: 0
2025/08/05 08:35:31 Attenuation computed count: 720000
2025/08/05 08:35:31 AttenuationSystem update time: 437.786665ms
2025/08/05 08:35:31 Run 6 complete
2025/08/05 08:35:31 StationSystem update...
2025/08/05 08:35:31 weather update count: 600
2025/08/05 08:35:31 StationSystem update time: 2.896µs
2025/08/05 08:35:31 SatelliteSystem update...
2025/08/05 08:35:31 satellite count: 1200
2025/08/05 08:35:31 SatelliteSystem update time: 4.550637ms
2025/08/05 08:35:31 TopoSystem update...
2025/08/05 08:35:31 TopoSystem: Link count: 720000
2025/08/05 08:35:31 TopoSystem update time: 10.747784ms
2025/08/05 08:35:31 AttenuationSystem update...
2025/08/05 08:35:31 AttenuationSystem parallel flag: 0
2025/08/05 08:35:32 Attenuation computed count: 720000
2025/08/05 08:35:32 AttenuationSystem update time: 444.72942ms
2025/08/05 08:35:32 Run 7 complete
2025/08/05 08:35:32 StationSystem update...
2025/08/05 08:35:32 weather update count: 600
2025/08/05 08:35:32 StationSystem update time: 3.35µs
2025/08/05 08:35:32 SatelliteSystem update...
2025/08/05 08:35:32 satellite count: 1200
2025/08/05 08:35:32 SatelliteSystem update time: 4.55256ms
2025/08/05 08:35:32 TopoSystem update...
2025/08/05 08:35:32 TopoSystem: Link count: 720000
2025/08/05 08:35:32 TopoSystem update time: 11.314797ms
2025/08/05 08:35:32 AttenuationSystem update...
2025/08/05 08:35:32 AttenuationSystem parallel flag: 0
2025/08/05 08:35:32 Attenuation computed count: 720000
2025/08/05 08:35:32 AttenuationSystem update time: 445.499911ms
2025/08/05 08:35:32 Run 8 complete
2025/08/05 08:35:32 StationSystem update...
2025/08/05 08:35:32 weather update count: 600
2025/08/05 08:35:32 SatelliteSystem update...
2025/08/05 08:35:32 StationSystem update time: 2.811µs
2025/08/05 08:35:32 satellite count: 1200
2025/08/05 08:35:32 SatelliteSystem update time: 4.621477ms
2025/08/05 08:35:32 TopoSystem update...
2025/08/05 08:35:32 TopoSystem: Link count: 720000
2025/08/05 08:35:32 TopoSystem update time: 17.326445ms
2025/08/05 08:35:32 AttenuationSystem update...
2025/08/05 08:35:32 AttenuationSystem parallel flag: 0
2025/08/05 08:35:33 Attenuation computed count: 720000
2025/08/05 08:35:33 AttenuationSystem update time: 426.550674ms
2025/08/05 08:35:33 Run 9 complete
2025/08/05 08:35:33 StationSystem update...
2025/08/05 08:35:33 weather update count: 600
2025/08/05 08:35:33 StationSystem update time: 2.917µs
2025/08/05 08:35:33 SatelliteSystem update...
2025/08/05 08:35:33 satellite count: 1200
2025/08/05 08:35:33 SatelliteSystem update time: 4.56287ms
2025/08/05 08:35:33 TopoSystem update...
2025/08/05 08:35:33 TopoSystem: Link count: 720000
2025/08/05 08:35:33 TopoSystem update time: 9.56478ms
2025/08/05 08:35:33 AttenuationSystem update...
2025/08/05 08:35:33 AttenuationSystem parallel flag: 0
2025/08/05 08:35:33 Attenuation computed count: 720000
2025/08/05 08:35:33 AttenuationSystem update time: 417.592177ms
2025/08/05 08:35:33 Run 10 complete
2025/08/05 08:35:33 Total update time:  4.47380061s
2025/08/05 08:35:33 linkCache size: 40

 Performance counter stats for './scale_ecs 600 1200 10 8 4 0':

        15,537,398      cache-references                                                      
         3,036,662      cache-misses                     #   19.54% of all cache refs         

       4.480315516 seconds time elapsed

      15.774969000 seconds user
       0.048036000 seconds sys


