ECS running with 900 stations, 1600 satellites, 4 numWGs and 8 numBlocks for 10 rounds in 0 parallel pattern
2025/08/05 14:05:15 StationSystem update...
2025/08/05 14:05:15 weather update count: 900
2025/08/05 14:05:15 SatelliteSystem update...
2025/08/05 14:05:15 StationSystem update time: 5.667µs
2025/08/05 14:05:15 satellite count: 1600
2025/08/05 14:05:15 SatelliteSystem update time: 6.079287ms
2025/08/05 14:05:15 TopoSystem update...
2025/08/05 14:05:15 TopoSystem: Link count: 1440000
2025/08/05 14:05:15 TopoSystem update time: 45.426208ms
2025/08/05 14:05:15 AttenuationSystem update...
2025/08/05 14:05:15 AttenuationSystem parallel flag: 0
2025/08/05 14:05:16 Attenuation computed count: 1440000
2025/08/05 14:05:16 AttenuationSystem update time: 470.021983ms
2025/08/05 14:05:16 Run 1 complete
2025/08/05 14:05:16 StationSystem update...
2025/08/05 14:05:16 weather update count: 900
2025/08/05 14:05:16 StationSystem update time: 7.384µs
2025/08/05 14:05:16 SatelliteSystem update...
2025/08/05 14:05:16 satellite count: 1600
2025/08/05 14:05:16 SatelliteSystem update time: 6.095828ms
2025/08/05 14:05:16 TopoSystem update...
2025/08/05 14:05:16 TopoSystem: Link count: 1440000
2025/08/05 14:05:16 TopoSystem update time: 41.697562ms
2025/08/05 14:05:16 AttenuationSystem update...
2025/08/05 14:05:16 AttenuationSystem parallel flag: 0
2025/08/05 14:05:16 Attenuation computed count: 1440000
2025/08/05 14:05:16 AttenuationSystem update time: 436.770491ms
2025/08/05 14:05:16 Run 2 complete
2025/08/05 14:05:16 StationSystem update...
2025/08/05 14:05:16 weather update count: 900
2025/08/05 14:05:16 StationSystem update time: 7.118µs
2025/08/05 14:05:16 SatelliteSystem update...
2025/08/05 14:05:16 satellite count: 1600
2025/08/05 14:05:16 SatelliteSystem update time: 6.073264ms
2025/08/05 14:05:16 TopoSystem update...
2025/08/05 14:05:16 TopoSystem: Link count: 1440000
2025/08/05 14:05:16 TopoSystem update time: 22.253178ms
2025/08/05 14:05:16 AttenuationSystem update...
2025/08/05 14:05:16 AttenuationSystem parallel flag: 0
2025/08/05 14:05:17 Attenuation computed count: 1440000
2025/08/05 14:05:17 AttenuationSystem update time: 454.62243ms
2025/08/05 14:05:17 Run 3 complete
2025/08/05 14:05:17 StationSystem update...
2025/08/05 14:05:17 weather update count: 900
2025/08/05 14:05:17 StationSystem update time: 25.744µs
2025/08/05 14:05:17 SatelliteSystem update...
2025/08/05 14:05:17 satellite count: 1600
2025/08/05 14:05:17 SatelliteSystem update time: 7.353976ms
2025/08/05 14:05:17 TopoSystem update...
2025/08/05 14:05:17 TopoSystem: Link count: 1440000
2025/08/05 14:05:17 TopoSystem update time: 44.196033ms
2025/08/05 14:05:17 AttenuationSystem update...
2025/08/05 14:05:17 AttenuationSystem parallel flag: 0
2025/08/05 14:05:17 Attenuation computed count: 1440000
2025/08/05 14:05:17 AttenuationSystem update time: 443.105256ms
2025/08/05 14:05:17 Run 4 complete
2025/08/05 14:05:17 StationSystem update...
2025/08/05 14:05:17 weather update count: 900
2025/08/05 14:05:17 StationSystem update time: 12.982µs
2025/08/05 14:05:17 SatelliteSystem update...
2025/08/05 14:05:17 satellite count: 1600
2025/08/05 14:05:17 SatelliteSystem update time: 8.38817ms
2025/08/05 14:05:17 TopoSystem update...
2025/08/05 14:05:17 TopoSystem: Link count: 1440000
2025/08/05 14:05:17 TopoSystem update time: 36.909029ms
2025/08/05 14:05:17 AttenuationSystem update...
2025/08/05 14:05:17 AttenuationSystem parallel flag: 0
2025/08/05 14:05:18 Attenuation computed count: 1440000
2025/08/05 14:05:18 AttenuationSystem update time: 438.925445ms
2025/08/05 14:05:18 Run 5 complete
2025/08/05 14:05:18 StationSystem update...
2025/08/05 14:05:18 weather update count: 900
2025/08/05 14:05:18 StationSystem update time: 5.998µs
2025/08/05 14:05:18 SatelliteSystem update...
2025/08/05 14:05:18 satellite count: 1600
2025/08/05 14:05:18 SatelliteSystem update time: 6.112966ms
2025/08/05 14:05:18 TopoSystem update...
2025/08/05 14:05:18 TopoSystem: Link count: 1440000
2025/08/05 14:05:18 TopoSystem update time: 22.874359ms
2025/08/05 14:05:18 AttenuationSystem update...
2025/08/05 14:05:18 AttenuationSystem parallel flag: 0
2025/08/05 14:05:18 Attenuation computed count: 1440000
2025/08/05 14:05:18 AttenuationSystem update time: 468.513919ms
2025/08/05 14:05:18 Run 6 complete
2025/08/05 14:05:18 StationSystem update...
2025/08/05 14:05:18 weather update count: 900
2025/08/05 14:05:18 StationSystem update time: 6.114µs
2025/08/05 14:05:18 SatelliteSystem update...
2025/08/05 14:05:18 satellite count: 1600
2025/08/05 14:05:18 SatelliteSystem update time: 6.060826ms
2025/08/05 14:05:18 TopoSystem update...
2025/08/05 14:05:18 TopoSystem: Link count: 1440000
2025/08/05 14:05:18 TopoSystem update time: 23.286626ms
2025/08/05 14:05:18 AttenuationSystem update...
2025/08/05 14:05:18 AttenuationSystem parallel flag: 0
2025/08/05 14:05:19 Attenuation computed count: 1440000
2025/08/05 14:05:19 AttenuationSystem update time: 414.402203ms
2025/08/05 14:05:19 Run 7 complete
2025/08/05 14:05:19 StationSystem update...
2025/08/05 14:05:19 weather update count: 900
2025/08/05 14:05:19 StationSystem update time: 6.513µs
2025/08/05 14:05:19 SatelliteSystem update...
2025/08/05 14:05:19 satellite count: 1600
2025/08/05 14:05:19 SatelliteSystem update time: 6.085633ms
2025/08/05 14:05:19 TopoSystem update...
2025/08/05 14:05:19 TopoSystem: Link count: 1440000
2025/08/05 14:05:19 TopoSystem update time: 24.147568ms
2025/08/05 14:05:19 AttenuationSystem update...
2025/08/05 14:05:19 AttenuationSystem parallel flag: 0
2025/08/05 14:05:19 Attenuation computed count: 1440000
2025/08/05 14:05:19 AttenuationSystem update time: 418.856501ms
2025/08/05 14:05:19 Run 8 complete
2025/08/05 14:05:19 StationSystem update...
2025/08/05 14:05:19 weather update count: 900
2025/08/05 14:05:19 StationSystem update time: 5.849µs
2025/08/05 14:05:19 SatelliteSystem update...
2025/08/05 14:05:19 satellite count: 1600
2025/08/05 14:05:19 SatelliteSystem update time: 6.085238ms
2025/08/05 14:05:19 TopoSystem update...
2025/08/05 14:05:19 TopoSystem: Link count: 1440000
2025/08/05 14:05:19 TopoSystem update time: 23.499553ms
2025/08/05 14:05:19 AttenuationSystem update...
2025/08/05 14:05:19 AttenuationSystem parallel flag: 0
2025/08/05 14:05:20 Attenuation computed count: 1440000
2025/08/05 14:05:20 AttenuationSystem update time: 416.351442ms
2025/08/05 14:05:20 Run 9 complete
2025/08/05 14:05:20 StationSystem update...
2025/08/05 14:05:20 weather update count: 900
2025/08/05 14:05:20 StationSystem update time: 6.01µs
2025/08/05 14:05:20 SatelliteSystem update...
2025/08/05 14:05:20 satellite count: 1600
2025/08/05 14:05:20 SatelliteSystem update time: 6.071972ms
2025/08/05 14:05:20 TopoSystem update...
2025/08/05 14:05:20 TopoSystem: Link count: 1440000
2025/08/05 14:05:20 TopoSystem update time: 22.210638ms
2025/08/05 14:05:20 AttenuationSystem update...
2025/08/05 14:05:20 AttenuationSystem parallel flag: 0
2025/08/05 14:05:20 Attenuation computed count: 1440000
2025/08/05 14:05:20 AttenuationSystem update time: 443.97897ms
2025/08/05 14:05:20 Run 10 complete
2025/08/05 14:05:20 Total update time:  4.787451909s
2025/08/05 14:05:20 linkCache size: 40

 Performance counter stats for './scale_ecs 900 1600 10 4 8 0':

        31,792,296      cache-references                                                      
         8,570,439      cache-misses                     #   26.96% of all cache refs         

       4.798600753 seconds time elapsed

      33.368745000 seconds user
       0.162047000 seconds sys


