ECS running with 900 stations, 600 satellites, 4 numWGs and 8 numBlocks for 10 rounds in 0 parallel pattern
2025/08/05 13:42:45 StationSystem update...
2025/08/05 13:42:45 SatelliteSystem update...
2025/08/05 13:42:45 weather update count: 900
2025/08/05 13:42:45 StationSystem update time: 92.011µs
2025/08/05 13:42:45 satellite count: 600
2025/08/05 13:42:45 SatelliteSystem update time: 2.35547ms
2025/08/05 13:42:45 TopoSystem update...
2025/08/05 13:42:45 TopoSystem: Link count: 540000
2025/08/05 13:42:45 TopoSystem update time: 22.351575ms
2025/08/05 13:42:45 AttenuationSystem update...
2025/08/05 13:42:45 AttenuationSystem parallel flag: 0
2025/08/05 13:42:45 Attenuation computed count: 540000
2025/08/05 13:42:45 AttenuationSystem update time: 174.567283ms
2025/08/05 13:42:45 Run 1 complete
2025/08/05 13:42:45 StationSystem update...
2025/08/05 13:42:45 weather update count: 900
2025/08/05 13:42:45 StationSystem update time: 9.775µs
2025/08/05 13:42:45 SatelliteSystem update...
2025/08/05 13:42:45 satellite count: 600
2025/08/05 13:42:45 SatelliteSystem update time: 2.845958ms
2025/08/05 13:42:45 TopoSystem update...
2025/08/05 13:42:45 TopoSystem: Link count: 540000
2025/08/05 13:42:45 TopoSystem update time: 18.711572ms
2025/08/05 13:42:45 AttenuationSystem update...
2025/08/05 13:42:45 AttenuationSystem parallel flag: 0
2025/08/05 13:42:45 Attenuation computed count: 540000
2025/08/05 13:42:45 AttenuationSystem update time: 179.034344ms
2025/08/05 13:42:45 Run 2 complete
2025/08/05 13:42:45 StationSystem update...
2025/08/05 13:42:45 weather update count: 900
2025/08/05 13:42:45 StationSystem update time: 8.707µs
2025/08/05 13:42:45 SatelliteSystem update...
2025/08/05 13:42:45 satellite count: 600
2025/08/05 13:42:45 SatelliteSystem update time: 2.329025ms
2025/08/05 13:42:45 TopoSystem update...
2025/08/05 13:42:45 TopoSystem: Link count: 540000
2025/08/05 13:42:45 TopoSystem update time: 11.017312ms
2025/08/05 13:42:45 AttenuationSystem update...
2025/08/05 13:42:45 AttenuationSystem parallel flag: 0
2025/08/05 13:42:46 Attenuation computed count: 540000
2025/08/05 13:42:46 AttenuationSystem update time: 181.747672ms
2025/08/05 13:42:46 Run 3 complete
2025/08/05 13:42:46 StationSystem update...
2025/08/05 13:42:46 weather update count: 900
2025/08/05 13:42:46 StationSystem update time: 13.4µs
2025/08/05 13:42:46 SatelliteSystem update...
2025/08/05 13:42:46 satellite count: 600
2025/08/05 13:42:46 SatelliteSystem update time: 2.320607ms
2025/08/05 13:42:46 TopoSystem update...
2025/08/05 13:42:46 TopoSystem: Link count: 540000
2025/08/05 13:42:46 TopoSystem update time: 10.584227ms
2025/08/05 13:42:46 AttenuationSystem update...
2025/08/05 13:42:46 AttenuationSystem parallel flag: 0
2025/08/05 13:42:46 Attenuation computed count: 540000
2025/08/05 13:42:46 AttenuationSystem update time: 177.999561ms
2025/08/05 13:42:46 Run 4 complete
2025/08/05 13:42:46 StationSystem update...
2025/08/05 13:42:46 weather update count: 900
2025/08/05 13:42:46 StationSystem update time: 9.334µs
2025/08/05 13:42:46 SatelliteSystem update...
2025/08/05 13:42:46 satellite count: 600
2025/08/05 13:42:46 SatelliteSystem update time: 2.351571ms
2025/08/05 13:42:46 TopoSystem update...
2025/08/05 13:42:46 TopoSystem: Link count: 540000
2025/08/05 13:42:46 TopoSystem update time: 10.954281ms
2025/08/05 13:42:46 AttenuationSystem update...
2025/08/05 13:42:46 AttenuationSystem parallel flag: 0
2025/08/05 13:42:46 Attenuation computed count: 540000
2025/08/05 13:42:46 AttenuationSystem update time: 179.572247ms
2025/08/05 13:42:46 Run 5 complete
2025/08/05 13:42:46 StationSystem update...
2025/08/05 13:42:46 weather update count: 900
2025/08/05 13:42:46 StationSystem update time: 8.627µs
2025/08/05 13:42:46 SatelliteSystem update...
2025/08/05 13:42:46 satellite count: 600
2025/08/05 13:42:46 SatelliteSystem update time: 2.345871ms
2025/08/05 13:42:46 TopoSystem update...
2025/08/05 13:42:46 TopoSystem: Link count: 540000
2025/08/05 13:42:46 TopoSystem update time: 10.789033ms
2025/08/05 13:42:46 AttenuationSystem update...
2025/08/05 13:42:46 AttenuationSystem parallel flag: 0
2025/08/05 13:42:46 Attenuation computed count: 540000
2025/08/05 13:42:46 AttenuationSystem update time: 191.091306ms
2025/08/05 13:42:46 Run 6 complete
2025/08/05 13:42:46 StationSystem update...
2025/08/05 13:42:46 weather update count: 900
2025/08/05 13:42:46 StationSystem update time: 8.629µs
2025/08/05 13:42:46 SatelliteSystem update...
2025/08/05 13:42:46 satellite count: 600
2025/08/05 13:42:46 SatelliteSystem update time: 3.112969ms
2025/08/05 13:42:46 TopoSystem update...
2025/08/05 13:42:46 TopoSystem: Link count: 540000
2025/08/05 13:42:46 TopoSystem update time: 10.908124ms
2025/08/05 13:42:46 AttenuationSystem update...
2025/08/05 13:42:46 AttenuationSystem parallel flag: 0
2025/08/05 13:42:46 Attenuation computed count: 540000
2025/08/05 13:42:46 AttenuationSystem update time: 173.942498ms
2025/08/05 13:42:46 Run 7 complete
2025/08/05 13:42:46 StationSystem update...
2025/08/05 13:42:46 weather update count: 900
2025/08/05 13:42:46 StationSystem update time: 10.725µs
2025/08/05 13:42:46 SatelliteSystem update...
2025/08/05 13:42:46 satellite count: 600
2025/08/05 13:42:46 SatelliteSystem update time: 3.472454ms
2025/08/05 13:42:46 TopoSystem update...
2025/08/05 13:42:46 TopoSystem: Link count: 540000
2025/08/05 13:42:46 TopoSystem update time: 13.47633ms
2025/08/05 13:42:46 AttenuationSystem update...
2025/08/05 13:42:46 AttenuationSystem parallel flag: 0
2025/08/05 13:42:47 Attenuation computed count: 540000
2025/08/05 13:42:47 AttenuationSystem update time: 204.147491ms
2025/08/05 13:42:47 Run 8 complete
2025/08/05 13:42:47 StationSystem update...
2025/08/05 13:42:47 weather update count: 900
2025/08/05 13:42:47 StationSystem update time: 29.549µs
2025/08/05 13:42:47 SatelliteSystem update...
2025/08/05 13:42:47 satellite count: 600
2025/08/05 13:42:47 SatelliteSystem update time: 2.605193ms
2025/08/05 13:42:47 TopoSystem update...
2025/08/05 13:42:47 TopoSystem: Link count: 540000
2025/08/05 13:42:47 TopoSystem update time: 35.418709ms
2025/08/05 13:42:47 AttenuationSystem update...
2025/08/05 13:42:47 AttenuationSystem parallel flag: 0
2025/08/05 13:42:47 Attenuation computed count: 540000
2025/08/05 13:42:47 AttenuationSystem update time: 209.779392ms
2025/08/05 13:42:47 Run 9 complete
2025/08/05 13:42:47 StationSystem update...
2025/08/05 13:42:47 weather update count: 900
2025/08/05 13:42:47 StationSystem update time: 11.052µs
2025/08/05 13:42:47 SatelliteSystem update...
2025/08/05 13:42:47 satellite count: 600
2025/08/05 13:42:47 SatelliteSystem update time: 2.37888ms
2025/08/05 13:42:47 TopoSystem update...
2025/08/05 13:42:47 TopoSystem: Link count: 540000
2025/08/05 13:42:47 TopoSystem update time: 14.094789ms
2025/08/05 13:42:47 AttenuationSystem update...
2025/08/05 13:42:47 AttenuationSystem parallel flag: 0
2025/08/05 13:42:47 Attenuation computed count: 540000
2025/08/05 13:42:47 AttenuationSystem update time: 196.639077ms
2025/08/05 13:42:47 Run 10 complete
2025/08/05 13:42:47 Total update time:  2.061578331s
2025/08/05 13:42:47 linkCache size: 40

 Performance counter stats for './scale_ecs 900 600 10 4 8 0':

        12,887,428      cache-references                                                      
         3,090,096      cache-misses                     #   23.98% of all cache refs         

       2.070632069 seconds time elapsed

      13.368401000 seconds user
       0.125871000 seconds sys


