ECS running with 1000 stations, 1600 satellites, 8 numWGs and 2 numBlocks for 10 rounds in 0 parallel pattern
2025/08/05 14:47:35 StationSystem update...
2025/08/05 14:47:35 weather update count: 1000
2025/08/05 14:47:35 SatelliteSystem update...
2025/08/05 14:47:35 StationSystem update time: 5.077µs
2025/08/05 14:47:35 satellite count: 1600
2025/08/05 14:47:35 SatelliteSystem update time: 6.067291ms
2025/08/05 14:47:35 TopoSystem update...
2025/08/05 14:47:35 TopoSystem: Link count: 1600000
2025/08/05 14:47:35 TopoSystem update time: 49.287684ms
2025/08/05 14:47:35 AttenuationSystem update...
2025/08/05 14:47:35 AttenuationSystem parallel flag: 0
2025/08/05 14:47:37 Attenuation computed count: 1600000
2025/08/05 14:47:37 AttenuationSystem update time: 1.836663583s
2025/08/05 14:47:37 Run 1 complete
2025/08/05 14:47:37 StationSystem update...
2025/08/05 14:47:37 weather update count: 1000
2025/08/05 14:47:37 StationSystem update time: 27.602µs
2025/08/05 14:47:37 SatelliteSystem update...
2025/08/05 14:47:37 satellite count: 1600
2025/08/05 14:47:37 SatelliteSystem update time: 17.72936ms
2025/08/05 14:47:37 TopoSystem update...
2025/08/05 14:47:37 TopoSystem: Link count: 1600000
2025/08/05 14:47:37 TopoSystem update time: 70.886713ms
2025/08/05 14:47:37 AttenuationSystem update...
2025/08/05 14:47:37 AttenuationSystem parallel flag: 0
2025/08/05 14:47:39 Attenuation computed count: 1600000
2025/08/05 14:47:39 AttenuationSystem update time: 1.826329315s
2025/08/05 14:47:39 Run 2 complete
2025/08/05 14:47:39 StationSystem update...
2025/08/05 14:47:39 weather update count: 1000
2025/08/05 14:47:39 StationSystem update time: 6.209µs
2025/08/05 14:47:39 SatelliteSystem update...
2025/08/05 14:47:39 satellite count: 1600
2025/08/05 14:47:39 SatelliteSystem update time: 15.187763ms
2025/08/05 14:47:39 TopoSystem update...
2025/08/05 14:47:39 TopoSystem: Link count: 1600000
2025/08/05 14:47:39 TopoSystem update time: 84.52099ms
2025/08/05 14:47:39 AttenuationSystem update...
2025/08/05 14:47:39 AttenuationSystem parallel flag: 0
2025/08/05 14:47:41 Attenuation computed count: 1600000
2025/08/05 14:47:41 AttenuationSystem update time: 1.782024052s
2025/08/05 14:47:41 Run 3 complete
2025/08/05 14:47:41 StationSystem update...
2025/08/05 14:47:41 weather update count: 1000
2025/08/05 14:47:41 StationSystem update time: 10.4µs
2025/08/05 14:47:41 SatelliteSystem update...
2025/08/05 14:47:41 satellite count: 1600
2025/08/05 14:47:41 SatelliteSystem update time: 6.790776ms
2025/08/05 14:47:41 TopoSystem update...
2025/08/05 14:47:41 TopoSystem: Link count: 1600000
2025/08/05 14:47:41 TopoSystem update time: 80.803517ms
2025/08/05 14:47:41 AttenuationSystem update...
2025/08/05 14:47:41 AttenuationSystem parallel flag: 0
2025/08/05 14:47:43 Attenuation computed count: 1600000
2025/08/05 14:47:43 AttenuationSystem update time: 1.866490256s
2025/08/05 14:47:43 Run 4 complete
2025/08/05 14:47:43 StationSystem update...
2025/08/05 14:47:43 weather update count: 1000
2025/08/05 14:47:43 StationSystem update time: 18.761µs
2025/08/05 14:47:43 SatelliteSystem update...
2025/08/05 14:47:43 satellite count: 1600
2025/08/05 14:47:43 SatelliteSystem update time: 7.19843ms
2025/08/05 14:47:43 TopoSystem update...
2025/08/05 14:47:43 TopoSystem: Link count: 1600000
2025/08/05 14:47:43 TopoSystem update time: 70.710011ms
2025/08/05 14:47:43 AttenuationSystem update...
2025/08/05 14:47:43 AttenuationSystem parallel flag: 0
2025/08/05 14:47:45 Attenuation computed count: 1600000
2025/08/05 14:47:45 AttenuationSystem update time: 1.845533459s
2025/08/05 14:47:45 Run 5 complete
2025/08/05 14:47:45 StationSystem update...
2025/08/05 14:47:45 weather update count: 1000
2025/08/05 14:47:45 StationSystem update time: 5.603µs
2025/08/05 14:47:45 SatelliteSystem update...
2025/08/05 14:47:45 satellite count: 1600
2025/08/05 14:47:45 SatelliteSystem update time: 6.075778ms
2025/08/05 14:47:45 TopoSystem update...
2025/08/05 14:47:45 TopoSystem: Link count: 1600000
2025/08/05 14:47:45 TopoSystem update time: 35.254123ms
2025/08/05 14:47:45 AttenuationSystem update...
2025/08/05 14:47:45 AttenuationSystem parallel flag: 0
2025/08/05 14:47:47 Attenuation computed count: 1600000
2025/08/05 14:47:47 AttenuationSystem update time: 1.644482159s
2025/08/05 14:47:47 Run 6 complete
2025/08/05 14:47:47 StationSystem update...
2025/08/05 14:47:47 weather update count: 1000
2025/08/05 14:47:47 StationSystem update time: 6.091µs
2025/08/05 14:47:47 SatelliteSystem update...
2025/08/05 14:47:47 satellite count: 1600
2025/08/05 14:47:47 SatelliteSystem update time: 4.513935ms
2025/08/05 14:47:47 TopoSystem update...
2025/08/05 14:47:47 TopoSystem: Link count: 1600000
2025/08/05 14:47:47 TopoSystem update time: 20.938557ms
2025/08/05 14:47:47 AttenuationSystem update...
2025/08/05 14:47:47 AttenuationSystem parallel flag: 0
2025/08/05 14:47:48 Attenuation computed count: 1600000
2025/08/05 14:47:48 AttenuationSystem update time: 1.87606328s
2025/08/05 14:47:48 Run 7 complete
2025/08/05 14:47:48 StationSystem update...
2025/08/05 14:47:49 weather update count: 1000
2025/08/05 14:47:49 StationSystem update time: 6.52µs
2025/08/05 14:47:49 SatelliteSystem update...
2025/08/05 14:47:49 satellite count: 1600
2025/08/05 14:47:49 SatelliteSystem update time: 6.048434ms
2025/08/05 14:47:49 TopoSystem update...
2025/08/05 14:47:49 TopoSystem: Link count: 1600000
2025/08/05 14:47:49 TopoSystem update time: 26.611835ms
2025/08/05 14:47:49 AttenuationSystem update...
2025/08/05 14:47:49 AttenuationSystem parallel flag: 0
2025/08/05 14:47:50 Attenuation computed count: 1600000
2025/08/05 14:47:50 AttenuationSystem update time: 1.872977398s
2025/08/05 14:47:50 Run 8 complete
2025/08/05 14:47:50 StationSystem update...
2025/08/05 14:47:50 weather update count: 1000
2025/08/05 14:47:50 StationSystem update time: 17.606µs
2025/08/05 14:47:50 SatelliteSystem update...
2025/08/05 14:47:50 satellite count: 1600
2025/08/05 14:47:50 SatelliteSystem update time: 6.619326ms
2025/08/05 14:47:50 TopoSystem update...
2025/08/05 14:47:50 TopoSystem: Link count: 1600000
2025/08/05 14:47:50 TopoSystem update time: 73.507103ms
2025/08/05 14:47:50 AttenuationSystem update...
2025/08/05 14:47:50 AttenuationSystem parallel flag: 0
2025/08/05 14:47:52 Attenuation computed count: 1600000
2025/08/05 14:47:52 AttenuationSystem update time: 1.719794472s
2025/08/05 14:47:52 Run 9 complete
2025/08/05 14:47:52 StationSystem update...
2025/08/05 14:47:52 weather update count: 1000
2025/08/05 14:47:52 StationSystem update time: 6.572µs
2025/08/05 14:47:52 SatelliteSystem update...
2025/08/05 14:47:52 satellite count: 1600
2025/08/05 14:47:52 SatelliteSystem update time: 15.149635ms
2025/08/05 14:47:52 TopoSystem update...
2025/08/05 14:47:52 TopoSystem: Link count: 1600000
2025/08/05 14:47:52 TopoSystem update time: 57.761901ms
2025/08/05 14:47:52 AttenuationSystem update...
2025/08/05 14:47:52 AttenuationSystem parallel flag: 0
2025/08/05 14:47:54 Attenuation computed count: 1600000
2025/08/05 14:47:54 AttenuationSystem update time: 1.851776238s
2025/08/05 14:47:54 Run 10 complete
2025/08/05 14:47:54 Total update time:  18.794616766s
2025/08/05 14:47:54 linkCache size: 40

 Performance counter stats for './scale_ecs 1000 1600 10 8 2 0':

        38,831,938      cache-references                                                      
        12,304,673      cache-misses                     #   31.69% of all cache refs         

      18.812051809 seconds time elapsed

      34.925448000 seconds user
       0.453382000 seconds sys


