ECS running with 900 stations, 900 satellites, 2 numWGs and 8 numBlocks for 10 rounds in 0 parallel pattern
2025/08/05 13:47:01 StationSystem update...
2025/08/05 13:47:01 SatelliteSystem update...
2025/08/05 13:47:01 weather update count: 900
2025/08/05 13:47:01 StationSystem update time: 78.854µs
2025/08/05 13:47:01 satellite count: 900
2025/08/05 13:47:01 SatelliteSystem update time: 3.437977ms
2025/08/05 13:47:01 TopoSystem update...
2025/08/05 13:47:01 TopoSystem: Link count: 810000
2025/08/05 13:47:01 TopoSystem update time: 27.709614ms
2025/08/05 13:47:01 AttenuationSystem update...
2025/08/05 13:47:01 AttenuationSystem parallel flag: 0
2025/08/05 13:47:02 Attenuation computed count: 810000
2025/08/05 13:47:02 AttenuationSystem update time: 265.200489ms
2025/08/05 13:47:02 Run 1 complete
2025/08/05 13:47:02 StationSystem update...
2025/08/05 13:47:02 weather update count: 900
2025/08/05 13:47:02 StationSystem update time: 5.786µs
2025/08/05 13:47:02 SatelliteSystem update...
2025/08/05 13:47:02 satellite count: 900
2025/08/05 13:47:02 SatelliteSystem update time: 3.452791ms
2025/08/05 13:47:02 TopoSystem update...
2025/08/05 13:47:02 TopoSystem: Link count: 810000
2025/08/05 13:47:02 TopoSystem update time: 23.857593ms
2025/08/05 13:47:02 AttenuationSystem update...
2025/08/05 13:47:02 AttenuationSystem parallel flag: 0
2025/08/05 13:47:02 Attenuation computed count: 810000
2025/08/05 13:47:02 AttenuationSystem update time: 242.899035ms
2025/08/05 13:47:02 Run 2 complete
2025/08/05 13:47:02 StationSystem update...
2025/08/05 13:47:02 weather update count: 900
2025/08/05 13:47:02 StationSystem update time: 5.748µs
2025/08/05 13:47:02 SatelliteSystem update...
2025/08/05 13:47:02 satellite count: 900
2025/08/05 13:47:02 SatelliteSystem update time: 3.435412ms
2025/08/05 13:47:02 TopoSystem update...
2025/08/05 13:47:02 TopoSystem: Link count: 810000
2025/08/05 13:47:02 TopoSystem update time: 13.015019ms
2025/08/05 13:47:02 AttenuationSystem update...
2025/08/05 13:47:02 AttenuationSystem parallel flag: 0
2025/08/05 13:47:02 Attenuation computed count: 810000
2025/08/05 13:47:02 AttenuationSystem update time: 241.857756ms
2025/08/05 13:47:02 Run 3 complete
2025/08/05 13:47:02 StationSystem update...
2025/08/05 13:47:02 weather update count: 900
2025/08/05 13:47:02 StationSystem update time: 5.884µs
2025/08/05 13:47:02 SatelliteSystem update...
2025/08/05 13:47:02 satellite count: 900
2025/08/05 13:47:02 SatelliteSystem update time: 3.423001ms
2025/08/05 13:47:02 TopoSystem update...
2025/08/05 13:47:02 TopoSystem: Link count: 810000
2025/08/05 13:47:02 TopoSystem update time: 12.874775ms
2025/08/05 13:47:02 AttenuationSystem update...
2025/08/05 13:47:02 AttenuationSystem parallel flag: 0
2025/08/05 13:47:02 Attenuation computed count: 810000
2025/08/05 13:47:02 AttenuationSystem update time: 261.643034ms
2025/08/05 13:47:02 Run 4 complete
2025/08/05 13:47:02 StationSystem update...
2025/08/05 13:47:02 weather update count: 900
2025/08/05 13:47:02 StationSystem update time: 6.809µs
2025/08/05 13:47:02 SatelliteSystem update...
2025/08/05 13:47:02 satellite count: 900
2025/08/05 13:47:02 SatelliteSystem update time: 3.433255ms
2025/08/05 13:47:02 TopoSystem update...
2025/08/05 13:47:02 TopoSystem: Link count: 810000
2025/08/05 13:47:02 TopoSystem update time: 13.175719ms
2025/08/05 13:47:02 AttenuationSystem update...
2025/08/05 13:47:02 AttenuationSystem parallel flag: 0
2025/08/05 13:47:03 Attenuation computed count: 810000
2025/08/05 13:47:03 AttenuationSystem update time: 284.402413ms
2025/08/05 13:47:03 Run 5 complete
2025/08/05 13:47:03 StationSystem update...
2025/08/05 13:47:03 weather update count: 900
2025/08/05 13:47:03 StationSystem update time: 10.384µs
2025/08/05 13:47:03 SatelliteSystem update...
2025/08/05 13:47:03 satellite count: 900
2025/08/05 13:47:03 SatelliteSystem update time: 3.702271ms
2025/08/05 13:47:03 TopoSystem update...
2025/08/05 13:47:03 TopoSystem: Link count: 810000
2025/08/05 13:47:03 TopoSystem update time: 25.172261ms
2025/08/05 13:47:03 AttenuationSystem update...
2025/08/05 13:47:03 AttenuationSystem parallel flag: 0
2025/08/05 13:47:03 Attenuation computed count: 810000
2025/08/05 13:47:03 AttenuationSystem update time: 261.920259ms
2025/08/05 13:47:03 Run 6 complete
2025/08/05 13:47:03 StationSystem update...
2025/08/05 13:47:03 weather update count: 900
2025/08/05 13:47:03 StationSystem update time: 5.381µs
2025/08/05 13:47:03 SatelliteSystem update...
2025/08/05 13:47:03 satellite count: 900
2025/08/05 13:47:03 SatelliteSystem update time: 3.417757ms
2025/08/05 13:47:03 TopoSystem update...
2025/08/05 13:47:03 TopoSystem: Link count: 810000
2025/08/05 13:47:03 TopoSystem update time: 14.467677ms
2025/08/05 13:47:03 AttenuationSystem update...
2025/08/05 13:47:03 AttenuationSystem parallel flag: 0
2025/08/05 13:47:03 Attenuation computed count: 810000
2025/08/05 13:47:03 AttenuationSystem update time: 266.185582ms
2025/08/05 13:47:03 Run 7 complete
2025/08/05 13:47:03 StationSystem update...
2025/08/05 13:47:03 weather update count: 900
2025/08/05 13:47:03 StationSystem update time: 5.883µs
2025/08/05 13:47:03 SatelliteSystem update...
2025/08/05 13:47:03 satellite count: 900
2025/08/05 13:47:03 SatelliteSystem update time: 3.437226ms
2025/08/05 13:47:03 TopoSystem update...
2025/08/05 13:47:03 TopoSystem: Link count: 810000
2025/08/05 13:47:03 TopoSystem update time: 13.190319ms
2025/08/05 13:47:03 AttenuationSystem update...
2025/08/05 13:47:03 AttenuationSystem parallel flag: 0
2025/08/05 13:47:03 Attenuation computed count: 810000
2025/08/05 13:47:03 AttenuationSystem update time: 259.49265ms
2025/08/05 13:47:03 Run 8 complete
2025/08/05 13:47:03 StationSystem update...
2025/08/05 13:47:03 weather update count: 900
2025/08/05 13:47:03 StationSystem update time: 7.829µs
2025/08/05 13:47:03 SatelliteSystem update...
2025/08/05 13:47:03 satellite count: 900
2025/08/05 13:47:03 SatelliteSystem update time: 3.439545ms
2025/08/05 13:47:03 TopoSystem update...
2025/08/05 13:47:03 TopoSystem: Link count: 810000
2025/08/05 13:47:03 TopoSystem update time: 12.882176ms
2025/08/05 13:47:03 AttenuationSystem update...
2025/08/05 13:47:03 AttenuationSystem parallel flag: 0
2025/08/05 13:47:04 Attenuation computed count: 810000
2025/08/05 13:47:04 AttenuationSystem update time: 261.395926ms
2025/08/05 13:47:04 Run 9 complete
2025/08/05 13:47:04 StationSystem update...
2025/08/05 13:47:04 weather update count: 900
2025/08/05 13:47:04 StationSystem update time: 6.039µs
2025/08/05 13:47:04 SatelliteSystem update...
2025/08/05 13:47:04 satellite count: 900
2025/08/05 13:47:04 SatelliteSystem update time: 3.43463ms
2025/08/05 13:47:04 TopoSystem update...
2025/08/05 13:47:04 TopoSystem: Link count: 810000
2025/08/05 13:47:04 TopoSystem update time: 13.438412ms
2025/08/05 13:47:04 AttenuationSystem update...
2025/08/05 13:47:04 AttenuationSystem parallel flag: 0
2025/08/05 13:47:04 Attenuation computed count: 810000
2025/08/05 13:47:04 AttenuationSystem update time: 252.378356ms
2025/08/05 13:47:04 Run 10 complete
2025/08/05 13:47:04 Total update time:  2.810569329s
2025/08/05 13:47:04 linkCache size: 40

 Performance counter stats for './scale_ecs 900 900 10 2 8 0':

        18,048,160      cache-references                                                      
         4,087,514      cache-misses                     #   22.65% of all cache refs         

       2.818732849 seconds time elapsed

      19.410440000 seconds user
       0.098925000 seconds sys


