ECS running with 700 stations, 2000 satellites, 8 numWGs and 8 numBlocks for 10 rounds in 0 parallel pattern
2025/08/05 13:05:00 StationSystem update...
2025/08/05 13:05:00 weather update count: 700
2025/08/05 13:05:00 SatelliteSystem update...
2025/08/05 13:05:00 StationSystem update time: 6.26µs
2025/08/05 13:05:00 satellite count: 2000
2025/08/05 13:05:00 SatelliteSystem update time: 7.595853ms
2025/08/05 13:05:00 TopoSystem update...
2025/08/05 13:05:00 TopoSystem: Link count: 1400000
2025/08/05 13:05:00 TopoSystem update time: 45.47633ms
2025/08/05 13:05:00 AttenuationSystem update...
2025/08/05 13:05:00 AttenuationSystem parallel flag: 0
2025/08/05 13:05:00 Attenuation computed count: 1400000
2025/08/05 13:05:00 AttenuationSystem update time: 413.192606ms
2025/08/05 13:05:00 Run 1 complete
2025/08/05 13:05:00 StationSystem update...
2025/08/05 13:05:00 weather update count: 700
2025/08/05 13:05:00 StationSystem update time: 4.523µs
2025/08/05 13:05:00 SatelliteSystem update...
2025/08/05 13:05:00 satellite count: 2000
2025/08/05 13:05:00 SatelliteSystem update time: 7.564955ms
2025/08/05 13:05:00 TopoSystem update...
2025/08/05 13:05:00 TopoSystem: Link count: 1400000
2025/08/05 13:05:00 TopoSystem update time: 39.956854ms
2025/08/05 13:05:00 AttenuationSystem update...
2025/08/05 13:05:00 AttenuationSystem parallel flag: 0
2025/08/05 13:05:01 Attenuation computed count: 1400000
2025/08/05 13:05:01 AttenuationSystem update time: 433.383438ms
2025/08/05 13:05:01 Run 2 complete
2025/08/05 13:05:01 StationSystem update...
2025/08/05 13:05:01 weather update count: 700
2025/08/05 13:05:01 StationSystem update time: 4.775µs
2025/08/05 13:05:01 SatelliteSystem update...
2025/08/05 13:05:01 satellite count: 2000
2025/08/05 13:05:01 SatelliteSystem update time: 7.617908ms
2025/08/05 13:05:01 TopoSystem update...
2025/08/05 13:05:01 TopoSystem: Link count: 1400000
2025/08/05 13:05:01 TopoSystem update time: 22.280158ms
2025/08/05 13:05:01 AttenuationSystem update...
2025/08/05 13:05:01 AttenuationSystem parallel flag: 0
2025/08/05 13:05:01 Attenuation computed count: 1400000
2025/08/05 13:05:01 AttenuationSystem update time: 443.135014ms
2025/08/05 13:05:01 Run 3 complete
2025/08/05 13:05:01 StationSystem update...
2025/08/05 13:05:01 weather update count: 700
2025/08/05 13:05:01 StationSystem update time: 12.691µs
2025/08/05 13:05:01 SatelliteSystem update...
2025/08/05 13:05:01 satellite count: 2000
2025/08/05 13:05:01 SatelliteSystem update time: 9.422322ms
2025/08/05 13:05:01 TopoSystem update...
2025/08/05 13:05:01 TopoSystem: Link count: 1400000
2025/08/05 13:05:01 TopoSystem update time: 72.008688ms
2025/08/05 13:05:01 AttenuationSystem update...
2025/08/05 13:05:01 AttenuationSystem parallel flag: 0
2025/08/05 13:05:02 Attenuation computed count: 1400000
2025/08/05 13:05:02 AttenuationSystem update time: 439.674454ms
2025/08/05 13:05:02 Run 4 complete
2025/08/05 13:05:02 StationSystem update...
2025/08/05 13:05:02 weather update count: 700
2025/08/05 13:05:02 StationSystem update time: 5.375µs
2025/08/05 13:05:02 SatelliteSystem update...
2025/08/05 13:05:02 satellite count: 2000
2025/08/05 13:05:02 SatelliteSystem update time: 7.626311ms
2025/08/05 13:05:02 TopoSystem update...
2025/08/05 13:05:02 TopoSystem: Link count: 1400000
2025/08/05 13:05:02 TopoSystem update time: 34.249585ms
2025/08/05 13:05:02 AttenuationSystem update...
2025/08/05 13:05:02 AttenuationSystem parallel flag: 0
2025/08/05 13:05:02 Attenuation computed count: 1400000
2025/08/05 13:05:02 AttenuationSystem update time: 408.384701ms
2025/08/05 13:05:02 Run 5 complete
2025/08/05 13:05:02 StationSystem update...
2025/08/05 13:05:02 weather update count: 700
2025/08/05 13:05:02 StationSystem update time: 4.843µs
2025/08/05 13:05:02 SatelliteSystem update...
2025/08/05 13:05:02 satellite count: 2000
2025/08/05 13:05:02 SatelliteSystem update time: 7.558276ms
2025/08/05 13:05:02 TopoSystem update...
2025/08/05 13:05:02 TopoSystem: Link count: 1400000
2025/08/05 13:05:02 TopoSystem update time: 21.766367ms
2025/08/05 13:05:02 AttenuationSystem update...
2025/08/05 13:05:02 AttenuationSystem parallel flag: 0
2025/08/05 13:05:02 Attenuation computed count: 1400000
2025/08/05 13:05:02 AttenuationSystem update time: 434.092117ms
2025/08/05 13:05:02 Run 6 complete
2025/08/05 13:05:02 StationSystem update...
2025/08/05 13:05:02 weather update count: 700
2025/08/05 13:05:02 StationSystem update time: 5.45µs
2025/08/05 13:05:02 SatelliteSystem update...
2025/08/05 13:05:02 satellite count: 2000
2025/08/05 13:05:02 SatelliteSystem update time: 7.581967ms
2025/08/05 13:05:02 TopoSystem update...
2025/08/05 13:05:02 TopoSystem: Link count: 1400000
2025/08/05 13:05:02 TopoSystem update time: 22.751486ms
2025/08/05 13:05:02 AttenuationSystem update...
2025/08/05 13:05:02 AttenuationSystem parallel flag: 0
2025/08/05 13:05:03 Attenuation computed count: 1400000
2025/08/05 13:05:03 AttenuationSystem update time: 411.499525ms
2025/08/05 13:05:03 Run 7 complete
2025/08/05 13:05:03 StationSystem update...
2025/08/05 13:05:03 weather update count: 700
2025/08/05 13:05:03 StationSystem update time: 6.997µs
2025/08/05 13:05:03 SatelliteSystem update...
2025/08/05 13:05:03 satellite count: 2000
2025/08/05 13:05:03 SatelliteSystem update time: 7.567059ms
2025/08/05 13:05:03 TopoSystem update...
2025/08/05 13:05:03 TopoSystem: Link count: 1400000
2025/08/05 13:05:03 TopoSystem update time: 22.141143ms
2025/08/05 13:05:03 AttenuationSystem update...
2025/08/05 13:05:03 AttenuationSystem parallel flag: 0
2025/08/05 13:05:03 Attenuation computed count: 1400000
2025/08/05 13:05:03 AttenuationSystem update time: 439.544293ms
2025/08/05 13:05:03 Run 8 complete
2025/08/05 13:05:03 StationSystem update...
2025/08/05 13:05:03 weather update count: 700
2025/08/05 13:05:03 StationSystem update time: 5.704µs
2025/08/05 13:05:03 SatelliteSystem update...
2025/08/05 13:05:03 satellite count: 2000
2025/08/05 13:05:03 SatelliteSystem update time: 7.72584ms
2025/08/05 13:05:03 TopoSystem update...
2025/08/05 13:05:03 TopoSystem: Link count: 1400000
2025/08/05 13:05:03 TopoSystem update time: 23.043618ms
2025/08/05 13:05:03 AttenuationSystem update...
2025/08/05 13:05:03 AttenuationSystem parallel flag: 0
2025/08/05 13:05:04 Attenuation computed count: 1400000
2025/08/05 13:05:04 AttenuationSystem update time: 431.532621ms
2025/08/05 13:05:04 Run 9 complete
2025/08/05 13:05:04 StationSystem update...
2025/08/05 13:05:04 weather update count: 700
2025/08/05 13:05:04 StationSystem update time: 4.679µs
2025/08/05 13:05:04 SatelliteSystem update...
2025/08/05 13:05:04 satellite count: 2000
2025/08/05 13:05:04 SatelliteSystem update time: 7.916895ms
2025/08/05 13:05:04 TopoSystem update...
2025/08/05 13:05:04 TopoSystem: Link count: 1400000
2025/08/05 13:05:04 TopoSystem update time: 23.716905ms
2025/08/05 13:05:04 AttenuationSystem update...
2025/08/05 13:05:04 AttenuationSystem parallel flag: 0
2025/08/05 13:05:04 Attenuation computed count: 1400000
2025/08/05 13:05:04 AttenuationSystem update time: 428.004198ms
2025/08/05 13:05:04 Run 10 complete
2025/08/05 13:05:04 Total update time:  4.701916481s
2025/08/05 13:05:04 linkCache size: 40

 Performance counter stats for './scale_ecs 700 2000 10 8 8 0':

        31,666,111      cache-references                                                      
         8,363,964      cache-misses                     #   26.41% of all cache refs         

       4.722246889 seconds time elapsed

      31.874440000 seconds user
       0.173991000 seconds sys


