ECS running with 600 stations, 1800 satellites, 4 numWGs and 4 numBlocks for 10 rounds in 0 parallel pattern
2025/08/05 12:28:34 StationSystem update...
2025/08/05 12:28:34 weather update count: 600
2025/08/05 12:28:34 SatelliteSystem update...
2025/08/05 12:28:34 StationSystem update time: 5.088µs
2025/08/05 12:28:34 satellite count: 1800
2025/08/05 12:28:34 SatelliteSystem update time: 6.808055ms
2025/08/05 12:28:34 TopoSystem update...
2025/08/05 12:28:34 TopoSystem: Link count: 1080000
2025/08/05 12:28:34 TopoSystem update time: 33.9696ms
2025/08/05 12:28:34 AttenuationSystem update...
2025/08/05 12:28:34 AttenuationSystem parallel flag: 0
2025/08/05 12:28:35 Attenuation computed count: 1080000
2025/08/05 12:28:35 AttenuationSystem update time: 609.317288ms
2025/08/05 12:28:35 Run 1 complete
2025/08/05 12:28:35 StationSystem update...
2025/08/05 12:28:35 weather update count: 600
2025/08/05 12:28:35 StationSystem update time: 4.974µs
2025/08/05 12:28:35 SatelliteSystem update...
2025/08/05 12:28:35 satellite count: 1800
2025/08/05 12:28:35 SatelliteSystem update time: 6.821454ms
2025/08/05 12:28:35 TopoSystem update...
2025/08/05 12:28:35 TopoSystem: Link count: 1080000
2025/08/05 12:28:35 TopoSystem update time: 27.087165ms
2025/08/05 12:28:35 AttenuationSystem update...
2025/08/05 12:28:35 AttenuationSystem parallel flag: 0
2025/08/05 12:28:35 Attenuation computed count: 1080000
2025/08/05 12:28:35 AttenuationSystem update time: 600.927607ms
2025/08/05 12:28:35 Run 2 complete
2025/08/05 12:28:35 StationSystem update...
2025/08/05 12:28:35 weather update count: 600
2025/08/05 12:28:35 StationSystem update time: 18.555µs
2025/08/05 12:28:35 SatelliteSystem update...
2025/08/05 12:28:35 satellite count: 1800
2025/08/05 12:28:35 SatelliteSystem update time: 7.36239ms
2025/08/05 12:28:35 TopoSystem update...
2025/08/05 12:28:35 TopoSystem: Link count: 1080000
2025/08/05 12:28:35 TopoSystem update time: 47.222148ms
2025/08/05 12:28:35 AttenuationSystem update...
2025/08/05 12:28:35 AttenuationSystem parallel flag: 0
2025/08/05 12:28:36 Attenuation computed count: 1080000
2025/08/05 12:28:36 AttenuationSystem update time: 649.409205ms
2025/08/05 12:28:36 Run 3 complete
2025/08/05 12:28:36 StationSystem update...
2025/08/05 12:28:36 weather update count: 600
2025/08/05 12:28:36 StationSystem update time: 5.909µs
2025/08/05 12:28:36 SatelliteSystem update...
2025/08/05 12:28:36 satellite count: 1800
2025/08/05 12:28:36 SatelliteSystem update time: 6.808568ms
2025/08/05 12:28:36 TopoSystem update...
2025/08/05 12:28:36 TopoSystem: Link count: 1080000
2025/08/05 12:28:36 TopoSystem update time: 35.445955ms
2025/08/05 12:28:36 AttenuationSystem update...
2025/08/05 12:28:36 AttenuationSystem parallel flag: 0
2025/08/05 12:28:37 Attenuation computed count: 1080000
2025/08/05 12:28:37 AttenuationSystem update time: 543.216137ms
2025/08/05 12:28:37 Run 4 complete
2025/08/05 12:28:37 StationSystem update...
2025/08/05 12:28:37 weather update count: 600
2025/08/05 12:28:37 StationSystem update time: 4.617µs
2025/08/05 12:28:37 SatelliteSystem update...
2025/08/05 12:28:37 satellite count: 1800
2025/08/05 12:28:37 SatelliteSystem update time: 6.819981ms
2025/08/05 12:28:37 TopoSystem update...
2025/08/05 12:28:37 TopoSystem: Link count: 1080000
2025/08/05 12:28:37 TopoSystem update time: 16.128275ms
2025/08/05 12:28:37 AttenuationSystem update...
2025/08/05 12:28:37 AttenuationSystem parallel flag: 0
2025/08/05 12:28:37 Attenuation computed count: 1080000
2025/08/05 12:28:37 AttenuationSystem update time: 640.119808ms
2025/08/05 12:28:37 Run 5 complete
2025/08/05 12:28:37 StationSystem update...
2025/08/05 12:28:37 weather update count: 600
2025/08/05 12:28:37 StationSystem update time: 4.234µs
2025/08/05 12:28:37 SatelliteSystem update...
2025/08/05 12:28:37 satellite count: 1800
2025/08/05 12:28:37 SatelliteSystem update time: 6.807996ms
2025/08/05 12:28:37 TopoSystem update...
2025/08/05 12:28:37 TopoSystem: Link count: 1080000
2025/08/05 12:28:37 TopoSystem update time: 17.882665ms
2025/08/05 12:28:37 AttenuationSystem update...
2025/08/05 12:28:37 AttenuationSystem parallel flag: 0
2025/08/05 12:28:38 Attenuation computed count: 1080000
2025/08/05 12:28:38 AttenuationSystem update time: 614.983787ms
2025/08/05 12:28:38 Run 6 complete
2025/08/05 12:28:38 StationSystem update...
2025/08/05 12:28:38 weather update count: 600
2025/08/05 12:28:38 StationSystem update time: 4.349µs
2025/08/05 12:28:38 SatelliteSystem update...
2025/08/05 12:28:38 satellite count: 1800
2025/08/05 12:28:38 SatelliteSystem update time: 5.061141ms
2025/08/05 12:28:38 TopoSystem update...
2025/08/05 12:28:38 TopoSystem: Link count: 1080000
2025/08/05 12:28:38 TopoSystem update time: 18.418663ms
2025/08/05 12:28:38 AttenuationSystem update...
2025/08/05 12:28:38 AttenuationSystem parallel flag: 0
2025/08/05 12:28:39 Attenuation computed count: 1080000
2025/08/05 12:28:39 AttenuationSystem update time: 607.084202ms
2025/08/05 12:28:39 Run 7 complete
2025/08/05 12:28:39 StationSystem update...
2025/08/05 12:28:39 weather update count: 600
2025/08/05 12:28:39 StationSystem update time: 10.49µs
2025/08/05 12:28:39 SatelliteSystem update...
2025/08/05 12:28:39 satellite count: 1800
2025/08/05 12:28:39 SatelliteSystem update time: 8.463442ms
2025/08/05 12:28:39 TopoSystem update...
2025/08/05 12:28:39 TopoSystem: Link count: 1080000
2025/08/05 12:28:39 TopoSystem update time: 54.22082ms
2025/08/05 12:28:39 AttenuationSystem update...
2025/08/05 12:28:39 AttenuationSystem parallel flag: 0
2025/08/05 12:28:39 Attenuation computed count: 1080000
2025/08/05 12:28:39 AttenuationSystem update time: 615.458404ms
2025/08/05 12:28:39 Run 8 complete
2025/08/05 12:28:39 StationSystem update...
2025/08/05 12:28:39 weather update count: 600
2025/08/05 12:28:39 StationSystem update time: 4.748µs
2025/08/05 12:28:39 SatelliteSystem update...
2025/08/05 12:28:39 satellite count: 1800
2025/08/05 12:28:39 SatelliteSystem update time: 6.822277ms
2025/08/05 12:28:39 TopoSystem update...
2025/08/05 12:28:39 TopoSystem: Link count: 1080000
2025/08/05 12:28:39 TopoSystem update time: 29.499107ms
2025/08/05 12:28:39 AttenuationSystem update...
2025/08/05 12:28:39 AttenuationSystem parallel flag: 0
2025/08/05 12:28:40 Attenuation computed count: 1080000
2025/08/05 12:28:40 AttenuationSystem update time: 626.202955ms
2025/08/05 12:28:40 Run 9 complete
2025/08/05 12:28:40 StationSystem update...
2025/08/05 12:28:40 weather update count: 600
2025/08/05 12:28:40 StationSystem update time: 4.435µs
2025/08/05 12:28:40 SatelliteSystem update...
2025/08/05 12:28:40 satellite count: 1800
2025/08/05 12:28:40 SatelliteSystem update time: 6.814936ms
2025/08/05 12:28:40 TopoSystem update...
2025/08/05 12:28:40 TopoSystem: Link count: 1080000
2025/08/05 12:28:40 TopoSystem update time: 14.750494ms
2025/08/05 12:28:40 AttenuationSystem update...
2025/08/05 12:28:40 AttenuationSystem parallel flag: 0
2025/08/05 12:28:41 Attenuation computed count: 1080000
2025/08/05 12:28:41 AttenuationSystem update time: 586.116948ms
2025/08/05 12:28:41 Run 10 complete
2025/08/05 12:28:41 Total update time:  6.470238983s
2025/08/05 12:28:41 linkCache size: 40

 Performance counter stats for './scale_ecs 600 1800 10 4 4 0':

        25,376,716      cache-references                                                      
         7,044,834      cache-misses                     #   27.76% of all cache refs         

       6.484897251 seconds time elapsed

      22.977678000 seconds user
       0.189137000 seconds sys


