ECS running with 700 stations, 600 satellites, 2 numWGs and 4 numBlocks for 10 rounds in 0 parallel pattern
2025/08/05 12:35:34 StationSystem update...
2025/08/05 12:35:34 weather update count: 700
2025/08/05 12:35:34 StationSystem update time: 4.415µs
2025/08/05 12:35:34 SatelliteSystem update...
2025/08/05 12:35:34 satellite count: 600
2025/08/05 12:35:34 SatelliteSystem update time: 2.300343ms
2025/08/05 12:35:34 TopoSystem update...
2025/08/05 12:35:34 TopoSystem: Link count: 420000
2025/08/05 12:35:34 TopoSystem update time: 13.93907ms
2025/08/05 12:35:34 AttenuationSystem update...
2025/08/05 12:35:34 AttenuationSystem parallel flag: 0
2025/08/05 12:35:34 Attenuation computed count: 420000
2025/08/05 12:35:34 AttenuationSystem update time: 244.709121ms
2025/08/05 12:35:34 Run 1 complete
2025/08/05 12:35:34 StationSystem update...
2025/08/05 12:35:34 weather update count: 700
2025/08/05 12:35:34 StationSystem update time: 5.972µs
2025/08/05 12:35:34 SatelliteSystem update...
2025/08/05 12:35:34 satellite count: 600
2025/08/05 12:35:34 SatelliteSystem update time: 2.297414ms
2025/08/05 12:35:34 TopoSystem update...
2025/08/05 12:35:34 TopoSystem: Link count: 420000
2025/08/05 12:35:34 TopoSystem update time: 12.16001ms
2025/08/05 12:35:34 AttenuationSystem update...
2025/08/05 12:35:34 AttenuationSystem parallel flag: 0
2025/08/05 12:35:35 Attenuation computed count: 420000
2025/08/05 12:35:35 AttenuationSystem update time: 254.339645ms
2025/08/05 12:35:35 Run 2 complete
2025/08/05 12:35:35 StationSystem update...
2025/08/05 12:35:35 weather update count: 700
2025/08/05 12:35:35 StationSystem update time: 5.281µs
2025/08/05 12:35:35 SatelliteSystem update...
2025/08/05 12:35:35 satellite count: 600
2025/08/05 12:35:35 SatelliteSystem update time: 2.298151ms
2025/08/05 12:35:35 TopoSystem update...
2025/08/05 12:35:35 TopoSystem: Link count: 420000
2025/08/05 12:35:35 TopoSystem update time: 8.415019ms
2025/08/05 12:35:35 AttenuationSystem update...
2025/08/05 12:35:35 AttenuationSystem parallel flag: 0
2025/08/05 12:35:35 Attenuation computed count: 420000
2025/08/05 12:35:35 AttenuationSystem update time: 252.213547ms
2025/08/05 12:35:35 Run 3 complete
2025/08/05 12:35:35 StationSystem update...
2025/08/05 12:35:35 weather update count: 700
2025/08/05 12:35:35 StationSystem update time: 4.298µs
2025/08/05 12:35:35 SatelliteSystem update...
2025/08/05 12:35:35 satellite count: 600
2025/08/05 12:35:35 SatelliteSystem update time: 2.308375ms
2025/08/05 12:35:35 TopoSystem update...
2025/08/05 12:35:35 TopoSystem: Link count: 420000
2025/08/05 12:35:35 TopoSystem update time: 7.503192ms
2025/08/05 12:35:35 AttenuationSystem update...
2025/08/05 12:35:35 AttenuationSystem parallel flag: 0
2025/08/05 12:35:35 Attenuation computed count: 420000
2025/08/05 12:35:35 AttenuationSystem update time: 265.923558ms
2025/08/05 12:35:35 Run 4 complete
2025/08/05 12:35:35 StationSystem update...
2025/08/05 12:35:35 weather update count: 700
2025/08/05 12:35:35 StationSystem update time: 5.075µs
2025/08/05 12:35:35 SatelliteSystem update...
2025/08/05 12:35:35 satellite count: 600
2025/08/05 12:35:35 SatelliteSystem update time: 2.300335ms
2025/08/05 12:35:35 TopoSystem update...
2025/08/05 12:35:35 TopoSystem: Link count: 420000
2025/08/05 12:35:35 TopoSystem update time: 6.894956ms
2025/08/05 12:35:35 AttenuationSystem update...
2025/08/05 12:35:35 AttenuationSystem parallel flag: 0
2025/08/05 12:35:35 Attenuation computed count: 420000
2025/08/05 12:35:35 AttenuationSystem update time: 263.531339ms
2025/08/05 12:35:35 Run 5 complete
2025/08/05 12:35:35 StationSystem update...
2025/08/05 12:35:35 weather update count: 700
2025/08/05 12:35:35 StationSystem update time: 4.135µs
2025/08/05 12:35:35 SatelliteSystem update...
2025/08/05 12:35:35 satellite count: 600
2025/08/05 12:35:35 SatelliteSystem update time: 2.303532ms
2025/08/05 12:35:35 TopoSystem update...
2025/08/05 12:35:35 TopoSystem: Link count: 420000
2025/08/05 12:35:35 TopoSystem update time: 10.811738ms
2025/08/05 12:35:35 AttenuationSystem update...
2025/08/05 12:35:35 AttenuationSystem parallel flag: 0
2025/08/05 12:35:36 Attenuation computed count: 420000
2025/08/05 12:35:36 AttenuationSystem update time: 268.850465ms
2025/08/05 12:35:36 Run 6 complete
2025/08/05 12:35:36 StationSystem update...
2025/08/05 12:35:36 weather update count: 700
2025/08/05 12:35:36 StationSystem update time: 4.666µs
2025/08/05 12:35:36 SatelliteSystem update...
2025/08/05 12:35:36 satellite count: 600
2025/08/05 12:35:36 SatelliteSystem update time: 2.343416ms
2025/08/05 12:35:36 TopoSystem update...
2025/08/05 12:35:36 TopoSystem: Link count: 420000
2025/08/05 12:35:36 TopoSystem update time: 7.249397ms
2025/08/05 12:35:36 AttenuationSystem update...
2025/08/05 12:35:36 AttenuationSystem parallel flag: 0
2025/08/05 12:35:36 Attenuation computed count: 420000
2025/08/05 12:35:36 AttenuationSystem update time: 252.990449ms
2025/08/05 12:35:36 Run 7 complete
2025/08/05 12:35:36 StationSystem update...
2025/08/05 12:35:36 weather update count: 700
2025/08/05 12:35:36 StationSystem update time: 5.282µs
2025/08/05 12:35:36 SatelliteSystem update...
2025/08/05 12:35:36 satellite count: 600
2025/08/05 12:35:36 SatelliteSystem update time: 2.303191ms
2025/08/05 12:35:36 TopoSystem update...
2025/08/05 12:35:36 TopoSystem: Link count: 420000
2025/08/05 12:35:36 TopoSystem update time: 7.08118ms
2025/08/05 12:35:36 AttenuationSystem update...
2025/08/05 12:35:36 AttenuationSystem parallel flag: 0
2025/08/05 12:35:36 Attenuation computed count: 420000
2025/08/05 12:35:36 AttenuationSystem update time: 273.079547ms
2025/08/05 12:35:36 Run 8 complete
2025/08/05 12:35:36 StationSystem update...
2025/08/05 12:35:36 weather update count: 700
2025/08/05 12:35:36 SatelliteSystem update...
2025/08/05 12:35:36 StationSystem update time: 4.288µs
2025/08/05 12:35:36 satellite count: 600
2025/08/05 12:35:36 SatelliteSystem update time: 1.71886ms
2025/08/05 12:35:36 TopoSystem update...
2025/08/05 12:35:36 TopoSystem: Link count: 420000
2025/08/05 12:35:36 TopoSystem update time: 6.212062ms
2025/08/05 12:35:36 AttenuationSystem update...
2025/08/05 12:35:36 AttenuationSystem parallel flag: 0
2025/08/05 12:35:36 Attenuation computed count: 420000
2025/08/05 12:35:36 AttenuationSystem update time: 266.518521ms
2025/08/05 12:35:36 Run 9 complete
2025/08/05 12:35:36 StationSystem update...
2025/08/05 12:35:36 weather update count: 700
2025/08/05 12:35:36 StationSystem update time: 21.148µs
2025/08/05 12:35:36 SatelliteSystem update...
2025/08/05 12:35:36 satellite count: 600
2025/08/05 12:35:36 SatelliteSystem update time: 2.480798ms
2025/08/05 12:35:36 TopoSystem update...
2025/08/05 12:35:36 TopoSystem: Link count: 420000
2025/08/05 12:35:36 TopoSystem update time: 13.415249ms
2025/08/05 12:35:36 AttenuationSystem update...
2025/08/05 12:35:36 AttenuationSystem parallel flag: 0
2025/08/05 12:35:37 Attenuation computed count: 420000
2025/08/05 12:35:37 AttenuationSystem update time: 275.562745ms
2025/08/05 12:35:37 Run 10 complete
2025/08/05 12:35:37 Total update time:  2.740461069s
2025/08/05 12:35:37 linkCache size: 40

 Performance counter stats for './scale_ecs 700 600 10 2 4 0':

         9,954,700      cache-references                                                      
         2,175,944      cache-misses                     #   21.86% of all cache refs         

       2.745980778 seconds time elapsed

       9.990917000 seconds user
       0.046101000 seconds sys


