ECS running with 1000 stations, 700 satellites, 8 numWGs and 2 numBlocks for 10 rounds in 0 parallel pattern
2025/08/05 14:24:22 StationSystem update...
2025/08/05 14:24:22 weather update count: 1000
2025/08/05 14:24:22 StationSystem update time: 7.085µs
2025/08/05 14:24:22 SatelliteSystem update...
2025/08/05 14:24:22 satellite count: 700
2025/08/05 14:24:22 SatelliteSystem update time: 2.706579ms
2025/08/05 14:24:22 TopoSystem update...
2025/08/05 14:24:22 TopoSystem: Link count: 700000
2025/08/05 14:24:22 TopoSystem update time: 26.076716ms
2025/08/05 14:24:22 AttenuationSystem update...
2025/08/05 14:24:22 AttenuationSystem parallel flag: 0
2025/08/05 14:24:23 Attenuation computed count: 700000
2025/08/05 14:24:23 AttenuationSystem update time: 807.250779ms
2025/08/05 14:24:23 Run 1 complete
2025/08/05 14:24:23 StationSystem update...
2025/08/05 14:24:23 weather update count: 1000
2025/08/05 14:24:23 StationSystem update time: 4.611µs
2025/08/05 14:24:23 SatelliteSystem update...
2025/08/05 14:24:23 satellite count: 700
2025/08/05 14:24:23 SatelliteSystem update time: 2.00589ms
2025/08/05 14:24:23 TopoSystem update...
2025/08/05 14:24:23 TopoSystem: Link count: 700000
2025/08/05 14:24:23 TopoSystem update time: 20.218864ms
2025/08/05 14:24:23 AttenuationSystem update...
2025/08/05 14:24:23 AttenuationSystem parallel flag: 0
2025/08/05 14:24:24 Attenuation computed count: 700000
2025/08/05 14:24:24 AttenuationSystem update time: 835.521315ms
2025/08/05 14:24:24 Run 2 complete
2025/08/05 14:24:24 StationSystem update...
2025/08/05 14:24:24 weather update count: 1000
2025/08/05 14:24:24 StationSystem update time: 6.73µs
2025/08/05 14:24:24 SatelliteSystem update...
2025/08/05 14:24:24 satellite count: 700
2025/08/05 14:24:24 SatelliteSystem update time: 2.683163ms
2025/08/05 14:24:24 TopoSystem update...
2025/08/05 14:24:24 TopoSystem: Link count: 700000
2025/08/05 14:24:24 TopoSystem update time: 11.81728ms
2025/08/05 14:24:24 AttenuationSystem update...
2025/08/05 14:24:24 AttenuationSystem parallel flag: 0
2025/08/05 14:24:25 Attenuation computed count: 700000
2025/08/05 14:24:25 AttenuationSystem update time: 830.426168ms
2025/08/05 14:24:25 Run 3 complete
2025/08/05 14:24:25 StationSystem update...
2025/08/05 14:24:25 weather update count: 1000
2025/08/05 14:24:25 StationSystem update time: 25.208µs
2025/08/05 14:24:25 SatelliteSystem update...
2025/08/05 14:24:25 satellite count: 700
2025/08/05 14:24:25 SatelliteSystem update time: 3.381808ms
2025/08/05 14:24:25 TopoSystem update...
2025/08/05 14:24:25 TopoSystem: Link count: 700000
2025/08/05 14:24:25 TopoSystem update time: 28.484173ms
2025/08/05 14:24:25 AttenuationSystem update...
2025/08/05 14:24:25 AttenuationSystem parallel flag: 0
2025/08/05 14:24:25 Attenuation computed count: 700000
2025/08/05 14:24:25 AttenuationSystem update time: 805.079681ms
2025/08/05 14:24:25 Run 4 complete
2025/08/05 14:24:25 StationSystem update...
2025/08/05 14:24:25 weather update count: 1000
2025/08/05 14:24:25 StationSystem update time: 6.878µs
2025/08/05 14:24:25 SatelliteSystem update...
2025/08/05 14:24:25 satellite count: 700
2025/08/05 14:24:25 SatelliteSystem update time: 2.678704ms
2025/08/05 14:24:25 TopoSystem update...
2025/08/05 14:24:25 TopoSystem: Link count: 700000
2025/08/05 14:24:25 TopoSystem update time: 13.713343ms
2025/08/05 14:24:25 AttenuationSystem update...
2025/08/05 14:24:25 AttenuationSystem parallel flag: 0
2025/08/05 14:24:26 Attenuation computed count: 700000
2025/08/05 14:24:26 AttenuationSystem update time: 804.508963ms
2025/08/05 14:24:26 Run 5 complete
2025/08/05 14:24:26 StationSystem update...
2025/08/05 14:24:26 weather update count: 1000
2025/08/05 14:24:26 StationSystem update time: 5.427µs
2025/08/05 14:24:26 SatelliteSystem update...
2025/08/05 14:24:26 satellite count: 700
2025/08/05 14:24:26 SatelliteSystem update time: 2.681309ms
2025/08/05 14:24:26 TopoSystem update...
2025/08/05 14:24:26 TopoSystem: Link count: 700000
2025/08/05 14:24:26 TopoSystem update time: 27.614849ms
2025/08/05 14:24:26 AttenuationSystem update...
2025/08/05 14:24:26 AttenuationSystem parallel flag: 0
2025/08/05 14:24:27 Attenuation computed count: 700000
2025/08/05 14:24:27 AttenuationSystem update time: 840.693176ms
2025/08/05 14:24:27 Run 6 complete
2025/08/05 14:24:27 StationSystem update...
2025/08/05 14:24:27 weather update count: 1000
2025/08/05 14:24:27 StationSystem update time: 5.678µs
2025/08/05 14:24:27 SatelliteSystem update...
2025/08/05 14:24:27 satellite count: 700
2025/08/05 14:24:27 SatelliteSystem update time: 2.689721ms
2025/08/05 14:24:27 TopoSystem update...
2025/08/05 14:24:27 TopoSystem: Link count: 700000
2025/08/05 14:24:27 TopoSystem update time: 24.771871ms
2025/08/05 14:24:27 AttenuationSystem update...
2025/08/05 14:24:27 AttenuationSystem parallel flag: 0
2025/08/05 14:24:28 Attenuation computed count: 700000
2025/08/05 14:24:28 AttenuationSystem update time: 834.190653ms
2025/08/05 14:24:28 Run 7 complete
2025/08/05 14:24:28 StationSystem update...
2025/08/05 14:24:28 weather update count: 1000
2025/08/05 14:24:28 StationSystem update time: 9.095µs
2025/08/05 14:24:28 SatelliteSystem update...
2025/08/05 14:24:28 satellite count: 700
2025/08/05 14:24:28 SatelliteSystem update time: 2.706482ms
2025/08/05 14:24:28 TopoSystem update...
2025/08/05 14:24:28 TopoSystem: Link count: 700000
2025/08/05 14:24:28 TopoSystem update time: 13.940583ms
2025/08/05 14:24:28 AttenuationSystem update...
2025/08/05 14:24:28 AttenuationSystem parallel flag: 0
2025/08/05 14:24:29 Attenuation computed count: 700000
2025/08/05 14:24:29 AttenuationSystem update time: 849.771862ms
2025/08/05 14:24:29 Run 8 complete
2025/08/05 14:24:29 StationSystem update...
2025/08/05 14:24:29 weather update count: 1000
2025/08/05 14:24:29 StationSystem update time: 18.348µs
2025/08/05 14:24:29 SatelliteSystem update...
2025/08/05 14:24:29 satellite count: 700
2025/08/05 14:24:29 SatelliteSystem update time: 2.701483ms
2025/08/05 14:24:29 TopoSystem update...
2025/08/05 14:24:29 TopoSystem: Link count: 700000
2025/08/05 14:24:29 TopoSystem update time: 28.868587ms
2025/08/05 14:24:29 AttenuationSystem update...
2025/08/05 14:24:29 AttenuationSystem parallel flag: 0
2025/08/05 14:24:30 Attenuation computed count: 700000
2025/08/05 14:24:30 AttenuationSystem update time: 818.598305ms
2025/08/05 14:24:30 Run 9 complete
2025/08/05 14:24:30 StationSystem update...
2025/08/05 14:24:30 weather update count: 1000
2025/08/05 14:24:30 StationSystem update time: 4.261µs
2025/08/05 14:24:30 SatelliteSystem update...
2025/08/05 14:24:30 satellite count: 700
2025/08/05 14:24:30 SatelliteSystem update time: 2.700812ms
2025/08/05 14:24:30 TopoSystem update...
2025/08/05 14:24:30 TopoSystem: Link count: 700000
2025/08/05 14:24:30 TopoSystem update time: 18.367944ms
2025/08/05 14:24:30 AttenuationSystem update...
2025/08/05 14:24:30 AttenuationSystem parallel flag: 0
2025/08/05 14:24:31 Attenuation computed count: 700000
2025/08/05 14:24:31 AttenuationSystem update time: 832.441828ms
2025/08/05 14:24:31 Run 10 complete
2025/08/05 14:24:31 Total update time:  8.507534204s
2025/08/05 14:24:31 linkCache size: 40

 Performance counter stats for './scale_ecs 1000 700 10 8 2 0':

        17,215,476      cache-references                                                      
         4,991,732      cache-misses                     #   29.00% of all cache refs         

       8.515025334 seconds time elapsed

      16.480393000 seconds user
       0.161052000 seconds sys


