ECS running with 1000 stations, 1800 satellites, 2 numWGs and 2 numBlocks for 10 rounds in 1 parallel pattern
2025/08/05 14:52:01 StationSystem update...
2025/08/05 14:52:01 weather update count: 1000
2025/08/05 14:52:01 SatelliteSystem update...
2025/08/05 14:52:01 StationSystem update time: 5.574µs
2025/08/05 14:52:01 satellite count: 1800
2025/08/05 14:52:01 SatelliteSystem update time: 6.843592ms
2025/08/05 14:52:01 TopoSystem update...
2025/08/05 14:52:01 TopoSystem: Link count: 1800000
2025/08/05 14:52:01 TopoSystem update time: 53.707869ms
2025/08/05 14:52:01 AttenuationSystem update...
2025/08/05 14:52:01 AttenuationSystem parallel flag: 1
2025/08/05 14:52:03 Attenuation computed count: 1800000
2025/08/05 14:52:03 AttenuationSystem update time: 1.969493553s
2025/08/05 14:52:03 Run 1 complete
2025/08/05 14:52:03 StationSystem update...
2025/08/05 14:52:03 weather update count: 1000
2025/08/05 14:52:03 StationSystem update time: 11.132µs
2025/08/05 14:52:03 SatelliteSystem update...
2025/08/05 14:52:03 satellite count: 1800
2025/08/05 14:52:03 SatelliteSystem update time: 6.24207ms
2025/08/05 14:52:03 TopoSystem update...
2025/08/05 14:52:03 TopoSystem: Link count: 1800000
2025/08/05 14:52:03 TopoSystem update time: 54.641799ms
2025/08/05 14:52:03 AttenuationSystem update...
2025/08/05 14:52:03 AttenuationSystem parallel flag: 1
2025/08/05 14:52:05 Attenuation computed count: 1800000
2025/08/05 14:52:05 AttenuationSystem update time: 2.063268898s
2025/08/05 14:52:05 Run 2 complete
2025/08/05 14:52:05 StationSystem update...
2025/08/05 14:52:05 weather update count: 1000
2025/08/05 14:52:05 StationSystem update time: 6.138µs
2025/08/05 14:52:05 SatelliteSystem update...
2025/08/05 14:52:05 satellite count: 1800
2025/08/05 14:52:05 SatelliteSystem update time: 16.993081ms
2025/08/05 14:52:05 TopoSystem update...
2025/08/05 14:52:05 TopoSystem: Link count: 1800000
2025/08/05 14:52:05 TopoSystem update time: 40.604589ms
2025/08/05 14:52:05 AttenuationSystem update...
2025/08/05 14:52:05 AttenuationSystem parallel flag: 1
2025/08/05 14:52:07 Attenuation computed count: 1800000
2025/08/05 14:52:07 AttenuationSystem update time: 2.103101447s
2025/08/05 14:52:07 Run 3 complete
2025/08/05 14:52:07 StationSystem update...
2025/08/05 14:52:07 SatelliteSystem update...
2025/08/05 14:52:07 weather update count: 1000
2025/08/05 14:52:07 StationSystem update time: 26.121µs
2025/08/05 14:52:07 satellite count: 1800
2025/08/05 14:52:07 SatelliteSystem update time: 7.446317ms
2025/08/05 14:52:07 TopoSystem update...
2025/08/05 14:52:07 TopoSystem: Link count: 1800000
2025/08/05 14:52:07 TopoSystem update time: 81.437935ms
2025/08/05 14:52:07 AttenuationSystem update...
2025/08/05 14:52:07 AttenuationSystem parallel flag: 1
2025/08/05 14:52:09 Attenuation computed count: 1800000
2025/08/05 14:52:09 AttenuationSystem update time: 1.985644327s
2025/08/05 14:52:09 Run 4 complete
2025/08/05 14:52:09 StationSystem update...
2025/08/05 14:52:09 weather update count: 1000
2025/08/05 14:52:09 StationSystem update time: 12.366µs
2025/08/05 14:52:09 SatelliteSystem update...
2025/08/05 14:52:09 satellite count: 1800
2025/08/05 14:52:09 SatelliteSystem update time: 17.14805ms
2025/08/05 14:52:09 TopoSystem update...
2025/08/05 14:52:09 TopoSystem: Link count: 1800000
2025/08/05 14:52:09 TopoSystem update time: 110.203516ms
2025/08/05 14:52:09 AttenuationSystem update...
2025/08/05 14:52:09 AttenuationSystem parallel flag: 1
2025/08/05 14:52:11 Attenuation computed count: 1800000
2025/08/05 14:52:11 AttenuationSystem update time: 2.093229382s
2025/08/05 14:52:11 Run 5 complete
2025/08/05 14:52:11 StationSystem update...
2025/08/05 14:52:11 weather update count: 1000
2025/08/05 14:52:11 StationSystem update time: 6.024µs
2025/08/05 14:52:11 SatelliteSystem update...
2025/08/05 14:52:11 satellite count: 1800
2025/08/05 14:52:11 SatelliteSystem update time: 6.847253ms
2025/08/05 14:52:11 TopoSystem update...
2025/08/05 14:52:11 TopoSystem: Link count: 1800000
2025/08/05 14:52:11 TopoSystem update time: 63.925818ms
2025/08/05 14:52:11 AttenuationSystem update...
2025/08/05 14:52:11 AttenuationSystem parallel flag: 1
2025/08/05 14:52:14 Attenuation computed count: 1800000
2025/08/05 14:52:14 AttenuationSystem update time: 2.115570359s
2025/08/05 14:52:14 Run 6 complete
2025/08/05 14:52:14 StationSystem update...
2025/08/05 14:52:14 weather update count: 1000
2025/08/05 14:52:14 StationSystem update time: 5.094µs
2025/08/05 14:52:14 SatelliteSystem update...
2025/08/05 14:52:14 satellite count: 1800
2025/08/05 14:52:14 SatelliteSystem update time: 16.994197ms
2025/08/05 14:52:14 TopoSystem update...
2025/08/05 14:52:14 TopoSystem: Link count: 1800000
2025/08/05 14:52:14 TopoSystem update time: 33.141155ms
2025/08/05 14:52:14 AttenuationSystem update...
2025/08/05 14:52:14 AttenuationSystem parallel flag: 1
2025/08/05 14:52:16 Attenuation computed count: 1800000
2025/08/05 14:52:16 AttenuationSystem update time: 2.069749575s
2025/08/05 14:52:16 Run 7 complete
2025/08/05 14:52:16 StationSystem update...
2025/08/05 14:52:16 weather update count: 1000
2025/08/05 14:52:16 StationSystem update time: 13.125µs
2025/08/05 14:52:16 SatelliteSystem update...
2025/08/05 14:52:16 satellite count: 1800
2025/08/05 14:52:16 SatelliteSystem update time: 5.54993ms
2025/08/05 14:52:16 TopoSystem update...
2025/08/05 14:52:16 TopoSystem: Link count: 1800000
2025/08/05 14:52:16 TopoSystem update time: 85.224382ms
2025/08/05 14:52:16 AttenuationSystem update...
2025/08/05 14:52:16 AttenuationSystem parallel flag: 1
2025/08/05 14:52:18 Attenuation computed count: 1800000
2025/08/05 14:52:18 AttenuationSystem update time: 2.089625481s
2025/08/05 14:52:18 Run 8 complete
2025/08/05 14:52:18 StationSystem update...
2025/08/05 14:52:18 weather update count: 1000
2025/08/05 14:52:18 StationSystem update time: 6.09µs
2025/08/05 14:52:18 SatelliteSystem update...
2025/08/05 14:52:18 satellite count: 1800
2025/08/05 14:52:18 SatelliteSystem update time: 6.925267ms
2025/08/05 14:52:18 TopoSystem update...
2025/08/05 14:52:18 TopoSystem: Link count: 1800000
2025/08/05 14:52:18 TopoSystem update time: 49.246432ms
2025/08/05 14:52:18 AttenuationSystem update...
2025/08/05 14:52:18 AttenuationSystem parallel flag: 1
2025/08/05 14:52:20 Attenuation computed count: 1800000
2025/08/05 14:52:20 AttenuationSystem update time: 1.943988506s
2025/08/05 14:52:20 Run 9 complete
2025/08/05 14:52:20 StationSystem update...
2025/08/05 14:52:20 weather update count: 1000
2025/08/05 14:52:20 StationSystem update time: 3.594µs
2025/08/05 14:52:20 SatelliteSystem update...
2025/08/05 14:52:20 satellite count: 1800
2025/08/05 14:52:20 SatelliteSystem update time: 6.819604ms
2025/08/05 14:52:20 TopoSystem update...
2025/08/05 14:52:20 TopoSystem: Link count: 1800000
2025/08/05 14:52:20 TopoSystem update time: 26.166821ms
2025/08/05 14:52:20 AttenuationSystem update...
2025/08/05 14:52:20 AttenuationSystem parallel flag: 1
2025/08/05 14:52:22 Attenuation computed count: 1800000
2025/08/05 14:52:22 AttenuationSystem update time: 1.917435243s
2025/08/05 14:52:22 Run 10 complete
2025/08/05 14:52:22 Total update time:  21.061262413s
2025/08/05 14:52:22 linkCache size: 40

 Performance counter stats for './scale_ecs 1000 1800 10 2 2 1':

        43,050,153      cache-references                                                      
        13,034,928      cache-misses                     #   30.28% of all cache refs         

      21.074018133 seconds time elapsed

      39.539159000 seconds user
       0.414980000 seconds sys


