ECS running with 700 stations, 600 satellites, 4 numWGs and 2 numBlocks for 10 rounds in 0 parallel pattern
2025/08/05 12:35:47 StationSystem update...
2025/08/05 12:35:47 weather update count: 700
2025/08/05 12:35:47 StationSystem update time: 7.083µs
2025/08/05 12:35:47 SatelliteSystem update...
2025/08/05 12:35:47 satellite count: 600
2025/08/05 12:35:47 SatelliteSystem update time: 2.301268ms
2025/08/05 12:35:47 TopoSystem update...
2025/08/05 12:35:47 TopoSystem: Link count: 420000
2025/08/05 12:35:47 TopoSystem update time: 13.426331ms
2025/08/05 12:35:47 AttenuationSystem update...
2025/08/05 12:35:47 AttenuationSystem parallel flag: 0
2025/08/05 12:35:47 Attenuation computed count: 420000
2025/08/05 12:35:47 AttenuationSystem update time: 480.311194ms
2025/08/05 12:35:47 Run 1 complete
2025/08/05 12:35:47 StationSystem update...
2025/08/05 12:35:47 weather update count: 700
2025/08/05 12:35:47 SatelliteSystem update...
2025/08/05 12:35:47 StationSystem update time: 5.812µs
2025/08/05 12:35:47 satellite count: 600
2025/08/05 12:35:47 SatelliteSystem update time: 2.310357ms
2025/08/05 12:35:47 TopoSystem update...
2025/08/05 12:35:47 TopoSystem: Link count: 420000
2025/08/05 12:35:47 TopoSystem update time: 10.191503ms
2025/08/05 12:35:47 AttenuationSystem update...
2025/08/05 12:35:47 AttenuationSystem parallel flag: 0
2025/08/05 12:35:48 Attenuation computed count: 420000
2025/08/05 12:35:48 AttenuationSystem update time: 479.482516ms
2025/08/05 12:35:48 Run 2 complete
2025/08/05 12:35:48 StationSystem update...
2025/08/05 12:35:48 weather update count: 700
2025/08/05 12:35:48 StationSystem update time: 4.762µs
2025/08/05 12:35:48 SatelliteSystem update...
2025/08/05 12:35:48 satellite count: 600
2025/08/05 12:35:48 SatelliteSystem update time: 2.310799ms
2025/08/05 12:35:48 TopoSystem update...
2025/08/05 12:35:48 TopoSystem: Link count: 420000
2025/08/05 12:35:48 TopoSystem update time: 7.385561ms
2025/08/05 12:35:48 AttenuationSystem update...
2025/08/05 12:35:48 AttenuationSystem parallel flag: 0
2025/08/05 12:35:48 Attenuation computed count: 420000
2025/08/05 12:35:48 AttenuationSystem update time: 525.949975ms
2025/08/05 12:35:48 Run 3 complete
2025/08/05 12:35:48 StationSystem update...
2025/08/05 12:35:48 weather update count: 700
2025/08/05 12:35:48 StationSystem update time: 5.998µs
2025/08/05 12:35:48 SatelliteSystem update...
2025/08/05 12:35:48 satellite count: 600
2025/08/05 12:35:48 SatelliteSystem update time: 2.295986ms
2025/08/05 12:35:48 TopoSystem update...
2025/08/05 12:35:48 TopoSystem: Link count: 420000
2025/08/05 12:35:48 TopoSystem update time: 7.609892ms
2025/08/05 12:35:48 AttenuationSystem update...
2025/08/05 12:35:48 AttenuationSystem parallel flag: 0
2025/08/05 12:35:49 Attenuation computed count: 420000
2025/08/05 12:35:49 AttenuationSystem update time: 428.077675ms
2025/08/05 12:35:49 Run 4 complete
2025/08/05 12:35:49 StationSystem update...
2025/08/05 12:35:49 weather update count: 700
2025/08/05 12:35:49 StationSystem update time: 2.614µs
2025/08/05 12:35:49 SatelliteSystem update...
2025/08/05 12:35:49 satellite count: 600
2025/08/05 12:35:49 SatelliteSystem update time: 1.696003ms
2025/08/05 12:35:49 TopoSystem update...
2025/08/05 12:35:49 TopoSystem: Link count: 420000
2025/08/05 12:35:49 TopoSystem update time: 7.98655ms
2025/08/05 12:35:49 AttenuationSystem update...
2025/08/05 12:35:49 AttenuationSystem parallel flag: 0
2025/08/05 12:35:49 Attenuation computed count: 420000
2025/08/05 12:35:49 AttenuationSystem update time: 485.889145ms
2025/08/05 12:35:49 Run 5 complete
2025/08/05 12:35:49 StationSystem update...
2025/08/05 12:35:49 weather update count: 700
2025/08/05 12:35:49 StationSystem update time: 6.823µs
2025/08/05 12:35:49 SatelliteSystem update...
2025/08/05 12:35:49 satellite count: 600
2025/08/05 12:35:49 SatelliteSystem update time: 2.291835ms
2025/08/05 12:35:49 TopoSystem update...
2025/08/05 12:35:49 TopoSystem: Link count: 420000
2025/08/05 12:35:49 TopoSystem update time: 8.602207ms
2025/08/05 12:35:49 AttenuationSystem update...
2025/08/05 12:35:49 AttenuationSystem parallel flag: 0
2025/08/05 12:35:50 Attenuation computed count: 420000
2025/08/05 12:35:50 AttenuationSystem update time: 515.320068ms
2025/08/05 12:35:50 Run 6 complete
2025/08/05 12:35:50 StationSystem update...
2025/08/05 12:35:50 weather update count: 700
2025/08/05 12:35:50 StationSystem update time: 3.229µs
2025/08/05 12:35:50 SatelliteSystem update...
2025/08/05 12:35:50 satellite count: 600
2025/08/05 12:35:50 SatelliteSystem update time: 2.283388ms
2025/08/05 12:35:50 TopoSystem update...
2025/08/05 12:35:50 TopoSystem: Link count: 420000
2025/08/05 12:35:50 TopoSystem update time: 16.755939ms
2025/08/05 12:35:50 AttenuationSystem update...
2025/08/05 12:35:50 AttenuationSystem parallel flag: 0
2025/08/05 12:35:50 Attenuation computed count: 420000
2025/08/05 12:35:50 AttenuationSystem update time: 521.192738ms
2025/08/05 12:35:50 Run 7 complete
2025/08/05 12:35:50 StationSystem update...
2025/08/05 12:35:50 weather update count: 700
2025/08/05 12:35:50 StationSystem update time: 18.819µs
2025/08/05 12:35:50 SatelliteSystem update...
2025/08/05 12:35:50 satellite count: 600
2025/08/05 12:35:50 SatelliteSystem update time: 3.108324ms
2025/08/05 12:35:50 TopoSystem update...
2025/08/05 12:35:50 TopoSystem: Link count: 420000
2025/08/05 12:35:50 TopoSystem update time: 18.654243ms
2025/08/05 12:35:50 AttenuationSystem update...
2025/08/05 12:35:50 AttenuationSystem parallel flag: 0
2025/08/05 12:35:51 Attenuation computed count: 420000
2025/08/05 12:35:51 AttenuationSystem update time: 491.598447ms
2025/08/05 12:35:51 Run 8 complete
2025/08/05 12:35:51 StationSystem update...
2025/08/05 12:35:51 weather update count: 700
2025/08/05 12:35:51 StationSystem update time: 3.362µs
2025/08/05 12:35:51 SatelliteSystem update...
2025/08/05 12:35:51 satellite count: 600
2025/08/05 12:35:51 SatelliteSystem update time: 2.312694ms
2025/08/05 12:35:51 TopoSystem update...
2025/08/05 12:35:51 TopoSystem: Link count: 420000
2025/08/05 12:35:51 TopoSystem update time: 17.085096ms
2025/08/05 12:35:51 AttenuationSystem update...
2025/08/05 12:35:51 AttenuationSystem parallel flag: 0
2025/08/05 12:35:51 Attenuation computed count: 420000
2025/08/05 12:35:51 AttenuationSystem update time: 509.260028ms
2025/08/05 12:35:51 Run 9 complete
2025/08/05 12:35:51 StationSystem update...
2025/08/05 12:35:51 weather update count: 700
2025/08/05 12:35:51 StationSystem update time: 4.982µs
2025/08/05 12:35:51 SatelliteSystem update...
2025/08/05 12:35:51 satellite count: 600
2025/08/05 12:35:51 SatelliteSystem update time: 2.317559ms
2025/08/05 12:35:51 TopoSystem update...
2025/08/05 12:35:51 TopoSystem: Link count: 420000
2025/08/05 12:35:51 TopoSystem update time: 16.518781ms
2025/08/05 12:35:51 AttenuationSystem update...
2025/08/05 12:35:51 AttenuationSystem parallel flag: 0
2025/08/05 12:35:52 Attenuation computed count: 420000
2025/08/05 12:35:52 AttenuationSystem update time: 513.398973ms
2025/08/05 12:35:52 Run 10 complete
2025/08/05 12:35:52 Total update time:  5.10413932s
2025/08/05 12:35:52 linkCache size: 40

 Performance counter stats for './scale_ecs 700 600 10 4 2 0':

        10,494,811      cache-references                                                      
         2,312,414      cache-misses                     #   22.03% of all cache refs         

       5.110765870 seconds time elapsed

       9.932027000 seconds user
       0.078078000 seconds sys


