ECS running with 800 stations, 1400 satellites, 2 numWGs and 8 numBlocks for 10 rounds in 0 parallel pattern
2025/08/05 13:21:02 StationSystem update...
2025/08/05 13:21:02 weather update count: 800
2025/08/05 13:21:02 SatelliteSystem update...
2025/08/05 13:21:02 StationSystem update time: 4.936µs
2025/08/05 13:21:02 satellite count: 1400
2025/08/05 13:21:02 SatelliteSystem update time: 5.320708ms
2025/08/05 13:21:02 TopoSystem update...
2025/08/05 13:21:02 TopoSystem: Link count: 1120000
2025/08/05 13:21:02 TopoSystem update time: 35.465739ms
2025/08/05 13:21:02 AttenuationSystem update...
2025/08/05 13:21:02 AttenuationSystem parallel flag: 0
2025/08/05 13:21:02 Attenuation computed count: 1120000
2025/08/05 13:21:02 AttenuationSystem update time: 339.739653ms
2025/08/05 13:21:02 Run 1 complete
2025/08/05 13:21:02 StationSystem update...
2025/08/05 13:21:02 weather update count: 800
2025/08/05 13:21:02 StationSystem update time: 4.953µs
2025/08/05 13:21:02 SatelliteSystem update...
2025/08/05 13:21:02 satellite count: 1400
2025/08/05 13:21:02 SatelliteSystem update time: 5.320504ms
2025/08/05 13:21:02 TopoSystem update...
2025/08/05 13:21:02 TopoSystem: Link count: 1120000
2025/08/05 13:21:02 TopoSystem update time: 31.813761ms
2025/08/05 13:21:02 AttenuationSystem update...
2025/08/05 13:21:02 AttenuationSystem parallel flag: 0
2025/08/05 13:21:03 Attenuation computed count: 1120000
2025/08/05 13:21:03 AttenuationSystem update time: 338.101814ms
2025/08/05 13:21:03 Run 2 complete
2025/08/05 13:21:03 StationSystem update...
2025/08/05 13:21:03 weather update count: 800
2025/08/05 13:21:03 StationSystem update time: 7.121µs
2025/08/05 13:21:03 SatelliteSystem update...
2025/08/05 13:21:03 satellite count: 1400
2025/08/05 13:21:03 SatelliteSystem update time: 5.376785ms
2025/08/05 13:21:03 TopoSystem update...
2025/08/05 13:21:03 TopoSystem: Link count: 1120000
2025/08/05 13:21:03 TopoSystem update time: 18.59985ms
2025/08/05 13:21:03 AttenuationSystem update...
2025/08/05 13:21:03 AttenuationSystem parallel flag: 0
2025/08/05 13:21:03 Attenuation computed count: 1120000
2025/08/05 13:21:03 AttenuationSystem update time: 344.80884ms
2025/08/05 13:21:03 Run 3 complete
2025/08/05 13:21:03 StationSystem update...
2025/08/05 13:21:03 weather update count: 800
2025/08/05 13:21:03 StationSystem update time: 10.865µs
2025/08/05 13:21:03 SatelliteSystem update...
2025/08/05 13:21:03 satellite count: 1400
2025/08/05 13:21:03 SatelliteSystem update time: 6.367606ms
2025/08/05 13:21:03 TopoSystem update...
2025/08/05 13:21:03 TopoSystem: Link count: 1120000
2025/08/05 13:21:03 TopoSystem update time: 39.140951ms
2025/08/05 13:21:03 AttenuationSystem update...
2025/08/05 13:21:03 AttenuationSystem parallel flag: 0
2025/08/05 13:21:03 Attenuation computed count: 1120000
2025/08/05 13:21:03 AttenuationSystem update time: 351.669346ms
2025/08/05 13:21:03 Run 4 complete
2025/08/05 13:21:03 StationSystem update...
2025/08/05 13:21:03 weather update count: 800
2025/08/05 13:21:03 StationSystem update time: 5.957µs
2025/08/05 13:21:03 SatelliteSystem update...
2025/08/05 13:21:03 satellite count: 1400
2025/08/05 13:21:03 SatelliteSystem update time: 5.337655ms
2025/08/05 13:21:03 TopoSystem update...
2025/08/05 13:21:03 TopoSystem: Link count: 1120000
2025/08/05 13:21:03 TopoSystem update time: 60.767301ms
2025/08/05 13:21:03 AttenuationSystem update...
2025/08/05 13:21:03 AttenuationSystem parallel flag: 0
2025/08/05 13:21:04 Attenuation computed count: 1120000
2025/08/05 13:21:04 AttenuationSystem update time: 353.731803ms
2025/08/05 13:21:04 Run 5 complete
2025/08/05 13:21:04 StationSystem update...
2025/08/05 13:21:04 weather update count: 800
2025/08/05 13:21:04 StationSystem update time: 5.671µs
2025/08/05 13:21:04 SatelliteSystem update...
2025/08/05 13:21:04 satellite count: 1400
2025/08/05 13:21:04 SatelliteSystem update time: 5.328055ms
2025/08/05 13:21:04 TopoSystem update...
2025/08/05 13:21:04 TopoSystem: Link count: 1120000
2025/08/05 13:21:04 TopoSystem update time: 23.383798ms
2025/08/05 13:21:04 AttenuationSystem update...
2025/08/05 13:21:04 AttenuationSystem parallel flag: 0
2025/08/05 13:21:04 Attenuation computed count: 1120000
2025/08/05 13:21:04 AttenuationSystem update time: 331.451052ms
2025/08/05 13:21:04 Run 6 complete
2025/08/05 13:21:04 StationSystem update...
2025/08/05 13:21:04 weather update count: 800
2025/08/05 13:21:04 StationSystem update time: 6.128µs
2025/08/05 13:21:04 SatelliteSystem update...
2025/08/05 13:21:04 satellite count: 1400
2025/08/05 13:21:04 SatelliteSystem update time: 5.336286ms
2025/08/05 13:21:04 TopoSystem update...
2025/08/05 13:21:04 TopoSystem: Link count: 1120000
2025/08/05 13:21:04 TopoSystem update time: 17.269627ms
2025/08/05 13:21:04 AttenuationSystem update...
2025/08/05 13:21:04 AttenuationSystem parallel flag: 0
2025/08/05 13:21:04 Attenuation computed count: 1120000
2025/08/05 13:21:04 AttenuationSystem update time: 330.498576ms
2025/08/05 13:21:04 Run 7 complete
2025/08/05 13:21:04 StationSystem update...
2025/08/05 13:21:04 weather update count: 800
2025/08/05 13:21:04 StationSystem update time: 6.066µs
2025/08/05 13:21:04 SatelliteSystem update...
2025/08/05 13:21:04 satellite count: 1400
2025/08/05 13:21:04 SatelliteSystem update time: 5.351728ms
2025/08/05 13:21:04 TopoSystem update...
2025/08/05 13:21:04 TopoSystem: Link count: 1120000
2025/08/05 13:21:04 TopoSystem update time: 19.313321ms
2025/08/05 13:21:04 AttenuationSystem update...
2025/08/05 13:21:04 AttenuationSystem parallel flag: 0
2025/08/05 13:21:05 Attenuation computed count: 1120000
2025/08/05 13:21:05 AttenuationSystem update time: 345.522297ms
2025/08/05 13:21:05 Run 8 complete
2025/08/05 13:21:05 StationSystem update...
2025/08/05 13:21:05 weather update count: 800
2025/08/05 13:21:05 SatelliteSystem update...
2025/08/05 13:21:05 StationSystem update time: 6.788µs
2025/08/05 13:21:05 satellite count: 1400
2025/08/05 13:21:05 SatelliteSystem update time: 5.468461ms
2025/08/05 13:21:05 TopoSystem update...
2025/08/05 13:21:05 TopoSystem: Link count: 1120000
2025/08/05 13:21:05 TopoSystem update time: 18.422349ms
2025/08/05 13:21:05 AttenuationSystem update...
2025/08/05 13:21:05 AttenuationSystem parallel flag: 0
2025/08/05 13:21:05 Attenuation computed count: 1120000
2025/08/05 13:21:05 AttenuationSystem update time: 332.310456ms
2025/08/05 13:21:05 Run 9 complete
2025/08/05 13:21:05 StationSystem update...
2025/08/05 13:21:05 weather update count: 800
2025/08/05 13:21:05 StationSystem update time: 5.773µs
2025/08/05 13:21:05 SatelliteSystem update...
2025/08/05 13:21:05 satellite count: 1400
2025/08/05 13:21:05 SatelliteSystem update time: 5.348656ms
2025/08/05 13:21:05 TopoSystem update...
2025/08/05 13:21:05 TopoSystem: Link count: 1120000
2025/08/05 13:21:05 TopoSystem update time: 18.367317ms
2025/08/05 13:21:05 AttenuationSystem update...
2025/08/05 13:21:05 AttenuationSystem parallel flag: 0
2025/08/05 13:21:06 Attenuation computed count: 1120000
2025/08/05 13:21:06 AttenuationSystem update time: 339.735825ms
2025/08/05 13:21:06 Run 10 complete
2025/08/05 13:21:06 Total update time:  3.755914629s
2025/08/05 13:21:06 linkCache size: 40

 Performance counter stats for './scale_ecs 800 1400 10 2 8 0':

        25,290,371      cache-references                                                      
         6,437,110      cache-misses                     #   25.45% of all cache refs         

       3.765000632 seconds time elapsed

      25.332889000 seconds user
       0.140982000 seconds sys


