ECS running with 800 stations, 2000 satellites, 4 numWGs and 2 numBlocks for 10 rounds in 0 parallel pattern
2025/08/05 13:38:58 StationSystem update...
2025/08/05 13:38:58 weather update count: 800
2025/08/05 13:38:58 StationSystem update time: 5.124µs
2025/08/05 13:38:58 SatelliteSystem update...
2025/08/05 13:38:59 satellite count: 2000
2025/08/05 13:38:59 SatelliteSystem update time: 7.573371ms
2025/08/05 13:38:59 TopoSystem update...
2025/08/05 13:38:59 TopoSystem: Link count: 1600000
2025/08/05 13:38:59 TopoSystem update time: 48.950099ms
2025/08/05 13:38:59 AttenuationSystem update...
2025/08/05 13:38:59 AttenuationSystem parallel flag: 0
2025/08/05 13:39:00 Attenuation computed count: 1600000
2025/08/05 13:39:00 AttenuationSystem update time: 1.84482977s
2025/08/05 13:39:00 Run 1 complete
2025/08/05 13:39:00 StationSystem update...
2025/08/05 13:39:00 weather update count: 800
2025/08/05 13:39:00 StationSystem update time: 9.308µs
2025/08/05 13:39:00 SatelliteSystem update...
2025/08/05 13:39:00 satellite count: 2000
2025/08/05 13:39:00 SatelliteSystem update time: 8.158628ms
2025/08/05 13:39:00 TopoSystem update...
2025/08/05 13:39:00 TopoSystem: Link count: 1600000
2025/08/05 13:39:00 TopoSystem update time: 65.069375ms
2025/08/05 13:39:00 AttenuationSystem update...
2025/08/05 13:39:00 AttenuationSystem parallel flag: 0
2025/08/05 13:39:02 Attenuation computed count: 1600000
2025/08/05 13:39:02 AttenuationSystem update time: 1.858617492s
2025/08/05 13:39:02 Run 2 complete
2025/08/05 13:39:02 StationSystem update...
2025/08/05 13:39:02 weather update count: 800
2025/08/05 13:39:02 StationSystem update time: 5.17µs
2025/08/05 13:39:02 SatelliteSystem update...
2025/08/05 13:39:02 satellite count: 2000
2025/08/05 13:39:02 SatelliteSystem update time: 7.57627ms
2025/08/05 13:39:02 TopoSystem update...
2025/08/05 13:39:02 TopoSystem: Link count: 1600000
2025/08/05 13:39:02 TopoSystem update time: 68.214081ms
2025/08/05 13:39:02 AttenuationSystem update...
2025/08/05 13:39:02 AttenuationSystem parallel flag: 0
2025/08/05 13:39:04 Attenuation computed count: 1600000
2025/08/05 13:39:04 AttenuationSystem update time: 1.934107787s
2025/08/05 13:39:04 Run 3 complete
2025/08/05 13:39:04 StationSystem update...
2025/08/05 13:39:04 SatelliteSystem update...
2025/08/05 13:39:04 weather update count: 800
2025/08/05 13:39:04 StationSystem update time: 29.371µs
2025/08/05 13:39:04 satellite count: 2000
2025/08/05 13:39:04 SatelliteSystem update time: 8.554131ms
2025/08/05 13:39:04 TopoSystem update...
2025/08/05 13:39:04 TopoSystem: Link count: 1600000
2025/08/05 13:39:04 TopoSystem update time: 53.074034ms
2025/08/05 13:39:04 AttenuationSystem update...
2025/08/05 13:39:04 AttenuationSystem parallel flag: 0
2025/08/05 13:39:06 Attenuation computed count: 1600000
2025/08/05 13:39:06 AttenuationSystem update time: 1.867835244s
2025/08/05 13:39:06 Run 4 complete
2025/08/05 13:39:06 StationSystem update...
2025/08/05 13:39:06 weather update count: 800
2025/08/05 13:39:06 StationSystem update time: 5.307µs
2025/08/05 13:39:06 SatelliteSystem update...
2025/08/05 13:39:06 satellite count: 2000
2025/08/05 13:39:06 SatelliteSystem update time: 5.719402ms
2025/08/05 13:39:06 TopoSystem update...
2025/08/05 13:39:06 TopoSystem: Link count: 1600000
2025/08/05 13:39:06 TopoSystem update time: 26.412784ms
2025/08/05 13:39:06 AttenuationSystem update...
2025/08/05 13:39:06 AttenuationSystem parallel flag: 0
2025/08/05 13:39:08 Attenuation computed count: 1600000
2025/08/05 13:39:08 AttenuationSystem update time: 1.579175333s
2025/08/05 13:39:08 Run 5 complete
2025/08/05 13:39:08 StationSystem update...
2025/08/05 13:39:08 weather update count: 800
2025/08/05 13:39:08 StationSystem update time: 3.216µs
2025/08/05 13:39:08 SatelliteSystem update...
2025/08/05 13:39:08 satellite count: 2000
2025/08/05 13:39:08 SatelliteSystem update time: 7.575969ms
2025/08/05 13:39:08 TopoSystem update...
2025/08/05 13:39:08 TopoSystem: Link count: 1600000
2025/08/05 13:39:08 TopoSystem update time: 52.718269ms
2025/08/05 13:39:08 AttenuationSystem update...
2025/08/05 13:39:08 AttenuationSystem parallel flag: 0
2025/08/05 13:39:10 Attenuation computed count: 1600000
2025/08/05 13:39:10 AttenuationSystem update time: 1.85046252s
2025/08/05 13:39:10 Run 6 complete
2025/08/05 13:39:10 StationSystem update...
2025/08/05 13:39:10 weather update count: 800
2025/08/05 13:39:10 StationSystem update time: 14.736µs
2025/08/05 13:39:10 SatelliteSystem update...
2025/08/05 13:39:10 satellite count: 2000
2025/08/05 13:39:10 SatelliteSystem update time: 6.089423ms
2025/08/05 13:39:10 TopoSystem update...
2025/08/05 13:39:10 TopoSystem: Link count: 1600000
2025/08/05 13:39:10 TopoSystem update time: 66.033434ms
2025/08/05 13:39:10 AttenuationSystem update...
2025/08/05 13:39:10 AttenuationSystem parallel flag: 0
2025/08/05 13:39:12 Attenuation computed count: 1600000
2025/08/05 13:39:12 AttenuationSystem update time: 1.800871945s
2025/08/05 13:39:12 Run 7 complete
2025/08/05 13:39:12 StationSystem update...
2025/08/05 13:39:12 weather update count: 800
2025/08/05 13:39:12 StationSystem update time: 2.985µs
2025/08/05 13:39:12 SatelliteSystem update...
2025/08/05 13:39:12 satellite count: 2000
2025/08/05 13:39:12 SatelliteSystem update time: 5.656456ms
2025/08/05 13:39:12 TopoSystem update...
2025/08/05 13:39:12 TopoSystem: Link count: 1600000
2025/08/05 13:39:12 TopoSystem update time: 70.331245ms
2025/08/05 13:39:12 AttenuationSystem update...
2025/08/05 13:39:12 AttenuationSystem parallel flag: 0
2025/08/05 13:39:14 Attenuation computed count: 1600000
2025/08/05 13:39:14 AttenuationSystem update time: 1.86164766s
2025/08/05 13:39:14 Run 8 complete
2025/08/05 13:39:14 StationSystem update...
2025/08/05 13:39:14 weather update count: 800
2025/08/05 13:39:14 StationSystem update time: 5.212µs
2025/08/05 13:39:14 SatelliteSystem update...
2025/08/05 13:39:14 satellite count: 2000
2025/08/05 13:39:14 SatelliteSystem update time: 7.58979ms
2025/08/05 13:39:14 TopoSystem update...
2025/08/05 13:39:14 TopoSystem: Link count: 1600000
2025/08/05 13:39:14 TopoSystem update time: 54.740656ms
2025/08/05 13:39:14 AttenuationSystem update...
2025/08/05 13:39:14 AttenuationSystem parallel flag: 0
2025/08/05 13:39:16 Attenuation computed count: 1600000
2025/08/05 13:39:16 AttenuationSystem update time: 1.841967413s
2025/08/05 13:39:16 Run 9 complete
2025/08/05 13:39:16 StationSystem update...
2025/08/05 13:39:16 weather update count: 800
2025/08/05 13:39:16 StationSystem update time: 3.72µs
2025/08/05 13:39:16 SatelliteSystem update...
2025/08/05 13:39:16 satellite count: 2000
2025/08/05 13:39:16 SatelliteSystem update time: 7.569142ms
2025/08/05 13:39:16 TopoSystem update...
2025/08/05 13:39:16 TopoSystem: Link count: 1600000
2025/08/05 13:39:16 TopoSystem update time: 56.491296ms
2025/08/05 13:39:16 AttenuationSystem update...
2025/08/05 13:39:16 AttenuationSystem parallel flag: 0
2025/08/05 13:39:17 Attenuation computed count: 1600000
2025/08/05 13:39:17 AttenuationSystem update time: 1.84729819s
2025/08/05 13:39:17 Run 10 complete
2025/08/05 13:39:17 Total update time:  18.934000523s
2025/08/05 13:39:17 linkCache size: 40

 Performance counter stats for './scale_ecs 800 2000 10 4 2 0':

        37,485,960      cache-references                                                      
        11,523,742      cache-misses                     #   30.74% of all cache refs         

      18.950148653 seconds time elapsed

      36.892501000 seconds user
       0.339124000 seconds sys


