ECS running with 1000 stations, 900 satellites, 2 numWGs and 8 numBlocks for 10 rounds in 0 parallel pattern
2025/08/05 14:27:21 StationSystem update...
2025/08/05 14:27:21 weather update count: 1000
2025/08/05 14:27:21 StationSystem update time: 6.628µs
2025/08/05 14:27:21 SatelliteSystem update...
2025/08/05 14:27:21 satellite count: 900
2025/08/05 14:27:21 SatelliteSystem update time: 3.443639ms
2025/08/05 14:27:21 TopoSystem update...
2025/08/05 14:27:21 TopoSystem: Link count: 900000
2025/08/05 14:27:21 TopoSystem update time: 29.787425ms
2025/08/05 14:27:21 AttenuationSystem update...
2025/08/05 14:27:21 AttenuationSystem parallel flag: 0
2025/08/05 14:27:21 Attenuation computed count: 900000
2025/08/05 14:27:21 AttenuationSystem update time: 261.16915ms
2025/08/05 14:27:21 Run 1 complete
2025/08/05 14:27:21 StationSystem update...
2025/08/05 14:27:21 weather update count: 1000
2025/08/05 14:27:21 StationSystem update time: 8.043µs
2025/08/05 14:27:21 SatelliteSystem update...
2025/08/05 14:27:21 satellite count: 900
2025/08/05 14:27:21 SatelliteSystem update time: 3.435814ms
2025/08/05 14:27:21 TopoSystem update...
2025/08/05 14:27:21 TopoSystem: Link count: 900000
2025/08/05 14:27:21 TopoSystem update time: 26.802305ms
2025/08/05 14:27:21 AttenuationSystem update...
2025/08/05 14:27:21 AttenuationSystem parallel flag: 0
2025/08/05 14:27:21 Attenuation computed count: 900000
2025/08/05 14:27:21 AttenuationSystem update time: 271.970307ms
2025/08/05 14:27:21 Run 2 complete
2025/08/05 14:27:21 StationSystem update...
2025/08/05 14:27:21 weather update count: 1000
2025/08/05 14:27:21 StationSystem update time: 6.146µs
2025/08/05 14:27:21 SatelliteSystem update...
2025/08/05 14:27:21 satellite count: 900
2025/08/05 14:27:21 SatelliteSystem update time: 3.428703ms
2025/08/05 14:27:21 TopoSystem update...
2025/08/05 14:27:21 TopoSystem: Link count: 900000
2025/08/05 14:27:21 TopoSystem update time: 14.394663ms
2025/08/05 14:27:21 AttenuationSystem update...
2025/08/05 14:27:21 AttenuationSystem parallel flag: 0
2025/08/05 14:27:22 Attenuation computed count: 900000
2025/08/05 14:27:22 AttenuationSystem update time: 259.580866ms
2025/08/05 14:27:22 Run 3 complete
2025/08/05 14:27:22 StationSystem update...
2025/08/05 14:27:22 weather update count: 1000
2025/08/05 14:27:22 StationSystem update time: 5.938µs
2025/08/05 14:27:22 SatelliteSystem update...
2025/08/05 14:27:22 satellite count: 900
2025/08/05 14:27:22 SatelliteSystem update time: 3.437171ms
2025/08/05 14:27:22 TopoSystem update...
2025/08/05 14:27:22 TopoSystem: Link count: 900000
2025/08/05 14:27:22 TopoSystem update time: 14.056973ms
2025/08/05 14:27:22 AttenuationSystem update...
2025/08/05 14:27:22 AttenuationSystem parallel flag: 0
2025/08/05 14:27:22 Attenuation computed count: 900000
2025/08/05 14:27:22 AttenuationSystem update time: 281.661588ms
2025/08/05 14:27:22 Run 4 complete
2025/08/05 14:27:22 StationSystem update...
2025/08/05 14:27:22 weather update count: 1000
2025/08/05 14:27:22 StationSystem update time: 11.2µs
2025/08/05 14:27:22 SatelliteSystem update...
2025/08/05 14:27:22 satellite count: 900
2025/08/05 14:27:22 SatelliteSystem update time: 4.093177ms
2025/08/05 14:27:22 TopoSystem update...
2025/08/05 14:27:22 TopoSystem: Link count: 900000
2025/08/05 14:27:22 TopoSystem update time: 37.016297ms
2025/08/05 14:27:22 AttenuationSystem update...
2025/08/05 14:27:22 AttenuationSystem parallel flag: 0
2025/08/05 14:27:22 Attenuation computed count: 900000
2025/08/05 14:27:22 AttenuationSystem update time: 283.100308ms
2025/08/05 14:27:22 Run 5 complete
2025/08/05 14:27:22 StationSystem update...
2025/08/05 14:27:22 weather update count: 1000
2025/08/05 14:27:22 StationSystem update time: 6.726µs
2025/08/05 14:27:22 SatelliteSystem update...
2025/08/05 14:27:22 satellite count: 900
2025/08/05 14:27:22 SatelliteSystem update time: 3.442456ms
2025/08/05 14:27:22 TopoSystem update...
2025/08/05 14:27:22 TopoSystem: Link count: 900000
2025/08/05 14:27:22 TopoSystem update time: 40.383625ms
2025/08/05 14:27:22 AttenuationSystem update...
2025/08/05 14:27:22 AttenuationSystem parallel flag: 0
2025/08/05 14:27:23 Attenuation computed count: 900000
2025/08/05 14:27:23 AttenuationSystem update time: 291.470841ms
2025/08/05 14:27:23 Run 6 complete
2025/08/05 14:27:23 StationSystem update...
2025/08/05 14:27:23 weather update count: 1000
2025/08/05 14:27:23 StationSystem update time: 6.904µs
2025/08/05 14:27:23 SatelliteSystem update...
2025/08/05 14:27:23 satellite count: 900
2025/08/05 14:27:23 SatelliteSystem update time: 3.446422ms
2025/08/05 14:27:23 TopoSystem update...
2025/08/05 14:27:23 TopoSystem: Link count: 900000
2025/08/05 14:27:23 TopoSystem update time: 14.687657ms
2025/08/05 14:27:23 AttenuationSystem update...
2025/08/05 14:27:23 AttenuationSystem parallel flag: 0
2025/08/05 14:27:23 Attenuation computed count: 900000
2025/08/05 14:27:23 AttenuationSystem update time: 269.717455ms
2025/08/05 14:27:23 Run 7 complete
2025/08/05 14:27:23 StationSystem update...
2025/08/05 14:27:23 weather update count: 1000
2025/08/05 14:27:23 StationSystem update time: 7.896µs
2025/08/05 14:27:23 SatelliteSystem update...
2025/08/05 14:27:23 satellite count: 900
2025/08/05 14:27:23 SatelliteSystem update time: 3.435838ms
2025/08/05 14:27:23 TopoSystem update...
2025/08/05 14:27:23 TopoSystem: Link count: 900000
2025/08/05 14:27:23 TopoSystem update time: 14.817212ms
2025/08/05 14:27:23 AttenuationSystem update...
2025/08/05 14:27:23 AttenuationSystem parallel flag: 0
2025/08/05 14:27:23 Attenuation computed count: 900000
2025/08/05 14:27:23 AttenuationSystem update time: 283.946695ms
2025/08/05 14:27:23 Run 8 complete
2025/08/05 14:27:23 StationSystem update...
2025/08/05 14:27:23 weather update count: 1000
2025/08/05 14:27:23 StationSystem update time: 5.898µs
2025/08/05 14:27:23 SatelliteSystem update...
2025/08/05 14:27:23 satellite count: 900
2025/08/05 14:27:23 SatelliteSystem update time: 3.429716ms
2025/08/05 14:27:23 TopoSystem update...
2025/08/05 14:27:23 TopoSystem: Link count: 900000
2025/08/05 14:27:23 TopoSystem update time: 15.880441ms
2025/08/05 14:27:23 AttenuationSystem update...
2025/08/05 14:27:23 AttenuationSystem parallel flag: 0
2025/08/05 14:27:23 Attenuation computed count: 900000
2025/08/05 14:27:23 AttenuationSystem update time: 292.641229ms
2025/08/05 14:27:23 Run 9 complete
2025/08/05 14:27:23 StationSystem update...
2025/08/05 14:27:23 weather update count: 1000
2025/08/05 14:27:23 StationSystem update time: 5.941µs
2025/08/05 14:27:23 SatelliteSystem update...
2025/08/05 14:27:23 satellite count: 900
2025/08/05 14:27:23 SatelliteSystem update time: 3.434543ms
2025/08/05 14:27:23 TopoSystem update...
2025/08/05 14:27:23 TopoSystem: Link count: 900000
2025/08/05 14:27:23 TopoSystem update time: 15.018255ms
2025/08/05 14:27:23 AttenuationSystem update...
2025/08/05 14:27:23 AttenuationSystem parallel flag: 0
2025/08/05 14:27:24 Attenuation computed count: 900000
2025/08/05 14:27:24 AttenuationSystem update time: 293.067562ms
2025/08/05 14:27:24 Run 10 complete
2025/08/05 14:27:24 Total update time:  3.053960336s
2025/08/05 14:27:24 linkCache size: 40

 Performance counter stats for './scale_ecs 1000 900 10 2 8 0':

        20,470,480      cache-references                                                      
         4,954,905      cache-misses                     #   24.21% of all cache refs         

       3.062827499 seconds time elapsed

      20.760771000 seconds user
       0.122092000 seconds sys


