ECS running with 800 stations, 1100 satellites, 8 numWGs and 2 numBlocks for 10 rounds in 1 parallel pattern
2025/08/05 13:15:02 StationSystem update...
2025/08/05 13:15:02 weather update count: 800
2025/08/05 13:15:02 StationSystem update time: 5.27µs
2025/08/05 13:15:02 SatelliteSystem update...
2025/08/05 13:15:02 satellite count: 1100
2025/08/05 13:15:02 SatelliteSystem update time: 4.234939ms
2025/08/05 13:15:02 TopoSystem update...
2025/08/05 13:15:02 TopoSystem: Link count: 880000
2025/08/05 13:15:02 TopoSystem update time: 31.936586ms
2025/08/05 13:15:02 AttenuationSystem update...
2025/08/05 13:15:02 AttenuationSystem parallel flag: 1
2025/08/05 13:15:02 Attenuation computed count: 880000
2025/08/05 13:15:02 AttenuationSystem update time: 278.355181ms
2025/08/05 13:15:02 Run 1 complete
2025/08/05 13:15:02 StationSystem update...
2025/08/05 13:15:02 weather update count: 800
2025/08/05 13:15:02 StationSystem update time: 7.728µs
2025/08/05 13:15:02 SatelliteSystem update...
2025/08/05 13:15:02 satellite count: 1100
2025/08/05 13:15:02 SatelliteSystem update time: 4.29866ms
2025/08/05 13:15:02 TopoSystem update...
2025/08/05 13:15:02 TopoSystem: Link count: 880000
2025/08/05 13:15:02 TopoSystem update time: 26.081079ms
2025/08/05 13:15:02 AttenuationSystem update...
2025/08/05 13:15:02 AttenuationSystem parallel flag: 1
2025/08/05 13:15:02 Attenuation computed count: 880000
2025/08/05 13:15:02 AttenuationSystem update time: 267.616053ms
2025/08/05 13:15:02 Run 2 complete
2025/08/05 13:15:02 StationSystem update...
2025/08/05 13:15:02 weather update count: 800
2025/08/05 13:15:02 StationSystem update time: 20.331µs
2025/08/05 13:15:02 SatelliteSystem update...
2025/08/05 13:15:02 satellite count: 1100
2025/08/05 13:15:02 SatelliteSystem update time: 4.303543ms
2025/08/05 13:15:02 TopoSystem update...
2025/08/05 13:15:02 TopoSystem: Link count: 880000
2025/08/05 13:15:02 TopoSystem update time: 17.823961ms
2025/08/05 13:15:02 AttenuationSystem update...
2025/08/05 13:15:02 AttenuationSystem parallel flag: 1
2025/08/05 13:15:03 Attenuation computed count: 880000
2025/08/05 13:15:03 AttenuationSystem update time: 261.909249ms
2025/08/05 13:15:03 Run 3 complete
2025/08/05 13:15:03 StationSystem update...
2025/08/05 13:15:03 weather update count: 800
2025/08/05 13:15:03 StationSystem update time: 8.626µs
2025/08/05 13:15:03 SatelliteSystem update...
2025/08/05 13:15:03 satellite count: 1100
2025/08/05 13:15:03 SatelliteSystem update time: 4.248003ms
2025/08/05 13:15:03 TopoSystem update...
2025/08/05 13:15:03 TopoSystem: Link count: 880000
2025/08/05 13:15:03 TopoSystem update time: 24.640545ms
2025/08/05 13:15:03 AttenuationSystem update...
2025/08/05 13:15:03 AttenuationSystem parallel flag: 1
2025/08/05 13:15:03 Attenuation computed count: 880000
2025/08/05 13:15:03 AttenuationSystem update time: 280.471732ms
2025/08/05 13:15:03 Run 4 complete
2025/08/05 13:15:03 StationSystem update...
2025/08/05 13:15:03 weather update count: 800
2025/08/05 13:15:03 StationSystem update time: 22.996µs
2025/08/05 13:15:03 SatelliteSystem update...
2025/08/05 13:15:03 satellite count: 1100
2025/08/05 13:15:03 SatelliteSystem update time: 5.309578ms
2025/08/05 13:15:03 TopoSystem update...
2025/08/05 13:15:03 TopoSystem: Link count: 880000
2025/08/05 13:15:03 TopoSystem update time: 85.10749ms
2025/08/05 13:15:03 AttenuationSystem update...
2025/08/05 13:15:03 AttenuationSystem parallel flag: 1
2025/08/05 13:15:03 Attenuation computed count: 880000
2025/08/05 13:15:03 AttenuationSystem update time: 262.490185ms
2025/08/05 13:15:03 Run 5 complete
2025/08/05 13:15:03 StationSystem update...
2025/08/05 13:15:03 weather update count: 800
2025/08/05 13:15:03 StationSystem update time: 6.834µs
2025/08/05 13:15:03 SatelliteSystem update...
2025/08/05 13:15:03 satellite count: 1100
2025/08/05 13:15:03 SatelliteSystem update time: 4.205218ms
2025/08/05 13:15:03 TopoSystem update...
2025/08/05 13:15:03 TopoSystem: Link count: 880000
2025/08/05 13:15:03 TopoSystem update time: 34.761833ms
2025/08/05 13:15:03 AttenuationSystem update...
2025/08/05 13:15:03 AttenuationSystem parallel flag: 1
2025/08/05 13:15:04 Attenuation computed count: 880000
2025/08/05 13:15:04 AttenuationSystem update time: 288.004348ms
2025/08/05 13:15:04 Run 6 complete
2025/08/05 13:15:04 StationSystem update...
2025/08/05 13:15:04 weather update count: 800
2025/08/05 13:15:04 StationSystem update time: 5.766µs
2025/08/05 13:15:04 SatelliteSystem update...
2025/08/05 13:15:04 satellite count: 1100
2025/08/05 13:15:04 SatelliteSystem update time: 10.464919ms
2025/08/05 13:15:04 TopoSystem update...
2025/08/05 13:15:04 TopoSystem: Link count: 880000
2025/08/05 13:15:04 TopoSystem update time: 16.041646ms
2025/08/05 13:15:04 AttenuationSystem update...
2025/08/05 13:15:04 AttenuationSystem parallel flag: 1
2025/08/05 13:15:04 Attenuation computed count: 880000
2025/08/05 13:15:04 AttenuationSystem update time: 275.054122ms
2025/08/05 13:15:04 Run 7 complete
2025/08/05 13:15:04 StationSystem update...
2025/08/05 13:15:04 weather update count: 800
2025/08/05 13:15:04 StationSystem update time: 5.517µs
2025/08/05 13:15:04 SatelliteSystem update...
2025/08/05 13:15:04 satellite count: 1100
2025/08/05 13:15:04 SatelliteSystem update time: 4.27965ms
2025/08/05 13:15:04 TopoSystem update...
2025/08/05 13:15:04 TopoSystem: Link count: 880000
2025/08/05 13:15:04 TopoSystem update time: 32.671172ms
2025/08/05 13:15:04 AttenuationSystem update...
2025/08/05 13:15:04 AttenuationSystem parallel flag: 1
2025/08/05 13:15:04 Attenuation computed count: 880000
2025/08/05 13:15:04 AttenuationSystem update time: 290.354503ms
2025/08/05 13:15:04 Run 8 complete
2025/08/05 13:15:04 StationSystem update...
2025/08/05 13:15:04 weather update count: 800
2025/08/05 13:15:04 StationSystem update time: 6.396µs
2025/08/05 13:15:04 SatelliteSystem update...
2025/08/05 13:15:04 satellite count: 1100
2025/08/05 13:15:04 SatelliteSystem update time: 4.201618ms
2025/08/05 13:15:04 TopoSystem update...
2025/08/05 13:15:04 TopoSystem: Link count: 880000
2025/08/05 13:15:04 TopoSystem update time: 14.720594ms
2025/08/05 13:15:04 AttenuationSystem update...
2025/08/05 13:15:04 AttenuationSystem parallel flag: 1
2025/08/05 13:15:05 Attenuation computed count: 880000
2025/08/05 13:15:05 AttenuationSystem update time: 299.426519ms
2025/08/05 13:15:05 Run 9 complete
2025/08/05 13:15:05 StationSystem update...
2025/08/05 13:15:05 weather update count: 800
2025/08/05 13:15:05 StationSystem update time: 5.852µs
2025/08/05 13:15:05 SatelliteSystem update...
2025/08/05 13:15:05 satellite count: 1100
2025/08/05 13:15:05 SatelliteSystem update time: 4.384944ms
2025/08/05 13:15:05 TopoSystem update...
2025/08/05 13:15:05 TopoSystem: Link count: 880000
2025/08/05 13:15:05 TopoSystem update time: 23.813601ms
2025/08/05 13:15:05 AttenuationSystem update...
2025/08/05 13:15:05 AttenuationSystem parallel flag: 1
2025/08/05 13:15:05 Attenuation computed count: 880000
2025/08/05 13:15:05 AttenuationSystem update time: 264.268173ms
2025/08/05 13:15:05 Run 10 complete
2025/08/05 13:15:05 Total update time:  3.135561366s
2025/08/05 13:15:05 linkCache size: 40

 Performance counter stats for './scale_ecs 800 1100 10 8 2 1':

        20,666,904      cache-references                                                      
         5,548,172      cache-misses                     #   26.85% of all cache refs         

       3.143996132 seconds time elapsed

      21.007224000 seconds user
       0.156979000 seconds sys


