ECS running with 1000 stations, 800 satellites, 2 numWGs and 8 numBlocks for 10 rounds in 1 parallel pattern
2025/08/05 14:25:18 StationSystem update...
2025/08/05 14:25:18 weather update count: 1000
2025/08/05 14:25:18 StationSystem update time: 8.434µs
2025/08/05 14:25:18 SatelliteSystem update...
2025/08/05 14:25:18 satellite count: 800
2025/08/05 14:25:18 SatelliteSystem update time: 3.079431ms
2025/08/05 14:25:18 TopoSystem update...
2025/08/05 14:25:18 TopoSystem: Link count: 800000
2025/08/05 14:25:18 TopoSystem update time: 31.679117ms
2025/08/05 14:25:18 AttenuationSystem update...
2025/08/05 14:25:18 AttenuationSystem parallel flag: 1
2025/08/05 14:25:19 Attenuation computed count: 800000
2025/08/05 14:25:19 AttenuationSystem update time: 917.06628ms
2025/08/05 14:25:19 Run 1 complete
2025/08/05 14:25:19 StationSystem update...
2025/08/05 14:25:19 weather update count: 1000
2025/08/05 14:25:19 StationSystem update time: 10.777µs
2025/08/05 14:25:19 SatelliteSystem update...
2025/08/05 14:25:19 satellite count: 800
2025/08/05 14:25:19 SatelliteSystem update time: 3.105486ms
2025/08/05 14:25:19 TopoSystem update...
2025/08/05 14:25:19 TopoSystem: Link count: 800000
2025/08/05 14:25:19 TopoSystem update time: 27.451898ms
2025/08/05 14:25:19 AttenuationSystem update...
2025/08/05 14:25:19 AttenuationSystem parallel flag: 1
2025/08/05 14:25:20 Attenuation computed count: 800000
2025/08/05 14:25:20 AttenuationSystem update time: 940.257806ms
2025/08/05 14:25:20 Run 2 complete
2025/08/05 14:25:20 StationSystem update...
2025/08/05 14:25:20 weather update count: 1000
2025/08/05 14:25:20 StationSystem update time: 10.78µs
2025/08/05 14:25:20 SatelliteSystem update...
2025/08/05 14:25:20 satellite count: 800
2025/08/05 14:25:20 SatelliteSystem update time: 2.309034ms
2025/08/05 14:25:20 TopoSystem update...
2025/08/05 14:25:20 TopoSystem: Link count: 800000
2025/08/05 14:25:20 TopoSystem update time: 18.243152ms
2025/08/05 14:25:20 AttenuationSystem update...
2025/08/05 14:25:20 AttenuationSystem parallel flag: 1
2025/08/05 14:25:21 Attenuation computed count: 800000
2025/08/05 14:25:21 AttenuationSystem update time: 958.723719ms
2025/08/05 14:25:21 Run 3 complete
2025/08/05 14:25:21 StationSystem update...
2025/08/05 14:25:21 weather update count: 1000
2025/08/05 14:25:21 StationSystem update time: 10.925µs
2025/08/05 14:25:21 SatelliteSystem update...
2025/08/05 14:25:21 satellite count: 800
2025/08/05 14:25:21 SatelliteSystem update time: 3.713662ms
2025/08/05 14:25:21 TopoSystem update...
2025/08/05 14:25:21 TopoSystem: Link count: 800000
2025/08/05 14:25:21 TopoSystem update time: 48.806571ms
2025/08/05 14:25:21 AttenuationSystem update...
2025/08/05 14:25:21 AttenuationSystem parallel flag: 1
2025/08/05 14:25:22 Attenuation computed count: 800000
2025/08/05 14:25:22 AttenuationSystem update time: 844.020897ms
2025/08/05 14:25:22 Run 4 complete
2025/08/05 14:25:22 StationSystem update...
2025/08/05 14:25:22 weather update count: 1000
2025/08/05 14:25:22 StationSystem update time: 7.614µs
2025/08/05 14:25:22 SatelliteSystem update...
2025/08/05 14:25:22 satellite count: 800
2025/08/05 14:25:22 SatelliteSystem update time: 2.287539ms
2025/08/05 14:25:22 TopoSystem update...
2025/08/05 14:25:22 TopoSystem: Link count: 800000
2025/08/05 14:25:22 TopoSystem update time: 16.44572ms
2025/08/05 14:25:22 AttenuationSystem update...
2025/08/05 14:25:22 AttenuationSystem parallel flag: 1
2025/08/05 14:25:23 Attenuation computed count: 800000
2025/08/05 14:25:23 AttenuationSystem update time: 955.118964ms
2025/08/05 14:25:23 Run 5 complete
2025/08/05 14:25:23 StationSystem update...
2025/08/05 14:25:23 weather update count: 1000
2025/08/05 14:25:23 StationSystem update time: 6.787µs
2025/08/05 14:25:23 SatelliteSystem update...
2025/08/05 14:25:23 satellite count: 800
2025/08/05 14:25:23 SatelliteSystem update time: 3.074858ms
2025/08/05 14:25:23 TopoSystem update...
2025/08/05 14:25:23 TopoSystem: Link count: 800000
2025/08/05 14:25:23 TopoSystem update time: 17.660463ms
2025/08/05 14:25:23 AttenuationSystem update...
2025/08/05 14:25:23 AttenuationSystem parallel flag: 1
2025/08/05 14:25:24 Attenuation computed count: 800000
2025/08/05 14:25:24 AttenuationSystem update time: 958.033691ms
2025/08/05 14:25:24 Run 6 complete
2025/08/05 14:25:24 StationSystem update...
2025/08/05 14:25:24 weather update count: 1000
2025/08/05 14:25:24 StationSystem update time: 6.885µs
2025/08/05 14:25:24 SatelliteSystem update...
2025/08/05 14:25:24 satellite count: 800
2025/08/05 14:25:24 SatelliteSystem update time: 3.066961ms
2025/08/05 14:25:24 TopoSystem update...
2025/08/05 14:25:24 TopoSystem: Link count: 800000
2025/08/05 14:25:24 TopoSystem update time: 15.782392ms
2025/08/05 14:25:24 AttenuationSystem update...
2025/08/05 14:25:24 AttenuationSystem parallel flag: 1
2025/08/05 14:25:25 Attenuation computed count: 800000
2025/08/05 14:25:25 AttenuationSystem update time: 980.924966ms
2025/08/05 14:25:25 Run 7 complete
2025/08/05 14:25:25 StationSystem update...
2025/08/05 14:25:25 weather update count: 1000
2025/08/05 14:25:25 StationSystem update time: 47.199µs
2025/08/05 14:25:25 SatelliteSystem update...
2025/08/05 14:25:25 satellite count: 800
2025/08/05 14:25:25 SatelliteSystem update time: 3.400002ms
2025/08/05 14:25:25 TopoSystem update...
2025/08/05 14:25:25 TopoSystem: Link count: 800000
2025/08/05 14:25:25 TopoSystem update time: 58.8458ms
2025/08/05 14:25:25 AttenuationSystem update...
2025/08/05 14:25:25 AttenuationSystem parallel flag: 1
2025/08/05 14:25:26 Attenuation computed count: 800000
2025/08/05 14:25:26 AttenuationSystem update time: 948.71144ms
2025/08/05 14:25:26 Run 8 complete
2025/08/05 14:25:26 StationSystem update...
2025/08/05 14:25:26 weather update count: 1000
2025/08/05 14:25:26 StationSystem update time: 5.896µs
2025/08/05 14:25:26 SatelliteSystem update...
2025/08/05 14:25:26 satellite count: 800
2025/08/05 14:25:26 SatelliteSystem update time: 3.111364ms
2025/08/05 14:25:26 TopoSystem update...
2025/08/05 14:25:26 TopoSystem: Link count: 800000
2025/08/05 14:25:26 TopoSystem update time: 37.872527ms
2025/08/05 14:25:26 AttenuationSystem update...
2025/08/05 14:25:26 AttenuationSystem parallel flag: 1
2025/08/05 14:25:27 Attenuation computed count: 800000
2025/08/05 14:25:27 AttenuationSystem update time: 910.787961ms
2025/08/05 14:25:27 Run 9 complete
2025/08/05 14:25:27 StationSystem update...
2025/08/05 14:25:27 weather update count: 1000
2025/08/05 14:25:27 StationSystem update time: 6.679µs
2025/08/05 14:25:27 SatelliteSystem update...
2025/08/05 14:25:27 satellite count: 800
2025/08/05 14:25:27 SatelliteSystem update time: 3.069878ms
2025/08/05 14:25:27 TopoSystem update...
2025/08/05 14:25:27 TopoSystem: Link count: 800000
2025/08/05 14:25:27 TopoSystem update time: 12.597514ms
2025/08/05 14:25:27 AttenuationSystem update...
2025/08/05 14:25:27 AttenuationSystem parallel flag: 1
2025/08/05 14:25:28 Attenuation computed count: 800000
2025/08/05 14:25:28 AttenuationSystem update time: 916.738163ms
2025/08/05 14:25:28 Run 10 complete
2025/08/05 14:25:28 Total update time:  9.654957021s
2025/08/05 14:25:28 linkCache size: 40

 Performance counter stats for './scale_ecs 1000 800 10 2 8 1':

        20,256,557      cache-references                                                      
         5,935,312      cache-misses                     #   29.30% of all cache refs         

       9.668532403 seconds time elapsed

      18.532859000 seconds user
       0.226022000 seconds sys


