ECS running with 1000 stations, 1300 satellites, 4 numWGs and 8 numBlocks for 10 rounds in 0 parallel pattern
2025/08/05 14:37:54 StationSystem update...
2025/08/05 14:37:54 weather update count: 1000
2025/08/05 14:37:54 StationSystem update time: 7.385µs
2025/08/05 14:37:54 SatelliteSystem update...
2025/08/05 14:37:54 satellite count: 1300
2025/08/05 14:37:54 SatelliteSystem update time: 4.940618ms
2025/08/05 14:37:54 TopoSystem update...
2025/08/05 14:37:54 TopoSystem: Link count: 1300000
2025/08/05 14:37:54 TopoSystem update time: 41.450504ms
2025/08/05 14:37:54 AttenuationSystem update...
2025/08/05 14:37:54 AttenuationSystem parallel flag: 0
2025/08/05 14:37:54 Attenuation computed count: 1300000
2025/08/05 14:37:54 AttenuationSystem update time: 403.130461ms
2025/08/05 14:37:54 Run 1 complete
2025/08/05 14:37:54 StationSystem update...
2025/08/05 14:37:54 weather update count: 1000
2025/08/05 14:37:54 StationSystem update time: 7.365µs
2025/08/05 14:37:54 SatelliteSystem update...
2025/08/05 14:37:54 satellite count: 1300
2025/08/05 14:37:54 SatelliteSystem update time: 4.955748ms
2025/08/05 14:37:54 TopoSystem update...
2025/08/05 14:37:54 TopoSystem: Link count: 1300000
2025/08/05 14:37:54 TopoSystem update time: 38.284218ms
2025/08/05 14:37:54 AttenuationSystem update...
2025/08/05 14:37:54 AttenuationSystem parallel flag: 0
2025/08/05 14:37:55 Attenuation computed count: 1300000
2025/08/05 14:37:55 AttenuationSystem update time: 379.881427ms
2025/08/05 14:37:55 Run 2 complete
2025/08/05 14:37:55 StationSystem update...
2025/08/05 14:37:55 weather update count: 1000
2025/08/05 14:37:55 StationSystem update time: 6.018µs
2025/08/05 14:37:55 SatelliteSystem update...
2025/08/05 14:37:55 satellite count: 1300
2025/08/05 14:37:55 SatelliteSystem update time: 4.964076ms
2025/08/05 14:37:55 TopoSystem update...
2025/08/05 14:37:55 TopoSystem: Link count: 1300000
2025/08/05 14:37:55 TopoSystem update time: 20.799433ms
2025/08/05 14:37:55 AttenuationSystem update...
2025/08/05 14:37:55 AttenuationSystem parallel flag: 0
2025/08/05 14:37:55 Attenuation computed count: 1300000
2025/08/05 14:37:55 AttenuationSystem update time: 430.684884ms
2025/08/05 14:37:55 Run 3 complete
2025/08/05 14:37:55 SatelliteSystem update...
2025/08/05 14:37:55 StationSystem update...
2025/08/05 14:37:55 weather update count: 1000
2025/08/05 14:37:55 StationSystem update time: 14.555µs
2025/08/05 14:37:55 satellite count: 1300
2025/08/05 14:37:55 SatelliteSystem update time: 5.974353ms
2025/08/05 14:37:55 TopoSystem update...
2025/08/05 14:37:55 TopoSystem: Link count: 1300000
2025/08/05 14:37:55 TopoSystem update time: 43.649423ms
2025/08/05 14:37:55 AttenuationSystem update...
2025/08/05 14:37:55 AttenuationSystem parallel flag: 0
2025/08/05 14:37:56 Attenuation computed count: 1300000
2025/08/05 14:37:56 AttenuationSystem update time: 403.256408ms
2025/08/05 14:37:56 Run 4 complete
2025/08/05 14:37:56 StationSystem update...
2025/08/05 14:37:56 weather update count: 1000
2025/08/05 14:37:56 StationSystem update time: 6.753µs
2025/08/05 14:37:56 SatelliteSystem update...
2025/08/05 14:37:56 satellite count: 1300
2025/08/05 14:37:56 SatelliteSystem update time: 4.955889ms
2025/08/05 14:37:56 TopoSystem update...
2025/08/05 14:37:56 TopoSystem: Link count: 1300000
2025/08/05 14:37:56 TopoSystem update time: 44.752383ms
2025/08/05 14:37:56 AttenuationSystem update...
2025/08/05 14:37:56 AttenuationSystem parallel flag: 0
2025/08/05 14:37:56 Attenuation computed count: 1300000
2025/08/05 14:37:56 AttenuationSystem update time: 373.078316ms
2025/08/05 14:37:56 Run 5 complete
2025/08/05 14:37:56 StationSystem update...
2025/08/05 14:37:56 weather update count: 1000
2025/08/05 14:37:56 StationSystem update time: 6.499µs
2025/08/05 14:37:56 SatelliteSystem update...
2025/08/05 14:37:56 satellite count: 1300
2025/08/05 14:37:56 SatelliteSystem update time: 4.937493ms
2025/08/05 14:37:56 TopoSystem update...
2025/08/05 14:37:56 TopoSystem: Link count: 1300000
2025/08/05 14:37:56 TopoSystem update time: 19.209045ms
2025/08/05 14:37:56 AttenuationSystem update...
2025/08/05 14:37:56 AttenuationSystem parallel flag: 0
2025/08/05 14:37:57 Attenuation computed count: 1300000
2025/08/05 14:37:57 AttenuationSystem update time: 406.873765ms
2025/08/05 14:37:57 Run 6 complete
2025/08/05 14:37:57 StationSystem update...
2025/08/05 14:37:57 weather update count: 1000
2025/08/05 14:37:57 StationSystem update time: 6.333µs
2025/08/05 14:37:57 SatelliteSystem update...
2025/08/05 14:37:57 satellite count: 1300
2025/08/05 14:37:57 SatelliteSystem update time: 4.945172ms
2025/08/05 14:37:57 TopoSystem update...
2025/08/05 14:37:57 TopoSystem: Link count: 1300000
2025/08/05 14:37:57 TopoSystem update time: 20.186527ms
2025/08/05 14:37:57 AttenuationSystem update...
2025/08/05 14:37:57 AttenuationSystem parallel flag: 0
2025/08/05 14:37:57 Attenuation computed count: 1300000
2025/08/05 14:37:57 AttenuationSystem update time: 364.796431ms
2025/08/05 14:37:57 Run 7 complete
2025/08/05 14:37:57 StationSystem update...
2025/08/05 14:37:57 weather update count: 1000
2025/08/05 14:37:57 StationSystem update time: 15.544µs
2025/08/05 14:37:57 SatelliteSystem update...
2025/08/05 14:37:57 satellite count: 1300
2025/08/05 14:37:57 SatelliteSystem update time: 4.952971ms
2025/08/05 14:37:57 TopoSystem update...
2025/08/05 14:37:57 TopoSystem: Link count: 1300000
2025/08/05 14:37:57 TopoSystem update time: 20.39412ms
2025/08/05 14:37:57 AttenuationSystem update...
2025/08/05 14:37:57 AttenuationSystem parallel flag: 0
2025/08/05 14:37:57 Attenuation computed count: 1300000
2025/08/05 14:37:57 AttenuationSystem update time: 374.369516ms
2025/08/05 14:37:57 Run 8 complete
2025/08/05 14:37:57 StationSystem update...
2025/08/05 14:37:57 weather update count: 1000
2025/08/05 14:37:57 StationSystem update time: 18.362µs
2025/08/05 14:37:57 SatelliteSystem update...
2025/08/05 14:37:57 satellite count: 1300
2025/08/05 14:37:57 SatelliteSystem update time: 5.347981ms
2025/08/05 14:37:57 TopoSystem update...
2025/08/05 14:37:57 TopoSystem: Link count: 1300000
2025/08/05 14:37:57 TopoSystem update time: 70.616937ms
2025/08/05 14:37:57 AttenuationSystem update...
2025/08/05 14:37:57 AttenuationSystem parallel flag: 0
2025/08/05 14:37:58 Attenuation computed count: 1300000
2025/08/05 14:37:58 AttenuationSystem update time: 385.453684ms
2025/08/05 14:37:58 Run 9 complete
2025/08/05 14:37:58 StationSystem update...
2025/08/05 14:37:58 weather update count: 1000
2025/08/05 14:37:58 StationSystem update time: 6.821µs
2025/08/05 14:37:58 SatelliteSystem update...
2025/08/05 14:37:58 satellite count: 1300
2025/08/05 14:37:58 SatelliteSystem update time: 4.939577ms
2025/08/05 14:37:58 TopoSystem update...
2025/08/05 14:37:58 TopoSystem: Link count: 1300000
2025/08/05 14:37:58 TopoSystem update time: 36.803501ms
2025/08/05 14:37:58 AttenuationSystem update...
2025/08/05 14:37:58 AttenuationSystem parallel flag: 0
2025/08/05 14:37:58 Attenuation computed count: 1300000
2025/08/05 14:37:58 AttenuationSystem update time: 406.09384ms
2025/08/05 14:37:58 Run 10 complete
2025/08/05 14:37:58 Total update time:  4.346156808s
2025/08/05 14:37:58 linkCache size: 40

 Performance counter stats for './scale_ecs 1000 1300 10 4 8 0':

        29,898,990      cache-references                                                      
         8,147,231      cache-misses                     #   27.25% of all cache refs         

       4.355688472 seconds time elapsed

      28.965353000 seconds user
       0.230962000 seconds sys


