ECS running with 700 stations, 2000 satellites, 4 numWGs and 2 numBlocks for 10 rounds in 1 parallel pattern
2025/08/05 13:03:22 StationSystem update...
2025/08/05 13:03:22 weather update count: 700
2025/08/05 13:03:22 SatelliteSystem update...
2025/08/05 13:03:22 StationSystem update time: 6.064µs
2025/08/05 13:03:22 satellite count: 2000
2025/08/05 13:03:22 SatelliteSystem update time: 7.620709ms
2025/08/05 13:03:22 TopoSystem update...
2025/08/05 13:03:22 TopoSystem: Link count: 1400000
2025/08/05 13:03:22 TopoSystem update time: 42.358444ms
2025/08/05 13:03:22 AttenuationSystem update...
2025/08/05 13:03:22 AttenuationSystem parallel flag: 1
2025/08/05 13:03:23 Attenuation computed count: 1400000
2025/08/05 13:03:23 AttenuationSystem update time: 805.284036ms
2025/08/05 13:03:23 Run 1 complete
2025/08/05 13:03:23 StationSystem update...
2025/08/05 13:03:23 weather update count: 700
2025/08/05 13:03:23 StationSystem update time: 5.876µs
2025/08/05 13:03:23 SatelliteSystem update...
2025/08/05 13:03:23 satellite count: 2000
2025/08/05 13:03:23 SatelliteSystem update time: 7.694373ms
2025/08/05 13:03:23 TopoSystem update...
2025/08/05 13:03:23 TopoSystem: Link count: 1400000
2025/08/05 13:03:23 TopoSystem update time: 37.65564ms
2025/08/05 13:03:23 AttenuationSystem update...
2025/08/05 13:03:23 AttenuationSystem parallel flag: 1
2025/08/05 13:03:24 Attenuation computed count: 1400000
2025/08/05 13:03:24 AttenuationSystem update time: 843.609986ms
2025/08/05 13:03:24 Run 2 complete
2025/08/05 13:03:24 StationSystem update...
2025/08/05 13:03:24 weather update count: 700
2025/08/05 13:03:24 StationSystem update time: 19.036µs
2025/08/05 13:03:24 SatelliteSystem update...
2025/08/05 13:03:24 satellite count: 2000
2025/08/05 13:03:24 SatelliteSystem update time: 8.29826ms
2025/08/05 13:03:24 TopoSystem update...
2025/08/05 13:03:24 TopoSystem: Link count: 1400000
2025/08/05 13:03:24 TopoSystem update time: 57.632259ms
2025/08/05 13:03:24 AttenuationSystem update...
2025/08/05 13:03:24 AttenuationSystem parallel flag: 1
2025/08/05 13:03:25 Attenuation computed count: 1400000
2025/08/05 13:03:25 AttenuationSystem update time: 839.59524ms
2025/08/05 13:03:25 Run 3 complete
2025/08/05 13:03:25 StationSystem update...
2025/08/05 13:03:25 weather update count: 700
2025/08/05 13:03:25 StationSystem update time: 4.938µs
2025/08/05 13:03:25 SatelliteSystem update...
2025/08/05 13:03:25 satellite count: 2000
2025/08/05 13:03:25 SatelliteSystem update time: 7.601506ms
2025/08/05 13:03:25 TopoSystem update...
2025/08/05 13:03:25 TopoSystem: Link count: 1400000
2025/08/05 13:03:25 TopoSystem update time: 26.245107ms
2025/08/05 13:03:25 AttenuationSystem update...
2025/08/05 13:03:25 AttenuationSystem parallel flag: 1
2025/08/05 13:03:26 Attenuation computed count: 1400000
2025/08/05 13:03:26 AttenuationSystem update time: 814.747662ms
2025/08/05 13:03:26 Run 4 complete
2025/08/05 13:03:26 StationSystem update...
2025/08/05 13:03:26 weather update count: 700
2025/08/05 13:03:26 StationSystem update time: 5.906µs
2025/08/05 13:03:26 SatelliteSystem update...
2025/08/05 13:03:26 satellite count: 2000
2025/08/05 13:03:26 SatelliteSystem update time: 7.584869ms
2025/08/05 13:03:26 TopoSystem update...
2025/08/05 13:03:26 TopoSystem: Link count: 1400000
2025/08/05 13:03:26 TopoSystem update time: 23.183636ms
2025/08/05 13:03:26 AttenuationSystem update...
2025/08/05 13:03:26 AttenuationSystem parallel flag: 1
2025/08/05 13:03:27 Attenuation computed count: 1400000
2025/08/05 13:03:27 AttenuationSystem update time: 850.303851ms
2025/08/05 13:03:27 Run 5 complete
2025/08/05 13:03:27 StationSystem update...
2025/08/05 13:03:27 weather update count: 700
2025/08/05 13:03:27 StationSystem update time: 13.771µs
2025/08/05 13:03:27 SatelliteSystem update...
2025/08/05 13:03:27 satellite count: 2000
2025/08/05 13:03:27 SatelliteSystem update time: 9.277124ms
2025/08/05 13:03:27 TopoSystem update...
2025/08/05 13:03:27 TopoSystem: Link count: 1400000
2025/08/05 13:03:27 TopoSystem update time: 48.869995ms
2025/08/05 13:03:27 AttenuationSystem update...
2025/08/05 13:03:27 AttenuationSystem parallel flag: 1
2025/08/05 13:03:28 Attenuation computed count: 1400000
2025/08/05 13:03:28 AttenuationSystem update time: 832.969241ms
2025/08/05 13:03:28 Run 6 complete
2025/08/05 13:03:28 StationSystem update...
2025/08/05 13:03:28 weather update count: 700
2025/08/05 13:03:28 StationSystem update time: 3.56µs
2025/08/05 13:03:28 SatelliteSystem update...
2025/08/05 13:03:28 satellite count: 2000
2025/08/05 13:03:28 SatelliteSystem update time: 7.560581ms
2025/08/05 13:03:28 TopoSystem update...
2025/08/05 13:03:28 TopoSystem: Link count: 1400000
2025/08/05 13:03:28 TopoSystem update time: 53.166043ms
2025/08/05 13:03:28 AttenuationSystem update...
2025/08/05 13:03:28 AttenuationSystem parallel flag: 1
2025/08/05 13:03:28 Attenuation computed count: 1400000
2025/08/05 13:03:28 AttenuationSystem update time: 811.717397ms
2025/08/05 13:03:28 Run 7 complete
2025/08/05 13:03:28 StationSystem update...
2025/08/05 13:03:28 weather update count: 700
2025/08/05 13:03:28 StationSystem update time: 4.888µs
2025/08/05 13:03:28 SatelliteSystem update...
2025/08/05 13:03:28 satellite count: 2000
2025/08/05 13:03:28 SatelliteSystem update time: 7.555233ms
2025/08/05 13:03:28 TopoSystem update...
2025/08/05 13:03:28 TopoSystem: Link count: 1400000
2025/08/05 13:03:28 TopoSystem update time: 47.547577ms
2025/08/05 13:03:28 AttenuationSystem update...
2025/08/05 13:03:28 AttenuationSystem parallel flag: 1
2025/08/05 13:03:29 Attenuation computed count: 1400000
2025/08/05 13:03:29 AttenuationSystem update time: 827.51822ms
2025/08/05 13:03:29 Run 8 complete
2025/08/05 13:03:29 StationSystem update...
2025/08/05 13:03:29 weather update count: 700
2025/08/05 13:03:29 StationSystem update time: 5.892µs
2025/08/05 13:03:29 SatelliteSystem update...
2025/08/05 13:03:29 satellite count: 2000
2025/08/05 13:03:29 SatelliteSystem update time: 7.553711ms
2025/08/05 13:03:29 TopoSystem update...
2025/08/05 13:03:29 TopoSystem: Link count: 1400000
2025/08/05 13:03:29 TopoSystem update time: 27.433187ms
2025/08/05 13:03:29 AttenuationSystem update...
2025/08/05 13:03:29 AttenuationSystem parallel flag: 1
2025/08/05 13:03:30 Attenuation computed count: 1400000
2025/08/05 13:03:30 AttenuationSystem update time: 847.143943ms
2025/08/05 13:03:30 Run 9 complete
2025/08/05 13:03:30 StationSystem update...
2025/08/05 13:03:30 weather update count: 700
2025/08/05 13:03:30 StationSystem update time: 8.405µs
2025/08/05 13:03:30 SatelliteSystem update...
2025/08/05 13:03:30 satellite count: 2000
2025/08/05 13:03:30 SatelliteSystem update time: 7.58786ms
2025/08/05 13:03:30 TopoSystem update...
2025/08/05 13:03:30 TopoSystem: Link count: 1400000
2025/08/05 13:03:30 TopoSystem update time: 23.424053ms
2025/08/05 13:03:30 AttenuationSystem update...
2025/08/05 13:03:30 AttenuationSystem parallel flag: 1
2025/08/05 13:03:31 Attenuation computed count: 1400000
2025/08/05 13:03:31 AttenuationSystem update time: 818.046808ms
2025/08/05 13:03:31 Run 10 complete
2025/08/05 13:03:31 Total update time:  8.770680886s
2025/08/05 13:03:31 linkCache size: 40

 Performance counter stats for './scale_ecs 700 2000 10 4 2 1':

        33,541,468      cache-references                                                      
         9,837,610      cache-misses                     #   29.33% of all cache refs         

       8.788295114 seconds time elapsed

      32.821891000 seconds user
       0.264135000 seconds sys


