ECS running with 600 stations, 900 satellites, 4 numWGs and 8 numBlocks for 10 rounds in 1 parallel pattern
2025/08/05 12:12:29 StationSystem update...
2025/08/05 12:12:29 weather update count: 600
2025/08/05 12:12:29 StationSystem update time: 4.408µs
2025/08/05 12:12:29 SatelliteSystem update...
2025/08/05 12:12:29 satellite count: 900
2025/08/05 12:12:29 SatelliteSystem update time: 3.427458ms
2025/08/05 12:12:29 TopoSystem update...
2025/08/05 12:12:29 TopoSystem: Link count: 540000
2025/08/05 12:12:29 TopoSystem update time: 17.547737ms
2025/08/05 12:12:29 AttenuationSystem update...
2025/08/05 12:12:29 AttenuationSystem parallel flag: 1
2025/08/05 12:12:29 Attenuation computed count: 540000
2025/08/05 12:12:29 AttenuationSystem update time: 309.609037ms
2025/08/05 12:12:29 Run 1 complete
2025/08/05 12:12:29 StationSystem update...
2025/08/05 12:12:29 weather update count: 600
2025/08/05 12:12:29 StationSystem update time: 4.126µs
2025/08/05 12:12:29 SatelliteSystem update...
2025/08/05 12:12:29 satellite count: 900
2025/08/05 12:12:29 SatelliteSystem update time: 3.43845ms
2025/08/05 12:12:29 TopoSystem update...
2025/08/05 12:12:29 TopoSystem: Link count: 540000
2025/08/05 12:12:29 TopoSystem update time: 10.194835ms
2025/08/05 12:12:29 AttenuationSystem update...
2025/08/05 12:12:29 AttenuationSystem parallel flag: 1
2025/08/05 12:12:29 Attenuation computed count: 540000
2025/08/05 12:12:29 AttenuationSystem update time: 342.072262ms
2025/08/05 12:12:29 Run 2 complete
2025/08/05 12:12:29 StationSystem update...
2025/08/05 12:12:29 weather update count: 600
2025/08/05 12:12:29 StationSystem update time: 4.851µs
2025/08/05 12:12:29 SatelliteSystem update...
2025/08/05 12:12:29 satellite count: 900
2025/08/05 12:12:29 SatelliteSystem update time: 3.418695ms
2025/08/05 12:12:29 TopoSystem update...
2025/08/05 12:12:29 TopoSystem: Link count: 540000
2025/08/05 12:12:29 TopoSystem update time: 11.526359ms
2025/08/05 12:12:29 AttenuationSystem update...
2025/08/05 12:12:29 AttenuationSystem parallel flag: 1
2025/08/05 12:12:30 Attenuation computed count: 540000
2025/08/05 12:12:30 AttenuationSystem update time: 335.417328ms
2025/08/05 12:12:30 Run 3 complete
2025/08/05 12:12:30 StationSystem update...
2025/08/05 12:12:30 weather update count: 600
2025/08/05 12:12:30 StationSystem update time: 4.552µs
2025/08/05 12:12:30 SatelliteSystem update...
2025/08/05 12:12:30 satellite count: 900
2025/08/05 12:12:30 SatelliteSystem update time: 3.432355ms
2025/08/05 12:12:30 TopoSystem update...
2025/08/05 12:12:30 TopoSystem: Link count: 540000
2025/08/05 12:12:30 TopoSystem update time: 8.751056ms
2025/08/05 12:12:30 AttenuationSystem update...
2025/08/05 12:12:30 AttenuationSystem parallel flag: 1
2025/08/05 12:12:30 Attenuation computed count: 540000
2025/08/05 12:12:30 AttenuationSystem update time: 349.416703ms
2025/08/05 12:12:30 Run 4 complete
2025/08/05 12:12:30 StationSystem update...
2025/08/05 12:12:30 weather update count: 600
2025/08/05 12:12:30 StationSystem update time: 4.323µs
2025/08/05 12:12:30 SatelliteSystem update...
2025/08/05 12:12:30 satellite count: 900
2025/08/05 12:12:30 SatelliteSystem update time: 3.415898ms
2025/08/05 12:12:30 TopoSystem update...
2025/08/05 12:12:30 TopoSystem: Link count: 540000
2025/08/05 12:12:30 TopoSystem update time: 9.697606ms
2025/08/05 12:12:30 AttenuationSystem update...
2025/08/05 12:12:30 AttenuationSystem parallel flag: 1
2025/08/05 12:12:31 Attenuation computed count: 540000
2025/08/05 12:12:31 AttenuationSystem update time: 345.512366ms
2025/08/05 12:12:31 Run 5 complete
2025/08/05 12:12:31 StationSystem update...
2025/08/05 12:12:31 weather update count: 600
2025/08/05 12:12:31 StationSystem update time: 4.751µs
2025/08/05 12:12:31 SatelliteSystem update...
2025/08/05 12:12:31 satellite count: 900
2025/08/05 12:12:31 SatelliteSystem update time: 3.441122ms
2025/08/05 12:12:31 TopoSystem update...
2025/08/05 12:12:31 TopoSystem: Link count: 540000
2025/08/05 12:12:31 TopoSystem update time: 14.883487ms
2025/08/05 12:12:31 AttenuationSystem update...
2025/08/05 12:12:31 AttenuationSystem parallel flag: 1
2025/08/05 12:12:31 Attenuation computed count: 540000
2025/08/05 12:12:31 AttenuationSystem update time: 390.598962ms
2025/08/05 12:12:31 Run 6 complete
2025/08/05 12:12:31 StationSystem update...
2025/08/05 12:12:31 weather update count: 600
2025/08/05 12:12:31 StationSystem update time: 14.352µs
2025/08/05 12:12:31 SatelliteSystem update...
2025/08/05 12:12:31 satellite count: 900
2025/08/05 12:12:31 SatelliteSystem update time: 4.164134ms
2025/08/05 12:12:31 TopoSystem update...
2025/08/05 12:12:31 TopoSystem: Link count: 540000
2025/08/05 12:12:31 TopoSystem update time: 25.599815ms
2025/08/05 12:12:31 AttenuationSystem update...
2025/08/05 12:12:31 AttenuationSystem parallel flag: 1
2025/08/05 12:12:31 Attenuation computed count: 540000
2025/08/05 12:12:31 AttenuationSystem update time: 351.872814ms
2025/08/05 12:12:31 Run 7 complete
2025/08/05 12:12:31 StationSystem update...
2025/08/05 12:12:31 weather update count: 600
2025/08/05 12:12:31 StationSystem update time: 4.415µs
2025/08/05 12:12:31 SatelliteSystem update...
2025/08/05 12:12:31 satellite count: 900
2025/08/05 12:12:31 SatelliteSystem update time: 3.440673ms
2025/08/05 12:12:31 TopoSystem update...
2025/08/05 12:12:31 TopoSystem: Link count: 540000
2025/08/05 12:12:31 TopoSystem update time: 15.443201ms
2025/08/05 12:12:31 AttenuationSystem update...
2025/08/05 12:12:31 AttenuationSystem parallel flag: 1
2025/08/05 12:12:32 Attenuation computed count: 540000
2025/08/05 12:12:32 AttenuationSystem update time: 349.431737ms
2025/08/05 12:12:32 Run 8 complete
2025/08/05 12:12:32 StationSystem update...
2025/08/05 12:12:32 weather update count: 600
2025/08/05 12:12:32 StationSystem update time: 3.84µs
2025/08/05 12:12:32 SatelliteSystem update...
2025/08/05 12:12:32 satellite count: 900
2025/08/05 12:12:32 SatelliteSystem update time: 3.419973ms
2025/08/05 12:12:32 TopoSystem update...
2025/08/05 12:12:32 TopoSystem: Link count: 540000
2025/08/05 12:12:32 TopoSystem update time: 9.763721ms
2025/08/05 12:12:32 AttenuationSystem update...
2025/08/05 12:12:32 AttenuationSystem parallel flag: 1
2025/08/05 12:12:32 Attenuation computed count: 540000
2025/08/05 12:12:32 AttenuationSystem update time: 353.115803ms
2025/08/05 12:12:32 Run 9 complete
2025/08/05 12:12:32 StationSystem update...
2025/08/05 12:12:32 weather update count: 600
2025/08/05 12:12:32 StationSystem update time: 4.383µs
2025/08/05 12:12:32 SatelliteSystem update...
2025/08/05 12:12:32 satellite count: 900
2025/08/05 12:12:32 SatelliteSystem update time: 3.450583ms
2025/08/05 12:12:32 TopoSystem update...
2025/08/05 12:12:32 TopoSystem: Link count: 540000
2025/08/05 12:12:32 TopoSystem update time: 21.366467ms
2025/08/05 12:12:32 AttenuationSystem update...
2025/08/05 12:12:32 AttenuationSystem parallel flag: 1
2025/08/05 12:12:32 Attenuation computed count: 540000
2025/08/05 12:12:32 AttenuationSystem update time: 345.882009ms
2025/08/05 12:12:32 Run 10 complete
2025/08/05 12:12:32 Total update time:  3.660061994s
2025/08/05 12:12:32 linkCache size: 40

 Performance counter stats for './scale_ecs 600 900 10 4 8 1':

        13,857,442      cache-references                                                      
         2,981,125      cache-misses                     #   21.51% of all cache refs         

       3.666556788 seconds time elapsed

      12.981733000 seconds user
       0.102839000 seconds sys


