ECS running with 900 stations, 1400 satellites, 8 numWGs and 4 numBlocks for 10 rounds in 1 parallel pattern
2025/08/05 13:59:41 StationSystem update...
2025/08/05 13:59:41 weather update count: 900
2025/08/05 13:59:41 SatelliteSystem update...
2025/08/05 13:59:41 StationSystem update time: 6.824µs
2025/08/05 13:59:41 satellite count: 1400
2025/08/05 13:59:41 SatelliteSystem update time: 5.303021ms
2025/08/05 13:59:41 TopoSystem update...
2025/08/05 13:59:41 TopoSystem: Link count: 1260000
2025/08/05 13:59:41 TopoSystem update time: 41.074306ms
2025/08/05 13:59:41 AttenuationSystem update...
2025/08/05 13:59:41 AttenuationSystem parallel flag: 1
2025/08/05 13:59:41 Attenuation computed count: 1260000
2025/08/05 13:59:41 AttenuationSystem update time: 403.883793ms
2025/08/05 13:59:41 Run 1 complete
2025/08/05 13:59:41 StationSystem update...
2025/08/05 13:59:41 weather update count: 900
2025/08/05 13:59:41 StationSystem update time: 5.632µs
2025/08/05 13:59:41 SatelliteSystem update...
2025/08/05 13:59:41 satellite count: 1400
2025/08/05 13:59:41 SatelliteSystem update time: 5.378709ms
2025/08/05 13:59:41 TopoSystem update...
2025/08/05 13:59:41 TopoSystem: Link count: 1260000
2025/08/05 13:59:41 TopoSystem update time: 34.559273ms
2025/08/05 13:59:41 AttenuationSystem update...
2025/08/05 13:59:41 AttenuationSystem parallel flag: 1
2025/08/05 13:59:41 Attenuation computed count: 1260000
2025/08/05 13:59:41 AttenuationSystem update time: 417.364217ms
2025/08/05 13:59:41 Run 2 complete
2025/08/05 13:59:41 StationSystem update...
2025/08/05 13:59:41 weather update count: 900
2025/08/05 13:59:41 StationSystem update time: 8.011µs
2025/08/05 13:59:41 SatelliteSystem update...
2025/08/05 13:59:41 satellite count: 1400
2025/08/05 13:59:41 SatelliteSystem update time: 5.343496ms
2025/08/05 13:59:41 TopoSystem update...
2025/08/05 13:59:42 TopoSystem: Link count: 1260000
2025/08/05 13:59:42 TopoSystem update time: 20.597474ms
2025/08/05 13:59:42 AttenuationSystem update...
2025/08/05 13:59:42 AttenuationSystem parallel flag: 1
2025/08/05 13:59:42 Attenuation computed count: 1260000
2025/08/05 13:59:42 AttenuationSystem update time: 442.580464ms
2025/08/05 13:59:42 Run 3 complete
2025/08/05 13:59:42 StationSystem update...
2025/08/05 13:59:42 weather update count: 900
2025/08/05 13:59:42 StationSystem update time: 17.74µs
2025/08/05 13:59:42 SatelliteSystem update...
2025/08/05 13:59:42 satellite count: 1400
2025/08/05 13:59:42 SatelliteSystem update time: 5.878963ms
2025/08/05 13:59:42 TopoSystem update...
2025/08/05 13:59:42 TopoSystem: Link count: 1260000
2025/08/05 13:59:42 TopoSystem update time: 35.470758ms
2025/08/05 13:59:42 AttenuationSystem update...
2025/08/05 13:59:42 AttenuationSystem parallel flag: 1
2025/08/05 13:59:42 Attenuation computed count: 1260000
2025/08/05 13:59:42 AttenuationSystem update time: 373.65122ms
2025/08/05 13:59:42 Run 4 complete
2025/08/05 13:59:42 StationSystem update...
2025/08/05 13:59:42 weather update count: 900
2025/08/05 13:59:42 StationSystem update time: 7.083µs
2025/08/05 13:59:42 SatelliteSystem update...
2025/08/05 13:59:42 satellite count: 1400
2025/08/05 13:59:42 SatelliteSystem update time: 5.316761ms
2025/08/05 13:59:42 TopoSystem update...
2025/08/05 13:59:42 TopoSystem: Link count: 1260000
2025/08/05 13:59:42 TopoSystem update time: 47.663169ms
2025/08/05 13:59:42 AttenuationSystem update...
2025/08/05 13:59:42 AttenuationSystem parallel flag: 1
2025/08/05 13:59:43 Attenuation computed count: 1260000
2025/08/05 13:59:43 AttenuationSystem update time: 399.69397ms
2025/08/05 13:59:43 Run 5 complete
2025/08/05 13:59:43 StationSystem update...
2025/08/05 13:59:43 weather update count: 900
2025/08/05 13:59:43 StationSystem update time: 5.624µs
2025/08/05 13:59:43 SatelliteSystem update...
2025/08/05 13:59:43 satellite count: 1400
2025/08/05 13:59:43 SatelliteSystem update time: 5.308574ms
2025/08/05 13:59:43 TopoSystem update...
2025/08/05 13:59:43 TopoSystem: Link count: 1260000
2025/08/05 13:59:43 TopoSystem update time: 31.392833ms
2025/08/05 13:59:43 AttenuationSystem update...
2025/08/05 13:59:43 AttenuationSystem parallel flag: 1
2025/08/05 13:59:43 Attenuation computed count: 1260000
2025/08/05 13:59:43 AttenuationSystem update time: 387.642671ms
2025/08/05 13:59:43 Run 6 complete
2025/08/05 13:59:43 StationSystem update...
2025/08/05 13:59:43 weather update count: 900
2025/08/05 13:59:43 StationSystem update time: 7.304µs
2025/08/05 13:59:43 SatelliteSystem update...
2025/08/05 13:59:43 satellite count: 1400
2025/08/05 13:59:43 SatelliteSystem update time: 5.325909ms
2025/08/05 13:59:43 TopoSystem update...
2025/08/05 13:59:43 TopoSystem: Link count: 1260000
2025/08/05 13:59:43 TopoSystem update time: 20.535288ms
2025/08/05 13:59:43 AttenuationSystem update...
2025/08/05 13:59:43 AttenuationSystem parallel flag: 1
2025/08/05 13:59:44 Attenuation computed count: 1260000
2025/08/05 13:59:44 AttenuationSystem update time: 429.430466ms
2025/08/05 13:59:44 Run 7 complete
2025/08/05 13:59:44 StationSystem update...
2025/08/05 13:59:44 weather update count: 900
2025/08/05 13:59:44 StationSystem update time: 6.619µs
2025/08/05 13:59:44 SatelliteSystem update...
2025/08/05 13:59:44 satellite count: 1400
2025/08/05 13:59:44 SatelliteSystem update time: 5.315686ms
2025/08/05 13:59:44 TopoSystem update...
2025/08/05 13:59:44 TopoSystem: Link count: 1260000
2025/08/05 13:59:44 TopoSystem update time: 20.433697ms
2025/08/05 13:59:44 AttenuationSystem update...
2025/08/05 13:59:44 AttenuationSystem parallel flag: 1
2025/08/05 13:59:44 Attenuation computed count: 1260000
2025/08/05 13:59:44 AttenuationSystem update time: 418.434832ms
2025/08/05 13:59:44 Run 8 complete
2025/08/05 13:59:44 StationSystem update...
2025/08/05 13:59:44 weather update count: 900
2025/08/05 13:59:44 StationSystem update time: 37.558µs
2025/08/05 13:59:44 SatelliteSystem update...
2025/08/05 13:59:44 satellite count: 1400
2025/08/05 13:59:44 SatelliteSystem update time: 5.426507ms
2025/08/05 13:59:44 TopoSystem update...
2025/08/05 13:59:44 TopoSystem: Link count: 1260000
2025/08/05 13:59:44 TopoSystem update time: 27.230844ms
2025/08/05 13:59:44 AttenuationSystem update...
2025/08/05 13:59:44 AttenuationSystem parallel flag: 1
2025/08/05 13:59:45 Attenuation computed count: 1260000
2025/08/05 13:59:45 AttenuationSystem update time: 445.015564ms
2025/08/05 13:59:45 Run 9 complete
2025/08/05 13:59:45 StationSystem update...
2025/08/05 13:59:45 weather update count: 900
2025/08/05 13:59:45 StationSystem update time: 11.644µs
2025/08/05 13:59:45 SatelliteSystem update...
2025/08/05 13:59:45 satellite count: 1400
2025/08/05 13:59:45 SatelliteSystem update time: 5.393255ms
2025/08/05 13:59:45 TopoSystem update...
2025/08/05 13:59:45 TopoSystem: Link count: 1260000
2025/08/05 13:59:45 TopoSystem update time: 26.793176ms
2025/08/05 13:59:45 AttenuationSystem update...
2025/08/05 13:59:45 AttenuationSystem parallel flag: 1
2025/08/05 13:59:45 Attenuation computed count: 1260000
2025/08/05 13:59:45 AttenuationSystem update time: 417.428671ms
2025/08/05 13:59:45 Run 10 complete
2025/08/05 13:59:45 Total update time:  4.505154956s
2025/08/05 13:59:45 linkCache size: 40

 Performance counter stats for './scale_ecs 900 1400 10 8 4 1':

        28,281,640      cache-references                                                      
         7,804,795      cache-misses                     #   27.60% of all cache refs         

       4.517853108 seconds time elapsed

      30.080176000 seconds user
       0.163990000 seconds sys


