ECS running with 700 stations, 1000 satellites, 4 numWGs and 2 numBlocks for 10 rounds in 0 parallel pattern
2025/08/05 12:40:50 StationSystem update...
2025/08/05 12:40:50 weather update count: 700
2025/08/05 12:40:50 StationSystem update time: 4.773µs
2025/08/05 12:40:50 SatelliteSystem update...
2025/08/05 12:40:50 satellite count: 1000
2025/08/05 12:40:50 SatelliteSystem update time: 3.804945ms
2025/08/05 12:40:50 TopoSystem update...
2025/08/05 12:40:50 TopoSystem: Link count: 700000
2025/08/05 12:40:50 TopoSystem update time: 18.86064ms
2025/08/05 12:40:50 AttenuationSystem update...
2025/08/05 12:40:50 AttenuationSystem parallel flag: 0
2025/08/05 12:40:51 Attenuation computed count: 700000
2025/08/05 12:40:51 AttenuationSystem update time: 638.76197ms
2025/08/05 12:40:51 Run 1 complete
2025/08/05 12:40:51 StationSystem update...
2025/08/05 12:40:51 weather update count: 700
2025/08/05 12:40:51 StationSystem update time: 4.582µs
2025/08/05 12:40:51 SatelliteSystem update...
2025/08/05 12:40:51 satellite count: 1000
2025/08/05 12:40:51 SatelliteSystem update time: 2.845774ms
2025/08/05 12:40:51 TopoSystem update...
2025/08/05 12:40:51 TopoSystem: Link count: 700000
2025/08/05 12:40:51 TopoSystem update time: 13.332972ms
2025/08/05 12:40:51 AttenuationSystem update...
2025/08/05 12:40:51 AttenuationSystem parallel flag: 0
2025/08/05 12:40:52 Attenuation computed count: 700000
2025/08/05 12:40:52 AttenuationSystem update time: 810.210322ms
2025/08/05 12:40:52 Run 2 complete
2025/08/05 12:40:52 StationSystem update...
2025/08/05 12:40:52 weather update count: 700
2025/08/05 12:40:52 StationSystem update time: 21.486µs
2025/08/05 12:40:52 SatelliteSystem update...
2025/08/05 12:40:52 satellite count: 1000
2025/08/05 12:40:52 SatelliteSystem update time: 10.236814ms
2025/08/05 12:40:52 TopoSystem update...
2025/08/05 12:40:52 TopoSystem: Link count: 700000
2025/08/05 12:40:52 TopoSystem update time: 50.565928ms
2025/08/05 12:40:52 AttenuationSystem update...
2025/08/05 12:40:52 AttenuationSystem parallel flag: 0
2025/08/05 12:40:52 Attenuation computed count: 700000
2025/08/05 12:40:52 AttenuationSystem update time: 701.385145ms
2025/08/05 12:40:52 Run 3 complete
2025/08/05 12:40:52 StationSystem update...
2025/08/05 12:40:52 weather update count: 700
2025/08/05 12:40:52 StationSystem update time: 2.758µs
2025/08/05 12:40:52 SatelliteSystem update...
2025/08/05 12:40:52 satellite count: 1000
2025/08/05 12:40:52 SatelliteSystem update time: 2.836929ms
2025/08/05 12:40:52 TopoSystem update...
2025/08/05 12:40:52 TopoSystem: Link count: 700000
2025/08/05 12:40:52 TopoSystem update time: 17.089464ms
2025/08/05 12:40:52 AttenuationSystem update...
2025/08/05 12:40:52 AttenuationSystem parallel flag: 0
2025/08/05 12:40:53 Attenuation computed count: 700000
2025/08/05 12:40:53 AttenuationSystem update time: 762.692972ms
2025/08/05 12:40:53 Run 4 complete
2025/08/05 12:40:53 StationSystem update...
2025/08/05 12:40:53 weather update count: 700
2025/08/05 12:40:53 StationSystem update time: 5.378µs
2025/08/05 12:40:53 SatelliteSystem update...
2025/08/05 12:40:53 satellite count: 1000
2025/08/05 12:40:53 SatelliteSystem update time: 7.994618ms
2025/08/05 12:40:53 TopoSystem update...
2025/08/05 12:40:53 TopoSystem: Link count: 700000
2025/08/05 12:40:53 TopoSystem update time: 26.514949ms
2025/08/05 12:40:53 AttenuationSystem update...
2025/08/05 12:40:53 AttenuationSystem parallel flag: 0
2025/08/05 12:40:54 Attenuation computed count: 700000
2025/08/05 12:40:54 AttenuationSystem update time: 714.241158ms
2025/08/05 12:40:54 Run 5 complete
2025/08/05 12:40:54 StationSystem update...
2025/08/05 12:40:54 weather update count: 700
2025/08/05 12:40:54 SatelliteSystem update...
2025/08/05 12:40:54 StationSystem update time: 2.931µs
2025/08/05 12:40:54 satellite count: 1000
2025/08/05 12:40:54 SatelliteSystem update time: 2.843081ms
2025/08/05 12:40:54 TopoSystem update...
2025/08/05 12:40:54 TopoSystem: Link count: 700000
2025/08/05 12:40:54 TopoSystem update time: 25.429347ms
2025/08/05 12:40:54 AttenuationSystem update...
2025/08/05 12:40:54 AttenuationSystem parallel flag: 0
2025/08/05 12:40:55 Attenuation computed count: 700000
2025/08/05 12:40:55 AttenuationSystem update time: 836.337003ms
2025/08/05 12:40:55 Run 6 complete
2025/08/05 12:40:55 StationSystem update...
2025/08/05 12:40:55 weather update count: 700
2025/08/05 12:40:55 StationSystem update time: 15.395µs
2025/08/05 12:40:55 SatelliteSystem update...
2025/08/05 12:40:55 satellite count: 1000
2025/08/05 12:40:55 SatelliteSystem update time: 4.725649ms
2025/08/05 12:40:55 TopoSystem update...
2025/08/05 12:40:55 TopoSystem: Link count: 700000
2025/08/05 12:40:55 TopoSystem update time: 46.425928ms
2025/08/05 12:40:55 AttenuationSystem update...
2025/08/05 12:40:55 AttenuationSystem parallel flag: 0
2025/08/05 12:40:56 Attenuation computed count: 700000
2025/08/05 12:40:56 AttenuationSystem update time: 830.266414ms
2025/08/05 12:40:56 Run 7 complete
2025/08/05 12:40:56 StationSystem update...
2025/08/05 12:40:56 weather update count: 700
2025/08/05 12:40:56 StationSystem update time: 3.881µs
2025/08/05 12:40:56 SatelliteSystem update...
2025/08/05 12:40:56 satellite count: 1000
2025/08/05 12:40:56 SatelliteSystem update time: 3.815005ms
2025/08/05 12:40:56 TopoSystem update...
2025/08/05 12:40:56 TopoSystem: Link count: 700000
2025/08/05 12:40:56 TopoSystem update time: 16.037563ms
2025/08/05 12:40:56 AttenuationSystem update...
2025/08/05 12:40:56 AttenuationSystem parallel flag: 0
2025/08/05 12:40:57 Attenuation computed count: 700000
2025/08/05 12:40:57 AttenuationSystem update time: 832.388334ms
2025/08/05 12:40:57 Run 8 complete
2025/08/05 12:40:57 StationSystem update...
2025/08/05 12:40:57 weather update count: 700
2025/08/05 12:40:57 StationSystem update time: 3.88µs
2025/08/05 12:40:57 SatelliteSystem update...
2025/08/05 12:40:57 satellite count: 1000
2025/08/05 12:40:57 SatelliteSystem update time: 3.822699ms
2025/08/05 12:40:57 TopoSystem update...
2025/08/05 12:40:57 TopoSystem: Link count: 700000
2025/08/05 12:40:57 TopoSystem update time: 11.645301ms
2025/08/05 12:40:57 AttenuationSystem update...
2025/08/05 12:40:57 AttenuationSystem parallel flag: 0
2025/08/05 12:40:57 Attenuation computed count: 700000
2025/08/05 12:40:57 AttenuationSystem update time: 751.47704ms
2025/08/05 12:40:57 Run 9 complete
2025/08/05 12:40:57 StationSystem update...
2025/08/05 12:40:57 weather update count: 700
2025/08/05 12:40:57 StationSystem update time: 4.43µs
2025/08/05 12:40:57 SatelliteSystem update...
2025/08/05 12:40:57 satellite count: 1000
2025/08/05 12:40:57 SatelliteSystem update time: 3.452191ms
2025/08/05 12:40:57 TopoSystem update...
2025/08/05 12:40:57 TopoSystem: Link count: 700000
2025/08/05 12:40:57 TopoSystem update time: 11.665025ms
2025/08/05 12:40:57 AttenuationSystem update...
2025/08/05 12:40:57 AttenuationSystem parallel flag: 0
2025/08/05 12:40:58 Attenuation computed count: 700000
2025/08/05 12:40:58 AttenuationSystem update time: 832.66035ms
2025/08/05 12:40:58 Run 10 complete
2025/08/05 12:40:58 Total update time:  8.002569296s
2025/08/05 12:40:58 linkCache size: 40

 Performance counter stats for './scale_ecs 700 1000 10 4 2 0':

        16,999,808      cache-references                                                      
         4,672,047      cache-misses                     #   27.48% of all cache refs         

       8.009104153 seconds time elapsed

      14.992826000 seconds user
       0.155018000 seconds sys


