ECS running with 800 stations, 1400 satellites, 4 numWGs and 8 numBlocks for 10 rounds in 1 parallel pattern
2025/08/05 13:21:41 StationSystem update...
2025/08/05 13:21:41 weather update count: 800
2025/08/05 13:21:41 SatelliteSystem update...
2025/08/05 13:21:41 StationSystem update time: 6.533µs
2025/08/05 13:21:41 satellite count: 1400
2025/08/05 13:21:41 SatelliteSystem update time: 5.324781ms
2025/08/05 13:21:41 TopoSystem update...
2025/08/05 13:21:41 TopoSystem: Link count: 1120000
2025/08/05 13:21:41 TopoSystem update time: 35.953006ms
2025/08/05 13:21:41 AttenuationSystem update...
2025/08/05 13:21:41 AttenuationSystem parallel flag: 1
2025/08/05 13:21:42 Attenuation computed count: 1120000
2025/08/05 13:21:42 AttenuationSystem update time: 680.737938ms
2025/08/05 13:21:42 Run 1 complete
2025/08/05 13:21:42 StationSystem update...
2025/08/05 13:21:42 weather update count: 800
2025/08/05 13:21:42 StationSystem update time: 5.067µs
2025/08/05 13:21:42 SatelliteSystem update...
2025/08/05 13:21:42 satellite count: 1400
2025/08/05 13:21:42 SatelliteSystem update time: 5.330823ms
2025/08/05 13:21:42 TopoSystem update...
2025/08/05 13:21:42 TopoSystem: Link count: 1120000
2025/08/05 13:21:42 TopoSystem update time: 31.898628ms
2025/08/05 13:21:42 AttenuationSystem update...
2025/08/05 13:21:42 AttenuationSystem parallel flag: 1
2025/08/05 13:21:43 Attenuation computed count: 1120000
2025/08/05 13:21:43 AttenuationSystem update time: 690.89695ms
2025/08/05 13:21:43 Run 2 complete
2025/08/05 13:21:43 StationSystem update...
2025/08/05 13:21:43 weather update count: 800
2025/08/05 13:21:43 StationSystem update time: 17.994µs
2025/08/05 13:21:43 SatelliteSystem update...
2025/08/05 13:21:43 satellite count: 1400
2025/08/05 13:21:43 SatelliteSystem update time: 5.876606ms
2025/08/05 13:21:43 TopoSystem update...
2025/08/05 13:21:43 TopoSystem: Link count: 1120000
2025/08/05 13:21:43 TopoSystem update time: 65.227137ms
2025/08/05 13:21:43 AttenuationSystem update...
2025/08/05 13:21:43 AttenuationSystem parallel flag: 1
2025/08/05 13:21:43 Attenuation computed count: 1120000
2025/08/05 13:21:43 AttenuationSystem update time: 689.807904ms
2025/08/05 13:21:43 Run 3 complete
2025/08/05 13:21:43 StationSystem update...
2025/08/05 13:21:43 weather update count: 800
2025/08/05 13:21:43 StationSystem update time: 5.733µs
2025/08/05 13:21:43 SatelliteSystem update...
2025/08/05 13:21:43 satellite count: 1400
2025/08/05 13:21:43 SatelliteSystem update time: 5.310971ms
2025/08/05 13:21:43 TopoSystem update...
2025/08/05 13:21:43 TopoSystem: Link count: 1120000
2025/08/05 13:21:43 TopoSystem update time: 44.623577ms
2025/08/05 13:21:43 AttenuationSystem update...
2025/08/05 13:21:43 AttenuationSystem parallel flag: 1
2025/08/05 13:21:44 Attenuation computed count: 1120000
2025/08/05 13:21:44 AttenuationSystem update time: 667.253351ms
2025/08/05 13:21:44 Run 4 complete
2025/08/05 13:21:44 StationSystem update...
2025/08/05 13:21:44 weather update count: 800
2025/08/05 13:21:44 StationSystem update time: 7.009µs
2025/08/05 13:21:44 SatelliteSystem update...
2025/08/05 13:21:44 satellite count: 1400
2025/08/05 13:21:44 SatelliteSystem update time: 5.323211ms
2025/08/05 13:21:44 TopoSystem update...
2025/08/05 13:21:44 TopoSystem: Link count: 1120000
2025/08/05 13:21:44 TopoSystem update time: 17.666132ms
2025/08/05 13:21:44 AttenuationSystem update...
2025/08/05 13:21:44 AttenuationSystem parallel flag: 1
2025/08/05 13:21:45 Attenuation computed count: 1120000
2025/08/05 13:21:45 AttenuationSystem update time: 674.397804ms
2025/08/05 13:21:45 Run 5 complete
2025/08/05 13:21:45 StationSystem update...
2025/08/05 13:21:45 weather update count: 800
2025/08/05 13:21:45 StationSystem update time: 7.843µs
2025/08/05 13:21:45 SatelliteSystem update...
2025/08/05 13:21:45 satellite count: 1400
2025/08/05 13:21:45 SatelliteSystem update time: 5.424959ms
2025/08/05 13:21:45 TopoSystem update...
2025/08/05 13:21:45 TopoSystem: Link count: 1120000
2025/08/05 13:21:45 TopoSystem update time: 22.138192ms
2025/08/05 13:21:45 AttenuationSystem update...
2025/08/05 13:21:45 AttenuationSystem parallel flag: 1
2025/08/05 13:21:45 Attenuation computed count: 1120000
2025/08/05 13:21:45 AttenuationSystem update time: 667.15119ms
2025/08/05 13:21:45 Run 6 complete
2025/08/05 13:21:45 StationSystem update...
2025/08/05 13:21:45 weather update count: 800
2025/08/05 13:21:45 StationSystem update time: 18.702µs
2025/08/05 13:21:45 SatelliteSystem update...
2025/08/05 13:21:45 satellite count: 1400
2025/08/05 13:21:45 SatelliteSystem update time: 5.944482ms
2025/08/05 13:21:45 TopoSystem update...
2025/08/05 13:21:45 TopoSystem: Link count: 1120000
2025/08/05 13:21:45 TopoSystem update time: 54.43453ms
2025/08/05 13:21:45 AttenuationSystem update...
2025/08/05 13:21:45 AttenuationSystem parallel flag: 1
2025/08/05 13:21:46 Attenuation computed count: 1120000
2025/08/05 13:21:46 AttenuationSystem update time: 679.790779ms
2025/08/05 13:21:46 Run 7 complete
2025/08/05 13:21:46 StationSystem update...
2025/08/05 13:21:46 weather update count: 800
2025/08/05 13:21:46 StationSystem update time: 9.034µs
2025/08/05 13:21:46 SatelliteSystem update...
2025/08/05 13:21:46 satellite count: 1400
2025/08/05 13:21:46 SatelliteSystem update time: 5.373369ms
2025/08/05 13:21:46 TopoSystem update...
2025/08/05 13:21:46 TopoSystem: Link count: 1120000
2025/08/05 13:21:46 TopoSystem update time: 39.672864ms
2025/08/05 13:21:46 AttenuationSystem update...
2025/08/05 13:21:46 AttenuationSystem parallel flag: 1
2025/08/05 13:21:47 Attenuation computed count: 1120000
2025/08/05 13:21:47 AttenuationSystem update time: 658.858742ms
2025/08/05 13:21:47 Run 8 complete
2025/08/05 13:21:47 StationSystem update...
2025/08/05 13:21:47 weather update count: 800
2025/08/05 13:21:47 StationSystem update time: 8.32µs
2025/08/05 13:21:47 SatelliteSystem update...
2025/08/05 13:21:47 satellite count: 1400
2025/08/05 13:21:47 SatelliteSystem update time: 5.438667ms
2025/08/05 13:21:47 TopoSystem update...
2025/08/05 13:21:47 TopoSystem: Link count: 1120000
2025/08/05 13:21:47 TopoSystem update time: 23.526983ms
2025/08/05 13:21:47 AttenuationSystem update...
2025/08/05 13:21:47 AttenuationSystem parallel flag: 1
2025/08/05 13:21:48 Attenuation computed count: 1120000
2025/08/05 13:21:48 AttenuationSystem update time: 665.331256ms
2025/08/05 13:21:48 Run 9 complete
2025/08/05 13:21:48 StationSystem update...
2025/08/05 13:21:48 weather update count: 800
2025/08/05 13:21:48 StationSystem update time: 8.717µs
2025/08/05 13:21:48 SatelliteSystem update...
2025/08/05 13:21:48 satellite count: 1400
2025/08/05 13:21:48 SatelliteSystem update time: 5.402575ms
2025/08/05 13:21:48 TopoSystem update...
2025/08/05 13:21:48 TopoSystem: Link count: 1120000
2025/08/05 13:21:48 TopoSystem update time: 23.20059ms
2025/08/05 13:21:48 AttenuationSystem update...
2025/08/05 13:21:48 AttenuationSystem parallel flag: 1
2025/08/05 13:21:48 Attenuation computed count: 1120000
2025/08/05 13:21:48 AttenuationSystem update time: 651.302084ms
2025/08/05 13:21:48 Run 10 complete
2025/08/05 13:21:48 Total update time:  7.149266571s
2025/08/05 13:21:48 linkCache size: 40

 Performance counter stats for './scale_ecs 800 1400 10 4 8 1':

        26,697,358      cache-references                                                      
         7,488,269      cache-misses                     #   28.05% of all cache refs         

       7.160259736 seconds time elapsed

      26.516379000 seconds user
       0.256109000 seconds sys


