ECS running with 600 stations, 900 satellites, 2 numWGs and 4 numBlocks for 10 rounds in 0 parallel pattern
2025/08/05 12:11:59 StationSystem update...
2025/08/05 12:11:59 weather update count: 600
2025/08/05 12:11:59 StationSystem update time: 5.443µs
2025/08/05 12:11:59 SatelliteSystem update...
2025/08/05 12:11:59 satellite count: 900
2025/08/05 12:11:59 SatelliteSystem update time: 3.415933ms
2025/08/05 12:11:59 TopoSystem update...
2025/08/05 12:11:59 TopoSystem: Link count: 540000
2025/08/05 12:11:59 TopoSystem update time: 16.903653ms
2025/08/05 12:11:59 AttenuationSystem update...
2025/08/05 12:11:59 AttenuationSystem parallel flag: 0
2025/08/05 12:11:59 Attenuation computed count: 540000
2025/08/05 12:11:59 AttenuationSystem update time: 308.219254ms
2025/08/05 12:11:59 Run 1 complete
2025/08/05 12:11:59 StationSystem update...
2025/08/05 12:11:59 weather update count: 600
2025/08/05 12:11:59 StationSystem update time: 3.882µs
2025/08/05 12:11:59 SatelliteSystem update...
2025/08/05 12:11:59 satellite count: 900
2025/08/05 12:11:59 SatelliteSystem update time: 3.395423ms
2025/08/05 12:11:59 TopoSystem update...
2025/08/05 12:11:59 TopoSystem: Link count: 540000
2025/08/05 12:11:59 TopoSystem update time: 15.943493ms
2025/08/05 12:11:59 AttenuationSystem update...
2025/08/05 12:11:59 AttenuationSystem parallel flag: 0
2025/08/05 12:12:00 Attenuation computed count: 540000
2025/08/05 12:12:00 AttenuationSystem update time: 313.425391ms
2025/08/05 12:12:00 Run 2 complete
2025/08/05 12:12:00 StationSystem update...
2025/08/05 12:12:00 weather update count: 600
2025/08/05 12:12:00 StationSystem update time: 3.885µs
2025/08/05 12:12:00 SatelliteSystem update...
2025/08/05 12:12:00 satellite count: 900
2025/08/05 12:12:00 SatelliteSystem update time: 3.432062ms
2025/08/05 12:12:00 TopoSystem update...
2025/08/05 12:12:00 TopoSystem: Link count: 540000
2025/08/05 12:12:00 TopoSystem update time: 10.636544ms
2025/08/05 12:12:00 AttenuationSystem update...
2025/08/05 12:12:00 AttenuationSystem parallel flag: 0
2025/08/05 12:12:00 Attenuation computed count: 540000
2025/08/05 12:12:00 AttenuationSystem update time: 332.62782ms
2025/08/05 12:12:00 Run 3 complete
2025/08/05 12:12:00 StationSystem update...
2025/08/05 12:12:00 weather update count: 600
2025/08/05 12:12:00 StationSystem update time: 4.549µs
2025/08/05 12:12:00 SatelliteSystem update...
2025/08/05 12:12:00 satellite count: 900
2025/08/05 12:12:00 SatelliteSystem update time: 3.43569ms
2025/08/05 12:12:00 TopoSystem update...
2025/08/05 12:12:00 TopoSystem: Link count: 540000
2025/08/05 12:12:00 TopoSystem update time: 9.216183ms
2025/08/05 12:12:00 AttenuationSystem update...
2025/08/05 12:12:00 AttenuationSystem parallel flag: 0
2025/08/05 12:12:00 Attenuation computed count: 540000
2025/08/05 12:12:00 AttenuationSystem update time: 344.892106ms
2025/08/05 12:12:00 Run 4 complete
2025/08/05 12:12:00 StationSystem update...
2025/08/05 12:12:00 weather update count: 600
2025/08/05 12:12:00 StationSystem update time: 16.048µs
2025/08/05 12:12:00 SatelliteSystem update...
2025/08/05 12:12:00 satellite count: 900
2025/08/05 12:12:00 SatelliteSystem update time: 10.046267ms
2025/08/05 12:12:00 TopoSystem update...
2025/08/05 12:12:01 TopoSystem: Link count: 540000
2025/08/05 12:12:01 TopoSystem update time: 44.823964ms
2025/08/05 12:12:01 AttenuationSystem update...
2025/08/05 12:12:01 AttenuationSystem parallel flag: 0
2025/08/05 12:12:01 Attenuation computed count: 540000
2025/08/05 12:12:01 AttenuationSystem update time: 335.298092ms
2025/08/05 12:12:01 Run 5 complete
2025/08/05 12:12:01 StationSystem update...
2025/08/05 12:12:01 weather update count: 600
2025/08/05 12:12:01 StationSystem update time: 4.639µs
2025/08/05 12:12:01 SatelliteSystem update...
2025/08/05 12:12:01 satellite count: 900
2025/08/05 12:12:01 SatelliteSystem update time: 3.651048ms
2025/08/05 12:12:01 TopoSystem update...
2025/08/05 12:12:01 TopoSystem: Link count: 540000
2025/08/05 12:12:01 TopoSystem update time: 10.235328ms
2025/08/05 12:12:01 AttenuationSystem update...
2025/08/05 12:12:01 AttenuationSystem parallel flag: 0
2025/08/05 12:12:01 Attenuation computed count: 540000
2025/08/05 12:12:01 AttenuationSystem update time: 310.494855ms
2025/08/05 12:12:01 Run 6 complete
2025/08/05 12:12:01 StationSystem update...
2025/08/05 12:12:01 weather update count: 600
2025/08/05 12:12:01 StationSystem update time: 4.454µs
2025/08/05 12:12:01 SatelliteSystem update...
2025/08/05 12:12:01 satellite count: 900
2025/08/05 12:12:01 SatelliteSystem update time: 3.436284ms
2025/08/05 12:12:01 TopoSystem update...
2025/08/05 12:12:01 TopoSystem: Link count: 540000
2025/08/05 12:12:01 TopoSystem update time: 13.049171ms
2025/08/05 12:12:01 AttenuationSystem update...
2025/08/05 12:12:01 AttenuationSystem parallel flag: 0
2025/08/05 12:12:02 Attenuation computed count: 540000
2025/08/05 12:12:02 AttenuationSystem update time: 330.939017ms
2025/08/05 12:12:02 Run 7 complete
2025/08/05 12:12:02 StationSystem update...
2025/08/05 12:12:02 weather update count: 600
2025/08/05 12:12:02 StationSystem update time: 4.511µs
2025/08/05 12:12:02 SatelliteSystem update...
2025/08/05 12:12:02 satellite count: 900
2025/08/05 12:12:02 SatelliteSystem update time: 3.4357ms
2025/08/05 12:12:02 TopoSystem update...
2025/08/05 12:12:02 TopoSystem: Link count: 540000
2025/08/05 12:12:02 TopoSystem update time: 7.693287ms
2025/08/05 12:12:02 AttenuationSystem update...
2025/08/05 12:12:02 AttenuationSystem parallel flag: 0
2025/08/05 12:12:02 Attenuation computed count: 540000
2025/08/05 12:12:02 AttenuationSystem update time: 342.241961ms
2025/08/05 12:12:02 Run 8 complete
2025/08/05 12:12:02 StationSystem update...
2025/08/05 12:12:02 weather update count: 600
2025/08/05 12:12:02 StationSystem update time: 3.294µs
2025/08/05 12:12:02 SatelliteSystem update...
2025/08/05 12:12:02 satellite count: 900
2025/08/05 12:12:02 SatelliteSystem update time: 3.421181ms
2025/08/05 12:12:02 TopoSystem update...
2025/08/05 12:12:02 TopoSystem: Link count: 540000
2025/08/05 12:12:02 TopoSystem update time: 7.697474ms
2025/08/05 12:12:02 AttenuationSystem update...
2025/08/05 12:12:02 AttenuationSystem parallel flag: 0
2025/08/05 12:12:02 Attenuation computed count: 540000
2025/08/05 12:12:02 AttenuationSystem update time: 317.115371ms
2025/08/05 12:12:02 Run 9 complete
2025/08/05 12:12:02 StationSystem update...
2025/08/05 12:12:02 weather update count: 600
2025/08/05 12:12:02 StationSystem update time: 3.923µs
2025/08/05 12:12:02 SatelliteSystem update...
2025/08/05 12:12:02 satellite count: 900
2025/08/05 12:12:02 SatelliteSystem update time: 3.855532ms
2025/08/05 12:12:02 TopoSystem update...
2025/08/05 12:12:02 TopoSystem: Link count: 540000
2025/08/05 12:12:02 TopoSystem update time: 10.240387ms
2025/08/05 12:12:02 AttenuationSystem update...
2025/08/05 12:12:02 AttenuationSystem parallel flag: 0
2025/08/05 12:12:03 Attenuation computed count: 540000
2025/08/05 12:12:03 AttenuationSystem update time: 330.186703ms
2025/08/05 12:12:03 Run 10 complete
2025/08/05 12:12:03 Total update time:  3.460697064s
2025/08/05 12:12:03 linkCache size: 40

 Performance counter stats for './scale_ecs 600 900 10 2 4 0':

        12,916,261      cache-references                                                      
         2,763,963      cache-misses                     #   21.40% of all cache refs         

       3.467693632 seconds time elapsed

      12.386614000 seconds user
       0.104021000 seconds sys


