ECS running with 600 stations, 1300 satellites, 2 numWGs and 8 numBlocks for 10 rounds in 1 parallel pattern
2025/08/05 12:17:51 StationSystem update...
2025/08/05 12:17:51 weather update count: 600
2025/08/05 12:17:51 SatelliteSystem update...
2025/08/05 12:17:51 StationSystem update time: 5.753µs
2025/08/05 12:17:51 satellite count: 1300
2025/08/05 12:17:51 SatelliteSystem update time: 4.960142ms
2025/08/05 12:17:51 TopoSystem update...
2025/08/05 12:17:51 TopoSystem: Link count: 780000
2025/08/05 12:17:51 TopoSystem update time: 25.134904ms
2025/08/05 12:17:51 AttenuationSystem update...
2025/08/05 12:17:51 AttenuationSystem parallel flag: 1
2025/08/05 12:17:52 Attenuation computed count: 780000
2025/08/05 12:17:52 AttenuationSystem update time: 904.517198ms
2025/08/05 12:17:52 Run 1 complete
2025/08/05 12:17:52 StationSystem update...
2025/08/05 12:17:52 weather update count: 600
2025/08/05 12:17:52 StationSystem update time: 4.314µs
2025/08/05 12:17:52 SatelliteSystem update...
2025/08/05 12:17:52 satellite count: 1300
2025/08/05 12:17:52 SatelliteSystem update time: 3.798636ms
2025/08/05 12:17:52 TopoSystem update...
2025/08/05 12:17:52 TopoSystem: Link count: 780000
2025/08/05 12:17:52 TopoSystem update time: 19.70554ms
2025/08/05 12:17:52 AttenuationSystem update...
2025/08/05 12:17:52 AttenuationSystem parallel flag: 1
2025/08/05 12:17:53 Attenuation computed count: 780000
2025/08/05 12:17:53 AttenuationSystem update time: 912.707871ms
2025/08/05 12:17:53 Run 2 complete
2025/08/05 12:17:53 StationSystem update...
2025/08/05 12:17:53 weather update count: 600
2025/08/05 12:17:53 StationSystem update time: 4.326µs
2025/08/05 12:17:53 SatelliteSystem update...
2025/08/05 12:17:53 satellite count: 1300
2025/08/05 12:17:53 SatelliteSystem update time: 4.962277ms
2025/08/05 12:17:53 TopoSystem update...
2025/08/05 12:17:53 TopoSystem: Link count: 780000
2025/08/05 12:17:53 TopoSystem update time: 18.475811ms
2025/08/05 12:17:53 AttenuationSystem update...
2025/08/05 12:17:53 AttenuationSystem parallel flag: 1
2025/08/05 12:17:54 Attenuation computed count: 780000
2025/08/05 12:17:54 AttenuationSystem update time: 916.783044ms
2025/08/05 12:17:54 Run 3 complete
2025/08/05 12:17:54 StationSystem update...
2025/08/05 12:17:54 weather update count: 600
2025/08/05 12:17:54 SatelliteSystem update...
2025/08/05 12:17:54 StationSystem update time: 17.843µs
2025/08/05 12:17:54 satellite count: 1300
2025/08/05 12:17:54 SatelliteSystem update time: 4.845768ms
2025/08/05 12:17:54 TopoSystem update...
2025/08/05 12:17:54 TopoSystem: Link count: 780000
2025/08/05 12:17:54 TopoSystem update time: 23.443257ms
2025/08/05 12:17:54 AttenuationSystem update...
2025/08/05 12:17:54 AttenuationSystem parallel flag: 1
2025/08/05 12:17:54 Attenuation computed count: 780000
2025/08/05 12:17:54 AttenuationSystem update time: 935.279023ms
2025/08/05 12:17:54 Run 4 complete
2025/08/05 12:17:54 StationSystem update...
2025/08/05 12:17:54 weather update count: 600
2025/08/05 12:17:54 StationSystem update time: 4.09µs
2025/08/05 12:17:54 SatelliteSystem update...
2025/08/05 12:17:54 satellite count: 1300
2025/08/05 12:17:54 SatelliteSystem update time: 4.957404ms
2025/08/05 12:17:54 TopoSystem update...
2025/08/05 12:17:54 TopoSystem: Link count: 780000
2025/08/05 12:17:54 TopoSystem update time: 16.666604ms
2025/08/05 12:17:54 AttenuationSystem update...
2025/08/05 12:17:54 AttenuationSystem parallel flag: 1
2025/08/05 12:17:55 Attenuation computed count: 780000
2025/08/05 12:17:55 AttenuationSystem update time: 947.236ms
2025/08/05 12:17:55 Run 5 complete
2025/08/05 12:17:55 StationSystem update...
2025/08/05 12:17:55 weather update count: 600
2025/08/05 12:17:55 StationSystem update time: 4.729µs
2025/08/05 12:17:55 SatelliteSystem update...
2025/08/05 12:17:55 satellite count: 1300
2025/08/05 12:17:55 SatelliteSystem update time: 4.953262ms
2025/08/05 12:17:55 TopoSystem update...
2025/08/05 12:17:55 TopoSystem: Link count: 780000
2025/08/05 12:17:55 TopoSystem update time: 12.476961ms
2025/08/05 12:17:55 AttenuationSystem update...
2025/08/05 12:17:55 AttenuationSystem parallel flag: 1
2025/08/05 12:17:56 Attenuation computed count: 780000
2025/08/05 12:17:56 AttenuationSystem update time: 921.883456ms
2025/08/05 12:17:56 Run 6 complete
2025/08/05 12:17:56 StationSystem update...
2025/08/05 12:17:56 weather update count: 600
2025/08/05 12:17:56 StationSystem update time: 4.843µs
2025/08/05 12:17:56 SatelliteSystem update...
2025/08/05 12:17:56 satellite count: 1300
2025/08/05 12:17:56 SatelliteSystem update time: 4.939414ms
2025/08/05 12:17:56 TopoSystem update...
2025/08/05 12:17:56 TopoSystem: Link count: 780000
2025/08/05 12:17:56 TopoSystem update time: 12.425818ms
2025/08/05 12:17:56 AttenuationSystem update...
2025/08/05 12:17:56 AttenuationSystem parallel flag: 1
2025/08/05 12:17:57 Attenuation computed count: 780000
2025/08/05 12:17:57 AttenuationSystem update time: 920.025761ms
2025/08/05 12:17:57 Run 7 complete
2025/08/05 12:17:57 StationSystem update...
2025/08/05 12:17:57 weather update count: 600
2025/08/05 12:17:57 StationSystem update time: 4.554µs
2025/08/05 12:17:57 SatelliteSystem update...
2025/08/05 12:17:57 satellite count: 1300
2025/08/05 12:17:57 SatelliteSystem update time: 4.930923ms
2025/08/05 12:17:57 TopoSystem update...
2025/08/05 12:17:57 TopoSystem: Link count: 780000
2025/08/05 12:17:57 TopoSystem update time: 12.429857ms
2025/08/05 12:17:57 AttenuationSystem update...
2025/08/05 12:17:57 AttenuationSystem parallel flag: 1
2025/08/05 12:17:58 Attenuation computed count: 780000
2025/08/05 12:17:58 AttenuationSystem update time: 918.984356ms
2025/08/05 12:17:58 Run 8 complete
2025/08/05 12:17:58 StationSystem update...
2025/08/05 12:17:58 weather update count: 600
2025/08/05 12:17:58 StationSystem update time: 12.02µs
2025/08/05 12:17:58 SatelliteSystem update...
2025/08/05 12:17:58 satellite count: 1300
2025/08/05 12:17:58 SatelliteSystem update time: 4.040023ms
2025/08/05 12:17:58 TopoSystem update...
2025/08/05 12:17:58 TopoSystem: Link count: 780000
2025/08/05 12:17:58 TopoSystem update time: 37.524622ms
2025/08/05 12:17:58 AttenuationSystem update...
2025/08/05 12:17:58 AttenuationSystem parallel flag: 1
2025/08/05 12:17:59 Attenuation computed count: 780000
2025/08/05 12:17:59 AttenuationSystem update time: 921.849499ms
2025/08/05 12:17:59 Run 9 complete
2025/08/05 12:17:59 StationSystem update...
2025/08/05 12:17:59 weather update count: 600
2025/08/05 12:17:59 StationSystem update time: 2.739µs
2025/08/05 12:17:59 SatelliteSystem update...
2025/08/05 12:17:59 satellite count: 1300
2025/08/05 12:17:59 SatelliteSystem update time: 4.943553ms
2025/08/05 12:17:59 TopoSystem update...
2025/08/05 12:17:59 TopoSystem: Link count: 780000
2025/08/05 12:17:59 TopoSystem update time: 24.691733ms
2025/08/05 12:17:59 AttenuationSystem update...
2025/08/05 12:17:59 AttenuationSystem parallel flag: 1
2025/08/05 12:18:00 Attenuation computed count: 780000
2025/08/05 12:18:00 AttenuationSystem update time: 924.363463ms
2025/08/05 12:18:00 Run 10 complete
2025/08/05 12:18:00 Total update time:  9.483424099s
2025/08/05 12:18:00 linkCache size: 40

 Performance counter stats for './scale_ecs 600 1300 10 2 8 1':

        19,030,046      cache-references                                                      
         4,937,592      cache-misses                     #   25.95% of all cache refs         

       9.492029736 seconds time elapsed

      18.376975000 seconds user
       0.147951000 seconds sys


