ECS running with 900 stations, 1100 satellites, 4 numWGs and 4 numBlocks for 10 rounds in 0 parallel pattern
2025/08/05 13:51:29 StationSystem update...
2025/08/05 13:51:29 weather update count: 900
2025/08/05 13:51:29 StationSystem update time: 5.377µs
2025/08/05 13:51:29 SatelliteSystem update...
2025/08/05 13:51:29 satellite count: 1100
2025/08/05 13:51:29 SatelliteSystem update time: 4.176705ms
2025/08/05 13:51:29 TopoSystem update...
2025/08/05 13:51:29 TopoSystem: Link count: 990000
2025/08/05 13:51:29 TopoSystem update time: 32.650435ms
2025/08/05 13:51:29 AttenuationSystem update...
2025/08/05 13:51:29 AttenuationSystem parallel flag: 0
2025/08/05 13:51:30 Attenuation computed count: 990000
2025/08/05 13:51:30 AttenuationSystem update time: 568.737441ms
2025/08/05 13:51:30 Run 1 complete
2025/08/05 13:51:30 StationSystem update...
2025/08/05 13:51:30 weather update count: 900
2025/08/05 13:51:30 StationSystem update time: 6.649µs
2025/08/05 13:51:30 SatelliteSystem update...
2025/08/05 13:51:30 satellite count: 1100
2025/08/05 13:51:30 SatelliteSystem update time: 4.237368ms
2025/08/05 13:51:30 TopoSystem update...
2025/08/05 13:51:30 TopoSystem: Link count: 990000
2025/08/05 13:51:30 TopoSystem update time: 27.658405ms
2025/08/05 13:51:30 AttenuationSystem update...
2025/08/05 13:51:30 AttenuationSystem parallel flag: 0
2025/08/05 13:51:30 Attenuation computed count: 990000
2025/08/05 13:51:30 AttenuationSystem update time: 598.378544ms
2025/08/05 13:51:30 Run 2 complete
2025/08/05 13:51:30 StationSystem update...
2025/08/05 13:51:30 weather update count: 900
2025/08/05 13:51:30 StationSystem update time: 12.383µs
2025/08/05 13:51:30 SatelliteSystem update...
2025/08/05 13:51:30 satellite count: 1100
2025/08/05 13:51:30 SatelliteSystem update time: 5.064068ms
2025/08/05 13:51:30 TopoSystem update...
2025/08/05 13:51:31 TopoSystem: Link count: 990000
2025/08/05 13:51:31 TopoSystem update time: 36.675286ms
2025/08/05 13:51:31 AttenuationSystem update...
2025/08/05 13:51:31 AttenuationSystem parallel flag: 0
2025/08/05 13:51:31 Attenuation computed count: 990000
2025/08/05 13:51:31 AttenuationSystem update time: 565.52239ms
2025/08/05 13:51:31 Run 3 complete
2025/08/05 13:51:31 StationSystem update...
2025/08/05 13:51:31 weather update count: 900
2025/08/05 13:51:31 StationSystem update time: 5.912µs
2025/08/05 13:51:31 SatelliteSystem update...
2025/08/05 13:51:31 satellite count: 1100
2025/08/05 13:51:31 SatelliteSystem update time: 4.216896ms
2025/08/05 13:51:31 TopoSystem update...
2025/08/05 13:51:31 TopoSystem: Link count: 990000
2025/08/05 13:51:31 TopoSystem update time: 43.209858ms
2025/08/05 13:51:31 AttenuationSystem update...
2025/08/05 13:51:31 AttenuationSystem parallel flag: 0
2025/08/05 13:51:32 Attenuation computed count: 990000
2025/08/05 13:51:32 AttenuationSystem update time: 597.459251ms
2025/08/05 13:51:32 Run 4 complete
2025/08/05 13:51:32 StationSystem update...
2025/08/05 13:51:32 weather update count: 900
2025/08/05 13:51:32 StationSystem update time: 5.791µs
2025/08/05 13:51:32 SatelliteSystem update...
2025/08/05 13:51:32 satellite count: 1100
2025/08/05 13:51:32 SatelliteSystem update time: 4.214706ms
2025/08/05 13:51:32 TopoSystem update...
2025/08/05 13:51:32 TopoSystem: Link count: 990000
2025/08/05 13:51:32 TopoSystem update time: 16.498452ms
2025/08/05 13:51:32 AttenuationSystem update...
2025/08/05 13:51:32 AttenuationSystem parallel flag: 0
2025/08/05 13:51:32 Attenuation computed count: 990000
2025/08/05 13:51:32 AttenuationSystem update time: 574.315786ms
2025/08/05 13:51:32 Run 5 complete
2025/08/05 13:51:32 StationSystem update...
2025/08/05 13:51:32 weather update count: 900
2025/08/05 13:51:32 StationSystem update time: 10.322µs
2025/08/05 13:51:32 SatelliteSystem update...
2025/08/05 13:51:32 satellite count: 1100
2025/08/05 13:51:32 SatelliteSystem update time: 4.245085ms
2025/08/05 13:51:32 TopoSystem update...
2025/08/05 13:51:32 TopoSystem: Link count: 990000
2025/08/05 13:51:32 TopoSystem update time: 21.114017ms
2025/08/05 13:51:32 AttenuationSystem update...
2025/08/05 13:51:32 AttenuationSystem parallel flag: 0
2025/08/05 13:51:33 Attenuation computed count: 990000
2025/08/05 13:51:33 AttenuationSystem update time: 590.346825ms
2025/08/05 13:51:33 Run 6 complete
2025/08/05 13:51:33 StationSystem update...
2025/08/05 13:51:33 weather update count: 900
2025/08/05 13:51:33 StationSystem update time: 10.155µs
2025/08/05 13:51:33 SatelliteSystem update...
2025/08/05 13:51:33 satellite count: 1100
2025/08/05 13:51:33 SatelliteSystem update time: 4.243425ms
2025/08/05 13:51:33 TopoSystem update...
2025/08/05 13:51:33 TopoSystem: Link count: 990000
2025/08/05 13:51:33 TopoSystem update time: 21.637552ms
2025/08/05 13:51:33 AttenuationSystem update...
2025/08/05 13:51:33 AttenuationSystem parallel flag: 0
2025/08/05 13:51:34 Attenuation computed count: 990000
2025/08/05 13:51:34 AttenuationSystem update time: 611.363518ms
2025/08/05 13:51:34 Run 7 complete
2025/08/05 13:51:34 StationSystem update...
2025/08/05 13:51:34 weather update count: 900
2025/08/05 13:51:34 StationSystem update time: 19.971µs
2025/08/05 13:51:34 SatelliteSystem update...
2025/08/05 13:51:34 satellite count: 1100
2025/08/05 13:51:34 SatelliteSystem update time: 4.656701ms
2025/08/05 13:51:34 TopoSystem update...
2025/08/05 13:51:34 TopoSystem: Link count: 990000
2025/08/05 13:51:34 TopoSystem update time: 39.03093ms
2025/08/05 13:51:34 AttenuationSystem update...
2025/08/05 13:51:34 AttenuationSystem parallel flag: 0
2025/08/05 13:51:34 Attenuation computed count: 990000
2025/08/05 13:51:34 AttenuationSystem update time: 588.567676ms
2025/08/05 13:51:34 Run 8 complete
2025/08/05 13:51:34 StationSystem update...
2025/08/05 13:51:34 weather update count: 900
2025/08/05 13:51:34 StationSystem update time: 9.744µs
2025/08/05 13:51:34 SatelliteSystem update...
2025/08/05 13:51:34 satellite count: 1100
2025/08/05 13:51:34 SatelliteSystem update time: 4.240955ms
2025/08/05 13:51:34 TopoSystem update...
2025/08/05 13:51:34 TopoSystem: Link count: 990000
2025/08/05 13:51:34 TopoSystem update time: 28.525268ms
2025/08/05 13:51:34 AttenuationSystem update...
2025/08/05 13:51:34 AttenuationSystem parallel flag: 0
2025/08/05 13:51:35 Attenuation computed count: 990000
2025/08/05 13:51:35 AttenuationSystem update time: 620.68793ms
2025/08/05 13:51:35 Run 9 complete
2025/08/05 13:51:35 StationSystem update...
2025/08/05 13:51:35 weather update count: 900
2025/08/05 13:51:35 StationSystem update time: 19.907µs
2025/08/05 13:51:35 SatelliteSystem update...
2025/08/05 13:51:35 satellite count: 1100
2025/08/05 13:51:35 SatelliteSystem update time: 5.307376ms
2025/08/05 13:51:35 TopoSystem update...
2025/08/05 13:51:35 TopoSystem: Link count: 990000
2025/08/05 13:51:35 TopoSystem update time: 42.53307ms
2025/08/05 13:51:35 AttenuationSystem update...
2025/08/05 13:51:35 AttenuationSystem parallel flag: 0
2025/08/05 13:51:36 Attenuation computed count: 990000
2025/08/05 13:51:36 AttenuationSystem update time: 594.960258ms
2025/08/05 13:51:36 Run 10 complete
2025/08/05 13:51:36 Total update time:  6.272735254s
2025/08/05 13:51:36 linkCache size: 40

 Performance counter stats for './scale_ecs 900 1100 10 4 4 0':

        23,894,574      cache-references                                                      
         7,085,253      cache-misses                     #   29.65% of all cache refs         

       6.284047589 seconds time elapsed

      23.549766000 seconds user
       0.240956000 seconds sys


