ECS running with 500 stations, 600 satellites, 2 numWGs and 8 numBlocks for 10 rounds in 1 parallel pattern
2025/08/05 11:46:17 StationSystem update...
2025/08/05 11:46:17 weather update count: 500
2025/08/05 11:46:17 StationSystem update time: 14.16µs
2025/08/05 11:46:17 SatelliteSystem update...
2025/08/05 11:46:17 satellite count: 600
2025/08/05 11:46:17 SatelliteSystem update time: 2.359677ms
2025/08/05 11:46:17 TopoSystem update...
2025/08/05 11:46:17 TopoSystem: Link count: 300000
2025/08/05 11:46:17 TopoSystem update time: 12.872779ms
2025/08/05 11:46:17 AttenuationSystem update...
2025/08/05 11:46:17 AttenuationSystem parallel flag: 1
2025/08/05 11:46:17 Attenuation computed count: 300000
2025/08/05 11:46:17 AttenuationSystem update time: 343.86227ms
2025/08/05 11:46:17 Run 1 complete
2025/08/05 11:46:17 StationSystem update...
2025/08/05 11:46:17 weather update count: 500
2025/08/05 11:46:17 StationSystem update time: 5.593µs
2025/08/05 11:46:17 SatelliteSystem update...
2025/08/05 11:46:17 satellite count: 600
2025/08/05 11:46:17 SatelliteSystem update time: 2.341255ms
2025/08/05 11:46:17 TopoSystem update...
2025/08/05 11:46:17 TopoSystem: Link count: 300000
2025/08/05 11:46:17 TopoSystem update time: 10.187351ms
2025/08/05 11:46:17 AttenuationSystem update...
2025/08/05 11:46:17 AttenuationSystem parallel flag: 1
2025/08/05 11:46:18 Attenuation computed count: 300000
2025/08/05 11:46:18 AttenuationSystem update time: 367.409412ms
2025/08/05 11:46:18 Run 2 complete
2025/08/05 11:46:18 StationSystem update...
2025/08/05 11:46:18 weather update count: 500
2025/08/05 11:46:18 StationSystem update time: 7.058µs
2025/08/05 11:46:18 SatelliteSystem update...
2025/08/05 11:46:18 satellite count: 600
2025/08/05 11:46:18 SatelliteSystem update time: 2.323161ms
2025/08/05 11:46:18 TopoSystem update...
2025/08/05 11:46:18 TopoSystem: Link count: 300000
2025/08/05 11:46:18 TopoSystem update time: 7.813305ms
2025/08/05 11:46:18 AttenuationSystem update...
2025/08/05 11:46:18 AttenuationSystem parallel flag: 1
2025/08/05 11:46:18 Attenuation computed count: 300000
2025/08/05 11:46:18 AttenuationSystem update time: 376.967326ms
2025/08/05 11:46:18 Run 3 complete
2025/08/05 11:46:18 StationSystem update...
2025/08/05 11:46:18 weather update count: 500
2025/08/05 11:46:18 StationSystem update time: 3.496µs
2025/08/05 11:46:18 SatelliteSystem update...
2025/08/05 11:46:18 satellite count: 600
2025/08/05 11:46:18 SatelliteSystem update time: 2.31961ms
2025/08/05 11:46:18 TopoSystem update...
2025/08/05 11:46:18 TopoSystem: Link count: 300000
2025/08/05 11:46:18 TopoSystem update time: 6.356425ms
2025/08/05 11:46:18 AttenuationSystem update...
2025/08/05 11:46:18 AttenuationSystem parallel flag: 1
2025/08/05 11:46:19 Attenuation computed count: 300000
2025/08/05 11:46:19 AttenuationSystem update time: 371.829742ms
2025/08/05 11:46:19 Run 4 complete
2025/08/05 11:46:19 StationSystem update...
2025/08/05 11:46:19 weather update count: 500
2025/08/05 11:46:19 StationSystem update time: 6.48µs
2025/08/05 11:46:19 SatelliteSystem update...
2025/08/05 11:46:19 satellite count: 600
2025/08/05 11:46:19 SatelliteSystem update time: 2.325057ms
2025/08/05 11:46:19 TopoSystem update...
2025/08/05 11:46:19 TopoSystem: Link count: 300000
2025/08/05 11:46:19 TopoSystem update time: 7.928393ms
2025/08/05 11:46:19 AttenuationSystem update...
2025/08/05 11:46:19 AttenuationSystem parallel flag: 1
2025/08/05 11:46:19 Attenuation computed count: 300000
2025/08/05 11:46:19 AttenuationSystem update time: 372.518239ms
2025/08/05 11:46:19 Run 5 complete
2025/08/05 11:46:19 StationSystem update...
2025/08/05 11:46:19 weather update count: 500
2025/08/05 11:46:19 StationSystem update time: 7.027µs
2025/08/05 11:46:19 SatelliteSystem update...
2025/08/05 11:46:19 satellite count: 600
2025/08/05 11:46:19 SatelliteSystem update time: 2.37533ms
2025/08/05 11:46:19 TopoSystem update...
2025/08/05 11:46:19 TopoSystem: Link count: 300000
2025/08/05 11:46:19 TopoSystem update time: 7.377652ms
2025/08/05 11:46:19 AttenuationSystem update...
2025/08/05 11:46:19 AttenuationSystem parallel flag: 1
2025/08/05 11:46:19 Attenuation computed count: 300000
2025/08/05 11:46:19 AttenuationSystem update time: 375.870499ms
2025/08/05 11:46:19 Run 6 complete
2025/08/05 11:46:19 StationSystem update...
2025/08/05 11:46:19 weather update count: 500
2025/08/05 11:46:19 StationSystem update time: 5.182µs
2025/08/05 11:46:19 SatelliteSystem update...
2025/08/05 11:46:19 satellite count: 600
2025/08/05 11:46:19 SatelliteSystem update time: 2.344566ms
2025/08/05 11:46:19 TopoSystem update...
2025/08/05 11:46:19 TopoSystem: Link count: 300000
2025/08/05 11:46:19 TopoSystem update time: 6.665758ms
2025/08/05 11:46:19 AttenuationSystem update...
2025/08/05 11:46:19 AttenuationSystem parallel flag: 1
2025/08/05 11:46:20 Attenuation computed count: 300000
2025/08/05 11:46:20 AttenuationSystem update time: 360.811547ms
2025/08/05 11:46:20 Run 7 complete
2025/08/05 11:46:20 StationSystem update...
2025/08/05 11:46:20 weather update count: 500
2025/08/05 11:46:20 StationSystem update time: 5.136µs
2025/08/05 11:46:20 SatelliteSystem update...
2025/08/05 11:46:20 satellite count: 600
2025/08/05 11:46:20 SatelliteSystem update time: 2.326029ms
2025/08/05 11:46:20 TopoSystem update...
2025/08/05 11:46:20 TopoSystem: Link count: 300000
2025/08/05 11:46:20 TopoSystem update time: 7.968915ms
2025/08/05 11:46:20 AttenuationSystem update...
2025/08/05 11:46:20 AttenuationSystem parallel flag: 1
2025/08/05 11:46:20 Attenuation computed count: 300000
2025/08/05 11:46:20 AttenuationSystem update time: 381.912106ms
2025/08/05 11:46:20 Run 8 complete
2025/08/05 11:46:20 StationSystem update...
2025/08/05 11:46:20 weather update count: 500
2025/08/05 11:46:20 StationSystem update time: 13.629µs
2025/08/05 11:46:20 SatelliteSystem update...
2025/08/05 11:46:20 satellite count: 600
2025/08/05 11:46:20 SatelliteSystem update time: 3.224582ms
2025/08/05 11:46:20 TopoSystem update...
2025/08/05 11:46:20 TopoSystem: Link count: 300000
2025/08/05 11:46:20 TopoSystem update time: 20.85032ms
2025/08/05 11:46:20 AttenuationSystem update...
2025/08/05 11:46:20 AttenuationSystem parallel flag: 1
2025/08/05 11:46:21 Attenuation computed count: 300000
2025/08/05 11:46:21 AttenuationSystem update time: 365.348956ms
2025/08/05 11:46:21 Run 9 complete
2025/08/05 11:46:21 StationSystem update...
2025/08/05 11:46:21 weather update count: 500
2025/08/05 11:46:21 StationSystem update time: 6.111µs
2025/08/05 11:46:21 SatelliteSystem update...
2025/08/05 11:46:21 satellite count: 600
2025/08/05 11:46:21 SatelliteSystem update time: 2.345481ms
2025/08/05 11:46:21 TopoSystem update...
2025/08/05 11:46:21 TopoSystem: Link count: 300000
2025/08/05 11:46:21 TopoSystem update time: 17.83358ms
2025/08/05 11:46:21 AttenuationSystem update...
2025/08/05 11:46:21 AttenuationSystem parallel flag: 1
2025/08/05 11:46:21 Attenuation computed count: 300000
2025/08/05 11:46:21 AttenuationSystem update time: 374.96412ms
2025/08/05 11:46:21 Run 10 complete
2025/08/05 11:46:21 Total update time:  3.829614555s
2025/08/05 11:46:21 linkCache size: 40

 Performance counter stats for './scale_ecs 500 600 10 2 8 1':

         7,316,109      cache-references                                                      
         1,958,592      cache-misses                     #   26.77% of all cache refs         

       3.839013879 seconds time elapsed

       7.432284000 seconds user
       0.085922000 seconds sys


