ECS running with 900 stations, 900 satellites, 2 numWGs and 2 numBlocks for 10 rounds in 0 parallel pattern
2025/08/05 13:46:25 StationSystem update...
2025/08/05 13:46:25 weather update count: 900
2025/08/05 13:46:25 StationSystem update time: 7.706µs
2025/08/05 13:46:25 SatelliteSystem update...
2025/08/05 13:46:25 satellite count: 900
2025/08/05 13:46:25 SatelliteSystem update time: 3.45009ms
2025/08/05 13:46:25 TopoSystem update...
2025/08/05 13:46:25 TopoSystem: Link count: 810000
2025/08/05 13:46:25 TopoSystem update time: 29.444983ms
2025/08/05 13:46:25 AttenuationSystem update...
2025/08/05 13:46:25 AttenuationSystem parallel flag: 0
2025/08/05 13:46:26 Attenuation computed count: 810000
2025/08/05 13:46:26 AttenuationSystem update time: 939.609856ms
2025/08/05 13:46:26 Run 1 complete
2025/08/05 13:46:26 StationSystem update...
2025/08/05 13:46:26 weather update count: 900
2025/08/05 13:46:26 StationSystem update time: 6.695µs
2025/08/05 13:46:26 SatelliteSystem update...
2025/08/05 13:46:26 satellite count: 900
2025/08/05 13:46:26 SatelliteSystem update time: 3.505382ms
2025/08/05 13:46:26 TopoSystem update...
2025/08/05 13:46:26 TopoSystem: Link count: 810000
2025/08/05 13:46:26 TopoSystem update time: 25.682594ms
2025/08/05 13:46:26 AttenuationSystem update...
2025/08/05 13:46:26 AttenuationSystem parallel flag: 0
2025/08/05 13:46:27 Attenuation computed count: 810000
2025/08/05 13:46:27 AttenuationSystem update time: 955.243629ms
2025/08/05 13:46:27 Run 2 complete
2025/08/05 13:46:27 StationSystem update...
2025/08/05 13:46:27 weather update count: 900
2025/08/05 13:46:27 StationSystem update time: 8.902µs
2025/08/05 13:46:27 SatelliteSystem update...
2025/08/05 13:46:27 satellite count: 900
2025/08/05 13:46:27 SatelliteSystem update time: 3.509313ms
2025/08/05 13:46:27 TopoSystem update...
2025/08/05 13:46:27 TopoSystem: Link count: 810000
2025/08/05 13:46:27 TopoSystem update time: 16.798278ms
2025/08/05 13:46:27 AttenuationSystem update...
2025/08/05 13:46:27 AttenuationSystem parallel flag: 0
2025/08/05 13:46:28 Attenuation computed count: 810000
2025/08/05 13:46:28 AttenuationSystem update time: 937.419078ms
2025/08/05 13:46:28 Run 3 complete
2025/08/05 13:46:28 StationSystem update...
2025/08/05 13:46:28 weather update count: 900
2025/08/05 13:46:28 StationSystem update time: 28.866µs
2025/08/05 13:46:28 SatelliteSystem update...
2025/08/05 13:46:28 satellite count: 900
2025/08/05 13:46:28 SatelliteSystem update time: 4.472308ms
2025/08/05 13:46:28 TopoSystem update...
2025/08/05 13:46:28 TopoSystem: Link count: 810000
2025/08/05 13:46:28 TopoSystem update time: 40.881468ms
2025/08/05 13:46:28 AttenuationSystem update...
2025/08/05 13:46:28 AttenuationSystem parallel flag: 0
2025/08/05 13:46:29 Attenuation computed count: 810000
2025/08/05 13:46:29 AttenuationSystem update time: 957.702576ms
2025/08/05 13:46:29 Run 4 complete
2025/08/05 13:46:29 StationSystem update...
2025/08/05 13:46:29 weather update count: 900
2025/08/05 13:46:29 StationSystem update time: 12.161µs
2025/08/05 13:46:29 SatelliteSystem update...
2025/08/05 13:46:29 satellite count: 900
2025/08/05 13:46:29 SatelliteSystem update time: 3.473306ms
2025/08/05 13:46:29 TopoSystem update...
2025/08/05 13:46:29 TopoSystem: Link count: 810000
2025/08/05 13:46:29 TopoSystem update time: 18.492467ms
2025/08/05 13:46:29 AttenuationSystem update...
2025/08/05 13:46:29 AttenuationSystem parallel flag: 0
2025/08/05 13:46:30 Attenuation computed count: 810000
2025/08/05 13:46:30 AttenuationSystem update time: 977.378486ms
2025/08/05 13:46:30 Run 5 complete
2025/08/05 13:46:30 StationSystem update...
2025/08/05 13:46:30 weather update count: 900
2025/08/05 13:46:30 StationSystem update time: 8.817µs
2025/08/05 13:46:30 SatelliteSystem update...
2025/08/05 13:46:30 satellite count: 900
2025/08/05 13:46:30 SatelliteSystem update time: 3.462887ms
2025/08/05 13:46:30 TopoSystem update...
2025/08/05 13:46:30 TopoSystem: Link count: 810000
2025/08/05 13:46:30 TopoSystem update time: 15.450015ms
2025/08/05 13:46:30 AttenuationSystem update...
2025/08/05 13:46:30 AttenuationSystem parallel flag: 0
2025/08/05 13:46:31 Attenuation computed count: 810000
2025/08/05 13:46:31 AttenuationSystem update time: 952.751414ms
2025/08/05 13:46:31 Run 6 complete
2025/08/05 13:46:31 StationSystem update...
2025/08/05 13:46:31 weather update count: 900
2025/08/05 13:46:31 StationSystem update time: 12.543µs
2025/08/05 13:46:31 SatelliteSystem update...
2025/08/05 13:46:31 satellite count: 900
2025/08/05 13:46:31 SatelliteSystem update time: 6.871609ms
2025/08/05 13:46:31 TopoSystem update...
2025/08/05 13:46:31 TopoSystem: Link count: 810000
2025/08/05 13:46:31 TopoSystem update time: 57.353857ms
2025/08/05 13:46:31 AttenuationSystem update...
2025/08/05 13:46:31 AttenuationSystem parallel flag: 0
2025/08/05 13:46:32 Attenuation computed count: 810000
2025/08/05 13:46:32 AttenuationSystem update time: 979.449092ms
2025/08/05 13:46:32 Run 7 complete
2025/08/05 13:46:32 StationSystem update...
2025/08/05 13:46:32 weather update count: 900
2025/08/05 13:46:32 StationSystem update time: 8.088µs
2025/08/05 13:46:32 SatelliteSystem update...
2025/08/05 13:46:32 satellite count: 900
2025/08/05 13:46:32 SatelliteSystem update time: 8.670427ms
2025/08/05 13:46:32 TopoSystem update...
2025/08/05 13:46:32 TopoSystem: Link count: 810000
2025/08/05 13:46:32 TopoSystem update time: 26.151245ms
2025/08/05 13:46:32 AttenuationSystem update...
2025/08/05 13:46:32 AttenuationSystem parallel flag: 0
2025/08/05 13:46:33 Attenuation computed count: 810000
2025/08/05 13:46:33 AttenuationSystem update time: 983.978933ms
2025/08/05 13:46:33 Run 8 complete
2025/08/05 13:46:33 StationSystem update...
2025/08/05 13:46:33 weather update count: 900
2025/08/05 13:46:33 StationSystem update time: 6.245µs
2025/08/05 13:46:33 SatelliteSystem update...
2025/08/05 13:46:33 satellite count: 900
2025/08/05 13:46:33 SatelliteSystem update time: 3.428716ms
2025/08/05 13:46:33 TopoSystem update...
2025/08/05 13:46:33 TopoSystem: Link count: 810000
2025/08/05 13:46:33 TopoSystem update time: 30.728307ms
2025/08/05 13:46:33 AttenuationSystem update...
2025/08/05 13:46:33 AttenuationSystem parallel flag: 0
2025/08/05 13:46:34 Attenuation computed count: 810000
2025/08/05 13:46:34 AttenuationSystem update time: 957.883648ms
2025/08/05 13:46:34 Run 9 complete
2025/08/05 13:46:34 StationSystem update...
2025/08/05 13:46:34 weather update count: 900
2025/08/05 13:46:34 StationSystem update time: 4.264µs
2025/08/05 13:46:34 SatelliteSystem update...
2025/08/05 13:46:34 satellite count: 900
2025/08/05 13:46:34 SatelliteSystem update time: 3.433582ms
2025/08/05 13:46:34 TopoSystem update...
2025/08/05 13:46:34 TopoSystem: Link count: 810000
2025/08/05 13:46:34 TopoSystem update time: 30.872298ms
2025/08/05 13:46:34 AttenuationSystem update...
2025/08/05 13:46:34 AttenuationSystem parallel flag: 0
2025/08/05 13:46:35 Attenuation computed count: 810000
2025/08/05 13:46:35 AttenuationSystem update time: 944.780539ms
2025/08/05 13:46:35 Run 10 complete
2025/08/05 13:46:35 Total update time:  9.932867757s
2025/08/05 13:46:35 linkCache size: 40

 Performance counter stats for './scale_ecs 900 900 10 2 2 0':

        19,914,002      cache-references                                                      
         6,018,534      cache-misses                     #   30.22% of all cache refs         

       9.943766910 seconds time elapsed

      18.883838000 seconds user
       0.200369000 seconds sys


