ECS running with 700 stations, 1900 satellites, 2 numWGs and 2 numBlocks for 10 rounds in 0 parallel pattern
2025/08/05 12:59:24 StationSystem update...
2025/08/05 12:59:24 SatelliteSystem update...
2025/08/05 12:59:24 weather update count: 700
2025/08/05 12:59:24 StationSystem update time: 7.369µs
2025/08/05 12:59:24 satellite count: 1900
2025/08/05 12:59:24 SatelliteSystem update time: 7.220747ms
2025/08/05 12:59:24 TopoSystem update...
2025/08/05 12:59:24 TopoSystem: Link count: 1330000
2025/08/05 12:59:24 TopoSystem update time: 40.776469ms
2025/08/05 12:59:24 AttenuationSystem update...
2025/08/05 12:59:24 AttenuationSystem parallel flag: 0
2025/08/05 12:59:25 Attenuation computed count: 1330000
2025/08/05 12:59:25 AttenuationSystem update time: 1.349867173s
2025/08/05 12:59:25 Run 1 complete
2025/08/05 12:59:25 StationSystem update...
2025/08/05 12:59:25 weather update count: 700
2025/08/05 12:59:25 StationSystem update time: 16.883µs
2025/08/05 12:59:25 SatelliteSystem update...
2025/08/05 12:59:25 satellite count: 1900
2025/08/05 12:59:25 SatelliteSystem update time: 6.830439ms
2025/08/05 12:59:25 TopoSystem update...
2025/08/05 12:59:25 TopoSystem: Link count: 1330000
2025/08/05 12:59:25 TopoSystem update time: 31.972966ms
2025/08/05 12:59:25 AttenuationSystem update...
2025/08/05 12:59:25 AttenuationSystem parallel flag: 0
2025/08/05 12:59:27 Attenuation computed count: 1330000
2025/08/05 12:59:27 AttenuationSystem update time: 1.549375002s
2025/08/05 12:59:27 Run 2 complete
2025/08/05 12:59:27 StationSystem update...
2025/08/05 12:59:27 weather update count: 700
2025/08/05 12:59:27 StationSystem update time: 3.191µs
2025/08/05 12:59:27 SatelliteSystem update...
2025/08/05 12:59:27 satellite count: 1900
2025/08/05 12:59:27 SatelliteSystem update time: 17.003256ms
2025/08/05 12:59:27 TopoSystem update...
2025/08/05 12:59:27 TopoSystem: Link count: 1330000
2025/08/05 12:59:27 TopoSystem update time: 38.411218ms
2025/08/05 12:59:27 AttenuationSystem update...
2025/08/05 12:59:27 AttenuationSystem parallel flag: 0
2025/08/05 12:59:28 Attenuation computed count: 1330000
2025/08/05 12:59:28 AttenuationSystem update time: 1.491725971s
2025/08/05 12:59:28 Run 3 complete
2025/08/05 12:59:28 StationSystem update...
2025/08/05 12:59:28 weather update count: 700
2025/08/05 12:59:28 StationSystem update time: 10.299µs
2025/08/05 12:59:28 SatelliteSystem update...
2025/08/05 12:59:28 satellite count: 1900
2025/08/05 12:59:28 SatelliteSystem update time: 7.849404ms
2025/08/05 12:59:28 TopoSystem update...
2025/08/05 12:59:28 TopoSystem: Link count: 1330000
2025/08/05 12:59:28 TopoSystem update time: 81.814754ms
2025/08/05 12:59:28 AttenuationSystem update...
2025/08/05 12:59:28 AttenuationSystem parallel flag: 0
2025/08/05 12:59:30 Attenuation computed count: 1330000
2025/08/05 12:59:30 AttenuationSystem update time: 1.276435036s
2025/08/05 12:59:30 Run 4 complete
2025/08/05 12:59:30 StationSystem update...
2025/08/05 12:59:30 weather update count: 700
2025/08/05 12:59:30 StationSystem update time: 4.53µs
2025/08/05 12:59:30 SatelliteSystem update...
2025/08/05 12:59:30 satellite count: 1900
2025/08/05 12:59:30 SatelliteSystem update time: 5.369994ms
2025/08/05 12:59:30 TopoSystem update...
2025/08/05 12:59:30 TopoSystem: Link count: 1330000
2025/08/05 12:59:30 TopoSystem update time: 27.840254ms
2025/08/05 12:59:30 AttenuationSystem update...
2025/08/05 12:59:30 AttenuationSystem parallel flag: 0
2025/08/05 12:59:31 Attenuation computed count: 1330000
2025/08/05 12:59:31 AttenuationSystem update time: 1.31925843s
2025/08/05 12:59:31 Run 5 complete
2025/08/05 12:59:31 StationSystem update...
2025/08/05 12:59:31 weather update count: 700
2025/08/05 12:59:31 StationSystem update time: 13.052µs
2025/08/05 12:59:31 SatelliteSystem update...
2025/08/05 12:59:31 satellite count: 1900
2025/08/05 12:59:31 SatelliteSystem update time: 7.910822ms
2025/08/05 12:59:31 TopoSystem update...
2025/08/05 12:59:31 TopoSystem: Link count: 1330000
2025/08/05 12:59:31 TopoSystem update time: 68.120104ms
2025/08/05 12:59:31 AttenuationSystem update...
2025/08/05 12:59:31 AttenuationSystem parallel flag: 0
2025/08/05 12:59:32 Attenuation computed count: 1330000
2025/08/05 12:59:32 AttenuationSystem update time: 1.354217795s
2025/08/05 12:59:32 Run 6 complete
2025/08/05 12:59:32 StationSystem update...
2025/08/05 12:59:32 weather update count: 700
2025/08/05 12:59:32 StationSystem update time: 3.962µs
2025/08/05 12:59:32 SatelliteSystem update...
2025/08/05 12:59:32 satellite count: 1900
2025/08/05 12:59:32 SatelliteSystem update time: 5.380246ms
2025/08/05 12:59:32 TopoSystem update...
2025/08/05 12:59:32 TopoSystem: Link count: 1330000
2025/08/05 12:59:32 TopoSystem update time: 53.589359ms
2025/08/05 12:59:32 AttenuationSystem update...
2025/08/05 12:59:32 AttenuationSystem parallel flag: 0
2025/08/05 12:59:34 Attenuation computed count: 1330000
2025/08/05 12:59:34 AttenuationSystem update time: 1.537482605s
2025/08/05 12:59:34 Run 7 complete
2025/08/05 12:59:34 StationSystem update...
2025/08/05 12:59:34 weather update count: 700
2025/08/05 12:59:34 StationSystem update time: 4.218µs
2025/08/05 12:59:34 SatelliteSystem update...
2025/08/05 12:59:34 satellite count: 1900
2025/08/05 12:59:34 SatelliteSystem update time: 7.209793ms
2025/08/05 12:59:34 TopoSystem update...
2025/08/05 12:59:34 TopoSystem: Link count: 1330000
2025/08/05 12:59:34 TopoSystem update time: 47.592393ms
2025/08/05 12:59:34 AttenuationSystem update...
2025/08/05 12:59:34 AttenuationSystem parallel flag: 0
2025/08/05 12:59:36 Attenuation computed count: 1330000
2025/08/05 12:59:36 AttenuationSystem update time: 1.546081984s
2025/08/05 12:59:36 Run 8 complete
2025/08/05 12:59:36 StationSystem update...
2025/08/05 12:59:36 weather update count: 700
2025/08/05 12:59:36 StationSystem update time: 3.548µs
2025/08/05 12:59:36 SatelliteSystem update...
2025/08/05 12:59:36 satellite count: 1900
2025/08/05 12:59:36 SatelliteSystem update time: 7.271158ms
2025/08/05 12:59:36 TopoSystem update...
2025/08/05 12:59:36 TopoSystem: Link count: 1330000
2025/08/05 12:59:36 TopoSystem update time: 22.003206ms
2025/08/05 12:59:36 AttenuationSystem update...
2025/08/05 12:59:36 AttenuationSystem parallel flag: 0
2025/08/05 12:59:37 Attenuation computed count: 1330000
2025/08/05 12:59:37 AttenuationSystem update time: 1.628100714s
2025/08/05 12:59:37 Run 9 complete
2025/08/05 12:59:37 StationSystem update...
2025/08/05 12:59:37 weather update count: 700
2025/08/05 12:59:37 StationSystem update time: 5.483µs
2025/08/05 12:59:37 SatelliteSystem update...
2025/08/05 12:59:37 satellite count: 1900
2025/08/05 12:59:37 SatelliteSystem update time: 17.998732ms
2025/08/05 12:59:37 TopoSystem update...
2025/08/05 12:59:37 TopoSystem: Link count: 1330000
2025/08/05 12:59:37 TopoSystem update time: 47.961618ms
2025/08/05 12:59:37 AttenuationSystem update...
2025/08/05 12:59:37 AttenuationSystem parallel flag: 0
2025/08/05 12:59:39 Attenuation computed count: 1330000
2025/08/05 12:59:39 AttenuationSystem update time: 1.539676189s
2025/08/05 12:59:39 Run 10 complete
2025/08/05 12:59:39 Total update time:  15.155272967s
2025/08/05 12:59:39 linkCache size: 40

 Performance counter stats for './scale_ecs 700 1900 10 2 2 0':

        30,332,379      cache-references                                                      
         8,762,408      cache-misses                     #   28.89% of all cache refs         

      15.170424763 seconds time elapsed

      28.770574000 seconds user
       0.269239000 seconds sys


