ECS running with 600 stations, 1300 satellites, 2 numWGs and 4 numBlocks for 10 rounds in 1 parallel pattern
2025/08/05 12:17:36 StationSystem update...
2025/08/05 12:17:36 weather update count: 600
2025/08/05 12:17:36 SatelliteSystem update...
2025/08/05 12:17:36 StationSystem update time: 5.233µs
2025/08/05 12:17:36 satellite count: 1300
2025/08/05 12:17:36 SatelliteSystem update time: 4.940871ms
2025/08/05 12:17:36 TopoSystem update...
2025/08/05 12:17:36 TopoSystem: Link count: 780000
2025/08/05 12:17:36 TopoSystem update time: 26.262715ms
2025/08/05 12:17:36 AttenuationSystem update...
2025/08/05 12:17:36 AttenuationSystem parallel flag: 1
2025/08/05 12:17:37 Attenuation computed count: 780000
2025/08/05 12:17:37 AttenuationSystem update time: 893.68803ms
2025/08/05 12:17:37 Run 1 complete
2025/08/05 12:17:37 StationSystem update...
2025/08/05 12:17:37 weather update count: 600
2025/08/05 12:17:37 StationSystem update time: 4.466µs
2025/08/05 12:17:37 SatelliteSystem update...
2025/08/05 12:17:37 satellite count: 1300
2025/08/05 12:17:37 SatelliteSystem update time: 5.04004ms
2025/08/05 12:17:37 TopoSystem update...
2025/08/05 12:17:37 TopoSystem: Link count: 780000
2025/08/05 12:17:37 TopoSystem update time: 25.307715ms
2025/08/05 12:17:37 AttenuationSystem update...
2025/08/05 12:17:37 AttenuationSystem parallel flag: 1
2025/08/05 12:17:38 Attenuation computed count: 780000
2025/08/05 12:17:38 AttenuationSystem update time: 838.035687ms
2025/08/05 12:17:38 Run 2 complete
2025/08/05 12:17:38 StationSystem update...
2025/08/05 12:17:38 weather update count: 600
2025/08/05 12:17:38 StationSystem update time: 4.932µs
2025/08/05 12:17:38 SatelliteSystem update...
2025/08/05 12:17:38 satellite count: 1300
2025/08/05 12:17:38 SatelliteSystem update time: 4.711569ms
2025/08/05 12:17:38 TopoSystem update...
2025/08/05 12:17:38 TopoSystem: Link count: 780000
2025/08/05 12:17:38 TopoSystem update time: 17.152955ms
2025/08/05 12:17:38 AttenuationSystem update...
2025/08/05 12:17:38 AttenuationSystem parallel flag: 1
2025/08/05 12:17:39 Attenuation computed count: 780000
2025/08/05 12:17:39 AttenuationSystem update time: 898.253447ms
2025/08/05 12:17:39 Run 3 complete
2025/08/05 12:17:39 StationSystem update...
2025/08/05 12:17:39 weather update count: 600
2025/08/05 12:17:39 StationSystem update time: 3.879µs
2025/08/05 12:17:39 SatelliteSystem update...
2025/08/05 12:17:39 satellite count: 1300
2025/08/05 12:17:39 SatelliteSystem update time: 3.736459ms
2025/08/05 12:17:39 TopoSystem update...
2025/08/05 12:17:39 TopoSystem: Link count: 780000
2025/08/05 12:17:39 TopoSystem update time: 19.399393ms
2025/08/05 12:17:39 AttenuationSystem update...
2025/08/05 12:17:39 AttenuationSystem parallel flag: 1
2025/08/05 12:17:40 Attenuation computed count: 780000
2025/08/05 12:17:40 AttenuationSystem update time: 923.352325ms
2025/08/05 12:17:40 Run 4 complete
2025/08/05 12:17:40 StationSystem update...
2025/08/05 12:17:40 weather update count: 600
2025/08/05 12:17:40 StationSystem update time: 2.832µs
2025/08/05 12:17:40 SatelliteSystem update...
2025/08/05 12:17:40 satellite count: 1300
2025/08/05 12:17:40 SatelliteSystem update time: 4.938112ms
2025/08/05 12:17:40 TopoSystem update...
2025/08/05 12:17:40 TopoSystem: Link count: 780000
2025/08/05 12:17:40 TopoSystem update time: 19.144164ms
2025/08/05 12:17:40 AttenuationSystem update...
2025/08/05 12:17:40 AttenuationSystem parallel flag: 1
2025/08/05 12:17:41 Attenuation computed count: 780000
2025/08/05 12:17:41 AttenuationSystem update time: 857.294296ms
2025/08/05 12:17:41 Run 5 complete
2025/08/05 12:17:41 StationSystem update...
2025/08/05 12:17:41 weather update count: 600
2025/08/05 12:17:41 StationSystem update time: 3.501µs
2025/08/05 12:17:41 SatelliteSystem update...
2025/08/05 12:17:41 satellite count: 1300
2025/08/05 12:17:41 SatelliteSystem update time: 4.869494ms
2025/08/05 12:17:41 TopoSystem update...
2025/08/05 12:17:41 TopoSystem: Link count: 780000
2025/08/05 12:17:41 TopoSystem update time: 10.350441ms
2025/08/05 12:17:41 AttenuationSystem update...
2025/08/05 12:17:41 AttenuationSystem parallel flag: 1
2025/08/05 12:17:42 Attenuation computed count: 780000
2025/08/05 12:17:42 AttenuationSystem update time: 880.521416ms
2025/08/05 12:17:42 Run 6 complete
2025/08/05 12:17:42 StationSystem update...
2025/08/05 12:17:42 weather update count: 600
2025/08/05 12:17:42 StationSystem update time: 2.665µs
2025/08/05 12:17:42 SatelliteSystem update...
2025/08/05 12:17:42 satellite count: 1300
2025/08/05 12:17:42 SatelliteSystem update time: 3.678061ms
2025/08/05 12:17:42 TopoSystem update...
2025/08/05 12:17:42 TopoSystem: Link count: 780000
2025/08/05 12:17:42 TopoSystem update time: 9.804861ms
2025/08/05 12:17:42 AttenuationSystem update...
2025/08/05 12:17:42 AttenuationSystem parallel flag: 1
2025/08/05 12:17:43 Attenuation computed count: 780000
2025/08/05 12:17:43 AttenuationSystem update time: 926.545953ms
2025/08/05 12:17:43 Run 7 complete
2025/08/05 12:17:43 StationSystem update...
2025/08/05 12:17:43 weather update count: 600
2025/08/05 12:17:43 StationSystem update time: 4.983µs
2025/08/05 12:17:43 SatelliteSystem update...
2025/08/05 12:17:43 satellite count: 1300
2025/08/05 12:17:43 SatelliteSystem update time: 4.326338ms
2025/08/05 12:17:43 TopoSystem update...
2025/08/05 12:17:43 TopoSystem: Link count: 780000
2025/08/05 12:17:43 TopoSystem update time: 19.34797ms
2025/08/05 12:17:43 AttenuationSystem update...
2025/08/05 12:17:43 AttenuationSystem parallel flag: 1
2025/08/05 12:17:44 Attenuation computed count: 780000
2025/08/05 12:17:44 AttenuationSystem update time: 903.538995ms
2025/08/05 12:17:44 Run 8 complete
2025/08/05 12:17:44 StationSystem update...
2025/08/05 12:17:44 weather update count: 600
2025/08/05 12:17:44 StationSystem update time: 4.038µs
2025/08/05 12:17:44 SatelliteSystem update...
2025/08/05 12:17:44 satellite count: 1300
2025/08/05 12:17:44 SatelliteSystem update time: 4.953282ms
2025/08/05 12:17:44 TopoSystem update...
2025/08/05 12:17:44 TopoSystem: Link count: 780000
2025/08/05 12:17:44 TopoSystem update time: 26.890886ms
2025/08/05 12:17:44 AttenuationSystem update...
2025/08/05 12:17:44 AttenuationSystem parallel flag: 1
2025/08/05 12:17:45 Attenuation computed count: 780000
2025/08/05 12:17:45 AttenuationSystem update time: 923.770566ms
2025/08/05 12:17:45 Run 9 complete
2025/08/05 12:17:45 StationSystem update...
2025/08/05 12:17:45 weather update count: 600
2025/08/05 12:17:45 StationSystem update time: 2.697µs
2025/08/05 12:17:45 SatelliteSystem update...
2025/08/05 12:17:45 satellite count: 1300
2025/08/05 12:17:45 SatelliteSystem update time: 3.676753ms
2025/08/05 12:17:45 TopoSystem update...
2025/08/05 12:17:45 TopoSystem: Link count: 780000
2025/08/05 12:17:45 TopoSystem update time: 18.213803ms
2025/08/05 12:17:45 AttenuationSystem update...
2025/08/05 12:17:45 AttenuationSystem parallel flag: 1
2025/08/05 12:17:46 Attenuation computed count: 780000
2025/08/05 12:17:46 AttenuationSystem update time: 931.977839ms
2025/08/05 12:17:46 Run 10 complete
2025/08/05 12:17:46 Total update time:  9.22405902s
2025/08/05 12:17:46 linkCache size: 40

 Performance counter stats for './scale_ecs 600 1300 10 2 4 1':

        18,166,387      cache-references                                                      
         4,450,125      cache-misses                     #   24.50% of all cache refs         

       9.232594109 seconds time elapsed

      16.817140000 seconds user
       0.135153000 seconds sys


