ECS running with 900 stations, 700 satellites, 4 numWGs and 8 numBlocks for 10 rounds in 1 parallel pattern
2025/08/05 13:44:07 StationSystem update...
2025/08/05 13:44:07 weather update count: 900
2025/08/05 13:44:07 StationSystem update time: 6.651µs
2025/08/05 13:44:07 SatelliteSystem update...
2025/08/05 13:44:07 satellite count: 700
2025/08/05 13:44:07 SatelliteSystem update time: 2.690643ms
2025/08/05 13:44:07 TopoSystem update...
2025/08/05 13:44:07 TopoSystem: Link count: 630000
2025/08/05 13:44:07 TopoSystem update time: 25.713357ms
2025/08/05 13:44:07 AttenuationSystem update...
2025/08/05 13:44:07 AttenuationSystem parallel flag: 1
2025/08/05 13:44:07 Attenuation computed count: 630000
2025/08/05 13:44:07 AttenuationSystem update time: 362.175411ms
2025/08/05 13:44:07 Run 1 complete
2025/08/05 13:44:07 StationSystem update...
2025/08/05 13:44:07 weather update count: 900
2025/08/05 13:44:07 StationSystem update time: 8.229µs
2025/08/05 13:44:07 SatelliteSystem update...
2025/08/05 13:44:07 satellite count: 700
2025/08/05 13:44:07 SatelliteSystem update time: 2.780808ms
2025/08/05 13:44:07 TopoSystem update...
2025/08/05 13:44:07 TopoSystem: Link count: 630000
2025/08/05 13:44:07 TopoSystem update time: 21.630242ms
2025/08/05 13:44:07 AttenuationSystem update...
2025/08/05 13:44:07 AttenuationSystem parallel flag: 1
2025/08/05 13:44:08 Attenuation computed count: 630000
2025/08/05 13:44:08 AttenuationSystem update time: 379.27467ms
2025/08/05 13:44:08 Run 2 complete
2025/08/05 13:44:08 StationSystem update...
2025/08/05 13:44:08 weather update count: 900
2025/08/05 13:44:08 StationSystem update time: 12.654µs
2025/08/05 13:44:08 SatelliteSystem update...
2025/08/05 13:44:08 satellite count: 700
2025/08/05 13:44:08 SatelliteSystem update time: 2.731216ms
2025/08/05 13:44:08 TopoSystem update...
2025/08/05 13:44:08 TopoSystem: Link count: 630000
2025/08/05 13:44:08 TopoSystem update time: 13.114695ms
2025/08/05 13:44:08 AttenuationSystem update...
2025/08/05 13:44:08 AttenuationSystem parallel flag: 1
2025/08/05 13:44:08 Attenuation computed count: 630000
2025/08/05 13:44:08 AttenuationSystem update time: 390.572766ms
2025/08/05 13:44:08 Run 3 complete
2025/08/05 13:44:08 StationSystem update...
2025/08/05 13:44:08 weather update count: 900
2025/08/05 13:44:08 StationSystem update time: 10.534µs
2025/08/05 13:44:08 SatelliteSystem update...
2025/08/05 13:44:08 satellite count: 700
2025/08/05 13:44:08 SatelliteSystem update time: 3.085051ms
2025/08/05 13:44:08 TopoSystem update...
2025/08/05 13:44:08 TopoSystem: Link count: 630000
2025/08/05 13:44:08 TopoSystem update time: 12.495555ms
2025/08/05 13:44:08 AttenuationSystem update...
2025/08/05 13:44:08 AttenuationSystem parallel flag: 1
2025/08/05 13:44:09 Attenuation computed count: 630000
2025/08/05 13:44:09 AttenuationSystem update time: 438.433972ms
2025/08/05 13:44:09 Run 4 complete
2025/08/05 13:44:09 StationSystem update...
2025/08/05 13:44:09 weather update count: 900
2025/08/05 13:44:09 StationSystem update time: 13.767µs
2025/08/05 13:44:09 SatelliteSystem update...
2025/08/05 13:44:09 satellite count: 700
2025/08/05 13:44:09 SatelliteSystem update time: 2.961766ms
2025/08/05 13:44:09 TopoSystem update...
2025/08/05 13:44:09 TopoSystem: Link count: 630000
2025/08/05 13:44:09 TopoSystem update time: 36.353076ms
2025/08/05 13:44:09 AttenuationSystem update...
2025/08/05 13:44:09 AttenuationSystem parallel flag: 1
2025/08/05 13:44:09 Attenuation computed count: 630000
2025/08/05 13:44:09 AttenuationSystem update time: 389.158644ms
2025/08/05 13:44:09 Run 5 complete
2025/08/05 13:44:09 StationSystem update...
2025/08/05 13:44:09 weather update count: 900
2025/08/05 13:44:09 StationSystem update time: 11.392µs
2025/08/05 13:44:09 SatelliteSystem update...
2025/08/05 13:44:09 satellite count: 700
2025/08/05 13:44:09 SatelliteSystem update time: 2.747264ms
2025/08/05 13:44:09 TopoSystem update...
2025/08/05 13:44:09 TopoSystem: Link count: 630000
2025/08/05 13:44:09 TopoSystem update time: 23.650916ms
2025/08/05 13:44:09 AttenuationSystem update...
2025/08/05 13:44:09 AttenuationSystem parallel flag: 1
2025/08/05 13:44:10 Attenuation computed count: 630000
2025/08/05 13:44:10 AttenuationSystem update time: 431.491435ms
2025/08/05 13:44:10 Run 6 complete
2025/08/05 13:44:10 StationSystem update...
2025/08/05 13:44:10 weather update count: 900
2025/08/05 13:44:10 StationSystem update time: 9.124µs
2025/08/05 13:44:10 SatelliteSystem update...
2025/08/05 13:44:10 satellite count: 700
2025/08/05 13:44:10 SatelliteSystem update time: 2.764558ms
2025/08/05 13:44:10 TopoSystem update...
2025/08/05 13:44:10 TopoSystem: Link count: 630000
2025/08/05 13:44:10 TopoSystem update time: 13.78699ms
2025/08/05 13:44:10 AttenuationSystem update...
2025/08/05 13:44:10 AttenuationSystem parallel flag: 1
2025/08/05 13:44:10 Attenuation computed count: 630000
2025/08/05 13:44:10 AttenuationSystem update time: 391.427575ms
2025/08/05 13:44:10 Run 7 complete
2025/08/05 13:44:10 StationSystem update...
2025/08/05 13:44:10 weather update count: 900
2025/08/05 13:44:10 StationSystem update time: 10.089µs
2025/08/05 13:44:10 SatelliteSystem update...
2025/08/05 13:44:10 satellite count: 700
2025/08/05 13:44:10 SatelliteSystem update time: 2.739505ms
2025/08/05 13:44:10 TopoSystem update...
2025/08/05 13:44:10 TopoSystem: Link count: 630000
2025/08/05 13:44:10 TopoSystem update time: 15.115905ms
2025/08/05 13:44:10 AttenuationSystem update...
2025/08/05 13:44:10 AttenuationSystem parallel flag: 1
2025/08/05 13:44:10 Attenuation computed count: 630000
2025/08/05 13:44:10 AttenuationSystem update time: 409.400041ms
2025/08/05 13:44:10 Run 8 complete
2025/08/05 13:44:10 StationSystem update...
2025/08/05 13:44:10 weather update count: 900
2025/08/05 13:44:10 StationSystem update time: 8.649µs
2025/08/05 13:44:10 SatelliteSystem update...
2025/08/05 13:44:10 satellite count: 700
2025/08/05 13:44:10 SatelliteSystem update time: 2.748191ms
2025/08/05 13:44:10 TopoSystem update...
2025/08/05 13:44:10 TopoSystem: Link count: 630000
2025/08/05 13:44:10 TopoSystem update time: 13.28427ms
2025/08/05 13:44:10 AttenuationSystem update...
2025/08/05 13:44:10 AttenuationSystem parallel flag: 1
2025/08/05 13:44:11 Attenuation computed count: 630000
2025/08/05 13:44:11 AttenuationSystem update time: 374.125611ms
2025/08/05 13:44:11 Run 9 complete
2025/08/05 13:44:11 StationSystem update...
2025/08/05 13:44:11 weather update count: 900
2025/08/05 13:44:11 StationSystem update time: 8.872µs
2025/08/05 13:44:11 SatelliteSystem update...
2025/08/05 13:44:11 satellite count: 700
2025/08/05 13:44:11 SatelliteSystem update time: 2.716194ms
2025/08/05 13:44:11 TopoSystem update...
2025/08/05 13:44:11 TopoSystem: Link count: 630000
2025/08/05 13:44:11 TopoSystem update time: 15.610713ms
2025/08/05 13:44:11 AttenuationSystem update...
2025/08/05 13:44:11 AttenuationSystem parallel flag: 1
2025/08/05 13:44:11 Attenuation computed count: 630000
2025/08/05 13:44:11 AttenuationSystem update time: 392.11286ms
2025/08/05 13:44:11 Run 10 complete
2025/08/05 13:44:11 Total update time:  4.185250249s
2025/08/05 13:44:11 linkCache size: 40

 Performance counter stats for './scale_ecs 900 700 10 4 8 1':

        14,740,661      cache-references                                                      
         3,687,015      cache-misses                     #   25.01% of all cache refs         

       4.194612269 seconds time elapsed

      15.241505000 seconds user
       0.116965000 seconds sys


