ECS running with 900 stations, 1400 satellites, 2 numWGs and 2 numBlocks for 10 rounds in 0 parallel pattern
2025/08/05 13:57:31 StationSystem update...
2025/08/05 13:57:31 SatelliteSystem update...
2025/08/05 13:57:31 weather update count: 900
2025/08/05 13:57:31 StationSystem update time: 76.777µs
2025/08/05 13:57:31 satellite count: 1400
2025/08/05 13:57:31 SatelliteSystem update time: 5.338605ms
2025/08/05 13:57:31 TopoSystem update...
2025/08/05 13:57:31 TopoSystem: Link count: 1260000
2025/08/05 13:57:31 TopoSystem update time: 38.339319ms
2025/08/05 13:57:31 AttenuationSystem update...
2025/08/05 13:57:31 AttenuationSystem parallel flag: 0
2025/08/05 13:57:33 Attenuation computed count: 1260000
2025/08/05 13:57:33 AttenuationSystem update time: 1.517407094s
2025/08/05 13:57:33 Run 1 complete
2025/08/05 13:57:33 StationSystem update...
2025/08/05 13:57:33 weather update count: 900
2025/08/05 13:57:33 StationSystem update time: 142.661µs
2025/08/05 13:57:33 SatelliteSystem update...
2025/08/05 13:57:33 satellite count: 1400
2025/08/05 13:57:33 SatelliteSystem update time: 11.931295ms
2025/08/05 13:57:33 TopoSystem update...
2025/08/05 13:57:33 TopoSystem: Link count: 1260000
2025/08/05 13:57:33 TopoSystem update time: 38.292427ms
2025/08/05 13:57:33 AttenuationSystem update...
2025/08/05 13:57:33 AttenuationSystem parallel flag: 0
2025/08/05 13:57:34 Attenuation computed count: 1260000
2025/08/05 13:57:34 AttenuationSystem update time: 1.457571152s
2025/08/05 13:57:34 Run 2 complete
2025/08/05 13:57:34 StationSystem update...
2025/08/05 13:57:34 weather update count: 900
2025/08/05 13:57:34 StationSystem update time: 10.161µs
2025/08/05 13:57:34 SatelliteSystem update...
2025/08/05 13:57:35 satellite count: 1400
2025/08/05 13:57:35 SatelliteSystem update time: 5.401091ms
2025/08/05 13:57:35 TopoSystem update...
2025/08/05 13:57:35 TopoSystem: Link count: 1260000
2025/08/05 13:57:35 TopoSystem update time: 48.419987ms
2025/08/05 13:57:35 AttenuationSystem update...
2025/08/05 13:57:35 AttenuationSystem parallel flag: 0
2025/08/05 13:57:36 Attenuation computed count: 1260000
2025/08/05 13:57:36 AttenuationSystem update time: 1.462520142s
2025/08/05 13:57:36 Run 3 complete
2025/08/05 13:57:36 StationSystem update...
2025/08/05 13:57:36 weather update count: 900
2025/08/05 13:57:36 StationSystem update time: 15.307µs
2025/08/05 13:57:36 SatelliteSystem update...
2025/08/05 13:57:36 satellite count: 1400
2025/08/05 13:57:36 SatelliteSystem update time: 6.784025ms
2025/08/05 13:57:36 TopoSystem update...
2025/08/05 13:57:36 TopoSystem: Link count: 1260000
2025/08/05 13:57:36 TopoSystem update time: 65.164137ms
2025/08/05 13:57:36 AttenuationSystem update...
2025/08/05 13:57:36 AttenuationSystem parallel flag: 0
2025/08/05 13:57:38 Attenuation computed count: 1260000
2025/08/05 13:57:38 AttenuationSystem update time: 1.489980051s
2025/08/05 13:57:38 Run 4 complete
2025/08/05 13:57:38 StationSystem update...
2025/08/05 13:57:38 weather update count: 900
2025/08/05 13:57:38 StationSystem update time: 11.473µs
2025/08/05 13:57:38 SatelliteSystem update...
2025/08/05 13:57:38 satellite count: 1400
2025/08/05 13:57:38 SatelliteSystem update time: 5.980401ms
2025/08/05 13:57:38 TopoSystem update...
2025/08/05 13:57:38 TopoSystem: Link count: 1260000
2025/08/05 13:57:38 TopoSystem update time: 66.697156ms
2025/08/05 13:57:38 AttenuationSystem update...
2025/08/05 13:57:38 AttenuationSystem parallel flag: 0
2025/08/05 13:57:39 Attenuation computed count: 1260000
2025/08/05 13:57:39 AttenuationSystem update time: 1.460075663s
2025/08/05 13:57:39 Run 5 complete
2025/08/05 13:57:39 StationSystem update...
2025/08/05 13:57:39 weather update count: 900
2025/08/05 13:57:39 StationSystem update time: 4.947µs
2025/08/05 13:57:39 SatelliteSystem update...
2025/08/05 13:57:39 satellite count: 1400
2025/08/05 13:57:39 SatelliteSystem update time: 5.433405ms
2025/08/05 13:57:39 TopoSystem update...
2025/08/05 13:57:39 TopoSystem: Link count: 1260000
2025/08/05 13:57:39 TopoSystem update time: 52.502332ms
2025/08/05 13:57:39 AttenuationSystem update...
2025/08/05 13:57:39 AttenuationSystem parallel flag: 0
2025/08/05 13:57:41 Attenuation computed count: 1260000
2025/08/05 13:57:41 AttenuationSystem update time: 1.458115463s
2025/08/05 13:57:41 Run 6 complete
2025/08/05 13:57:41 StationSystem update...
2025/08/05 13:57:41 weather update count: 900
2025/08/05 13:57:41 StationSystem update time: 5.292µs
2025/08/05 13:57:41 SatelliteSystem update...
2025/08/05 13:57:41 satellite count: 1400
2025/08/05 13:57:41 SatelliteSystem update time: 5.333939ms
2025/08/05 13:57:41 TopoSystem update...
2025/08/05 13:57:41 TopoSystem: Link count: 1260000
2025/08/05 13:57:41 TopoSystem update time: 20.000382ms
2025/08/05 13:57:41 AttenuationSystem update...
2025/08/05 13:57:41 AttenuationSystem parallel flag: 0
2025/08/05 13:57:42 Attenuation computed count: 1260000
2025/08/05 13:57:42 AttenuationSystem update time: 1.441212726s
2025/08/05 13:57:42 Run 7 complete
2025/08/05 13:57:42 StationSystem update...
2025/08/05 13:57:42 weather update count: 900
2025/08/05 13:57:42 StationSystem update time: 3.694µs
2025/08/05 13:57:42 SatelliteSystem update...
2025/08/05 13:57:42 satellite count: 1400
2025/08/05 13:57:42 SatelliteSystem update time: 5.344092ms
2025/08/05 13:57:42 TopoSystem update...
2025/08/05 13:57:42 TopoSystem: Link count: 1260000
2025/08/05 13:57:42 TopoSystem update time: 28.893352ms
2025/08/05 13:57:42 AttenuationSystem update...
2025/08/05 13:57:42 AttenuationSystem parallel flag: 0
2025/08/05 13:57:44 Attenuation computed count: 1260000
2025/08/05 13:57:44 AttenuationSystem update time: 1.468204096s
2025/08/05 13:57:44 Run 8 complete
2025/08/05 13:57:44 StationSystem update...
2025/08/05 13:57:44 weather update count: 900
2025/08/05 13:57:44 StationSystem update time: 30.899µs
2025/08/05 13:57:44 SatelliteSystem update...
2025/08/05 13:57:44 satellite count: 1400
2025/08/05 13:57:44 SatelliteSystem update time: 6.955282ms
2025/08/05 13:57:44 TopoSystem update...
2025/08/05 13:57:44 TopoSystem: Link count: 1260000
2025/08/05 13:57:44 TopoSystem update time: 95.741765ms
2025/08/05 13:57:44 AttenuationSystem update...
2025/08/05 13:57:44 AttenuationSystem parallel flag: 0
2025/08/05 13:57:45 Attenuation computed count: 1260000
2025/08/05 13:57:45 AttenuationSystem update time: 1.467517407s
2025/08/05 13:57:45 Run 9 complete
2025/08/05 13:57:45 StationSystem update...
2025/08/05 13:57:45 weather update count: 900
2025/08/05 13:57:45 StationSystem update time: 9.939µs
2025/08/05 13:57:45 SatelliteSystem update...
2025/08/05 13:57:45 satellite count: 1400
2025/08/05 13:57:45 SatelliteSystem update time: 5.382092ms
2025/08/05 13:57:45 TopoSystem update...
2025/08/05 13:57:45 TopoSystem: Link count: 1260000
2025/08/05 13:57:45 TopoSystem update time: 35.828104ms
2025/08/05 13:57:45 AttenuationSystem update...
2025/08/05 13:57:45 AttenuationSystem parallel flag: 0
2025/08/05 13:57:47 Attenuation computed count: 1260000
2025/08/05 13:57:47 AttenuationSystem update time: 1.503194682s
2025/08/05 13:57:47 Run 10 complete
2025/08/05 13:57:47 Total update time:  15.292728561s
2025/08/05 13:57:47 linkCache size: 40

 Performance counter stats for './scale_ecs 900 1400 10 2 2 0':

        31,102,385      cache-references                                                      
         9,961,344      cache-misses                     #   32.03% of all cache refs         

      15.310440571 seconds time elapsed

      29.667849000 seconds user
       0.379343000 seconds sys


