ECS running with 800 stations, 1100 satellites, 8 numWGs and 8 numBlocks for 10 rounds in 1 parallel pattern
2025/08/05 13:15:25 StationSystem update...
2025/08/05 13:15:25 weather update count: 800
2025/08/05 13:15:25 StationSystem update time: 5.697µs
2025/08/05 13:15:25 SatelliteSystem update...
2025/08/05 13:15:25 satellite count: 1100
2025/08/05 13:15:25 SatelliteSystem update time: 4.186146ms
2025/08/05 13:15:25 TopoSystem update...
2025/08/05 13:15:25 TopoSystem: Link count: 880000
2025/08/05 13:15:25 TopoSystem update time: 29.208943ms
2025/08/05 13:15:25 AttenuationSystem update...
2025/08/05 13:15:25 AttenuationSystem parallel flag: 1
2025/08/05 13:15:26 Attenuation computed count: 880000
2025/08/05 13:15:26 AttenuationSystem update time: 289.297608ms
2025/08/05 13:15:26 Run 1 complete
2025/08/05 13:15:26 StationSystem update...
2025/08/05 13:15:26 weather update count: 800
2025/08/05 13:15:26 StationSystem update time: 5.461µs
2025/08/05 13:15:26 SatelliteSystem update...
2025/08/05 13:15:26 satellite count: 1100
2025/08/05 13:15:26 SatelliteSystem update time: 4.221701ms
2025/08/05 13:15:26 TopoSystem update...
2025/08/05 13:15:26 TopoSystem: Link count: 880000
2025/08/05 13:15:26 TopoSystem update time: 25.567726ms
2025/08/05 13:15:26 AttenuationSystem update...
2025/08/05 13:15:26 AttenuationSystem parallel flag: 1
2025/08/05 13:15:26 Attenuation computed count: 880000
2025/08/05 13:15:26 AttenuationSystem update time: 287.579325ms
2025/08/05 13:15:26 Run 2 complete
2025/08/05 13:15:26 StationSystem update...
2025/08/05 13:15:26 weather update count: 800
2025/08/05 13:15:26 StationSystem update time: 5.401µs
2025/08/05 13:15:26 SatelliteSystem update...
2025/08/05 13:15:26 satellite count: 1100
2025/08/05 13:15:26 SatelliteSystem update time: 4.213855ms
2025/08/05 13:15:26 TopoSystem update...
2025/08/05 13:15:26 TopoSystem: Link count: 880000
2025/08/05 13:15:26 TopoSystem update time: 14.011631ms
2025/08/05 13:15:26 AttenuationSystem update...
2025/08/05 13:15:26 AttenuationSystem parallel flag: 1
2025/08/05 13:15:26 Attenuation computed count: 880000
2025/08/05 13:15:26 AttenuationSystem update time: 279.57648ms
2025/08/05 13:15:26 Run 3 complete
2025/08/05 13:15:26 StationSystem update...
2025/08/05 13:15:26 weather update count: 800
2025/08/05 13:15:26 StationSystem update time: 6.309µs
2025/08/05 13:15:26 SatelliteSystem update...
2025/08/05 13:15:26 satellite count: 1100
2025/08/05 13:15:26 SatelliteSystem update time: 4.223981ms
2025/08/05 13:15:26 TopoSystem update...
2025/08/05 13:15:26 TopoSystem: Link count: 880000
2025/08/05 13:15:26 TopoSystem update time: 15.692976ms
2025/08/05 13:15:26 AttenuationSystem update...
2025/08/05 13:15:26 AttenuationSystem parallel flag: 1
2025/08/05 13:15:27 Attenuation computed count: 880000
2025/08/05 13:15:27 AttenuationSystem update time: 314.709153ms
2025/08/05 13:15:27 Run 4 complete
2025/08/05 13:15:27 StationSystem update...
2025/08/05 13:15:27 weather update count: 800
2025/08/05 13:15:27 StationSystem update time: 20.202µs
2025/08/05 13:15:27 SatelliteSystem update...
2025/08/05 13:15:27 satellite count: 1100
2025/08/05 13:15:27 SatelliteSystem update time: 4.575988ms
2025/08/05 13:15:27 TopoSystem update...
2025/08/05 13:15:27 TopoSystem: Link count: 880000
2025/08/05 13:15:27 TopoSystem update time: 45.957234ms
2025/08/05 13:15:27 AttenuationSystem update...
2025/08/05 13:15:27 AttenuationSystem parallel flag: 1
2025/08/05 13:15:27 Attenuation computed count: 880000
2025/08/05 13:15:27 AttenuationSystem update time: 328.007128ms
2025/08/05 13:15:27 Run 5 complete
2025/08/05 13:15:27 StationSystem update...
2025/08/05 13:15:27 weather update count: 800
2025/08/05 13:15:27 StationSystem update time: 26.856µs
2025/08/05 13:15:27 SatelliteSystem update...
2025/08/05 13:15:27 satellite count: 1100
2025/08/05 13:15:27 SatelliteSystem update time: 4.802186ms
2025/08/05 13:15:27 TopoSystem update...
2025/08/05 13:15:27 TopoSystem: Link count: 880000
2025/08/05 13:15:27 TopoSystem update time: 34.191991ms
2025/08/05 13:15:27 AttenuationSystem update...
2025/08/05 13:15:27 AttenuationSystem parallel flag: 1
2025/08/05 13:15:27 Attenuation computed count: 880000
2025/08/05 13:15:27 AttenuationSystem update time: 378.821213ms
2025/08/05 13:15:27 Run 6 complete
2025/08/05 13:15:27 StationSystem update...
2025/08/05 13:15:27 weather update count: 800
2025/08/05 13:15:27 StationSystem update time: 11.248µs
2025/08/05 13:15:27 SatelliteSystem update...
2025/08/05 13:15:27 satellite count: 1100
2025/08/05 13:15:27 SatelliteSystem update time: 4.811726ms
2025/08/05 13:15:27 TopoSystem update...
2025/08/05 13:15:27 TopoSystem: Link count: 880000
2025/08/05 13:15:27 TopoSystem update time: 17.365981ms
2025/08/05 13:15:27 AttenuationSystem update...
2025/08/05 13:15:27 AttenuationSystem parallel flag: 1
2025/08/05 13:15:28 Attenuation computed count: 880000
2025/08/05 13:15:28 AttenuationSystem update time: 305.660214ms
2025/08/05 13:15:28 Run 7 complete
2025/08/05 13:15:28 StationSystem update...
2025/08/05 13:15:28 weather update count: 800
2025/08/05 13:15:28 StationSystem update time: 9.56µs
2025/08/05 13:15:28 SatelliteSystem update...
2025/08/05 13:15:28 satellite count: 1100
2025/08/05 13:15:28 SatelliteSystem update time: 4.249475ms
2025/08/05 13:15:28 TopoSystem update...
2025/08/05 13:15:28 TopoSystem: Link count: 880000
2025/08/05 13:15:28 TopoSystem update time: 22.159912ms
2025/08/05 13:15:28 AttenuationSystem update...
2025/08/05 13:15:28 AttenuationSystem parallel flag: 1
2025/08/05 13:15:28 Attenuation computed count: 880000
2025/08/05 13:15:28 AttenuationSystem update time: 326.748513ms
2025/08/05 13:15:28 Run 8 complete
2025/08/05 13:15:28 StationSystem update...
2025/08/05 13:15:28 weather update count: 800
2025/08/05 13:15:28 SatelliteSystem update...
2025/08/05 13:15:28 StationSystem update time: 54.115µs
2025/08/05 13:15:28 satellite count: 1100
2025/08/05 13:15:28 SatelliteSystem update time: 4.270782ms
2025/08/05 13:15:28 TopoSystem update...
2025/08/05 13:15:28 TopoSystem: Link count: 880000
2025/08/05 13:15:28 TopoSystem update time: 18.230055ms
2025/08/05 13:15:28 AttenuationSystem update...
2025/08/05 13:15:28 AttenuationSystem parallel flag: 1
2025/08/05 13:15:28 Attenuation computed count: 880000
2025/08/05 13:15:28 AttenuationSystem update time: 366.813583ms
2025/08/05 13:15:28 Run 9 complete
2025/08/05 13:15:28 StationSystem update...
2025/08/05 13:15:28 weather update count: 800
2025/08/05 13:15:28 StationSystem update time: 9.931µs
2025/08/05 13:15:28 SatelliteSystem update...
2025/08/05 13:15:28 satellite count: 1100
2025/08/05 13:15:28 SatelliteSystem update time: 4.671792ms
2025/08/05 13:15:28 TopoSystem update...
2025/08/05 13:15:28 TopoSystem: Link count: 880000
2025/08/05 13:15:28 TopoSystem update time: 17.418557ms
2025/08/05 13:15:28 AttenuationSystem update...
2025/08/05 13:15:28 AttenuationSystem parallel flag: 1
2025/08/05 13:15:29 Attenuation computed count: 880000
2025/08/05 13:15:29 AttenuationSystem update time: 300.676649ms
2025/08/05 13:15:29 Run 10 complete
2025/08/05 13:15:29 Total update time:  3.470983382s
2025/08/05 13:15:29 linkCache size: 40

 Performance counter stats for './scale_ecs 800 1100 10 8 8 1':

        21,138,138      cache-references                                                      
         5,589,344      cache-misses                     #   26.44% of all cache refs         

       3.485670942 seconds time elapsed

      21.661385000 seconds user
       0.136989000 seconds sys


