ECS running with 900 stations, 800 satellites, 2 numWGs and 2 numBlocks for 10 rounds in 0 parallel pattern
2025/08/05 13:44:46 StationSystem update...
2025/08/05 13:44:46 weather update count: 900
2025/08/05 13:44:46 StationSystem update time: 6.225µs
2025/08/05 13:44:46 SatelliteSystem update...
2025/08/05 13:44:46 satellite count: 800
2025/08/05 13:44:46 SatelliteSystem update time: 3.076793ms
2025/08/05 13:44:46 TopoSystem update...
2025/08/05 13:44:46 TopoSystem: Link count: 720000
2025/08/05 13:44:46 TopoSystem update time: 26.744302ms
2025/08/05 13:44:46 AttenuationSystem update...
2025/08/05 13:44:46 AttenuationSystem parallel flag: 0
2025/08/05 13:44:46 Attenuation computed count: 720000
2025/08/05 13:44:46 AttenuationSystem update time: 851.992669ms
2025/08/05 13:44:46 Run 1 complete
2025/08/05 13:44:46 StationSystem update...
2025/08/05 13:44:46 weather update count: 900
2025/08/05 13:44:46 StationSystem update time: 6.083µs
2025/08/05 13:44:46 SatelliteSystem update...
2025/08/05 13:44:46 satellite count: 800
2025/08/05 13:44:46 SatelliteSystem update time: 3.090531ms
2025/08/05 13:44:46 TopoSystem update...
2025/08/05 13:44:46 TopoSystem: Link count: 720000
2025/08/05 13:44:46 TopoSystem update time: 29.711441ms
2025/08/05 13:44:46 AttenuationSystem update...
2025/08/05 13:44:46 AttenuationSystem parallel flag: 0
2025/08/05 13:44:47 Attenuation computed count: 720000
2025/08/05 13:44:47 AttenuationSystem update time: 852.349966ms
2025/08/05 13:44:47 Run 2 complete
2025/08/05 13:44:47 StationSystem update...
2025/08/05 13:44:47 weather update count: 900
2025/08/05 13:44:47 StationSystem update time: 8.573µs
2025/08/05 13:44:47 SatelliteSystem update...
2025/08/05 13:44:47 satellite count: 800
2025/08/05 13:44:47 SatelliteSystem update time: 3.117183ms
2025/08/05 13:44:47 TopoSystem update...
2025/08/05 13:44:47 TopoSystem: Link count: 720000
2025/08/05 13:44:47 TopoSystem update time: 14.184321ms
2025/08/05 13:44:47 AttenuationSystem update...
2025/08/05 13:44:47 AttenuationSystem parallel flag: 0
2025/08/05 13:44:48 Attenuation computed count: 720000
2025/08/05 13:44:48 AttenuationSystem update time: 852.955792ms
2025/08/05 13:44:48 Run 3 complete
2025/08/05 13:44:48 StationSystem update...
2025/08/05 13:44:48 weather update count: 900
2025/08/05 13:44:48 StationSystem update time: 12.959µs
2025/08/05 13:44:48 SatelliteSystem update...
2025/08/05 13:44:48 satellite count: 800
2025/08/05 13:44:48 SatelliteSystem update time: 3.342003ms
2025/08/05 13:44:48 TopoSystem update...
2025/08/05 13:44:48 TopoSystem: Link count: 720000
2025/08/05 13:44:48 TopoSystem update time: 25.217308ms
2025/08/05 13:44:48 AttenuationSystem update...
2025/08/05 13:44:48 AttenuationSystem parallel flag: 0
2025/08/05 13:44:49 Attenuation computed count: 720000
2025/08/05 13:44:49 AttenuationSystem update time: 823.998432ms
2025/08/05 13:44:49 Run 4 complete
2025/08/05 13:44:49 StationSystem update...
2025/08/05 13:44:49 weather update count: 900
2025/08/05 13:44:49 StationSystem update time: 10.638µs
2025/08/05 13:44:49 SatelliteSystem update...
2025/08/05 13:44:49 satellite count: 800
2025/08/05 13:44:49 SatelliteSystem update time: 3.145665ms
2025/08/05 13:44:49 TopoSystem update...
2025/08/05 13:44:49 TopoSystem: Link count: 720000
2025/08/05 13:44:49 TopoSystem update time: 15.143337ms
2025/08/05 13:44:49 AttenuationSystem update...
2025/08/05 13:44:49 AttenuationSystem parallel flag: 0
2025/08/05 13:44:50 Attenuation computed count: 720000
2025/08/05 13:44:50 AttenuationSystem update time: 876.007874ms
2025/08/05 13:44:50 Run 5 complete
2025/08/05 13:44:50 StationSystem update...
2025/08/05 13:44:50 weather update count: 900
2025/08/05 13:44:50 StationSystem update time: 8.66µs
2025/08/05 13:44:50 SatelliteSystem update...
2025/08/05 13:44:50 satellite count: 800
2025/08/05 13:44:50 SatelliteSystem update time: 3.076557ms
2025/08/05 13:44:50 TopoSystem update...
2025/08/05 13:44:50 TopoSystem: Link count: 720000
2025/08/05 13:44:50 TopoSystem update time: 30.109856ms
2025/08/05 13:44:50 AttenuationSystem update...
2025/08/05 13:44:50 AttenuationSystem parallel flag: 0
2025/08/05 13:44:51 Attenuation computed count: 720000
2025/08/05 13:44:51 AttenuationSystem update time: 851.43961ms
2025/08/05 13:44:51 Run 6 complete
2025/08/05 13:44:51 StationSystem update...
2025/08/05 13:44:51 weather update count: 900
2025/08/05 13:44:51 StationSystem update time: 13.989µs
2025/08/05 13:44:51 SatelliteSystem update...
2025/08/05 13:44:51 satellite count: 800
2025/08/05 13:44:51 SatelliteSystem update time: 3.372332ms
2025/08/05 13:44:51 TopoSystem update...
2025/08/05 13:44:51 TopoSystem: Link count: 720000
2025/08/05 13:44:51 TopoSystem update time: 59.48179ms
2025/08/05 13:44:51 AttenuationSystem update...
2025/08/05 13:44:51 AttenuationSystem parallel flag: 0
2025/08/05 13:44:52 Attenuation computed count: 720000
2025/08/05 13:44:52 AttenuationSystem update time: 859.943737ms
2025/08/05 13:44:52 Run 7 complete
2025/08/05 13:44:52 StationSystem update...
2025/08/05 13:44:52 weather update count: 900
2025/08/05 13:44:52 StationSystem update time: 9.801µs
2025/08/05 13:44:52 SatelliteSystem update...
2025/08/05 13:44:52 satellite count: 800
2025/08/05 13:44:52 SatelliteSystem update time: 3.139406ms
2025/08/05 13:44:52 TopoSystem update...
2025/08/05 13:44:52 TopoSystem: Link count: 720000
2025/08/05 13:44:52 TopoSystem update time: 32.033784ms
2025/08/05 13:44:52 AttenuationSystem update...
2025/08/05 13:44:52 AttenuationSystem parallel flag: 0
2025/08/05 13:44:53 Attenuation computed count: 720000
2025/08/05 13:44:53 AttenuationSystem update time: 843.749195ms
2025/08/05 13:44:53 Run 8 complete
2025/08/05 13:44:53 StationSystem update...
2025/08/05 13:44:53 weather update count: 900
2025/08/05 13:44:53 StationSystem update time: 4.927µs
2025/08/05 13:44:53 SatelliteSystem update...
2025/08/05 13:44:53 satellite count: 800
2025/08/05 13:44:53 SatelliteSystem update time: 3.143328ms
2025/08/05 13:44:53 TopoSystem update...
2025/08/05 13:44:53 TopoSystem: Link count: 720000
2025/08/05 13:44:53 TopoSystem update time: 30.852372ms
2025/08/05 13:44:53 AttenuationSystem update...
2025/08/05 13:44:53 AttenuationSystem parallel flag: 0
2025/08/05 13:44:53 Attenuation computed count: 720000
2025/08/05 13:44:53 AttenuationSystem update time: 845.188579ms
2025/08/05 13:44:53 Run 9 complete
2025/08/05 13:44:53 StationSystem update...
2025/08/05 13:44:53 weather update count: 900
2025/08/05 13:44:53 StationSystem update time: 3.787µs
2025/08/05 13:44:53 SatelliteSystem update...
2025/08/05 13:44:53 satellite count: 800
2025/08/05 13:44:53 SatelliteSystem update time: 2.300359ms
2025/08/05 13:44:53 TopoSystem update...
2025/08/05 13:44:53 TopoSystem: Link count: 720000
2025/08/05 13:44:53 TopoSystem update time: 13.865759ms
2025/08/05 13:44:53 AttenuationSystem update...
2025/08/05 13:44:53 AttenuationSystem parallel flag: 0
2025/08/05 13:44:54 Attenuation computed count: 720000
2025/08/05 13:44:54 AttenuationSystem update time: 865.05289ms
2025/08/05 13:44:54 Run 10 complete
2025/08/05 13:44:54 Total update time:  8.839223204s
2025/08/05 13:44:54 linkCache size: 40

 Performance counter stats for './scale_ecs 900 800 10 2 2 0':

        17,079,257      cache-references                                                      
         4,890,670      cache-misses                     #   28.64% of all cache refs         

       8.846552620 seconds time elapsed

      17.083940000 seconds user
       0.193191000 seconds sys


