ECS running with 700 stations, 1200 satellites, 4 numWGs and 4 numBlocks for 10 rounds in 0 parallel pattern
2025/08/05 12:44:27 StationSystem update...
2025/08/05 12:44:27 SatelliteSystem update...
2025/08/05 12:44:27 weather update count: 700
2025/08/05 12:44:27 StationSystem update time: 6.59µs
2025/08/05 12:44:27 satellite count: 1200
2025/08/05 12:44:27 SatelliteSystem update time: 4.578202ms
2025/08/05 12:44:27 TopoSystem update...
2025/08/05 12:44:27 TopoSystem: Link count: 840000
2025/08/05 12:44:27 TopoSystem update time: 26.444307ms
2025/08/05 12:44:27 AttenuationSystem update...
2025/08/05 12:44:27 AttenuationSystem parallel flag: 0
2025/08/05 12:44:27 Attenuation computed count: 840000
2025/08/05 12:44:27 AttenuationSystem update time: 479.042639ms
2025/08/05 12:44:27 Run 1 complete
2025/08/05 12:44:27 StationSystem update...
2025/08/05 12:44:27 weather update count: 700
2025/08/05 12:44:27 StationSystem update time: 5.399µs
2025/08/05 12:44:27 SatelliteSystem update...
2025/08/05 12:44:27 satellite count: 1200
2025/08/05 12:44:27 SatelliteSystem update time: 4.586129ms
2025/08/05 12:44:27 TopoSystem update...
2025/08/05 12:44:27 TopoSystem: Link count: 840000
2025/08/05 12:44:27 TopoSystem update time: 23.020005ms
2025/08/05 12:44:27 AttenuationSystem update...
2025/08/05 12:44:27 AttenuationSystem parallel flag: 0
2025/08/05 12:44:28 Attenuation computed count: 840000
2025/08/05 12:44:28 AttenuationSystem update time: 459.351843ms
2025/08/05 12:44:28 Run 2 complete
2025/08/05 12:44:28 StationSystem update...
2025/08/05 12:44:28 weather update count: 700
2025/08/05 12:44:28 StationSystem update time: 3.056µs
2025/08/05 12:44:28 SatelliteSystem update...
2025/08/05 12:44:28 satellite count: 1200
2025/08/05 12:44:28 SatelliteSystem update time: 4.560085ms
2025/08/05 12:44:28 TopoSystem update...
2025/08/05 12:44:28 TopoSystem: Link count: 840000
2025/08/05 12:44:28 TopoSystem update time: 20.919583ms
2025/08/05 12:44:28 AttenuationSystem update...
2025/08/05 12:44:28 AttenuationSystem parallel flag: 0
2025/08/05 12:44:28 Attenuation computed count: 840000
2025/08/05 12:44:28 AttenuationSystem update time: 484.911174ms
2025/08/05 12:44:28 Run 3 complete
2025/08/05 12:44:28 StationSystem update...
2025/08/05 12:44:28 weather update count: 700
2025/08/05 12:44:28 StationSystem update time: 5.08µs
2025/08/05 12:44:28 SatelliteSystem update...
2025/08/05 12:44:28 satellite count: 1200
2025/08/05 12:44:28 SatelliteSystem update time: 3.394792ms
2025/08/05 12:44:28 TopoSystem update...
2025/08/05 12:44:28 TopoSystem: Link count: 840000
2025/08/05 12:44:28 TopoSystem update time: 11.625437ms
2025/08/05 12:44:28 AttenuationSystem update...
2025/08/05 12:44:28 AttenuationSystem parallel flag: 0
2025/08/05 12:44:29 Attenuation computed count: 840000
2025/08/05 12:44:29 AttenuationSystem update time: 487.92669ms
2025/08/05 12:44:29 Run 4 complete
2025/08/05 12:44:29 StationSystem update...
2025/08/05 12:44:29 weather update count: 700
2025/08/05 12:44:29 StationSystem update time: 18.163µs
2025/08/05 12:44:29 SatelliteSystem update...
2025/08/05 12:44:29 satellite count: 1200
2025/08/05 12:44:29 SatelliteSystem update time: 4.914296ms
2025/08/05 12:44:29 TopoSystem update...
2025/08/05 12:44:29 TopoSystem: Link count: 840000
2025/08/05 12:44:29 TopoSystem update time: 25.880933ms
2025/08/05 12:44:29 AttenuationSystem update...
2025/08/05 12:44:29 AttenuationSystem parallel flag: 0
2025/08/05 12:44:29 Attenuation computed count: 840000
2025/08/05 12:44:29 AttenuationSystem update time: 503.823761ms
2025/08/05 12:44:29 Run 5 complete
2025/08/05 12:44:29 StationSystem update...
2025/08/05 12:44:29 weather update count: 700
2025/08/05 12:44:29 StationSystem update time: 5.37µs
2025/08/05 12:44:29 SatelliteSystem update...
2025/08/05 12:44:29 satellite count: 1200
2025/08/05 12:44:29 SatelliteSystem update time: 4.549281ms
2025/08/05 12:44:29 TopoSystem update...
2025/08/05 12:44:29 TopoSystem: Link count: 840000
2025/08/05 12:44:29 TopoSystem update time: 21.980495ms
2025/08/05 12:44:29 AttenuationSystem update...
2025/08/05 12:44:29 AttenuationSystem parallel flag: 0
2025/08/05 12:44:30 Attenuation computed count: 840000
2025/08/05 12:44:30 AttenuationSystem update time: 466.141049ms
2025/08/05 12:44:30 Run 6 complete
2025/08/05 12:44:30 StationSystem update...
2025/08/05 12:44:30 weather update count: 700
2025/08/05 12:44:30 StationSystem update time: 4.139µs
2025/08/05 12:44:30 SatelliteSystem update...
2025/08/05 12:44:30 satellite count: 1200
2025/08/05 12:44:30 SatelliteSystem update time: 4.550863ms
2025/08/05 12:44:30 TopoSystem update...
2025/08/05 12:44:30 TopoSystem: Link count: 840000
2025/08/05 12:44:30 TopoSystem update time: 13.627016ms
2025/08/05 12:44:30 AttenuationSystem update...
2025/08/05 12:44:30 AttenuationSystem parallel flag: 0
2025/08/05 12:44:30 Attenuation computed count: 840000
2025/08/05 12:44:30 AttenuationSystem update time: 470.326897ms
2025/08/05 12:44:30 Run 7 complete
2025/08/05 12:44:30 StationSystem update...
2025/08/05 12:44:30 weather update count: 700
2025/08/05 12:44:30 StationSystem update time: 5.036µs
2025/08/05 12:44:30 SatelliteSystem update...
2025/08/05 12:44:30 satellite count: 1200
2025/08/05 12:44:30 SatelliteSystem update time: 4.569512ms
2025/08/05 12:44:30 TopoSystem update...
2025/08/05 12:44:30 TopoSystem: Link count: 840000
2025/08/05 12:44:30 TopoSystem update time: 21.16867ms
2025/08/05 12:44:30 AttenuationSystem update...
2025/08/05 12:44:30 AttenuationSystem parallel flag: 0
2025/08/05 12:44:31 Attenuation computed count: 840000
2025/08/05 12:44:31 AttenuationSystem update time: 482.158127ms
2025/08/05 12:44:31 Run 8 complete
2025/08/05 12:44:31 StationSystem update...
2025/08/05 12:44:31 weather update count: 700
2025/08/05 12:44:31 StationSystem update time: 3.379µs
2025/08/05 12:44:31 SatelliteSystem update...
2025/08/05 12:44:31 satellite count: 1200
2025/08/05 12:44:31 SatelliteSystem update time: 3.38532ms
2025/08/05 12:44:31 TopoSystem update...
2025/08/05 12:44:31 TopoSystem: Link count: 840000
2025/08/05 12:44:31 TopoSystem update time: 10.81919ms
2025/08/05 12:44:31 AttenuationSystem update...
2025/08/05 12:44:31 AttenuationSystem parallel flag: 0
2025/08/05 12:44:31 Attenuation computed count: 840000
2025/08/05 12:44:31 AttenuationSystem update time: 513.934906ms
2025/08/05 12:44:31 Run 9 complete
2025/08/05 12:44:31 StationSystem update...
2025/08/05 12:44:31 weather update count: 700
2025/08/05 12:44:31 StationSystem update time: 6.161µs
2025/08/05 12:44:31 SatelliteSystem update...
2025/08/05 12:44:31 satellite count: 1200
2025/08/05 12:44:31 SatelliteSystem update time: 4.584677ms
2025/08/05 12:44:31 TopoSystem update...
2025/08/05 12:44:31 TopoSystem: Link count: 840000
2025/08/05 12:44:31 TopoSystem update time: 12.651887ms
2025/08/05 12:44:31 AttenuationSystem update...
2025/08/05 12:44:31 AttenuationSystem parallel flag: 0
2025/08/05 12:44:32 Attenuation computed count: 840000
2025/08/05 12:44:32 AttenuationSystem update time: 514.271317ms
2025/08/05 12:44:32 Run 10 complete
2025/08/05 12:44:32 Total update time:  5.10170379s
2025/08/05 12:44:32 linkCache size: 40

 Performance counter stats for './scale_ecs 700 1200 10 4 4 0':

        18,995,907      cache-references                                                      
         4,502,595      cache-misses                     #   23.70% of all cache refs         

       5.109933869 seconds time elapsed

      17.963469000 seconds user
       0.113028000 seconds sys


