ECS running with 700 stations, 1200 satellites, 2 numWGs and 4 numBlocks for 10 rounds in 0 parallel pattern
2025/08/05 12:43:48 StationSystem update...
2025/08/05 12:43:48 weather update count: 700
2025/08/05 12:43:48 StationSystem update time: 4.407µs
2025/08/05 12:43:48 SatelliteSystem update...
2025/08/05 12:43:48 satellite count: 1200
2025/08/05 12:43:48 SatelliteSystem update time: 4.566981ms
2025/08/05 12:43:48 TopoSystem update...
2025/08/05 12:43:48 TopoSystem: Link count: 840000
2025/08/05 12:43:48 TopoSystem update time: 26.600899ms
2025/08/05 12:43:48 AttenuationSystem update...
2025/08/05 12:43:48 AttenuationSystem parallel flag: 0
2025/08/05 12:43:48 Attenuation computed count: 840000
2025/08/05 12:43:48 AttenuationSystem update time: 478.906225ms
2025/08/05 12:43:48 Run 1 complete
2025/08/05 12:43:48 StationSystem update...
2025/08/05 12:43:48 weather update count: 700
2025/08/05 12:43:48 StationSystem update time: 4.849µs
2025/08/05 12:43:48 SatelliteSystem update...
2025/08/05 12:43:48 satellite count: 1200
2025/08/05 12:43:48 SatelliteSystem update time: 3.718695ms
2025/08/05 12:43:48 TopoSystem update...
2025/08/05 12:43:48 TopoSystem: Link count: 840000
2025/08/05 12:43:48 TopoSystem update time: 20.384297ms
2025/08/05 12:43:48 AttenuationSystem update...
2025/08/05 12:43:48 AttenuationSystem parallel flag: 0
2025/08/05 12:43:49 Attenuation computed count: 840000
2025/08/05 12:43:49 AttenuationSystem update time: 451.489058ms
2025/08/05 12:43:49 Run 2 complete
2025/08/05 12:43:49 StationSystem update...
2025/08/05 12:43:49 weather update count: 700
2025/08/05 12:43:49 StationSystem update time: 4.604µs
2025/08/05 12:43:49 SatelliteSystem update...
2025/08/05 12:43:49 satellite count: 1200
2025/08/05 12:43:49 SatelliteSystem update time: 4.569911ms
2025/08/05 12:43:49 TopoSystem update...
2025/08/05 12:43:49 TopoSystem: Link count: 840000
2025/08/05 12:43:49 TopoSystem update time: 13.172358ms
2025/08/05 12:43:49 AttenuationSystem update...
2025/08/05 12:43:49 AttenuationSystem parallel flag: 0
2025/08/05 12:43:49 Attenuation computed count: 840000
2025/08/05 12:43:49 AttenuationSystem update time: 514.297895ms
2025/08/05 12:43:49 Run 3 complete
2025/08/05 12:43:49 StationSystem update...
2025/08/05 12:43:49 weather update count: 700
2025/08/05 12:43:49 StationSystem update time: 14.229µs
2025/08/05 12:43:49 SatelliteSystem update...
2025/08/05 12:43:49 satellite count: 1200
2025/08/05 12:43:49 SatelliteSystem update time: 5.492637ms
2025/08/05 12:43:49 TopoSystem update...
2025/08/05 12:43:49 TopoSystem: Link count: 840000
2025/08/05 12:43:49 TopoSystem update time: 30.447791ms
2025/08/05 12:43:49 AttenuationSystem update...
2025/08/05 12:43:49 AttenuationSystem parallel flag: 0
2025/08/05 12:43:50 Attenuation computed count: 840000
2025/08/05 12:43:50 AttenuationSystem update time: 490.38474ms
2025/08/05 12:43:50 Run 4 complete
2025/08/05 12:43:50 StationSystem update...
2025/08/05 12:43:50 weather update count: 700
2025/08/05 12:43:50 StationSystem update time: 4.326µs
2025/08/05 12:43:50 SatelliteSystem update...
2025/08/05 12:43:50 satellite count: 1200
2025/08/05 12:43:50 SatelliteSystem update time: 5.199403ms
2025/08/05 12:43:50 TopoSystem update...
2025/08/05 12:43:50 TopoSystem: Link count: 840000
2025/08/05 12:43:50 TopoSystem update time: 21.621257ms
2025/08/05 12:43:50 AttenuationSystem update...
2025/08/05 12:43:50 AttenuationSystem parallel flag: 0
2025/08/05 12:43:50 Attenuation computed count: 840000
2025/08/05 12:43:50 AttenuationSystem update time: 478.823141ms
2025/08/05 12:43:50 Run 5 complete
2025/08/05 12:43:50 StationSystem update...
2025/08/05 12:43:50 weather update count: 700
2025/08/05 12:43:50 StationSystem update time: 3.049µs
2025/08/05 12:43:50 SatelliteSystem update...
2025/08/05 12:43:50 satellite count: 1200
2025/08/05 12:43:50 SatelliteSystem update time: 4.581118ms
2025/08/05 12:43:50 TopoSystem update...
2025/08/05 12:43:50 TopoSystem: Link count: 840000
2025/08/05 12:43:50 TopoSystem update time: 13.948141ms
2025/08/05 12:43:50 AttenuationSystem update...
2025/08/05 12:43:50 AttenuationSystem parallel flag: 0
2025/08/05 12:43:51 Attenuation computed count: 840000
2025/08/05 12:43:51 AttenuationSystem update time: 454.479293ms
2025/08/05 12:43:51 Run 6 complete
2025/08/05 12:43:51 StationSystem update...
2025/08/05 12:43:51 weather update count: 700
2025/08/05 12:43:51 StationSystem update time: 4.977µs
2025/08/05 12:43:51 SatelliteSystem update...
2025/08/05 12:43:51 satellite count: 1200
2025/08/05 12:43:51 SatelliteSystem update time: 3.389604ms
2025/08/05 12:43:51 TopoSystem update...
2025/08/05 12:43:51 TopoSystem: Link count: 840000
2025/08/05 12:43:51 TopoSystem update time: 11.006807ms
2025/08/05 12:43:51 AttenuationSystem update...
2025/08/05 12:43:51 AttenuationSystem parallel flag: 0
2025/08/05 12:43:51 Attenuation computed count: 840000
2025/08/05 12:43:51 AttenuationSystem update time: 450.168518ms
2025/08/05 12:43:51 Run 7 complete
2025/08/05 12:43:51 StationSystem update...
2025/08/05 12:43:51 weather update count: 700
2025/08/05 12:43:51 StationSystem update time: 4.563µs
2025/08/05 12:43:51 SatelliteSystem update...
2025/08/05 12:43:51 satellite count: 1200
2025/08/05 12:43:51 SatelliteSystem update time: 3.410608ms
2025/08/05 12:43:51 TopoSystem update...
2025/08/05 12:43:51 TopoSystem: Link count: 840000
2025/08/05 12:43:51 TopoSystem update time: 13.035708ms
2025/08/05 12:43:51 AttenuationSystem update...
2025/08/05 12:43:51 AttenuationSystem parallel flag: 0
2025/08/05 12:43:52 Attenuation computed count: 840000
2025/08/05 12:43:52 AttenuationSystem update time: 482.916631ms
2025/08/05 12:43:52 Run 8 complete
2025/08/05 12:43:52 StationSystem update...
2025/08/05 12:43:52 weather update count: 700
2025/08/05 12:43:52 StationSystem update time: 4.587µs
2025/08/05 12:43:52 SatelliteSystem update...
2025/08/05 12:43:52 satellite count: 1200
2025/08/05 12:43:52 SatelliteSystem update time: 3.951583ms
2025/08/05 12:43:52 TopoSystem update...
2025/08/05 12:43:52 TopoSystem: Link count: 840000
2025/08/05 12:43:52 TopoSystem update time: 12.72401ms
2025/08/05 12:43:52 AttenuationSystem update...
2025/08/05 12:43:52 AttenuationSystem parallel flag: 0
2025/08/05 12:43:52 Attenuation computed count: 840000
2025/08/05 12:43:52 AttenuationSystem update time: 479.00537ms
2025/08/05 12:43:52 Run 9 complete
2025/08/05 12:43:52 StationSystem update...
2025/08/05 12:43:52 weather update count: 700
2025/08/05 12:43:52 StationSystem update time: 4.792µs
2025/08/05 12:43:52 SatelliteSystem update...
2025/08/05 12:43:52 satellite count: 1200
2025/08/05 12:43:52 SatelliteSystem update time: 3.388052ms
2025/08/05 12:43:52 TopoSystem update...
2025/08/05 12:43:52 TopoSystem: Link count: 840000
2025/08/05 12:43:52 TopoSystem update time: 11.888115ms
2025/08/05 12:43:52 AttenuationSystem update...
2025/08/05 12:43:52 AttenuationSystem parallel flag: 0
2025/08/05 12:43:53 Attenuation computed count: 840000
2025/08/05 12:43:53 AttenuationSystem update time: 484.309885ms
2025/08/05 12:43:53 Run 10 complete
2025/08/05 12:43:53 Total update time:  4.989892362s
2025/08/05 12:43:53 linkCache size: 40

 Performance counter stats for './scale_ecs 700 1200 10 2 4 0':

        19,369,082      cache-references                                                      
         4,801,683      cache-misses                     #   24.79% of all cache refs         

       5.001990720 seconds time elapsed

      17.381401000 seconds user
       0.127002000 seconds sys


