ECS running with 600 stations, 1900 satellites, 8 numWGs and 2 numBlocks for 10 rounds in 0 parallel pattern
2025/08/05 12:31:20 StationSystem update...
2025/08/05 12:31:20 weather update count: 600
2025/08/05 12:31:20 SatelliteSystem update...
2025/08/05 12:31:20 StationSystem update time: 5.646µs
2025/08/05 12:31:20 satellite count: 1900
2025/08/05 12:31:20 SatelliteSystem update time: 7.180699ms
2025/08/05 12:31:20 TopoSystem update...
2025/08/05 12:31:20 TopoSystem: Link count: 1140000
2025/08/05 12:31:20 TopoSystem update time: 35.120741ms
2025/08/05 12:31:20 AttenuationSystem update...
2025/08/05 12:31:20 AttenuationSystem parallel flag: 0
2025/08/05 12:31:21 Attenuation computed count: 1140000
2025/08/05 12:31:21 AttenuationSystem update time: 1.225255238s
2025/08/05 12:31:21 Run 1 complete
2025/08/05 12:31:21 StationSystem update...
2025/08/05 12:31:21 weather update count: 600
2025/08/05 12:31:21 StationSystem update time: 11.289µs
2025/08/05 12:31:21 SatelliteSystem update...
2025/08/05 12:31:21 satellite count: 1900
2025/08/05 12:31:21 SatelliteSystem update time: 7.782085ms
2025/08/05 12:31:21 TopoSystem update...
2025/08/05 12:31:21 TopoSystem: Link count: 1140000
2025/08/05 12:31:21 TopoSystem update time: 48.32886ms
2025/08/05 12:31:21 AttenuationSystem update...
2025/08/05 12:31:21 AttenuationSystem parallel flag: 0
2025/08/05 12:31:22 Attenuation computed count: 1140000
2025/08/05 12:31:22 AttenuationSystem update time: 1.077236884s
2025/08/05 12:31:22 Run 2 complete
2025/08/05 12:31:22 StationSystem update...
2025/08/05 12:31:22 weather update count: 600
2025/08/05 12:31:22 StationSystem update time: 4.343µs
2025/08/05 12:31:22 SatelliteSystem update...
2025/08/05 12:31:22 satellite count: 1900
2025/08/05 12:31:22 SatelliteSystem update time: 5.337271ms
2025/08/05 12:31:22 TopoSystem update...
2025/08/05 12:31:22 TopoSystem: Link count: 1140000
2025/08/05 12:31:22 TopoSystem update time: 44.798023ms
2025/08/05 12:31:22 AttenuationSystem update...
2025/08/05 12:31:22 AttenuationSystem parallel flag: 0
2025/08/05 12:31:23 Attenuation computed count: 1140000
2025/08/05 12:31:23 AttenuationSystem update time: 1.323118561s
2025/08/05 12:31:23 Run 3 complete
2025/08/05 12:31:23 StationSystem update...
2025/08/05 12:31:23 weather update count: 600
2025/08/05 12:31:23 StationSystem update time: 4.005µs
2025/08/05 12:31:23 SatelliteSystem update...
2025/08/05 12:31:23 satellite count: 1900
2025/08/05 12:31:23 SatelliteSystem update time: 7.195525ms
2025/08/05 12:31:23 TopoSystem update...
2025/08/05 12:31:23 TopoSystem: Link count: 1140000
2025/08/05 12:31:23 TopoSystem update time: 18.538032ms
2025/08/05 12:31:23 AttenuationSystem update...
2025/08/05 12:31:23 AttenuationSystem parallel flag: 0
2025/08/05 12:31:25 Attenuation computed count: 1140000
2025/08/05 12:31:25 AttenuationSystem update time: 1.139524533s
2025/08/05 12:31:25 Run 4 complete
2025/08/05 12:31:25 StationSystem update...
2025/08/05 12:31:25 weather update count: 600
2025/08/05 12:31:25 StationSystem update time: 4.141µs
2025/08/05 12:31:25 SatelliteSystem update...
2025/08/05 12:31:25 satellite count: 1900
2025/08/05 12:31:25 SatelliteSystem update time: 5.806994ms
2025/08/05 12:31:25 TopoSystem update...
2025/08/05 12:31:25 TopoSystem: Link count: 1140000
2025/08/05 12:31:25 TopoSystem update time: 61.189707ms
2025/08/05 12:31:25 AttenuationSystem update...
2025/08/05 12:31:25 AttenuationSystem parallel flag: 0
2025/08/05 12:31:26 Attenuation computed count: 1140000
2025/08/05 12:31:26 AttenuationSystem update time: 1.304168171s
2025/08/05 12:31:26 Run 5 complete
2025/08/05 12:31:26 StationSystem update...
2025/08/05 12:31:26 weather update count: 600
2025/08/05 12:31:26 StationSystem update time: 4.546µs
2025/08/05 12:31:26 SatelliteSystem update...
2025/08/05 12:31:26 satellite count: 1900
2025/08/05 12:31:26 SatelliteSystem update time: 18.195398ms
2025/08/05 12:31:26 TopoSystem update...
2025/08/05 12:31:26 TopoSystem: Link count: 1140000
2025/08/05 12:31:26 TopoSystem update time: 59.686265ms
2025/08/05 12:31:26 AttenuationSystem update...
2025/08/05 12:31:26 AttenuationSystem parallel flag: 0
2025/08/05 12:31:27 Attenuation computed count: 1140000
2025/08/05 12:31:27 AttenuationSystem update time: 1.218075048s
2025/08/05 12:31:27 Run 6 complete
2025/08/05 12:31:27 StationSystem update...
2025/08/05 12:31:27 weather update count: 600
2025/08/05 12:31:27 StationSystem update time: 5.17µs
2025/08/05 12:31:27 SatelliteSystem update...
2025/08/05 12:31:27 satellite count: 1900
2025/08/05 12:31:27 SatelliteSystem update time: 17.47287ms
2025/08/05 12:31:27 TopoSystem update...
2025/08/05 12:31:27 TopoSystem: Link count: 1140000
2025/08/05 12:31:27 TopoSystem update time: 16.950887ms
2025/08/05 12:31:27 AttenuationSystem update...
2025/08/05 12:31:27 AttenuationSystem parallel flag: 0
2025/08/05 12:31:29 Attenuation computed count: 1140000
2025/08/05 12:31:29 AttenuationSystem update time: 1.333754321s
2025/08/05 12:31:29 Run 7 complete
2025/08/05 12:31:29 StationSystem update...
2025/08/05 12:31:29 weather update count: 600
2025/08/05 12:31:29 StationSystem update time: 3.733µs
2025/08/05 12:31:29 SatelliteSystem update...
2025/08/05 12:31:29 satellite count: 1900
2025/08/05 12:31:29 SatelliteSystem update time: 17.955958ms
2025/08/05 12:31:29 TopoSystem update...
2025/08/05 12:31:29 TopoSystem: Link count: 1140000
2025/08/05 12:31:29 TopoSystem update time: 40.155357ms
2025/08/05 12:31:29 AttenuationSystem update...
2025/08/05 12:31:29 AttenuationSystem parallel flag: 0
2025/08/05 12:31:30 Attenuation computed count: 1140000
2025/08/05 12:31:30 AttenuationSystem update time: 1.339574928s
2025/08/05 12:31:30 Run 8 complete
2025/08/05 12:31:30 StationSystem update...
2025/08/05 12:31:30 weather update count: 600
2025/08/05 12:31:30 StationSystem update time: 4.752µs
2025/08/05 12:31:30 SatelliteSystem update...
2025/08/05 12:31:30 satellite count: 1900
2025/08/05 12:31:30 SatelliteSystem update time: 7.200242ms
2025/08/05 12:31:30 TopoSystem update...
2025/08/05 12:31:30 TopoSystem: Link count: 1140000
2025/08/05 12:31:30 TopoSystem update time: 40.191552ms
2025/08/05 12:31:30 AttenuationSystem update...
2025/08/05 12:31:30 AttenuationSystem parallel flag: 0
2025/08/05 12:31:31 Attenuation computed count: 1140000
2025/08/05 12:31:31 AttenuationSystem update time: 1.149497105s
2025/08/05 12:31:31 Run 9 complete
2025/08/05 12:31:31 StationSystem update...
2025/08/05 12:31:31 weather update count: 600
2025/08/05 12:31:31 StationSystem update time: 3.42µs
2025/08/05 12:31:31 SatelliteSystem update...
2025/08/05 12:31:31 satellite count: 1900
2025/08/05 12:31:31 SatelliteSystem update time: 7.210395ms
2025/08/05 12:31:31 TopoSystem update...
2025/08/05 12:31:31 TopoSystem: Link count: 1140000
2025/08/05 12:31:31 TopoSystem update time: 18.746744ms
2025/08/05 12:31:31 AttenuationSystem update...
2025/08/05 12:31:31 AttenuationSystem parallel flag: 0
2025/08/05 12:31:32 Attenuation computed count: 1140000
2025/08/05 12:31:32 AttenuationSystem update time: 1.012065877s
2025/08/05 12:31:32 Run 10 complete
2025/08/05 12:31:32 Total update time:  12.619600613s
2025/08/05 12:31:32 linkCache size: 40

 Performance counter stats for './scale_ecs 600 1900 10 8 2 0':

        25,911,025      cache-references                                                      
         7,149,118      cache-misses                     #   27.59% of all cache refs         

      12.633326155 seconds time elapsed

      23.314701000 seconds user
       0.179266000 seconds sys


