ECS running with 800 stations, 1900 satellites, 4 numWGs and 2 numBlocks for 10 rounds in 1 parallel pattern
2025/08/05 13:35:26 StationSystem update...
2025/08/05 13:35:26 weather update count: 800
2025/08/05 13:35:26 SatelliteSystem update...
2025/08/05 13:35:26 StationSystem update time: 7.208µs
2025/08/05 13:35:26 satellite count: 1900
2025/08/05 13:35:26 SatelliteSystem update time: 7.241837ms
2025/08/05 13:35:26 TopoSystem update...
2025/08/05 13:35:26 TopoSystem: Link count: 1520000
2025/08/05 13:35:26 TopoSystem update time: 53.625184ms
2025/08/05 13:35:26 AttenuationSystem update...
2025/08/05 13:35:26 AttenuationSystem parallel flag: 1
2025/08/05 13:35:27 Attenuation computed count: 1520000
2025/08/05 13:35:27 AttenuationSystem update time: 890.128062ms
2025/08/05 13:35:27 Run 1 complete
2025/08/05 13:35:27 StationSystem update...
2025/08/05 13:35:27 weather update count: 800
2025/08/05 13:35:27 StationSystem update time: 8.969µs
2025/08/05 13:35:27 SatelliteSystem update...
2025/08/05 13:35:27 satellite count: 1900
2025/08/05 13:35:27 SatelliteSystem update time: 7.506232ms
2025/08/05 13:35:27 TopoSystem update...
2025/08/05 13:35:27 TopoSystem: Link count: 1520000
2025/08/05 13:35:27 TopoSystem update time: 43.807275ms
2025/08/05 13:35:27 AttenuationSystem update...
2025/08/05 13:35:27 AttenuationSystem parallel flag: 1
2025/08/05 13:35:28 Attenuation computed count: 1520000
2025/08/05 13:35:28 AttenuationSystem update time: 906.934831ms
2025/08/05 13:35:28 Run 2 complete
2025/08/05 13:35:28 StationSystem update...
2025/08/05 13:35:28 weather update count: 800
2025/08/05 13:35:28 StationSystem update time: 17.292µs
2025/08/05 13:35:28 SatelliteSystem update...
2025/08/05 13:35:28 satellite count: 1900
2025/08/05 13:35:28 SatelliteSystem update time: 9.314007ms
2025/08/05 13:35:28 TopoSystem update...
2025/08/05 13:35:28 TopoSystem: Link count: 1520000
2025/08/05 13:35:28 TopoSystem update time: 68.909321ms
2025/08/05 13:35:28 AttenuationSystem update...
2025/08/05 13:35:28 AttenuationSystem parallel flag: 1
2025/08/05 13:35:29 Attenuation computed count: 1520000
2025/08/05 13:35:29 AttenuationSystem update time: 902.303597ms
2025/08/05 13:35:29 Run 3 complete
2025/08/05 13:35:29 StationSystem update...
2025/08/05 13:35:29 weather update count: 800
2025/08/05 13:35:29 StationSystem update time: 5.74µs
2025/08/05 13:35:29 SatelliteSystem update...
2025/08/05 13:35:29 satellite count: 1900
2025/08/05 13:35:29 SatelliteSystem update time: 7.211964ms
2025/08/05 13:35:29 TopoSystem update...
2025/08/05 13:35:29 TopoSystem: Link count: 1520000
2025/08/05 13:35:29 TopoSystem update time: 27.471107ms
2025/08/05 13:35:29 AttenuationSystem update...
2025/08/05 13:35:29 AttenuationSystem parallel flag: 1
2025/08/05 13:35:30 Attenuation computed count: 1520000
2025/08/05 13:35:30 AttenuationSystem update time: 888.351873ms
2025/08/05 13:35:30 Run 4 complete
2025/08/05 13:35:30 StationSystem update...
2025/08/05 13:35:30 weather update count: 800
2025/08/05 13:35:30 StationSystem update time: 5.753µs
2025/08/05 13:35:30 SatelliteSystem update...
2025/08/05 13:35:30 satellite count: 1900
2025/08/05 13:35:30 SatelliteSystem update time: 7.191289ms
2025/08/05 13:35:30 TopoSystem update...
2025/08/05 13:35:30 TopoSystem: Link count: 1520000
2025/08/05 13:35:30 TopoSystem update time: 25.076317ms
2025/08/05 13:35:30 AttenuationSystem update...
2025/08/05 13:35:30 AttenuationSystem parallel flag: 1
2025/08/05 13:35:31 Attenuation computed count: 1520000
2025/08/05 13:35:31 AttenuationSystem update time: 951.687847ms
2025/08/05 13:35:31 Run 5 complete
2025/08/05 13:35:31 StationSystem update...
2025/08/05 13:35:31 weather update count: 800
2025/08/05 13:35:31 StationSystem update time: 9.767µs
2025/08/05 13:35:31 SatelliteSystem update...
2025/08/05 13:35:31 satellite count: 1900
2025/08/05 13:35:31 SatelliteSystem update time: 7.851014ms
2025/08/05 13:35:31 TopoSystem update...
2025/08/05 13:35:31 TopoSystem: Link count: 1520000
2025/08/05 13:35:31 TopoSystem update time: 43.973059ms
2025/08/05 13:35:31 AttenuationSystem update...
2025/08/05 13:35:31 AttenuationSystem parallel flag: 1
2025/08/05 13:35:32 Attenuation computed count: 1520000
2025/08/05 13:35:32 AttenuationSystem update time: 893.614362ms
2025/08/05 13:35:32 Run 6 complete
2025/08/05 13:35:32 StationSystem update...
2025/08/05 13:35:32 weather update count: 800
2025/08/05 13:35:32 StationSystem update time: 5.782µs
2025/08/05 13:35:32 SatelliteSystem update...
2025/08/05 13:35:32 satellite count: 1900
2025/08/05 13:35:32 SatelliteSystem update time: 7.300274ms
2025/08/05 13:35:32 TopoSystem update...
2025/08/05 13:35:32 TopoSystem: Link count: 1520000
2025/08/05 13:35:32 TopoSystem update time: 34.856046ms
2025/08/05 13:35:32 AttenuationSystem update...
2025/08/05 13:35:32 AttenuationSystem parallel flag: 1
2025/08/05 13:35:33 Attenuation computed count: 1520000
2025/08/05 13:35:33 AttenuationSystem update time: 898.375321ms
2025/08/05 13:35:33 Run 7 complete
2025/08/05 13:35:33 StationSystem update...
2025/08/05 13:35:33 weather update count: 800
2025/08/05 13:35:33 StationSystem update time: 5.753µs
2025/08/05 13:35:33 SatelliteSystem update...
2025/08/05 13:35:33 satellite count: 1900
2025/08/05 13:35:33 SatelliteSystem update time: 7.216408ms
2025/08/05 13:35:33 TopoSystem update...
2025/08/05 13:35:33 TopoSystem: Link count: 1520000
2025/08/05 13:35:33 TopoSystem update time: 24.615027ms
2025/08/05 13:35:33 AttenuationSystem update...
2025/08/05 13:35:33 AttenuationSystem parallel flag: 1
2025/08/05 13:35:34 Attenuation computed count: 1520000
2025/08/05 13:35:34 AttenuationSystem update time: 874.859934ms
2025/08/05 13:35:34 Run 8 complete
2025/08/05 13:35:34 StationSystem update...
2025/08/05 13:35:34 weather update count: 800
2025/08/05 13:35:34 SatelliteSystem update...
2025/08/05 13:35:34 StationSystem update time: 20.749µs
2025/08/05 13:35:34 satellite count: 1900
2025/08/05 13:35:34 SatelliteSystem update time: 8.805246ms
2025/08/05 13:35:34 TopoSystem update...
2025/08/05 13:35:34 TopoSystem: Link count: 1520000
2025/08/05 13:35:34 TopoSystem update time: 42.952171ms
2025/08/05 13:35:34 AttenuationSystem update...
2025/08/05 13:35:34 AttenuationSystem parallel flag: 1
2025/08/05 13:35:35 Attenuation computed count: 1520000
2025/08/05 13:35:35 AttenuationSystem update time: 887.534273ms
2025/08/05 13:35:35 Run 9 complete
2025/08/05 13:35:35 StationSystem update...
2025/08/05 13:35:35 weather update count: 800
2025/08/05 13:35:35 StationSystem update time: 5.992µs
2025/08/05 13:35:35 SatelliteSystem update...
2025/08/05 13:35:35 satellite count: 1900
2025/08/05 13:35:35 SatelliteSystem update time: 7.228316ms
2025/08/05 13:35:35 TopoSystem update...
2025/08/05 13:35:35 TopoSystem: Link count: 1520000
2025/08/05 13:35:35 TopoSystem update time: 52.156092ms
2025/08/05 13:35:35 AttenuationSystem update...
2025/08/05 13:35:35 AttenuationSystem parallel flag: 1
2025/08/05 13:35:36 Attenuation computed count: 1520000
2025/08/05 13:35:36 AttenuationSystem update time: 894.016169ms
2025/08/05 13:35:36 Run 10 complete
2025/08/05 13:35:36 Total update time:  9.501759097s
2025/08/05 13:35:36 linkCache size: 40

 Performance counter stats for './scale_ecs 800 1900 10 4 2 1':

        35,937,284      cache-references                                                      
        10,718,155      cache-misses                     #   29.82% of all cache refs         

       9.514975214 seconds time elapsed

      35.210934000 seconds user
       0.339960000 seconds sys


