ECS running with 900 stations, 1700 satellites, 2 numWGs and 2 numBlocks for 10 rounds in 1 parallel pattern
2025/08/05 14:06:07 StationSystem update...
2025/08/05 14:06:07 weather update count: 900
2025/08/05 14:06:07 StationSystem update time: 4.919µs
2025/08/05 14:06:07 SatelliteSystem update...
2025/08/05 14:06:07 satellite count: 1700
2025/08/05 14:06:07 SatelliteSystem update time: 6.429199ms
2025/08/05 14:06:07 TopoSystem update...
2025/08/05 14:06:07 TopoSystem: Link count: 1530000
2025/08/05 14:06:07 TopoSystem update time: 46.100842ms
2025/08/05 14:06:07 AttenuationSystem update...
2025/08/05 14:06:07 AttenuationSystem parallel flag: 1
2025/08/05 14:06:09 Attenuation computed count: 1530000
2025/08/05 14:06:09 AttenuationSystem update time: 1.768498592s
2025/08/05 14:06:09 Run 1 complete
2025/08/05 14:06:09 StationSystem update...
2025/08/05 14:06:09 SatelliteSystem update...
2025/08/05 14:06:09 weather update count: 900
2025/08/05 14:06:09 StationSystem update time: 47.1µs
2025/08/05 14:06:09 satellite count: 1700
2025/08/05 14:06:09 SatelliteSystem update time: 17.183621ms
2025/08/05 14:06:09 TopoSystem update...
2025/08/05 14:06:09 TopoSystem: Link count: 1530000
2025/08/05 14:06:09 TopoSystem update time: 48.141279ms
2025/08/05 14:06:09 AttenuationSystem update...
2025/08/05 14:06:09 AttenuationSystem parallel flag: 1
2025/08/05 14:06:10 Attenuation computed count: 1530000
2025/08/05 14:06:10 AttenuationSystem update time: 1.782598251s
2025/08/05 14:06:10 Run 2 complete
2025/08/05 14:06:10 StationSystem update...
2025/08/05 14:06:10 weather update count: 900
2025/08/05 14:06:10 StationSystem update time: 5.532µs
2025/08/05 14:06:10 SatelliteSystem update...
2025/08/05 14:06:10 satellite count: 1700
2025/08/05 14:06:10 SatelliteSystem update time: 6.451753ms
2025/08/05 14:06:10 TopoSystem update...
2025/08/05 14:06:11 TopoSystem: Link count: 1530000
2025/08/05 14:06:11 TopoSystem update time: 39.834835ms
2025/08/05 14:06:11 AttenuationSystem update...
2025/08/05 14:06:11 AttenuationSystem parallel flag: 1
2025/08/05 14:06:12 Attenuation computed count: 1530000
2025/08/05 14:06:12 AttenuationSystem update time: 1.774326389s
2025/08/05 14:06:12 Run 3 complete
2025/08/05 14:06:12 StationSystem update...
2025/08/05 14:06:12 weather update count: 900
2025/08/05 14:06:12 StationSystem update time: 19.875µs
2025/08/05 14:06:12 SatelliteSystem update...
2025/08/05 14:06:12 satellite count: 1700
2025/08/05 14:06:12 SatelliteSystem update time: 6.978621ms
2025/08/05 14:06:12 TopoSystem update...
2025/08/05 14:06:12 TopoSystem: Link count: 1530000
2025/08/05 14:06:12 TopoSystem update time: 69.78629ms
2025/08/05 14:06:12 AttenuationSystem update...
2025/08/05 14:06:12 AttenuationSystem parallel flag: 1
2025/08/05 14:06:14 Attenuation computed count: 1530000
2025/08/05 14:06:14 AttenuationSystem update time: 1.648208738s
2025/08/05 14:06:14 Run 4 complete
2025/08/05 14:06:14 StationSystem update...
2025/08/05 14:06:14 weather update count: 900
2025/08/05 14:06:14 StationSystem update time: 5.159µs
2025/08/05 14:06:14 SatelliteSystem update...
2025/08/05 14:06:14 satellite count: 1700
2025/08/05 14:06:14 SatelliteSystem update time: 6.460463ms
2025/08/05 14:06:14 TopoSystem update...
2025/08/05 14:06:14 TopoSystem: Link count: 1530000
2025/08/05 14:06:14 TopoSystem update time: 71.973538ms
2025/08/05 14:06:14 AttenuationSystem update...
2025/08/05 14:06:14 AttenuationSystem parallel flag: 1
2025/08/05 14:06:16 Attenuation computed count: 1530000
2025/08/05 14:06:16 AttenuationSystem update time: 1.780002698s
2025/08/05 14:06:16 Run 5 complete
2025/08/05 14:06:16 StationSystem update...
2025/08/05 14:06:16 weather update count: 900
2025/08/05 14:06:16 StationSystem update time: 6.356µs
2025/08/05 14:06:16 SatelliteSystem update...
2025/08/05 14:06:16 satellite count: 1700
2025/08/05 14:06:16 SatelliteSystem update time: 6.470756ms
2025/08/05 14:06:16 TopoSystem update...
2025/08/05 14:06:16 TopoSystem: Link count: 1530000
2025/08/05 14:06:16 TopoSystem update time: 24.597285ms
2025/08/05 14:06:16 AttenuationSystem update...
2025/08/05 14:06:16 AttenuationSystem parallel flag: 1
2025/08/05 14:06:18 Attenuation computed count: 1530000
2025/08/05 14:06:18 AttenuationSystem update time: 1.7795133s
2025/08/05 14:06:18 Run 6 complete
2025/08/05 14:06:18 StationSystem update...
2025/08/05 14:06:18 SatelliteSystem update...
2025/08/05 14:06:18 weather update count: 900
2025/08/05 14:06:18 StationSystem update time: 11.32µs
2025/08/05 14:06:18 satellite count: 1700
2025/08/05 14:06:18 SatelliteSystem update time: 6.478026ms
2025/08/05 14:06:18 TopoSystem update...
2025/08/05 14:06:18 TopoSystem: Link count: 1530000
2025/08/05 14:06:18 TopoSystem update time: 50.591433ms
2025/08/05 14:06:18 AttenuationSystem update...
2025/08/05 14:06:18 AttenuationSystem parallel flag: 1
2025/08/05 14:06:20 Attenuation computed count: 1530000
2025/08/05 14:06:20 AttenuationSystem update time: 1.758963988s
2025/08/05 14:06:20 Run 7 complete
2025/08/05 14:06:20 StationSystem update...
2025/08/05 14:06:20 weather update count: 900
2025/08/05 14:06:20 StationSystem update time: 5.455µs
2025/08/05 14:06:20 SatelliteSystem update...
2025/08/05 14:06:20 satellite count: 1700
2025/08/05 14:06:20 SatelliteSystem update time: 6.477443ms
2025/08/05 14:06:20 TopoSystem update...
2025/08/05 14:06:20 TopoSystem: Link count: 1530000
2025/08/05 14:06:20 TopoSystem update time: 24.986198ms
2025/08/05 14:06:20 AttenuationSystem update...
2025/08/05 14:06:20 AttenuationSystem parallel flag: 1
2025/08/05 14:06:21 Attenuation computed count: 1530000
2025/08/05 14:06:21 AttenuationSystem update time: 1.718214838s
2025/08/05 14:06:21 Run 8 complete
2025/08/05 14:06:21 StationSystem update...
2025/08/05 14:06:21 weather update count: 900
2025/08/05 14:06:21 StationSystem update time: 5.249µs
2025/08/05 14:06:21 SatelliteSystem update...
2025/08/05 14:06:21 satellite count: 1700
2025/08/05 14:06:21 SatelliteSystem update time: 5.115712ms
2025/08/05 14:06:21 TopoSystem update...
2025/08/05 14:06:21 TopoSystem: Link count: 1530000
2025/08/05 14:06:21 TopoSystem update time: 20.650014ms
2025/08/05 14:06:21 AttenuationSystem update...
2025/08/05 14:06:21 AttenuationSystem parallel flag: 1
2025/08/05 14:06:23 Attenuation computed count: 1530000
2025/08/05 14:06:23 AttenuationSystem update time: 1.592388026s
2025/08/05 14:06:23 Run 9 complete
2025/08/05 14:06:23 StationSystem update...
2025/08/05 14:06:23 weather update count: 900
2025/08/05 14:06:23 StationSystem update time: 5.8µs
2025/08/05 14:06:23 SatelliteSystem update...
2025/08/05 14:06:23 satellite count: 1700
2025/08/05 14:06:23 SatelliteSystem update time: 6.609308ms
2025/08/05 14:06:23 TopoSystem update...
2025/08/05 14:06:23 TopoSystem: Link count: 1530000
2025/08/05 14:06:23 TopoSystem update time: 27.685871ms
2025/08/05 14:06:23 AttenuationSystem update...
2025/08/05 14:06:23 AttenuationSystem parallel flag: 1
2025/08/05 14:06:25 Attenuation computed count: 1530000
2025/08/05 14:06:25 AttenuationSystem update time: 1.777389857s
2025/08/05 14:06:25 Run 10 complete
2025/08/05 14:06:25 Total update time:  17.889085082s
2025/08/05 14:06:25 linkCache size: 40

 Performance counter stats for './scale_ecs 900 1700 10 2 2 1':

        33,987,032      cache-references                                                      
        10,008,772      cache-misses                     #   29.45% of all cache refs         

      17.905668920 seconds time elapsed

      34.253973000 seconds user
       0.219038000 seconds sys


