ECS running with 900 stations, 900 satellites, 2 numWGs and 4 numBlocks for 10 rounds in 1 parallel pattern
2025/08/05 13:46:36 StationSystem update...
2025/08/05 13:46:36 weather update count: 900
2025/08/05 13:46:36 StationSystem update time: 5.086µs
2025/08/05 13:46:36 SatelliteSystem update...
2025/08/05 13:46:36 satellite count: 900
2025/08/05 13:46:36 SatelliteSystem update time: 3.423284ms
2025/08/05 13:46:36 TopoSystem update...
2025/08/05 13:46:36 TopoSystem: Link count: 810000
2025/08/05 13:46:36 TopoSystem update time: 26.962537ms
2025/08/05 13:46:36 AttenuationSystem update...
2025/08/05 13:46:36 AttenuationSystem parallel flag: 1
2025/08/05 13:46:37 Attenuation computed count: 810000
2025/08/05 13:46:37 AttenuationSystem update time: 927.979928ms
2025/08/05 13:46:37 Run 1 complete
2025/08/05 13:46:37 StationSystem update...
2025/08/05 13:46:37 weather update count: 900
2025/08/05 13:46:37 StationSystem update time: 5.362µs
2025/08/05 13:46:37 SatelliteSystem update...
2025/08/05 13:46:37 satellite count: 900
2025/08/05 13:46:37 SatelliteSystem update time: 3.4414ms
2025/08/05 13:46:37 TopoSystem update...
2025/08/05 13:46:37 TopoSystem: Link count: 810000
2025/08/05 13:46:37 TopoSystem update time: 22.153497ms
2025/08/05 13:46:37 AttenuationSystem update...
2025/08/05 13:46:37 AttenuationSystem parallel flag: 1
2025/08/05 13:46:37 Attenuation computed count: 810000
2025/08/05 13:46:37 AttenuationSystem update time: 943.998436ms
2025/08/05 13:46:37 Run 2 complete
2025/08/05 13:46:37 StationSystem update...
2025/08/05 13:46:37 weather update count: 900
2025/08/05 13:46:37 StationSystem update time: 5.106µs
2025/08/05 13:46:37 SatelliteSystem update...
2025/08/05 13:46:37 satellite count: 900
2025/08/05 13:46:37 SatelliteSystem update time: 2.626805ms
2025/08/05 13:46:37 TopoSystem update...
2025/08/05 13:46:37 TopoSystem: Link count: 810000
2025/08/05 13:46:37 TopoSystem update time: 15.852041ms
2025/08/05 13:46:37 AttenuationSystem update...
2025/08/05 13:46:37 AttenuationSystem parallel flag: 1
2025/08/05 13:46:38 Attenuation computed count: 810000
2025/08/05 13:46:38 AttenuationSystem update time: 937.539509ms
2025/08/05 13:46:38 Run 3 complete
2025/08/05 13:46:38 StationSystem update...
2025/08/05 13:46:38 weather update count: 900
2025/08/05 13:46:38 StationSystem update time: 5.615µs
2025/08/05 13:46:38 SatelliteSystem update...
2025/08/05 13:46:38 satellite count: 900
2025/08/05 13:46:38 SatelliteSystem update time: 2.564148ms
2025/08/05 13:46:38 TopoSystem update...
2025/08/05 13:46:38 TopoSystem: Link count: 810000
2025/08/05 13:46:38 TopoSystem update time: 16.564839ms
2025/08/05 13:46:38 AttenuationSystem update...
2025/08/05 13:46:38 AttenuationSystem parallel flag: 1
2025/08/05 13:46:39 Attenuation computed count: 810000
2025/08/05 13:46:39 AttenuationSystem update time: 917.186532ms
2025/08/05 13:46:39 Run 4 complete
2025/08/05 13:46:39 StationSystem update...
2025/08/05 13:46:39 weather update count: 900
2025/08/05 13:46:39 StationSystem update time: 7.46µs
2025/08/05 13:46:39 SatelliteSystem update...
2025/08/05 13:46:39 satellite count: 900
2025/08/05 13:46:39 SatelliteSystem update time: 3.76089ms
2025/08/05 13:46:39 TopoSystem update...
2025/08/05 13:46:39 TopoSystem: Link count: 810000
2025/08/05 13:46:39 TopoSystem update time: 33.85661ms
2025/08/05 13:46:39 AttenuationSystem update...
2025/08/05 13:46:39 AttenuationSystem parallel flag: 1
2025/08/05 13:46:40 Attenuation computed count: 810000
2025/08/05 13:46:40 AttenuationSystem update time: 974.735869ms
2025/08/05 13:46:40 Run 5 complete
2025/08/05 13:46:40 StationSystem update...
2025/08/05 13:46:40 weather update count: 900
2025/08/05 13:46:40 StationSystem update time: 3.895µs
2025/08/05 13:46:40 SatelliteSystem update...
2025/08/05 13:46:40 satellite count: 900
2025/08/05 13:46:40 SatelliteSystem update time: 3.444334ms
2025/08/05 13:46:40 TopoSystem update...
2025/08/05 13:46:40 TopoSystem: Link count: 810000
2025/08/05 13:46:40 TopoSystem update time: 22.034356ms
2025/08/05 13:46:40 AttenuationSystem update...
2025/08/05 13:46:40 AttenuationSystem parallel flag: 1
2025/08/05 13:46:41 Attenuation computed count: 810000
2025/08/05 13:46:41 AttenuationSystem update time: 981.982959ms
2025/08/05 13:46:41 Run 6 complete
2025/08/05 13:46:41 StationSystem update...
2025/08/05 13:46:41 weather update count: 900
2025/08/05 13:46:41 StationSystem update time: 4.058µs
2025/08/05 13:46:41 SatelliteSystem update...
2025/08/05 13:46:41 satellite count: 900
2025/08/05 13:46:41 SatelliteSystem update time: 2.99325ms
2025/08/05 13:46:41 TopoSystem update...
2025/08/05 13:46:41 TopoSystem: Link count: 810000
2025/08/05 13:46:41 TopoSystem update time: 11.329625ms
2025/08/05 13:46:41 AttenuationSystem update...
2025/08/05 13:46:41 AttenuationSystem parallel flag: 1
2025/08/05 13:46:42 Attenuation computed count: 810000
2025/08/05 13:46:42 AttenuationSystem update time: 974.871106ms
2025/08/05 13:46:42 Run 7 complete
2025/08/05 13:46:42 StationSystem update...
2025/08/05 13:46:42 weather update count: 900
2025/08/05 13:46:42 StationSystem update time: 3.637µs
2025/08/05 13:46:42 SatelliteSystem update...
2025/08/05 13:46:42 satellite count: 900
2025/08/05 13:46:42 SatelliteSystem update time: 3.426646ms
2025/08/05 13:46:42 TopoSystem update...
2025/08/05 13:46:42 TopoSystem: Link count: 810000
2025/08/05 13:46:42 TopoSystem update time: 14.378111ms
2025/08/05 13:46:42 AttenuationSystem update...
2025/08/05 13:46:42 AttenuationSystem parallel flag: 1
2025/08/05 13:46:43 Attenuation computed count: 810000
2025/08/05 13:46:43 AttenuationSystem update time: 947.253356ms
2025/08/05 13:46:43 Run 8 complete
2025/08/05 13:46:43 StationSystem update...
2025/08/05 13:46:43 weather update count: 900
2025/08/05 13:46:43 StationSystem update time: 4.223µs
2025/08/05 13:46:43 SatelliteSystem update...
2025/08/05 13:46:43 satellite count: 900
2025/08/05 13:46:43 SatelliteSystem update time: 3.424589ms
2025/08/05 13:46:43 TopoSystem update...
2025/08/05 13:46:43 TopoSystem: Link count: 810000
2025/08/05 13:46:43 TopoSystem update time: 12.801526ms
2025/08/05 13:46:43 AttenuationSystem update...
2025/08/05 13:46:43 AttenuationSystem parallel flag: 1
2025/08/05 13:46:44 Attenuation computed count: 810000
2025/08/05 13:46:44 AttenuationSystem update time: 971.111682ms
2025/08/05 13:46:44 Run 9 complete
2025/08/05 13:46:44 StationSystem update...
2025/08/05 13:46:44 weather update count: 900
2025/08/05 13:46:44 StationSystem update time: 6.669µs
2025/08/05 13:46:44 SatelliteSystem update...
2025/08/05 13:46:44 satellite count: 900
2025/08/05 13:46:44 SatelliteSystem update time: 3.448732ms
2025/08/05 13:46:44 TopoSystem update...
2025/08/05 13:46:44 TopoSystem: Link count: 810000
2025/08/05 13:46:44 TopoSystem update time: 14.054719ms
2025/08/05 13:46:44 AttenuationSystem update...
2025/08/05 13:46:44 AttenuationSystem parallel flag: 1
2025/08/05 13:46:45 Attenuation computed count: 810000
2025/08/05 13:46:45 AttenuationSystem update time: 957.396283ms
2025/08/05 13:46:45 Run 10 complete
2025/08/05 13:46:45 Total update time:  9.763746022s
2025/08/05 13:46:45 linkCache size: 40

 Performance counter stats for './scale_ecs 900 900 10 2 4 1':

        18,764,107      cache-references                                                      
         5,103,947      cache-misses                     #   27.20% of all cache refs         

       9.773098616 seconds time elapsed

      18.571056000 seconds user
       0.122967000 seconds sys


