ECS running with 800 stations, 500 satellites, 4 numWGs and 2 numBlocks for 10 rounds in 0 parallel pattern
2025/08/05 13:05:33 StationSystem update...
2025/08/05 13:05:33 weather update count: 800
2025/08/05 13:05:33 StationSystem update time: 5.121µs
2025/08/05 13:05:33 SatelliteSystem update...
2025/08/05 13:05:33 satellite count: 500
2025/08/05 13:05:33 SatelliteSystem update time: 1.922092ms
2025/08/05 13:05:33 TopoSystem update...
2025/08/05 13:05:33 TopoSystem: Link count: 400000
2025/08/05 13:05:33 TopoSystem update time: 18.3356ms
2025/08/05 13:05:33 AttenuationSystem update...
2025/08/05 13:05:33 AttenuationSystem parallel flag: 0
2025/08/05 13:05:33 Attenuation computed count: 400000
2025/08/05 13:05:33 AttenuationSystem update time: 462.156383ms
2025/08/05 13:05:33 Run 1 complete
2025/08/05 13:05:33 StationSystem update...
2025/08/05 13:05:33 weather update count: 800
2025/08/05 13:05:33 StationSystem update time: 5.042µs
2025/08/05 13:05:33 SatelliteSystem update...
2025/08/05 13:05:33 satellite count: 500
2025/08/05 13:05:33 SatelliteSystem update time: 2.187855ms
2025/08/05 13:05:33 TopoSystem update...
2025/08/05 13:05:33 TopoSystem: Link count: 400000
2025/08/05 13:05:33 TopoSystem update time: 11.671019ms
2025/08/05 13:05:33 AttenuationSystem update...
2025/08/05 13:05:33 AttenuationSystem parallel flag: 0
2025/08/05 13:05:34 Attenuation computed count: 400000
2025/08/05 13:05:34 AttenuationSystem update time: 462.227723ms
2025/08/05 13:05:34 Run 2 complete
2025/08/05 13:05:34 StationSystem update...
2025/08/05 13:05:34 weather update count: 800
2025/08/05 13:05:34 StationSystem update time: 7.334µs
2025/08/05 13:05:34 SatelliteSystem update...
2025/08/05 13:05:34 satellite count: 500
2025/08/05 13:05:34 SatelliteSystem update time: 1.965858ms
2025/08/05 13:05:34 TopoSystem update...
2025/08/05 13:05:34 TopoSystem: Link count: 400000
2025/08/05 13:05:34 TopoSystem update time: 20.019738ms
2025/08/05 13:05:34 AttenuationSystem update...
2025/08/05 13:05:34 AttenuationSystem parallel flag: 0
2025/08/05 13:05:34 Attenuation computed count: 400000
2025/08/05 13:05:34 AttenuationSystem update time: 484.800026ms
2025/08/05 13:05:34 Run 3 complete
2025/08/05 13:05:34 StationSystem update...
2025/08/05 13:05:34 weather update count: 800
2025/08/05 13:05:34 StationSystem update time: 4.491µs
2025/08/05 13:05:34 SatelliteSystem update...
2025/08/05 13:05:34 satellite count: 500
2025/08/05 13:05:34 SatelliteSystem update time: 1.996501ms
2025/08/05 13:05:34 TopoSystem update...
2025/08/05 13:05:34 TopoSystem: Link count: 400000
2025/08/05 13:05:34 TopoSystem update time: 16.333115ms
2025/08/05 13:05:34 AttenuationSystem update...
2025/08/05 13:05:34 AttenuationSystem parallel flag: 0
2025/08/05 13:05:35 Attenuation computed count: 400000
2025/08/05 13:05:35 AttenuationSystem update time: 487.920514ms
2025/08/05 13:05:35 Run 4 complete
2025/08/05 13:05:35 StationSystem update...
2025/08/05 13:05:35 weather update count: 800
2025/08/05 13:05:35 StationSystem update time: 7.631µs
2025/08/05 13:05:35 SatelliteSystem update...
2025/08/05 13:05:35 satellite count: 500
2025/08/05 13:05:35 SatelliteSystem update time: 1.945786ms
2025/08/05 13:05:35 TopoSystem update...
2025/08/05 13:05:35 TopoSystem: Link count: 400000
2025/08/05 13:05:35 TopoSystem update time: 10.549644ms
2025/08/05 13:05:35 AttenuationSystem update...
2025/08/05 13:05:35 AttenuationSystem parallel flag: 0
2025/08/05 13:05:35 Attenuation computed count: 400000
2025/08/05 13:05:35 AttenuationSystem update time: 494.77862ms
2025/08/05 13:05:35 Run 5 complete
2025/08/05 13:05:35 StationSystem update...
2025/08/05 13:05:35 weather update count: 800
2025/08/05 13:05:35 StationSystem update time: 7.169µs
2025/08/05 13:05:35 SatelliteSystem update...
2025/08/05 13:05:35 satellite count: 500
2025/08/05 13:05:35 SatelliteSystem update time: 1.968582ms
2025/08/05 13:05:35 TopoSystem update...
2025/08/05 13:05:35 TopoSystem: Link count: 400000
2025/08/05 13:05:35 TopoSystem update time: 9.726245ms
2025/08/05 13:05:35 AttenuationSystem update...
2025/08/05 13:05:35 AttenuationSystem parallel flag: 0
2025/08/05 13:05:36 Attenuation computed count: 400000
2025/08/05 13:05:36 AttenuationSystem update time: 468.149703ms
2025/08/05 13:05:36 Run 6 complete
2025/08/05 13:05:36 StationSystem update...
2025/08/05 13:05:36 weather update count: 800
2025/08/05 13:05:36 StationSystem update time: 5.064µs
2025/08/05 13:05:36 SatelliteSystem update...
2025/08/05 13:05:36 satellite count: 500
2025/08/05 13:05:36 SatelliteSystem update time: 1.957631ms
2025/08/05 13:05:36 TopoSystem update...
2025/08/05 13:05:36 TopoSystem: Link count: 400000
2025/08/05 13:05:36 TopoSystem update time: 17.224493ms
2025/08/05 13:05:36 AttenuationSystem update...
2025/08/05 13:05:36 AttenuationSystem parallel flag: 0
2025/08/05 13:05:36 Attenuation computed count: 400000
2025/08/05 13:05:36 AttenuationSystem update time: 492.83288ms
2025/08/05 13:05:36 Run 7 complete
2025/08/05 13:05:36 StationSystem update...
2025/08/05 13:05:36 weather update count: 800
2025/08/05 13:05:36 StationSystem update time: 5.729µs
2025/08/05 13:05:36 SatelliteSystem update...
2025/08/05 13:05:36 satellite count: 500
2025/08/05 13:05:36 SatelliteSystem update time: 2.042885ms
2025/08/05 13:05:36 TopoSystem update...
2025/08/05 13:05:36 TopoSystem: Link count: 400000
2025/08/05 13:05:36 TopoSystem update time: 9.370391ms
2025/08/05 13:05:36 AttenuationSystem update...
2025/08/05 13:05:36 AttenuationSystem parallel flag: 0
2025/08/05 13:05:37 Attenuation computed count: 400000
2025/08/05 13:05:37 AttenuationSystem update time: 495.328937ms
2025/08/05 13:05:37 Run 8 complete
2025/08/05 13:05:37 StationSystem update...
2025/08/05 13:05:37 weather update count: 800
2025/08/05 13:05:37 StationSystem update time: 9.511µs
2025/08/05 13:05:37 SatelliteSystem update...
2025/08/05 13:05:37 satellite count: 500
2025/08/05 13:05:37 SatelliteSystem update time: 2.134022ms
2025/08/05 13:05:37 TopoSystem update...
2025/08/05 13:05:37 TopoSystem: Link count: 400000
2025/08/05 13:05:37 TopoSystem update time: 21.505411ms
2025/08/05 13:05:37 AttenuationSystem update...
2025/08/05 13:05:37 AttenuationSystem parallel flag: 0
2025/08/05 13:05:37 Attenuation computed count: 400000
2025/08/05 13:05:37 AttenuationSystem update time: 503.04535ms
2025/08/05 13:05:37 Run 9 complete
2025/08/05 13:05:37 StationSystem update...
2025/08/05 13:05:37 weather update count: 800
2025/08/05 13:05:37 StationSystem update time: 7.797µs
2025/08/05 13:05:37 SatelliteSystem update...
2025/08/05 13:05:37 satellite count: 500
2025/08/05 13:05:37 SatelliteSystem update time: 1.95218ms
2025/08/05 13:05:37 TopoSystem update...
2025/08/05 13:05:37 TopoSystem: Link count: 400000
2025/08/05 13:05:37 TopoSystem update time: 13.401238ms
2025/08/05 13:05:37 AttenuationSystem update...
2025/08/05 13:05:37 AttenuationSystem parallel flag: 0
2025/08/05 13:05:38 Attenuation computed count: 400000
2025/08/05 13:05:38 AttenuationSystem update time: 505.470936ms
2025/08/05 13:05:38 Run 10 complete
2025/08/05 13:05:38 Total update time:  5.028593954s
2025/08/05 13:05:38 linkCache size: 40

 Performance counter stats for './scale_ecs 800 500 10 4 2 0':

         9,776,276      cache-references                                                      
         2,633,968      cache-misses                     #   26.94% of all cache refs         

       5.037901918 seconds time elapsed

       9.785288000 seconds user
       0.098032000 seconds sys


