ECS running with 800 stations, 1400 satellites, 8 numWGs and 4 numBlocks for 10 rounds in 1 parallel pattern
2025/08/05 13:22:11 StationSystem update...
2025/08/05 13:22:11 weather update count: 800
2025/08/05 13:22:11 StationSystem update time: 4.85µs
2025/08/05 13:22:11 SatelliteSystem update...
2025/08/05 13:22:11 satellite count: 1400
2025/08/05 13:22:11 SatelliteSystem update time: 5.529453ms
2025/08/05 13:22:11 TopoSystem update...
2025/08/05 13:22:11 TopoSystem: Link count: 1120000
2025/08/05 13:22:11 TopoSystem update time: 34.137902ms
2025/08/05 13:22:11 AttenuationSystem update...
2025/08/05 13:22:11 AttenuationSystem parallel flag: 1
2025/08/05 13:22:11 Attenuation computed count: 1120000
2025/08/05 13:22:11 AttenuationSystem update time: 327.929952ms
2025/08/05 13:22:11 Run 1 complete
2025/08/05 13:22:11 StationSystem update...
2025/08/05 13:22:11 weather update count: 800
2025/08/05 13:22:11 StationSystem update time: 5.137µs
2025/08/05 13:22:11 SatelliteSystem update...
2025/08/05 13:22:11 satellite count: 1400
2025/08/05 13:22:11 SatelliteSystem update time: 5.51471ms
2025/08/05 13:22:11 TopoSystem update...
2025/08/05 13:22:11 TopoSystem: Link count: 1120000
2025/08/05 13:22:11 TopoSystem update time: 30.424772ms
2025/08/05 13:22:11 AttenuationSystem update...
2025/08/05 13:22:11 AttenuationSystem parallel flag: 1
2025/08/05 13:22:12 Attenuation computed count: 1120000
2025/08/05 13:22:12 AttenuationSystem update time: 326.399119ms
2025/08/05 13:22:12 Run 2 complete
2025/08/05 13:22:12 StationSystem update...
2025/08/05 13:22:12 weather update count: 800
2025/08/05 13:22:12 StationSystem update time: 4.716µs
2025/08/05 13:22:12 SatelliteSystem update...
2025/08/05 13:22:12 satellite count: 1400
2025/08/05 13:22:12 SatelliteSystem update time: 5.517512ms
2025/08/05 13:22:12 TopoSystem update...
2025/08/05 13:22:12 TopoSystem: Link count: 1120000
2025/08/05 13:22:12 TopoSystem update time: 17.248527ms
2025/08/05 13:22:12 AttenuationSystem update...
2025/08/05 13:22:12 AttenuationSystem parallel flag: 1
2025/08/05 13:22:12 Attenuation computed count: 1120000
2025/08/05 13:22:12 AttenuationSystem update time: 342.666119ms
2025/08/05 13:22:12 Run 3 complete
2025/08/05 13:22:12 StationSystem update...
2025/08/05 13:22:12 weather update count: 800
2025/08/05 13:22:12 StationSystem update time: 5.351µs
2025/08/05 13:22:12 SatelliteSystem update...
2025/08/05 13:22:12 satellite count: 1400
2025/08/05 13:22:12 SatelliteSystem update time: 5.536343ms
2025/08/05 13:22:12 TopoSystem update...
2025/08/05 13:22:12 TopoSystem: Link count: 1120000
2025/08/05 13:22:12 TopoSystem update time: 34.14307ms
2025/08/05 13:22:12 AttenuationSystem update...
2025/08/05 13:22:12 AttenuationSystem parallel flag: 1
2025/08/05 13:22:12 Attenuation computed count: 1120000
2025/08/05 13:22:12 AttenuationSystem update time: 358.794254ms
2025/08/05 13:22:12 Run 4 complete
2025/08/05 13:22:12 StationSystem update...
2025/08/05 13:22:12 weather update count: 800
2025/08/05 13:22:12 StationSystem update time: 8.612µs
2025/08/05 13:22:12 SatelliteSystem update...
2025/08/05 13:22:12 satellite count: 1400
2025/08/05 13:22:12 SatelliteSystem update time: 5.33913ms
2025/08/05 13:22:12 TopoSystem update...
2025/08/05 13:22:12 TopoSystem: Link count: 1120000
2025/08/05 13:22:12 TopoSystem update time: 55.192901ms
2025/08/05 13:22:12 AttenuationSystem update...
2025/08/05 13:22:12 AttenuationSystem parallel flag: 1
2025/08/05 13:22:13 Attenuation computed count: 1120000
2025/08/05 13:22:13 AttenuationSystem update time: 343.889472ms
2025/08/05 13:22:13 Run 5 complete
2025/08/05 13:22:13 StationSystem update...
2025/08/05 13:22:13 weather update count: 800
2025/08/05 13:22:13 StationSystem update time: 5.193µs
2025/08/05 13:22:13 SatelliteSystem update...
2025/08/05 13:22:13 satellite count: 1400
2025/08/05 13:22:13 SatelliteSystem update time: 5.689227ms
2025/08/05 13:22:13 TopoSystem update...
2025/08/05 13:22:13 TopoSystem: Link count: 1120000
2025/08/05 13:22:13 TopoSystem update time: 17.989202ms
2025/08/05 13:22:13 AttenuationSystem update...
2025/08/05 13:22:13 AttenuationSystem parallel flag: 1
2025/08/05 13:22:13 Attenuation computed count: 1120000
2025/08/05 13:22:13 AttenuationSystem update time: 378.522844ms
2025/08/05 13:22:13 Run 6 complete
2025/08/05 13:22:13 StationSystem update...
2025/08/05 13:22:13 weather update count: 800
2025/08/05 13:22:13 StationSystem update time: 5.216µs
2025/08/05 13:22:13 SatelliteSystem update...
2025/08/05 13:22:13 satellite count: 1400
2025/08/05 13:22:13 SatelliteSystem update time: 5.311433ms
2025/08/05 13:22:13 TopoSystem update...
2025/08/05 13:22:13 TopoSystem: Link count: 1120000
2025/08/05 13:22:13 TopoSystem update time: 18.222727ms
2025/08/05 13:22:13 AttenuationSystem update...
2025/08/05 13:22:13 AttenuationSystem parallel flag: 1
2025/08/05 13:22:14 Attenuation computed count: 1120000
2025/08/05 13:22:14 AttenuationSystem update time: 351.73141ms
2025/08/05 13:22:14 Run 7 complete
2025/08/05 13:22:14 StationSystem update...
2025/08/05 13:22:14 weather update count: 800
2025/08/05 13:22:14 StationSystem update time: 5.913µs
2025/08/05 13:22:14 SatelliteSystem update...
2025/08/05 13:22:14 satellite count: 1400
2025/08/05 13:22:14 SatelliteSystem update time: 5.332071ms
2025/08/05 13:22:14 TopoSystem update...
2025/08/05 13:22:14 TopoSystem: Link count: 1120000
2025/08/05 13:22:14 TopoSystem update time: 28.902789ms
2025/08/05 13:22:14 AttenuationSystem update...
2025/08/05 13:22:14 AttenuationSystem parallel flag: 1
2025/08/05 13:22:14 Attenuation computed count: 1120000
2025/08/05 13:22:14 AttenuationSystem update time: 360.187476ms
2025/08/05 13:22:14 Run 8 complete
2025/08/05 13:22:14 StationSystem update...
2025/08/05 13:22:14 weather update count: 800
2025/08/05 13:22:14 StationSystem update time: 6.732µs
2025/08/05 13:22:14 SatelliteSystem update...
2025/08/05 13:22:14 satellite count: 1400
2025/08/05 13:22:14 SatelliteSystem update time: 5.320066ms
2025/08/05 13:22:14 TopoSystem update...
2025/08/05 13:22:14 TopoSystem: Link count: 1120000
2025/08/05 13:22:14 TopoSystem update time: 19.247379ms
2025/08/05 13:22:14 AttenuationSystem update...
2025/08/05 13:22:14 AttenuationSystem parallel flag: 1
2025/08/05 13:22:14 Attenuation computed count: 1120000
2025/08/05 13:22:14 AttenuationSystem update time: 375.028535ms
2025/08/05 13:22:14 Run 9 complete
2025/08/05 13:22:14 StationSystem update...
2025/08/05 13:22:14 weather update count: 800
2025/08/05 13:22:14 StationSystem update time: 5.425µs
2025/08/05 13:22:14 SatelliteSystem update...
2025/08/05 13:22:14 satellite count: 1400
2025/08/05 13:22:14 SatelliteSystem update time: 5.409603ms
2025/08/05 13:22:14 TopoSystem update...
2025/08/05 13:22:14 TopoSystem: Link count: 1120000
2025/08/05 13:22:14 TopoSystem update time: 18.019081ms
2025/08/05 13:22:14 AttenuationSystem update...
2025/08/05 13:22:14 AttenuationSystem parallel flag: 1
2025/08/05 13:22:15 Attenuation computed count: 1120000
2025/08/05 13:22:15 AttenuationSystem update time: 369.111984ms
2025/08/05 13:22:15 Run 10 complete
2025/08/05 13:22:15 Total update time:  3.871675714s
2025/08/05 13:22:15 linkCache size: 40

 Performance counter stats for './scale_ecs 800 1400 10 8 4 1':

        25,411,696      cache-references                                                      
         6,681,232      cache-misses                     #   26.29% of all cache refs         

       3.881637203 seconds time elapsed

      26.463894000 seconds user
       0.142063000 seconds sys


