ECS running with 600 stations, 1900 satellites, 2 numWGs and 4 numBlocks for 10 rounds in 1 parallel pattern
2025/08/05 12:29:52 StationSystem update...
2025/08/05 12:29:52 weather update count: 600
2025/08/05 12:29:52 SatelliteSystem update...
2025/08/05 12:29:52 StationSystem update time: 5.862µs
2025/08/05 12:29:52 satellite count: 1900
2025/08/05 12:29:52 SatelliteSystem update time: 7.188442ms
2025/08/05 12:29:52 TopoSystem update...
2025/08/05 12:29:52 TopoSystem: Link count: 1140000
2025/08/05 12:29:52 TopoSystem update time: 37.288701ms
2025/08/05 12:29:52 AttenuationSystem update...
2025/08/05 12:29:52 AttenuationSystem parallel flag: 1
2025/08/05 12:29:54 Attenuation computed count: 1140000
2025/08/05 12:29:54 AttenuationSystem update time: 1.312058786s
2025/08/05 12:29:54 Run 1 complete
2025/08/05 12:29:54 StationSystem update...
2025/08/05 12:29:54 weather update count: 600
2025/08/05 12:29:54 StationSystem update time: 7.761µs
2025/08/05 12:29:54 SatelliteSystem update...
2025/08/05 12:29:54 satellite count: 1900
2025/08/05 12:29:54 SatelliteSystem update time: 6.537381ms
2025/08/05 12:29:54 TopoSystem update...
2025/08/05 12:29:54 TopoSystem: Link count: 1140000
2025/08/05 12:29:54 TopoSystem update time: 35.281727ms
2025/08/05 12:29:54 AttenuationSystem update...
2025/08/05 12:29:54 AttenuationSystem parallel flag: 1
2025/08/05 12:29:55 Attenuation computed count: 1140000
2025/08/05 12:29:55 AttenuationSystem update time: 1.186924056s
2025/08/05 12:29:55 Run 2 complete
2025/08/05 12:29:55 StationSystem update...
2025/08/05 12:29:55 weather update count: 600
2025/08/05 12:29:55 StationSystem update time: 2.737µs
2025/08/05 12:29:55 SatelliteSystem update...
2025/08/05 12:29:55 satellite count: 1900
2025/08/05 12:29:55 SatelliteSystem update time: 5.360331ms
2025/08/05 12:29:55 TopoSystem update...
2025/08/05 12:29:55 TopoSystem: Link count: 1140000
2025/08/05 12:29:55 TopoSystem update time: 41.366654ms
2025/08/05 12:29:55 AttenuationSystem update...
2025/08/05 12:29:55 AttenuationSystem parallel flag: 1
2025/08/05 12:29:56 Attenuation computed count: 1140000
2025/08/05 12:29:56 AttenuationSystem update time: 1.338909905s
2025/08/05 12:29:56 Run 3 complete
2025/08/05 12:29:56 StationSystem update...
2025/08/05 12:29:56 weather update count: 600
2025/08/05 12:29:56 StationSystem update time: 5.166µs
2025/08/05 12:29:56 SatelliteSystem update...
2025/08/05 12:29:56 satellite count: 1900
2025/08/05 12:29:56 SatelliteSystem update time: 7.174853ms
2025/08/05 12:29:56 TopoSystem update...
2025/08/05 12:29:56 TopoSystem: Link count: 1140000
2025/08/05 12:29:56 TopoSystem update time: 18.049729ms
2025/08/05 12:29:56 AttenuationSystem update...
2025/08/05 12:29:56 AttenuationSystem parallel flag: 1
2025/08/05 12:29:58 Attenuation computed count: 1140000
2025/08/05 12:29:58 AttenuationSystem update time: 1.254478609s
2025/08/05 12:29:58 Run 4 complete
2025/08/05 12:29:58 StationSystem update...
2025/08/05 12:29:58 weather update count: 600
2025/08/05 12:29:58 StationSystem update time: 3.653µs
2025/08/05 12:29:58 SatelliteSystem update...
2025/08/05 12:29:58 satellite count: 1900
2025/08/05 12:29:58 SatelliteSystem update time: 7.211583ms
2025/08/05 12:29:58 TopoSystem update...
2025/08/05 12:29:58 TopoSystem: Link count: 1140000
2025/08/05 12:29:58 TopoSystem update time: 29.792304ms
2025/08/05 12:29:58 AttenuationSystem update...
2025/08/05 12:29:58 AttenuationSystem parallel flag: 1
2025/08/05 12:29:59 Attenuation computed count: 1140000
2025/08/05 12:29:59 AttenuationSystem update time: 1.334807795s
2025/08/05 12:29:59 Run 5 complete
2025/08/05 12:29:59 StationSystem update...
2025/08/05 12:29:59 weather update count: 600
2025/08/05 12:29:59 StationSystem update time: 12.758µs
2025/08/05 12:29:59 SatelliteSystem update...
2025/08/05 12:29:59 satellite count: 1900
2025/08/05 12:29:59 SatelliteSystem update time: 7.893522ms
2025/08/05 12:29:59 TopoSystem update...
2025/08/05 12:29:59 TopoSystem: Link count: 1140000
2025/08/05 12:29:59 TopoSystem update time: 62.710442ms
2025/08/05 12:29:59 AttenuationSystem update...
2025/08/05 12:29:59 AttenuationSystem parallel flag: 1
2025/08/05 12:30:00 Attenuation computed count: 1140000
2025/08/05 12:30:00 AttenuationSystem update time: 1.334544686s
2025/08/05 12:30:00 Run 6 complete
2025/08/05 12:30:00 StationSystem update...
2025/08/05 12:30:00 weather update count: 600
2025/08/05 12:30:00 StationSystem update time: 4.811µs
2025/08/05 12:30:00 SatelliteSystem update...
2025/08/05 12:30:00 satellite count: 1900
2025/08/05 12:30:00 SatelliteSystem update time: 7.242127ms
2025/08/05 12:30:00 TopoSystem update...
2025/08/05 12:30:00 TopoSystem: Link count: 1140000
2025/08/05 12:30:00 TopoSystem update time: 57.077987ms
2025/08/05 12:30:00 AttenuationSystem update...
2025/08/05 12:30:00 AttenuationSystem parallel flag: 1
2025/08/05 12:30:02 Attenuation computed count: 1140000
2025/08/05 12:30:02 AttenuationSystem update time: 1.339475054s
2025/08/05 12:30:02 Run 7 complete
2025/08/05 12:30:02 StationSystem update...
2025/08/05 12:30:02 weather update count: 600
2025/08/05 12:30:02 StationSystem update time: 25.57µs
2025/08/05 12:30:02 SatelliteSystem update...
2025/08/05 12:30:02 satellite count: 1900
2025/08/05 12:30:02 SatelliteSystem update time: 7.813351ms
2025/08/05 12:30:02 TopoSystem update...
2025/08/05 12:30:02 TopoSystem: Link count: 1140000
2025/08/05 12:30:02 TopoSystem update time: 80.649726ms
2025/08/05 12:30:02 AttenuationSystem update...
2025/08/05 12:30:02 AttenuationSystem parallel flag: 1
2025/08/05 12:30:03 Attenuation computed count: 1140000
2025/08/05 12:30:03 AttenuationSystem update time: 1.259528561s
2025/08/05 12:30:03 Run 8 complete
2025/08/05 12:30:03 StationSystem update...
2025/08/05 12:30:03 weather update count: 600
2025/08/05 12:30:03 StationSystem update time: 5.879µs
2025/08/05 12:30:03 SatelliteSystem update...
2025/08/05 12:30:03 satellite count: 1900
2025/08/05 12:30:03 SatelliteSystem update time: 6.103719ms
2025/08/05 12:30:03 TopoSystem update...
2025/08/05 12:30:03 TopoSystem: Link count: 1140000
2025/08/05 12:30:03 TopoSystem update time: 62.351961ms
2025/08/05 12:30:03 AttenuationSystem update...
2025/08/05 12:30:03 AttenuationSystem parallel flag: 1
2025/08/05 12:30:04 Attenuation computed count: 1140000
2025/08/05 12:30:04 AttenuationSystem update time: 1.049604222s
2025/08/05 12:30:04 Run 9 complete
2025/08/05 12:30:04 StationSystem update...
2025/08/05 12:30:04 weather update count: 600
2025/08/05 12:30:04 StationSystem update time: 3.642µs
2025/08/05 12:30:04 SatelliteSystem update...
2025/08/05 12:30:04 satellite count: 1900
2025/08/05 12:30:04 SatelliteSystem update time: 5.380313ms
2025/08/05 12:30:04 TopoSystem update...
2025/08/05 12:30:04 TopoSystem: Link count: 1140000
2025/08/05 12:30:04 TopoSystem update time: 27.530642ms
2025/08/05 12:30:04 AttenuationSystem update...
2025/08/05 12:30:04 AttenuationSystem parallel flag: 1
2025/08/05 12:30:06 Attenuation computed count: 1140000
2025/08/05 12:30:06 AttenuationSystem update time: 1.191284274s
2025/08/05 12:30:06 Run 10 complete
2025/08/05 12:30:06 Total update time:  13.133938061s
2025/08/05 12:30:06 linkCache size: 40

 Performance counter stats for './scale_ecs 600 1900 10 2 4 1':

        29,058,623      cache-references                                                      
         9,196,440      cache-misses                     #   31.65% of all cache refs         

      13.148567779 seconds time elapsed

      24.968364000 seconds user
       0.331885000 seconds sys


