ECS running with 800 stations, 1800 satellites, 8 numWGs and 4 numBlocks for 10 rounds in 0 parallel pattern
2025/08/05 13:33:40 StationSystem update...
2025/08/05 13:33:40 SatelliteSystem update...
2025/08/05 13:33:40 weather update count: 800
2025/08/05 13:33:40 StationSystem update time: 9.82µs
2025/08/05 13:33:40 satellite count: 1800
2025/08/05 13:33:40 SatelliteSystem update time: 6.831754ms
2025/08/05 13:33:40 TopoSystem update...
2025/08/05 13:33:40 TopoSystem: Link count: 1440000
2025/08/05 13:33:40 TopoSystem update time: 44.47976ms
2025/08/05 13:33:40 AttenuationSystem update...
2025/08/05 13:33:40 AttenuationSystem parallel flag: 0
2025/08/05 13:33:41 Attenuation computed count: 1440000
2025/08/05 13:33:41 AttenuationSystem update time: 831.385429ms
2025/08/05 13:33:41 Run 1 complete
2025/08/05 13:33:41 StationSystem update...
2025/08/05 13:33:41 SatelliteSystem update...
2025/08/05 13:33:41 weather update count: 800
2025/08/05 13:33:41 StationSystem update time: 11.378µs
2025/08/05 13:33:41 satellite count: 1800
2025/08/05 13:33:41 SatelliteSystem update time: 6.858689ms
2025/08/05 13:33:41 TopoSystem update...
2025/08/05 13:33:41 TopoSystem: Link count: 1440000
2025/08/05 13:33:41 TopoSystem update time: 55.441053ms
2025/08/05 13:33:41 AttenuationSystem update...
2025/08/05 13:33:41 AttenuationSystem parallel flag: 0
2025/08/05 13:33:42 Attenuation computed count: 1440000
2025/08/05 13:33:42 AttenuationSystem update time: 831.893213ms
2025/08/05 13:33:42 Run 2 complete
2025/08/05 13:33:42 StationSystem update...
2025/08/05 13:33:42 weather update count: 800
2025/08/05 13:33:42 StationSystem update time: 5.238µs
2025/08/05 13:33:42 SatelliteSystem update...
2025/08/05 13:33:42 satellite count: 1800
2025/08/05 13:33:42 SatelliteSystem update time: 5.178605ms
2025/08/05 13:33:42 TopoSystem update...
2025/08/05 13:33:42 TopoSystem: Link count: 1440000
2025/08/05 13:33:42 TopoSystem update time: 19.858231ms
2025/08/05 13:33:42 AttenuationSystem update...
2025/08/05 13:33:42 AttenuationSystem parallel flag: 0
2025/08/05 13:33:43 Attenuation computed count: 1440000
2025/08/05 13:33:43 AttenuationSystem update time: 848.867548ms
2025/08/05 13:33:43 Run 3 complete
2025/08/05 13:33:43 StationSystem update...
2025/08/05 13:33:43 weather update count: 800
2025/08/05 13:33:43 StationSystem update time: 18.791µs
2025/08/05 13:33:43 SatelliteSystem update...
2025/08/05 13:33:43 satellite count: 1800
2025/08/05 13:33:43 SatelliteSystem update time: 7.341583ms
2025/08/05 13:33:43 TopoSystem update...
2025/08/05 13:33:43 TopoSystem: Link count: 1440000
2025/08/05 13:33:43 TopoSystem update time: 73.591977ms
2025/08/05 13:33:43 AttenuationSystem update...
2025/08/05 13:33:43 AttenuationSystem parallel flag: 0
2025/08/05 13:33:44 Attenuation computed count: 1440000
2025/08/05 13:33:44 AttenuationSystem update time: 858.628555ms
2025/08/05 13:33:44 Run 4 complete
2025/08/05 13:33:44 StationSystem update...
2025/08/05 13:33:44 weather update count: 800
2025/08/05 13:33:44 StationSystem update time: 5.169µs
2025/08/05 13:33:44 SatelliteSystem update...
2025/08/05 13:33:44 satellite count: 1800
2025/08/05 13:33:44 SatelliteSystem update time: 6.871041ms
2025/08/05 13:33:44 TopoSystem update...
2025/08/05 13:33:44 TopoSystem: Link count: 1440000
2025/08/05 13:33:44 TopoSystem update time: 26.141148ms
2025/08/05 13:33:44 AttenuationSystem update...
2025/08/05 13:33:44 AttenuationSystem parallel flag: 0
2025/08/05 13:33:45 Attenuation computed count: 1440000
2025/08/05 13:33:45 AttenuationSystem update time: 846.995975ms
2025/08/05 13:33:45 Run 5 complete
2025/08/05 13:33:45 StationSystem update...
2025/08/05 13:33:45 weather update count: 800
2025/08/05 13:33:45 StationSystem update time: 3.936µs
2025/08/05 13:33:45 SatelliteSystem update...
2025/08/05 13:33:45 satellite count: 1800
2025/08/05 13:33:45 SatelliteSystem update time: 6.830433ms
2025/08/05 13:33:45 TopoSystem update...
2025/08/05 13:33:45 TopoSystem: Link count: 1440000
2025/08/05 13:33:45 TopoSystem update time: 24.212861ms
2025/08/05 13:33:45 AttenuationSystem update...
2025/08/05 13:33:45 AttenuationSystem parallel flag: 0
2025/08/05 13:33:46 Attenuation computed count: 1440000
2025/08/05 13:33:46 AttenuationSystem update time: 864.079904ms
2025/08/05 13:33:46 Run 6 complete
2025/08/05 13:33:46 StationSystem update...
2025/08/05 13:33:46 weather update count: 800
2025/08/05 13:33:46 StationSystem update time: 12.124µs
2025/08/05 13:33:46 SatelliteSystem update...
2025/08/05 13:33:46 satellite count: 1800
2025/08/05 13:33:46 SatelliteSystem update time: 8.372556ms
2025/08/05 13:33:46 TopoSystem update...
2025/08/05 13:33:46 TopoSystem: Link count: 1440000
2025/08/05 13:33:46 TopoSystem update time: 65.09114ms
2025/08/05 13:33:46 AttenuationSystem update...
2025/08/05 13:33:46 AttenuationSystem parallel flag: 0
2025/08/05 13:33:47 Attenuation computed count: 1440000
2025/08/05 13:33:47 AttenuationSystem update time: 855.515098ms
2025/08/05 13:33:47 Run 7 complete
2025/08/05 13:33:47 StationSystem update...
2025/08/05 13:33:47 weather update count: 800
2025/08/05 13:33:47 StationSystem update time: 7.034µs
2025/08/05 13:33:47 SatelliteSystem update...
2025/08/05 13:33:47 satellite count: 1800
2025/08/05 13:33:47 SatelliteSystem update time: 6.803971ms
2025/08/05 13:33:47 TopoSystem update...
2025/08/05 13:33:47 TopoSystem: Link count: 1440000
2025/08/05 13:33:47 TopoSystem update time: 58.435693ms
2025/08/05 13:33:47 AttenuationSystem update...
2025/08/05 13:33:47 AttenuationSystem parallel flag: 0
2025/08/05 13:33:48 Attenuation computed count: 1440000
2025/08/05 13:33:48 AttenuationSystem update time: 843.006722ms
2025/08/05 13:33:48 Run 8 complete
2025/08/05 13:33:48 StationSystem update...
2025/08/05 13:33:48 weather update count: 800
2025/08/05 13:33:48 StationSystem update time: 5.994µs
2025/08/05 13:33:48 SatelliteSystem update...
2025/08/05 13:33:48 satellite count: 1800
2025/08/05 13:33:48 SatelliteSystem update time: 6.828033ms
2025/08/05 13:33:48 TopoSystem update...
2025/08/05 13:33:48 TopoSystem: Link count: 1440000
2025/08/05 13:33:48 TopoSystem update time: 23.838313ms
2025/08/05 13:33:48 AttenuationSystem update...
2025/08/05 13:33:48 AttenuationSystem parallel flag: 0
2025/08/05 13:33:48 Attenuation computed count: 1440000
2025/08/05 13:33:48 AttenuationSystem update time: 840.592164ms
2025/08/05 13:33:48 Run 9 complete
2025/08/05 13:33:48 StationSystem update...
2025/08/05 13:33:48 weather update count: 800
2025/08/05 13:33:48 StationSystem update time: 3.637µs
2025/08/05 13:33:48 SatelliteSystem update...
2025/08/05 13:33:49 satellite count: 1800
2025/08/05 13:33:49 SatelliteSystem update time: 6.810011ms
2025/08/05 13:33:49 TopoSystem update...
2025/08/05 13:33:49 TopoSystem: Link count: 1440000
2025/08/05 13:33:49 TopoSystem update time: 23.282384ms
2025/08/05 13:33:49 AttenuationSystem update...
2025/08/05 13:33:49 AttenuationSystem parallel flag: 0
2025/08/05 13:33:49 Attenuation computed count: 1440000
2025/08/05 13:33:49 AttenuationSystem update time: 841.745725ms
2025/08/05 13:33:49 Run 10 complete
2025/08/05 13:33:49 Total update time:  8.958414199s
2025/08/05 13:33:49 linkCache size: 40

 Performance counter stats for './scale_ecs 800 1800 10 8 4 0':

        34,101,923      cache-references                                                      
        10,070,707      cache-misses                     #   29.53% of all cache refs         

       8.972031427 seconds time elapsed

      33.307749000 seconds user
       0.289919000 seconds sys


