ECS running with 800 stations, 1700 satellites, 4 numWGs and 2 numBlocks for 10 rounds in 1 parallel pattern
2025/08/05 13:29:15 StationSystem update...
2025/08/05 13:29:15 weather update count: 800
2025/08/05 13:29:15 SatelliteSystem update...
2025/08/05 13:29:15 StationSystem update time: 7.745µs
2025/08/05 13:29:15 satellite count: 1700
2025/08/05 13:29:15 SatelliteSystem update time: 6.450166ms
2025/08/05 13:29:15 TopoSystem update...
2025/08/05 13:29:15 TopoSystem: Link count: 1360000
2025/08/05 13:29:15 TopoSystem update time: 42.158736ms
2025/08/05 13:29:15 AttenuationSystem update...
2025/08/05 13:29:15 AttenuationSystem parallel flag: 1
2025/08/05 13:29:16 Attenuation computed count: 1360000
2025/08/05 13:29:16 AttenuationSystem update time: 789.833097ms
2025/08/05 13:29:16 Run 1 complete
2025/08/05 13:29:16 StationSystem update...
2025/08/05 13:29:16 weather update count: 800
2025/08/05 13:29:16 StationSystem update time: 6.249µs
2025/08/05 13:29:16 SatelliteSystem update...
2025/08/05 13:29:16 satellite count: 1700
2025/08/05 13:29:16 SatelliteSystem update time: 6.513784ms
2025/08/05 13:29:16 TopoSystem update...
2025/08/05 13:29:16 TopoSystem: Link count: 1360000
2025/08/05 13:29:16 TopoSystem update time: 32.207529ms
2025/08/05 13:29:16 AttenuationSystem update...
2025/08/05 13:29:16 AttenuationSystem parallel flag: 1
2025/08/05 13:29:17 Attenuation computed count: 1360000
2025/08/05 13:29:17 AttenuationSystem update time: 830.074188ms
2025/08/05 13:29:17 Run 2 complete
2025/08/05 13:29:17 StationSystem update...
2025/08/05 13:29:17 weather update count: 800
2025/08/05 13:29:17 StationSystem update time: 9.775µs
2025/08/05 13:29:17 SatelliteSystem update...
2025/08/05 13:29:17 satellite count: 1700
2025/08/05 13:29:17 SatelliteSystem update time: 7.174556ms
2025/08/05 13:29:17 TopoSystem update...
2025/08/05 13:29:17 TopoSystem: Link count: 1360000
2025/08/05 13:29:17 TopoSystem update time: 51.806652ms
2025/08/05 13:29:17 AttenuationSystem update...
2025/08/05 13:29:17 AttenuationSystem parallel flag: 1
2025/08/05 13:29:18 Attenuation computed count: 1360000
2025/08/05 13:29:18 AttenuationSystem update time: 796.498118ms
2025/08/05 13:29:18 Run 3 complete
2025/08/05 13:29:18 StationSystem update...
2025/08/05 13:29:18 weather update count: 800
2025/08/05 13:29:18 StationSystem update time: 5.929µs
2025/08/05 13:29:18 SatelliteSystem update...
2025/08/05 13:29:18 satellite count: 1700
2025/08/05 13:29:18 SatelliteSystem update time: 6.901838ms
2025/08/05 13:29:18 TopoSystem update...
2025/08/05 13:29:18 TopoSystem: Link count: 1360000
2025/08/05 13:29:18 TopoSystem update time: 45.120751ms
2025/08/05 13:29:18 AttenuationSystem update...
2025/08/05 13:29:18 AttenuationSystem parallel flag: 1
2025/08/05 13:29:18 Attenuation computed count: 1360000
2025/08/05 13:29:18 AttenuationSystem update time: 796.94364ms
2025/08/05 13:29:18 Run 4 complete
2025/08/05 13:29:18 StationSystem update...
2025/08/05 13:29:18 weather update count: 800
2025/08/05 13:29:18 StationSystem update time: 3.886µs
2025/08/05 13:29:18 SatelliteSystem update...
2025/08/05 13:29:18 satellite count: 1700
2025/08/05 13:29:18 SatelliteSystem update time: 6.4376ms
2025/08/05 13:29:18 TopoSystem update...
2025/08/05 13:29:19 TopoSystem: Link count: 1360000
2025/08/05 13:29:19 TopoSystem update time: 22.382879ms
2025/08/05 13:29:19 AttenuationSystem update...
2025/08/05 13:29:19 AttenuationSystem parallel flag: 1
2025/08/05 13:29:19 Attenuation computed count: 1360000
2025/08/05 13:29:19 AttenuationSystem update time: 811.436878ms
2025/08/05 13:29:19 Run 5 complete
2025/08/05 13:29:19 StationSystem update...
2025/08/05 13:29:19 weather update count: 800
2025/08/05 13:29:19 StationSystem update time: 5.048µs
2025/08/05 13:29:19 SatelliteSystem update...
2025/08/05 13:29:19 satellite count: 1700
2025/08/05 13:29:19 SatelliteSystem update time: 6.484343ms
2025/08/05 13:29:19 TopoSystem update...
2025/08/05 13:29:19 TopoSystem: Link count: 1360000
2025/08/05 13:29:19 TopoSystem update time: 22.93464ms
2025/08/05 13:29:19 AttenuationSystem update...
2025/08/05 13:29:19 AttenuationSystem parallel flag: 1
2025/08/05 13:29:20 Attenuation computed count: 1360000
2025/08/05 13:29:20 AttenuationSystem update time: 785.373537ms
2025/08/05 13:29:20 Run 6 complete
2025/08/05 13:29:20 StationSystem update...
2025/08/05 13:29:20 SatelliteSystem update...
2025/08/05 13:29:20 weather update count: 800
2025/08/05 13:29:20 StationSystem update time: 22.204µs
2025/08/05 13:29:20 satellite count: 1700
2025/08/05 13:29:20 SatelliteSystem update time: 6.974021ms
2025/08/05 13:29:20 TopoSystem update...
2025/08/05 13:29:20 TopoSystem: Link count: 1360000
2025/08/05 13:29:20 TopoSystem update time: 28.129921ms
2025/08/05 13:29:20 AttenuationSystem update...
2025/08/05 13:29:20 AttenuationSystem parallel flag: 1
2025/08/05 13:29:21 Attenuation computed count: 1360000
2025/08/05 13:29:21 AttenuationSystem update time: 790.753562ms
2025/08/05 13:29:21 Run 7 complete
2025/08/05 13:29:21 StationSystem update...
2025/08/05 13:29:21 weather update count: 800
2025/08/05 13:29:21 StationSystem update time: 5.469µs
2025/08/05 13:29:21 SatelliteSystem update...
2025/08/05 13:29:21 satellite count: 1700
2025/08/05 13:29:21 SatelliteSystem update time: 6.47532ms
2025/08/05 13:29:21 TopoSystem update...
2025/08/05 13:29:21 TopoSystem: Link count: 1360000
2025/08/05 13:29:21 TopoSystem update time: 49.713359ms
2025/08/05 13:29:21 AttenuationSystem update...
2025/08/05 13:29:21 AttenuationSystem parallel flag: 1
2025/08/05 13:29:22 Attenuation computed count: 1360000
2025/08/05 13:29:22 AttenuationSystem update time: 788.061477ms
2025/08/05 13:29:22 Run 8 complete
2025/08/05 13:29:22 StationSystem update...
2025/08/05 13:29:22 weather update count: 800
2025/08/05 13:29:22 StationSystem update time: 11.441µs
2025/08/05 13:29:22 SatelliteSystem update...
2025/08/05 13:29:22 satellite count: 1700
2025/08/05 13:29:22 SatelliteSystem update time: 5.18467ms
2025/08/05 13:29:22 TopoSystem update...
2025/08/05 13:29:22 TopoSystem: Link count: 1360000
2025/08/05 13:29:22 TopoSystem update time: 71.167467ms
2025/08/05 13:29:22 AttenuationSystem update...
2025/08/05 13:29:22 AttenuationSystem parallel flag: 1
2025/08/05 13:29:23 Attenuation computed count: 1360000
2025/08/05 13:29:23 AttenuationSystem update time: 794.267398ms
2025/08/05 13:29:23 Run 9 complete
2025/08/05 13:29:23 StationSystem update...
2025/08/05 13:29:23 weather update count: 800
2025/08/05 13:29:23 StationSystem update time: 5.626µs
2025/08/05 13:29:23 SatelliteSystem update...
2025/08/05 13:29:23 satellite count: 1700
2025/08/05 13:29:23 SatelliteSystem update time: 6.489551ms
2025/08/05 13:29:23 TopoSystem update...
2025/08/05 13:29:23 TopoSystem: Link count: 1360000
2025/08/05 13:29:23 TopoSystem update time: 67.652393ms
2025/08/05 13:29:23 AttenuationSystem update...
2025/08/05 13:29:23 AttenuationSystem parallel flag: 1
2025/08/05 13:29:24 Attenuation computed count: 1360000
2025/08/05 13:29:24 AttenuationSystem update time: 816.067113ms
2025/08/05 13:29:24 Run 10 complete
2025/08/05 13:29:24 Total update time:  8.508337512s
2025/08/05 13:29:24 linkCache size: 40

 Performance counter stats for './scale_ecs 800 1700 10 4 2 1':

        32,691,369      cache-references                                                      
         9,937,245      cache-misses                     #   30.40% of all cache refs         

       8.517316988 seconds time elapsed

      30.852901000 seconds user
       0.301096000 seconds sys


