ECS running with 800 stations, 1100 satellites, 2 numWGs and 2 numBlocks for 10 rounds in 1 parallel pattern
2025/08/05 13:13:32 StationSystem update...
2025/08/05 13:13:32 weather update count: 800
2025/08/05 13:13:32 SatelliteSystem update...
2025/08/05 13:13:32 StationSystem update time: 6.022µs
2025/08/05 13:13:32 satellite count: 1100
2025/08/05 13:13:32 SatelliteSystem update time: 4.236913ms
2025/08/05 13:13:32 TopoSystem update...
2025/08/05 13:13:32 TopoSystem: Link count: 880000
2025/08/05 13:13:32 TopoSystem update time: 31.417716ms
2025/08/05 13:13:32 AttenuationSystem update...
2025/08/05 13:13:32 AttenuationSystem parallel flag: 1
2025/08/05 13:13:33 Attenuation computed count: 880000
2025/08/05 13:13:33 AttenuationSystem update time: 1.012988343s
2025/08/05 13:13:33 Run 1 complete
2025/08/05 13:13:33 StationSystem update...
2025/08/05 13:13:33 weather update count: 800
2025/08/05 13:13:33 StationSystem update time: 9.872µs
2025/08/05 13:13:33 SatelliteSystem update...
2025/08/05 13:13:33 satellite count: 1100
2025/08/05 13:13:33 SatelliteSystem update time: 4.608884ms
2025/08/05 13:13:33 TopoSystem update...
2025/08/05 13:13:33 TopoSystem: Link count: 880000
2025/08/05 13:13:33 TopoSystem update time: 51.162073ms
2025/08/05 13:13:33 AttenuationSystem update...
2025/08/05 13:13:33 AttenuationSystem parallel flag: 1
2025/08/05 13:13:35 Attenuation computed count: 880000
2025/08/05 13:13:35 AttenuationSystem update time: 1.238314952s
2025/08/05 13:13:35 Run 2 complete
2025/08/05 13:13:35 StationSystem update...
2025/08/05 13:13:35 weather update count: 800
2025/08/05 13:13:35 StationSystem update time: 9.395µs
2025/08/05 13:13:35 SatelliteSystem update...
2025/08/05 13:13:35 satellite count: 1100
2025/08/05 13:13:35 SatelliteSystem update time: 5.556247ms
2025/08/05 13:13:35 TopoSystem update...
2025/08/05 13:13:35 TopoSystem: Link count: 880000
2025/08/05 13:13:35 TopoSystem update time: 26.73169ms
2025/08/05 13:13:35 AttenuationSystem update...
2025/08/05 13:13:35 AttenuationSystem parallel flag: 1
2025/08/05 13:13:36 Attenuation computed count: 880000
2025/08/05 13:13:36 AttenuationSystem update time: 1.184762177s
2025/08/05 13:13:36 Run 3 complete
2025/08/05 13:13:36 StationSystem update...
2025/08/05 13:13:36 weather update count: 800
2025/08/05 13:13:36 StationSystem update time: 11.571µs
2025/08/05 13:13:36 SatelliteSystem update...
2025/08/05 13:13:36 satellite count: 1100
2025/08/05 13:13:36 SatelliteSystem update time: 4.733506ms
2025/08/05 13:13:36 TopoSystem update...
2025/08/05 13:13:36 TopoSystem: Link count: 880000
2025/08/05 13:13:36 TopoSystem update time: 51.636102ms
2025/08/05 13:13:36 AttenuationSystem update...
2025/08/05 13:13:36 AttenuationSystem parallel flag: 1
2025/08/05 13:13:37 Attenuation computed count: 880000
2025/08/05 13:13:37 AttenuationSystem update time: 1.028591854s
2025/08/05 13:13:37 Run 4 complete
2025/08/05 13:13:37 StationSystem update...
2025/08/05 13:13:37 weather update count: 800
2025/08/05 13:13:37 StationSystem update time: 10.662µs
2025/08/05 13:13:37 SatelliteSystem update...
2025/08/05 13:13:37 satellite count: 1100
2025/08/05 13:13:37 SatelliteSystem update time: 4.614908ms
2025/08/05 13:13:37 TopoSystem update...
2025/08/05 13:13:37 TopoSystem: Link count: 880000
2025/08/05 13:13:37 TopoSystem update time: 52.661984ms
2025/08/05 13:13:37 AttenuationSystem update...
2025/08/05 13:13:37 AttenuationSystem parallel flag: 1
2025/08/05 13:13:38 Attenuation computed count: 880000
2025/08/05 13:13:38 AttenuationSystem update time: 1.028777352s
2025/08/05 13:13:38 Run 5 complete
2025/08/05 13:13:38 StationSystem update...
2025/08/05 13:13:38 weather update count: 800
2025/08/05 13:13:38 StationSystem update time: 4.919µs
2025/08/05 13:13:38 SatelliteSystem update...
2025/08/05 13:13:38 satellite count: 1100
2025/08/05 13:13:38 SatelliteSystem update time: 4.233591ms
2025/08/05 13:13:38 TopoSystem update...
2025/08/05 13:13:38 TopoSystem: Link count: 880000
2025/08/05 13:13:38 TopoSystem update time: 25.372965ms
2025/08/05 13:13:38 AttenuationSystem update...
2025/08/05 13:13:38 AttenuationSystem parallel flag: 1
2025/08/05 13:13:39 Attenuation computed count: 880000
2025/08/05 13:13:39 AttenuationSystem update time: 1.019825782s
2025/08/05 13:13:39 Run 6 complete
2025/08/05 13:13:39 StationSystem update...
2025/08/05 13:13:39 weather update count: 800
2025/08/05 13:13:39 StationSystem update time: 5.072µs
2025/08/05 13:13:39 SatelliteSystem update...
2025/08/05 13:13:39 satellite count: 1100
2025/08/05 13:13:39 SatelliteSystem update time: 4.230596ms
2025/08/05 13:13:39 TopoSystem update...
2025/08/05 13:13:39 TopoSystem: Link count: 880000
2025/08/05 13:13:39 TopoSystem update time: 17.013626ms
2025/08/05 13:13:39 AttenuationSystem update...
2025/08/05 13:13:39 AttenuationSystem parallel flag: 1
2025/08/05 13:13:40 Attenuation computed count: 880000
2025/08/05 13:13:40 AttenuationSystem update time: 911.769262ms
2025/08/05 13:13:40 Run 7 complete
2025/08/05 13:13:40 StationSystem update...
2025/08/05 13:13:40 weather update count: 800
2025/08/05 13:13:40 StationSystem update time: 3.232µs
2025/08/05 13:13:40 SatelliteSystem update...
2025/08/05 13:13:40 satellite count: 1100
2025/08/05 13:13:40 SatelliteSystem update time: 3.12047ms
2025/08/05 13:13:40 TopoSystem update...
2025/08/05 13:13:40 TopoSystem: Link count: 880000
2025/08/05 13:13:40 TopoSystem update time: 11.695677ms
2025/08/05 13:13:40 AttenuationSystem update...
2025/08/05 13:13:40 AttenuationSystem parallel flag: 1
2025/08/05 13:13:41 Attenuation computed count: 880000
2025/08/05 13:13:41 AttenuationSystem update time: 1.002342889s
2025/08/05 13:13:41 Run 8 complete
2025/08/05 13:13:41 StationSystem update...
2025/08/05 13:13:41 weather update count: 800
2025/08/05 13:13:41 StationSystem update time: 6.163µs
2025/08/05 13:13:41 SatelliteSystem update...
2025/08/05 13:13:41 satellite count: 1100
2025/08/05 13:13:41 SatelliteSystem update time: 3.114533ms
2025/08/05 13:13:41 TopoSystem update...
2025/08/05 13:13:41 TopoSystem: Link count: 880000
2025/08/05 13:13:41 TopoSystem update time: 32.153239ms
2025/08/05 13:13:41 AttenuationSystem update...
2025/08/05 13:13:41 AttenuationSystem parallel flag: 1
2025/08/05 13:13:42 Attenuation computed count: 880000
2025/08/05 13:13:42 AttenuationSystem update time: 1.035528001s
2025/08/05 13:13:42 Run 9 complete
2025/08/05 13:13:42 StationSystem update...
2025/08/05 13:13:42 weather update count: 800
2025/08/05 13:13:42 StationSystem update time: 4.715µs
2025/08/05 13:13:42 SatelliteSystem update...
2025/08/05 13:13:42 satellite count: 1100
2025/08/05 13:13:42 SatelliteSystem update time: 4.211298ms
2025/08/05 13:13:42 TopoSystem update...
2025/08/05 13:13:42 TopoSystem: Link count: 880000
2025/08/05 13:13:42 TopoSystem update time: 32.387926ms
2025/08/05 13:13:42 AttenuationSystem update...
2025/08/05 13:13:42 AttenuationSystem parallel flag: 1
2025/08/05 13:13:43 Attenuation computed count: 880000
2025/08/05 13:13:43 AttenuationSystem update time: 1.020910162s
2025/08/05 13:13:43 Run 10 complete
2025/08/05 13:13:43 Total update time:  10.869119765s
2025/08/05 13:13:43 linkCache size: 40

 Performance counter stats for './scale_ecs 800 1100 10 2 2 1':

        20,998,358      cache-references                                                      
         6,245,192      cache-misses                     #   29.74% of all cache refs         

      10.877061908 seconds time elapsed

      20.505848000 seconds user
       0.231794000 seconds sys


