ECS running with 500 stations, 1700 satellites, 8 numWGs and 8 numBlocks for 10 rounds in 1 parallel pattern
2025/08/05 12:01:36 StationSystem update...
2025/08/05 12:01:36 weather update count: 500
2025/08/05 12:01:36 StationSystem update time: 5.075µs
2025/08/05 12:01:36 SatelliteSystem update...
2025/08/05 12:01:36 satellite count: 1700
2025/08/05 12:01:36 SatelliteSystem update time: 6.525064ms
2025/08/05 12:01:36 TopoSystem update...
2025/08/05 12:01:36 TopoSystem: Link count: 850000
2025/08/05 12:01:36 TopoSystem update time: 28.078872ms
2025/08/05 12:01:36 AttenuationSystem update...
2025/08/05 12:01:36 AttenuationSystem parallel flag: 1
2025/08/05 12:01:36 Attenuation computed count: 850000
2025/08/05 12:01:36 AttenuationSystem update time: 249.549199ms
2025/08/05 12:01:36 Run 1 complete
2025/08/05 12:01:36 StationSystem update...
2025/08/05 12:01:36 weather update count: 500
2025/08/05 12:01:36 StationSystem update time: 3.648µs
2025/08/05 12:01:36 SatelliteSystem update...
2025/08/05 12:01:36 satellite count: 1700
2025/08/05 12:01:36 SatelliteSystem update time: 6.443817ms
2025/08/05 12:01:36 TopoSystem update...
2025/08/05 12:01:36 TopoSystem: Link count: 850000
2025/08/05 12:01:36 TopoSystem update time: 24.929901ms
2025/08/05 12:01:36 AttenuationSystem update...
2025/08/05 12:01:36 AttenuationSystem parallel flag: 1
2025/08/05 12:01:36 Attenuation computed count: 850000
2025/08/05 12:01:36 AttenuationSystem update time: 256.996862ms
2025/08/05 12:01:36 Run 2 complete
2025/08/05 12:01:36 StationSystem update...
2025/08/05 12:01:36 weather update count: 500
2025/08/05 12:01:36 StationSystem update time: 4.102µs
2025/08/05 12:01:36 SatelliteSystem update...
2025/08/05 12:01:36 satellite count: 1700
2025/08/05 12:01:36 SatelliteSystem update time: 6.431507ms
2025/08/05 12:01:36 TopoSystem update...
2025/08/05 12:01:36 TopoSystem: Link count: 850000
2025/08/05 12:01:36 TopoSystem update time: 14.368497ms
2025/08/05 12:01:36 AttenuationSystem update...
2025/08/05 12:01:36 AttenuationSystem parallel flag: 1
2025/08/05 12:01:36 Attenuation computed count: 850000
2025/08/05 12:01:36 AttenuationSystem update time: 285.491418ms
2025/08/05 12:01:36 Run 3 complete
2025/08/05 12:01:36 StationSystem update...
2025/08/05 12:01:36 weather update count: 500
2025/08/05 12:01:36 StationSystem update time: 4.215µs
2025/08/05 12:01:36 SatelliteSystem update...
2025/08/05 12:01:36 satellite count: 1700
2025/08/05 12:01:36 SatelliteSystem update time: 6.513846ms
2025/08/05 12:01:36 TopoSystem update...
2025/08/05 12:01:36 TopoSystem: Link count: 850000
2025/08/05 12:01:36 TopoSystem update time: 14.608025ms
2025/08/05 12:01:36 AttenuationSystem update...
2025/08/05 12:01:36 AttenuationSystem parallel flag: 1
2025/08/05 12:01:37 Attenuation computed count: 850000
2025/08/05 12:01:37 AttenuationSystem update time: 294.460287ms
2025/08/05 12:01:37 Run 4 complete
2025/08/05 12:01:37 StationSystem update...
2025/08/05 12:01:37 weather update count: 500
2025/08/05 12:01:37 StationSystem update time: 3.45µs
2025/08/05 12:01:37 SatelliteSystem update...
2025/08/05 12:01:37 satellite count: 1700
2025/08/05 12:01:37 SatelliteSystem update time: 6.441696ms
2025/08/05 12:01:37 TopoSystem update...
2025/08/05 12:01:37 TopoSystem: Link count: 850000
2025/08/05 12:01:37 TopoSystem update time: 14.012059ms
2025/08/05 12:01:37 AttenuationSystem update...
2025/08/05 12:01:37 AttenuationSystem parallel flag: 1
2025/08/05 12:01:37 Attenuation computed count: 850000
2025/08/05 12:01:37 AttenuationSystem update time: 253.426981ms
2025/08/05 12:01:37 Run 5 complete
2025/08/05 12:01:37 StationSystem update...
2025/08/05 12:01:37 weather update count: 500
2025/08/05 12:01:37 StationSystem update time: 12.54µs
2025/08/05 12:01:37 SatelliteSystem update...
2025/08/05 12:01:37 satellite count: 1700
2025/08/05 12:01:37 SatelliteSystem update time: 7.147537ms
2025/08/05 12:01:37 TopoSystem update...
2025/08/05 12:01:37 TopoSystem: Link count: 850000
2025/08/05 12:01:37 TopoSystem update time: 28.930848ms
2025/08/05 12:01:37 AttenuationSystem update...
2025/08/05 12:01:37 AttenuationSystem parallel flag: 1
2025/08/05 12:01:37 Attenuation computed count: 850000
2025/08/05 12:01:37 AttenuationSystem update time: 295.283475ms
2025/08/05 12:01:37 Run 6 complete
2025/08/05 12:01:37 StationSystem update...
2025/08/05 12:01:37 weather update count: 500
2025/08/05 12:01:37 StationSystem update time: 3.853µs
2025/08/05 12:01:37 SatelliteSystem update...
2025/08/05 12:01:37 satellite count: 1700
2025/08/05 12:01:37 SatelliteSystem update time: 6.460573ms
2025/08/05 12:01:37 TopoSystem update...
2025/08/05 12:01:37 TopoSystem: Link count: 850000
2025/08/05 12:01:37 TopoSystem update time: 33.596619ms
2025/08/05 12:01:37 AttenuationSystem update...
2025/08/05 12:01:37 AttenuationSystem parallel flag: 1
2025/08/05 12:01:38 Attenuation computed count: 850000
2025/08/05 12:01:38 AttenuationSystem update time: 287.858247ms
2025/08/05 12:01:38 Run 7 complete
2025/08/05 12:01:38 StationSystem update...
2025/08/05 12:01:38 weather update count: 500
2025/08/05 12:01:38 StationSystem update time: 3.593µs
2025/08/05 12:01:38 SatelliteSystem update...
2025/08/05 12:01:38 satellite count: 1700
2025/08/05 12:01:38 SatelliteSystem update time: 6.436562ms
2025/08/05 12:01:38 TopoSystem update...
2025/08/05 12:01:38 TopoSystem: Link count: 850000
2025/08/05 12:01:38 TopoSystem update time: 13.113231ms
2025/08/05 12:01:38 AttenuationSystem update...
2025/08/05 12:01:38 AttenuationSystem parallel flag: 1
2025/08/05 12:01:38 Attenuation computed count: 850000
2025/08/05 12:01:38 AttenuationSystem update time: 270.223446ms
2025/08/05 12:01:38 Run 8 complete
2025/08/05 12:01:38 StationSystem update...
2025/08/05 12:01:38 weather update count: 500
2025/08/05 12:01:38 StationSystem update time: 3.954µs
2025/08/05 12:01:38 SatelliteSystem update...
2025/08/05 12:01:38 satellite count: 1700
2025/08/05 12:01:38 SatelliteSystem update time: 6.604054ms
2025/08/05 12:01:38 TopoSystem update...
2025/08/05 12:01:38 TopoSystem: Link count: 850000
2025/08/05 12:01:38 TopoSystem update time: 13.956355ms
2025/08/05 12:01:38 AttenuationSystem update...
2025/08/05 12:01:38 AttenuationSystem parallel flag: 1
2025/08/05 12:01:38 Attenuation computed count: 850000
2025/08/05 12:01:38 AttenuationSystem update time: 282.431953ms
2025/08/05 12:01:38 Run 9 complete
2025/08/05 12:01:38 StationSystem update...
2025/08/05 12:01:38 weather update count: 500
2025/08/05 12:01:38 StationSystem update time: 4.101µs
2025/08/05 12:01:38 SatelliteSystem update...
2025/08/05 12:01:38 satellite count: 1700
2025/08/05 12:01:38 SatelliteSystem update time: 6.448306ms
2025/08/05 12:01:38 TopoSystem update...
2025/08/05 12:01:38 TopoSystem: Link count: 850000
2025/08/05 12:01:38 TopoSystem update time: 13.032358ms
2025/08/05 12:01:38 AttenuationSystem update...
2025/08/05 12:01:38 AttenuationSystem parallel flag: 1
2025/08/05 12:01:39 Attenuation computed count: 850000
2025/08/05 12:01:39 AttenuationSystem update time: 272.030113ms
2025/08/05 12:01:39 Run 10 complete
2025/08/05 12:01:39 Total update time:  3.022568237s
2025/08/05 12:01:39 linkCache size: 40

 Performance counter stats for './scale_ecs 500 1700 10 8 8 1':

        20,147,555      cache-references                                                      
         4,548,249      cache-misses                     #   22.57% of all cache refs         

       3.030919364 seconds time elapsed

      19.344636000 seconds user
       0.147187000 seconds sys


