ECS running with 600 stations, 700 satellites, 8 numWGs and 2 numBlocks for 10 rounds in 1 parallel pattern
2025/08/05 12:10:16 StationSystem update...
2025/08/05 12:10:16 weather update count: 600
2025/08/05 12:10:16 StationSystem update time: 4.415µs
2025/08/05 12:10:16 SatelliteSystem update...
2025/08/05 12:10:16 satellite count: 700
2025/08/05 12:10:16 SatelliteSystem update time: 2.671357ms
2025/08/05 12:10:16 TopoSystem update...
2025/08/05 12:10:16 TopoSystem: Link count: 420000
2025/08/05 12:10:16 TopoSystem update time: 13.507696ms
2025/08/05 12:10:16 AttenuationSystem update...
2025/08/05 12:10:16 AttenuationSystem parallel flag: 1
2025/08/05 12:10:17 Attenuation computed count: 420000
2025/08/05 12:10:17 AttenuationSystem update time: 120.252855ms
2025/08/05 12:10:17 Run 1 complete
2025/08/05 12:10:17 StationSystem update...
2025/08/05 12:10:17 weather update count: 600
2025/08/05 12:10:17 StationSystem update time: 5.722µs
2025/08/05 12:10:17 SatelliteSystem update...
2025/08/05 12:10:17 satellite count: 700
2025/08/05 12:10:17 SatelliteSystem update time: 2.67899ms
2025/08/05 12:10:17 TopoSystem update...
2025/08/05 12:10:17 TopoSystem: Link count: 420000
2025/08/05 12:10:17 TopoSystem update time: 11.040585ms
2025/08/05 12:10:17 AttenuationSystem update...
2025/08/05 12:10:17 AttenuationSystem parallel flag: 1
2025/08/05 12:10:17 Attenuation computed count: 420000
2025/08/05 12:10:17 AttenuationSystem update time: 128.561641ms
2025/08/05 12:10:17 Run 2 complete
2025/08/05 12:10:17 StationSystem update...
2025/08/05 12:10:17 weather update count: 600
2025/08/05 12:10:17 StationSystem update time: 4.845µs
2025/08/05 12:10:17 SatelliteSystem update...
2025/08/05 12:10:17 satellite count: 700
2025/08/05 12:10:17 SatelliteSystem update time: 2.691868ms
2025/08/05 12:10:17 TopoSystem update...
2025/08/05 12:10:17 TopoSystem: Link count: 420000
2025/08/05 12:10:17 TopoSystem update time: 6.97839ms
2025/08/05 12:10:17 AttenuationSystem update...
2025/08/05 12:10:17 AttenuationSystem parallel flag: 1
2025/08/05 12:10:17 Attenuation computed count: 420000
2025/08/05 12:10:17 AttenuationSystem update time: 141.419886ms
2025/08/05 12:10:17 Run 3 complete
2025/08/05 12:10:17 StationSystem update...
2025/08/05 12:10:17 weather update count: 600
2025/08/05 12:10:17 StationSystem update time: 4.55µs
2025/08/05 12:10:17 SatelliteSystem update...
2025/08/05 12:10:17 satellite count: 700
2025/08/05 12:10:17 SatelliteSystem update time: 2.678256ms
2025/08/05 12:10:17 TopoSystem update...
2025/08/05 12:10:17 TopoSystem: Link count: 420000
2025/08/05 12:10:17 TopoSystem update time: 7.114848ms
2025/08/05 12:10:17 AttenuationSystem update...
2025/08/05 12:10:17 AttenuationSystem parallel flag: 1
2025/08/05 12:10:17 Attenuation computed count: 420000
2025/08/05 12:10:17 AttenuationSystem update time: 130.395806ms
2025/08/05 12:10:17 Run 4 complete
2025/08/05 12:10:17 StationSystem update...
2025/08/05 12:10:17 weather update count: 600
2025/08/05 12:10:17 StationSystem update time: 4.906µs
2025/08/05 12:10:17 SatelliteSystem update...
2025/08/05 12:10:17 satellite count: 700
2025/08/05 12:10:17 SatelliteSystem update time: 2.684248ms
2025/08/05 12:10:17 TopoSystem update...
2025/08/05 12:10:17 TopoSystem: Link count: 420000
2025/08/05 12:10:17 TopoSystem update time: 6.861262ms
2025/08/05 12:10:17 AttenuationSystem update...
2025/08/05 12:10:17 AttenuationSystem parallel flag: 1
2025/08/05 12:10:17 Attenuation computed count: 420000
2025/08/05 12:10:17 AttenuationSystem update time: 136.765859ms
2025/08/05 12:10:17 Run 5 complete
2025/08/05 12:10:17 StationSystem update...
2025/08/05 12:10:17 weather update count: 600
2025/08/05 12:10:17 StationSystem update time: 4.421µs
2025/08/05 12:10:17 SatelliteSystem update...
2025/08/05 12:10:17 satellite count: 700
2025/08/05 12:10:17 SatelliteSystem update time: 2.669259ms
2025/08/05 12:10:17 TopoSystem update...
2025/08/05 12:10:17 TopoSystem: Link count: 420000
2025/08/05 12:10:17 TopoSystem update time: 7.530944ms
2025/08/05 12:10:17 AttenuationSystem update...
2025/08/05 12:10:17 AttenuationSystem parallel flag: 1
2025/08/05 12:10:17 Attenuation computed count: 420000
2025/08/05 12:10:17 AttenuationSystem update time: 179.448095ms
2025/08/05 12:10:17 Run 6 complete
2025/08/05 12:10:17 StationSystem update...
2025/08/05 12:10:17 weather update count: 600
2025/08/05 12:10:17 StationSystem update time: 4.602µs
2025/08/05 12:10:17 SatelliteSystem update...
2025/08/05 12:10:17 satellite count: 700
2025/08/05 12:10:17 SatelliteSystem update time: 2.726332ms
2025/08/05 12:10:17 TopoSystem update...
2025/08/05 12:10:17 TopoSystem: Link count: 420000
2025/08/05 12:10:17 TopoSystem update time: 9.136808ms
2025/08/05 12:10:17 AttenuationSystem update...
2025/08/05 12:10:17 AttenuationSystem parallel flag: 1
2025/08/05 12:10:17 Attenuation computed count: 420000
2025/08/05 12:10:17 AttenuationSystem update time: 122.834485ms
2025/08/05 12:10:17 Run 7 complete
2025/08/05 12:10:17 StationSystem update...
2025/08/05 12:10:17 weather update count: 600
2025/08/05 12:10:17 StationSystem update time: 4.576µs
2025/08/05 12:10:17 SatelliteSystem update...
2025/08/05 12:10:17 satellite count: 700
2025/08/05 12:10:17 SatelliteSystem update time: 2.666708ms
2025/08/05 12:10:17 TopoSystem update...
2025/08/05 12:10:17 TopoSystem: Link count: 420000
2025/08/05 12:10:17 TopoSystem update time: 7.777661ms
2025/08/05 12:10:17 AttenuationSystem update...
2025/08/05 12:10:17 AttenuationSystem parallel flag: 1
2025/08/05 12:10:18 Attenuation computed count: 420000
2025/08/05 12:10:18 AttenuationSystem update time: 163.464137ms
2025/08/05 12:10:18 Run 8 complete
2025/08/05 12:10:18 StationSystem update...
2025/08/05 12:10:18 weather update count: 600
2025/08/05 12:10:18 StationSystem update time: 4.368µs
2025/08/05 12:10:18 SatelliteSystem update...
2025/08/05 12:10:18 satellite count: 700
2025/08/05 12:10:18 SatelliteSystem update time: 2.66378ms
2025/08/05 12:10:18 TopoSystem update...
2025/08/05 12:10:18 TopoSystem: Link count: 420000
2025/08/05 12:10:18 TopoSystem update time: 6.995106ms
2025/08/05 12:10:18 AttenuationSystem update...
2025/08/05 12:10:18 AttenuationSystem parallel flag: 1
2025/08/05 12:10:18 Attenuation computed count: 420000
2025/08/05 12:10:18 AttenuationSystem update time: 155.074275ms
2025/08/05 12:10:18 Run 9 complete
2025/08/05 12:10:18 StationSystem update...
2025/08/05 12:10:18 weather update count: 600
2025/08/05 12:10:18 StationSystem update time: 4.786µs
2025/08/05 12:10:18 SatelliteSystem update...
2025/08/05 12:10:18 satellite count: 700
2025/08/05 12:10:18 SatelliteSystem update time: 2.649453ms
2025/08/05 12:10:18 TopoSystem update...
2025/08/05 12:10:18 TopoSystem: Link count: 420000
2025/08/05 12:10:18 TopoSystem update time: 8.218824ms
2025/08/05 12:10:18 AttenuationSystem update...
2025/08/05 12:10:18 AttenuationSystem parallel flag: 1
2025/08/05 12:10:18 Attenuation computed count: 420000
2025/08/05 12:10:18 AttenuationSystem update time: 184.63967ms
2025/08/05 12:10:18 Run 10 complete
2025/08/05 12:10:18 Total update time:  1.581034694s
2025/08/05 12:10:18 linkCache size: 40

 Performance counter stats for './scale_ecs 600 700 10 8 2 1':

         9,988,675      cache-references                                                      
         2,448,175      cache-misses                     #   24.51% of all cache refs         

       1.586122385 seconds time elapsed

       9.843545000 seconds user
       0.050012000 seconds sys


