ECS running with 700 stations, 1900 satellites, 2 numWGs and 2 numBlocks for 10 rounds in 1 parallel pattern
2025/08/05 12:59:08 StationSystem update...
2025/08/05 12:59:08 SatelliteSystem update...
2025/08/05 12:59:08 weather update count: 700
2025/08/05 12:59:08 StationSystem update time: 10.136µs
2025/08/05 12:59:08 satellite count: 1900
2025/08/05 12:59:08 SatelliteSystem update time: 7.210002ms
2025/08/05 12:59:08 TopoSystem update...
2025/08/05 12:59:08 TopoSystem: Link count: 1330000
2025/08/05 12:59:08 TopoSystem update time: 40.871555ms
2025/08/05 12:59:08 AttenuationSystem update...
2025/08/05 12:59:08 AttenuationSystem parallel flag: 1
2025/08/05 12:59:10 Attenuation computed count: 1330000
2025/08/05 12:59:10 AttenuationSystem update time: 1.48754572s
2025/08/05 12:59:10 Run 1 complete
2025/08/05 12:59:10 StationSystem update...
2025/08/05 12:59:10 weather update count: 700
2025/08/05 12:59:10 StationSystem update time: 10.592µs
2025/08/05 12:59:10 SatelliteSystem update...
2025/08/05 12:59:10 satellite count: 1900
2025/08/05 12:59:10 SatelliteSystem update time: 5.785349ms
2025/08/05 12:59:10 TopoSystem update...
2025/08/05 12:59:10 TopoSystem: Link count: 1330000
2025/08/05 12:59:10 TopoSystem update time: 76.12627ms
2025/08/05 12:59:10 AttenuationSystem update...
2025/08/05 12:59:10 AttenuationSystem parallel flag: 1
2025/08/05 12:59:12 Attenuation computed count: 1330000
2025/08/05 12:59:12 AttenuationSystem update time: 1.555550245s
2025/08/05 12:59:12 Run 2 complete
2025/08/05 12:59:12 StationSystem update...
2025/08/05 12:59:12 weather update count: 700
2025/08/05 12:59:12 StationSystem update time: 4.596µs
2025/08/05 12:59:12 SatelliteSystem update...
2025/08/05 12:59:12 satellite count: 1900
2025/08/05 12:59:12 SatelliteSystem update time: 5.380589ms
2025/08/05 12:59:12 TopoSystem update...
2025/08/05 12:59:12 TopoSystem: Link count: 1330000
2025/08/05 12:59:12 TopoSystem update time: 55.351765ms
2025/08/05 12:59:12 AttenuationSystem update...
2025/08/05 12:59:12 AttenuationSystem parallel flag: 1
2025/08/05 12:59:13 Attenuation computed count: 1330000
2025/08/05 12:59:13 AttenuationSystem update time: 1.323064278s
2025/08/05 12:59:13 Run 3 complete
2025/08/05 12:59:13 StationSystem update...
2025/08/05 12:59:13 weather update count: 700
2025/08/05 12:59:13 StationSystem update time: 5.909µs
2025/08/05 12:59:13 SatelliteSystem update...
2025/08/05 12:59:13 satellite count: 1900
2025/08/05 12:59:13 SatelliteSystem update time: 5.36171ms
2025/08/05 12:59:13 TopoSystem update...
2025/08/05 12:59:13 TopoSystem: Link count: 1330000
2025/08/05 12:59:13 TopoSystem update time: 22.069851ms
2025/08/05 12:59:13 AttenuationSystem update...
2025/08/05 12:59:13 AttenuationSystem parallel flag: 1
2025/08/05 12:59:14 Attenuation computed count: 1330000
2025/08/05 12:59:14 AttenuationSystem update time: 1.2392608s
2025/08/05 12:59:14 Run 4 complete
2025/08/05 12:59:14 StationSystem update...
2025/08/05 12:59:14 weather update count: 700
2025/08/05 12:59:14 StationSystem update time: 11.456µs
2025/08/05 12:59:14 SatelliteSystem update...
2025/08/05 12:59:14 satellite count: 1900
2025/08/05 12:59:14 SatelliteSystem update time: 5.822685ms
2025/08/05 12:59:14 TopoSystem update...
2025/08/05 12:59:14 TopoSystem: Link count: 1330000
2025/08/05 12:59:14 TopoSystem update time: 32.019073ms
2025/08/05 12:59:14 AttenuationSystem update...
2025/08/05 12:59:14 AttenuationSystem parallel flag: 1
2025/08/05 12:59:16 Attenuation computed count: 1330000
2025/08/05 12:59:16 AttenuationSystem update time: 1.549916836s
2025/08/05 12:59:16 Run 5 complete
2025/08/05 12:59:16 StationSystem update...
2025/08/05 12:59:16 weather update count: 700
2025/08/05 12:59:16 StationSystem update time: 5.909µs
2025/08/05 12:59:16 SatelliteSystem update...
2025/08/05 12:59:16 satellite count: 1900
2025/08/05 12:59:16 SatelliteSystem update time: 13.69689ms
2025/08/05 12:59:16 TopoSystem update...
2025/08/05 12:59:16 TopoSystem: Link count: 1330000
2025/08/05 12:59:16 TopoSystem update time: 64.650481ms
2025/08/05 12:59:16 AttenuationSystem update...
2025/08/05 12:59:16 AttenuationSystem parallel flag: 1
2025/08/05 12:59:17 Attenuation computed count: 1330000
2025/08/05 12:59:17 AttenuationSystem update time: 1.448441892s
2025/08/05 12:59:17 Run 6 complete
2025/08/05 12:59:17 StationSystem update...
2025/08/05 12:59:17 weather update count: 700
2025/08/05 12:59:17 StationSystem update time: 4.25µs
2025/08/05 12:59:17 SatelliteSystem update...
2025/08/05 12:59:17 satellite count: 1900
2025/08/05 12:59:17 SatelliteSystem update time: 6.227933ms
2025/08/05 12:59:17 TopoSystem update...
2025/08/05 12:59:17 TopoSystem: Link count: 1330000
2025/08/05 12:59:17 TopoSystem update time: 19.265294ms
2025/08/05 12:59:17 AttenuationSystem update...
2025/08/05 12:59:17 AttenuationSystem parallel flag: 1
2025/08/05 12:59:19 Attenuation computed count: 1330000
2025/08/05 12:59:19 AttenuationSystem update time: 1.315603841s
2025/08/05 12:59:19 Run 7 complete
2025/08/05 12:59:19 StationSystem update...
2025/08/05 12:59:19 weather update count: 700
2025/08/05 12:59:19 StationSystem update time: 5.011µs
2025/08/05 12:59:19 SatelliteSystem update...
2025/08/05 12:59:19 satellite count: 1900
2025/08/05 12:59:19 SatelliteSystem update time: 5.333926ms
2025/08/05 12:59:19 TopoSystem update...
2025/08/05 12:59:19 TopoSystem: Link count: 1330000
2025/08/05 12:59:19 TopoSystem update time: 46.645894ms
2025/08/05 12:59:19 AttenuationSystem update...
2025/08/05 12:59:19 AttenuationSystem parallel flag: 1
2025/08/05 12:59:20 Attenuation computed count: 1330000
2025/08/05 12:59:20 AttenuationSystem update time: 1.533083549s
2025/08/05 12:59:20 Run 8 complete
2025/08/05 12:59:20 StationSystem update...
2025/08/05 12:59:20 weather update count: 700
2025/08/05 12:59:20 StationSystem update time: 14.24µs
2025/08/05 12:59:20 SatelliteSystem update...
2025/08/05 12:59:20 satellite count: 1900
2025/08/05 12:59:20 SatelliteSystem update time: 6.619711ms
2025/08/05 12:59:20 TopoSystem update...
2025/08/05 12:59:20 TopoSystem: Link count: 1330000
2025/08/05 12:59:20 TopoSystem update time: 89.337891ms
2025/08/05 12:59:20 AttenuationSystem update...
2025/08/05 12:59:20 AttenuationSystem parallel flag: 1
2025/08/05 12:59:22 Attenuation computed count: 1330000
2025/08/05 12:59:22 AttenuationSystem update time: 1.5373063s
2025/08/05 12:59:22 Run 9 complete
2025/08/05 12:59:22 StationSystem update...
2025/08/05 12:59:22 weather update count: 700
2025/08/05 12:59:22 StationSystem update time: 3.217µs
2025/08/05 12:59:22 SatelliteSystem update...
2025/08/05 12:59:22 satellite count: 1900
2025/08/05 12:59:22 SatelliteSystem update time: 7.248917ms
2025/08/05 12:59:22 TopoSystem update...
2025/08/05 12:59:22 TopoSystem: Link count: 1330000
2025/08/05 12:59:22 TopoSystem update time: 52.486729ms
2025/08/05 12:59:22 AttenuationSystem update...
2025/08/05 12:59:22 AttenuationSystem parallel flag: 1
2025/08/05 12:59:24 Attenuation computed count: 1330000
2025/08/05 12:59:24 AttenuationSystem update time: 1.536915797s
2025/08/05 12:59:24 Run 10 complete
2025/08/05 12:59:24 Total update time:  15.106789142s
2025/08/05 12:59:24 linkCache size: 40

 Performance counter stats for './scale_ecs 700 1900 10 2 2 1':

        31,962,207      cache-references                                                      
         9,916,188      cache-misses                     #   31.02% of all cache refs         

      15.115792330 seconds time elapsed

      28.403363000 seconds user
       0.341461000 seconds sys


