ECS running with 500 stations, 1700 satellites, 2 numWGs and 2 numBlocks for 10 rounds in 0 parallel pattern
2025/08/05 12:00:00 StationSystem update...
2025/08/05 12:00:00 weather update count: 500
2025/08/05 12:00:00 SatelliteSystem update...
2025/08/05 12:00:00 StationSystem update time: 5.507µs
2025/08/05 12:00:00 satellite count: 1700
2025/08/05 12:00:00 SatelliteSystem update time: 6.49977ms
2025/08/05 12:00:00 TopoSystem update...
2025/08/05 12:00:00 TopoSystem: Link count: 850000
2025/08/05 12:00:00 TopoSystem update time: 26.514571ms
2025/08/05 12:00:00 AttenuationSystem update...
2025/08/05 12:00:00 AttenuationSystem parallel flag: 0
2025/08/05 12:00:01 Attenuation computed count: 850000
2025/08/05 12:00:01 AttenuationSystem update time: 850.396048ms
2025/08/05 12:00:01 Run 1 complete
2025/08/05 12:00:01 StationSystem update...
2025/08/05 12:00:01 weather update count: 500
2025/08/05 12:00:01 StationSystem update time: 2.357µs
2025/08/05 12:00:01 SatelliteSystem update...
2025/08/05 12:00:01 satellite count: 1700
2025/08/05 12:00:01 SatelliteSystem update time: 4.86446ms
2025/08/05 12:00:01 TopoSystem update...
2025/08/05 12:00:01 TopoSystem: Link count: 850000
2025/08/05 12:00:01 TopoSystem update time: 16.110596ms
2025/08/05 12:00:01 AttenuationSystem update...
2025/08/05 12:00:01 AttenuationSystem parallel flag: 0
2025/08/05 12:00:02 Attenuation computed count: 850000
2025/08/05 12:00:02 AttenuationSystem update time: 992.763983ms
2025/08/05 12:00:02 Run 2 complete
2025/08/05 12:00:02 StationSystem update...
2025/08/05 12:00:02 weather update count: 500
2025/08/05 12:00:02 StationSystem update time: 4.948µs
2025/08/05 12:00:02 SatelliteSystem update...
2025/08/05 12:00:02 satellite count: 1700
2025/08/05 12:00:02 SatelliteSystem update time: 6.947372ms
2025/08/05 12:00:02 TopoSystem update...
2025/08/05 12:00:02 TopoSystem: Link count: 850000
2025/08/05 12:00:02 TopoSystem update time: 23.511084ms
2025/08/05 12:00:02 AttenuationSystem update...
2025/08/05 12:00:02 AttenuationSystem parallel flag: 0
2025/08/05 12:00:03 Attenuation computed count: 850000
2025/08/05 12:00:03 AttenuationSystem update time: 1.00104204s
2025/08/05 12:00:03 Run 3 complete
2025/08/05 12:00:03 StationSystem update...
2025/08/05 12:00:03 weather update count: 500
2025/08/05 12:00:03 StationSystem update time: 3.443µs
2025/08/05 12:00:03 SatelliteSystem update...
2025/08/05 12:00:03 satellite count: 1700
2025/08/05 12:00:03 SatelliteSystem update time: 13.838108ms
2025/08/05 12:00:03 TopoSystem update...
2025/08/05 12:00:03 TopoSystem: Link count: 850000
2025/08/05 12:00:03 TopoSystem update time: 15.997194ms
2025/08/05 12:00:03 AttenuationSystem update...
2025/08/05 12:00:03 AttenuationSystem parallel flag: 0
2025/08/05 12:00:04 Attenuation computed count: 850000
2025/08/05 12:00:04 AttenuationSystem update time: 1.003575943s
2025/08/05 12:00:04 Run 4 complete
2025/08/05 12:00:04 StationSystem update...
2025/08/05 12:00:04 weather update count: 500
2025/08/05 12:00:04 StationSystem update time: 5.596µs
2025/08/05 12:00:04 SatelliteSystem update...
2025/08/05 12:00:04 satellite count: 1700
2025/08/05 12:00:04 SatelliteSystem update time: 16.05743ms
2025/08/05 12:00:04 TopoSystem update...
2025/08/05 12:00:04 TopoSystem: Link count: 850000
2025/08/05 12:00:04 TopoSystem update time: 31.534133ms
2025/08/05 12:00:04 AttenuationSystem update...
2025/08/05 12:00:04 AttenuationSystem parallel flag: 0
2025/08/05 12:00:05 Attenuation computed count: 850000
2025/08/05 12:00:05 AttenuationSystem update time: 1.005640065s
2025/08/05 12:00:05 Run 5 complete
2025/08/05 12:00:05 StationSystem update...
2025/08/05 12:00:05 weather update count: 500
2025/08/05 12:00:05 StationSystem update time: 10.937µs
2025/08/05 12:00:05 SatelliteSystem update...
2025/08/05 12:00:05 satellite count: 1700
2025/08/05 12:00:05 SatelliteSystem update time: 7.99837ms
2025/08/05 12:00:05 TopoSystem update...
2025/08/05 12:00:05 TopoSystem: Link count: 850000
2025/08/05 12:00:05 TopoSystem update time: 52.597116ms
2025/08/05 12:00:05 AttenuationSystem update...
2025/08/05 12:00:05 AttenuationSystem parallel flag: 0
2025/08/05 12:00:06 Attenuation computed count: 850000
2025/08/05 12:00:06 AttenuationSystem update time: 1.003389873s
2025/08/05 12:00:06 Run 6 complete
2025/08/05 12:00:06 StationSystem update...
2025/08/05 12:00:06 weather update count: 500
2025/08/05 12:00:06 StationSystem update time: 2.879µs
2025/08/05 12:00:06 SatelliteSystem update...
2025/08/05 12:00:06 satellite count: 1700
2025/08/05 12:00:06 SatelliteSystem update time: 6.424064ms
2025/08/05 12:00:06 TopoSystem update...
2025/08/05 12:00:06 TopoSystem: Link count: 850000
2025/08/05 12:00:06 TopoSystem update time: 48.891954ms
2025/08/05 12:00:06 AttenuationSystem update...
2025/08/05 12:00:06 AttenuationSystem parallel flag: 0
2025/08/05 12:00:07 Attenuation computed count: 850000
2025/08/05 12:00:07 AttenuationSystem update time: 993.772498ms
2025/08/05 12:00:07 Run 7 complete
2025/08/05 12:00:07 StationSystem update...
2025/08/05 12:00:07 weather update count: 500
2025/08/05 12:00:07 StationSystem update time: 3.844µs
2025/08/05 12:00:07 SatelliteSystem update...
2025/08/05 12:00:07 satellite count: 1700
2025/08/05 12:00:07 SatelliteSystem update time: 16.139161ms
2025/08/05 12:00:07 TopoSystem update...
2025/08/05 12:00:07 TopoSystem: Link count: 850000
2025/08/05 12:00:07 TopoSystem update time: 31.458049ms
2025/08/05 12:00:07 AttenuationSystem update...
2025/08/05 12:00:07 AttenuationSystem parallel flag: 0
2025/08/05 12:00:08 Attenuation computed count: 850000
2025/08/05 12:00:08 AttenuationSystem update time: 1.01567571s
2025/08/05 12:00:08 Run 8 complete
2025/08/05 12:00:08 StationSystem update...
2025/08/05 12:00:08 weather update count: 500
2025/08/05 12:00:08 StationSystem update time: 9.677µs
2025/08/05 12:00:08 SatelliteSystem update...
2025/08/05 12:00:08 satellite count: 1700
2025/08/05 12:00:08 SatelliteSystem update time: 7.001769ms
2025/08/05 12:00:08 TopoSystem update...
2025/08/05 12:00:08 TopoSystem: Link count: 850000
2025/08/05 12:00:08 TopoSystem update time: 74.948283ms
2025/08/05 12:00:08 AttenuationSystem update...
2025/08/05 12:00:08 AttenuationSystem parallel flag: 0
2025/08/05 12:00:09 Attenuation computed count: 850000
2025/08/05 12:00:09 AttenuationSystem update time: 1.008458162s
2025/08/05 12:00:09 Run 9 complete
2025/08/05 12:00:09 StationSystem update...
2025/08/05 12:00:09 weather update count: 500
2025/08/05 12:00:09 StationSystem update time: 4.508µs
2025/08/05 12:00:09 SatelliteSystem update...
2025/08/05 12:00:09 satellite count: 1700
2025/08/05 12:00:09 SatelliteSystem update time: 6.474876ms
2025/08/05 12:00:09 TopoSystem update...
2025/08/05 12:00:09 TopoSystem: Link count: 850000
2025/08/05 12:00:09 TopoSystem update time: 24.413692ms
2025/08/05 12:00:09 AttenuationSystem update...
2025/08/05 12:00:09 AttenuationSystem parallel flag: 0
2025/08/05 12:00:10 Attenuation computed count: 850000
2025/08/05 12:00:10 AttenuationSystem update time: 969.790636ms
2025/08/05 12:00:10 Run 10 complete
2025/08/05 12:00:10 Total update time:  10.293597141s
2025/08/05 12:00:10 linkCache size: 40

 Performance counter stats for './scale_ecs 500 1700 10 2 2 0':

        21,539,064      cache-references                                                      
         6,100,042      cache-misses                     #   28.32% of all cache refs         

      10.301018887 seconds time elapsed

      18.397191000 seconds user
       0.215224000 seconds sys


