ECS running with 900 stations, 1900 satellites, 8 numWGs and 2 numBlocks for 10 rounds in 1 parallel pattern
2025/08/05 14:15:45 StationSystem update...
2025/08/05 14:15:45 weather update count: 900
2025/08/05 14:15:45 SatelliteSystem update...
2025/08/05 14:15:45 StationSystem update time: 6.254µs
2025/08/05 14:15:45 satellite count: 1900
2025/08/05 14:15:45 SatelliteSystem update time: 7.22459ms
2025/08/05 14:15:45 TopoSystem update...
2025/08/05 14:15:45 TopoSystem: Link count: 1710000
2025/08/05 14:15:45 TopoSystem update time: 52.050718ms
2025/08/05 14:15:45 AttenuationSystem update...
2025/08/05 14:15:45 AttenuationSystem parallel flag: 1
2025/08/05 14:15:45 Attenuation computed count: 1710000
2025/08/05 14:15:45 AttenuationSystem update time: 520.970163ms
2025/08/05 14:15:45 Run 1 complete
2025/08/05 14:15:45 StationSystem update...
2025/08/05 14:15:45 weather update count: 900
2025/08/05 14:15:45 StationSystem update time: 5.837µs
2025/08/05 14:15:45 SatelliteSystem update...
2025/08/05 14:15:45 satellite count: 1900
2025/08/05 14:15:45 SatelliteSystem update time: 7.261533ms
2025/08/05 14:15:45 TopoSystem update...
2025/08/05 14:15:45 TopoSystem: Link count: 1710000
2025/08/05 14:15:45 TopoSystem update time: 47.669661ms
2025/08/05 14:15:45 AttenuationSystem update...
2025/08/05 14:15:45 AttenuationSystem parallel flag: 1
2025/08/05 14:15:46 Attenuation computed count: 1710000
2025/08/05 14:15:46 AttenuationSystem update time: 573.245186ms
2025/08/05 14:15:46 Run 2 complete
2025/08/05 14:15:46 StationSystem update...
2025/08/05 14:15:46 weather update count: 900
2025/08/05 14:15:46 StationSystem update time: 7.368µs
2025/08/05 14:15:46 SatelliteSystem update...
2025/08/05 14:15:46 satellite count: 1900
2025/08/05 14:15:46 SatelliteSystem update time: 10.753773ms
2025/08/05 14:15:46 TopoSystem update...
2025/08/05 14:15:46 TopoSystem: Link count: 1710000
2025/08/05 14:15:46 TopoSystem update time: 79.23375ms
2025/08/05 14:15:46 AttenuationSystem update...
2025/08/05 14:15:46 AttenuationSystem parallel flag: 1
2025/08/05 14:15:47 Attenuation computed count: 1710000
2025/08/05 14:15:47 AttenuationSystem update time: 546.139287ms
2025/08/05 14:15:47 Run 3 complete
2025/08/05 14:15:47 StationSystem update...
2025/08/05 14:15:47 weather update count: 900
2025/08/05 14:15:47 StationSystem update time: 8.87µs
2025/08/05 14:15:47 SatelliteSystem update...
2025/08/05 14:15:47 satellite count: 1900
2025/08/05 14:15:47 SatelliteSystem update time: 7.195694ms
2025/08/05 14:15:47 TopoSystem update...
2025/08/05 14:15:47 TopoSystem: Link count: 1710000
2025/08/05 14:15:47 TopoSystem update time: 42.871202ms
2025/08/05 14:15:47 AttenuationSystem update...
2025/08/05 14:15:47 AttenuationSystem parallel flag: 1
2025/08/05 14:15:47 Attenuation computed count: 1710000
2025/08/05 14:15:47 AttenuationSystem update time: 488.939901ms
2025/08/05 14:15:47 Run 4 complete
2025/08/05 14:15:47 StationSystem update...
2025/08/05 14:15:47 weather update count: 900
2025/08/05 14:15:47 StationSystem update time: 6.73µs
2025/08/05 14:15:47 SatelliteSystem update...
2025/08/05 14:15:47 satellite count: 1900
2025/08/05 14:15:47 SatelliteSystem update time: 7.232181ms
2025/08/05 14:15:47 TopoSystem update...
2025/08/05 14:15:47 TopoSystem: Link count: 1710000
2025/08/05 14:15:47 TopoSystem update time: 29.016699ms
2025/08/05 14:15:47 AttenuationSystem update...
2025/08/05 14:15:47 AttenuationSystem parallel flag: 1
2025/08/05 14:15:48 Attenuation computed count: 1710000
2025/08/05 14:15:48 AttenuationSystem update time: 522.490442ms
2025/08/05 14:15:48 Run 5 complete
2025/08/05 14:15:48 StationSystem update...
2025/08/05 14:15:48 weather update count: 900
2025/08/05 14:15:48 StationSystem update time: 5.918µs
2025/08/05 14:15:48 SatelliteSystem update...
2025/08/05 14:15:48 satellite count: 1900
2025/08/05 14:15:48 SatelliteSystem update time: 7.208056ms
2025/08/05 14:15:48 TopoSystem update...
2025/08/05 14:15:48 TopoSystem: Link count: 1710000
2025/08/05 14:15:48 TopoSystem update time: 29.604872ms
2025/08/05 14:15:48 AttenuationSystem update...
2025/08/05 14:15:48 AttenuationSystem parallel flag: 1
2025/08/05 14:15:48 Attenuation computed count: 1710000
2025/08/05 14:15:48 AttenuationSystem update time: 524.73624ms
2025/08/05 14:15:48 Run 6 complete
2025/08/05 14:15:48 StationSystem update...
2025/08/05 14:15:48 weather update count: 900
2025/08/05 14:15:48 StationSystem update time: 26.146µs
2025/08/05 14:15:48 SatelliteSystem update...
2025/08/05 14:15:48 satellite count: 1900
2025/08/05 14:15:48 SatelliteSystem update time: 7.842884ms
2025/08/05 14:15:48 TopoSystem update...
2025/08/05 14:15:48 TopoSystem: Link count: 1710000
2025/08/05 14:15:48 TopoSystem update time: 69.547789ms
2025/08/05 14:15:48 AttenuationSystem update...
2025/08/05 14:15:48 AttenuationSystem parallel flag: 1
2025/08/05 14:15:49 Attenuation computed count: 1710000
2025/08/05 14:15:49 AttenuationSystem update time: 527.475955ms
2025/08/05 14:15:49 Run 7 complete
2025/08/05 14:15:49 StationSystem update...
2025/08/05 14:15:49 weather update count: 900
2025/08/05 14:15:49 StationSystem update time: 6.401µs
2025/08/05 14:15:49 SatelliteSystem update...
2025/08/05 14:15:49 satellite count: 1900
2025/08/05 14:15:49 SatelliteSystem update time: 7.186186ms
2025/08/05 14:15:49 TopoSystem update...
2025/08/05 14:15:49 TopoSystem: Link count: 1710000
2025/08/05 14:15:49 TopoSystem update time: 41.110577ms
2025/08/05 14:15:49 AttenuationSystem update...
2025/08/05 14:15:49 AttenuationSystem parallel flag: 1
2025/08/05 14:15:49 Attenuation computed count: 1710000
2025/08/05 14:15:49 AttenuationSystem update time: 552.391136ms
2025/08/05 14:15:49 Run 8 complete
2025/08/05 14:15:49 StationSystem update...
2025/08/05 14:15:49 weather update count: 900
2025/08/05 14:15:49 StationSystem update time: 7.061µs
2025/08/05 14:15:49 SatelliteSystem update...
2025/08/05 14:15:49 satellite count: 1900
2025/08/05 14:15:49 SatelliteSystem update time: 7.216686ms
2025/08/05 14:15:49 TopoSystem update...
2025/08/05 14:15:49 TopoSystem: Link count: 1710000
2025/08/05 14:15:49 TopoSystem update time: 26.839131ms
2025/08/05 14:15:49 AttenuationSystem update...
2025/08/05 14:15:49 AttenuationSystem parallel flag: 1
2025/08/05 14:15:50 Attenuation computed count: 1710000
2025/08/05 14:15:50 AttenuationSystem update time: 528.543629ms
2025/08/05 14:15:50 Run 9 complete
2025/08/05 14:15:50 StationSystem update...
2025/08/05 14:15:50 weather update count: 900
2025/08/05 14:15:50 StationSystem update time: 6.649µs
2025/08/05 14:15:50 SatelliteSystem update...
2025/08/05 14:15:50 satellite count: 1900
2025/08/05 14:15:50 SatelliteSystem update time: 7.212879ms
2025/08/05 14:15:50 TopoSystem update...
2025/08/05 14:15:50 TopoSystem: Link count: 1710000
2025/08/05 14:15:50 TopoSystem update time: 29.034704ms
2025/08/05 14:15:50 AttenuationSystem update...
2025/08/05 14:15:50 AttenuationSystem parallel flag: 1
2025/08/05 14:15:51 Attenuation computed count: 1710000
2025/08/05 14:15:51 AttenuationSystem update time: 535.886684ms
2025/08/05 14:15:51 Run 10 complete
2025/08/05 14:15:51 Total update time:  5.857824805s
2025/08/05 14:15:51 linkCache size: 40

 Performance counter stats for './scale_ecs 900 1900 10 8 2 1':

        38,261,296      cache-references                                                      
        10,712,760      cache-misses                     #   28.00% of all cache refs         

       5.870941389 seconds time elapsed

      39.603385000 seconds user
       0.255157000 seconds sys


