ECS running with 800 stations, 1800 satellites, 8 numWGs and 2 numBlocks for 10 rounds in 0 parallel pattern
2025/08/05 13:33:19 StationSystem update...
2025/08/05 13:33:19 weather update count: 800
2025/08/05 13:33:19 StationSystem update time: 4.744µs
2025/08/05 13:33:19 SatelliteSystem update...
2025/08/05 13:33:19 satellite count: 1800
2025/08/05 13:33:19 SatelliteSystem update time: 6.804887ms
2025/08/05 13:33:19 TopoSystem update...
2025/08/05 13:33:19 TopoSystem: Link count: 1440000
2025/08/05 13:33:19 TopoSystem update time: 51.858071ms
2025/08/05 13:33:19 AttenuationSystem update...
2025/08/05 13:33:19 AttenuationSystem parallel flag: 0
2025/08/05 13:33:20 Attenuation computed count: 1440000
2025/08/05 13:33:20 AttenuationSystem update time: 1.67173753s
2025/08/05 13:33:20 Run 1 complete
2025/08/05 13:33:20 StationSystem update...
2025/08/05 13:33:20 weather update count: 800
2025/08/05 13:33:20 StationSystem update time: 24.476µs
2025/08/05 13:33:20 SatelliteSystem update...
2025/08/05 13:33:20 satellite count: 1800
2025/08/05 13:33:20 SatelliteSystem update time: 20.228177ms
2025/08/05 13:33:20 TopoSystem update...
2025/08/05 13:33:20 TopoSystem: Link count: 1440000
2025/08/05 13:33:20 TopoSystem update time: 42.666829ms
2025/08/05 13:33:20 AttenuationSystem update...
2025/08/05 13:33:20 AttenuationSystem parallel flag: 0
2025/08/05 13:33:22 Attenuation computed count: 1440000
2025/08/05 13:33:22 AttenuationSystem update time: 1.662913693s
2025/08/05 13:33:22 Run 2 complete
2025/08/05 13:33:22 StationSystem update...
2025/08/05 13:33:22 weather update count: 800
2025/08/05 13:33:22 StationSystem update time: 7.001µs
2025/08/05 13:33:22 SatelliteSystem update...
2025/08/05 13:33:22 satellite count: 1800
2025/08/05 13:33:22 SatelliteSystem update time: 6.810636ms
2025/08/05 13:33:22 TopoSystem update...
2025/08/05 13:33:22 TopoSystem: Link count: 1440000
2025/08/05 13:33:22 TopoSystem update time: 55.053384ms
2025/08/05 13:33:22 AttenuationSystem update...
2025/08/05 13:33:22 AttenuationSystem parallel flag: 0
2025/08/05 13:33:24 Attenuation computed count: 1440000
2025/08/05 13:33:24 AttenuationSystem update time: 1.68016518s
2025/08/05 13:33:24 Run 3 complete
2025/08/05 13:33:24 StationSystem update...
2025/08/05 13:33:24 weather update count: 800
2025/08/05 13:33:24 StationSystem update time: 8.526µs
2025/08/05 13:33:24 SatelliteSystem update...
2025/08/05 13:33:24 satellite count: 1800
2025/08/05 13:33:24 SatelliteSystem update time: 18.288557ms
2025/08/05 13:33:24 TopoSystem update...
2025/08/05 13:33:24 TopoSystem: Link count: 1440000
2025/08/05 13:33:24 TopoSystem update time: 70.116959ms
2025/08/05 13:33:24 AttenuationSystem update...
2025/08/05 13:33:24 AttenuationSystem parallel flag: 0
2025/08/05 13:33:25 Attenuation computed count: 1440000
2025/08/05 13:33:25 AttenuationSystem update time: 1.494447693s
2025/08/05 13:33:25 Run 4 complete
2025/08/05 13:33:25 StationSystem update...
2025/08/05 13:33:25 weather update count: 800
2025/08/05 13:33:25 StationSystem update time: 5.069µs
2025/08/05 13:33:25 SatelliteSystem update...
2025/08/05 13:33:25 satellite count: 1800
2025/08/05 13:33:25 SatelliteSystem update time: 6.815878ms
2025/08/05 13:33:25 TopoSystem update...
2025/08/05 13:33:25 TopoSystem: Link count: 1440000
2025/08/05 13:33:25 TopoSystem update time: 56.526881ms
2025/08/05 13:33:25 AttenuationSystem update...
2025/08/05 13:33:25 AttenuationSystem parallel flag: 0
2025/08/05 13:33:27 Attenuation computed count: 1440000
2025/08/05 13:33:27 AttenuationSystem update time: 1.696960682s
2025/08/05 13:33:27 Run 5 complete
2025/08/05 13:33:27 StationSystem update...
2025/08/05 13:33:27 weather update count: 800
2025/08/05 13:33:27 StationSystem update time: 4.037µs
2025/08/05 13:33:27 SatelliteSystem update...
2025/08/05 13:33:27 satellite count: 1800
2025/08/05 13:33:27 SatelliteSystem update time: 6.86399ms
2025/08/05 13:33:27 TopoSystem update...
2025/08/05 13:33:27 TopoSystem: Link count: 1440000
2025/08/05 13:33:27 TopoSystem update time: 34.64946ms
2025/08/05 13:33:27 AttenuationSystem update...
2025/08/05 13:33:27 AttenuationSystem parallel flag: 0
2025/08/05 13:33:29 Attenuation computed count: 1440000
2025/08/05 13:33:29 AttenuationSystem update time: 1.677087399s
2025/08/05 13:33:29 Run 6 complete
2025/08/05 13:33:29 StationSystem update...
2025/08/05 13:33:29 weather update count: 800
2025/08/05 13:33:29 StationSystem update time: 5.069µs
2025/08/05 13:33:29 SatelliteSystem update...
2025/08/05 13:33:29 satellite count: 1800
2025/08/05 13:33:29 SatelliteSystem update time: 6.813375ms
2025/08/05 13:33:29 TopoSystem update...
2025/08/05 13:33:29 TopoSystem: Link count: 1440000
2025/08/05 13:33:29 TopoSystem update time: 24.173649ms
2025/08/05 13:33:29 AttenuationSystem update...
2025/08/05 13:33:29 AttenuationSystem parallel flag: 0
2025/08/05 13:33:30 Attenuation computed count: 1440000
2025/08/05 13:33:30 AttenuationSystem update time: 1.551053873s
2025/08/05 13:33:30 Run 7 complete
2025/08/05 13:33:30 StationSystem update...
2025/08/05 13:33:30 weather update count: 800
2025/08/05 13:33:30 StationSystem update time: 13.617µs
2025/08/05 13:33:30 SatelliteSystem update...
2025/08/05 13:33:30 satellite count: 1800
2025/08/05 13:33:30 SatelliteSystem update time: 7.483616ms
2025/08/05 13:33:30 TopoSystem update...
2025/08/05 13:33:31 TopoSystem: Link count: 1440000
2025/08/05 13:33:31 TopoSystem update time: 59.24046ms
2025/08/05 13:33:31 AttenuationSystem update...
2025/08/05 13:33:31 AttenuationSystem parallel flag: 0
2025/08/05 13:33:32 Attenuation computed count: 1440000
2025/08/05 13:33:32 AttenuationSystem update time: 1.437232944s
2025/08/05 13:33:32 Run 8 complete
2025/08/05 13:33:32 StationSystem update...
2025/08/05 13:33:32 weather update count: 800
2025/08/05 13:33:32 StationSystem update time: 5.522µs
2025/08/05 13:33:32 SatelliteSystem update...
2025/08/05 13:33:32 satellite count: 1800
2025/08/05 13:33:32 SatelliteSystem update time: 17.219003ms
2025/08/05 13:33:32 TopoSystem update...
2025/08/05 13:33:32 TopoSystem: Link count: 1440000
2025/08/05 13:33:32 TopoSystem update time: 70.863207ms
2025/08/05 13:33:32 AttenuationSystem update...
2025/08/05 13:33:32 AttenuationSystem parallel flag: 0
2025/08/05 13:33:34 Attenuation computed count: 1440000
2025/08/05 13:33:34 AttenuationSystem update time: 1.686756092s
2025/08/05 13:33:34 Run 9 complete
2025/08/05 13:33:34 StationSystem update...
2025/08/05 13:33:34 weather update count: 800
2025/08/05 13:33:34 StationSystem update time: 5.882µs
2025/08/05 13:33:34 SatelliteSystem update...
2025/08/05 13:33:34 satellite count: 1800
2025/08/05 13:33:34 SatelliteSystem update time: 6.807759ms
2025/08/05 13:33:34 TopoSystem update...
2025/08/05 13:33:34 TopoSystem: Link count: 1440000
2025/08/05 13:33:34 TopoSystem update time: 23.914847ms
2025/08/05 13:33:34 AttenuationSystem update...
2025/08/05 13:33:34 AttenuationSystem parallel flag: 0
2025/08/05 13:33:35 Attenuation computed count: 1440000
2025/08/05 13:33:35 AttenuationSystem update time: 1.43007344s
2025/08/05 13:33:35 Run 10 complete
2025/08/05 13:33:35 Total update time:  16.594552184s
2025/08/05 13:33:35 linkCache size: 40

 Performance counter stats for './scale_ecs 800 1800 10 8 2 0':

        33,714,317      cache-references                                                      
        10,023,730      cache-misses                     #   29.73% of all cache refs         

      16.610853616 seconds time elapsed

      31.520103000 seconds user
       0.314170000 seconds sys


