ECS running with 600 stations, 900 satellites, 8 numWGs and 8 numBlocks for 10 rounds in 1 parallel pattern
2025/08/05 12:12:49 StationSystem update...
2025/08/05 12:12:49 weather update count: 600
2025/08/05 12:12:49 StationSystem update time: 5.271µs
2025/08/05 12:12:49 SatelliteSystem update...
2025/08/05 12:12:49 satellite count: 900
2025/08/05 12:12:49 SatelliteSystem update time: 3.412573ms
2025/08/05 12:12:49 TopoSystem update...
2025/08/05 12:12:49 TopoSystem: Link count: 540000
2025/08/05 12:12:49 TopoSystem update time: 19.000753ms
2025/08/05 12:12:49 AttenuationSystem update...
2025/08/05 12:12:49 AttenuationSystem parallel flag: 1
2025/08/05 12:12:50 Attenuation computed count: 540000
2025/08/05 12:12:50 AttenuationSystem update time: 158.115592ms
2025/08/05 12:12:50 Run 1 complete
2025/08/05 12:12:50 StationSystem update...
2025/08/05 12:12:50 weather update count: 600
2025/08/05 12:12:50 StationSystem update time: 5.158µs
2025/08/05 12:12:50 SatelliteSystem update...
2025/08/05 12:12:50 satellite count: 900
2025/08/05 12:12:50 SatelliteSystem update time: 3.432032ms
2025/08/05 12:12:50 TopoSystem update...
2025/08/05 12:12:50 TopoSystem: Link count: 540000
2025/08/05 12:12:50 TopoSystem update time: 12.105657ms
2025/08/05 12:12:50 AttenuationSystem update...
2025/08/05 12:12:50 AttenuationSystem parallel flag: 1
2025/08/05 12:12:50 Attenuation computed count: 540000
2025/08/05 12:12:50 AttenuationSystem update time: 186.634887ms
2025/08/05 12:12:50 Run 2 complete
2025/08/05 12:12:50 StationSystem update...
2025/08/05 12:12:50 weather update count: 600
2025/08/05 12:12:50 StationSystem update time: 4.69µs
2025/08/05 12:12:50 SatelliteSystem update...
2025/08/05 12:12:50 satellite count: 900
2025/08/05 12:12:50 SatelliteSystem update time: 3.425772ms
2025/08/05 12:12:50 TopoSystem update...
2025/08/05 12:12:50 TopoSystem: Link count: 540000
2025/08/05 12:12:50 TopoSystem update time: 10.107293ms
2025/08/05 12:12:50 AttenuationSystem update...
2025/08/05 12:12:50 AttenuationSystem parallel flag: 1
2025/08/05 12:12:50 Attenuation computed count: 540000
2025/08/05 12:12:50 AttenuationSystem update time: 184.04959ms
2025/08/05 12:12:50 Run 3 complete
2025/08/05 12:12:50 StationSystem update...
2025/08/05 12:12:50 weather update count: 600
2025/08/05 12:12:50 StationSystem update time: 4.03µs
2025/08/05 12:12:50 SatelliteSystem update...
2025/08/05 12:12:50 satellite count: 900
2025/08/05 12:12:50 SatelliteSystem update time: 3.431158ms
2025/08/05 12:12:50 TopoSystem update...
2025/08/05 12:12:50 TopoSystem: Link count: 540000
2025/08/05 12:12:50 TopoSystem update time: 9.322511ms
2025/08/05 12:12:50 AttenuationSystem update...
2025/08/05 12:12:50 AttenuationSystem parallel flag: 1
2025/08/05 12:12:50 Attenuation computed count: 540000
2025/08/05 12:12:50 AttenuationSystem update time: 195.255491ms
2025/08/05 12:12:50 Run 4 complete
2025/08/05 12:12:50 StationSystem update...
2025/08/05 12:12:50 weather update count: 600
2025/08/05 12:12:50 StationSystem update time: 3.778µs
2025/08/05 12:12:50 SatelliteSystem update...
2025/08/05 12:12:50 satellite count: 900
2025/08/05 12:12:50 SatelliteSystem update time: 3.449867ms
2025/08/05 12:12:50 TopoSystem update...
2025/08/05 12:12:50 TopoSystem: Link count: 540000
2025/08/05 12:12:50 TopoSystem update time: 9.058126ms
2025/08/05 12:12:50 AttenuationSystem update...
2025/08/05 12:12:50 AttenuationSystem parallel flag: 1
2025/08/05 12:12:50 Attenuation computed count: 540000
2025/08/05 12:12:50 AttenuationSystem update time: 209.604401ms
2025/08/05 12:12:50 Run 5 complete
2025/08/05 12:12:50 StationSystem update...
2025/08/05 12:12:50 weather update count: 600
2025/08/05 12:12:50 StationSystem update time: 2.812µs
2025/08/05 12:12:50 SatelliteSystem update...
2025/08/05 12:12:50 satellite count: 900
2025/08/05 12:12:50 SatelliteSystem update time: 3.492235ms
2025/08/05 12:12:50 TopoSystem update...
2025/08/05 12:12:50 TopoSystem: Link count: 540000
2025/08/05 12:12:50 TopoSystem update time: 8.923807ms
2025/08/05 12:12:50 AttenuationSystem update...
2025/08/05 12:12:50 AttenuationSystem parallel flag: 1
2025/08/05 12:12:51 Attenuation computed count: 540000
2025/08/05 12:12:51 AttenuationSystem update time: 209.836366ms
2025/08/05 12:12:51 Run 6 complete
2025/08/05 12:12:51 StationSystem update...
2025/08/05 12:12:51 weather update count: 600
2025/08/05 12:12:51 StationSystem update time: 4.657µs
2025/08/05 12:12:51 SatelliteSystem update...
2025/08/05 12:12:51 satellite count: 900
2025/08/05 12:12:51 SatelliteSystem update time: 3.41826ms
2025/08/05 12:12:51 TopoSystem update...
2025/08/05 12:12:51 TopoSystem: Link count: 540000
2025/08/05 12:12:51 TopoSystem update time: 10.785273ms
2025/08/05 12:12:51 AttenuationSystem update...
2025/08/05 12:12:51 AttenuationSystem parallel flag: 1
2025/08/05 12:12:51 Attenuation computed count: 540000
2025/08/05 12:12:51 AttenuationSystem update time: 204.880375ms
2025/08/05 12:12:51 Run 7 complete
2025/08/05 12:12:51 StationSystem update...
2025/08/05 12:12:51 weather update count: 600
2025/08/05 12:12:51 StationSystem update time: 3.828µs
2025/08/05 12:12:51 SatelliteSystem update...
2025/08/05 12:12:51 satellite count: 900
2025/08/05 12:12:51 SatelliteSystem update time: 3.410003ms
2025/08/05 12:12:51 TopoSystem update...
2025/08/05 12:12:51 TopoSystem: Link count: 540000
2025/08/05 12:12:51 TopoSystem update time: 8.517701ms
2025/08/05 12:12:51 AttenuationSystem update...
2025/08/05 12:12:51 AttenuationSystem parallel flag: 1
2025/08/05 12:12:51 Attenuation computed count: 540000
2025/08/05 12:12:51 AttenuationSystem update time: 203.26517ms
2025/08/05 12:12:51 Run 8 complete
2025/08/05 12:12:51 StationSystem update...
2025/08/05 12:12:51 weather update count: 600
2025/08/05 12:12:51 StationSystem update time: 4.326µs
2025/08/05 12:12:51 SatelliteSystem update...
2025/08/05 12:12:51 satellite count: 900
2025/08/05 12:12:51 SatelliteSystem update time: 3.4111ms
2025/08/05 12:12:51 TopoSystem update...
2025/08/05 12:12:51 TopoSystem: Link count: 540000
2025/08/05 12:12:51 TopoSystem update time: 15.171568ms
2025/08/05 12:12:51 AttenuationSystem update...
2025/08/05 12:12:51 AttenuationSystem parallel flag: 1
2025/08/05 12:12:51 Attenuation computed count: 540000
2025/08/05 12:12:51 AttenuationSystem update time: 217.208549ms
2025/08/05 12:12:51 Run 9 complete
2025/08/05 12:12:51 StationSystem update...
2025/08/05 12:12:51 weather update count: 600
2025/08/05 12:12:51 StationSystem update time: 4.704µs
2025/08/05 12:12:51 SatelliteSystem update...
2025/08/05 12:12:51 satellite count: 900
2025/08/05 12:12:51 SatelliteSystem update time: 3.422361ms
2025/08/05 12:12:51 TopoSystem update...
2025/08/05 12:12:51 TopoSystem: Link count: 540000
2025/08/05 12:12:51 TopoSystem update time: 19.536784ms
2025/08/05 12:12:51 AttenuationSystem update...
2025/08/05 12:12:51 AttenuationSystem parallel flag: 1
2025/08/05 12:12:51 Attenuation computed count: 540000
2025/08/05 12:12:51 AttenuationSystem update time: 195.223291ms
2025/08/05 12:12:51 Run 10 complete
2025/08/05 12:12:51 Total update time:  2.128068749s
2025/08/05 12:12:51 linkCache size: 40

 Performance counter stats for './scale_ecs 600 900 10 8 8 1':

        13,243,454      cache-references                                                      
         2,325,405      cache-misses                     #   17.56% of all cache refs         

       2.134148924 seconds time elapsed

      13.019503000 seconds user
       0.063811000 seconds sys


