ECS running with 600 stations, 900 satellites, 4 numWGs and 2 numBlocks for 10 rounds in 1 parallel pattern
2025/08/05 12:12:12 StationSystem update...
2025/08/05 12:12:12 weather update count: 600
2025/08/05 12:12:12 StationSystem update time: 5.341µs
2025/08/05 12:12:12 SatelliteSystem update...
2025/08/05 12:12:12 satellite count: 900
2025/08/05 12:12:12 SatelliteSystem update time: 3.483774ms
2025/08/05 12:12:12 TopoSystem update...
2025/08/05 12:12:12 TopoSystem: Link count: 540000
2025/08/05 12:12:12 TopoSystem update time: 17.138193ms
2025/08/05 12:12:12 AttenuationSystem update...
2025/08/05 12:12:12 AttenuationSystem parallel flag: 1
2025/08/05 12:12:12 Attenuation computed count: 540000
2025/08/05 12:12:12 AttenuationSystem update time: 310.587654ms
2025/08/05 12:12:12 Run 1 complete
2025/08/05 12:12:12 StationSystem update...
2025/08/05 12:12:12 weather update count: 600
2025/08/05 12:12:12 StationSystem update time: 5.174µs
2025/08/05 12:12:12 SatelliteSystem update...
2025/08/05 12:12:12 satellite count: 900
2025/08/05 12:12:12 SatelliteSystem update time: 3.488062ms
2025/08/05 12:12:12 TopoSystem update...
2025/08/05 12:12:12 TopoSystem: Link count: 540000
2025/08/05 12:12:12 TopoSystem update time: 13.163436ms
2025/08/05 12:12:12 AttenuationSystem update...
2025/08/05 12:12:12 AttenuationSystem parallel flag: 1
2025/08/05 12:12:12 Attenuation computed count: 540000
2025/08/05 12:12:12 AttenuationSystem update time: 305.501522ms
2025/08/05 12:12:12 Run 2 complete
2025/08/05 12:12:12 StationSystem update...
2025/08/05 12:12:12 weather update count: 600
2025/08/05 12:12:12 StationSystem update time: 3.951µs
2025/08/05 12:12:12 SatelliteSystem update...
2025/08/05 12:12:12 satellite count: 900
2025/08/05 12:12:12 SatelliteSystem update time: 3.427801ms
2025/08/05 12:12:12 TopoSystem update...
2025/08/05 12:12:12 TopoSystem: Link count: 540000
2025/08/05 12:12:12 TopoSystem update time: 6.733834ms
2025/08/05 12:12:12 AttenuationSystem update...
2025/08/05 12:12:12 AttenuationSystem parallel flag: 1
2025/08/05 12:12:13 Attenuation computed count: 540000
2025/08/05 12:12:13 AttenuationSystem update time: 345.461227ms
2025/08/05 12:12:13 Run 3 complete
2025/08/05 12:12:13 StationSystem update...
2025/08/05 12:12:13 weather update count: 600
2025/08/05 12:12:13 StationSystem update time: 4.24µs
2025/08/05 12:12:13 SatelliteSystem update...
2025/08/05 12:12:13 satellite count: 900
2025/08/05 12:12:13 SatelliteSystem update time: 2.574648ms
2025/08/05 12:12:13 TopoSystem update...
2025/08/05 12:12:13 TopoSystem: Link count: 540000
2025/08/05 12:12:13 TopoSystem update time: 7.832033ms
2025/08/05 12:12:13 AttenuationSystem update...
2025/08/05 12:12:13 AttenuationSystem parallel flag: 1
2025/08/05 12:12:13 Attenuation computed count: 540000
2025/08/05 12:12:13 AttenuationSystem update time: 335.27102ms
2025/08/05 12:12:13 Run 4 complete
2025/08/05 12:12:13 StationSystem update...
2025/08/05 12:12:13 weather update count: 600
2025/08/05 12:12:13 StationSystem update time: 4.141µs
2025/08/05 12:12:13 SatelliteSystem update...
2025/08/05 12:12:13 satellite count: 900
2025/08/05 12:12:13 SatelliteSystem update time: 2.542335ms
2025/08/05 12:12:13 TopoSystem update...
2025/08/05 12:12:13 TopoSystem: Link count: 540000
2025/08/05 12:12:13 TopoSystem update time: 8.505048ms
2025/08/05 12:12:13 AttenuationSystem update...
2025/08/05 12:12:13 AttenuationSystem parallel flag: 1
2025/08/05 12:12:13 Attenuation computed count: 540000
2025/08/05 12:12:13 AttenuationSystem update time: 322.437932ms
2025/08/05 12:12:13 Run 5 complete
2025/08/05 12:12:13 StationSystem update...
2025/08/05 12:12:13 weather update count: 600
2025/08/05 12:12:13 StationSystem update time: 4.702µs
2025/08/05 12:12:13 SatelliteSystem update...
2025/08/05 12:12:13 satellite count: 900
2025/08/05 12:12:13 SatelliteSystem update time: 3.424558ms
2025/08/05 12:12:13 TopoSystem update...
2025/08/05 12:12:13 TopoSystem: Link count: 540000
2025/08/05 12:12:13 TopoSystem update time: 9.574591ms
2025/08/05 12:12:13 AttenuationSystem update...
2025/08/05 12:12:13 AttenuationSystem parallel flag: 1
2025/08/05 12:12:14 Attenuation computed count: 540000
2025/08/05 12:12:14 AttenuationSystem update time: 315.021054ms
2025/08/05 12:12:14 Run 6 complete
2025/08/05 12:12:14 StationSystem update...
2025/08/05 12:12:14 weather update count: 600
2025/08/05 12:12:14 StationSystem update time: 22.002µs
2025/08/05 12:12:14 SatelliteSystem update...
2025/08/05 12:12:14 satellite count: 900
2025/08/05 12:12:14 SatelliteSystem update time: 4.092551ms
2025/08/05 12:12:14 TopoSystem update...
2025/08/05 12:12:14 TopoSystem: Link count: 540000
2025/08/05 12:12:14 TopoSystem update time: 13.725651ms
2025/08/05 12:12:14 AttenuationSystem update...
2025/08/05 12:12:14 AttenuationSystem parallel flag: 1
2025/08/05 12:12:14 Attenuation computed count: 540000
2025/08/05 12:12:14 AttenuationSystem update time: 308.091339ms
2025/08/05 12:12:14 Run 7 complete
2025/08/05 12:12:14 StationSystem update...
2025/08/05 12:12:14 weather update count: 600
2025/08/05 12:12:14 StationSystem update time: 4.553µs
2025/08/05 12:12:14 SatelliteSystem update...
2025/08/05 12:12:14 satellite count: 900
2025/08/05 12:12:14 SatelliteSystem update time: 2.553492ms
2025/08/05 12:12:14 TopoSystem update...
2025/08/05 12:12:14 TopoSystem: Link count: 540000
2025/08/05 12:12:14 TopoSystem update time: 23.489002ms
2025/08/05 12:12:14 AttenuationSystem update...
2025/08/05 12:12:14 AttenuationSystem parallel flag: 1
2025/08/05 12:12:14 Attenuation computed count: 540000
2025/08/05 12:12:14 AttenuationSystem update time: 339.281407ms
2025/08/05 12:12:14 Run 8 complete
2025/08/05 12:12:14 StationSystem update...
2025/08/05 12:12:14 weather update count: 600
2025/08/05 12:12:14 StationSystem update time: 2.971µs
2025/08/05 12:12:14 SatelliteSystem update...
2025/08/05 12:12:14 satellite count: 900
2025/08/05 12:12:14 SatelliteSystem update time: 3.433701ms
2025/08/05 12:12:14 TopoSystem update...
2025/08/05 12:12:14 TopoSystem: Link count: 540000
2025/08/05 12:12:14 TopoSystem update time: 8.179166ms
2025/08/05 12:12:14 AttenuationSystem update...
2025/08/05 12:12:14 AttenuationSystem parallel flag: 1
2025/08/05 12:12:15 Attenuation computed count: 540000
2025/08/05 12:12:15 AttenuationSystem update time: 267.330148ms
2025/08/05 12:12:15 Run 9 complete
2025/08/05 12:12:15 StationSystem update...
2025/08/05 12:12:15 weather update count: 600
2025/08/05 12:12:15 StationSystem update time: 4.117µs
2025/08/05 12:12:15 SatelliteSystem update...
2025/08/05 12:12:15 satellite count: 900
2025/08/05 12:12:15 SatelliteSystem update time: 3.508006ms
2025/08/05 12:12:15 TopoSystem update...
2025/08/05 12:12:15 TopoSystem: Link count: 540000
2025/08/05 12:12:15 TopoSystem update time: 10.800838ms
2025/08/05 12:12:15 AttenuationSystem update...
2025/08/05 12:12:15 AttenuationSystem parallel flag: 1
2025/08/05 12:12:15 Attenuation computed count: 540000
2025/08/05 12:12:15 AttenuationSystem update time: 341.925945ms
2025/08/05 12:12:15 Run 10 complete
2025/08/05 12:12:15 Total update time:  3.34971892s
2025/08/05 12:12:15 linkCache size: 40

 Performance counter stats for './scale_ecs 600 900 10 4 2 1':

        12,935,894      cache-references                                                      
         3,002,031      cache-misses                     #   23.21% of all cache refs         

       3.355064857 seconds time elapsed

      11.640289000 seconds user
       0.096093000 seconds sys


