ECS running with 700 stations, 1800 satellites, 2 numWGs and 2 numBlocks for 10 rounds in 0 parallel pattern
2025/08/05 12:56:43 StationSystem update...
2025/08/05 12:56:43 weather update count: 700
2025/08/05 12:56:43 SatelliteSystem update...
2025/08/05 12:56:43 StationSystem update time: 4.998µs
2025/08/05 12:56:43 satellite count: 1800
2025/08/05 12:56:43 SatelliteSystem update time: 6.821109ms
2025/08/05 12:56:43 TopoSystem update...
2025/08/05 12:56:43 TopoSystem: Link count: 1260000
2025/08/05 12:56:43 TopoSystem update time: 39.086197ms
2025/08/05 12:56:43 AttenuationSystem update...
2025/08/05 12:56:43 AttenuationSystem parallel flag: 0
2025/08/05 12:56:44 Attenuation computed count: 1260000
2025/08/05 12:56:44 AttenuationSystem update time: 1.410254593s
2025/08/05 12:56:44 Run 1 complete
2025/08/05 12:56:44 StationSystem update...
2025/08/05 12:56:44 weather update count: 700
2025/08/05 12:56:44 StationSystem update time: 13.81µs
2025/08/05 12:56:44 SatelliteSystem update...
2025/08/05 12:56:44 satellite count: 1800
2025/08/05 12:56:44 SatelliteSystem update time: 6.241537ms
2025/08/05 12:56:44 TopoSystem update...
2025/08/05 12:56:44 TopoSystem: Link count: 1260000
2025/08/05 12:56:44 TopoSystem update time: 67.363276ms
2025/08/05 12:56:44 AttenuationSystem update...
2025/08/05 12:56:44 AttenuationSystem parallel flag: 0
2025/08/05 12:56:46 Attenuation computed count: 1260000
2025/08/05 12:56:46 AttenuationSystem update time: 1.397473549s
2025/08/05 12:56:46 Run 2 complete
2025/08/05 12:56:46 StationSystem update...
2025/08/05 12:56:46 weather update count: 700
2025/08/05 12:56:46 StationSystem update time: 4.401µs
2025/08/05 12:56:46 SatelliteSystem update...
2025/08/05 12:56:46 satellite count: 1800
2025/08/05 12:56:46 SatelliteSystem update time: 6.796012ms
2025/08/05 12:56:46 TopoSystem update...
2025/08/05 12:56:46 TopoSystem: Link count: 1260000
2025/08/05 12:56:46 TopoSystem update time: 50.433171ms
2025/08/05 12:56:46 AttenuationSystem update...
2025/08/05 12:56:46 AttenuationSystem parallel flag: 0
2025/08/05 12:56:47 Attenuation computed count: 1260000
2025/08/05 12:56:47 AttenuationSystem update time: 1.489099977s
2025/08/05 12:56:47 Run 3 complete
2025/08/05 12:56:47 StationSystem update...
2025/08/05 12:56:47 weather update count: 700
2025/08/05 12:56:47 StationSystem update time: 14.434µs
2025/08/05 12:56:47 SatelliteSystem update...
2025/08/05 12:56:47 satellite count: 1800
2025/08/05 12:56:47 SatelliteSystem update time: 18.275295ms
2025/08/05 12:56:47 TopoSystem update...
2025/08/05 12:56:48 TopoSystem: Link count: 1260000
2025/08/05 12:56:48 TopoSystem update time: 87.596167ms
2025/08/05 12:56:48 AttenuationSystem update...
2025/08/05 12:56:48 AttenuationSystem parallel flag: 0
2025/08/05 12:56:49 Attenuation computed count: 1260000
2025/08/05 12:56:49 AttenuationSystem update time: 1.470571084s
2025/08/05 12:56:49 Run 4 complete
2025/08/05 12:56:49 StationSystem update...
2025/08/05 12:56:49 weather update count: 700
2025/08/05 12:56:49 StationSystem update time: 6.074µs
2025/08/05 12:56:49 SatelliteSystem update...
2025/08/05 12:56:49 satellite count: 1800
2025/08/05 12:56:49 SatelliteSystem update time: 6.907958ms
2025/08/05 12:56:49 TopoSystem update...
2025/08/05 12:56:49 TopoSystem: Link count: 1260000
2025/08/05 12:56:49 TopoSystem update time: 45.868483ms
2025/08/05 12:56:49 AttenuationSystem update...
2025/08/05 12:56:49 AttenuationSystem parallel flag: 0
2025/08/05 12:56:50 Attenuation computed count: 1260000
2025/08/05 12:56:50 AttenuationSystem update time: 1.41152728s
2025/08/05 12:56:50 Run 5 complete
2025/08/05 12:56:50 StationSystem update...
2025/08/05 12:56:50 weather update count: 700
2025/08/05 12:56:50 StationSystem update time: 3.954µs
2025/08/05 12:56:50 SatelliteSystem update...
2025/08/05 12:56:50 satellite count: 1800
2025/08/05 12:56:50 SatelliteSystem update time: 16.964858ms
2025/08/05 12:56:50 TopoSystem update...
2025/08/05 12:56:51 TopoSystem: Link count: 1260000
2025/08/05 12:56:51 TopoSystem update time: 42.60216ms
2025/08/05 12:56:51 AttenuationSystem update...
2025/08/05 12:56:51 AttenuationSystem parallel flag: 0
2025/08/05 12:56:52 Attenuation computed count: 1260000
2025/08/05 12:56:52 AttenuationSystem update time: 1.459638882s
2025/08/05 12:56:52 Run 6 complete
2025/08/05 12:56:52 StationSystem update...
2025/08/05 12:56:52 weather update count: 700
2025/08/05 12:56:52 StationSystem update time: 17.803µs
2025/08/05 12:56:52 SatelliteSystem update...
2025/08/05 12:56:52 satellite count: 1800
2025/08/05 12:56:52 SatelliteSystem update time: 7.353447ms
2025/08/05 12:56:52 TopoSystem update...
2025/08/05 12:56:52 TopoSystem: Link count: 1260000
2025/08/05 12:56:52 TopoSystem update time: 101.101747ms
2025/08/05 12:56:52 AttenuationSystem update...
2025/08/05 12:56:52 AttenuationSystem parallel flag: 0
2025/08/05 12:56:54 Attenuation computed count: 1260000
2025/08/05 12:56:54 AttenuationSystem update time: 1.47044403s
2025/08/05 12:56:54 Run 7 complete
2025/08/05 12:56:54 StationSystem update...
2025/08/05 12:56:54 weather update count: 700
2025/08/05 12:56:54 StationSystem update time: 5.034µs
2025/08/05 12:56:54 SatelliteSystem update...
2025/08/05 12:56:54 satellite count: 1800
2025/08/05 12:56:54 SatelliteSystem update time: 6.818109ms
2025/08/05 12:56:54 TopoSystem update...
2025/08/05 12:56:54 TopoSystem: Link count: 1260000
2025/08/05 12:56:54 TopoSystem update time: 43.736096ms
2025/08/05 12:56:54 AttenuationSystem update...
2025/08/05 12:56:54 AttenuationSystem parallel flag: 0
2025/08/05 12:56:55 Attenuation computed count: 1260000
2025/08/05 12:56:55 AttenuationSystem update time: 1.109150795s
2025/08/05 12:56:55 Run 8 complete
2025/08/05 12:56:55 StationSystem update...
2025/08/05 12:56:55 weather update count: 700
2025/08/05 12:56:55 StationSystem update time: 2.648µs
2025/08/05 12:56:55 SatelliteSystem update...
2025/08/05 12:56:55 satellite count: 1800
2025/08/05 12:56:55 SatelliteSystem update time: 5.108299ms
2025/08/05 12:56:55 TopoSystem update...
2025/08/05 12:56:55 TopoSystem: Link count: 1260000
2025/08/05 12:56:55 TopoSystem update time: 39.868179ms
2025/08/05 12:56:55 AttenuationSystem update...
2025/08/05 12:56:55 AttenuationSystem parallel flag: 0
2025/08/05 12:56:56 Attenuation computed count: 1260000
2025/08/05 12:56:56 AttenuationSystem update time: 1.456597388s
2025/08/05 12:56:56 Run 9 complete
2025/08/05 12:56:56 StationSystem update...
2025/08/05 12:56:56 weather update count: 700
2025/08/05 12:56:56 StationSystem update time: 4.669µs
2025/08/05 12:56:56 SatelliteSystem update...
2025/08/05 12:56:56 satellite count: 1800
2025/08/05 12:56:56 SatelliteSystem update time: 6.828738ms
2025/08/05 12:56:56 TopoSystem update...
2025/08/05 12:56:56 TopoSystem: Link count: 1260000
2025/08/05 12:56:56 TopoSystem update time: 20.229463ms
2025/08/05 12:56:56 AttenuationSystem update...
2025/08/05 12:56:56 AttenuationSystem parallel flag: 0
2025/08/05 12:56:57 Attenuation computed count: 1260000
2025/08/05 12:56:57 AttenuationSystem update time: 1.184594288s
2025/08/05 12:56:57 Run 10 complete
2025/08/05 12:56:57 Total update time:  14.497956812s
2025/08/05 12:56:57 linkCache size: 40

 Performance counter stats for './scale_ecs 700 1800 10 2 2 0':

        30,282,250      cache-references                                                      
         9,155,300      cache-misses                     #   30.23% of all cache refs         

      14.512591637 seconds time elapsed

      27.361791000 seconds user
       0.379997000 seconds sys


