ECS running with 800 stations, 800 satellites, 8 numWGs and 2 numBlocks for 10 rounds in 1 parallel pattern
2025/08/05 13:09:40 StationSystem update...
2025/08/05 13:09:40 SatelliteSystem update...
2025/08/05 13:09:40 weather update count: 800
2025/08/05 13:09:40 StationSystem update time: 7.029µs
2025/08/05 13:09:40 satellite count: 800
2025/08/05 13:09:40 SatelliteSystem update time: 3.04765ms
2025/08/05 13:09:40 TopoSystem update...
2025/08/05 13:09:40 TopoSystem: Link count: 640000
2025/08/05 13:09:40 TopoSystem update time: 20.097815ms
2025/08/05 13:09:40 AttenuationSystem update...
2025/08/05 13:09:40 AttenuationSystem parallel flag: 1
2025/08/05 13:09:41 Attenuation computed count: 640000
2025/08/05 13:09:41 AttenuationSystem update time: 226.525794ms
2025/08/05 13:09:41 Run 1 complete
2025/08/05 13:09:41 StationSystem update...
2025/08/05 13:09:41 weather update count: 800
2025/08/05 13:09:41 StationSystem update time: 5.585µs
2025/08/05 13:09:41 SatelliteSystem update...
2025/08/05 13:09:41 satellite count: 800
2025/08/05 13:09:41 SatelliteSystem update time: 3.054483ms
2025/08/05 13:09:41 TopoSystem update...
2025/08/05 13:09:41 TopoSystem: Link count: 640000
2025/08/05 13:09:41 TopoSystem update time: 15.627207ms
2025/08/05 13:09:41 AttenuationSystem update...
2025/08/05 13:09:41 AttenuationSystem parallel flag: 1
2025/08/05 13:09:41 Attenuation computed count: 640000
2025/08/05 13:09:41 AttenuationSystem update time: 235.808733ms
2025/08/05 13:09:41 Run 2 complete
2025/08/05 13:09:41 StationSystem update...
2025/08/05 13:09:41 weather update count: 800
2025/08/05 13:09:41 StationSystem update time: 4.816µs
2025/08/05 13:09:41 SatelliteSystem update...
2025/08/05 13:09:41 satellite count: 800
2025/08/05 13:09:41 SatelliteSystem update time: 3.201246ms
2025/08/05 13:09:41 TopoSystem update...
2025/08/05 13:09:41 TopoSystem: Link count: 640000
2025/08/05 13:09:41 TopoSystem update time: 11.528687ms
2025/08/05 13:09:41 AttenuationSystem update...
2025/08/05 13:09:41 AttenuationSystem parallel flag: 1
2025/08/05 13:09:41 Attenuation computed count: 640000
2025/08/05 13:09:41 AttenuationSystem update time: 227.24376ms
2025/08/05 13:09:41 Run 3 complete
2025/08/05 13:09:41 StationSystem update...
2025/08/05 13:09:41 weather update count: 800
2025/08/05 13:09:41 StationSystem update time: 5.761µs
2025/08/05 13:09:41 SatelliteSystem update...
2025/08/05 13:09:41 satellite count: 800
2025/08/05 13:09:41 SatelliteSystem update time: 3.198401ms
2025/08/05 13:09:41 TopoSystem update...
2025/08/05 13:09:41 TopoSystem: Link count: 640000
2025/08/05 13:09:41 TopoSystem update time: 12.43752ms
2025/08/05 13:09:41 AttenuationSystem update...
2025/08/05 13:09:41 AttenuationSystem parallel flag: 1
2025/08/05 13:09:41 Attenuation computed count: 640000
2025/08/05 13:09:41 AttenuationSystem update time: 213.053536ms
2025/08/05 13:09:41 Run 4 complete
2025/08/05 13:09:41 StationSystem update...
2025/08/05 13:09:41 weather update count: 800
2025/08/05 13:09:41 StationSystem update time: 4.898µs
2025/08/05 13:09:41 SatelliteSystem update...
2025/08/05 13:09:41 satellite count: 800
2025/08/05 13:09:41 SatelliteSystem update time: 3.04514ms
2025/08/05 13:09:41 TopoSystem update...
2025/08/05 13:09:41 TopoSystem: Link count: 640000
2025/08/05 13:09:41 TopoSystem update time: 10.36836ms
2025/08/05 13:09:41 AttenuationSystem update...
2025/08/05 13:09:41 AttenuationSystem parallel flag: 1
2025/08/05 13:09:42 Attenuation computed count: 640000
2025/08/05 13:09:42 AttenuationSystem update time: 243.742633ms
2025/08/05 13:09:42 Run 5 complete
2025/08/05 13:09:42 StationSystem update...
2025/08/05 13:09:42 weather update count: 800
2025/08/05 13:09:42 StationSystem update time: 23.817µs
2025/08/05 13:09:42 SatelliteSystem update...
2025/08/05 13:09:42 satellite count: 800
2025/08/05 13:09:42 SatelliteSystem update time: 3.717267ms
2025/08/05 13:09:42 TopoSystem update...
2025/08/05 13:09:42 TopoSystem: Link count: 640000
2025/08/05 13:09:42 TopoSystem update time: 45.093661ms
2025/08/05 13:09:42 AttenuationSystem update...
2025/08/05 13:09:42 AttenuationSystem parallel flag: 1
2025/08/05 13:09:42 Attenuation computed count: 640000
2025/08/05 13:09:42 AttenuationSystem update time: 217.177505ms
2025/08/05 13:09:42 Run 6 complete
2025/08/05 13:09:42 StationSystem update...
2025/08/05 13:09:42 weather update count: 800
2025/08/05 13:09:42 StationSystem update time: 5.392µs
2025/08/05 13:09:42 SatelliteSystem update...
2025/08/05 13:09:42 satellite count: 800
2025/08/05 13:09:42 SatelliteSystem update time: 3.050439ms
2025/08/05 13:09:42 TopoSystem update...
2025/08/05 13:09:42 TopoSystem: Link count: 640000
2025/08/05 13:09:42 TopoSystem update time: 25.854889ms
2025/08/05 13:09:42 AttenuationSystem update...
2025/08/05 13:09:42 AttenuationSystem parallel flag: 1
2025/08/05 13:09:42 Attenuation computed count: 640000
2025/08/05 13:09:42 AttenuationSystem update time: 250.992344ms
2025/08/05 13:09:42 Run 7 complete
2025/08/05 13:09:42 StationSystem update...
2025/08/05 13:09:42 weather update count: 800
2025/08/05 13:09:42 StationSystem update time: 5.452µs
2025/08/05 13:09:42 SatelliteSystem update...
2025/08/05 13:09:42 satellite count: 800
2025/08/05 13:09:42 SatelliteSystem update time: 3.110597ms
2025/08/05 13:09:42 TopoSystem update...
2025/08/05 13:09:42 TopoSystem: Link count: 640000
2025/08/05 13:09:42 TopoSystem update time: 11.902515ms
2025/08/05 13:09:42 AttenuationSystem update...
2025/08/05 13:09:42 AttenuationSystem parallel flag: 1
2025/08/05 13:09:42 Attenuation computed count: 640000
2025/08/05 13:09:42 AttenuationSystem update time: 218.798187ms
2025/08/05 13:09:42 Run 8 complete
2025/08/05 13:09:42 StationSystem update...
2025/08/05 13:09:42 weather update count: 800
2025/08/05 13:09:42 StationSystem update time: 5.692µs
2025/08/05 13:09:42 SatelliteSystem update...
2025/08/05 13:09:42 satellite count: 800
2025/08/05 13:09:42 SatelliteSystem update time: 3.073324ms
2025/08/05 13:09:42 TopoSystem update...
2025/08/05 13:09:42 TopoSystem: Link count: 640000
2025/08/05 13:09:42 TopoSystem update time: 10.630361ms
2025/08/05 13:09:42 AttenuationSystem update...
2025/08/05 13:09:42 AttenuationSystem parallel flag: 1
2025/08/05 13:09:43 Attenuation computed count: 640000
2025/08/05 13:09:43 AttenuationSystem update time: 219.089801ms
2025/08/05 13:09:43 Run 9 complete
2025/08/05 13:09:43 StationSystem update...
2025/08/05 13:09:43 weather update count: 800
2025/08/05 13:09:43 StationSystem update time: 7.438µs
2025/08/05 13:09:43 SatelliteSystem update...
2025/08/05 13:09:43 satellite count: 800
2025/08/05 13:09:43 SatelliteSystem update time: 3.064688ms
2025/08/05 13:09:43 TopoSystem update...
2025/08/05 13:09:43 TopoSystem: Link count: 640000
2025/08/05 13:09:43 TopoSystem update time: 25.409233ms
2025/08/05 13:09:43 AttenuationSystem update...
2025/08/05 13:09:43 AttenuationSystem parallel flag: 1
2025/08/05 13:09:43 Attenuation computed count: 640000
2025/08/05 13:09:43 AttenuationSystem update time: 213.864379ms
2025/08/05 13:09:43 Run 10 complete
2025/08/05 13:09:43 Total update time:  2.493464084s
2025/08/05 13:09:43 linkCache size: 40

 Performance counter stats for './scale_ecs 800 800 10 8 2 1':

        15,532,754      cache-references                                                      
         4,177,199      cache-misses                     #   26.89% of all cache refs         

       2.499986424 seconds time elapsed

      15.621701000 seconds user
       0.103031000 seconds sys


