ECS running with 800 stations, 800 satellites, 8 numWGs and 8 numBlocks for 10 rounds in 1 parallel pattern
2025/08/05 13:09:58 StationSystem update...
2025/08/05 13:09:58 SatelliteSystem update...
2025/08/05 13:09:58 weather update count: 800
2025/08/05 13:09:58 StationSystem update time: 5.288µs
2025/08/05 13:09:58 satellite count: 800
2025/08/05 13:09:58 SatelliteSystem update time: 3.047777ms
2025/08/05 13:09:58 TopoSystem update...
2025/08/05 13:09:58 TopoSystem: Link count: 640000
2025/08/05 13:09:58 TopoSystem update time: 21.484476ms
2025/08/05 13:09:58 AttenuationSystem update...
2025/08/05 13:09:58 AttenuationSystem parallel flag: 1
2025/08/05 13:09:58 Attenuation computed count: 640000
2025/08/05 13:09:58 AttenuationSystem update time: 187.965434ms
2025/08/05 13:09:58 Run 1 complete
2025/08/05 13:09:58 StationSystem update...
2025/08/05 13:09:58 weather update count: 800
2025/08/05 13:09:58 StationSystem update time: 5.191µs
2025/08/05 13:09:58 SatelliteSystem update...
2025/08/05 13:09:58 satellite count: 800
2025/08/05 13:09:58 SatelliteSystem update time: 3.064007ms
2025/08/05 13:09:58 TopoSystem update...
2025/08/05 13:09:58 TopoSystem: Link count: 640000
2025/08/05 13:09:58 TopoSystem update time: 18.851355ms
2025/08/05 13:09:58 AttenuationSystem update...
2025/08/05 13:09:58 AttenuationSystem parallel flag: 1
2025/08/05 13:09:59 Attenuation computed count: 640000
2025/08/05 13:09:59 AttenuationSystem update time: 206.720469ms
2025/08/05 13:09:59 Run 2 complete
2025/08/05 13:09:59 StationSystem update...
2025/08/05 13:09:59 weather update count: 800
2025/08/05 13:09:59 StationSystem update time: 5.354µs
2025/08/05 13:09:59 SatelliteSystem update...
2025/08/05 13:09:59 satellite count: 800
2025/08/05 13:09:59 SatelliteSystem update time: 3.060757ms
2025/08/05 13:09:59 TopoSystem update...
2025/08/05 13:09:59 TopoSystem: Link count: 640000
2025/08/05 13:09:59 TopoSystem update time: 13.558164ms
2025/08/05 13:09:59 AttenuationSystem update...
2025/08/05 13:09:59 AttenuationSystem parallel flag: 1
2025/08/05 13:09:59 Attenuation computed count: 640000
2025/08/05 13:09:59 AttenuationSystem update time: 228.235075ms
2025/08/05 13:09:59 Run 3 complete
2025/08/05 13:09:59 StationSystem update...
2025/08/05 13:09:59 weather update count: 800
2025/08/05 13:09:59 StationSystem update time: 5.025µs
2025/08/05 13:09:59 SatelliteSystem update...
2025/08/05 13:09:59 satellite count: 800
2025/08/05 13:09:59 SatelliteSystem update time: 3.066007ms
2025/08/05 13:09:59 TopoSystem update...
2025/08/05 13:09:59 TopoSystem: Link count: 640000
2025/08/05 13:09:59 TopoSystem update time: 10.764583ms
2025/08/05 13:09:59 AttenuationSystem update...
2025/08/05 13:09:59 AttenuationSystem parallel flag: 1
2025/08/05 13:09:59 Attenuation computed count: 640000
2025/08/05 13:09:59 AttenuationSystem update time: 204.938575ms
2025/08/05 13:09:59 Run 4 complete
2025/08/05 13:09:59 StationSystem update...
2025/08/05 13:09:59 weather update count: 800
2025/08/05 13:09:59 StationSystem update time: 4.891µs
2025/08/05 13:09:59 SatelliteSystem update...
2025/08/05 13:09:59 satellite count: 800
2025/08/05 13:09:59 SatelliteSystem update time: 3.049648ms
2025/08/05 13:09:59 TopoSystem update...
2025/08/05 13:09:59 TopoSystem: Link count: 640000
2025/08/05 13:09:59 TopoSystem update time: 10.226833ms
2025/08/05 13:09:59 AttenuationSystem update...
2025/08/05 13:09:59 AttenuationSystem parallel flag: 1
2025/08/05 13:09:59 Attenuation computed count: 640000
2025/08/05 13:09:59 AttenuationSystem update time: 278.092738ms
2025/08/05 13:09:59 Run 5 complete
2025/08/05 13:09:59 StationSystem update...
2025/08/05 13:09:59 weather update count: 800
2025/08/05 13:09:59 StationSystem update time: 5.079µs
2025/08/05 13:09:59 SatelliteSystem update...
2025/08/05 13:09:59 satellite count: 800
2025/08/05 13:09:59 SatelliteSystem update time: 3.053405ms
2025/08/05 13:09:59 TopoSystem update...
2025/08/05 13:09:59 TopoSystem: Link count: 640000
2025/08/05 13:09:59 TopoSystem update time: 10.400406ms
2025/08/05 13:09:59 AttenuationSystem update...
2025/08/05 13:09:59 AttenuationSystem parallel flag: 1
2025/08/05 13:10:00 Attenuation computed count: 640000
2025/08/05 13:10:00 AttenuationSystem update time: 220.573606ms
2025/08/05 13:10:00 Run 6 complete
2025/08/05 13:10:00 StationSystem update...
2025/08/05 13:10:00 weather update count: 800
2025/08/05 13:10:00 StationSystem update time: 6.94µs
2025/08/05 13:10:00 SatelliteSystem update...
2025/08/05 13:10:00 satellite count: 800
2025/08/05 13:10:00 SatelliteSystem update time: 3.06084ms
2025/08/05 13:10:00 TopoSystem update...
2025/08/05 13:10:00 TopoSystem: Link count: 640000
2025/08/05 13:10:00 TopoSystem update time: 12.819872ms
2025/08/05 13:10:00 AttenuationSystem update...
2025/08/05 13:10:00 AttenuationSystem parallel flag: 1
2025/08/05 13:10:00 Attenuation computed count: 640000
2025/08/05 13:10:00 AttenuationSystem update time: 236.360647ms
2025/08/05 13:10:00 Run 7 complete
2025/08/05 13:10:00 StationSystem update...
2025/08/05 13:10:00 weather update count: 800
2025/08/05 13:10:00 StationSystem update time: 12.359µs
2025/08/05 13:10:00 SatelliteSystem update...
2025/08/05 13:10:00 satellite count: 800
2025/08/05 13:10:00 SatelliteSystem update time: 3.291557ms
2025/08/05 13:10:00 TopoSystem update...
2025/08/05 13:10:00 TopoSystem: Link count: 640000
2025/08/05 13:10:00 TopoSystem update time: 36.425678ms
2025/08/05 13:10:00 AttenuationSystem update...
2025/08/05 13:10:00 AttenuationSystem parallel flag: 1
2025/08/05 13:10:00 Attenuation computed count: 640000
2025/08/05 13:10:00 AttenuationSystem update time: 259.030347ms
2025/08/05 13:10:00 Run 8 complete
2025/08/05 13:10:00 StationSystem update...
2025/08/05 13:10:00 weather update count: 800
2025/08/05 13:10:00 StationSystem update time: 6.427µs
2025/08/05 13:10:00 SatelliteSystem update...
2025/08/05 13:10:00 satellite count: 800
2025/08/05 13:10:00 SatelliteSystem update time: 3.05411ms
2025/08/05 13:10:00 TopoSystem update...
2025/08/05 13:10:00 TopoSystem: Link count: 640000
2025/08/05 13:10:00 TopoSystem update time: 16.502551ms
2025/08/05 13:10:00 AttenuationSystem update...
2025/08/05 13:10:00 AttenuationSystem parallel flag: 1
2025/08/05 13:10:00 Attenuation computed count: 640000
2025/08/05 13:10:00 AttenuationSystem update time: 211.313043ms
2025/08/05 13:10:00 Run 9 complete
2025/08/05 13:10:00 StationSystem update...
2025/08/05 13:10:00 weather update count: 800
2025/08/05 13:10:00 StationSystem update time: 5.865µs
2025/08/05 13:10:00 SatelliteSystem update...
2025/08/05 13:10:00 satellite count: 800
2025/08/05 13:10:00 SatelliteSystem update time: 3.058912ms
2025/08/05 13:10:00 TopoSystem update...
2025/08/05 13:10:00 TopoSystem: Link count: 640000
2025/08/05 13:10:00 TopoSystem update time: 10.742683ms
2025/08/05 13:10:00 AttenuationSystem update...
2025/08/05 13:10:00 AttenuationSystem parallel flag: 1
2025/08/05 13:10:01 Attenuation computed count: 640000
2025/08/05 13:10:01 AttenuationSystem update time: 236.344697ms
2025/08/05 13:10:01 Run 10 complete
2025/08/05 13:10:01 Total update time:  2.468837361s
2025/08/05 13:10:01 linkCache size: 40

 Performance counter stats for './scale_ecs 800 800 10 8 8 1':

        15,474,182      cache-references                                                      
         3,737,458      cache-misses                     #   24.15% of all cache refs         

       2.476380627 seconds time elapsed

      15.553887000 seconds user
       0.092993000 seconds sys


