ECS running with 800 stations, 1400 satellites, 8 numWGs and 4 numBlocks for 10 rounds in 0 parallel pattern
2025/08/05 13:22:15 StationSystem update...
2025/08/05 13:22:15 SatelliteSystem update...
2025/08/05 13:22:15 weather update count: 800
2025/08/05 13:22:15 StationSystem update time: 80.086µs
2025/08/05 13:22:15 satellite count: 1400
2025/08/05 13:22:15 SatelliteSystem update time: 5.338065ms
2025/08/05 13:22:15 TopoSystem update...
2025/08/05 13:22:15 TopoSystem: Link count: 1120000
2025/08/05 13:22:15 TopoSystem update time: 35.548486ms
2025/08/05 13:22:15 AttenuationSystem update...
2025/08/05 13:22:15 AttenuationSystem parallel flag: 0
2025/08/05 13:22:16 Attenuation computed count: 1120000
2025/08/05 13:22:16 AttenuationSystem update time: 649.916565ms
2025/08/05 13:22:16 Run 1 complete
2025/08/05 13:22:16 StationSystem update...
2025/08/05 13:22:16 weather update count: 800
2025/08/05 13:22:16 StationSystem update time: 6.035µs
2025/08/05 13:22:16 SatelliteSystem update...
2025/08/05 13:22:16 satellite count: 1400
2025/08/05 13:22:16 SatelliteSystem update time: 5.33074ms
2025/08/05 13:22:16 TopoSystem update...
2025/08/05 13:22:16 TopoSystem: Link count: 1120000
2025/08/05 13:22:16 TopoSystem update time: 30.540492ms
2025/08/05 13:22:16 AttenuationSystem update...
2025/08/05 13:22:16 AttenuationSystem parallel flag: 0
2025/08/05 13:22:16 Attenuation computed count: 1120000
2025/08/05 13:22:16 AttenuationSystem update time: 666.486006ms
2025/08/05 13:22:16 Run 2 complete
2025/08/05 13:22:16 StationSystem update...
2025/08/05 13:22:16 weather update count: 800
2025/08/05 13:22:16 StationSystem update time: 14.476µs
2025/08/05 13:22:16 SatelliteSystem update...
2025/08/05 13:22:16 satellite count: 1400
2025/08/05 13:22:16 SatelliteSystem update time: 5.816729ms
2025/08/05 13:22:16 TopoSystem update...
2025/08/05 13:22:16 TopoSystem: Link count: 1120000
2025/08/05 13:22:16 TopoSystem update time: 48.575877ms
2025/08/05 13:22:16 AttenuationSystem update...
2025/08/05 13:22:16 AttenuationSystem parallel flag: 0
2025/08/05 13:22:17 Attenuation computed count: 1120000
2025/08/05 13:22:17 AttenuationSystem update time: 643.083735ms
2025/08/05 13:22:17 Run 3 complete
2025/08/05 13:22:17 StationSystem update...
2025/08/05 13:22:17 weather update count: 800
2025/08/05 13:22:17 StationSystem update time: 5.402µs
2025/08/05 13:22:17 SatelliteSystem update...
2025/08/05 13:22:17 satellite count: 1400
2025/08/05 13:22:17 SatelliteSystem update time: 5.312543ms
2025/08/05 13:22:17 TopoSystem update...
2025/08/05 13:22:17 TopoSystem: Link count: 1120000
2025/08/05 13:22:17 TopoSystem update time: 35.780633ms
2025/08/05 13:22:17 AttenuationSystem update...
2025/08/05 13:22:17 AttenuationSystem parallel flag: 0
2025/08/05 13:22:18 Attenuation computed count: 1120000
2025/08/05 13:22:18 AttenuationSystem update time: 681.9098ms
2025/08/05 13:22:18 Run 4 complete
2025/08/05 13:22:18 StationSystem update...
2025/08/05 13:22:18 weather update count: 800
2025/08/05 13:22:18 StationSystem update time: 5.807µs
2025/08/05 13:22:18 SatelliteSystem update...
2025/08/05 13:22:18 satellite count: 1400
2025/08/05 13:22:18 SatelliteSystem update time: 5.346481ms
2025/08/05 13:22:18 TopoSystem update...
2025/08/05 13:22:18 TopoSystem: Link count: 1120000
2025/08/05 13:22:18 TopoSystem update time: 25.11709ms
2025/08/05 13:22:18 AttenuationSystem update...
2025/08/05 13:22:18 AttenuationSystem parallel flag: 0
2025/08/05 13:22:18 Attenuation computed count: 1120000
2025/08/05 13:22:18 AttenuationSystem update time: 662.365971ms
2025/08/05 13:22:18 Run 5 complete
2025/08/05 13:22:18 StationSystem update...
2025/08/05 13:22:18 weather update count: 800
2025/08/05 13:22:18 StationSystem update time: 5.672µs
2025/08/05 13:22:18 SatelliteSystem update...
2025/08/05 13:22:18 satellite count: 1400
2025/08/05 13:22:18 SatelliteSystem update time: 5.342247ms
2025/08/05 13:22:18 TopoSystem update...
2025/08/05 13:22:18 TopoSystem: Link count: 1120000
2025/08/05 13:22:18 TopoSystem update time: 18.37189ms
2025/08/05 13:22:18 AttenuationSystem update...
2025/08/05 13:22:18 AttenuationSystem parallel flag: 0
2025/08/05 13:22:19 Attenuation computed count: 1120000
2025/08/05 13:22:19 AttenuationSystem update time: 674.911935ms
2025/08/05 13:22:19 Run 6 complete
2025/08/05 13:22:19 StationSystem update...
2025/08/05 13:22:19 weather update count: 800
2025/08/05 13:22:19 StationSystem update time: 12.11µs
2025/08/05 13:22:19 SatelliteSystem update...
2025/08/05 13:22:19 satellite count: 1400
2025/08/05 13:22:19 SatelliteSystem update time: 6.484089ms
2025/08/05 13:22:19 TopoSystem update...
2025/08/05 13:22:19 TopoSystem: Link count: 1120000
2025/08/05 13:22:19 TopoSystem update time: 72.836532ms
2025/08/05 13:22:19 AttenuationSystem update...
2025/08/05 13:22:19 AttenuationSystem parallel flag: 0
2025/08/05 13:22:20 Attenuation computed count: 1120000
2025/08/05 13:22:20 AttenuationSystem update time: 673.880741ms
2025/08/05 13:22:20 Run 7 complete
2025/08/05 13:22:20 StationSystem update...
2025/08/05 13:22:20 weather update count: 800
2025/08/05 13:22:20 StationSystem update time: 5.545µs
2025/08/05 13:22:20 SatelliteSystem update...
2025/08/05 13:22:20 satellite count: 1400
2025/08/05 13:22:20 SatelliteSystem update time: 5.327184ms
2025/08/05 13:22:20 TopoSystem update...
2025/08/05 13:22:20 TopoSystem: Link count: 1120000
2025/08/05 13:22:20 TopoSystem update time: 45.941047ms
2025/08/05 13:22:20 AttenuationSystem update...
2025/08/05 13:22:20 AttenuationSystem parallel flag: 0
2025/08/05 13:22:21 Attenuation computed count: 1120000
2025/08/05 13:22:21 AttenuationSystem update time: 667.741504ms
2025/08/05 13:22:21 Run 8 complete
2025/08/05 13:22:21 StationSystem update...
2025/08/05 13:22:21 weather update count: 800
2025/08/05 13:22:21 SatelliteSystem update...
2025/08/05 13:22:21 StationSystem update time: 6.306µs
2025/08/05 13:22:21 satellite count: 1400
2025/08/05 13:22:21 SatelliteSystem update time: 5.346755ms
2025/08/05 13:22:21 TopoSystem update...
2025/08/05 13:22:21 TopoSystem: Link count: 1120000
2025/08/05 13:22:21 TopoSystem update time: 19.030313ms
2025/08/05 13:22:21 AttenuationSystem update...
2025/08/05 13:22:21 AttenuationSystem parallel flag: 0
2025/08/05 13:22:21 Attenuation computed count: 1120000
2025/08/05 13:22:21 AttenuationSystem update time: 653.137712ms
2025/08/05 13:22:21 Run 9 complete
2025/08/05 13:22:21 StationSystem update...
2025/08/05 13:22:21 weather update count: 800
2025/08/05 13:22:21 StationSystem update time: 7.005µs
2025/08/05 13:22:21 SatelliteSystem update...
2025/08/05 13:22:21 satellite count: 1400
2025/08/05 13:22:21 SatelliteSystem update time: 5.325322ms
2025/08/05 13:22:21 TopoSystem update...
2025/08/05 13:22:21 TopoSystem: Link count: 1120000
2025/08/05 13:22:21 TopoSystem update time: 26.395049ms
2025/08/05 13:22:21 AttenuationSystem update...
2025/08/05 13:22:21 AttenuationSystem parallel flag: 0
2025/08/05 13:22:22 Attenuation computed count: 1120000
2025/08/05 13:22:22 AttenuationSystem update time: 681.125067ms
2025/08/05 13:22:22 Run 10 complete
2025/08/05 13:22:22 Total update time:  7.078471781s
2025/08/05 13:22:22 linkCache size: 40

 Performance counter stats for './scale_ecs 800 1400 10 8 4 0':

        27,605,809      cache-references                                                      
         8,442,898      cache-misses                     #   30.58% of all cache refs         

       7.087872771 seconds time elapsed

      26.276405000 seconds user
       0.244040000 seconds sys


