ECS running with 600 stations, 900 satellites, 4 numWGs and 4 numBlocks for 10 rounds in 1 parallel pattern
2025/08/05 12:12:22 StationSystem update...
2025/08/05 12:12:22 weather update count: 600
2025/08/05 12:12:22 StationSystem update time: 4.347µs
2025/08/05 12:12:22 SatelliteSystem update...
2025/08/05 12:12:22 satellite count: 900
2025/08/05 12:12:22 SatelliteSystem update time: 3.423129ms
2025/08/05 12:12:22 TopoSystem update...
2025/08/05 12:12:22 TopoSystem: Link count: 540000
2025/08/05 12:12:22 TopoSystem update time: 17.364796ms
2025/08/05 12:12:22 AttenuationSystem update...
2025/08/05 12:12:22 AttenuationSystem parallel flag: 1
2025/08/05 12:12:22 Attenuation computed count: 540000
2025/08/05 12:12:22 AttenuationSystem update time: 309.680939ms
2025/08/05 12:12:22 Run 1 complete
2025/08/05 12:12:22 StationSystem update...
2025/08/05 12:12:22 weather update count: 600
2025/08/05 12:12:22 StationSystem update time: 4.435µs
2025/08/05 12:12:22 SatelliteSystem update...
2025/08/05 12:12:22 satellite count: 900
2025/08/05 12:12:22 SatelliteSystem update time: 3.405199ms
2025/08/05 12:12:22 TopoSystem update...
2025/08/05 12:12:22 TopoSystem: Link count: 540000
2025/08/05 12:12:22 TopoSystem update time: 14.886811ms
2025/08/05 12:12:22 AttenuationSystem update...
2025/08/05 12:12:22 AttenuationSystem parallel flag: 1
2025/08/05 12:12:22 Attenuation computed count: 540000
2025/08/05 12:12:22 AttenuationSystem update time: 327.856583ms
2025/08/05 12:12:22 Run 2 complete
2025/08/05 12:12:22 StationSystem update...
2025/08/05 12:12:22 weather update count: 600
2025/08/05 12:12:22 StationSystem update time: 6.808µs
2025/08/05 12:12:22 SatelliteSystem update...
2025/08/05 12:12:22 satellite count: 900
2025/08/05 12:12:22 SatelliteSystem update time: 3.431504ms
2025/08/05 12:12:22 TopoSystem update...
2025/08/05 12:12:22 TopoSystem: Link count: 540000
2025/08/05 12:12:22 TopoSystem update time: 10.019503ms
2025/08/05 12:12:22 AttenuationSystem update...
2025/08/05 12:12:22 AttenuationSystem parallel flag: 1
2025/08/05 12:12:23 Attenuation computed count: 540000
2025/08/05 12:12:23 AttenuationSystem update time: 346.283506ms
2025/08/05 12:12:23 Run 3 complete
2025/08/05 12:12:23 StationSystem update...
2025/08/05 12:12:23 weather update count: 600
2025/08/05 12:12:23 StationSystem update time: 3.682µs
2025/08/05 12:12:23 SatelliteSystem update...
2025/08/05 12:12:23 satellite count: 900
2025/08/05 12:12:23 SatelliteSystem update time: 3.454777ms
2025/08/05 12:12:23 TopoSystem update...
2025/08/05 12:12:23 TopoSystem: Link count: 540000
2025/08/05 12:12:23 TopoSystem update time: 9.056152ms
2025/08/05 12:12:23 AttenuationSystem update...
2025/08/05 12:12:23 AttenuationSystem parallel flag: 1
2025/08/05 12:12:23 Attenuation computed count: 540000
2025/08/05 12:12:23 AttenuationSystem update time: 312.845776ms
2025/08/05 12:12:23 Run 4 complete
2025/08/05 12:12:23 StationSystem update...
2025/08/05 12:12:23 weather update count: 600
2025/08/05 12:12:23 StationSystem update time: 4.721µs
2025/08/05 12:12:23 SatelliteSystem update...
2025/08/05 12:12:23 satellite count: 900
2025/08/05 12:12:23 SatelliteSystem update time: 3.431237ms
2025/08/05 12:12:23 TopoSystem update...
2025/08/05 12:12:23 TopoSystem: Link count: 540000
2025/08/05 12:12:23 TopoSystem update time: 8.581877ms
2025/08/05 12:12:23 AttenuationSystem update...
2025/08/05 12:12:23 AttenuationSystem parallel flag: 1
2025/08/05 12:12:23 Attenuation computed count: 540000
2025/08/05 12:12:23 AttenuationSystem update time: 313.790314ms
2025/08/05 12:12:23 Run 5 complete
2025/08/05 12:12:23 StationSystem update...
2025/08/05 12:12:23 weather update count: 600
2025/08/05 12:12:23 StationSystem update time: 15.506µs
2025/08/05 12:12:23 SatelliteSystem update...
2025/08/05 12:12:23 satellite count: 900
2025/08/05 12:12:23 SatelliteSystem update time: 3.086663ms
2025/08/05 12:12:23 TopoSystem update...
2025/08/05 12:12:23 TopoSystem: Link count: 540000
2025/08/05 12:12:23 TopoSystem update time: 19.98918ms
2025/08/05 12:12:23 AttenuationSystem update...
2025/08/05 12:12:23 AttenuationSystem parallel flag: 1
2025/08/05 12:12:24 Attenuation computed count: 540000
2025/08/05 12:12:24 AttenuationSystem update time: 337.066177ms
2025/08/05 12:12:24 Run 6 complete
2025/08/05 12:12:24 StationSystem update...
2025/08/05 12:12:24 weather update count: 600
2025/08/05 12:12:24 StationSystem update time: 4.158µs
2025/08/05 12:12:24 SatelliteSystem update...
2025/08/05 12:12:24 satellite count: 900
2025/08/05 12:12:24 SatelliteSystem update time: 3.430431ms
2025/08/05 12:12:24 TopoSystem update...
2025/08/05 12:12:24 TopoSystem: Link count: 540000
2025/08/05 12:12:24 TopoSystem update time: 10.735399ms
2025/08/05 12:12:24 AttenuationSystem update...
2025/08/05 12:12:24 AttenuationSystem parallel flag: 1
2025/08/05 12:12:24 Attenuation computed count: 540000
2025/08/05 12:12:24 AttenuationSystem update time: 343.218571ms
2025/08/05 12:12:24 Run 7 complete
2025/08/05 12:12:24 StationSystem update...
2025/08/05 12:12:24 weather update count: 600
2025/08/05 12:12:24 StationSystem update time: 4.191µs
2025/08/05 12:12:24 SatelliteSystem update...
2025/08/05 12:12:24 satellite count: 900
2025/08/05 12:12:24 SatelliteSystem update time: 2.556016ms
2025/08/05 12:12:24 TopoSystem update...
2025/08/05 12:12:24 TopoSystem: Link count: 540000
2025/08/05 12:12:24 TopoSystem update time: 8.326793ms
2025/08/05 12:12:24 AttenuationSystem update...
2025/08/05 12:12:24 AttenuationSystem parallel flag: 1
2025/08/05 12:12:24 Attenuation computed count: 540000
2025/08/05 12:12:24 AttenuationSystem update time: 341.529507ms
2025/08/05 12:12:24 Run 8 complete
2025/08/05 12:12:24 StationSystem update...
2025/08/05 12:12:24 weather update count: 600
2025/08/05 12:12:24 StationSystem update time: 6.2µs
2025/08/05 12:12:24 SatelliteSystem update...
2025/08/05 12:12:24 satellite count: 900
2025/08/05 12:12:24 SatelliteSystem update time: 2.554897ms
2025/08/05 12:12:24 TopoSystem update...
2025/08/05 12:12:24 TopoSystem: Link count: 540000
2025/08/05 12:12:24 TopoSystem update time: 7.886771ms
2025/08/05 12:12:24 AttenuationSystem update...
2025/08/05 12:12:24 AttenuationSystem parallel flag: 1
2025/08/05 12:12:25 Attenuation computed count: 540000
2025/08/05 12:12:25 AttenuationSystem update time: 336.203121ms
2025/08/05 12:12:25 Run 9 complete
2025/08/05 12:12:25 StationSystem update...
2025/08/05 12:12:25 weather update count: 600
2025/08/05 12:12:25 StationSystem update time: 2.818µs
2025/08/05 12:12:25 SatelliteSystem update...
2025/08/05 12:12:25 satellite count: 900
2025/08/05 12:12:25 SatelliteSystem update time: 3.41318ms
2025/08/05 12:12:25 TopoSystem update...
2025/08/05 12:12:25 TopoSystem: Link count: 540000
2025/08/05 12:12:25 TopoSystem update time: 7.750266ms
2025/08/05 12:12:25 AttenuationSystem update...
2025/08/05 12:12:25 AttenuationSystem parallel flag: 1
2025/08/05 12:12:25 Attenuation computed count: 540000
2025/08/05 12:12:25 AttenuationSystem update time: 307.267993ms
2025/08/05 12:12:25 Run 10 complete
2025/08/05 12:12:25 Total update time:  3.429577089s
2025/08/05 12:12:25 linkCache size: 40

 Performance counter stats for './scale_ecs 600 900 10 4 4 1':

        13,124,391      cache-references                                                      
         3,108,684      cache-misses                     #   23.69% of all cache refs         

       3.439490915 seconds time elapsed

      11.873651000 seconds user
       0.085961000 seconds sys


