ECS running with 900 stations, 1200 satellites, 2 numWGs and 2 numBlocks for 10 rounds in 0 parallel pattern
2025/08/05 13:52:31 StationSystem update...
2025/08/05 13:52:31 weather update count: 900
2025/08/05 13:52:31 SatelliteSystem update...
2025/08/05 13:52:31 StationSystem update time: 5.978µs
2025/08/05 13:52:31 satellite count: 1200
2025/08/05 13:52:31 SatelliteSystem update time: 4.575594ms
2025/08/05 13:52:31 TopoSystem update...
2025/08/05 13:52:31 TopoSystem: Link count: 1080000
2025/08/05 13:52:31 TopoSystem update time: 40.596681ms
2025/08/05 13:52:31 AttenuationSystem update...
2025/08/05 13:52:31 AttenuationSystem parallel flag: 0
2025/08/05 13:52:33 Attenuation computed count: 1080000
2025/08/05 13:52:33 AttenuationSystem update time: 1.260910126s
2025/08/05 13:52:33 Run 1 complete
2025/08/05 13:52:33 StationSystem update...
2025/08/05 13:52:33 weather update count: 900
2025/08/05 13:52:33 StationSystem update time: 8.305µs
2025/08/05 13:52:33 SatelliteSystem update...
2025/08/05 13:52:33 satellite count: 1200
2025/08/05 13:52:33 SatelliteSystem update time: 4.93184ms
2025/08/05 13:52:33 TopoSystem update...
2025/08/05 13:52:33 TopoSystem: Link count: 1080000
2025/08/05 13:52:33 TopoSystem update time: 33.565814ms
2025/08/05 13:52:33 AttenuationSystem update...
2025/08/05 13:52:33 AttenuationSystem parallel flag: 0
2025/08/05 13:52:34 Attenuation computed count: 1080000
2025/08/05 13:52:34 AttenuationSystem update time: 1.276699062s
2025/08/05 13:52:34 Run 2 complete
2025/08/05 13:52:34 StationSystem update...
2025/08/05 13:52:34 weather update count: 900
2025/08/05 13:52:34 StationSystem update time: 6.511µs
2025/08/05 13:52:34 SatelliteSystem update...
2025/08/05 13:52:34 satellite count: 1200
2025/08/05 13:52:34 SatelliteSystem update time: 4.566741ms
2025/08/05 13:52:34 TopoSystem update...
2025/08/05 13:52:34 TopoSystem: Link count: 1080000
2025/08/05 13:52:34 TopoSystem update time: 24.300373ms
2025/08/05 13:52:34 AttenuationSystem update...
2025/08/05 13:52:34 AttenuationSystem parallel flag: 0
2025/08/05 13:52:35 Attenuation computed count: 1080000
2025/08/05 13:52:35 AttenuationSystem update time: 1.243468308s
2025/08/05 13:52:35 Run 3 complete
2025/08/05 13:52:35 StationSystem update...
2025/08/05 13:52:35 weather update count: 900
2025/08/05 13:52:35 StationSystem update time: 9.482µs
2025/08/05 13:52:35 SatelliteSystem update...
2025/08/05 13:52:35 satellite count: 1200
2025/08/05 13:52:35 SatelliteSystem update time: 12.272699ms
2025/08/05 13:52:35 TopoSystem update...
2025/08/05 13:52:35 TopoSystem: Link count: 1080000
2025/08/05 13:52:35 TopoSystem update time: 47.256522ms
2025/08/05 13:52:35 AttenuationSystem update...
2025/08/05 13:52:35 AttenuationSystem parallel flag: 0
2025/08/05 13:52:36 Attenuation computed count: 1080000
2025/08/05 13:52:36 AttenuationSystem update time: 1.078615259s
2025/08/05 13:52:36 Run 4 complete
2025/08/05 13:52:36 StationSystem update...
2025/08/05 13:52:36 weather update count: 900
2025/08/05 13:52:36 StationSystem update time: 7.395µs
2025/08/05 13:52:36 SatelliteSystem update...
2025/08/05 13:52:36 satellite count: 1200
2025/08/05 13:52:36 SatelliteSystem update time: 3.663317ms
2025/08/05 13:52:36 TopoSystem update...
2025/08/05 13:52:36 TopoSystem: Link count: 1080000
2025/08/05 13:52:36 TopoSystem update time: 32.238485ms
2025/08/05 13:52:36 AttenuationSystem update...
2025/08/05 13:52:36 AttenuationSystem parallel flag: 0
2025/08/05 13:52:38 Attenuation computed count: 1080000
2025/08/05 13:52:38 AttenuationSystem update time: 1.213401808s
2025/08/05 13:52:38 Run 5 complete
2025/08/05 13:52:38 StationSystem update...
2025/08/05 13:52:38 weather update count: 900
2025/08/05 13:52:38 StationSystem update time: 3.512µs
2025/08/05 13:52:38 SatelliteSystem update...
2025/08/05 13:52:38 satellite count: 1200
2025/08/05 13:52:38 SatelliteSystem update time: 3.388209ms
2025/08/05 13:52:38 TopoSystem update...
2025/08/05 13:52:38 TopoSystem: Link count: 1080000
2025/08/05 13:52:38 TopoSystem update time: 48.368945ms
2025/08/05 13:52:38 AttenuationSystem update...
2025/08/05 13:52:38 AttenuationSystem parallel flag: 0
2025/08/05 13:52:39 Attenuation computed count: 1080000
2025/08/05 13:52:39 AttenuationSystem update time: 1.230990588s
2025/08/05 13:52:39 Run 6 complete
2025/08/05 13:52:39 StationSystem update...
2025/08/05 13:52:39 weather update count: 900
2025/08/05 13:52:39 StationSystem update time: 3.025µs
2025/08/05 13:52:39 SatelliteSystem update...
2025/08/05 13:52:39 satellite count: 1200
2025/08/05 13:52:39 SatelliteSystem update time: 3.375769ms
2025/08/05 13:52:39 TopoSystem update...
2025/08/05 13:52:39 TopoSystem: Link count: 1080000
2025/08/05 13:52:39 TopoSystem update time: 43.013249ms
2025/08/05 13:52:39 AttenuationSystem update...
2025/08/05 13:52:39 AttenuationSystem parallel flag: 0
2025/08/05 13:52:40 Attenuation computed count: 1080000
2025/08/05 13:52:40 AttenuationSystem update time: 1.256032416s
2025/08/05 13:52:40 Run 7 complete
2025/08/05 13:52:40 StationSystem update...
2025/08/05 13:52:40 weather update count: 900
2025/08/05 13:52:40 StationSystem update time: 5.168µs
2025/08/05 13:52:40 SatelliteSystem update...
2025/08/05 13:52:40 satellite count: 1200
2025/08/05 13:52:40 SatelliteSystem update time: 4.551265ms
2025/08/05 13:52:40 TopoSystem update...
2025/08/05 13:52:40 TopoSystem: Link count: 1080000
2025/08/05 13:52:40 TopoSystem update time: 19.132547ms
2025/08/05 13:52:40 AttenuationSystem update...
2025/08/05 13:52:40 AttenuationSystem parallel flag: 0
2025/08/05 13:52:42 Attenuation computed count: 1080000
2025/08/05 13:52:42 AttenuationSystem update time: 1.249278632s
2025/08/05 13:52:42 Run 8 complete
2025/08/05 13:52:42 StationSystem update...
2025/08/05 13:52:42 weather update count: 900
2025/08/05 13:52:42 SatelliteSystem update...
2025/08/05 13:52:42 StationSystem update time: 3.92µs
2025/08/05 13:52:42 satellite count: 1200
2025/08/05 13:52:42 SatelliteSystem update time: 3.389966ms
2025/08/05 13:52:42 TopoSystem update...
2025/08/05 13:52:42 TopoSystem: Link count: 1080000
2025/08/05 13:52:42 TopoSystem update time: 16.418501ms
2025/08/05 13:52:42 AttenuationSystem update...
2025/08/05 13:52:42 AttenuationSystem parallel flag: 0
2025/08/05 13:52:43 Attenuation computed count: 1080000
2025/08/05 13:52:43 AttenuationSystem update time: 1.271295037s
2025/08/05 13:52:43 Run 9 complete
2025/08/05 13:52:43 StationSystem update...
2025/08/05 13:52:43 weather update count: 900
2025/08/05 13:52:43 StationSystem update time: 3.761µs
2025/08/05 13:52:43 SatelliteSystem update...
2025/08/05 13:52:43 satellite count: 1200
2025/08/05 13:52:43 SatelliteSystem update time: 4.565139ms
2025/08/05 13:52:43 TopoSystem update...
2025/08/05 13:52:43 TopoSystem: Link count: 1080000
2025/08/05 13:52:43 TopoSystem update time: 18.038564ms
2025/08/05 13:52:43 AttenuationSystem update...
2025/08/05 13:52:43 AttenuationSystem parallel flag: 0
2025/08/05 13:52:44 Attenuation computed count: 1080000
2025/08/05 13:52:44 AttenuationSystem update time: 1.254722573s
2025/08/05 13:52:44 Run 10 complete
2025/08/05 13:52:44 Total update time:  12.716328207s
2025/08/05 13:52:44 linkCache size: 40

 Performance counter stats for './scale_ecs 900 1200 10 2 2 0':

        23,731,428      cache-references                                                      
         6,803,150      cache-misses                     #   28.67% of all cache refs         

      12.724774716 seconds time elapsed

      24.501974000 seconds user
       0.189161000 seconds sys


