ECS running with 900 stations, 1200 satellites, 8 numWGs and 2 numBlocks for 10 rounds in 0 parallel pattern
2025/08/05 13:54:10 StationSystem update...
2025/08/05 13:54:10 weather update count: 900
2025/08/05 13:54:10 StationSystem update time: 5.721µs
2025/08/05 13:54:10 SatelliteSystem update...
2025/08/05 13:54:10 satellite count: 1200
2025/08/05 13:54:10 SatelliteSystem update time: 4.590066ms
2025/08/05 13:54:10 TopoSystem update...
2025/08/05 13:54:10 TopoSystem: Link count: 1080000
2025/08/05 13:54:10 TopoSystem update time: 32.851625ms
2025/08/05 13:54:10 AttenuationSystem update...
2025/08/05 13:54:10 AttenuationSystem parallel flag: 0
2025/08/05 13:54:12 Attenuation computed count: 1080000
2025/08/05 13:54:12 AttenuationSystem update time: 1.237382798s
2025/08/05 13:54:12 Run 1 complete
2025/08/05 13:54:12 StationSystem update...
2025/08/05 13:54:12 weather update count: 900
2025/08/05 13:54:12 StationSystem update time: 10.508µs
2025/08/05 13:54:12 SatelliteSystem update...
2025/08/05 13:54:12 satellite count: 1200
2025/08/05 13:54:12 SatelliteSystem update time: 5.531609ms
2025/08/05 13:54:12 TopoSystem update...
2025/08/05 13:54:12 TopoSystem: Link count: 1080000
2025/08/05 13:54:12 TopoSystem update time: 32.920535ms
2025/08/05 13:54:12 AttenuationSystem update...
2025/08/05 13:54:12 AttenuationSystem parallel flag: 0
2025/08/05 13:54:13 Attenuation computed count: 1080000
2025/08/05 13:54:13 AttenuationSystem update time: 1.274177694s
2025/08/05 13:54:13 Run 2 complete
2025/08/05 13:54:13 StationSystem update...
2025/08/05 13:54:13 weather update count: 900
2025/08/05 13:54:13 StationSystem update time: 12.343µs
2025/08/05 13:54:13 SatelliteSystem update...
2025/08/05 13:54:13 satellite count: 1200
2025/08/05 13:54:13 SatelliteSystem update time: 4.633709ms
2025/08/05 13:54:13 TopoSystem update...
2025/08/05 13:54:13 TopoSystem: Link count: 1080000
2025/08/05 13:54:13 TopoSystem update time: 27.392868ms
2025/08/05 13:54:13 AttenuationSystem update...
2025/08/05 13:54:13 AttenuationSystem parallel flag: 0
2025/08/05 13:54:14 Attenuation computed count: 1080000
2025/08/05 13:54:14 AttenuationSystem update time: 1.239035047s
2025/08/05 13:54:14 Run 3 complete
2025/08/05 13:54:14 StationSystem update...
2025/08/05 13:54:14 weather update count: 900
2025/08/05 13:54:14 StationSystem update time: 15.15µs
2025/08/05 13:54:14 SatelliteSystem update...
2025/08/05 13:54:14 satellite count: 1200
2025/08/05 13:54:14 SatelliteSystem update time: 5.006823ms
2025/08/05 13:54:14 TopoSystem update...
2025/08/05 13:54:14 TopoSystem: Link count: 1080000
2025/08/05 13:54:14 TopoSystem update time: 36.820082ms
2025/08/05 13:54:14 AttenuationSystem update...
2025/08/05 13:54:14 AttenuationSystem parallel flag: 0
2025/08/05 13:54:16 Attenuation computed count: 1080000
2025/08/05 13:54:16 AttenuationSystem update time: 1.269091117s
2025/08/05 13:54:16 Run 4 complete
2025/08/05 13:54:16 StationSystem update...
2025/08/05 13:54:16 weather update count: 900
2025/08/05 13:54:16 StationSystem update time: 9.437µs
2025/08/05 13:54:16 SatelliteSystem update...
2025/08/05 13:54:16 satellite count: 1200
2025/08/05 13:54:16 SatelliteSystem update time: 4.915494ms
2025/08/05 13:54:16 TopoSystem update...
2025/08/05 13:54:16 TopoSystem: Link count: 1080000
2025/08/05 13:54:16 TopoSystem update time: 64.208655ms
2025/08/05 13:54:16 AttenuationSystem update...
2025/08/05 13:54:16 AttenuationSystem parallel flag: 0
2025/08/05 13:54:17 Attenuation computed count: 1080000
2025/08/05 13:54:17 AttenuationSystem update time: 1.243062815s
2025/08/05 13:54:17 Run 5 complete
2025/08/05 13:54:17 StationSystem update...
2025/08/05 13:54:17 weather update count: 900
2025/08/05 13:54:17 StationSystem update time: 5.182µs
2025/08/05 13:54:17 SatelliteSystem update...
2025/08/05 13:54:17 satellite count: 1200
2025/08/05 13:54:17 SatelliteSystem update time: 4.568404ms
2025/08/05 13:54:17 TopoSystem update...
2025/08/05 13:54:17 TopoSystem: Link count: 1080000
2025/08/05 13:54:17 TopoSystem update time: 44.982541ms
2025/08/05 13:54:17 AttenuationSystem update...
2025/08/05 13:54:17 AttenuationSystem parallel flag: 0
2025/08/05 13:54:18 Attenuation computed count: 1080000
2025/08/05 13:54:18 AttenuationSystem update time: 1.265931731s
2025/08/05 13:54:18 Run 6 complete
2025/08/05 13:54:18 StationSystem update...
2025/08/05 13:54:18 weather update count: 900
2025/08/05 13:54:18 StationSystem update time: 5.97µs
2025/08/05 13:54:18 SatelliteSystem update...
2025/08/05 13:54:18 satellite count: 1200
2025/08/05 13:54:18 SatelliteSystem update time: 4.565005ms
2025/08/05 13:54:18 TopoSystem update...
2025/08/05 13:54:18 TopoSystem: Link count: 1080000
2025/08/05 13:54:18 TopoSystem update time: 18.658438ms
2025/08/05 13:54:18 AttenuationSystem update...
2025/08/05 13:54:18 AttenuationSystem parallel flag: 0
2025/08/05 13:54:20 Attenuation computed count: 1080000
2025/08/05 13:54:20 AttenuationSystem update time: 1.251111834s
2025/08/05 13:54:20 Run 7 complete
2025/08/05 13:54:20 StationSystem update...
2025/08/05 13:54:20 weather update count: 900
2025/08/05 13:54:20 StationSystem update time: 4.287µs
2025/08/05 13:54:20 SatelliteSystem update...
2025/08/05 13:54:20 satellite count: 1200
2025/08/05 13:54:20 SatelliteSystem update time: 4.567559ms
2025/08/05 13:54:20 TopoSystem update...
2025/08/05 13:54:20 TopoSystem: Link count: 1080000
2025/08/05 13:54:20 TopoSystem update time: 17.887926ms
2025/08/05 13:54:20 AttenuationSystem update...
2025/08/05 13:54:20 AttenuationSystem parallel flag: 0
2025/08/05 13:54:21 Attenuation computed count: 1080000
2025/08/05 13:54:21 AttenuationSystem update time: 1.255374243s
2025/08/05 13:54:21 Run 8 complete
2025/08/05 13:54:21 StationSystem update...
2025/08/05 13:54:21 weather update count: 900
2025/08/05 13:54:21 StationSystem update time: 4.925µs
2025/08/05 13:54:21 SatelliteSystem update...
2025/08/05 13:54:21 satellite count: 1200
2025/08/05 13:54:21 SatelliteSystem update time: 4.562604ms
2025/08/05 13:54:21 TopoSystem update...
2025/08/05 13:54:21 TopoSystem: Link count: 1080000
2025/08/05 13:54:21 TopoSystem update time: 38.668383ms
2025/08/05 13:54:21 AttenuationSystem update...
2025/08/05 13:54:21 AttenuationSystem parallel flag: 0
2025/08/05 13:54:22 Attenuation computed count: 1080000
2025/08/05 13:54:22 AttenuationSystem update time: 1.27041688s
2025/08/05 13:54:22 Run 9 complete
2025/08/05 13:54:22 StationSystem update...
2025/08/05 13:54:22 weather update count: 900
2025/08/05 13:54:22 StationSystem update time: 5.912µs
2025/08/05 13:54:22 SatelliteSystem update...
2025/08/05 13:54:22 satellite count: 1200
2025/08/05 13:54:22 SatelliteSystem update time: 4.621523ms
2025/08/05 13:54:22 TopoSystem update...
2025/08/05 13:54:22 TopoSystem: Link count: 1080000
2025/08/05 13:54:22 TopoSystem update time: 20.958288ms
2025/08/05 13:54:22 AttenuationSystem update...
2025/08/05 13:54:22 AttenuationSystem parallel flag: 0
2025/08/05 13:54:23 Attenuation computed count: 1080000
2025/08/05 13:54:23 AttenuationSystem update time: 1.264034859s
2025/08/05 13:54:23 Run 10 complete
2025/08/05 13:54:23 Total update time:  12.960887334s
2025/08/05 13:54:23 linkCache size: 40

 Performance counter stats for './scale_ecs 900 1200 10 8 2 0':

        23,891,488      cache-references                                                      
         6,846,864      cache-misses                     #   28.66% of all cache refs         

      12.970911252 seconds time elapsed

      25.097375000 seconds user
       0.176051000 seconds sys


