ECS running with 500 stations, 1600 satellites, 8 numWGs and 4 numBlocks for 10 rounds in 0 parallel pattern
2025/08/05 11:59:38 StationSystem update...
2025/08/05 11:59:38 weather update count: 500
2025/08/05 11:59:38 SatelliteSystem update...
2025/08/05 11:59:38 StationSystem update time: 4.283µs
2025/08/05 11:59:38 satellite count: 1600
2025/08/05 11:59:38 SatelliteSystem update time: 6.059657ms
2025/08/05 11:59:38 TopoSystem update...
2025/08/05 11:59:38 TopoSystem: Link count: 800000
2025/08/05 11:59:38 TopoSystem update time: 22.787769ms
2025/08/05 11:59:38 AttenuationSystem update...
2025/08/05 11:59:38 AttenuationSystem parallel flag: 0
2025/08/05 11:59:39 Attenuation computed count: 800000
2025/08/05 11:59:39 AttenuationSystem update time: 456.2372ms
2025/08/05 11:59:39 Run 1 complete
2025/08/05 11:59:39 StationSystem update...
2025/08/05 11:59:39 weather update count: 500
2025/08/05 11:59:39 StationSystem update time: 4.695µs
2025/08/05 11:59:39 SatelliteSystem update...
2025/08/05 11:59:39 satellite count: 1600
2025/08/05 11:59:39 SatelliteSystem update time: 6.090376ms
2025/08/05 11:59:39 TopoSystem update...
2025/08/05 11:59:39 TopoSystem: Link count: 800000
2025/08/05 11:59:39 TopoSystem update time: 22.211472ms
2025/08/05 11:59:39 AttenuationSystem update...
2025/08/05 11:59:39 AttenuationSystem parallel flag: 0
2025/08/05 11:59:39 Attenuation computed count: 800000
2025/08/05 11:59:39 AttenuationSystem update time: 455.770519ms
2025/08/05 11:59:39 Run 2 complete
2025/08/05 11:59:39 StationSystem update...
2025/08/05 11:59:39 weather update count: 500
2025/08/05 11:59:39 StationSystem update time: 3.627µs
2025/08/05 11:59:39 SatelliteSystem update...
2025/08/05 11:59:39 satellite count: 1600
2025/08/05 11:59:39 SatelliteSystem update time: 4.499352ms
2025/08/05 11:59:39 TopoSystem update...
2025/08/05 11:59:39 TopoSystem: Link count: 800000
2025/08/05 11:59:39 TopoSystem update time: 19.288869ms
2025/08/05 11:59:39 AttenuationSystem update...
2025/08/05 11:59:39 AttenuationSystem parallel flag: 0
2025/08/05 11:59:40 Attenuation computed count: 800000
2025/08/05 11:59:40 AttenuationSystem update time: 481.260747ms
2025/08/05 11:59:40 Run 3 complete
2025/08/05 11:59:40 StationSystem update...
2025/08/05 11:59:40 weather update count: 500
2025/08/05 11:59:40 StationSystem update time: 4.109µs
2025/08/05 11:59:40 SatelliteSystem update...
2025/08/05 11:59:40 satellite count: 1600
2025/08/05 11:59:40 SatelliteSystem update time: 6.064921ms
2025/08/05 11:59:40 TopoSystem update...
2025/08/05 11:59:40 TopoSystem: Link count: 800000
2025/08/05 11:59:40 TopoSystem update time: 12.829801ms
2025/08/05 11:59:40 AttenuationSystem update...
2025/08/05 11:59:40 AttenuationSystem parallel flag: 0
2025/08/05 11:59:40 Attenuation computed count: 800000
2025/08/05 11:59:40 AttenuationSystem update time: 462.98457ms
2025/08/05 11:59:40 Run 4 complete
2025/08/05 11:59:40 StationSystem update...
2025/08/05 11:59:40 weather update count: 500
2025/08/05 11:59:40 StationSystem update time: 11.477µs
2025/08/05 11:59:40 SatelliteSystem update...
2025/08/05 11:59:40 satellite count: 1600
2025/08/05 11:59:40 SatelliteSystem update time: 7.460622ms
2025/08/05 11:59:40 TopoSystem update...
2025/08/05 11:59:40 TopoSystem: Link count: 800000
2025/08/05 11:59:40 TopoSystem update time: 32.027779ms
2025/08/05 11:59:40 AttenuationSystem update...
2025/08/05 11:59:40 AttenuationSystem parallel flag: 0
2025/08/05 11:59:41 Attenuation computed count: 800000
2025/08/05 11:59:41 AttenuationSystem update time: 478.455421ms
2025/08/05 11:59:41 Run 5 complete
2025/08/05 11:59:41 StationSystem update...
2025/08/05 11:59:41 weather update count: 500
2025/08/05 11:59:41 StationSystem update time: 4.108µs
2025/08/05 11:59:41 SatelliteSystem update...
2025/08/05 11:59:41 satellite count: 1600
2025/08/05 11:59:41 SatelliteSystem update time: 6.045203ms
2025/08/05 11:59:41 TopoSystem update...
2025/08/05 11:59:41 TopoSystem: Link count: 800000
2025/08/05 11:59:41 TopoSystem update time: 17.477348ms
2025/08/05 11:59:41 AttenuationSystem update...
2025/08/05 11:59:41 AttenuationSystem parallel flag: 0
2025/08/05 11:59:41 Attenuation computed count: 800000
2025/08/05 11:59:41 AttenuationSystem update time: 456.32406ms
2025/08/05 11:59:41 Run 6 complete
2025/08/05 11:59:41 StationSystem update...
2025/08/05 11:59:41 weather update count: 500
2025/08/05 11:59:41 StationSystem update time: 4.449µs
2025/08/05 11:59:41 SatelliteSystem update...
2025/08/05 11:59:41 satellite count: 1600
2025/08/05 11:59:41 SatelliteSystem update time: 6.08335ms
2025/08/05 11:59:41 TopoSystem update...
2025/08/05 11:59:41 TopoSystem: Link count: 800000
2025/08/05 11:59:41 TopoSystem update time: 12.990981ms
2025/08/05 11:59:41 AttenuationSystem update...
2025/08/05 11:59:41 AttenuationSystem parallel flag: 0
2025/08/05 11:59:42 Attenuation computed count: 800000
2025/08/05 11:59:42 AttenuationSystem update time: 469.739447ms
2025/08/05 11:59:42 Run 7 complete
2025/08/05 11:59:42 StationSystem update...
2025/08/05 11:59:42 weather update count: 500
2025/08/05 11:59:42 StationSystem update time: 4.381µs
2025/08/05 11:59:42 SatelliteSystem update...
2025/08/05 11:59:42 satellite count: 1600
2025/08/05 11:59:42 SatelliteSystem update time: 6.064961ms
2025/08/05 11:59:42 TopoSystem update...
2025/08/05 11:59:42 TopoSystem: Link count: 800000
2025/08/05 11:59:42 TopoSystem update time: 12.96671ms
2025/08/05 11:59:42 AttenuationSystem update...
2025/08/05 11:59:42 AttenuationSystem parallel flag: 0
2025/08/05 11:59:42 Attenuation computed count: 800000
2025/08/05 11:59:42 AttenuationSystem update time: 468.826325ms
2025/08/05 11:59:42 Run 8 complete
2025/08/05 11:59:42 StationSystem update...
2025/08/05 11:59:42 weather update count: 500
2025/08/05 11:59:42 StationSystem update time: 4.163µs
2025/08/05 11:59:42 SatelliteSystem update...
2025/08/05 11:59:42 satellite count: 1600
2025/08/05 11:59:42 SatelliteSystem update time: 6.077257ms
2025/08/05 11:59:42 TopoSystem update...
2025/08/05 11:59:42 TopoSystem: Link count: 800000
2025/08/05 11:59:42 TopoSystem update time: 13.024754ms
2025/08/05 11:59:42 AttenuationSystem update...
2025/08/05 11:59:42 AttenuationSystem parallel flag: 0
2025/08/05 11:59:43 Attenuation computed count: 800000
2025/08/05 11:59:43 AttenuationSystem update time: 478.400874ms
2025/08/05 11:59:43 Run 9 complete
2025/08/05 11:59:43 StationSystem update...
2025/08/05 11:59:43 weather update count: 500
2025/08/05 11:59:43 StationSystem update time: 5.084µs
2025/08/05 11:59:43 SatelliteSystem update...
2025/08/05 11:59:43 satellite count: 1600
2025/08/05 11:59:43 SatelliteSystem update time: 6.545775ms
2025/08/05 11:59:43 TopoSystem update...
2025/08/05 11:59:43 TopoSystem: Link count: 800000
2025/08/05 11:59:43 TopoSystem update time: 37.920898ms
2025/08/05 11:59:43 AttenuationSystem update...
2025/08/05 11:59:43 AttenuationSystem parallel flag: 0
2025/08/05 11:59:43 Attenuation computed count: 800000
2025/08/05 11:59:43 AttenuationSystem update time: 485.060188ms
2025/08/05 11:59:43 Run 10 complete
2025/08/05 11:59:43 Total update time:  4.967458823s
2025/08/05 11:59:43 linkCache size: 40

 Performance counter stats for './scale_ecs 500 1600 10 8 4 0':

        18,871,401      cache-references                                                      
         4,901,540      cache-misses                     #   25.97% of all cache refs         

       4.974365416 seconds time elapsed

      18.150902000 seconds user
       0.137052000 seconds sys


