ECS running with 700 stations, 1400 satellites, 4 numWGs and 4 numBlocks for 10 rounds in 0 parallel pattern
2025/08/05 12:48:26 StationSystem update...
2025/08/05 12:48:26 weather update count: 700
2025/08/05 12:48:26 StationSystem update time: 4.544µs
2025/08/05 12:48:26 SatelliteSystem update...
2025/08/05 12:48:26 satellite count: 1400
2025/08/05 12:48:26 SatelliteSystem update time: 5.334942ms
2025/08/05 12:48:26 TopoSystem update...
2025/08/05 12:48:26 TopoSystem: Link count: 980000
2025/08/05 12:48:26 TopoSystem update time: 31.628211ms
2025/08/05 12:48:26 AttenuationSystem update...
2025/08/05 12:48:26 AttenuationSystem parallel flag: 0
2025/08/05 12:48:27 Attenuation computed count: 980000
2025/08/05 12:48:27 AttenuationSystem update time: 560.983543ms
2025/08/05 12:48:27 Run 1 complete
2025/08/05 12:48:27 StationSystem update...
2025/08/05 12:48:27 weather update count: 700
2025/08/05 12:48:27 StationSystem update time: 3.25µs
2025/08/05 12:48:27 SatelliteSystem update...
2025/08/05 12:48:27 satellite count: 1400
2025/08/05 12:48:27 SatelliteSystem update time: 5.318575ms
2025/08/05 12:48:27 TopoSystem update...
2025/08/05 12:48:27 TopoSystem: Link count: 980000
2025/08/05 12:48:27 TopoSystem update time: 27.09076ms
2025/08/05 12:48:27 AttenuationSystem update...
2025/08/05 12:48:27 AttenuationSystem parallel flag: 0
2025/08/05 12:48:27 Attenuation computed count: 980000
2025/08/05 12:48:27 AttenuationSystem update time: 526.290073ms
2025/08/05 12:48:27 Run 2 complete
2025/08/05 12:48:27 SatelliteSystem update...
2025/08/05 12:48:27 StationSystem update...
2025/08/05 12:48:27 weather update count: 700
2025/08/05 12:48:27 StationSystem update time: 13.207µs
2025/08/05 12:48:27 satellite count: 1400
2025/08/05 12:48:27 SatelliteSystem update time: 4.935084ms
2025/08/05 12:48:27 TopoSystem update...
2025/08/05 12:48:27 TopoSystem: Link count: 980000
2025/08/05 12:48:27 TopoSystem update time: 37.418123ms
2025/08/05 12:48:27 AttenuationSystem update...
2025/08/05 12:48:27 AttenuationSystem parallel flag: 0
2025/08/05 12:48:28 Attenuation computed count: 980000
2025/08/05 12:48:28 AttenuationSystem update time: 591.944218ms
2025/08/05 12:48:28 Run 3 complete
2025/08/05 12:48:28 StationSystem update...
2025/08/05 12:48:28 SatelliteSystem update...
2025/08/05 12:48:28 weather update count: 700
2025/08/05 12:48:28 StationSystem update time: 9.47µs
2025/08/05 12:48:28 satellite count: 1400
2025/08/05 12:48:28 SatelliteSystem update time: 3.944814ms
2025/08/05 12:48:28 TopoSystem update...
2025/08/05 12:48:28 TopoSystem: Link count: 980000
2025/08/05 12:48:28 TopoSystem update time: 30.506676ms
2025/08/05 12:48:28 AttenuationSystem update...
2025/08/05 12:48:28 AttenuationSystem parallel flag: 0
2025/08/05 12:48:29 Attenuation computed count: 980000
2025/08/05 12:48:29 AttenuationSystem update time: 568.800019ms
2025/08/05 12:48:29 Run 4 complete
2025/08/05 12:48:29 StationSystem update...
2025/08/05 12:48:29 weather update count: 700
2025/08/05 12:48:29 StationSystem update time: 6.049µs
2025/08/05 12:48:29 SatelliteSystem update...
2025/08/05 12:48:29 satellite count: 1400
2025/08/05 12:48:29 SatelliteSystem update time: 3.939418ms
2025/08/05 12:48:29 TopoSystem update...
2025/08/05 12:48:29 TopoSystem: Link count: 980000
2025/08/05 12:48:29 TopoSystem update time: 22.540859ms
2025/08/05 12:48:29 AttenuationSystem update...
2025/08/05 12:48:29 AttenuationSystem parallel flag: 0
2025/08/05 12:48:29 Attenuation computed count: 980000
2025/08/05 12:48:29 AttenuationSystem update time: 584.469432ms
2025/08/05 12:48:29 Run 5 complete
2025/08/05 12:48:29 StationSystem update...
2025/08/05 12:48:29 weather update count: 700
2025/08/05 12:48:29 StationSystem update time: 4.736µs
2025/08/05 12:48:29 SatelliteSystem update...
2025/08/05 12:48:29 satellite count: 1400
2025/08/05 12:48:29 SatelliteSystem update time: 5.324366ms
2025/08/05 12:48:29 TopoSystem update...
2025/08/05 12:48:29 TopoSystem: Link count: 980000
2025/08/05 12:48:29 TopoSystem update time: 15.337577ms
2025/08/05 12:48:29 AttenuationSystem update...
2025/08/05 12:48:29 AttenuationSystem parallel flag: 0
2025/08/05 12:48:30 Attenuation computed count: 980000
2025/08/05 12:48:30 AttenuationSystem update time: 558.179784ms
2025/08/05 12:48:30 Run 6 complete
2025/08/05 12:48:30 StationSystem update...
2025/08/05 12:48:30 weather update count: 700
2025/08/05 12:48:30 SatelliteSystem update...
2025/08/05 12:48:30 StationSystem update time: 6.032µs
2025/08/05 12:48:30 satellite count: 1400
2025/08/05 12:48:30 SatelliteSystem update time: 4.512135ms
2025/08/05 12:48:30 TopoSystem update...
2025/08/05 12:48:30 TopoSystem: Link count: 980000
2025/08/05 12:48:30 TopoSystem update time: 14.888014ms
2025/08/05 12:48:30 AttenuationSystem update...
2025/08/05 12:48:30 AttenuationSystem parallel flag: 0
2025/08/05 12:48:30 Attenuation computed count: 980000
2025/08/05 12:48:30 AttenuationSystem update time: 548.006067ms
2025/08/05 12:48:30 Run 7 complete
2025/08/05 12:48:30 StationSystem update...
2025/08/05 12:48:30 weather update count: 700
2025/08/05 12:48:30 StationSystem update time: 16.809µs
2025/08/05 12:48:30 SatelliteSystem update...
2025/08/05 12:48:30 satellite count: 1400
2025/08/05 12:48:30 SatelliteSystem update time: 5.73847ms
2025/08/05 12:48:30 TopoSystem update...
2025/08/05 12:48:30 TopoSystem: Link count: 980000
2025/08/05 12:48:30 TopoSystem update time: 46.184157ms
2025/08/05 12:48:30 AttenuationSystem update...
2025/08/05 12:48:30 AttenuationSystem parallel flag: 0
2025/08/05 12:48:31 Attenuation computed count: 980000
2025/08/05 12:48:31 AttenuationSystem update time: 578.291578ms
2025/08/05 12:48:31 Run 8 complete
2025/08/05 12:48:31 StationSystem update...
2025/08/05 12:48:31 weather update count: 700
2025/08/05 12:48:31 StationSystem update time: 4.315µs
2025/08/05 12:48:31 SatelliteSystem update...
2025/08/05 12:48:31 satellite count: 1400
2025/08/05 12:48:31 SatelliteSystem update time: 3.958412ms
2025/08/05 12:48:31 TopoSystem update...
2025/08/05 12:48:31 TopoSystem: Link count: 980000
2025/08/05 12:48:31 TopoSystem update time: 26.062255ms
2025/08/05 12:48:31 AttenuationSystem update...
2025/08/05 12:48:31 AttenuationSystem parallel flag: 0
2025/08/05 12:48:32 Attenuation computed count: 980000
2025/08/05 12:48:32 AttenuationSystem update time: 593.198775ms
2025/08/05 12:48:32 Run 9 complete
2025/08/05 12:48:32 StationSystem update...
2025/08/05 12:48:32 weather update count: 700
2025/08/05 12:48:32 StationSystem update time: 5.501µs
2025/08/05 12:48:32 SatelliteSystem update...
2025/08/05 12:48:32 satellite count: 1400
2025/08/05 12:48:32 SatelliteSystem update time: 5.36417ms
2025/08/05 12:48:32 TopoSystem update...
2025/08/05 12:48:32 TopoSystem: Link count: 980000
2025/08/05 12:48:32 TopoSystem update time: 19.959037ms
2025/08/05 12:48:32 AttenuationSystem update...
2025/08/05 12:48:32 AttenuationSystem parallel flag: 0
2025/08/05 12:48:32 Attenuation computed count: 980000
2025/08/05 12:48:32 AttenuationSystem update time: 562.723624ms
2025/08/05 12:48:32 Run 10 complete
2025/08/05 12:48:32 Total update time:  6.00321879s
2025/08/05 12:48:32 linkCache size: 40

 Performance counter stats for './scale_ecs 700 1400 10 4 4 0':

        22,111,711      cache-references                                                      
         5,602,991      cache-misses                     #   25.34% of all cache refs         

       6.015856709 seconds time elapsed

      21.221913000 seconds user
       0.153064000 seconds sys


