ECS running with 900 stations, 2000 satellites, 4 numWGs and 2 numBlocks for 10 rounds in 0 parallel pattern
2025/08/05 14:18:31 StationSystem update...
2025/08/05 14:18:31 weather update count: 900
2025/08/05 14:18:31 SatelliteSystem update...
2025/08/05 14:18:31 StationSystem update time: 5.576µs
2025/08/05 14:18:31 satellite count: 2000
2025/08/05 14:18:31 SatelliteSystem update time: 7.609419ms
2025/08/05 14:18:31 TopoSystem update...
2025/08/05 14:18:31 TopoSystem: Link count: 1800000
2025/08/05 14:18:31 TopoSystem update time: 55.163681ms
2025/08/05 14:18:31 AttenuationSystem update...
2025/08/05 14:18:31 AttenuationSystem parallel flag: 0
2025/08/05 14:18:33 Attenuation computed count: 1800000
2025/08/05 14:18:33 AttenuationSystem update time: 2.0889527s
2025/08/05 14:18:33 Run 1 complete
2025/08/05 14:18:33 StationSystem update...
2025/08/05 14:18:33 weather update count: 900
2025/08/05 14:18:33 StationSystem update time: 10.684µs
2025/08/05 14:18:33 SatelliteSystem update...
2025/08/05 14:18:33 satellite count: 2000
2025/08/05 14:18:33 SatelliteSystem update time: 9.311114ms
2025/08/05 14:18:33 TopoSystem update...
2025/08/05 14:18:33 TopoSystem: Link count: 1800000
2025/08/05 14:18:33 TopoSystem update time: 63.041519ms
2025/08/05 14:18:33 AttenuationSystem update...
2025/08/05 14:18:33 AttenuationSystem parallel flag: 0
2025/08/05 14:18:35 Attenuation computed count: 1800000
2025/08/05 14:18:35 AttenuationSystem update time: 2.082463097s
2025/08/05 14:18:35 Run 2 complete
2025/08/05 14:18:35 StationSystem update...
2025/08/05 14:18:35 weather update count: 900
2025/08/05 14:18:35 StationSystem update time: 25.451µs
2025/08/05 14:18:35 SatelliteSystem update...
2025/08/05 14:18:35 satellite count: 2000
2025/08/05 14:18:35 SatelliteSystem update time: 8.226082ms
2025/08/05 14:18:35 TopoSystem update...
2025/08/05 14:18:36 TopoSystem: Link count: 1800000
2025/08/05 14:18:36 TopoSystem update time: 92.452783ms
2025/08/05 14:18:36 AttenuationSystem update...
2025/08/05 14:18:36 AttenuationSystem parallel flag: 0
2025/08/05 14:18:38 Attenuation computed count: 1800000
2025/08/05 14:18:38 AttenuationSystem update time: 2.052765103s
2025/08/05 14:18:38 Run 3 complete
2025/08/05 14:18:38 StationSystem update...
2025/08/05 14:18:38 weather update count: 900
2025/08/05 14:18:38 StationSystem update time: 3.599µs
2025/08/05 14:18:38 SatelliteSystem update...
2025/08/05 14:18:38 satellite count: 2000
2025/08/05 14:18:38 SatelliteSystem update time: 10.993786ms
2025/08/05 14:18:38 TopoSystem update...
2025/08/05 14:18:38 TopoSystem: Link count: 1800000
2025/08/05 14:18:38 TopoSystem update time: 73.836433ms
2025/08/05 14:18:38 AttenuationSystem update...
2025/08/05 14:18:38 AttenuationSystem parallel flag: 0
2025/08/05 14:18:40 Attenuation computed count: 1800000
2025/08/05 14:18:40 AttenuationSystem update time: 2.084800924s
2025/08/05 14:18:40 Run 4 complete
2025/08/05 14:18:40 StationSystem update...
2025/08/05 14:18:40 weather update count: 900
2025/08/05 14:18:40 StationSystem update time: 9.932µs
2025/08/05 14:18:40 SatelliteSystem update...
2025/08/05 14:18:40 satellite count: 2000
2025/08/05 14:18:40 SatelliteSystem update time: 20.597568ms
2025/08/05 14:18:40 TopoSystem update...
2025/08/05 14:18:40 TopoSystem: Link count: 1800000
2025/08/05 14:18:40 TopoSystem update time: 131.680682ms
2025/08/05 14:18:40 AttenuationSystem update...
2025/08/05 14:18:40 AttenuationSystem parallel flag: 0
2025/08/05 14:18:42 Attenuation computed count: 1800000
2025/08/05 14:18:42 AttenuationSystem update time: 1.861098052s
2025/08/05 14:18:42 Run 5 complete
2025/08/05 14:18:42 StationSystem update...
2025/08/05 14:18:42 weather update count: 900
2025/08/05 14:18:42 StationSystem update time: 5.311µs
2025/08/05 14:18:42 SatelliteSystem update...
2025/08/05 14:18:42 satellite count: 2000
2025/08/05 14:18:42 SatelliteSystem update time: 14.056095ms
2025/08/05 14:18:42 TopoSystem update...
2025/08/05 14:18:42 TopoSystem: Link count: 1800000
2025/08/05 14:18:42 TopoSystem update time: 44.279504ms
2025/08/05 14:18:42 AttenuationSystem update...
2025/08/05 14:18:42 AttenuationSystem parallel flag: 0
2025/08/05 14:18:44 Attenuation computed count: 1800000
2025/08/05 14:18:44 AttenuationSystem update time: 2.069015093s
2025/08/05 14:18:44 Run 6 complete
2025/08/05 14:18:44 StationSystem update...
2025/08/05 14:18:44 weather update count: 900
2025/08/05 14:18:44 StationSystem update time: 5.664µs
2025/08/05 14:18:44 SatelliteSystem update...
2025/08/05 14:18:44 satellite count: 2000
2025/08/05 14:18:44 SatelliteSystem update time: 18.943213ms
2025/08/05 14:18:44 TopoSystem update...
2025/08/05 14:18:44 TopoSystem: Link count: 1800000
2025/08/05 14:18:44 TopoSystem update time: 54.125013ms
2025/08/05 14:18:44 AttenuationSystem update...
2025/08/05 14:18:44 AttenuationSystem parallel flag: 0
2025/08/05 14:18:46 Attenuation computed count: 1800000
2025/08/05 14:18:46 AttenuationSystem update time: 2.093538839s
2025/08/05 14:18:46 Run 7 complete
2025/08/05 14:18:46 StationSystem update...
2025/08/05 14:18:46 weather update count: 900
2025/08/05 14:18:46 StationSystem update time: 7.223µs
2025/08/05 14:18:46 SatelliteSystem update...
2025/08/05 14:18:46 satellite count: 2000
2025/08/05 14:18:46 SatelliteSystem update time: 7.650702ms
2025/08/05 14:18:46 TopoSystem update...
2025/08/05 14:18:46 TopoSystem: Link count: 1800000
2025/08/05 14:18:46 TopoSystem update time: 63.04259ms
2025/08/05 14:18:46 AttenuationSystem update...
2025/08/05 14:18:46 AttenuationSystem parallel flag: 0
2025/08/05 14:18:48 Attenuation computed count: 1800000
2025/08/05 14:18:48 AttenuationSystem update time: 2.087923174s
2025/08/05 14:18:48 Run 8 complete
2025/08/05 14:18:48 StationSystem update...
2025/08/05 14:18:48 weather update count: 900
2025/08/05 14:18:48 StationSystem update time: 5.41µs
2025/08/05 14:18:48 SatelliteSystem update...
2025/08/05 14:18:48 satellite count: 2000
2025/08/05 14:18:48 SatelliteSystem update time: 7.56082ms
2025/08/05 14:18:48 TopoSystem update...
2025/08/05 14:18:48 TopoSystem: Link count: 1800000
2025/08/05 14:18:48 TopoSystem update time: 59.010118ms
2025/08/05 14:18:48 AttenuationSystem update...
2025/08/05 14:18:48 AttenuationSystem parallel flag: 0
2025/08/05 14:18:50 Attenuation computed count: 1800000
2025/08/05 14:18:50 AttenuationSystem update time: 2.08425355s
2025/08/05 14:18:50 Run 9 complete
2025/08/05 14:18:50 StationSystem update...
2025/08/05 14:18:50 weather update count: 900
2025/08/05 14:18:50 StationSystem update time: 3.998µs
2025/08/05 14:18:50 SatelliteSystem update...
2025/08/05 14:18:50 satellite count: 2000
2025/08/05 14:18:50 SatelliteSystem update time: 18.964115ms
2025/08/05 14:18:50 TopoSystem update...
2025/08/05 14:18:50 TopoSystem: Link count: 1800000
2025/08/05 14:18:50 TopoSystem update time: 61.004781ms
2025/08/05 14:18:50 AttenuationSystem update...
2025/08/05 14:18:50 AttenuationSystem parallel flag: 0
2025/08/05 14:18:53 Attenuation computed count: 1800000
2025/08/05 14:18:53 AttenuationSystem update time: 2.058567961s
2025/08/05 14:18:53 Run 10 complete
2025/08/05 14:18:53 Total update time:  21.402023821s
2025/08/05 14:18:53 linkCache size: 40

 Performance counter stats for './scale_ecs 900 2000 10 4 2 0':

        42,652,639      cache-references                                                      
        12,831,543      cache-misses                     #   30.08% of all cache refs         

      21.413256099 seconds time elapsed

      39.187302000 seconds user
       0.455119000 seconds sys


