ECS running with 500 stations, 1500 satellites, 4 numWGs and 8 numBlocks for 10 rounds in 0 parallel pattern
2025/08/05 11:57:36 StationSystem update...
2025/08/05 11:57:36 weather update count: 500
2025/08/05 11:57:36 StationSystem update time: 4.565µs
2025/08/05 11:57:36 SatelliteSystem update...
2025/08/05 11:57:36 satellite count: 1500
2025/08/05 11:57:36 SatelliteSystem update time: 5.694569ms
2025/08/05 11:57:36 TopoSystem update...
2025/08/05 11:57:36 TopoSystem: Link count: 750000
2025/08/05 11:57:36 TopoSystem update time: 23.781503ms
2025/08/05 11:57:36 AttenuationSystem update...
2025/08/05 11:57:36 AttenuationSystem parallel flag: 0
2025/08/05 11:57:36 Attenuation computed count: 750000
2025/08/05 11:57:36 AttenuationSystem update time: 215.940636ms
2025/08/05 11:57:36 Run 1 complete
2025/08/05 11:57:36 StationSystem update...
2025/08/05 11:57:36 weather update count: 500
2025/08/05 11:57:36 StationSystem update time: 4.283µs
2025/08/05 11:57:36 SatelliteSystem update...
2025/08/05 11:57:36 satellite count: 1500
2025/08/05 11:57:36 SatelliteSystem update time: 5.682916ms
2025/08/05 11:57:36 TopoSystem update...
2025/08/05 11:57:36 TopoSystem: Link count: 750000
2025/08/05 11:57:36 TopoSystem update time: 17.104921ms
2025/08/05 11:57:36 AttenuationSystem update...
2025/08/05 11:57:36 AttenuationSystem parallel flag: 0
2025/08/05 11:57:36 Attenuation computed count: 750000
2025/08/05 11:57:36 AttenuationSystem update time: 216.435995ms
2025/08/05 11:57:36 Run 2 complete
2025/08/05 11:57:36 StationSystem update...
2025/08/05 11:57:36 weather update count: 500
2025/08/05 11:57:36 StationSystem update time: 4.101µs
2025/08/05 11:57:36 SatelliteSystem update...
2025/08/05 11:57:36 satellite count: 1500
2025/08/05 11:57:36 SatelliteSystem update time: 5.686178ms
2025/08/05 11:57:36 TopoSystem update...
2025/08/05 11:57:36 TopoSystem: Link count: 750000
2025/08/05 11:57:36 TopoSystem update time: 18.259479ms
2025/08/05 11:57:36 AttenuationSystem update...
2025/08/05 11:57:36 AttenuationSystem parallel flag: 0
2025/08/05 11:57:36 Attenuation computed count: 750000
2025/08/05 11:57:36 AttenuationSystem update time: 248.280739ms
2025/08/05 11:57:36 Run 3 complete
2025/08/05 11:57:36 StationSystem update...
2025/08/05 11:57:36 weather update count: 500
2025/08/05 11:57:36 StationSystem update time: 3.855µs
2025/08/05 11:57:36 SatelliteSystem update...
2025/08/05 11:57:36 satellite count: 1500
2025/08/05 11:57:36 SatelliteSystem update time: 5.684845ms
2025/08/05 11:57:36 TopoSystem update...
2025/08/05 11:57:37 TopoSystem: Link count: 750000
2025/08/05 11:57:37 TopoSystem update time: 11.594991ms
2025/08/05 11:57:37 AttenuationSystem update...
2025/08/05 11:57:37 AttenuationSystem parallel flag: 0
2025/08/05 11:57:37 Attenuation computed count: 750000
2025/08/05 11:57:37 AttenuationSystem update time: 217.318322ms
2025/08/05 11:57:37 Run 4 complete
2025/08/05 11:57:37 StationSystem update...
2025/08/05 11:57:37 weather update count: 500
2025/08/05 11:57:37 StationSystem update time: 3.617µs
2025/08/05 11:57:37 SatelliteSystem update...
2025/08/05 11:57:37 satellite count: 1500
2025/08/05 11:57:37 SatelliteSystem update time: 5.69091ms
2025/08/05 11:57:37 TopoSystem update...
2025/08/05 11:57:37 TopoSystem: Link count: 750000
2025/08/05 11:57:37 TopoSystem update time: 12.071435ms
2025/08/05 11:57:37 AttenuationSystem update...
2025/08/05 11:57:37 AttenuationSystem parallel flag: 0
2025/08/05 11:57:37 Attenuation computed count: 750000
2025/08/05 11:57:37 AttenuationSystem update time: 218.12983ms
2025/08/05 11:57:37 Run 5 complete
2025/08/05 11:57:37 StationSystem update...
2025/08/05 11:57:37 weather update count: 500
2025/08/05 11:57:37 StationSystem update time: 7.029µs
2025/08/05 11:57:37 SatelliteSystem update...
2025/08/05 11:57:37 satellite count: 1500
2025/08/05 11:57:37 SatelliteSystem update time: 6.693661ms
2025/08/05 11:57:37 TopoSystem update...
2025/08/05 11:57:37 TopoSystem: Link count: 750000
2025/08/05 11:57:37 TopoSystem update time: 27.869253ms
2025/08/05 11:57:37 AttenuationSystem update...
2025/08/05 11:57:37 AttenuationSystem parallel flag: 0
2025/08/05 11:57:37 Attenuation computed count: 750000
2025/08/05 11:57:37 AttenuationSystem update time: 248.449153ms
2025/08/05 11:57:37 Run 6 complete
2025/08/05 11:57:37 StationSystem update...
2025/08/05 11:57:37 weather update count: 500
2025/08/05 11:57:37 StationSystem update time: 3.715µs
2025/08/05 11:57:37 SatelliteSystem update...
2025/08/05 11:57:37 satellite count: 1500
2025/08/05 11:57:37 SatelliteSystem update time: 5.692508ms
2025/08/05 11:57:37 TopoSystem update...
2025/08/05 11:57:37 TopoSystem: Link count: 750000
2025/08/05 11:57:37 TopoSystem update time: 23.743714ms
2025/08/05 11:57:37 AttenuationSystem update...
2025/08/05 11:57:37 AttenuationSystem parallel flag: 0
2025/08/05 11:57:37 Attenuation computed count: 750000
2025/08/05 11:57:37 AttenuationSystem update time: 230.724318ms
2025/08/05 11:57:37 Run 7 complete
2025/08/05 11:57:37 StationSystem update...
2025/08/05 11:57:37 weather update count: 500
2025/08/05 11:57:37 StationSystem update time: 4.152µs
2025/08/05 11:57:37 SatelliteSystem update...
2025/08/05 11:57:38 satellite count: 1500
2025/08/05 11:57:38 SatelliteSystem update time: 5.697588ms
2025/08/05 11:57:38 TopoSystem update...
2025/08/05 11:57:38 TopoSystem: Link count: 750000
2025/08/05 11:57:38 TopoSystem update time: 11.438128ms
2025/08/05 11:57:38 AttenuationSystem update...
2025/08/05 11:57:38 AttenuationSystem parallel flag: 0
2025/08/05 11:57:38 Attenuation computed count: 750000
2025/08/05 11:57:38 AttenuationSystem update time: 220.930862ms
2025/08/05 11:57:38 Run 8 complete
2025/08/05 11:57:38 StationSystem update...
2025/08/05 11:57:38 weather update count: 500
2025/08/05 11:57:38 StationSystem update time: 3.392µs
2025/08/05 11:57:38 SatelliteSystem update...
2025/08/05 11:57:38 satellite count: 1500
2025/08/05 11:57:38 SatelliteSystem update time: 5.76334ms
2025/08/05 11:57:38 TopoSystem update...
2025/08/05 11:57:38 TopoSystem: Link count: 750000
2025/08/05 11:57:38 TopoSystem update time: 10.852681ms
2025/08/05 11:57:38 AttenuationSystem update...
2025/08/05 11:57:38 AttenuationSystem parallel flag: 0
2025/08/05 11:57:38 Attenuation computed count: 750000
2025/08/05 11:57:38 AttenuationSystem update time: 248.345287ms
2025/08/05 11:57:38 Run 9 complete
2025/08/05 11:57:38 StationSystem update...
2025/08/05 11:57:38 weather update count: 500
2025/08/05 11:57:38 StationSystem update time: 4.033µs
2025/08/05 11:57:38 SatelliteSystem update...
2025/08/05 11:57:38 satellite count: 1500
2025/08/05 11:57:38 SatelliteSystem update time: 5.686278ms
2025/08/05 11:57:38 TopoSystem update...
2025/08/05 11:57:38 TopoSystem: Link count: 750000
2025/08/05 11:57:38 TopoSystem update time: 11.843156ms
2025/08/05 11:57:38 AttenuationSystem update...
2025/08/05 11:57:38 AttenuationSystem parallel flag: 0
2025/08/05 11:57:38 Attenuation computed count: 750000
2025/08/05 11:57:38 AttenuationSystem update time: 211.93152ms
2025/08/05 11:57:38 Run 10 complete
2025/08/05 11:57:38 Total update time:  2.513250092s
2025/08/05 11:57:38 linkCache size: 40

 Performance counter stats for './scale_ecs 500 1500 10 4 8 0':

        17,302,494      cache-references                                                      
         3,701,398      cache-misses                     #   21.39% of all cache refs         

       2.520916116 seconds time elapsed

      16.363787000 seconds user
       0.085045000 seconds sys


