ECS running with 700 stations, 1100 satellites, 8 numWGs and 4 numBlocks for 10 rounds in 0 parallel pattern
2025/08/05 12:43:08 StationSystem update...
2025/08/05 12:43:08 weather update count: 700
2025/08/05 12:43:08 StationSystem update time: 3.331µs
2025/08/05 12:43:08 SatelliteSystem update...
2025/08/05 12:43:08 satellite count: 1100
2025/08/05 12:43:08 SatelliteSystem update time: 3.103871ms
2025/08/05 12:43:08 TopoSystem update...
2025/08/05 12:43:08 TopoSystem: Link count: 770000
2025/08/05 12:43:08 TopoSystem update time: 21.97769ms
2025/08/05 12:43:08 AttenuationSystem update...
2025/08/05 12:43:08 AttenuationSystem parallel flag: 0
2025/08/05 12:43:09 Attenuation computed count: 770000
2025/08/05 12:43:09 AttenuationSystem update time: 439.266633ms
2025/08/05 12:43:09 Run 1 complete
2025/08/05 12:43:09 StationSystem update...
2025/08/05 12:43:09 weather update count: 700
2025/08/05 12:43:09 StationSystem update time: 6.006µs
2025/08/05 12:43:09 SatelliteSystem update...
2025/08/05 12:43:09 satellite count: 1100
2025/08/05 12:43:09 SatelliteSystem update time: 4.187987ms
2025/08/05 12:43:09 TopoSystem update...
2025/08/05 12:43:09 TopoSystem: Link count: 770000
2025/08/05 12:43:09 TopoSystem update time: 21.304776ms
2025/08/05 12:43:09 AttenuationSystem update...
2025/08/05 12:43:09 AttenuationSystem parallel flag: 0
2025/08/05 12:43:09 Attenuation computed count: 770000
2025/08/05 12:43:09 AttenuationSystem update time: 448.990353ms
2025/08/05 12:43:09 Run 2 complete
2025/08/05 12:43:09 StationSystem update...
2025/08/05 12:43:09 weather update count: 700
2025/08/05 12:43:09 StationSystem update time: 5.568µs
2025/08/05 12:43:09 SatelliteSystem update...
2025/08/05 12:43:09 satellite count: 1100
2025/08/05 12:43:09 SatelliteSystem update time: 3.119697ms
2025/08/05 12:43:09 TopoSystem update...
2025/08/05 12:43:09 TopoSystem: Link count: 770000
2025/08/05 12:43:09 TopoSystem update time: 14.441955ms
2025/08/05 12:43:09 AttenuationSystem update...
2025/08/05 12:43:09 AttenuationSystem parallel flag: 0
2025/08/05 12:43:10 Attenuation computed count: 770000
2025/08/05 12:43:10 AttenuationSystem update time: 439.995439ms
2025/08/05 12:43:10 Run 3 complete
2025/08/05 12:43:10 StationSystem update...
2025/08/05 12:43:10 weather update count: 700
2025/08/05 12:43:10 StationSystem update time: 6.266µs
2025/08/05 12:43:10 SatelliteSystem update...
2025/08/05 12:43:10 satellite count: 1100
2025/08/05 12:43:10 SatelliteSystem update time: 4.190916ms
2025/08/05 12:43:10 TopoSystem update...
2025/08/05 12:43:10 TopoSystem: Link count: 770000
2025/08/05 12:43:10 TopoSystem update time: 12.028735ms
2025/08/05 12:43:10 AttenuationSystem update...
2025/08/05 12:43:10 AttenuationSystem parallel flag: 0
2025/08/05 12:43:10 Attenuation computed count: 770000
2025/08/05 12:43:10 AttenuationSystem update time: 457.338539ms
2025/08/05 12:43:10 Run 4 complete
2025/08/05 12:43:10 StationSystem update...
2025/08/05 12:43:10 weather update count: 700
2025/08/05 12:43:10 StationSystem update time: 24.242µs
2025/08/05 12:43:10 SatelliteSystem update...
2025/08/05 12:43:10 satellite count: 1100
2025/08/05 12:43:10 SatelliteSystem update time: 5.052396ms
2025/08/05 12:43:10 TopoSystem update...
2025/08/05 12:43:10 TopoSystem: Link count: 770000
2025/08/05 12:43:10 TopoSystem update time: 41.475308ms
2025/08/05 12:43:10 AttenuationSystem update...
2025/08/05 12:43:10 AttenuationSystem parallel flag: 0
2025/08/05 12:43:11 Attenuation computed count: 770000
2025/08/05 12:43:11 AttenuationSystem update time: 409.669032ms
2025/08/05 12:43:11 Run 5 complete
2025/08/05 12:43:11 StationSystem update...
2025/08/05 12:43:11 weather update count: 700
2025/08/05 12:43:11 StationSystem update time: 4.191µs
2025/08/05 12:43:11 SatelliteSystem update...
2025/08/05 12:43:11 satellite count: 1100
2025/08/05 12:43:11 SatelliteSystem update time: 4.174856ms
2025/08/05 12:43:11 TopoSystem update...
2025/08/05 12:43:11 TopoSystem: Link count: 770000
2025/08/05 12:43:11 TopoSystem update time: 15.598273ms
2025/08/05 12:43:11 AttenuationSystem update...
2025/08/05 12:43:11 AttenuationSystem parallel flag: 0
2025/08/05 12:43:11 Attenuation computed count: 770000
2025/08/05 12:43:11 AttenuationSystem update time: 450.209959ms
2025/08/05 12:43:11 Run 6 complete
2025/08/05 12:43:11 StationSystem update...
2025/08/05 12:43:11 weather update count: 700
2025/08/05 12:43:11 StationSystem update time: 4.643µs
2025/08/05 12:43:11 SatelliteSystem update...
2025/08/05 12:43:11 satellite count: 1100
2025/08/05 12:43:11 SatelliteSystem update time: 4.164141ms
2025/08/05 12:43:11 TopoSystem update...
2025/08/05 12:43:11 TopoSystem: Link count: 770000
2025/08/05 12:43:11 TopoSystem update time: 12.634776ms
2025/08/05 12:43:11 AttenuationSystem update...
2025/08/05 12:43:11 AttenuationSystem parallel flag: 0
2025/08/05 12:43:12 Attenuation computed count: 770000
2025/08/05 12:43:12 AttenuationSystem update time: 379.507074ms
2025/08/05 12:43:12 Run 7 complete
2025/08/05 12:43:12 StationSystem update...
2025/08/05 12:43:12 weather update count: 700
2025/08/05 12:43:12 StationSystem update time: 4.035µs
2025/08/05 12:43:12 SatelliteSystem update...
2025/08/05 12:43:12 satellite count: 1100
2025/08/05 12:43:12 SatelliteSystem update time: 3.094732ms
2025/08/05 12:43:12 TopoSystem update...
2025/08/05 12:43:12 TopoSystem: Link count: 770000
2025/08/05 12:43:12 TopoSystem update time: 10.51081ms
2025/08/05 12:43:12 AttenuationSystem update...
2025/08/05 12:43:12 AttenuationSystem parallel flag: 0
2025/08/05 12:43:12 Attenuation computed count: 770000
2025/08/05 12:43:12 AttenuationSystem update time: 439.022486ms
2025/08/05 12:43:12 Run 8 complete
2025/08/05 12:43:12 StationSystem update...
2025/08/05 12:43:12 weather update count: 700
2025/08/05 12:43:12 StationSystem update time: 5.206µs
2025/08/05 12:43:12 SatelliteSystem update...
2025/08/05 12:43:12 satellite count: 1100
2025/08/05 12:43:12 SatelliteSystem update time: 4.197645ms
2025/08/05 12:43:12 TopoSystem update...
2025/08/05 12:43:12 TopoSystem: Link count: 770000
2025/08/05 12:43:12 TopoSystem update time: 12.587876ms
2025/08/05 12:43:12 AttenuationSystem update...
2025/08/05 12:43:12 AttenuationSystem parallel flag: 0
2025/08/05 12:43:13 Attenuation computed count: 770000
2025/08/05 12:43:13 AttenuationSystem update time: 438.814395ms
2025/08/05 12:43:13 Run 9 complete
2025/08/05 12:43:13 StationSystem update...
2025/08/05 12:43:13 weather update count: 700
2025/08/05 12:43:13 StationSystem update time: 4.764µs
2025/08/05 12:43:13 SatelliteSystem update...
2025/08/05 12:43:13 satellite count: 1100
2025/08/05 12:43:13 SatelliteSystem update time: 4.356059ms
2025/08/05 12:43:13 TopoSystem update...
2025/08/05 12:43:13 TopoSystem: Link count: 770000
2025/08/05 12:43:13 TopoSystem update time: 13.073973ms
2025/08/05 12:43:13 AttenuationSystem update...
2025/08/05 12:43:13 AttenuationSystem parallel flag: 0
2025/08/05 12:43:13 Attenuation computed count: 770000
2025/08/05 12:43:13 AttenuationSystem update time: 439.245048ms
2025/08/05 12:43:13 Run 10 complete
2025/08/05 12:43:13 Total update time:  4.564627877s
2025/08/05 12:43:13 linkCache size: 40

 Performance counter stats for './scale_ecs 700 1100 10 8 4 0':

        17,625,048      cache-references                                                      
         4,286,496      cache-misses                     #   24.32% of all cache refs         

       4.572706096 seconds time elapsed

      16.383087000 seconds user
       0.111048000 seconds sys


