ECS running with 600 stations, 1700 satellites, 2 numWGs and 2 numBlocks for 10 rounds in 0 parallel pattern
2025/08/05 12:25:07 StationSystem update...
2025/08/05 12:25:07 weather update count: 600
2025/08/05 12:25:07 StationSystem update time: 4.916µs
2025/08/05 12:25:07 SatelliteSystem update...
2025/08/05 12:25:07 satellite count: 1700
2025/08/05 12:25:07 SatelliteSystem update time: 6.453716ms
2025/08/05 12:25:07 TopoSystem update...
2025/08/05 12:25:07 TopoSystem: Link count: 1020000
2025/08/05 12:25:07 TopoSystem update time: 31.480043ms
2025/08/05 12:25:07 AttenuationSystem update...
2025/08/05 12:25:07 AttenuationSystem parallel flag: 0
2025/08/05 12:25:09 Attenuation computed count: 1020000
2025/08/05 12:25:09 AttenuationSystem update time: 1.165409936s
2025/08/05 12:25:09 Run 1 complete
2025/08/05 12:25:09 StationSystem update...
2025/08/05 12:25:09 weather update count: 600
2025/08/05 12:25:09 StationSystem update time: 22.024µs
2025/08/05 12:25:09 SatelliteSystem update...
2025/08/05 12:25:09 satellite count: 1700
2025/08/05 12:25:09 SatelliteSystem update time: 9.38565ms
2025/08/05 12:25:09 TopoSystem update...
2025/08/05 12:25:09 TopoSystem: Link count: 1020000
2025/08/05 12:25:09 TopoSystem update time: 46.028901ms
2025/08/05 12:25:09 AttenuationSystem update...
2025/08/05 12:25:09 AttenuationSystem parallel flag: 0
2025/08/05 12:25:10 Attenuation computed count: 1020000
2025/08/05 12:25:10 AttenuationSystem update time: 1.11150292s
2025/08/05 12:25:10 Run 2 complete
2025/08/05 12:25:10 StationSystem update...
2025/08/05 12:25:10 weather update count: 600
2025/08/05 12:25:10 StationSystem update time: 2.98µs
2025/08/05 12:25:10 SatelliteSystem update...
2025/08/05 12:25:10 satellite count: 1700
2025/08/05 12:25:10 SatelliteSystem update time: 6.454466ms
2025/08/05 12:25:10 TopoSystem update...
2025/08/05 12:25:10 TopoSystem: Link count: 1020000
2025/08/05 12:25:10 TopoSystem update time: 38.289695ms
2025/08/05 12:25:10 AttenuationSystem update...
2025/08/05 12:25:10 AttenuationSystem parallel flag: 0
2025/08/05 12:25:11 Attenuation computed count: 1020000
2025/08/05 12:25:11 AttenuationSystem update time: 961.917852ms
2025/08/05 12:25:11 Run 3 complete
2025/08/05 12:25:11 StationSystem update...
2025/08/05 12:25:11 weather update count: 600
2025/08/05 12:25:11 StationSystem update time: 2.259µs
2025/08/05 12:25:11 SatelliteSystem update...
2025/08/05 12:25:11 satellite count: 1700
2025/08/05 12:25:11 SatelliteSystem update time: 4.785655ms
2025/08/05 12:25:11 TopoSystem update...
2025/08/05 12:25:11 TopoSystem: Link count: 1020000
2025/08/05 12:25:11 TopoSystem update time: 12.99003ms
2025/08/05 12:25:11 AttenuationSystem update...
2025/08/05 12:25:11 AttenuationSystem parallel flag: 0
2025/08/05 12:25:12 Attenuation computed count: 1020000
2025/08/05 12:25:12 AttenuationSystem update time: 1.208675615s
2025/08/05 12:25:12 Run 4 complete
2025/08/05 12:25:12 StationSystem update...
2025/08/05 12:25:12 weather update count: 600
2025/08/05 12:25:12 StationSystem update time: 16.354µs
2025/08/05 12:25:12 SatelliteSystem update...
2025/08/05 12:25:12 satellite count: 1700
2025/08/05 12:25:12 SatelliteSystem update time: 7.647336ms
2025/08/05 12:25:12 TopoSystem update...
2025/08/05 12:25:12 TopoSystem: Link count: 1020000
2025/08/05 12:25:12 TopoSystem update time: 66.33959ms
2025/08/05 12:25:12 AttenuationSystem update...
2025/08/05 12:25:12 AttenuationSystem parallel flag: 0
2025/08/05 12:25:13 Attenuation computed count: 1020000
2025/08/05 12:25:13 AttenuationSystem update time: 1.194630717s
2025/08/05 12:25:13 Run 5 complete
2025/08/05 12:25:13 StationSystem update...
2025/08/05 12:25:13 weather update count: 600
2025/08/05 12:25:13 StationSystem update time: 2.967µs
2025/08/05 12:25:13 SatelliteSystem update...
2025/08/05 12:25:13 satellite count: 1700
2025/08/05 12:25:13 SatelliteSystem update time: 6.453899ms
2025/08/05 12:25:13 TopoSystem update...
2025/08/05 12:25:13 TopoSystem: Link count: 1020000
2025/08/05 12:25:13 TopoSystem update time: 24.071597ms
2025/08/05 12:25:13 AttenuationSystem update...
2025/08/05 12:25:13 AttenuationSystem parallel flag: 0
2025/08/05 12:25:14 Attenuation computed count: 1020000
2025/08/05 12:25:14 AttenuationSystem update time: 1.160253004s
2025/08/05 12:25:14 Run 6 complete
2025/08/05 12:25:14 StationSystem update...
2025/08/05 12:25:14 weather update count: 600
2025/08/05 12:25:14 StationSystem update time: 2.457µs
2025/08/05 12:25:14 SatelliteSystem update...
2025/08/05 12:25:14 satellite count: 1700
2025/08/05 12:25:14 SatelliteSystem update time: 4.786945ms
2025/08/05 12:25:14 TopoSystem update...
2025/08/05 12:25:14 TopoSystem: Link count: 1020000
2025/08/05 12:25:14 TopoSystem update time: 13.39932ms
2025/08/05 12:25:14 AttenuationSystem update...
2025/08/05 12:25:14 AttenuationSystem parallel flag: 0
2025/08/05 12:25:16 Attenuation computed count: 1020000
2025/08/05 12:25:16 AttenuationSystem update time: 1.199632543s
2025/08/05 12:25:16 Run 7 complete
2025/08/05 12:25:16 StationSystem update...
2025/08/05 12:25:16 weather update count: 600
2025/08/05 12:25:16 StationSystem update time: 3.106µs
2025/08/05 12:25:16 SatelliteSystem update...
2025/08/05 12:25:16 satellite count: 1700
2025/08/05 12:25:16 SatelliteSystem update time: 16.127257ms
2025/08/05 12:25:16 TopoSystem update...
2025/08/05 12:25:16 TopoSystem: Link count: 1020000
2025/08/05 12:25:16 TopoSystem update time: 18.187861ms
2025/08/05 12:25:16 AttenuationSystem update...
2025/08/05 12:25:16 AttenuationSystem parallel flag: 0
2025/08/05 12:25:17 Attenuation computed count: 1020000
2025/08/05 12:25:17 AttenuationSystem update time: 1.198281592s
2025/08/05 12:25:17 Run 8 complete
2025/08/05 12:25:17 StationSystem update...
2025/08/05 12:25:17 weather update count: 600
2025/08/05 12:25:17 StationSystem update time: 3.591µs
2025/08/05 12:25:17 SatelliteSystem update...
2025/08/05 12:25:17 satellite count: 1700
2025/08/05 12:25:17 SatelliteSystem update time: 6.459943ms
2025/08/05 12:25:17 TopoSystem update...
2025/08/05 12:25:17 TopoSystem: Link count: 1020000
2025/08/05 12:25:17 TopoSystem update time: 36.248684ms
2025/08/05 12:25:17 AttenuationSystem update...
2025/08/05 12:25:17 AttenuationSystem parallel flag: 0
2025/08/05 12:25:18 Attenuation computed count: 1020000
2025/08/05 12:25:18 AttenuationSystem update time: 961.857387ms
2025/08/05 12:25:18 Run 9 complete
2025/08/05 12:25:18 StationSystem update...
2025/08/05 12:25:18 weather update count: 600
2025/08/05 12:25:18 StationSystem update time: 8.584µs
2025/08/05 12:25:18 SatelliteSystem update...
2025/08/05 12:25:18 satellite count: 1700
2025/08/05 12:25:18 SatelliteSystem update time: 5.242545ms
2025/08/05 12:25:18 TopoSystem update...
2025/08/05 12:25:18 TopoSystem: Link count: 1020000
2025/08/05 12:25:18 TopoSystem update time: 35.999578ms
2025/08/05 12:25:18 AttenuationSystem update...
2025/08/05 12:25:18 AttenuationSystem parallel flag: 0
2025/08/05 12:25:19 Attenuation computed count: 1020000
2025/08/05 12:25:19 AttenuationSystem update time: 1.185231087s
2025/08/05 12:25:19 Run 10 complete
2025/08/05 12:25:19 Total update time:  11.756303695s
2025/08/05 12:25:19 linkCache size: 40

 Performance counter stats for './scale_ecs 600 1700 10 2 2 0':

        24,680,922      cache-references                                                      
         6,571,471      cache-misses                     #   26.63% of all cache refs         

      11.770049482 seconds time elapsed

      21.612168000 seconds user
       0.209263000 seconds sys


