ECS running with 500 stations, 1200 satellites, 8 numWGs and 4 numBlocks for 10 rounds in 0 parallel pattern
2025/08/05 11:53:16 StationSystem update...
2025/08/05 11:53:16 weather update count: 500
2025/08/05 11:53:16 StationSystem update time: 5.158µs
2025/08/05 11:53:16 SatelliteSystem update...
2025/08/05 11:53:16 satellite count: 1200
2025/08/05 11:53:16 SatelliteSystem update time: 4.565349ms
2025/08/05 11:53:16 TopoSystem update...
2025/08/05 11:53:16 TopoSystem: Link count: 600000
2025/08/05 11:53:16 TopoSystem update time: 19.584423ms
2025/08/05 11:53:16 AttenuationSystem update...
2025/08/05 11:53:16 AttenuationSystem parallel flag: 0
2025/08/05 11:53:16 Attenuation computed count: 600000
2025/08/05 11:53:16 AttenuationSystem update time: 341.795437ms
2025/08/05 11:53:16 Run 1 complete
2025/08/05 11:53:16 StationSystem update...
2025/08/05 11:53:16 weather update count: 500
2025/08/05 11:53:16 StationSystem update time: 4.077µs
2025/08/05 11:53:16 SatelliteSystem update...
2025/08/05 11:53:16 satellite count: 1200
2025/08/05 11:53:16 SatelliteSystem update time: 4.546473ms
2025/08/05 11:53:16 TopoSystem update...
2025/08/05 11:53:16 TopoSystem: Link count: 600000
2025/08/05 11:53:16 TopoSystem update time: 16.705099ms
2025/08/05 11:53:16 AttenuationSystem update...
2025/08/05 11:53:16 AttenuationSystem parallel flag: 0
2025/08/05 11:53:16 Attenuation computed count: 600000
2025/08/05 11:53:16 AttenuationSystem update time: 342.730711ms
2025/08/05 11:53:16 Run 2 complete
2025/08/05 11:53:16 StationSystem update...
2025/08/05 11:53:16 weather update count: 500
2025/08/05 11:53:16 StationSystem update time: 3.662µs
2025/08/05 11:53:16 SatelliteSystem update...
2025/08/05 11:53:16 satellite count: 1200
2025/08/05 11:53:16 SatelliteSystem update time: 4.548567ms
2025/08/05 11:53:16 TopoSystem update...
2025/08/05 11:53:16 TopoSystem: Link count: 600000
2025/08/05 11:53:16 TopoSystem update time: 9.61571ms
2025/08/05 11:53:16 AttenuationSystem update...
2025/08/05 11:53:16 AttenuationSystem parallel flag: 0
2025/08/05 11:53:17 Attenuation computed count: 600000
2025/08/05 11:53:17 AttenuationSystem update time: 374.39339ms
2025/08/05 11:53:17 Run 3 complete
2025/08/05 11:53:17 StationSystem update...
2025/08/05 11:53:17 weather update count: 500
2025/08/05 11:53:17 StationSystem update time: 18.495µs
2025/08/05 11:53:17 SatelliteSystem update...
2025/08/05 11:53:17 satellite count: 1200
2025/08/05 11:53:17 SatelliteSystem update time: 4.573778ms
2025/08/05 11:53:17 TopoSystem update...
2025/08/05 11:53:17 TopoSystem: Link count: 600000
2025/08/05 11:53:17 TopoSystem update time: 15.18945ms
2025/08/05 11:53:17 AttenuationSystem update...
2025/08/05 11:53:17 AttenuationSystem parallel flag: 0
2025/08/05 11:53:17 Attenuation computed count: 600000
2025/08/05 11:53:17 AttenuationSystem update time: 369.762005ms
2025/08/05 11:53:17 Run 4 complete
2025/08/05 11:53:17 StationSystem update...
2025/08/05 11:53:17 weather update count: 500
2025/08/05 11:53:17 StationSystem update time: 2.553µs
2025/08/05 11:53:17 SatelliteSystem update...
2025/08/05 11:53:17 satellite count: 1200
2025/08/05 11:53:17 SatelliteSystem update time: 4.571356ms
2025/08/05 11:53:17 TopoSystem update...
2025/08/05 11:53:17 TopoSystem: Link count: 600000
2025/08/05 11:53:17 TopoSystem update time: 9.713028ms
2025/08/05 11:53:17 AttenuationSystem update...
2025/08/05 11:53:17 AttenuationSystem parallel flag: 0
2025/08/05 11:53:17 Attenuation computed count: 600000
2025/08/05 11:53:17 AttenuationSystem update time: 377.250811ms
2025/08/05 11:53:17 Run 5 complete
2025/08/05 11:53:17 StationSystem update...
2025/08/05 11:53:17 weather update count: 500
2025/08/05 11:53:17 StationSystem update time: 10.954µs
2025/08/05 11:53:17 SatelliteSystem update...
2025/08/05 11:53:17 satellite count: 1200
2025/08/05 11:53:17 SatelliteSystem update time: 6.00191ms
2025/08/05 11:53:17 TopoSystem update...
2025/08/05 11:53:17 TopoSystem: Link count: 600000
2025/08/05 11:53:17 TopoSystem update time: 30.283702ms
2025/08/05 11:53:17 AttenuationSystem update...
2025/08/05 11:53:17 AttenuationSystem parallel flag: 0
2025/08/05 11:53:18 Attenuation computed count: 600000
2025/08/05 11:53:18 AttenuationSystem update time: 324.233628ms
2025/08/05 11:53:18 Run 6 complete
2025/08/05 11:53:18 StationSystem update...
2025/08/05 11:53:18 weather update count: 500
2025/08/05 11:53:18 StationSystem update time: 3.809µs
2025/08/05 11:53:18 SatelliteSystem update...
2025/08/05 11:53:18 satellite count: 1200
2025/08/05 11:53:18 SatelliteSystem update time: 3.401092ms
2025/08/05 11:53:18 TopoSystem update...
2025/08/05 11:53:18 TopoSystem: Link count: 600000
2025/08/05 11:53:18 TopoSystem update time: 15.692641ms
2025/08/05 11:53:18 AttenuationSystem update...
2025/08/05 11:53:18 AttenuationSystem parallel flag: 0
2025/08/05 11:53:18 Attenuation computed count: 600000
2025/08/05 11:53:18 AttenuationSystem update time: 374.491895ms
2025/08/05 11:53:18 Run 7 complete
2025/08/05 11:53:18 StationSystem update...
2025/08/05 11:53:18 weather update count: 500
2025/08/05 11:53:18 StationSystem update time: 4.396µs
2025/08/05 11:53:18 SatelliteSystem update...
2025/08/05 11:53:18 satellite count: 1200
2025/08/05 11:53:18 SatelliteSystem update time: 5.656599ms
2025/08/05 11:53:18 TopoSystem update...
2025/08/05 11:53:18 TopoSystem: Link count: 600000
2025/08/05 11:53:18 TopoSystem update time: 10.332401ms
2025/08/05 11:53:18 AttenuationSystem update...
2025/08/05 11:53:18 AttenuationSystem parallel flag: 0
2025/08/05 11:53:19 Attenuation computed count: 600000
2025/08/05 11:53:19 AttenuationSystem update time: 375.856771ms
2025/08/05 11:53:19 Run 8 complete
2025/08/05 11:53:19 StationSystem update...
2025/08/05 11:53:19 weather update count: 500
2025/08/05 11:53:19 StationSystem update time: 4.643µs
2025/08/05 11:53:19 SatelliteSystem update...
2025/08/05 11:53:19 satellite count: 1200
2025/08/05 11:53:19 SatelliteSystem update time: 4.537853ms
2025/08/05 11:53:19 TopoSystem update...
2025/08/05 11:53:19 TopoSystem: Link count: 600000
2025/08/05 11:53:19 TopoSystem update time: 15.363635ms
2025/08/05 11:53:19 AttenuationSystem update...
2025/08/05 11:53:19 AttenuationSystem parallel flag: 0
2025/08/05 11:53:19 Attenuation computed count: 600000
2025/08/05 11:53:19 AttenuationSystem update time: 372.208264ms
2025/08/05 11:53:19 Run 9 complete
2025/08/05 11:53:19 StationSystem update...
2025/08/05 11:53:19 weather update count: 500
2025/08/05 11:53:19 StationSystem update time: 4.135µs
2025/08/05 11:53:19 SatelliteSystem update...
2025/08/05 11:53:19 satellite count: 1200
2025/08/05 11:53:19 SatelliteSystem update time: 4.579199ms
2025/08/05 11:53:19 TopoSystem update...
2025/08/05 11:53:19 TopoSystem: Link count: 600000
2025/08/05 11:53:19 TopoSystem update time: 10.046182ms
2025/08/05 11:53:19 AttenuationSystem update...
2025/08/05 11:53:19 AttenuationSystem parallel flag: 0
2025/08/05 11:53:19 Attenuation computed count: 600000
2025/08/05 11:53:19 AttenuationSystem update time: 342.618638ms
2025/08/05 11:53:19 Run 10 complete
2025/08/05 11:53:19 Total update time:  3.801677445s
2025/08/05 11:53:19 linkCache size: 40

 Performance counter stats for './scale_ecs 500 1200 10 8 4 0':

        14,049,820      cache-references                                                      
         3,509,427      cache-misses                     #   24.98% of all cache refs         

       3.808962995 seconds time elapsed

      12.968976000 seconds user
       0.076987000 seconds sys


