ECS running with 600 stations, 1900 satellites, 8 numWGs and 8 numBlocks for 10 rounds in 1 parallel pattern
2025/08/05 12:31:44 StationSystem update...
2025/08/05 12:31:44 weather update count: 600
2025/08/05 12:31:44 SatelliteSystem update...
2025/08/05 12:31:44 StationSystem update time: 5.753µs
2025/08/05 12:31:44 satellite count: 1900
2025/08/05 12:31:44 SatelliteSystem update time: 7.18446ms
2025/08/05 12:31:44 TopoSystem update...
2025/08/05 12:31:44 TopoSystem: Link count: 1140000
2025/08/05 12:31:44 TopoSystem update time: 36.826902ms
2025/08/05 12:31:44 AttenuationSystem update...
2025/08/05 12:31:44 AttenuationSystem parallel flag: 1
2025/08/05 12:31:44 Attenuation computed count: 1140000
2025/08/05 12:31:44 AttenuationSystem update time: 328.951112ms
2025/08/05 12:31:44 Run 1 complete
2025/08/05 12:31:44 StationSystem update...
2025/08/05 12:31:44 weather update count: 600
2025/08/05 12:31:44 StationSystem update time: 4.951µs
2025/08/05 12:31:44 SatelliteSystem update...
2025/08/05 12:31:44 satellite count: 1900
2025/08/05 12:31:44 SatelliteSystem update time: 7.157304ms
2025/08/05 12:31:44 TopoSystem update...
2025/08/05 12:31:44 TopoSystem: Link count: 1140000
2025/08/05 12:31:44 TopoSystem update time: 33.987902ms
2025/08/05 12:31:44 AttenuationSystem update...
2025/08/05 12:31:44 AttenuationSystem parallel flag: 1
2025/08/05 12:31:44 Attenuation computed count: 1140000
2025/08/05 12:31:44 AttenuationSystem update time: 376.20476ms
2025/08/05 12:31:44 Run 2 complete
2025/08/05 12:31:44 StationSystem update...
2025/08/05 12:31:44 weather update count: 600
2025/08/05 12:31:44 StationSystem update time: 5.179µs
2025/08/05 12:31:44 SatelliteSystem update...
2025/08/05 12:31:44 satellite count: 1900
2025/08/05 12:31:44 SatelliteSystem update time: 7.802328ms
2025/08/05 12:31:44 TopoSystem update...
2025/08/05 12:31:45 TopoSystem: Link count: 1140000
2025/08/05 12:31:45 TopoSystem update time: 18.505845ms
2025/08/05 12:31:45 AttenuationSystem update...
2025/08/05 12:31:45 AttenuationSystem parallel flag: 1
2025/08/05 12:31:45 Attenuation computed count: 1140000
2025/08/05 12:31:45 AttenuationSystem update time: 389.997829ms
2025/08/05 12:31:45 Run 3 complete
2025/08/05 12:31:45 StationSystem update...
2025/08/05 12:31:45 weather update count: 600
2025/08/05 12:31:45 StationSystem update time: 10.036µs
2025/08/05 12:31:45 SatelliteSystem update...
2025/08/05 12:31:45 satellite count: 1900
2025/08/05 12:31:45 SatelliteSystem update time: 8.653215ms
2025/08/05 12:31:45 TopoSystem update...
2025/08/05 12:31:45 TopoSystem: Link count: 1140000
2025/08/05 12:31:45 TopoSystem update time: 64.98334ms
2025/08/05 12:31:45 AttenuationSystem update...
2025/08/05 12:31:45 AttenuationSystem parallel flag: 1
2025/08/05 12:31:45 Attenuation computed count: 1140000
2025/08/05 12:31:45 AttenuationSystem update time: 417.576502ms
2025/08/05 12:31:45 Run 4 complete
2025/08/05 12:31:45 StationSystem update...
2025/08/05 12:31:45 weather update count: 600
2025/08/05 12:31:45 StationSystem update time: 3.907µs
2025/08/05 12:31:45 SatelliteSystem update...
2025/08/05 12:31:45 satellite count: 1900
2025/08/05 12:31:45 SatelliteSystem update time: 7.221132ms
2025/08/05 12:31:45 TopoSystem update...
2025/08/05 12:31:45 TopoSystem: Link count: 1140000
2025/08/05 12:31:45 TopoSystem update time: 46.68782ms
2025/08/05 12:31:45 AttenuationSystem update...
2025/08/05 12:31:45 AttenuationSystem parallel flag: 1
2025/08/05 12:31:46 Attenuation computed count: 1140000
2025/08/05 12:31:46 AttenuationSystem update time: 431.611971ms
2025/08/05 12:31:46 Run 5 complete
2025/08/05 12:31:46 StationSystem update...
2025/08/05 12:31:46 weather update count: 600
2025/08/05 12:31:46 StationSystem update time: 4.907µs
2025/08/05 12:31:46 SatelliteSystem update...
2025/08/05 12:31:46 satellite count: 1900
2025/08/05 12:31:46 SatelliteSystem update time: 7.302419ms
2025/08/05 12:31:46 TopoSystem update...
2025/08/05 12:31:46 TopoSystem: Link count: 1140000
2025/08/05 12:31:46 TopoSystem update time: 19.483215ms
2025/08/05 12:31:46 AttenuationSystem update...
2025/08/05 12:31:46 AttenuationSystem parallel flag: 1
2025/08/05 12:31:46 Attenuation computed count: 1140000
2025/08/05 12:31:46 AttenuationSystem update time: 346.356195ms
2025/08/05 12:31:46 Run 6 complete
2025/08/05 12:31:46 StationSystem update...
2025/08/05 12:31:46 weather update count: 600
2025/08/05 12:31:46 StationSystem update time: 4.169µs
2025/08/05 12:31:46 SatelliteSystem update...
2025/08/05 12:31:46 satellite count: 1900
2025/08/05 12:31:46 SatelliteSystem update time: 7.207958ms
2025/08/05 12:31:46 TopoSystem update...
2025/08/05 12:31:46 TopoSystem: Link count: 1140000
2025/08/05 12:31:46 TopoSystem update time: 17.824155ms
2025/08/05 12:31:46 AttenuationSystem update...
2025/08/05 12:31:46 AttenuationSystem parallel flag: 1
2025/08/05 12:31:47 Attenuation computed count: 1140000
2025/08/05 12:31:47 AttenuationSystem update time: 356.404103ms
2025/08/05 12:31:47 Run 7 complete
2025/08/05 12:31:47 StationSystem update...
2025/08/05 12:31:47 weather update count: 600
2025/08/05 12:31:47 StationSystem update time: 4.763µs
2025/08/05 12:31:47 SatelliteSystem update...
2025/08/05 12:31:47 satellite count: 1900
2025/08/05 12:31:47 SatelliteSystem update time: 7.205099ms
2025/08/05 12:31:47 TopoSystem update...
2025/08/05 12:31:47 TopoSystem: Link count: 1140000
2025/08/05 12:31:47 TopoSystem update time: 20.870991ms
2025/08/05 12:31:47 AttenuationSystem update...
2025/08/05 12:31:47 AttenuationSystem parallel flag: 1
2025/08/05 12:31:47 Attenuation computed count: 1140000
2025/08/05 12:31:47 AttenuationSystem update time: 356.608928ms
2025/08/05 12:31:47 Run 8 complete
2025/08/05 12:31:47 StationSystem update...
2025/08/05 12:31:47 weather update count: 600
2025/08/05 12:31:47 StationSystem update time: 5.165µs
2025/08/05 12:31:47 SatelliteSystem update...
2025/08/05 12:31:47 satellite count: 1900
2025/08/05 12:31:47 SatelliteSystem update time: 7.201323ms
2025/08/05 12:31:47 TopoSystem update...
2025/08/05 12:31:47 TopoSystem: Link count: 1140000
2025/08/05 12:31:47 TopoSystem update time: 16.845213ms
2025/08/05 12:31:47 AttenuationSystem update...
2025/08/05 12:31:47 AttenuationSystem parallel flag: 1
2025/08/05 12:31:47 Attenuation computed count: 1140000
2025/08/05 12:31:47 AttenuationSystem update time: 380.589209ms
2025/08/05 12:31:47 Run 9 complete
2025/08/05 12:31:47 StationSystem update...
2025/08/05 12:31:47 weather update count: 600
2025/08/05 12:31:47 StationSystem update time: 3.957µs
2025/08/05 12:31:47 SatelliteSystem update...
2025/08/05 12:31:47 satellite count: 1900
2025/08/05 12:31:47 SatelliteSystem update time: 7.190771ms
2025/08/05 12:31:47 TopoSystem update...
2025/08/05 12:31:47 TopoSystem: Link count: 1140000
2025/08/05 12:31:47 TopoSystem update time: 17.240908ms
2025/08/05 12:31:47 AttenuationSystem update...
2025/08/05 12:31:47 AttenuationSystem parallel flag: 1
2025/08/05 12:31:48 Attenuation computed count: 1140000
2025/08/05 12:31:48 AttenuationSystem update time: 377.272025ms
2025/08/05 12:31:48 Run 10 complete
2025/08/05 12:31:48 Total update time:  4.142259816s
2025/08/05 12:31:48 linkCache size: 40

 Performance counter stats for './scale_ecs 600 1900 10 8 8 1':

        27,601,185      cache-references                                                      
         7,388,611      cache-misses                     #   26.77% of all cache refs         

       4.153750127 seconds time elapsed

      26.128129000 seconds user
       0.228598000 seconds sys


