ECS running with 1000 stations, 700 satellites, 4 numWGs and 4 numBlocks for 10 rounds in 0 parallel pattern
2025/08/05 14:24:07 StationSystem update...
2025/08/05 14:24:07 weather update count: 1000
2025/08/05 14:24:07 StationSystem update time: 9.558µs
2025/08/05 14:24:07 SatelliteSystem update...
2025/08/05 14:24:07 satellite count: 700
2025/08/05 14:24:07 SatelliteSystem update time: 2.72422ms
2025/08/05 14:24:07 TopoSystem update...
2025/08/05 14:24:07 TopoSystem: Link count: 700000
2025/08/05 14:24:07 TopoSystem update time: 27.878894ms
2025/08/05 14:24:07 AttenuationSystem update...
2025/08/05 14:24:07 AttenuationSystem parallel flag: 0
2025/08/05 14:24:07 Attenuation computed count: 700000
2025/08/05 14:24:07 AttenuationSystem update time: 409.240439ms
2025/08/05 14:24:07 Run 1 complete
2025/08/05 14:24:07 StationSystem update...
2025/08/05 14:24:07 weather update count: 1000
2025/08/05 14:24:07 StationSystem update time: 13.345µs
2025/08/05 14:24:07 SatelliteSystem update...
2025/08/05 14:24:07 satellite count: 700
2025/08/05 14:24:07 SatelliteSystem update time: 2.741466ms
2025/08/05 14:24:07 TopoSystem update...
2025/08/05 14:24:07 TopoSystem: Link count: 700000
2025/08/05 14:24:07 TopoSystem update time: 27.648925ms
2025/08/05 14:24:07 AttenuationSystem update...
2025/08/05 14:24:07 AttenuationSystem parallel flag: 0
2025/08/05 14:24:08 Attenuation computed count: 700000
2025/08/05 14:24:08 AttenuationSystem update time: 417.988019ms
2025/08/05 14:24:08 Run 2 complete
2025/08/05 14:24:08 StationSystem update...
2025/08/05 14:24:08 weather update count: 1000
2025/08/05 14:24:08 StationSystem update time: 8.861µs
2025/08/05 14:24:08 SatelliteSystem update...
2025/08/05 14:24:08 satellite count: 700
2025/08/05 14:24:08 SatelliteSystem update time: 2.730249ms
2025/08/05 14:24:08 TopoSystem update...
2025/08/05 14:24:08 TopoSystem: Link count: 700000
2025/08/05 14:24:08 TopoSystem update time: 13.693948ms
2025/08/05 14:24:08 AttenuationSystem update...
2025/08/05 14:24:08 AttenuationSystem parallel flag: 0
2025/08/05 14:24:08 Attenuation computed count: 700000
2025/08/05 14:24:08 AttenuationSystem update time: 437.293859ms
2025/08/05 14:24:08 Run 3 complete
2025/08/05 14:24:08 StationSystem update...
2025/08/05 14:24:08 weather update count: 1000
2025/08/05 14:24:08 StationSystem update time: 9.858µs
2025/08/05 14:24:08 SatelliteSystem update...
2025/08/05 14:24:08 satellite count: 700
2025/08/05 14:24:08 SatelliteSystem update time: 2.718142ms
2025/08/05 14:24:08 TopoSystem update...
2025/08/05 14:24:08 TopoSystem: Link count: 700000
2025/08/05 14:24:08 TopoSystem update time: 14.915206ms
2025/08/05 14:24:08 AttenuationSystem update...
2025/08/05 14:24:08 AttenuationSystem parallel flag: 0
2025/08/05 14:24:09 Attenuation computed count: 700000
2025/08/05 14:24:09 AttenuationSystem update time: 402.956974ms
2025/08/05 14:24:09 Run 4 complete
2025/08/05 14:24:09 StationSystem update...
2025/08/05 14:24:09 weather update count: 1000
2025/08/05 14:24:09 StationSystem update time: 12.3µs
2025/08/05 14:24:09 SatelliteSystem update...
2025/08/05 14:24:09 satellite count: 700
2025/08/05 14:24:09 SatelliteSystem update time: 2.726695ms
2025/08/05 14:24:09 TopoSystem update...
2025/08/05 14:24:09 TopoSystem: Link count: 700000
2025/08/05 14:24:09 TopoSystem update time: 15.011696ms
2025/08/05 14:24:09 AttenuationSystem update...
2025/08/05 14:24:09 AttenuationSystem parallel flag: 0
2025/08/05 14:24:09 Attenuation computed count: 700000
2025/08/05 14:24:09 AttenuationSystem update time: 455.023711ms
2025/08/05 14:24:09 Run 5 complete
2025/08/05 14:24:09 StationSystem update...
2025/08/05 14:24:09 weather update count: 1000
2025/08/05 14:24:09 StationSystem update time: 30.929µs
2025/08/05 14:24:09 SatelliteSystem update...
2025/08/05 14:24:09 satellite count: 700
2025/08/05 14:24:09 SatelliteSystem update time: 3.572921ms
2025/08/05 14:24:09 TopoSystem update...
2025/08/05 14:24:09 TopoSystem: Link count: 700000
2025/08/05 14:24:09 TopoSystem update time: 42.294504ms
2025/08/05 14:24:09 AttenuationSystem update...
2025/08/05 14:24:09 AttenuationSystem parallel flag: 0
2025/08/05 14:24:10 Attenuation computed count: 700000
2025/08/05 14:24:10 AttenuationSystem update time: 443.969507ms
2025/08/05 14:24:10 Run 6 complete
2025/08/05 14:24:10 StationSystem update...
2025/08/05 14:24:10 weather update count: 1000
2025/08/05 14:24:10 StationSystem update time: 9.98µs
2025/08/05 14:24:10 SatelliteSystem update...
2025/08/05 14:24:10 satellite count: 700
2025/08/05 14:24:10 SatelliteSystem update time: 2.712795ms
2025/08/05 14:24:10 TopoSystem update...
2025/08/05 14:24:10 TopoSystem: Link count: 700000
2025/08/05 14:24:10 TopoSystem update time: 21.35373ms
2025/08/05 14:24:10 AttenuationSystem update...
2025/08/05 14:24:10 AttenuationSystem parallel flag: 0
2025/08/05 14:24:10 Attenuation computed count: 700000
2025/08/05 14:24:10 AttenuationSystem update time: 438.018202ms
2025/08/05 14:24:10 Run 7 complete
2025/08/05 14:24:10 StationSystem update...
2025/08/05 14:24:10 weather update count: 1000
2025/08/05 14:24:10 StationSystem update time: 10.886µs
2025/08/05 14:24:10 SatelliteSystem update...
2025/08/05 14:24:10 satellite count: 700
2025/08/05 14:24:10 SatelliteSystem update time: 2.753441ms
2025/08/05 14:24:10 TopoSystem update...
2025/08/05 14:24:10 TopoSystem: Link count: 700000
2025/08/05 14:24:10 TopoSystem update time: 15.081671ms
2025/08/05 14:24:10 AttenuationSystem update...
2025/08/05 14:24:10 AttenuationSystem parallel flag: 0
2025/08/05 14:24:11 Attenuation computed count: 700000
2025/08/05 14:24:11 AttenuationSystem update time: 402.999813ms
2025/08/05 14:24:11 Run 8 complete
2025/08/05 14:24:11 StationSystem update...
2025/08/05 14:24:11 weather update count: 1000
2025/08/05 14:24:11 StationSystem update time: 12.175µs
2025/08/05 14:24:11 SatelliteSystem update...
2025/08/05 14:24:11 satellite count: 700
2025/08/05 14:24:11 SatelliteSystem update time: 2.725638ms
2025/08/05 14:24:11 TopoSystem update...
2025/08/05 14:24:11 TopoSystem: Link count: 700000
2025/08/05 14:24:11 TopoSystem update time: 13.958202ms
2025/08/05 14:24:11 AttenuationSystem update...
2025/08/05 14:24:11 AttenuationSystem parallel flag: 0
2025/08/05 14:24:11 Attenuation computed count: 700000
2025/08/05 14:24:11 AttenuationSystem update time: 413.564147ms
2025/08/05 14:24:11 Run 9 complete
2025/08/05 14:24:11 StationSystem update...
2025/08/05 14:24:11 weather update count: 1000
2025/08/05 14:24:11 StationSystem update time: 10.195µs
2025/08/05 14:24:11 SatelliteSystem update...
2025/08/05 14:24:11 satellite count: 700
2025/08/05 14:24:11 SatelliteSystem update time: 2.721447ms
2025/08/05 14:24:11 TopoSystem update...
2025/08/05 14:24:11 TopoSystem: Link count: 700000
2025/08/05 14:24:11 TopoSystem update time: 14.471518ms
2025/08/05 14:24:11 AttenuationSystem update...
2025/08/05 14:24:11 AttenuationSystem parallel flag: 0
2025/08/05 14:24:11 Attenuation computed count: 700000
2025/08/05 14:24:11 AttenuationSystem update time: 407.969953ms
2025/08/05 14:24:11 Run 10 complete
2025/08/05 14:24:11 Total update time:  4.472286756s
2025/08/05 14:24:11 linkCache size: 40

 Performance counter stats for './scale_ecs 1000 700 10 4 4 0':

        16,287,859      cache-references                                                      
         4,304,549      cache-misses                     #   26.43% of all cache refs         

       4.486533582 seconds time elapsed

      16.756106000 seconds user
       0.134128000 seconds sys


