ECS running with 800 stations, 1200 satellites, 8 numWGs and 4 numBlocks for 10 rounds in 0 parallel pattern
2025/08/05 13:17:28 StationSystem update...
2025/08/05 13:17:28 weather update count: 800
2025/08/05 13:17:28 StationSystem update time: 4.963µs
2025/08/05 13:17:28 SatelliteSystem update...
2025/08/05 13:17:28 satellite count: 1200
2025/08/05 13:17:28 SatelliteSystem update time: 4.556356ms
2025/08/05 13:17:28 TopoSystem update...
2025/08/05 13:17:28 TopoSystem: Link count: 960000
2025/08/05 13:17:28 TopoSystem update time: 29.898667ms
2025/08/05 13:17:28 AttenuationSystem update...
2025/08/05 13:17:28 AttenuationSystem parallel flag: 0
2025/08/05 13:17:28 Attenuation computed count: 960000
2025/08/05 13:17:28 AttenuationSystem update time: 577.544202ms
2025/08/05 13:17:28 Run 1 complete
2025/08/05 13:17:28 StationSystem update...
2025/08/05 13:17:28 weather update count: 800
2025/08/05 13:17:28 StationSystem update time: 6.442µs
2025/08/05 13:17:28 SatelliteSystem update...
2025/08/05 13:17:28 satellite count: 1200
2025/08/05 13:17:28 SatelliteSystem update time: 4.572813ms
2025/08/05 13:17:28 TopoSystem update...
2025/08/05 13:17:28 TopoSystem: Link count: 960000
2025/08/05 13:17:28 TopoSystem update time: 26.93379ms
2025/08/05 13:17:28 AttenuationSystem update...
2025/08/05 13:17:28 AttenuationSystem parallel flag: 0
2025/08/05 13:17:29 Attenuation computed count: 960000
2025/08/05 13:17:29 AttenuationSystem update time: 556.879462ms
2025/08/05 13:17:29 Run 2 complete
2025/08/05 13:17:29 StationSystem update...
2025/08/05 13:17:29 weather update count: 800
2025/08/05 13:17:29 StationSystem update time: 29.056µs
2025/08/05 13:17:29 SatelliteSystem update...
2025/08/05 13:17:29 satellite count: 1200
2025/08/05 13:17:29 SatelliteSystem update time: 4.945638ms
2025/08/05 13:17:29 TopoSystem update...
2025/08/05 13:17:29 TopoSystem: Link count: 960000
2025/08/05 13:17:29 TopoSystem update time: 55.521495ms
2025/08/05 13:17:29 AttenuationSystem update...
2025/08/05 13:17:29 AttenuationSystem parallel flag: 0
2025/08/05 13:17:30 Attenuation computed count: 960000
2025/08/05 13:17:30 AttenuationSystem update time: 567.829935ms
2025/08/05 13:17:30 Run 3 complete
2025/08/05 13:17:30 StationSystem update...
2025/08/05 13:17:30 weather update count: 800
2025/08/05 13:17:30 StationSystem update time: 5.702µs
2025/08/05 13:17:30 SatelliteSystem update...
2025/08/05 13:17:30 satellite count: 1200
2025/08/05 13:17:30 SatelliteSystem update time: 3.412694ms
2025/08/05 13:17:30 TopoSystem update...
2025/08/05 13:17:30 TopoSystem: Link count: 960000
2025/08/05 13:17:30 TopoSystem update time: 26.496678ms
2025/08/05 13:17:30 AttenuationSystem update...
2025/08/05 13:17:30 AttenuationSystem parallel flag: 0
2025/08/05 13:17:30 Attenuation computed count: 960000
2025/08/05 13:17:30 AttenuationSystem update time: 590.636975ms
2025/08/05 13:17:30 Run 4 complete
2025/08/05 13:17:30 StationSystem update...
2025/08/05 13:17:30 weather update count: 800
2025/08/05 13:17:30 StationSystem update time: 5.577µs
2025/08/05 13:17:30 SatelliteSystem update...
2025/08/05 13:17:30 satellite count: 1200
2025/08/05 13:17:30 SatelliteSystem update time: 4.710596ms
2025/08/05 13:17:30 TopoSystem update...
2025/08/05 13:17:30 TopoSystem: Link count: 960000
2025/08/05 13:17:30 TopoSystem update time: 15.580621ms
2025/08/05 13:17:30 AttenuationSystem update...
2025/08/05 13:17:30 AttenuationSystem parallel flag: 0
2025/08/05 13:17:31 Attenuation computed count: 960000
2025/08/05 13:17:31 AttenuationSystem update time: 616.166415ms
2025/08/05 13:17:31 Run 5 complete
2025/08/05 13:17:31 StationSystem update...
2025/08/05 13:17:31 weather update count: 800
2025/08/05 13:17:31 StationSystem update time: 5.799µs
2025/08/05 13:17:31 SatelliteSystem update...
2025/08/05 13:17:31 satellite count: 1200
2025/08/05 13:17:31 SatelliteSystem update time: 4.594764ms
2025/08/05 13:17:31 TopoSystem update...
2025/08/05 13:17:31 TopoSystem: Link count: 960000
2025/08/05 13:17:31 TopoSystem update time: 15.986308ms
2025/08/05 13:17:31 AttenuationSystem update...
2025/08/05 13:17:31 AttenuationSystem parallel flag: 0
2025/08/05 13:17:31 Attenuation computed count: 960000
2025/08/05 13:17:31 AttenuationSystem update time: 570.879466ms
2025/08/05 13:17:31 Run 6 complete
2025/08/05 13:17:31 StationSystem update...
2025/08/05 13:17:31 weather update count: 800
2025/08/05 13:17:31 StationSystem update time: 5.458µs
2025/08/05 13:17:31 SatelliteSystem update...
2025/08/05 13:17:31 satellite count: 1200
2025/08/05 13:17:31 SatelliteSystem update time: 4.577313ms
2025/08/05 13:17:31 TopoSystem update...
2025/08/05 13:17:31 TopoSystem: Link count: 960000
2025/08/05 13:17:31 TopoSystem update time: 16.305901ms
2025/08/05 13:17:31 AttenuationSystem update...
2025/08/05 13:17:31 AttenuationSystem parallel flag: 0
2025/08/05 13:17:32 Attenuation computed count: 960000
2025/08/05 13:17:32 AttenuationSystem update time: 600.168904ms
2025/08/05 13:17:32 Run 7 complete
2025/08/05 13:17:32 StationSystem update...
2025/08/05 13:17:32 weather update count: 800
2025/08/05 13:17:32 StationSystem update time: 11.787µs
2025/08/05 13:17:32 SatelliteSystem update...
2025/08/05 13:17:32 satellite count: 1200
2025/08/05 13:17:32 SatelliteSystem update time: 4.955614ms
2025/08/05 13:17:32 TopoSystem update...
2025/08/05 13:17:32 TopoSystem: Link count: 960000
2025/08/05 13:17:32 TopoSystem update time: 58.11878ms
2025/08/05 13:17:32 AttenuationSystem update...
2025/08/05 13:17:32 AttenuationSystem parallel flag: 0
2025/08/05 13:17:33 Attenuation computed count: 960000
2025/08/05 13:17:33 AttenuationSystem update time: 569.328391ms
2025/08/05 13:17:33 Run 8 complete
2025/08/05 13:17:33 StationSystem update...
2025/08/05 13:17:33 weather update count: 800
2025/08/05 13:17:33 StationSystem update time: 6.242µs
2025/08/05 13:17:33 SatelliteSystem update...
2025/08/05 13:17:33 satellite count: 1200
2025/08/05 13:17:33 SatelliteSystem update time: 4.579196ms
2025/08/05 13:17:33 TopoSystem update...
2025/08/05 13:17:33 TopoSystem: Link count: 960000
2025/08/05 13:17:33 TopoSystem update time: 16.901232ms
2025/08/05 13:17:33 AttenuationSystem update...
2025/08/05 13:17:33 AttenuationSystem parallel flag: 0
2025/08/05 13:17:33 Attenuation computed count: 960000
2025/08/05 13:17:33 AttenuationSystem update time: 569.310465ms
2025/08/05 13:17:33 Run 9 complete
2025/08/05 13:17:33 StationSystem update...
2025/08/05 13:17:33 weather update count: 800
2025/08/05 13:17:33 StationSystem update time: 12.103µs
2025/08/05 13:17:33 SatelliteSystem update...
2025/08/05 13:17:33 satellite count: 1200
2025/08/05 13:17:33 SatelliteSystem update time: 4.64048ms
2025/08/05 13:17:33 TopoSystem update...
2025/08/05 13:17:33 TopoSystem: Link count: 960000
2025/08/05 13:17:33 TopoSystem update time: 16.530907ms
2025/08/05 13:17:33 AttenuationSystem update...
2025/08/05 13:17:33 AttenuationSystem parallel flag: 0
2025/08/05 13:17:34 Attenuation computed count: 960000
2025/08/05 13:17:34 AttenuationSystem update time: 576.40647ms
2025/08/05 13:17:34 Run 10 complete
2025/08/05 13:17:34 Total update time:  6.127299063s
2025/08/05 13:17:34 linkCache size: 40

 Performance counter stats for './scale_ecs 800 1200 10 8 4 0':

        22,671,332      cache-references                                                      
         6,405,062      cache-misses                     #   28.25% of all cache refs         

       6.136488542 seconds time elapsed

      22.580269000 seconds user
       0.199099000 seconds sys


