ECS running with 500 stations, 600 satellites, 4 numWGs and 8 numBlocks for 10 rounds in 0 parallel pattern
2025/08/05 11:46:35 StationSystem update...
2025/08/05 11:46:35 weather update count: 500
2025/08/05 11:46:35 StationSystem update time: 5.413µs
2025/08/05 11:46:35 SatelliteSystem update...
2025/08/05 11:46:35 satellite count: 600
2025/08/05 11:46:35 SatelliteSystem update time: 2.331001ms
2025/08/05 11:46:35 TopoSystem update...
2025/08/05 11:46:35 TopoSystem: Link count: 300000
2025/08/05 11:46:35 TopoSystem update time: 10.731444ms
2025/08/05 11:46:35 AttenuationSystem update...
2025/08/05 11:46:35 AttenuationSystem parallel flag: 0
2025/08/05 11:46:35 Attenuation computed count: 300000
2025/08/05 11:46:35 AttenuationSystem update time: 85.949043ms
2025/08/05 11:46:35 Run 1 complete
2025/08/05 11:46:35 StationSystem update...
2025/08/05 11:46:35 weather update count: 500
2025/08/05 11:46:35 StationSystem update time: 7.6µs
2025/08/05 11:46:35 SatelliteSystem update...
2025/08/05 11:46:35 satellite count: 600
2025/08/05 11:46:35 SatelliteSystem update time: 2.306851ms
2025/08/05 11:46:35 TopoSystem update...
2025/08/05 11:46:35 TopoSystem: Link count: 300000
2025/08/05 11:46:35 TopoSystem update time: 8.557317ms
2025/08/05 11:46:35 AttenuationSystem update...
2025/08/05 11:46:35 AttenuationSystem parallel flag: 0
2025/08/05 11:46:35 Attenuation computed count: 300000
2025/08/05 11:46:35 AttenuationSystem update time: 107.784442ms
2025/08/05 11:46:35 Run 2 complete
2025/08/05 11:46:35 StationSystem update...
2025/08/05 11:46:35 weather update count: 500
2025/08/05 11:46:35 StationSystem update time: 4.715µs
2025/08/05 11:46:35 SatelliteSystem update...
2025/08/05 11:46:35 satellite count: 600
2025/08/05 11:46:35 SatelliteSystem update time: 2.319614ms
2025/08/05 11:46:35 TopoSystem update...
2025/08/05 11:46:35 TopoSystem: Link count: 300000
2025/08/05 11:46:35 TopoSystem update time: 5.875116ms
2025/08/05 11:46:35 AttenuationSystem update...
2025/08/05 11:46:35 AttenuationSystem parallel flag: 0
2025/08/05 11:46:35 Attenuation computed count: 300000
2025/08/05 11:46:35 AttenuationSystem update time: 91.019777ms
2025/08/05 11:46:35 Run 3 complete
2025/08/05 11:46:35 StationSystem update...
2025/08/05 11:46:35 weather update count: 500
2025/08/05 11:46:35 StationSystem update time: 4.145µs
2025/08/05 11:46:35 SatelliteSystem update...
2025/08/05 11:46:35 satellite count: 600
2025/08/05 11:46:35 SatelliteSystem update time: 2.292823ms
2025/08/05 11:46:35 TopoSystem update...
2025/08/05 11:46:35 TopoSystem: Link count: 300000
2025/08/05 11:46:35 TopoSystem update time: 5.210731ms
2025/08/05 11:46:35 AttenuationSystem update...
2025/08/05 11:46:35 AttenuationSystem parallel flag: 0
2025/08/05 11:46:36 Attenuation computed count: 300000
2025/08/05 11:46:36 AttenuationSystem update time: 107.391271ms
2025/08/05 11:46:36 Run 4 complete
2025/08/05 11:46:36 StationSystem update...
2025/08/05 11:46:36 weather update count: 500
2025/08/05 11:46:36 StationSystem update time: 3.62µs
2025/08/05 11:46:36 SatelliteSystem update...
2025/08/05 11:46:36 satellite count: 600
2025/08/05 11:46:36 SatelliteSystem update time: 2.280999ms
2025/08/05 11:46:36 TopoSystem update...
2025/08/05 11:46:36 TopoSystem: Link count: 300000
2025/08/05 11:46:36 TopoSystem update time: 5.241381ms
2025/08/05 11:46:36 AttenuationSystem update...
2025/08/05 11:46:36 AttenuationSystem parallel flag: 0
2025/08/05 11:46:36 Attenuation computed count: 300000
2025/08/05 11:46:36 AttenuationSystem update time: 106.380037ms
2025/08/05 11:46:36 Run 5 complete
2025/08/05 11:46:36 StationSystem update...
2025/08/05 11:46:36 weather update count: 500
2025/08/05 11:46:36 StationSystem update time: 4.181µs
2025/08/05 11:46:36 SatelliteSystem update...
2025/08/05 11:46:36 satellite count: 600
2025/08/05 11:46:36 SatelliteSystem update time: 2.275382ms
2025/08/05 11:46:36 TopoSystem update...
2025/08/05 11:46:36 TopoSystem: Link count: 300000
2025/08/05 11:46:36 TopoSystem update time: 5.269753ms
2025/08/05 11:46:36 AttenuationSystem update...
2025/08/05 11:46:36 AttenuationSystem parallel flag: 0
2025/08/05 11:46:36 Attenuation computed count: 300000
2025/08/05 11:46:36 AttenuationSystem update time: 97.496938ms
2025/08/05 11:46:36 Run 6 complete
2025/08/05 11:46:36 StationSystem update...
2025/08/05 11:46:36 weather update count: 500
2025/08/05 11:46:36 StationSystem update time: 3.68µs
2025/08/05 11:46:36 SatelliteSystem update...
2025/08/05 11:46:36 satellite count: 600
2025/08/05 11:46:36 SatelliteSystem update time: 2.275859ms
2025/08/05 11:46:36 TopoSystem update...
2025/08/05 11:46:36 TopoSystem: Link count: 300000
2025/08/05 11:46:36 TopoSystem update time: 5.017801ms
2025/08/05 11:46:36 AttenuationSystem update...
2025/08/05 11:46:36 AttenuationSystem parallel flag: 0
2025/08/05 11:46:36 Attenuation computed count: 300000
2025/08/05 11:46:36 AttenuationSystem update time: 92.584676ms
2025/08/05 11:46:36 Run 7 complete
2025/08/05 11:46:36 StationSystem update...
2025/08/05 11:46:36 weather update count: 500
2025/08/05 11:46:36 StationSystem update time: 4.089µs
2025/08/05 11:46:36 SatelliteSystem update...
2025/08/05 11:46:36 satellite count: 600
2025/08/05 11:46:36 SatelliteSystem update time: 2.29328ms
2025/08/05 11:46:36 TopoSystem update...
2025/08/05 11:46:36 TopoSystem: Link count: 300000
2025/08/05 11:46:36 TopoSystem update time: 5.417291ms
2025/08/05 11:46:36 AttenuationSystem update...
2025/08/05 11:46:36 AttenuationSystem parallel flag: 0
2025/08/05 11:46:36 Attenuation computed count: 300000
2025/08/05 11:46:36 AttenuationSystem update time: 107.0892ms
2025/08/05 11:46:36 Run 8 complete
2025/08/05 11:46:36 StationSystem update...
2025/08/05 11:46:36 weather update count: 500
2025/08/05 11:46:36 StationSystem update time: 3.767µs
2025/08/05 11:46:36 SatelliteSystem update...
2025/08/05 11:46:36 satellite count: 600
2025/08/05 11:46:36 SatelliteSystem update time: 2.281714ms
2025/08/05 11:46:36 TopoSystem update...
2025/08/05 11:46:36 TopoSystem: Link count: 300000
2025/08/05 11:46:36 TopoSystem update time: 4.966428ms
2025/08/05 11:46:36 AttenuationSystem update...
2025/08/05 11:46:36 AttenuationSystem parallel flag: 0
2025/08/05 11:46:36 Attenuation computed count: 300000
2025/08/05 11:46:36 AttenuationSystem update time: 106.931998ms
2025/08/05 11:46:36 Run 9 complete
2025/08/05 11:46:36 StationSystem update...
2025/08/05 11:46:36 weather update count: 500
2025/08/05 11:46:36 StationSystem update time: 3.898µs
2025/08/05 11:46:36 SatelliteSystem update...
2025/08/05 11:46:36 satellite count: 600
2025/08/05 11:46:36 SatelliteSystem update time: 2.027439ms
2025/08/05 11:46:36 TopoSystem update...
2025/08/05 11:46:36 TopoSystem: Link count: 300000
2025/08/05 11:46:36 TopoSystem update time: 5.196966ms
2025/08/05 11:46:36 AttenuationSystem update...
2025/08/05 11:46:36 AttenuationSystem parallel flag: 0
2025/08/05 11:46:36 Attenuation computed count: 300000
2025/08/05 11:46:36 AttenuationSystem update time: 113.039829ms
2025/08/05 11:46:36 Run 10 complete
2025/08/05 11:46:36 Total update time:  1.106171707s
2025/08/05 11:46:36 linkCache size: 40

 Performance counter stats for './scale_ecs 500 600 10 4 8 0':

         6,242,424      cache-references                                                      
         1,471,816      cache-misses                     #   23.58% of all cache refs         

       1.111228971 seconds time elapsed

       7.074341000 seconds user
       0.035910000 seconds sys


