ECS running with 600 stations, 1800 satellites, 2 numWGs and 8 numBlocks for 10 rounds in 0 parallel pattern
2025/08/05 12:28:04 StationSystem update...
2025/08/05 12:28:04 weather update count: 600
2025/08/05 12:28:04 SatelliteSystem update...
2025/08/05 12:28:04 StationSystem update time: 5.843µs
2025/08/05 12:28:04 satellite count: 1800
2025/08/05 12:28:04 SatelliteSystem update time: 6.807539ms
2025/08/05 12:28:04 TopoSystem update...
2025/08/05 12:28:04 TopoSystem: Link count: 1080000
2025/08/05 12:28:04 TopoSystem update time: 36.048703ms
2025/08/05 12:28:04 AttenuationSystem update...
2025/08/05 12:28:04 AttenuationSystem parallel flag: 0
2025/08/05 12:28:04 Attenuation computed count: 1080000
2025/08/05 12:28:04 AttenuationSystem update time: 309.55232ms
2025/08/05 12:28:04 Run 1 complete
2025/08/05 12:28:04 StationSystem update...
2025/08/05 12:28:04 weather update count: 600
2025/08/05 12:28:04 StationSystem update time: 4.922µs
2025/08/05 12:28:04 SatelliteSystem update...
2025/08/05 12:28:04 satellite count: 1800
2025/08/05 12:28:04 SatelliteSystem update time: 6.821697ms
2025/08/05 12:28:04 TopoSystem update...
2025/08/05 12:28:04 TopoSystem: Link count: 1080000
2025/08/05 12:28:04 TopoSystem update time: 32.026304ms
2025/08/05 12:28:04 AttenuationSystem update...
2025/08/05 12:28:04 AttenuationSystem parallel flag: 0
2025/08/05 12:28:05 Attenuation computed count: 1080000
2025/08/05 12:28:05 AttenuationSystem update time: 315.14552ms
2025/08/05 12:28:05 Run 2 complete
2025/08/05 12:28:05 StationSystem update...
2025/08/05 12:28:05 weather update count: 600
2025/08/05 12:28:05 StationSystem update time: 3.74µs
2025/08/05 12:28:05 SatelliteSystem update...
2025/08/05 12:28:05 satellite count: 1800
2025/08/05 12:28:05 SatelliteSystem update time: 6.806146ms
2025/08/05 12:28:05 TopoSystem update...
2025/08/05 12:28:05 TopoSystem: Link count: 1080000
2025/08/05 12:28:05 TopoSystem update time: 17.42796ms
2025/08/05 12:28:05 AttenuationSystem update...
2025/08/05 12:28:05 AttenuationSystem parallel flag: 0
2025/08/05 12:28:05 Attenuation computed count: 1080000
2025/08/05 12:28:05 AttenuationSystem update time: 334.412127ms
2025/08/05 12:28:05 Run 3 complete
2025/08/05 12:28:05 StationSystem update...
2025/08/05 12:28:05 weather update count: 600
2025/08/05 12:28:05 StationSystem update time: 3.904µs
2025/08/05 12:28:05 SatelliteSystem update...
2025/08/05 12:28:05 satellite count: 1800
2025/08/05 12:28:05 SatelliteSystem update time: 6.796515ms
2025/08/05 12:28:05 TopoSystem update...
2025/08/05 12:28:05 TopoSystem: Link count: 1080000
2025/08/05 12:28:05 TopoSystem update time: 17.92687ms
2025/08/05 12:28:05 AttenuationSystem update...
2025/08/05 12:28:05 AttenuationSystem parallel flag: 0
2025/08/05 12:28:05 Attenuation computed count: 1080000
2025/08/05 12:28:05 AttenuationSystem update time: 330.169282ms
2025/08/05 12:28:05 Run 4 complete
2025/08/05 12:28:05 StationSystem update...
2025/08/05 12:28:05 weather update count: 600
2025/08/05 12:28:05 StationSystem update time: 16.573µs
2025/08/05 12:28:05 SatelliteSystem update...
2025/08/05 12:28:05 satellite count: 1800
2025/08/05 12:28:05 SatelliteSystem update time: 8.183597ms
2025/08/05 12:28:05 TopoSystem update...
2025/08/05 12:28:05 TopoSystem: Link count: 1080000
2025/08/05 12:28:05 TopoSystem update time: 32.574206ms
2025/08/05 12:28:05 AttenuationSystem update...
2025/08/05 12:28:05 AttenuationSystem parallel flag: 0
2025/08/05 12:28:06 Attenuation computed count: 1080000
2025/08/05 12:28:06 AttenuationSystem update time: 315.953469ms
2025/08/05 12:28:06 Run 5 complete
2025/08/05 12:28:06 StationSystem update...
2025/08/05 12:28:06 weather update count: 600
2025/08/05 12:28:06 StationSystem update time: 4.167µs
2025/08/05 12:28:06 SatelliteSystem update...
2025/08/05 12:28:06 satellite count: 1800
2025/08/05 12:28:06 SatelliteSystem update time: 6.800018ms
2025/08/05 12:28:06 TopoSystem update...
2025/08/05 12:28:06 TopoSystem: Link count: 1080000
2025/08/05 12:28:06 TopoSystem update time: 19.099952ms
2025/08/05 12:28:06 AttenuationSystem update...
2025/08/05 12:28:06 AttenuationSystem parallel flag: 0
2025/08/05 12:28:06 Attenuation computed count: 1080000
2025/08/05 12:28:06 AttenuationSystem update time: 312.344477ms
2025/08/05 12:28:06 Run 6 complete
2025/08/05 12:28:06 StationSystem update...
2025/08/05 12:28:06 weather update count: 600
2025/08/05 12:28:06 StationSystem update time: 5.067µs
2025/08/05 12:28:06 SatelliteSystem update...
2025/08/05 12:28:06 satellite count: 1800
2025/08/05 12:28:06 SatelliteSystem update time: 6.806428ms
2025/08/05 12:28:06 TopoSystem update...
2025/08/05 12:28:06 TopoSystem: Link count: 1080000
2025/08/05 12:28:06 TopoSystem update time: 16.629055ms
2025/08/05 12:28:06 AttenuationSystem update...
2025/08/05 12:28:06 AttenuationSystem parallel flag: 0
2025/08/05 12:28:06 Attenuation computed count: 1080000
2025/08/05 12:28:06 AttenuationSystem update time: 308.059999ms
2025/08/05 12:28:06 Run 7 complete
2025/08/05 12:28:06 StationSystem update...
2025/08/05 12:28:06 weather update count: 600
2025/08/05 12:28:06 StationSystem update time: 4.191µs
2025/08/05 12:28:06 SatelliteSystem update...
2025/08/05 12:28:06 satellite count: 1800
2025/08/05 12:28:06 SatelliteSystem update time: 5.059556ms
2025/08/05 12:28:06 TopoSystem update...
2025/08/05 12:28:06 TopoSystem: Link count: 1080000
2025/08/05 12:28:06 TopoSystem update time: 13.648038ms
2025/08/05 12:28:06 AttenuationSystem update...
2025/08/05 12:28:06 AttenuationSystem parallel flag: 0
2025/08/05 12:28:07 Attenuation computed count: 1080000
2025/08/05 12:28:07 AttenuationSystem update time: 325.024414ms
2025/08/05 12:28:07 Run 8 complete
2025/08/05 12:28:07 StationSystem update...
2025/08/05 12:28:07 weather update count: 600
2025/08/05 12:28:07 StationSystem update time: 5.004µs
2025/08/05 12:28:07 SatelliteSystem update...
2025/08/05 12:28:07 satellite count: 1800
2025/08/05 12:28:07 SatelliteSystem update time: 6.823885ms
2025/08/05 12:28:07 TopoSystem update...
2025/08/05 12:28:07 TopoSystem: Link count: 1080000
2025/08/05 12:28:07 TopoSystem update time: 19.266759ms
2025/08/05 12:28:07 AttenuationSystem update...
2025/08/05 12:28:07 AttenuationSystem parallel flag: 0
2025/08/05 12:28:07 Attenuation computed count: 1080000
2025/08/05 12:28:07 AttenuationSystem update time: 308.742269ms
2025/08/05 12:28:07 Run 9 complete
2025/08/05 12:28:07 StationSystem update...
2025/08/05 12:28:07 weather update count: 600
2025/08/05 12:28:07 StationSystem update time: 4.124µs
2025/08/05 12:28:07 SatelliteSystem update...
2025/08/05 12:28:07 satellite count: 1800
2025/08/05 12:28:07 SatelliteSystem update time: 6.825111ms
2025/08/05 12:28:07 TopoSystem update...
2025/08/05 12:28:07 TopoSystem: Link count: 1080000
2025/08/05 12:28:07 TopoSystem update time: 18.044761ms
2025/08/05 12:28:07 AttenuationSystem update...
2025/08/05 12:28:07 AttenuationSystem parallel flag: 0
2025/08/05 12:28:07 Attenuation computed count: 1080000
2025/08/05 12:28:07 AttenuationSystem update time: 341.43572ms
2025/08/05 12:28:07 Run 10 complete
2025/08/05 12:28:07 Total update time:  3.503232638s
2025/08/05 12:28:07 linkCache size: 40

 Performance counter stats for './scale_ecs 600 1800 10 2 8 0':

        24,360,622      cache-references                                                      
         5,735,166      cache-misses                     #   23.54% of all cache refs         

       3.512195253 seconds time elapsed

      23.289086000 seconds user
       0.133040000 seconds sys


