ECS running with 700 stations, 1500 satellites, 2 numWGs and 4 numBlocks for 10 rounds in 0 parallel pattern
2025/08/05 12:49:51 StationSystem update...
2025/08/05 12:49:51 weather update count: 700
2025/08/05 12:49:51 SatelliteSystem update...
2025/08/05 12:49:51 StationSystem update time: 5.053µs
2025/08/05 12:49:51 satellite count: 1500
2025/08/05 12:49:51 SatelliteSystem update time: 4.252191ms
2025/08/05 12:49:51 TopoSystem update...
2025/08/05 12:49:51 TopoSystem: Link count: 1050000
2025/08/05 12:49:51 TopoSystem update time: 34.058967ms
2025/08/05 12:49:51 AttenuationSystem update...
2025/08/05 12:49:51 AttenuationSystem parallel flag: 0
2025/08/05 12:49:52 Attenuation computed count: 1050000
2025/08/05 12:49:52 AttenuationSystem update time: 593.977358ms
2025/08/05 12:49:52 Run 1 complete
2025/08/05 12:49:52 StationSystem update...
2025/08/05 12:49:52 weather update count: 700
2025/08/05 12:49:52 StationSystem update time: 5.024µs
2025/08/05 12:49:52 SatelliteSystem update...
2025/08/05 12:49:52 satellite count: 1500
2025/08/05 12:49:52 SatelliteSystem update time: 5.694954ms
2025/08/05 12:49:52 TopoSystem update...
2025/08/05 12:49:52 TopoSystem: Link count: 1050000
2025/08/05 12:49:52 TopoSystem update time: 31.443591ms
2025/08/05 12:49:52 AttenuationSystem update...
2025/08/05 12:49:52 AttenuationSystem parallel flag: 0
2025/08/05 12:49:53 Attenuation computed count: 1050000
2025/08/05 12:49:53 AttenuationSystem update time: 574.774157ms
2025/08/05 12:49:53 Run 2 complete
2025/08/05 12:49:53 StationSystem update...
2025/08/05 12:49:53 weather update count: 700
2025/08/05 12:49:53 StationSystem update time: 15.441µs
2025/08/05 12:49:53 SatelliteSystem update...
2025/08/05 12:49:53 satellite count: 1500
2025/08/05 12:49:53 SatelliteSystem update time: 6.88869ms
2025/08/05 12:49:53 TopoSystem update...
2025/08/05 12:49:53 TopoSystem: Link count: 1050000
2025/08/05 12:49:53 TopoSystem update time: 48.370677ms
2025/08/05 12:49:53 AttenuationSystem update...
2025/08/05 12:49:53 AttenuationSystem parallel flag: 0
2025/08/05 12:49:53 Attenuation computed count: 1050000
2025/08/05 12:49:53 AttenuationSystem update time: 599.329007ms
2025/08/05 12:49:53 Run 3 complete
2025/08/05 12:49:53 StationSystem update...
2025/08/05 12:49:53 weather update count: 700
2025/08/05 12:49:53 StationSystem update time: 4.338µs
2025/08/05 12:49:53 SatelliteSystem update...
2025/08/05 12:49:53 satellite count: 1500
2025/08/05 12:49:53 SatelliteSystem update time: 5.707148ms
2025/08/05 12:49:53 TopoSystem update...
2025/08/05 12:49:53 TopoSystem: Link count: 1050000
2025/08/05 12:49:53 TopoSystem update time: 44.916758ms
2025/08/05 12:49:53 AttenuationSystem update...
2025/08/05 12:49:53 AttenuationSystem parallel flag: 0
2025/08/05 12:49:54 Attenuation computed count: 1050000
2025/08/05 12:49:54 AttenuationSystem update time: 598.745757ms
2025/08/05 12:49:54 Run 4 complete
2025/08/05 12:49:54 StationSystem update...
2025/08/05 12:49:54 weather update count: 700
2025/08/05 12:49:54 StationSystem update time: 5.539µs
2025/08/05 12:49:54 SatelliteSystem update...
2025/08/05 12:49:54 satellite count: 1500
2025/08/05 12:49:54 SatelliteSystem update time: 4.226074ms
2025/08/05 12:49:54 TopoSystem update...
2025/08/05 12:49:54 TopoSystem: Link count: 1050000
2025/08/05 12:49:54 TopoSystem update time: 15.109486ms
2025/08/05 12:49:54 AttenuationSystem update...
2025/08/05 12:49:54 AttenuationSystem parallel flag: 0
2025/08/05 12:49:55 Attenuation computed count: 1050000
2025/08/05 12:49:55 AttenuationSystem update time: 598.749564ms
2025/08/05 12:49:55 Run 5 complete
2025/08/05 12:49:55 StationSystem update...
2025/08/05 12:49:55 weather update count: 700
2025/08/05 12:49:55 StationSystem update time: 4.271µs
2025/08/05 12:49:55 SatelliteSystem update...
2025/08/05 12:49:55 satellite count: 1500
2025/08/05 12:49:55 SatelliteSystem update time: 5.703102ms
2025/08/05 12:49:55 TopoSystem update...
2025/08/05 12:49:55 TopoSystem: Link count: 1050000
2025/08/05 12:49:55 TopoSystem update time: 15.843164ms
2025/08/05 12:49:55 AttenuationSystem update...
2025/08/05 12:49:55 AttenuationSystem parallel flag: 0
2025/08/05 12:49:55 Attenuation computed count: 1050000
2025/08/05 12:49:55 AttenuationSystem update time: 579.565007ms
2025/08/05 12:49:55 Run 6 complete
2025/08/05 12:49:55 StationSystem update...
2025/08/05 12:49:55 weather update count: 700
2025/08/05 12:49:55 StationSystem update time: 2.811µs
2025/08/05 12:49:55 SatelliteSystem update...
2025/08/05 12:49:55 satellite count: 1500
2025/08/05 12:49:55 SatelliteSystem update time: 4.229102ms
2025/08/05 12:49:55 TopoSystem update...
2025/08/05 12:49:55 TopoSystem: Link count: 1050000
2025/08/05 12:49:55 TopoSystem update time: 15.725481ms
2025/08/05 12:49:55 AttenuationSystem update...
2025/08/05 12:49:55 AttenuationSystem parallel flag: 0
2025/08/05 12:49:56 Attenuation computed count: 1050000
2025/08/05 12:49:56 AttenuationSystem update time: 597.933101ms
2025/08/05 12:49:56 Run 7 complete
2025/08/05 12:49:56 StationSystem update...
2025/08/05 12:49:56 weather update count: 700
2025/08/05 12:49:56 StationSystem update time: 4.199µs
2025/08/05 12:49:56 SatelliteSystem update...
2025/08/05 12:49:56 satellite count: 1500
2025/08/05 12:49:56 SatelliteSystem update time: 4.224533ms
2025/08/05 12:49:56 TopoSystem update...
2025/08/05 12:49:56 TopoSystem: Link count: 1050000
2025/08/05 12:49:56 TopoSystem update time: 15.422741ms
2025/08/05 12:49:56 AttenuationSystem update...
2025/08/05 12:49:56 AttenuationSystem parallel flag: 0
2025/08/05 12:49:56 Attenuation computed count: 1050000
2025/08/05 12:49:56 AttenuationSystem update time: 618.74407ms
2025/08/05 12:49:56 Run 8 complete
2025/08/05 12:49:56 StationSystem update...
2025/08/05 12:49:56 weather update count: 700
2025/08/05 12:49:56 StationSystem update time: 12.494µs
2025/08/05 12:49:56 SatelliteSystem update...
2025/08/05 12:49:56 satellite count: 1500
2025/08/05 12:49:56 SatelliteSystem update time: 4.56361ms
2025/08/05 12:49:56 TopoSystem update...
2025/08/05 12:49:56 TopoSystem: Link count: 1050000
2025/08/05 12:49:56 TopoSystem update time: 31.467364ms
2025/08/05 12:49:56 AttenuationSystem update...
2025/08/05 12:49:56 AttenuationSystem parallel flag: 0
2025/08/05 12:49:57 Attenuation computed count: 1050000
2025/08/05 12:49:57 AttenuationSystem update time: 598.244756ms
2025/08/05 12:49:57 Run 9 complete
2025/08/05 12:49:57 StationSystem update...
2025/08/05 12:49:57 weather update count: 700
2025/08/05 12:49:57 StationSystem update time: 5.253µs
2025/08/05 12:49:57 SatelliteSystem update...
2025/08/05 12:49:57 satellite count: 1500
2025/08/05 12:49:57 SatelliteSystem update time: 5.729933ms
2025/08/05 12:49:57 TopoSystem update...
2025/08/05 12:49:57 TopoSystem: Link count: 1050000
2025/08/05 12:49:57 TopoSystem update time: 33.176015ms
2025/08/05 12:49:57 AttenuationSystem update...
2025/08/05 12:49:57 AttenuationSystem parallel flag: 0
2025/08/05 12:49:58 Attenuation computed count: 1050000
2025/08/05 12:49:58 AttenuationSystem update time: 573.770923ms
2025/08/05 12:49:58 Run 10 complete
2025/08/05 12:49:58 Total update time:  6.280988719s
2025/08/05 12:49:58 linkCache size: 40

 Performance counter stats for './scale_ecs 700 1500 10 2 4 0':

        24,100,411      cache-references                                                      
         6,337,105      cache-misses                     #   26.29% of all cache refs         

       6.290688645 seconds time elapsed

      22.413174000 seconds user
       0.165045000 seconds sys


