ECS running with 500 stations, 1100 satellites, 8 numWGs and 8 numBlocks for 10 rounds in 0 parallel pattern
2025/08/05 11:52:00 StationSystem update...
2025/08/05 11:52:00 weather update count: 500
2025/08/05 11:52:00 StationSystem update time: 6.427µs
2025/08/05 11:52:00 SatelliteSystem update...
2025/08/05 11:52:00 satellite count: 1100
2025/08/05 11:52:00 SatelliteSystem update time: 4.171107ms
2025/08/05 11:52:00 TopoSystem update...
2025/08/05 11:52:00 TopoSystem: Link count: 550000
2025/08/05 11:52:00 TopoSystem update time: 16.02808ms
2025/08/05 11:52:00 AttenuationSystem update...
2025/08/05 11:52:00 AttenuationSystem parallel flag: 0
2025/08/05 11:52:01 Attenuation computed count: 550000
2025/08/05 11:52:01 AttenuationSystem update time: 157.996321ms
2025/08/05 11:52:01 Run 1 complete
2025/08/05 11:52:01 StationSystem update...
2025/08/05 11:52:01 weather update count: 500
2025/08/05 11:52:01 StationSystem update time: 4.093µs
2025/08/05 11:52:01 SatelliteSystem update...
2025/08/05 11:52:01 satellite count: 1100
2025/08/05 11:52:01 SatelliteSystem update time: 4.194412ms
2025/08/05 11:52:01 TopoSystem update...
2025/08/05 11:52:01 TopoSystem: Link count: 550000
2025/08/05 11:52:01 TopoSystem update time: 8.70091ms
2025/08/05 11:52:01 AttenuationSystem update...
2025/08/05 11:52:01 AttenuationSystem parallel flag: 0
2025/08/05 11:52:01 Attenuation computed count: 550000
2025/08/05 11:52:01 AttenuationSystem update time: 159.388407ms
2025/08/05 11:52:01 Run 2 complete
2025/08/05 11:52:01 StationSystem update...
2025/08/05 11:52:01 weather update count: 500
2025/08/05 11:52:01 StationSystem update time: 4.198µs
2025/08/05 11:52:01 SatelliteSystem update...
2025/08/05 11:52:01 satellite count: 1100
2025/08/05 11:52:01 SatelliteSystem update time: 4.209913ms
2025/08/05 11:52:01 TopoSystem update...
2025/08/05 11:52:01 TopoSystem: Link count: 550000
2025/08/05 11:52:01 TopoSystem update time: 8.891018ms
2025/08/05 11:52:01 AttenuationSystem update...
2025/08/05 11:52:01 AttenuationSystem parallel flag: 0
2025/08/05 11:52:01 Attenuation computed count: 550000
2025/08/05 11:52:01 AttenuationSystem update time: 186.785818ms
2025/08/05 11:52:01 Run 3 complete
2025/08/05 11:52:01 StationSystem update...
2025/08/05 11:52:01 weather update count: 500
2025/08/05 11:52:01 StationSystem update time: 3.222µs
2025/08/05 11:52:01 SatelliteSystem update...
2025/08/05 11:52:01 satellite count: 1100
2025/08/05 11:52:01 SatelliteSystem update time: 3.086538ms
2025/08/05 11:52:01 TopoSystem update...
2025/08/05 11:52:01 TopoSystem: Link count: 550000
2025/08/05 11:52:01 TopoSystem update time: 7.641134ms
2025/08/05 11:52:01 AttenuationSystem update...
2025/08/05 11:52:01 AttenuationSystem parallel flag: 0
2025/08/05 11:52:01 Attenuation computed count: 550000
2025/08/05 11:52:01 AttenuationSystem update time: 163.885923ms
2025/08/05 11:52:01 Run 4 complete
2025/08/05 11:52:01 StationSystem update...
2025/08/05 11:52:01 weather update count: 500
2025/08/05 11:52:01 StationSystem update time: 3.869µs
2025/08/05 11:52:01 SatelliteSystem update...
2025/08/05 11:52:01 satellite count: 1100
2025/08/05 11:52:01 SatelliteSystem update time: 3.09204ms
2025/08/05 11:52:01 TopoSystem update...
2025/08/05 11:52:01 TopoSystem: Link count: 550000
2025/08/05 11:52:01 TopoSystem update time: 9.818979ms
2025/08/05 11:52:01 AttenuationSystem update...
2025/08/05 11:52:01 AttenuationSystem parallel flag: 0
2025/08/05 11:52:01 Attenuation computed count: 550000
2025/08/05 11:52:01 AttenuationSystem update time: 186.42812ms
2025/08/05 11:52:01 Run 5 complete
2025/08/05 11:52:01 StationSystem update...
2025/08/05 11:52:01 weather update count: 500
2025/08/05 11:52:01 StationSystem update time: 4.299µs
2025/08/05 11:52:01 SatelliteSystem update...
2025/08/05 11:52:01 satellite count: 1100
2025/08/05 11:52:01 SatelliteSystem update time: 4.189226ms
2025/08/05 11:52:01 TopoSystem update...
2025/08/05 11:52:01 TopoSystem: Link count: 550000
2025/08/05 11:52:01 TopoSystem update time: 13.428537ms
2025/08/05 11:52:01 AttenuationSystem update...
2025/08/05 11:52:01 AttenuationSystem parallel flag: 0
2025/08/05 11:52:02 Attenuation computed count: 550000
2025/08/05 11:52:02 AttenuationSystem update time: 172.712644ms
2025/08/05 11:52:02 Run 6 complete
2025/08/05 11:52:02 StationSystem update...
2025/08/05 11:52:02 weather update count: 500
2025/08/05 11:52:02 StationSystem update time: 4.288µs
2025/08/05 11:52:02 SatelliteSystem update...
2025/08/05 11:52:02 satellite count: 1100
2025/08/05 11:52:02 SatelliteSystem update time: 4.18343ms
2025/08/05 11:52:02 TopoSystem update...
2025/08/05 11:52:02 TopoSystem: Link count: 550000
2025/08/05 11:52:02 TopoSystem update time: 9.772054ms
2025/08/05 11:52:02 AttenuationSystem update...
2025/08/05 11:52:02 AttenuationSystem parallel flag: 0
2025/08/05 11:52:02 Attenuation computed count: 550000
2025/08/05 11:52:02 AttenuationSystem update time: 177.2012ms
2025/08/05 11:52:02 Run 7 complete
2025/08/05 11:52:02 StationSystem update...
2025/08/05 11:52:02 weather update count: 500
2025/08/05 11:52:02 StationSystem update time: 9.446µs
2025/08/05 11:52:02 SatelliteSystem update...
2025/08/05 11:52:02 satellite count: 1100
2025/08/05 11:52:02 SatelliteSystem update time: 4.999544ms
2025/08/05 11:52:02 TopoSystem update...
2025/08/05 11:52:02 TopoSystem: Link count: 550000
2025/08/05 11:52:02 TopoSystem update time: 30.243184ms
2025/08/05 11:52:02 AttenuationSystem update...
2025/08/05 11:52:02 AttenuationSystem parallel flag: 0
2025/08/05 11:52:02 Attenuation computed count: 550000
2025/08/05 11:52:02 AttenuationSystem update time: 184.778358ms
2025/08/05 11:52:02 Run 8 complete
2025/08/05 11:52:02 StationSystem update...
2025/08/05 11:52:02 weather update count: 500
2025/08/05 11:52:02 StationSystem update time: 3.89µs
2025/08/05 11:52:02 SatelliteSystem update...
2025/08/05 11:52:02 satellite count: 1100
2025/08/05 11:52:02 SatelliteSystem update time: 4.187421ms
2025/08/05 11:52:02 TopoSystem update...
2025/08/05 11:52:02 TopoSystem: Link count: 550000
2025/08/05 11:52:02 TopoSystem update time: 10.585836ms
2025/08/05 11:52:02 AttenuationSystem update...
2025/08/05 11:52:02 AttenuationSystem parallel flag: 0
2025/08/05 11:52:02 Attenuation computed count: 550000
2025/08/05 11:52:02 AttenuationSystem update time: 190.394757ms
2025/08/05 11:52:02 Run 9 complete
2025/08/05 11:52:02 StationSystem update...
2025/08/05 11:52:02 weather update count: 500
2025/08/05 11:52:02 StationSystem update time: 4.645µs
2025/08/05 11:52:02 SatelliteSystem update...
2025/08/05 11:52:02 satellite count: 1100
2025/08/05 11:52:02 SatelliteSystem update time: 4.188009ms
2025/08/05 11:52:02 TopoSystem update...
2025/08/05 11:52:02 TopoSystem: Link count: 550000
2025/08/05 11:52:02 TopoSystem update time: 11.871614ms
2025/08/05 11:52:02 AttenuationSystem update...
2025/08/05 11:52:02 AttenuationSystem parallel flag: 0
2025/08/05 11:52:02 Attenuation computed count: 550000
2025/08/05 11:52:02 AttenuationSystem update time: 177.890339ms
2025/08/05 11:52:02 Run 10 complete
2025/08/05 11:52:02 Total update time:  1.933144422s
2025/08/05 11:52:02 linkCache size: 40

 Performance counter stats for './scale_ecs 500 1100 10 8 8 0':

        13,613,543      cache-references                                                      
         2,683,272      cache-misses                     #   19.71% of all cache refs         

       1.938101655 seconds time elapsed

      12.741741000 seconds user
       0.088865000 seconds sys


