ECS running with 500 stations, 1800 satellites, 4 numWGs and 4 numBlocks for 10 rounds in 1 parallel pattern
2025/08/05 12:02:50 StationSystem update...
2025/08/05 12:02:50 weather update count: 500
2025/08/05 12:02:50 SatelliteSystem update...
2025/08/05 12:02:50 StationSystem update time: 4.822µs
2025/08/05 12:02:50 satellite count: 1800
2025/08/05 12:02:50 SatelliteSystem update time: 6.820844ms
2025/08/05 12:02:50 TopoSystem update...
2025/08/05 12:02:50 TopoSystem: Link count: 900000
2025/08/05 12:02:50 TopoSystem update time: 28.274704ms
2025/08/05 12:02:50 AttenuationSystem update...
2025/08/05 12:02:50 AttenuationSystem parallel flag: 1
2025/08/05 12:02:51 Attenuation computed count: 900000
2025/08/05 12:02:51 AttenuationSystem update time: 516.812281ms
2025/08/05 12:02:51 Run 1 complete
2025/08/05 12:02:51 StationSystem update...
2025/08/05 12:02:51 weather update count: 500
2025/08/05 12:02:51 StationSystem update time: 6.092µs
2025/08/05 12:02:51 SatelliteSystem update...
2025/08/05 12:02:51 satellite count: 1800
2025/08/05 12:02:51 SatelliteSystem update time: 6.82332ms
2025/08/05 12:02:51 TopoSystem update...
2025/08/05 12:02:51 TopoSystem: Link count: 900000
2025/08/05 12:02:51 TopoSystem update time: 26.634645ms
2025/08/05 12:02:51 AttenuationSystem update...
2025/08/05 12:02:51 AttenuationSystem parallel flag: 1
2025/08/05 12:02:51 Attenuation computed count: 900000
2025/08/05 12:02:51 AttenuationSystem update time: 545.948573ms
2025/08/05 12:02:51 Run 2 complete
2025/08/05 12:02:51 StationSystem update...
2025/08/05 12:02:51 weather update count: 500
2025/08/05 12:02:51 StationSystem update time: 13.674µs
2025/08/05 12:02:51 SatelliteSystem update...
2025/08/05 12:02:51 satellite count: 1800
2025/08/05 12:02:51 SatelliteSystem update time: 8.339138ms
2025/08/05 12:02:51 TopoSystem update...
2025/08/05 12:02:51 TopoSystem: Link count: 900000
2025/08/05 12:02:51 TopoSystem update time: 68.518002ms
2025/08/05 12:02:51 AttenuationSystem update...
2025/08/05 12:02:51 AttenuationSystem parallel flag: 1
2025/08/05 12:02:52 Attenuation computed count: 900000
2025/08/05 12:02:52 AttenuationSystem update time: 647.217459ms
2025/08/05 12:02:52 Run 3 complete
2025/08/05 12:02:52 StationSystem update...
2025/08/05 12:02:52 weather update count: 500
2025/08/05 12:02:52 StationSystem update time: 4.479µs
2025/08/05 12:02:52 SatelliteSystem update...
2025/08/05 12:02:52 satellite count: 1800
2025/08/05 12:02:52 SatelliteSystem update time: 5.227163ms
2025/08/05 12:02:52 TopoSystem update...
2025/08/05 12:02:52 TopoSystem: Link count: 900000
2025/08/05 12:02:52 TopoSystem update time: 37.890136ms
2025/08/05 12:02:52 AttenuationSystem update...
2025/08/05 12:02:52 AttenuationSystem parallel flag: 1
2025/08/05 12:02:53 Attenuation computed count: 900000
2025/08/05 12:02:53 AttenuationSystem update time: 630.810175ms
2025/08/05 12:02:53 Run 4 complete
2025/08/05 12:02:53 StationSystem update...
2025/08/05 12:02:53 weather update count: 500
2025/08/05 12:02:53 StationSystem update time: 4.268µs
2025/08/05 12:02:53 SatelliteSystem update...
2025/08/05 12:02:53 satellite count: 1800
2025/08/05 12:02:53 SatelliteSystem update time: 7.068165ms
2025/08/05 12:02:53 TopoSystem update...
2025/08/05 12:02:53 TopoSystem: Link count: 900000
2025/08/05 12:02:53 TopoSystem update time: 15.142226ms
2025/08/05 12:02:53 AttenuationSystem update...
2025/08/05 12:02:53 AttenuationSystem parallel flag: 1
2025/08/05 12:02:53 Attenuation computed count: 900000
2025/08/05 12:02:53 AttenuationSystem update time: 651.254384ms
2025/08/05 12:02:53 Run 5 complete
2025/08/05 12:02:53 StationSystem update...
2025/08/05 12:02:53 weather update count: 500
2025/08/05 12:02:53 StationSystem update time: 4.003µs
2025/08/05 12:02:53 SatelliteSystem update...
2025/08/05 12:02:53 satellite count: 1800
2025/08/05 12:02:53 SatelliteSystem update time: 6.901929ms
2025/08/05 12:02:53 TopoSystem update...
2025/08/05 12:02:53 TopoSystem: Link count: 900000
2025/08/05 12:02:53 TopoSystem update time: 16.449634ms
2025/08/05 12:02:53 AttenuationSystem update...
2025/08/05 12:02:53 AttenuationSystem parallel flag: 1
2025/08/05 12:02:54 Attenuation computed count: 900000
2025/08/05 12:02:54 AttenuationSystem update time: 519.00941ms
2025/08/05 12:02:54 Run 6 complete
2025/08/05 12:02:54 StationSystem update...
2025/08/05 12:02:54 weather update count: 500
2025/08/05 12:02:54 StationSystem update time: 3.665µs
2025/08/05 12:02:54 SatelliteSystem update...
2025/08/05 12:02:54 satellite count: 1800
2025/08/05 12:02:54 SatelliteSystem update time: 6.791911ms
2025/08/05 12:02:54 TopoSystem update...
2025/08/05 12:02:54 TopoSystem: Link count: 900000
2025/08/05 12:02:54 TopoSystem update time: 13.990656ms
2025/08/05 12:02:54 AttenuationSystem update...
2025/08/05 12:02:54 AttenuationSystem parallel flag: 1
2025/08/05 12:02:54 Attenuation computed count: 900000
2025/08/05 12:02:54 AttenuationSystem update time: 549.252223ms
2025/08/05 12:02:54 Run 7 complete
2025/08/05 12:02:54 StationSystem update...
2025/08/05 12:02:54 weather update count: 500
2025/08/05 12:02:54 StationSystem update time: 7.478µs
2025/08/05 12:02:54 SatelliteSystem update...
2025/08/05 12:02:54 satellite count: 1800
2025/08/05 12:02:54 SatelliteSystem update time: 7.340281ms
2025/08/05 12:02:54 TopoSystem update...
2025/08/05 12:02:54 TopoSystem: Link count: 900000
2025/08/05 12:02:54 TopoSystem update time: 24.960004ms
2025/08/05 12:02:54 AttenuationSystem update...
2025/08/05 12:02:54 AttenuationSystem parallel flag: 1
2025/08/05 12:02:55 Attenuation computed count: 900000
2025/08/05 12:02:55 AttenuationSystem update time: 549.981312ms
2025/08/05 12:02:55 Run 8 complete
2025/08/05 12:02:55 StationSystem update...
2025/08/05 12:02:55 weather update count: 500
2025/08/05 12:02:55 StationSystem update time: 4.096µs
2025/08/05 12:02:55 SatelliteSystem update...
2025/08/05 12:02:55 satellite count: 1800
2025/08/05 12:02:55 SatelliteSystem update time: 6.839259ms
2025/08/05 12:02:55 TopoSystem update...
2025/08/05 12:02:55 TopoSystem: Link count: 900000
2025/08/05 12:02:55 TopoSystem update time: 13.735722ms
2025/08/05 12:02:55 AttenuationSystem update...
2025/08/05 12:02:55 AttenuationSystem parallel flag: 1
2025/08/05 12:02:55 Attenuation computed count: 900000
2025/08/05 12:02:55 AttenuationSystem update time: 547.303048ms
2025/08/05 12:02:55 Run 9 complete
2025/08/05 12:02:55 StationSystem update...
2025/08/05 12:02:55 weather update count: 500
2025/08/05 12:02:55 StationSystem update time: 3.829µs
2025/08/05 12:02:55 SatelliteSystem update...
2025/08/05 12:02:55 satellite count: 1800
2025/08/05 12:02:55 SatelliteSystem update time: 6.838243ms
2025/08/05 12:02:55 TopoSystem update...
2025/08/05 12:02:55 TopoSystem: Link count: 900000
2025/08/05 12:02:55 TopoSystem update time: 14.776379ms
2025/08/05 12:02:55 AttenuationSystem update...
2025/08/05 12:02:55 AttenuationSystem parallel flag: 1
2025/08/05 12:02:56 Attenuation computed count: 900000
2025/08/05 12:02:56 AttenuationSystem update time: 543.193362ms
2025/08/05 12:02:56 Run 10 complete
2025/08/05 12:02:56 Total update time:  6.042424441s
2025/08/05 12:02:56 linkCache size: 40

 Performance counter stats for './scale_ecs 500 1800 10 4 4 1':

        22,025,202      cache-references                                                      
         6,160,822      cache-misses                     #   27.97% of all cache refs         

       6.055694581 seconds time elapsed

      21.193060000 seconds user
       0.177916000 seconds sys


