ECS running with 800 stations, 800 satellites, 8 numWGs and 4 numBlocks for 10 rounds in 1 parallel pattern
2025/08/05 13:09:51 StationSystem update...
2025/08/05 13:09:51 weather update count: 800
2025/08/05 13:09:51 StationSystem update time: 6.289µs
2025/08/05 13:09:51 SatelliteSystem update...
2025/08/05 13:09:51 satellite count: 800
2025/08/05 13:09:51 SatelliteSystem update time: 3.054474ms
2025/08/05 13:09:51 TopoSystem update...
2025/08/05 13:09:51 TopoSystem: Link count: 640000
2025/08/05 13:09:51 TopoSystem update time: 25.114612ms
2025/08/05 13:09:51 AttenuationSystem update...
2025/08/05 13:09:51 AttenuationSystem parallel flag: 1
2025/08/05 13:09:51 Attenuation computed count: 640000
2025/08/05 13:09:51 AttenuationSystem update time: 185.08891ms
2025/08/05 13:09:51 Run 1 complete
2025/08/05 13:09:51 StationSystem update...
2025/08/05 13:09:51 weather update count: 800
2025/08/05 13:09:51 StationSystem update time: 12.232µs
2025/08/05 13:09:51 SatelliteSystem update...
2025/08/05 13:09:51 satellite count: 800
2025/08/05 13:09:51 SatelliteSystem update time: 3.064409ms
2025/08/05 13:09:51 TopoSystem update...
2025/08/05 13:09:51 TopoSystem: Link count: 640000
2025/08/05 13:09:51 TopoSystem update time: 21.016955ms
2025/08/05 13:09:51 AttenuationSystem update...
2025/08/05 13:09:51 AttenuationSystem parallel flag: 1
2025/08/05 13:09:52 Attenuation computed count: 640000
2025/08/05 13:09:52 AttenuationSystem update time: 235.85899ms
2025/08/05 13:09:52 Run 2 complete
2025/08/05 13:09:52 StationSystem update...
2025/08/05 13:09:52 weather update count: 800
2025/08/05 13:09:52 StationSystem update time: 9.332µs
2025/08/05 13:09:52 SatelliteSystem update...
2025/08/05 13:09:52 satellite count: 800
2025/08/05 13:09:52 SatelliteSystem update time: 3.108292ms
2025/08/05 13:09:52 TopoSystem update...
2025/08/05 13:09:52 TopoSystem: Link count: 640000
2025/08/05 13:09:52 TopoSystem update time: 19.23354ms
2025/08/05 13:09:52 AttenuationSystem update...
2025/08/05 13:09:52 AttenuationSystem parallel flag: 1
2025/08/05 13:09:52 Attenuation computed count: 640000
2025/08/05 13:09:52 AttenuationSystem update time: 245.249652ms
2025/08/05 13:09:52 Run 3 complete
2025/08/05 13:09:52 StationSystem update...
2025/08/05 13:09:52 weather update count: 800
2025/08/05 13:09:52 StationSystem update time: 8.875µs
2025/08/05 13:09:52 SatelliteSystem update...
2025/08/05 13:09:52 satellite count: 800
2025/08/05 13:09:52 SatelliteSystem update time: 5.680164ms
2025/08/05 13:09:52 TopoSystem update...
2025/08/05 13:09:52 TopoSystem: Link count: 640000
2025/08/05 13:09:52 TopoSystem update time: 15.037524ms
2025/08/05 13:09:52 AttenuationSystem update...
2025/08/05 13:09:52 AttenuationSystem parallel flag: 1
2025/08/05 13:09:52 Attenuation computed count: 640000
2025/08/05 13:09:52 AttenuationSystem update time: 198.842344ms
2025/08/05 13:09:52 Run 4 complete
2025/08/05 13:09:52 StationSystem update...
2025/08/05 13:09:52 weather update count: 800
2025/08/05 13:09:52 StationSystem update time: 20.935µs
2025/08/05 13:09:52 SatelliteSystem update...
2025/08/05 13:09:52 satellite count: 800
2025/08/05 13:09:52 SatelliteSystem update time: 3.086735ms
2025/08/05 13:09:52 TopoSystem update...
2025/08/05 13:09:52 TopoSystem: Link count: 640000
2025/08/05 13:09:52 TopoSystem update time: 12.793238ms
2025/08/05 13:09:52 AttenuationSystem update...
2025/08/05 13:09:52 AttenuationSystem parallel flag: 1
2025/08/05 13:09:52 Attenuation computed count: 640000
2025/08/05 13:09:52 AttenuationSystem update time: 232.571345ms
2025/08/05 13:09:52 Run 5 complete
2025/08/05 13:09:52 StationSystem update...
2025/08/05 13:09:52 weather update count: 800
2025/08/05 13:09:52 StationSystem update time: 8.421µs
2025/08/05 13:09:52 SatelliteSystem update...
2025/08/05 13:09:52 satellite count: 800
2025/08/05 13:09:52 SatelliteSystem update time: 3.057852ms
2025/08/05 13:09:52 TopoSystem update...
2025/08/05 13:09:52 TopoSystem: Link count: 640000
2025/08/05 13:09:52 TopoSystem update time: 12.58552ms
2025/08/05 13:09:52 AttenuationSystem update...
2025/08/05 13:09:52 AttenuationSystem parallel flag: 1
2025/08/05 13:09:53 Attenuation computed count: 640000
2025/08/05 13:09:53 AttenuationSystem update time: 222.369101ms
2025/08/05 13:09:53 Run 6 complete
2025/08/05 13:09:53 StationSystem update...
2025/08/05 13:09:53 weather update count: 800
2025/08/05 13:09:53 StationSystem update time: 26.802µs
2025/08/05 13:09:53 SatelliteSystem update...
2025/08/05 13:09:53 satellite count: 800
2025/08/05 13:09:53 SatelliteSystem update time: 3.381057ms
2025/08/05 13:09:53 TopoSystem update...
2025/08/05 13:09:53 TopoSystem: Link count: 640000
2025/08/05 13:09:53 TopoSystem update time: 31.017824ms
2025/08/05 13:09:53 AttenuationSystem update...
2025/08/05 13:09:53 AttenuationSystem parallel flag: 1
2025/08/05 13:09:53 Attenuation computed count: 640000
2025/08/05 13:09:53 AttenuationSystem update time: 247.628693ms
2025/08/05 13:09:53 Run 7 complete
2025/08/05 13:09:53 StationSystem update...
2025/08/05 13:09:53 weather update count: 800
2025/08/05 13:09:53 StationSystem update time: 9.824µs
2025/08/05 13:09:53 SatelliteSystem update...
2025/08/05 13:09:53 satellite count: 800
2025/08/05 13:09:53 SatelliteSystem update time: 3.127574ms
2025/08/05 13:09:53 TopoSystem update...
2025/08/05 13:09:53 TopoSystem: Link count: 640000
2025/08/05 13:09:53 TopoSystem update time: 21.33008ms
2025/08/05 13:09:53 AttenuationSystem update...
2025/08/05 13:09:53 AttenuationSystem parallel flag: 1
2025/08/05 13:09:53 Attenuation computed count: 640000
2025/08/05 13:09:53 AttenuationSystem update time: 210.186325ms
2025/08/05 13:09:53 Run 8 complete
2025/08/05 13:09:53 StationSystem update...
2025/08/05 13:09:53 weather update count: 800
2025/08/05 13:09:53 StationSystem update time: 9.887µs
2025/08/05 13:09:53 SatelliteSystem update...
2025/08/05 13:09:53 satellite count: 800
2025/08/05 13:09:53 SatelliteSystem update time: 3.102585ms
2025/08/05 13:09:53 TopoSystem update...
2025/08/05 13:09:53 TopoSystem: Link count: 640000
2025/08/05 13:09:53 TopoSystem update time: 13.597316ms
2025/08/05 13:09:53 AttenuationSystem update...
2025/08/05 13:09:53 AttenuationSystem parallel flag: 1
2025/08/05 13:09:53 Attenuation computed count: 640000
2025/08/05 13:09:53 AttenuationSystem update time: 194.04668ms
2025/08/05 13:09:53 Run 9 complete
2025/08/05 13:09:53 StationSystem update...
2025/08/05 13:09:53 weather update count: 800
2025/08/05 13:09:53 StationSystem update time: 9.268µs
2025/08/05 13:09:53 SatelliteSystem update...
2025/08/05 13:09:53 satellite count: 800
2025/08/05 13:09:53 SatelliteSystem update time: 3.11865ms
2025/08/05 13:09:53 TopoSystem update...
2025/08/05 13:09:53 TopoSystem: Link count: 640000
2025/08/05 13:09:53 TopoSystem update time: 14.769691ms
2025/08/05 13:09:53 AttenuationSystem update...
2025/08/05 13:09:53 AttenuationSystem parallel flag: 1
2025/08/05 13:09:54 Attenuation computed count: 640000
2025/08/05 13:09:54 AttenuationSystem update time: 205.499591ms
2025/08/05 13:09:54 Run 10 complete
2025/08/05 13:09:54 Total update time:  2.406479664s
2025/08/05 13:09:54 linkCache size: 40

 Performance counter stats for './scale_ecs 800 800 10 8 4 1':

        15,371,870      cache-references                                                      
         3,913,333      cache-misses                     #   25.46% of all cache refs         

       2.416017401 seconds time elapsed

      15.565857000 seconds user
       0.117209000 seconds sys


