ECS running with 1000 stations, 1200 satellites, 2 numWGs and 8 numBlocks for 10 rounds in 0 parallel pattern
2025/08/05 14:34:17 StationSystem update...
2025/08/05 14:34:17 weather update count: 1000
2025/08/05 14:34:17 StationSystem update time: 6.605µs
2025/08/05 14:34:17 SatelliteSystem update...
2025/08/05 14:34:17 satellite count: 1200
2025/08/05 14:34:17 SatelliteSystem update time: 4.547238ms
2025/08/05 14:34:17 TopoSystem update...
2025/08/05 14:34:17 TopoSystem: Link count: 1200000
2025/08/05 14:34:17 TopoSystem update time: 37.87724ms
2025/08/05 14:34:17 AttenuationSystem update...
2025/08/05 14:34:17 AttenuationSystem parallel flag: 0
2025/08/05 14:34:17 Attenuation computed count: 1200000
2025/08/05 14:34:17 AttenuationSystem update time: 378.637872ms
2025/08/05 14:34:17 Run 1 complete
2025/08/05 14:34:17 StationSystem update...
2025/08/05 14:34:17 weather update count: 1000
2025/08/05 14:34:17 StationSystem update time: 6.572µs
2025/08/05 14:34:17 SatelliteSystem update...
2025/08/05 14:34:17 satellite count: 1200
2025/08/05 14:34:17 SatelliteSystem update time: 4.610768ms
2025/08/05 14:34:17 TopoSystem update...
2025/08/05 14:34:17 TopoSystem: Link count: 1200000
2025/08/05 14:34:17 TopoSystem update time: 38.35208ms
2025/08/05 14:34:17 AttenuationSystem update...
2025/08/05 14:34:17 AttenuationSystem parallel flag: 0
2025/08/05 14:34:17 Attenuation computed count: 1200000
2025/08/05 14:34:17 AttenuationSystem update time: 379.264713ms
2025/08/05 14:34:17 Run 2 complete
2025/08/05 14:34:17 StationSystem update...
2025/08/05 14:34:17 weather update count: 1000
2025/08/05 14:34:17 StationSystem update time: 7.2µs
2025/08/05 14:34:17 SatelliteSystem update...
2025/08/05 14:34:17 satellite count: 1200
2025/08/05 14:34:17 SatelliteSystem update time: 4.545152ms
2025/08/05 14:34:17 TopoSystem update...
2025/08/05 14:34:18 TopoSystem: Link count: 1200000
2025/08/05 14:34:18 TopoSystem update time: 21.011168ms
2025/08/05 14:34:18 AttenuationSystem update...
2025/08/05 14:34:18 AttenuationSystem parallel flag: 0
2025/08/05 14:34:18 Attenuation computed count: 1200000
2025/08/05 14:34:18 AttenuationSystem update time: 356.495857ms
2025/08/05 14:34:18 Run 3 complete
2025/08/05 14:34:18 StationSystem update...
2025/08/05 14:34:18 weather update count: 1000
2025/08/05 14:34:18 StationSystem update time: 13.825µs
2025/08/05 14:34:18 SatelliteSystem update...
2025/08/05 14:34:18 satellite count: 1200
2025/08/05 14:34:18 SatelliteSystem update time: 5.624954ms
2025/08/05 14:34:18 TopoSystem update...
2025/08/05 14:34:18 TopoSystem: Link count: 1200000
2025/08/05 14:34:18 TopoSystem update time: 68.127869ms
2025/08/05 14:34:18 AttenuationSystem update...
2025/08/05 14:34:18 AttenuationSystem parallel flag: 0
2025/08/05 14:34:18 Attenuation computed count: 1200000
2025/08/05 14:34:18 AttenuationSystem update time: 376.53668ms
2025/08/05 14:34:18 Run 4 complete
2025/08/05 14:34:18 StationSystem update...
2025/08/05 14:34:18 weather update count: 1000
2025/08/05 14:34:18 StationSystem update time: 6.484µs
2025/08/05 14:34:18 SatelliteSystem update...
2025/08/05 14:34:18 satellite count: 1200
2025/08/05 14:34:18 SatelliteSystem update time: 4.570232ms
2025/08/05 14:34:18 TopoSystem update...
2025/08/05 14:34:18 TopoSystem: Link count: 1200000
2025/08/05 14:34:18 TopoSystem update time: 33.065036ms
2025/08/05 14:34:18 AttenuationSystem update...
2025/08/05 14:34:18 AttenuationSystem parallel flag: 0
2025/08/05 14:34:19 Attenuation computed count: 1200000
2025/08/05 14:34:19 AttenuationSystem update time: 365.535162ms
2025/08/05 14:34:19 Run 5 complete
2025/08/05 14:34:19 StationSystem update...
2025/08/05 14:34:19 weather update count: 1000
2025/08/05 14:34:19 StationSystem update time: 8.103µs
2025/08/05 14:34:19 SatelliteSystem update...
2025/08/05 14:34:19 satellite count: 1200
2025/08/05 14:34:19 SatelliteSystem update time: 4.585913ms
2025/08/05 14:34:19 TopoSystem update...
2025/08/05 14:34:19 TopoSystem: Link count: 1200000
2025/08/05 14:34:19 TopoSystem update time: 19.920509ms
2025/08/05 14:34:19 AttenuationSystem update...
2025/08/05 14:34:19 AttenuationSystem parallel flag: 0
2025/08/05 14:34:19 Attenuation computed count: 1200000
2025/08/05 14:34:19 AttenuationSystem update time: 355.123898ms
2025/08/05 14:34:19 Run 6 complete
2025/08/05 14:34:19 StationSystem update...
2025/08/05 14:34:19 weather update count: 1000
2025/08/05 14:34:19 StationSystem update time: 5.879µs
2025/08/05 14:34:19 SatelliteSystem update...
2025/08/05 14:34:19 satellite count: 1200
2025/08/05 14:34:19 SatelliteSystem update time: 4.582604ms
2025/08/05 14:34:19 TopoSystem update...
2025/08/05 14:34:19 TopoSystem: Link count: 1200000
2025/08/05 14:34:19 TopoSystem update time: 19.049725ms
2025/08/05 14:34:19 AttenuationSystem update...
2025/08/05 14:34:19 AttenuationSystem parallel flag: 0
2025/08/05 14:34:19 Attenuation computed count: 1200000
2025/08/05 14:34:19 AttenuationSystem update time: 375.857528ms
2025/08/05 14:34:19 Run 7 complete
2025/08/05 14:34:19 StationSystem update...
2025/08/05 14:34:19 weather update count: 1000
2025/08/05 14:34:19 StationSystem update time: 6.443µs
2025/08/05 14:34:19 SatelliteSystem update...
2025/08/05 14:34:19 satellite count: 1200
2025/08/05 14:34:19 SatelliteSystem update time: 4.561579ms
2025/08/05 14:34:19 TopoSystem update...
2025/08/05 14:34:20 TopoSystem: Link count: 1200000
2025/08/05 14:34:20 TopoSystem update time: 18.458871ms
2025/08/05 14:34:20 AttenuationSystem update...
2025/08/05 14:34:20 AttenuationSystem parallel flag: 0
2025/08/05 14:34:20 Attenuation computed count: 1200000
2025/08/05 14:34:20 AttenuationSystem update time: 348.983341ms
2025/08/05 14:34:20 Run 8 complete
2025/08/05 14:34:20 StationSystem update...
2025/08/05 14:34:20 weather update count: 1000
2025/08/05 14:34:20 StationSystem update time: 6.003µs
2025/08/05 14:34:20 SatelliteSystem update...
2025/08/05 14:34:20 satellite count: 1200
2025/08/05 14:34:20 SatelliteSystem update time: 4.558831ms
2025/08/05 14:34:20 TopoSystem update...
2025/08/05 14:34:20 TopoSystem: Link count: 1200000
2025/08/05 14:34:20 TopoSystem update time: 21.04651ms
2025/08/05 14:34:20 AttenuationSystem update...
2025/08/05 14:34:20 AttenuationSystem parallel flag: 0
2025/08/05 14:34:20 Attenuation computed count: 1200000
2025/08/05 14:34:20 AttenuationSystem update time: 356.176647ms
2025/08/05 14:34:20 Run 9 complete
2025/08/05 14:34:20 StationSystem update...
2025/08/05 14:34:20 weather update count: 1000
2025/08/05 14:34:20 StationSystem update time: 14.107µs
2025/08/05 14:34:20 SatelliteSystem update...
2025/08/05 14:34:20 satellite count: 1200
2025/08/05 14:34:20 SatelliteSystem update time: 5.006396ms
2025/08/05 14:34:20 TopoSystem update...
2025/08/05 14:34:20 TopoSystem: Link count: 1200000
2025/08/05 14:34:20 TopoSystem update time: 68.952729ms
2025/08/05 14:34:20 AttenuationSystem update...
2025/08/05 14:34:20 AttenuationSystem parallel flag: 0
2025/08/05 14:34:21 Attenuation computed count: 1200000
2025/08/05 14:34:21 AttenuationSystem update time: 391.721023ms
2025/08/05 14:34:21 Run 10 complete
2025/08/05 14:34:21 Total update time:  4.087257548s
2025/08/05 14:34:21 linkCache size: 40

 Performance counter stats for './scale_ecs 1000 1200 10 2 8 0':

        27,854,467      cache-references                                                      
         7,559,454      cache-misses                     #   27.14% of all cache refs         

       4.097024900 seconds time elapsed

      28.013270000 seconds user
       0.210062000 seconds sys


