ECS running with 900 stations, 1100 satellites, 2 numWGs and 2 numBlocks for 10 rounds in 0 parallel pattern
2025/08/05 13:50:18 StationSystem update...
2025/08/05 13:50:18 weather update count: 900
2025/08/05 13:50:18 StationSystem update time: 5.461µs
2025/08/05 13:50:18 SatelliteSystem update...
2025/08/05 13:50:18 satellite count: 1100
2025/08/05 13:50:18 SatelliteSystem update time: 4.178778ms
2025/08/05 13:50:18 TopoSystem update...
2025/08/05 13:50:18 TopoSystem: Link count: 990000
2025/08/05 13:50:18 TopoSystem update time: 30.425586ms
2025/08/05 13:50:18 AttenuationSystem update...
2025/08/05 13:50:18 AttenuationSystem parallel flag: 0
2025/08/05 13:50:19 Attenuation computed count: 990000
2025/08/05 13:50:19 AttenuationSystem update time: 1.133382505s
2025/08/05 13:50:19 Run 1 complete
2025/08/05 13:50:19 StationSystem update...
2025/08/05 13:50:19 weather update count: 900
2025/08/05 13:50:19 StationSystem update time: 9.959µs
2025/08/05 13:50:19 SatelliteSystem update...
2025/08/05 13:50:19 satellite count: 1100
2025/08/05 13:50:19 SatelliteSystem update time: 4.509868ms
2025/08/05 13:50:19 TopoSystem update...
2025/08/05 13:50:19 TopoSystem: Link count: 990000
2025/08/05 13:50:19 TopoSystem update time: 30.580179ms
2025/08/05 13:50:19 AttenuationSystem update...
2025/08/05 13:50:19 AttenuationSystem parallel flag: 0
2025/08/05 13:50:21 Attenuation computed count: 990000
2025/08/05 13:50:21 AttenuationSystem update time: 1.142290476s
2025/08/05 13:50:21 Run 2 complete
2025/08/05 13:50:21 StationSystem update...
2025/08/05 13:50:21 weather update count: 900
2025/08/05 13:50:21 StationSystem update time: 6.327µs
2025/08/05 13:50:21 SatelliteSystem update...
2025/08/05 13:50:21 satellite count: 1100
2025/08/05 13:50:21 SatelliteSystem update time: 4.197235ms
2025/08/05 13:50:21 TopoSystem update...
2025/08/05 13:50:21 TopoSystem: Link count: 990000
2025/08/05 13:50:21 TopoSystem update time: 22.572474ms
2025/08/05 13:50:21 AttenuationSystem update...
2025/08/05 13:50:21 AttenuationSystem parallel flag: 0
2025/08/05 13:50:22 Attenuation computed count: 990000
2025/08/05 13:50:22 AttenuationSystem update time: 1.181993164s
2025/08/05 13:50:22 Run 3 complete
2025/08/05 13:50:22 StationSystem update...
2025/08/05 13:50:22 weather update count: 900
2025/08/05 13:50:22 StationSystem update time: 28.427µs
2025/08/05 13:50:22 SatelliteSystem update...
2025/08/05 13:50:22 satellite count: 1100
2025/08/05 13:50:22 SatelliteSystem update time: 4.655468ms
2025/08/05 13:50:22 TopoSystem update...
2025/08/05 13:50:22 TopoSystem: Link count: 990000
2025/08/05 13:50:22 TopoSystem update time: 37.668325ms
2025/08/05 13:50:22 AttenuationSystem update...
2025/08/05 13:50:22 AttenuationSystem parallel flag: 0
2025/08/05 13:50:23 Attenuation computed count: 990000
2025/08/05 13:50:23 AttenuationSystem update time: 1.204255951s
2025/08/05 13:50:23 Run 4 complete
2025/08/05 13:50:23 StationSystem update...
2025/08/05 13:50:23 weather update count: 900
2025/08/05 13:50:23 StationSystem update time: 7.465µs
2025/08/05 13:50:23 SatelliteSystem update...
2025/08/05 13:50:23 satellite count: 1100
2025/08/05 13:50:23 SatelliteSystem update time: 4.529174ms
2025/08/05 13:50:23 TopoSystem update...
2025/08/05 13:50:23 TopoSystem: Link count: 990000
2025/08/05 13:50:23 TopoSystem update time: 29.582887ms
2025/08/05 13:50:23 AttenuationSystem update...
2025/08/05 13:50:23 AttenuationSystem parallel flag: 0
2025/08/05 13:50:24 Attenuation computed count: 990000
2025/08/05 13:50:24 AttenuationSystem update time: 1.202351455s
2025/08/05 13:50:24 Run 5 complete
2025/08/05 13:50:24 StationSystem update...
2025/08/05 13:50:24 weather update count: 900
2025/08/05 13:50:24 StationSystem update time: 19.975µs
2025/08/05 13:50:24 SatelliteSystem update...
2025/08/05 13:50:24 satellite count: 1100
2025/08/05 13:50:24 SatelliteSystem update time: 4.644751ms
2025/08/05 13:50:24 TopoSystem update...
2025/08/05 13:50:24 TopoSystem: Link count: 990000
2025/08/05 13:50:24 TopoSystem update time: 37.381794ms
2025/08/05 13:50:24 AttenuationSystem update...
2025/08/05 13:50:24 AttenuationSystem parallel flag: 0
2025/08/05 13:50:25 Attenuation computed count: 990000
2025/08/05 13:50:25 AttenuationSystem update time: 1.156359739s
2025/08/05 13:50:25 Run 6 complete
2025/08/05 13:50:25 StationSystem update...
2025/08/05 13:50:25 weather update count: 900
2025/08/05 13:50:25 StationSystem update time: 9.98µs
2025/08/05 13:50:25 SatelliteSystem update...
2025/08/05 13:50:25 satellite count: 1100
2025/08/05 13:50:25 SatelliteSystem update time: 4.243484ms
2025/08/05 13:50:25 TopoSystem update...
2025/08/05 13:50:26 TopoSystem: Link count: 990000
2025/08/05 13:50:26 TopoSystem update time: 33.067614ms
2025/08/05 13:50:26 AttenuationSystem update...
2025/08/05 13:50:26 AttenuationSystem parallel flag: 0
2025/08/05 13:50:27 Attenuation computed count: 990000
2025/08/05 13:50:27 AttenuationSystem update time: 1.162774086s
2025/08/05 13:50:27 Run 7 complete
2025/08/05 13:50:27 StationSystem update...
2025/08/05 13:50:27 weather update count: 900
2025/08/05 13:50:27 StationSystem update time: 10.987µs
2025/08/05 13:50:27 SatelliteSystem update...
2025/08/05 13:50:27 satellite count: 1100
2025/08/05 13:50:27 SatelliteSystem update time: 4.280222ms
2025/08/05 13:50:27 TopoSystem update...
2025/08/05 13:50:27 TopoSystem: Link count: 990000
2025/08/05 13:50:27 TopoSystem update time: 33.615939ms
2025/08/05 13:50:27 AttenuationSystem update...
2025/08/05 13:50:27 AttenuationSystem parallel flag: 0
2025/08/05 13:50:28 Attenuation computed count: 990000
2025/08/05 13:50:28 AttenuationSystem update time: 1.156299474s
2025/08/05 13:50:28 Run 8 complete
2025/08/05 13:50:28 StationSystem update...
2025/08/05 13:50:28 weather update count: 900
2025/08/05 13:50:28 StationSystem update time: 10.278µs
2025/08/05 13:50:28 SatelliteSystem update...
2025/08/05 13:50:28 satellite count: 1100
2025/08/05 13:50:28 SatelliteSystem update time: 4.269528ms
2025/08/05 13:50:28 TopoSystem update...
2025/08/05 13:50:28 TopoSystem: Link count: 990000
2025/08/05 13:50:28 TopoSystem update time: 21.536496ms
2025/08/05 13:50:28 AttenuationSystem update...
2025/08/05 13:50:28 AttenuationSystem parallel flag: 0
2025/08/05 13:50:29 Attenuation computed count: 990000
2025/08/05 13:50:29 AttenuationSystem update time: 1.168222671s
2025/08/05 13:50:29 Run 9 complete
2025/08/05 13:50:29 StationSystem update...
2025/08/05 13:50:29 weather update count: 900
2025/08/05 13:50:29 StationSystem update time: 9.409µs
2025/08/05 13:50:29 SatelliteSystem update...
2025/08/05 13:50:29 satellite count: 1100
2025/08/05 13:50:29 SatelliteSystem update time: 4.257758ms
2025/08/05 13:50:29 TopoSystem update...
2025/08/05 13:50:29 TopoSystem: Link count: 990000
2025/08/05 13:50:29 TopoSystem update time: 38.933525ms
2025/08/05 13:50:29 AttenuationSystem update...
2025/08/05 13:50:29 AttenuationSystem parallel flag: 0
2025/08/05 13:50:30 Attenuation computed count: 990000
2025/08/05 13:50:30 AttenuationSystem update time: 1.177200341s
2025/08/05 13:50:30 Run 10 complete
2025/08/05 13:50:30 Total update time:  12.052852454s
2025/08/05 13:50:30 linkCache size: 40

 Performance counter stats for './scale_ecs 900 1100 10 2 2 0':

        22,482,373      cache-references                                                      
         6,740,945      cache-misses                     #   29.98% of all cache refs         

      12.062023466 seconds time elapsed

      23.529870000 seconds user
       0.200998000 seconds sys


