ECS running with 700 stations, 20000 satellites, 2 numWGs and 8 numBlocks for 10 rounds in 0 parallel pattern
2025/08/12 16:47:17 StationSystem update...
2025/08/12 16:47:17 weather update count: 700
2025/08/12 16:47:17 SatelliteSystem update...
2025/08/12 16:47:17 StationSystem update time: 9.287µs
2025/08/12 16:47:17 satellite count: 20000
2025/08/12 16:47:17 SatelliteSystem update time: 79.441533ms
2025/08/12 16:47:17 TopoSystem update...
2025/08/12 16:47:17 TopoSystem: Link count: 14000000
2025/08/12 16:47:17 TopoSystem update time: 434.141661ms
2025/08/12 16:47:17 AttenuationSystem update...
2025/08/12 16:47:17 AttenuationSystem parallel flag: 0
2025/08/12 16:47:21 Attenuation computed count: 14000000
2025/08/12 16:47:21 AttenuationSystem update time: 3.77764488s
2025/08/12 16:47:21 Run 1 complete
2025/08/12 16:47:21 StationSystem update...
2025/08/12 16:47:21 weather update count: 700
2025/08/12 16:47:21 StationSystem update time: 13.841µs
2025/08/12 16:47:21 SatelliteSystem update...
2025/08/12 16:47:21 satellite count: 20000
2025/08/12 16:47:21 SatelliteSystem update time: 62.257442ms
2025/08/12 16:47:21 TopoSystem update...
2025/08/12 16:47:22 TopoSystem: Link count: 14000000
2025/08/12 16:47:22 TopoSystem update time: 409.45322ms
2025/08/12 16:47:22 AttenuationSystem update...
2025/08/12 16:47:22 AttenuationSystem parallel flag: 0
2025/08/12 16:47:25 Attenuation computed count: 14000000
2025/08/12 16:47:25 AttenuationSystem update time: 3.519597176s
2025/08/12 16:47:25 Run 2 complete
2025/08/12 16:47:25 StationSystem update...
2025/08/12 16:47:25 weather update count: 700
2025/08/12 16:47:25 StationSystem update time: 9.529µs
2025/08/12 16:47:25 SatelliteSystem update...
2025/08/12 16:47:25 satellite count: 20000
2025/08/12 16:47:25 SatelliteSystem update time: 62.189408ms
2025/08/12 16:47:25 TopoSystem update...
2025/08/12 16:47:26 TopoSystem: Link count: 14000000
2025/08/12 16:47:26 TopoSystem update time: 574.998495ms
2025/08/12 16:47:26 AttenuationSystem update...
2025/08/12 16:47:26 AttenuationSystem parallel flag: 0
2025/08/12 16:47:29 Attenuation computed count: 14000000
2025/08/12 16:47:29 AttenuationSystem update time: 3.630352246s
2025/08/12 16:47:29 Run 3 complete
2025/08/12 16:47:29 StationSystem update...
2025/08/12 16:47:29 weather update count: 700
2025/08/12 16:47:29 StationSystem update time: 6.462µs
2025/08/12 16:47:29 SatelliteSystem update...
2025/08/12 16:47:30 satellite count: 20000
2025/08/12 16:47:30 SatelliteSystem update time: 57.211157ms
2025/08/12 16:47:30 TopoSystem update...
2025/08/12 16:47:30 TopoSystem: Link count: 14000000
2025/08/12 16:47:30 TopoSystem update time: 330.613154ms
2025/08/12 16:47:30 AttenuationSystem update...
2025/08/12 16:47:30 AttenuationSystem parallel flag: 0
2025/08/12 16:47:33 Attenuation computed count: 14000000
2025/08/12 16:47:33 AttenuationSystem update time: 3.601259563s
2025/08/12 16:47:33 Run 4 complete
2025/08/12 16:47:33 StationSystem update...
2025/08/12 16:47:33 weather update count: 700
2025/08/12 16:47:33 StationSystem update time: 5.581µs
2025/08/12 16:47:33 SatelliteSystem update...
2025/08/12 16:47:34 satellite count: 20000
2025/08/12 16:47:34 SatelliteSystem update time: 57.473447ms
2025/08/12 16:47:34 TopoSystem update...
2025/08/12 16:47:34 TopoSystem: Link count: 14000000
2025/08/12 16:47:34 TopoSystem update time: 216.417163ms
2025/08/12 16:47:34 AttenuationSystem update...
2025/08/12 16:47:34 AttenuationSystem parallel flag: 0
2025/08/12 16:47:37 Attenuation computed count: 14000000
2025/08/12 16:47:37 AttenuationSystem update time: 3.432029447s
2025/08/12 16:47:37 Run 5 complete
2025/08/12 16:47:37 StationSystem update...
2025/08/12 16:47:37 weather update count: 700
2025/08/12 16:47:37 StationSystem update time: 4.956µs
2025/08/12 16:47:37 SatelliteSystem update...
2025/08/12 16:47:37 satellite count: 20000
2025/08/12 16:47:37 SatelliteSystem update time: 77.123017ms
2025/08/12 16:47:37 TopoSystem update...
2025/08/12 16:47:38 TopoSystem: Link count: 14000000
2025/08/12 16:47:38 TopoSystem update time: 252.777481ms
2025/08/12 16:47:38 AttenuationSystem update...
2025/08/12 16:47:38 AttenuationSystem parallel flag: 0
2025/08/12 16:47:41 Attenuation computed count: 14000000
2025/08/12 16:47:41 AttenuationSystem update time: 3.385849715s
2025/08/12 16:47:41 Run 6 complete
2025/08/12 16:47:41 StationSystem update...
2025/08/12 16:47:41 weather update count: 700
2025/08/12 16:47:41 StationSystem update time: 7.807µs
2025/08/12 16:47:41 SatelliteSystem update...
2025/08/12 16:47:41 satellite count: 20000
2025/08/12 16:47:41 SatelliteSystem update time: 62.110615ms
2025/08/12 16:47:41 TopoSystem update...
2025/08/12 16:47:41 TopoSystem: Link count: 14000000
2025/08/12 16:47:41 TopoSystem update time: 251.243335ms
2025/08/12 16:47:41 AttenuationSystem update...
2025/08/12 16:47:41 AttenuationSystem parallel flag: 0
2025/08/12 16:47:45 Attenuation computed count: 14000000
2025/08/12 16:47:45 AttenuationSystem update time: 3.655979853s
2025/08/12 16:47:45 Run 7 complete
2025/08/12 16:47:45 StationSystem update...
2025/08/12 16:47:45 weather update count: 700
2025/08/12 16:47:45 StationSystem update time: 4.378µs
2025/08/12 16:47:45 SatelliteSystem update...
2025/08/12 16:47:45 satellite count: 20000
2025/08/12 16:47:45 SatelliteSystem update time: 103.968666ms
2025/08/12 16:47:45 TopoSystem update...
2025/08/12 16:47:45 TopoSystem: Link count: 14000000
2025/08/12 16:47:45 TopoSystem update time: 167.939825ms
2025/08/12 16:47:45 AttenuationSystem update...
2025/08/12 16:47:45 AttenuationSystem parallel flag: 0
2025/08/12 16:47:48 Attenuation computed count: 14000000
2025/08/12 16:47:48 AttenuationSystem update time: 3.229872691s
2025/08/12 16:47:48 Run 8 complete
2025/08/12 16:47:48 StationSystem update...
2025/08/12 16:47:48 weather update count: 700
2025/08/12 16:47:48 StationSystem update time: 4.598µs
2025/08/12 16:47:48 SatelliteSystem update...
2025/08/12 16:47:48 satellite count: 20000
2025/08/12 16:47:48 SatelliteSystem update time: 57.167961ms
2025/08/12 16:47:48 TopoSystem update...
2025/08/12 16:47:49 TopoSystem: Link count: 14000000
2025/08/12 16:47:49 TopoSystem update time: 200.34819ms
2025/08/12 16:47:49 AttenuationSystem update...
2025/08/12 16:47:49 AttenuationSystem parallel flag: 0
2025/08/12 16:47:53 Attenuation computed count: 14000000
2025/08/12 16:47:53 AttenuationSystem update time: 3.941756593s
2025/08/12 16:47:53 Run 9 complete
2025/08/12 16:47:53 StationSystem update...
2025/08/12 16:47:53 weather update count: 700
2025/08/12 16:47:53 StationSystem update time: 5.236µs
2025/08/12 16:47:53 SatelliteSystem update...
2025/08/12 16:47:53 satellite count: 20000
2025/08/12 16:47:53 SatelliteSystem update time: 103.976145ms
2025/08/12 16:47:53 TopoSystem update...
2025/08/12 16:47:53 TopoSystem: Link count: 14000000
2025/08/12 16:47:53 TopoSystem update time: 332.287812ms
2025/08/12 16:47:53 AttenuationSystem update...
2025/08/12 16:47:53 AttenuationSystem parallel flag: 0
2025/08/12 16:47:56 Attenuation computed count: 14000000
2025/08/12 16:47:56 AttenuationSystem update time: 3.401879074s
2025/08/12 16:47:56 Run 10 complete
2025/08/12 16:47:56 Total update time:  39.575513032s
2025/08/12 16:47:56 linkCache size: 40

 Performance counter stats for './scale_ecs 700 20000 10 2 8 0':

       302,617,938      cache-references                                                      
        81,390,647      cache-misses                     #   26.90% of all cache refs         

      39.662732587 seconds time elapsed

     260.915441000 seconds user
       2.011327000 seconds sys


