KubeDemo running with 1000 stations and 15000 satellites for 10 rounds
2025/08/13 03:54:39 updateSatellitePositions...
2025/08/13 03:54:39 satellite count: 15000
2025/08/13 03:54:39 updateSatellitePositions took 43.286093ms
2025/08/13 03:54:39 MakeLinks...
2025/08/13 03:54:41 links: 15000000
2025/08/13 03:54:41 MakeLinks took 1.832482959s
2025/08/13 03:54:41 updateEnvironmentIndex...
2025/08/13 03:54:41 updateEnvironmentIndex count: 1000
2025/08/13 03:54:41 updateEnvironmentIndex took 10.681µs
2025/08/13 03:54:41 updateLinkProperties...
2025/08/13 03:54:43 updateLinkProperties count: 15000000
2025/08/13 03:54:43 updateLinkProperties took 2.103749455s
2025/08/13 03:54:43 links count:  15000000
2025/08/13 03:54:43 Run 1 complete
2025/08/13 03:54:43 updateSatellitePositions...
2025/08/13 03:54:43 satellite count: 15000
2025/08/13 03:54:43 updateSatellitePositions took 69.413381ms
2025/08/13 03:54:43 MakeLinks...
2025/08/13 03:54:44 links: 15000000
2025/08/13 03:54:44 MakeLinks took 1.344716356s
2025/08/13 03:54:44 updateEnvironmentIndex...
2025/08/13 03:54:44 updateEnvironmentIndex count: 1000
2025/08/13 03:54:44 updateEnvironmentIndex took 18.329µs
2025/08/13 03:54:44 updateLinkProperties...
2025/08/13 03:54:47 updateLinkProperties count: 15000000
2025/08/13 03:54:47 updateLinkProperties took 2.125002049s
2025/08/13 03:54:47 links count:  15000000
2025/08/13 03:54:47 Run 2 complete
2025/08/13 03:54:47 updateSatellitePositions...
2025/08/13 03:54:47 satellite count: 15000
2025/08/13 03:54:47 updateSatellitePositions took 67.795281ms
2025/08/13 03:54:47 MakeLinks...
2025/08/13 03:54:48 links: 15000000
2025/08/13 03:54:48 MakeLinks took 1.787181373s
2025/08/13 03:54:48 updateEnvironmentIndex...
2025/08/13 03:54:48 updateEnvironmentIndex count: 1000
2025/08/13 03:54:48 updateEnvironmentIndex took 10.677µs
2025/08/13 03:54:48 updateLinkProperties...
2025/08/13 03:54:51 updateLinkProperties count: 15000000
2025/08/13 03:54:51 updateLinkProperties took 2.21103455s
2025/08/13 03:54:51 links count:  15000000
2025/08/13 03:54:51 Run 3 complete
2025/08/13 03:54:51 updateSatellitePositions...
2025/08/13 03:54:51 satellite count: 15000
2025/08/13 03:54:51 updateSatellitePositions took 67.981973ms
2025/08/13 03:54:51 MakeLinks...
2025/08/13 03:54:52 links: 15000000
2025/08/13 03:54:52 MakeLinks took 1.621645417s
2025/08/13 03:54:52 updateEnvironmentIndex...
2025/08/13 03:54:52 updateEnvironmentIndex count: 1000
2025/08/13 03:54:52 updateEnvironmentIndex took 11.297µs
2025/08/13 03:54:52 updateLinkProperties...
2025/08/13 03:54:55 updateLinkProperties count: 15000000
2025/08/13 03:54:55 updateLinkProperties took 2.199192612s
2025/08/13 03:54:55 links count:  15000000
2025/08/13 03:54:55 Run 4 complete
2025/08/13 03:54:55 updateSatellitePositions...
2025/08/13 03:54:55 satellite count: 15000
2025/08/13 03:54:55 updateSatellitePositions took 69.226739ms
2025/08/13 03:54:55 MakeLinks...
2025/08/13 03:54:56 links: 15000000
2025/08/13 03:54:56 MakeLinks took 1.08545682s
2025/08/13 03:54:56 updateEnvironmentIndex...
2025/08/13 03:54:56 updateEnvironmentIndex count: 1000
2025/08/13 03:54:56 updateEnvironmentIndex took 11.697µs
2025/08/13 03:54:56 updateLinkProperties...
2025/08/13 03:54:58 updateLinkProperties count: 15000000
2025/08/13 03:54:58 updateLinkProperties took 2.201503156s
2025/08/13 03:54:58 links count:  15000000
2025/08/13 03:54:58 Run 5 complete
2025/08/13 03:54:58 updateSatellitePositions...
2025/08/13 03:54:58 satellite count: 15000
2025/08/13 03:54:58 updateSatellitePositions took 61.034804ms
2025/08/13 03:54:58 MakeLinks...
2025/08/13 03:55:00 links: 15000000
2025/08/13 03:55:00 MakeLinks took 2.130607865s
2025/08/13 03:55:00 updateEnvironmentIndex...
2025/08/13 03:55:00 updateEnvironmentIndex count: 1000
2025/08/13 03:55:00 updateEnvironmentIndex took 23.243µs
2025/08/13 03:55:00 updateLinkProperties...
2025/08/13 03:55:02 updateLinkProperties count: 15000000
2025/08/13 03:55:02 updateLinkProperties took 2.229902826s
2025/08/13 03:55:02 links count:  15000000
2025/08/13 03:55:02 Run 6 complete
2025/08/13 03:55:02 updateSatellitePositions...
2025/08/13 03:55:02 satellite count: 15000
2025/08/13 03:55:02 updateSatellitePositions took 59.166573ms
2025/08/13 03:55:02 MakeLinks...
2025/08/13 03:55:04 links: 15000000
2025/08/13 03:55:04 MakeLinks took 1.54920049s
2025/08/13 03:55:04 updateEnvironmentIndex...
2025/08/13 03:55:04 updateEnvironmentIndex count: 1000
2025/08/13 03:55:04 updateEnvironmentIndex took 11.703µs
2025/08/13 03:55:04 updateLinkProperties...
2025/08/13 03:55:06 updateLinkProperties count: 15000000
2025/08/13 03:55:06 updateLinkProperties took 2.24123662s
2025/08/13 03:55:06 links count:  15000000
2025/08/13 03:55:06 Run 7 complete
2025/08/13 03:55:06 updateSatellitePositions...
2025/08/13 03:55:06 satellite count: 15000
2025/08/13 03:55:06 updateSatellitePositions took 58.846415ms
2025/08/13 03:55:06 MakeLinks...
2025/08/13 03:55:07 links: 15000000
2025/08/13 03:55:07 MakeLinks took 910.943764ms
2025/08/13 03:55:07 updateEnvironmentIndex...
2025/08/13 03:55:07 updateEnvironmentIndex count: 1000
2025/08/13 03:55:07 updateEnvironmentIndex took 11.317µs
2025/08/13 03:55:07 updateLinkProperties...
2025/08/13 03:55:09 updateLinkProperties count: 15000000
2025/08/13 03:55:09 updateLinkProperties took 2.215107152s
2025/08/13 03:55:09 links count:  15000000
2025/08/13 03:55:09 Run 8 complete
2025/08/13 03:55:09 updateSatellitePositions...
2025/08/13 03:55:09 satellite count: 15000
2025/08/13 03:55:09 updateSatellitePositions took 59.072787ms
2025/08/13 03:55:09 MakeLinks...
2025/08/13 03:55:10 links: 15000000
2025/08/13 03:55:10 MakeLinks took 858.758257ms
2025/08/13 03:55:10 updateEnvironmentIndex...
2025/08/13 03:55:10 updateEnvironmentIndex count: 1000
2025/08/13 03:55:10 updateEnvironmentIndex took 25.995µs
2025/08/13 03:55:10 updateLinkProperties...
2025/08/13 03:55:12 updateLinkProperties count: 15000000
2025/08/13 03:55:12 updateLinkProperties took 2.159901415s
2025/08/13 03:55:12 links count:  15000000
2025/08/13 03:55:12 Run 9 complete
2025/08/13 03:55:12 updateSatellitePositions...
2025/08/13 03:55:12 satellite count: 15000
2025/08/13 03:55:12 updateSatellitePositions took 61.038742ms
2025/08/13 03:55:12 MakeLinks...
2025/08/13 03:55:13 links: 15000000
2025/08/13 03:55:13 MakeLinks took 948.814885ms
2025/08/13 03:55:13 updateEnvironmentIndex...
2025/08/13 03:55:13 updateEnvironmentIndex count: 1000
2025/08/13 03:55:13 updateEnvironmentIndex took 11.846µs
2025/08/13 03:55:13 updateLinkProperties...
2025/08/13 03:55:16 updateLinkProperties count: 15000000
2025/08/13 03:55:16 updateLinkProperties took 2.237249561s
2025/08/13 03:55:16 links count:  15000000
2025/08/13 03:55:16 Run 10 complete
2025/08/13 03:55:16 interval =  36.663549766s
2025/08/13 03:55:16 linkCache size: 40

 Performance counter stats for './scale_kube 1000 15000 10 16':

     2,107,054,025      cache-references                                                      
       495,839,459      cache-misses                     #   23.53% of all cache refs         

      36.842833708 seconds time elapsed

     364.071448000 seconds user
       9.382521000 seconds sys


