ECS running with 900 stations, 5000 satellites, 2 numWGs and 4 numBlocks for 10 rounds in 0 parallel pattern
2025/08/12 17:43:29 StationSystem update...
2025/08/12 17:43:29 weather update count: 900
2025/08/12 17:43:29 StationSystem update time: 4.995µs
2025/08/12 17:43:29 SatelliteSystem update...
2025/08/12 17:43:29 satellite count: 5000
2025/08/12 17:43:29 SatelliteSystem update time: 19.155147ms
2025/08/12 17:43:29 TopoSystem update...
2025/08/12 17:43:29 TopoSystem: Link count: 4500000
2025/08/12 17:43:29 TopoSystem update time: 136.625382ms
2025/08/12 17:43:29 AttenuationSystem update...
2025/08/12 17:43:29 AttenuationSystem parallel flag: 0
2025/08/12 17:43:31 Attenuation computed count: 4500000
2025/08/12 17:43:31 AttenuationSystem update time: 2.570487011s
2025/08/12 17:43:31 Run 1 complete
2025/08/12 17:43:31 StationSystem update...
2025/08/12 17:43:31 weather update count: 900
2025/08/12 17:43:31 StationSystem update time: 15.557µs
2025/08/12 17:43:31 SatelliteSystem update...
2025/08/12 17:43:31 satellite count: 5000
2025/08/12 17:43:31 SatelliteSystem update time: 21.255545ms
2025/08/12 17:43:31 TopoSystem update...
2025/08/12 17:43:32 TopoSystem: Link count: 4500000
2025/08/12 17:43:32 TopoSystem update time: 156.785719ms
2025/08/12 17:43:32 AttenuationSystem update...
2025/08/12 17:43:32 AttenuationSystem parallel flag: 0
2025/08/12 17:43:34 Attenuation computed count: 4500000
2025/08/12 17:43:34 AttenuationSystem update time: 2.43892675s
2025/08/12 17:43:34 Run 2 complete
2025/08/12 17:43:34 StationSystem update...
2025/08/12 17:43:34 weather update count: 900
2025/08/12 17:43:34 StationSystem update time: 14.545µs
2025/08/12 17:43:34 SatelliteSystem update...
2025/08/12 17:43:34 satellite count: 5000
2025/08/12 17:43:34 SatelliteSystem update time: 17.070973ms
2025/08/12 17:43:34 TopoSystem update...
2025/08/12 17:43:34 TopoSystem: Link count: 4500000
2025/08/12 17:43:34 TopoSystem update time: 184.525393ms
2025/08/12 17:43:34 AttenuationSystem update...
2025/08/12 17:43:34 AttenuationSystem parallel flag: 0
2025/08/12 17:43:37 Attenuation computed count: 4500000
2025/08/12 17:43:37 AttenuationSystem update time: 2.555668847s
2025/08/12 17:43:37 Run 3 complete
2025/08/12 17:43:37 StationSystem update...
2025/08/12 17:43:37 weather update count: 900
2025/08/12 17:43:37 StationSystem update time: 5.845µs
2025/08/12 17:43:37 SatelliteSystem update...
2025/08/12 17:43:37 satellite count: 5000
2025/08/12 17:43:37 SatelliteSystem update time: 14.329614ms
2025/08/12 17:43:37 TopoSystem update...
2025/08/12 17:43:37 TopoSystem: Link count: 4500000
2025/08/12 17:43:37 TopoSystem update time: 158.221332ms
2025/08/12 17:43:37 AttenuationSystem update...
2025/08/12 17:43:37 AttenuationSystem parallel flag: 0
2025/08/12 17:43:39 Attenuation computed count: 4500000
2025/08/12 17:43:39 AttenuationSystem update time: 2.481946099s
2025/08/12 17:43:39 Run 4 complete
2025/08/12 17:43:39 StationSystem update...
2025/08/12 17:43:39 weather update count: 900
2025/08/12 17:43:39 StationSystem update time: 6.049µs
2025/08/12 17:43:39 SatelliteSystem update...
2025/08/12 17:43:39 satellite count: 5000
2025/08/12 17:43:39 SatelliteSystem update time: 19.225437ms
2025/08/12 17:43:39 TopoSystem update...
2025/08/12 17:43:40 TopoSystem: Link count: 4500000
2025/08/12 17:43:40 TopoSystem update time: 79.375285ms
2025/08/12 17:43:40 AttenuationSystem update...
2025/08/12 17:43:40 AttenuationSystem parallel flag: 0
2025/08/12 17:43:42 Attenuation computed count: 4500000
2025/08/12 17:43:42 AttenuationSystem update time: 2.559202357s
2025/08/12 17:43:42 Run 5 complete
2025/08/12 17:43:42 StationSystem update...
2025/08/12 17:43:42 weather update count: 900
2025/08/12 17:43:42 StationSystem update time: 6.169µs
2025/08/12 17:43:42 SatelliteSystem update...
2025/08/12 17:43:42 satellite count: 5000
2025/08/12 17:43:42 SatelliteSystem update time: 45.792293ms
2025/08/12 17:43:42 TopoSystem update...
2025/08/12 17:43:42 TopoSystem: Link count: 4500000
2025/08/12 17:43:42 TopoSystem update time: 108.410614ms
2025/08/12 17:43:42 AttenuationSystem update...
2025/08/12 17:43:42 AttenuationSystem parallel flag: 0
2025/08/12 17:43:45 Attenuation computed count: 4500000
2025/08/12 17:43:45 AttenuationSystem update time: 2.454453213s
2025/08/12 17:43:45 Run 6 complete
2025/08/12 17:43:45 StationSystem update...
2025/08/12 17:43:45 weather update count: 900
2025/08/12 17:43:45 StationSystem update time: 5.54µs
2025/08/12 17:43:45 SatelliteSystem update...
2025/08/12 17:43:45 satellite count: 5000
2025/08/12 17:43:45 SatelliteSystem update time: 25.251385ms
2025/08/12 17:43:45 TopoSystem update...
2025/08/12 17:43:45 TopoSystem: Link count: 4500000
2025/08/12 17:43:45 TopoSystem update time: 99.760347ms
2025/08/12 17:43:45 AttenuationSystem update...
2025/08/12 17:43:45 AttenuationSystem parallel flag: 0
2025/08/12 17:43:47 Attenuation computed count: 4500000
2025/08/12 17:43:47 AttenuationSystem update time: 2.235378837s
2025/08/12 17:43:47 Run 7 complete
2025/08/12 17:43:47 StationSystem update...
2025/08/12 17:43:47 weather update count: 900
2025/08/12 17:43:47 StationSystem update time: 6.004µs
2025/08/12 17:43:47 SatelliteSystem update...
2025/08/12 17:43:47 satellite count: 5000
2025/08/12 17:43:47 SatelliteSystem update time: 19.268328ms
2025/08/12 17:43:47 TopoSystem update...
2025/08/12 17:43:47 TopoSystem: Link count: 4500000
2025/08/12 17:43:47 TopoSystem update time: 64.269045ms
2025/08/12 17:43:47 AttenuationSystem update...
2025/08/12 17:43:47 AttenuationSystem parallel flag: 0
2025/08/12 17:43:50 Attenuation computed count: 4500000
2025/08/12 17:43:50 AttenuationSystem update time: 2.504128991s
2025/08/12 17:43:50 Run 8 complete
2025/08/12 17:43:50 StationSystem update...
2025/08/12 17:43:50 weather update count: 900
2025/08/12 17:43:50 StationSystem update time: 5.33µs
2025/08/12 17:43:50 SatelliteSystem update...
2025/08/12 17:43:50 satellite count: 5000
2025/08/12 17:43:50 SatelliteSystem update time: 14.354425ms
2025/08/12 17:43:50 TopoSystem update...
2025/08/12 17:43:50 TopoSystem: Link count: 4500000
2025/08/12 17:43:50 TopoSystem update time: 58.420833ms
2025/08/12 17:43:50 AttenuationSystem update...
2025/08/12 17:43:50 AttenuationSystem parallel flag: 0
2025/08/12 17:43:52 Attenuation computed count: 4500000
2025/08/12 17:43:52 AttenuationSystem update time: 2.173461214s
2025/08/12 17:43:52 Run 9 complete
2025/08/12 17:43:52 StationSystem update...
2025/08/12 17:43:52 weather update count: 900
2025/08/12 17:43:52 StationSystem update time: 5.708µs
2025/08/12 17:43:52 SatelliteSystem update...
2025/08/12 17:43:52 satellite count: 5000
2025/08/12 17:43:52 SatelliteSystem update time: 14.292332ms
2025/08/12 17:43:52 TopoSystem update...
2025/08/12 17:43:52 TopoSystem: Link count: 4500000
2025/08/12 17:43:52 TopoSystem update time: 97.029758ms
2025/08/12 17:43:52 AttenuationSystem update...
2025/08/12 17:43:52 AttenuationSystem parallel flag: 0
2025/08/12 17:43:54 Attenuation computed count: 4500000
2025/08/12 17:43:54 AttenuationSystem update time: 2.433538832s
2025/08/12 17:43:54 Run 10 complete
2025/08/12 17:43:54 Total update time:  25.78638361s
2025/08/12 17:43:54 linkCache size: 40

 Performance counter stats for './scale_ecs 900 5000 10 2 4 0':

        97,692,673      cache-references                                                      
        26,554,116      cache-misses                     #   27.18% of all cache refs         

      25.811103686 seconds time elapsed

      94.606530000 seconds user
       0.609080000 seconds sys


