ECS running with 800 stations, 5000 satellites, 2 numWGs and 1 numBlocks for 10 rounds in 0 parallel pattern
2025/08/12 16:48:50 StationSystem update...
2025/08/12 16:48:50 weather update count: 800
2025/08/12 16:48:50 SatelliteSystem update...
2025/08/12 16:48:50 StationSystem update time: 5.993µs
2025/08/12 16:48:50 satellite count: 5000
2025/08/12 16:48:50 SatelliteSystem update time: 19.159228ms
2025/08/12 16:48:50 TopoSystem update...
2025/08/12 16:48:50 TopoSystem: Link count: 4000000
2025/08/12 16:48:50 TopoSystem update time: 105.846154ms
2025/08/12 16:48:50 AttenuationSystem update...
2025/08/12 16:48:50 AttenuationSystem parallel flag: 0
2025/08/12 16:48:57 Attenuation computed count: 4000000
2025/08/12 16:48:57 AttenuationSystem update time: 6.805826266s
2025/08/12 16:48:57 Run 1 complete
2025/08/12 16:48:57 StationSystem update...
2025/08/12 16:48:57 weather update count: 800
2025/08/12 16:48:57 StationSystem update time: 4.843µs
2025/08/12 16:48:57 SatelliteSystem update...
2025/08/12 16:48:57 satellite count: 5000
2025/08/12 16:48:57 SatelliteSystem update time: 49.687449ms
2025/08/12 16:48:57 TopoSystem update...
2025/08/12 16:48:57 TopoSystem: Link count: 4000000
2025/08/12 16:48:57 TopoSystem update time: 140.128986ms
2025/08/12 16:48:57 AttenuationSystem update...
2025/08/12 16:48:57 AttenuationSystem parallel flag: 0
2025/08/12 16:49:05 Attenuation computed count: 4000000
2025/08/12 16:49:05 AttenuationSystem update time: 7.380460924s
2025/08/12 16:49:05 Run 2 complete
2025/08/12 16:49:05 StationSystem update...
2025/08/12 16:49:05 weather update count: 800
2025/08/12 16:49:05 StationSystem update time: 2.662µs
2025/08/12 16:49:05 SatelliteSystem update...
2025/08/12 16:49:05 satellite count: 5000
2025/08/12 16:49:05 SatelliteSystem update time: 46.486133ms
2025/08/12 16:49:05 TopoSystem update...
2025/08/12 16:49:05 TopoSystem: Link count: 4000000
2025/08/12 16:49:05 TopoSystem update time: 153.584652ms
2025/08/12 16:49:05 AttenuationSystem update...
2025/08/12 16:49:05 AttenuationSystem parallel flag: 0
2025/08/12 16:49:12 Attenuation computed count: 4000000
2025/08/12 16:49:12 AttenuationSystem update time: 7.340786704s
2025/08/12 16:49:12 Run 3 complete
2025/08/12 16:49:12 StationSystem update...
2025/08/12 16:49:12 weather update count: 800
2025/08/12 16:49:12 StationSystem update time: 4.483µs
2025/08/12 16:49:12 SatelliteSystem update...
2025/08/12 16:49:12 satellite count: 5000
2025/08/12 16:49:12 SatelliteSystem update time: 47.562113ms
2025/08/12 16:49:12 TopoSystem update...
2025/08/12 16:49:13 TopoSystem: Link count: 4000000
2025/08/12 16:49:13 TopoSystem update time: 124.92405ms
2025/08/12 16:49:13 AttenuationSystem update...
2025/08/12 16:49:13 AttenuationSystem parallel flag: 0
2025/08/12 16:49:19 Attenuation computed count: 4000000
2025/08/12 16:49:19 AttenuationSystem update time: 6.741940261s
2025/08/12 16:49:19 Run 4 complete
2025/08/12 16:49:19 StationSystem update...
2025/08/12 16:49:19 weather update count: 800
2025/08/12 16:49:19 StationSystem update time: 3.088µs
2025/08/12 16:49:19 SatelliteSystem update...
2025/08/12 16:49:19 satellite count: 5000
2025/08/12 16:49:19 SatelliteSystem update time: 45.402026ms
2025/08/12 16:49:19 TopoSystem update...
2025/08/12 16:49:19 TopoSystem: Link count: 4000000
2025/08/12 16:49:19 TopoSystem update time: 97.030526ms
2025/08/12 16:49:19 AttenuationSystem update...
2025/08/12 16:49:19 AttenuationSystem parallel flag: 0
2025/08/12 16:49:26 Attenuation computed count: 4000000
2025/08/12 16:49:26 AttenuationSystem update time: 6.728867193s
2025/08/12 16:49:26 Run 5 complete
2025/08/12 16:49:26 StationSystem update...
2025/08/12 16:49:26 weather update count: 800
2025/08/12 16:49:26 StationSystem update time: 4.721µs
2025/08/12 16:49:26 SatelliteSystem update...
2025/08/12 16:49:26 satellite count: 5000
2025/08/12 16:49:26 SatelliteSystem update time: 47.476572ms
2025/08/12 16:49:26 TopoSystem update...
2025/08/12 16:49:26 TopoSystem: Link count: 4000000
2025/08/12 16:49:26 TopoSystem update time: 125.749434ms
2025/08/12 16:49:26 AttenuationSystem update...
2025/08/12 16:49:26 AttenuationSystem parallel flag: 0
2025/08/12 16:49:34 Attenuation computed count: 4000000
2025/08/12 16:49:34 AttenuationSystem update time: 7.301348848s
2025/08/12 16:49:34 Run 6 complete
2025/08/12 16:49:34 StationSystem update...
2025/08/12 16:49:34 weather update count: 800
2025/08/12 16:49:34 StationSystem update time: 2.761µs
2025/08/12 16:49:34 SatelliteSystem update...
2025/08/12 16:49:34 satellite count: 5000
2025/08/12 16:49:34 SatelliteSystem update time: 14.288169ms
2025/08/12 16:49:34 TopoSystem update...
2025/08/12 16:49:34 TopoSystem: Link count: 4000000
2025/08/12 16:49:34 TopoSystem update time: 150.631791ms
2025/08/12 16:49:34 AttenuationSystem update...
2025/08/12 16:49:34 AttenuationSystem parallel flag: 0
2025/08/12 16:49:41 Attenuation computed count: 4000000
2025/08/12 16:49:41 AttenuationSystem update time: 7.317368286s
2025/08/12 16:49:41 Run 7 complete
2025/08/12 16:49:41 StationSystem update...
2025/08/12 16:49:41 weather update count: 800
2025/08/12 16:49:41 StationSystem update time: 2.628µs
2025/08/12 16:49:41 SatelliteSystem update...
2025/08/12 16:49:41 satellite count: 5000
2025/08/12 16:49:41 SatelliteSystem update time: 38.333793ms
2025/08/12 16:49:41 TopoSystem update...
2025/08/12 16:49:41 TopoSystem: Link count: 4000000
2025/08/12 16:49:41 TopoSystem update time: 61.712795ms
2025/08/12 16:49:41 AttenuationSystem update...
2025/08/12 16:49:41 AttenuationSystem parallel flag: 0
2025/08/12 16:49:48 Attenuation computed count: 4000000
2025/08/12 16:49:48 AttenuationSystem update time: 6.888934641s
2025/08/12 16:49:48 Run 8 complete
2025/08/12 16:49:48 StationSystem update...
2025/08/12 16:49:48 weather update count: 800
2025/08/12 16:49:48 StationSystem update time: 3.231µs
2025/08/12 16:49:48 SatelliteSystem update...
2025/08/12 16:49:48 satellite count: 5000
2025/08/12 16:49:48 SatelliteSystem update time: 46.113104ms
2025/08/12 16:49:48 TopoSystem update...
2025/08/12 16:49:48 TopoSystem: Link count: 4000000
2025/08/12 16:49:48 TopoSystem update time: 135.778283ms
2025/08/12 16:49:48 AttenuationSystem update...
2025/08/12 16:49:48 AttenuationSystem parallel flag: 0
2025/08/12 16:49:56 Attenuation computed count: 4000000
2025/08/12 16:49:56 AttenuationSystem update time: 7.247507218s
2025/08/12 16:49:56 Run 9 complete
2025/08/12 16:49:56 StationSystem update...
2025/08/12 16:49:56 weather update count: 800
2025/08/12 16:49:56 StationSystem update time: 2.654µs
2025/08/12 16:49:56 SatelliteSystem update...
2025/08/12 16:49:56 satellite count: 5000
2025/08/12 16:49:56 SatelliteSystem update time: 46.018319ms
2025/08/12 16:49:56 TopoSystem update...
2025/08/12 16:49:56 TopoSystem: Link count: 4000000
2025/08/12 16:49:56 TopoSystem update time: 65.688427ms
2025/08/12 16:49:56 AttenuationSystem update...
2025/08/12 16:49:56 AttenuationSystem parallel flag: 0
2025/08/12 16:50:03 Attenuation computed count: 4000000
2025/08/12 16:50:03 AttenuationSystem update time: 7.302251421s
2025/08/12 16:50:03 Run 10 complete
2025/08/12 16:50:03 Total update time:  1m12.643080754s
2025/08/12 16:50:03 linkCache size: 40

 Performance counter stats for './scale_ecs 800 5000 10 2 1 0':

        81,484,860      cache-references                                                      
        23,612,056      cache-misses                     #   28.98% of all cache refs         

      72.704430072 seconds time elapsed

      72.167887000 seconds user
       0.817746000 seconds sys


