ECS running with 700 stations, 5000 satellites, 2 numWGs and 4 numBlocks for 10 rounds in 0 parallel pattern
2025/08/12 16:08:03 StationSystem update...
2025/08/12 16:08:03 weather update count: 700
2025/08/12 16:08:03 SatelliteSystem update...
2025/08/12 16:08:03 StationSystem update time: 5.383µs
2025/08/12 16:08:03 satellite count: 5000
2025/08/12 16:08:03 SatelliteSystem update time: 19.188736ms
2025/08/12 16:08:03 TopoSystem update...
2025/08/12 16:08:03 TopoSystem: Link count: 3500000
2025/08/12 16:08:03 TopoSystem update time: 115.9264ms
2025/08/12 16:08:03 AttenuationSystem update...
2025/08/12 16:08:03 AttenuationSystem parallel flag: 0
2025/08/12 16:08:05 Attenuation computed count: 3500000
2025/08/12 16:08:05 AttenuationSystem update time: 1.955133769s
2025/08/12 16:08:05 Run 1 complete
2025/08/12 16:08:05 StationSystem update...
2025/08/12 16:08:05 weather update count: 700
2025/08/12 16:08:05 StationSystem update time: 8.098µs
2025/08/12 16:08:05 SatelliteSystem update...
2025/08/12 16:08:05 satellite count: 5000
2025/08/12 16:08:05 SatelliteSystem update time: 20.692464ms
2025/08/12 16:08:05 TopoSystem update...
2025/08/12 16:08:05 TopoSystem: Link count: 3500000
2025/08/12 16:08:05 TopoSystem update time: 99.397763ms
2025/08/12 16:08:05 AttenuationSystem update...
2025/08/12 16:08:05 AttenuationSystem parallel flag: 0
2025/08/12 16:08:07 Attenuation computed count: 3500000
2025/08/12 16:08:07 AttenuationSystem update time: 1.907967343s
2025/08/12 16:08:07 Run 2 complete
2025/08/12 16:08:07 StationSystem update...
2025/08/12 16:08:07 weather update count: 700
2025/08/12 16:08:07 StationSystem update time: 15.504µs
2025/08/12 16:08:07 SatelliteSystem update...
2025/08/12 16:08:07 satellite count: 5000
2025/08/12 16:08:07 SatelliteSystem update time: 19.285972ms
2025/08/12 16:08:07 TopoSystem update...
2025/08/12 16:08:07 TopoSystem: Link count: 3500000
2025/08/12 16:08:07 TopoSystem update time: 98.48272ms
2025/08/12 16:08:07 AttenuationSystem update...
2025/08/12 16:08:07 AttenuationSystem parallel flag: 0
2025/08/12 16:08:09 Attenuation computed count: 3500000
2025/08/12 16:08:09 AttenuationSystem update time: 2.03054636s
2025/08/12 16:08:09 Run 3 complete
2025/08/12 16:08:09 StationSystem update...
2025/08/12 16:08:09 weather update count: 700
2025/08/12 16:08:09 StationSystem update time: 5.236µs
2025/08/12 16:08:09 SatelliteSystem update...
2025/08/12 16:08:09 satellite count: 5000
2025/08/12 16:08:09 SatelliteSystem update time: 19.26417ms
2025/08/12 16:08:09 TopoSystem update...
2025/08/12 16:08:09 TopoSystem: Link count: 3500000
2025/08/12 16:08:09 TopoSystem update time: 57.076265ms
2025/08/12 16:08:09 AttenuationSystem update...
2025/08/12 16:08:09 AttenuationSystem parallel flag: 0
2025/08/12 16:08:11 Attenuation computed count: 3500000
2025/08/12 16:08:11 AttenuationSystem update time: 1.745425335s
2025/08/12 16:08:11 Run 4 complete
2025/08/12 16:08:11 StationSystem update...
2025/08/12 16:08:11 weather update count: 700
2025/08/12 16:08:11 StationSystem update time: 7.854µs
2025/08/12 16:08:11 SatelliteSystem update...
2025/08/12 16:08:11 satellite count: 5000
2025/08/12 16:08:11 SatelliteSystem update time: 20.877219ms
2025/08/12 16:08:11 TopoSystem update...
2025/08/12 16:08:11 TopoSystem: Link count: 3500000
2025/08/12 16:08:11 TopoSystem update time: 93.136305ms
2025/08/12 16:08:11 AttenuationSystem update...
2025/08/12 16:08:11 AttenuationSystem parallel flag: 0
2025/08/12 16:08:13 Attenuation computed count: 3500000
2025/08/12 16:08:13 AttenuationSystem update time: 2.015259253s
2025/08/12 16:08:13 Run 5 complete
2025/08/12 16:08:13 StationSystem update...
2025/08/12 16:08:13 weather update count: 700
2025/08/12 16:08:13 StationSystem update time: 3.51µs
2025/08/12 16:08:13 SatelliteSystem update...
2025/08/12 16:08:13 satellite count: 5000
2025/08/12 16:08:13 SatelliteSystem update time: 45.465854ms
2025/08/12 16:08:13 TopoSystem update...
2025/08/12 16:08:13 TopoSystem: Link count: 3500000
2025/08/12 16:08:13 TopoSystem update time: 94.37798ms
2025/08/12 16:08:13 AttenuationSystem update...
2025/08/12 16:08:13 AttenuationSystem parallel flag: 0
2025/08/12 16:08:15 Attenuation computed count: 3500000
2025/08/12 16:08:15 AttenuationSystem update time: 1.870484402s
2025/08/12 16:08:15 Run 6 complete
2025/08/12 16:08:15 StationSystem update...
2025/08/12 16:08:15 weather update count: 700
2025/08/12 16:08:15 StationSystem update time: 4.519µs
2025/08/12 16:08:15 SatelliteSystem update...
2025/08/12 16:08:15 satellite count: 5000
2025/08/12 16:08:15 SatelliteSystem update time: 45.746313ms
2025/08/12 16:08:15 TopoSystem update...
2025/08/12 16:08:15 TopoSystem: Link count: 3500000
2025/08/12 16:08:15 TopoSystem update time: 88.098334ms
2025/08/12 16:08:15 AttenuationSystem update...
2025/08/12 16:08:15 AttenuationSystem parallel flag: 0
2025/08/12 16:08:17 Attenuation computed count: 3500000
2025/08/12 16:08:17 AttenuationSystem update time: 1.846811035s
2025/08/12 16:08:17 Run 7 complete
2025/08/12 16:08:17 StationSystem update...
2025/08/12 16:08:17 weather update count: 700
2025/08/12 16:08:17 StationSystem update time: 7.223µs
2025/08/12 16:08:17 SatelliteSystem update...
2025/08/12 16:08:17 satellite count: 5000
2025/08/12 16:08:17 SatelliteSystem update time: 20.84827ms
2025/08/12 16:08:17 TopoSystem update...
2025/08/12 16:08:17 TopoSystem: Link count: 3500000
2025/08/12 16:08:17 TopoSystem update time: 158.189495ms
2025/08/12 16:08:17 AttenuationSystem update...
2025/08/12 16:08:17 AttenuationSystem parallel flag: 0
2025/08/12 16:08:19 Attenuation computed count: 3500000
2025/08/12 16:08:19 AttenuationSystem update time: 1.67028632s
2025/08/12 16:08:19 Run 8 complete
2025/08/12 16:08:19 StationSystem update...
2025/08/12 16:08:19 weather update count: 700
2025/08/12 16:08:19 StationSystem update time: 3.901µs
2025/08/12 16:08:19 SatelliteSystem update...
2025/08/12 16:08:19 satellite count: 5000
2025/08/12 16:08:19 SatelliteSystem update time: 19.535017ms
2025/08/12 16:08:19 TopoSystem update...
2025/08/12 16:08:19 TopoSystem: Link count: 3500000
2025/08/12 16:08:19 TopoSystem update time: 171.621928ms
2025/08/12 16:08:19 AttenuationSystem update...
2025/08/12 16:08:19 AttenuationSystem parallel flag: 0
2025/08/12 16:08:21 Attenuation computed count: 3500000
2025/08/12 16:08:21 AttenuationSystem update time: 1.860870823s
2025/08/12 16:08:21 Run 9 complete
2025/08/12 16:08:21 StationSystem update...
2025/08/12 16:08:21 weather update count: 700
2025/08/12 16:08:21 StationSystem update time: 4.214µs
2025/08/12 16:08:21 SatelliteSystem update...
2025/08/12 16:08:21 satellite count: 5000
2025/08/12 16:08:21 SatelliteSystem update time: 19.211043ms
2025/08/12 16:08:21 TopoSystem update...
2025/08/12 16:08:21 TopoSystem: Link count: 3500000
2025/08/12 16:08:21 TopoSystem update time: 58.584158ms
2025/08/12 16:08:21 AttenuationSystem update...
2025/08/12 16:08:21 AttenuationSystem parallel flag: 0
2025/08/12 16:08:23 Attenuation computed count: 3500000
2025/08/12 16:08:23 AttenuationSystem update time: 1.98703459s
2025/08/12 16:08:23 Run 10 complete
2025/08/12 16:08:23 Total update time:  20.199294337s
2025/08/12 16:08:23 linkCache size: 40

 Performance counter stats for './scale_ecs 700 5000 10 2 4 0':

        78,256,003      cache-references                                                      
        22,628,077      cache-misses                     #   28.92% of all cache refs         

      20.220865437 seconds time elapsed

      71.574575000 seconds user
       0.643193000 seconds sys


