ECS running with 700 stations, 15000 satellites, 2 numWGs and 1 numBlocks for 10 rounds in 0 parallel pattern
2025/08/12 16:18:18 StationSystem update...
2025/08/12 16:18:18 weather update count: 700
2025/08/12 16:18:18 SatelliteSystem update...
2025/08/12 16:18:18 StationSystem update time: 5.668µs
2025/08/12 16:18:18 satellite count: 15000
2025/08/12 16:18:18 SatelliteSystem update time: 68.693107ms
2025/08/12 16:18:18 TopoSystem update...
2025/08/12 16:18:18 TopoSystem: Link count: 10500000
2025/08/12 16:18:18 TopoSystem update time: 325.149263ms
2025/08/12 16:18:18 AttenuationSystem update...
2025/08/12 16:18:18 AttenuationSystem parallel flag: 0
2025/08/12 16:18:37 Attenuation computed count: 10500000
2025/08/12 16:18:37 AttenuationSystem update time: 19.17557144s
2025/08/12 16:18:37 Run 1 complete
2025/08/12 16:18:37 SatelliteSystem update...
2025/08/12 16:18:37 StationSystem update...
2025/08/12 16:18:37 weather update count: 700
2025/08/12 16:18:37 StationSystem update time: 39.268µs
2025/08/12 16:18:37 satellite count: 15000
2025/08/12 16:18:37 SatelliteSystem update time: 49.997593ms
2025/08/12 16:18:37 TopoSystem update...
2025/08/12 16:18:37 TopoSystem: Link count: 10500000
2025/08/12 16:18:37 TopoSystem update time: 241.714109ms
2025/08/12 16:18:37 AttenuationSystem update...
2025/08/12 16:18:37 AttenuationSystem parallel flag: 0
2025/08/12 16:18:55 Attenuation computed count: 10500000
2025/08/12 16:18:55 AttenuationSystem update time: 17.752661026s
2025/08/12 16:18:55 Run 2 complete
2025/08/12 16:18:55 StationSystem update...
2025/08/12 16:18:55 weather update count: 700
2025/08/12 16:18:55 StationSystem update time: 6.665µs
2025/08/12 16:18:55 SatelliteSystem update...
2025/08/12 16:18:55 satellite count: 15000
2025/08/12 16:18:55 SatelliteSystem update time: 97.470557ms
2025/08/12 16:18:55 TopoSystem update...
2025/08/12 16:18:56 TopoSystem: Link count: 10500000
2025/08/12 16:18:56 TopoSystem update time: 350.490337ms
2025/08/12 16:18:56 AttenuationSystem update...
2025/08/12 16:18:56 AttenuationSystem parallel flag: 0
2025/08/12 16:19:15 Attenuation computed count: 10500000
2025/08/12 16:19:15 AttenuationSystem update time: 18.983984223s
2025/08/12 16:19:15 Run 3 complete
2025/08/12 16:19:15 StationSystem update...
2025/08/12 16:19:15 weather update count: 700
2025/08/12 16:19:15 StationSystem update time: 4.861µs
2025/08/12 16:19:15 SatelliteSystem update...
2025/08/12 16:19:15 satellite count: 15000
2025/08/12 16:19:15 SatelliteSystem update time: 53.32337ms
2025/08/12 16:19:15 TopoSystem update...
2025/08/12 16:19:15 TopoSystem: Link count: 10500000
2025/08/12 16:19:15 TopoSystem update time: 451.408143ms
2025/08/12 16:19:15 AttenuationSystem update...
2025/08/12 16:19:15 AttenuationSystem parallel flag: 0
2025/08/12 16:19:33 Attenuation computed count: 10500000
2025/08/12 16:19:33 AttenuationSystem update time: 17.778911115s
2025/08/12 16:19:33 Run 4 complete
2025/08/12 16:19:33 StationSystem update...
2025/08/12 16:19:33 weather update count: 700
2025/08/12 16:19:33 StationSystem update time: 5.22µs
2025/08/12 16:19:33 SatelliteSystem update...
2025/08/12 16:19:33 satellite count: 15000
2025/08/12 16:19:33 SatelliteSystem update time: 96.058657ms
2025/08/12 16:19:33 TopoSystem update...
2025/08/12 16:19:33 TopoSystem: Link count: 10500000
2025/08/12 16:19:33 TopoSystem update time: 339.868322ms
2025/08/12 16:19:33 AttenuationSystem update...
2025/08/12 16:19:33 AttenuationSystem parallel flag: 0
2025/08/12 16:19:52 Attenuation computed count: 10500000
2025/08/12 16:19:52 AttenuationSystem update time: 18.671144268s
2025/08/12 16:19:52 Run 5 complete
2025/08/12 16:19:52 StationSystem update...
2025/08/12 16:19:52 weather update count: 700
2025/08/12 16:19:52 StationSystem update time: 2.814µs
2025/08/12 16:19:52 SatelliteSystem update...
2025/08/12 16:19:52 satellite count: 15000
2025/08/12 16:19:52 SatelliteSystem update time: 92.367011ms
2025/08/12 16:19:52 TopoSystem update...
2025/08/12 16:19:52 TopoSystem: Link count: 10500000
2025/08/12 16:19:52 TopoSystem update time: 241.253035ms
2025/08/12 16:19:52 AttenuationSystem update...
2025/08/12 16:19:52 AttenuationSystem parallel flag: 0
2025/08/12 16:20:11 Attenuation computed count: 10500000
2025/08/12 16:20:11 AttenuationSystem update time: 18.245933249s
2025/08/12 16:20:11 Run 6 complete
2025/08/12 16:20:11 StationSystem update...
2025/08/12 16:20:11 weather update count: 700
2025/08/12 16:20:11 StationSystem update time: 5.909µs
2025/08/12 16:20:11 SatelliteSystem update...
2025/08/12 16:20:11 satellite count: 15000
2025/08/12 16:20:11 SatelliteSystem update time: 46.561021ms
2025/08/12 16:20:11 TopoSystem update...
2025/08/12 16:20:11 TopoSystem: Link count: 10500000
2025/08/12 16:20:11 TopoSystem update time: 644.163171ms
2025/08/12 16:20:11 AttenuationSystem update...
2025/08/12 16:20:11 AttenuationSystem parallel flag: 0
2025/08/12 16:20:29 Attenuation computed count: 10500000
2025/08/12 16:20:29 AttenuationSystem update time: 18.159910913s
2025/08/12 16:20:29 Run 7 complete
2025/08/12 16:20:29 StationSystem update...
2025/08/12 16:20:29 weather update count: 700
2025/08/12 16:20:29 StationSystem update time: 10.301µs
2025/08/12 16:20:29 SatelliteSystem update...
2025/08/12 16:20:30 satellite count: 15000
2025/08/12 16:20:30 SatelliteSystem update time: 96.632704ms
2025/08/12 16:20:30 TopoSystem update...
2025/08/12 16:20:30 TopoSystem: Link count: 10500000
2025/08/12 16:20:30 TopoSystem update time: 338.031012ms
2025/08/12 16:20:30 AttenuationSystem update...
2025/08/12 16:20:30 AttenuationSystem parallel flag: 0
2025/08/12 16:20:48 Attenuation computed count: 10500000
2025/08/12 16:20:48 AttenuationSystem update time: 18.267063341s
2025/08/12 16:20:48 Run 8 complete
2025/08/12 16:20:48 StationSystem update...
2025/08/12 16:20:48 weather update count: 700
2025/08/12 16:20:48 StationSystem update time: 2.869µs
2025/08/12 16:20:48 SatelliteSystem update...
2025/08/12 16:20:48 satellite count: 15000
2025/08/12 16:20:48 SatelliteSystem update time: 43.205321ms
2025/08/12 16:20:48 TopoSystem update...
2025/08/12 16:20:48 TopoSystem: Link count: 10500000
2025/08/12 16:20:48 TopoSystem update time: 348.873633ms
2025/08/12 16:20:48 AttenuationSystem update...
2025/08/12 16:20:48 AttenuationSystem parallel flag: 0
2025/08/12 16:21:08 Attenuation computed count: 10500000
2025/08/12 16:21:08 AttenuationSystem update time: 19.814520275s
2025/08/12 16:21:08 Run 9 complete
2025/08/12 16:21:08 StationSystem update...
2025/08/12 16:21:08 weather update count: 700
2025/08/12 16:21:08 StationSystem update time: 4.937µs
2025/08/12 16:21:08 SatelliteSystem update...
2025/08/12 16:21:08 satellite count: 15000
2025/08/12 16:21:08 SatelliteSystem update time: 108.443597ms
2025/08/12 16:21:08 TopoSystem update...
2025/08/12 16:21:09 TopoSystem: Link count: 10500000
2025/08/12 16:21:09 TopoSystem update time: 267.129931ms
2025/08/12 16:21:09 AttenuationSystem update...
2025/08/12 16:21:09 AttenuationSystem parallel flag: 0
2025/08/12 16:21:27 Attenuation computed count: 10500000
2025/08/12 16:21:27 AttenuationSystem update time: 18.38206794s
2025/08/12 16:21:27 Run 10 complete
2025/08/12 16:21:27 Total update time:  3m9.600928439s
2025/08/12 16:21:27 linkCache size: 40

 Performance counter stats for './scale_ecs 700 15000 10 2 1 0':

       235,013,561      cache-references                                                      
        68,010,991      cache-misses                     #   28.94% of all cache refs         

     189.718720175 seconds time elapsed

     187.308353000 seconds user
       3.105813000 seconds sys


