ECS running with 600 stations, 15000 satellites, 2 numWGs and 4 numBlocks for 10 rounds in 0 parallel pattern
2025/08/12 15:46:41 StationSystem update...
2025/08/12 15:46:41 weather update count: 600
2025/08/12 15:46:41 StationSystem update time: 5.969µs
2025/08/12 15:46:41 SatelliteSystem update...
2025/08/12 15:46:41 satellite count: 15000
2025/08/12 15:46:41 SatelliteSystem update time: 57.616654ms
2025/08/12 15:46:41 TopoSystem update...
2025/08/12 15:46:42 TopoSystem: Link count: 9000000
2025/08/12 15:46:42 TopoSystem update time: 306.758497ms
2025/08/12 15:46:42 AttenuationSystem update...
2025/08/12 15:46:42 AttenuationSystem parallel flag: 0
2025/08/12 15:46:46 Attenuation computed count: 9000000
2025/08/12 15:46:46 AttenuationSystem update time: 4.654362168s
2025/08/12 15:46:46 Run 1 complete
2025/08/12 15:46:46 StationSystem update...
2025/08/12 15:46:46 weather update count: 600
2025/08/12 15:46:46 StationSystem update time: 15.539µs
2025/08/12 15:46:46 SatelliteSystem update...
2025/08/12 15:46:46 satellite count: 15000
2025/08/12 15:46:46 SatelliteSystem update time: 53.365169ms
2025/08/12 15:46:46 TopoSystem update...
2025/08/12 15:46:47 TopoSystem: Link count: 9000000
2025/08/12 15:46:47 TopoSystem update time: 276.003418ms
2025/08/12 15:46:47 AttenuationSystem update...
2025/08/12 15:46:47 AttenuationSystem parallel flag: 0
2025/08/12 15:46:51 Attenuation computed count: 9000000
2025/08/12 15:46:51 AttenuationSystem update time: 4.543377031s
2025/08/12 15:46:51 Run 2 complete
2025/08/12 15:46:51 StationSystem update...
2025/08/12 15:46:51 weather update count: 600
2025/08/12 15:46:51 StationSystem update time: 5.105µs
2025/08/12 15:46:51 SatelliteSystem update...
2025/08/12 15:46:51 satellite count: 15000
2025/08/12 15:46:51 SatelliteSystem update time: 89.749651ms
2025/08/12 15:46:51 TopoSystem update...
2025/08/12 15:46:52 TopoSystem: Link count: 9000000
2025/08/12 15:46:52 TopoSystem update time: 231.351026ms
2025/08/12 15:46:52 AttenuationSystem update...
2025/08/12 15:46:52 AttenuationSystem parallel flag: 0
2025/08/12 15:46:56 Attenuation computed count: 9000000
2025/08/12 15:46:56 AttenuationSystem update time: 4.463292467s
2025/08/12 15:46:56 Run 3 complete
2025/08/12 15:46:56 StationSystem update...
2025/08/12 15:46:56 weather update count: 600
2025/08/12 15:46:56 StationSystem update time: 15.611µs
2025/08/12 15:46:56 SatelliteSystem update...
2025/08/12 15:46:56 satellite count: 15000
2025/08/12 15:46:56 SatelliteSystem update time: 46.456291ms
2025/08/12 15:46:56 TopoSystem update...
2025/08/12 15:46:56 TopoSystem: Link count: 9000000
2025/08/12 15:46:56 TopoSystem update time: 265.666273ms
2025/08/12 15:46:56 AttenuationSystem update...
2025/08/12 15:46:56 AttenuationSystem parallel flag: 0
2025/08/12 15:47:01 Attenuation computed count: 9000000
2025/08/12 15:47:01 AttenuationSystem update time: 4.558805459s
2025/08/12 15:47:01 Run 4 complete
2025/08/12 15:47:01 StationSystem update...
2025/08/12 15:47:01 weather update count: 600
2025/08/12 15:47:01 StationSystem update time: 3.898µs
2025/08/12 15:47:01 SatelliteSystem update...
2025/08/12 15:47:01 satellite count: 15000
2025/08/12 15:47:01 SatelliteSystem update time: 86.984025ms
2025/08/12 15:47:01 TopoSystem update...
2025/08/12 15:47:01 TopoSystem: Link count: 9000000
2025/08/12 15:47:01 TopoSystem update time: 283.705067ms
2025/08/12 15:47:01 AttenuationSystem update...
2025/08/12 15:47:01 AttenuationSystem parallel flag: 0
2025/08/12 15:47:06 Attenuation computed count: 9000000
2025/08/12 15:47:06 AttenuationSystem update time: 4.224782561s
2025/08/12 15:47:06 Run 5 complete
2025/08/12 15:47:06 StationSystem update...
2025/08/12 15:47:06 weather update count: 600
2025/08/12 15:47:06 StationSystem update time: 9.775µs
2025/08/12 15:47:06 SatelliteSystem update...
2025/08/12 15:47:06 satellite count: 15000
2025/08/12 15:47:06 SatelliteSystem update time: 46.593069ms
2025/08/12 15:47:06 TopoSystem update...
2025/08/12 15:47:06 TopoSystem: Link count: 9000000
2025/08/12 15:47:06 TopoSystem update time: 226.004142ms
2025/08/12 15:47:06 AttenuationSystem update...
2025/08/12 15:47:06 AttenuationSystem parallel flag: 0
2025/08/12 15:47:10 Attenuation computed count: 9000000
2025/08/12 15:47:10 AttenuationSystem update time: 4.143275743s
2025/08/12 15:47:10 Run 6 complete
2025/08/12 15:47:10 StationSystem update...
2025/08/12 15:47:10 weather update count: 600
2025/08/12 15:47:10 StationSystem update time: 3.911µs
2025/08/12 15:47:10 SatelliteSystem update...
2025/08/12 15:47:10 satellite count: 15000
2025/08/12 15:47:10 SatelliteSystem update time: 43.163406ms
2025/08/12 15:47:10 TopoSystem update...
2025/08/12 15:47:10 TopoSystem: Link count: 9000000
2025/08/12 15:47:10 TopoSystem update time: 245.872252ms
2025/08/12 15:47:10 AttenuationSystem update...
2025/08/12 15:47:10 AttenuationSystem parallel flag: 0
2025/08/12 15:47:14 Attenuation computed count: 9000000
2025/08/12 15:47:14 AttenuationSystem update time: 4.117507699s
2025/08/12 15:47:14 Run 7 complete
2025/08/12 15:47:14 StationSystem update...
2025/08/12 15:47:14 weather update count: 600
2025/08/12 15:47:14 StationSystem update time: 5.743µs
2025/08/12 15:47:14 SatelliteSystem update...
2025/08/12 15:47:14 satellite count: 15000
2025/08/12 15:47:14 SatelliteSystem update time: 43.204663ms
2025/08/12 15:47:14 TopoSystem update...
2025/08/12 15:47:15 TopoSystem: Link count: 9000000
2025/08/12 15:47:15 TopoSystem update time: 150.961542ms
2025/08/12 15:47:15 AttenuationSystem update...
2025/08/12 15:47:15 AttenuationSystem parallel flag: 0
2025/08/12 15:47:19 Attenuation computed count: 9000000
2025/08/12 15:47:19 AttenuationSystem update time: 4.30640631s
2025/08/12 15:47:19 Run 8 complete
2025/08/12 15:47:19 StationSystem update...
2025/08/12 15:47:19 weather update count: 600
2025/08/12 15:47:19 StationSystem update time: 10.095µs
2025/08/12 15:47:19 SatelliteSystem update...
2025/08/12 15:47:19 satellite count: 15000
2025/08/12 15:47:19 SatelliteSystem update time: 46.358651ms
2025/08/12 15:47:19 TopoSystem update...
2025/08/12 15:47:19 TopoSystem: Link count: 9000000
2025/08/12 15:47:19 TopoSystem update time: 244.988192ms
2025/08/12 15:47:19 AttenuationSystem update...
2025/08/12 15:47:19 AttenuationSystem parallel flag: 0
2025/08/12 15:47:24 Attenuation computed count: 9000000
2025/08/12 15:47:24 AttenuationSystem update time: 4.423157525s
2025/08/12 15:47:24 Run 9 complete
2025/08/12 15:47:24 StationSystem update...
2025/08/12 15:47:24 weather update count: 600
2025/08/12 15:47:24 StationSystem update time: 3.457µs
2025/08/12 15:47:24 SatelliteSystem update...
2025/08/12 15:47:24 satellite count: 15000
2025/08/12 15:47:24 SatelliteSystem update time: 43.067908ms
2025/08/12 15:47:24 TopoSystem update...
2025/08/12 15:47:24 TopoSystem: Link count: 9000000
2025/08/12 15:47:24 TopoSystem update time: 179.704525ms
2025/08/12 15:47:24 AttenuationSystem update...
2025/08/12 15:47:24 AttenuationSystem parallel flag: 0
2025/08/12 15:47:28 Attenuation computed count: 9000000
2025/08/12 15:47:28 AttenuationSystem update time: 4.379598749s
2025/08/12 15:47:28 Run 10 complete
2025/08/12 15:47:28 Total update time:  46.848152772s
2025/08/12 15:47:28 linkCache size: 40

 Performance counter stats for './scale_ecs 600 15000 10 2 4 0':

       207,335,016      cache-references                                                      
        59,561,404      cache-misses                     #   28.73% of all cache refs         

      46.894006609 seconds time elapsed

     171.326172000 seconds user
       1.958322000 seconds sys


