ECS running with 800 stations, 5000 satellites, 2 numWGs and 2 numBlocks for 10 rounds in 0 parallel pattern
2025/08/12 16:51:23 StationSystem update...
2025/08/12 16:51:23 weather update count: 800
2025/08/12 16:51:23 StationSystem update time: 5.615µs
2025/08/12 16:51:23 SatelliteSystem update...
2025/08/12 16:51:23 satellite count: 5000
2025/08/12 16:51:23 SatelliteSystem update time: 19.136743ms
2025/08/12 16:51:23 TopoSystem update...
2025/08/12 16:51:23 TopoSystem: Link count: 4000000
2025/08/12 16:51:23 TopoSystem update time: 129.244622ms
2025/08/12 16:51:23 AttenuationSystem update...
2025/08/12 16:51:23 AttenuationSystem parallel flag: 0
2025/08/12 16:51:28 Attenuation computed count: 4000000
2025/08/12 16:51:28 AttenuationSystem update time: 4.52221559s
2025/08/12 16:51:28 Run 1 complete
2025/08/12 16:51:28 StationSystem update...
2025/08/12 16:51:28 weather update count: 800
2025/08/12 16:51:28 StationSystem update time: 10.148µs
2025/08/12 16:51:28 SatelliteSystem update...
2025/08/12 16:51:28 satellite count: 5000
2025/08/12 16:51:28 SatelliteSystem update time: 51.031401ms
2025/08/12 16:51:28 TopoSystem update...
2025/08/12 16:51:28 TopoSystem: Link count: 4000000
2025/08/12 16:51:28 TopoSystem update time: 117.453784ms
2025/08/12 16:51:28 AttenuationSystem update...
2025/08/12 16:51:28 AttenuationSystem parallel flag: 0
2025/08/12 16:51:32 Attenuation computed count: 4000000
2025/08/12 16:51:32 AttenuationSystem update time: 4.370608026s
2025/08/12 16:51:32 Run 2 complete
2025/08/12 16:51:32 StationSystem update...
2025/08/12 16:51:32 weather update count: 800
2025/08/12 16:51:32 StationSystem update time: 6.862µs
2025/08/12 16:51:32 SatelliteSystem update...
2025/08/12 16:51:32 satellite count: 5000
2025/08/12 16:51:32 SatelliteSystem update time: 48.155673ms
2025/08/12 16:51:32 TopoSystem update...
2025/08/12 16:51:32 TopoSystem: Link count: 4000000
2025/08/12 16:51:32 TopoSystem update time: 176.808688ms
2025/08/12 16:51:32 AttenuationSystem update...
2025/08/12 16:51:32 AttenuationSystem parallel flag: 0
2025/08/12 16:51:36 Attenuation computed count: 4000000
2025/08/12 16:51:36 AttenuationSystem update time: 4.037446112s
2025/08/12 16:51:36 Run 3 complete
2025/08/12 16:51:36 StationSystem update...
2025/08/12 16:51:36 weather update count: 800
2025/08/12 16:51:36 StationSystem update time: 11.858µs
2025/08/12 16:51:36 SatelliteSystem update...
2025/08/12 16:51:36 satellite count: 5000
2025/08/12 16:51:36 SatelliteSystem update time: 17.89133ms
2025/08/12 16:51:36 TopoSystem update...
2025/08/12 16:51:37 TopoSystem: Link count: 4000000
2025/08/12 16:51:37 TopoSystem update time: 220.765285ms
2025/08/12 16:51:37 AttenuationSystem update...
2025/08/12 16:51:37 AttenuationSystem parallel flag: 0
2025/08/12 16:51:40 Attenuation computed count: 4000000
2025/08/12 16:51:40 AttenuationSystem update time: 3.718968658s
2025/08/12 16:51:40 Run 4 complete
2025/08/12 16:51:40 StationSystem update...
2025/08/12 16:51:40 weather update count: 800
2025/08/12 16:51:40 StationSystem update time: 4.2µs
2025/08/12 16:51:40 SatelliteSystem update...
2025/08/12 16:51:40 satellite count: 5000
2025/08/12 16:51:40 SatelliteSystem update time: 14.262404ms
2025/08/12 16:51:40 TopoSystem update...
2025/08/12 16:51:40 TopoSystem: Link count: 4000000
2025/08/12 16:51:40 TopoSystem update time: 76.37132ms
2025/08/12 16:51:40 AttenuationSystem update...
2025/08/12 16:51:40 AttenuationSystem parallel flag: 0
2025/08/12 16:51:45 Attenuation computed count: 4000000
2025/08/12 16:51:45 AttenuationSystem update time: 4.151592226s
2025/08/12 16:51:45 Run 5 complete
2025/08/12 16:51:45 StationSystem update...
2025/08/12 16:51:45 weather update count: 800
2025/08/12 16:51:45 StationSystem update time: 5.512µs
2025/08/12 16:51:45 SatelliteSystem update...
2025/08/12 16:51:45 satellite count: 5000
2025/08/12 16:51:45 SatelliteSystem update time: 16.133619ms
2025/08/12 16:51:45 TopoSystem update...
2025/08/12 16:51:45 TopoSystem: Link count: 4000000
2025/08/12 16:51:45 TopoSystem update time: 96.14507ms
2025/08/12 16:51:45 AttenuationSystem update...
2025/08/12 16:51:45 AttenuationSystem parallel flag: 0
2025/08/12 16:51:49 Attenuation computed count: 4000000
2025/08/12 16:51:49 AttenuationSystem update time: 4.09505582s
2025/08/12 16:51:49 Run 6 complete
2025/08/12 16:51:49 StationSystem update...
2025/08/12 16:51:49 weather update count: 800
2025/08/12 16:51:49 StationSystem update time: 4.839µs
2025/08/12 16:51:49 SatelliteSystem update...
2025/08/12 16:51:49 satellite count: 5000
2025/08/12 16:51:49 SatelliteSystem update time: 45.997513ms
2025/08/12 16:51:49 TopoSystem update...
2025/08/12 16:51:49 TopoSystem: Link count: 4000000
2025/08/12 16:51:49 TopoSystem update time: 75.201823ms
2025/08/12 16:51:49 AttenuationSystem update...
2025/08/12 16:51:49 AttenuationSystem parallel flag: 0
2025/08/12 16:51:53 Attenuation computed count: 4000000
2025/08/12 16:51:53 AttenuationSystem update time: 3.700841745s
2025/08/12 16:51:53 Run 7 complete
2025/08/12 16:51:53 StationSystem update...
2025/08/12 16:51:53 weather update count: 800
2025/08/12 16:51:53 StationSystem update time: 5.1µs
2025/08/12 16:51:53 SatelliteSystem update...
2025/08/12 16:51:53 satellite count: 5000
2025/08/12 16:51:53 SatelliteSystem update time: 45.885819ms
2025/08/12 16:51:53 TopoSystem update...
2025/08/12 16:51:53 TopoSystem: Link count: 4000000
2025/08/12 16:51:53 TopoSystem update time: 61.337654ms
2025/08/12 16:51:53 AttenuationSystem update...
2025/08/12 16:51:53 AttenuationSystem parallel flag: 0
2025/08/12 16:51:57 Attenuation computed count: 4000000
2025/08/12 16:51:57 AttenuationSystem update time: 4.040048644s
2025/08/12 16:51:57 Run 8 complete
2025/08/12 16:51:57 StationSystem update...
2025/08/12 16:51:57 weather update count: 800
2025/08/12 16:51:57 StationSystem update time: 5.155µs
2025/08/12 16:51:57 SatelliteSystem update...
2025/08/12 16:51:57 satellite count: 5000
2025/08/12 16:51:57 SatelliteSystem update time: 14.412648ms
2025/08/12 16:51:57 TopoSystem update...
2025/08/12 16:51:57 TopoSystem: Link count: 4000000
2025/08/12 16:51:57 TopoSystem update time: 56.481186ms
2025/08/12 16:51:57 AttenuationSystem update...
2025/08/12 16:51:57 AttenuationSystem parallel flag: 0
2025/08/12 16:52:01 Attenuation computed count: 4000000
2025/08/12 16:52:01 AttenuationSystem update time: 3.903703056s
2025/08/12 16:52:01 Run 9 complete
2025/08/12 16:52:01 StationSystem update...
2025/08/12 16:52:01 weather update count: 800
2025/08/12 16:52:01 StationSystem update time: 3.35µs
2025/08/12 16:52:01 SatelliteSystem update...
2025/08/12 16:52:01 satellite count: 5000
2025/08/12 16:52:01 SatelliteSystem update time: 45.878441ms
2025/08/12 16:52:01 TopoSystem update...
2025/08/12 16:52:01 TopoSystem: Link count: 4000000
2025/08/12 16:52:01 TopoSystem update time: 84.437898ms
2025/08/12 16:52:01 AttenuationSystem update...
2025/08/12 16:52:01 AttenuationSystem parallel flag: 0
2025/08/12 16:52:05 Attenuation computed count: 4000000
2025/08/12 16:52:05 AttenuationSystem update time: 3.719641776s
2025/08/12 16:52:05 Run 10 complete
2025/08/12 16:52:05 Total update time:  41.699293576s
2025/08/12 16:52:05 linkCache size: 40

 Performance counter stats for './scale_ecs 800 5000 10 2 2 0':

        90,453,484      cache-references                                                      
        25,148,712      cache-misses                     #   27.80% of all cache refs         

      41.736602455 seconds time elapsed

      77.147343000 seconds user
       0.740156000 seconds sys


