KubeDemo running with 700 stations and 5000 satellites for 10 rounds
2025/08/13 03:44:29 updateSatellitePositions...
2025/08/13 03:44:29 satellite count: 5000
2025/08/13 03:44:29 updateSatellitePositions took 19.360855ms
2025/08/13 03:44:29 MakeLinks...
2025/08/13 03:44:30 links: 3500000
2025/08/13 03:44:30 MakeLinks took 552.846382ms
2025/08/13 03:44:30 updateEnvironmentIndex...
2025/08/13 03:44:30 updateEnvironmentIndex count: 700
2025/08/13 03:44:30 updateEnvironmentIndex took 8.436µs
2025/08/13 03:44:30 updateLinkProperties...
2025/08/13 03:44:30 updateLinkProperties count: 3500000
2025/08/13 03:44:30 updateLinkProperties took 532.01792ms
2025/08/13 03:44:30 links count:  3500000
2025/08/13 03:44:30 Run 1 complete
2025/08/13 03:44:30 updateSatellitePositions...
2025/08/13 03:44:30 satellite count: 5000
2025/08/13 03:44:30 updateSatellitePositions took 19.612329ms
2025/08/13 03:44:30 MakeLinks...
2025/08/13 03:44:30 links: 3500000
2025/08/13 03:44:30 MakeLinks took 369.364019ms
2025/08/13 03:44:30 updateEnvironmentIndex...
2025/08/13 03:44:30 updateEnvironmentIndex count: 700
2025/08/13 03:44:30 updateEnvironmentIndex took 8.319µs
2025/08/13 03:44:30 updateLinkProperties...
2025/08/13 03:44:31 updateLinkProperties count: 3500000
2025/08/13 03:44:31 updateLinkProperties took 559.186781ms
2025/08/13 03:44:31 links count:  3500000
2025/08/13 03:44:31 Run 2 complete
2025/08/13 03:44:31 updateSatellitePositions...
2025/08/13 03:44:31 satellite count: 5000
2025/08/13 03:44:31 updateSatellitePositions took 20.336894ms
2025/08/13 03:44:31 MakeLinks...
2025/08/13 03:44:31 links: 3500000
2025/08/13 03:44:31 MakeLinks took 325.798483ms
2025/08/13 03:44:31 updateEnvironmentIndex...
2025/08/13 03:44:31 updateEnvironmentIndex count: 700
2025/08/13 03:44:31 updateEnvironmentIndex took 16.881µs
2025/08/13 03:44:31 updateLinkProperties...
2025/08/13 03:44:32 updateLinkProperties count: 3500000
2025/08/13 03:44:32 updateLinkProperties took 575.705686ms
2025/08/13 03:44:32 links count:  3500000
2025/08/13 03:44:32 Run 3 complete
2025/08/13 03:44:32 updateSatellitePositions...
2025/08/13 03:44:32 satellite count: 5000
2025/08/13 03:44:32 updateSatellitePositions took 19.688954ms
2025/08/13 03:44:32 MakeLinks...
2025/08/13 03:44:32 links: 3500000
2025/08/13 03:44:32 MakeLinks took 396.545464ms
2025/08/13 03:44:32 updateEnvironmentIndex...
2025/08/13 03:44:32 updateEnvironmentIndex count: 700
2025/08/13 03:44:32 updateEnvironmentIndex took 10.06µs
2025/08/13 03:44:32 updateLinkProperties...
2025/08/13 03:44:33 updateLinkProperties count: 3500000
2025/08/13 03:44:33 updateLinkProperties took 540.698198ms
2025/08/13 03:44:33 links count:  3500000
2025/08/13 03:44:33 Run 4 complete
2025/08/13 03:44:33 updateSatellitePositions...
2025/08/13 03:44:33 satellite count: 5000
2025/08/13 03:44:33 updateSatellitePositions took 19.687714ms
2025/08/13 03:44:33 MakeLinks...
2025/08/13 03:44:33 links: 3500000
2025/08/13 03:44:33 MakeLinks took 465.600269ms
2025/08/13 03:44:33 updateEnvironmentIndex...
2025/08/13 03:44:33 updateEnvironmentIndex count: 700
2025/08/13 03:44:33 updateEnvironmentIndex took 9.84µs
2025/08/13 03:44:33 updateLinkProperties...
2025/08/13 03:44:34 updateLinkProperties count: 3500000
2025/08/13 03:44:34 updateLinkProperties took 592.539374ms
2025/08/13 03:44:34 links count:  3500000
2025/08/13 03:44:34 Run 5 complete
2025/08/13 03:44:34 updateSatellitePositions...
2025/08/13 03:44:34 satellite count: 5000
2025/08/13 03:44:34 updateSatellitePositions took 19.677563ms
2025/08/13 03:44:34 MakeLinks...
2025/08/13 03:44:34 links: 3500000
2025/08/13 03:44:34 MakeLinks took 336.647506ms
2025/08/13 03:44:34 updateEnvironmentIndex...
2025/08/13 03:44:34 updateEnvironmentIndex count: 700
2025/08/13 03:44:34 updateEnvironmentIndex took 9.084µs
2025/08/13 03:44:34 updateLinkProperties...
2025/08/13 03:44:35 updateLinkProperties count: 3500000
2025/08/13 03:44:35 updateLinkProperties took 563.78746ms
2025/08/13 03:44:35 links count:  3500000
2025/08/13 03:44:35 Run 6 complete
2025/08/13 03:44:35 updateSatellitePositions...
2025/08/13 03:44:35 satellite count: 5000
2025/08/13 03:44:35 updateSatellitePositions took 19.662537ms
2025/08/13 03:44:35 MakeLinks...
2025/08/13 03:44:35 links: 3500000
2025/08/13 03:44:35 MakeLinks took 276.780506ms
2025/08/13 03:44:35 updateEnvironmentIndex...
2025/08/13 03:44:35 updateEnvironmentIndex count: 700
2025/08/13 03:44:35 updateEnvironmentIndex took 9.123µs
2025/08/13 03:44:35 updateLinkProperties...
2025/08/13 03:44:36 updateLinkProperties count: 3500000
2025/08/13 03:44:36 updateLinkProperties took 567.924728ms
2025/08/13 03:44:36 links count:  3500000
2025/08/13 03:44:36 Run 7 complete
2025/08/13 03:44:36 updateSatellitePositions...
2025/08/13 03:44:36 satellite count: 5000
2025/08/13 03:44:36 updateSatellitePositions took 19.834567ms
2025/08/13 03:44:36 MakeLinks...
2025/08/13 03:44:36 links: 3500000
2025/08/13 03:44:36 MakeLinks took 451.494708ms
2025/08/13 03:44:36 updateEnvironmentIndex...
2025/08/13 03:44:36 updateEnvironmentIndex count: 700
2025/08/13 03:44:36 updateEnvironmentIndex took 16.397µs
2025/08/13 03:44:36 updateLinkProperties...
2025/08/13 03:44:37 updateLinkProperties count: 3500000
2025/08/13 03:44:37 updateLinkProperties took 563.129593ms
2025/08/13 03:44:37 links count:  3500000
2025/08/13 03:44:37 Run 8 complete
2025/08/13 03:44:37 updateSatellitePositions...
2025/08/13 03:44:37 satellite count: 5000
2025/08/13 03:44:37 updateSatellitePositions took 19.699697ms
2025/08/13 03:44:37 MakeLinks...
2025/08/13 03:44:37 links: 3500000
2025/08/13 03:44:37 MakeLinks took 279.187511ms
2025/08/13 03:44:37 updateEnvironmentIndex...
2025/08/13 03:44:37 updateEnvironmentIndex count: 700
2025/08/13 03:44:37 updateEnvironmentIndex took 8.902µs
2025/08/13 03:44:37 updateLinkProperties...
2025/08/13 03:44:38 updateLinkProperties count: 3500000
2025/08/13 03:44:38 updateLinkProperties took 564.615155ms
2025/08/13 03:44:38 links count:  3500000
2025/08/13 03:44:38 Run 9 complete
2025/08/13 03:44:38 updateSatellitePositions...
2025/08/13 03:44:38 satellite count: 5000
2025/08/13 03:44:38 updateSatellitePositions took 19.671588ms
2025/08/13 03:44:38 MakeLinks...
2025/08/13 03:44:38 links: 3500000
2025/08/13 03:44:38 MakeLinks took 269.292914ms
2025/08/13 03:44:38 updateEnvironmentIndex...
2025/08/13 03:44:38 updateEnvironmentIndex count: 700
2025/08/13 03:44:38 updateEnvironmentIndex took 9.057µs
2025/08/13 03:44:38 updateLinkProperties...
2025/08/13 03:44:39 updateLinkProperties count: 3500000
2025/08/13 03:44:39 updateLinkProperties took 564.420082ms
2025/08/13 03:44:39 links count:  3500000
2025/08/13 03:44:39 Run 10 complete
2025/08/13 03:44:39 interval =  9.566841797s
2025/08/13 03:44:39 linkCache size: 40

 Performance counter stats for './scale_kube 700 5000 10 16':

       544,901,092      cache-references                                                      
       129,178,723      cache-misses                     #   23.71% of all cache refs         

       9.626383739 seconds time elapsed

      91.666997000 seconds user
       2.722484000 seconds sys


