ECS running with 800 stations, 5000 satellites, 2 numWGs and 4 numBlocks for 10 rounds in 0 parallel pattern
2025/08/12 16:52:50 StationSystem update...
2025/08/12 16:52:50 weather update count: 800
2025/08/12 16:52:50 SatelliteSystem update...
2025/08/12 16:52:50 StationSystem update time: 5.443µs
2025/08/12 16:52:50 satellite count: 5000
2025/08/12 16:52:50 SatelliteSystem update time: 19.217293ms
2025/08/12 16:52:50 TopoSystem update...
2025/08/12 16:52:50 TopoSystem: Link count: 4000000
2025/08/12 16:52:50 TopoSystem update time: 145.550322ms
2025/08/12 16:52:50 AttenuationSystem update...
2025/08/12 16:52:50 AttenuationSystem parallel flag: 0
2025/08/12 16:52:53 Attenuation computed count: 4000000
2025/08/12 16:52:53 AttenuationSystem update time: 2.324067977s
2025/08/12 16:52:53 Run 1 complete
2025/08/12 16:52:53 StationSystem update...
2025/08/12 16:52:53 weather update count: 800
2025/08/12 16:52:53 StationSystem update time: 8.645µs
2025/08/12 16:52:53 SatelliteSystem update...
2025/08/12 16:52:53 satellite count: 5000
2025/08/12 16:52:53 SatelliteSystem update time: 20.813142ms
2025/08/12 16:52:53 TopoSystem update...
2025/08/12 16:52:53 TopoSystem: Link count: 4000000
2025/08/12 16:52:53 TopoSystem update time: 120.649353ms
2025/08/12 16:52:53 AttenuationSystem update...
2025/08/12 16:52:53 AttenuationSystem parallel flag: 0
2025/08/12 16:52:55 Attenuation computed count: 4000000
2025/08/12 16:52:55 AttenuationSystem update time: 2.274924807s
2025/08/12 16:52:55 Run 2 complete
2025/08/12 16:52:55 StationSystem update...
2025/08/12 16:52:55 weather update count: 800
2025/08/12 16:52:55 StationSystem update time: 8.694µs
2025/08/12 16:52:55 SatelliteSystem update...
2025/08/12 16:52:55 satellite count: 5000
2025/08/12 16:52:55 SatelliteSystem update time: 20.79839ms
2025/08/12 16:52:55 TopoSystem update...
2025/08/12 16:52:55 TopoSystem: Link count: 4000000
2025/08/12 16:52:55 TopoSystem update time: 162.97755ms
2025/08/12 16:52:55 AttenuationSystem update...
2025/08/12 16:52:55 AttenuationSystem parallel flag: 0
2025/08/12 16:52:57 Attenuation computed count: 4000000
2025/08/12 16:52:57 AttenuationSystem update time: 2.163461957s
2025/08/12 16:52:57 Run 3 complete
2025/08/12 16:52:57 StationSystem update...
2025/08/12 16:52:57 weather update count: 800
2025/08/12 16:52:57 StationSystem update time: 4.573µs
2025/08/12 16:52:57 SatelliteSystem update...
2025/08/12 16:52:58 satellite count: 5000
2025/08/12 16:52:58 SatelliteSystem update time: 19.207825ms
2025/08/12 16:52:58 TopoSystem update...
2025/08/12 16:52:58 TopoSystem: Link count: 4000000
2025/08/12 16:52:58 TopoSystem update time: 111.451195ms
2025/08/12 16:52:58 AttenuationSystem update...
2025/08/12 16:52:58 AttenuationSystem parallel flag: 0
2025/08/12 16:53:00 Attenuation computed count: 4000000
2025/08/12 16:53:00 AttenuationSystem update time: 2.210137335s
2025/08/12 16:53:00 Run 4 complete
2025/08/12 16:53:00 StationSystem update...
2025/08/12 16:53:00 weather update count: 800
2025/08/12 16:53:00 StationSystem update time: 5.113µs
2025/08/12 16:53:00 SatelliteSystem update...
2025/08/12 16:53:00 satellite count: 5000
2025/08/12 16:53:00 SatelliteSystem update time: 14.326058ms
2025/08/12 16:53:00 TopoSystem update...
2025/08/12 16:53:00 TopoSystem: Link count: 4000000
2025/08/12 16:53:00 TopoSystem update time: 55.259614ms
2025/08/12 16:53:00 AttenuationSystem update...
2025/08/12 16:53:00 AttenuationSystem parallel flag: 0
2025/08/12 16:53:02 Attenuation computed count: 4000000
2025/08/12 16:53:02 AttenuationSystem update time: 1.969174615s
2025/08/12 16:53:02 Run 5 complete
2025/08/12 16:53:02 StationSystem update...
2025/08/12 16:53:02 weather update count: 800
2025/08/12 16:53:02 StationSystem update time: 7.381µs
2025/08/12 16:53:02 SatelliteSystem update...
2025/08/12 16:53:02 satellite count: 5000
2025/08/12 16:53:02 SatelliteSystem update time: 15.511597ms
2025/08/12 16:53:02 TopoSystem update...
2025/08/12 16:53:02 TopoSystem: Link count: 4000000
2025/08/12 16:53:02 TopoSystem update time: 94.866627ms
2025/08/12 16:53:02 AttenuationSystem update...
2025/08/12 16:53:02 AttenuationSystem parallel flag: 0
2025/08/12 16:53:04 Attenuation computed count: 4000000
2025/08/12 16:53:04 AttenuationSystem update time: 2.167051748s
2025/08/12 16:53:04 Run 6 complete
2025/08/12 16:53:04 StationSystem update...
2025/08/12 16:53:04 weather update count: 800
2025/08/12 16:53:04 StationSystem update time: 5.57µs
2025/08/12 16:53:04 SatelliteSystem update...
2025/08/12 16:53:04 satellite count: 5000
2025/08/12 16:53:04 SatelliteSystem update time: 19.266765ms
2025/08/12 16:53:04 TopoSystem update...
2025/08/12 16:53:04 TopoSystem: Link count: 4000000
2025/08/12 16:53:04 TopoSystem update time: 71.272526ms
2025/08/12 16:53:04 AttenuationSystem update...
2025/08/12 16:53:04 AttenuationSystem parallel flag: 0
2025/08/12 16:53:06 Attenuation computed count: 4000000
2025/08/12 16:53:06 AttenuationSystem update time: 2.148802002s
2025/08/12 16:53:06 Run 7 complete
2025/08/12 16:53:06 StationSystem update...
2025/08/12 16:53:06 weather update count: 800
2025/08/12 16:53:06 StationSystem update time: 4.812µs
2025/08/12 16:53:06 SatelliteSystem update...
2025/08/12 16:53:06 satellite count: 5000
2025/08/12 16:53:06 SatelliteSystem update time: 19.216357ms
2025/08/12 16:53:06 TopoSystem update...
2025/08/12 16:53:06 TopoSystem: Link count: 4000000
2025/08/12 16:53:06 TopoSystem update time: 62.962164ms
2025/08/12 16:53:06 AttenuationSystem update...
2025/08/12 16:53:06 AttenuationSystem parallel flag: 0
2025/08/12 16:53:09 Attenuation computed count: 4000000
2025/08/12 16:53:09 AttenuationSystem update time: 2.052029597s
2025/08/12 16:53:09 Run 8 complete
2025/08/12 16:53:09 StationSystem update...
2025/08/12 16:53:09 weather update count: 800
2025/08/12 16:53:09 StationSystem update time: 5.562µs
2025/08/12 16:53:09 SatelliteSystem update...
2025/08/12 16:53:09 satellite count: 5000
2025/08/12 16:53:09 SatelliteSystem update time: 19.359169ms
2025/08/12 16:53:09 TopoSystem update...
2025/08/12 16:53:09 TopoSystem: Link count: 4000000
2025/08/12 16:53:09 TopoSystem update time: 65.428606ms
2025/08/12 16:53:09 AttenuationSystem update...
2025/08/12 16:53:09 AttenuationSystem parallel flag: 0
2025/08/12 16:53:11 Attenuation computed count: 4000000
2025/08/12 16:53:11 AttenuationSystem update time: 2.286141214s
2025/08/12 16:53:11 Run 9 complete
2025/08/12 16:53:11 StationSystem update...
2025/08/12 16:53:11 weather update count: 800
2025/08/12 16:53:11 StationSystem update time: 4.33µs
2025/08/12 16:53:11 SatelliteSystem update...
2025/08/12 16:53:11 satellite count: 5000
2025/08/12 16:53:11 SatelliteSystem update time: 14.370304ms
2025/08/12 16:53:11 TopoSystem update...
2025/08/12 16:53:11 TopoSystem: Link count: 4000000
2025/08/12 16:53:11 TopoSystem update time: 60.120079ms
2025/08/12 16:53:11 AttenuationSystem update...
2025/08/12 16:53:11 AttenuationSystem parallel flag: 0
2025/08/12 16:53:13 Attenuation computed count: 4000000
2025/08/12 16:53:13 AttenuationSystem update time: 2.254028605s
2025/08/12 16:53:13 Run 10 complete
2025/08/12 16:53:13 Total update time:  23.007374542s
2025/08/12 16:53:13 linkCache size: 40

 Performance counter stats for './scale_ecs 800 5000 10 2 4 0':

        88,085,473      cache-references                                                      
        24,736,960      cache-misses                     #   28.08% of all cache refs         

      23.030841738 seconds time elapsed

      84.002708000 seconds user
       0.649105000 seconds sys


