KubeDemo running with 700 stations and 5000 satellites for 10 rounds
2025/08/12 16:07:22 updateSatellitePositions...
2025/08/12 16:07:22 satellite count: 5000
2025/08/12 16:07:22 updateSatellitePositions took 19.658111ms
2025/08/12 16:07:22 MakeLinks...
2025/08/12 16:07:22 links: 3500000
2025/08/12 16:07:22 MakeLinks took 615.905349ms
2025/08/12 16:07:22 updateEnvironmentIndex...
2025/08/12 16:07:22 updateEnvironmentIndex count: 700
2025/08/12 16:07:22 updateEnvironmentIndex took 8.506µs
2025/08/12 16:07:22 updateLinkProperties...
2025/08/12 16:07:26 updateLinkProperties count: 3500000
2025/08/12 16:07:26 updateLinkProperties took 3.563140443s
2025/08/12 16:07:26 links count:  3500000
2025/08/12 16:07:26 Run 1 complete
2025/08/12 16:07:26 updateSatellitePositions...
2025/08/12 16:07:26 satellite count: 5000
2025/08/12 16:07:26 updateSatellitePositions took 14.691393ms
2025/08/12 16:07:26 MakeLinks...
2025/08/12 16:07:26 links: 3500000
2025/08/12 16:07:26 MakeLinks took 652.295134ms
2025/08/12 16:07:26 updateEnvironmentIndex...
2025/08/12 16:07:26 updateEnvironmentIndex count: 700
2025/08/12 16:07:26 updateEnvironmentIndex took 10.681µs
2025/08/12 16:07:26 updateLinkProperties...
2025/08/12 16:07:30 updateLinkProperties count: 3500000
2025/08/12 16:07:30 updateLinkProperties took 3.540384684s
2025/08/12 16:07:30 links count:  3500000
2025/08/12 16:07:30 Run 2 complete
2025/08/12 16:07:30 updateSatellitePositions...
2025/08/12 16:07:30 satellite count: 5000
2025/08/12 16:07:30 updateSatellitePositions took 15.386136ms
2025/08/12 16:07:30 MakeLinks...
2025/08/12 16:07:31 links: 3500000
2025/08/12 16:07:31 MakeLinks took 520.658776ms
2025/08/12 16:07:31 updateEnvironmentIndex...
2025/08/12 16:07:31 updateEnvironmentIndex count: 700
2025/08/12 16:07:31 updateEnvironmentIndex took 17.023µs
2025/08/12 16:07:31 updateLinkProperties...
2025/08/12 16:07:34 updateLinkProperties count: 3500000
2025/08/12 16:07:34 updateLinkProperties took 3.614979283s
2025/08/12 16:07:34 links count:  3500000
2025/08/12 16:07:34 Run 3 complete
2025/08/12 16:07:34 updateSatellitePositions...
2025/08/12 16:07:34 satellite count: 5000
2025/08/12 16:07:34 updateSatellitePositions took 14.55519ms
2025/08/12 16:07:34 MakeLinks...
2025/08/12 16:07:35 links: 3500000
2025/08/12 16:07:35 MakeLinks took 520.948905ms
2025/08/12 16:07:35 updateEnvironmentIndex...
2025/08/12 16:07:35 updateEnvironmentIndex count: 700
2025/08/12 16:07:35 updateEnvironmentIndex took 9.226µs
2025/08/12 16:07:35 updateLinkProperties...
2025/08/12 16:07:38 updateLinkProperties count: 3500000
2025/08/12 16:07:38 updateLinkProperties took 3.634719283s
2025/08/12 16:07:38 links count:  3500000
2025/08/12 16:07:38 Run 4 complete
2025/08/12 16:07:38 updateSatellitePositions...
2025/08/12 16:07:38 satellite count: 5000
2025/08/12 16:07:38 updateSatellitePositions took 14.468525ms
2025/08/12 16:07:38 MakeLinks...
2025/08/12 16:07:39 links: 3500000
2025/08/12 16:07:39 MakeLinks took 331.405078ms
2025/08/12 16:07:39 updateEnvironmentIndex...
2025/08/12 16:07:39 updateEnvironmentIndex count: 700
2025/08/12 16:07:39 updateEnvironmentIndex took 8.556µs
2025/08/12 16:07:39 updateLinkProperties...
2025/08/12 16:07:42 updateLinkProperties count: 3500000
2025/08/12 16:07:42 updateLinkProperties took 3.658420307s
2025/08/12 16:07:42 links count:  3500000
2025/08/12 16:07:42 Run 5 complete
2025/08/12 16:07:42 updateSatellitePositions...
2025/08/12 16:07:42 satellite count: 5000
2025/08/12 16:07:42 updateSatellitePositions took 14.572028ms
2025/08/12 16:07:42 MakeLinks...
2025/08/12 16:07:43 links: 3500000
2025/08/12 16:07:43 MakeLinks took 316.475469ms
2025/08/12 16:07:43 updateEnvironmentIndex...
2025/08/12 16:07:43 updateEnvironmentIndex count: 700
2025/08/12 16:07:43 updateEnvironmentIndex took 8.797µs
2025/08/12 16:07:43 updateLinkProperties...
2025/08/12 16:07:46 updateLinkProperties count: 3500000
2025/08/12 16:07:46 updateLinkProperties took 3.617500846s
2025/08/12 16:07:46 links count:  3500000
2025/08/12 16:07:46 Run 6 complete
2025/08/12 16:07:46 updateSatellitePositions...
2025/08/12 16:07:46 satellite count: 5000
2025/08/12 16:07:46 updateSatellitePositions took 15.112857ms
2025/08/12 16:07:46 MakeLinks...
2025/08/12 16:07:47 links: 3500000
2025/08/12 16:07:47 MakeLinks took 561.262948ms
2025/08/12 16:07:47 updateEnvironmentIndex...
2025/08/12 16:07:47 updateEnvironmentIndex count: 700
2025/08/12 16:07:47 updateEnvironmentIndex took 17µs
2025/08/12 16:07:47 updateLinkProperties...
2025/08/12 16:07:51 updateLinkProperties count: 3500000
2025/08/12 16:07:51 updateLinkProperties took 3.641049145s
2025/08/12 16:07:51 links count:  3500000
2025/08/12 16:07:51 Run 7 complete
2025/08/12 16:07:51 updateSatellitePositions...
2025/08/12 16:07:51 satellite count: 5000
2025/08/12 16:07:51 updateSatellitePositions took 14.432946ms
2025/08/12 16:07:51 MakeLinks...
2025/08/12 16:07:51 links: 3500000
2025/08/12 16:07:51 MakeLinks took 516.197645ms
2025/08/12 16:07:51 updateEnvironmentIndex...
2025/08/12 16:07:51 updateEnvironmentIndex count: 700
2025/08/12 16:07:51 updateEnvironmentIndex took 9.342µs
2025/08/12 16:07:51 updateLinkProperties...
2025/08/12 16:07:54 updateLinkProperties count: 3500000
2025/08/12 16:07:54 updateLinkProperties took 3.325426442s
2025/08/12 16:07:54 links count:  3500000
2025/08/12 16:07:54 Run 8 complete
2025/08/12 16:07:54 updateSatellitePositions...
2025/08/12 16:07:54 satellite count: 5000
2025/08/12 16:07:54 updateSatellitePositions took 14.811225ms
2025/08/12 16:07:54 MakeLinks...
2025/08/12 16:07:55 links: 3500000
2025/08/12 16:07:55 MakeLinks took 290.482362ms
2025/08/12 16:07:55 updateEnvironmentIndex...
2025/08/12 16:07:55 updateEnvironmentIndex count: 700
2025/08/12 16:07:55 updateEnvironmentIndex took 8.518µs
2025/08/12 16:07:55 updateLinkProperties...
2025/08/12 16:07:58 updateLinkProperties count: 3500000
2025/08/12 16:07:58 updateLinkProperties took 3.602990213s
2025/08/12 16:07:58 links count:  3500000
2025/08/12 16:07:58 Run 9 complete
2025/08/12 16:07:58 updateSatellitePositions...
2025/08/12 16:07:58 satellite count: 5000
2025/08/12 16:07:58 updateSatellitePositions took 14.769375ms
2025/08/12 16:07:58 MakeLinks...
2025/08/12 16:07:59 links: 3500000
2025/08/12 16:07:59 MakeLinks took 485.203079ms
2025/08/12 16:07:59 updateEnvironmentIndex...
2025/08/12 16:07:59 updateEnvironmentIndex count: 700
2025/08/12 16:07:59 updateEnvironmentIndex took 10.205µs
2025/08/12 16:07:59 updateLinkProperties...
2025/08/12 16:08:02 updateLinkProperties count: 3500000
2025/08/12 16:08:02 updateLinkProperties took 3.628408563s
2025/08/12 16:08:02 links count:  3500000
2025/08/12 16:08:02 Run 10 complete
2025/08/12 16:08:02 interval =  40.812710519s
2025/08/12 16:08:02 linkCache size: 40

 Performance counter stats for './scale_kube 700 5000 10 2':

        65,956,885      LLC-loads                                                             
        27,277,420      LLC-load-misses                  #   41.36% of all LL-cache accesses  

      40.865984204 seconds time elapsed

      81.138363000 seconds user
       3.169045000 seconds sys


