ECS running with 600 stations, 10000 satellites, 2 numWGs and 1 numBlocks for 10 rounds in 0 parallel pattern
2025/08/12 15:30:13 StationSystem update...
2025/08/12 15:30:13 weather update count: 600
2025/08/12 15:30:13 StationSystem update time: 7.411µs
2025/08/12 15:30:13 SatelliteSystem update...
2025/08/12 15:30:13 satellite count: 10000
2025/08/12 15:30:13 SatelliteSystem update time: 38.571017ms
2025/08/12 15:30:13 TopoSystem update...
2025/08/12 15:30:14 TopoSystem: Link count: 6000000
2025/08/12 15:30:14 TopoSystem update time: 214.746156ms
2025/08/12 15:30:14 AttenuationSystem update...
2025/08/12 15:30:14 AttenuationSystem parallel flag: 0
2025/08/12 15:30:25 Attenuation computed count: 6000000
2025/08/12 15:30:25 AttenuationSystem update time: 10.911653548s
2025/08/12 15:30:25 Run 1 complete
2025/08/12 15:30:25 StationSystem update...
2025/08/12 15:30:25 weather update count: 600
2025/08/12 15:30:25 StationSystem update time: 8.771µs
2025/08/12 15:30:25 SatelliteSystem update...
2025/08/12 15:30:25 satellite count: 10000
2025/08/12 15:30:25 SatelliteSystem update time: 51.798244ms
2025/08/12 15:30:25 TopoSystem update...
2025/08/12 15:30:25 TopoSystem: Link count: 6000000
2025/08/12 15:30:25 TopoSystem update time: 181.615189ms
2025/08/12 15:30:25 AttenuationSystem update...
2025/08/12 15:30:25 AttenuationSystem parallel flag: 0
2025/08/12 15:30:36 Attenuation computed count: 6000000
2025/08/12 15:30:36 AttenuationSystem update time: 10.784560241s
2025/08/12 15:30:36 Run 2 complete
2025/08/12 15:30:36 StationSystem update...
2025/08/12 15:30:36 weather update count: 600
2025/08/12 15:30:36 StationSystem update time: 9.655µs
2025/08/12 15:30:36 SatelliteSystem update...
2025/08/12 15:30:36 satellite count: 10000
2025/08/12 15:30:36 SatelliteSystem update time: 31.534684ms
2025/08/12 15:30:36 TopoSystem update...
2025/08/12 15:30:36 TopoSystem: Link count: 6000000
2025/08/12 15:30:36 TopoSystem update time: 206.93733ms
2025/08/12 15:30:36 AttenuationSystem update...
2025/08/12 15:30:36 AttenuationSystem parallel flag: 0
2025/08/12 15:30:47 Attenuation computed count: 6000000
2025/08/12 15:30:47 AttenuationSystem update time: 11.497299204s
2025/08/12 15:30:47 Run 3 complete
2025/08/12 15:30:47 StationSystem update...
2025/08/12 15:30:47 weather update count: 600
2025/08/12 15:30:47 StationSystem update time: 16.578µs
2025/08/12 15:30:47 SatelliteSystem update...
2025/08/12 15:30:47 satellite count: 10000
2025/08/12 15:30:47 SatelliteSystem update time: 75.031782ms
2025/08/12 15:30:47 TopoSystem update...
2025/08/12 15:30:48 TopoSystem: Link count: 6000000
2025/08/12 15:30:48 TopoSystem update time: 353.438988ms
2025/08/12 15:30:48 AttenuationSystem update...
2025/08/12 15:30:48 AttenuationSystem parallel flag: 0
2025/08/12 15:30:58 Attenuation computed count: 6000000
2025/08/12 15:30:58 AttenuationSystem update time: 10.674679712s
2025/08/12 15:30:58 Run 4 complete
2025/08/12 15:30:58 StationSystem update...
2025/08/12 15:30:58 weather update count: 600
2025/08/12 15:30:58 StationSystem update time: 2.785µs
2025/08/12 15:30:58 SatelliteSystem update...
2025/08/12 15:30:58 satellite count: 10000
2025/08/12 15:30:58 SatelliteSystem update time: 28.486456ms
2025/08/12 15:30:58 TopoSystem update...
2025/08/12 15:30:59 TopoSystem: Link count: 6000000
2025/08/12 15:30:59 TopoSystem update time: 321.390696ms
2025/08/12 15:30:59 AttenuationSystem update...
2025/08/12 15:30:59 AttenuationSystem parallel flag: 0
2025/08/12 15:31:10 Attenuation computed count: 6000000
2025/08/12 15:31:10 AttenuationSystem update time: 10.816076256s
2025/08/12 15:31:10 Run 5 complete
2025/08/12 15:31:10 StationSystem update...
2025/08/12 15:31:10 weather update count: 600
2025/08/12 15:31:10 StationSystem update time: 9.521µs
2025/08/12 15:31:10 SatelliteSystem update...
2025/08/12 15:31:10 satellite count: 10000
2025/08/12 15:31:10 SatelliteSystem update time: 44.874076ms
2025/08/12 15:31:10 TopoSystem update...
2025/08/12 15:31:10 TopoSystem: Link count: 6000000
2025/08/12 15:31:10 TopoSystem update time: 276.445618ms
2025/08/12 15:31:10 AttenuationSystem update...
2025/08/12 15:31:10 AttenuationSystem parallel flag: 0
2025/08/12 15:31:20 Attenuation computed count: 6000000
2025/08/12 15:31:20 AttenuationSystem update time: 10.183492144s
2025/08/12 15:31:20 Run 6 complete
2025/08/12 15:31:20 StationSystem update...
2025/08/12 15:31:20 weather update count: 600
2025/08/12 15:31:20 StationSystem update time: 10.729µs
2025/08/12 15:31:20 SatelliteSystem update...
2025/08/12 15:31:20 satellite count: 10000
2025/08/12 15:31:20 SatelliteSystem update time: 75.669135ms
2025/08/12 15:31:20 TopoSystem update...
2025/08/12 15:31:21 TopoSystem: Link count: 6000000
2025/08/12 15:31:21 TopoSystem update time: 349.179353ms
2025/08/12 15:31:21 AttenuationSystem update...
2025/08/12 15:31:21 AttenuationSystem parallel flag: 0
2025/08/12 15:31:31 Attenuation computed count: 6000000
2025/08/12 15:31:31 AttenuationSystem update time: 10.183263909s
2025/08/12 15:31:31 Run 7 complete
2025/08/12 15:31:31 StationSystem update...
2025/08/12 15:31:31 weather update count: 600
2025/08/12 15:31:31 StationSystem update time: 4.697µs
2025/08/12 15:31:31 SatelliteSystem update...
2025/08/12 15:31:31 satellite count: 10000
2025/08/12 15:31:31 SatelliteSystem update time: 75.471832ms
2025/08/12 15:31:31 TopoSystem update...
2025/08/12 15:31:31 TopoSystem: Link count: 6000000
2025/08/12 15:31:31 TopoSystem update time: 172.419945ms
2025/08/12 15:31:31 AttenuationSystem update...
2025/08/12 15:31:31 AttenuationSystem parallel flag: 0
2025/08/12 15:31:42 Attenuation computed count: 6000000
2025/08/12 15:31:42 AttenuationSystem update time: 10.653757068s
2025/08/12 15:31:42 Run 8 complete
2025/08/12 15:31:42 StationSystem update...
2025/08/12 15:31:42 weather update count: 600
2025/08/12 15:31:42 StationSystem update time: 2.889µs
2025/08/12 15:31:42 SatelliteSystem update...
2025/08/12 15:31:42 satellite count: 10000
2025/08/12 15:31:42 SatelliteSystem update time: 28.509525ms
2025/08/12 15:31:42 TopoSystem update...
2025/08/12 15:31:42 TopoSystem: Link count: 6000000
2025/08/12 15:31:42 TopoSystem update time: 225.887384ms
2025/08/12 15:31:42 AttenuationSystem update...
2025/08/12 15:31:42 AttenuationSystem parallel flag: 0
2025/08/12 15:31:53 Attenuation computed count: 6000000
2025/08/12 15:31:53 AttenuationSystem update time: 11.036768859s
2025/08/12 15:31:53 Run 9 complete
2025/08/12 15:31:53 StationSystem update...
2025/08/12 15:31:53 weather update count: 600
2025/08/12 15:31:53 StationSystem update time: 3.068µs
2025/08/12 15:31:53 SatelliteSystem update...
2025/08/12 15:31:53 satellite count: 10000
2025/08/12 15:31:53 SatelliteSystem update time: 66.400507ms
2025/08/12 15:31:53 TopoSystem update...
2025/08/12 15:31:53 TopoSystem: Link count: 6000000
2025/08/12 15:31:53 TopoSystem update time: 97.29086ms
2025/08/12 15:31:53 AttenuationSystem update...
2025/08/12 15:31:53 AttenuationSystem parallel flag: 0
2025/08/12 15:32:04 Attenuation computed count: 6000000
2025/08/12 15:32:04 AttenuationSystem update time: 10.63621388s
2025/08/12 15:32:04 Run 10 complete
2025/08/12 15:32:04 Total update time:  1m50.359458392s
2025/08/12 15:32:04 linkCache size: 40

 Performance counter stats for './scale_ecs 600 10000 10 2 1 0':

       148,566,182      cache-references                                                      
        45,646,298      cache-misses                     #   30.72% of all cache refs         

     110.406997448 seconds time elapsed

     108.649819000 seconds user
       2.176617000 seconds sys


