KubeDemo running with 600 stations and 5000 satellites for 10 rounds
2025/08/13 03:42:15 updateSatellitePositions...
2025/08/13 03:42:15 satellite count: 5000
2025/08/13 03:42:15 updateSatellitePositions took 19.470669ms
2025/08/13 03:42:15 MakeLinks...
2025/08/13 03:42:15 links: 3000000
2025/08/13 03:42:15 MakeLinks took 464.096486ms
2025/08/13 03:42:15 updateEnvironmentIndex...
2025/08/13 03:42:15 updateEnvironmentIndex count: 600
2025/08/13 03:42:15 updateEnvironmentIndex took 11.744µs
2025/08/13 03:42:15 updateLinkProperties...
2025/08/13 03:42:16 updateLinkProperties count: 3000000
2025/08/13 03:42:16 updateLinkProperties took 493.553456ms
2025/08/13 03:42:16 links count:  3000000
2025/08/13 03:42:16 Run 1 complete
2025/08/13 03:42:16 updateSatellitePositions...
2025/08/13 03:42:16 satellite count: 5000
2025/08/13 03:42:16 updateSatellitePositions took 19.687221ms
2025/08/13 03:42:16 MakeLinks...
2025/08/13 03:42:16 links: 3000000
2025/08/13 03:42:16 MakeLinks took 275.973141ms
2025/08/13 03:42:16 updateEnvironmentIndex...
2025/08/13 03:42:16 updateEnvironmentIndex count: 600
2025/08/13 03:42:16 updateEnvironmentIndex took 7.713µs
2025/08/13 03:42:16 updateLinkProperties...
2025/08/13 03:42:17 updateLinkProperties count: 3000000
2025/08/13 03:42:17 updateLinkProperties took 479.34014ms
2025/08/13 03:42:17 links count:  3000000
2025/08/13 03:42:17 Run 2 complete
2025/08/13 03:42:17 updateSatellitePositions...
2025/08/13 03:42:17 satellite count: 5000
2025/08/13 03:42:17 updateSatellitePositions took 19.630688ms
2025/08/13 03:42:17 MakeLinks...
2025/08/13 03:42:17 links: 3000000
2025/08/13 03:42:17 MakeLinks took 262.407423ms
2025/08/13 03:42:17 updateEnvironmentIndex...
2025/08/13 03:42:17 updateEnvironmentIndex count: 600
2025/08/13 03:42:17 updateEnvironmentIndex took 8.321µs
2025/08/13 03:42:17 updateLinkProperties...
2025/08/13 03:42:17 updateLinkProperties count: 3000000
2025/08/13 03:42:17 updateLinkProperties took 481.93402ms
2025/08/13 03:42:17 links count:  3000000
2025/08/13 03:42:17 Run 3 complete
2025/08/13 03:42:17 updateSatellitePositions...
2025/08/13 03:42:17 satellite count: 5000
2025/08/13 03:42:17 updateSatellitePositions took 20.167016ms
2025/08/13 03:42:17 MakeLinks...
2025/08/13 03:42:18 links: 3000000
2025/08/13 03:42:18 MakeLinks took 442.00334ms
2025/08/13 03:42:18 updateEnvironmentIndex...
2025/08/13 03:42:18 updateEnvironmentIndex count: 600
2025/08/13 03:42:18 updateEnvironmentIndex took 11.662µs
2025/08/13 03:42:18 updateLinkProperties...
2025/08/13 03:42:18 updateLinkProperties count: 3000000
2025/08/13 03:42:18 updateLinkProperties took 493.032591ms
2025/08/13 03:42:18 links count:  3000000
2025/08/13 03:42:18 Run 4 complete
2025/08/13 03:42:18 updateSatellitePositions...
2025/08/13 03:42:18 satellite count: 5000
2025/08/13 03:42:18 updateSatellitePositions took 19.711321ms
2025/08/13 03:42:18 MakeLinks...
2025/08/13 03:42:19 links: 3000000
2025/08/13 03:42:19 MakeLinks took 384.497156ms
2025/08/13 03:42:19 updateEnvironmentIndex...
2025/08/13 03:42:19 updateEnvironmentIndex count: 600
2025/08/13 03:42:19 updateEnvironmentIndex took 8.258µs
2025/08/13 03:42:19 updateLinkProperties...
2025/08/13 03:42:19 updateLinkProperties count: 3000000
2025/08/13 03:42:19 updateLinkProperties took 498.86058ms
2025/08/13 03:42:19 links count:  3000000
2025/08/13 03:42:19 Run 5 complete
2025/08/13 03:42:19 updateSatellitePositions...
2025/08/13 03:42:19 satellite count: 5000
2025/08/13 03:42:19 updateSatellitePositions took 19.643631ms
2025/08/13 03:42:19 MakeLinks...
2025/08/13 03:42:20 links: 3000000
2025/08/13 03:42:20 MakeLinks took 383.829213ms
2025/08/13 03:42:20 updateEnvironmentIndex...
2025/08/13 03:42:20 updateEnvironmentIndex count: 600
2025/08/13 03:42:20 updateEnvironmentIndex took 7.833µs
2025/08/13 03:42:20 updateLinkProperties...
2025/08/13 03:42:20 updateLinkProperties count: 3000000
2025/08/13 03:42:20 updateLinkProperties took 499.618283ms
2025/08/13 03:42:20 links count:  3000000
2025/08/13 03:42:20 Run 6 complete
2025/08/13 03:42:20 updateSatellitePositions...
2025/08/13 03:42:20 satellite count: 5000
2025/08/13 03:42:20 updateSatellitePositions took 19.701837ms
2025/08/13 03:42:20 MakeLinks...
2025/08/13 03:42:20 links: 3000000
2025/08/13 03:42:20 MakeLinks took 232.960517ms
2025/08/13 03:42:20 updateEnvironmentIndex...
2025/08/13 03:42:20 updateEnvironmentIndex count: 600
2025/08/13 03:42:20 updateEnvironmentIndex took 7.286µs
2025/08/13 03:42:20 updateLinkProperties...
2025/08/13 03:42:21 updateLinkProperties count: 3000000
2025/08/13 03:42:21 updateLinkProperties took 484.708771ms
2025/08/13 03:42:21 links count:  3000000
2025/08/13 03:42:21 Run 7 complete
2025/08/13 03:42:21 updateSatellitePositions...
2025/08/13 03:42:21 satellite count: 5000
2025/08/13 03:42:21 updateSatellitePositions took 19.686356ms
2025/08/13 03:42:21 MakeLinks...
2025/08/13 03:42:21 links: 3000000
2025/08/13 03:42:21 MakeLinks took 290.712243ms
2025/08/13 03:42:21 updateEnvironmentIndex...
2025/08/13 03:42:21 updateEnvironmentIndex count: 600
2025/08/13 03:42:21 updateEnvironmentIndex took 7.381µs
2025/08/13 03:42:21 updateLinkProperties...
2025/08/13 03:42:22 updateLinkProperties count: 3000000
2025/08/13 03:42:22 updateLinkProperties took 490.649775ms
2025/08/13 03:42:22 links count:  3000000
2025/08/13 03:42:22 Run 8 complete
2025/08/13 03:42:22 updateSatellitePositions...
2025/08/13 03:42:22 satellite count: 5000
2025/08/13 03:42:22 updateSatellitePositions took 19.875216ms
2025/08/13 03:42:22 MakeLinks...
2025/08/13 03:42:22 links: 3000000
2025/08/13 03:42:22 MakeLinks took 303.003392ms
2025/08/13 03:42:22 updateEnvironmentIndex...
2025/08/13 03:42:22 updateEnvironmentIndex count: 600
2025/08/13 03:42:22 updateEnvironmentIndex took 9.675µs
2025/08/13 03:42:22 updateLinkProperties...
2025/08/13 03:42:22 updateLinkProperties count: 3000000
2025/08/13 03:42:22 updateLinkProperties took 533.286606ms
2025/08/13 03:42:22 links count:  3000000
2025/08/13 03:42:22 Run 9 complete
2025/08/13 03:42:22 updateSatellitePositions...
2025/08/13 03:42:22 satellite count: 5000
2025/08/13 03:42:22 updateSatellitePositions took 20.500368ms
2025/08/13 03:42:22 MakeLinks...
2025/08/13 03:42:23 links: 3000000
2025/08/13 03:42:23 MakeLinks took 423.422674ms
2025/08/13 03:42:23 updateEnvironmentIndex...
2025/08/13 03:42:23 updateEnvironmentIndex count: 600
2025/08/13 03:42:23 updateEnvironmentIndex took 14.065µs
2025/08/13 03:42:23 updateLinkProperties...
2025/08/13 03:42:23 updateLinkProperties count: 3000000
2025/08/13 03:42:23 updateLinkProperties took 529.800874ms
2025/08/13 03:42:23 links count:  3000000
2025/08/13 03:42:23 Run 10 complete
2025/08/13 03:42:23 interval =  8.670237405s
2025/08/13 03:42:23 linkCache size: 40

 Performance counter stats for './scale_kube 600 5000 10 16':

       443,444,366      cache-references                                                      
       107,567,422      cache-misses                     #   24.26% of all cache refs         

       8.747229648 seconds time elapsed

      79.750107000 seconds user
       1.982754000 seconds sys


