KubeDemo running with 700 stations and 20000 satellites for 10 rounds
2025/08/12 16:47:57 updateSatellitePositions...
2025/08/12 16:47:57 satellite count: 20000
2025/08/12 16:47:57 updateSatellitePositions took 59.641298ms
2025/08/12 16:47:57 MakeLinks...
2025/08/12 16:47:59 links: 14000000
2025/08/12 16:47:59 MakeLinks took 1.948765464s
2025/08/12 16:47:59 updateEnvironmentIndex...
2025/08/12 16:47:59 updateEnvironmentIndex count: 700
2025/08/12 16:47:59 updateEnvironmentIndex took 9.745µs
2025/08/12 16:47:59 updateLinkProperties...
2025/08/12 16:48:03 updateLinkProperties count: 14000000
2025/08/12 16:48:03 updateLinkProperties took 3.719369621s
2025/08/12 16:48:03 links count:  14000000
2025/08/12 16:48:03 Run 1 complete
2025/08/12 16:48:03 updateSatellitePositions...
2025/08/12 16:48:03 satellite count: 20000
2025/08/12 16:48:03 updateSatellitePositions took 61.890399ms
2025/08/12 16:48:03 MakeLinks...
2025/08/12 16:48:05 links: 14000000
2025/08/12 16:48:05 MakeLinks took 1.793642907s
2025/08/12 16:48:05 updateEnvironmentIndex...
2025/08/12 16:48:05 updateEnvironmentIndex count: 700
2025/08/12 16:48:05 updateEnvironmentIndex took 21.91µs
2025/08/12 16:48:05 updateLinkProperties...
2025/08/12 16:48:08 updateLinkProperties count: 14000000
2025/08/12 16:48:08 updateLinkProperties took 3.699460974s
2025/08/12 16:48:08 links count:  14000000
2025/08/12 16:48:08 Run 2 complete
2025/08/12 16:48:08 updateSatellitePositions...
2025/08/12 16:48:09 satellite count: 20000
2025/08/12 16:48:09 updateSatellitePositions took 58.731799ms
2025/08/12 16:48:09 MakeLinks...
2025/08/12 16:48:10 links: 14000000
2025/08/12 16:48:10 MakeLinks took 1.783532038s
2025/08/12 16:48:10 updateEnvironmentIndex...
2025/08/12 16:48:10 updateEnvironmentIndex count: 700
2025/08/12 16:48:10 updateEnvironmentIndex took 8.844µs
2025/08/12 16:48:10 updateLinkProperties...
2025/08/12 16:48:14 updateLinkProperties count: 14000000
2025/08/12 16:48:14 updateLinkProperties took 3.892372121s
2025/08/12 16:48:14 links count:  14000000
2025/08/12 16:48:14 Run 3 complete
2025/08/12 16:48:14 updateSatellitePositions...
2025/08/12 16:48:14 satellite count: 20000
2025/08/12 16:48:14 updateSatellitePositions took 80.012919ms
2025/08/12 16:48:14 MakeLinks...
2025/08/12 16:48:16 links: 14000000
2025/08/12 16:48:16 MakeLinks took 2.012318692s
2025/08/12 16:48:16 updateEnvironmentIndex...
2025/08/12 16:48:16 updateEnvironmentIndex count: 700
2025/08/12 16:48:16 updateEnvironmentIndex took 16.234µs
2025/08/12 16:48:16 updateLinkProperties...
2025/08/12 16:48:20 updateLinkProperties count: 14000000
2025/08/12 16:48:20 updateLinkProperties took 3.78292603s
2025/08/12 16:48:20 links count:  14000000
2025/08/12 16:48:20 Run 4 complete
2025/08/12 16:48:20 updateSatellitePositions...
2025/08/12 16:48:20 satellite count: 20000
2025/08/12 16:48:20 updateSatellitePositions took 58.780314ms
2025/08/12 16:48:20 MakeLinks...
2025/08/12 16:48:21 links: 14000000
2025/08/12 16:48:21 MakeLinks took 1.1274301s
2025/08/12 16:48:21 updateEnvironmentIndex...
2025/08/12 16:48:21 updateEnvironmentIndex count: 700
2025/08/12 16:48:21 updateEnvironmentIndex took 8.419µs
2025/08/12 16:48:21 updateLinkProperties...
2025/08/12 16:48:25 updateLinkProperties count: 14000000
2025/08/12 16:48:25 updateLinkProperties took 4.002215185s
2025/08/12 16:48:25 links count:  14000000
2025/08/12 16:48:25 Run 5 complete
2025/08/12 16:48:25 updateSatellitePositions...
2025/08/12 16:48:25 satellite count: 20000
2025/08/12 16:48:25 updateSatellitePositions took 58.678013ms
2025/08/12 16:48:25 MakeLinks...
2025/08/12 16:48:27 links: 14000000
2025/08/12 16:48:27 MakeLinks took 1.382915498s
2025/08/12 16:48:27 updateEnvironmentIndex...
2025/08/12 16:48:27 updateEnvironmentIndex count: 700
2025/08/12 16:48:27 updateEnvironmentIndex took 9.243µs
2025/08/12 16:48:27 updateLinkProperties...
2025/08/12 16:48:30 updateLinkProperties count: 14000000
2025/08/12 16:48:30 updateLinkProperties took 3.726703016s
2025/08/12 16:48:30 links count:  14000000
2025/08/12 16:48:30 Run 6 complete
2025/08/12 16:48:30 updateSatellitePositions...
2025/08/12 16:48:31 satellite count: 20000
2025/08/12 16:48:31 updateSatellitePositions took 59.320496ms
2025/08/12 16:48:31 MakeLinks...
2025/08/12 16:48:31 links: 14000000
2025/08/12 16:48:31 MakeLinks took 883.498483ms
2025/08/12 16:48:31 updateEnvironmentIndex...
2025/08/12 16:48:31 updateEnvironmentIndex count: 700
2025/08/12 16:48:31 updateEnvironmentIndex took 9.024µs
2025/08/12 16:48:31 updateLinkProperties...
2025/08/12 16:48:35 updateLinkProperties count: 14000000
2025/08/12 16:48:35 updateLinkProperties took 3.960233768s
2025/08/12 16:48:35 links count:  14000000
2025/08/12 16:48:35 Run 7 complete
2025/08/12 16:48:35 updateSatellitePositions...
2025/08/12 16:48:35 satellite count: 20000
2025/08/12 16:48:35 updateSatellitePositions took 78.541196ms
2025/08/12 16:48:35 MakeLinks...
2025/08/12 16:48:36 links: 14000000
2025/08/12 16:48:36 MakeLinks took 893.327747ms
2025/08/12 16:48:36 updateEnvironmentIndex...
2025/08/12 16:48:36 updateEnvironmentIndex count: 700
2025/08/12 16:48:36 updateEnvironmentIndex took 8.221µs
2025/08/12 16:48:36 updateLinkProperties...
2025/08/12 16:48:40 updateLinkProperties count: 14000000
2025/08/12 16:48:40 updateLinkProperties took 3.826343455s
2025/08/12 16:48:40 links count:  14000000
2025/08/12 16:48:40 Run 8 complete
2025/08/12 16:48:40 updateSatellitePositions...
2025/08/12 16:48:40 satellite count: 20000
2025/08/12 16:48:40 updateSatellitePositions took 58.566601ms
2025/08/12 16:48:40 MakeLinks...
2025/08/12 16:48:41 links: 14000000
2025/08/12 16:48:41 MakeLinks took 880.416469ms
2025/08/12 16:48:41 updateEnvironmentIndex...
2025/08/12 16:48:41 updateEnvironmentIndex count: 700
2025/08/12 16:48:41 updateEnvironmentIndex took 9.857µs
2025/08/12 16:48:41 updateLinkProperties...
2025/08/12 16:48:45 updateLinkProperties count: 14000000
2025/08/12 16:48:45 updateLinkProperties took 3.87926419s
2025/08/12 16:48:45 links count:  14000000
2025/08/12 16:48:45 Run 9 complete
2025/08/12 16:48:45 updateSatellitePositions...
2025/08/12 16:48:45 satellite count: 20000
2025/08/12 16:48:45 updateSatellitePositions took 58.903383ms
2025/08/12 16:48:45 MakeLinks...
2025/08/12 16:48:46 links: 14000000
2025/08/12 16:48:46 MakeLinks took 841.265527ms
2025/08/12 16:48:46 updateEnvironmentIndex...
2025/08/12 16:48:46 updateEnvironmentIndex count: 700
2025/08/12 16:48:46 updateEnvironmentIndex took 8.914µs
2025/08/12 16:48:46 updateLinkProperties...
2025/08/12 16:48:50 updateLinkProperties count: 14000000
2025/08/12 16:48:50 updateLinkProperties took 3.678578932s
2025/08/12 16:48:50 links count:  14000000
2025/08/12 16:48:50 Run 10 complete
2025/08/12 16:48:50 interval =  52.43798792s
2025/08/12 16:48:50 linkCache size: 40

 Performance counter stats for './scale_kube 700 20000 10 8':

       256,720,211      LLC-loads                                                             
        94,054,596      LLC-load-misses                  #   36.64% of all LL-cache accesses  

      52.626240437 seconds time elapsed

     327.795282000 seconds user
       9.239162000 seconds sys


