KubeDemo running with 900 stations and 5000 satellites for 10 rounds
2025/08/12 17:40:23 updateSatellitePositions...
2025/08/12 17:40:23 satellite count: 5000
2025/08/12 17:40:23 updateSatellitePositions took 19.31831ms
2025/08/12 17:40:23 MakeLinks...
2025/08/12 17:40:24 links: 4500000
2025/08/12 17:40:24 MakeLinks took 771.931048ms
2025/08/12 17:40:24 updateEnvironmentIndex...
2025/08/12 17:40:24 updateEnvironmentIndex count: 900
2025/08/12 17:40:24 updateEnvironmentIndex took 10.536µs
2025/08/12 17:40:24 updateLinkProperties...
2025/08/12 17:40:32 updateLinkProperties count: 4500000
2025/08/12 17:40:32 updateLinkProperties took 8.32061361s
2025/08/12 17:40:32 links count:  4500000
2025/08/12 17:40:32 Run 1 complete
2025/08/12 17:40:32 updateSatellitePositions...
2025/08/12 17:40:32 satellite count: 5000
2025/08/12 17:40:32 updateSatellitePositions took 14.512902ms
2025/08/12 17:40:32 MakeLinks...
2025/08/12 17:40:33 links: 4500000
2025/08/12 17:40:33 MakeLinks took 729.56998ms
2025/08/12 17:40:33 updateEnvironmentIndex...
2025/08/12 17:40:33 updateEnvironmentIndex count: 900
2025/08/12 17:40:33 updateEnvironmentIndex took 13.462µs
2025/08/12 17:40:33 updateLinkProperties...
2025/08/12 17:40:41 updateLinkProperties count: 4500000
2025/08/12 17:40:41 updateLinkProperties took 8.309575481s
2025/08/12 17:40:41 links count:  4500000
2025/08/12 17:40:41 Run 2 complete
2025/08/12 17:40:41 updateSatellitePositions...
2025/08/12 17:40:41 satellite count: 5000
2025/08/12 17:40:41 updateSatellitePositions took 15.351636ms
2025/08/12 17:40:41 MakeLinks...
2025/08/12 17:40:42 links: 4500000
2025/08/12 17:40:42 MakeLinks took 565.871238ms
2025/08/12 17:40:42 updateEnvironmentIndex...
2025/08/12 17:40:42 updateEnvironmentIndex count: 900
2025/08/12 17:40:42 updateEnvironmentIndex took 16.574µs
2025/08/12 17:40:42 updateLinkProperties...
2025/08/12 17:40:50 updateLinkProperties count: 4500000
2025/08/12 17:40:50 updateLinkProperties took 8.23897902s
2025/08/12 17:40:50 links count:  4500000
2025/08/12 17:40:50 Run 3 complete
2025/08/12 17:40:50 updateSatellitePositions...
2025/08/12 17:40:50 satellite count: 5000
2025/08/12 17:40:50 updateSatellitePositions took 14.534842ms
2025/08/12 17:40:50 MakeLinks...
2025/08/12 17:40:50 links: 4500000
2025/08/12 17:40:50 MakeLinks took 430.599866ms
2025/08/12 17:40:50 updateEnvironmentIndex...
2025/08/12 17:40:50 updateEnvironmentIndex count: 900
2025/08/12 17:40:50 updateEnvironmentIndex took 10.965µs
2025/08/12 17:40:50 updateLinkProperties...
2025/08/12 17:40:58 updateLinkProperties count: 4500000
2025/08/12 17:40:58 updateLinkProperties took 8.061316369s
2025/08/12 17:40:58 links count:  4500000
2025/08/12 17:40:58 Run 4 complete
2025/08/12 17:40:58 updateSatellitePositions...
2025/08/12 17:40:58 satellite count: 5000
2025/08/12 17:40:58 updateSatellitePositions took 14.527242ms
2025/08/12 17:40:58 MakeLinks...
2025/08/12 17:40:59 links: 4500000
2025/08/12 17:40:59 MakeLinks took 465.710249ms
2025/08/12 17:40:59 updateEnvironmentIndex...
2025/08/12 17:40:59 updateEnvironmentIndex count: 900
2025/08/12 17:40:59 updateEnvironmentIndex took 16.489µs
2025/08/12 17:40:59 updateLinkProperties...
2025/08/12 17:41:07 updateLinkProperties count: 4500000
2025/08/12 17:41:07 updateLinkProperties took 8.381870618s
2025/08/12 17:41:07 links count:  4500000
2025/08/12 17:41:07 Run 5 complete
2025/08/12 17:41:07 updateSatellitePositions...
2025/08/12 17:41:07 satellite count: 5000
2025/08/12 17:41:07 updateSatellitePositions took 14.511847ms
2025/08/12 17:41:07 MakeLinks...
2025/08/12 17:41:08 links: 4500000
2025/08/12 17:41:08 MakeLinks took 873.940351ms
2025/08/12 17:41:08 updateEnvironmentIndex...
2025/08/12 17:41:08 updateEnvironmentIndex count: 900
2025/08/12 17:41:08 updateEnvironmentIndex took 9.494µs
2025/08/12 17:41:08 updateLinkProperties...
2025/08/12 17:41:16 updateLinkProperties count: 4500000
2025/08/12 17:41:16 updateLinkProperties took 7.792285752s
2025/08/12 17:41:16 links count:  4500000
2025/08/12 17:41:16 Run 6 complete
2025/08/12 17:41:16 updateSatellitePositions...
2025/08/12 17:41:16 satellite count: 5000
2025/08/12 17:41:16 updateSatellitePositions took 14.46541ms
2025/08/12 17:41:16 MakeLinks...
2025/08/12 17:41:16 links: 4500000
2025/08/12 17:41:16 MakeLinks took 339.960284ms
2025/08/12 17:41:16 updateEnvironmentIndex...
2025/08/12 17:41:16 updateEnvironmentIndex count: 900
2025/08/12 17:41:16 updateEnvironmentIndex took 10.511µs
2025/08/12 17:41:16 updateLinkProperties...
2025/08/12 17:41:25 updateLinkProperties count: 4500000
2025/08/12 17:41:25 updateLinkProperties took 8.302031757s
2025/08/12 17:41:25 links count:  4500000
2025/08/12 17:41:25 Run 7 complete
2025/08/12 17:41:25 updateSatellitePositions...
2025/08/12 17:41:25 satellite count: 5000
2025/08/12 17:41:25 updateSatellitePositions took 14.472207ms
2025/08/12 17:41:25 MakeLinks...
2025/08/12 17:41:25 links: 4500000
2025/08/12 17:41:25 MakeLinks took 316.089502ms
2025/08/12 17:41:25 updateEnvironmentIndex...
2025/08/12 17:41:25 updateEnvironmentIndex count: 900
2025/08/12 17:41:25 updateEnvironmentIndex took 10.869µs
2025/08/12 17:41:25 updateLinkProperties...
2025/08/12 17:41:33 updateLinkProperties count: 4500000
2025/08/12 17:41:33 updateLinkProperties took 8.367683741s
2025/08/12 17:41:33 links count:  4500000
2025/08/12 17:41:33 Run 8 complete
2025/08/12 17:41:33 updateSatellitePositions...
2025/08/12 17:41:33 satellite count: 5000
2025/08/12 17:41:33 updateSatellitePositions took 14.4544ms
2025/08/12 17:41:33 MakeLinks...
2025/08/12 17:41:34 links: 4500000
2025/08/12 17:41:34 MakeLinks took 377.362167ms
2025/08/12 17:41:34 updateEnvironmentIndex...
2025/08/12 17:41:34 updateEnvironmentIndex count: 900
2025/08/12 17:41:34 updateEnvironmentIndex took 9.322µs
2025/08/12 17:41:34 updateLinkProperties...
2025/08/12 17:41:42 updateLinkProperties count: 4500000
2025/08/12 17:41:42 updateLinkProperties took 8.299882861s
2025/08/12 17:41:42 links count:  4500000
2025/08/12 17:41:42 Run 9 complete
2025/08/12 17:41:42 updateSatellitePositions...
2025/08/12 17:41:42 satellite count: 5000
2025/08/12 17:41:42 updateSatellitePositions took 14.528752ms
2025/08/12 17:41:42 MakeLinks...
2025/08/12 17:41:42 links: 4500000
2025/08/12 17:41:42 MakeLinks took 362.691079ms
2025/08/12 17:41:42 updateEnvironmentIndex...
2025/08/12 17:41:42 updateEnvironmentIndex count: 900
2025/08/12 17:41:42 updateEnvironmentIndex took 11.135µs
2025/08/12 17:41:42 updateLinkProperties...
2025/08/12 17:41:51 updateLinkProperties count: 4500000
2025/08/12 17:41:51 updateLinkProperties took 8.226059277s
2025/08/12 17:41:51 links count:  4500000
2025/08/12 17:41:51 Run 10 complete
2025/08/12 17:41:51 interval =  1m27.708421262s
2025/08/12 17:41:51 linkCache size: 40

 Performance counter stats for './scale_kube 900 5000 10 1':

        81,495,966      LLC-loads                                                             
        32,658,336      LLC-load-misses                  #   40.07% of all LL-cache accesses  

      87.815874311 seconds time elapsed

      94.836875000 seconds user
       4.423953000 seconds sys


