KubeDemo running with 700 stations and 15000 satellites for 10 rounds
2025/08/12 16:21:28 updateSatellitePositions...
2025/08/12 16:21:28 satellite count: 15000
2025/08/12 16:21:28 updateSatellitePositions took 58.099094ms
2025/08/12 16:21:28 MakeLinks...
2025/08/12 16:21:29 links: 10500000
2025/08/12 16:21:29 MakeLinks took 1.486840113s
2025/08/12 16:21:29 updateEnvironmentIndex...
2025/08/12 16:21:29 updateEnvironmentIndex count: 700
2025/08/12 16:21:29 updateEnvironmentIndex took 9.123µs
2025/08/12 16:21:29 updateLinkProperties...
2025/08/12 16:21:48 updateLinkProperties count: 10500000
2025/08/12 16:21:48 updateLinkProperties took 18.896303456s
2025/08/12 16:21:48 links count:  10500000
2025/08/12 16:21:48 Run 1 complete
2025/08/12 16:21:48 updateSatellitePositions...
2025/08/12 16:21:48 satellite count: 15000
2025/08/12 16:21:48 updateSatellitePositions took 43.639557ms
2025/08/12 16:21:48 MakeLinks...
2025/08/12 16:21:50 links: 10500000
2025/08/12 16:21:50 MakeLinks took 1.751306712s
2025/08/12 16:21:50 updateEnvironmentIndex...
2025/08/12 16:21:50 updateEnvironmentIndex count: 700
2025/08/12 16:21:50 updateEnvironmentIndex took 14.21µs
2025/08/12 16:21:50 updateLinkProperties...
2025/08/12 16:22:08 updateLinkProperties count: 10500000
2025/08/12 16:22:08 updateLinkProperties took 17.993408264s
2025/08/12 16:22:08 links count:  10500000
2025/08/12 16:22:08 Run 2 complete
2025/08/12 16:22:08 updateSatellitePositions...
2025/08/12 16:22:08 satellite count: 15000
2025/08/12 16:22:08 updateSatellitePositions took 43.257098ms
2025/08/12 16:22:08 MakeLinks...
2025/08/12 16:22:09 links: 10500000
2025/08/12 16:22:09 MakeLinks took 1.027760986s
2025/08/12 16:22:09 updateEnvironmentIndex...
2025/08/12 16:22:09 updateEnvironmentIndex count: 700
2025/08/12 16:22:09 updateEnvironmentIndex took 9.209µs
2025/08/12 16:22:09 updateLinkProperties...
2025/08/12 16:22:27 updateLinkProperties count: 10500000
2025/08/12 16:22:27 updateLinkProperties took 17.986647646s
2025/08/12 16:22:27 links count:  10500000
2025/08/12 16:22:27 Run 3 complete
2025/08/12 16:22:27 updateSatellitePositions...
2025/08/12 16:22:27 satellite count: 15000
2025/08/12 16:22:27 updateSatellitePositions took 45.081595ms
2025/08/12 16:22:27 MakeLinks...
2025/08/12 16:22:29 links: 10500000
2025/08/12 16:22:29 MakeLinks took 1.877210759s
2025/08/12 16:22:29 updateEnvironmentIndex...
2025/08/12 16:22:29 updateEnvironmentIndex count: 700
2025/08/12 16:22:29 updateEnvironmentIndex took 17.775µs
2025/08/12 16:22:29 updateLinkProperties...
2025/08/12 16:22:47 updateLinkProperties count: 10500000
2025/08/12 16:22:47 updateLinkProperties took 18.058781484s
2025/08/12 16:22:47 links count:  10500000
2025/08/12 16:22:47 Run 4 complete
2025/08/12 16:22:47 updateSatellitePositions...
2025/08/12 16:22:47 satellite count: 15000
2025/08/12 16:22:47 updateSatellitePositions took 45.211172ms
2025/08/12 16:22:47 MakeLinks...
2025/08/12 16:22:49 links: 10500000
2025/08/12 16:22:49 MakeLinks took 1.708439972s
2025/08/12 16:22:49 updateEnvironmentIndex...
2025/08/12 16:22:49 updateEnvironmentIndex count: 700
2025/08/12 16:22:49 updateEnvironmentIndex took 19.255µs
2025/08/12 16:22:49 updateLinkProperties...
2025/08/12 16:23:07 updateLinkProperties count: 10500000
2025/08/12 16:23:07 updateLinkProperties took 18.329659201s
2025/08/12 16:23:07 links count:  10500000
2025/08/12 16:23:07 Run 5 complete
2025/08/12 16:23:07 updateSatellitePositions...
2025/08/12 16:23:07 satellite count: 15000
2025/08/12 16:23:07 updateSatellitePositions took 46.336461ms
2025/08/12 16:23:07 MakeLinks...
2025/08/12 16:23:09 links: 10500000
2025/08/12 16:23:09 MakeLinks took 1.257314826s
2025/08/12 16:23:09 updateEnvironmentIndex...
2025/08/12 16:23:09 updateEnvironmentIndex count: 700
2025/08/12 16:23:09 updateEnvironmentIndex took 18.558µs
2025/08/12 16:23:09 updateLinkProperties...
2025/08/12 16:23:27 updateLinkProperties count: 10500000
2025/08/12 16:23:27 updateLinkProperties took 18.419013979s
2025/08/12 16:23:27 links count:  10500000
2025/08/12 16:23:27 Run 6 complete
2025/08/12 16:23:27 updateSatellitePositions...
2025/08/12 16:23:27 satellite count: 15000
2025/08/12 16:23:27 updateSatellitePositions took 43.292082ms
2025/08/12 16:23:27 MakeLinks...
2025/08/12 16:23:29 links: 10500000
2025/08/12 16:23:29 MakeLinks took 1.517444493s
2025/08/12 16:23:29 updateEnvironmentIndex...
2025/08/12 16:23:29 updateEnvironmentIndex count: 700
2025/08/12 16:23:29 updateEnvironmentIndex took 7.913µs
2025/08/12 16:23:29 updateLinkProperties...
2025/08/12 16:23:47 updateLinkProperties count: 10500000
2025/08/12 16:23:47 updateLinkProperties took 18.197636666s
2025/08/12 16:23:47 links count:  10500000
2025/08/12 16:23:47 Run 7 complete
2025/08/12 16:23:47 updateSatellitePositions...
2025/08/12 16:23:47 satellite count: 15000
2025/08/12 16:23:47 updateSatellitePositions took 43.305872ms
2025/08/12 16:23:47 MakeLinks...
2025/08/12 16:23:48 links: 10500000
2025/08/12 16:23:48 MakeLinks took 768.463925ms
2025/08/12 16:23:48 updateEnvironmentIndex...
2025/08/12 16:23:48 updateEnvironmentIndex count: 700
2025/08/12 16:23:48 updateEnvironmentIndex took 9.299µs
2025/08/12 16:23:48 updateLinkProperties...
2025/08/12 16:24:06 updateLinkProperties count: 10500000
2025/08/12 16:24:06 updateLinkProperties took 18.25774586s
2025/08/12 16:24:06 links count:  10500000
2025/08/12 16:24:06 Run 8 complete
2025/08/12 16:24:06 updateSatellitePositions...
2025/08/12 16:24:06 satellite count: 15000
2025/08/12 16:24:06 updateSatellitePositions took 43.507356ms
2025/08/12 16:24:06 MakeLinks...
2025/08/12 16:24:07 links: 10500000
2025/08/12 16:24:07 MakeLinks took 701.660495ms
2025/08/12 16:24:07 updateEnvironmentIndex...
2025/08/12 16:24:07 updateEnvironmentIndex count: 700
2025/08/12 16:24:07 updateEnvironmentIndex took 9.108µs
2025/08/12 16:24:07 updateLinkProperties...
2025/08/12 16:24:25 updateLinkProperties count: 10500000
2025/08/12 16:24:25 updateLinkProperties took 18.312119593s
2025/08/12 16:24:25 links count:  10500000
2025/08/12 16:24:25 Run 9 complete
2025/08/12 16:24:25 updateSatellitePositions...
2025/08/12 16:24:25 satellite count: 15000
2025/08/12 16:24:25 updateSatellitePositions took 43.063777ms
2025/08/12 16:24:25 MakeLinks...
2025/08/12 16:24:26 links: 10500000
2025/08/12 16:24:26 MakeLinks took 733.374787ms
2025/08/12 16:24:26 updateEnvironmentIndex...
2025/08/12 16:24:26 updateEnvironmentIndex count: 700
2025/08/12 16:24:26 updateEnvironmentIndex took 9.156µs
2025/08/12 16:24:26 updateLinkProperties...
2025/08/12 16:24:44 updateLinkProperties count: 10500000
2025/08/12 16:24:44 updateLinkProperties took 18.305245847s
2025/08/12 16:24:44 links count:  10500000
2025/08/12 16:24:44 Run 10 complete
2025/08/12 16:24:44 interval =  3m16.108031241s
2025/08/12 16:24:44 linkCache size: 40

 Performance counter stats for './scale_kube 700 15000 10 1':

       233,016,359      LLC-loads                                                             
        89,656,701      LLC-load-misses                  #   38.48% of all LL-cache accesses  

     196.273297171 seconds time elapsed

     214.570695000 seconds user
      22.338499000 seconds sys


