ECS running with 500 stations, 10000 satellites, 2 numWGs and 8 numBlocks for 10 rounds in 0 parallel pattern
2025/08/12 15:03:01 StationSystem update...
2025/08/12 15:03:01 SatelliteSystem update...
2025/08/12 15:03:01 weather update count: 500
2025/08/12 15:03:01 StationSystem update time: 81.664µs
2025/08/12 15:03:01 satellite count: 10000
2025/08/12 15:03:01 SatelliteSystem update time: 42.248483ms
2025/08/12 15:03:01 TopoSystem update...
2025/08/12 15:03:01 TopoSystem: Link count: 5000000
2025/08/12 15:03:01 TopoSystem update time: 208.585119ms
2025/08/12 15:03:01 AttenuationSystem update...
2025/08/12 15:03:01 AttenuationSystem parallel flag: 0
2025/08/12 15:03:03 Attenuation computed count: 5000000
2025/08/12 15:03:03 AttenuationSystem update time: 1.453167493s
2025/08/12 15:03:03 Run 1 complete
2025/08/12 15:03:03 StationSystem update...
2025/08/12 15:03:03 SatelliteSystem update...
2025/08/12 15:03:03 weather update count: 500
2025/08/12 15:03:03 StationSystem update time: 16.154µs
2025/08/12 15:03:03 satellite count: 10000
2025/08/12 15:03:03 SatelliteSystem update time: 41.379203ms
2025/08/12 15:03:03 TopoSystem update...
2025/08/12 15:03:03 TopoSystem: Link count: 5000000
2025/08/12 15:03:03 TopoSystem update time: 173.256296ms
2025/08/12 15:03:03 AttenuationSystem update...
2025/08/12 15:03:03 AttenuationSystem parallel flag: 0
2025/08/12 15:03:04 Attenuation computed count: 5000000
2025/08/12 15:03:04 AttenuationSystem update time: 1.452032612s
2025/08/12 15:03:04 Run 2 complete
2025/08/12 15:03:04 StationSystem update...
2025/08/12 15:03:04 weather update count: 500
2025/08/12 15:03:04 StationSystem update time: 4.472µs
2025/08/12 15:03:04 SatelliteSystem update...
2025/08/12 15:03:04 satellite count: 10000
2025/08/12 15:03:04 SatelliteSystem update time: 38.444912ms
2025/08/12 15:03:04 TopoSystem update...
2025/08/12 15:03:05 TopoSystem: Link count: 5000000
2025/08/12 15:03:05 TopoSystem update time: 212.09818ms
2025/08/12 15:03:05 AttenuationSystem update...
2025/08/12 15:03:05 AttenuationSystem parallel flag: 0
2025/08/12 15:03:06 Attenuation computed count: 5000000
2025/08/12 15:03:06 AttenuationSystem update time: 1.482856893s
2025/08/12 15:03:06 Run 3 complete
2025/08/12 15:03:06 StationSystem update...
2025/08/12 15:03:06 weather update count: 500
2025/08/12 15:03:06 StationSystem update time: 9.386µs
2025/08/12 15:03:06 SatelliteSystem update...
2025/08/12 15:03:06 satellite count: 10000
2025/08/12 15:03:06 SatelliteSystem update time: 46.352337ms
2025/08/12 15:03:06 TopoSystem update...
2025/08/12 15:03:06 TopoSystem: Link count: 5000000
2025/08/12 15:03:06 TopoSystem update time: 118.660614ms
2025/08/12 15:03:06 AttenuationSystem update...
2025/08/12 15:03:06 AttenuationSystem parallel flag: 0
2025/08/12 15:03:08 Attenuation computed count: 5000000
2025/08/12 15:03:08 AttenuationSystem update time: 1.42217094s
2025/08/12 15:03:08 Run 4 complete
2025/08/12 15:03:08 StationSystem update...
2025/08/12 15:03:08 weather update count: 500
2025/08/12 15:03:08 StationSystem update time: 3.985µs
2025/08/12 15:03:08 SatelliteSystem update...
2025/08/12 15:03:08 satellite count: 10000
2025/08/12 15:03:08 SatelliteSystem update time: 38.468513ms
2025/08/12 15:03:08 TopoSystem update...
2025/08/12 15:03:08 TopoSystem: Link count: 5000000
2025/08/12 15:03:08 TopoSystem update time: 177.303255ms
2025/08/12 15:03:08 AttenuationSystem update...
2025/08/12 15:03:08 AttenuationSystem parallel flag: 0
2025/08/12 15:03:09 Attenuation computed count: 5000000
2025/08/12 15:03:09 AttenuationSystem update time: 1.404515794s
2025/08/12 15:03:09 Run 5 complete
2025/08/12 15:03:09 StationSystem update...
2025/08/12 15:03:09 weather update count: 500
2025/08/12 15:03:09 StationSystem update time: 3.849µs
2025/08/12 15:03:09 SatelliteSystem update...
2025/08/12 15:03:09 satellite count: 10000
2025/08/12 15:03:09 SatelliteSystem update time: 38.437565ms
2025/08/12 15:03:09 TopoSystem update...
2025/08/12 15:03:09 TopoSystem: Link count: 5000000
2025/08/12 15:03:09 TopoSystem update time: 141.855082ms
2025/08/12 15:03:09 AttenuationSystem update...
2025/08/12 15:03:09 AttenuationSystem parallel flag: 0
2025/08/12 15:03:11 Attenuation computed count: 5000000
2025/08/12 15:03:11 AttenuationSystem update time: 1.426110828s
2025/08/12 15:03:11 Run 6 complete
2025/08/12 15:03:11 StationSystem update...
2025/08/12 15:03:11 weather update count: 500
2025/08/12 15:03:11 StationSystem update time: 4.421µs
2025/08/12 15:03:11 SatelliteSystem update...
2025/08/12 15:03:11 satellite count: 10000
2025/08/12 15:03:11 SatelliteSystem update time: 33.328814ms
2025/08/12 15:03:11 TopoSystem update...
2025/08/12 15:03:11 TopoSystem: Link count: 5000000
2025/08/12 15:03:11 TopoSystem update time: 92.819115ms
2025/08/12 15:03:11 AttenuationSystem update...
2025/08/12 15:03:11 AttenuationSystem parallel flag: 0
2025/08/12 15:03:12 Attenuation computed count: 5000000
2025/08/12 15:03:12 AttenuationSystem update time: 1.378521331s
2025/08/12 15:03:12 Run 7 complete
2025/08/12 15:03:12 StationSystem update...
2025/08/12 15:03:12 weather update count: 500
2025/08/12 15:03:12 StationSystem update time: 7.164µs
2025/08/12 15:03:12 SatelliteSystem update...
2025/08/12 15:03:12 satellite count: 10000
2025/08/12 15:03:12 SatelliteSystem update time: 28.450225ms
2025/08/12 15:03:12 TopoSystem update...
2025/08/12 15:03:12 TopoSystem: Link count: 5000000
2025/08/12 15:03:12 TopoSystem update time: 66.82934ms
2025/08/12 15:03:12 AttenuationSystem update...
2025/08/12 15:03:12 AttenuationSystem parallel flag: 0
2025/08/12 15:03:14 Attenuation computed count: 5000000
2025/08/12 15:03:14 AttenuationSystem update time: 1.452980196s
2025/08/12 15:03:14 Run 8 complete
2025/08/12 15:03:14 StationSystem update...
2025/08/12 15:03:14 weather update count: 500
2025/08/12 15:03:14 StationSystem update time: 4.591µs
2025/08/12 15:03:14 SatelliteSystem update...
2025/08/12 15:03:14 satellite count: 10000
2025/08/12 15:03:14 SatelliteSystem update time: 38.36285ms
2025/08/12 15:03:14 TopoSystem update...
2025/08/12 15:03:14 TopoSystem: Link count: 5000000
2025/08/12 15:03:14 TopoSystem update time: 79.140115ms
2025/08/12 15:03:14 AttenuationSystem update...
2025/08/12 15:03:14 AttenuationSystem parallel flag: 0
2025/08/12 15:03:15 Attenuation computed count: 5000000
2025/08/12 15:03:15 AttenuationSystem update time: 1.324816444s
2025/08/12 15:03:15 Run 9 complete
2025/08/12 15:03:15 StationSystem update...
2025/08/12 15:03:15 weather update count: 500
2025/08/12 15:03:15 SatelliteSystem update...
2025/08/12 15:03:15 StationSystem update time: 4.855µs
2025/08/12 15:03:15 satellite count: 10000
2025/08/12 15:03:15 SatelliteSystem update time: 44.073846ms
2025/08/12 15:03:15 TopoSystem update...
2025/08/12 15:03:15 TopoSystem: Link count: 5000000
2025/08/12 15:03:15 TopoSystem update time: 94.027489ms
2025/08/12 15:03:15 AttenuationSystem update...
2025/08/12 15:03:15 AttenuationSystem parallel flag: 0
2025/08/12 15:03:17 Attenuation computed count: 5000000
2025/08/12 15:03:17 AttenuationSystem update time: 1.443425804s
2025/08/12 15:03:17 Run 10 complete
2025/08/12 15:03:17 Total update time:  16.038633883s
2025/08/12 15:03:17 linkCache size: 40

 Performance counter stats for './scale_ecs 500 10000 10 2 8 0':

       112,052,507      cache-references                                                      
        32,347,668      cache-misses                     #   28.87% of all cache refs         

      16.069400357 seconds time elapsed

     100.661708000 seconds user
       0.749206000 seconds sys


