ECS running with 800 stations, 1800 satellites, 2 numWGs and 8 numBlocks for 10 rounds in 1 parallel pattern
2025/08/05 10:17:21 StationSystem update...
2025/08/05 10:17:21 weather update count: 800
2025/08/05 10:17:21 StationSystem update time: 5.052µs
2025/08/05 10:17:21 SatelliteSystem update...
2025/08/05 10:17:21 satellite count: 1800
2025/08/05 10:17:21 SatelliteSystem update time: 6.789595ms
2025/08/05 10:17:21 TopoSystem update...
2025/08/05 10:17:21 TopoSystem: Link count: 1440000
2025/08/05 10:17:21 TopoSystem update time: 45.829308ms
2025/08/05 10:17:21 AttenuationSystem update...
2025/08/05 10:17:21 AttenuationSystem parallel flag: 1
2025/08/05 10:17:23 Attenuation computed count: 1440000
2025/08/05 10:17:23 AttenuationSystem update time: 1.653771812s
2025/08/05 10:17:23 Run 1 complete
2025/08/05 10:17:23 StationSystem update...
2025/08/05 10:17:23 weather update count: 800
2025/08/05 10:17:23 StationSystem update time: 3.978µs
2025/08/05 10:17:23 SatelliteSystem update...
2025/08/05 10:17:23 satellite count: 1800
2025/08/05 10:17:23 SatelliteSystem update time: 6.818069ms
2025/08/05 10:17:23 TopoSystem update...
2025/08/05 10:17:23 TopoSystem: Link count: 1440000
2025/08/05 10:17:23 TopoSystem update time: 51.947536ms
2025/08/05 10:17:23 AttenuationSystem update...
2025/08/05 10:17:23 AttenuationSystem parallel flag: 1
2025/08/05 10:17:25 Attenuation computed count: 1440000
2025/08/05 10:17:25 AttenuationSystem update time: 1.698507954s
2025/08/05 10:17:25 Run 2 complete
2025/08/05 10:17:25 StationSystem update...
2025/08/05 10:17:25 weather update count: 800
2025/08/05 10:17:25 StationSystem update time: 3.518µs
2025/08/05 10:17:25 SatelliteSystem update...
2025/08/05 10:17:25 satellite count: 1800
2025/08/05 10:17:25 SatelliteSystem update time: 6.800293ms
2025/08/05 10:17:25 TopoSystem update...
2025/08/05 10:17:25 TopoSystem: Link count: 1440000
2025/08/05 10:17:25 TopoSystem update time: 28.557455ms
2025/08/05 10:17:25 AttenuationSystem update...
2025/08/05 10:17:25 AttenuationSystem parallel flag: 1
2025/08/05 10:17:26 Attenuation computed count: 1440000
2025/08/05 10:17:26 AttenuationSystem update time: 1.677776635s
2025/08/05 10:17:26 Run 3 complete
2025/08/05 10:17:26 StationSystem update...
2025/08/05 10:17:26 weather update count: 800
2025/08/05 10:17:26 StationSystem update time: 3.568µs
2025/08/05 10:17:26 SatelliteSystem update...
2025/08/05 10:17:26 satellite count: 1800
2025/08/05 10:17:26 SatelliteSystem update time: 6.804715ms
2025/08/05 10:17:26 TopoSystem update...
2025/08/05 10:17:27 TopoSystem: Link count: 1440000
2025/08/05 10:17:27 TopoSystem update time: 21.897128ms
2025/08/05 10:17:27 AttenuationSystem update...
2025/08/05 10:17:27 AttenuationSystem parallel flag: 1
2025/08/05 10:17:28 Attenuation computed count: 1440000
2025/08/05 10:17:28 AttenuationSystem update time: 1.466838821s
2025/08/05 10:17:28 Run 4 complete
2025/08/05 10:17:28 StationSystem update...
2025/08/05 10:17:28 weather update count: 800
2025/08/05 10:17:28 StationSystem update time: 2.968µs
2025/08/05 10:17:28 SatelliteSystem update...
2025/08/05 10:17:28 satellite count: 1800
2025/08/05 10:17:28 SatelliteSystem update time: 5.056221ms
2025/08/05 10:17:28 TopoSystem update...
2025/08/05 10:17:28 TopoSystem: Link count: 1440000
2025/08/05 10:17:28 TopoSystem update time: 18.407528ms
2025/08/05 10:17:28 AttenuationSystem update...
2025/08/05 10:17:28 AttenuationSystem parallel flag: 1
2025/08/05 10:17:30 Attenuation computed count: 1440000
2025/08/05 10:17:30 AttenuationSystem update time: 1.620014536s
2025/08/05 10:17:30 Run 5 complete
2025/08/05 10:17:30 StationSystem update...
2025/08/05 10:17:30 weather update count: 800
2025/08/05 10:17:30 StationSystem update time: 2.643µs
2025/08/05 10:17:30 SatelliteSystem update...
2025/08/05 10:17:30 satellite count: 1800
2025/08/05 10:17:30 SatelliteSystem update time: 6.794634ms
2025/08/05 10:17:30 TopoSystem update...
2025/08/05 10:17:30 TopoSystem: Link count: 1440000
2025/08/05 10:17:30 TopoSystem update time: 28.319243ms
2025/08/05 10:17:30 AttenuationSystem update...
2025/08/05 10:17:30 AttenuationSystem parallel flag: 1
2025/08/05 10:17:31 Attenuation computed count: 1440000
2025/08/05 10:17:31 AttenuationSystem update time: 1.524275373s
2025/08/05 10:17:31 Run 6 complete
2025/08/05 10:17:31 StationSystem update...
2025/08/05 10:17:31 weather update count: 800
2025/08/05 10:17:31 StationSystem update time: 3.431µs
2025/08/05 10:17:31 SatelliteSystem update...
2025/08/05 10:17:31 satellite count: 1800
2025/08/05 10:17:31 SatelliteSystem update time: 5.051362ms
2025/08/05 10:17:31 TopoSystem update...
2025/08/05 10:17:31 TopoSystem: Link count: 1440000
2025/08/05 10:17:31 TopoSystem update time: 17.316264ms
2025/08/05 10:17:31 AttenuationSystem update...
2025/08/05 10:17:31 AttenuationSystem parallel flag: 1
2025/08/05 10:17:32 Attenuation computed count: 1440000
2025/08/05 10:17:32 AttenuationSystem update time: 1.268121915s
2025/08/05 10:17:32 Run 7 complete
2025/08/05 10:17:32 StationSystem update...
2025/08/05 10:17:32 weather update count: 800
2025/08/05 10:17:32 StationSystem update time: 2.932µs
2025/08/05 10:17:32 SatelliteSystem update...
2025/08/05 10:17:32 satellite count: 1800
2025/08/05 10:17:32 SatelliteSystem update time: 5.061749ms
2025/08/05 10:17:32 TopoSystem update...
2025/08/05 10:17:32 TopoSystem: Link count: 1440000
2025/08/05 10:17:32 TopoSystem update time: 24.775701ms
2025/08/05 10:17:32 AttenuationSystem update...
2025/08/05 10:17:32 AttenuationSystem parallel flag: 1
2025/08/05 10:17:34 Attenuation computed count: 1440000
2025/08/05 10:17:34 AttenuationSystem update time: 1.673450962s
2025/08/05 10:17:34 Run 8 complete
2025/08/05 10:17:34 StationSystem update...
2025/08/05 10:17:34 weather update count: 800
2025/08/05 10:17:34 StationSystem update time: 3.615µs
2025/08/05 10:17:34 SatelliteSystem update...
2025/08/05 10:17:34 satellite count: 1800
2025/08/05 10:17:34 SatelliteSystem update time: 6.808701ms
2025/08/05 10:17:34 TopoSystem update...
2025/08/05 10:17:34 TopoSystem: Link count: 1440000
2025/08/05 10:17:34 TopoSystem update time: 21.878158ms
2025/08/05 10:17:34 AttenuationSystem update...
2025/08/05 10:17:34 AttenuationSystem parallel flag: 1
2025/08/05 10:17:36 Attenuation computed count: 1440000
2025/08/05 10:17:36 AttenuationSystem update time: 1.405755994s
2025/08/05 10:17:36 Run 9 complete
2025/08/05 10:17:36 StationSystem update...
2025/08/05 10:17:36 weather update count: 800
2025/08/05 10:17:36 StationSystem update time: 2.697µs
2025/08/05 10:17:36 SatelliteSystem update...
2025/08/05 10:17:36 satellite count: 1800
2025/08/05 10:17:36 SatelliteSystem update time: 5.05377ms
2025/08/05 10:17:36 TopoSystem update...
2025/08/05 10:17:36 TopoSystem: Link count: 1440000
2025/08/05 10:17:36 TopoSystem update time: 17.167283ms
2025/08/05 10:17:36 AttenuationSystem update...
2025/08/05 10:17:36 AttenuationSystem parallel flag: 1
2025/08/05 10:17:37 Attenuation computed count: 1440000
2025/08/05 10:17:37 AttenuationSystem update time: 1.65349078s
2025/08/05 10:17:37 Run 10 complete
2025/08/05 10:17:37 Total update time:  15.98973569s
2025/08/05 10:17:37 linkCache size: 40

 Performance counter stats for './scale_ecs 800 1800 10 2 8 1':

        30,408,827      cache-references                                                      
         7,295,787      cache-misses                     #   23.99% of all cache refs         

      16.000079959 seconds time elapsed

      30.420945000 seconds user
       0.109981000 seconds sys


