ECS running with 800 stations, 1700 satellites, 8 numWGs and 2 numBlocks for 10 rounds in 0 parallel pattern
2025/08/05 10:15:46 StationSystem update...
2025/08/05 10:15:46 SatelliteSystem update...
2025/08/05 10:15:46 weather update count: 800
2025/08/05 10:15:46 StationSystem update time: 6.231µs
2025/08/05 10:15:46 satellite count: 1700
2025/08/05 10:15:46 SatelliteSystem update time: 6.436692ms
2025/08/05 10:15:46 TopoSystem update...
2025/08/05 10:15:46 TopoSystem: Link count: 1360000
2025/08/05 10:15:46 TopoSystem update time: 41.461562ms
2025/08/05 10:15:46 AttenuationSystem update...
2025/08/05 10:15:46 AttenuationSystem parallel flag: 0
2025/08/05 10:15:48 Attenuation computed count: 1360000
2025/08/05 10:15:48 AttenuationSystem update time: 1.550315568s
2025/08/05 10:15:48 Run 1 complete
2025/08/05 10:15:48 StationSystem update...
2025/08/05 10:15:48 weather update count: 800
2025/08/05 10:15:48 SatelliteSystem update...
2025/08/05 10:15:48 StationSystem update time: 3.426µs
2025/08/05 10:15:48 satellite count: 1700
2025/08/05 10:15:48 SatelliteSystem update time: 6.424714ms
2025/08/05 10:15:48 TopoSystem update...
2025/08/05 10:15:48 TopoSystem: Link count: 1360000
2025/08/05 10:15:48 TopoSystem update time: 61.550518ms
2025/08/05 10:15:48 AttenuationSystem update...
2025/08/05 10:15:48 AttenuationSystem parallel flag: 0
2025/08/05 10:15:50 Attenuation computed count: 1360000
2025/08/05 10:15:50 AttenuationSystem update time: 1.605596998s
2025/08/05 10:15:50 Run 2 complete
2025/08/05 10:15:50 StationSystem update...
2025/08/05 10:15:50 weather update count: 800
2025/08/05 10:15:50 StationSystem update time: 3.459µs
2025/08/05 10:15:50 SatelliteSystem update...
2025/08/05 10:15:50 satellite count: 1700
2025/08/05 10:15:50 SatelliteSystem update time: 6.424638ms
2025/08/05 10:15:50 TopoSystem update...
2025/08/05 10:15:50 TopoSystem: Link count: 1360000
2025/08/05 10:15:50 TopoSystem update time: 46.665222ms
2025/08/05 10:15:50 AttenuationSystem update...
2025/08/05 10:15:50 AttenuationSystem parallel flag: 0
2025/08/05 10:15:51 Attenuation computed count: 1360000
2025/08/05 10:15:51 AttenuationSystem update time: 1.566727512s
2025/08/05 10:15:51 Run 3 complete
2025/08/05 10:15:51 StationSystem update...
2025/08/05 10:15:51 weather update count: 800
2025/08/05 10:15:51 SatelliteSystem update...
2025/08/05 10:15:51 StationSystem update time: 3.882µs
2025/08/05 10:15:51 satellite count: 1700
2025/08/05 10:15:51 SatelliteSystem update time: 6.440674ms
2025/08/05 10:15:51 TopoSystem update...
2025/08/05 10:15:51 TopoSystem: Link count: 1360000
2025/08/05 10:15:51 TopoSystem update time: 17.297195ms
2025/08/05 10:15:51 AttenuationSystem update...
2025/08/05 10:15:51 AttenuationSystem parallel flag: 0
2025/08/05 10:15:53 Attenuation computed count: 1360000
2025/08/05 10:15:53 AttenuationSystem update time: 1.567310787s
2025/08/05 10:15:53 Run 4 complete
2025/08/05 10:15:53 StationSystem update...
2025/08/05 10:15:53 weather update count: 800
2025/08/05 10:15:53 StationSystem update time: 3.549µs
2025/08/05 10:15:53 SatelliteSystem update...
2025/08/05 10:15:53 satellite count: 1700
2025/08/05 10:15:53 SatelliteSystem update time: 16.165374ms
2025/08/05 10:15:53 TopoSystem update...
2025/08/05 10:15:53 TopoSystem: Link count: 1360000
2025/08/05 10:15:53 TopoSystem update time: 48.17681ms
2025/08/05 10:15:53 AttenuationSystem update...
2025/08/05 10:15:53 AttenuationSystem parallel flag: 0
2025/08/05 10:15:54 Attenuation computed count: 1360000
2025/08/05 10:15:54 AttenuationSystem update time: 1.563156542s
2025/08/05 10:15:54 Run 5 complete
2025/08/05 10:15:54 StationSystem update...
2025/08/05 10:15:54 weather update count: 800
2025/08/05 10:15:54 StationSystem update time: 3.381µs
2025/08/05 10:15:54 SatelliteSystem update...
2025/08/05 10:15:54 satellite count: 1700
2025/08/05 10:15:54 SatelliteSystem update time: 6.453899ms
2025/08/05 10:15:54 TopoSystem update...
2025/08/05 10:15:54 TopoSystem: Link count: 1360000
2025/08/05 10:15:54 TopoSystem update time: 20.610943ms
2025/08/05 10:15:54 AttenuationSystem update...
2025/08/05 10:15:54 AttenuationSystem parallel flag: 0
2025/08/05 10:15:56 Attenuation computed count: 1360000
2025/08/05 10:15:56 AttenuationSystem update time: 1.377900816s
2025/08/05 10:15:56 Run 6 complete
2025/08/05 10:15:56 StationSystem update...
2025/08/05 10:15:56 weather update count: 800
2025/08/05 10:15:56 StationSystem update time: 2.626µs
2025/08/05 10:15:56 SatelliteSystem update...
2025/08/05 10:15:56 satellite count: 1700
2025/08/05 10:15:56 SatelliteSystem update time: 4.789383ms
2025/08/05 10:15:56 TopoSystem update...
2025/08/05 10:15:56 TopoSystem: Link count: 1360000
2025/08/05 10:15:56 TopoSystem update time: 45.322365ms
2025/08/05 10:15:56 AttenuationSystem update...
2025/08/05 10:15:56 AttenuationSystem parallel flag: 0
2025/08/05 10:15:57 Attenuation computed count: 1360000
2025/08/05 10:15:57 AttenuationSystem update time: 1.581235963s
2025/08/05 10:15:57 Run 7 complete
2025/08/05 10:15:57 StationSystem update...
2025/08/05 10:15:57 weather update count: 800
2025/08/05 10:15:57 StationSystem update time: 3.451µs
2025/08/05 10:15:57 SatelliteSystem update...
2025/08/05 10:15:57 satellite count: 1700
2025/08/05 10:15:57 SatelliteSystem update time: 6.445657ms
2025/08/05 10:15:57 TopoSystem update...
2025/08/05 10:15:58 TopoSystem: Link count: 1360000
2025/08/05 10:15:58 TopoSystem update time: 20.572146ms
2025/08/05 10:15:58 AttenuationSystem update...
2025/08/05 10:15:58 AttenuationSystem parallel flag: 0
2025/08/05 10:15:59 Attenuation computed count: 1360000
2025/08/05 10:15:59 AttenuationSystem update time: 1.530712959s
2025/08/05 10:15:59 Run 8 complete
2025/08/05 10:15:59 StationSystem update...
2025/08/05 10:15:59 weather update count: 800
2025/08/05 10:15:59 StationSystem update time: 3.426µs
2025/08/05 10:15:59 SatelliteSystem update...
2025/08/05 10:15:59 satellite count: 1700
2025/08/05 10:15:59 SatelliteSystem update time: 6.416564ms
2025/08/05 10:15:59 TopoSystem update...
2025/08/05 10:15:59 TopoSystem: Link count: 1360000
2025/08/05 10:15:59 TopoSystem update time: 33.128745ms
2025/08/05 10:15:59 AttenuationSystem update...
2025/08/05 10:15:59 AttenuationSystem parallel flag: 0
2025/08/05 10:16:00 Attenuation computed count: 1360000
2025/08/05 10:16:00 AttenuationSystem update time: 1.196644529s
2025/08/05 10:16:00 Run 9 complete
2025/08/05 10:16:00 StationSystem update...
2025/08/05 10:16:00 weather update count: 800
2025/08/05 10:16:00 StationSystem update time: 2.728µs
2025/08/05 10:16:00 SatelliteSystem update...
2025/08/05 10:16:00 satellite count: 1700
2025/08/05 10:16:00 SatelliteSystem update time: 4.815869ms
2025/08/05 10:16:00 TopoSystem update...
2025/08/05 10:16:00 TopoSystem: Link count: 1360000
2025/08/05 10:16:00 TopoSystem update time: 15.967212ms
2025/08/05 10:16:00 AttenuationSystem update...
2025/08/05 10:16:00 AttenuationSystem parallel flag: 0
2025/08/05 10:16:02 Attenuation computed count: 1360000
2025/08/05 10:16:02 AttenuationSystem update time: 1.593615576s
2025/08/05 10:16:02 Run 10 complete
2025/08/05 10:16:02 Total update time:  15.563579728s
2025/08/05 10:16:02 linkCache size: 40

 Performance counter stats for './scale_ecs 800 1700 10 8 2 0':

        29,401,403      cache-references                                                      
         7,261,008      cache-misses                     #   24.70% of all cache refs         

      15.577304521 seconds time elapsed

      29.542742000 seconds user
       0.135026000 seconds sys


