ECS running with 800 stations, 1600 satellites, 8 numWGs and 8 numBlocks for 10 rounds in 1 parallel pattern
2025/08/05 10:13:29 StationSystem update...
2025/08/05 10:13:29 weather update count: 800
2025/08/05 10:13:29 StationSystem update time: 5.059µs
2025/08/05 10:13:29 SatelliteSystem update...
2025/08/05 10:13:29 satellite count: 1600
2025/08/05 10:13:29 SatelliteSystem update time: 6.057813ms
2025/08/05 10:13:29 TopoSystem update...
2025/08/05 10:13:29 TopoSystem: Link count: 1280000
2025/08/05 10:13:29 TopoSystem update time: 39.610043ms
2025/08/05 10:13:29 AttenuationSystem update...
2025/08/05 10:13:29 AttenuationSystem parallel flag: 1
2025/08/05 10:13:29 Attenuation computed count: 1280000
2025/08/05 10:13:29 AttenuationSystem update time: 406.597803ms
2025/08/05 10:13:29 Run 1 complete
2025/08/05 10:13:29 StationSystem update...
2025/08/05 10:13:29 weather update count: 800
2025/08/05 10:13:29 StationSystem update time: 3.51µs
2025/08/05 10:13:29 SatelliteSystem update...
2025/08/05 10:13:29 satellite count: 1600
2025/08/05 10:13:29 SatelliteSystem update time: 6.041634ms
2025/08/05 10:13:29 TopoSystem update...
2025/08/05 10:13:29 TopoSystem: Link count: 1280000
2025/08/05 10:13:29 TopoSystem update time: 43.833696ms
2025/08/05 10:13:29 AttenuationSystem update...
2025/08/05 10:13:29 AttenuationSystem parallel flag: 1
2025/08/05 10:13:29 Attenuation computed count: 1280000
2025/08/05 10:13:29 AttenuationSystem update time: 366.407023ms
2025/08/05 10:13:29 Run 2 complete
2025/08/05 10:13:29 StationSystem update...
2025/08/05 10:13:29 weather update count: 800
2025/08/05 10:13:29 StationSystem update time: 3.285µs
2025/08/05 10:13:29 SatelliteSystem update...
2025/08/05 10:13:29 satellite count: 1600
2025/08/05 10:13:29 SatelliteSystem update time: 6.044688ms
2025/08/05 10:13:29 TopoSystem update...
2025/08/05 10:13:30 TopoSystem: Link count: 1280000
2025/08/05 10:13:30 TopoSystem update time: 19.290048ms
2025/08/05 10:13:30 AttenuationSystem update...
2025/08/05 10:13:30 AttenuationSystem parallel flag: 1
2025/08/05 10:13:30 Attenuation computed count: 1280000
2025/08/05 10:13:30 AttenuationSystem update time: 433.240876ms
2025/08/05 10:13:30 Run 3 complete
2025/08/05 10:13:30 StationSystem update...
2025/08/05 10:13:30 weather update count: 800
2025/08/05 10:13:30 StationSystem update time: 3.629µs
2025/08/05 10:13:30 SatelliteSystem update...
2025/08/05 10:13:30 satellite count: 1600
2025/08/05 10:13:30 SatelliteSystem update time: 6.048092ms
2025/08/05 10:13:30 TopoSystem update...
2025/08/05 10:13:30 TopoSystem: Link count: 1280000
2025/08/05 10:13:30 TopoSystem update time: 18.446881ms
2025/08/05 10:13:30 AttenuationSystem update...
2025/08/05 10:13:30 AttenuationSystem parallel flag: 1
2025/08/05 10:13:30 Attenuation computed count: 1280000
2025/08/05 10:13:30 AttenuationSystem update time: 399.078786ms
2025/08/05 10:13:30 Run 4 complete
2025/08/05 10:13:30 StationSystem update...
2025/08/05 10:13:30 weather update count: 800
2025/08/05 10:13:30 StationSystem update time: 3.572µs
2025/08/05 10:13:30 SatelliteSystem update...
2025/08/05 10:13:30 satellite count: 1600
2025/08/05 10:13:30 SatelliteSystem update time: 6.054295ms
2025/08/05 10:13:30 TopoSystem update...
2025/08/05 10:13:30 TopoSystem: Link count: 1280000
2025/08/05 10:13:30 TopoSystem update time: 19.209245ms
2025/08/05 10:13:30 AttenuationSystem update...
2025/08/05 10:13:30 AttenuationSystem parallel flag: 1
2025/08/05 10:13:31 Attenuation computed count: 1280000
2025/08/05 10:13:31 AttenuationSystem update time: 407.197652ms
2025/08/05 10:13:31 Run 5 complete
2025/08/05 10:13:31 StationSystem update...
2025/08/05 10:13:31 weather update count: 800
2025/08/05 10:13:31 StationSystem update time: 3.61µs
2025/08/05 10:13:31 SatelliteSystem update...
2025/08/05 10:13:31 satellite count: 1600
2025/08/05 10:13:31 SatelliteSystem update time: 6.044676ms
2025/08/05 10:13:31 TopoSystem update...
2025/08/05 10:13:31 TopoSystem: Link count: 1280000
2025/08/05 10:13:31 TopoSystem update time: 18.349143ms
2025/08/05 10:13:31 AttenuationSystem update...
2025/08/05 10:13:31 AttenuationSystem parallel flag: 1
2025/08/05 10:13:31 Attenuation computed count: 1280000
2025/08/05 10:13:31 AttenuationSystem update time: 424.25429ms
2025/08/05 10:13:31 Run 6 complete
2025/08/05 10:13:31 StationSystem update...
2025/08/05 10:13:31 weather update count: 800
2025/08/05 10:13:31 StationSystem update time: 3.561µs
2025/08/05 10:13:31 SatelliteSystem update...
2025/08/05 10:13:31 satellite count: 1600
2025/08/05 10:13:31 SatelliteSystem update time: 6.064291ms
2025/08/05 10:13:31 TopoSystem update...
2025/08/05 10:13:31 TopoSystem: Link count: 1280000
2025/08/05 10:13:31 TopoSystem update time: 19.433007ms
2025/08/05 10:13:31 AttenuationSystem update...
2025/08/05 10:13:31 AttenuationSystem parallel flag: 1
2025/08/05 10:13:32 Attenuation computed count: 1280000
2025/08/05 10:13:32 AttenuationSystem update time: 386.444578ms
2025/08/05 10:13:32 Run 7 complete
2025/08/05 10:13:32 StationSystem update...
2025/08/05 10:13:32 weather update count: 800
2025/08/05 10:13:32 StationSystem update time: 3.241µs
2025/08/05 10:13:32 SatelliteSystem update...
2025/08/05 10:13:32 satellite count: 1600
2025/08/05 10:13:32 SatelliteSystem update time: 6.062858ms
2025/08/05 10:13:32 TopoSystem update...
2025/08/05 10:13:32 TopoSystem: Link count: 1280000
2025/08/05 10:13:32 TopoSystem update time: 18.168347ms
2025/08/05 10:13:32 AttenuationSystem update...
2025/08/05 10:13:32 AttenuationSystem parallel flag: 1
2025/08/05 10:13:32 Attenuation computed count: 1280000
2025/08/05 10:13:32 AttenuationSystem update time: 369.863713ms
2025/08/05 10:13:32 Run 8 complete
2025/08/05 10:13:32 StationSystem update...
2025/08/05 10:13:32 weather update count: 800
2025/08/05 10:13:32 StationSystem update time: 3.459µs
2025/08/05 10:13:32 SatelliteSystem update...
2025/08/05 10:13:32 satellite count: 1600
2025/08/05 10:13:32 SatelliteSystem update time: 6.053129ms
2025/08/05 10:13:32 TopoSystem update...
2025/08/05 10:13:32 TopoSystem: Link count: 1280000
2025/08/05 10:13:32 TopoSystem update time: 20.443518ms
2025/08/05 10:13:32 AttenuationSystem update...
2025/08/05 10:13:32 AttenuationSystem parallel flag: 1
2025/08/05 10:13:32 Attenuation computed count: 1280000
2025/08/05 10:13:32 AttenuationSystem update time: 412.47278ms
2025/08/05 10:13:32 Run 9 complete
2025/08/05 10:13:32 StationSystem update...
2025/08/05 10:13:32 weather update count: 800
2025/08/05 10:13:32 StationSystem update time: 3.453µs
2025/08/05 10:13:32 SatelliteSystem update...
2025/08/05 10:13:32 satellite count: 1600
2025/08/05 10:13:32 SatelliteSystem update time: 6.054512ms
2025/08/05 10:13:32 TopoSystem update...
2025/08/05 10:13:33 TopoSystem: Link count: 1280000
2025/08/05 10:13:33 TopoSystem update time: 25.193342ms
2025/08/05 10:13:33 AttenuationSystem update...
2025/08/05 10:13:33 AttenuationSystem parallel flag: 1
2025/08/05 10:13:33 Attenuation computed count: 1280000
2025/08/05 10:13:33 AttenuationSystem update time: 365.451629ms
2025/08/05 10:13:33 Run 10 complete
2025/08/05 10:13:33 Total update time:  4.28169802s
2025/08/05 10:13:33 linkCache size: 40

 Performance counter stats for './scale_ecs 800 1600 10 8 8 1':

        26,961,469      cache-references                                                      
         5,919,480      cache-misses                     #   21.96% of all cache refs         

       4.290108005 seconds time elapsed

      26.772551000 seconds user
       0.072955000 seconds sys


