ECS running with 700 stations, 500 satellites, 2 numWGs and 4 numBlocks for 10 rounds in 1 parallel pattern
2025/08/05 08:52:27 StationSystem update...
2025/08/05 08:52:27 weather update count: 700
2025/08/05 08:52:27 StationSystem update time: 4.085µs
2025/08/05 08:52:27 SatelliteSystem update...
2025/08/05 08:52:27 satellite count: 500
2025/08/05 08:52:27 SatelliteSystem update time: 1.911326ms
2025/08/05 08:52:27 TopoSystem update...
2025/08/05 08:52:27 TopoSystem: Link count: 350000
2025/08/05 08:52:27 TopoSystem update time: 11.496272ms
2025/08/05 08:52:27 AttenuationSystem update...
2025/08/05 08:52:27 AttenuationSystem parallel flag: 1
2025/08/05 08:52:28 Attenuation computed count: 350000
2025/08/05 08:52:28 AttenuationSystem update time: 399.256867ms
2025/08/05 08:52:28 Run 1 complete
2025/08/05 08:52:28 StationSystem update...
2025/08/05 08:52:28 weather update count: 700
2025/08/05 08:52:28 StationSystem update time: 3.585µs
2025/08/05 08:52:28 SatelliteSystem update...
2025/08/05 08:52:28 satellite count: 500
2025/08/05 08:52:28 SatelliteSystem update time: 1.917274ms
2025/08/05 08:52:28 TopoSystem update...
2025/08/05 08:52:28 TopoSystem: Link count: 350000
2025/08/05 08:52:28 TopoSystem update time: 9.08925ms
2025/08/05 08:52:28 AttenuationSystem update...
2025/08/05 08:52:28 AttenuationSystem parallel flag: 1
2025/08/05 08:52:28 Attenuation computed count: 350000
2025/08/05 08:52:28 AttenuationSystem update time: 363.706044ms
2025/08/05 08:52:28 Run 2 complete
2025/08/05 08:52:28 StationSystem update...
2025/08/05 08:52:28 weather update count: 700
2025/08/05 08:52:28 StationSystem update time: 2.684µs
2025/08/05 08:52:28 SatelliteSystem update...
2025/08/05 08:52:28 satellite count: 500
2025/08/05 08:52:28 SatelliteSystem update time: 1.436072ms
2025/08/05 08:52:28 TopoSystem update...
2025/08/05 08:52:28 TopoSystem: Link count: 350000
2025/08/05 08:52:28 TopoSystem update time: 5.341388ms
2025/08/05 08:52:28 AttenuationSystem update...
2025/08/05 08:52:28 AttenuationSystem parallel flag: 1
2025/08/05 08:52:28 Attenuation computed count: 350000
2025/08/05 08:52:28 AttenuationSystem update time: 417.344718ms
2025/08/05 08:52:28 Run 3 complete
2025/08/05 08:52:28 StationSystem update...
2025/08/05 08:52:28 weather update count: 700
2025/08/05 08:52:28 StationSystem update time: 2.903µs
2025/08/05 08:52:28 SatelliteSystem update...
2025/08/05 08:52:28 satellite count: 500
2025/08/05 08:52:28 SatelliteSystem update time: 1.916139ms
2025/08/05 08:52:28 TopoSystem update...
2025/08/05 08:52:28 TopoSystem: Link count: 350000
2025/08/05 08:52:28 TopoSystem update time: 5.533164ms
2025/08/05 08:52:28 AttenuationSystem update...
2025/08/05 08:52:28 AttenuationSystem parallel flag: 1
2025/08/05 08:52:29 Attenuation computed count: 350000
2025/08/05 08:52:29 AttenuationSystem update time: 432.85936ms
2025/08/05 08:52:29 Run 4 complete
2025/08/05 08:52:29 StationSystem update...
2025/08/05 08:52:29 weather update count: 700
2025/08/05 08:52:29 StationSystem update time: 2.846µs
2025/08/05 08:52:29 SatelliteSystem update...
2025/08/05 08:52:29 satellite count: 500
2025/08/05 08:52:29 SatelliteSystem update time: 1.914783ms
2025/08/05 08:52:29 TopoSystem update...
2025/08/05 08:52:29 TopoSystem: Link count: 350000
2025/08/05 08:52:29 TopoSystem update time: 8.184677ms
2025/08/05 08:52:29 AttenuationSystem update...
2025/08/05 08:52:29 AttenuationSystem parallel flag: 1
2025/08/05 08:52:29 Attenuation computed count: 350000
2025/08/05 08:52:29 AttenuationSystem update time: 425.403693ms
2025/08/05 08:52:29 Run 5 complete
2025/08/05 08:52:29 StationSystem update...
2025/08/05 08:52:29 weather update count: 700
2025/08/05 08:52:29 StationSystem update time: 3.032µs
2025/08/05 08:52:29 SatelliteSystem update...
2025/08/05 08:52:29 satellite count: 500
2025/08/05 08:52:29 SatelliteSystem update time: 1.41965ms
2025/08/05 08:52:29 TopoSystem update...
2025/08/05 08:52:29 TopoSystem: Link count: 350000
2025/08/05 08:52:29 TopoSystem update time: 4.73787ms
2025/08/05 08:52:29 AttenuationSystem update...
2025/08/05 08:52:29 AttenuationSystem parallel flag: 1
2025/08/05 08:52:30 Attenuation computed count: 350000
2025/08/05 08:52:30 AttenuationSystem update time: 428.794389ms
2025/08/05 08:52:30 Run 6 complete
2025/08/05 08:52:30 StationSystem update...
2025/08/05 08:52:30 weather update count: 700
2025/08/05 08:52:30 StationSystem update time: 2.638µs
2025/08/05 08:52:30 SatelliteSystem update...
2025/08/05 08:52:30 satellite count: 500
2025/08/05 08:52:30 SatelliteSystem update time: 1.919078ms
2025/08/05 08:52:30 TopoSystem update...
2025/08/05 08:52:30 TopoSystem: Link count: 350000
2025/08/05 08:52:30 TopoSystem update time: 5.014879ms
2025/08/05 08:52:30 AttenuationSystem update...
2025/08/05 08:52:30 AttenuationSystem parallel flag: 1
2025/08/05 08:52:30 Attenuation computed count: 350000
2025/08/05 08:52:30 AttenuationSystem update time: 333.289323ms
2025/08/05 08:52:30 Run 7 complete
2025/08/05 08:52:30 StationSystem update...
2025/08/05 08:52:30 weather update count: 700
2025/08/05 08:52:30 StationSystem update time: 2.193µs
2025/08/05 08:52:30 SatelliteSystem update...
2025/08/05 08:52:30 satellite count: 500
2025/08/05 08:52:30 SatelliteSystem update time: 1.415116ms
2025/08/05 08:52:30 TopoSystem update...
2025/08/05 08:52:30 TopoSystem: Link count: 350000
2025/08/05 08:52:30 TopoSystem update time: 4.46306ms
2025/08/05 08:52:30 AttenuationSystem update...
2025/08/05 08:52:30 AttenuationSystem parallel flag: 1
2025/08/05 08:52:30 Attenuation computed count: 350000
2025/08/05 08:52:30 AttenuationSystem update time: 394.240328ms
2025/08/05 08:52:30 Run 8 complete
2025/08/05 08:52:30 StationSystem update...
2025/08/05 08:52:30 weather update count: 700
2025/08/05 08:52:30 StationSystem update time: 2.918µs
2025/08/05 08:52:30 SatelliteSystem update...
2025/08/05 08:52:30 satellite count: 500
2025/08/05 08:52:30 SatelliteSystem update time: 1.410045ms
2025/08/05 08:52:30 TopoSystem update...
2025/08/05 08:52:30 TopoSystem: Link count: 350000
2025/08/05 08:52:30 TopoSystem update time: 7.843378ms
2025/08/05 08:52:30 AttenuationSystem update...
2025/08/05 08:52:30 AttenuationSystem parallel flag: 1
2025/08/05 08:52:31 Attenuation computed count: 350000
2025/08/05 08:52:31 AttenuationSystem update time: 427.011158ms
2025/08/05 08:52:31 Run 9 complete
2025/08/05 08:52:31 StationSystem update...
2025/08/05 08:52:31 weather update count: 700
2025/08/05 08:52:31 StationSystem update time: 2.648µs
2025/08/05 08:52:31 SatelliteSystem update...
2025/08/05 08:52:31 satellite count: 500
2025/08/05 08:52:31 SatelliteSystem update time: 1.90993ms
2025/08/05 08:52:31 TopoSystem update...
2025/08/05 08:52:31 TopoSystem: Link count: 350000
2025/08/05 08:52:31 TopoSystem update time: 5.445779ms
2025/08/05 08:52:31 AttenuationSystem update...
2025/08/05 08:52:31 AttenuationSystem parallel flag: 1
2025/08/05 08:52:31 Attenuation computed count: 350000
2025/08/05 08:52:31 AttenuationSystem update time: 433.431602ms
2025/08/05 08:52:31 Run 10 complete
2025/08/05 08:52:31 Total update time:  4.142153291s
2025/08/05 08:52:31 linkCache size: 40

 Performance counter stats for './scale_ecs 700 500 10 2 4 1':

         7,975,519      cache-references                                                      
         1,018,890      cache-misses                     #   12.78% of all cache refs         

       4.148880518 seconds time elapsed

       7.907479000 seconds user
       0.028051000 seconds sys


