ECS running with 700 stations, 500 satellites, 4 numWGs and 8 numBlocks for 10 rounds in 1 parallel pattern
2025/08/05 08:52:51 StationSystem update...
2025/08/05 08:52:51 weather update count: 700
2025/08/05 08:52:51 StationSystem update time: 4.007µs
2025/08/05 08:52:51 SatelliteSystem update...
2025/08/05 08:52:51 satellite count: 500
2025/08/05 08:52:51 SatelliteSystem update time: 1.911438ms
2025/08/05 08:52:51 TopoSystem update...
2025/08/05 08:52:51 TopoSystem: Link count: 350000
2025/08/05 08:52:51 TopoSystem update time: 12.365771ms
2025/08/05 08:52:51 AttenuationSystem update...
2025/08/05 08:52:51 AttenuationSystem parallel flag: 1
2025/08/05 08:52:51 Attenuation computed count: 350000
2025/08/05 08:52:51 AttenuationSystem update time: 201.380502ms
2025/08/05 08:52:51 Run 1 complete
2025/08/05 08:52:51 StationSystem update...
2025/08/05 08:52:51 weather update count: 700
2025/08/05 08:52:51 StationSystem update time: 3.267µs
2025/08/05 08:52:51 SatelliteSystem update...
2025/08/05 08:52:51 satellite count: 500
2025/08/05 08:52:51 SatelliteSystem update time: 1.920237ms
2025/08/05 08:52:51 TopoSystem update...
2025/08/05 08:52:51 TopoSystem: Link count: 350000
2025/08/05 08:52:51 TopoSystem update time: 10.133201ms
2025/08/05 08:52:51 AttenuationSystem update...
2025/08/05 08:52:51 AttenuationSystem parallel flag: 1
2025/08/05 08:52:51 Attenuation computed count: 350000
2025/08/05 08:52:51 AttenuationSystem update time: 200.300175ms
2025/08/05 08:52:51 Run 2 complete
2025/08/05 08:52:51 StationSystem update...
2025/08/05 08:52:51 weather update count: 700
2025/08/05 08:52:51 StationSystem update time: 3.044µs
2025/08/05 08:52:51 SatelliteSystem update...
2025/08/05 08:52:51 satellite count: 500
2025/08/05 08:52:51 SatelliteSystem update time: 1.91718ms
2025/08/05 08:52:51 TopoSystem update...
2025/08/05 08:52:51 TopoSystem: Link count: 350000
2025/08/05 08:52:51 TopoSystem update time: 6.14443ms
2025/08/05 08:52:51 AttenuationSystem update...
2025/08/05 08:52:51 AttenuationSystem parallel flag: 1
2025/08/05 08:52:52 Attenuation computed count: 350000
2025/08/05 08:52:52 AttenuationSystem update time: 216.393797ms
2025/08/05 08:52:52 Run 3 complete
2025/08/05 08:52:52 StationSystem update...
2025/08/05 08:52:52 weather update count: 700
2025/08/05 08:52:52 StationSystem update time: 2.89µs
2025/08/05 08:52:52 SatelliteSystem update...
2025/08/05 08:52:52 satellite count: 500
2025/08/05 08:52:52 SatelliteSystem update time: 1.913279ms
2025/08/05 08:52:52 TopoSystem update...
2025/08/05 08:52:52 TopoSystem: Link count: 350000
2025/08/05 08:52:52 TopoSystem update time: 6.547197ms
2025/08/05 08:52:52 AttenuationSystem update...
2025/08/05 08:52:52 AttenuationSystem parallel flag: 1
2025/08/05 08:52:52 Attenuation computed count: 350000
2025/08/05 08:52:52 AttenuationSystem update time: 240.67179ms
2025/08/05 08:52:52 Run 4 complete
2025/08/05 08:52:52 StationSystem update...
2025/08/05 08:52:52 weather update count: 700
2025/08/05 08:52:52 StationSystem update time: 2.862µs
2025/08/05 08:52:52 SatelliteSystem update...
2025/08/05 08:52:52 satellite count: 500
2025/08/05 08:52:52 SatelliteSystem update time: 1.90284ms
2025/08/05 08:52:52 TopoSystem update...
2025/08/05 08:52:52 TopoSystem: Link count: 350000
2025/08/05 08:52:52 TopoSystem update time: 6.777738ms
2025/08/05 08:52:52 AttenuationSystem update...
2025/08/05 08:52:52 AttenuationSystem parallel flag: 1
2025/08/05 08:52:52 Attenuation computed count: 350000
2025/08/05 08:52:52 AttenuationSystem update time: 223.212204ms
2025/08/05 08:52:52 Run 5 complete
2025/08/05 08:52:52 StationSystem update...
2025/08/05 08:52:52 weather update count: 700
2025/08/05 08:52:52 StationSystem update time: 2.78µs
2025/08/05 08:52:52 SatelliteSystem update...
2025/08/05 08:52:52 satellite count: 500
2025/08/05 08:52:52 SatelliteSystem update time: 1.910926ms
2025/08/05 08:52:52 TopoSystem update...
2025/08/05 08:52:52 TopoSystem: Link count: 350000
2025/08/05 08:52:52 TopoSystem update time: 5.592492ms
2025/08/05 08:52:52 AttenuationSystem update...
2025/08/05 08:52:52 AttenuationSystem parallel flag: 1
2025/08/05 08:52:52 Attenuation computed count: 350000
2025/08/05 08:52:52 AttenuationSystem update time: 235.559534ms
2025/08/05 08:52:52 Run 6 complete
2025/08/05 08:52:52 StationSystem update...
2025/08/05 08:52:52 weather update count: 700
2025/08/05 08:52:52 StationSystem update time: 2.616µs
2025/08/05 08:52:52 SatelliteSystem update...
2025/08/05 08:52:52 satellite count: 500
2025/08/05 08:52:52 SatelliteSystem update time: 1.914306ms
2025/08/05 08:52:52 TopoSystem update...
2025/08/05 08:52:52 TopoSystem: Link count: 350000
2025/08/05 08:52:52 TopoSystem update time: 5.520182ms
2025/08/05 08:52:52 AttenuationSystem update...
2025/08/05 08:52:52 AttenuationSystem parallel flag: 1
2025/08/05 08:52:53 Attenuation computed count: 350000
2025/08/05 08:52:53 AttenuationSystem update time: 237.680686ms
2025/08/05 08:52:53 Run 7 complete
2025/08/05 08:52:53 StationSystem update...
2025/08/05 08:52:53 weather update count: 700
2025/08/05 08:52:53 StationSystem update time: 2.802µs
2025/08/05 08:52:53 SatelliteSystem update...
2025/08/05 08:52:53 satellite count: 500
2025/08/05 08:52:53 SatelliteSystem update time: 1.917804ms
2025/08/05 08:52:53 TopoSystem update...
2025/08/05 08:52:53 TopoSystem: Link count: 350000
2025/08/05 08:52:53 TopoSystem update time: 5.389856ms
2025/08/05 08:52:53 AttenuationSystem update...
2025/08/05 08:52:53 AttenuationSystem parallel flag: 1
2025/08/05 08:52:53 Attenuation computed count: 350000
2025/08/05 08:52:53 AttenuationSystem update time: 239.186526ms
2025/08/05 08:52:53 Run 8 complete
2025/08/05 08:52:53 StationSystem update...
2025/08/05 08:52:53 weather update count: 700
2025/08/05 08:52:53 StationSystem update time: 3.056µs
2025/08/05 08:52:53 SatelliteSystem update...
2025/08/05 08:52:53 satellite count: 500
2025/08/05 08:52:53 SatelliteSystem update time: 1.924954ms
2025/08/05 08:52:53 TopoSystem update...
2025/08/05 08:52:53 TopoSystem: Link count: 350000
2025/08/05 08:52:53 TopoSystem update time: 5.442369ms
2025/08/05 08:52:53 AttenuationSystem update...
2025/08/05 08:52:53 AttenuationSystem parallel flag: 1
2025/08/05 08:52:53 Attenuation computed count: 350000
2025/08/05 08:52:53 AttenuationSystem update time: 245.345741ms
2025/08/05 08:52:53 Run 9 complete
2025/08/05 08:52:53 StationSystem update...
2025/08/05 08:52:53 weather update count: 700
2025/08/05 08:52:53 StationSystem update time: 2.951µs
2025/08/05 08:52:53 SatelliteSystem update...
2025/08/05 08:52:53 satellite count: 500
2025/08/05 08:52:53 SatelliteSystem update time: 1.901209ms
2025/08/05 08:52:53 TopoSystem update...
2025/08/05 08:52:53 TopoSystem: Link count: 350000
2025/08/05 08:52:53 TopoSystem update time: 5.358203ms
2025/08/05 08:52:53 AttenuationSystem update...
2025/08/05 08:52:53 AttenuationSystem parallel flag: 1
2025/08/05 08:52:53 Attenuation computed count: 350000
2025/08/05 08:52:53 AttenuationSystem update time: 236.538594ms
2025/08/05 08:52:53 Run 10 complete
2025/08/05 08:52:53 Total update time:  2.367136177s
2025/08/05 08:52:53 linkCache size: 40

 Performance counter stats for './scale_ecs 700 500 10 4 8 1':

         7,048,308      cache-references                                                      
         1,011,698      cache-misses                     #   14.35% of all cache refs         

       2.372106907 seconds time elapsed

       8.472171000 seconds user
       0.030014000 seconds sys


