ECS running with 1000 stations, 1300 satellites, 2 numWGs and 2 numBlocks for 10 rounds in 0 parallel pattern
2025/08/05 11:16:52 StationSystem update...
2025/08/05 11:16:52 weather update count: 1000
2025/08/05 11:16:52 StationSystem update time: 5.023µs
2025/08/05 11:16:52 SatelliteSystem update...
2025/08/05 11:16:52 satellite count: 1300
2025/08/05 11:16:52 SatelliteSystem update time: 4.936565ms
2025/08/05 11:16:52 TopoSystem update...
2025/08/05 11:16:52 TopoSystem: Link count: 1300000
2025/08/05 11:16:52 TopoSystem update time: 39.420913ms
2025/08/05 11:16:52 AttenuationSystem update...
2025/08/05 11:16:52 AttenuationSystem parallel flag: 0
2025/08/05 11:16:53 Attenuation computed count: 1300000
2025/08/05 11:16:53 AttenuationSystem update time: 1.347108788s
2025/08/05 11:16:53 Run 1 complete
2025/08/05 11:16:53 StationSystem update...
2025/08/05 11:16:53 SatelliteSystem update...
2025/08/05 11:16:53 weather update count: 1000
2025/08/05 11:16:53 StationSystem update time: 8.964µs
2025/08/05 11:16:53 satellite count: 1300
2025/08/05 11:16:53 SatelliteSystem update time: 3.915873ms
2025/08/05 11:16:53 TopoSystem update...
2025/08/05 11:16:53 TopoSystem: Link count: 1300000
2025/08/05 11:16:53 TopoSystem update time: 29.864631ms
2025/08/05 11:16:53 AttenuationSystem update...
2025/08/05 11:16:53 AttenuationSystem parallel flag: 0
2025/08/05 11:16:54 Attenuation computed count: 1300000
2025/08/05 11:16:54 AttenuationSystem update time: 1.155019579s
2025/08/05 11:16:54 Run 2 complete
2025/08/05 11:16:54 StationSystem update...
2025/08/05 11:16:54 weather update count: 1000
2025/08/05 11:16:54 StationSystem update time: 2.962µs
2025/08/05 11:16:54 SatelliteSystem update...
2025/08/05 11:16:54 satellite count: 1300
2025/08/05 11:16:54 SatelliteSystem update time: 3.708247ms
2025/08/05 11:16:54 TopoSystem update...
2025/08/05 11:16:54 TopoSystem: Link count: 1300000
2025/08/05 11:16:54 TopoSystem update time: 15.34254ms
2025/08/05 11:16:54 AttenuationSystem update...
2025/08/05 11:16:54 AttenuationSystem parallel flag: 0
2025/08/05 11:16:55 Attenuation computed count: 1300000
2025/08/05 11:16:55 AttenuationSystem update time: 1.137036149s
2025/08/05 11:16:55 Run 3 complete
2025/08/05 11:16:55 StationSystem update...
2025/08/05 11:16:55 weather update count: 1000
2025/08/05 11:16:55 StationSystem update time: 3.491µs
2025/08/05 11:16:55 SatelliteSystem update...
2025/08/05 11:16:55 satellite count: 1300
2025/08/05 11:16:55 SatelliteSystem update time: 3.661345ms
2025/08/05 11:16:55 TopoSystem update...
2025/08/05 11:16:55 TopoSystem: Link count: 1300000
2025/08/05 11:16:55 TopoSystem update time: 16.302926ms
2025/08/05 11:16:55 AttenuationSystem update...
2025/08/05 11:16:55 AttenuationSystem parallel flag: 0
2025/08/05 11:16:57 Attenuation computed count: 1300000
2025/08/05 11:16:57 AttenuationSystem update time: 1.101526852s
2025/08/05 11:16:57 Run 4 complete
2025/08/05 11:16:57 StationSystem update...
2025/08/05 11:16:57 weather update count: 1000
2025/08/05 11:16:57 SatelliteSystem update...
2025/08/05 11:16:57 StationSystem update time: 3.245µs
2025/08/05 11:16:57 satellite count: 1300
2025/08/05 11:16:57 SatelliteSystem update time: 3.666103ms
2025/08/05 11:16:57 TopoSystem update...
2025/08/05 11:16:57 TopoSystem: Link count: 1300000
2025/08/05 11:16:57 TopoSystem update time: 43.401803ms
2025/08/05 11:16:57 AttenuationSystem update...
2025/08/05 11:16:57 AttenuationSystem parallel flag: 0
2025/08/05 11:16:58 Attenuation computed count: 1300000
2025/08/05 11:16:58 AttenuationSystem update time: 1.286680326s
2025/08/05 11:16:58 Run 5 complete
2025/08/05 11:16:58 StationSystem update...
2025/08/05 11:16:58 weather update count: 1000
2025/08/05 11:16:58 StationSystem update time: 3.166µs
2025/08/05 11:16:58 SatelliteSystem update...
2025/08/05 11:16:58 satellite count: 1300
2025/08/05 11:16:58 SatelliteSystem update time: 4.936173ms
2025/08/05 11:16:58 TopoSystem update...
2025/08/05 11:16:58 TopoSystem: Link count: 1300000
2025/08/05 11:16:58 TopoSystem update time: 43.347282ms
2025/08/05 11:16:58 AttenuationSystem update...
2025/08/05 11:16:58 AttenuationSystem parallel flag: 0
2025/08/05 11:16:59 Attenuation computed count: 1300000
2025/08/05 11:16:59 AttenuationSystem update time: 1.519460959s
2025/08/05 11:16:59 Run 6 complete
2025/08/05 11:16:59 StationSystem update...
2025/08/05 11:16:59 weather update count: 1000
2025/08/05 11:16:59 StationSystem update time: 3.695µs
2025/08/05 11:16:59 SatelliteSystem update...
2025/08/05 11:16:59 satellite count: 1300
2025/08/05 11:16:59 SatelliteSystem update time: 4.936337ms
2025/08/05 11:16:59 TopoSystem update...
2025/08/05 11:17:00 TopoSystem: Link count: 1300000
2025/08/05 11:17:00 TopoSystem update time: 43.709567ms
2025/08/05 11:17:00 AttenuationSystem update...
2025/08/05 11:17:00 AttenuationSystem parallel flag: 0
2025/08/05 11:17:01 Attenuation computed count: 1300000
2025/08/05 11:17:01 AttenuationSystem update time: 1.318993847s
2025/08/05 11:17:01 Run 7 complete
2025/08/05 11:17:01 StationSystem update...
2025/08/05 11:17:01 weather update count: 1000
2025/08/05 11:17:01 StationSystem update time: 3.6µs
2025/08/05 11:17:01 SatelliteSystem update...
2025/08/05 11:17:01 satellite count: 1300
2025/08/05 11:17:01 SatelliteSystem update time: 4.926486ms
2025/08/05 11:17:01 TopoSystem update...
2025/08/05 11:17:01 TopoSystem: Link count: 1300000
2025/08/05 11:17:01 TopoSystem update time: 43.778035ms
2025/08/05 11:17:01 AttenuationSystem update...
2025/08/05 11:17:01 AttenuationSystem parallel flag: 0
2025/08/05 11:17:02 Attenuation computed count: 1300000
2025/08/05 11:17:02 AttenuationSystem update time: 1.507339492s
2025/08/05 11:17:02 Run 8 complete
2025/08/05 11:17:02 StationSystem update...
2025/08/05 11:17:02 weather update count: 1000
2025/08/05 11:17:02 StationSystem update time: 4.137µs
2025/08/05 11:17:02 SatelliteSystem update...
2025/08/05 11:17:02 satellite count: 1300
2025/08/05 11:17:02 SatelliteSystem update time: 4.961172ms
2025/08/05 11:17:02 TopoSystem update...
2025/08/05 11:17:02 TopoSystem: Link count: 1300000
2025/08/05 11:17:02 TopoSystem update time: 20.074518ms
2025/08/05 11:17:02 AttenuationSystem update...
2025/08/05 11:17:02 AttenuationSystem parallel flag: 0
2025/08/05 11:17:04 Attenuation computed count: 1300000
2025/08/05 11:17:04 AttenuationSystem update time: 1.49040714s
2025/08/05 11:17:04 Run 9 complete
2025/08/05 11:17:04 StationSystem update...
2025/08/05 11:17:04 weather update count: 1000
2025/08/05 11:17:04 StationSystem update time: 3.859µs
2025/08/05 11:17:04 SatelliteSystem update...
2025/08/05 11:17:04 satellite count: 1300
2025/08/05 11:17:04 SatelliteSystem update time: 5.071985ms
2025/08/05 11:17:04 TopoSystem update...
2025/08/05 11:17:04 TopoSystem: Link count: 1300000
2025/08/05 11:17:04 TopoSystem update time: 24.696435ms
2025/08/05 11:17:04 AttenuationSystem update...
2025/08/05 11:17:04 AttenuationSystem parallel flag: 0
2025/08/05 11:17:06 Attenuation computed count: 1300000
2025/08/05 11:17:06 AttenuationSystem update time: 1.662044754s
2025/08/05 11:17:06 Run 10 complete
2025/08/05 11:17:06 Total update time:  13.898079567s
2025/08/05 11:17:06 linkCache size: 40

 Performance counter stats for './scale_ecs 1000 1300 10 2 2 0':

        27,750,700      cache-references                                                      
         6,607,190      cache-misses                     #   23.81% of all cache refs         

      13.906504525 seconds time elapsed

      26.788141000 seconds user
       0.128024000 seconds sys


