ECS running with 800 stations, 500 satellites, 4 numWGs and 4 numBlocks for 10 rounds in 0 parallel pattern
2025/08/05 09:23:30 StationSystem update...
2025/08/05 09:23:30 weather update count: 800
2025/08/05 09:23:30 StationSystem update time: 3.01µs
2025/08/05 09:23:30 SatelliteSystem update...
2025/08/05 09:23:30 satellite count: 500
2025/08/05 09:23:30 SatelliteSystem update time: 1.420655ms
2025/08/05 09:23:30 TopoSystem update...
2025/08/05 09:23:30 TopoSystem: Link count: 400000
2025/08/05 09:23:30 TopoSystem update time: 13.7817ms
2025/08/05 09:23:30 AttenuationSystem update...
2025/08/05 09:23:30 AttenuationSystem parallel flag: 0
2025/08/05 09:23:31 Attenuation computed count: 400000
2025/08/05 09:23:31 AttenuationSystem update time: 228.129304ms
2025/08/05 09:23:31 Run 1 complete
2025/08/05 09:23:31 StationSystem update...
2025/08/05 09:23:31 weather update count: 800
2025/08/05 09:23:31 StationSystem update time: 4.057µs
2025/08/05 09:23:31 SatelliteSystem update...
2025/08/05 09:23:31 satellite count: 500
2025/08/05 09:23:31 SatelliteSystem update time: 1.922106ms
2025/08/05 09:23:31 TopoSystem update...
2025/08/05 09:23:31 TopoSystem: Link count: 400000
2025/08/05 09:23:31 TopoSystem update time: 13.341058ms
2025/08/05 09:23:31 AttenuationSystem update...
2025/08/05 09:23:31 AttenuationSystem parallel flag: 0
2025/08/05 09:23:31 Attenuation computed count: 400000
2025/08/05 09:23:31 AttenuationSystem update time: 244.260892ms
2025/08/05 09:23:31 Run 2 complete
2025/08/05 09:23:31 StationSystem update...
2025/08/05 09:23:31 weather update count: 800
2025/08/05 09:23:31 StationSystem update time: 3.225µs
2025/08/05 09:23:31 SatelliteSystem update...
2025/08/05 09:23:31 satellite count: 500
2025/08/05 09:23:31 SatelliteSystem update time: 1.911441ms
2025/08/05 09:23:31 TopoSystem update...
2025/08/05 09:23:31 TopoSystem: Link count: 400000
2025/08/05 09:23:31 TopoSystem update time: 6.258629ms
2025/08/05 09:23:31 AttenuationSystem update...
2025/08/05 09:23:31 AttenuationSystem parallel flag: 0
2025/08/05 09:23:31 Attenuation computed count: 400000
2025/08/05 09:23:31 AttenuationSystem update time: 221.030475ms
2025/08/05 09:23:31 Run 3 complete
2025/08/05 09:23:31 StationSystem update...
2025/08/05 09:23:31 weather update count: 800
2025/08/05 09:23:31 StationSystem update time: 3.431µs
2025/08/05 09:23:31 SatelliteSystem update...
2025/08/05 09:23:31 satellite count: 500
2025/08/05 09:23:31 SatelliteSystem update time: 1.423522ms
2025/08/05 09:23:31 TopoSystem update...
2025/08/05 09:23:31 TopoSystem: Link count: 400000
2025/08/05 09:23:31 TopoSystem update time: 5.410492ms
2025/08/05 09:23:31 AttenuationSystem update...
2025/08/05 09:23:31 AttenuationSystem parallel flag: 0
2025/08/05 09:23:31 Attenuation computed count: 400000
2025/08/05 09:23:31 AttenuationSystem update time: 229.082978ms
2025/08/05 09:23:31 Run 4 complete
2025/08/05 09:23:31 StationSystem update...
2025/08/05 09:23:31 weather update count: 800
2025/08/05 09:23:31 StationSystem update time: 3.43µs
2025/08/05 09:23:31 SatelliteSystem update...
2025/08/05 09:23:31 satellite count: 500
2025/08/05 09:23:31 SatelliteSystem update time: 1.429624ms
2025/08/05 09:23:31 TopoSystem update...
2025/08/05 09:23:31 TopoSystem: Link count: 400000
2025/08/05 09:23:31 TopoSystem update time: 4.585678ms
2025/08/05 09:23:31 AttenuationSystem update...
2025/08/05 09:23:31 AttenuationSystem parallel flag: 0
2025/08/05 09:23:32 Attenuation computed count: 400000
2025/08/05 09:23:32 AttenuationSystem update time: 253.327447ms
2025/08/05 09:23:32 Run 5 complete
2025/08/05 09:23:32 StationSystem update...
2025/08/05 09:23:32 weather update count: 800
2025/08/05 09:23:32 StationSystem update time: 3.395µs
2025/08/05 09:23:32 SatelliteSystem update...
2025/08/05 09:23:32 satellite count: 500
2025/08/05 09:23:32 SatelliteSystem update time: 1.919985ms
2025/08/05 09:23:32 TopoSystem update...
2025/08/05 09:23:32 TopoSystem: Link count: 400000
2025/08/05 09:23:32 TopoSystem update time: 5.472761ms
2025/08/05 09:23:32 AttenuationSystem update...
2025/08/05 09:23:32 AttenuationSystem parallel flag: 0
2025/08/05 09:23:32 Attenuation computed count: 400000
2025/08/05 09:23:32 AttenuationSystem update time: 261.988028ms
2025/08/05 09:23:32 Run 6 complete
2025/08/05 09:23:32 StationSystem update...
2025/08/05 09:23:32 weather update count: 800
2025/08/05 09:23:32 StationSystem update time: 3.309µs
2025/08/05 09:23:32 SatelliteSystem update...
2025/08/05 09:23:32 satellite count: 500
2025/08/05 09:23:32 SatelliteSystem update time: 1.926084ms
2025/08/05 09:23:32 TopoSystem update...
2025/08/05 09:23:32 TopoSystem: Link count: 400000
2025/08/05 09:23:32 TopoSystem update time: 5.505746ms
2025/08/05 09:23:32 AttenuationSystem update...
2025/08/05 09:23:32 AttenuationSystem parallel flag: 0
2025/08/05 09:23:32 Attenuation computed count: 400000
2025/08/05 09:23:32 AttenuationSystem update time: 215.902851ms
2025/08/05 09:23:32 Run 7 complete
2025/08/05 09:23:32 StationSystem update...
2025/08/05 09:23:32 weather update count: 800
2025/08/05 09:23:32 StationSystem update time: 3.095µs
2025/08/05 09:23:32 SatelliteSystem update...
2025/08/05 09:23:32 satellite count: 500
2025/08/05 09:23:32 SatelliteSystem update time: 1.435985ms
2025/08/05 09:23:32 TopoSystem update...
2025/08/05 09:23:32 TopoSystem: Link count: 400000
2025/08/05 09:23:32 TopoSystem update time: 4.609971ms
2025/08/05 09:23:32 AttenuationSystem update...
2025/08/05 09:23:32 AttenuationSystem parallel flag: 0
2025/08/05 09:23:32 Attenuation computed count: 400000
2025/08/05 09:23:32 AttenuationSystem update time: 227.84895ms
2025/08/05 09:23:32 Run 8 complete
2025/08/05 09:23:32 StationSystem update...
2025/08/05 09:23:32 weather update count: 800
2025/08/05 09:23:32 StationSystem update time: 3.461µs
2025/08/05 09:23:32 SatelliteSystem update...
2025/08/05 09:23:32 satellite count: 500
2025/08/05 09:23:32 SatelliteSystem update time: 1.416803ms
2025/08/05 09:23:32 TopoSystem update...
2025/08/05 09:23:32 TopoSystem: Link count: 400000
2025/08/05 09:23:32 TopoSystem update time: 4.546387ms
2025/08/05 09:23:32 AttenuationSystem update...
2025/08/05 09:23:32 AttenuationSystem parallel flag: 0
2025/08/05 09:23:33 Attenuation computed count: 400000
2025/08/05 09:23:33 AttenuationSystem update time: 222.351722ms
2025/08/05 09:23:33 Run 9 complete
2025/08/05 09:23:33 StationSystem update...
2025/08/05 09:23:33 weather update count: 800
2025/08/05 09:23:33 StationSystem update time: 3.426µs
2025/08/05 09:23:33 SatelliteSystem update...
2025/08/05 09:23:33 satellite count: 500
2025/08/05 09:23:33 SatelliteSystem update time: 1.416013ms
2025/08/05 09:23:33 TopoSystem update...
2025/08/05 09:23:33 TopoSystem: Link count: 400000
2025/08/05 09:23:33 TopoSystem update time: 4.426894ms
2025/08/05 09:23:33 AttenuationSystem update...
2025/08/05 09:23:33 AttenuationSystem parallel flag: 0
2025/08/05 09:23:33 Attenuation computed count: 400000
2025/08/05 09:23:33 AttenuationSystem update time: 222.950414ms
2025/08/05 09:23:33 Run 10 complete
2025/08/05 09:23:33 Total update time:  2.413152266s
2025/08/05 09:23:33 linkCache size: 40

 Performance counter stats for './scale_ecs 800 500 10 4 4 0':

         8,851,262      cache-references                                                      
         1,238,234      cache-misses                     #   13.99% of all cache refs         

       2.417686744 seconds time elapsed

       8.320847000 seconds user
       0.030999000 seconds sys


