ECS running with 800 stations, 600 satellites, 8 numWGs and 8 numBlocks for 10 rounds in 0 parallel pattern
2025/08/05 09:25:18 StationSystem update...
2025/08/05 09:25:18 weather update count: 800
2025/08/05 09:25:18 StationSystem update time: 4.438µs
2025/08/05 09:25:18 SatelliteSystem update...
2025/08/05 09:25:18 satellite count: 600
2025/08/05 09:25:18 SatelliteSystem update time: 2.295803ms
2025/08/05 09:25:18 TopoSystem update...
2025/08/05 09:25:18 TopoSystem: Link count: 480000
2025/08/05 09:25:18 TopoSystem update time: 16.768748ms
2025/08/05 09:25:18 AttenuationSystem update...
2025/08/05 09:25:18 AttenuationSystem parallel flag: 0
2025/08/05 09:25:18 Attenuation computed count: 480000
2025/08/05 09:25:18 AttenuationSystem update time: 139.657878ms
2025/08/05 09:25:18 Run 1 complete
2025/08/05 09:25:18 StationSystem update...
2025/08/05 09:25:18 weather update count: 800
2025/08/05 09:25:18 StationSystem update time: 3.238µs
2025/08/05 09:25:18 SatelliteSystem update...
2025/08/05 09:25:18 satellite count: 600
2025/08/05 09:25:18 SatelliteSystem update time: 2.286828ms
2025/08/05 09:25:18 TopoSystem update...
2025/08/05 09:25:18 TopoSystem: Link count: 480000
2025/08/05 09:25:18 TopoSystem update time: 13.858696ms
2025/08/05 09:25:18 AttenuationSystem update...
2025/08/05 09:25:18 AttenuationSystem parallel flag: 0
2025/08/05 09:25:18 Attenuation computed count: 480000
2025/08/05 09:25:18 AttenuationSystem update time: 141.669503ms
2025/08/05 09:25:18 Run 2 complete
2025/08/05 09:25:18 StationSystem update...
2025/08/05 09:25:18 weather update count: 800
2025/08/05 09:25:18 StationSystem update time: 3.408µs
2025/08/05 09:25:18 SatelliteSystem update...
2025/08/05 09:25:18 satellite count: 600
2025/08/05 09:25:18 SatelliteSystem update time: 2.307254ms
2025/08/05 09:25:18 TopoSystem update...
2025/08/05 09:25:18 TopoSystem: Link count: 480000
2025/08/05 09:25:18 TopoSystem update time: 7.233534ms
2025/08/05 09:25:18 AttenuationSystem update...
2025/08/05 09:25:18 AttenuationSystem parallel flag: 0
2025/08/05 09:25:18 Attenuation computed count: 480000
2025/08/05 09:25:18 AttenuationSystem update time: 169.822585ms
2025/08/05 09:25:18 Run 3 complete
2025/08/05 09:25:18 StationSystem update...
2025/08/05 09:25:18 SatelliteSystem update...
2025/08/05 09:25:18 weather update count: 800
2025/08/05 09:25:18 StationSystem update time: 4.59µs
2025/08/05 09:25:18 satellite count: 600
2025/08/05 09:25:18 SatelliteSystem update time: 2.292742ms
2025/08/05 09:25:18 TopoSystem update...
2025/08/05 09:25:18 TopoSystem: Link count: 480000
2025/08/05 09:25:18 TopoSystem update time: 7.147961ms
2025/08/05 09:25:18 AttenuationSystem update...
2025/08/05 09:25:18 AttenuationSystem parallel flag: 0
2025/08/05 09:25:19 Attenuation computed count: 480000
2025/08/05 09:25:19 AttenuationSystem update time: 147.219161ms
2025/08/05 09:25:19 Run 4 complete
2025/08/05 09:25:19 StationSystem update...
2025/08/05 09:25:19 weather update count: 800
2025/08/05 09:25:19 StationSystem update time: 3.558µs
2025/08/05 09:25:19 SatelliteSystem update...
2025/08/05 09:25:19 satellite count: 600
2025/08/05 09:25:19 SatelliteSystem update time: 2.289715ms
2025/08/05 09:25:19 TopoSystem update...
2025/08/05 09:25:19 TopoSystem: Link count: 480000
2025/08/05 09:25:19 TopoSystem update time: 7.120237ms
2025/08/05 09:25:19 AttenuationSystem update...
2025/08/05 09:25:19 AttenuationSystem parallel flag: 0
2025/08/05 09:25:19 Attenuation computed count: 480000
2025/08/05 09:25:19 AttenuationSystem update time: 152.088317ms
2025/08/05 09:25:19 Run 5 complete
2025/08/05 09:25:19 StationSystem update...
2025/08/05 09:25:19 weather update count: 800
2025/08/05 09:25:19 StationSystem update time: 3.212µs
2025/08/05 09:25:19 SatelliteSystem update...
2025/08/05 09:25:19 satellite count: 600
2025/08/05 09:25:19 SatelliteSystem update time: 2.308969ms
2025/08/05 09:25:19 TopoSystem update...
2025/08/05 09:25:19 TopoSystem: Link count: 480000
2025/08/05 09:25:19 TopoSystem update time: 6.99216ms
2025/08/05 09:25:19 AttenuationSystem update...
2025/08/05 09:25:19 AttenuationSystem parallel flag: 0
2025/08/05 09:25:19 Attenuation computed count: 480000
2025/08/05 09:25:19 AttenuationSystem update time: 136.876661ms
2025/08/05 09:25:19 Run 6 complete
2025/08/05 09:25:19 StationSystem update...
2025/08/05 09:25:19 weather update count: 800
2025/08/05 09:25:19 StationSystem update time: 2.975µs
2025/08/05 09:25:19 SatelliteSystem update...
2025/08/05 09:25:19 satellite count: 600
2025/08/05 09:25:19 SatelliteSystem update time: 2.273999ms
2025/08/05 09:25:19 TopoSystem update...
2025/08/05 09:25:19 TopoSystem: Link count: 480000
2025/08/05 09:25:19 TopoSystem update time: 7.000659ms
2025/08/05 09:25:19 AttenuationSystem update...
2025/08/05 09:25:19 AttenuationSystem parallel flag: 0
2025/08/05 09:25:19 Attenuation computed count: 480000
2025/08/05 09:25:19 AttenuationSystem update time: 186.736496ms
2025/08/05 09:25:19 Run 7 complete
2025/08/05 09:25:19 StationSystem update...
2025/08/05 09:25:19 weather update count: 800
2025/08/05 09:25:19 StationSystem update time: 3.171µs
2025/08/05 09:25:19 SatelliteSystem update...
2025/08/05 09:25:19 satellite count: 600
2025/08/05 09:25:19 SatelliteSystem update time: 2.98263ms
2025/08/05 09:25:19 TopoSystem update...
2025/08/05 09:25:19 TopoSystem: Link count: 480000
2025/08/05 09:25:19 TopoSystem update time: 7.138099ms
2025/08/05 09:25:19 AttenuationSystem update...
2025/08/05 09:25:19 AttenuationSystem parallel flag: 0
2025/08/05 09:25:19 Attenuation computed count: 480000
2025/08/05 09:25:19 AttenuationSystem update time: 141.827878ms
2025/08/05 09:25:19 Run 8 complete
2025/08/05 09:25:19 StationSystem update...
2025/08/05 09:25:19 weather update count: 800
2025/08/05 09:25:19 StationSystem update time: 3.361µs
2025/08/05 09:25:19 SatelliteSystem update...
2025/08/05 09:25:19 satellite count: 600
2025/08/05 09:25:19 SatelliteSystem update time: 2.279503ms
2025/08/05 09:25:19 TopoSystem update...
2025/08/05 09:25:19 TopoSystem: Link count: 480000
2025/08/05 09:25:19 TopoSystem update time: 6.981501ms
2025/08/05 09:25:19 AttenuationSystem update...
2025/08/05 09:25:19 AttenuationSystem parallel flag: 0
2025/08/05 09:25:19 Attenuation computed count: 480000
2025/08/05 09:25:19 AttenuationSystem update time: 168.20459ms
2025/08/05 09:25:19 Run 9 complete
2025/08/05 09:25:19 StationSystem update...
2025/08/05 09:25:19 weather update count: 800
2025/08/05 09:25:19 StationSystem update time: 3.13µs
2025/08/05 09:25:19 SatelliteSystem update...
2025/08/05 09:25:19 satellite count: 600
2025/08/05 09:25:19 SatelliteSystem update time: 2.350676ms
2025/08/05 09:25:19 TopoSystem update...
2025/08/05 09:25:19 TopoSystem: Link count: 480000
2025/08/05 09:25:19 TopoSystem update time: 7.013396ms
2025/08/05 09:25:19 AttenuationSystem update...
2025/08/05 09:25:19 AttenuationSystem parallel flag: 0
2025/08/05 09:25:19 Attenuation computed count: 480000
2025/08/05 09:25:19 AttenuationSystem update time: 144.089959ms
2025/08/05 09:25:19 Run 10 complete
2025/08/05 09:25:19 Total update time:  1.642239442s
2025/08/05 09:25:19 linkCache size: 40

 Performance counter stats for './scale_ecs 800 600 10 8 8 0':

        10,019,165      cache-references                                                      
         1,005,515      cache-misses                     #   10.04% of all cache refs         

       1.648021011 seconds time elapsed

      11.122488000 seconds user
       0.027013000 seconds sys


