ECS running with 600 stations, 1500 satellites, 8 numWGs and 4 numBlocks for 10 rounds in 0 parallel pattern
2025/08/05 08:40:50 StationSystem update...
2025/08/05 08:40:50 weather update count: 600
2025/08/05 08:40:50 StationSystem update time: 4.588µs
2025/08/05 08:40:50 SatelliteSystem update...
2025/08/05 08:40:50 satellite count: 1500
2025/08/05 08:40:50 SatelliteSystem update time: 5.682135ms
2025/08/05 08:40:50 TopoSystem update...
2025/08/05 08:40:50 TopoSystem: Link count: 900000
2025/08/05 08:40:50 TopoSystem update time: 21.811604ms
2025/08/05 08:40:50 AttenuationSystem update...
2025/08/05 08:40:50 AttenuationSystem parallel flag: 0
2025/08/05 08:40:50 Attenuation computed count: 900000
2025/08/05 08:40:50 AttenuationSystem update time: 455.728725ms
2025/08/05 08:40:50 Run 1 complete
2025/08/05 08:40:50 StationSystem update...
2025/08/05 08:40:50 weather update count: 600
2025/08/05 08:40:50 StationSystem update time: 3.111µs
2025/08/05 08:40:50 SatelliteSystem update...
2025/08/05 08:40:50 satellite count: 1500
2025/08/05 08:40:50 SatelliteSystem update time: 5.746027ms
2025/08/05 08:40:50 TopoSystem update...
2025/08/05 08:40:50 TopoSystem: Link count: 900000
2025/08/05 08:40:50 TopoSystem update time: 24.287156ms
2025/08/05 08:40:50 AttenuationSystem update...
2025/08/05 08:40:50 AttenuationSystem parallel flag: 0
2025/08/05 08:40:51 Attenuation computed count: 900000
2025/08/05 08:40:51 AttenuationSystem update time: 477.487581ms
2025/08/05 08:40:51 Run 2 complete
2025/08/05 08:40:51 StationSystem update...
2025/08/05 08:40:51 weather update count: 600
2025/08/05 08:40:51 StationSystem update time: 2.579µs
2025/08/05 08:40:51 SatelliteSystem update...
2025/08/05 08:40:51 satellite count: 1500
2025/08/05 08:40:51 SatelliteSystem update time: 4.220998ms
2025/08/05 08:40:51 TopoSystem update...
2025/08/05 08:40:51 TopoSystem: Link count: 900000
2025/08/05 08:40:51 TopoSystem update time: 10.507278ms
2025/08/05 08:40:51 AttenuationSystem update...
2025/08/05 08:40:51 AttenuationSystem parallel flag: 0
2025/08/05 08:40:51 Attenuation computed count: 900000
2025/08/05 08:40:51 AttenuationSystem update time: 546.317412ms
2025/08/05 08:40:51 Run 3 complete
2025/08/05 08:40:51 StationSystem update...
2025/08/05 08:40:51 weather update count: 600
2025/08/05 08:40:51 StationSystem update time: 2.85µs
2025/08/05 08:40:51 SatelliteSystem update...
2025/08/05 08:40:51 satellite count: 1500
2025/08/05 08:40:51 SatelliteSystem update time: 5.696326ms
2025/08/05 08:40:51 TopoSystem update...
2025/08/05 08:40:51 TopoSystem: Link count: 900000
2025/08/05 08:40:51 TopoSystem update time: 12.094534ms
2025/08/05 08:40:51 AttenuationSystem update...
2025/08/05 08:40:51 AttenuationSystem parallel flag: 0
2025/08/05 08:40:52 Attenuation computed count: 900000
2025/08/05 08:40:52 AttenuationSystem update time: 469.3919ms
2025/08/05 08:40:52 Run 4 complete
2025/08/05 08:40:52 StationSystem update...
2025/08/05 08:40:52 weather update count: 600
2025/08/05 08:40:52 StationSystem update time: 2.787µs
2025/08/05 08:40:52 SatelliteSystem update...
2025/08/05 08:40:52 satellite count: 1500
2025/08/05 08:40:52 SatelliteSystem update time: 4.226734ms
2025/08/05 08:40:52 TopoSystem update...
2025/08/05 08:40:52 TopoSystem: Link count: 900000
2025/08/05 08:40:52 TopoSystem update time: 20.245592ms
2025/08/05 08:40:52 AttenuationSystem update...
2025/08/05 08:40:52 AttenuationSystem parallel flag: 0
2025/08/05 08:40:52 Attenuation computed count: 900000
2025/08/05 08:40:52 AttenuationSystem update time: 548.814786ms
2025/08/05 08:40:52 Run 5 complete
2025/08/05 08:40:52 StationSystem update...
2025/08/05 08:40:52 weather update count: 600
2025/08/05 08:40:52 StationSystem update time: 3.222µs
2025/08/05 08:40:52 SatelliteSystem update...
2025/08/05 08:40:52 satellite count: 1500
2025/08/05 08:40:52 SatelliteSystem update time: 8.568421ms
2025/08/05 08:40:52 TopoSystem update...
2025/08/05 08:40:52 TopoSystem: Link count: 900000
2025/08/05 08:40:52 TopoSystem update time: 28.126574ms
2025/08/05 08:40:52 AttenuationSystem update...
2025/08/05 08:40:52 AttenuationSystem parallel flag: 0
2025/08/05 08:40:53 Attenuation computed count: 900000
2025/08/05 08:40:53 AttenuationSystem update time: 415.234784ms
2025/08/05 08:40:53 Run 6 complete
2025/08/05 08:40:53 StationSystem update...
2025/08/05 08:40:53 weather update count: 600
2025/08/05 08:40:53 StationSystem update time: 2.511µs
2025/08/05 08:40:53 SatelliteSystem update...
2025/08/05 08:40:53 satellite count: 1500
2025/08/05 08:40:53 SatelliteSystem update time: 4.231077ms
2025/08/05 08:40:53 TopoSystem update...
2025/08/05 08:40:53 TopoSystem: Link count: 900000
2025/08/05 08:40:53 TopoSystem update time: 12.06248ms
2025/08/05 08:40:53 AttenuationSystem update...
2025/08/05 08:40:53 AttenuationSystem parallel flag: 0
2025/08/05 08:40:53 Attenuation computed count: 900000
2025/08/05 08:40:53 AttenuationSystem update time: 439.997037ms
2025/08/05 08:40:53 Run 7 complete
2025/08/05 08:40:53 StationSystem update...
2025/08/05 08:40:53 weather update count: 600
2025/08/05 08:40:53 StationSystem update time: 3.231µs
2025/08/05 08:40:53 SatelliteSystem update...
2025/08/05 08:40:53 satellite count: 1500
2025/08/05 08:40:53 SatelliteSystem update time: 4.220963ms
2025/08/05 08:40:53 TopoSystem update...
2025/08/05 08:40:53 TopoSystem: Link count: 900000
2025/08/05 08:40:53 TopoSystem update time: 10.346552ms
2025/08/05 08:40:53 AttenuationSystem update...
2025/08/05 08:40:53 AttenuationSystem parallel flag: 0
2025/08/05 08:40:54 Attenuation computed count: 900000
2025/08/05 08:40:54 AttenuationSystem update time: 535.766191ms
2025/08/05 08:40:54 Run 8 complete
2025/08/05 08:40:54 StationSystem update...
2025/08/05 08:40:54 weather update count: 600
2025/08/05 08:40:54 StationSystem update time: 3.008µs
2025/08/05 08:40:54 SatelliteSystem update...
2025/08/05 08:40:54 satellite count: 1500
2025/08/05 08:40:54 SatelliteSystem update time: 10.193535ms
2025/08/05 08:40:54 TopoSystem update...
2025/08/05 08:40:54 TopoSystem: Link count: 900000
2025/08/05 08:40:54 TopoSystem update time: 18.788548ms
2025/08/05 08:40:54 AttenuationSystem update...
2025/08/05 08:40:54 AttenuationSystem parallel flag: 0
2025/08/05 08:40:54 Attenuation computed count: 900000
2025/08/05 08:40:54 AttenuationSystem update time: 399.171561ms
2025/08/05 08:40:54 Run 9 complete
2025/08/05 08:40:54 StationSystem update...
2025/08/05 08:40:54 weather update count: 600
2025/08/05 08:40:54 StationSystem update time: 2.612µs
2025/08/05 08:40:54 SatelliteSystem update...
2025/08/05 08:40:54 satellite count: 1500
2025/08/05 08:40:54 SatelliteSystem update time: 4.219468ms
2025/08/05 08:40:54 TopoSystem update...
2025/08/05 08:40:54 TopoSystem: Link count: 900000
2025/08/05 08:40:54 TopoSystem update time: 10.612679ms
2025/08/05 08:40:54 AttenuationSystem update...
2025/08/05 08:40:54 AttenuationSystem parallel flag: 0
2025/08/05 08:40:54 Attenuation computed count: 900000
2025/08/05 08:40:54 AttenuationSystem update time: 402.036739ms
2025/08/05 08:40:54 Run 10 complete
2025/08/05 08:40:54 Total update time:  4.923300004s
2025/08/05 08:40:54 linkCache size: 40

 Performance counter stats for './scale_ecs 600 1500 10 8 4 0':

        18,873,385      cache-references                                                      
         3,778,887      cache-misses                     #   20.02% of all cache refs         

       4.929291000 seconds time elapsed

      16.956048000 seconds user
       0.066023000 seconds sys


