ECS running with 700 stations, 1600 satellites, 4 numWGs and 2 numBlocks for 10 rounds in 0 parallel pattern
2025/08/05 09:11:08 StationSystem update...
2025/08/05 09:11:08 weather update count: 700
2025/08/05 09:11:08 StationSystem update time: 4.779µs
2025/08/05 09:11:08 SatelliteSystem update...
2025/08/05 09:11:08 satellite count: 1600
2025/08/05 09:11:08 SatelliteSystem update time: 6.076031ms
2025/08/05 09:11:08 TopoSystem update...
2025/08/05 09:11:08 TopoSystem: Link count: 1120000
2025/08/05 09:11:08 TopoSystem update time: 33.928088ms
2025/08/05 09:11:08 AttenuationSystem update...
2025/08/05 09:11:08 AttenuationSystem parallel flag: 0
2025/08/05 09:11:09 Attenuation computed count: 1120000
2025/08/05 09:11:09 AttenuationSystem update time: 1.238941464s
2025/08/05 09:11:09 Run 1 complete
2025/08/05 09:11:09 StationSystem update...
2025/08/05 09:11:09 weather update count: 700
2025/08/05 09:11:09 StationSystem update time: 2.543µs
2025/08/05 09:11:09 SatelliteSystem update...
2025/08/05 09:11:09 satellite count: 1600
2025/08/05 09:11:09 SatelliteSystem update time: 11.086936ms
2025/08/05 09:11:09 TopoSystem update...
2025/08/05 09:11:09 TopoSystem: Link count: 1120000
2025/08/05 09:11:09 TopoSystem update time: 27.543815ms
2025/08/05 09:11:09 AttenuationSystem update...
2025/08/05 09:11:09 AttenuationSystem parallel flag: 0
2025/08/05 09:11:10 Attenuation computed count: 1120000
2025/08/05 09:11:10 AttenuationSystem update time: 1.127953845s
2025/08/05 09:11:10 Run 2 complete
2025/08/05 09:11:10 StationSystem update...
2025/08/05 09:11:10 weather update count: 700
2025/08/05 09:11:10 StationSystem update time: 2.73µs
2025/08/05 09:11:10 SatelliteSystem update...
2025/08/05 09:11:10 satellite count: 1600
2025/08/05 09:11:10 SatelliteSystem update time: 4.489608ms
2025/08/05 09:11:10 TopoSystem update...
2025/08/05 09:11:10 TopoSystem: Link count: 1120000
2025/08/05 09:11:10 TopoSystem update time: 38.020571ms
2025/08/05 09:11:10 AttenuationSystem update...
2025/08/05 09:11:10 AttenuationSystem parallel flag: 0
2025/08/05 09:11:12 Attenuation computed count: 1120000
2025/08/05 09:11:12 AttenuationSystem update time: 1.302611121s
2025/08/05 09:11:12 Run 3 complete
2025/08/05 09:11:12 StationSystem update...
2025/08/05 09:11:12 weather update count: 700
2025/08/05 09:11:12 StationSystem update time: 2.946µs
2025/08/05 09:11:12 SatelliteSystem update...
2025/08/05 09:11:12 satellite count: 1600
2025/08/05 09:11:12 SatelliteSystem update time: 15.136407ms
2025/08/05 09:11:12 TopoSystem update...
2025/08/05 09:11:12 TopoSystem: Link count: 1120000
2025/08/05 09:11:12 TopoSystem update time: 19.125371ms
2025/08/05 09:11:12 AttenuationSystem update...
2025/08/05 09:11:12 AttenuationSystem parallel flag: 0
2025/08/05 09:11:13 Attenuation computed count: 1120000
2025/08/05 09:11:13 AttenuationSystem update time: 1.282625472s
2025/08/05 09:11:13 Run 4 complete
2025/08/05 09:11:13 StationSystem update...
2025/08/05 09:11:13 weather update count: 700
2025/08/05 09:11:13 StationSystem update time: 3.506µs
2025/08/05 09:11:13 SatelliteSystem update...
2025/08/05 09:11:13 satellite count: 1600
2025/08/05 09:11:13 SatelliteSystem update time: 6.054155ms
2025/08/05 09:11:13 TopoSystem update...
2025/08/05 09:11:13 TopoSystem: Link count: 1120000
2025/08/05 09:11:13 TopoSystem update time: 38.442612ms
2025/08/05 09:11:13 AttenuationSystem update...
2025/08/05 09:11:13 AttenuationSystem parallel flag: 0
2025/08/05 09:11:14 Attenuation computed count: 1120000
2025/08/05 09:11:14 AttenuationSystem update time: 1.207508456s
2025/08/05 09:11:14 Run 5 complete
2025/08/05 09:11:14 StationSystem update...
2025/08/05 09:11:14 weather update count: 700
2025/08/05 09:11:14 StationSystem update time: 3.223µs
2025/08/05 09:11:14 SatelliteSystem update...
2025/08/05 09:11:14 satellite count: 1600
2025/08/05 09:11:14 SatelliteSystem update time: 6.055203ms
2025/08/05 09:11:14 TopoSystem update...
2025/08/05 09:11:14 TopoSystem: Link count: 1120000
2025/08/05 09:11:14 TopoSystem update time: 15.039422ms
2025/08/05 09:11:14 AttenuationSystem update...
2025/08/05 09:11:14 AttenuationSystem parallel flag: 0
2025/08/05 09:11:15 Attenuation computed count: 1120000
2025/08/05 09:11:15 AttenuationSystem update time: 1.083905203s
2025/08/05 09:11:15 Run 6 complete
2025/08/05 09:11:15 StationSystem update...
2025/08/05 09:11:15 weather update count: 700
2025/08/05 09:11:15 StationSystem update time: 3.468µs
2025/08/05 09:11:15 SatelliteSystem update...
2025/08/05 09:11:15 satellite count: 1600
2025/08/05 09:11:15 SatelliteSystem update time: 6.061198ms
2025/08/05 09:11:15 TopoSystem update...
2025/08/05 09:11:16 TopoSystem: Link count: 1120000
2025/08/05 09:11:16 TopoSystem update time: 33.983031ms
2025/08/05 09:11:16 AttenuationSystem update...
2025/08/05 09:11:16 AttenuationSystem parallel flag: 0
2025/08/05 09:11:17 Attenuation computed count: 1120000
2025/08/05 09:11:17 AttenuationSystem update time: 1.315149443s
2025/08/05 09:11:17 Run 7 complete
2025/08/05 09:11:17 StationSystem update...
2025/08/05 09:11:17 weather update count: 700
2025/08/05 09:11:17 StationSystem update time: 3.327µs
2025/08/05 09:11:17 SatelliteSystem update...
2025/08/05 09:11:17 satellite count: 1600
2025/08/05 09:11:17 SatelliteSystem update time: 6.056034ms
2025/08/05 09:11:17 TopoSystem update...
2025/08/05 09:11:17 TopoSystem: Link count: 1120000
2025/08/05 09:11:17 TopoSystem update time: 17.044569ms
2025/08/05 09:11:17 AttenuationSystem update...
2025/08/05 09:11:17 AttenuationSystem parallel flag: 0
2025/08/05 09:11:18 Attenuation computed count: 1120000
2025/08/05 09:11:18 AttenuationSystem update time: 1.568856229s
2025/08/05 09:11:18 Run 8 complete
2025/08/05 09:11:18 StationSystem update...
2025/08/05 09:11:18 weather update count: 700
2025/08/05 09:11:18 StationSystem update time: 3.295µs
2025/08/05 09:11:18 SatelliteSystem update...
2025/08/05 09:11:18 satellite count: 1600
2025/08/05 09:11:18 SatelliteSystem update time: 6.048023ms
2025/08/05 09:11:18 TopoSystem update...
2025/08/05 09:11:18 TopoSystem: Link count: 1120000
2025/08/05 09:11:18 TopoSystem update time: 16.940526ms
2025/08/05 09:11:18 AttenuationSystem update...
2025/08/05 09:11:18 AttenuationSystem parallel flag: 0
2025/08/05 09:11:20 Attenuation computed count: 1120000
2025/08/05 09:11:20 AttenuationSystem update time: 1.330568828s
2025/08/05 09:11:20 Run 9 complete
2025/08/05 09:11:20 StationSystem update...
2025/08/05 09:11:20 weather update count: 700
2025/08/05 09:11:20 StationSystem update time: 4.412µs
2025/08/05 09:11:20 SatelliteSystem update...
2025/08/05 09:11:20 satellite count: 1600
2025/08/05 09:11:20 SatelliteSystem update time: 6.057695ms
2025/08/05 09:11:20 TopoSystem update...
2025/08/05 09:11:20 TopoSystem: Link count: 1120000
2025/08/05 09:11:20 TopoSystem update time: 16.753883ms
2025/08/05 09:11:20 AttenuationSystem update...
2025/08/05 09:11:20 AttenuationSystem parallel flag: 0
2025/08/05 09:11:21 Attenuation computed count: 1120000
2025/08/05 09:11:21 AttenuationSystem update time: 1.310488361s
2025/08/05 09:11:21 Run 10 complete
2025/08/05 09:11:21 Total update time:  13.106271095s
2025/08/05 09:11:21 linkCache size: 40

 Performance counter stats for './scale_ecs 700 1600 10 4 2 0':

        23,752,128      cache-references                                                      
         5,967,350      cache-misses                     #   25.12% of all cache refs         

      13.113368960 seconds time elapsed

      24.163522000 seconds user
       0.073049000 seconds sys


