ECS running with 700 stations, 1200 satellites, 2 numWGs and 8 numBlocks for 10 rounds in 0 parallel pattern
2025/08/05 09:02:48 StationSystem update...
2025/08/05 09:02:48 weather update count: 700
2025/08/05 09:02:48 StationSystem update time: 3.546µs
2025/08/05 09:02:48 SatelliteSystem update...
2025/08/05 09:02:48 satellite count: 1200
2025/08/05 09:02:48 SatelliteSystem update time: 3.377308ms
2025/08/05 09:02:48 TopoSystem update...
2025/08/05 09:02:48 TopoSystem: Link count: 840000
2025/08/05 09:02:48 TopoSystem update time: 26.886158ms
2025/08/05 09:02:48 AttenuationSystem update...
2025/08/05 09:02:48 AttenuationSystem parallel flag: 0
2025/08/05 09:02:48 Attenuation computed count: 840000
2025/08/05 09:02:48 AttenuationSystem update time: 240.908884ms
2025/08/05 09:02:48 Run 1 complete
2025/08/05 09:02:48 StationSystem update...
2025/08/05 09:02:48 weather update count: 700
2025/08/05 09:02:48 StationSystem update time: 2.958µs
2025/08/05 09:02:48 SatelliteSystem update...
2025/08/05 09:02:48 satellite count: 1200
2025/08/05 09:02:48 SatelliteSystem update time: 4.545837ms
2025/08/05 09:02:48 TopoSystem update...
2025/08/05 09:02:48 TopoSystem: Link count: 840000
2025/08/05 09:02:48 TopoSystem update time: 23.915709ms
2025/08/05 09:02:48 AttenuationSystem update...
2025/08/05 09:02:48 AttenuationSystem parallel flag: 0
2025/08/05 09:02:49 Attenuation computed count: 840000
2025/08/05 09:02:49 AttenuationSystem update time: 248.116619ms
2025/08/05 09:02:49 Run 2 complete
2025/08/05 09:02:49 StationSystem update...
2025/08/05 09:02:49 weather update count: 700
2025/08/05 09:02:49 StationSystem update time: 3.145µs
2025/08/05 09:02:49 SatelliteSystem update...
2025/08/05 09:02:49 satellite count: 1200
2025/08/05 09:02:49 SatelliteSystem update time: 4.541971ms
2025/08/05 09:02:49 TopoSystem update...
2025/08/05 09:02:49 TopoSystem: Link count: 840000
2025/08/05 09:02:49 TopoSystem update time: 12.534132ms
2025/08/05 09:02:49 AttenuationSystem update...
2025/08/05 09:02:49 AttenuationSystem parallel flag: 0
2025/08/05 09:02:49 Attenuation computed count: 840000
2025/08/05 09:02:49 AttenuationSystem update time: 273.340931ms
2025/08/05 09:02:49 Run 3 complete
2025/08/05 09:02:49 StationSystem update...
2025/08/05 09:02:49 weather update count: 700
2025/08/05 09:02:49 StationSystem update time: 3.341µs
2025/08/05 09:02:49 SatelliteSystem update...
2025/08/05 09:02:49 satellite count: 1200
2025/08/05 09:02:49 SatelliteSystem update time: 4.560238ms
2025/08/05 09:02:49 TopoSystem update...
2025/08/05 09:02:49 TopoSystem: Link count: 840000
2025/08/05 09:02:49 TopoSystem update time: 14.167801ms
2025/08/05 09:02:49 AttenuationSystem update...
2025/08/05 09:02:49 AttenuationSystem parallel flag: 0
2025/08/05 09:02:49 Attenuation computed count: 840000
2025/08/05 09:02:49 AttenuationSystem update time: 255.871208ms
2025/08/05 09:02:49 Run 4 complete
2025/08/05 09:02:49 StationSystem update...
2025/08/05 09:02:49 weather update count: 700
2025/08/05 09:02:49 StationSystem update time: 3.027µs
2025/08/05 09:02:49 SatelliteSystem update...
2025/08/05 09:02:49 satellite count: 1200
2025/08/05 09:02:49 SatelliteSystem update time: 4.577206ms
2025/08/05 09:02:49 TopoSystem update...
2025/08/05 09:02:49 TopoSystem: Link count: 840000
2025/08/05 09:02:49 TopoSystem update time: 12.417235ms
2025/08/05 09:02:49 AttenuationSystem update...
2025/08/05 09:02:49 AttenuationSystem parallel flag: 0
2025/08/05 09:02:50 Attenuation computed count: 840000
2025/08/05 09:02:50 AttenuationSystem update time: 273.242507ms
2025/08/05 09:02:50 Run 5 complete
2025/08/05 09:02:50 StationSystem update...
2025/08/05 09:02:50 weather update count: 700
2025/08/05 09:02:50 StationSystem update time: 3.154µs
2025/08/05 09:02:50 SatelliteSystem update...
2025/08/05 09:02:50 satellite count: 1200
2025/08/05 09:02:50 SatelliteSystem update time: 4.549405ms
2025/08/05 09:02:50 TopoSystem update...
2025/08/05 09:02:50 TopoSystem: Link count: 840000
2025/08/05 09:02:50 TopoSystem update time: 12.403455ms
2025/08/05 09:02:50 AttenuationSystem update...
2025/08/05 09:02:50 AttenuationSystem parallel flag: 0
2025/08/05 09:02:50 Attenuation computed count: 840000
2025/08/05 09:02:50 AttenuationSystem update time: 255.190547ms
2025/08/05 09:02:50 Run 6 complete
2025/08/05 09:02:50 StationSystem update...
2025/08/05 09:02:50 weather update count: 700
2025/08/05 09:02:50 StationSystem update time: 2.799µs
2025/08/05 09:02:50 SatelliteSystem update...
2025/08/05 09:02:50 satellite count: 1200
2025/08/05 09:02:50 SatelliteSystem update time: 4.543007ms
2025/08/05 09:02:50 TopoSystem update...
2025/08/05 09:02:50 TopoSystem: Link count: 840000
2025/08/05 09:02:50 TopoSystem update time: 12.381954ms
2025/08/05 09:02:50 AttenuationSystem update...
2025/08/05 09:02:50 AttenuationSystem parallel flag: 0
2025/08/05 09:02:50 Attenuation computed count: 840000
2025/08/05 09:02:50 AttenuationSystem update time: 241.614861ms
2025/08/05 09:02:50 Run 7 complete
2025/08/05 09:02:50 StationSystem update...
2025/08/05 09:02:50 weather update count: 700
2025/08/05 09:02:50 StationSystem update time: 3.469µs
2025/08/05 09:02:50 SatelliteSystem update...
2025/08/05 09:02:50 satellite count: 1200
2025/08/05 09:02:50 SatelliteSystem update time: 4.549785ms
2025/08/05 09:02:50 TopoSystem update...
2025/08/05 09:02:50 TopoSystem: Link count: 840000
2025/08/05 09:02:50 TopoSystem update time: 12.41192ms
2025/08/05 09:02:50 AttenuationSystem update...
2025/08/05 09:02:50 AttenuationSystem parallel flag: 0
2025/08/05 09:02:50 Attenuation computed count: 840000
2025/08/05 09:02:50 AttenuationSystem update time: 273.335357ms
2025/08/05 09:02:50 Run 8 complete
2025/08/05 09:02:50 StationSystem update...
2025/08/05 09:02:50 weather update count: 700
2025/08/05 09:02:50 StationSystem update time: 3.198µs
2025/08/05 09:02:50 SatelliteSystem update...
2025/08/05 09:02:50 satellite count: 1200
2025/08/05 09:02:50 SatelliteSystem update time: 4.548653ms
2025/08/05 09:02:50 TopoSystem update...
2025/08/05 09:02:50 TopoSystem: Link count: 840000
2025/08/05 09:02:50 TopoSystem update time: 16.351797ms
2025/08/05 09:02:50 AttenuationSystem update...
2025/08/05 09:02:50 AttenuationSystem parallel flag: 0
2025/08/05 09:02:51 Attenuation computed count: 840000
2025/08/05 09:02:51 AttenuationSystem update time: 270.31252ms
2025/08/05 09:02:51 Run 9 complete
2025/08/05 09:02:51 StationSystem update...
2025/08/05 09:02:51 weather update count: 700
2025/08/05 09:02:51 StationSystem update time: 3.154µs
2025/08/05 09:02:51 SatelliteSystem update...
2025/08/05 09:02:51 satellite count: 1200
2025/08/05 09:02:51 SatelliteSystem update time: 4.56458ms
2025/08/05 09:02:51 TopoSystem update...
2025/08/05 09:02:51 TopoSystem: Link count: 840000
2025/08/05 09:02:51 TopoSystem update time: 16.201799ms
2025/08/05 09:02:51 AttenuationSystem update...
2025/08/05 09:02:51 AttenuationSystem parallel flag: 0
2025/08/05 09:02:51 Attenuation computed count: 840000
2025/08/05 09:02:51 AttenuationSystem update time: 246.915242ms
2025/08/05 09:02:51 Run 10 complete
2025/08/05 09:02:51 Total update time:  2.788619654s
2025/08/05 09:02:51 linkCache size: 40

 Performance counter stats for './scale_ecs 700 1200 10 2 8 0':

        17,760,221      cache-references                                                      
         3,335,080      cache-misses                     #   18.78% of all cache refs         

       2.794700175 seconds time elapsed

      18.735402000 seconds user
       0.060014000 seconds sys


