ECS running with 600 stations, 600 satellites, 8 numWGs and 2 numBlocks for 10 rounds in 0 parallel pattern
2025/08/05 08:27:12 StationSystem update...
2025/08/05 08:27:12 weather update count: 600
2025/08/05 08:27:12 StationSystem update time: 4.562µs
2025/08/05 08:27:12 SatelliteSystem update...
2025/08/05 08:27:12 satellite count: 600
2025/08/05 08:27:12 SatelliteSystem update time: 2.317449ms
2025/08/05 08:27:12 TopoSystem update...
2025/08/05 08:27:12 TopoSystem: Link count: 360000
2025/08/05 08:27:12 TopoSystem update time: 12.625533ms
2025/08/05 08:27:12 AttenuationSystem update...
2025/08/05 08:27:12 AttenuationSystem parallel flag: 0
2025/08/05 08:27:13 Attenuation computed count: 360000
2025/08/05 08:27:13 AttenuationSystem update time: 410.585116ms
2025/08/05 08:27:13 Run 1 complete
2025/08/05 08:27:13 StationSystem update...
2025/08/05 08:27:13 weather update count: 600
2025/08/05 08:27:13 StationSystem update time: 3µs
2025/08/05 08:27:13 SatelliteSystem update...
2025/08/05 08:27:13 satellite count: 600
2025/08/05 08:27:13 SatelliteSystem update time: 2.288402ms
2025/08/05 08:27:13 TopoSystem update...
2025/08/05 08:27:13 TopoSystem: Link count: 360000
2025/08/05 08:27:13 TopoSystem update time: 8.48156ms
2025/08/05 08:27:13 AttenuationSystem update...
2025/08/05 08:27:13 AttenuationSystem parallel flag: 0
2025/08/05 08:27:13 Attenuation computed count: 360000
2025/08/05 08:27:13 AttenuationSystem update time: 411.070866ms
2025/08/05 08:27:13 Run 2 complete
2025/08/05 08:27:13 StationSystem update...
2025/08/05 08:27:13 weather update count: 600
2025/08/05 08:27:13 StationSystem update time: 3.168µs
2025/08/05 08:27:13 SatelliteSystem update...
2025/08/05 08:27:13 satellite count: 600
2025/08/05 08:27:13 SatelliteSystem update time: 2.282009ms
2025/08/05 08:27:13 TopoSystem update...
2025/08/05 08:27:13 TopoSystem: Link count: 360000
2025/08/05 08:27:13 TopoSystem update time: 5.788944ms
2025/08/05 08:27:13 AttenuationSystem update...
2025/08/05 08:27:13 AttenuationSystem parallel flag: 0
2025/08/05 08:27:13 Attenuation computed count: 360000
2025/08/05 08:27:13 AttenuationSystem update time: 380.488841ms
2025/08/05 08:27:13 Run 3 complete
2025/08/05 08:27:13 StationSystem update...
2025/08/05 08:27:13 weather update count: 600
2025/08/05 08:27:13 StationSystem update time: 2.14µs
2025/08/05 08:27:13 SatelliteSystem update...
2025/08/05 08:27:13 satellite count: 600
2025/08/05 08:27:13 SatelliteSystem update time: 1.691212ms
2025/08/05 08:27:13 TopoSystem update...
2025/08/05 08:27:14 TopoSystem: Link count: 360000
2025/08/05 08:27:14 TopoSystem update time: 7.37703ms
2025/08/05 08:27:14 AttenuationSystem update...
2025/08/05 08:27:14 AttenuationSystem parallel flag: 0
2025/08/05 08:27:14 Attenuation computed count: 360000
2025/08/05 08:27:14 AttenuationSystem update time: 356.081234ms
2025/08/05 08:27:14 Run 4 complete
2025/08/05 08:27:14 StationSystem update...
2025/08/05 08:27:14 weather update count: 600
2025/08/05 08:27:14 StationSystem update time: 2.879µs
2025/08/05 08:27:14 SatelliteSystem update...
2025/08/05 08:27:14 satellite count: 600
2025/08/05 08:27:14 SatelliteSystem update time: 2.567808ms
2025/08/05 08:27:14 TopoSystem update...
2025/08/05 08:27:14 TopoSystem: Link count: 360000
2025/08/05 08:27:14 TopoSystem update time: 5.933327ms
2025/08/05 08:27:14 AttenuationSystem update...
2025/08/05 08:27:14 AttenuationSystem parallel flag: 0
2025/08/05 08:27:14 Attenuation computed count: 360000
2025/08/05 08:27:14 AttenuationSystem update time: 443.857678ms
2025/08/05 08:27:14 Run 5 complete
2025/08/05 08:27:14 StationSystem update...
2025/08/05 08:27:14 weather update count: 600
2025/08/05 08:27:14 StationSystem update time: 2.618µs
2025/08/05 08:27:14 SatelliteSystem update...
2025/08/05 08:27:14 satellite count: 600
2025/08/05 08:27:14 SatelliteSystem update time: 2.299282ms
2025/08/05 08:27:14 TopoSystem update...
2025/08/05 08:27:14 TopoSystem: Link count: 360000
2025/08/05 08:27:14 TopoSystem update time: 7.169918ms
2025/08/05 08:27:14 AttenuationSystem update...
2025/08/05 08:27:14 AttenuationSystem parallel flag: 0
2025/08/05 08:27:15 Attenuation computed count: 360000
2025/08/05 08:27:15 AttenuationSystem update time: 422.587559ms
2025/08/05 08:27:15 Run 6 complete
2025/08/05 08:27:15 StationSystem update...
2025/08/05 08:27:15 weather update count: 600
2025/08/05 08:27:15 StationSystem update time: 3.15µs
2025/08/05 08:27:15 SatelliteSystem update...
2025/08/05 08:27:15 satellite count: 600
2025/08/05 08:27:15 SatelliteSystem update time: 2.288512ms
2025/08/05 08:27:15 TopoSystem update...
2025/08/05 08:27:15 TopoSystem: Link count: 360000
2025/08/05 08:27:15 TopoSystem update time: 5.486307ms
2025/08/05 08:27:15 AttenuationSystem update...
2025/08/05 08:27:15 AttenuationSystem parallel flag: 0
2025/08/05 08:27:15 Attenuation computed count: 360000
2025/08/05 08:27:15 AttenuationSystem update time: 391.974995ms
2025/08/05 08:27:15 Run 7 complete
2025/08/05 08:27:15 StationSystem update...
2025/08/05 08:27:15 weather update count: 600
2025/08/05 08:27:15 StationSystem update time: 2.758µs
2025/08/05 08:27:15 SatelliteSystem update...
2025/08/05 08:27:15 satellite count: 600
2025/08/05 08:27:15 SatelliteSystem update time: 2.289349ms
2025/08/05 08:27:15 TopoSystem update...
2025/08/05 08:27:15 TopoSystem: Link count: 360000
2025/08/05 08:27:15 TopoSystem update time: 5.475375ms
2025/08/05 08:27:15 AttenuationSystem update...
2025/08/05 08:27:15 AttenuationSystem parallel flag: 0
2025/08/05 08:27:16 Attenuation computed count: 360000
2025/08/05 08:27:16 AttenuationSystem update time: 457.382737ms
2025/08/05 08:27:16 Run 8 complete
2025/08/05 08:27:16 StationSystem update...
2025/08/05 08:27:16 weather update count: 600
2025/08/05 08:27:16 StationSystem update time: 3.139µs
2025/08/05 08:27:16 SatelliteSystem update...
2025/08/05 08:27:16 satellite count: 600
2025/08/05 08:27:16 SatelliteSystem update time: 2.289619ms
2025/08/05 08:27:16 TopoSystem update...
2025/08/05 08:27:16 TopoSystem: Link count: 360000
2025/08/05 08:27:16 TopoSystem update time: 18.922705ms
2025/08/05 08:27:16 AttenuationSystem update...
2025/08/05 08:27:16 AttenuationSystem parallel flag: 0
2025/08/05 08:27:16 Attenuation computed count: 360000
2025/08/05 08:27:16 AttenuationSystem update time: 401.864993ms
2025/08/05 08:27:16 Run 9 complete
2025/08/05 08:27:16 StationSystem update...
2025/08/05 08:27:16 weather update count: 600
2025/08/05 08:27:16 StationSystem update time: 2.43µs
2025/08/05 08:27:16 SatelliteSystem update...
2025/08/05 08:27:16 satellite count: 600
2025/08/05 08:27:16 SatelliteSystem update time: 2.297887ms
2025/08/05 08:27:16 TopoSystem update...
2025/08/05 08:27:16 TopoSystem: Link count: 360000
2025/08/05 08:27:16 TopoSystem update time: 8.116296ms
2025/08/05 08:27:16 AttenuationSystem update...
2025/08/05 08:27:16 AttenuationSystem parallel flag: 0
2025/08/05 08:27:16 Attenuation computed count: 360000
2025/08/05 08:27:16 AttenuationSystem update time: 443.864078ms
2025/08/05 08:27:16 Run 10 complete
2025/08/05 08:27:16 Total update time:  4.230818274s
2025/08/05 08:27:16 linkCache size: 40

 Performance counter stats for './scale_ecs 600 600 10 8 2 0':

         8,297,930      cache-references                                                      
         1,542,627      cache-misses                     #   18.59% of all cache refs         

       4.235756787 seconds time elapsed

       8.028872000 seconds user
       0.043004000 seconds sys


