ECS running with 700 stations, 1800 satellites, 2 numWGs and 4 numBlocks for 10 rounds in 1 parallel pattern
2025/08/05 09:15:16 StationSystem update...
2025/08/05 09:15:16 weather update count: 700
2025/08/05 09:15:16 StationSystem update time: 5.103µs
2025/08/05 09:15:16 SatelliteSystem update...
2025/08/05 09:15:16 satellite count: 1800
2025/08/05 09:15:16 SatelliteSystem update time: 6.80045ms
2025/08/05 09:15:16 TopoSystem update...
2025/08/05 09:15:16 TopoSystem: Link count: 1260000
2025/08/05 09:15:16 TopoSystem update time: 38.549237ms
2025/08/05 09:15:16 AttenuationSystem update...
2025/08/05 09:15:16 AttenuationSystem parallel flag: 1
2025/08/05 09:15:17 Attenuation computed count: 1260000
2025/08/05 09:15:17 AttenuationSystem update time: 1.439074049s
2025/08/05 09:15:17 Run 1 complete
2025/08/05 09:15:17 StationSystem update...
2025/08/05 09:15:17 weather update count: 700
2025/08/05 09:15:17 StationSystem update time: 3.466µs
2025/08/05 09:15:17 SatelliteSystem update...
2025/08/05 09:15:17 satellite count: 1800
2025/08/05 09:15:17 SatelliteSystem update time: 6.82217ms
2025/08/05 09:15:17 TopoSystem update...
2025/08/05 09:15:17 TopoSystem: Link count: 1260000
2025/08/05 09:15:17 TopoSystem update time: 33.883023ms
2025/08/05 09:15:17 AttenuationSystem update...
2025/08/05 09:15:17 AttenuationSystem parallel flag: 1
2025/08/05 09:15:19 Attenuation computed count: 1260000
2025/08/05 09:15:19 AttenuationSystem update time: 1.471750026s
2025/08/05 09:15:19 Run 2 complete
2025/08/05 09:15:19 StationSystem update...
2025/08/05 09:15:19 weather update count: 700
2025/08/05 09:15:19 StationSystem update time: 3.82µs
2025/08/05 09:15:19 SatelliteSystem update...
2025/08/05 09:15:19 satellite count: 1800
2025/08/05 09:15:19 SatelliteSystem update time: 6.471641ms
2025/08/05 09:15:19 TopoSystem update...
2025/08/05 09:15:19 TopoSystem: Link count: 1260000
2025/08/05 09:15:19 TopoSystem update time: 27.361578ms
2025/08/05 09:15:19 AttenuationSystem update...
2025/08/05 09:15:19 AttenuationSystem parallel flag: 1
2025/08/05 09:15:20 Attenuation computed count: 1260000
2025/08/05 09:15:20 AttenuationSystem update time: 1.466800425s
2025/08/05 09:15:20 Run 3 complete
2025/08/05 09:15:20 StationSystem update...
2025/08/05 09:15:20 weather update count: 700
2025/08/05 09:15:20 StationSystem update time: 3.556µs
2025/08/05 09:15:20 SatelliteSystem update...
2025/08/05 09:15:20 satellite count: 1800
2025/08/05 09:15:20 SatelliteSystem update time: 5.057574ms
2025/08/05 09:15:20 TopoSystem update...
2025/08/05 09:15:20 TopoSystem: Link count: 1260000
2025/08/05 09:15:20 TopoSystem update time: 25.939939ms
2025/08/05 09:15:20 AttenuationSystem update...
2025/08/05 09:15:20 AttenuationSystem parallel flag: 1
2025/08/05 09:15:22 Attenuation computed count: 1260000
2025/08/05 09:15:22 AttenuationSystem update time: 1.387591891s
2025/08/05 09:15:22 Run 4 complete
2025/08/05 09:15:22 StationSystem update...
2025/08/05 09:15:22 weather update count: 700
2025/08/05 09:15:22 StationSystem update time: 3.222µs
2025/08/05 09:15:22 SatelliteSystem update...
2025/08/05 09:15:22 satellite count: 1800
2025/08/05 09:15:22 SatelliteSystem update time: 5.969689ms
2025/08/05 09:15:22 TopoSystem update...
2025/08/05 09:15:22 TopoSystem: Link count: 1260000
2025/08/05 09:15:22 TopoSystem update time: 27.033385ms
2025/08/05 09:15:22 AttenuationSystem update...
2025/08/05 09:15:22 AttenuationSystem parallel flag: 1
2025/08/05 09:15:23 Attenuation computed count: 1260000
2025/08/05 09:15:23 AttenuationSystem update time: 1.476606844s
2025/08/05 09:15:23 Run 5 complete
2025/08/05 09:15:23 StationSystem update...
2025/08/05 09:15:23 weather update count: 700
2025/08/05 09:15:23 StationSystem update time: 3.767µs
2025/08/05 09:15:23 SatelliteSystem update...
2025/08/05 09:15:23 satellite count: 1800
2025/08/05 09:15:23 SatelliteSystem update time: 6.301611ms
2025/08/05 09:15:23 TopoSystem update...
2025/08/05 09:15:23 TopoSystem: Link count: 1260000
2025/08/05 09:15:23 TopoSystem update time: 18.646571ms
2025/08/05 09:15:23 AttenuationSystem update...
2025/08/05 09:15:23 AttenuationSystem parallel flag: 1
2025/08/05 09:15:25 Attenuation computed count: 1260000
2025/08/05 09:15:25 AttenuationSystem update time: 1.389553336s
2025/08/05 09:15:25 Run 6 complete
2025/08/05 09:15:25 StationSystem update...
2025/08/05 09:15:25 weather update count: 700
2025/08/05 09:15:25 StationSystem update time: 3.506µs
2025/08/05 09:15:25 SatelliteSystem update...
2025/08/05 09:15:25 satellite count: 1800
2025/08/05 09:15:25 SatelliteSystem update time: 5.154906ms
2025/08/05 09:15:25 TopoSystem update...
2025/08/05 09:15:25 TopoSystem: Link count: 1260000
2025/08/05 09:15:25 TopoSystem update time: 30.320078ms
2025/08/05 09:15:25 AttenuationSystem update...
2025/08/05 09:15:25 AttenuationSystem parallel flag: 1
2025/08/05 09:15:26 Attenuation computed count: 1260000
2025/08/05 09:15:26 AttenuationSystem update time: 1.450815714s
2025/08/05 09:15:26 Run 7 complete
2025/08/05 09:15:26 StationSystem update...
2025/08/05 09:15:26 weather update count: 700
2025/08/05 09:15:26 StationSystem update time: 3.453µs
2025/08/05 09:15:26 SatelliteSystem update...
2025/08/05 09:15:26 satellite count: 1800
2025/08/05 09:15:26 SatelliteSystem update time: 5.526054ms
2025/08/05 09:15:26 TopoSystem update...
2025/08/05 09:15:26 TopoSystem: Link count: 1260000
2025/08/05 09:15:26 TopoSystem update time: 30.295971ms
2025/08/05 09:15:26 AttenuationSystem update...
2025/08/05 09:15:26 AttenuationSystem parallel flag: 1
2025/08/05 09:15:28 Attenuation computed count: 1260000
2025/08/05 09:15:28 AttenuationSystem update time: 1.472545402s
2025/08/05 09:15:28 Run 8 complete
2025/08/05 09:15:28 StationSystem update...
2025/08/05 09:15:28 weather update count: 700
2025/08/05 09:15:28 StationSystem update time: 3.849µs
2025/08/05 09:15:28 SatelliteSystem update...
2025/08/05 09:15:28 satellite count: 1800
2025/08/05 09:15:28 SatelliteSystem update time: 6.802963ms
2025/08/05 09:15:28 TopoSystem update...
2025/08/05 09:15:28 TopoSystem: Link count: 1260000
2025/08/05 09:15:28 TopoSystem update time: 22.590121ms
2025/08/05 09:15:28 AttenuationSystem update...
2025/08/05 09:15:28 AttenuationSystem parallel flag: 1
2025/08/05 09:15:29 Attenuation computed count: 1260000
2025/08/05 09:15:29 AttenuationSystem update time: 1.443989726s
2025/08/05 09:15:29 Run 9 complete
2025/08/05 09:15:29 StationSystem update...
2025/08/05 09:15:29 weather update count: 700
2025/08/05 09:15:29 StationSystem update time: 3.846µs
2025/08/05 09:15:29 SatelliteSystem update...
2025/08/05 09:15:29 satellite count: 1800
2025/08/05 09:15:29 SatelliteSystem update time: 6.876175ms
2025/08/05 09:15:29 TopoSystem update...
2025/08/05 09:15:29 TopoSystem: Link count: 1260000
2025/08/05 09:15:29 TopoSystem update time: 19.216002ms
2025/08/05 09:15:29 AttenuationSystem update...
2025/08/05 09:15:29 AttenuationSystem parallel flag: 1
2025/08/05 09:15:30 Attenuation computed count: 1260000
2025/08/05 09:15:30 AttenuationSystem update time: 1.263605057s
2025/08/05 09:15:30 Run 10 complete
2025/08/05 09:15:30 Total update time:  14.608600585s
2025/08/05 09:15:30 linkCache size: 40

 Performance counter stats for './scale_ecs 700 1800 10 2 4 1':

        26,832,957      cache-references                                                      
         6,900,514      cache-misses                     #   25.72% of all cache refs         

      14.623447155 seconds time elapsed

      27.560218000 seconds user
       0.111037000 seconds sys


