ECS running with 700 stations, 700 satellites, 4 numWGs and 8 numBlocks for 10 rounds in 0 parallel pattern
2025/08/05 08:55:38 StationSystem update...
2025/08/05 08:55:38 weather update count: 700
2025/08/05 08:55:38 StationSystem update time: 4.547µs
2025/08/05 08:55:38 SatelliteSystem update...
2025/08/05 08:55:38 satellite count: 700
2025/08/05 08:55:38 SatelliteSystem update time: 2.663348ms
2025/08/05 08:55:38 TopoSystem update...
2025/08/05 08:55:38 TopoSystem: Link count: 490000
2025/08/05 08:55:38 TopoSystem update time: 16.899192ms
2025/08/05 08:55:38 AttenuationSystem update...
2025/08/05 08:55:38 AttenuationSystem parallel flag: 0
2025/08/05 08:55:38 Attenuation computed count: 490000
2025/08/05 08:55:38 AttenuationSystem update time: 140.583469ms
2025/08/05 08:55:38 Run 1 complete
2025/08/05 08:55:38 StationSystem update...
2025/08/05 08:55:38 weather update count: 700
2025/08/05 08:55:38 StationSystem update time: 2.948µs
2025/08/05 08:55:38 SatelliteSystem update...
2025/08/05 08:55:38 satellite count: 700
2025/08/05 08:55:38 SatelliteSystem update time: 2.670399ms
2025/08/05 08:55:38 TopoSystem update...
2025/08/05 08:55:38 TopoSystem: Link count: 490000
2025/08/05 08:55:38 TopoSystem update time: 14.054438ms
2025/08/05 08:55:38 AttenuationSystem update...
2025/08/05 08:55:38 AttenuationSystem parallel flag: 0
2025/08/05 08:55:38 Attenuation computed count: 490000
2025/08/05 08:55:38 AttenuationSystem update time: 169.902342ms
2025/08/05 08:55:38 Run 2 complete
2025/08/05 08:55:38 StationSystem update...
2025/08/05 08:55:38 weather update count: 700
2025/08/05 08:55:38 StationSystem update time: 3.084µs
2025/08/05 08:55:38 SatelliteSystem update...
2025/08/05 08:55:38 satellite count: 700
2025/08/05 08:55:38 SatelliteSystem update time: 2.664897ms
2025/08/05 08:55:38 TopoSystem update...
2025/08/05 08:55:38 TopoSystem: Link count: 490000
2025/08/05 08:55:38 TopoSystem update time: 8.543109ms
2025/08/05 08:55:38 AttenuationSystem update...
2025/08/05 08:55:38 AttenuationSystem parallel flag: 0
2025/08/05 08:55:38 Attenuation computed count: 490000
2025/08/05 08:55:38 AttenuationSystem update time: 170.828189ms
2025/08/05 08:55:38 Run 3 complete
2025/08/05 08:55:38 StationSystem update...
2025/08/05 08:55:38 weather update count: 700
2025/08/05 08:55:38 StationSystem update time: 3.211µs
2025/08/05 08:55:38 SatelliteSystem update...
2025/08/05 08:55:38 satellite count: 700
2025/08/05 08:55:38 SatelliteSystem update time: 2.65355ms
2025/08/05 08:55:38 TopoSystem update...
2025/08/05 08:55:38 TopoSystem: Link count: 490000
2025/08/05 08:55:38 TopoSystem update time: 8.422821ms
2025/08/05 08:55:38 AttenuationSystem update...
2025/08/05 08:55:38 AttenuationSystem parallel flag: 0
2025/08/05 08:55:38 Attenuation computed count: 490000
2025/08/05 08:55:38 AttenuationSystem update time: 174.135983ms
2025/08/05 08:55:38 Run 4 complete
2025/08/05 08:55:38 StationSystem update...
2025/08/05 08:55:38 weather update count: 700
2025/08/05 08:55:38 StationSystem update time: 2.942µs
2025/08/05 08:55:38 SatelliteSystem update...
2025/08/05 08:55:38 satellite count: 700
2025/08/05 08:55:38 SatelliteSystem update time: 2.668456ms
2025/08/05 08:55:38 TopoSystem update...
2025/08/05 08:55:38 TopoSystem: Link count: 490000
2025/08/05 08:55:38 TopoSystem update time: 7.767401ms
2025/08/05 08:55:38 AttenuationSystem update...
2025/08/05 08:55:38 AttenuationSystem parallel flag: 0
2025/08/05 08:55:38 Attenuation computed count: 490000
2025/08/05 08:55:38 AttenuationSystem update time: 159.552908ms
2025/08/05 08:55:38 Run 5 complete
2025/08/05 08:55:38 StationSystem update...
2025/08/05 08:55:38 weather update count: 700
2025/08/05 08:55:38 StationSystem update time: 3.34µs
2025/08/05 08:55:38 SatelliteSystem update...
2025/08/05 08:55:38 satellite count: 700
2025/08/05 08:55:38 SatelliteSystem update time: 2.660179ms
2025/08/05 08:55:38 TopoSystem update...
2025/08/05 08:55:38 TopoSystem: Link count: 490000
2025/08/05 08:55:38 TopoSystem update time: 7.308502ms
2025/08/05 08:55:38 AttenuationSystem update...
2025/08/05 08:55:38 AttenuationSystem parallel flag: 0
2025/08/05 08:55:39 Attenuation computed count: 490000
2025/08/05 08:55:39 AttenuationSystem update time: 174.315135ms
2025/08/05 08:55:39 Run 6 complete
2025/08/05 08:55:39 StationSystem update...
2025/08/05 08:55:39 weather update count: 700
2025/08/05 08:55:39 StationSystem update time: 2.844µs
2025/08/05 08:55:39 SatelliteSystem update...
2025/08/05 08:55:39 satellite count: 700
2025/08/05 08:55:39 SatelliteSystem update time: 2.660948ms
2025/08/05 08:55:39 TopoSystem update...
2025/08/05 08:55:39 TopoSystem: Link count: 490000
2025/08/05 08:55:39 TopoSystem update time: 9.327252ms
2025/08/05 08:55:39 AttenuationSystem update...
2025/08/05 08:55:39 AttenuationSystem parallel flag: 0
2025/08/05 08:55:39 Attenuation computed count: 490000
2025/08/05 08:55:39 AttenuationSystem update time: 153.756214ms
2025/08/05 08:55:39 Run 7 complete
2025/08/05 08:55:39 StationSystem update...
2025/08/05 08:55:39 weather update count: 700
2025/08/05 08:55:39 StationSystem update time: 2.988µs
2025/08/05 08:55:39 SatelliteSystem update...
2025/08/05 08:55:39 satellite count: 700
2025/08/05 08:55:39 SatelliteSystem update time: 2.661215ms
2025/08/05 08:55:39 TopoSystem update...
2025/08/05 08:55:39 TopoSystem: Link count: 490000
2025/08/05 08:55:39 TopoSystem update time: 7.577141ms
2025/08/05 08:55:39 AttenuationSystem update...
2025/08/05 08:55:39 AttenuationSystem parallel flag: 0
2025/08/05 08:55:39 Attenuation computed count: 490000
2025/08/05 08:55:39 AttenuationSystem update time: 174.307221ms
2025/08/05 08:55:39 Run 8 complete
2025/08/05 08:55:39 StationSystem update...
2025/08/05 08:55:39 weather update count: 700
2025/08/05 08:55:39 StationSystem update time: 3.321µs
2025/08/05 08:55:39 SatelliteSystem update...
2025/08/05 08:55:39 satellite count: 700
2025/08/05 08:55:39 SatelliteSystem update time: 2.651196ms
2025/08/05 08:55:39 TopoSystem update...
2025/08/05 08:55:39 TopoSystem: Link count: 490000
2025/08/05 08:55:39 TopoSystem update time: 7.210325ms
2025/08/05 08:55:39 AttenuationSystem update...
2025/08/05 08:55:39 AttenuationSystem parallel flag: 0
2025/08/05 08:55:39 Attenuation computed count: 490000
2025/08/05 08:55:39 AttenuationSystem update time: 174.497392ms
2025/08/05 08:55:39 Run 9 complete
2025/08/05 08:55:39 StationSystem update...
2025/08/05 08:55:39 weather update count: 700
2025/08/05 08:55:39 StationSystem update time: 3.005µs
2025/08/05 08:55:39 SatelliteSystem update...
2025/08/05 08:55:39 satellite count: 700
2025/08/05 08:55:39 SatelliteSystem update time: 2.305895ms
2025/08/05 08:55:39 TopoSystem update...
2025/08/05 08:55:39 TopoSystem: Link count: 490000
2025/08/05 08:55:39 TopoSystem update time: 6.964624ms
2025/08/05 08:55:39 AttenuationSystem update...
2025/08/05 08:55:39 AttenuationSystem parallel flag: 0
2025/08/05 08:55:39 Attenuation computed count: 490000
2025/08/05 08:55:39 AttenuationSystem update time: 144.003398ms
2025/08/05 08:55:39 Run 10 complete
2025/08/05 08:55:39 Total update time:  1.759543547s
2025/08/05 08:55:39 linkCache size: 40

 Performance counter stats for './scale_ecs 700 700 10 4 8 0':

        10,099,988      cache-references                                                      
           907,118      cache-misses                     #    8.98% of all cache refs         

       1.767944505 seconds time elapsed

      11.615435000 seconds user
       0.039075000 seconds sys


