ECS running with 900 stations, 1700 satellites, 8 numWGs and 2 numBlocks for 10 rounds in 1 parallel pattern
2025/08/05 10:51:33 StationSystem update...
2025/08/05 10:51:33 weather update count: 900
2025/08/05 10:51:33 StationSystem update time: 4.641µs
2025/08/05 10:51:33 SatelliteSystem update...
2025/08/05 10:51:33 satellite count: 1700
2025/08/05 10:51:33 SatelliteSystem update time: 4.777707ms
2025/08/05 10:51:33 TopoSystem update...
2025/08/05 10:51:33 TopoSystem: Link count: 1530000
2025/08/05 10:51:33 TopoSystem update time: 46.543045ms
2025/08/05 10:51:33 AttenuationSystem update...
2025/08/05 10:51:33 AttenuationSystem parallel flag: 1
2025/08/05 10:51:34 Attenuation computed count: 1530000
2025/08/05 10:51:34 AttenuationSystem update time: 436.320479ms
2025/08/05 10:51:34 Run 1 complete
2025/08/05 10:51:34 StationSystem update...
2025/08/05 10:51:34 weather update count: 900
2025/08/05 10:51:34 StationSystem update time: 3.668µs
2025/08/05 10:51:34 SatelliteSystem update...
2025/08/05 10:51:34 satellite count: 1700
2025/08/05 10:51:34 SatelliteSystem update time: 4.812646ms
2025/08/05 10:51:34 TopoSystem update...
2025/08/05 10:51:34 TopoSystem: Link count: 1530000
2025/08/05 10:51:34 TopoSystem update time: 27.046212ms
2025/08/05 10:51:34 AttenuationSystem update...
2025/08/05 10:51:34 AttenuationSystem parallel flag: 1
2025/08/05 10:51:34 Attenuation computed count: 1530000
2025/08/05 10:51:34 AttenuationSystem update time: 464.030033ms
2025/08/05 10:51:34 Run 2 complete
2025/08/05 10:51:34 StationSystem update...
2025/08/05 10:51:34 weather update count: 900
2025/08/05 10:51:34 StationSystem update time: 3.59µs
2025/08/05 10:51:34 SatelliteSystem update...
2025/08/05 10:51:34 satellite count: 1700
2025/08/05 10:51:34 SatelliteSystem update time: 6.465228ms
2025/08/05 10:51:34 TopoSystem update...
2025/08/05 10:51:34 TopoSystem: Link count: 1530000
2025/08/05 10:51:34 TopoSystem update time: 19.446025ms
2025/08/05 10:51:34 AttenuationSystem update...
2025/08/05 10:51:34 AttenuationSystem parallel flag: 1
2025/08/05 10:51:35 Attenuation computed count: 1530000
2025/08/05 10:51:35 AttenuationSystem update time: 436.96968ms
2025/08/05 10:51:35 Run 3 complete
2025/08/05 10:51:35 StationSystem update...
2025/08/05 10:51:35 weather update count: 900
2025/08/05 10:51:35 StationSystem update time: 4.035µs
2025/08/05 10:51:35 SatelliteSystem update...
2025/08/05 10:51:35 satellite count: 1700
2025/08/05 10:51:35 SatelliteSystem update time: 6.433016ms
2025/08/05 10:51:35 TopoSystem update...
2025/08/05 10:51:35 TopoSystem: Link count: 1530000
2025/08/05 10:51:35 TopoSystem update time: 50.006729ms
2025/08/05 10:51:35 AttenuationSystem update...
2025/08/05 10:51:35 AttenuationSystem parallel flag: 1
2025/08/05 10:51:35 Attenuation computed count: 1530000
2025/08/05 10:51:35 AttenuationSystem update time: 442.351429ms
2025/08/05 10:51:35 Run 4 complete
2025/08/05 10:51:35 StationSystem update...
2025/08/05 10:51:35 weather update count: 900
2025/08/05 10:51:35 StationSystem update time: 3.647µs
2025/08/05 10:51:35 SatelliteSystem update...
2025/08/05 10:51:35 satellite count: 1700
2025/08/05 10:51:35 SatelliteSystem update time: 4.875337ms
2025/08/05 10:51:35 TopoSystem update...
2025/08/05 10:51:35 TopoSystem: Link count: 1530000
2025/08/05 10:51:35 TopoSystem update time: 17.536648ms
2025/08/05 10:51:35 AttenuationSystem update...
2025/08/05 10:51:35 AttenuationSystem parallel flag: 1
2025/08/05 10:51:36 Attenuation computed count: 1530000
2025/08/05 10:51:36 AttenuationSystem update time: 460.678066ms
2025/08/05 10:51:36 Run 5 complete
2025/08/05 10:51:36 StationSystem update...
2025/08/05 10:51:36 weather update count: 900
2025/08/05 10:51:36 StationSystem update time: 3.864µs
2025/08/05 10:51:36 SatelliteSystem update...
2025/08/05 10:51:36 satellite count: 1700
2025/08/05 10:51:36 SatelliteSystem update time: 6.419503ms
2025/08/05 10:51:36 TopoSystem update...
2025/08/05 10:51:36 TopoSystem: Link count: 1530000
2025/08/05 10:51:36 TopoSystem update time: 17.998004ms
2025/08/05 10:51:36 AttenuationSystem update...
2025/08/05 10:51:36 AttenuationSystem parallel flag: 1
2025/08/05 10:51:36 Attenuation computed count: 1530000
2025/08/05 10:51:36 AttenuationSystem update time: 432.591967ms
2025/08/05 10:51:36 Run 6 complete
2025/08/05 10:51:36 StationSystem update...
2025/08/05 10:51:36 weather update count: 900
2025/08/05 10:51:36 StationSystem update time: 3.491µs
2025/08/05 10:51:36 SatelliteSystem update...
2025/08/05 10:51:36 satellite count: 1700
2025/08/05 10:51:36 SatelliteSystem update time: 6.421368ms
2025/08/05 10:51:36 TopoSystem update...
2025/08/05 10:51:36 TopoSystem: Link count: 1530000
2025/08/05 10:51:36 TopoSystem update time: 17.909778ms
2025/08/05 10:51:36 AttenuationSystem update...
2025/08/05 10:51:36 AttenuationSystem parallel flag: 1
2025/08/05 10:51:37 Attenuation computed count: 1530000
2025/08/05 10:51:37 AttenuationSystem update time: 436.245535ms
2025/08/05 10:51:37 Run 7 complete
2025/08/05 10:51:37 StationSystem update...
2025/08/05 10:51:37 weather update count: 900
2025/08/05 10:51:37 StationSystem update time: 3.723µs
2025/08/05 10:51:37 SatelliteSystem update...
2025/08/05 10:51:37 satellite count: 1700
2025/08/05 10:51:37 SatelliteSystem update time: 6.406535ms
2025/08/05 10:51:37 TopoSystem update...
2025/08/05 10:51:37 TopoSystem: Link count: 1530000
2025/08/05 10:51:37 TopoSystem update time: 49.928966ms
2025/08/05 10:51:37 AttenuationSystem update...
2025/08/05 10:51:37 AttenuationSystem parallel flag: 1
2025/08/05 10:51:37 Attenuation computed count: 1530000
2025/08/05 10:51:37 AttenuationSystem update time: 436.525291ms
2025/08/05 10:51:37 Run 8 complete
2025/08/05 10:51:37 StationSystem update...
2025/08/05 10:51:37 weather update count: 900
2025/08/05 10:51:37 StationSystem update time: 3.79µs
2025/08/05 10:51:37 SatelliteSystem update...
2025/08/05 10:51:37 satellite count: 1700
2025/08/05 10:51:37 SatelliteSystem update time: 4.93739ms
2025/08/05 10:51:37 TopoSystem update...
2025/08/05 10:51:37 TopoSystem: Link count: 1530000
2025/08/05 10:51:37 TopoSystem update time: 49.807232ms
2025/08/05 10:51:37 AttenuationSystem update...
2025/08/05 10:51:37 AttenuationSystem parallel flag: 1
2025/08/05 10:51:38 Attenuation computed count: 1530000
2025/08/05 10:51:38 AttenuationSystem update time: 430.394158ms
2025/08/05 10:51:38 Run 9 complete
2025/08/05 10:51:38 StationSystem update...
2025/08/05 10:51:38 weather update count: 900
2025/08/05 10:51:38 StationSystem update time: 4.005µs
2025/08/05 10:51:38 SatelliteSystem update...
2025/08/05 10:51:38 satellite count: 1700
2025/08/05 10:51:38 SatelliteSystem update time: 4.884993ms
2025/08/05 10:51:38 TopoSystem update...
2025/08/05 10:51:38 TopoSystem: Link count: 1530000
2025/08/05 10:51:38 TopoSystem update time: 17.390683ms
2025/08/05 10:51:38 AttenuationSystem update...
2025/08/05 10:51:38 AttenuationSystem parallel flag: 1
2025/08/05 10:51:38 Attenuation computed count: 1530000
2025/08/05 10:51:38 AttenuationSystem update time: 429.537447ms
2025/08/05 10:51:38 Run 10 complete
2025/08/05 10:51:38 Total update time:  4.78366737s
2025/08/05 10:51:38 linkCache size: 40

 Performance counter stats for './scale_ecs 900 1700 10 8 2 1':

        31,475,394      cache-references                                                      
         6,589,161      cache-misses                     #   20.93% of all cache refs         

       4.791928231 seconds time elapsed

      29.494871000 seconds user
       0.062020000 seconds sys


