ECS running with 500 stations, 1400 satellites, 8 numWGs and 2 numBlocks for 10 rounds in 1 parallel pattern
2025/08/05 08:13:29 StationSystem update...
2025/08/05 08:13:29 SatelliteSystem update...
2025/08/05 08:13:29 weather update count: 500
2025/08/05 08:13:29 StationSystem update time: 76.355µs
2025/08/05 08:13:29 satellite count: 1400
2025/08/05 08:13:29 SatelliteSystem update time: 5.313251ms
2025/08/05 08:13:29 TopoSystem update...
2025/08/05 08:13:29 TopoSystem: Link count: 700000
2025/08/05 08:13:29 TopoSystem update time: 21.140876ms
2025/08/05 08:13:29 AttenuationSystem update...
2025/08/05 08:13:29 AttenuationSystem parallel flag: 1
2025/08/05 08:13:30 Attenuation computed count: 700000
2025/08/05 08:13:30 AttenuationSystem update time: 209.510609ms
2025/08/05 08:13:30 Run 1 complete
2025/08/05 08:13:30 StationSystem update...
2025/08/05 08:13:30 weather update count: 500
2025/08/05 08:13:30 StationSystem update time: 2.648µs
2025/08/05 08:13:30 SatelliteSystem update...
2025/08/05 08:13:30 satellite count: 1400
2025/08/05 08:13:30 SatelliteSystem update time: 5.295372ms
2025/08/05 08:13:30 TopoSystem update...
2025/08/05 08:13:30 TopoSystem: Link count: 700000
2025/08/05 08:13:30 TopoSystem update time: 16.364577ms
2025/08/05 08:13:30 AttenuationSystem update...
2025/08/05 08:13:30 AttenuationSystem parallel flag: 1
2025/08/05 08:13:30 Attenuation computed count: 700000
2025/08/05 08:13:30 AttenuationSystem update time: 208.667587ms
2025/08/05 08:13:30 Run 2 complete
2025/08/05 08:13:30 StationSystem update...
2025/08/05 08:13:30 weather update count: 500
2025/08/05 08:13:30 StationSystem update time: 2.546µs
2025/08/05 08:13:30 SatelliteSystem update...
2025/08/05 08:13:30 satellite count: 1400
2025/08/05 08:13:30 SatelliteSystem update time: 5.293624ms
2025/08/05 08:13:30 TopoSystem update...
2025/08/05 08:13:30 TopoSystem: Link count: 700000
2025/08/05 08:13:30 TopoSystem update time: 8.276225ms
2025/08/05 08:13:30 AttenuationSystem update...
2025/08/05 08:13:30 AttenuationSystem parallel flag: 1
2025/08/05 08:13:30 Attenuation computed count: 700000
2025/08/05 08:13:30 AttenuationSystem update time: 231.699311ms
2025/08/05 08:13:30 Run 3 complete
2025/08/05 08:13:30 StationSystem update...
2025/08/05 08:13:30 weather update count: 500
2025/08/05 08:13:30 StationSystem update time: 3.154µs
2025/08/05 08:13:30 SatelliteSystem update...
2025/08/05 08:13:30 satellite count: 1400
2025/08/05 08:13:30 SatelliteSystem update time: 5.307535ms
2025/08/05 08:13:30 TopoSystem update...
2025/08/05 08:13:30 TopoSystem: Link count: 700000
2025/08/05 08:13:30 TopoSystem update time: 10.596268ms
2025/08/05 08:13:30 AttenuationSystem update...
2025/08/05 08:13:30 AttenuationSystem parallel flag: 1
2025/08/05 08:13:30 Attenuation computed count: 700000
2025/08/05 08:13:30 AttenuationSystem update time: 255.688862ms
2025/08/05 08:13:30 Run 4 complete
2025/08/05 08:13:30 StationSystem update...
2025/08/05 08:13:30 weather update count: 500
2025/08/05 08:13:30 StationSystem update time: 2.482µs
2025/08/05 08:13:30 SatelliteSystem update...
2025/08/05 08:13:30 satellite count: 1400
2025/08/05 08:13:30 SatelliteSystem update time: 5.303842ms
2025/08/05 08:13:30 TopoSystem update...
2025/08/05 08:13:30 TopoSystem: Link count: 700000
2025/08/05 08:13:30 TopoSystem update time: 8.227792ms
2025/08/05 08:13:30 AttenuationSystem update...
2025/08/05 08:13:30 AttenuationSystem parallel flag: 1
2025/08/05 08:13:31 Attenuation computed count: 700000
2025/08/05 08:13:31 AttenuationSystem update time: 213.870968ms
2025/08/05 08:13:31 Run 5 complete
2025/08/05 08:13:31 StationSystem update...
2025/08/05 08:13:31 weather update count: 500
2025/08/05 08:13:31 StationSystem update time: 3.003µs
2025/08/05 08:13:31 SatelliteSystem update...
2025/08/05 08:13:31 satellite count: 1400
2025/08/05 08:13:31 SatelliteSystem update time: 5.289533ms
2025/08/05 08:13:31 TopoSystem update...
2025/08/05 08:13:31 TopoSystem: Link count: 700000
2025/08/05 08:13:31 TopoSystem update time: 8.125976ms
2025/08/05 08:13:31 AttenuationSystem update...
2025/08/05 08:13:31 AttenuationSystem parallel flag: 1
2025/08/05 08:13:31 Attenuation computed count: 700000
2025/08/05 08:13:31 AttenuationSystem update time: 220.672252ms
2025/08/05 08:13:31 Run 6 complete
2025/08/05 08:13:31 StationSystem update...
2025/08/05 08:13:31 weather update count: 500
2025/08/05 08:13:31 StationSystem update time: 2.731µs
2025/08/05 08:13:31 SatelliteSystem update...
2025/08/05 08:13:31 satellite count: 1400
2025/08/05 08:13:31 SatelliteSystem update time: 5.288513ms
2025/08/05 08:13:31 TopoSystem update...
2025/08/05 08:13:31 TopoSystem: Link count: 700000
2025/08/05 08:13:31 TopoSystem update time: 10.289754ms
2025/08/05 08:13:31 AttenuationSystem update...
2025/08/05 08:13:31 AttenuationSystem parallel flag: 1
2025/08/05 08:13:31 Attenuation computed count: 700000
2025/08/05 08:13:31 AttenuationSystem update time: 237.072065ms
2025/08/05 08:13:31 Run 7 complete
2025/08/05 08:13:31 StationSystem update...
2025/08/05 08:13:31 weather update count: 500
2025/08/05 08:13:31 StationSystem update time: 2.5µs
2025/08/05 08:13:31 SatelliteSystem update...
2025/08/05 08:13:31 satellite count: 1400
2025/08/05 08:13:31 SatelliteSystem update time: 5.312007ms
2025/08/05 08:13:31 TopoSystem update...
2025/08/05 08:13:31 TopoSystem: Link count: 700000
2025/08/05 08:13:31 TopoSystem update time: 10.394975ms
2025/08/05 08:13:31 AttenuationSystem update...
2025/08/05 08:13:31 AttenuationSystem parallel flag: 1
2025/08/05 08:13:31 Attenuation computed count: 700000
2025/08/05 08:13:31 AttenuationSystem update time: 252.062095ms
2025/08/05 08:13:31 Run 8 complete
2025/08/05 08:13:31 StationSystem update...
2025/08/05 08:13:31 weather update count: 500
2025/08/05 08:13:31 StationSystem update time: 2.634µs
2025/08/05 08:13:31 SatelliteSystem update...
2025/08/05 08:13:31 satellite count: 1400
2025/08/05 08:13:31 SatelliteSystem update time: 5.465689ms
2025/08/05 08:13:31 TopoSystem update...
2025/08/05 08:13:31 TopoSystem: Link count: 700000
2025/08/05 08:13:31 TopoSystem update time: 23.988485ms
2025/08/05 08:13:31 AttenuationSystem update...
2025/08/05 08:13:31 AttenuationSystem parallel flag: 1
2025/08/05 08:13:32 Attenuation computed count: 700000
2025/08/05 08:13:32 AttenuationSystem update time: 236.022363ms
2025/08/05 08:13:32 Run 9 complete
2025/08/05 08:13:32 StationSystem update...
2025/08/05 08:13:32 weather update count: 500
2025/08/05 08:13:32 StationSystem update time: 2.803µs
2025/08/05 08:13:32 SatelliteSystem update...
2025/08/05 08:13:32 satellite count: 1400
2025/08/05 08:13:32 SatelliteSystem update time: 5.306716ms
2025/08/05 08:13:32 TopoSystem update...
2025/08/05 08:13:32 TopoSystem: Link count: 700000
2025/08/05 08:13:32 TopoSystem update time: 23.342385ms
2025/08/05 08:13:32 AttenuationSystem update...
2025/08/05 08:13:32 AttenuationSystem parallel flag: 1
2025/08/05 08:13:32 Attenuation computed count: 700000
2025/08/05 08:13:32 AttenuationSystem update time: 234.837193ms
2025/08/05 08:13:32 Run 10 complete
2025/08/05 08:13:32 Total update time:  2.502541175s
2025/08/05 08:13:32 linkCache size: 40

 Performance counter stats for './scale_ecs 500 1400 10 8 2 1':

        15,356,082      cache-references                                                      
         2,590,042      cache-misses                     #   16.87% of all cache refs         

       2.507848051 seconds time elapsed

      15.305610000 seconds user
       0.045998000 seconds sys


