ECS running with 900 stations, 2000 satellites, 2 numWGs and 8 numBlocks for 10 rounds in 0 parallel pattern
2025/08/05 11:00:28 StationSystem update...
2025/08/05 11:00:28 weather update count: 900
2025/08/05 11:00:28 SatelliteSystem update...
2025/08/05 11:00:28 StationSystem update time: 4.315µs
2025/08/05 11:00:28 satellite count: 2000
2025/08/05 11:00:28 SatelliteSystem update time: 7.550478ms
2025/08/05 11:00:28 TopoSystem update...
2025/08/05 11:00:28 TopoSystem: Link count: 1800000
2025/08/05 11:00:28 TopoSystem update time: 49.580149ms
2025/08/05 11:00:28 AttenuationSystem update...
2025/08/05 11:00:28 AttenuationSystem parallel flag: 0
2025/08/05 11:00:28 Attenuation computed count: 1800000
2025/08/05 11:00:28 AttenuationSystem update time: 520.958861ms
2025/08/05 11:00:28 Run 1 complete
2025/08/05 11:00:28 StationSystem update...
2025/08/05 11:00:28 weather update count: 900
2025/08/05 11:00:28 StationSystem update time: 3.966µs
2025/08/05 11:00:28 SatelliteSystem update...
2025/08/05 11:00:28 satellite count: 2000
2025/08/05 11:00:28 SatelliteSystem update time: 7.548772ms
2025/08/05 11:00:28 TopoSystem update...
2025/08/05 11:00:28 TopoSystem: Link count: 1800000
2025/08/05 11:00:28 TopoSystem update time: 51.231886ms
2025/08/05 11:00:28 AttenuationSystem update...
2025/08/05 11:00:28 AttenuationSystem parallel flag: 0
2025/08/05 11:00:29 Attenuation computed count: 1800000
2025/08/05 11:00:29 AttenuationSystem update time: 546.642566ms
2025/08/05 11:00:29 Run 2 complete
2025/08/05 11:00:29 StationSystem update...
2025/08/05 11:00:29 weather update count: 900
2025/08/05 11:00:29 StationSystem update time: 4.154µs
2025/08/05 11:00:29 SatelliteSystem update...
2025/08/05 11:00:29 satellite count: 2000
2025/08/05 11:00:29 SatelliteSystem update time: 7.566819ms
2025/08/05 11:00:29 TopoSystem update...
2025/08/05 11:00:29 TopoSystem: Link count: 1800000
2025/08/05 11:00:29 TopoSystem update time: 25.768087ms
2025/08/05 11:00:29 AttenuationSystem update...
2025/08/05 11:00:29 AttenuationSystem parallel flag: 0
2025/08/05 11:00:29 Attenuation computed count: 1800000
2025/08/05 11:00:29 AttenuationSystem update time: 524.947932ms
2025/08/05 11:00:29 Run 3 complete
2025/08/05 11:00:29 StationSystem update...
2025/08/05 11:00:29 weather update count: 900
2025/08/05 11:00:29 StationSystem update time: 3.46µs
2025/08/05 11:00:29 SatelliteSystem update...
2025/08/05 11:00:29 satellite count: 2000
2025/08/05 11:00:29 SatelliteSystem update time: 7.559176ms
2025/08/05 11:00:29 TopoSystem update...
2025/08/05 11:00:29 TopoSystem: Link count: 1800000
2025/08/05 11:00:29 TopoSystem update time: 29.311023ms
2025/08/05 11:00:29 AttenuationSystem update...
2025/08/05 11:00:29 AttenuationSystem parallel flag: 0
2025/08/05 11:00:30 Attenuation computed count: 1800000
2025/08/05 11:00:30 AttenuationSystem update time: 507.547727ms
2025/08/05 11:00:30 Run 4 complete
2025/08/05 11:00:30 StationSystem update...
2025/08/05 11:00:30 weather update count: 900
2025/08/05 11:00:30 StationSystem update time: 3.116µs
2025/08/05 11:00:30 SatelliteSystem update...
2025/08/05 11:00:30 satellite count: 2000
2025/08/05 11:00:30 SatelliteSystem update time: 7.573614ms
2025/08/05 11:00:30 TopoSystem update...
2025/08/05 11:00:30 TopoSystem: Link count: 1800000
2025/08/05 11:00:30 TopoSystem update time: 28.609762ms
2025/08/05 11:00:30 AttenuationSystem update...
2025/08/05 11:00:30 AttenuationSystem parallel flag: 0
2025/08/05 11:00:30 Attenuation computed count: 1800000
2025/08/05 11:00:30 AttenuationSystem update time: 501.133343ms
2025/08/05 11:00:30 Run 5 complete
2025/08/05 11:00:30 StationSystem update...
2025/08/05 11:00:30 weather update count: 900
2025/08/05 11:00:30 StationSystem update time: 3.805µs
2025/08/05 11:00:30 SatelliteSystem update...
2025/08/05 11:00:30 satellite count: 2000
2025/08/05 11:00:30 SatelliteSystem update time: 7.560909ms
2025/08/05 11:00:30 TopoSystem update...
2025/08/05 11:00:30 TopoSystem: Link count: 1800000
2025/08/05 11:00:30 TopoSystem update time: 27.077376ms
2025/08/05 11:00:30 AttenuationSystem update...
2025/08/05 11:00:30 AttenuationSystem parallel flag: 0
2025/08/05 11:00:31 Attenuation computed count: 1800000
2025/08/05 11:00:31 AttenuationSystem update time: 519.724488ms
2025/08/05 11:00:31 Run 6 complete
2025/08/05 11:00:31 StationSystem update...
2025/08/05 11:00:31 weather update count: 900
2025/08/05 11:00:31 StationSystem update time: 3.837µs
2025/08/05 11:00:31 SatelliteSystem update...
2025/08/05 11:00:31 satellite count: 2000
2025/08/05 11:00:31 SatelliteSystem update time: 7.541823ms
2025/08/05 11:00:31 TopoSystem update...
2025/08/05 11:00:31 TopoSystem: Link count: 1800000
2025/08/05 11:00:31 TopoSystem update time: 26.577621ms
2025/08/05 11:00:31 AttenuationSystem update...
2025/08/05 11:00:31 AttenuationSystem parallel flag: 0
2025/08/05 11:00:32 Attenuation computed count: 1800000
2025/08/05 11:00:32 AttenuationSystem update time: 491.300022ms
2025/08/05 11:00:32 Run 7 complete
2025/08/05 11:00:32 StationSystem update...
2025/08/05 11:00:32 weather update count: 900
2025/08/05 11:00:32 StationSystem update time: 4.29µs
2025/08/05 11:00:32 SatelliteSystem update...
2025/08/05 11:00:32 satellite count: 2000
2025/08/05 11:00:32 SatelliteSystem update time: 6.48704ms
2025/08/05 11:00:32 TopoSystem update...
2025/08/05 11:00:32 TopoSystem: Link count: 1800000
2025/08/05 11:00:32 TopoSystem update time: 24.94122ms
2025/08/05 11:00:32 AttenuationSystem update...
2025/08/05 11:00:32 AttenuationSystem parallel flag: 0
2025/08/05 11:00:32 Attenuation computed count: 1800000
2025/08/05 11:00:32 AttenuationSystem update time: 411.009351ms
2025/08/05 11:00:32 Run 8 complete
2025/08/05 11:00:32 StationSystem update...
2025/08/05 11:00:32 weather update count: 900
2025/08/05 11:00:32 StationSystem update time: 3.32µs
2025/08/05 11:00:32 SatelliteSystem update...
2025/08/05 11:00:32 satellite count: 2000
2025/08/05 11:00:32 SatelliteSystem update time: 5.606349ms
2025/08/05 11:00:32 TopoSystem update...
2025/08/05 11:00:32 TopoSystem: Link count: 1800000
2025/08/05 11:00:32 TopoSystem update time: 21.363816ms
2025/08/05 11:00:32 AttenuationSystem update...
2025/08/05 11:00:32 AttenuationSystem parallel flag: 0
2025/08/05 11:00:33 Attenuation computed count: 1800000
2025/08/05 11:00:33 AttenuationSystem update time: 512.976263ms
2025/08/05 11:00:33 Run 9 complete
2025/08/05 11:00:33 StationSystem update...
2025/08/05 11:00:33 SatelliteSystem update...
2025/08/05 11:00:33 weather update count: 900
2025/08/05 11:00:33 StationSystem update time: 5.985µs
2025/08/05 11:00:33 satellite count: 2000
2025/08/05 11:00:33 SatelliteSystem update time: 9.976448ms
2025/08/05 11:00:33 TopoSystem update...
2025/08/05 11:00:33 TopoSystem: Link count: 1800000
2025/08/05 11:00:33 TopoSystem update time: 34.226004ms
2025/08/05 11:00:33 AttenuationSystem update...
2025/08/05 11:00:33 AttenuationSystem parallel flag: 0
2025/08/05 11:00:33 Attenuation computed count: 1800000
2025/08/05 11:00:33 AttenuationSystem update time: 460.746228ms
2025/08/05 11:00:33 Run 10 complete
2025/08/05 11:00:33 Total update time:  5.400600003s
2025/08/05 11:00:33 linkCache size: 40

 Performance counter stats for './scale_ecs 900 2000 10 2 8 0':

        36,771,071      cache-references                                                      
         8,725,464      cache-misses                     #   23.73% of all cache refs         

       5.410878062 seconds time elapsed

      34.023495000 seconds user
       0.122044000 seconds sys


