ECS running with 500 stations, 2000 satellites, 4 numWGs and 4 numBlocks for 10 rounds in 0 parallel pattern
2025/08/05 08:24:19 StationSystem update...
2025/08/05 08:24:19 weather update count: 500
2025/08/05 08:24:19 StationSystem update time: 4.176µs
2025/08/05 08:24:19 SatelliteSystem update...
2025/08/05 08:24:19 satellite count: 2000
2025/08/05 08:24:19 SatelliteSystem update time: 7.551503ms
2025/08/05 08:24:19 TopoSystem update...
2025/08/05 08:24:19 TopoSystem: Link count: 1000000
2025/08/05 08:24:19 TopoSystem update time: 30.849658ms
2025/08/05 08:24:19 AttenuationSystem update...
2025/08/05 08:24:19 AttenuationSystem parallel flag: 0
2025/08/05 08:24:20 Attenuation computed count: 1000000
2025/08/05 08:24:20 AttenuationSystem update time: 569.399059ms
2025/08/05 08:24:20 Run 1 complete
2025/08/05 08:24:20 StationSystem update...
2025/08/05 08:24:20 weather update count: 500
2025/08/05 08:24:20 StationSystem update time: 3.042µs
2025/08/05 08:24:20 SatelliteSystem update...
2025/08/05 08:24:20 satellite count: 2000
2025/08/05 08:24:20 SatelliteSystem update time: 7.543027ms
2025/08/05 08:24:20 TopoSystem update...
2025/08/05 08:24:20 TopoSystem: Link count: 1000000
2025/08/05 08:24:20 TopoSystem update time: 26.596304ms
2025/08/05 08:24:20 AttenuationSystem update...
2025/08/05 08:24:20 AttenuationSystem parallel flag: 0
2025/08/05 08:24:20 Attenuation computed count: 1000000
2025/08/05 08:24:20 AttenuationSystem update time: 579.245924ms
2025/08/05 08:24:20 Run 2 complete
2025/08/05 08:24:20 StationSystem update...
2025/08/05 08:24:20 weather update count: 500
2025/08/05 08:24:20 StationSystem update time: 2.796µs
2025/08/05 08:24:20 SatelliteSystem update...
2025/08/05 08:24:20 satellite count: 2000
2025/08/05 08:24:20 SatelliteSystem update time: 7.554743ms
2025/08/05 08:24:20 TopoSystem update...
2025/08/05 08:24:20 TopoSystem: Link count: 1000000
2025/08/05 08:24:20 TopoSystem update time: 24.888209ms
2025/08/05 08:24:20 AttenuationSystem update...
2025/08/05 08:24:20 AttenuationSystem parallel flag: 0
2025/08/05 08:24:21 Attenuation computed count: 1000000
2025/08/05 08:24:21 AttenuationSystem update time: 594.827101ms
2025/08/05 08:24:21 Run 3 complete
2025/08/05 08:24:21 StationSystem update...
2025/08/05 08:24:21 weather update count: 500
2025/08/05 08:24:21 StationSystem update time: 2.721µs
2025/08/05 08:24:21 SatelliteSystem update...
2025/08/05 08:24:21 satellite count: 2000
2025/08/05 08:24:21 SatelliteSystem update time: 7.538691ms
2025/08/05 08:24:21 TopoSystem update...
2025/08/05 08:24:21 TopoSystem: Link count: 1000000
2025/08/05 08:24:21 TopoSystem update time: 24.429481ms
2025/08/05 08:24:21 AttenuationSystem update...
2025/08/05 08:24:21 AttenuationSystem parallel flag: 0
2025/08/05 08:24:21 Attenuation computed count: 1000000
2025/08/05 08:24:21 AttenuationSystem update time: 490.02813ms
2025/08/05 08:24:21 Run 4 complete
2025/08/05 08:24:21 StationSystem update...
2025/08/05 08:24:21 weather update count: 500
2025/08/05 08:24:21 StationSystem update time: 2.82µs
2025/08/05 08:24:21 SatelliteSystem update...
2025/08/05 08:24:21 satellite count: 2000
2025/08/05 08:24:21 SatelliteSystem update time: 7.546281ms
2025/08/05 08:24:21 TopoSystem update...
2025/08/05 08:24:21 TopoSystem: Link count: 1000000
2025/08/05 08:24:21 TopoSystem update time: 14.965899ms
2025/08/05 08:24:21 AttenuationSystem update...
2025/08/05 08:24:21 AttenuationSystem parallel flag: 0
2025/08/05 08:24:22 Attenuation computed count: 1000000
2025/08/05 08:24:22 AttenuationSystem update time: 575.249256ms
2025/08/05 08:24:22 Run 5 complete
2025/08/05 08:24:22 StationSystem update...
2025/08/05 08:24:22 weather update count: 500
2025/08/05 08:24:22 StationSystem update time: 2.562µs
2025/08/05 08:24:22 SatelliteSystem update...
2025/08/05 08:24:22 satellite count: 2000
2025/08/05 08:24:22 SatelliteSystem update time: 7.638073ms
2025/08/05 08:24:22 TopoSystem update...
2025/08/05 08:24:22 TopoSystem: Link count: 1000000
2025/08/05 08:24:22 TopoSystem update time: 13.523318ms
2025/08/05 08:24:22 AttenuationSystem update...
2025/08/05 08:24:22 AttenuationSystem parallel flag: 0
2025/08/05 08:24:23 Attenuation computed count: 1000000
2025/08/05 08:24:23 AttenuationSystem update time: 613.618438ms
2025/08/05 08:24:23 Run 6 complete
2025/08/05 08:24:23 StationSystem update...
2025/08/05 08:24:23 weather update count: 500
2025/08/05 08:24:23 StationSystem update time: 3.068µs
2025/08/05 08:24:23 SatelliteSystem update...
2025/08/05 08:24:23 satellite count: 2000
2025/08/05 08:24:23 SatelliteSystem update time: 5.77955ms
2025/08/05 08:24:23 TopoSystem update...
2025/08/05 08:24:23 TopoSystem: Link count: 1000000
2025/08/05 08:24:23 TopoSystem update time: 22.618975ms
2025/08/05 08:24:23 AttenuationSystem update...
2025/08/05 08:24:23 AttenuationSystem parallel flag: 0
2025/08/05 08:24:23 Attenuation computed count: 1000000
2025/08/05 08:24:23 AttenuationSystem update time: 537.695441ms
2025/08/05 08:24:23 Run 7 complete
2025/08/05 08:24:23 StationSystem update...
2025/08/05 08:24:23 weather update count: 500
2025/08/05 08:24:23 StationSystem update time: 2.69µs
2025/08/05 08:24:23 SatelliteSystem update...
2025/08/05 08:24:23 satellite count: 2000
2025/08/05 08:24:23 SatelliteSystem update time: 7.543054ms
2025/08/05 08:24:23 TopoSystem update...
2025/08/05 08:24:23 TopoSystem: Link count: 1000000
2025/08/05 08:24:23 TopoSystem update time: 15.16002ms
2025/08/05 08:24:23 AttenuationSystem update...
2025/08/05 08:24:23 AttenuationSystem parallel flag: 0
2025/08/05 08:24:24 Attenuation computed count: 1000000
2025/08/05 08:24:24 AttenuationSystem update time: 598.763116ms
2025/08/05 08:24:24 Run 8 complete
2025/08/05 08:24:24 StationSystem update...
2025/08/05 08:24:24 weather update count: 500
2025/08/05 08:24:24 StationSystem update time: 2.956µs
2025/08/05 08:24:24 SatelliteSystem update...
2025/08/05 08:24:24 satellite count: 2000
2025/08/05 08:24:24 SatelliteSystem update time: 7.639736ms
2025/08/05 08:24:24 TopoSystem update...
2025/08/05 08:24:24 TopoSystem: Link count: 1000000
2025/08/05 08:24:24 TopoSystem update time: 24.376479ms
2025/08/05 08:24:24 AttenuationSystem update...
2025/08/05 08:24:24 AttenuationSystem parallel flag: 0
2025/08/05 08:24:24 Attenuation computed count: 1000000
2025/08/05 08:24:24 AttenuationSystem update time: 594.115627ms
2025/08/05 08:24:24 Run 9 complete
2025/08/05 08:24:24 StationSystem update...
2025/08/05 08:24:24 weather update count: 500
2025/08/05 08:24:24 StationSystem update time: 2.788µs
2025/08/05 08:24:24 SatelliteSystem update...
2025/08/05 08:24:24 satellite count: 2000
2025/08/05 08:24:24 SatelliteSystem update time: 7.628824ms
2025/08/05 08:24:24 TopoSystem update...
2025/08/05 08:24:24 TopoSystem: Link count: 1000000
2025/08/05 08:24:24 TopoSystem update time: 15.02794ms
2025/08/05 08:24:24 AttenuationSystem update...
2025/08/05 08:24:24 AttenuationSystem parallel flag: 0
2025/08/05 08:24:25 Attenuation computed count: 1000000
2025/08/05 08:24:25 AttenuationSystem update time: 600.329044ms
2025/08/05 08:24:25 Run 10 complete
2025/08/05 08:24:25 Total update time:  6.050406312s
2025/08/05 08:24:25 linkCache size: 40

 Performance counter stats for './scale_ecs 500 2000 10 4 4 0':

        21,187,916      cache-references                                                      
         4,596,155      cache-misses                     #   21.69% of all cache refs         

       6.058106610 seconds time elapsed

      21.467752000 seconds user
       0.069018000 seconds sys


