ECS running with 700 stations, 1900 satellites, 4 numWGs and 8 numBlocks for 10 rounds in 0 parallel pattern
2025/08/05 09:19:20 StationSystem update...
2025/08/05 09:19:20 weather update count: 700
2025/08/05 09:19:20 StationSystem update time: 4.722µs
2025/08/05 09:19:20 SatelliteSystem update...
2025/08/05 09:19:20 satellite count: 1900
2025/08/05 09:19:20 SatelliteSystem update time: 7.171644ms
2025/08/05 09:19:20 TopoSystem update...
2025/08/05 09:19:20 TopoSystem: Link count: 1330000
2025/08/05 09:19:20 TopoSystem update time: 40.687724ms
2025/08/05 09:19:20 AttenuationSystem update...
2025/08/05 09:19:20 AttenuationSystem parallel flag: 0
2025/08/05 09:19:20 Attenuation computed count: 1330000
2025/08/05 09:19:20 AttenuationSystem update time: 383.896621ms
2025/08/05 09:19:20 Run 1 complete
2025/08/05 09:19:20 StationSystem update...
2025/08/05 09:19:20 weather update count: 700
2025/08/05 09:19:20 StationSystem update time: 3.486µs
2025/08/05 09:19:20 SatelliteSystem update...
2025/08/05 09:19:20 satellite count: 1900
2025/08/05 09:19:20 SatelliteSystem update time: 7.168057ms
2025/08/05 09:19:20 TopoSystem update...
2025/08/05 09:19:20 TopoSystem: Link count: 1330000
2025/08/05 09:19:20 TopoSystem update time: 37.376885ms
2025/08/05 09:19:20 AttenuationSystem update...
2025/08/05 09:19:20 AttenuationSystem parallel flag: 0
2025/08/05 09:19:21 Attenuation computed count: 1330000
2025/08/05 09:19:21 AttenuationSystem update time: 383.881793ms
2025/08/05 09:19:21 Run 2 complete
2025/08/05 09:19:21 StationSystem update...
2025/08/05 09:19:21 weather update count: 700
2025/08/05 09:19:21 StationSystem update time: 2.645µs
2025/08/05 09:19:21 SatelliteSystem update...
2025/08/05 09:19:21 satellite count: 1900
2025/08/05 09:19:21 SatelliteSystem update time: 7.178864ms
2025/08/05 09:19:21 TopoSystem update...
2025/08/05 09:19:21 TopoSystem: Link count: 1330000
2025/08/05 09:19:21 TopoSystem update time: 26.049159ms
2025/08/05 09:19:21 AttenuationSystem update...
2025/08/05 09:19:21 AttenuationSystem parallel flag: 0
2025/08/05 09:19:21 Attenuation computed count: 1330000
2025/08/05 09:19:21 AttenuationSystem update time: 404.933377ms
2025/08/05 09:19:21 Run 3 complete
2025/08/05 09:19:21 StationSystem update...
2025/08/05 09:19:21 weather update count: 700
2025/08/05 09:19:21 StationSystem update time: 3.328µs
2025/08/05 09:19:21 SatelliteSystem update...
2025/08/05 09:19:21 satellite count: 1900
2025/08/05 09:19:21 SatelliteSystem update time: 7.166076ms
2025/08/05 09:19:21 TopoSystem update...
2025/08/05 09:19:21 TopoSystem: Link count: 1330000
2025/08/05 09:19:21 TopoSystem update time: 26.521221ms
2025/08/05 09:19:21 AttenuationSystem update...
2025/08/05 09:19:21 AttenuationSystem parallel flag: 0
2025/08/05 09:19:22 Attenuation computed count: 1330000
2025/08/05 09:19:22 AttenuationSystem update time: 413.793572ms
2025/08/05 09:19:22 Run 4 complete
2025/08/05 09:19:22 StationSystem update...
2025/08/05 09:19:22 weather update count: 700
2025/08/05 09:19:22 StationSystem update time: 3.293µs
2025/08/05 09:19:22 SatelliteSystem update...
2025/08/05 09:19:22 satellite count: 1900
2025/08/05 09:19:22 SatelliteSystem update time: 7.193738ms
2025/08/05 09:19:22 TopoSystem update...
2025/08/05 09:19:22 TopoSystem: Link count: 1330000
2025/08/05 09:19:22 TopoSystem update time: 19.363276ms
2025/08/05 09:19:22 AttenuationSystem update...
2025/08/05 09:19:22 AttenuationSystem parallel flag: 0
2025/08/05 09:19:22 Attenuation computed count: 1330000
2025/08/05 09:19:22 AttenuationSystem update time: 379.664117ms
2025/08/05 09:19:22 Run 5 complete
2025/08/05 09:19:22 StationSystem update...
2025/08/05 09:19:22 weather update count: 700
2025/08/05 09:19:22 StationSystem update time: 3.655µs
2025/08/05 09:19:22 SatelliteSystem update...
2025/08/05 09:19:22 satellite count: 1900
2025/08/05 09:19:22 SatelliteSystem update time: 7.233829ms
2025/08/05 09:19:22 TopoSystem update...
2025/08/05 09:19:22 TopoSystem: Link count: 1330000
2025/08/05 09:19:22 TopoSystem update time: 18.975778ms
2025/08/05 09:19:22 AttenuationSystem update...
2025/08/05 09:19:22 AttenuationSystem parallel flag: 0
2025/08/05 09:19:23 Attenuation computed count: 1330000
2025/08/05 09:19:23 AttenuationSystem update time: 372.652767ms
2025/08/05 09:19:23 Run 6 complete
2025/08/05 09:19:23 StationSystem update...
2025/08/05 09:19:23 weather update count: 700
2025/08/05 09:19:23 StationSystem update time: 2.634µs
2025/08/05 09:19:23 SatelliteSystem update...
2025/08/05 09:19:23 satellite count: 1900
2025/08/05 09:19:23 SatelliteSystem update time: 7.196765ms
2025/08/05 09:19:23 TopoSystem update...
2025/08/05 09:19:23 TopoSystem: Link count: 1330000
2025/08/05 09:19:23 TopoSystem update time: 18.906939ms
2025/08/05 09:19:23 AttenuationSystem update...
2025/08/05 09:19:23 AttenuationSystem parallel flag: 0
2025/08/05 09:19:23 Attenuation computed count: 1330000
2025/08/05 09:19:23 AttenuationSystem update time: 389.995639ms
2025/08/05 09:19:23 Run 7 complete
2025/08/05 09:19:23 StationSystem update...
2025/08/05 09:19:23 weather update count: 700
2025/08/05 09:19:23 StationSystem update time: 2.925µs
2025/08/05 09:19:23 SatelliteSystem update...
2025/08/05 09:19:23 satellite count: 1900
2025/08/05 09:19:23 SatelliteSystem update time: 7.187871ms
2025/08/05 09:19:23 TopoSystem update...
2025/08/05 09:19:23 TopoSystem: Link count: 1330000
2025/08/05 09:19:23 TopoSystem update time: 19.537088ms
2025/08/05 09:19:23 AttenuationSystem update...
2025/08/05 09:19:23 AttenuationSystem parallel flag: 0
2025/08/05 09:19:23 Attenuation computed count: 1330000
2025/08/05 09:19:23 AttenuationSystem update time: 419.666689ms
2025/08/05 09:19:23 Run 8 complete
2025/08/05 09:19:23 StationSystem update...
2025/08/05 09:19:23 weather update count: 700
2025/08/05 09:19:23 StationSystem update time: 3.84µs
2025/08/05 09:19:23 SatelliteSystem update...
2025/08/05 09:19:23 satellite count: 1900
2025/08/05 09:19:23 SatelliteSystem update time: 7.186657ms
2025/08/05 09:19:23 TopoSystem update...
2025/08/05 09:19:23 TopoSystem: Link count: 1330000
2025/08/05 09:19:23 TopoSystem update time: 17.970304ms
2025/08/05 09:19:23 AttenuationSystem update...
2025/08/05 09:19:23 AttenuationSystem parallel flag: 0
2025/08/05 09:19:24 Attenuation computed count: 1330000
2025/08/05 09:19:24 AttenuationSystem update time: 379.837099ms
2025/08/05 09:19:24 Run 9 complete
2025/08/05 09:19:24 StationSystem update...
2025/08/05 09:19:24 weather update count: 700
2025/08/05 09:19:24 StationSystem update time: 3.526µs
2025/08/05 09:19:24 SatelliteSystem update...
2025/08/05 09:19:24 satellite count: 1900
2025/08/05 09:19:24 SatelliteSystem update time: 7.293448ms
2025/08/05 09:19:24 TopoSystem update...
2025/08/05 09:19:24 TopoSystem: Link count: 1330000
2025/08/05 09:19:24 TopoSystem update time: 19.170148ms
2025/08/05 09:19:24 AttenuationSystem update...
2025/08/05 09:19:24 AttenuationSystem parallel flag: 0
2025/08/05 09:19:24 Attenuation computed count: 1330000
2025/08/05 09:19:24 AttenuationSystem update time: 372.51758ms
2025/08/05 09:19:24 Run 10 complete
2025/08/05 09:19:24 Total update time:  4.228219494s
2025/08/05 09:19:24 linkCache size: 40

 Performance counter stats for './scale_ecs 700 1900 10 4 8 0':

        27,535,721      cache-references                                                      
         6,139,573      cache-misses                     #   22.30% of all cache refs         

       4.238418220 seconds time elapsed

      26.762545000 seconds user
       0.075074000 seconds sys


