ECS running with 700 stations, 500 satellites, 8 numWGs and 4 numBlocks for 10 rounds in 1 parallel pattern
2025/08/05 08:53:11 StationSystem update...
2025/08/05 08:53:11 weather update count: 700
2025/08/05 08:53:11 StationSystem update time: 5.289µs
2025/08/05 08:53:11 SatelliteSystem update...
2025/08/05 08:53:11 satellite count: 500
2025/08/05 08:53:11 SatelliteSystem update time: 1.954809ms
2025/08/05 08:53:11 TopoSystem update...
2025/08/05 08:53:11 TopoSystem: Link count: 350000
2025/08/05 08:53:11 TopoSystem update time: 14.92621ms
2025/08/05 08:53:11 AttenuationSystem update...
2025/08/05 08:53:11 AttenuationSystem parallel flag: 1
2025/08/05 08:53:11 Attenuation computed count: 350000
2025/08/05 08:53:11 AttenuationSystem update time: 105.370955ms
2025/08/05 08:53:11 Run 1 complete
2025/08/05 08:53:11 StationSystem update...
2025/08/05 08:53:11 weather update count: 700
2025/08/05 08:53:11 StationSystem update time: 5.924µs
2025/08/05 08:53:11 SatelliteSystem update...
2025/08/05 08:53:11 satellite count: 500
2025/08/05 08:53:11 SatelliteSystem update time: 1.928807ms
2025/08/05 08:53:11 TopoSystem update...
2025/08/05 08:53:11 TopoSystem: Link count: 350000
2025/08/05 08:53:11 TopoSystem update time: 11.072886ms
2025/08/05 08:53:11 AttenuationSystem update...
2025/08/05 08:53:11 AttenuationSystem parallel flag: 1
2025/08/05 08:53:11 Attenuation computed count: 350000
2025/08/05 08:53:11 AttenuationSystem update time: 128.150206ms
2025/08/05 08:53:11 Run 2 complete
2025/08/05 08:53:11 StationSystem update...
2025/08/05 08:53:11 weather update count: 700
2025/08/05 08:53:11 StationSystem update time: 4.872µs
2025/08/05 08:53:11 SatelliteSystem update...
2025/08/05 08:53:11 satellite count: 500
2025/08/05 08:53:11 SatelliteSystem update time: 1.931546ms
2025/08/05 08:53:11 TopoSystem update...
2025/08/05 08:53:11 TopoSystem: Link count: 350000
2025/08/05 08:53:11 TopoSystem update time: 6.191275ms
2025/08/05 08:53:11 AttenuationSystem update...
2025/08/05 08:53:11 AttenuationSystem parallel flag: 1
2025/08/05 08:53:11 Attenuation computed count: 350000
2025/08/05 08:53:11 AttenuationSystem update time: 116.968339ms
2025/08/05 08:53:11 Run 3 complete
2025/08/05 08:53:11 StationSystem update...
2025/08/05 08:53:11 weather update count: 700
2025/08/05 08:53:11 StationSystem update time: 5.152µs
2025/08/05 08:53:11 SatelliteSystem update...
2025/08/05 08:53:11 satellite count: 500
2025/08/05 08:53:11 SatelliteSystem update time: 1.924265ms
2025/08/05 08:53:11 TopoSystem update...
2025/08/05 08:53:11 TopoSystem: Link count: 350000
2025/08/05 08:53:11 TopoSystem update time: 10.616949ms
2025/08/05 08:53:11 AttenuationSystem update...
2025/08/05 08:53:11 AttenuationSystem parallel flag: 1
2025/08/05 08:53:11 Attenuation computed count: 350000
2025/08/05 08:53:11 AttenuationSystem update time: 126.964218ms
2025/08/05 08:53:11 Run 4 complete
2025/08/05 08:53:11 StationSystem update...
2025/08/05 08:53:11 weather update count: 700
2025/08/05 08:53:11 StationSystem update time: 4.758µs
2025/08/05 08:53:11 SatelliteSystem update...
2025/08/05 08:53:11 satellite count: 500
2025/08/05 08:53:11 SatelliteSystem update time: 1.911876ms
2025/08/05 08:53:11 TopoSystem update...
2025/08/05 08:53:11 TopoSystem: Link count: 350000
2025/08/05 08:53:11 TopoSystem update time: 6.162462ms
2025/08/05 08:53:11 AttenuationSystem update...
2025/08/05 08:53:11 AttenuationSystem parallel flag: 1
2025/08/05 08:53:11 Attenuation computed count: 350000
2025/08/05 08:53:11 AttenuationSystem update time: 137.816793ms
2025/08/05 08:53:11 Run 5 complete
2025/08/05 08:53:11 StationSystem update...
2025/08/05 08:53:11 weather update count: 700
2025/08/05 08:53:11 StationSystem update time: 4.589µs
2025/08/05 08:53:11 SatelliteSystem update...
2025/08/05 08:53:11 satellite count: 500
2025/08/05 08:53:11 SatelliteSystem update time: 1.923289ms
2025/08/05 08:53:11 TopoSystem update...
2025/08/05 08:53:11 TopoSystem: Link count: 350000
2025/08/05 08:53:11 TopoSystem update time: 6.602221ms
2025/08/05 08:53:11 AttenuationSystem update...
2025/08/05 08:53:11 AttenuationSystem parallel flag: 1
2025/08/05 08:53:12 Attenuation computed count: 350000
2025/08/05 08:53:12 AttenuationSystem update time: 112.106034ms
2025/08/05 08:53:12 Run 6 complete
2025/08/05 08:53:12 StationSystem update...
2025/08/05 08:53:12 weather update count: 700
2025/08/05 08:53:12 StationSystem update time: 3.329µs
2025/08/05 08:53:12 SatelliteSystem update...
2025/08/05 08:53:12 satellite count: 500
2025/08/05 08:53:12 SatelliteSystem update time: 1.928426ms
2025/08/05 08:53:12 TopoSystem update...
2025/08/05 08:53:12 TopoSystem: Link count: 350000
2025/08/05 08:53:12 TopoSystem update time: 5.321701ms
2025/08/05 08:53:12 AttenuationSystem update...
2025/08/05 08:53:12 AttenuationSystem parallel flag: 1
2025/08/05 08:53:12 Attenuation computed count: 350000
2025/08/05 08:53:12 AttenuationSystem update time: 143.789332ms
2025/08/05 08:53:12 Run 7 complete
2025/08/05 08:53:12 StationSystem update...
2025/08/05 08:53:12 weather update count: 700
2025/08/05 08:53:12 StationSystem update time: 3.121µs
2025/08/05 08:53:12 SatelliteSystem update...
2025/08/05 08:53:12 satellite count: 500
2025/08/05 08:53:12 SatelliteSystem update time: 1.911622ms
2025/08/05 08:53:12 TopoSystem update...
2025/08/05 08:53:12 TopoSystem: Link count: 350000
2025/08/05 08:53:12 TopoSystem update time: 5.588916ms
2025/08/05 08:53:12 AttenuationSystem update...
2025/08/05 08:53:12 AttenuationSystem parallel flag: 1
2025/08/05 08:53:12 Attenuation computed count: 350000
2025/08/05 08:53:12 AttenuationSystem update time: 146.839001ms
2025/08/05 08:53:12 Run 8 complete
2025/08/05 08:53:12 StationSystem update...
2025/08/05 08:53:12 weather update count: 700
2025/08/05 08:53:12 StationSystem update time: 3.519µs
2025/08/05 08:53:12 SatelliteSystem update...
2025/08/05 08:53:12 satellite count: 500
2025/08/05 08:53:12 SatelliteSystem update time: 1.914331ms
2025/08/05 08:53:12 TopoSystem update...
2025/08/05 08:53:12 TopoSystem: Link count: 350000
2025/08/05 08:53:12 TopoSystem update time: 5.451332ms
2025/08/05 08:53:12 AttenuationSystem update...
2025/08/05 08:53:12 AttenuationSystem parallel flag: 1
2025/08/05 08:53:12 Attenuation computed count: 350000
2025/08/05 08:53:12 AttenuationSystem update time: 121.962752ms
2025/08/05 08:53:12 Run 9 complete
2025/08/05 08:53:12 StationSystem update...
2025/08/05 08:53:12 weather update count: 700
2025/08/05 08:53:12 StationSystem update time: 3.103µs
2025/08/05 08:53:12 SatelliteSystem update...
2025/08/05 08:53:12 satellite count: 500
2025/08/05 08:53:12 SatelliteSystem update time: 1.913134ms
2025/08/05 08:53:12 TopoSystem update...
2025/08/05 08:53:12 TopoSystem: Link count: 350000
2025/08/05 08:53:12 TopoSystem update time: 5.524654ms
2025/08/05 08:53:12 AttenuationSystem update...
2025/08/05 08:53:12 AttenuationSystem parallel flag: 1
2025/08/05 08:53:12 Attenuation computed count: 350000
2025/08/05 08:53:12 AttenuationSystem update time: 152.638737ms
2025/08/05 08:53:12 Run 10 complete
2025/08/05 08:53:12 Total update time:  1.392347263s
2025/08/05 08:53:12 linkCache size: 40

 Performance counter stats for './scale_ecs 700 500 10 8 4 1':

         8,123,289      cache-references                                                      
           835,684      cache-misses                     #   10.29% of all cache refs         

       1.398719988 seconds time elapsed

       8.467891000 seconds user
       0.040032000 seconds sys


