ECS running with 700 stations, 1500 satellites, 8 numWGs and 4 numBlocks for 10 rounds in 1 parallel pattern
2025/08/05 09:09:43 StationSystem update...
2025/08/05 09:09:43 weather update count: 700
2025/08/05 09:09:43 SatelliteSystem update...
2025/08/05 09:09:43 StationSystem update time: 4.644µs
2025/08/05 09:09:43 satellite count: 1500
2025/08/05 09:09:43 SatelliteSystem update time: 5.691425ms
2025/08/05 09:09:43 TopoSystem update...
2025/08/05 09:09:43 TopoSystem: Link count: 1050000
2025/08/05 09:09:43 TopoSystem update time: 32.43282ms
2025/08/05 09:09:43 AttenuationSystem update...
2025/08/05 09:09:43 AttenuationSystem parallel flag: 1
2025/08/05 09:09:43 Attenuation computed count: 1050000
2025/08/05 09:09:43 AttenuationSystem update time: 300.316295ms
2025/08/05 09:09:43 Run 1 complete
2025/08/05 09:09:43 StationSystem update...
2025/08/05 09:09:43 weather update count: 700
2025/08/05 09:09:43 StationSystem update time: 3.49µs
2025/08/05 09:09:43 SatelliteSystem update...
2025/08/05 09:09:43 satellite count: 1500
2025/08/05 09:09:43 SatelliteSystem update time: 5.671361ms
2025/08/05 09:09:43 TopoSystem update...
2025/08/05 09:09:43 TopoSystem: Link count: 1050000
2025/08/05 09:09:43 TopoSystem update time: 26.994404ms
2025/08/05 09:09:43 AttenuationSystem update...
2025/08/05 09:09:43 AttenuationSystem parallel flag: 1
2025/08/05 09:09:44 Attenuation computed count: 1050000
2025/08/05 09:09:44 AttenuationSystem update time: 321.55746ms
2025/08/05 09:09:44 Run 2 complete
2025/08/05 09:09:44 StationSystem update...
2025/08/05 09:09:44 weather update count: 700
2025/08/05 09:09:44 StationSystem update time: 3.24µs
2025/08/05 09:09:44 SatelliteSystem update...
2025/08/05 09:09:44 satellite count: 1500
2025/08/05 09:09:44 SatelliteSystem update time: 5.674476ms
2025/08/05 09:09:44 TopoSystem update...
2025/08/05 09:09:44 TopoSystem: Link count: 1050000
2025/08/05 09:09:44 TopoSystem update time: 15.895257ms
2025/08/05 09:09:44 AttenuationSystem update...
2025/08/05 09:09:44 AttenuationSystem parallel flag: 1
2025/08/05 09:09:44 Attenuation computed count: 1050000
2025/08/05 09:09:44 AttenuationSystem update time: 340.472737ms
2025/08/05 09:09:44 Run 3 complete
2025/08/05 09:09:44 StationSystem update...
2025/08/05 09:09:44 weather update count: 700
2025/08/05 09:09:44 StationSystem update time: 2.959µs
2025/08/05 09:09:44 SatelliteSystem update...
2025/08/05 09:09:44 satellite count: 1500
2025/08/05 09:09:44 SatelliteSystem update time: 5.676295ms
2025/08/05 09:09:44 TopoSystem update...
2025/08/05 09:09:44 TopoSystem: Link count: 1050000
2025/08/05 09:09:44 TopoSystem update time: 16.165764ms
2025/08/05 09:09:44 AttenuationSystem update...
2025/08/05 09:09:44 AttenuationSystem parallel flag: 1
2025/08/05 09:09:44 Attenuation computed count: 1050000
2025/08/05 09:09:44 AttenuationSystem update time: 360.010918ms
2025/08/05 09:09:44 Run 4 complete
2025/08/05 09:09:44 StationSystem update...
2025/08/05 09:09:44 weather update count: 700
2025/08/05 09:09:44 StationSystem update time: 2.703µs
2025/08/05 09:09:44 SatelliteSystem update...
2025/08/05 09:09:44 satellite count: 1500
2025/08/05 09:09:44 SatelliteSystem update time: 5.678748ms
2025/08/05 09:09:44 TopoSystem update...
2025/08/05 09:09:44 TopoSystem: Link count: 1050000
2025/08/05 09:09:44 TopoSystem update time: 14.39318ms
2025/08/05 09:09:44 AttenuationSystem update...
2025/08/05 09:09:44 AttenuationSystem parallel flag: 1
2025/08/05 09:09:45 Attenuation computed count: 1050000
2025/08/05 09:09:45 AttenuationSystem update time: 329.11576ms
2025/08/05 09:09:45 Run 5 complete
2025/08/05 09:09:45 StationSystem update...
2025/08/05 09:09:45 weather update count: 700
2025/08/05 09:09:45 StationSystem update time: 3.18µs
2025/08/05 09:09:45 SatelliteSystem update...
2025/08/05 09:09:45 satellite count: 1500
2025/08/05 09:09:45 SatelliteSystem update time: 5.692871ms
2025/08/05 09:09:45 TopoSystem update...
2025/08/05 09:09:45 TopoSystem: Link count: 1050000
2025/08/05 09:09:45 TopoSystem update time: 14.134914ms
2025/08/05 09:09:45 AttenuationSystem update...
2025/08/05 09:09:45 AttenuationSystem parallel flag: 1
2025/08/05 09:09:45 Attenuation computed count: 1050000
2025/08/05 09:09:45 AttenuationSystem update time: 296.153294ms
2025/08/05 09:09:45 Run 6 complete
2025/08/05 09:09:45 StationSystem update...
2025/08/05 09:09:45 weather update count: 700
2025/08/05 09:09:45 StationSystem update time: 3.953µs
2025/08/05 09:09:45 SatelliteSystem update...
2025/08/05 09:09:45 satellite count: 1500
2025/08/05 09:09:45 SatelliteSystem update time: 4.226627ms
2025/08/05 09:09:45 TopoSystem update...
2025/08/05 09:09:45 TopoSystem: Link count: 1050000
2025/08/05 09:09:45 TopoSystem update time: 12.205204ms
2025/08/05 09:09:45 AttenuationSystem update...
2025/08/05 09:09:45 AttenuationSystem parallel flag: 1
2025/08/05 09:09:45 Attenuation computed count: 1050000
2025/08/05 09:09:45 AttenuationSystem update time: 347.068482ms
2025/08/05 09:09:45 Run 7 complete
2025/08/05 09:09:45 StationSystem update...
2025/08/05 09:09:45 weather update count: 700
2025/08/05 09:09:45 StationSystem update time: 3.325µs
2025/08/05 09:09:45 SatelliteSystem update...
2025/08/05 09:09:45 satellite count: 1500
2025/08/05 09:09:45 SatelliteSystem update time: 5.691838ms
2025/08/05 09:09:45 TopoSystem update...
2025/08/05 09:09:45 TopoSystem: Link count: 1050000
2025/08/05 09:09:45 TopoSystem update time: 14.321148ms
2025/08/05 09:09:45 AttenuationSystem update...
2025/08/05 09:09:45 AttenuationSystem parallel flag: 1
2025/08/05 09:09:46 Attenuation computed count: 1050000
2025/08/05 09:09:46 AttenuationSystem update time: 339.827822ms
2025/08/05 09:09:46 Run 8 complete
2025/08/05 09:09:46 StationSystem update...
2025/08/05 09:09:46 weather update count: 700
2025/08/05 09:09:46 StationSystem update time: 3.941µs
2025/08/05 09:09:46 SatelliteSystem update...
2025/08/05 09:09:46 satellite count: 1500
2025/08/05 09:09:46 SatelliteSystem update time: 5.674732ms
2025/08/05 09:09:46 TopoSystem update...
2025/08/05 09:09:46 TopoSystem: Link count: 1050000
2025/08/05 09:09:46 TopoSystem update time: 13.938277ms
2025/08/05 09:09:46 AttenuationSystem update...
2025/08/05 09:09:46 AttenuationSystem parallel flag: 1
2025/08/05 09:09:46 Attenuation computed count: 1050000
2025/08/05 09:09:46 AttenuationSystem update time: 299.454079ms
2025/08/05 09:09:46 Run 9 complete
2025/08/05 09:09:46 StationSystem update...
2025/08/05 09:09:46 weather update count: 700
2025/08/05 09:09:46 StationSystem update time: 3.006µs
2025/08/05 09:09:46 SatelliteSystem update...
2025/08/05 09:09:46 satellite count: 1500
2025/08/05 09:09:46 SatelliteSystem update time: 5.678937ms
2025/08/05 09:09:46 TopoSystem update...
2025/08/05 09:09:46 TopoSystem: Link count: 1050000
2025/08/05 09:09:46 TopoSystem update time: 13.884915ms
2025/08/05 09:09:46 AttenuationSystem update...
2025/08/05 09:09:46 AttenuationSystem parallel flag: 1
2025/08/05 09:09:46 Attenuation computed count: 1050000
2025/08/05 09:09:46 AttenuationSystem update time: 325.276873ms
2025/08/05 09:09:46 Run 10 complete
2025/08/05 09:09:46 Total update time:  3.497487444s
2025/08/05 09:09:46 linkCache size: 40

 Performance counter stats for './scale_ecs 700 1500 10 8 4 1':

        22,178,521      cache-references                                                      
         4,778,368      cache-misses                     #   21.55% of all cache refs         

       3.509776932 seconds time elapsed

      21.394097000 seconds user
       0.076921000 seconds sys


