ECS running with 800 stations, 1600 satellites, 8 numWGs and 4 numBlocks for 10 rounds in 0 parallel pattern
2025/08/05 10:13:21 StationSystem update...
2025/08/05 10:13:21 weather update count: 800
2025/08/05 10:13:21 SatelliteSystem update...
2025/08/05 10:13:21 StationSystem update time: 5.131µs
2025/08/05 10:13:21 satellite count: 1600
2025/08/05 10:13:21 SatelliteSystem update time: 6.054412ms
2025/08/05 10:13:21 TopoSystem update...
2025/08/05 10:13:21 TopoSystem: Link count: 1280000
2025/08/05 10:13:21 TopoSystem update time: 40.043048ms
2025/08/05 10:13:21 AttenuationSystem update...
2025/08/05 10:13:21 AttenuationSystem parallel flag: 0
2025/08/05 10:13:22 Attenuation computed count: 1280000
2025/08/05 10:13:22 AttenuationSystem update time: 723.78243ms
2025/08/05 10:13:22 Run 1 complete
2025/08/05 10:13:22 StationSystem update...
2025/08/05 10:13:22 weather update count: 800
2025/08/05 10:13:22 StationSystem update time: 3.427µs
2025/08/05 10:13:22 SatelliteSystem update...
2025/08/05 10:13:22 satellite count: 1600
2025/08/05 10:13:22 SatelliteSystem update time: 6.050665ms
2025/08/05 10:13:22 TopoSystem update...
2025/08/05 10:13:22 TopoSystem: Link count: 1280000
2025/08/05 10:13:22 TopoSystem update time: 36.012154ms
2025/08/05 10:13:22 AttenuationSystem update...
2025/08/05 10:13:22 AttenuationSystem parallel flag: 0
2025/08/05 10:13:22 Attenuation computed count: 1280000
2025/08/05 10:13:22 AttenuationSystem update time: 757.762259ms
2025/08/05 10:13:22 Run 2 complete
2025/08/05 10:13:22 StationSystem update...
2025/08/05 10:13:22 weather update count: 800
2025/08/05 10:13:22 StationSystem update time: 3.678µs
2025/08/05 10:13:22 SatelliteSystem update...
2025/08/05 10:13:22 satellite count: 1600
2025/08/05 10:13:22 SatelliteSystem update time: 4.488214ms
2025/08/05 10:13:22 TopoSystem update...
2025/08/05 10:13:23 TopoSystem: Link count: 1280000
2025/08/05 10:13:23 TopoSystem update time: 15.285029ms
2025/08/05 10:13:23 AttenuationSystem update...
2025/08/05 10:13:23 AttenuationSystem parallel flag: 0
2025/08/05 10:13:23 Attenuation computed count: 1280000
2025/08/05 10:13:23 AttenuationSystem update time: 682.909222ms
2025/08/05 10:13:23 Run 3 complete
2025/08/05 10:13:23 StationSystem update...
2025/08/05 10:13:23 weather update count: 800
2025/08/05 10:13:23 StationSystem update time: 3.36µs
2025/08/05 10:13:23 SatelliteSystem update...
2025/08/05 10:13:23 satellite count: 1600
2025/08/05 10:13:23 SatelliteSystem update time: 6.121568ms
2025/08/05 10:13:23 TopoSystem update...
2025/08/05 10:13:23 TopoSystem: Link count: 1280000
2025/08/05 10:13:23 TopoSystem update time: 31.643743ms
2025/08/05 10:13:23 AttenuationSystem update...
2025/08/05 10:13:23 AttenuationSystem parallel flag: 0
2025/08/05 10:13:24 Attenuation computed count: 1280000
2025/08/05 10:13:24 AttenuationSystem update time: 730.129947ms
2025/08/05 10:13:24 Run 4 complete
2025/08/05 10:13:24 StationSystem update...
2025/08/05 10:13:24 weather update count: 800
2025/08/05 10:13:24 StationSystem update time: 3.125µs
2025/08/05 10:13:24 SatelliteSystem update...
2025/08/05 10:13:24 satellite count: 1600
2025/08/05 10:13:24 SatelliteSystem update time: 6.057446ms
2025/08/05 10:13:24 TopoSystem update...
2025/08/05 10:13:24 TopoSystem: Link count: 1280000
2025/08/05 10:13:24 TopoSystem update time: 19.199949ms
2025/08/05 10:13:24 AttenuationSystem update...
2025/08/05 10:13:24 AttenuationSystem parallel flag: 0
2025/08/05 10:13:25 Attenuation computed count: 1280000
2025/08/05 10:13:25 AttenuationSystem update time: 803.600236ms
2025/08/05 10:13:25 Run 5 complete
2025/08/05 10:13:25 StationSystem update...
2025/08/05 10:13:25 weather update count: 800
2025/08/05 10:13:25 StationSystem update time: 2.828µs
2025/08/05 10:13:25 SatelliteSystem update...
2025/08/05 10:13:25 satellite count: 1600
2025/08/05 10:13:25 SatelliteSystem update time: 4.485745ms
2025/08/05 10:13:25 TopoSystem update...
2025/08/05 10:13:25 TopoSystem: Link count: 1280000
2025/08/05 10:13:25 TopoSystem update time: 17.199576ms
2025/08/05 10:13:25 AttenuationSystem update...
2025/08/05 10:13:25 AttenuationSystem parallel flag: 0
2025/08/05 10:13:25 Attenuation computed count: 1280000
2025/08/05 10:13:25 AttenuationSystem update time: 689.419764ms
2025/08/05 10:13:25 Run 6 complete
2025/08/05 10:13:25 StationSystem update...
2025/08/05 10:13:25 weather update count: 800
2025/08/05 10:13:25 StationSystem update time: 3.639µs
2025/08/05 10:13:25 SatelliteSystem update...
2025/08/05 10:13:25 satellite count: 1600
2025/08/05 10:13:25 SatelliteSystem update time: 6.062777ms
2025/08/05 10:13:25 TopoSystem update...
2025/08/05 10:13:26 TopoSystem: Link count: 1280000
2025/08/05 10:13:26 TopoSystem update time: 31.55723ms
2025/08/05 10:13:26 AttenuationSystem update...
2025/08/05 10:13:26 AttenuationSystem parallel flag: 0
2025/08/05 10:13:26 Attenuation computed count: 1280000
2025/08/05 10:13:26 AttenuationSystem update time: 712.578374ms
2025/08/05 10:13:26 Run 7 complete
2025/08/05 10:13:26 StationSystem update...
2025/08/05 10:13:26 weather update count: 800
2025/08/05 10:13:26 StationSystem update time: 3.817µs
2025/08/05 10:13:26 SatelliteSystem update...
2025/08/05 10:13:26 satellite count: 1600
2025/08/05 10:13:26 SatelliteSystem update time: 6.049105ms
2025/08/05 10:13:26 TopoSystem update...
2025/08/05 10:13:26 TopoSystem: Link count: 1280000
2025/08/05 10:13:26 TopoSystem update time: 31.303677ms
2025/08/05 10:13:26 AttenuationSystem update...
2025/08/05 10:13:26 AttenuationSystem parallel flag: 0
2025/08/05 10:13:27 Attenuation computed count: 1280000
2025/08/05 10:13:27 AttenuationSystem update time: 746.077561ms
2025/08/05 10:13:27 Run 8 complete
2025/08/05 10:13:27 StationSystem update...
2025/08/05 10:13:27 weather update count: 800
2025/08/05 10:13:27 StationSystem update time: 3.723µs
2025/08/05 10:13:27 SatelliteSystem update...
2025/08/05 10:13:27 satellite count: 1600
2025/08/05 10:13:27 SatelliteSystem update time: 6.085556ms
2025/08/05 10:13:27 TopoSystem update...
2025/08/05 10:13:27 TopoSystem: Link count: 1280000
2025/08/05 10:13:27 TopoSystem update time: 32.450569ms
2025/08/05 10:13:27 AttenuationSystem update...
2025/08/05 10:13:27 AttenuationSystem parallel flag: 0
2025/08/05 10:13:28 Attenuation computed count: 1280000
2025/08/05 10:13:28 AttenuationSystem update time: 659.076761ms
2025/08/05 10:13:28 Run 9 complete
2025/08/05 10:13:28 StationSystem update...
2025/08/05 10:13:28 weather update count: 800
2025/08/05 10:13:28 StationSystem update time: 3.345µs
2025/08/05 10:13:28 SatelliteSystem update...
2025/08/05 10:13:28 satellite count: 1600
2025/08/05 10:13:28 SatelliteSystem update time: 6.052302ms
2025/08/05 10:13:28 TopoSystem update...
2025/08/05 10:13:28 TopoSystem: Link count: 1280000
2025/08/05 10:13:28 TopoSystem update time: 32.218529ms
2025/08/05 10:13:28 AttenuationSystem update...
2025/08/05 10:13:28 AttenuationSystem parallel flag: 0
2025/08/05 10:13:28 Attenuation computed count: 1280000
2025/08/05 10:13:28 AttenuationSystem update time: 693.183669ms
2025/08/05 10:13:28 Run 10 complete
2025/08/05 10:13:28 Total update time:  7.55149802s
2025/08/05 10:13:28 linkCache size: 40

 Performance counter stats for './scale_ecs 800 1600 10 8 4 0':

        27,028,778      cache-references                                                      
         6,396,434      cache-misses                     #   23.67% of all cache refs         

       7.560609800 seconds time elapsed

      26.134361000 seconds user
       0.103989000 seconds sys


