ECS running with 500 stations, 800 satellites, 8 numWGs and 4 numBlocks for 10 rounds in 0 parallel pattern
2025/08/05 08:05:58 StationSystem update...
2025/08/05 08:05:58 weather update count: 500
2025/08/05 08:05:58 StationSystem update time: 4.183µs
2025/08/05 08:05:58 SatelliteSystem update...
2025/08/05 08:05:58 satellite count: 800
2025/08/05 08:05:58 SatelliteSystem update time: 3.041252ms
2025/08/05 08:05:58 TopoSystem update...
2025/08/05 08:05:58 TopoSystem: Link count: 400000
2025/08/05 08:05:58 TopoSystem update time: 14.083691ms
2025/08/05 08:05:58 AttenuationSystem update...
2025/08/05 08:05:58 AttenuationSystem parallel flag: 0
2025/08/05 08:05:58 Attenuation computed count: 400000
2025/08/05 08:05:58 AttenuationSystem update time: 230.598053ms
2025/08/05 08:05:58 Run 1 complete
2025/08/05 08:05:58 StationSystem update...
2025/08/05 08:05:58 weather update count: 500
2025/08/05 08:05:58 StationSystem update time: 2.745µs
2025/08/05 08:05:58 SatelliteSystem update...
2025/08/05 08:05:58 satellite count: 800
2025/08/05 08:05:58 SatelliteSystem update time: 3.039846ms
2025/08/05 08:05:58 TopoSystem update...
2025/08/05 08:05:58 TopoSystem: Link count: 400000
2025/08/05 08:05:58 TopoSystem update time: 10.979256ms
2025/08/05 08:05:58 AttenuationSystem update...
2025/08/05 08:05:58 AttenuationSystem parallel flag: 0
2025/08/05 08:05:59 Attenuation computed count: 400000
2025/08/05 08:05:59 AttenuationSystem update time: 260.72794ms
2025/08/05 08:05:59 Run 2 complete
2025/08/05 08:05:59 StationSystem update...
2025/08/05 08:05:59 weather update count: 500
2025/08/05 08:05:59 StationSystem update time: 3.557µs
2025/08/05 08:05:59 SatelliteSystem update...
2025/08/05 08:05:59 satellite count: 800
2025/08/05 08:05:59 SatelliteSystem update time: 3.023646ms
2025/08/05 08:05:59 TopoSystem update...
2025/08/05 08:05:59 TopoSystem: Link count: 400000
2025/08/05 08:05:59 TopoSystem update time: 10.21607ms
2025/08/05 08:05:59 AttenuationSystem update...
2025/08/05 08:05:59 AttenuationSystem parallel flag: 0
2025/08/05 08:05:59 Attenuation computed count: 400000
2025/08/05 08:05:59 AttenuationSystem update time: 239.251112ms
2025/08/05 08:05:59 Run 3 complete
2025/08/05 08:05:59 StationSystem update...
2025/08/05 08:05:59 weather update count: 500
2025/08/05 08:05:59 StationSystem update time: 2.514µs
2025/08/05 08:05:59 SatelliteSystem update...
2025/08/05 08:05:59 satellite count: 800
2025/08/05 08:05:59 SatelliteSystem update time: 3.037762ms
2025/08/05 08:05:59 TopoSystem update...
2025/08/05 08:05:59 TopoSystem: Link count: 400000
2025/08/05 08:05:59 TopoSystem update time: 6.226961ms
2025/08/05 08:05:59 AttenuationSystem update...
2025/08/05 08:05:59 AttenuationSystem parallel flag: 0
2025/08/05 08:05:59 Attenuation computed count: 400000
2025/08/05 08:05:59 AttenuationSystem update time: 257.395022ms
2025/08/05 08:05:59 Run 4 complete
2025/08/05 08:05:59 StationSystem update...
2025/08/05 08:05:59 weather update count: 500
2025/08/05 08:05:59 StationSystem update time: 2.489µs
2025/08/05 08:05:59 SatelliteSystem update...
2025/08/05 08:05:59 satellite count: 800
2025/08/05 08:05:59 SatelliteSystem update time: 3.03729ms
2025/08/05 08:05:59 TopoSystem update...
2025/08/05 08:05:59 TopoSystem: Link count: 400000
2025/08/05 08:05:59 TopoSystem update time: 6.003852ms
2025/08/05 08:05:59 AttenuationSystem update...
2025/08/05 08:05:59 AttenuationSystem parallel flag: 0
2025/08/05 08:05:59 Attenuation computed count: 400000
2025/08/05 08:05:59 AttenuationSystem update time: 234.561306ms
2025/08/05 08:05:59 Run 5 complete
2025/08/05 08:05:59 StationSystem update...
2025/08/05 08:05:59 weather update count: 500
2025/08/05 08:05:59 StationSystem update time: 2.66µs
2025/08/05 08:05:59 SatelliteSystem update...
2025/08/05 08:05:59 satellite count: 800
2025/08/05 08:05:59 SatelliteSystem update time: 3.037176ms
2025/08/05 08:05:59 TopoSystem update...
2025/08/05 08:05:59 TopoSystem: Link count: 400000
2025/08/05 08:05:59 TopoSystem update time: 7.953788ms
2025/08/05 08:05:59 AttenuationSystem update...
2025/08/05 08:05:59 AttenuationSystem parallel flag: 0
2025/08/05 08:06:00 Attenuation computed count: 400000
2025/08/05 08:06:00 AttenuationSystem update time: 258.284375ms
2025/08/05 08:06:00 Run 6 complete
2025/08/05 08:06:00 StationSystem update...
2025/08/05 08:06:00 weather update count: 500
2025/08/05 08:06:00 StationSystem update time: 2.491µs
2025/08/05 08:06:00 SatelliteSystem update...
2025/08/05 08:06:00 satellite count: 800
2025/08/05 08:06:00 SatelliteSystem update time: 3.035718ms
2025/08/05 08:06:00 TopoSystem update...
2025/08/05 08:06:00 TopoSystem: Link count: 400000
2025/08/05 08:06:00 TopoSystem update time: 9.640535ms
2025/08/05 08:06:00 AttenuationSystem update...
2025/08/05 08:06:00 AttenuationSystem parallel flag: 0
2025/08/05 08:06:00 Attenuation computed count: 400000
2025/08/05 08:06:00 AttenuationSystem update time: 236.493547ms
2025/08/05 08:06:00 Run 7 complete
2025/08/05 08:06:00 StationSystem update...
2025/08/05 08:06:00 weather update count: 500
2025/08/05 08:06:00 StationSystem update time: 2.543µs
2025/08/05 08:06:00 SatelliteSystem update...
2025/08/05 08:06:00 satellite count: 800
2025/08/05 08:06:00 SatelliteSystem update time: 3.029341ms
2025/08/05 08:06:00 TopoSystem update...
2025/08/05 08:06:00 TopoSystem: Link count: 400000
2025/08/05 08:06:00 TopoSystem update time: 6.058397ms
2025/08/05 08:06:00 AttenuationSystem update...
2025/08/05 08:06:00 AttenuationSystem parallel flag: 0
2025/08/05 08:06:00 Attenuation computed count: 400000
2025/08/05 08:06:00 AttenuationSystem update time: 261.82277ms
2025/08/05 08:06:00 Run 8 complete
2025/08/05 08:06:00 StationSystem update...
2025/08/05 08:06:00 weather update count: 500
2025/08/05 08:06:00 StationSystem update time: 2.721µs
2025/08/05 08:06:00 SatelliteSystem update...
2025/08/05 08:06:00 satellite count: 800
2025/08/05 08:06:00 SatelliteSystem update time: 3.035318ms
2025/08/05 08:06:00 TopoSystem update...
2025/08/05 08:06:00 TopoSystem: Link count: 400000
2025/08/05 08:06:00 TopoSystem update time: 6.998612ms
2025/08/05 08:06:00 AttenuationSystem update...
2025/08/05 08:06:00 AttenuationSystem parallel flag: 0
2025/08/05 08:06:00 Attenuation computed count: 400000
2025/08/05 08:06:00 AttenuationSystem update time: 261.924424ms
2025/08/05 08:06:00 Run 9 complete
2025/08/05 08:06:00 StationSystem update...
2025/08/05 08:06:00 weather update count: 500
2025/08/05 08:06:00 StationSystem update time: 2.92µs
2025/08/05 08:06:00 SatelliteSystem update...
2025/08/05 08:06:00 satellite count: 800
2025/08/05 08:06:00 SatelliteSystem update time: 3.033539ms
2025/08/05 08:06:00 TopoSystem update...
2025/08/05 08:06:01 TopoSystem: Link count: 400000
2025/08/05 08:06:01 TopoSystem update time: 6.198695ms
2025/08/05 08:06:01 AttenuationSystem update...
2025/08/05 08:06:01 AttenuationSystem parallel flag: 0
2025/08/05 08:06:01 Attenuation computed count: 400000
2025/08/05 08:06:01 AttenuationSystem update time: 257.25181ms
2025/08/05 08:06:01 Run 10 complete
2025/08/05 08:06:01 Total update time:  2.616537912s
2025/08/05 08:06:01 linkCache size: 40

 Performance counter stats for './scale_ecs 500 800 10 8 4 0':

         8,971,135      cache-references                                                      
           976,574      cache-misses                     #   10.89% of all cache refs         

       2.621517908 seconds time elapsed

       9.619723000 seconds user
       0.033016000 seconds sys


