ECS running with 900 stations, 900 satellites, 4 numWGs and 4 numBlocks for 10 rounds in 0 parallel pattern
2025/08/05 10:31:52 StationSystem update...
2025/08/05 10:31:52 weather update count: 900
2025/08/05 10:31:52 StationSystem update time: 5.064µs
2025/08/05 10:31:52 SatelliteSystem update...
2025/08/05 10:31:52 satellite count: 900
2025/08/05 10:31:52 SatelliteSystem update time: 3.407396ms
2025/08/05 10:31:52 TopoSystem update...
2025/08/05 10:31:52 TopoSystem: Link count: 810000
2025/08/05 10:31:52 TopoSystem update time: 25.324254ms
2025/08/05 10:31:52 AttenuationSystem update...
2025/08/05 10:31:52 AttenuationSystem parallel flag: 0
2025/08/05 10:31:53 Attenuation computed count: 810000
2025/08/05 10:31:53 AttenuationSystem update time: 462.17735ms
2025/08/05 10:31:53 Run 1 complete
2025/08/05 10:31:53 StationSystem update...
2025/08/05 10:31:53 weather update count: 900
2025/08/05 10:31:53 StationSystem update time: 3.791µs
2025/08/05 10:31:53 SatelliteSystem update...
2025/08/05 10:31:53 satellite count: 900
2025/08/05 10:31:53 SatelliteSystem update time: 3.414902ms
2025/08/05 10:31:53 TopoSystem update...
2025/08/05 10:31:53 TopoSystem: Link count: 810000
2025/08/05 10:31:53 TopoSystem update time: 22.09649ms
2025/08/05 10:31:53 AttenuationSystem update...
2025/08/05 10:31:53 AttenuationSystem parallel flag: 0
2025/08/05 10:31:53 Attenuation computed count: 810000
2025/08/05 10:31:53 AttenuationSystem update time: 495.367869ms
2025/08/05 10:31:53 Run 2 complete
2025/08/05 10:31:53 StationSystem update...
2025/08/05 10:31:53 weather update count: 900
2025/08/05 10:31:53 StationSystem update time: 3.684µs
2025/08/05 10:31:53 SatelliteSystem update...
2025/08/05 10:31:53 satellite count: 900
2025/08/05 10:31:53 SatelliteSystem update time: 3.407444ms
2025/08/05 10:31:53 TopoSystem update...
2025/08/05 10:31:53 TopoSystem: Link count: 810000
2025/08/05 10:31:53 TopoSystem update time: 12.619416ms
2025/08/05 10:31:53 AttenuationSystem update...
2025/08/05 10:31:53 AttenuationSystem parallel flag: 0
2025/08/05 10:31:54 Attenuation computed count: 810000
2025/08/05 10:31:54 AttenuationSystem update time: 465.2476ms
2025/08/05 10:31:54 Run 3 complete
2025/08/05 10:31:54 StationSystem update...
2025/08/05 10:31:54 weather update count: 900
2025/08/05 10:31:54 StationSystem update time: 3.728µs
2025/08/05 10:31:54 SatelliteSystem update...
2025/08/05 10:31:54 satellite count: 900
2025/08/05 10:31:54 SatelliteSystem update time: 3.417971ms
2025/08/05 10:31:54 TopoSystem update...
2025/08/05 10:31:54 TopoSystem: Link count: 810000
2025/08/05 10:31:54 TopoSystem update time: 13.018122ms
2025/08/05 10:31:54 AttenuationSystem update...
2025/08/05 10:31:54 AttenuationSystem parallel flag: 0
2025/08/05 10:31:54 Attenuation computed count: 810000
2025/08/05 10:31:54 AttenuationSystem update time: 476.009257ms
2025/08/05 10:31:54 Run 4 complete
2025/08/05 10:31:54 StationSystem update...
2025/08/05 10:31:54 weather update count: 900
2025/08/05 10:31:54 StationSystem update time: 3.721µs
2025/08/05 10:31:54 SatelliteSystem update...
2025/08/05 10:31:54 satellite count: 900
2025/08/05 10:31:54 SatelliteSystem update time: 3.410589ms
2025/08/05 10:31:54 TopoSystem update...
2025/08/05 10:31:54 TopoSystem: Link count: 810000
2025/08/05 10:31:54 TopoSystem update time: 12.837574ms
2025/08/05 10:31:54 AttenuationSystem update...
2025/08/05 10:31:54 AttenuationSystem parallel flag: 0
2025/08/05 10:31:55 Attenuation computed count: 810000
2025/08/05 10:31:55 AttenuationSystem update time: 485.830787ms
2025/08/05 10:31:55 Run 5 complete
2025/08/05 10:31:55 StationSystem update...
2025/08/05 10:31:55 weather update count: 900
2025/08/05 10:31:55 StationSystem update time: 3.918µs
2025/08/05 10:31:55 SatelliteSystem update...
2025/08/05 10:31:55 satellite count: 900
2025/08/05 10:31:55 SatelliteSystem update time: 3.401316ms
2025/08/05 10:31:55 TopoSystem update...
2025/08/05 10:31:55 TopoSystem: Link count: 810000
2025/08/05 10:31:55 TopoSystem update time: 12.244134ms
2025/08/05 10:31:55 AttenuationSystem update...
2025/08/05 10:31:55 AttenuationSystem parallel flag: 0
2025/08/05 10:31:55 Attenuation computed count: 810000
2025/08/05 10:31:55 AttenuationSystem update time: 492.244333ms
2025/08/05 10:31:55 Run 6 complete
2025/08/05 10:31:55 StationSystem update...
2025/08/05 10:31:55 weather update count: 900
2025/08/05 10:31:55 StationSystem update time: 4.238µs
2025/08/05 10:31:55 SatelliteSystem update...
2025/08/05 10:31:55 satellite count: 900
2025/08/05 10:31:55 SatelliteSystem update time: 3.60882ms
2025/08/05 10:31:55 TopoSystem update...
2025/08/05 10:31:55 TopoSystem: Link count: 810000
2025/08/05 10:31:55 TopoSystem update time: 12.364288ms
2025/08/05 10:31:55 AttenuationSystem update...
2025/08/05 10:31:55 AttenuationSystem parallel flag: 0
2025/08/05 10:31:56 Attenuation computed count: 810000
2025/08/05 10:31:56 AttenuationSystem update time: 461.682336ms
2025/08/05 10:31:56 Run 7 complete
2025/08/05 10:31:56 StationSystem update...
2025/08/05 10:31:56 weather update count: 900
2025/08/05 10:31:56 StationSystem update time: 3.98µs
2025/08/05 10:31:56 SatelliteSystem update...
2025/08/05 10:31:56 satellite count: 900
2025/08/05 10:31:56 SatelliteSystem update time: 3.402955ms
2025/08/05 10:31:56 TopoSystem update...
2025/08/05 10:31:56 TopoSystem: Link count: 810000
2025/08/05 10:31:56 TopoSystem update time: 20.477636ms
2025/08/05 10:31:56 AttenuationSystem update...
2025/08/05 10:31:56 AttenuationSystem parallel flag: 0
2025/08/05 10:31:56 Attenuation computed count: 810000
2025/08/05 10:31:56 AttenuationSystem update time: 466.088282ms
2025/08/05 10:31:56 Run 8 complete
2025/08/05 10:31:56 StationSystem update...
2025/08/05 10:31:56 weather update count: 900
2025/08/05 10:31:56 StationSystem update time: 4.202µs
2025/08/05 10:31:56 SatelliteSystem update...
2025/08/05 10:31:56 satellite count: 900
2025/08/05 10:31:56 SatelliteSystem update time: 3.414472ms
2025/08/05 10:31:56 TopoSystem update...
2025/08/05 10:31:56 TopoSystem: Link count: 810000
2025/08/05 10:31:56 TopoSystem update time: 12.330338ms
2025/08/05 10:31:56 AttenuationSystem update...
2025/08/05 10:31:56 AttenuationSystem parallel flag: 0
2025/08/05 10:31:57 Attenuation computed count: 810000
2025/08/05 10:31:57 AttenuationSystem update time: 496.243022ms
2025/08/05 10:31:57 Run 9 complete
2025/08/05 10:31:57 StationSystem update...
2025/08/05 10:31:57 weather update count: 900
2025/08/05 10:31:57 StationSystem update time: 4.227µs
2025/08/05 10:31:57 SatelliteSystem update...
2025/08/05 10:31:57 satellite count: 900
2025/08/05 10:31:57 SatelliteSystem update time: 3.411009ms
2025/08/05 10:31:57 TopoSystem update...
2025/08/05 10:31:57 TopoSystem: Link count: 810000
2025/08/05 10:31:57 TopoSystem update time: 15.975852ms
2025/08/05 10:31:57 AttenuationSystem update...
2025/08/05 10:31:57 AttenuationSystem parallel flag: 0
2025/08/05 10:31:57 Attenuation computed count: 810000
2025/08/05 10:31:57 AttenuationSystem update time: 464.58691ms
2025/08/05 10:31:57 Run 10 complete
2025/08/05 10:31:57 Total update time:  4.965157527s
2025/08/05 10:31:57 linkCache size: 40

 Performance counter stats for './scale_ecs 900 900 10 4 4 0':

        17,311,917      cache-references                                                      
         3,400,823      cache-misses                     #   19.64% of all cache refs         

       4.972061265 seconds time elapsed

      17.852277000 seconds user
       0.059997000 seconds sys


