ECS running with 800 stations, 1800 satellites, 2 numWGs and 4 numBlocks for 10 rounds in 0 parallel pattern
2025/08/05 10:17:13 StationSystem update...
2025/08/05 10:17:13 weather update count: 800
2025/08/05 10:17:13 StationSystem update time: 7.398µs
2025/08/05 10:17:13 SatelliteSystem update...
2025/08/05 10:17:13 satellite count: 1800
2025/08/05 10:17:13 SatelliteSystem update time: 6.894468ms
2025/08/05 10:17:13 TopoSystem update...
2025/08/05 10:17:13 TopoSystem: Link count: 1440000
2025/08/05 10:17:13 TopoSystem update time: 44.297582ms
2025/08/05 10:17:13 AttenuationSystem update...
2025/08/05 10:17:13 AttenuationSystem parallel flag: 0
2025/08/05 10:17:14 Attenuation computed count: 1440000
2025/08/05 10:17:14 AttenuationSystem update time: 797.382283ms
2025/08/05 10:17:14 Run 1 complete
2025/08/05 10:17:14 StationSystem update...
2025/08/05 10:17:14 weather update count: 800
2025/08/05 10:17:14 StationSystem update time: 3.151µs
2025/08/05 10:17:14 SatelliteSystem update...
2025/08/05 10:17:14 satellite count: 1800
2025/08/05 10:17:14 SatelliteSystem update time: 6.851655ms
2025/08/05 10:17:14 TopoSystem update...
2025/08/05 10:17:14 TopoSystem: Link count: 1440000
2025/08/05 10:17:14 TopoSystem update time: 44.307749ms
2025/08/05 10:17:14 AttenuationSystem update...
2025/08/05 10:17:14 AttenuationSystem parallel flag: 0
2025/08/05 10:17:15 Attenuation computed count: 1440000
2025/08/05 10:17:15 AttenuationSystem update time: 775.871426ms
2025/08/05 10:17:15 Run 2 complete
2025/08/05 10:17:15 StationSystem update...
2025/08/05 10:17:15 weather update count: 800
2025/08/05 10:17:15 StationSystem update time: 3.052µs
2025/08/05 10:17:15 SatelliteSystem update...
2025/08/05 10:17:15 satellite count: 1800
2025/08/05 10:17:15 SatelliteSystem update time: 6.802519ms
2025/08/05 10:17:15 TopoSystem update...
2025/08/05 10:17:15 TopoSystem: Link count: 1440000
2025/08/05 10:17:15 TopoSystem update time: 21.767662ms
2025/08/05 10:17:15 AttenuationSystem update...
2025/08/05 10:17:15 AttenuationSystem parallel flag: 0
2025/08/05 10:17:16 Attenuation computed count: 1440000
2025/08/05 10:17:16 AttenuationSystem update time: 843.466005ms
2025/08/05 10:17:16 Run 3 complete
2025/08/05 10:17:16 StationSystem update...
2025/08/05 10:17:16 weather update count: 800
2025/08/05 10:17:16 StationSystem update time: 3.897µs
2025/08/05 10:17:16 SatelliteSystem update...
2025/08/05 10:17:16 satellite count: 1800
2025/08/05 10:17:16 SatelliteSystem update time: 6.82543ms
2025/08/05 10:17:16 TopoSystem update...
2025/08/05 10:17:16 TopoSystem: Link count: 1440000
2025/08/05 10:17:16 TopoSystem update time: 21.800478ms
2025/08/05 10:17:16 AttenuationSystem update...
2025/08/05 10:17:16 AttenuationSystem parallel flag: 0
2025/08/05 10:17:16 Attenuation computed count: 1440000
2025/08/05 10:17:16 AttenuationSystem update time: 821.713775ms
2025/08/05 10:17:16 Run 4 complete
2025/08/05 10:17:16 StationSystem update...
2025/08/05 10:17:16 weather update count: 800
2025/08/05 10:17:16 StationSystem update time: 3.799µs
2025/08/05 10:17:16 SatelliteSystem update...
2025/08/05 10:17:17 satellite count: 1800
2025/08/05 10:17:17 SatelliteSystem update time: 10.175933ms
2025/08/05 10:17:17 TopoSystem update...
2025/08/05 10:17:17 TopoSystem: Link count: 1440000
2025/08/05 10:17:17 TopoSystem update time: 41.389335ms
2025/08/05 10:17:17 AttenuationSystem update...
2025/08/05 10:17:17 AttenuationSystem parallel flag: 0
2025/08/05 10:17:17 Attenuation computed count: 1440000
2025/08/05 10:17:17 AttenuationSystem update time: 708.336423ms
2025/08/05 10:17:17 Run 5 complete
2025/08/05 10:17:17 StationSystem update...
2025/08/05 10:17:17 weather update count: 800
2025/08/05 10:17:17 StationSystem update time: 3.655µs
2025/08/05 10:17:17 SatelliteSystem update...
2025/08/05 10:17:17 satellite count: 1800
2025/08/05 10:17:17 SatelliteSystem update time: 6.796739ms
2025/08/05 10:17:17 TopoSystem update...
2025/08/05 10:17:17 TopoSystem: Link count: 1440000
2025/08/05 10:17:17 TopoSystem update time: 19.393069ms
2025/08/05 10:17:17 AttenuationSystem update...
2025/08/05 10:17:17 AttenuationSystem parallel flag: 0
2025/08/05 10:17:18 Attenuation computed count: 1440000
2025/08/05 10:17:18 AttenuationSystem update time: 786.030828ms
2025/08/05 10:17:18 Run 6 complete
2025/08/05 10:17:18 StationSystem update...
2025/08/05 10:17:18 weather update count: 800
2025/08/05 10:17:18 StationSystem update time: 3.291µs
2025/08/05 10:17:18 SatelliteSystem update...
2025/08/05 10:17:18 satellite count: 1800
2025/08/05 10:17:18 SatelliteSystem update time: 6.808026ms
2025/08/05 10:17:18 TopoSystem update...
2025/08/05 10:17:18 TopoSystem: Link count: 1440000
2025/08/05 10:17:18 TopoSystem update time: 20.4094ms
2025/08/05 10:17:18 AttenuationSystem update...
2025/08/05 10:17:18 AttenuationSystem parallel flag: 0
2025/08/05 10:17:19 Attenuation computed count: 1440000
2025/08/05 10:17:19 AttenuationSystem update time: 724.966466ms
2025/08/05 10:17:19 Run 7 complete
2025/08/05 10:17:19 StationSystem update...
2025/08/05 10:17:19 weather update count: 800
2025/08/05 10:17:19 StationSystem update time: 3.393µs
2025/08/05 10:17:19 SatelliteSystem update...
2025/08/05 10:17:19 satellite count: 1800
2025/08/05 10:17:19 SatelliteSystem update time: 6.842086ms
2025/08/05 10:17:19 TopoSystem update...
2025/08/05 10:17:19 TopoSystem: Link count: 1440000
2025/08/05 10:17:19 TopoSystem update time: 23.436703ms
2025/08/05 10:17:19 AttenuationSystem update...
2025/08/05 10:17:19 AttenuationSystem parallel flag: 0
2025/08/05 10:17:20 Attenuation computed count: 1440000
2025/08/05 10:17:20 AttenuationSystem update time: 820.570413ms
2025/08/05 10:17:20 Run 8 complete
2025/08/05 10:17:20 StationSystem update...
2025/08/05 10:17:20 weather update count: 800
2025/08/05 10:17:20 StationSystem update time: 3.596µs
2025/08/05 10:17:20 SatelliteSystem update...
2025/08/05 10:17:20 satellite count: 1800
2025/08/05 10:17:20 SatelliteSystem update time: 16.573949ms
2025/08/05 10:17:20 TopoSystem update...
2025/08/05 10:17:20 TopoSystem: Link count: 1440000
2025/08/05 10:17:20 TopoSystem update time: 33.197979ms
2025/08/05 10:17:20 AttenuationSystem update...
2025/08/05 10:17:20 AttenuationSystem parallel flag: 0
2025/08/05 10:17:20 Attenuation computed count: 1440000
2025/08/05 10:17:20 AttenuationSystem update time: 700.863638ms
2025/08/05 10:17:20 Run 9 complete
2025/08/05 10:17:20 StationSystem update...
2025/08/05 10:17:20 weather update count: 800
2025/08/05 10:17:20 StationSystem update time: 3.616µs
2025/08/05 10:17:20 SatelliteSystem update...
2025/08/05 10:17:20 satellite count: 1800
2025/08/05 10:17:20 SatelliteSystem update time: 6.806338ms
2025/08/05 10:17:20 TopoSystem update...
2025/08/05 10:17:20 TopoSystem: Link count: 1440000
2025/08/05 10:17:20 TopoSystem update time: 19.743908ms
2025/08/05 10:17:20 AttenuationSystem update...
2025/08/05 10:17:20 AttenuationSystem parallel flag: 0
2025/08/05 10:17:21 Attenuation computed count: 1440000
2025/08/05 10:17:21 AttenuationSystem update time: 685.900361ms
2025/08/05 10:17:21 Run 10 complete
2025/08/05 10:17:21 Total update time:  8.047705945s
2025/08/05 10:17:21 linkCache size: 40

 Performance counter stats for './scale_ecs 800 1800 10 2 4 0':

        29,893,805      cache-references                                                      
         7,180,116      cache-misses                     #   24.02% of all cache refs         

       8.056642849 seconds time elapsed

      28.594425000 seconds user
       0.087016000 seconds sys


