ECS running with 1000 stations, 1000 satellites, 4 numWGs and 8 numBlocks for 10 rounds in 1 parallel pattern
2025/08/05 11:11:20 StationSystem update...
2025/08/05 11:11:20 SatelliteSystem update...
2025/08/05 11:11:20 weather update count: 1000
2025/08/05 11:11:20 StationSystem update time: 13.777µs
2025/08/05 11:11:20 satellite count: 1000
2025/08/05 11:11:20 SatelliteSystem update time: 3.805039ms
2025/08/05 11:11:20 TopoSystem update...
2025/08/05 11:11:20 TopoSystem: Link count: 1000000
2025/08/05 11:11:20 TopoSystem update time: 31.320675ms
2025/08/05 11:11:20 AttenuationSystem update...
2025/08/05 11:11:20 AttenuationSystem parallel flag: 1
2025/08/05 11:11:20 Attenuation computed count: 1000000
2025/08/05 11:11:20 AttenuationSystem update time: 571.070318ms
2025/08/05 11:11:20 Run 1 complete
2025/08/05 11:11:20 StationSystem update...
2025/08/05 11:11:20 weather update count: 1000
2025/08/05 11:11:20 StationSystem update time: 4.199µs
2025/08/05 11:11:20 SatelliteSystem update...
2025/08/05 11:11:20 satellite count: 1000
2025/08/05 11:11:20 SatelliteSystem update time: 3.802878ms
2025/08/05 11:11:20 TopoSystem update...
2025/08/05 11:11:20 TopoSystem: Link count: 1000000
2025/08/05 11:11:20 TopoSystem update time: 27.734131ms
2025/08/05 11:11:20 AttenuationSystem update...
2025/08/05 11:11:20 AttenuationSystem parallel flag: 1
2025/08/05 11:11:21 Attenuation computed count: 1000000
2025/08/05 11:11:21 AttenuationSystem update time: 593.098807ms
2025/08/05 11:11:21 Run 2 complete
2025/08/05 11:11:21 StationSystem update...
2025/08/05 11:11:21 weather update count: 1000
2025/08/05 11:11:21 StationSystem update time: 4.282µs
2025/08/05 11:11:21 SatelliteSystem update...
2025/08/05 11:11:21 satellite count: 1000
2025/08/05 11:11:21 SatelliteSystem update time: 3.799317ms
2025/08/05 11:11:21 TopoSystem update...
2025/08/05 11:11:21 TopoSystem: Link count: 1000000
2025/08/05 11:11:21 TopoSystem update time: 15.143731ms
2025/08/05 11:11:21 AttenuationSystem update...
2025/08/05 11:11:21 AttenuationSystem parallel flag: 1
2025/08/05 11:11:22 Attenuation computed count: 1000000
2025/08/05 11:11:22 AttenuationSystem update time: 593.104645ms
2025/08/05 11:11:22 Run 3 complete
2025/08/05 11:11:22 StationSystem update...
2025/08/05 11:11:22 weather update count: 1000
2025/08/05 11:11:22 StationSystem update time: 4.251µs
2025/08/05 11:11:22 SatelliteSystem update...
2025/08/05 11:11:22 satellite count: 1000
2025/08/05 11:11:22 SatelliteSystem update time: 3.802972ms
2025/08/05 11:11:22 TopoSystem update...
2025/08/05 11:11:22 TopoSystem: Link count: 1000000
2025/08/05 11:11:22 TopoSystem update time: 15.640205ms
2025/08/05 11:11:22 AttenuationSystem update...
2025/08/05 11:11:22 AttenuationSystem parallel flag: 1
2025/08/05 11:11:22 Attenuation computed count: 1000000
2025/08/05 11:11:22 AttenuationSystem update time: 575.17286ms
2025/08/05 11:11:22 Run 4 complete
2025/08/05 11:11:22 StationSystem update...
2025/08/05 11:11:22 weather update count: 1000
2025/08/05 11:11:22 StationSystem update time: 4.427µs
2025/08/05 11:11:22 SatelliteSystem update...
2025/08/05 11:11:22 satellite count: 1000
2025/08/05 11:11:22 SatelliteSystem update time: 3.811675ms
2025/08/05 11:11:22 TopoSystem update...
2025/08/05 11:11:22 TopoSystem: Link count: 1000000
2025/08/05 11:11:22 TopoSystem update time: 15.79012ms
2025/08/05 11:11:22 AttenuationSystem update...
2025/08/05 11:11:22 AttenuationSystem parallel flag: 1
2025/08/05 11:11:23 Attenuation computed count: 1000000
2025/08/05 11:11:23 AttenuationSystem update time: 627.500097ms
2025/08/05 11:11:23 Run 5 complete
2025/08/05 11:11:23 StationSystem update...
2025/08/05 11:11:23 weather update count: 1000
2025/08/05 11:11:23 StationSystem update time: 4.375µs
2025/08/05 11:11:23 SatelliteSystem update...
2025/08/05 11:11:23 satellite count: 1000
2025/08/05 11:11:23 SatelliteSystem update time: 2.855722ms
2025/08/05 11:11:23 TopoSystem update...
2025/08/05 11:11:23 TopoSystem: Link count: 1000000
2025/08/05 11:11:23 TopoSystem update time: 11.934887ms
2025/08/05 11:11:23 AttenuationSystem update...
2025/08/05 11:11:23 AttenuationSystem parallel flag: 1
2025/08/05 11:11:23 Attenuation computed count: 1000000
2025/08/05 11:11:23 AttenuationSystem update time: 604.417328ms
2025/08/05 11:11:23 Run 6 complete
2025/08/05 11:11:23 StationSystem update...
2025/08/05 11:11:23 weather update count: 1000
2025/08/05 11:11:23 StationSystem update time: 4.292µs
2025/08/05 11:11:23 SatelliteSystem update...
2025/08/05 11:11:23 satellite count: 1000
2025/08/05 11:11:23 SatelliteSystem update time: 2.833306ms
2025/08/05 11:11:23 TopoSystem update...
2025/08/05 11:11:23 TopoSystem: Link count: 1000000
2025/08/05 11:11:23 TopoSystem update time: 17.442951ms
2025/08/05 11:11:23 AttenuationSystem update...
2025/08/05 11:11:23 AttenuationSystem parallel flag: 1
2025/08/05 11:11:24 Attenuation computed count: 1000000
2025/08/05 11:11:24 AttenuationSystem update time: 579.339662ms
2025/08/05 11:11:24 Run 7 complete
2025/08/05 11:11:24 StationSystem update...
2025/08/05 11:11:24 weather update count: 1000
2025/08/05 11:11:24 StationSystem update time: 4.417µs
2025/08/05 11:11:24 SatelliteSystem update...
2025/08/05 11:11:24 satellite count: 1000
2025/08/05 11:11:24 SatelliteSystem update time: 3.801485ms
2025/08/05 11:11:24 TopoSystem update...
2025/08/05 11:11:24 TopoSystem: Link count: 1000000
2025/08/05 11:11:24 TopoSystem update time: 14.210251ms
2025/08/05 11:11:24 AttenuationSystem update...
2025/08/05 11:11:24 AttenuationSystem parallel flag: 1
2025/08/05 11:11:25 Attenuation computed count: 1000000
2025/08/05 11:11:25 AttenuationSystem update time: 603.044245ms
2025/08/05 11:11:25 Run 8 complete
2025/08/05 11:11:25 StationSystem update...
2025/08/05 11:11:25 weather update count: 1000
2025/08/05 11:11:25 StationSystem update time: 3.926µs
2025/08/05 11:11:25 SatelliteSystem update...
2025/08/05 11:11:25 satellite count: 1000
2025/08/05 11:11:25 SatelliteSystem update time: 2.828975ms
2025/08/05 11:11:25 TopoSystem update...
2025/08/05 11:11:25 TopoSystem: Link count: 1000000
2025/08/05 11:11:25 TopoSystem update time: 16.918642ms
2025/08/05 11:11:25 AttenuationSystem update...
2025/08/05 11:11:25 AttenuationSystem parallel flag: 1
2025/08/05 11:11:25 Attenuation computed count: 1000000
2025/08/05 11:11:25 AttenuationSystem update time: 647.847114ms
2025/08/05 11:11:25 Run 9 complete
2025/08/05 11:11:25 StationSystem update...
2025/08/05 11:11:25 weather update count: 1000
2025/08/05 11:11:25 StationSystem update time: 4.425µs
2025/08/05 11:11:25 SatelliteSystem update...
2025/08/05 11:11:25 satellite count: 1000
2025/08/05 11:11:25 SatelliteSystem update time: 3.824006ms
2025/08/05 11:11:25 TopoSystem update...
2025/08/05 11:11:25 TopoSystem: Link count: 1000000
2025/08/05 11:11:25 TopoSystem update time: 15.262412ms
2025/08/05 11:11:25 AttenuationSystem update...
2025/08/05 11:11:25 AttenuationSystem parallel flag: 1
2025/08/05 11:11:26 Attenuation computed count: 1000000
2025/08/05 11:11:26 AttenuationSystem update time: 589.917377ms
2025/08/05 11:11:26 Run 10 complete
2025/08/05 11:11:26 Total update time:  6.207241106s
2025/08/05 11:11:26 linkCache size: 40

 Performance counter stats for './scale_ecs 1000 1000 10 4 8 1':

        21,180,989      cache-references                                                      
         4,272,382      cache-misses                     #   20.17% of all cache refs         

       6.214505645 seconds time elapsed

      21.793747000 seconds user
       0.069030000 seconds sys


