ECS running with 500 stations, 1200 satellites, 4 numWGs and 4 numBlocks for 10 rounds in 0 parallel pattern
2025/08/05 08:10:26 StationSystem update...
2025/08/05 08:10:26 weather update count: 500
2025/08/05 08:10:26 SatelliteSystem update...
2025/08/05 08:10:26 StationSystem update time: 4.683µs
2025/08/05 08:10:26 satellite count: 1200
2025/08/05 08:10:26 SatelliteSystem update time: 4.546481ms
2025/08/05 08:10:26 TopoSystem update...
2025/08/05 08:10:26 TopoSystem: Link count: 600000
2025/08/05 08:10:26 TopoSystem update time: 19.15783ms
2025/08/05 08:10:26 AttenuationSystem update...
2025/08/05 08:10:26 AttenuationSystem parallel flag: 0
2025/08/05 08:10:26 Attenuation computed count: 600000
2025/08/05 08:10:26 AttenuationSystem update time: 349.386974ms
2025/08/05 08:10:26 Run 1 complete
2025/08/05 08:10:26 StationSystem update...
2025/08/05 08:10:26 weather update count: 500
2025/08/05 08:10:26 StationSystem update time: 2.889µs
2025/08/05 08:10:26 SatelliteSystem update...
2025/08/05 08:10:26 satellite count: 1200
2025/08/05 08:10:26 SatelliteSystem update time: 4.556731ms
2025/08/05 08:10:26 TopoSystem update...
2025/08/05 08:10:26 TopoSystem: Link count: 600000
2025/08/05 08:10:26 TopoSystem update time: 16.032092ms
2025/08/05 08:10:26 AttenuationSystem update...
2025/08/05 08:10:26 AttenuationSystem parallel flag: 0
2025/08/05 08:10:27 Attenuation computed count: 600000
2025/08/05 08:10:27 AttenuationSystem update time: 341.881568ms
2025/08/05 08:10:27 Run 2 complete
2025/08/05 08:10:27 StationSystem update...
2025/08/05 08:10:27 weather update count: 500
2025/08/05 08:10:27 StationSystem update time: 2.986µs
2025/08/05 08:10:27 SatelliteSystem update...
2025/08/05 08:10:27 satellite count: 1200
2025/08/05 08:10:27 SatelliteSystem update time: 4.652669ms
2025/08/05 08:10:27 TopoSystem update...
2025/08/05 08:10:27 TopoSystem: Link count: 600000
2025/08/05 08:10:27 TopoSystem update time: 9.188725ms
2025/08/05 08:10:27 AttenuationSystem update...
2025/08/05 08:10:27 AttenuationSystem parallel flag: 0
2025/08/05 08:10:27 Attenuation computed count: 600000
2025/08/05 08:10:27 AttenuationSystem update time: 350.302768ms
2025/08/05 08:10:27 Run 3 complete
2025/08/05 08:10:27 StationSystem update...
2025/08/05 08:10:27 weather update count: 500
2025/08/05 08:10:27 StationSystem update time: 2.798µs
2025/08/05 08:10:27 SatelliteSystem update...
2025/08/05 08:10:27 satellite count: 1200
2025/08/05 08:10:27 SatelliteSystem update time: 4.550973ms
2025/08/05 08:10:27 TopoSystem update...
2025/08/05 08:10:27 TopoSystem: Link count: 600000
2025/08/05 08:10:27 TopoSystem update time: 9.212816ms
2025/08/05 08:10:27 AttenuationSystem update...
2025/08/05 08:10:27 AttenuationSystem parallel flag: 0
2025/08/05 08:10:27 Attenuation computed count: 600000
2025/08/05 08:10:27 AttenuationSystem update time: 375.163585ms
2025/08/05 08:10:27 Run 4 complete
2025/08/05 08:10:27 StationSystem update...
2025/08/05 08:10:27 weather update count: 500
2025/08/05 08:10:27 StationSystem update time: 2.729µs
2025/08/05 08:10:27 SatelliteSystem update...
2025/08/05 08:10:27 satellite count: 1200
2025/08/05 08:10:27 SatelliteSystem update time: 4.561812ms
2025/08/05 08:10:27 TopoSystem update...
2025/08/05 08:10:27 TopoSystem: Link count: 600000
2025/08/05 08:10:27 TopoSystem update time: 8.947919ms
2025/08/05 08:10:27 AttenuationSystem update...
2025/08/05 08:10:27 AttenuationSystem parallel flag: 0
2025/08/05 08:10:28 Attenuation computed count: 600000
2025/08/05 08:10:28 AttenuationSystem update time: 375.920495ms
2025/08/05 08:10:28 Run 5 complete
2025/08/05 08:10:28 StationSystem update...
2025/08/05 08:10:28 weather update count: 500
2025/08/05 08:10:28 StationSystem update time: 3.185µs
2025/08/05 08:10:28 SatelliteSystem update...
2025/08/05 08:10:28 satellite count: 1200
2025/08/05 08:10:28 SatelliteSystem update time: 4.588102ms
2025/08/05 08:10:28 TopoSystem update...
2025/08/05 08:10:28 TopoSystem: Link count: 600000
2025/08/05 08:10:28 TopoSystem update time: 8.818368ms
2025/08/05 08:10:28 AttenuationSystem update...
2025/08/05 08:10:28 AttenuationSystem parallel flag: 0
2025/08/05 08:10:28 Attenuation computed count: 600000
2025/08/05 08:10:28 AttenuationSystem update time: 356.961378ms
2025/08/05 08:10:28 Run 6 complete
2025/08/05 08:10:28 StationSystem update...
2025/08/05 08:10:28 weather update count: 500
2025/08/05 08:10:28 StationSystem update time: 3.28µs
2025/08/05 08:10:28 SatelliteSystem update...
2025/08/05 08:10:28 satellite count: 1200
2025/08/05 08:10:28 SatelliteSystem update time: 4.556706ms
2025/08/05 08:10:28 TopoSystem update...
2025/08/05 08:10:28 TopoSystem: Link count: 600000
2025/08/05 08:10:28 TopoSystem update time: 8.899656ms
2025/08/05 08:10:28 AttenuationSystem update...
2025/08/05 08:10:28 AttenuationSystem parallel flag: 0
2025/08/05 08:10:28 Attenuation computed count: 600000
2025/08/05 08:10:28 AttenuationSystem update time: 375.898001ms
2025/08/05 08:10:28 Run 7 complete
2025/08/05 08:10:28 StationSystem update...
2025/08/05 08:10:28 weather update count: 500
2025/08/05 08:10:28 StationSystem update time: 2.74µs
2025/08/05 08:10:28 SatelliteSystem update...
2025/08/05 08:10:28 satellite count: 1200
2025/08/05 08:10:28 SatelliteSystem update time: 4.549691ms
2025/08/05 08:10:28 TopoSystem update...
2025/08/05 08:10:28 TopoSystem: Link count: 600000
2025/08/05 08:10:28 TopoSystem update time: 14.797454ms
2025/08/05 08:10:28 AttenuationSystem update...
2025/08/05 08:10:28 AttenuationSystem parallel flag: 0
2025/08/05 08:10:29 Attenuation computed count: 600000
2025/08/05 08:10:29 AttenuationSystem update time: 369.878676ms
2025/08/05 08:10:29 Run 8 complete
2025/08/05 08:10:29 StationSystem update...
2025/08/05 08:10:29 weather update count: 500
2025/08/05 08:10:29 StationSystem update time: 2.342µs
2025/08/05 08:10:29 SatelliteSystem update...
2025/08/05 08:10:29 satellite count: 1200
2025/08/05 08:10:29 SatelliteSystem update time: 4.542118ms
2025/08/05 08:10:29 TopoSystem update...
2025/08/05 08:10:29 TopoSystem: Link count: 600000
2025/08/05 08:10:29 TopoSystem update time: 9.017415ms
2025/08/05 08:10:29 AttenuationSystem update...
2025/08/05 08:10:29 AttenuationSystem parallel flag: 0
2025/08/05 08:10:29 Attenuation computed count: 600000
2025/08/05 08:10:29 AttenuationSystem update time: 377.522911ms
2025/08/05 08:10:29 Run 9 complete
2025/08/05 08:10:29 StationSystem update...
2025/08/05 08:10:29 weather update count: 500
2025/08/05 08:10:29 StationSystem update time: 2.827µs
2025/08/05 08:10:29 SatelliteSystem update...
2025/08/05 08:10:29 satellite count: 1200
2025/08/05 08:10:29 SatelliteSystem update time: 4.554919ms
2025/08/05 08:10:29 TopoSystem update...
2025/08/05 08:10:29 TopoSystem: Link count: 600000
2025/08/05 08:10:29 TopoSystem update time: 8.032325ms
2025/08/05 08:10:29 AttenuationSystem update...
2025/08/05 08:10:29 AttenuationSystem parallel flag: 0
2025/08/05 08:10:30 Attenuation computed count: 600000
2025/08/05 08:10:30 AttenuationSystem update time: 375.388645ms
2025/08/05 08:10:30 Run 10 complete
2025/08/05 08:10:30 Total update time:  3.812435433s
2025/08/05 08:10:30 linkCache size: 40

 Performance counter stats for './scale_ecs 500 1200 10 4 4 0':

        13,143,755      cache-references                                                      
         2,357,301      cache-misses                     #   17.93% of all cache refs         

       3.817687750 seconds time elapsed

      13.935782000 seconds user
       0.040010000 seconds sys


