ECS running with 600 stations, 500 satellites, 4 numWGs and 8 numBlocks for 10 rounds in 1 parallel pattern
2025/08/05 08:25:35 StationSystem update...
2025/08/05 08:25:35 weather update count: 600
2025/08/05 08:25:35 StationSystem update time: 4.385µs
2025/08/05 08:25:35 SatelliteSystem update...
2025/08/05 08:25:35 satellite count: 500
2025/08/05 08:25:35 SatelliteSystem update time: 1.911786ms
2025/08/05 08:25:35 TopoSystem update...
2025/08/05 08:25:35 TopoSystem: Link count: 300000
2025/08/05 08:25:35 TopoSystem update time: 10.970898ms
2025/08/05 08:25:35 AttenuationSystem update...
2025/08/05 08:25:35 AttenuationSystem parallel flag: 1
2025/08/05 08:25:35 Attenuation computed count: 300000
2025/08/05 08:25:35 AttenuationSystem update time: 172.211289ms
2025/08/05 08:25:35 Run 1 complete
2025/08/05 08:25:35 StationSystem update...
2025/08/05 08:25:35 weather update count: 600
2025/08/05 08:25:35 StationSystem update time: 3.092µs
2025/08/05 08:25:35 SatelliteSystem update...
2025/08/05 08:25:35 satellite count: 500
2025/08/05 08:25:35 SatelliteSystem update time: 1.920434ms
2025/08/05 08:25:35 TopoSystem update...
2025/08/05 08:25:35 TopoSystem: Link count: 300000
2025/08/05 08:25:35 TopoSystem update time: 5.503968ms
2025/08/05 08:25:35 AttenuationSystem update...
2025/08/05 08:25:35 AttenuationSystem parallel flag: 1
2025/08/05 08:25:35 Attenuation computed count: 300000
2025/08/05 08:25:35 AttenuationSystem update time: 226.016421ms
2025/08/05 08:25:35 Run 2 complete
2025/08/05 08:25:35 StationSystem update...
2025/08/05 08:25:35 weather update count: 600
2025/08/05 08:25:35 StationSystem update time: 2.813µs
2025/08/05 08:25:35 SatelliteSystem update...
2025/08/05 08:25:35 satellite count: 500
2025/08/05 08:25:35 SatelliteSystem update time: 1.904991ms
2025/08/05 08:25:35 TopoSystem update...
2025/08/05 08:25:35 TopoSystem: Link count: 300000
2025/08/05 08:25:35 TopoSystem update time: 9.055556ms
2025/08/05 08:25:35 AttenuationSystem update...
2025/08/05 08:25:35 AttenuationSystem parallel flag: 1
2025/08/05 08:25:36 Attenuation computed count: 300000
2025/08/05 08:25:36 AttenuationSystem update time: 222.350318ms
2025/08/05 08:25:36 Run 3 complete
2025/08/05 08:25:36 StationSystem update...
2025/08/05 08:25:36 weather update count: 600
2025/08/05 08:25:36 StationSystem update time: 2.714µs
2025/08/05 08:25:36 SatelliteSystem update...
2025/08/05 08:25:36 satellite count: 500
2025/08/05 08:25:36 SatelliteSystem update time: 1.918366ms
2025/08/05 08:25:36 TopoSystem update...
2025/08/05 08:25:36 TopoSystem: Link count: 300000
2025/08/05 08:25:36 TopoSystem update time: 7.088676ms
2025/08/05 08:25:36 AttenuationSystem update...
2025/08/05 08:25:36 AttenuationSystem parallel flag: 1
2025/08/05 08:25:36 Attenuation computed count: 300000
2025/08/05 08:25:36 AttenuationSystem update time: 205.265598ms
2025/08/05 08:25:36 Run 4 complete
2025/08/05 08:25:36 StationSystem update...
2025/08/05 08:25:36 weather update count: 600
2025/08/05 08:25:36 StationSystem update time: 2.796µs
2025/08/05 08:25:36 SatelliteSystem update...
2025/08/05 08:25:36 satellite count: 500
2025/08/05 08:25:36 SatelliteSystem update time: 1.912394ms
2025/08/05 08:25:36 TopoSystem update...
2025/08/05 08:25:36 TopoSystem: Link count: 300000
2025/08/05 08:25:36 TopoSystem update time: 7.370367ms
2025/08/05 08:25:36 AttenuationSystem update...
2025/08/05 08:25:36 AttenuationSystem parallel flag: 1
2025/08/05 08:25:36 Attenuation computed count: 300000
2025/08/05 08:25:36 AttenuationSystem update time: 237.278753ms
2025/08/05 08:25:36 Run 5 complete
2025/08/05 08:25:36 StationSystem update...
2025/08/05 08:25:36 weather update count: 600
2025/08/05 08:25:36 StationSystem update time: 2.846µs
2025/08/05 08:25:36 SatelliteSystem update...
2025/08/05 08:25:36 satellite count: 500
2025/08/05 08:25:36 SatelliteSystem update time: 1.670394ms
2025/08/05 08:25:36 TopoSystem update...
2025/08/05 08:25:36 TopoSystem: Link count: 300000
2025/08/05 08:25:36 TopoSystem update time: 14.245998ms
2025/08/05 08:25:36 AttenuationSystem update...
2025/08/05 08:25:36 AttenuationSystem parallel flag: 1
2025/08/05 08:25:36 Attenuation computed count: 300000
2025/08/05 08:25:36 AttenuationSystem update time: 206.325658ms
2025/08/05 08:25:36 Run 6 complete
2025/08/05 08:25:36 StationSystem update...
2025/08/05 08:25:36 weather update count: 600
2025/08/05 08:25:36 StationSystem update time: 2.692µs
2025/08/05 08:25:36 SatelliteSystem update...
2025/08/05 08:25:36 satellite count: 500
2025/08/05 08:25:36 SatelliteSystem update time: 1.908667ms
2025/08/05 08:25:36 TopoSystem update...
2025/08/05 08:25:36 TopoSystem: Link count: 300000
2025/08/05 08:25:36 TopoSystem update time: 8.283645ms
2025/08/05 08:25:36 AttenuationSystem update...
2025/08/05 08:25:36 AttenuationSystem parallel flag: 1
2025/08/05 08:25:37 Attenuation computed count: 300000
2025/08/05 08:25:37 AttenuationSystem update time: 198.657815ms
2025/08/05 08:25:37 Run 7 complete
2025/08/05 08:25:37 StationSystem update...
2025/08/05 08:25:37 weather update count: 600
2025/08/05 08:25:37 StationSystem update time: 2.574µs
2025/08/05 08:25:37 SatelliteSystem update...
2025/08/05 08:25:37 satellite count: 500
2025/08/05 08:25:37 SatelliteSystem update time: 1.909401ms
2025/08/05 08:25:37 TopoSystem update...
2025/08/05 08:25:37 TopoSystem: Link count: 300000
2025/08/05 08:25:37 TopoSystem update time: 4.570251ms
2025/08/05 08:25:37 AttenuationSystem update...
2025/08/05 08:25:37 AttenuationSystem parallel flag: 1
2025/08/05 08:25:37 Attenuation computed count: 300000
2025/08/05 08:25:37 AttenuationSystem update time: 219.389264ms
2025/08/05 08:25:37 Run 8 complete
2025/08/05 08:25:37 StationSystem update...
2025/08/05 08:25:37 weather update count: 600
2025/08/05 08:25:37 StationSystem update time: 2.969µs
2025/08/05 08:25:37 SatelliteSystem update...
2025/08/05 08:25:37 satellite count: 500
2025/08/05 08:25:37 SatelliteSystem update time: 1.911084ms
2025/08/05 08:25:37 TopoSystem update...
2025/08/05 08:25:37 TopoSystem: Link count: 300000
2025/08/05 08:25:37 TopoSystem update time: 5.029987ms
2025/08/05 08:25:37 AttenuationSystem update...
2025/08/05 08:25:37 AttenuationSystem parallel flag: 1
2025/08/05 08:25:37 Attenuation computed count: 300000
2025/08/05 08:25:37 AttenuationSystem update time: 235.691161ms
2025/08/05 08:25:37 Run 9 complete
2025/08/05 08:25:37 StationSystem update...
2025/08/05 08:25:37 weather update count: 600
2025/08/05 08:25:37 StationSystem update time: 2.618µs
2025/08/05 08:25:37 SatelliteSystem update...
2025/08/05 08:25:37 satellite count: 500
2025/08/05 08:25:37 SatelliteSystem update time: 1.92448ms
2025/08/05 08:25:37 TopoSystem update...
2025/08/05 08:25:37 TopoSystem: Link count: 300000
2025/08/05 08:25:37 TopoSystem update time: 5.084015ms
2025/08/05 08:25:37 AttenuationSystem update...
2025/08/05 08:25:37 AttenuationSystem parallel flag: 1
2025/08/05 08:25:37 Attenuation computed count: 300000
2025/08/05 08:25:37 AttenuationSystem update time: 222.976293ms
2025/08/05 08:25:37 Run 10 complete
2025/08/05 08:25:37 Total update time:  2.244691248s
2025/08/05 08:25:37 linkCache size: 40

 Performance counter stats for './scale_ecs 600 500 10 4 8 1':

         6,708,513      cache-references                                                      
           687,209      cache-misses                     #   10.24% of all cache refs         

       2.248646896 seconds time elapsed

       7.489047000 seconds user
       0.039130000 seconds sys


