ECS running with 700 stations, 1300 satellites, 4 numWGs and 8 numBlocks for 10 rounds in 1 parallel pattern
2025/08/05 09:05:07 StationSystem update...
2025/08/05 09:05:07 SatelliteSystem update...
2025/08/05 09:05:07 weather update count: 700
2025/08/05 09:05:07 StationSystem update time: 5.832µs
2025/08/05 09:05:07 satellite count: 1300
2025/08/05 09:05:07 SatelliteSystem update time: 4.934814ms
2025/08/05 09:05:07 TopoSystem update...
2025/08/05 09:05:07 TopoSystem: Link count: 910000
2025/08/05 09:05:07 TopoSystem update time: 26.464475ms
2025/08/05 09:05:07 AttenuationSystem update...
2025/08/05 09:05:07 AttenuationSystem parallel flag: 1
2025/08/05 09:05:07 Attenuation computed count: 910000
2025/08/05 09:05:07 AttenuationSystem update time: 521.865471ms
2025/08/05 09:05:07 Run 1 complete
2025/08/05 09:05:07 StationSystem update...
2025/08/05 09:05:07 weather update count: 700
2025/08/05 09:05:07 StationSystem update time: 3.2µs
2025/08/05 09:05:07 SatelliteSystem update...
2025/08/05 09:05:07 satellite count: 1300
2025/08/05 09:05:07 SatelliteSystem update time: 4.929708ms
2025/08/05 09:05:07 TopoSystem update...
2025/08/05 09:05:08 TopoSystem: Link count: 910000
2025/08/05 09:05:08 TopoSystem update time: 25.681869ms
2025/08/05 09:05:08 AttenuationSystem update...
2025/08/05 09:05:08 AttenuationSystem parallel flag: 1
2025/08/05 09:05:08 Attenuation computed count: 910000
2025/08/05 09:05:08 AttenuationSystem update time: 575.614301ms
2025/08/05 09:05:08 Run 2 complete
2025/08/05 09:05:08 StationSystem update...
2025/08/05 09:05:08 weather update count: 700
2025/08/05 09:05:08 StationSystem update time: 3.382µs
2025/08/05 09:05:08 SatelliteSystem update...
2025/08/05 09:05:08 satellite count: 1300
2025/08/05 09:05:08 SatelliteSystem update time: 4.937377ms
2025/08/05 09:05:08 TopoSystem update...
2025/08/05 09:05:08 TopoSystem: Link count: 910000
2025/08/05 09:05:08 TopoSystem update time: 17.812912ms
2025/08/05 09:05:08 AttenuationSystem update...
2025/08/05 09:05:08 AttenuationSystem parallel flag: 1
2025/08/05 09:05:09 Attenuation computed count: 910000
2025/08/05 09:05:09 AttenuationSystem update time: 541.577545ms
2025/08/05 09:05:09 Run 3 complete
2025/08/05 09:05:09 StationSystem update...
2025/08/05 09:05:09 weather update count: 700
2025/08/05 09:05:09 StationSystem update time: 3.356µs
2025/08/05 09:05:09 SatelliteSystem update...
2025/08/05 09:05:09 satellite count: 1300
2025/08/05 09:05:09 SatelliteSystem update time: 4.944285ms
2025/08/05 09:05:09 TopoSystem update...
2025/08/05 09:05:09 TopoSystem: Link count: 910000
2025/08/05 09:05:09 TopoSystem update time: 13.777227ms
2025/08/05 09:05:09 AttenuationSystem update...
2025/08/05 09:05:09 AttenuationSystem parallel flag: 1
2025/08/05 09:05:09 Attenuation computed count: 910000
2025/08/05 09:05:09 AttenuationSystem update time: 531.549312ms
2025/08/05 09:05:09 Run 4 complete
2025/08/05 09:05:09 StationSystem update...
2025/08/05 09:05:09 weather update count: 700
2025/08/05 09:05:09 StationSystem update time: 3.263µs
2025/08/05 09:05:09 SatelliteSystem update...
2025/08/05 09:05:09 satellite count: 1300
2025/08/05 09:05:09 SatelliteSystem update time: 4.935623ms
2025/08/05 09:05:09 TopoSystem update...
2025/08/05 09:05:09 TopoSystem: Link count: 910000
2025/08/05 09:05:09 TopoSystem update time: 13.048504ms
2025/08/05 09:05:09 AttenuationSystem update...
2025/08/05 09:05:09 AttenuationSystem parallel flag: 1
2025/08/05 09:05:10 Attenuation computed count: 910000
2025/08/05 09:05:10 AttenuationSystem update time: 535.26185ms
2025/08/05 09:05:10 Run 5 complete
2025/08/05 09:05:10 StationSystem update...
2025/08/05 09:05:10 weather update count: 700
2025/08/05 09:05:10 StationSystem update time: 3.316µs
2025/08/05 09:05:10 SatelliteSystem update...
2025/08/05 09:05:10 satellite count: 1300
2025/08/05 09:05:10 SatelliteSystem update time: 4.934107ms
2025/08/05 09:05:10 TopoSystem update...
2025/08/05 09:05:10 TopoSystem: Link count: 910000
2025/08/05 09:05:10 TopoSystem update time: 13.932675ms
2025/08/05 09:05:10 AttenuationSystem update...
2025/08/05 09:05:10 AttenuationSystem parallel flag: 1
2025/08/05 09:05:10 Attenuation computed count: 910000
2025/08/05 09:05:10 AttenuationSystem update time: 541.869726ms
2025/08/05 09:05:10 Run 6 complete
2025/08/05 09:05:10 StationSystem update...
2025/08/05 09:05:10 weather update count: 700
2025/08/05 09:05:10 StationSystem update time: 3.92µs
2025/08/05 09:05:10 SatelliteSystem update...
2025/08/05 09:05:10 satellite count: 1300
2025/08/05 09:05:10 SatelliteSystem update time: 4.947225ms
2025/08/05 09:05:10 TopoSystem update...
2025/08/05 09:05:10 TopoSystem: Link count: 910000
2025/08/05 09:05:10 TopoSystem update time: 13.137289ms
2025/08/05 09:05:10 AttenuationSystem update...
2025/08/05 09:05:10 AttenuationSystem parallel flag: 1
2025/08/05 09:05:11 Attenuation computed count: 910000
2025/08/05 09:05:11 AttenuationSystem update time: 419.765148ms
2025/08/05 09:05:11 Run 7 complete
2025/08/05 09:05:11 StationSystem update...
2025/08/05 09:05:11 weather update count: 700
2025/08/05 09:05:11 StationSystem update time: 2.878µs
2025/08/05 09:05:11 SatelliteSystem update...
2025/08/05 09:05:11 satellite count: 1300
2025/08/05 09:05:11 SatelliteSystem update time: 3.669411ms
2025/08/05 09:05:11 TopoSystem update...
2025/08/05 09:05:11 TopoSystem: Link count: 910000
2025/08/05 09:05:11 TopoSystem update time: 10.584833ms
2025/08/05 09:05:11 AttenuationSystem update...
2025/08/05 09:05:11 AttenuationSystem parallel flag: 1
2025/08/05 09:05:11 Attenuation computed count: 910000
2025/08/05 09:05:11 AttenuationSystem update time: 552.579731ms
2025/08/05 09:05:11 Run 8 complete
2025/08/05 09:05:11 StationSystem update...
2025/08/05 09:05:11 weather update count: 700
2025/08/05 09:05:11 StationSystem update time: 3.234µs
2025/08/05 09:05:11 SatelliteSystem update...
2025/08/05 09:05:11 satellite count: 1300
2025/08/05 09:05:11 SatelliteSystem update time: 4.945793ms
2025/08/05 09:05:11 TopoSystem update...
2025/08/05 09:05:11 TopoSystem: Link count: 910000
2025/08/05 09:05:11 TopoSystem update time: 13.901456ms
2025/08/05 09:05:11 AttenuationSystem update...
2025/08/05 09:05:11 AttenuationSystem parallel flag: 1
2025/08/05 09:05:12 Attenuation computed count: 910000
2025/08/05 09:05:12 AttenuationSystem update time: 496.832421ms
2025/08/05 09:05:12 Run 9 complete
2025/08/05 09:05:12 StationSystem update...
2025/08/05 09:05:12 weather update count: 700
2025/08/05 09:05:12 StationSystem update time: 2.918µs
2025/08/05 09:05:12 SatelliteSystem update...
2025/08/05 09:05:12 satellite count: 1300
2025/08/05 09:05:12 SatelliteSystem update time: 4.934472ms
2025/08/05 09:05:12 TopoSystem update...
2025/08/05 09:05:12 TopoSystem: Link count: 910000
2025/08/05 09:05:12 TopoSystem update time: 13.0258ms
2025/08/05 09:05:12 AttenuationSystem update...
2025/08/05 09:05:12 AttenuationSystem parallel flag: 1
2025/08/05 09:05:12 Attenuation computed count: 910000
2025/08/05 09:05:12 AttenuationSystem update time: 564.756307ms
2025/08/05 09:05:12 Run 10 complete
2025/08/05 09:05:12 Total update time:  5.498653573s
2025/08/05 09:05:12 linkCache size: 40

 Performance counter stats for './scale_ecs 700 1300 10 4 8 1':

        19,424,013      cache-references                                                      
         3,978,581      cache-misses                     #   20.48% of all cache refs         

       5.506495399 seconds time elapsed

      19.165851000 seconds user
       0.064026000 seconds sys


