ECS running with 900 stations, 1400 satellites, 4 numWGs and 8 numBlocks for 10 rounds in 0 parallel pattern
2025/08/05 10:42:56 StationSystem update...
2025/08/05 10:42:56 weather update count: 900
2025/08/05 10:42:56 StationSystem update time: 5.358µs
2025/08/05 10:42:56 SatelliteSystem update...
2025/08/05 10:42:56 satellite count: 1400
2025/08/05 10:42:56 SatelliteSystem update time: 5.305586ms
2025/08/05 10:42:56 TopoSystem update...
2025/08/05 10:42:56 TopoSystem: Link count: 1260000
2025/08/05 10:42:56 TopoSystem update time: 35.051639ms
2025/08/05 10:42:56 AttenuationSystem update...
2025/08/05 10:42:56 AttenuationSystem parallel flag: 0
2025/08/05 10:42:56 Attenuation computed count: 1260000
2025/08/05 10:42:56 AttenuationSystem update time: 374.752868ms
2025/08/05 10:42:56 Run 1 complete
2025/08/05 10:42:56 StationSystem update...
2025/08/05 10:42:56 weather update count: 900
2025/08/05 10:42:56 StationSystem update time: 4.321µs
2025/08/05 10:42:56 SatelliteSystem update...
2025/08/05 10:42:56 satellite count: 1400
2025/08/05 10:42:56 SatelliteSystem update time: 5.311214ms
2025/08/05 10:42:56 TopoSystem update...
2025/08/05 10:42:56 TopoSystem: Link count: 1260000
2025/08/05 10:42:56 TopoSystem update time: 45.781695ms
2025/08/05 10:42:56 AttenuationSystem update...
2025/08/05 10:42:56 AttenuationSystem parallel flag: 0
2025/08/05 10:42:57 Attenuation computed count: 1260000
2025/08/05 10:42:57 AttenuationSystem update time: 370.086343ms
2025/08/05 10:42:57 Run 2 complete
2025/08/05 10:42:57 StationSystem update...
2025/08/05 10:42:57 weather update count: 900
2025/08/05 10:42:57 StationSystem update time: 3.513µs
2025/08/05 10:42:57 SatelliteSystem update...
2025/08/05 10:42:57 satellite count: 1400
2025/08/05 10:42:57 SatelliteSystem update time: 5.305047ms
2025/08/05 10:42:57 TopoSystem update...
2025/08/05 10:42:57 TopoSystem: Link count: 1260000
2025/08/05 10:42:57 TopoSystem update time: 18.149704ms
2025/08/05 10:42:57 AttenuationSystem update...
2025/08/05 10:42:57 AttenuationSystem parallel flag: 0
2025/08/05 10:42:57 Attenuation computed count: 1260000
2025/08/05 10:42:57 AttenuationSystem update time: 392.99847ms
2025/08/05 10:42:57 Run 3 complete
2025/08/05 10:42:57 StationSystem update...
2025/08/05 10:42:57 weather update count: 900
2025/08/05 10:42:57 StationSystem update time: 3.631µs
2025/08/05 10:42:57 SatelliteSystem update...
2025/08/05 10:42:57 satellite count: 1400
2025/08/05 10:42:57 SatelliteSystem update time: 5.302088ms
2025/08/05 10:42:57 TopoSystem update...
2025/08/05 10:42:57 TopoSystem: Link count: 1260000
2025/08/05 10:42:57 TopoSystem update time: 19.231029ms
2025/08/05 10:42:57 AttenuationSystem update...
2025/08/05 10:42:57 AttenuationSystem parallel flag: 0
2025/08/05 10:42:57 Attenuation computed count: 1260000
2025/08/05 10:42:57 AttenuationSystem update time: 394.937398ms
2025/08/05 10:42:57 Run 4 complete
2025/08/05 10:42:57 StationSystem update...
2025/08/05 10:42:57 weather update count: 900
2025/08/05 10:42:57 StationSystem update time: 3.845µs
2025/08/05 10:42:57 SatelliteSystem update...
2025/08/05 10:42:57 satellite count: 1400
2025/08/05 10:42:57 SatelliteSystem update time: 5.311946ms
2025/08/05 10:42:57 TopoSystem update...
2025/08/05 10:42:57 TopoSystem: Link count: 1260000
2025/08/05 10:42:57 TopoSystem update time: 19.089591ms
2025/08/05 10:42:57 AttenuationSystem update...
2025/08/05 10:42:57 AttenuationSystem parallel flag: 0
2025/08/05 10:42:58 Attenuation computed count: 1260000
2025/08/05 10:42:58 AttenuationSystem update time: 381.628703ms
2025/08/05 10:42:58 Run 5 complete
2025/08/05 10:42:58 StationSystem update...
2025/08/05 10:42:58 weather update count: 900
2025/08/05 10:42:58 StationSystem update time: 3.636µs
2025/08/05 10:42:58 SatelliteSystem update...
2025/08/05 10:42:58 satellite count: 1400
2025/08/05 10:42:58 SatelliteSystem update time: 5.304385ms
2025/08/05 10:42:58 TopoSystem update...
2025/08/05 10:42:58 TopoSystem: Link count: 1260000
2025/08/05 10:42:58 TopoSystem update time: 18.867518ms
2025/08/05 10:42:58 AttenuationSystem update...
2025/08/05 10:42:58 AttenuationSystem parallel flag: 0
2025/08/05 10:42:58 Attenuation computed count: 1260000
2025/08/05 10:42:58 AttenuationSystem update time: 371.195668ms
2025/08/05 10:42:58 Run 6 complete
2025/08/05 10:42:58 StationSystem update...
2025/08/05 10:42:58 weather update count: 900
2025/08/05 10:42:58 StationSystem update time: 3.61µs
2025/08/05 10:42:58 SatelliteSystem update...
2025/08/05 10:42:58 satellite count: 1400
2025/08/05 10:42:58 SatelliteSystem update time: 5.301366ms
2025/08/05 10:42:58 TopoSystem update...
2025/08/05 10:42:58 TopoSystem: Link count: 1260000
2025/08/05 10:42:58 TopoSystem update time: 18.976958ms
2025/08/05 10:42:58 AttenuationSystem update...
2025/08/05 10:42:58 AttenuationSystem parallel flag: 0
2025/08/05 10:42:59 Attenuation computed count: 1260000
2025/08/05 10:42:59 AttenuationSystem update time: 383.498434ms
2025/08/05 10:42:59 Run 7 complete
2025/08/05 10:42:59 StationSystem update...
2025/08/05 10:42:59 weather update count: 900
2025/08/05 10:42:59 StationSystem update time: 3.617µs
2025/08/05 10:42:59 SatelliteSystem update...
2025/08/05 10:42:59 satellite count: 1400
2025/08/05 10:42:59 SatelliteSystem update time: 5.299879ms
2025/08/05 10:42:59 TopoSystem update...
2025/08/05 10:42:59 TopoSystem: Link count: 1260000
2025/08/05 10:42:59 TopoSystem update time: 18.918313ms
2025/08/05 10:42:59 AttenuationSystem update...
2025/08/05 10:42:59 AttenuationSystem parallel flag: 0
2025/08/05 10:42:59 Attenuation computed count: 1260000
2025/08/05 10:42:59 AttenuationSystem update time: 366.486935ms
2025/08/05 10:42:59 Run 8 complete
2025/08/05 10:42:59 StationSystem update...
2025/08/05 10:42:59 weather update count: 900
2025/08/05 10:42:59 StationSystem update time: 3.859µs
2025/08/05 10:42:59 SatelliteSystem update...
2025/08/05 10:42:59 satellite count: 1400
2025/08/05 10:42:59 SatelliteSystem update time: 4.439321ms
2025/08/05 10:42:59 TopoSystem update...
2025/08/05 10:42:59 TopoSystem: Link count: 1260000
2025/08/05 10:42:59 TopoSystem update time: 14.746776ms
2025/08/05 10:42:59 AttenuationSystem update...
2025/08/05 10:42:59 AttenuationSystem parallel flag: 0
2025/08/05 10:42:59 Attenuation computed count: 1260000
2025/08/05 10:42:59 AttenuationSystem update time: 347.07176ms
2025/08/05 10:42:59 Run 9 complete
2025/08/05 10:42:59 StationSystem update...
2025/08/05 10:42:59 weather update count: 900
2025/08/05 10:42:59 StationSystem update time: 3.991µs
2025/08/05 10:42:59 SatelliteSystem update...
2025/08/05 10:42:59 satellite count: 1400
2025/08/05 10:42:59 SatelliteSystem update time: 3.975165ms
2025/08/05 10:42:59 TopoSystem update...
2025/08/05 10:42:59 TopoSystem: Link count: 1260000
2025/08/05 10:42:59 TopoSystem update time: 22.068008ms
2025/08/05 10:42:59 AttenuationSystem update...
2025/08/05 10:42:59 AttenuationSystem parallel flag: 0
2025/08/05 10:43:00 Attenuation computed count: 1260000
2025/08/05 10:43:00 AttenuationSystem update time: 384.447234ms
2025/08/05 10:43:00 Run 10 complete
2025/08/05 10:43:00 Total update time:  4.056921935s
2025/08/05 10:43:00 linkCache size: 40

 Performance counter stats for './scale_ecs 900 1400 10 4 8 0':

        26,139,764      cache-references                                                      
         5,656,217      cache-misses                     #   21.64% of all cache refs         

       4.066228658 seconds time elapsed

      26.324656000 seconds user
       0.076010000 seconds sys


