ECS running with 900 stations, 1200 satellites, 4 numWGs and 4 numBlocks for 10 rounds in 1 parallel pattern
2025/08/05 10:37:45 StationSystem update...
2025/08/05 10:37:45 weather update count: 900
2025/08/05 10:37:45 StationSystem update time: 3.842µs
2025/08/05 10:37:45 SatelliteSystem update...
2025/08/05 10:37:45 satellite count: 1200
2025/08/05 10:37:45 SatelliteSystem update time: 3.388641ms
2025/08/05 10:37:45 TopoSystem update...
2025/08/05 10:37:45 TopoSystem: Link count: 1080000
2025/08/05 10:37:45 TopoSystem update time: 33.282969ms
2025/08/05 10:37:45 AttenuationSystem update...
2025/08/05 10:37:45 AttenuationSystem parallel flag: 1
2025/08/05 10:37:45 Attenuation computed count: 1080000
2025/08/05 10:37:45 AttenuationSystem update time: 620.729742ms
2025/08/05 10:37:45 Run 1 complete
2025/08/05 10:37:45 StationSystem update...
2025/08/05 10:37:45 weather update count: 900
2025/08/05 10:37:45 StationSystem update time: 3.661µs
2025/08/05 10:37:45 SatelliteSystem update...
2025/08/05 10:37:45 satellite count: 1200
2025/08/05 10:37:45 SatelliteSystem update time: 3.380113ms
2025/08/05 10:37:45 TopoSystem update...
2025/08/05 10:37:45 TopoSystem: Link count: 1080000
2025/08/05 10:37:45 TopoSystem update time: 22.944887ms
2025/08/05 10:37:45 AttenuationSystem update...
2025/08/05 10:37:45 AttenuationSystem parallel flag: 1
2025/08/05 10:37:46 Attenuation computed count: 1080000
2025/08/05 10:37:46 AttenuationSystem update time: 622.159575ms
2025/08/05 10:37:46 Run 2 complete
2025/08/05 10:37:46 StationSystem update...
2025/08/05 10:37:46 weather update count: 900
2025/08/05 10:37:46 StationSystem update time: 3.27µs
2025/08/05 10:37:46 SatelliteSystem update...
2025/08/05 10:37:46 satellite count: 1200
2025/08/05 10:37:46 SatelliteSystem update time: 3.447419ms
2025/08/05 10:37:46 TopoSystem update...
2025/08/05 10:37:46 TopoSystem: Link count: 1080000
2025/08/05 10:37:46 TopoSystem update time: 14.832111ms
2025/08/05 10:37:46 AttenuationSystem update...
2025/08/05 10:37:46 AttenuationSystem parallel flag: 1
2025/08/05 10:37:47 Attenuation computed count: 1080000
2025/08/05 10:37:47 AttenuationSystem update time: 650.147108ms
2025/08/05 10:37:47 Run 3 complete
2025/08/05 10:37:47 StationSystem update...
2025/08/05 10:37:47 weather update count: 900
2025/08/05 10:37:47 StationSystem update time: 3.482µs
2025/08/05 10:37:47 SatelliteSystem update...
2025/08/05 10:37:47 satellite count: 1200
2025/08/05 10:37:47 SatelliteSystem update time: 3.381826ms
2025/08/05 10:37:47 TopoSystem update...
2025/08/05 10:37:47 TopoSystem: Link count: 1080000
2025/08/05 10:37:47 TopoSystem update time: 13.317716ms
2025/08/05 10:37:47 AttenuationSystem update...
2025/08/05 10:37:47 AttenuationSystem parallel flag: 1
2025/08/05 10:37:47 Attenuation computed count: 1080000
2025/08/05 10:37:47 AttenuationSystem update time: 599.984371ms
2025/08/05 10:37:47 Run 4 complete
2025/08/05 10:37:47 StationSystem update...
2025/08/05 10:37:47 weather update count: 900
2025/08/05 10:37:47 StationSystem update time: 3.326µs
2025/08/05 10:37:47 SatelliteSystem update...
2025/08/05 10:37:47 satellite count: 1200
2025/08/05 10:37:47 SatelliteSystem update time: 3.436961ms
2025/08/05 10:37:47 TopoSystem update...
2025/08/05 10:37:47 TopoSystem: Link count: 1080000
2025/08/05 10:37:47 TopoSystem update time: 12.679095ms
2025/08/05 10:37:47 AttenuationSystem update...
2025/08/05 10:37:47 AttenuationSystem parallel flag: 1
2025/08/05 10:37:48 Attenuation computed count: 1080000
2025/08/05 10:37:48 AttenuationSystem update time: 506.956739ms
2025/08/05 10:37:48 Run 5 complete
2025/08/05 10:37:48 StationSystem update...
2025/08/05 10:37:48 weather update count: 900
2025/08/05 10:37:48 StationSystem update time: 3.667µs
2025/08/05 10:37:48 SatelliteSystem update...
2025/08/05 10:37:48 satellite count: 1200
2025/08/05 10:37:48 SatelliteSystem update time: 3.443978ms
2025/08/05 10:37:48 TopoSystem update...
2025/08/05 10:37:48 TopoSystem: Link count: 1080000
2025/08/05 10:37:48 TopoSystem update time: 24.479709ms
2025/08/05 10:37:48 AttenuationSystem update...
2025/08/05 10:37:48 AttenuationSystem parallel flag: 1
2025/08/05 10:37:48 Attenuation computed count: 1080000
2025/08/05 10:37:48 AttenuationSystem update time: 481.305119ms
2025/08/05 10:37:48 Run 6 complete
2025/08/05 10:37:48 StationSystem update...
2025/08/05 10:37:48 weather update count: 900
2025/08/05 10:37:48 StationSystem update time: 3.265µs
2025/08/05 10:37:48 SatelliteSystem update...
2025/08/05 10:37:48 satellite count: 1200
2025/08/05 10:37:48 SatelliteSystem update time: 3.402013ms
2025/08/05 10:37:48 TopoSystem update...
2025/08/05 10:37:48 TopoSystem: Link count: 1080000
2025/08/05 10:37:48 TopoSystem update time: 12.449541ms
2025/08/05 10:37:48 AttenuationSystem update...
2025/08/05 10:37:48 AttenuationSystem parallel flag: 1
2025/08/05 10:37:49 Attenuation computed count: 1080000
2025/08/05 10:37:49 AttenuationSystem update time: 470.28129ms
2025/08/05 10:37:49 Run 7 complete
2025/08/05 10:37:49 StationSystem update...
2025/08/05 10:37:49 weather update count: 900
2025/08/05 10:37:49 StationSystem update time: 3.371µs
2025/08/05 10:37:49 SatelliteSystem update...
2025/08/05 10:37:49 satellite count: 1200
2025/08/05 10:37:49 SatelliteSystem update time: 3.386506ms
2025/08/05 10:37:49 TopoSystem update...
2025/08/05 10:37:49 TopoSystem: Link count: 1080000
2025/08/05 10:37:49 TopoSystem update time: 16.815664ms
2025/08/05 10:37:49 AttenuationSystem update...
2025/08/05 10:37:49 AttenuationSystem parallel flag: 1
2025/08/05 10:37:50 Attenuation computed count: 1080000
2025/08/05 10:37:50 AttenuationSystem update time: 578.286317ms
2025/08/05 10:37:50 Run 8 complete
2025/08/05 10:37:50 StationSystem update...
2025/08/05 10:37:50 weather update count: 900
2025/08/05 10:37:50 StationSystem update time: 3.935µs
2025/08/05 10:37:50 SatelliteSystem update...
2025/08/05 10:37:50 satellite count: 1200
2025/08/05 10:37:50 SatelliteSystem update time: 3.386372ms
2025/08/05 10:37:50 TopoSystem update...
2025/08/05 10:37:50 TopoSystem: Link count: 1080000
2025/08/05 10:37:50 TopoSystem update time: 26.619535ms
2025/08/05 10:37:50 AttenuationSystem update...
2025/08/05 10:37:50 AttenuationSystem parallel flag: 1
2025/08/05 10:37:50 Attenuation computed count: 1080000
2025/08/05 10:37:50 AttenuationSystem update time: 595.024733ms
2025/08/05 10:37:50 Run 9 complete
2025/08/05 10:37:50 StationSystem update...
2025/08/05 10:37:50 weather update count: 900
2025/08/05 10:37:50 StationSystem update time: 3.766µs
2025/08/05 10:37:50 SatelliteSystem update...
2025/08/05 10:37:50 satellite count: 1200
2025/08/05 10:37:50 SatelliteSystem update time: 4.554923ms
2025/08/05 10:37:50 TopoSystem update...
2025/08/05 10:37:50 TopoSystem: Link count: 1080000
2025/08/05 10:37:50 TopoSystem update time: 15.119146ms
2025/08/05 10:37:50 AttenuationSystem update...
2025/08/05 10:37:50 AttenuationSystem parallel flag: 1
2025/08/05 10:37:51 Attenuation computed count: 1080000
2025/08/05 10:37:51 AttenuationSystem update time: 615.537584ms
2025/08/05 10:37:51 Run 10 complete
2025/08/05 10:37:51 Total update time:  5.974487048s
2025/08/05 10:37:51 linkCache size: 40

 Performance counter stats for './scale_ecs 900 1200 10 4 4 1':

        22,691,736      cache-references                                                      
         4,947,235      cache-misses                     #   21.80% of all cache refs         

       5.981834894 seconds time elapsed

      21.291594000 seconds user
       0.064037000 seconds sys


