ECS running with 900 stations, 1600 satellites, 2 numWGs and 2 numBlocks for 10 rounds in 0 parallel pattern
2025/08/05 10:46:36 StationSystem update...
2025/08/05 10:46:36 weather update count: 900
2025/08/05 10:46:36 SatelliteSystem update...
2025/08/05 10:46:36 StationSystem update time: 6.803µs
2025/08/05 10:46:36 satellite count: 1600
2025/08/05 10:46:36 SatelliteSystem update time: 6.268195ms
2025/08/05 10:46:36 TopoSystem update...
2025/08/05 10:46:36 TopoSystem: Link count: 1440000
2025/08/05 10:46:36 TopoSystem update time: 43.64221ms
2025/08/05 10:46:36 AttenuationSystem update...
2025/08/05 10:46:36 AttenuationSystem parallel flag: 0
2025/08/05 10:46:38 Attenuation computed count: 1440000
2025/08/05 10:46:38 AttenuationSystem update time: 1.502238519s
2025/08/05 10:46:38 Run 1 complete
2025/08/05 10:46:38 StationSystem update...
2025/08/05 10:46:38 SatelliteSystem update...
2025/08/05 10:46:38 weather update count: 900
2025/08/05 10:46:38 StationSystem update time: 4.729µs
2025/08/05 10:46:38 satellite count: 1600
2025/08/05 10:46:38 SatelliteSystem update time: 6.960219ms
2025/08/05 10:46:38 TopoSystem update...
2025/08/05 10:46:38 TopoSystem: Link count: 1440000
2025/08/05 10:46:38 TopoSystem update time: 26.263264ms
2025/08/05 10:46:38 AttenuationSystem update...
2025/08/05 10:46:38 AttenuationSystem parallel flag: 0
2025/08/05 10:46:39 Attenuation computed count: 1440000
2025/08/05 10:46:39 AttenuationSystem update time: 1.495557176s
2025/08/05 10:46:39 Run 2 complete
2025/08/05 10:46:39 StationSystem update...
2025/08/05 10:46:39 weather update count: 900
2025/08/05 10:46:39 StationSystem update time: 3.636µs
2025/08/05 10:46:39 SatelliteSystem update...
2025/08/05 10:46:39 satellite count: 1600
2025/08/05 10:46:39 SatelliteSystem update time: 15.12474ms
2025/08/05 10:46:39 TopoSystem update...
2025/08/05 10:46:39 TopoSystem: Link count: 1440000
2025/08/05 10:46:39 TopoSystem update time: 24.6469ms
2025/08/05 10:46:39 AttenuationSystem update...
2025/08/05 10:46:39 AttenuationSystem parallel flag: 0
2025/08/05 10:46:41 Attenuation computed count: 1440000
2025/08/05 10:46:41 AttenuationSystem update time: 1.519867569s
2025/08/05 10:46:41 Run 3 complete
2025/08/05 10:46:41 StationSystem update...
2025/08/05 10:46:41 weather update count: 900
2025/08/05 10:46:41 StationSystem update time: 4.069µs
2025/08/05 10:46:41 SatelliteSystem update...
2025/08/05 10:46:41 satellite count: 1600
2025/08/05 10:46:41 SatelliteSystem update time: 6.081471ms
2025/08/05 10:46:41 TopoSystem update...
2025/08/05 10:46:41 TopoSystem: Link count: 1440000
2025/08/05 10:46:41 TopoSystem update time: 47.36904ms
2025/08/05 10:46:41 AttenuationSystem update...
2025/08/05 10:46:41 AttenuationSystem parallel flag: 0
2025/08/05 10:46:42 Attenuation computed count: 1440000
2025/08/05 10:46:42 AttenuationSystem update time: 1.476034256s
2025/08/05 10:46:42 Run 4 complete
2025/08/05 10:46:42 StationSystem update...
2025/08/05 10:46:42 weather update count: 900
2025/08/05 10:46:42 StationSystem update time: 3.355µs
2025/08/05 10:46:42 SatelliteSystem update...
2025/08/05 10:46:42 satellite count: 1600
2025/08/05 10:46:42 SatelliteSystem update time: 8.407022ms
2025/08/05 10:46:42 TopoSystem update...
2025/08/05 10:46:42 TopoSystem: Link count: 1440000
2025/08/05 10:46:42 TopoSystem update time: 17.691176ms
2025/08/05 10:46:42 AttenuationSystem update...
2025/08/05 10:46:42 AttenuationSystem parallel flag: 0
2025/08/05 10:46:44 Attenuation computed count: 1440000
2025/08/05 10:46:44 AttenuationSystem update time: 1.675623503s
2025/08/05 10:46:44 Run 5 complete
2025/08/05 10:46:44 StationSystem update...
2025/08/05 10:46:44 weather update count: 900
2025/08/05 10:46:44 StationSystem update time: 4.994µs
2025/08/05 10:46:44 SatelliteSystem update...
2025/08/05 10:46:44 satellite count: 1600
2025/08/05 10:46:44 SatelliteSystem update time: 15.128795ms
2025/08/05 10:46:44 TopoSystem update...
2025/08/05 10:46:44 TopoSystem: Link count: 1440000
2025/08/05 10:46:44 TopoSystem update time: 24.115627ms
2025/08/05 10:46:44 AttenuationSystem update...
2025/08/05 10:46:44 AttenuationSystem parallel flag: 0
2025/08/05 10:46:46 Attenuation computed count: 1440000
2025/08/05 10:46:46 AttenuationSystem update time: 1.402956809s
2025/08/05 10:46:46 Run 6 complete
2025/08/05 10:46:46 StationSystem update...
2025/08/05 10:46:46 weather update count: 900
2025/08/05 10:46:46 StationSystem update time: 3.41µs
2025/08/05 10:46:46 SatelliteSystem update...
2025/08/05 10:46:46 satellite count: 1600
2025/08/05 10:46:46 SatelliteSystem update time: 4.489953ms
2025/08/05 10:46:46 TopoSystem update...
2025/08/05 10:46:46 TopoSystem: Link count: 1440000
2025/08/05 10:46:46 TopoSystem update time: 17.47065ms
2025/08/05 10:46:46 AttenuationSystem update...
2025/08/05 10:46:46 AttenuationSystem parallel flag: 0
2025/08/05 10:46:47 Attenuation computed count: 1440000
2025/08/05 10:46:47 AttenuationSystem update time: 1.396925309s
2025/08/05 10:46:47 Run 7 complete
2025/08/05 10:46:47 StationSystem update...
2025/08/05 10:46:47 weather update count: 900
2025/08/05 10:46:47 StationSystem update time: 3.306µs
2025/08/05 10:46:47 SatelliteSystem update...
2025/08/05 10:46:47 satellite count: 1600
2025/08/05 10:46:47 SatelliteSystem update time: 4.543717ms
2025/08/05 10:46:47 TopoSystem update...
2025/08/05 10:46:47 TopoSystem: Link count: 1440000
2025/08/05 10:46:47 TopoSystem update time: 47.525381ms
2025/08/05 10:46:47 AttenuationSystem update...
2025/08/05 10:46:47 AttenuationSystem parallel flag: 0
2025/08/05 10:46:49 Attenuation computed count: 1440000
2025/08/05 10:46:49 AttenuationSystem update time: 1.529477947s
2025/08/05 10:46:49 Run 8 complete
2025/08/05 10:46:49 StationSystem update...
2025/08/05 10:46:49 weather update count: 900
2025/08/05 10:46:49 StationSystem update time: 3.694µs
2025/08/05 10:46:49 SatelliteSystem update...
2025/08/05 10:46:49 satellite count: 1600
2025/08/05 10:46:49 SatelliteSystem update time: 14.832844ms
2025/08/05 10:46:49 TopoSystem update...
2025/08/05 10:46:49 TopoSystem: Link count: 1440000
2025/08/05 10:46:49 TopoSystem update time: 43.441437ms
2025/08/05 10:46:49 AttenuationSystem update...
2025/08/05 10:46:49 AttenuationSystem parallel flag: 0
2025/08/05 10:46:50 Attenuation computed count: 1440000
2025/08/05 10:46:50 AttenuationSystem update time: 1.271659245s
2025/08/05 10:46:50 Run 9 complete
2025/08/05 10:46:50 StationSystem update...
2025/08/05 10:46:50 weather update count: 900
2025/08/05 10:46:50 StationSystem update time: 3.09µs
2025/08/05 10:46:50 SatelliteSystem update...
2025/08/05 10:46:50 satellite count: 1600
2025/08/05 10:46:50 SatelliteSystem update time: 4.500279ms
2025/08/05 10:46:50 TopoSystem update...
2025/08/05 10:46:50 TopoSystem: Link count: 1440000
2025/08/05 10:46:50 TopoSystem update time: 16.932195ms
2025/08/05 10:46:50 AttenuationSystem update...
2025/08/05 10:46:50 AttenuationSystem parallel flag: 0
2025/08/05 10:46:52 Attenuation computed count: 1440000
2025/08/05 10:46:52 AttenuationSystem update time: 1.678873376s
2025/08/05 10:46:52 Run 10 complete
2025/08/05 10:46:52 Total update time:  15.353622046s
2025/08/05 10:46:52 linkCache size: 40

 Performance counter stats for './scale_ecs 900 1600 10 2 2 0':

        30,250,830      cache-references                                                      
         7,416,416      cache-misses                     #   24.52% of all cache refs         

      15.361765926 seconds time elapsed

      28.447309000 seconds user
       0.082032000 seconds sys


