ECS running with 900 stations, 1900 satellites, 4 numWGs and 8 numBlocks for 10 rounds in 1 parallel pattern
2025/08/05 10:57:55 StationSystem update...
2025/08/05 10:57:55 weather update count: 900
2025/08/05 10:57:55 StationSystem update time: 5.367µs
2025/08/05 10:57:55 SatelliteSystem update...
2025/08/05 10:57:55 satellite count: 1900
2025/08/05 10:57:55 SatelliteSystem update time: 7.186194ms
2025/08/05 10:57:55 TopoSystem update...
2025/08/05 10:57:55 TopoSystem: Link count: 1710000
2025/08/05 10:57:55 TopoSystem update time: 52.381744ms
2025/08/05 10:57:55 AttenuationSystem update...
2025/08/05 10:57:55 AttenuationSystem parallel flag: 1
2025/08/05 10:57:56 Attenuation computed count: 1710000
2025/08/05 10:57:56 AttenuationSystem update time: 975.224404ms
2025/08/05 10:57:56 Run 1 complete
2025/08/05 10:57:56 StationSystem update...
2025/08/05 10:57:56 weather update count: 900
2025/08/05 10:57:56 StationSystem update time: 3.628µs
2025/08/05 10:57:56 SatelliteSystem update...
2025/08/05 10:57:56 satellite count: 1900
2025/08/05 10:57:56 SatelliteSystem update time: 7.167966ms
2025/08/05 10:57:56 TopoSystem update...
2025/08/05 10:57:56 TopoSystem: Link count: 1710000
2025/08/05 10:57:56 TopoSystem update time: 48.78556ms
2025/08/05 10:57:56 AttenuationSystem update...
2025/08/05 10:57:56 AttenuationSystem parallel flag: 1
2025/08/05 10:57:57 Attenuation computed count: 1710000
2025/08/05 10:57:57 AttenuationSystem update time: 997.87095ms
2025/08/05 10:57:57 Run 2 complete
2025/08/05 10:57:57 StationSystem update...
2025/08/05 10:57:57 weather update count: 900
2025/08/05 10:57:57 StationSystem update time: 3.741µs
2025/08/05 10:57:57 SatelliteSystem update...
2025/08/05 10:57:57 satellite count: 1900
2025/08/05 10:57:57 SatelliteSystem update time: 5.336776ms
2025/08/05 10:57:57 TopoSystem update...
2025/08/05 10:57:57 TopoSystem: Link count: 1710000
2025/08/05 10:57:57 TopoSystem update time: 21.73681ms
2025/08/05 10:57:57 AttenuationSystem update...
2025/08/05 10:57:57 AttenuationSystem parallel flag: 1
2025/08/05 10:57:58 Attenuation computed count: 1710000
2025/08/05 10:57:58 AttenuationSystem update time: 1.030409577s
2025/08/05 10:57:58 Run 3 complete
2025/08/05 10:57:58 StationSystem update...
2025/08/05 10:57:58 weather update count: 900
2025/08/05 10:57:58 StationSystem update time: 3.652µs
2025/08/05 10:57:58 SatelliteSystem update...
2025/08/05 10:57:58 satellite count: 1900
2025/08/05 10:57:58 SatelliteSystem update time: 5.332333ms
2025/08/05 10:57:58 TopoSystem update...
2025/08/05 10:57:58 TopoSystem: Link count: 1710000
2025/08/05 10:57:58 TopoSystem update time: 20.392263ms
2025/08/05 10:57:58 AttenuationSystem update...
2025/08/05 10:57:58 AttenuationSystem parallel flag: 1
2025/08/05 10:57:59 Attenuation computed count: 1710000
2025/08/05 10:57:59 AttenuationSystem update time: 769.947888ms
2025/08/05 10:57:59 Run 4 complete
2025/08/05 10:57:59 StationSystem update...
2025/08/05 10:57:59 weather update count: 900
2025/08/05 10:57:59 StationSystem update time: 3.123µs
2025/08/05 10:57:59 SatelliteSystem update...
2025/08/05 10:57:59 satellite count: 1900
2025/08/05 10:57:59 SatelliteSystem update time: 5.334066ms
2025/08/05 10:57:59 TopoSystem update...
2025/08/05 10:57:59 TopoSystem: Link count: 1710000
2025/08/05 10:57:59 TopoSystem update time: 20.337715ms
2025/08/05 10:57:59 AttenuationSystem update...
2025/08/05 10:57:59 AttenuationSystem parallel flag: 1
2025/08/05 10:58:00 Attenuation computed count: 1710000
2025/08/05 10:58:00 AttenuationSystem update time: 1.027402837s
2025/08/05 10:58:00 Run 5 complete
2025/08/05 10:58:00 StationSystem update...
2025/08/05 10:58:00 weather update count: 900
2025/08/05 10:58:00 StationSystem update time: 4.054µs
2025/08/05 10:58:00 SatelliteSystem update...
2025/08/05 10:58:00 satellite count: 1900
2025/08/05 10:58:00 SatelliteSystem update time: 7.35809ms
2025/08/05 10:58:00 TopoSystem update...
2025/08/05 10:58:00 TopoSystem: Link count: 1710000
2025/08/05 10:58:00 TopoSystem update time: 25.012508ms
2025/08/05 10:58:00 AttenuationSystem update...
2025/08/05 10:58:00 AttenuationSystem parallel flag: 1
2025/08/05 10:58:01 Attenuation computed count: 1710000
2025/08/05 10:58:01 AttenuationSystem update time: 991.328769ms
2025/08/05 10:58:01 Run 6 complete
2025/08/05 10:58:01 StationSystem update...
2025/08/05 10:58:01 weather update count: 900
2025/08/05 10:58:01 StationSystem update time: 3.811µs
2025/08/05 10:58:01 SatelliteSystem update...
2025/08/05 10:58:01 satellite count: 1900
2025/08/05 10:58:01 SatelliteSystem update time: 5.339081ms
2025/08/05 10:58:01 TopoSystem update...
2025/08/05 10:58:01 TopoSystem: Link count: 1710000
2025/08/05 10:58:01 TopoSystem update time: 21.627339ms
2025/08/05 10:58:01 AttenuationSystem update...
2025/08/05 10:58:01 AttenuationSystem parallel flag: 1
2025/08/05 10:58:02 Attenuation computed count: 1710000
2025/08/05 10:58:02 AttenuationSystem update time: 953.848703ms
2025/08/05 10:58:02 Run 7 complete
2025/08/05 10:58:02 StationSystem update...
2025/08/05 10:58:02 weather update count: 900
2025/08/05 10:58:02 StationSystem update time: 3.815µs
2025/08/05 10:58:02 SatelliteSystem update...
2025/08/05 10:58:02 satellite count: 1900
2025/08/05 10:58:02 SatelliteSystem update time: 5.337124ms
2025/08/05 10:58:02 TopoSystem update...
2025/08/05 10:58:02 TopoSystem: Link count: 1710000
2025/08/05 10:58:02 TopoSystem update time: 21.249345ms
2025/08/05 10:58:02 AttenuationSystem update...
2025/08/05 10:58:02 AttenuationSystem parallel flag: 1
2025/08/05 10:58:03 Attenuation computed count: 1710000
2025/08/05 10:58:03 AttenuationSystem update time: 890.480349ms
2025/08/05 10:58:03 Run 8 complete
2025/08/05 10:58:03 StationSystem update...
2025/08/05 10:58:03 weather update count: 900
2025/08/05 10:58:03 StationSystem update time: 3.628µs
2025/08/05 10:58:03 SatelliteSystem update...
2025/08/05 10:58:03 satellite count: 1900
2025/08/05 10:58:03 SatelliteSystem update time: 5.329964ms
2025/08/05 10:58:03 TopoSystem update...
2025/08/05 10:58:03 TopoSystem: Link count: 1710000
2025/08/05 10:58:03 TopoSystem update time: 21.679476ms
2025/08/05 10:58:03 AttenuationSystem update...
2025/08/05 10:58:03 AttenuationSystem parallel flag: 1
2025/08/05 10:58:04 Attenuation computed count: 1710000
2025/08/05 10:58:04 AttenuationSystem update time: 1.028481065s
2025/08/05 10:58:04 Run 9 complete
2025/08/05 10:58:04 StationSystem update...
2025/08/05 10:58:04 weather update count: 900
2025/08/05 10:58:04 StationSystem update time: 3.796µs
2025/08/05 10:58:04 SatelliteSystem update...
2025/08/05 10:58:04 satellite count: 1900
2025/08/05 10:58:04 SatelliteSystem update time: 5.355638ms
2025/08/05 10:58:04 TopoSystem update...
2025/08/05 10:58:04 TopoSystem: Link count: 1710000
2025/08/05 10:58:04 TopoSystem update time: 20.748264ms
2025/08/05 10:58:04 AttenuationSystem update...
2025/08/05 10:58:04 AttenuationSystem parallel flag: 1
2025/08/05 10:58:04 Attenuation computed count: 1710000
2025/08/05 10:58:04 AttenuationSystem update time: 748.352914ms
2025/08/05 10:58:04 Run 10 complete
2025/08/05 10:58:04 Total update time:  9.757156202s
2025/08/05 10:58:04 linkCache size: 40

 Performance counter stats for './scale_ecs 900 1900 10 4 8 1':

        35,397,380      cache-references                                                      
         8,574,333      cache-misses                     #   24.22% of all cache refs         

       9.767760725 seconds time elapsed

      33.888021000 seconds user
       0.106025000 seconds sys


