ECS running with 1000 stations, 1300 satellites, 8 numWGs and 2 numBlocks for 10 rounds in 1 parallel pattern
2025/08/05 11:18:36 StationSystem update...
2025/08/05 11:18:36 SatelliteSystem update...
2025/08/05 11:18:36 weather update count: 1000
2025/08/05 11:18:36 StationSystem update time: 6.795µs
2025/08/05 11:18:36 satellite count: 1300
2025/08/05 11:18:36 SatelliteSystem update time: 4.938353ms
2025/08/05 11:18:36 TopoSystem update...
2025/08/05 11:18:36 TopoSystem: Link count: 1300000
2025/08/05 11:18:36 TopoSystem update time: 40.016775ms
2025/08/05 11:18:36 AttenuationSystem update...
2025/08/05 11:18:36 AttenuationSystem parallel flag: 1
2025/08/05 11:18:36 Attenuation computed count: 1300000
2025/08/05 11:18:36 AttenuationSystem update time: 376.89865ms
2025/08/05 11:18:36 Run 1 complete
2025/08/05 11:18:36 StationSystem update...
2025/08/05 11:18:36 weather update count: 1000
2025/08/05 11:18:36 StationSystem update time: 4.222µs
2025/08/05 11:18:36 SatelliteSystem update...
2025/08/05 11:18:36 satellite count: 1300
2025/08/05 11:18:36 SatelliteSystem update time: 4.936581ms
2025/08/05 11:18:36 TopoSystem update...
2025/08/05 11:18:36 TopoSystem: Link count: 1300000
2025/08/05 11:18:36 TopoSystem update time: 29.739269ms
2025/08/05 11:18:36 AttenuationSystem update...
2025/08/05 11:18:36 AttenuationSystem parallel flag: 1
2025/08/05 11:18:36 Attenuation computed count: 1300000
2025/08/05 11:18:36 AttenuationSystem update time: 371.692685ms
2025/08/05 11:18:36 Run 2 complete
2025/08/05 11:18:36 StationSystem update...
2025/08/05 11:18:36 weather update count: 1000
2025/08/05 11:18:36 StationSystem update time: 4.311µs
2025/08/05 11:18:36 SatelliteSystem update...
2025/08/05 11:18:36 satellite count: 1300
2025/08/05 11:18:36 SatelliteSystem update time: 3.665397ms
2025/08/05 11:18:36 TopoSystem update...
2025/08/05 11:18:36 TopoSystem: Link count: 1300000
2025/08/05 11:18:36 TopoSystem update time: 14.869571ms
2025/08/05 11:18:36 AttenuationSystem update...
2025/08/05 11:18:36 AttenuationSystem parallel flag: 1
2025/08/05 11:18:37 Attenuation computed count: 1300000
2025/08/05 11:18:37 AttenuationSystem update time: 397.794309ms
2025/08/05 11:18:37 Run 3 complete
2025/08/05 11:18:37 StationSystem update...
2025/08/05 11:18:37 weather update count: 1000
2025/08/05 11:18:37 StationSystem update time: 4.331µs
2025/08/05 11:18:37 SatelliteSystem update...
2025/08/05 11:18:37 satellite count: 1300
2025/08/05 11:18:37 SatelliteSystem update time: 3.663586ms
2025/08/05 11:18:37 TopoSystem update...
2025/08/05 11:18:37 TopoSystem: Link count: 1300000
2025/08/05 11:18:37 TopoSystem update time: 20.206226ms
2025/08/05 11:18:37 AttenuationSystem update...
2025/08/05 11:18:37 AttenuationSystem parallel flag: 1
2025/08/05 11:18:37 Attenuation computed count: 1300000
2025/08/05 11:18:37 AttenuationSystem update time: 371.042651ms
2025/08/05 11:18:37 Run 4 complete
2025/08/05 11:18:37 StationSystem update...
2025/08/05 11:18:37 weather update count: 1000
2025/08/05 11:18:37 StationSystem update time: 3.983µs
2025/08/05 11:18:37 SatelliteSystem update...
2025/08/05 11:18:37 satellite count: 1300
2025/08/05 11:18:37 SatelliteSystem update time: 4.925891ms
2025/08/05 11:18:37 TopoSystem update...
2025/08/05 11:18:37 TopoSystem: Link count: 1300000
2025/08/05 11:18:37 TopoSystem update time: 14.916097ms
2025/08/05 11:18:37 AttenuationSystem update...
2025/08/05 11:18:37 AttenuationSystem parallel flag: 1
2025/08/05 11:18:38 Attenuation computed count: 1300000
2025/08/05 11:18:38 AttenuationSystem update time: 385.054182ms
2025/08/05 11:18:38 Run 5 complete
2025/08/05 11:18:38 StationSystem update...
2025/08/05 11:18:38 weather update count: 1000
2025/08/05 11:18:38 StationSystem update time: 4.234µs
2025/08/05 11:18:38 SatelliteSystem update...
2025/08/05 11:18:38 satellite count: 1300
2025/08/05 11:18:38 SatelliteSystem update time: 3.661183ms
2025/08/05 11:18:38 TopoSystem update...
2025/08/05 11:18:38 TopoSystem: Link count: 1300000
2025/08/05 11:18:38 TopoSystem update time: 16.25925ms
2025/08/05 11:18:38 AttenuationSystem update...
2025/08/05 11:18:38 AttenuationSystem parallel flag: 1
2025/08/05 11:18:38 Attenuation computed count: 1300000
2025/08/05 11:18:38 AttenuationSystem update time: 383.019459ms
2025/08/05 11:18:38 Run 6 complete
2025/08/05 11:18:38 StationSystem update...
2025/08/05 11:18:38 weather update count: 1000
2025/08/05 11:18:38 StationSystem update time: 4.091µs
2025/08/05 11:18:38 SatelliteSystem update...
2025/08/05 11:18:38 satellite count: 1300
2025/08/05 11:18:38 SatelliteSystem update time: 4.928269ms
2025/08/05 11:18:38 TopoSystem update...
2025/08/05 11:18:38 TopoSystem: Link count: 1300000
2025/08/05 11:18:38 TopoSystem update time: 15.28993ms
2025/08/05 11:18:38 AttenuationSystem update...
2025/08/05 11:18:38 AttenuationSystem parallel flag: 1
2025/08/05 11:18:38 Attenuation computed count: 1300000
2025/08/05 11:18:38 AttenuationSystem update time: 397.936385ms
2025/08/05 11:18:38 Run 7 complete
2025/08/05 11:18:38 StationSystem update...
2025/08/05 11:18:38 weather update count: 1000
2025/08/05 11:18:38 StationSystem update time: 4.373µs
2025/08/05 11:18:38 SatelliteSystem update...
2025/08/05 11:18:38 satellite count: 1300
2025/08/05 11:18:38 SatelliteSystem update time: 4.924792ms
2025/08/05 11:18:38 TopoSystem update...
2025/08/05 11:18:38 TopoSystem: Link count: 1300000
2025/08/05 11:18:38 TopoSystem update time: 15.307656ms
2025/08/05 11:18:38 AttenuationSystem update...
2025/08/05 11:18:38 AttenuationSystem parallel flag: 1
2025/08/05 11:18:39 Attenuation computed count: 1300000
2025/08/05 11:18:39 AttenuationSystem update time: 393.961124ms
2025/08/05 11:18:39 Run 8 complete
2025/08/05 11:18:39 StationSystem update...
2025/08/05 11:18:39 weather update count: 1000
2025/08/05 11:18:39 StationSystem update time: 4.298µs
2025/08/05 11:18:39 SatelliteSystem update...
2025/08/05 11:18:39 satellite count: 1300
2025/08/05 11:18:39 SatelliteSystem update time: 4.917716ms
2025/08/05 11:18:39 TopoSystem update...
2025/08/05 11:18:39 TopoSystem: Link count: 1300000
2025/08/05 11:18:39 TopoSystem update time: 43.316248ms
2025/08/05 11:18:39 AttenuationSystem update...
2025/08/05 11:18:39 AttenuationSystem parallel flag: 1
2025/08/05 11:18:39 Attenuation computed count: 1300000
2025/08/05 11:18:39 AttenuationSystem update time: 370.964104ms
2025/08/05 11:18:39 Run 9 complete
2025/08/05 11:18:39 StationSystem update...
2025/08/05 11:18:39 weather update count: 1000
2025/08/05 11:18:39 StationSystem update time: 4.051µs
2025/08/05 11:18:39 SatelliteSystem update...
2025/08/05 11:18:39 satellite count: 1300
2025/08/05 11:18:39 SatelliteSystem update time: 4.92786ms
2025/08/05 11:18:39 TopoSystem update...
2025/08/05 11:18:39 TopoSystem: Link count: 1300000
2025/08/05 11:18:39 TopoSystem update time: 19.190677ms
2025/08/05 11:18:39 AttenuationSystem update...
2025/08/05 11:18:39 AttenuationSystem parallel flag: 1
2025/08/05 11:18:40 Attenuation computed count: 1300000
2025/08/05 11:18:40 AttenuationSystem update time: 371.27772ms
2025/08/05 11:18:40 Run 10 complete
2025/08/05 11:18:40 Total update time:  4.101344975s
2025/08/05 11:18:40 linkCache size: 40

 Performance counter stats for './scale_ecs 1000 1300 10 8 2 1':

        26,975,550      cache-references                                                      
         5,540,362      cache-misses                     #   20.54% of all cache refs         

       4.108266900 seconds time elapsed

      25.877502000 seconds user
       0.068082000 seconds sys


