ECS running with 700 stations, 1800 satellites, 2 numWGs and 8 numBlocks for 10 rounds in 0 parallel pattern
2025/08/05 09:15:52 StationSystem update...
2025/08/05 09:15:52 weather update count: 700
2025/08/05 09:15:52 StationSystem update time: 5.122µs
2025/08/05 09:15:52 SatelliteSystem update...
2025/08/05 09:15:52 satellite count: 1800
2025/08/05 09:15:52 SatelliteSystem update time: 6.807118ms
2025/08/05 09:15:52 TopoSystem update...
2025/08/05 09:15:52 TopoSystem: Link count: 1260000
2025/08/05 09:15:52 TopoSystem update time: 39.604705ms
2025/08/05 09:15:52 AttenuationSystem update...
2025/08/05 09:15:52 AttenuationSystem parallel flag: 0
2025/08/05 09:15:52 Attenuation computed count: 1260000
2025/08/05 09:15:52 AttenuationSystem update time: 359.025014ms
2025/08/05 09:15:52 Run 1 complete
2025/08/05 09:15:52 StationSystem update...
2025/08/05 09:15:52 weather update count: 700
2025/08/05 09:15:52 StationSystem update time: 3.507µs
2025/08/05 09:15:52 SatelliteSystem update...
2025/08/05 09:15:52 satellite count: 1800
2025/08/05 09:15:52 SatelliteSystem update time: 6.79932ms
2025/08/05 09:15:52 TopoSystem update...
2025/08/05 09:15:52 TopoSystem: Link count: 1260000
2025/08/05 09:15:52 TopoSystem update time: 34.263479ms
2025/08/05 09:15:52 AttenuationSystem update...
2025/08/05 09:15:52 AttenuationSystem parallel flag: 0
2025/08/05 09:15:53 Attenuation computed count: 1260000
2025/08/05 09:15:53 AttenuationSystem update time: 392.968636ms
2025/08/05 09:15:53 Run 2 complete
2025/08/05 09:15:53 SatelliteSystem update...
2025/08/05 09:15:53 StationSystem update...
2025/08/05 09:15:53 weather update count: 700
2025/08/05 09:15:53 StationSystem update time: 4.184µs
2025/08/05 09:15:53 satellite count: 1800
2025/08/05 09:15:53 SatelliteSystem update time: 6.774021ms
2025/08/05 09:15:53 TopoSystem update...
2025/08/05 09:15:53 TopoSystem: Link count: 1260000
2025/08/05 09:15:53 TopoSystem update time: 19.799113ms
2025/08/05 09:15:53 AttenuationSystem update...
2025/08/05 09:15:53 AttenuationSystem parallel flag: 0
2025/08/05 09:15:53 Attenuation computed count: 1260000
2025/08/05 09:15:53 AttenuationSystem update time: 371.918289ms
2025/08/05 09:15:53 Run 3 complete
2025/08/05 09:15:53 StationSystem update...
2025/08/05 09:15:53 weather update count: 700
2025/08/05 09:15:53 StationSystem update time: 3.335µs
2025/08/05 09:15:53 SatelliteSystem update...
2025/08/05 09:15:53 satellite count: 1800
2025/08/05 09:15:53 SatelliteSystem update time: 6.810053ms
2025/08/05 09:15:53 TopoSystem update...
2025/08/05 09:15:53 TopoSystem: Link count: 1260000
2025/08/05 09:15:53 TopoSystem update time: 25.207011ms
2025/08/05 09:15:53 AttenuationSystem update...
2025/08/05 09:15:53 AttenuationSystem parallel flag: 0
2025/08/05 09:15:53 Attenuation computed count: 1260000
2025/08/05 09:15:53 AttenuationSystem update time: 387.99609ms
2025/08/05 09:15:53 Run 4 complete
2025/08/05 09:15:53 StationSystem update...
2025/08/05 09:15:53 weather update count: 700
2025/08/05 09:15:53 StationSystem update time: 3.392µs
2025/08/05 09:15:53 SatelliteSystem update...
2025/08/05 09:15:53 satellite count: 1800
2025/08/05 09:15:53 SatelliteSystem update time: 5.058483ms
2025/08/05 09:15:53 TopoSystem update...
2025/08/05 09:15:53 TopoSystem: Link count: 1260000
2025/08/05 09:15:53 TopoSystem update time: 14.890837ms
2025/08/05 09:15:53 AttenuationSystem update...
2025/08/05 09:15:53 AttenuationSystem parallel flag: 0
2025/08/05 09:15:54 Attenuation computed count: 1260000
2025/08/05 09:15:54 AttenuationSystem update time: 344.61315ms
2025/08/05 09:15:54 Run 5 complete
2025/08/05 09:15:54 StationSystem update...
2025/08/05 09:15:54 weather update count: 700
2025/08/05 09:15:54 StationSystem update time: 3.208µs
2025/08/05 09:15:54 SatelliteSystem update...
2025/08/05 09:15:54 satellite count: 1800
2025/08/05 09:15:54 SatelliteSystem update time: 6.804533ms
2025/08/05 09:15:54 TopoSystem update...
2025/08/05 09:15:54 TopoSystem: Link count: 1260000
2025/08/05 09:15:54 TopoSystem update time: 17.917656ms
2025/08/05 09:15:54 AttenuationSystem update...
2025/08/05 09:15:54 AttenuationSystem parallel flag: 0
2025/08/05 09:15:54 Attenuation computed count: 1260000
2025/08/05 09:15:54 AttenuationSystem update time: 424.421997ms
2025/08/05 09:15:54 Run 6 complete
2025/08/05 09:15:54 StationSystem update...
2025/08/05 09:15:54 weather update count: 700
2025/08/05 09:15:54 SatelliteSystem update...
2025/08/05 09:15:54 StationSystem update time: 3.474µs
2025/08/05 09:15:54 satellite count: 1800
2025/08/05 09:15:54 SatelliteSystem update time: 5.057077ms
2025/08/05 09:15:54 TopoSystem update...
2025/08/05 09:15:54 TopoSystem: Link count: 1260000
2025/08/05 09:15:54 TopoSystem update time: 21.205714ms
2025/08/05 09:15:54 AttenuationSystem update...
2025/08/05 09:15:54 AttenuationSystem parallel flag: 0
2025/08/05 09:15:55 Attenuation computed count: 1260000
2025/08/05 09:15:55 AttenuationSystem update time: 323.239113ms
2025/08/05 09:15:55 Run 7 complete
2025/08/05 09:15:55 StationSystem update...
2025/08/05 09:15:55 weather update count: 700
2025/08/05 09:15:55 StationSystem update time: 3.502µs
2025/08/05 09:15:55 SatelliteSystem update...
2025/08/05 09:15:55 satellite count: 1800
2025/08/05 09:15:55 SatelliteSystem update time: 6.814505ms
2025/08/05 09:15:55 TopoSystem update...
2025/08/05 09:15:55 TopoSystem: Link count: 1260000
2025/08/05 09:15:55 TopoSystem update time: 17.935843ms
2025/08/05 09:15:55 AttenuationSystem update...
2025/08/05 09:15:55 AttenuationSystem parallel flag: 0
2025/08/05 09:15:55 Attenuation computed count: 1260000
2025/08/05 09:15:55 AttenuationSystem update time: 354.52825ms
2025/08/05 09:15:55 Run 8 complete
2025/08/05 09:15:55 StationSystem update...
2025/08/05 09:15:55 weather update count: 700
2025/08/05 09:15:55 StationSystem update time: 2.896µs
2025/08/05 09:15:55 SatelliteSystem update...
2025/08/05 09:15:55 satellite count: 1800
2025/08/05 09:15:55 SatelliteSystem update time: 6.797716ms
2025/08/05 09:15:55 TopoSystem update...
2025/08/05 09:15:55 TopoSystem: Link count: 1260000
2025/08/05 09:15:55 TopoSystem update time: 17.963094ms
2025/08/05 09:15:55 AttenuationSystem update...
2025/08/05 09:15:55 AttenuationSystem parallel flag: 0
2025/08/05 09:15:55 Attenuation computed count: 1260000
2025/08/05 09:15:55 AttenuationSystem update time: 316.904397ms
2025/08/05 09:15:55 Run 9 complete
2025/08/05 09:15:55 StationSystem update...
2025/08/05 09:15:55 weather update count: 700
2025/08/05 09:15:55 SatelliteSystem update...
2025/08/05 09:15:55 StationSystem update time: 3.192µs
2025/08/05 09:15:55 satellite count: 1800
2025/08/05 09:15:55 SatelliteSystem update time: 5.059883ms
2025/08/05 09:15:55 TopoSystem update...
2025/08/05 09:15:55 TopoSystem: Link count: 1260000
2025/08/05 09:15:55 TopoSystem update time: 16.634017ms
2025/08/05 09:15:55 AttenuationSystem update...
2025/08/05 09:15:55 AttenuationSystem parallel flag: 0
2025/08/05 09:15:56 Attenuation computed count: 1260000
2025/08/05 09:15:56 AttenuationSystem update time: 330.16885ms
2025/08/05 09:15:56 Run 10 complete
2025/08/05 09:15:56 Total update time:  3.90476409s
2025/08/05 09:15:56 linkCache size: 40

 Performance counter stats for './scale_ecs 700 1800 10 2 8 0':

        26,193,855      cache-references                                                      
         5,789,617      cache-misses                     #   22.10% of all cache refs         

       3.920674751 seconds time elapsed

      24.660828000 seconds user
       0.078021000 seconds sys


