ECS running with 700 stations, 2000 satellites, 4 numWGs and 8 numBlocks for 10 rounds in 0 parallel pattern
2025/08/05 09:22:09 StationSystem update...
2025/08/05 09:22:09 SatelliteSystem update...
2025/08/05 09:22:09 weather update count: 700
2025/08/05 09:22:09 StationSystem update time: 6.068µs
2025/08/05 09:22:09 satellite count: 2000
2025/08/05 09:22:09 SatelliteSystem update time: 7.78157ms
2025/08/05 09:22:09 TopoSystem update...
2025/08/05 09:22:09 TopoSystem: Link count: 1400000
2025/08/05 09:22:09 TopoSystem update time: 39.318054ms
2025/08/05 09:22:09 AttenuationSystem update...
2025/08/05 09:22:09 AttenuationSystem parallel flag: 0
2025/08/05 09:22:09 Attenuation computed count: 1400000
2025/08/05 09:22:09 AttenuationSystem update time: 397.232995ms
2025/08/05 09:22:09 Run 1 complete
2025/08/05 09:22:09 StationSystem update...
2025/08/05 09:22:09 weather update count: 700
2025/08/05 09:22:09 StationSystem update time: 3.114µs
2025/08/05 09:22:09 SatelliteSystem update...
2025/08/05 09:22:09 satellite count: 2000
2025/08/05 09:22:09 SatelliteSystem update time: 7.54356ms
2025/08/05 09:22:09 TopoSystem update...
2025/08/05 09:22:09 TopoSystem: Link count: 1400000
2025/08/05 09:22:09 TopoSystem update time: 39.278938ms
2025/08/05 09:22:09 AttenuationSystem update...
2025/08/05 09:22:09 AttenuationSystem parallel flag: 0
2025/08/05 09:22:09 Attenuation computed count: 1400000
2025/08/05 09:22:09 AttenuationSystem update time: 398.853455ms
2025/08/05 09:22:09 Run 2 complete
2025/08/05 09:22:09 StationSystem update...
2025/08/05 09:22:09 weather update count: 700
2025/08/05 09:22:09 StationSystem update time: 3.746µs
2025/08/05 09:22:09 SatelliteSystem update...
2025/08/05 09:22:09 satellite count: 2000
2025/08/05 09:22:09 SatelliteSystem update time: 7.543328ms
2025/08/05 09:22:09 TopoSystem update...
2025/08/05 09:22:09 TopoSystem: Link count: 1400000
2025/08/05 09:22:09 TopoSystem update time: 22.047841ms
2025/08/05 09:22:09 AttenuationSystem update...
2025/08/05 09:22:09 AttenuationSystem parallel flag: 0
2025/08/05 09:22:10 Attenuation computed count: 1400000
2025/08/05 09:22:10 AttenuationSystem update time: 434.532323ms
2025/08/05 09:22:10 Run 3 complete
2025/08/05 09:22:10 StationSystem update...
2025/08/05 09:22:10 weather update count: 700
2025/08/05 09:22:10 StationSystem update time: 3.298µs
2025/08/05 09:22:10 SatelliteSystem update...
2025/08/05 09:22:10 satellite count: 2000
2025/08/05 09:22:10 SatelliteSystem update time: 7.557544ms
2025/08/05 09:22:10 TopoSystem update...
2025/08/05 09:22:10 TopoSystem: Link count: 1400000
2025/08/05 09:22:10 TopoSystem update time: 20.070711ms
2025/08/05 09:22:10 AttenuationSystem update...
2025/08/05 09:22:10 AttenuationSystem parallel flag: 0
2025/08/05 09:22:10 Attenuation computed count: 1400000
2025/08/05 09:22:10 AttenuationSystem update time: 417.808359ms
2025/08/05 09:22:10 Run 4 complete
2025/08/05 09:22:10 StationSystem update...
2025/08/05 09:22:10 weather update count: 700
2025/08/05 09:22:10 StationSystem update time: 3.553µs
2025/08/05 09:22:10 SatelliteSystem update...
2025/08/05 09:22:10 satellite count: 2000
2025/08/05 09:22:10 SatelliteSystem update time: 7.555552ms
2025/08/05 09:22:10 TopoSystem update...
2025/08/05 09:22:10 TopoSystem: Link count: 1400000
2025/08/05 09:22:10 TopoSystem update time: 21.136908ms
2025/08/05 09:22:10 AttenuationSystem update...
2025/08/05 09:22:10 AttenuationSystem parallel flag: 0
2025/08/05 09:22:11 Attenuation computed count: 1400000
2025/08/05 09:22:11 AttenuationSystem update time: 410.024801ms
2025/08/05 09:22:11 Run 5 complete
2025/08/05 09:22:11 StationSystem update...
2025/08/05 09:22:11 weather update count: 700
2025/08/05 09:22:11 StationSystem update time: 3.596µs
2025/08/05 09:22:11 SatelliteSystem update...
2025/08/05 09:22:11 satellite count: 2000
2025/08/05 09:22:11 SatelliteSystem update time: 7.551019ms
2025/08/05 09:22:11 TopoSystem update...
2025/08/05 09:22:11 TopoSystem: Link count: 1400000
2025/08/05 09:22:11 TopoSystem update time: 20.076378ms
2025/08/05 09:22:11 AttenuationSystem update...
2025/08/05 09:22:11 AttenuationSystem parallel flag: 0
2025/08/05 09:22:11 Attenuation computed count: 1400000
2025/08/05 09:22:11 AttenuationSystem update time: 400.504394ms
2025/08/05 09:22:11 Run 6 complete
2025/08/05 09:22:11 StationSystem update...
2025/08/05 09:22:11 weather update count: 700
2025/08/05 09:22:11 StationSystem update time: 3.87µs
2025/08/05 09:22:11 SatelliteSystem update...
2025/08/05 09:22:11 satellite count: 2000
2025/08/05 09:22:11 SatelliteSystem update time: 7.55257ms
2025/08/05 09:22:11 TopoSystem update...
2025/08/05 09:22:11 TopoSystem: Link count: 1400000
2025/08/05 09:22:11 TopoSystem update time: 20.11117ms
2025/08/05 09:22:11 AttenuationSystem update...
2025/08/05 09:22:11 AttenuationSystem parallel flag: 0
2025/08/05 09:22:12 Attenuation computed count: 1400000
2025/08/05 09:22:12 AttenuationSystem update time: 432.820612ms
2025/08/05 09:22:12 Run 7 complete
2025/08/05 09:22:12 StationSystem update...
2025/08/05 09:22:12 weather update count: 700
2025/08/05 09:22:12 SatelliteSystem update...
2025/08/05 09:22:12 StationSystem update time: 3.251µs
2025/08/05 09:22:12 satellite count: 2000
2025/08/05 09:22:12 SatelliteSystem update time: 5.779512ms
2025/08/05 09:22:12 TopoSystem update...
2025/08/05 09:22:12 TopoSystem: Link count: 1400000
2025/08/05 09:22:12 TopoSystem update time: 19.054975ms
2025/08/05 09:22:12 AttenuationSystem update...
2025/08/05 09:22:12 AttenuationSystem parallel flag: 0
2025/08/05 09:22:12 Attenuation computed count: 1400000
2025/08/05 09:22:12 AttenuationSystem update time: 379.913692ms
2025/08/05 09:22:12 Run 8 complete
2025/08/05 09:22:12 StationSystem update...
2025/08/05 09:22:12 weather update count: 700
2025/08/05 09:22:12 StationSystem update time: 3.037µs
2025/08/05 09:22:12 SatelliteSystem update...
2025/08/05 09:22:12 satellite count: 2000
2025/08/05 09:22:12 SatelliteSystem update time: 7.549535ms
2025/08/05 09:22:12 TopoSystem update...
2025/08/05 09:22:12 TopoSystem: Link count: 1400000
2025/08/05 09:22:12 TopoSystem update time: 21.077031ms
2025/08/05 09:22:12 AttenuationSystem update...
2025/08/05 09:22:12 AttenuationSystem parallel flag: 0
2025/08/05 09:22:13 Attenuation computed count: 1400000
2025/08/05 09:22:13 AttenuationSystem update time: 432.832744ms
2025/08/05 09:22:13 Run 9 complete
2025/08/05 09:22:13 StationSystem update...
2025/08/05 09:22:13 weather update count: 700
2025/08/05 09:22:13 StationSystem update time: 3.317µs
2025/08/05 09:22:13 SatelliteSystem update...
2025/08/05 09:22:13 satellite count: 2000
2025/08/05 09:22:13 SatelliteSystem update time: 7.562189ms
2025/08/05 09:22:13 TopoSystem update...
2025/08/05 09:22:13 TopoSystem: Link count: 1400000
2025/08/05 09:22:13 TopoSystem update time: 20.972985ms
2025/08/05 09:22:13 AttenuationSystem update...
2025/08/05 09:22:13 AttenuationSystem parallel flag: 0
2025/08/05 09:22:13 Attenuation computed count: 1400000
2025/08/05 09:22:13 AttenuationSystem update time: 381.881459ms
2025/08/05 09:22:13 Run 10 complete
2025/08/05 09:22:13 Total update time:  4.412867338s
2025/08/05 09:22:13 linkCache size: 40

 Performance counter stats for './scale_ecs 700 2000 10 4 8 0':

        28,820,162      cache-references                                                      
         6,398,498      cache-misses                     #   22.20% of all cache refs         

       4.421264432 seconds time elapsed

      27.968014000 seconds user
       0.071969000 seconds sys


