ECS running with 800 stations, 1700 satellites, 2 numWGs and 8 numBlocks for 10 rounds in 1 parallel pattern
2025/08/05 10:14:31 StationSystem update...
2025/08/05 10:14:31 weather update count: 800
2025/08/05 10:14:31 StationSystem update time: 4.905µs
2025/08/05 10:14:31 SatelliteSystem update...
2025/08/05 10:14:31 satellite count: 1700
2025/08/05 10:14:31 SatelliteSystem update time: 6.425186ms
2025/08/05 10:14:31 TopoSystem update...
2025/08/05 10:14:31 TopoSystem: Link count: 1360000
2025/08/05 10:14:31 TopoSystem update time: 42.170666ms
2025/08/05 10:14:31 AttenuationSystem update...
2025/08/05 10:14:31 AttenuationSystem parallel flag: 1
2025/08/05 10:14:33 Attenuation computed count: 1360000
2025/08/05 10:14:33 AttenuationSystem update time: 1.509690884s
2025/08/05 10:14:33 Run 1 complete
2025/08/05 10:14:33 StationSystem update...
2025/08/05 10:14:33 weather update count: 800
2025/08/05 10:14:33 StationSystem update time: 3.473µs
2025/08/05 10:14:33 SatelliteSystem update...
2025/08/05 10:14:33 satellite count: 1700
2025/08/05 10:14:33 SatelliteSystem update time: 4.793097ms
2025/08/05 10:14:33 TopoSystem update...
2025/08/05 10:14:33 TopoSystem: Link count: 1360000
2025/08/05 10:14:33 TopoSystem update time: 42.480039ms
2025/08/05 10:14:33 AttenuationSystem update...
2025/08/05 10:14:33 AttenuationSystem parallel flag: 1
2025/08/05 10:14:34 Attenuation computed count: 1360000
2025/08/05 10:14:34 AttenuationSystem update time: 1.504287438s
2025/08/05 10:14:34 Run 2 complete
2025/08/05 10:14:34 StationSystem update...
2025/08/05 10:14:34 weather update count: 800
2025/08/05 10:14:34 StationSystem update time: 2.991µs
2025/08/05 10:14:34 SatelliteSystem update...
2025/08/05 10:14:34 satellite count: 1700
2025/08/05 10:14:34 SatelliteSystem update time: 4.790023ms
2025/08/05 10:14:34 TopoSystem update...
2025/08/05 10:14:34 TopoSystem: Link count: 1360000
2025/08/05 10:14:34 TopoSystem update time: 17.376186ms
2025/08/05 10:14:34 AttenuationSystem update...
2025/08/05 10:14:34 AttenuationSystem parallel flag: 1
2025/08/05 10:14:36 Attenuation computed count: 1360000
2025/08/05 10:14:36 AttenuationSystem update time: 1.589836257s
2025/08/05 10:14:36 Run 3 complete
2025/08/05 10:14:36 StationSystem update...
2025/08/05 10:14:36 weather update count: 800
2025/08/05 10:14:36 StationSystem update time: 3.346µs
2025/08/05 10:14:36 SatelliteSystem update...
2025/08/05 10:14:36 satellite count: 1700
2025/08/05 10:14:36 SatelliteSystem update time: 6.4507ms
2025/08/05 10:14:36 TopoSystem update...
2025/08/05 10:14:36 TopoSystem: Link count: 1360000
2025/08/05 10:14:36 TopoSystem update time: 21.017862ms
2025/08/05 10:14:36 AttenuationSystem update...
2025/08/05 10:14:36 AttenuationSystem parallel flag: 1
2025/08/05 10:14:37 Attenuation computed count: 1360000
2025/08/05 10:14:37 AttenuationSystem update time: 1.486975915s
2025/08/05 10:14:37 Run 4 complete
2025/08/05 10:14:37 StationSystem update...
2025/08/05 10:14:37 weather update count: 800
2025/08/05 10:14:37 StationSystem update time: 3.567µs
2025/08/05 10:14:37 SatelliteSystem update...
2025/08/05 10:14:37 satellite count: 1700
2025/08/05 10:14:37 SatelliteSystem update time: 4.783764ms
2025/08/05 10:14:37 TopoSystem update...
2025/08/05 10:14:37 TopoSystem: Link count: 1360000
2025/08/05 10:14:37 TopoSystem update time: 17.362356ms
2025/08/05 10:14:37 AttenuationSystem update...
2025/08/05 10:14:37 AttenuationSystem parallel flag: 1
2025/08/05 10:14:39 Attenuation computed count: 1360000
2025/08/05 10:14:39 AttenuationSystem update time: 1.26062224s
2025/08/05 10:14:39 Run 5 complete
2025/08/05 10:14:39 StationSystem update...
2025/08/05 10:14:39 weather update count: 800
2025/08/05 10:14:39 StationSystem update time: 3.397µs
2025/08/05 10:14:39 SatelliteSystem update...
2025/08/05 10:14:39 satellite count: 1700
2025/08/05 10:14:39 SatelliteSystem update time: 4.781006ms
2025/08/05 10:14:39 TopoSystem update...
2025/08/05 10:14:39 TopoSystem: Link count: 1360000
2025/08/05 10:14:39 TopoSystem update time: 17.491444ms
2025/08/05 10:14:39 AttenuationSystem update...
2025/08/05 10:14:39 AttenuationSystem parallel flag: 1
2025/08/05 10:14:40 Attenuation computed count: 1360000
2025/08/05 10:14:40 AttenuationSystem update time: 1.227336564s
2025/08/05 10:14:40 Run 6 complete
2025/08/05 10:14:40 StationSystem update...
2025/08/05 10:14:40 weather update count: 800
2025/08/05 10:14:40 StationSystem update time: 2.657µs
2025/08/05 10:14:40 SatelliteSystem update...
2025/08/05 10:14:40 satellite count: 1700
2025/08/05 10:14:40 SatelliteSystem update time: 4.77427ms
2025/08/05 10:14:40 TopoSystem update...
2025/08/05 10:14:40 TopoSystem: Link count: 1360000
2025/08/05 10:14:40 TopoSystem update time: 23.659653ms
2025/08/05 10:14:40 AttenuationSystem update...
2025/08/05 10:14:40 AttenuationSystem parallel flag: 1
2025/08/05 10:14:41 Attenuation computed count: 1360000
2025/08/05 10:14:41 AttenuationSystem update time: 1.153994729s
2025/08/05 10:14:41 Run 7 complete
2025/08/05 10:14:41 StationSystem update...
2025/08/05 10:14:41 weather update count: 800
2025/08/05 10:14:41 StationSystem update time: 3.409µs
2025/08/05 10:14:41 SatelliteSystem update...
2025/08/05 10:14:41 satellite count: 1700
2025/08/05 10:14:41 SatelliteSystem update time: 4.781826ms
2025/08/05 10:14:41 TopoSystem update...
2025/08/05 10:14:41 TopoSystem: Link count: 1360000
2025/08/05 10:14:41 TopoSystem update time: 16.424652ms
2025/08/05 10:14:41 AttenuationSystem update...
2025/08/05 10:14:41 AttenuationSystem parallel flag: 1
2025/08/05 10:14:43 Attenuation computed count: 1360000
2025/08/05 10:14:43 AttenuationSystem update time: 1.54279122s
2025/08/05 10:14:43 Run 8 complete
2025/08/05 10:14:43 StationSystem update...
2025/08/05 10:14:43 weather update count: 800
2025/08/05 10:14:43 StationSystem update time: 3.3µs
2025/08/05 10:14:43 SatelliteSystem update...
2025/08/05 10:14:43 satellite count: 1700
2025/08/05 10:14:43 SatelliteSystem update time: 4.937846ms
2025/08/05 10:14:43 TopoSystem update...
2025/08/05 10:14:43 TopoSystem: Link count: 1360000
2025/08/05 10:14:43 TopoSystem update time: 17.085967ms
2025/08/05 10:14:43 AttenuationSystem update...
2025/08/05 10:14:43 AttenuationSystem parallel flag: 1
2025/08/05 10:14:44 Attenuation computed count: 1360000
2025/08/05 10:14:44 AttenuationSystem update time: 1.496729309s
2025/08/05 10:14:44 Run 9 complete
2025/08/05 10:14:44 StationSystem update...
2025/08/05 10:14:44 weather update count: 800
2025/08/05 10:14:44 StationSystem update time: 2.534µs
2025/08/05 10:14:44 SatelliteSystem update...
2025/08/05 10:14:44 satellite count: 1700
2025/08/05 10:14:44 SatelliteSystem update time: 6.434095ms
2025/08/05 10:14:44 TopoSystem update...
2025/08/05 10:14:44 TopoSystem: Link count: 1360000
2025/08/05 10:14:44 TopoSystem update time: 19.725916ms
2025/08/05 10:14:44 AttenuationSystem update...
2025/08/05 10:14:44 AttenuationSystem parallel flag: 1
2025/08/05 10:14:45 Attenuation computed count: 1360000
2025/08/05 10:14:45 AttenuationSystem update time: 1.203313847s
2025/08/05 10:14:45 Run 10 complete
2025/08/05 10:14:45 Total update time:  14.271847369s
2025/08/05 10:14:45 linkCache size: 40

 Performance counter stats for './scale_ecs 800 1700 10 2 8 1':

        28,651,515      cache-references                                                      
         7,005,583      cache-misses                     #   24.45% of all cache refs         

      14.280773587 seconds time elapsed

      26.535330000 seconds user
       0.106069000 seconds sys


