ECS running with 800 stations, 1700 satellites, 4 numWGs and 4 numBlocks for 10 rounds in 1 parallel pattern
2025/08/05 10:15:12 StationSystem update...
2025/08/05 10:15:12 weather update count: 800
2025/08/05 10:15:12 SatelliteSystem update...
2025/08/05 10:15:12 StationSystem update time: 5.595µs
2025/08/05 10:15:12 satellite count: 1700
2025/08/05 10:15:12 SatelliteSystem update time: 6.428463ms
2025/08/05 10:15:12 TopoSystem update...
2025/08/05 10:15:12 TopoSystem: Link count: 1360000
2025/08/05 10:15:12 TopoSystem update time: 36.305708ms
2025/08/05 10:15:12 AttenuationSystem update...
2025/08/05 10:15:12 AttenuationSystem parallel flag: 1
2025/08/05 10:15:13 Attenuation computed count: 1360000
2025/08/05 10:15:13 AttenuationSystem update time: 752.348043ms
2025/08/05 10:15:13 Run 1 complete
2025/08/05 10:15:13 StationSystem update...
2025/08/05 10:15:13 weather update count: 800
2025/08/05 10:15:13 StationSystem update time: 3.485µs
2025/08/05 10:15:13 SatelliteSystem update...
2025/08/05 10:15:13 satellite count: 1700
2025/08/05 10:15:13 SatelliteSystem update time: 6.436513ms
2025/08/05 10:15:13 TopoSystem update...
2025/08/05 10:15:13 TopoSystem: Link count: 1360000
2025/08/05 10:15:13 TopoSystem update time: 45.424679ms
2025/08/05 10:15:13 AttenuationSystem update...
2025/08/05 10:15:13 AttenuationSystem parallel flag: 1
2025/08/05 10:15:14 Attenuation computed count: 1360000
2025/08/05 10:15:14 AttenuationSystem update time: 957.875582ms
2025/08/05 10:15:14 Run 2 complete
2025/08/05 10:15:14 StationSystem update...
2025/08/05 10:15:14 weather update count: 800
2025/08/05 10:15:14 StationSystem update time: 3.253µs
2025/08/05 10:15:14 SatelliteSystem update...
2025/08/05 10:15:14 satellite count: 1700
2025/08/05 10:15:14 SatelliteSystem update time: 6.565602ms
2025/08/05 10:15:14 TopoSystem update...
2025/08/05 10:15:14 TopoSystem: Link count: 1360000
2025/08/05 10:15:14 TopoSystem update time: 21.036932ms
2025/08/05 10:15:14 AttenuationSystem update...
2025/08/05 10:15:14 AttenuationSystem parallel flag: 1
2025/08/05 10:15:15 Attenuation computed count: 1360000
2025/08/05 10:15:15 AttenuationSystem update time: 719.964641ms
2025/08/05 10:15:15 Run 3 complete
2025/08/05 10:15:15 StationSystem update...
2025/08/05 10:15:15 weather update count: 800
2025/08/05 10:15:15 StationSystem update time: 3.457µs
2025/08/05 10:15:15 SatelliteSystem update...
2025/08/05 10:15:15 satellite count: 1700
2025/08/05 10:15:15 SatelliteSystem update time: 4.778276ms
2025/08/05 10:15:15 TopoSystem update...
2025/08/05 10:15:15 TopoSystem: Link count: 1360000
2025/08/05 10:15:15 TopoSystem update time: 16.034655ms
2025/08/05 10:15:15 AttenuationSystem update...
2025/08/05 10:15:15 AttenuationSystem parallel flag: 1
2025/08/05 10:15:16 Attenuation computed count: 1360000
2025/08/05 10:15:16 AttenuationSystem update time: 787.998762ms
2025/08/05 10:15:16 Run 4 complete
2025/08/05 10:15:16 StationSystem update...
2025/08/05 10:15:16 weather update count: 800
2025/08/05 10:15:16 StationSystem update time: 3.842µs
2025/08/05 10:15:16 SatelliteSystem update...
2025/08/05 10:15:16 satellite count: 1700
2025/08/05 10:15:16 SatelliteSystem update time: 6.542469ms
2025/08/05 10:15:16 TopoSystem update...
2025/08/05 10:15:16 TopoSystem: Link count: 1360000
2025/08/05 10:15:16 TopoSystem update time: 33.446908ms
2025/08/05 10:15:16 AttenuationSystem update...
2025/08/05 10:15:16 AttenuationSystem parallel flag: 1
2025/08/05 10:15:16 Attenuation computed count: 1360000
2025/08/05 10:15:16 AttenuationSystem update time: 703.257984ms
2025/08/05 10:15:16 Run 5 complete
2025/08/05 10:15:16 StationSystem update...
2025/08/05 10:15:16 weather update count: 800
2025/08/05 10:15:16 StationSystem update time: 2.884µs
2025/08/05 10:15:16 SatelliteSystem update...
2025/08/05 10:15:16 satellite count: 1700
2025/08/05 10:15:16 SatelliteSystem update time: 6.42363ms
2025/08/05 10:15:16 TopoSystem update...
2025/08/05 10:15:16 TopoSystem: Link count: 1360000
2025/08/05 10:15:16 TopoSystem update time: 18.286979ms
2025/08/05 10:15:16 AttenuationSystem update...
2025/08/05 10:15:16 AttenuationSystem parallel flag: 1
2025/08/05 10:15:17 Attenuation computed count: 1360000
2025/08/05 10:15:17 AttenuationSystem update time: 811.189737ms
2025/08/05 10:15:17 Run 6 complete
2025/08/05 10:15:17 StationSystem update...
2025/08/05 10:15:17 weather update count: 800
2025/08/05 10:15:17 StationSystem update time: 3.504µs
2025/08/05 10:15:17 SatelliteSystem update...
2025/08/05 10:15:17 satellite count: 1700
2025/08/05 10:15:17 SatelliteSystem update time: 4.913561ms
2025/08/05 10:15:17 TopoSystem update...
2025/08/05 10:15:17 TopoSystem: Link count: 1360000
2025/08/05 10:15:17 TopoSystem update time: 16.185526ms
2025/08/05 10:15:17 AttenuationSystem update...
2025/08/05 10:15:17 AttenuationSystem parallel flag: 1
2025/08/05 10:15:18 Attenuation computed count: 1360000
2025/08/05 10:15:18 AttenuationSystem update time: 810.89711ms
2025/08/05 10:15:18 Run 7 complete
2025/08/05 10:15:18 StationSystem update...
2025/08/05 10:15:18 weather update count: 800
2025/08/05 10:15:18 StationSystem update time: 3.466µs
2025/08/05 10:15:18 SatelliteSystem update...
2025/08/05 10:15:18 satellite count: 1700
2025/08/05 10:15:18 SatelliteSystem update time: 4.786404ms
2025/08/05 10:15:18 TopoSystem update...
2025/08/05 10:15:18 TopoSystem: Link count: 1360000
2025/08/05 10:15:18 TopoSystem update time: 15.979964ms
2025/08/05 10:15:18 AttenuationSystem update...
2025/08/05 10:15:18 AttenuationSystem parallel flag: 1
2025/08/05 10:15:19 Attenuation computed count: 1360000
2025/08/05 10:15:19 AttenuationSystem update time: 795.883629ms
2025/08/05 10:15:19 Run 8 complete
2025/08/05 10:15:19 StationSystem update...
2025/08/05 10:15:19 weather update count: 800
2025/08/05 10:15:19 StationSystem update time: 3.294µs
2025/08/05 10:15:19 SatelliteSystem update...
2025/08/05 10:15:19 satellite count: 1700
2025/08/05 10:15:19 SatelliteSystem update time: 4.799184ms
2025/08/05 10:15:19 TopoSystem update...
2025/08/05 10:15:19 TopoSystem: Link count: 1360000
2025/08/05 10:15:19 TopoSystem update time: 18.725182ms
2025/08/05 10:15:19 AttenuationSystem update...
2025/08/05 10:15:19 AttenuationSystem parallel flag: 1
2025/08/05 10:15:20 Attenuation computed count: 1360000
2025/08/05 10:15:20 AttenuationSystem update time: 762.198715ms
2025/08/05 10:15:20 Run 9 complete
2025/08/05 10:15:20 StationSystem update...
2025/08/05 10:15:20 weather update count: 800
2025/08/05 10:15:20 SatelliteSystem update...
2025/08/05 10:15:20 StationSystem update time: 3.464µs
2025/08/05 10:15:20 satellite count: 1700
2025/08/05 10:15:20 SatelliteSystem update time: 5.035124ms
2025/08/05 10:15:20 TopoSystem update...
2025/08/05 10:15:20 TopoSystem: Link count: 1360000
2025/08/05 10:15:20 TopoSystem update time: 16.514946ms
2025/08/05 10:15:20 AttenuationSystem update...
2025/08/05 10:15:20 AttenuationSystem parallel flag: 1
2025/08/05 10:15:20 Attenuation computed count: 1360000
2025/08/05 10:15:20 AttenuationSystem update time: 779.081438ms
2025/08/05 10:15:20 Run 10 complete
2025/08/05 10:15:20 Total update time:  8.183786304s
2025/08/05 10:15:20 linkCache size: 40

 Performance counter stats for './scale_ecs 800 1700 10 4 4 1':

        28,716,505      cache-references                                                      
         7,192,514      cache-misses                     #   25.05% of all cache refs         

       8.192016313 seconds time elapsed

      27.459839000 seconds user
       0.094013000 seconds sys


