ECS running with 800 stations, 2000 satellites, 4 numWGs and 8 numBlocks for 10 rounds in 1 parallel pattern
2025/08/05 10:24:40 StationSystem update...
2025/08/05 10:24:40 weather update count: 800
2025/08/05 10:24:40 StationSystem update time: 4.879µs
2025/08/05 10:24:40 SatelliteSystem update...
2025/08/05 10:24:40 satellite count: 2000
2025/08/05 10:24:40 SatelliteSystem update time: 7.555907ms
2025/08/05 10:24:40 TopoSystem update...
2025/08/05 10:24:40 TopoSystem: Link count: 1600000
2025/08/05 10:24:40 TopoSystem update time: 49.375637ms
2025/08/05 10:24:40 AttenuationSystem update...
2025/08/05 10:24:40 AttenuationSystem parallel flag: 1
2025/08/05 10:24:41 Attenuation computed count: 1600000
2025/08/05 10:24:41 AttenuationSystem update time: 899.842685ms
2025/08/05 10:24:41 Run 1 complete
2025/08/05 10:24:41 StationSystem update...
2025/08/05 10:24:41 weather update count: 800
2025/08/05 10:24:41 StationSystem update time: 3.674µs
2025/08/05 10:24:41 SatelliteSystem update...
2025/08/05 10:24:41 satellite count: 2000
2025/08/05 10:24:41 SatelliteSystem update time: 7.559885ms
2025/08/05 10:24:41 TopoSystem update...
2025/08/05 10:24:41 TopoSystem: Link count: 1600000
2025/08/05 10:24:41 TopoSystem update time: 44.245972ms
2025/08/05 10:24:41 AttenuationSystem update...
2025/08/05 10:24:41 AttenuationSystem parallel flag: 1
2025/08/05 10:24:42 Attenuation computed count: 1600000
2025/08/05 10:24:42 AttenuationSystem update time: 950.449976ms
2025/08/05 10:24:42 Run 2 complete
2025/08/05 10:24:42 StationSystem update...
2025/08/05 10:24:42 weather update count: 800
2025/08/05 10:24:42 StationSystem update time: 3.337µs
2025/08/05 10:24:42 SatelliteSystem update...
2025/08/05 10:24:42 satellite count: 2000
2025/08/05 10:24:42 SatelliteSystem update time: 5.661939ms
2025/08/05 10:24:42 TopoSystem update...
2025/08/05 10:24:42 TopoSystem: Link count: 1600000
2025/08/05 10:24:42 TopoSystem update time: 27.460612ms
2025/08/05 10:24:42 AttenuationSystem update...
2025/08/05 10:24:42 AttenuationSystem parallel flag: 1
2025/08/05 10:24:43 Attenuation computed count: 1600000
2025/08/05 10:24:43 AttenuationSystem update time: 945.564465ms
2025/08/05 10:24:43 Run 3 complete
2025/08/05 10:24:43 StationSystem update...
2025/08/05 10:24:43 weather update count: 800
2025/08/05 10:24:43 StationSystem update time: 3.5µs
2025/08/05 10:24:43 SatelliteSystem update...
2025/08/05 10:24:43 satellite count: 2000
2025/08/05 10:24:43 SatelliteSystem update time: 5.620957ms
2025/08/05 10:24:43 TopoSystem update...
2025/08/05 10:24:43 TopoSystem: Link count: 1600000
2025/08/05 10:24:43 TopoSystem update time: 27.150686ms
2025/08/05 10:24:43 AttenuationSystem update...
2025/08/05 10:24:43 AttenuationSystem parallel flag: 1
2025/08/05 10:24:44 Attenuation computed count: 1600000
2025/08/05 10:24:44 AttenuationSystem update time: 937.247688ms
2025/08/05 10:24:44 Run 4 complete
2025/08/05 10:24:44 StationSystem update...
2025/08/05 10:24:44 weather update count: 800
2025/08/05 10:24:44 StationSystem update time: 3.563µs
2025/08/05 10:24:44 SatelliteSystem update...
2025/08/05 10:24:44 satellite count: 2000
2025/08/05 10:24:44 SatelliteSystem update time: 7.559455ms
2025/08/05 10:24:44 TopoSystem update...
2025/08/05 10:24:44 TopoSystem: Link count: 1600000
2025/08/05 10:24:44 TopoSystem update time: 23.456869ms
2025/08/05 10:24:44 AttenuationSystem update...
2025/08/05 10:24:44 AttenuationSystem parallel flag: 1
2025/08/05 10:24:45 Attenuation computed count: 1600000
2025/08/05 10:24:45 AttenuationSystem update time: 928.830589ms
2025/08/05 10:24:45 Run 5 complete
2025/08/05 10:24:45 StationSystem update...
2025/08/05 10:24:45 weather update count: 800
2025/08/05 10:24:45 StationSystem update time: 3.741µs
2025/08/05 10:24:45 SatelliteSystem update...
2025/08/05 10:24:45 satellite count: 2000
2025/08/05 10:24:45 SatelliteSystem update time: 5.623741ms
2025/08/05 10:24:45 TopoSystem update...
2025/08/05 10:24:45 TopoSystem: Link count: 1600000
2025/08/05 10:24:45 TopoSystem update time: 23.563784ms
2025/08/05 10:24:45 AttenuationSystem update...
2025/08/05 10:24:45 AttenuationSystem parallel flag: 1
2025/08/05 10:24:46 Attenuation computed count: 1600000
2025/08/05 10:24:46 AttenuationSystem update time: 932.379418ms
2025/08/05 10:24:46 Run 6 complete
2025/08/05 10:24:46 StationSystem update...
2025/08/05 10:24:46 weather update count: 800
2025/08/05 10:24:46 StationSystem update time: 3.674µs
2025/08/05 10:24:46 SatelliteSystem update...
2025/08/05 10:24:46 satellite count: 2000
2025/08/05 10:24:46 SatelliteSystem update time: 5.619925ms
2025/08/05 10:24:46 TopoSystem update...
2025/08/05 10:24:46 TopoSystem: Link count: 1600000
2025/08/05 10:24:46 TopoSystem update time: 19.113932ms
2025/08/05 10:24:46 AttenuationSystem update...
2025/08/05 10:24:46 AttenuationSystem parallel flag: 1
2025/08/05 10:24:47 Attenuation computed count: 1600000
2025/08/05 10:24:47 AttenuationSystem update time: 921.747964ms
2025/08/05 10:24:47 Run 7 complete
2025/08/05 10:24:47 StationSystem update...
2025/08/05 10:24:47 weather update count: 800
2025/08/05 10:24:47 StationSystem update time: 3.929µs
2025/08/05 10:24:47 SatelliteSystem update...
2025/08/05 10:24:47 satellite count: 2000
2025/08/05 10:24:47 SatelliteSystem update time: 5.608201ms
2025/08/05 10:24:47 TopoSystem update...
2025/08/05 10:24:47 TopoSystem: Link count: 1600000
2025/08/05 10:24:47 TopoSystem update time: 19.064798ms
2025/08/05 10:24:47 AttenuationSystem update...
2025/08/05 10:24:47 AttenuationSystem parallel flag: 1
2025/08/05 10:24:48 Attenuation computed count: 1600000
2025/08/05 10:24:48 AttenuationSystem update time: 870.786908ms
2025/08/05 10:24:48 Run 8 complete
2025/08/05 10:24:48 StationSystem update...
2025/08/05 10:24:48 weather update count: 800
2025/08/05 10:24:48 StationSystem update time: 3.346µs
2025/08/05 10:24:48 SatelliteSystem update...
2025/08/05 10:24:48 satellite count: 2000
2025/08/05 10:24:48 SatelliteSystem update time: 5.617355ms
2025/08/05 10:24:48 TopoSystem update...
2025/08/05 10:24:48 TopoSystem: Link count: 1600000
2025/08/05 10:24:48 TopoSystem update time: 27.875674ms
2025/08/05 10:24:48 AttenuationSystem update...
2025/08/05 10:24:48 AttenuationSystem parallel flag: 1
2025/08/05 10:24:49 Attenuation computed count: 1600000
2025/08/05 10:24:49 AttenuationSystem update time: 702.981903ms
2025/08/05 10:24:49 Run 9 complete
2025/08/05 10:24:49 StationSystem update...
2025/08/05 10:24:49 weather update count: 800
2025/08/05 10:24:49 StationSystem update time: 3.235µs
2025/08/05 10:24:49 SatelliteSystem update...
2025/08/05 10:24:49 satellite count: 2000
2025/08/05 10:24:49 SatelliteSystem update time: 5.614485ms
2025/08/05 10:24:49 TopoSystem update...
2025/08/05 10:24:49 TopoSystem: Link count: 1600000
2025/08/05 10:24:49 TopoSystem update time: 19.102565ms
2025/08/05 10:24:49 AttenuationSystem update...
2025/08/05 10:24:49 AttenuationSystem parallel flag: 1
2025/08/05 10:24:50 Attenuation computed count: 1600000
2025/08/05 10:24:50 AttenuationSystem update time: 936.438585ms
2025/08/05 10:24:50 Run 10 complete
2025/08/05 10:24:50 Total update time:  9.379499729s
2025/08/05 10:24:50 linkCache size: 40

 Performance counter stats for './scale_ecs 800 2000 10 4 8 1':

        33,436,957      cache-references                                                      
         8,061,445      cache-misses                     #   24.11% of all cache refs         

       9.398675514 seconds time elapsed

      31.332712000 seconds user
       0.111062000 seconds sys


