ECS running with 500 stations, 1000 satellites, 4 numWGs and 4 numBlocks for 10 rounds in 0 parallel pattern
2025/08/05 08:07:48 StationSystem update...
2025/08/05 08:07:48 SatelliteSystem update...
2025/08/05 08:07:48 weather update count: 500
2025/08/05 08:07:48 StationSystem update time: 5.828µs
2025/08/05 08:07:48 satellite count: 1000
2025/08/05 08:07:48 SatelliteSystem update time: 3.821578ms
2025/08/05 08:07:48 TopoSystem update...
2025/08/05 08:07:48 TopoSystem: Link count: 500000
2025/08/05 08:07:48 TopoSystem update time: 15.300623ms
2025/08/05 08:07:48 AttenuationSystem update...
2025/08/05 08:07:48 AttenuationSystem parallel flag: 0
2025/08/05 08:07:49 Attenuation computed count: 500000
2025/08/05 08:07:49 AttenuationSystem update time: 284.767374ms
2025/08/05 08:07:49 Run 1 complete
2025/08/05 08:07:49 StationSystem update...
2025/08/05 08:07:49 weather update count: 500
2025/08/05 08:07:49 StationSystem update time: 3.131µs
2025/08/05 08:07:49 SatelliteSystem update...
2025/08/05 08:07:49 satellite count: 1000
2025/08/05 08:07:49 SatelliteSystem update time: 3.803611ms
2025/08/05 08:07:49 TopoSystem update...
2025/08/05 08:07:49 TopoSystem: Link count: 500000
2025/08/05 08:07:49 TopoSystem update time: 13.260275ms
2025/08/05 08:07:49 AttenuationSystem update...
2025/08/05 08:07:49 AttenuationSystem parallel flag: 0
2025/08/05 08:07:49 Attenuation computed count: 500000
2025/08/05 08:07:49 AttenuationSystem update time: 268.475708ms
2025/08/05 08:07:49 Run 2 complete
2025/08/05 08:07:49 StationSystem update...
2025/08/05 08:07:49 weather update count: 500
2025/08/05 08:07:49 StationSystem update time: 2.559µs
2025/08/05 08:07:49 SatelliteSystem update...
2025/08/05 08:07:49 satellite count: 1000
2025/08/05 08:07:49 SatelliteSystem update time: 2.812751ms
2025/08/05 08:07:49 TopoSystem update...
2025/08/05 08:07:49 TopoSystem: Link count: 500000
2025/08/05 08:07:49 TopoSystem update time: 6.368284ms
2025/08/05 08:07:49 AttenuationSystem update...
2025/08/05 08:07:49 AttenuationSystem parallel flag: 0
2025/08/05 08:07:49 Attenuation computed count: 500000
2025/08/05 08:07:49 AttenuationSystem update time: 285.070285ms
2025/08/05 08:07:49 Run 3 complete
2025/08/05 08:07:49 StationSystem update...
2025/08/05 08:07:49 weather update count: 500
2025/08/05 08:07:49 StationSystem update time: 2.782µs
2025/08/05 08:07:49 SatelliteSystem update...
2025/08/05 08:07:49 satellite count: 1000
2025/08/05 08:07:49 SatelliteSystem update time: 3.794979ms
2025/08/05 08:07:49 TopoSystem update...
2025/08/05 08:07:49 TopoSystem: Link count: 500000
2025/08/05 08:07:49 TopoSystem update time: 7.591601ms
2025/08/05 08:07:49 AttenuationSystem update...
2025/08/05 08:07:49 AttenuationSystem parallel flag: 0
2025/08/05 08:07:49 Attenuation computed count: 500000
2025/08/05 08:07:49 AttenuationSystem update time: 240.713501ms
2025/08/05 08:07:49 Run 4 complete
2025/08/05 08:07:49 StationSystem update...
2025/08/05 08:07:49 weather update count: 500
2025/08/05 08:07:49 StationSystem update time: 2.955µs
2025/08/05 08:07:49 SatelliteSystem update...
2025/08/05 08:07:49 satellite count: 1000
2025/08/05 08:07:49 SatelliteSystem update time: 2.811026ms
2025/08/05 08:07:49 TopoSystem update...
2025/08/05 08:07:49 TopoSystem: Link count: 500000
2025/08/05 08:07:49 TopoSystem update time: 5.525656ms
2025/08/05 08:07:49 AttenuationSystem update...
2025/08/05 08:07:49 AttenuationSystem parallel flag: 0
2025/08/05 08:07:50 Attenuation computed count: 500000
2025/08/05 08:07:50 AttenuationSystem update time: 320.74065ms
2025/08/05 08:07:50 Run 5 complete
2025/08/05 08:07:50 StationSystem update...
2025/08/05 08:07:50 weather update count: 500
2025/08/05 08:07:50 StationSystem update time: 2.826µs
2025/08/05 08:07:50 SatelliteSystem update...
2025/08/05 08:07:50 satellite count: 1000
2025/08/05 08:07:50 SatelliteSystem update time: 3.324735ms
2025/08/05 08:07:50 TopoSystem update...
2025/08/05 08:07:50 TopoSystem: Link count: 500000
2025/08/05 08:07:50 TopoSystem update time: 11.608108ms
2025/08/05 08:07:50 AttenuationSystem update...
2025/08/05 08:07:50 AttenuationSystem parallel flag: 0
2025/08/05 08:07:50 Attenuation computed count: 500000
2025/08/05 08:07:50 AttenuationSystem update time: 318.394555ms
2025/08/05 08:07:50 Run 6 complete
2025/08/05 08:07:50 StationSystem update...
2025/08/05 08:07:50 weather update count: 500
2025/08/05 08:07:50 StationSystem update time: 2.71µs
2025/08/05 08:07:50 SatelliteSystem update...
2025/08/05 08:07:50 satellite count: 1000
2025/08/05 08:07:50 SatelliteSystem update time: 3.797133ms
2025/08/05 08:07:50 TopoSystem update...
2025/08/05 08:07:50 TopoSystem: Link count: 500000
2025/08/05 08:07:50 TopoSystem update time: 10.228407ms
2025/08/05 08:07:50 AttenuationSystem update...
2025/08/05 08:07:50 AttenuationSystem parallel flag: 0
2025/08/05 08:07:50 Attenuation computed count: 500000
2025/08/05 08:07:50 AttenuationSystem update time: 308.834048ms
2025/08/05 08:07:50 Run 7 complete
2025/08/05 08:07:50 StationSystem update...
2025/08/05 08:07:50 weather update count: 500
2025/08/05 08:07:50 StationSystem update time: 2.784µs
2025/08/05 08:07:50 SatelliteSystem update...
2025/08/05 08:07:50 satellite count: 1000
2025/08/05 08:07:50 SatelliteSystem update time: 3.797931ms
2025/08/05 08:07:50 TopoSystem update...
2025/08/05 08:07:50 TopoSystem: Link count: 500000
2025/08/05 08:07:50 TopoSystem update time: 7.549826ms
2025/08/05 08:07:50 AttenuationSystem update...
2025/08/05 08:07:50 AttenuationSystem parallel flag: 0
2025/08/05 08:07:51 Attenuation computed count: 500000
2025/08/05 08:07:51 AttenuationSystem update time: 258.002838ms
2025/08/05 08:07:51 Run 8 complete
2025/08/05 08:07:51 StationSystem update...
2025/08/05 08:07:51 weather update count: 500
2025/08/05 08:07:51 StationSystem update time: 2.204µs
2025/08/05 08:07:51 SatelliteSystem update...
2025/08/05 08:07:51 satellite count: 1000
2025/08/05 08:07:51 SatelliteSystem update time: 2.812499ms
2025/08/05 08:07:51 TopoSystem update...
2025/08/05 08:07:51 TopoSystem: Link count: 500000
2025/08/05 08:07:51 TopoSystem update time: 6.360958ms
2025/08/05 08:07:51 AttenuationSystem update...
2025/08/05 08:07:51 AttenuationSystem parallel flag: 0
2025/08/05 08:07:51 Attenuation computed count: 500000
2025/08/05 08:07:51 AttenuationSystem update time: 297.809113ms
2025/08/05 08:07:51 Run 9 complete
2025/08/05 08:07:51 StationSystem update...
2025/08/05 08:07:51 weather update count: 500
2025/08/05 08:07:51 StationSystem update time: 2.798µs
2025/08/05 08:07:51 SatelliteSystem update...
2025/08/05 08:07:51 satellite count: 1000
2025/08/05 08:07:51 SatelliteSystem update time: 3.793617ms
2025/08/05 08:07:51 TopoSystem update...
2025/08/05 08:07:51 TopoSystem: Link count: 500000
2025/08/05 08:07:51 TopoSystem update time: 9.064097ms
2025/08/05 08:07:51 AttenuationSystem update...
2025/08/05 08:07:51 AttenuationSystem parallel flag: 0
2025/08/05 08:07:51 Attenuation computed count: 500000
2025/08/05 08:07:51 AttenuationSystem update time: 286.871413ms
2025/08/05 08:07:51 Run 10 complete
2025/08/05 08:07:51 Total update time:  3.003219833s
2025/08/05 08:07:51 linkCache size: 40

 Performance counter stats for './scale_ecs 500 1000 10 4 4 0':

        11,022,324      cache-references                                                      
         1,573,953      cache-misses                     #   14.28% of all cache refs         

       3.008671951 seconds time elapsed

      10.759900000 seconds user
       0.039039000 seconds sys


