ECS running with 500 stations, 1600 satellites, 4 numWGs and 8 numBlocks for 10 rounds in 0 parallel pattern
2025/08/05 08:16:45 StationSystem update...
2025/08/05 08:16:45 SatelliteSystem update...
2025/08/05 08:16:45 weather update count: 500
2025/08/05 08:16:45 StationSystem update time: 8.542µs
2025/08/05 08:16:45 satellite count: 1600
2025/08/05 08:16:45 SatelliteSystem update time: 6.05294ms
2025/08/05 08:16:45 TopoSystem update...
2025/08/05 08:16:45 TopoSystem: Link count: 800000
2025/08/05 08:16:45 TopoSystem update time: 26.791388ms
2025/08/05 08:16:45 AttenuationSystem update...
2025/08/05 08:16:45 AttenuationSystem parallel flag: 0
2025/08/05 08:16:45 Attenuation computed count: 800000
2025/08/05 08:16:45 AttenuationSystem update time: 232.145717ms
2025/08/05 08:16:45 Run 1 complete
2025/08/05 08:16:45 StationSystem update...
2025/08/05 08:16:45 weather update count: 500
2025/08/05 08:16:45 StationSystem update time: 2.817µs
2025/08/05 08:16:45 SatelliteSystem update...
2025/08/05 08:16:45 satellite count: 1600
2025/08/05 08:16:45 SatelliteSystem update time: 6.040394ms
2025/08/05 08:16:45 TopoSystem update...
2025/08/05 08:16:45 TopoSystem: Link count: 800000
2025/08/05 08:16:45 TopoSystem update time: 23.342748ms
2025/08/05 08:16:45 AttenuationSystem update...
2025/08/05 08:16:45 AttenuationSystem parallel flag: 0
2025/08/05 08:16:45 Attenuation computed count: 800000
2025/08/05 08:16:45 AttenuationSystem update time: 238.456298ms
2025/08/05 08:16:45 Run 2 complete
2025/08/05 08:16:45 StationSystem update...
2025/08/05 08:16:45 weather update count: 500
2025/08/05 08:16:45 StationSystem update time: 2.914µs
2025/08/05 08:16:45 SatelliteSystem update...
2025/08/05 08:16:45 satellite count: 1600
2025/08/05 08:16:45 SatelliteSystem update time: 6.058897ms
2025/08/05 08:16:45 TopoSystem update...
2025/08/05 08:16:45 TopoSystem: Link count: 800000
2025/08/05 08:16:45 TopoSystem update time: 11.370648ms
2025/08/05 08:16:45 AttenuationSystem update...
2025/08/05 08:16:45 AttenuationSystem parallel flag: 0
2025/08/05 08:16:46 Attenuation computed count: 800000
2025/08/05 08:16:46 AttenuationSystem update time: 263.579011ms
2025/08/05 08:16:46 Run 3 complete
2025/08/05 08:16:46 StationSystem update...
2025/08/05 08:16:46 weather update count: 500
2025/08/05 08:16:46 StationSystem update time: 3.214µs
2025/08/05 08:16:46 SatelliteSystem update...
2025/08/05 08:16:46 satellite count: 1600
2025/08/05 08:16:46 SatelliteSystem update time: 6.05857ms
2025/08/05 08:16:46 TopoSystem update...
2025/08/05 08:16:46 TopoSystem: Link count: 800000
2025/08/05 08:16:46 TopoSystem update time: 11.630572ms
2025/08/05 08:16:46 AttenuationSystem update...
2025/08/05 08:16:46 AttenuationSystem parallel flag: 0
2025/08/05 08:16:46 Attenuation computed count: 800000
2025/08/05 08:16:46 AttenuationSystem update time: 228.691395ms
2025/08/05 08:16:46 Run 4 complete
2025/08/05 08:16:46 StationSystem update...
2025/08/05 08:16:46 weather update count: 500
2025/08/05 08:16:46 StationSystem update time: 2.963µs
2025/08/05 08:16:46 SatelliteSystem update...
2025/08/05 08:16:46 satellite count: 1600
2025/08/05 08:16:46 SatelliteSystem update time: 6.04766ms
2025/08/05 08:16:46 TopoSystem update...
2025/08/05 08:16:46 TopoSystem: Link count: 800000
2025/08/05 08:16:46 TopoSystem update time: 11.439048ms
2025/08/05 08:16:46 AttenuationSystem update...
2025/08/05 08:16:46 AttenuationSystem parallel flag: 0
2025/08/05 08:16:46 Attenuation computed count: 800000
2025/08/05 08:16:46 AttenuationSystem update time: 231.045156ms
2025/08/05 08:16:46 Run 5 complete
2025/08/05 08:16:46 StationSystem update...
2025/08/05 08:16:46 weather update count: 500
2025/08/05 08:16:46 StationSystem update time: 2.92µs
2025/08/05 08:16:46 SatelliteSystem update...
2025/08/05 08:16:46 satellite count: 1600
2025/08/05 08:16:46 SatelliteSystem update time: 6.06819ms
2025/08/05 08:16:46 TopoSystem update...
2025/08/05 08:16:46 TopoSystem: Link count: 800000
2025/08/05 08:16:46 TopoSystem update time: 11.239823ms
2025/08/05 08:16:46 AttenuationSystem update...
2025/08/05 08:16:46 AttenuationSystem parallel flag: 0
2025/08/05 08:16:46 Attenuation computed count: 800000
2025/08/05 08:16:46 AttenuationSystem update time: 255.801022ms
2025/08/05 08:16:46 Run 6 complete
2025/08/05 08:16:46 StationSystem update...
2025/08/05 08:16:46 weather update count: 500
2025/08/05 08:16:46 StationSystem update time: 3.186µs
2025/08/05 08:16:46 SatelliteSystem update...
2025/08/05 08:16:46 satellite count: 1600
2025/08/05 08:16:46 SatelliteSystem update time: 6.12301ms
2025/08/05 08:16:46 TopoSystem update...
2025/08/05 08:16:46 TopoSystem: Link count: 800000
2025/08/05 08:16:46 TopoSystem update time: 12.371487ms
2025/08/05 08:16:46 AttenuationSystem update...
2025/08/05 08:16:46 AttenuationSystem parallel flag: 0
2025/08/05 08:16:47 Attenuation computed count: 800000
2025/08/05 08:16:47 AttenuationSystem update time: 231.265132ms
2025/08/05 08:16:47 Run 7 complete
2025/08/05 08:16:47 StationSystem update...
2025/08/05 08:16:47 weather update count: 500
2025/08/05 08:16:47 StationSystem update time: 2.601µs
2025/08/05 08:16:47 SatelliteSystem update...
2025/08/05 08:16:47 satellite count: 1600
2025/08/05 08:16:47 SatelliteSystem update time: 6.05001ms
2025/08/05 08:16:47 TopoSystem update...
2025/08/05 08:16:47 TopoSystem: Link count: 800000
2025/08/05 08:16:47 TopoSystem update time: 11.410815ms
2025/08/05 08:16:47 AttenuationSystem update...
2025/08/05 08:16:47 AttenuationSystem parallel flag: 0
2025/08/05 08:16:47 Attenuation computed count: 800000
2025/08/05 08:16:47 AttenuationSystem update time: 261.647172ms
2025/08/05 08:16:47 Run 8 complete
2025/08/05 08:16:47 StationSystem update...
2025/08/05 08:16:47 weather update count: 500
2025/08/05 08:16:47 StationSystem update time: 2.915µs
2025/08/05 08:16:47 SatelliteSystem update...
2025/08/05 08:16:47 satellite count: 1600
2025/08/05 08:16:47 SatelliteSystem update time: 6.057489ms
2025/08/05 08:16:47 TopoSystem update...
2025/08/05 08:16:47 TopoSystem: Link count: 800000
2025/08/05 08:16:47 TopoSystem update time: 15.55164ms
2025/08/05 08:16:47 AttenuationSystem update...
2025/08/05 08:16:47 AttenuationSystem parallel flag: 0
2025/08/05 08:16:47 Attenuation computed count: 800000
2025/08/05 08:16:47 AttenuationSystem update time: 243.603486ms
2025/08/05 08:16:47 Run 9 complete
2025/08/05 08:16:47 StationSystem update...
2025/08/05 08:16:47 weather update count: 500
2025/08/05 08:16:47 StationSystem update time: 2.692µs
2025/08/05 08:16:47 SatelliteSystem update...
2025/08/05 08:16:47 satellite count: 1600
2025/08/05 08:16:47 SatelliteSystem update time: 6.104028ms
2025/08/05 08:16:47 TopoSystem update...
2025/08/05 08:16:47 TopoSystem: Link count: 800000
2025/08/05 08:16:47 TopoSystem update time: 11.906837ms
2025/08/05 08:16:47 AttenuationSystem update...
2025/08/05 08:16:47 AttenuationSystem parallel flag: 0
2025/08/05 08:16:47 Attenuation computed count: 800000
2025/08/05 08:16:47 AttenuationSystem update time: 249.615634ms
2025/08/05 08:16:47 Run 10 complete
2025/08/05 08:16:47 Total update time:  2.65190066s
2025/08/05 08:16:47 linkCache size: 40

 Performance counter stats for './scale_ecs 500 1600 10 4 8 0':

        17,276,703      cache-references                                                      
         3,264,361      cache-misses                     #   18.89% of all cache refs         

       2.659326015 seconds time elapsed

      17.472714000 seconds user
       0.054992000 seconds sys


