ECS running with 800 stations, 1700 satellites, 2 numWGs and 4 numBlocks for 10 rounds in 0 parallel pattern
2025/08/05 10:14:23 StationSystem update...
2025/08/05 10:14:23 SatelliteSystem update...
2025/08/05 10:14:23 weather update count: 800
2025/08/05 10:14:23 StationSystem update time: 7.004µs
2025/08/05 10:14:23 satellite count: 1700
2025/08/05 10:14:23 SatelliteSystem update time: 6.448812ms
2025/08/05 10:14:23 TopoSystem update...
2025/08/05 10:14:23 TopoSystem: Link count: 1360000
2025/08/05 10:14:23 TopoSystem update time: 41.813996ms
2025/08/05 10:14:23 AttenuationSystem update...
2025/08/05 10:14:23 AttenuationSystem parallel flag: 0
2025/08/05 10:14:24 Attenuation computed count: 1360000
2025/08/05 10:14:24 AttenuationSystem update time: 646.745228ms
2025/08/05 10:14:24 Run 1 complete
2025/08/05 10:14:24 StationSystem update...
2025/08/05 10:14:24 weather update count: 800
2025/08/05 10:14:24 StationSystem update time: 3.2µs
2025/08/05 10:14:24 SatelliteSystem update...
2025/08/05 10:14:24 satellite count: 1700
2025/08/05 10:14:24 SatelliteSystem update time: 4.76757ms
2025/08/05 10:14:24 TopoSystem update...
2025/08/05 10:14:24 TopoSystem: Link count: 1360000
2025/08/05 10:14:24 TopoSystem update time: 36.521731ms
2025/08/05 10:14:24 AttenuationSystem update...
2025/08/05 10:14:24 AttenuationSystem parallel flag: 0
2025/08/05 10:14:25 Attenuation computed count: 1360000
2025/08/05 10:14:25 AttenuationSystem update time: 774.751633ms
2025/08/05 10:14:25 Run 2 complete
2025/08/05 10:14:25 StationSystem update...
2025/08/05 10:14:25 weather update count: 800
2025/08/05 10:14:25 StationSystem update time: 3.36µs
2025/08/05 10:14:25 SatelliteSystem update...
2025/08/05 10:14:25 satellite count: 1700
2025/08/05 10:14:25 SatelliteSystem update time: 6.438403ms
2025/08/05 10:14:25 TopoSystem update...
2025/08/05 10:14:25 TopoSystem: Link count: 1360000
2025/08/05 10:14:25 TopoSystem update time: 20.538726ms
2025/08/05 10:14:25 AttenuationSystem update...
2025/08/05 10:14:25 AttenuationSystem parallel flag: 0
2025/08/05 10:14:26 Attenuation computed count: 1360000
2025/08/05 10:14:26 AttenuationSystem update time: 774.111773ms
2025/08/05 10:14:26 Run 3 complete
2025/08/05 10:14:26 StationSystem update...
2025/08/05 10:14:26 weather update count: 800
2025/08/05 10:14:26 StationSystem update time: 3.613µs
2025/08/05 10:14:26 SatelliteSystem update...
2025/08/05 10:14:26 satellite count: 1700
2025/08/05 10:14:26 SatelliteSystem update time: 10.010297ms
2025/08/05 10:14:26 TopoSystem update...
2025/08/05 10:14:26 TopoSystem: Link count: 1360000
2025/08/05 10:14:26 TopoSystem update time: 40.503177ms
2025/08/05 10:14:26 AttenuationSystem update...
2025/08/05 10:14:26 AttenuationSystem parallel flag: 0
2025/08/05 10:14:26 Attenuation computed count: 1360000
2025/08/05 10:14:26 AttenuationSystem update time: 711.507476ms
2025/08/05 10:14:26 Run 4 complete
2025/08/05 10:14:26 StationSystem update...
2025/08/05 10:14:26 weather update count: 800
2025/08/05 10:14:26 StationSystem update time: 3.067µs
2025/08/05 10:14:26 SatelliteSystem update...
2025/08/05 10:14:26 satellite count: 1700
2025/08/05 10:14:26 SatelliteSystem update time: 6.431929ms
2025/08/05 10:14:26 TopoSystem update...
2025/08/05 10:14:26 TopoSystem: Link count: 1360000
2025/08/05 10:14:26 TopoSystem update time: 19.35864ms
2025/08/05 10:14:26 AttenuationSystem update...
2025/08/05 10:14:26 AttenuationSystem parallel flag: 0
2025/08/05 10:14:27 Attenuation computed count: 1360000
2025/08/05 10:14:27 AttenuationSystem update time: 793.716056ms
2025/08/05 10:14:27 Run 5 complete
2025/08/05 10:14:27 StationSystem update...
2025/08/05 10:14:27 weather update count: 800
2025/08/05 10:14:27 StationSystem update time: 3.129µs
2025/08/05 10:14:27 SatelliteSystem update...
2025/08/05 10:14:27 satellite count: 1700
2025/08/05 10:14:27 SatelliteSystem update time: 4.840913ms
2025/08/05 10:14:27 TopoSystem update...
2025/08/05 10:14:27 TopoSystem: Link count: 1360000
2025/08/05 10:14:27 TopoSystem update time: 18.305292ms
2025/08/05 10:14:27 AttenuationSystem update...
2025/08/05 10:14:27 AttenuationSystem parallel flag: 0
2025/08/05 10:14:28 Attenuation computed count: 1360000
2025/08/05 10:14:28 AttenuationSystem update time: 808.111026ms
2025/08/05 10:14:28 Run 6 complete
2025/08/05 10:14:28 StationSystem update...
2025/08/05 10:14:28 weather update count: 800
2025/08/05 10:14:28 StationSystem update time: 3.601µs
2025/08/05 10:14:28 SatelliteSystem update...
2025/08/05 10:14:28 satellite count: 1700
2025/08/05 10:14:28 SatelliteSystem update time: 7.367199ms
2025/08/05 10:14:28 TopoSystem update...
2025/08/05 10:14:28 TopoSystem: Link count: 1360000
2025/08/05 10:14:28 TopoSystem update time: 20.029716ms
2025/08/05 10:14:28 AttenuationSystem update...
2025/08/05 10:14:28 AttenuationSystem parallel flag: 0
2025/08/05 10:14:29 Attenuation computed count: 1360000
2025/08/05 10:14:29 AttenuationSystem update time: 808.750707ms
2025/08/05 10:14:29 Run 7 complete
2025/08/05 10:14:29 StationSystem update...
2025/08/05 10:14:29 weather update count: 800
2025/08/05 10:14:29 StationSystem update time: 3.461µs
2025/08/05 10:14:29 SatelliteSystem update...
2025/08/05 10:14:29 satellite count: 1700
2025/08/05 10:14:29 SatelliteSystem update time: 6.422435ms
2025/08/05 10:14:29 TopoSystem update...
2025/08/05 10:14:29 TopoSystem: Link count: 1360000
2025/08/05 10:14:29 TopoSystem update time: 20.651255ms
2025/08/05 10:14:29 AttenuationSystem update...
2025/08/05 10:14:29 AttenuationSystem parallel flag: 0
2025/08/05 10:14:29 Attenuation computed count: 1360000
2025/08/05 10:14:29 AttenuationSystem update time: 706.765868ms
2025/08/05 10:14:29 Run 8 complete
2025/08/05 10:14:29 StationSystem update...
2025/08/05 10:14:29 weather update count: 800
2025/08/05 10:14:29 StationSystem update time: 4.021µs
2025/08/05 10:14:29 SatelliteSystem update...
2025/08/05 10:14:30 satellite count: 1700
2025/08/05 10:14:30 SatelliteSystem update time: 6.419858ms
2025/08/05 10:14:30 TopoSystem update...
2025/08/05 10:14:30 TopoSystem: Link count: 1360000
2025/08/05 10:14:30 TopoSystem update time: 18.196675ms
2025/08/05 10:14:30 AttenuationSystem update...
2025/08/05 10:14:30 AttenuationSystem parallel flag: 0
2025/08/05 10:14:30 Attenuation computed count: 1360000
2025/08/05 10:14:30 AttenuationSystem update time: 702.101341ms
2025/08/05 10:14:30 Run 9 complete
2025/08/05 10:14:30 StationSystem update...
2025/08/05 10:14:30 weather update count: 800
2025/08/05 10:14:30 StationSystem update time: 3.185µs
2025/08/05 10:14:30 SatelliteSystem update...
2025/08/05 10:14:30 satellite count: 1700
2025/08/05 10:14:30 SatelliteSystem update time: 4.775654ms
2025/08/05 10:14:30 TopoSystem update...
2025/08/05 10:14:30 TopoSystem: Link count: 1360000
2025/08/05 10:14:30 TopoSystem update time: 17.026496ms
2025/08/05 10:14:30 AttenuationSystem update...
2025/08/05 10:14:30 AttenuationSystem parallel flag: 0
2025/08/05 10:14:31 Attenuation computed count: 1360000
2025/08/05 10:14:31 AttenuationSystem update time: 799.755253ms
2025/08/05 10:14:31 Run 10 complete
2025/08/05 10:14:31 Total update time:  7.85103806s
2025/08/05 10:14:31 linkCache size: 40

 Performance counter stats for './scale_ecs 800 1700 10 2 4 0':

        28,023,593      cache-references                                                      
         6,728,358      cache-misses                     #   24.01% of all cache refs         

       7.860094196 seconds time elapsed

      27.722777000 seconds user
       0.078027000 seconds sys


