ECS running with 900 stations, 2000 satellites, 2 numWGs and 4 numBlocks for 10 rounds in 1 parallel pattern
2025/08/05 10:59:39 StationSystem update...
2025/08/05 10:59:39 weather update count: 900
2025/08/05 10:59:39 StationSystem update time: 5.061µs
2025/08/05 10:59:39 SatelliteSystem update...
2025/08/05 10:59:39 satellite count: 2000
2025/08/05 10:59:39 SatelliteSystem update time: 7.55199ms
2025/08/05 10:59:39 TopoSystem update...
2025/08/05 10:59:39 TopoSystem: Link count: 1800000
2025/08/05 10:59:39 TopoSystem update time: 55.735298ms
2025/08/05 10:59:39 AttenuationSystem update...
2025/08/05 10:59:39 AttenuationSystem parallel flag: 1
2025/08/05 10:59:41 Attenuation computed count: 1800000
2025/08/05 10:59:41 AttenuationSystem update time: 1.939538208s
2025/08/05 10:59:41 Run 1 complete
2025/08/05 10:59:41 StationSystem update...
2025/08/05 10:59:41 weather update count: 900
2025/08/05 10:59:41 StationSystem update time: 3.857µs
2025/08/05 10:59:41 SatelliteSystem update...
2025/08/05 10:59:41 satellite count: 2000
2025/08/05 10:59:41 SatelliteSystem update time: 5.612167ms
2025/08/05 10:59:41 TopoSystem update...
2025/08/05 10:59:41 TopoSystem: Link count: 1800000
2025/08/05 10:59:41 TopoSystem update time: 37.913779ms
2025/08/05 10:59:41 AttenuationSystem update...
2025/08/05 10:59:41 AttenuationSystem parallel flag: 1
2025/08/05 10:59:42 Attenuation computed count: 1800000
2025/08/05 10:59:42 AttenuationSystem update time: 1.713954394s
2025/08/05 10:59:42 Run 2 complete
2025/08/05 10:59:42 StationSystem update...
2025/08/05 10:59:42 weather update count: 900
2025/08/05 10:59:42 StationSystem update time: 2.923µs
2025/08/05 10:59:42 SatelliteSystem update...
2025/08/05 10:59:42 satellite count: 2000
2025/08/05 10:59:42 SatelliteSystem update time: 5.602008ms
2025/08/05 10:59:42 TopoSystem update...
2025/08/05 10:59:42 TopoSystem: Link count: 1800000
2025/08/05 10:59:42 TopoSystem update time: 21.315516ms
2025/08/05 10:59:42 AttenuationSystem update...
2025/08/05 10:59:42 AttenuationSystem parallel flag: 1
2025/08/05 10:59:44 Attenuation computed count: 1800000
2025/08/05 10:59:44 AttenuationSystem update time: 2.021891055s
2025/08/05 10:59:44 Run 3 complete
2025/08/05 10:59:44 StationSystem update...
2025/08/05 10:59:44 weather update count: 900
2025/08/05 10:59:44 StationSystem update time: 3.083µs
2025/08/05 10:59:44 SatelliteSystem update...
2025/08/05 10:59:44 satellite count: 2000
2025/08/05 10:59:44 SatelliteSystem update time: 7.561627ms
2025/08/05 10:59:44 TopoSystem update...
2025/08/05 10:59:44 TopoSystem: Link count: 1800000
2025/08/05 10:59:44 TopoSystem update time: 46.630155ms
2025/08/05 10:59:44 AttenuationSystem update...
2025/08/05 10:59:44 AttenuationSystem parallel flag: 1
2025/08/05 10:59:47 Attenuation computed count: 1800000
2025/08/05 10:59:47 AttenuationSystem update time: 2.091780313s
2025/08/05 10:59:47 Run 4 complete
2025/08/05 10:59:47 StationSystem update...
2025/08/05 10:59:47 weather update count: 900
2025/08/05 10:59:47 StationSystem update time: 3.837µs
2025/08/05 10:59:47 SatelliteSystem update...
2025/08/05 10:59:47 satellite count: 2000
2025/08/05 10:59:47 SatelliteSystem update time: 7.555554ms
2025/08/05 10:59:47 TopoSystem update...
2025/08/05 10:59:47 TopoSystem: Link count: 1800000
2025/08/05 10:59:47 TopoSystem update time: 46.406595ms
2025/08/05 10:59:47 AttenuationSystem update...
2025/08/05 10:59:47 AttenuationSystem parallel flag: 1
2025/08/05 10:59:48 Attenuation computed count: 1800000
2025/08/05 10:59:48 AttenuationSystem update time: 1.592051953s
2025/08/05 10:59:48 Run 5 complete
2025/08/05 10:59:48 StationSystem update...
2025/08/05 10:59:48 weather update count: 900
2025/08/05 10:59:48 StationSystem update time: 3.133µs
2025/08/05 10:59:48 SatelliteSystem update...
2025/08/05 10:59:48 satellite count: 2000
2025/08/05 10:59:48 SatelliteSystem update time: 5.608601ms
2025/08/05 10:59:48 TopoSystem update...
2025/08/05 10:59:48 TopoSystem: Link count: 1800000
2025/08/05 10:59:48 TopoSystem update time: 22.663528ms
2025/08/05 10:59:48 AttenuationSystem update...
2025/08/05 10:59:48 AttenuationSystem parallel flag: 1
2025/08/05 10:59:50 Attenuation computed count: 1800000
2025/08/05 10:59:50 AttenuationSystem update time: 1.926453248s
2025/08/05 10:59:50 Run 6 complete
2025/08/05 10:59:50 StationSystem update...
2025/08/05 10:59:50 weather update count: 900
2025/08/05 10:59:50 StationSystem update time: 3.92µs
2025/08/05 10:59:50 SatelliteSystem update...
2025/08/05 10:59:50 satellite count: 2000
2025/08/05 10:59:50 SatelliteSystem update time: 5.617365ms
2025/08/05 10:59:50 TopoSystem update...
2025/08/05 10:59:50 TopoSystem: Link count: 1800000
2025/08/05 10:59:50 TopoSystem update time: 21.43123ms
2025/08/05 10:59:50 AttenuationSystem update...
2025/08/05 10:59:50 AttenuationSystem parallel flag: 1
2025/08/05 10:59:52 Attenuation computed count: 1800000
2025/08/05 10:59:52 AttenuationSystem update time: 1.659567498s
2025/08/05 10:59:52 Run 7 complete
2025/08/05 10:59:52 StationSystem update...
2025/08/05 10:59:52 weather update count: 900
2025/08/05 10:59:52 StationSystem update time: 3.21µs
2025/08/05 10:59:52 SatelliteSystem update...
2025/08/05 10:59:52 satellite count: 2000
2025/08/05 10:59:52 SatelliteSystem update time: 5.623394ms
2025/08/05 10:59:52 TopoSystem update...
2025/08/05 10:59:52 TopoSystem: Link count: 1800000
2025/08/05 10:59:52 TopoSystem update time: 21.402385ms
2025/08/05 10:59:52 AttenuationSystem update...
2025/08/05 10:59:52 AttenuationSystem parallel flag: 1
2025/08/05 10:59:54 Attenuation computed count: 1800000
2025/08/05 10:59:54 AttenuationSystem update time: 1.679518977s
2025/08/05 10:59:54 Run 8 complete
2025/08/05 10:59:54 StationSystem update...
2025/08/05 10:59:54 weather update count: 900
2025/08/05 10:59:54 StationSystem update time: 3.225µs
2025/08/05 10:59:54 SatelliteSystem update...
2025/08/05 10:59:54 satellite count: 2000
2025/08/05 10:59:54 SatelliteSystem update time: 5.613396ms
2025/08/05 10:59:54 TopoSystem update...
2025/08/05 10:59:54 TopoSystem: Link count: 1800000
2025/08/05 10:59:54 TopoSystem update time: 21.477273ms
2025/08/05 10:59:54 AttenuationSystem update...
2025/08/05 10:59:54 AttenuationSystem parallel flag: 1
2025/08/05 10:59:56 Attenuation computed count: 1800000
2025/08/05 10:59:56 AttenuationSystem update time: 2.090323055s
2025/08/05 10:59:56 Run 9 complete
2025/08/05 10:59:56 StationSystem update...
2025/08/05 10:59:56 weather update count: 900
2025/08/05 10:59:56 StationSystem update time: 3.781µs
2025/08/05 10:59:56 SatelliteSystem update...
2025/08/05 10:59:56 satellite count: 2000
2025/08/05 10:59:56 SatelliteSystem update time: 10.344519ms
2025/08/05 10:59:56 TopoSystem update...
2025/08/05 10:59:56 TopoSystem: Link count: 1800000
2025/08/05 10:59:56 TopoSystem update time: 52.251473ms
2025/08/05 10:59:56 AttenuationSystem update...
2025/08/05 10:59:56 AttenuationSystem parallel flag: 1
2025/08/05 10:59:58 Attenuation computed count: 1800000
2025/08/05 10:59:58 AttenuationSystem update time: 2.081776068s
2025/08/05 10:59:58 Run 10 complete
2025/08/05 10:59:58 Total update time:  19.220730073s
2025/08/05 10:59:58 linkCache size: 40

 Performance counter stats for './scale_ecs 900 2000 10 2 4 1':

        37,600,656      cache-references                                                      
         9,599,800      cache-misses                     #   25.53% of all cache refs         

      19.236494788 seconds time elapsed

      35.713208000 seconds user
       0.149013000 seconds sys


