ECS running with 500 stations, 1400 satellites, 4 numWGs and 4 numBlocks for 10 rounds in 0 parallel pattern
2025/08/05 08:13:18 StationSystem update...
2025/08/05 08:13:18 weather update count: 500
2025/08/05 08:13:18 SatelliteSystem update...
2025/08/05 08:13:18 StationSystem update time: 4.601µs
2025/08/05 08:13:18 satellite count: 1400
2025/08/05 08:13:18 SatelliteSystem update time: 5.307376ms
2025/08/05 08:13:18 TopoSystem update...
2025/08/05 08:13:18 TopoSystem: Link count: 700000
2025/08/05 08:13:18 TopoSystem update time: 21.800763ms
2025/08/05 08:13:18 AttenuationSystem update...
2025/08/05 08:13:18 AttenuationSystem parallel flag: 0
2025/08/05 08:13:18 Attenuation computed count: 700000
2025/08/05 08:13:18 AttenuationSystem update time: 400.154199ms
2025/08/05 08:13:18 Run 1 complete
2025/08/05 08:13:18 StationSystem update...
2025/08/05 08:13:18 weather update count: 500
2025/08/05 08:13:18 StationSystem update time: 2.637µs
2025/08/05 08:13:18 SatelliteSystem update...
2025/08/05 08:13:18 satellite count: 1400
2025/08/05 08:13:18 SatelliteSystem update time: 5.297338ms
2025/08/05 08:13:18 TopoSystem update...
2025/08/05 08:13:18 TopoSystem: Link count: 700000
2025/08/05 08:13:18 TopoSystem update time: 18.470302ms
2025/08/05 08:13:18 AttenuationSystem update...
2025/08/05 08:13:18 AttenuationSystem parallel flag: 0
2025/08/05 08:13:19 Attenuation computed count: 700000
2025/08/05 08:13:19 AttenuationSystem update time: 398.943179ms
2025/08/05 08:13:19 Run 2 complete
2025/08/05 08:13:19 StationSystem update...
2025/08/05 08:13:19 weather update count: 500
2025/08/05 08:13:19 StationSystem update time: 2.634µs
2025/08/05 08:13:19 SatelliteSystem update...
2025/08/05 08:13:19 satellite count: 1400
2025/08/05 08:13:19 SatelliteSystem update time: 3.98146ms
2025/08/05 08:13:19 TopoSystem update...
2025/08/05 08:13:19 TopoSystem: Link count: 700000
2025/08/05 08:13:19 TopoSystem update time: 12.136259ms
2025/08/05 08:13:19 AttenuationSystem update...
2025/08/05 08:13:19 AttenuationSystem parallel flag: 0
2025/08/05 08:13:19 Attenuation computed count: 700000
2025/08/05 08:13:19 AttenuationSystem update time: 415.361402ms
2025/08/05 08:13:19 Run 3 complete
2025/08/05 08:13:19 StationSystem update...
2025/08/05 08:13:19 weather update count: 500
2025/08/05 08:13:19 StationSystem update time: 3.06µs
2025/08/05 08:13:19 SatelliteSystem update...
2025/08/05 08:13:19 satellite count: 1400
2025/08/05 08:13:19 SatelliteSystem update time: 5.306925ms
2025/08/05 08:13:19 TopoSystem update...
2025/08/05 08:13:19 TopoSystem: Link count: 700000
2025/08/05 08:13:19 TopoSystem update time: 10.557974ms
2025/08/05 08:13:19 AttenuationSystem update...
2025/08/05 08:13:19 AttenuationSystem parallel flag: 0
2025/08/05 08:13:20 Attenuation computed count: 700000
2025/08/05 08:13:20 AttenuationSystem update time: 391.414143ms
2025/08/05 08:13:20 Run 4 complete
2025/08/05 08:13:20 StationSystem update...
2025/08/05 08:13:20 weather update count: 500
2025/08/05 08:13:20 StationSystem update time: 2.966µs
2025/08/05 08:13:20 SatelliteSystem update...
2025/08/05 08:13:20 satellite count: 1400
2025/08/05 08:13:20 SatelliteSystem update time: 3.960795ms
2025/08/05 08:13:20 TopoSystem update...
2025/08/05 08:13:20 TopoSystem: Link count: 700000
2025/08/05 08:13:20 TopoSystem update time: 8.077038ms
2025/08/05 08:13:20 AttenuationSystem update...
2025/08/05 08:13:20 AttenuationSystem parallel flag: 0
2025/08/05 08:13:20 Attenuation computed count: 700000
2025/08/05 08:13:20 AttenuationSystem update time: 432.620865ms
2025/08/05 08:13:20 Run 5 complete
2025/08/05 08:13:20 StationSystem update...
2025/08/05 08:13:20 weather update count: 500
2025/08/05 08:13:20 StationSystem update time: 2.956µs
2025/08/05 08:13:20 SatelliteSystem update...
2025/08/05 08:13:20 satellite count: 1400
2025/08/05 08:13:20 SatelliteSystem update time: 3.943629ms
2025/08/05 08:13:20 TopoSystem update...
2025/08/05 08:13:20 TopoSystem: Link count: 700000
2025/08/05 08:13:20 TopoSystem update time: 9.157506ms
2025/08/05 08:13:20 AttenuationSystem update...
2025/08/05 08:13:20 AttenuationSystem parallel flag: 0
2025/08/05 08:13:20 Attenuation computed count: 700000
2025/08/05 08:13:20 AttenuationSystem update time: 398.862406ms
2025/08/05 08:13:20 Run 6 complete
2025/08/05 08:13:20 StationSystem update...
2025/08/05 08:13:20 weather update count: 500
2025/08/05 08:13:20 StationSystem update time: 2.897µs
2025/08/05 08:13:20 SatelliteSystem update...
2025/08/05 08:13:21 satellite count: 1400
2025/08/05 08:13:21 SatelliteSystem update time: 3.952062ms
2025/08/05 08:13:21 TopoSystem update...
2025/08/05 08:13:21 TopoSystem: Link count: 700000
2025/08/05 08:13:21 TopoSystem update time: 9.253251ms
2025/08/05 08:13:21 AttenuationSystem update...
2025/08/05 08:13:21 AttenuationSystem parallel flag: 0
2025/08/05 08:13:21 Attenuation computed count: 700000
2025/08/05 08:13:21 AttenuationSystem update time: 341.607167ms
2025/08/05 08:13:21 Run 7 complete
2025/08/05 08:13:21 StationSystem update...
2025/08/05 08:13:21 weather update count: 500
2025/08/05 08:13:21 StationSystem update time: 2.38µs
2025/08/05 08:13:21 SatelliteSystem update...
2025/08/05 08:13:21 satellite count: 1400
2025/08/05 08:13:21 SatelliteSystem update time: 5.314242ms
2025/08/05 08:13:21 TopoSystem update...
2025/08/05 08:13:21 TopoSystem: Link count: 700000
2025/08/05 08:13:21 TopoSystem update time: 9.180362ms
2025/08/05 08:13:21 AttenuationSystem update...
2025/08/05 08:13:21 AttenuationSystem parallel flag: 0
2025/08/05 08:13:21 Attenuation computed count: 700000
2025/08/05 08:13:21 AttenuationSystem update time: 432.779117ms
2025/08/05 08:13:21 Run 8 complete
2025/08/05 08:13:21 StationSystem update...
2025/08/05 08:13:21 weather update count: 500
2025/08/05 08:13:21 StationSystem update time: 2.633µs
2025/08/05 08:13:21 SatelliteSystem update...
2025/08/05 08:13:21 satellite count: 1400
2025/08/05 08:13:21 SatelliteSystem update time: 5.294409ms
2025/08/05 08:13:21 TopoSystem update...
2025/08/05 08:13:21 TopoSystem: Link count: 700000
2025/08/05 08:13:21 TopoSystem update time: 10.348375ms
2025/08/05 08:13:21 AttenuationSystem update...
2025/08/05 08:13:21 AttenuationSystem parallel flag: 0
2025/08/05 08:13:22 Attenuation computed count: 700000
2025/08/05 08:13:22 AttenuationSystem update time: 407.366467ms
2025/08/05 08:13:22 Run 9 complete
2025/08/05 08:13:22 StationSystem update...
2025/08/05 08:13:22 weather update count: 500
2025/08/05 08:13:22 StationSystem update time: 2.818µs
2025/08/05 08:13:22 SatelliteSystem update...
2025/08/05 08:13:22 satellite count: 1400
2025/08/05 08:13:22 SatelliteSystem update time: 5.297382ms
2025/08/05 08:13:22 TopoSystem update...
2025/08/05 08:13:22 TopoSystem: Link count: 700000
2025/08/05 08:13:22 TopoSystem update time: 10.606895ms
2025/08/05 08:13:22 AttenuationSystem update...
2025/08/05 08:13:22 AttenuationSystem parallel flag: 0
2025/08/05 08:13:22 Attenuation computed count: 700000
2025/08/05 08:13:22 AttenuationSystem update time: 352.713551ms
2025/08/05 08:13:22 Run 10 complete
2025/08/05 08:13:22 Total update time:  4.146753822s
2025/08/05 08:13:22 linkCache size: 40

 Performance counter stats for './scale_ecs 500 1400 10 4 4 0':

        15,046,122      cache-references                                                      
         2,774,694      cache-misses                     #   18.44% of all cache refs         

       4.156508164 seconds time elapsed

      14.975440000 seconds user
       0.044039000 seconds sys


