ECS running with 900 stations, 800 satellites, 2 numWGs and 4 numBlocks for 10 rounds in 0 parallel pattern
2025/08/05 10:29:41 StationSystem update...
2025/08/05 10:29:41 weather update count: 900
2025/08/05 10:29:41 StationSystem update time: 4.506µs
2025/08/05 10:29:41 SatelliteSystem update...
2025/08/05 10:29:41 satellite count: 800
2025/08/05 10:29:41 SatelliteSystem update time: 3.136017ms
2025/08/05 10:29:41 TopoSystem update...
2025/08/05 10:29:41 TopoSystem: Link count: 720000
2025/08/05 10:29:41 TopoSystem update time: 23.997442ms
2025/08/05 10:29:41 AttenuationSystem update...
2025/08/05 10:29:41 AttenuationSystem parallel flag: 0
2025/08/05 10:29:41 Attenuation computed count: 720000
2025/08/05 10:29:41 AttenuationSystem update time: 386.553271ms
2025/08/05 10:29:41 Run 1 complete
2025/08/05 10:29:41 StationSystem update...
2025/08/05 10:29:41 weather update count: 900
2025/08/05 10:29:41 StationSystem update time: 3.815µs
2025/08/05 10:29:41 SatelliteSystem update...
2025/08/05 10:29:41 satellite count: 800
2025/08/05 10:29:41 SatelliteSystem update time: 2.274628ms
2025/08/05 10:29:41 TopoSystem update...
2025/08/05 10:29:41 TopoSystem: Link count: 720000
2025/08/05 10:29:41 TopoSystem update time: 16.59025ms
2025/08/05 10:29:41 AttenuationSystem update...
2025/08/05 10:29:41 AttenuationSystem parallel flag: 0
2025/08/05 10:29:42 Attenuation computed count: 720000
2025/08/05 10:29:42 AttenuationSystem update time: 368.092471ms
2025/08/05 10:29:42 Run 2 complete
2025/08/05 10:29:42 StationSystem update...
2025/08/05 10:29:42 weather update count: 900
2025/08/05 10:29:42 StationSystem update time: 2.953µs
2025/08/05 10:29:42 SatelliteSystem update...
2025/08/05 10:29:42 satellite count: 800
2025/08/05 10:29:42 SatelliteSystem update time: 2.256369ms
2025/08/05 10:29:42 TopoSystem update...
2025/08/05 10:29:42 TopoSystem: Link count: 720000
2025/08/05 10:29:42 TopoSystem update time: 9.884057ms
2025/08/05 10:29:42 AttenuationSystem update...
2025/08/05 10:29:42 AttenuationSystem parallel flag: 0
2025/08/05 10:29:42 Attenuation computed count: 720000
2025/08/05 10:29:42 AttenuationSystem update time: 384.362462ms
2025/08/05 10:29:42 Run 3 complete
2025/08/05 10:29:42 StationSystem update...
2025/08/05 10:29:42 weather update count: 900
2025/08/05 10:29:42 StationSystem update time: 3.337µs
2025/08/05 10:29:42 SatelliteSystem update...
2025/08/05 10:29:42 satellite count: 800
2025/08/05 10:29:42 SatelliteSystem update time: 3.035526ms
2025/08/05 10:29:42 TopoSystem update...
2025/08/05 10:29:42 TopoSystem: Link count: 720000
2025/08/05 10:29:42 TopoSystem update time: 10.782604ms
2025/08/05 10:29:42 AttenuationSystem update...
2025/08/05 10:29:42 AttenuationSystem parallel flag: 0
2025/08/05 10:29:43 Attenuation computed count: 720000
2025/08/05 10:29:43 AttenuationSystem update time: 415.816262ms
2025/08/05 10:29:43 Run 4 complete
2025/08/05 10:29:43 StationSystem update...
2025/08/05 10:29:43 weather update count: 900
2025/08/05 10:29:43 StationSystem update time: 3.573µs
2025/08/05 10:29:43 SatelliteSystem update...
2025/08/05 10:29:43 satellite count: 800
2025/08/05 10:29:43 SatelliteSystem update time: 2.261918ms
2025/08/05 10:29:43 TopoSystem update...
2025/08/05 10:29:43 TopoSystem: Link count: 720000
2025/08/05 10:29:43 TopoSystem update time: 9.214278ms
2025/08/05 10:29:43 AttenuationSystem update...
2025/08/05 10:29:43 AttenuationSystem parallel flag: 0
2025/08/05 10:29:43 Attenuation computed count: 720000
2025/08/05 10:29:43 AttenuationSystem update time: 414.627889ms
2025/08/05 10:29:43 Run 5 complete
2025/08/05 10:29:43 StationSystem update...
2025/08/05 10:29:43 weather update count: 900
2025/08/05 10:29:43 StationSystem update time: 3.416µs
2025/08/05 10:29:43 SatelliteSystem update...
2025/08/05 10:29:43 satellite count: 800
2025/08/05 10:29:43 SatelliteSystem update time: 3.037019ms
2025/08/05 10:29:43 TopoSystem update...
2025/08/05 10:29:43 TopoSystem: Link count: 720000
2025/08/05 10:29:43 TopoSystem update time: 11.117979ms
2025/08/05 10:29:43 AttenuationSystem update...
2025/08/05 10:29:43 AttenuationSystem parallel flag: 0
2025/08/05 10:29:44 Attenuation computed count: 720000
2025/08/05 10:29:44 AttenuationSystem update time: 393.528648ms
2025/08/05 10:29:44 Run 6 complete
2025/08/05 10:29:44 StationSystem update...
2025/08/05 10:29:44 weather update count: 900
2025/08/05 10:29:44 StationSystem update time: 3.486µs
2025/08/05 10:29:44 SatelliteSystem update...
2025/08/05 10:29:44 satellite count: 800
2025/08/05 10:29:44 SatelliteSystem update time: 2.252798ms
2025/08/05 10:29:44 TopoSystem update...
2025/08/05 10:29:44 TopoSystem: Link count: 720000
2025/08/05 10:29:44 TopoSystem update time: 10.715216ms
2025/08/05 10:29:44 AttenuationSystem update...
2025/08/05 10:29:44 AttenuationSystem parallel flag: 0
2025/08/05 10:29:44 Attenuation computed count: 720000
2025/08/05 10:29:44 AttenuationSystem update time: 364.921375ms
2025/08/05 10:29:44 Run 7 complete
2025/08/05 10:29:44 StationSystem update...
2025/08/05 10:29:44 weather update count: 900
2025/08/05 10:29:44 StationSystem update time: 3.218µs
2025/08/05 10:29:44 SatelliteSystem update...
2025/08/05 10:29:44 satellite count: 800
2025/08/05 10:29:44 SatelliteSystem update time: 3.041016ms
2025/08/05 10:29:44 TopoSystem update...
2025/08/05 10:29:44 TopoSystem: Link count: 720000
2025/08/05 10:29:44 TopoSystem update time: 9.689006ms
2025/08/05 10:29:44 AttenuationSystem update...
2025/08/05 10:29:44 AttenuationSystem parallel flag: 0
2025/08/05 10:29:44 Attenuation computed count: 720000
2025/08/05 10:29:44 AttenuationSystem update time: 411.686006ms
2025/08/05 10:29:44 Run 8 complete
2025/08/05 10:29:44 StationSystem update...
2025/08/05 10:29:44 weather update count: 900
2025/08/05 10:29:44 StationSystem update time: 4.883µs
2025/08/05 10:29:44 SatelliteSystem update...
2025/08/05 10:29:44 satellite count: 800
2025/08/05 10:29:44 SatelliteSystem update time: 2.793487ms
2025/08/05 10:29:44 TopoSystem update...
2025/08/05 10:29:44 TopoSystem: Link count: 720000
2025/08/05 10:29:44 TopoSystem update time: 13.274943ms
2025/08/05 10:29:44 AttenuationSystem update...
2025/08/05 10:29:44 AttenuationSystem parallel flag: 0
2025/08/05 10:29:45 Attenuation computed count: 720000
2025/08/05 10:29:45 AttenuationSystem update time: 369.3669ms
2025/08/05 10:29:45 Run 9 complete
2025/08/05 10:29:45 StationSystem update...
2025/08/05 10:29:45 weather update count: 900
2025/08/05 10:29:45 StationSystem update time: 3.491µs
2025/08/05 10:29:45 SatelliteSystem update...
2025/08/05 10:29:45 satellite count: 800
2025/08/05 10:29:45 SatelliteSystem update time: 2.262963ms
2025/08/05 10:29:45 TopoSystem update...
2025/08/05 10:29:45 TopoSystem: Link count: 720000
2025/08/05 10:29:45 TopoSystem update time: 8.887699ms
2025/08/05 10:29:45 AttenuationSystem update...
2025/08/05 10:29:45 AttenuationSystem parallel flag: 0
2025/08/05 10:29:45 Attenuation computed count: 720000
2025/08/05 10:29:45 AttenuationSystem update time: 404.334019ms
2025/08/05 10:29:45 Run 10 complete
2025/08/05 10:29:45 Total update time:  4.067373561s
2025/08/05 10:29:45 linkCache size: 40

 Performance counter stats for './scale_ecs 900 800 10 2 4 0':

        15,363,815      cache-references                                                      
         2,743,224      cache-misses                     #   17.86% of all cache refs         

       4.073888376 seconds time elapsed

      14.281483000 seconds user
       0.052056000 seconds sys


