ECS running with 800 stations, 1700 satellites, 4 numWGs and 2 numBlocks for 10 rounds in 1 parallel pattern
2025/08/05 10:14:50 StationSystem update...
2025/08/05 10:14:50 weather update count: 800
2025/08/05 10:14:50 SatelliteSystem update...
2025/08/05 10:14:50 StationSystem update time: 5.305µs
2025/08/05 10:14:50 satellite count: 1700
2025/08/05 10:14:50 SatelliteSystem update time: 6.43533ms
2025/08/05 10:14:50 TopoSystem update...
2025/08/05 10:14:50 TopoSystem: Link count: 1360000
2025/08/05 10:14:50 TopoSystem update time: 32.197704ms
2025/08/05 10:14:50 AttenuationSystem update...
2025/08/05 10:14:50 AttenuationSystem parallel flag: 1
2025/08/05 10:14:51 Attenuation computed count: 1360000
2025/08/05 10:14:51 AttenuationSystem update time: 736.931093ms
2025/08/05 10:14:51 Run 1 complete
2025/08/05 10:14:51 StationSystem update...
2025/08/05 10:14:51 weather update count: 800
2025/08/05 10:14:51 StationSystem update time: 3.276µs
2025/08/05 10:14:51 SatelliteSystem update...
2025/08/05 10:14:51 satellite count: 1700
2025/08/05 10:14:51 SatelliteSystem update time: 6.771542ms
2025/08/05 10:14:51 TopoSystem update...
2025/08/05 10:14:51 TopoSystem: Link count: 1360000
2025/08/05 10:14:51 TopoSystem update time: 31.018197ms
2025/08/05 10:14:51 AttenuationSystem update...
2025/08/05 10:14:51 AttenuationSystem parallel flag: 1
2025/08/05 10:14:51 Attenuation computed count: 1360000
2025/08/05 10:14:51 AttenuationSystem update time: 622.549808ms
2025/08/05 10:14:51 Run 2 complete
2025/08/05 10:14:51 StationSystem update...
2025/08/05 10:14:51 weather update count: 800
2025/08/05 10:14:51 StationSystem update time: 3.089µs
2025/08/05 10:14:51 SatelliteSystem update...
2025/08/05 10:14:51 satellite count: 1700
2025/08/05 10:14:51 SatelliteSystem update time: 4.776194ms
2025/08/05 10:14:51 TopoSystem update...
2025/08/05 10:14:52 TopoSystem: Link count: 1360000
2025/08/05 10:14:52 TopoSystem update time: 20.260887ms
2025/08/05 10:14:52 AttenuationSystem update...
2025/08/05 10:14:52 AttenuationSystem parallel flag: 1
2025/08/05 10:14:52 Attenuation computed count: 1360000
2025/08/05 10:14:52 AttenuationSystem update time: 665.120524ms
2025/08/05 10:14:52 Run 3 complete
2025/08/05 10:14:52 StationSystem update...
2025/08/05 10:14:52 weather update count: 800
2025/08/05 10:14:52 StationSystem update time: 3.082µs
2025/08/05 10:14:52 SatelliteSystem update...
2025/08/05 10:14:52 satellite count: 1700
2025/08/05 10:14:52 SatelliteSystem update time: 4.770528ms
2025/08/05 10:14:52 TopoSystem update...
2025/08/05 10:14:52 TopoSystem: Link count: 1360000
2025/08/05 10:14:52 TopoSystem update time: 45.093593ms
2025/08/05 10:14:52 AttenuationSystem update...
2025/08/05 10:14:52 AttenuationSystem parallel flag: 1
2025/08/05 10:14:53 Attenuation computed count: 1360000
2025/08/05 10:14:53 AttenuationSystem update time: 691.366994ms
2025/08/05 10:14:53 Run 4 complete
2025/08/05 10:14:53 StationSystem update...
2025/08/05 10:14:53 weather update count: 800
2025/08/05 10:14:53 StationSystem update time: 3.082µs
2025/08/05 10:14:53 SatelliteSystem update...
2025/08/05 10:14:53 satellite count: 1700
2025/08/05 10:14:53 SatelliteSystem update time: 6.426012ms
2025/08/05 10:14:53 TopoSystem update...
2025/08/05 10:14:53 TopoSystem: Link count: 1360000
2025/08/05 10:14:53 TopoSystem update time: 45.865333ms
2025/08/05 10:14:53 AttenuationSystem update...
2025/08/05 10:14:53 AttenuationSystem parallel flag: 1
2025/08/05 10:14:54 Attenuation computed count: 1360000
2025/08/05 10:14:54 AttenuationSystem update time: 777.097457ms
2025/08/05 10:14:54 Run 5 complete
2025/08/05 10:14:54 StationSystem update...
2025/08/05 10:14:54 weather update count: 800
2025/08/05 10:14:54 StationSystem update time: 3.704µs
2025/08/05 10:14:54 SatelliteSystem update...
2025/08/05 10:14:54 satellite count: 1700
2025/08/05 10:14:54 SatelliteSystem update time: 6.667653ms
2025/08/05 10:14:54 TopoSystem update...
2025/08/05 10:14:54 TopoSystem: Link count: 1360000
2025/08/05 10:14:54 TopoSystem update time: 16.188426ms
2025/08/05 10:14:54 AttenuationSystem update...
2025/08/05 10:14:54 AttenuationSystem parallel flag: 1
2025/08/05 10:14:54 Attenuation computed count: 1360000
2025/08/05 10:14:54 AttenuationSystem update time: 622.365095ms
2025/08/05 10:14:54 Run 6 complete
2025/08/05 10:14:54 StationSystem update...
2025/08/05 10:14:54 weather update count: 800
2025/08/05 10:14:54 StationSystem update time: 4.58µs
2025/08/05 10:14:54 SatelliteSystem update...
2025/08/05 10:14:54 satellite count: 1700
2025/08/05 10:14:54 SatelliteSystem update time: 4.78296ms
2025/08/05 10:14:54 TopoSystem update...
2025/08/05 10:14:54 TopoSystem: Link count: 1360000
2025/08/05 10:14:54 TopoSystem update time: 15.961054ms
2025/08/05 10:14:54 AttenuationSystem update...
2025/08/05 10:14:54 AttenuationSystem parallel flag: 1
2025/08/05 10:14:55 Attenuation computed count: 1360000
2025/08/05 10:14:55 AttenuationSystem update time: 806.846203ms
2025/08/05 10:14:55 Run 7 complete
2025/08/05 10:14:55 StationSystem update...
2025/08/05 10:14:55 weather update count: 800
2025/08/05 10:14:55 StationSystem update time: 3.695µs
2025/08/05 10:14:55 SatelliteSystem update...
2025/08/05 10:14:55 satellite count: 1700
2025/08/05 10:14:55 SatelliteSystem update time: 5.026816ms
2025/08/05 10:14:55 TopoSystem update...
2025/08/05 10:14:55 TopoSystem: Link count: 1360000
2025/08/05 10:14:55 TopoSystem update time: 16.215063ms
2025/08/05 10:14:55 AttenuationSystem update...
2025/08/05 10:14:55 AttenuationSystem parallel flag: 1
2025/08/05 10:14:56 Attenuation computed count: 1360000
2025/08/05 10:14:56 AttenuationSystem update time: 700.632476ms
2025/08/05 10:14:56 Run 8 complete
2025/08/05 10:14:56 StationSystem update...
2025/08/05 10:14:56 weather update count: 800
2025/08/05 10:14:56 SatelliteSystem update...
2025/08/05 10:14:56 StationSystem update time: 3.247µs
2025/08/05 10:14:56 satellite count: 1700
2025/08/05 10:14:56 SatelliteSystem update time: 4.790898ms
2025/08/05 10:14:56 TopoSystem update...
2025/08/05 10:14:56 TopoSystem: Link count: 1360000
2025/08/05 10:14:56 TopoSystem update time: 15.889659ms
2025/08/05 10:14:56 AttenuationSystem update...
2025/08/05 10:14:56 AttenuationSystem parallel flag: 1
2025/08/05 10:14:57 Attenuation computed count: 1360000
2025/08/05 10:14:57 AttenuationSystem update time: 794.961531ms
2025/08/05 10:14:57 Run 9 complete
2025/08/05 10:14:57 StationSystem update...
2025/08/05 10:14:57 weather update count: 800
2025/08/05 10:14:57 StationSystem update time: 3.712µs
2025/08/05 10:14:57 SatelliteSystem update...
2025/08/05 10:14:57 satellite count: 1700
2025/08/05 10:14:57 SatelliteSystem update time: 5.110633ms
2025/08/05 10:14:57 TopoSystem update...
2025/08/05 10:14:57 TopoSystem: Link count: 1360000
2025/08/05 10:14:57 TopoSystem update time: 17.071409ms
2025/08/05 10:14:57 AttenuationSystem update...
2025/08/05 10:14:57 AttenuationSystem parallel flag: 1
2025/08/05 10:14:58 Attenuation computed count: 1360000
2025/08/05 10:14:58 AttenuationSystem update time: 779.203456ms
2025/08/05 10:14:58 Run 10 complete
2025/08/05 10:14:58 Total update time:  7.516922807s
2025/08/05 10:14:58 linkCache size: 40

 Performance counter stats for './scale_ecs 800 1700 10 4 2 1':

        28,351,803      cache-references                                                      
         6,812,408      cache-misses                     #   24.03% of all cache refs         

       7.524588690 seconds time elapsed

      26.185422000 seconds user
       0.093933000 seconds sys


