ECS running with 700 stations, 700 satellites, 8 numWGs and 4 numBlocks for 10 rounds in 0 parallel pattern
2025/08/05 08:55:49 StationSystem update...
2025/08/05 08:55:49 weather update count: 700
2025/08/05 08:55:49 StationSystem update time: 4.499µs
2025/08/05 08:55:49 SatelliteSystem update...
2025/08/05 08:55:49 satellite count: 700
2025/08/05 08:55:49 SatelliteSystem update time: 2.679009ms
2025/08/05 08:55:49 TopoSystem update...
2025/08/05 08:55:49 TopoSystem: Link count: 490000
2025/08/05 08:55:49 TopoSystem update time: 17.125027ms
2025/08/05 08:55:49 AttenuationSystem update...
2025/08/05 08:55:49 AttenuationSystem parallel flag: 0
2025/08/05 08:55:49 Attenuation computed count: 490000
2025/08/05 08:55:49 AttenuationSystem update time: 279.251096ms
2025/08/05 08:55:49 Run 1 complete
2025/08/05 08:55:49 StationSystem update...
2025/08/05 08:55:49 weather update count: 700
2025/08/05 08:55:49 StationSystem update time: 3.115µs
2025/08/05 08:55:49 SatelliteSystem update...
2025/08/05 08:55:49 satellite count: 700
2025/08/05 08:55:49 SatelliteSystem update time: 2.663289ms
2025/08/05 08:55:49 TopoSystem update...
2025/08/05 08:55:49 TopoSystem: Link count: 490000
2025/08/05 08:55:49 TopoSystem update time: 13.438819ms
2025/08/05 08:55:49 AttenuationSystem update...
2025/08/05 08:55:49 AttenuationSystem parallel flag: 0
2025/08/05 08:55:50 Attenuation computed count: 490000
2025/08/05 08:55:50 AttenuationSystem update time: 278.930925ms
2025/08/05 08:55:50 Run 2 complete
2025/08/05 08:55:50 StationSystem update...
2025/08/05 08:55:50 weather update count: 700
2025/08/05 08:55:50 StationSystem update time: 3.014µs
2025/08/05 08:55:50 SatelliteSystem update...
2025/08/05 08:55:50 satellite count: 700
2025/08/05 08:55:50 SatelliteSystem update time: 1.993363ms
2025/08/05 08:55:50 TopoSystem update...
2025/08/05 08:55:50 TopoSystem: Link count: 490000
2025/08/05 08:55:50 TopoSystem update time: 10.213217ms
2025/08/05 08:55:50 AttenuationSystem update...
2025/08/05 08:55:50 AttenuationSystem parallel flag: 0
2025/08/05 08:55:50 Attenuation computed count: 490000
2025/08/05 08:55:50 AttenuationSystem update time: 284.195306ms
2025/08/05 08:55:50 Run 3 complete
2025/08/05 08:55:50 StationSystem update...
2025/08/05 08:55:50 weather update count: 700
2025/08/05 08:55:50 StationSystem update time: 3.144µs
2025/08/05 08:55:50 SatelliteSystem update...
2025/08/05 08:55:50 satellite count: 700
2025/08/05 08:55:50 SatelliteSystem update time: 2.660414ms
2025/08/05 08:55:50 TopoSystem update...
2025/08/05 08:55:50 TopoSystem: Link count: 490000
2025/08/05 08:55:50 TopoSystem update time: 7.555283ms
2025/08/05 08:55:50 AttenuationSystem update...
2025/08/05 08:55:50 AttenuationSystem parallel flag: 0
2025/08/05 08:55:50 Attenuation computed count: 490000
2025/08/05 08:55:50 AttenuationSystem update time: 312.839207ms
2025/08/05 08:55:50 Run 4 complete
2025/08/05 08:55:50 StationSystem update...
2025/08/05 08:55:50 weather update count: 700
2025/08/05 08:55:50 StationSystem update time: 2.985µs
2025/08/05 08:55:50 SatelliteSystem update...
2025/08/05 08:55:50 satellite count: 700
2025/08/05 08:55:50 SatelliteSystem update time: 2.652409ms
2025/08/05 08:55:50 TopoSystem update...
2025/08/05 08:55:50 TopoSystem: Link count: 490000
2025/08/05 08:55:50 TopoSystem update time: 7.56026ms
2025/08/05 08:55:50 AttenuationSystem update...
2025/08/05 08:55:50 AttenuationSystem parallel flag: 0
2025/08/05 08:55:51 Attenuation computed count: 490000
2025/08/05 08:55:51 AttenuationSystem update time: 293.497653ms
2025/08/05 08:55:51 Run 5 complete
2025/08/05 08:55:51 StationSystem update...
2025/08/05 08:55:51 weather update count: 700
2025/08/05 08:55:51 StationSystem update time: 2.675µs
2025/08/05 08:55:51 SatelliteSystem update...
2025/08/05 08:55:51 satellite count: 700
2025/08/05 08:55:51 SatelliteSystem update time: 2.655585ms
2025/08/05 08:55:51 TopoSystem update...
2025/08/05 08:55:51 TopoSystem: Link count: 490000
2025/08/05 08:55:51 TopoSystem update time: 7.498409ms
2025/08/05 08:55:51 AttenuationSystem update...
2025/08/05 08:55:51 AttenuationSystem parallel flag: 0
2025/08/05 08:55:51 Attenuation computed count: 490000
2025/08/05 08:55:51 AttenuationSystem update time: 279.224684ms
2025/08/05 08:55:51 Run 6 complete
2025/08/05 08:55:51 StationSystem update...
2025/08/05 08:55:51 weather update count: 700
2025/08/05 08:55:51 StationSystem update time: 3.019µs
2025/08/05 08:55:51 SatelliteSystem update...
2025/08/05 08:55:51 satellite count: 700
2025/08/05 08:55:51 SatelliteSystem update time: 1.970873ms
2025/08/05 08:55:51 TopoSystem update...
2025/08/05 08:55:51 TopoSystem: Link count: 490000
2025/08/05 08:55:51 TopoSystem update time: 6.879336ms
2025/08/05 08:55:51 AttenuationSystem update...
2025/08/05 08:55:51 AttenuationSystem parallel flag: 0
2025/08/05 08:55:51 Attenuation computed count: 490000
2025/08/05 08:55:51 AttenuationSystem update time: 291.402696ms
2025/08/05 08:55:51 Run 7 complete
2025/08/05 08:55:51 StationSystem update...
2025/08/05 08:55:51 weather update count: 700
2025/08/05 08:55:51 StationSystem update time: 2.933µs
2025/08/05 08:55:51 SatelliteSystem update...
2025/08/05 08:55:51 satellite count: 700
2025/08/05 08:55:51 SatelliteSystem update time: 1.977886ms
2025/08/05 08:55:51 TopoSystem update...
2025/08/05 08:55:51 TopoSystem: Link count: 490000
2025/08/05 08:55:51 TopoSystem update time: 5.566264ms
2025/08/05 08:55:51 AttenuationSystem update...
2025/08/05 08:55:51 AttenuationSystem parallel flag: 0
2025/08/05 08:55:52 Attenuation computed count: 490000
2025/08/05 08:55:52 AttenuationSystem update time: 313.220925ms
2025/08/05 08:55:52 Run 8 complete
2025/08/05 08:55:52 StationSystem update...
2025/08/05 08:55:52 weather update count: 700
2025/08/05 08:55:52 StationSystem update time: 3.397µs
2025/08/05 08:55:52 SatelliteSystem update...
2025/08/05 08:55:52 satellite count: 700
2025/08/05 08:55:52 SatelliteSystem update time: 2.661263ms
2025/08/05 08:55:52 TopoSystem update...
2025/08/05 08:55:52 TopoSystem: Link count: 490000
2025/08/05 08:55:52 TopoSystem update time: 8.498676ms
2025/08/05 08:55:52 AttenuationSystem update...
2025/08/05 08:55:52 AttenuationSystem parallel flag: 0
2025/08/05 08:55:52 Attenuation computed count: 490000
2025/08/05 08:55:52 AttenuationSystem update time: 287.341824ms
2025/08/05 08:55:52 Run 9 complete
2025/08/05 08:55:52 StationSystem update...
2025/08/05 08:55:52 weather update count: 700
2025/08/05 08:55:52 StationSystem update time: 3.418µs
2025/08/05 08:55:52 SatelliteSystem update...
2025/08/05 08:55:52 satellite count: 700
2025/08/05 08:55:52 SatelliteSystem update time: 2.664062ms
2025/08/05 08:55:52 TopoSystem update...
2025/08/05 08:55:52 TopoSystem: Link count: 490000
2025/08/05 08:55:52 TopoSystem update time: 7.212413ms
2025/08/05 08:55:52 AttenuationSystem update...
2025/08/05 08:55:52 AttenuationSystem parallel flag: 0
2025/08/05 08:55:52 Attenuation computed count: 490000
2025/08/05 08:55:52 AttenuationSystem update time: 302.10806ms
2025/08/05 08:55:52 Run 10 complete
2025/08/05 08:55:52 Total update time:  3.041600861s
2025/08/05 08:55:52 linkCache size: 40

 Performance counter stats for './scale_ecs 700 700 10 8 4 0':

        10,664,347      cache-references                                                      
         1,608,598      cache-misses                     #   15.08% of all cache refs         

       3.046897683 seconds time elapsed

      10.730880000 seconds user
       0.033027000 seconds sys


