ECS running with 600 stations, 1400 satellites, 4 numWGs and 4 numBlocks for 10 rounds in 0 parallel pattern
2025/08/05 08:38:26 StationSystem update...
2025/08/05 08:38:26 SatelliteSystem update...
2025/08/05 08:38:26 weather update count: 600
2025/08/05 08:38:26 StationSystem update time: 6.943µs
2025/08/05 08:38:26 satellite count: 1400
2025/08/05 08:38:26 SatelliteSystem update time: 5.317303ms
2025/08/05 08:38:26 TopoSystem update...
2025/08/05 08:38:26 TopoSystem: Link count: 840000
2025/08/05 08:38:26 TopoSystem update time: 25.985984ms
2025/08/05 08:38:26 AttenuationSystem update...
2025/08/05 08:38:26 AttenuationSystem parallel flag: 0
2025/08/05 08:38:27 Attenuation computed count: 840000
2025/08/05 08:38:27 AttenuationSystem update time: 478.622936ms
2025/08/05 08:38:27 Run 1 complete
2025/08/05 08:38:27 StationSystem update...
2025/08/05 08:38:27 weather update count: 600
2025/08/05 08:38:27 StationSystem update time: 3.181µs
2025/08/05 08:38:27 SatelliteSystem update...
2025/08/05 08:38:27 satellite count: 1400
2025/08/05 08:38:27 SatelliteSystem update time: 3.934244ms
2025/08/05 08:38:27 TopoSystem update...
2025/08/05 08:38:27 TopoSystem: Link count: 840000
2025/08/05 08:38:27 TopoSystem update time: 19.667281ms
2025/08/05 08:38:27 AttenuationSystem update...
2025/08/05 08:38:27 AttenuationSystem parallel flag: 0
2025/08/05 08:38:27 Attenuation computed count: 840000
2025/08/05 08:38:27 AttenuationSystem update time: 478.312322ms
2025/08/05 08:38:27 Run 2 complete
2025/08/05 08:38:27 StationSystem update...
2025/08/05 08:38:27 weather update count: 600
2025/08/05 08:38:27 StationSystem update time: 3.052µs
2025/08/05 08:38:27 SatelliteSystem update...
2025/08/05 08:38:27 satellite count: 1400
2025/08/05 08:38:27 SatelliteSystem update time: 3.9343ms
2025/08/05 08:38:27 TopoSystem update...
2025/08/05 08:38:27 TopoSystem: Link count: 840000
2025/08/05 08:38:27 TopoSystem update time: 11.408601ms
2025/08/05 08:38:27 AttenuationSystem update...
2025/08/05 08:38:27 AttenuationSystem parallel flag: 0
2025/08/05 08:38:28 Attenuation computed count: 840000
2025/08/05 08:38:28 AttenuationSystem update time: 419.656935ms
2025/08/05 08:38:28 Run 3 complete
2025/08/05 08:38:28 StationSystem update...
2025/08/05 08:38:28 weather update count: 600
2025/08/05 08:38:28 StationSystem update time: 2.549µs
2025/08/05 08:38:28 SatelliteSystem update...
2025/08/05 08:38:28 satellite count: 1400
2025/08/05 08:38:28 SatelliteSystem update time: 5.292374ms
2025/08/05 08:38:28 TopoSystem update...
2025/08/05 08:38:28 TopoSystem: Link count: 840000
2025/08/05 08:38:28 TopoSystem update time: 12.668666ms
2025/08/05 08:38:28 AttenuationSystem update...
2025/08/05 08:38:28 AttenuationSystem parallel flag: 0
2025/08/05 08:38:28 Attenuation computed count: 840000
2025/08/05 08:38:28 AttenuationSystem update time: 458.635808ms
2025/08/05 08:38:28 Run 4 complete
2025/08/05 08:38:28 StationSystem update...
2025/08/05 08:38:28 weather update count: 600
2025/08/05 08:38:28 StationSystem update time: 2.94µs
2025/08/05 08:38:28 SatelliteSystem update...
2025/08/05 08:38:28 satellite count: 1400
2025/08/05 08:38:28 SatelliteSystem update time: 5.291887ms
2025/08/05 08:38:28 TopoSystem update...
2025/08/05 08:38:28 TopoSystem: Link count: 840000
2025/08/05 08:38:28 TopoSystem update time: 12.212039ms
2025/08/05 08:38:28 AttenuationSystem update...
2025/08/05 08:38:28 AttenuationSystem parallel flag: 0
2025/08/05 08:38:29 Attenuation computed count: 840000
2025/08/05 08:38:29 AttenuationSystem update time: 478.689148ms
2025/08/05 08:38:29 Run 5 complete
2025/08/05 08:38:29 StationSystem update...
2025/08/05 08:38:29 weather update count: 600
2025/08/05 08:38:29 StationSystem update time: 3.227µs
2025/08/05 08:38:29 SatelliteSystem update...
2025/08/05 08:38:29 satellite count: 1400
2025/08/05 08:38:29 SatelliteSystem update time: 5.301337ms
2025/08/05 08:38:29 TopoSystem update...
2025/08/05 08:38:29 TopoSystem: Link count: 840000
2025/08/05 08:38:29 TopoSystem update time: 12.387914ms
2025/08/05 08:38:29 AttenuationSystem update...
2025/08/05 08:38:29 AttenuationSystem parallel flag: 0
2025/08/05 08:38:29 Attenuation computed count: 840000
2025/08/05 08:38:29 AttenuationSystem update time: 478.485188ms
2025/08/05 08:38:29 Run 6 complete
2025/08/05 08:38:29 StationSystem update...
2025/08/05 08:38:29 weather update count: 600
2025/08/05 08:38:29 StationSystem update time: 2.965µs
2025/08/05 08:38:29 SatelliteSystem update...
2025/08/05 08:38:29 satellite count: 1400
2025/08/05 08:38:29 SatelliteSystem update time: 5.295906ms
2025/08/05 08:38:29 TopoSystem update...
2025/08/05 08:38:29 TopoSystem: Link count: 840000
2025/08/05 08:38:29 TopoSystem update time: 12.528139ms
2025/08/05 08:38:29 AttenuationSystem update...
2025/08/05 08:38:29 AttenuationSystem parallel flag: 0
2025/08/05 08:38:30 Attenuation computed count: 840000
2025/08/05 08:38:30 AttenuationSystem update time: 422.874485ms
2025/08/05 08:38:30 Run 7 complete
2025/08/05 08:38:30 StationSystem update...
2025/08/05 08:38:30 weather update count: 600
2025/08/05 08:38:30 StationSystem update time: 2.67µs
2025/08/05 08:38:30 SatelliteSystem update...
2025/08/05 08:38:30 satellite count: 1400
2025/08/05 08:38:30 SatelliteSystem update time: 5.306948ms
2025/08/05 08:38:30 TopoSystem update...
2025/08/05 08:38:30 TopoSystem: Link count: 840000
2025/08/05 08:38:30 TopoSystem update time: 20.514416ms
2025/08/05 08:38:30 AttenuationSystem update...
2025/08/05 08:38:30 AttenuationSystem parallel flag: 0
2025/08/05 08:38:30 Attenuation computed count: 840000
2025/08/05 08:38:30 AttenuationSystem update time: 504.318059ms
2025/08/05 08:38:30 Run 8 complete
2025/08/05 08:38:30 StationSystem update...
2025/08/05 08:38:30 weather update count: 600
2025/08/05 08:38:30 StationSystem update time: 3.052µs
2025/08/05 08:38:30 SatelliteSystem update...
2025/08/05 08:38:30 satellite count: 1400
2025/08/05 08:38:30 SatelliteSystem update time: 6.177694ms
2025/08/05 08:38:30 TopoSystem update...
2025/08/05 08:38:30 TopoSystem: Link count: 840000
2025/08/05 08:38:30 TopoSystem update time: 21.245666ms
2025/08/05 08:38:30 AttenuationSystem update...
2025/08/05 08:38:30 AttenuationSystem parallel flag: 0
2025/08/05 08:38:31 Attenuation computed count: 840000
2025/08/05 08:38:31 AttenuationSystem update time: 491.005332ms
2025/08/05 08:38:31 Run 9 complete
2025/08/05 08:38:31 StationSystem update...
2025/08/05 08:38:31 weather update count: 600
2025/08/05 08:38:31 StationSystem update time: 3.007µs
2025/08/05 08:38:31 SatelliteSystem update...
2025/08/05 08:38:31 satellite count: 1400
2025/08/05 08:38:31 SatelliteSystem update time: 3.94067ms
2025/08/05 08:38:31 TopoSystem update...
2025/08/05 08:38:31 TopoSystem: Link count: 840000
2025/08/05 08:38:31 TopoSystem update time: 11.008124ms
2025/08/05 08:38:31 AttenuationSystem update...
2025/08/05 08:38:31 AttenuationSystem parallel flag: 0
2025/08/05 08:38:31 Attenuation computed count: 840000
2025/08/05 08:38:31 AttenuationSystem update time: 479.158352ms
2025/08/05 08:38:31 Run 10 complete
2025/08/05 08:38:31 Total update time:  4.906963046s
2025/08/05 08:38:31 linkCache size: 40

 Performance counter stats for './scale_ecs 600 1400 10 4 4 0':

        17,744,842      cache-references                                                      
         3,508,955      cache-misses                     #   19.77% of all cache refs         

       4.912963584 seconds time elapsed

      17.461249000 seconds user
       0.062997000 seconds sys


