ECS running with 600 stations, 600 satellites, 8 numWGs and 4 numBlocks for 10 rounds in 1 parallel pattern
2025/08/05 08:27:17 StationSystem update...
2025/08/05 08:27:17 weather update count: 600
2025/08/05 08:27:17 StationSystem update time: 3.524µs
2025/08/05 08:27:17 SatelliteSystem update...
2025/08/05 08:27:17 satellite count: 600
2025/08/05 08:27:17 SatelliteSystem update time: 2.290631ms
2025/08/05 08:27:17 TopoSystem update...
2025/08/05 08:27:17 TopoSystem: Link count: 360000
2025/08/05 08:27:17 TopoSystem update time: 12.787114ms
2025/08/05 08:27:17 AttenuationSystem update...
2025/08/05 08:27:17 AttenuationSystem parallel flag: 1
2025/08/05 08:27:17 Attenuation computed count: 360000
2025/08/05 08:27:17 AttenuationSystem update time: 103.307817ms
2025/08/05 08:27:17 Run 1 complete
2025/08/05 08:27:17 StationSystem update...
2025/08/05 08:27:17 weather update count: 600
2025/08/05 08:27:17 StationSystem update time: 2.716µs
2025/08/05 08:27:17 SatelliteSystem update...
2025/08/05 08:27:17 satellite count: 600
2025/08/05 08:27:17 SatelliteSystem update time: 2.28907ms
2025/08/05 08:27:17 TopoSystem update...
2025/08/05 08:27:17 TopoSystem: Link count: 360000
2025/08/05 08:27:17 TopoSystem update time: 9.698434ms
2025/08/05 08:27:17 AttenuationSystem update...
2025/08/05 08:27:17 AttenuationSystem parallel flag: 1
2025/08/05 08:27:17 Attenuation computed count: 360000
2025/08/05 08:27:17 AttenuationSystem update time: 110.865013ms
2025/08/05 08:27:17 Run 2 complete
2025/08/05 08:27:17 StationSystem update...
2025/08/05 08:27:17 weather update count: 600
2025/08/05 08:27:17 StationSystem update time: 2.69µs
2025/08/05 08:27:17 SatelliteSystem update...
2025/08/05 08:27:17 satellite count: 600
2025/08/05 08:27:17 SatelliteSystem update time: 2.288776ms
2025/08/05 08:27:17 TopoSystem update...
2025/08/05 08:27:17 TopoSystem: Link count: 360000
2025/08/05 08:27:17 TopoSystem update time: 5.600655ms
2025/08/05 08:27:17 AttenuationSystem update...
2025/08/05 08:27:17 AttenuationSystem parallel flag: 1
2025/08/05 08:27:17 Attenuation computed count: 360000
2025/08/05 08:27:17 AttenuationSystem update time: 102.839552ms
2025/08/05 08:27:17 Run 3 complete
2025/08/05 08:27:17 StationSystem update...
2025/08/05 08:27:17 weather update count: 600
2025/08/05 08:27:17 StationSystem update time: 2.638µs
2025/08/05 08:27:17 SatelliteSystem update...
2025/08/05 08:27:17 satellite count: 600
2025/08/05 08:27:17 SatelliteSystem update time: 2.287499ms
2025/08/05 08:27:17 TopoSystem update...
2025/08/05 08:27:17 TopoSystem: Link count: 360000
2025/08/05 08:27:17 TopoSystem update time: 5.382614ms
2025/08/05 08:27:17 AttenuationSystem update...
2025/08/05 08:27:17 AttenuationSystem parallel flag: 1
2025/08/05 08:27:17 Attenuation computed count: 360000
2025/08/05 08:27:17 AttenuationSystem update time: 103.29028ms
2025/08/05 08:27:17 Run 4 complete
2025/08/05 08:27:17 StationSystem update...
2025/08/05 08:27:17 weather update count: 600
2025/08/05 08:27:17 StationSystem update time: 2.733µs
2025/08/05 08:27:17 SatelliteSystem update...
2025/08/05 08:27:17 satellite count: 600
2025/08/05 08:27:17 SatelliteSystem update time: 2.274794ms
2025/08/05 08:27:17 TopoSystem update...
2025/08/05 08:27:17 TopoSystem: Link count: 360000
2025/08/05 08:27:17 TopoSystem update time: 5.528895ms
2025/08/05 08:27:17 AttenuationSystem update...
2025/08/05 08:27:17 AttenuationSystem parallel flag: 1
2025/08/05 08:27:17 Attenuation computed count: 360000
2025/08/05 08:27:17 AttenuationSystem update time: 137.005327ms
2025/08/05 08:27:17 Run 5 complete
2025/08/05 08:27:17 StationSystem update...
2025/08/05 08:27:17 weather update count: 600
2025/08/05 08:27:17 StationSystem update time: 2.682µs
2025/08/05 08:27:17 SatelliteSystem update...
2025/08/05 08:27:17 satellite count: 600
2025/08/05 08:27:17 SatelliteSystem update time: 2.291515ms
2025/08/05 08:27:17 TopoSystem update...
2025/08/05 08:27:17 TopoSystem: Link count: 360000
2025/08/05 08:27:17 TopoSystem update time: 5.621834ms
2025/08/05 08:27:17 AttenuationSystem update...
2025/08/05 08:27:17 AttenuationSystem parallel flag: 1
2025/08/05 08:27:17 Attenuation computed count: 360000
2025/08/05 08:27:17 AttenuationSystem update time: 138.618415ms
2025/08/05 08:27:17 Run 6 complete
2025/08/05 08:27:17 StationSystem update...
2025/08/05 08:27:17 weather update count: 600
2025/08/05 08:27:17 StationSystem update time: 2.62µs
2025/08/05 08:27:17 SatelliteSystem update...
2025/08/05 08:27:17 satellite count: 600
2025/08/05 08:27:17 SatelliteSystem update time: 2.288912ms
2025/08/05 08:27:17 TopoSystem update...
2025/08/05 08:27:17 TopoSystem: Link count: 360000
2025/08/05 08:27:17 TopoSystem update time: 6.397077ms
2025/08/05 08:27:17 AttenuationSystem update...
2025/08/05 08:27:17 AttenuationSystem parallel flag: 1
2025/08/05 08:27:18 Attenuation computed count: 360000
2025/08/05 08:27:18 AttenuationSystem update time: 143.82044ms
2025/08/05 08:27:18 Run 7 complete
2025/08/05 08:27:18 StationSystem update...
2025/08/05 08:27:18 weather update count: 600
2025/08/05 08:27:18 StationSystem update time: 2.731µs
2025/08/05 08:27:18 SatelliteSystem update...
2025/08/05 08:27:18 satellite count: 600
2025/08/05 08:27:18 SatelliteSystem update time: 2.271132ms
2025/08/05 08:27:18 TopoSystem update...
2025/08/05 08:27:18 TopoSystem: Link count: 360000
2025/08/05 08:27:18 TopoSystem update time: 6.009314ms
2025/08/05 08:27:18 AttenuationSystem update...
2025/08/05 08:27:18 AttenuationSystem parallel flag: 1
2025/08/05 08:27:18 Attenuation computed count: 360000
2025/08/05 08:27:18 AttenuationSystem update time: 142.864008ms
2025/08/05 08:27:18 Run 8 complete
2025/08/05 08:27:18 StationSystem update...
2025/08/05 08:27:18 weather update count: 600
2025/08/05 08:27:18 StationSystem update time: 2.779µs
2025/08/05 08:27:18 SatelliteSystem update...
2025/08/05 08:27:18 satellite count: 600
2025/08/05 08:27:18 SatelliteSystem update time: 2.281716ms
2025/08/05 08:27:18 TopoSystem update...
2025/08/05 08:27:18 TopoSystem: Link count: 360000
2025/08/05 08:27:18 TopoSystem update time: 5.496407ms
2025/08/05 08:27:18 AttenuationSystem update...
2025/08/05 08:27:18 AttenuationSystem parallel flag: 1
2025/08/05 08:27:18 Attenuation computed count: 360000
2025/08/05 08:27:18 AttenuationSystem update time: 147.463264ms
2025/08/05 08:27:18 Run 9 complete
2025/08/05 08:27:18 StationSystem update...
2025/08/05 08:27:18 weather update count: 600
2025/08/05 08:27:18 StationSystem update time: 2.943µs
2025/08/05 08:27:18 SatelliteSystem update...
2025/08/05 08:27:18 satellite count: 600
2025/08/05 08:27:18 SatelliteSystem update time: 2.287493ms
2025/08/05 08:27:18 TopoSystem update...
2025/08/05 08:27:18 TopoSystem: Link count: 360000
2025/08/05 08:27:18 TopoSystem update time: 6.983497ms
2025/08/05 08:27:18 AttenuationSystem update...
2025/08/05 08:27:18 AttenuationSystem parallel flag: 1
2025/08/05 08:27:18 Attenuation computed count: 360000
2025/08/05 08:27:18 AttenuationSystem update time: 125.142786ms
2025/08/05 08:27:18 Run 10 complete
2025/08/05 08:27:18 Total update time:  1.349944819s
2025/08/05 08:27:18 linkCache size: 40

 Performance counter stats for './scale_ecs 600 600 10 8 4 1':

         8,332,995      cache-references                                                      
           662,664      cache-misses                     #    7.95% of all cache refs         

       1.354121219 seconds time elapsed

       8.532365000 seconds user
       0.029048000 seconds sys


