ECS running with 900 stations, 800 satellites, 2 numWGs and 2 numBlocks for 10 rounds in 0 parallel pattern
2025/08/05 10:29:24 StationSystem update...
2025/08/05 10:29:24 weather update count: 900
2025/08/05 10:29:24 StationSystem update time: 4.905µs
2025/08/05 10:29:24 SatelliteSystem update...
2025/08/05 10:29:24 satellite count: 800
2025/08/05 10:29:24 SatelliteSystem update time: 3.040318ms
2025/08/05 10:29:24 TopoSystem update...
2025/08/05 10:29:24 TopoSystem: Link count: 720000
2025/08/05 10:29:24 TopoSystem update time: 23.220819ms
2025/08/05 10:29:24 AttenuationSystem update...
2025/08/05 10:29:24 AttenuationSystem parallel flag: 0
2025/08/05 10:29:25 Attenuation computed count: 720000
2025/08/05 10:29:25 AttenuationSystem update time: 778.499506ms
2025/08/05 10:29:25 Run 1 complete
2025/08/05 10:29:25 StationSystem update...
2025/08/05 10:29:25 weather update count: 900
2025/08/05 10:29:25 StationSystem update time: 3.988µs
2025/08/05 10:29:25 SatelliteSystem update...
2025/08/05 10:29:25 satellite count: 800
2025/08/05 10:29:25 SatelliteSystem update time: 3.057631ms
2025/08/05 10:29:25 TopoSystem update...
2025/08/05 10:29:25 TopoSystem: Link count: 720000
2025/08/05 10:29:25 TopoSystem update time: 20.968569ms
2025/08/05 10:29:25 AttenuationSystem update...
2025/08/05 10:29:25 AttenuationSystem parallel flag: 0
2025/08/05 10:29:26 Attenuation computed count: 720000
2025/08/05 10:29:26 AttenuationSystem update time: 787.988485ms
2025/08/05 10:29:26 Run 2 complete
2025/08/05 10:29:26 StationSystem update...
2025/08/05 10:29:26 weather update count: 900
2025/08/05 10:29:26 StationSystem update time: 2.892µs
2025/08/05 10:29:26 SatelliteSystem update...
2025/08/05 10:29:26 satellite count: 800
2025/08/05 10:29:26 SatelliteSystem update time: 3.039438ms
2025/08/05 10:29:26 TopoSystem update...
2025/08/05 10:29:26 TopoSystem: Link count: 720000
2025/08/05 10:29:26 TopoSystem update time: 13.77602ms
2025/08/05 10:29:26 AttenuationSystem update...
2025/08/05 10:29:26 AttenuationSystem parallel flag: 0
2025/08/05 10:29:27 Attenuation computed count: 720000
2025/08/05 10:29:27 AttenuationSystem update time: 822.530024ms
2025/08/05 10:29:27 Run 3 complete
2025/08/05 10:29:27 StationSystem update...
2025/08/05 10:29:27 weather update count: 900
2025/08/05 10:29:27 StationSystem update time: 3.887µs
2025/08/05 10:29:27 SatelliteSystem update...
2025/08/05 10:29:27 satellite count: 800
2025/08/05 10:29:27 SatelliteSystem update time: 7.318089ms
2025/08/05 10:29:27 TopoSystem update...
2025/08/05 10:29:27 TopoSystem: Link count: 720000
2025/08/05 10:29:27 TopoSystem update time: 15.878578ms
2025/08/05 10:29:27 AttenuationSystem update...
2025/08/05 10:29:27 AttenuationSystem parallel flag: 0
2025/08/05 10:29:28 Attenuation computed count: 720000
2025/08/05 10:29:28 AttenuationSystem update time: 721.790859ms
2025/08/05 10:29:28 Run 4 complete
2025/08/05 10:29:28 StationSystem update...
2025/08/05 10:29:28 weather update count: 900
2025/08/05 10:29:28 StationSystem update time: 2.63µs
2025/08/05 10:29:28 SatelliteSystem update...
2025/08/05 10:29:28 satellite count: 800
2025/08/05 10:29:28 SatelliteSystem update time: 2.257368ms
2025/08/05 10:29:28 TopoSystem update...
2025/08/05 10:29:28 TopoSystem: Link count: 720000
2025/08/05 10:29:28 TopoSystem update time: 8.531103ms
2025/08/05 10:29:28 AttenuationSystem update...
2025/08/05 10:29:28 AttenuationSystem parallel flag: 0
2025/08/05 10:29:28 Attenuation computed count: 720000
2025/08/05 10:29:28 AttenuationSystem update time: 734.985916ms
2025/08/05 10:29:28 Run 5 complete
2025/08/05 10:29:28 StationSystem update...
2025/08/05 10:29:28 weather update count: 900
2025/08/05 10:29:28 StationSystem update time: 3.617µs
2025/08/05 10:29:28 SatelliteSystem update...
2025/08/05 10:29:28 satellite count: 800
2025/08/05 10:29:28 SatelliteSystem update time: 3.088549ms
2025/08/05 10:29:28 TopoSystem update...
2025/08/05 10:29:28 TopoSystem: Link count: 720000
2025/08/05 10:29:28 TopoSystem update time: 12.139039ms
2025/08/05 10:29:28 AttenuationSystem update...
2025/08/05 10:29:28 AttenuationSystem parallel flag: 0
2025/08/05 10:29:29 Attenuation computed count: 720000
2025/08/05 10:29:29 AttenuationSystem update time: 884.023097ms
2025/08/05 10:29:29 Run 6 complete
2025/08/05 10:29:29 StationSystem update...
2025/08/05 10:29:29 weather update count: 900
2025/08/05 10:29:29 StationSystem update time: 3.72µs
2025/08/05 10:29:29 SatelliteSystem update...
2025/08/05 10:29:29 satellite count: 800
2025/08/05 10:29:29 SatelliteSystem update time: 7.61048ms
2025/08/05 10:29:29 TopoSystem update...
2025/08/05 10:29:29 TopoSystem: Link count: 720000
2025/08/05 10:29:29 TopoSystem update time: 13.223654ms
2025/08/05 10:29:29 AttenuationSystem update...
2025/08/05 10:29:29 AttenuationSystem parallel flag: 0
2025/08/05 10:29:30 Attenuation computed count: 720000
2025/08/05 10:29:30 AttenuationSystem update time: 852.381551ms
2025/08/05 10:29:30 Run 7 complete
2025/08/05 10:29:30 StationSystem update...
2025/08/05 10:29:30 weather update count: 900
2025/08/05 10:29:30 StationSystem update time: 3.754µs
2025/08/05 10:29:30 SatelliteSystem update...
2025/08/05 10:29:30 satellite count: 800
2025/08/05 10:29:30 SatelliteSystem update time: 2.264613ms
2025/08/05 10:29:30 TopoSystem update...
2025/08/05 10:29:30 TopoSystem: Link count: 720000
2025/08/05 10:29:30 TopoSystem update time: 31.349345ms
2025/08/05 10:29:30 AttenuationSystem update...
2025/08/05 10:29:30 AttenuationSystem parallel flag: 0
2025/08/05 10:29:31 Attenuation computed count: 720000
2025/08/05 10:29:31 AttenuationSystem update time: 837.416829ms
2025/08/05 10:29:31 Run 8 complete
2025/08/05 10:29:31 StationSystem update...
2025/08/05 10:29:31 weather update count: 900
2025/08/05 10:29:31 StationSystem update time: 3.97µs
2025/08/05 10:29:31 SatelliteSystem update...
2025/08/05 10:29:31 satellite count: 800
2025/08/05 10:29:31 SatelliteSystem update time: 7.546088ms
2025/08/05 10:29:31 TopoSystem update...
2025/08/05 10:29:31 TopoSystem: Link count: 720000
2025/08/05 10:29:31 TopoSystem update time: 33.393834ms
2025/08/05 10:29:31 AttenuationSystem update...
2025/08/05 10:29:31 AttenuationSystem parallel flag: 0
2025/08/05 10:29:32 Attenuation computed count: 720000
2025/08/05 10:29:32 AttenuationSystem update time: 779.992386ms
2025/08/05 10:29:32 Run 9 complete
2025/08/05 10:29:32 StationSystem update...
2025/08/05 10:29:32 weather update count: 900
2025/08/05 10:29:32 StationSystem update time: 3.225µs
2025/08/05 10:29:32 SatelliteSystem update...
2025/08/05 10:29:32 satellite count: 800
2025/08/05 10:29:32 SatelliteSystem update time: 3.773012ms
2025/08/05 10:29:32 TopoSystem update...
2025/08/05 10:29:32 TopoSystem: Link count: 720000
2025/08/05 10:29:32 TopoSystem update time: 32.106751ms
2025/08/05 10:29:32 AttenuationSystem update...
2025/08/05 10:29:32 AttenuationSystem parallel flag: 0
2025/08/05 10:29:33 Attenuation computed count: 720000
2025/08/05 10:29:33 AttenuationSystem update time: 837.750423ms
2025/08/05 10:29:33 Run 10 complete
2025/08/05 10:29:33 Total update time:  8.288723206s
2025/08/05 10:29:33 linkCache size: 40

 Performance counter stats for './scale_ecs 900 800 10 2 2 0':

        15,742,806      cache-references                                                      
         3,231,608      cache-misses                     #   20.53% of all cache refs         

       8.294211783 seconds time elapsed

      15.057246000 seconds user
       0.086995000 seconds sys


