ECS running with 800 stations, 700 satellites, 8 numWGs and 4 numBlocks for 10 rounds in 1 parallel pattern
2025/08/05 09:26:29 StationSystem update...
2025/08/05 09:26:29 weather update count: 800
2025/08/05 09:26:29 StationSystem update time: 4.134µs
2025/08/05 09:26:29 SatelliteSystem update...
2025/08/05 09:26:29 satellite count: 700
2025/08/05 09:26:29 SatelliteSystem update time: 2.664248ms
2025/08/05 09:26:29 TopoSystem update...
2025/08/05 09:26:29 TopoSystem: Link count: 560000
2025/08/05 09:26:29 TopoSystem update time: 18.994914ms
2025/08/05 09:26:29 AttenuationSystem update...
2025/08/05 09:26:29 AttenuationSystem parallel flag: 1
2025/08/05 09:26:29 Attenuation computed count: 560000
2025/08/05 09:26:29 AttenuationSystem update time: 162.720193ms
2025/08/05 09:26:29 Run 1 complete
2025/08/05 09:26:29 StationSystem update...
2025/08/05 09:26:29 weather update count: 800
2025/08/05 09:26:29 StationSystem update time: 3.677µs
2025/08/05 09:26:29 SatelliteSystem update...
2025/08/05 09:26:29 satellite count: 700
2025/08/05 09:26:29 SatelliteSystem update time: 2.668066ms
2025/08/05 09:26:29 TopoSystem update...
2025/08/05 09:26:29 TopoSystem: Link count: 560000
2025/08/05 09:26:29 TopoSystem update time: 15.724642ms
2025/08/05 09:26:29 AttenuationSystem update...
2025/08/05 09:26:29 AttenuationSystem parallel flag: 1
2025/08/05 09:26:29 Attenuation computed count: 560000
2025/08/05 09:26:29 AttenuationSystem update time: 165.794383ms
2025/08/05 09:26:29 Run 2 complete
2025/08/05 09:26:29 StationSystem update...
2025/08/05 09:26:29 weather update count: 800
2025/08/05 09:26:29 StationSystem update time: 3.416µs
2025/08/05 09:26:29 SatelliteSystem update...
2025/08/05 09:26:29 satellite count: 700
2025/08/05 09:26:29 SatelliteSystem update time: 2.668651ms
2025/08/05 09:26:29 TopoSystem update...
2025/08/05 09:26:29 TopoSystem: Link count: 560000
2025/08/05 09:26:29 TopoSystem update time: 8.497762ms
2025/08/05 09:26:29 AttenuationSystem update...
2025/08/05 09:26:29 AttenuationSystem parallel flag: 1
2025/08/05 09:26:30 Attenuation computed count: 560000
2025/08/05 09:26:30 AttenuationSystem update time: 168.625103ms
2025/08/05 09:26:30 Run 3 complete
2025/08/05 09:26:30 StationSystem update...
2025/08/05 09:26:30 weather update count: 800
2025/08/05 09:26:30 StationSystem update time: 3.63µs
2025/08/05 09:26:30 SatelliteSystem update...
2025/08/05 09:26:30 satellite count: 700
2025/08/05 09:26:30 SatelliteSystem update time: 2.661677ms
2025/08/05 09:26:30 TopoSystem update...
2025/08/05 09:26:30 TopoSystem: Link count: 560000
2025/08/05 09:26:30 TopoSystem update time: 8.301512ms
2025/08/05 09:26:30 AttenuationSystem update...
2025/08/05 09:26:30 AttenuationSystem parallel flag: 1
2025/08/05 09:26:30 Attenuation computed count: 560000
2025/08/05 09:26:30 AttenuationSystem update time: 207.181811ms
2025/08/05 09:26:30 Run 4 complete
2025/08/05 09:26:30 SatelliteSystem update...
2025/08/05 09:26:30 StationSystem update...
2025/08/05 09:26:30 weather update count: 800
2025/08/05 09:26:30 StationSystem update time: 3.576µs
2025/08/05 09:26:30 satellite count: 700
2025/08/05 09:26:30 SatelliteSystem update time: 1.960611ms
2025/08/05 09:26:30 TopoSystem update...
2025/08/05 09:26:30 TopoSystem: Link count: 560000
2025/08/05 09:26:30 TopoSystem update time: 8.041371ms
2025/08/05 09:26:30 AttenuationSystem update...
2025/08/05 09:26:30 AttenuationSystem parallel flag: 1
2025/08/05 09:26:30 Attenuation computed count: 560000
2025/08/05 09:26:30 AttenuationSystem update time: 194.043309ms
2025/08/05 09:26:30 Run 5 complete
2025/08/05 09:26:30 StationSystem update...
2025/08/05 09:26:30 weather update count: 800
2025/08/05 09:26:30 StationSystem update time: 3.263µs
2025/08/05 09:26:30 SatelliteSystem update...
2025/08/05 09:26:30 satellite count: 700
2025/08/05 09:26:30 SatelliteSystem update time: 2.647958ms
2025/08/05 09:26:30 TopoSystem update...
2025/08/05 09:26:30 TopoSystem: Link count: 560000
2025/08/05 09:26:30 TopoSystem update time: 7.369353ms
2025/08/05 09:26:30 AttenuationSystem update...
2025/08/05 09:26:30 AttenuationSystem parallel flag: 1
2025/08/05 09:26:30 Attenuation computed count: 560000
2025/08/05 09:26:30 AttenuationSystem update time: 247.758847ms
2025/08/05 09:26:30 Run 6 complete
2025/08/05 09:26:30 StationSystem update...
2025/08/05 09:26:30 weather update count: 800
2025/08/05 09:26:30 StationSystem update time: 3.394µs
2025/08/05 09:26:30 SatelliteSystem update...
2025/08/05 09:26:30 satellite count: 700
2025/08/05 09:26:30 SatelliteSystem update time: 2.6592ms
2025/08/05 09:26:30 TopoSystem update...
2025/08/05 09:26:30 TopoSystem: Link count: 560000
2025/08/05 09:26:30 TopoSystem update time: 9.474768ms
2025/08/05 09:26:30 AttenuationSystem update...
2025/08/05 09:26:30 AttenuationSystem parallel flag: 1
2025/08/05 09:26:30 Attenuation computed count: 560000
2025/08/05 09:26:30 AttenuationSystem update time: 193.809174ms
2025/08/05 09:26:30 Run 7 complete
2025/08/05 09:26:30 StationSystem update...
2025/08/05 09:26:30 weather update count: 800
2025/08/05 09:26:30 StationSystem update time: 2.928µs
2025/08/05 09:26:30 SatelliteSystem update...
2025/08/05 09:26:30 satellite count: 700
2025/08/05 09:26:30 SatelliteSystem update time: 2.662029ms
2025/08/05 09:26:30 TopoSystem update...
2025/08/05 09:26:30 TopoSystem: Link count: 560000
2025/08/05 09:26:30 TopoSystem update time: 8.468578ms
2025/08/05 09:26:30 AttenuationSystem update...
2025/08/05 09:26:30 AttenuationSystem parallel flag: 1
2025/08/05 09:26:31 Attenuation computed count: 560000
2025/08/05 09:26:31 AttenuationSystem update time: 187.477397ms
2025/08/05 09:26:31 Run 8 complete
2025/08/05 09:26:31 StationSystem update...
2025/08/05 09:26:31 weather update count: 800
2025/08/05 09:26:31 StationSystem update time: 3.122µs
2025/08/05 09:26:31 SatelliteSystem update...
2025/08/05 09:26:31 satellite count: 700
2025/08/05 09:26:31 SatelliteSystem update time: 2.64714ms
2025/08/05 09:26:31 TopoSystem update...
2025/08/05 09:26:31 TopoSystem: Link count: 560000
2025/08/05 09:26:31 TopoSystem update time: 9.127423ms
2025/08/05 09:26:31 AttenuationSystem update...
2025/08/05 09:26:31 AttenuationSystem parallel flag: 1
2025/08/05 09:26:31 Attenuation computed count: 560000
2025/08/05 09:26:31 AttenuationSystem update time: 196.474399ms
2025/08/05 09:26:31 Run 9 complete
2025/08/05 09:26:31 StationSystem update...
2025/08/05 09:26:31 weather update count: 800
2025/08/05 09:26:31 StationSystem update time: 3.211µs
2025/08/05 09:26:31 SatelliteSystem update...
2025/08/05 09:26:31 satellite count: 700
2025/08/05 09:26:31 SatelliteSystem update time: 2.657931ms
2025/08/05 09:26:31 TopoSystem update...
2025/08/05 09:26:31 TopoSystem: Link count: 560000
2025/08/05 09:26:31 TopoSystem update time: 8.408384ms
2025/08/05 09:26:31 AttenuationSystem update...
2025/08/05 09:26:31 AttenuationSystem parallel flag: 1
2025/08/05 09:26:31 Attenuation computed count: 560000
2025/08/05 09:26:31 AttenuationSystem update time: 167.285277ms
2025/08/05 09:26:31 Run 10 complete
2025/08/05 09:26:31 Total update time:  2.022711079s
2025/08/05 09:26:31 linkCache size: 40

 Performance counter stats for './scale_ecs 800 700 10 8 4 1':

        12,251,361      cache-references                                                      
         1,391,810      cache-misses                     #   11.36% of all cache refs         

       2.028354015 seconds time elapsed

      13.025295000 seconds user
       0.038944000 seconds sys


