ECS running with 1000 stations, 1100 satellites, 8 numWGs and 2 numBlocks for 10 rounds in 1 parallel pattern
2025/08/05 11:13:40 StationSystem update...
2025/08/05 11:13:40 weather update count: 1000
2025/08/05 11:13:40 StationSystem update time: 5.223µs
2025/08/05 11:13:40 SatelliteSystem update...
2025/08/05 11:13:40 satellite count: 1100
2025/08/05 11:13:40 SatelliteSystem update time: 4.225013ms
2025/08/05 11:13:40 TopoSystem update...
2025/08/05 11:13:40 TopoSystem: Link count: 1100000
2025/08/05 11:13:40 TopoSystem update time: 26.311367ms
2025/08/05 11:13:40 AttenuationSystem update...
2025/08/05 11:13:40 AttenuationSystem parallel flag: 1
2025/08/05 11:13:40 Attenuation computed count: 1100000
2025/08/05 11:13:40 AttenuationSystem update time: 305.27197ms
2025/08/05 11:13:40 Run 1 complete
2025/08/05 11:13:40 StationSystem update...
2025/08/05 11:13:40 weather update count: 1000
2025/08/05 11:13:40 StationSystem update time: 3.431µs
2025/08/05 11:13:40 SatelliteSystem update...
2025/08/05 11:13:40 satellite count: 1100
2025/08/05 11:13:40 SatelliteSystem update time: 4.17259ms
2025/08/05 11:13:40 TopoSystem update...
2025/08/05 11:13:40 TopoSystem: Link count: 1100000
2025/08/05 11:13:40 TopoSystem update time: 25.372675ms
2025/08/05 11:13:40 AttenuationSystem update...
2025/08/05 11:13:40 AttenuationSystem parallel flag: 1
2025/08/05 11:13:40 Attenuation computed count: 1100000
2025/08/05 11:13:40 AttenuationSystem update time: 307.22995ms
2025/08/05 11:13:40 Run 2 complete
2025/08/05 11:13:40 StationSystem update...
2025/08/05 11:13:40 weather update count: 1000
2025/08/05 11:13:40 StationSystem update time: 3.828µs
2025/08/05 11:13:40 SatelliteSystem update...
2025/08/05 11:13:40 satellite count: 1100
2025/08/05 11:13:40 SatelliteSystem update time: 3.111057ms
2025/08/05 11:13:40 TopoSystem update...
2025/08/05 11:13:40 TopoSystem: Link count: 1100000
2025/08/05 11:13:40 TopoSystem update time: 39.409503ms
2025/08/05 11:13:40 AttenuationSystem update...
2025/08/05 11:13:40 AttenuationSystem parallel flag: 1
2025/08/05 11:13:41 Attenuation computed count: 1100000
2025/08/05 11:13:41 AttenuationSystem update time: 310.499666ms
2025/08/05 11:13:41 Run 3 complete
2025/08/05 11:13:41 StationSystem update...
2025/08/05 11:13:41 weather update count: 1000
2025/08/05 11:13:41 StationSystem update time: 3.945µs
2025/08/05 11:13:41 SatelliteSystem update...
2025/08/05 11:13:41 satellite count: 1100
2025/08/05 11:13:41 SatelliteSystem update time: 3.108668ms
2025/08/05 11:13:41 TopoSystem update...
2025/08/05 11:13:41 TopoSystem: Link count: 1100000
2025/08/05 11:13:41 TopoSystem update time: 14.195569ms
2025/08/05 11:13:41 AttenuationSystem update...
2025/08/05 11:13:41 AttenuationSystem parallel flag: 1
2025/08/05 11:13:41 Attenuation computed count: 1100000
2025/08/05 11:13:41 AttenuationSystem update time: 347.763998ms
2025/08/05 11:13:41 Run 4 complete
2025/08/05 11:13:41 StationSystem update...
2025/08/05 11:13:41 weather update count: 1000
2025/08/05 11:13:41 StationSystem update time: 3.788µs
2025/08/05 11:13:41 SatelliteSystem update...
2025/08/05 11:13:41 satellite count: 1100
2025/08/05 11:13:41 SatelliteSystem update time: 3.11132ms
2025/08/05 11:13:41 TopoSystem update...
2025/08/05 11:13:41 TopoSystem: Link count: 1100000
2025/08/05 11:13:41 TopoSystem update time: 12.993316ms
2025/08/05 11:13:41 AttenuationSystem update...
2025/08/05 11:13:41 AttenuationSystem parallel flag: 1
2025/08/05 11:13:41 Attenuation computed count: 1100000
2025/08/05 11:13:41 AttenuationSystem update time: 317.971772ms
2025/08/05 11:13:41 Run 5 complete
2025/08/05 11:13:41 StationSystem update...
2025/08/05 11:13:41 weather update count: 1000
2025/08/05 11:13:41 StationSystem update time: 3.897µs
2025/08/05 11:13:41 SatelliteSystem update...
2025/08/05 11:13:41 satellite count: 1100
2025/08/05 11:13:41 SatelliteSystem update time: 3.648534ms
2025/08/05 11:13:41 TopoSystem update...
2025/08/05 11:13:41 TopoSystem: Link count: 1100000
2025/08/05 11:13:41 TopoSystem update time: 39.149484ms
2025/08/05 11:13:41 AttenuationSystem update...
2025/08/05 11:13:41 AttenuationSystem parallel flag: 1
2025/08/05 11:13:42 Attenuation computed count: 1100000
2025/08/05 11:13:42 AttenuationSystem update time: 312.795261ms
2025/08/05 11:13:42 Run 6 complete
2025/08/05 11:13:42 StationSystem update...
2025/08/05 11:13:42 weather update count: 1000
2025/08/05 11:13:42 StationSystem update time: 3.837µs
2025/08/05 11:13:42 SatelliteSystem update...
2025/08/05 11:13:42 satellite count: 1100
2025/08/05 11:13:42 SatelliteSystem update time: 3.35017ms
2025/08/05 11:13:42 TopoSystem update...
2025/08/05 11:13:42 TopoSystem: Link count: 1100000
2025/08/05 11:13:42 TopoSystem update time: 12.522477ms
2025/08/05 11:13:42 AttenuationSystem update...
2025/08/05 11:13:42 AttenuationSystem parallel flag: 1
2025/08/05 11:13:42 Attenuation computed count: 1100000
2025/08/05 11:13:42 AttenuationSystem update time: 332.947556ms
2025/08/05 11:13:42 Run 7 complete
2025/08/05 11:13:42 StationSystem update...
2025/08/05 11:13:42 SatelliteSystem update...
2025/08/05 11:13:42 weather update count: 1000
2025/08/05 11:13:42 StationSystem update time: 5.155µs
2025/08/05 11:13:42 satellite count: 1100
2025/08/05 11:13:42 SatelliteSystem update time: 3.108404ms
2025/08/05 11:13:42 TopoSystem update...
2025/08/05 11:13:42 TopoSystem: Link count: 1100000
2025/08/05 11:13:42 TopoSystem update time: 13.2687ms
2025/08/05 11:13:42 AttenuationSystem update...
2025/08/05 11:13:42 AttenuationSystem parallel flag: 1
2025/08/05 11:13:42 Attenuation computed count: 1100000
2025/08/05 11:13:42 AttenuationSystem update time: 348.004742ms
2025/08/05 11:13:42 Run 8 complete
2025/08/05 11:13:42 StationSystem update...
2025/08/05 11:13:42 weather update count: 1000
2025/08/05 11:13:42 StationSystem update time: 3.872µs
2025/08/05 11:13:42 SatelliteSystem update...
2025/08/05 11:13:42 satellite count: 1100
2025/08/05 11:13:42 SatelliteSystem update time: 3.114528ms
2025/08/05 11:13:42 TopoSystem update...
2025/08/05 11:13:42 TopoSystem: Link count: 1100000
2025/08/05 11:13:42 TopoSystem update time: 15.317655ms
2025/08/05 11:13:42 AttenuationSystem update...
2025/08/05 11:13:42 AttenuationSystem parallel flag: 1
2025/08/05 11:13:43 Attenuation computed count: 1100000
2025/08/05 11:13:43 AttenuationSystem update time: 333.580749ms
2025/08/05 11:13:43 Run 9 complete
2025/08/05 11:13:43 StationSystem update...
2025/08/05 11:13:43 weather update count: 1000
2025/08/05 11:13:43 StationSystem update time: 3.841µs
2025/08/05 11:13:43 SatelliteSystem update...
2025/08/05 11:13:43 satellite count: 1100
2025/08/05 11:13:43 SatelliteSystem update time: 4.167388ms
2025/08/05 11:13:43 TopoSystem update...
2025/08/05 11:13:43 TopoSystem: Link count: 1100000
2025/08/05 11:13:43 TopoSystem update time: 13.675477ms
2025/08/05 11:13:43 AttenuationSystem update...
2025/08/05 11:13:43 AttenuationSystem parallel flag: 1
2025/08/05 11:13:43 Attenuation computed count: 1100000
2025/08/05 11:13:43 AttenuationSystem update time: 307.604793ms
2025/08/05 11:13:43 Run 10 complete
2025/08/05 11:13:43 Total update time:  3.477217371s
2025/08/05 11:13:43 linkCache size: 40

 Performance counter stats for './scale_ecs 1000 1100 10 8 2 1':

        23,161,735      cache-references                                                      
         4,668,829      cache-misses                     #   20.16% of all cache refs         

       3.484632579 seconds time elapsed

      20.605225000 seconds user
       0.063003000 seconds sys


