ECS running with 600 stations, 1400 satellites, 2 numWGs and 8 numBlocks for 10 rounds in 1 parallel pattern
2025/08/05 08:37:54 SatelliteSystem update...
2025/08/05 08:37:54 StationSystem update...
2025/08/05 08:37:54 weather update count: 600
2025/08/05 08:37:54 StationSystem update time: 4.952µs
2025/08/05 08:37:54 satellite count: 1400
2025/08/05 08:37:54 SatelliteSystem update time: 3.949862ms
2025/08/05 08:37:54 TopoSystem update...
2025/08/05 08:37:54 TopoSystem: Link count: 840000
2025/08/05 08:37:54 TopoSystem update time: 25.04217ms
2025/08/05 08:37:54 AttenuationSystem update...
2025/08/05 08:37:54 AttenuationSystem parallel flag: 1
2025/08/05 08:37:55 Attenuation computed count: 840000
2025/08/05 08:37:55 AttenuationSystem update time: 920.536811ms
2025/08/05 08:37:55 Run 1 complete
2025/08/05 08:37:55 StationSystem update...
2025/08/05 08:37:55 weather update count: 600
2025/08/05 08:37:55 StationSystem update time: 2.274µs
2025/08/05 08:37:55 SatelliteSystem update...
2025/08/05 08:37:55 satellite count: 1400
2025/08/05 08:37:55 SatelliteSystem update time: 5.297333ms
2025/08/05 08:37:55 TopoSystem update...
2025/08/05 08:37:55 TopoSystem: Link count: 840000
2025/08/05 08:37:55 TopoSystem update time: 23.968453ms
2025/08/05 08:37:55 AttenuationSystem update...
2025/08/05 08:37:55 AttenuationSystem parallel flag: 1
2025/08/05 08:37:56 Attenuation computed count: 840000
2025/08/05 08:37:56 AttenuationSystem update time: 755.943026ms
2025/08/05 08:37:56 Run 2 complete
2025/08/05 08:37:56 StationSystem update...
2025/08/05 08:37:56 weather update count: 600
2025/08/05 08:37:56 StationSystem update time: 2.674µs
2025/08/05 08:37:56 SatelliteSystem update...
2025/08/05 08:37:56 satellite count: 1400
2025/08/05 08:37:56 SatelliteSystem update time: 3.95216ms
2025/08/05 08:37:56 TopoSystem update...
2025/08/05 08:37:56 TopoSystem: Link count: 840000
2025/08/05 08:37:56 TopoSystem update time: 10.72604ms
2025/08/05 08:37:56 AttenuationSystem update...
2025/08/05 08:37:56 AttenuationSystem parallel flag: 1
2025/08/05 08:37:57 Attenuation computed count: 840000
2025/08/05 08:37:57 AttenuationSystem update time: 977.230469ms
2025/08/05 08:37:57 Run 3 complete
2025/08/05 08:37:57 StationSystem update...
2025/08/05 08:37:57 weather update count: 600
2025/08/05 08:37:57 StationSystem update time: 2.662µs
2025/08/05 08:37:57 SatelliteSystem update...
2025/08/05 08:37:57 satellite count: 1400
2025/08/05 08:37:57 SatelliteSystem update time: 3.950878ms
2025/08/05 08:37:57 TopoSystem update...
2025/08/05 08:37:57 TopoSystem: Link count: 840000
2025/08/05 08:37:57 TopoSystem update time: 10.61346ms
2025/08/05 08:37:57 AttenuationSystem update...
2025/08/05 08:37:57 AttenuationSystem parallel flag: 1
2025/08/05 08:37:58 Attenuation computed count: 840000
2025/08/05 08:37:58 AttenuationSystem update time: 1.027673168s
2025/08/05 08:37:58 Run 4 complete
2025/08/05 08:37:58 StationSystem update...
2025/08/05 08:37:58 weather update count: 600
2025/08/05 08:37:58 StationSystem update time: 3.286µs
2025/08/05 08:37:58 SatelliteSystem update...
2025/08/05 08:37:58 satellite count: 1400
2025/08/05 08:37:58 SatelliteSystem update time: 5.313285ms
2025/08/05 08:37:58 TopoSystem update...
2025/08/05 08:37:58 TopoSystem: Link count: 840000
2025/08/05 08:37:58 TopoSystem update time: 16.768422ms
2025/08/05 08:37:58 AttenuationSystem update...
2025/08/05 08:37:58 AttenuationSystem parallel flag: 1
2025/08/05 08:37:59 Attenuation computed count: 840000
2025/08/05 08:37:59 AttenuationSystem update time: 991.885457ms
2025/08/05 08:37:59 Run 5 complete
2025/08/05 08:37:59 StationSystem update...
2025/08/05 08:37:59 weather update count: 600
2025/08/05 08:37:59 StationSystem update time: 2.675µs
2025/08/05 08:37:59 SatelliteSystem update...
2025/08/05 08:37:59 satellite count: 1400
2025/08/05 08:37:59 SatelliteSystem update time: 5.319175ms
2025/08/05 08:37:59 TopoSystem update...
2025/08/05 08:37:59 TopoSystem: Link count: 840000
2025/08/05 08:37:59 TopoSystem update time: 12.788091ms
2025/08/05 08:37:59 AttenuationSystem update...
2025/08/05 08:37:59 AttenuationSystem parallel flag: 1
2025/08/05 08:38:00 Attenuation computed count: 840000
2025/08/05 08:38:00 AttenuationSystem update time: 993.51525ms
2025/08/05 08:38:00 Run 6 complete
2025/08/05 08:38:00 StationSystem update...
2025/08/05 08:38:00 weather update count: 600
2025/08/05 08:38:00 StationSystem update time: 2.566µs
2025/08/05 08:38:00 SatelliteSystem update...
2025/08/05 08:38:00 satellite count: 1400
2025/08/05 08:38:00 SatelliteSystem update time: 5.311679ms
2025/08/05 08:38:00 TopoSystem update...
2025/08/05 08:38:00 TopoSystem: Link count: 840000
2025/08/05 08:38:00 TopoSystem update time: 12.732421ms
2025/08/05 08:38:00 AttenuationSystem update...
2025/08/05 08:38:00 AttenuationSystem parallel flag: 1
2025/08/05 08:38:01 Attenuation computed count: 840000
2025/08/05 08:38:01 AttenuationSystem update time: 965.65081ms
2025/08/05 08:38:01 Run 7 complete
2025/08/05 08:38:01 StationSystem update...
2025/08/05 08:38:01 weather update count: 600
2025/08/05 08:38:01 StationSystem update time: 2.843µs
2025/08/05 08:38:01 SatelliteSystem update...
2025/08/05 08:38:01 satellite count: 1400
2025/08/05 08:38:01 SatelliteSystem update time: 3.944915ms
2025/08/05 08:38:01 TopoSystem update...
2025/08/05 08:38:01 TopoSystem: Link count: 840000
2025/08/05 08:38:01 TopoSystem update time: 9.945314ms
2025/08/05 08:38:01 AttenuationSystem update...
2025/08/05 08:38:01 AttenuationSystem parallel flag: 1
2025/08/05 08:38:02 Attenuation computed count: 840000
2025/08/05 08:38:02 AttenuationSystem update time: 970.27389ms
2025/08/05 08:38:02 Run 8 complete
2025/08/05 08:38:02 StationSystem update...
2025/08/05 08:38:02 weather update count: 600
2025/08/05 08:38:02 StationSystem update time: 3.046µs
2025/08/05 08:38:02 SatelliteSystem update...
2025/08/05 08:38:02 satellite count: 1400
2025/08/05 08:38:02 SatelliteSystem update time: 3.964188ms
2025/08/05 08:38:02 TopoSystem update...
2025/08/05 08:38:02 TopoSystem: Link count: 840000
2025/08/05 08:38:02 TopoSystem update time: 10.798475ms
2025/08/05 08:38:02 AttenuationSystem update...
2025/08/05 08:38:02 AttenuationSystem parallel flag: 1
2025/08/05 08:38:03 Attenuation computed count: 840000
2025/08/05 08:38:03 AttenuationSystem update time: 983.514987ms
2025/08/05 08:38:03 Run 9 complete
2025/08/05 08:38:03 StationSystem update...
2025/08/05 08:38:03 weather update count: 600
2025/08/05 08:38:03 StationSystem update time: 3.08µs
2025/08/05 08:38:03 SatelliteSystem update...
2025/08/05 08:38:03 satellite count: 1400
2025/08/05 08:38:03 SatelliteSystem update time: 5.313772ms
2025/08/05 08:38:03 TopoSystem update...
2025/08/05 08:38:03 TopoSystem: Link count: 840000
2025/08/05 08:38:03 TopoSystem update time: 16.661958ms
2025/08/05 08:38:03 AttenuationSystem update...
2025/08/05 08:38:03 AttenuationSystem parallel flag: 1
2025/08/05 08:38:04 Attenuation computed count: 840000
2025/08/05 08:38:04 AttenuationSystem update time: 944.529008ms
2025/08/05 08:38:04 Run 10 complete
2025/08/05 08:38:04 Total update time:  9.734041877s
2025/08/05 08:38:04 linkCache size: 40

 Performance counter stats for './scale_ecs 600 1400 10 2 8 1':

        18,085,771      cache-references                                                      
         3,847,581      cache-misses                     #   21.27% of all cache refs         

       9.741221896 seconds time elapsed

      18.156859000 seconds user
       0.066028000 seconds sys


