ECS running with 600 stations, 1700 satellites, 2 numWGs and 4 numBlocks for 10 rounds in 0 parallel pattern
2025/08/05 08:43:38 StationSystem update...
2025/08/05 08:43:38 SatelliteSystem update...
2025/08/05 08:43:38 weather update count: 600
2025/08/05 08:43:38 StationSystem update time: 7.363µs
2025/08/05 08:43:38 satellite count: 1700
2025/08/05 08:43:38 SatelliteSystem update time: 6.431786ms
2025/08/05 08:43:38 TopoSystem update...
2025/08/05 08:43:38 TopoSystem: Link count: 1020000
2025/08/05 08:43:38 TopoSystem update time: 31.69436ms
2025/08/05 08:43:38 AttenuationSystem update...
2025/08/05 08:43:38 AttenuationSystem parallel flag: 0
2025/08/05 08:43:39 Attenuation computed count: 1020000
2025/08/05 08:43:39 AttenuationSystem update time: 581.042631ms
2025/08/05 08:43:39 Run 1 complete
2025/08/05 08:43:39 SatelliteSystem update...
2025/08/05 08:43:39 StationSystem update...
2025/08/05 08:43:39 weather update count: 600
2025/08/05 08:43:39 StationSystem update time: 2.916µs
2025/08/05 08:43:39 satellite count: 1700
2025/08/05 08:43:39 SatelliteSystem update time: 6.41625ms
2025/08/05 08:43:39 TopoSystem update...
2025/08/05 08:43:39 TopoSystem: Link count: 1020000
2025/08/05 08:43:39 TopoSystem update time: 27.181203ms
2025/08/05 08:43:39 AttenuationSystem update...
2025/08/05 08:43:39 AttenuationSystem parallel flag: 0
2025/08/05 08:43:39 Attenuation computed count: 1020000
2025/08/05 08:43:39 AttenuationSystem update time: 599.091338ms
2025/08/05 08:43:39 Run 2 complete
2025/08/05 08:43:39 StationSystem update...
2025/08/05 08:43:39 weather update count: 600
2025/08/05 08:43:39 StationSystem update time: 2.929µs
2025/08/05 08:43:39 SatelliteSystem update...
2025/08/05 08:43:39 satellite count: 1700
2025/08/05 08:43:39 SatelliteSystem update time: 6.421104ms
2025/08/05 08:43:39 TopoSystem update...
2025/08/05 08:43:39 TopoSystem: Link count: 1020000
2025/08/05 08:43:39 TopoSystem update time: 15.443032ms
2025/08/05 08:43:39 AttenuationSystem update...
2025/08/05 08:43:39 AttenuationSystem parallel flag: 0
2025/08/05 08:43:40 Attenuation computed count: 1020000
2025/08/05 08:43:40 AttenuationSystem update time: 615.051092ms
2025/08/05 08:43:40 Run 3 complete
2025/08/05 08:43:40 StationSystem update...
2025/08/05 08:43:40 weather update count: 600
2025/08/05 08:43:40 StationSystem update time: 2.818µs
2025/08/05 08:43:40 SatelliteSystem update...
2025/08/05 08:43:40 satellite count: 1700
2025/08/05 08:43:40 SatelliteSystem update time: 6.434087ms
2025/08/05 08:43:40 TopoSystem update...
2025/08/05 08:43:40 TopoSystem: Link count: 1020000
2025/08/05 08:43:40 TopoSystem update time: 15.527754ms
2025/08/05 08:43:40 AttenuationSystem update...
2025/08/05 08:43:40 AttenuationSystem parallel flag: 0
2025/08/05 08:43:41 Attenuation computed count: 1020000
2025/08/05 08:43:41 AttenuationSystem update time: 581.09446ms
2025/08/05 08:43:41 Run 4 complete
2025/08/05 08:43:41 StationSystem update...
2025/08/05 08:43:41 weather update count: 600
2025/08/05 08:43:41 StationSystem update time: 3.207µs
2025/08/05 08:43:41 SatelliteSystem update...
2025/08/05 08:43:41 satellite count: 1700
2025/08/05 08:43:41 SatelliteSystem update time: 6.432449ms
2025/08/05 08:43:41 TopoSystem update...
2025/08/05 08:43:41 TopoSystem: Link count: 1020000
2025/08/05 08:43:41 TopoSystem update time: 14.754775ms
2025/08/05 08:43:41 AttenuationSystem update...
2025/08/05 08:43:41 AttenuationSystem parallel flag: 0
2025/08/05 08:43:41 Attenuation computed count: 1020000
2025/08/05 08:43:41 AttenuationSystem update time: 589.107682ms
2025/08/05 08:43:41 Run 5 complete
2025/08/05 08:43:41 StationSystem update...
2025/08/05 08:43:41 weather update count: 600
2025/08/05 08:43:41 StationSystem update time: 2.752µs
2025/08/05 08:43:41 SatelliteSystem update...
2025/08/05 08:43:41 satellite count: 1700
2025/08/05 08:43:41 SatelliteSystem update time: 6.418178ms
2025/08/05 08:43:41 TopoSystem update...
2025/08/05 08:43:41 TopoSystem: Link count: 1020000
2025/08/05 08:43:41 TopoSystem update time: 15.472045ms
2025/08/05 08:43:41 AttenuationSystem update...
2025/08/05 08:43:41 AttenuationSystem parallel flag: 0
2025/08/05 08:43:42 Attenuation computed count: 1020000
2025/08/05 08:43:42 AttenuationSystem update time: 582.849482ms
2025/08/05 08:43:42 Run 6 complete
2025/08/05 08:43:42 StationSystem update...
2025/08/05 08:43:42 weather update count: 600
2025/08/05 08:43:42 StationSystem update time: 3.034µs
2025/08/05 08:43:42 SatelliteSystem update...
2025/08/05 08:43:42 satellite count: 1700
2025/08/05 08:43:42 SatelliteSystem update time: 6.417107ms
2025/08/05 08:43:42 TopoSystem update...
2025/08/05 08:43:42 TopoSystem: Link count: 1020000
2025/08/05 08:43:42 TopoSystem update time: 15.274122ms
2025/08/05 08:43:42 AttenuationSystem update...
2025/08/05 08:43:42 AttenuationSystem parallel flag: 0
2025/08/05 08:43:42 Attenuation computed count: 1020000
2025/08/05 08:43:42 AttenuationSystem update time: 543.675489ms
2025/08/05 08:43:42 Run 7 complete
2025/08/05 08:43:42 StationSystem update...
2025/08/05 08:43:42 weather update count: 600
2025/08/05 08:43:42 StationSystem update time: 2.897µs
2025/08/05 08:43:42 SatelliteSystem update...
2025/08/05 08:43:42 satellite count: 1700
2025/08/05 08:43:42 SatelliteSystem update time: 6.426526ms
2025/08/05 08:43:42 TopoSystem update...
2025/08/05 08:43:42 TopoSystem: Link count: 1020000
2025/08/05 08:43:42 TopoSystem update time: 15.423139ms
2025/08/05 08:43:42 AttenuationSystem update...
2025/08/05 08:43:42 AttenuationSystem parallel flag: 0
2025/08/05 08:43:43 Attenuation computed count: 1020000
2025/08/05 08:43:43 AttenuationSystem update time: 528.356033ms
2025/08/05 08:43:43 Run 8 complete
2025/08/05 08:43:43 StationSystem update...
2025/08/05 08:43:43 weather update count: 600
2025/08/05 08:43:43 StationSystem update time: 2.681µs
2025/08/05 08:43:43 SatelliteSystem update...
2025/08/05 08:43:43 satellite count: 1700
2025/08/05 08:43:43 SatelliteSystem update time: 4.765845ms
2025/08/05 08:43:43 TopoSystem update...
2025/08/05 08:43:43 TopoSystem: Link count: 1020000
2025/08/05 08:43:43 TopoSystem update time: 23.37697ms
2025/08/05 08:43:43 AttenuationSystem update...
2025/08/05 08:43:43 AttenuationSystem parallel flag: 0
2025/08/05 08:43:44 Attenuation computed count: 1020000
2025/08/05 08:43:44 AttenuationSystem update time: 615.78639ms
2025/08/05 08:43:44 Run 9 complete
2025/08/05 08:43:44 StationSystem update...
2025/08/05 08:43:44 weather update count: 600
2025/08/05 08:43:44 StationSystem update time: 3.027µs
2025/08/05 08:43:44 SatelliteSystem update...
2025/08/05 08:43:44 satellite count: 1700
2025/08/05 08:43:44 SatelliteSystem update time: 6.418566ms
2025/08/05 08:43:44 TopoSystem update...
2025/08/05 08:43:44 TopoSystem: Link count: 1020000
2025/08/05 08:43:44 TopoSystem update time: 25.260632ms
2025/08/05 08:43:44 AttenuationSystem update...
2025/08/05 08:43:44 AttenuationSystem parallel flag: 0
2025/08/05 08:43:44 Attenuation computed count: 1020000
2025/08/05 08:43:44 AttenuationSystem update time: 585.799724ms
2025/08/05 08:43:44 Run 10 complete
2025/08/05 08:43:44 Total update time:  6.092405183s
2025/08/05 08:43:44 linkCache size: 40

 Performance counter stats for './scale_ecs 600 1700 10 2 4 0':

        21,467,854      cache-references                                                      
         4,711,175      cache-misses                     #   21.95% of all cache refs         

       6.104291099 seconds time elapsed

      22.190533000 seconds user
       0.074988000 seconds sys


