ECS running with 900 stations, 1300 satellites, 4 numWGs and 8 numBlocks for 10 rounds in 0 parallel pattern
2025/08/05 10:40:26 StationSystem update...
2025/08/05 10:40:26 weather update count: 900
2025/08/05 10:40:26 StationSystem update time: 4.937µs
2025/08/05 10:40:26 SatelliteSystem update...
2025/08/05 10:40:26 satellite count: 1300
2025/08/05 10:40:26 SatelliteSystem update time: 4.936921ms
2025/08/05 10:40:26 TopoSystem update...
2025/08/05 10:40:26 TopoSystem: Link count: 1170000
2025/08/05 10:40:26 TopoSystem update time: 36.386894ms
2025/08/05 10:40:26 AttenuationSystem update...
2025/08/05 10:40:26 AttenuationSystem parallel flag: 0
2025/08/05 10:40:26 Attenuation computed count: 1170000
2025/08/05 10:40:26 AttenuationSystem update time: 337.37496ms
2025/08/05 10:40:26 Run 1 complete
2025/08/05 10:40:26 StationSystem update...
2025/08/05 10:40:26 weather update count: 900
2025/08/05 10:40:26 StationSystem update time: 3.82µs
2025/08/05 10:40:26 SatelliteSystem update...
2025/08/05 10:40:26 satellite count: 1300
2025/08/05 10:40:26 SatelliteSystem update time: 4.923835ms
2025/08/05 10:40:26 TopoSystem update...
2025/08/05 10:40:26 TopoSystem: Link count: 1170000
2025/08/05 10:40:26 TopoSystem update time: 33.762661ms
2025/08/05 10:40:26 AttenuationSystem update...
2025/08/05 10:40:26 AttenuationSystem parallel flag: 0
2025/08/05 10:40:27 Attenuation computed count: 1170000
2025/08/05 10:40:27 AttenuationSystem update time: 334.465209ms
2025/08/05 10:40:27 Run 2 complete
2025/08/05 10:40:27 StationSystem update...
2025/08/05 10:40:27 weather update count: 900
2025/08/05 10:40:27 StationSystem update time: 3.941µs
2025/08/05 10:40:27 SatelliteSystem update...
2025/08/05 10:40:27 satellite count: 1300
2025/08/05 10:40:27 SatelliteSystem update time: 4.930675ms
2025/08/05 10:40:27 TopoSystem update...
2025/08/05 10:40:27 TopoSystem: Link count: 1170000
2025/08/05 10:40:27 TopoSystem update time: 17.744624ms
2025/08/05 10:40:27 AttenuationSystem update...
2025/08/05 10:40:27 AttenuationSystem parallel flag: 0
2025/08/05 10:40:27 Attenuation computed count: 1170000
2025/08/05 10:40:27 AttenuationSystem update time: 334.554687ms
2025/08/05 10:40:27 Run 3 complete
2025/08/05 10:40:27 StationSystem update...
2025/08/05 10:40:27 weather update count: 900
2025/08/05 10:40:27 StationSystem update time: 3.83µs
2025/08/05 10:40:27 SatelliteSystem update...
2025/08/05 10:40:27 satellite count: 1300
2025/08/05 10:40:27 SatelliteSystem update time: 4.931247ms
2025/08/05 10:40:27 TopoSystem update...
2025/08/05 10:40:27 TopoSystem: Link count: 1170000
2025/08/05 10:40:27 TopoSystem update time: 22.911971ms
2025/08/05 10:40:27 AttenuationSystem update...
2025/08/05 10:40:27 AttenuationSystem parallel flag: 0
2025/08/05 10:40:27 Attenuation computed count: 1170000
2025/08/05 10:40:27 AttenuationSystem update time: 355.294638ms
2025/08/05 10:40:27 Run 4 complete
2025/08/05 10:40:27 StationSystem update...
2025/08/05 10:40:27 weather update count: 900
2025/08/05 10:40:27 StationSystem update time: 3.74µs
2025/08/05 10:40:27 SatelliteSystem update...
2025/08/05 10:40:27 satellite count: 1300
2025/08/05 10:40:27 SatelliteSystem update time: 4.937459ms
2025/08/05 10:40:27 TopoSystem update...
2025/08/05 10:40:27 TopoSystem: Link count: 1170000
2025/08/05 10:40:27 TopoSystem update time: 16.534658ms
2025/08/05 10:40:27 AttenuationSystem update...
2025/08/05 10:40:27 AttenuationSystem parallel flag: 0
2025/08/05 10:40:28 Attenuation computed count: 1170000
2025/08/05 10:40:28 AttenuationSystem update time: 325.774142ms
2025/08/05 10:40:28 Run 5 complete
2025/08/05 10:40:28 StationSystem update...
2025/08/05 10:40:28 weather update count: 900
2025/08/05 10:40:28 StationSystem update time: 3.489µs
2025/08/05 10:40:28 SatelliteSystem update...
2025/08/05 10:40:28 satellite count: 1300
2025/08/05 10:40:28 SatelliteSystem update time: 4.915474ms
2025/08/05 10:40:28 TopoSystem update...
2025/08/05 10:40:28 TopoSystem: Link count: 1170000
2025/08/05 10:40:28 TopoSystem update time: 16.696463ms
2025/08/05 10:40:28 AttenuationSystem update...
2025/08/05 10:40:28 AttenuationSystem parallel flag: 0
2025/08/05 10:40:28 Attenuation computed count: 1170000
2025/08/05 10:40:28 AttenuationSystem update time: 349.544111ms
2025/08/05 10:40:28 Run 6 complete
2025/08/05 10:40:28 StationSystem update...
2025/08/05 10:40:28 weather update count: 900
2025/08/05 10:40:28 StationSystem update time: 3.19µs
2025/08/05 10:40:28 SatelliteSystem update...
2025/08/05 10:40:28 satellite count: 1300
2025/08/05 10:40:28 SatelliteSystem update time: 4.925745ms
2025/08/05 10:40:28 TopoSystem update...
2025/08/05 10:40:28 TopoSystem: Link count: 1170000
2025/08/05 10:40:28 TopoSystem update time: 23.059309ms
2025/08/05 10:40:28 AttenuationSystem update...
2025/08/05 10:40:28 AttenuationSystem parallel flag: 0
2025/08/05 10:40:28 Attenuation computed count: 1170000
2025/08/05 10:40:28 AttenuationSystem update time: 334.413344ms
2025/08/05 10:40:28 Run 7 complete
2025/08/05 10:40:28 StationSystem update...
2025/08/05 10:40:28 weather update count: 900
2025/08/05 10:40:28 StationSystem update time: 3.482µs
2025/08/05 10:40:28 SatelliteSystem update...
2025/08/05 10:40:28 satellite count: 1300
2025/08/05 10:40:28 SatelliteSystem update time: 4.919318ms
2025/08/05 10:40:28 TopoSystem update...
2025/08/05 10:40:28 TopoSystem: Link count: 1170000
2025/08/05 10:40:28 TopoSystem update time: 19.128567ms
2025/08/05 10:40:28 AttenuationSystem update...
2025/08/05 10:40:28 AttenuationSystem parallel flag: 0
2025/08/05 10:40:29 Attenuation computed count: 1170000
2025/08/05 10:40:29 AttenuationSystem update time: 327.20408ms
2025/08/05 10:40:29 Run 8 complete
2025/08/05 10:40:29 StationSystem update...
2025/08/05 10:40:29 weather update count: 900
2025/08/05 10:40:29 StationSystem update time: 3.527µs
2025/08/05 10:40:29 SatelliteSystem update...
2025/08/05 10:40:29 satellite count: 1300
2025/08/05 10:40:29 SatelliteSystem update time: 3.654505ms
2025/08/05 10:40:29 TopoSystem update...
2025/08/05 10:40:29 TopoSystem: Link count: 1170000
2025/08/05 10:40:29 TopoSystem update time: 14.547829ms
2025/08/05 10:40:29 AttenuationSystem update...
2025/08/05 10:40:29 AttenuationSystem parallel flag: 0
2025/08/05 10:40:29 Attenuation computed count: 1170000
2025/08/05 10:40:29 AttenuationSystem update time: 306.120426ms
2025/08/05 10:40:29 Run 9 complete
2025/08/05 10:40:29 StationSystem update...
2025/08/05 10:40:29 weather update count: 900
2025/08/05 10:40:29 StationSystem update time: 3.84µs
2025/08/05 10:40:29 SatelliteSystem update...
2025/08/05 10:40:29 satellite count: 1300
2025/08/05 10:40:29 SatelliteSystem update time: 4.920845ms
2025/08/05 10:40:29 TopoSystem update...
2025/08/05 10:40:29 TopoSystem: Link count: 1170000
2025/08/05 10:40:29 TopoSystem update time: 18.12867ms
2025/08/05 10:40:29 AttenuationSystem update...
2025/08/05 10:40:29 AttenuationSystem parallel flag: 0
2025/08/05 10:40:29 Attenuation computed count: 1170000
2025/08/05 10:40:29 AttenuationSystem update time: 313.963084ms
2025/08/05 10:40:29 Run 10 complete
2025/08/05 10:40:29 Total update time:  3.593402771s
2025/08/05 10:40:29 linkCache size: 40

 Performance counter stats for './scale_ecs 900 1300 10 4 8 0':

        24,156,078      cache-references                                                      
         4,966,290      cache-misses                     #   20.56% of all cache refs         

       3.601377134 seconds time elapsed

      23.952006000 seconds user
       0.066986000 seconds sys


