ECS running with 600 stations, 1600 satellites, 8 numWGs and 2 numBlocks for 10 rounds in 0 parallel pattern
2025/08/05 08:42:37 StationSystem update...
2025/08/05 08:42:37 weather update count: 600
2025/08/05 08:42:37 SatelliteSystem update...
2025/08/05 08:42:37 StationSystem update time: 5.766µs
2025/08/05 08:42:37 satellite count: 1600
2025/08/05 08:42:37 SatelliteSystem update time: 6.068387ms
2025/08/05 08:42:37 TopoSystem update...
2025/08/05 08:42:37 TopoSystem: Link count: 960000
2025/08/05 08:42:37 TopoSystem update time: 22.96401ms
2025/08/05 08:42:37 AttenuationSystem update...
2025/08/05 08:42:37 AttenuationSystem parallel flag: 0
2025/08/05 08:42:38 Attenuation computed count: 960000
2025/08/05 08:42:38 AttenuationSystem update time: 971.457779ms
2025/08/05 08:42:38 Run 1 complete
2025/08/05 08:42:38 StationSystem update...
2025/08/05 08:42:38 weather update count: 600
2025/08/05 08:42:38 StationSystem update time: 2.284µs
2025/08/05 08:42:38 SatelliteSystem update...
2025/08/05 08:42:38 satellite count: 1600
2025/08/05 08:42:38 SatelliteSystem update time: 6.055655ms
2025/08/05 08:42:38 TopoSystem update...
2025/08/05 08:42:38 TopoSystem: Link count: 960000
2025/08/05 08:42:38 TopoSystem update time: 33.942759ms
2025/08/05 08:42:38 AttenuationSystem update...
2025/08/05 08:42:38 AttenuationSystem parallel flag: 0
2025/08/05 08:42:39 Attenuation computed count: 960000
2025/08/05 08:42:39 AttenuationSystem update time: 1.100390814s
2025/08/05 08:42:39 Run 2 complete
2025/08/05 08:42:39 StationSystem update...
2025/08/05 08:42:39 weather update count: 600
2025/08/05 08:42:39 StationSystem update time: 2.962µs
2025/08/05 08:42:39 SatelliteSystem update...
2025/08/05 08:42:39 satellite count: 1600
2025/08/05 08:42:39 SatelliteSystem update time: 14.555776ms
2025/08/05 08:42:39 TopoSystem update...
2025/08/05 08:42:39 TopoSystem: Link count: 960000
2025/08/05 08:42:39 TopoSystem update time: 11.568611ms
2025/08/05 08:42:39 AttenuationSystem update...
2025/08/05 08:42:39 AttenuationSystem parallel flag: 0
2025/08/05 08:42:40 Attenuation computed count: 960000
2025/08/05 08:42:40 AttenuationSystem update time: 1.134490215s
2025/08/05 08:42:40 Run 3 complete
2025/08/05 08:42:40 StationSystem update...
2025/08/05 08:42:40 weather update count: 600
2025/08/05 08:42:40 StationSystem update time: 3.423µs
2025/08/05 08:42:40 SatelliteSystem update...
2025/08/05 08:42:40 satellite count: 1600
2025/08/05 08:42:40 SatelliteSystem update time: 15.126333ms
2025/08/05 08:42:40 TopoSystem update...
2025/08/05 08:42:40 TopoSystem: Link count: 960000
2025/08/05 08:42:40 TopoSystem update time: 16.212889ms
2025/08/05 08:42:40 AttenuationSystem update...
2025/08/05 08:42:40 AttenuationSystem parallel flag: 0
2025/08/05 08:42:41 Attenuation computed count: 960000
2025/08/05 08:42:41 AttenuationSystem update time: 849.833496ms
2025/08/05 08:42:41 Run 4 complete
2025/08/05 08:42:41 StationSystem update...
2025/08/05 08:42:41 weather update count: 600
2025/08/05 08:42:41 StationSystem update time: 2.375µs
2025/08/05 08:42:41 SatelliteSystem update...
2025/08/05 08:42:41 satellite count: 1600
2025/08/05 08:42:41 SatelliteSystem update time: 4.513278ms
2025/08/05 08:42:41 TopoSystem update...
2025/08/05 08:42:41 TopoSystem: Link count: 960000
2025/08/05 08:42:41 TopoSystem update time: 11.161551ms
2025/08/05 08:42:41 AttenuationSystem update...
2025/08/05 08:42:41 AttenuationSystem parallel flag: 0
2025/08/05 08:42:42 Attenuation computed count: 960000
2025/08/05 08:42:42 AttenuationSystem update time: 934.917807ms
2025/08/05 08:42:42 Run 5 complete
2025/08/05 08:42:42 StationSystem update...
2025/08/05 08:42:42 weather update count: 600
2025/08/05 08:42:42 StationSystem update time: 7.978µs
2025/08/05 08:42:42 SatelliteSystem update...
2025/08/05 08:42:42 satellite count: 1600
2025/08/05 08:42:42 SatelliteSystem update time: 4.507544ms
2025/08/05 08:42:42 TopoSystem update...
2025/08/05 08:42:42 TopoSystem: Link count: 960000
2025/08/05 08:42:42 TopoSystem update time: 14.894423ms
2025/08/05 08:42:42 AttenuationSystem update...
2025/08/05 08:42:42 AttenuationSystem parallel flag: 0
2025/08/05 08:42:43 Attenuation computed count: 960000
2025/08/05 08:42:43 AttenuationSystem update time: 1.023311597s
2025/08/05 08:42:43 Run 6 complete
2025/08/05 08:42:43 StationSystem update...
2025/08/05 08:42:43 weather update count: 600
2025/08/05 08:42:43 StationSystem update time: 2.282µs
2025/08/05 08:42:43 SatelliteSystem update...
2025/08/05 08:42:43 satellite count: 1600
2025/08/05 08:42:43 SatelliteSystem update time: 9.589289ms
2025/08/05 08:42:43 TopoSystem update...
2025/08/05 08:42:43 TopoSystem: Link count: 960000
2025/08/05 08:42:43 TopoSystem update time: 12.069333ms
2025/08/05 08:42:43 AttenuationSystem update...
2025/08/05 08:42:43 AttenuationSystem parallel flag: 0
2025/08/05 08:42:44 Attenuation computed count: 960000
2025/08/05 08:42:44 AttenuationSystem update time: 1.126711023s
2025/08/05 08:42:44 Run 7 complete
2025/08/05 08:42:44 StationSystem update...
2025/08/05 08:42:44 weather update count: 600
2025/08/05 08:42:44 StationSystem update time: 3.105µs
2025/08/05 08:42:44 SatelliteSystem update...
2025/08/05 08:42:44 satellite count: 1600
2025/08/05 08:42:44 SatelliteSystem update time: 6.05116ms
2025/08/05 08:42:44 TopoSystem update...
2025/08/05 08:42:44 TopoSystem: Link count: 960000
2025/08/05 08:42:44 TopoSystem update time: 32.724683ms
2025/08/05 08:42:44 AttenuationSystem update...
2025/08/05 08:42:44 AttenuationSystem parallel flag: 0
2025/08/05 08:42:45 Attenuation computed count: 960000
2025/08/05 08:42:45 AttenuationSystem update time: 1.129818732s
2025/08/05 08:42:45 Run 8 complete
2025/08/05 08:42:45 StationSystem update...
2025/08/05 08:42:45 weather update count: 600
2025/08/05 08:42:45 StationSystem update time: 3.009µs
2025/08/05 08:42:45 SatelliteSystem update...
2025/08/05 08:42:45 satellite count: 1600
2025/08/05 08:42:45 SatelliteSystem update time: 6.067932ms
2025/08/05 08:42:45 TopoSystem update...
2025/08/05 08:42:45 TopoSystem: Link count: 960000
2025/08/05 08:42:45 TopoSystem update time: 14.516853ms
2025/08/05 08:42:45 AttenuationSystem update...
2025/08/05 08:42:45 AttenuationSystem parallel flag: 0
2025/08/05 08:42:46 Attenuation computed count: 960000
2025/08/05 08:42:46 AttenuationSystem update time: 1.106476718s
2025/08/05 08:42:46 Run 9 complete
2025/08/05 08:42:46 StationSystem update...
2025/08/05 08:42:46 weather update count: 600
2025/08/05 08:42:46 StationSystem update time: 3.362µs
2025/08/05 08:42:46 SatelliteSystem update...
2025/08/05 08:42:46 satellite count: 1600
2025/08/05 08:42:46 SatelliteSystem update time: 15.133486ms
2025/08/05 08:42:46 TopoSystem update...
2025/08/05 08:42:46 TopoSystem: Link count: 960000
2025/08/05 08:42:46 TopoSystem update time: 16.317597ms
2025/08/05 08:42:46 AttenuationSystem update...
2025/08/05 08:42:46 AttenuationSystem parallel flag: 0
2025/08/05 08:42:47 Attenuation computed count: 960000
2025/08/05 08:42:47 AttenuationSystem update time: 1.128523795s
2025/08/05 08:42:47 Run 10 complete
2025/08/05 08:42:47 Total update time:  10.788777578s
2025/08/05 08:42:47 linkCache size: 40

 Performance counter stats for './scale_ecs 600 1600 10 8 2 0':

        20,550,264      cache-references                                                      
         5,066,568      cache-misses                     #   24.65% of all cache refs         

      10.799585014 seconds time elapsed

      19.748497000 seconds user
       0.067059000 seconds sys


