ECS running with 900 stations, 1100 satellites, 2 numWGs and 2 numBlocks for 10 rounds in 1 parallel pattern
2025/08/05 10:34:25 StationSystem update...
2025/08/05 10:34:25 weather update count: 900
2025/08/05 10:34:25 SatelliteSystem update...
2025/08/05 10:34:25 StationSystem update time: 4.372µs
2025/08/05 10:34:25 satellite count: 1100
2025/08/05 10:34:25 SatelliteSystem update time: 4.170966ms
2025/08/05 10:34:25 TopoSystem update...
2025/08/05 10:34:25 TopoSystem: Link count: 990000
2025/08/05 10:34:25 TopoSystem update time: 26.368482ms
2025/08/05 10:34:25 AttenuationSystem update...
2025/08/05 10:34:25 AttenuationSystem parallel flag: 1
2025/08/05 10:34:26 Attenuation computed count: 990000
2025/08/05 10:34:26 AttenuationSystem update time: 876.070399ms
2025/08/05 10:34:26 Run 1 complete
2025/08/05 10:34:26 StationSystem update...
2025/08/05 10:34:26 weather update count: 900
2025/08/05 10:34:26 StationSystem update time: 3.151µs
2025/08/05 10:34:26 SatelliteSystem update...
2025/08/05 10:34:26 satellite count: 1100
2025/08/05 10:34:26 SatelliteSystem update time: 4.360609ms
2025/08/05 10:34:26 TopoSystem update...
2025/08/05 10:34:26 TopoSystem: Link count: 990000
2025/08/05 10:34:26 TopoSystem update time: 22.489626ms
2025/08/05 10:34:26 AttenuationSystem update...
2025/08/05 10:34:26 AttenuationSystem parallel flag: 1
2025/08/05 10:34:27 Attenuation computed count: 990000
2025/08/05 10:34:27 AttenuationSystem update time: 993.793394ms
2025/08/05 10:34:27 Run 2 complete
2025/08/05 10:34:27 StationSystem update...
2025/08/05 10:34:27 weather update count: 900
2025/08/05 10:34:27 StationSystem update time: 3.504µs
2025/08/05 10:34:27 SatelliteSystem update...
2025/08/05 10:34:27 satellite count: 1100
2025/08/05 10:34:27 SatelliteSystem update time: 3.14818ms
2025/08/05 10:34:27 TopoSystem update...
2025/08/05 10:34:27 TopoSystem: Link count: 990000
2025/08/05 10:34:27 TopoSystem update time: 16.011233ms
2025/08/05 10:34:27 AttenuationSystem update...
2025/08/05 10:34:27 AttenuationSystem parallel flag: 1
2025/08/05 10:34:28 Attenuation computed count: 990000
2025/08/05 10:34:28 AttenuationSystem update time: 1.001882531s
2025/08/05 10:34:28 Run 3 complete
2025/08/05 10:34:28 StationSystem update...
2025/08/05 10:34:28 weather update count: 900
2025/08/05 10:34:28 StationSystem update time: 3.205µs
2025/08/05 10:34:28 SatelliteSystem update...
2025/08/05 10:34:28 satellite count: 1100
2025/08/05 10:34:28 SatelliteSystem update time: 3.107398ms
2025/08/05 10:34:28 TopoSystem update...
2025/08/05 10:34:28 TopoSystem: Link count: 990000
2025/08/05 10:34:28 TopoSystem update time: 12.927066ms
2025/08/05 10:34:28 AttenuationSystem update...
2025/08/05 10:34:28 AttenuationSystem parallel flag: 1
2025/08/05 10:34:29 Attenuation computed count: 990000
2025/08/05 10:34:29 AttenuationSystem update time: 848.792473ms
2025/08/05 10:34:29 Run 4 complete
2025/08/05 10:34:29 StationSystem update...
2025/08/05 10:34:29 weather update count: 900
2025/08/05 10:34:29 StationSystem update time: 3.517µs
2025/08/05 10:34:29 SatelliteSystem update...
2025/08/05 10:34:29 satellite count: 1100
2025/08/05 10:34:29 SatelliteSystem update time: 3.098667ms
2025/08/05 10:34:29 TopoSystem update...
2025/08/05 10:34:29 TopoSystem: Link count: 990000
2025/08/05 10:34:29 TopoSystem update time: 13.914056ms
2025/08/05 10:34:29 AttenuationSystem update...
2025/08/05 10:34:29 AttenuationSystem parallel flag: 1
2025/08/05 10:34:30 Attenuation computed count: 990000
2025/08/05 10:34:30 AttenuationSystem update time: 1.033745669s
2025/08/05 10:34:30 Run 5 complete
2025/08/05 10:34:30 StationSystem update...
2025/08/05 10:34:30 weather update count: 900
2025/08/05 10:34:30 StationSystem update time: 3.204µs
2025/08/05 10:34:30 SatelliteSystem update...
2025/08/05 10:34:30 satellite count: 1100
2025/08/05 10:34:30 SatelliteSystem update time: 3.724821ms
2025/08/05 10:34:30 TopoSystem update...
2025/08/05 10:34:30 TopoSystem: Link count: 990000
2025/08/05 10:34:30 TopoSystem update time: 36.280391ms
2025/08/05 10:34:30 AttenuationSystem update...
2025/08/05 10:34:30 AttenuationSystem parallel flag: 1
2025/08/05 10:34:31 Attenuation computed count: 990000
2025/08/05 10:34:31 AttenuationSystem update time: 1.109522516s
2025/08/05 10:34:31 Run 6 complete
2025/08/05 10:34:31 StationSystem update...
2025/08/05 10:34:31 weather update count: 900
2025/08/05 10:34:31 StationSystem update time: 3.006µs
2025/08/05 10:34:31 SatelliteSystem update...
2025/08/05 10:34:31 satellite count: 1100
2025/08/05 10:34:31 SatelliteSystem update time: 10.402133ms
2025/08/05 10:34:31 TopoSystem update...
2025/08/05 10:34:31 TopoSystem: Link count: 990000
2025/08/05 10:34:31 TopoSystem update time: 36.205459ms
2025/08/05 10:34:31 AttenuationSystem update...
2025/08/05 10:34:31 AttenuationSystem parallel flag: 1
2025/08/05 10:34:32 Attenuation computed count: 990000
2025/08/05 10:34:32 AttenuationSystem update time: 1.160153486s
2025/08/05 10:34:32 Run 7 complete
2025/08/05 10:34:32 StationSystem update...
2025/08/05 10:34:32 weather update count: 900
2025/08/05 10:34:32 StationSystem update time: 3.842µs
2025/08/05 10:34:32 SatelliteSystem update...
2025/08/05 10:34:32 satellite count: 1100
2025/08/05 10:34:32 SatelliteSystem update time: 4.184412ms
2025/08/05 10:34:32 TopoSystem update...
2025/08/05 10:34:32 TopoSystem: Link count: 990000
2025/08/05 10:34:32 TopoSystem update time: 15.1362ms
2025/08/05 10:34:32 AttenuationSystem update...
2025/08/05 10:34:32 AttenuationSystem parallel flag: 1
2025/08/05 10:34:34 Attenuation computed count: 990000
2025/08/05 10:34:34 AttenuationSystem update time: 1.129995378s
2025/08/05 10:34:34 Run 8 complete
2025/08/05 10:34:34 StationSystem update...
2025/08/05 10:34:34 weather update count: 900
2025/08/05 10:34:34 StationSystem update time: 3.703µs
2025/08/05 10:34:34 SatelliteSystem update...
2025/08/05 10:34:34 satellite count: 1100
2025/08/05 10:34:34 SatelliteSystem update time: 6.510218ms
2025/08/05 10:34:34 TopoSystem update...
2025/08/05 10:34:34 TopoSystem: Link count: 990000
2025/08/05 10:34:34 TopoSystem update time: 37.006296ms
2025/08/05 10:34:34 AttenuationSystem update...
2025/08/05 10:34:34 AttenuationSystem parallel flag: 1
2025/08/05 10:34:34 Attenuation computed count: 990000
2025/08/05 10:34:34 AttenuationSystem update time: 892.254019ms
2025/08/05 10:34:34 Run 9 complete
2025/08/05 10:34:34 StationSystem update...
2025/08/05 10:34:34 weather update count: 900
2025/08/05 10:34:34 StationSystem update time: 3.015µs
2025/08/05 10:34:34 SatelliteSystem update...
2025/08/05 10:34:34 satellite count: 1100
2025/08/05 10:34:34 SatelliteSystem update time: 3.103012ms
2025/08/05 10:34:34 TopoSystem update...
2025/08/05 10:34:35 TopoSystem: Link count: 990000
2025/08/05 10:34:35 TopoSystem update time: 35.957716ms
2025/08/05 10:34:35 AttenuationSystem update...
2025/08/05 10:34:35 AttenuationSystem parallel flag: 1
2025/08/05 10:34:36 Attenuation computed count: 990000
2025/08/05 10:34:36 AttenuationSystem update time: 1.163191664s
2025/08/05 10:34:36 Run 10 complete
2025/08/05 10:34:36 Total update time:  10.513769471s
2025/08/05 10:34:36 linkCache size: 40

 Performance counter stats for './scale_ecs 900 1100 10 2 2 1':

        21,152,361      cache-references                                                      
         5,381,809      cache-misses                     #   25.44% of all cache refs         

      10.525638248 seconds time elapsed

      19.818827000 seconds user
       0.082015000 seconds sys


