ECS running with 600 stations, 1700 satellites, 4 numWGs and 2 numBlocks for 10 rounds in 1 parallel pattern
2025/08/05 08:44:00 StationSystem update...
2025/08/05 08:44:00 weather update count: 600
2025/08/05 08:44:00 StationSystem update time: 4.466µs
2025/08/05 08:44:00 SatelliteSystem update...
2025/08/05 08:44:00 satellite count: 1700
2025/08/05 08:44:00 SatelliteSystem update time: 6.445665ms
2025/08/05 08:44:00 TopoSystem update...
2025/08/05 08:44:00 TopoSystem: Link count: 1020000
2025/08/05 08:44:00 TopoSystem update time: 26.748261ms
2025/08/05 08:44:00 AttenuationSystem update...
2025/08/05 08:44:00 AttenuationSystem parallel flag: 1
2025/08/05 08:44:00 Attenuation computed count: 1020000
2025/08/05 08:44:00 AttenuationSystem update time: 582.471337ms
2025/08/05 08:44:00 Run 1 complete
2025/08/05 08:44:00 StationSystem update...
2025/08/05 08:44:00 weather update count: 600
2025/08/05 08:44:00 StationSystem update time: 3.156µs
2025/08/05 08:44:00 SatelliteSystem update...
2025/08/05 08:44:00 satellite count: 1700
2025/08/05 08:44:00 SatelliteSystem update time: 4.76821ms
2025/08/05 08:44:00 TopoSystem update...
2025/08/05 08:44:00 TopoSystem: Link count: 1020000
2025/08/05 08:44:00 TopoSystem update time: 18.297596ms
2025/08/05 08:44:00 AttenuationSystem update...
2025/08/05 08:44:00 AttenuationSystem parallel flag: 1
2025/08/05 08:44:01 Attenuation computed count: 1020000
2025/08/05 08:44:01 AttenuationSystem update time: 615.21879ms
2025/08/05 08:44:01 Run 2 complete
2025/08/05 08:44:01 StationSystem update...
2025/08/05 08:44:01 weather update count: 600
2025/08/05 08:44:01 StationSystem update time: 2.91µs
2025/08/05 08:44:01 SatelliteSystem update...
2025/08/05 08:44:01 satellite count: 1700
2025/08/05 08:44:01 SatelliteSystem update time: 4.764747ms
2025/08/05 08:44:01 TopoSystem update...
2025/08/05 08:44:01 TopoSystem: Link count: 1020000
2025/08/05 08:44:01 TopoSystem update time: 16.161857ms
2025/08/05 08:44:01 AttenuationSystem update...
2025/08/05 08:44:01 AttenuationSystem parallel flag: 1
2025/08/05 08:44:01 Attenuation computed count: 1020000
2025/08/05 08:44:01 AttenuationSystem update time: 581.701098ms
2025/08/05 08:44:01 Run 3 complete
2025/08/05 08:44:01 StationSystem update...
2025/08/05 08:44:01 weather update count: 600
2025/08/05 08:44:01 StationSystem update time: 3.171µs
2025/08/05 08:44:01 SatelliteSystem update...
2025/08/05 08:44:02 satellite count: 1700
2025/08/05 08:44:02 SatelliteSystem update time: 6.4373ms
2025/08/05 08:44:02 TopoSystem update...
2025/08/05 08:44:02 TopoSystem: Link count: 1020000
2025/08/05 08:44:02 TopoSystem update time: 35.053888ms
2025/08/05 08:44:02 AttenuationSystem update...
2025/08/05 08:44:02 AttenuationSystem parallel flag: 1
2025/08/05 08:44:02 Attenuation computed count: 1020000
2025/08/05 08:44:02 AttenuationSystem update time: 597.781718ms
2025/08/05 08:44:02 Run 4 complete
2025/08/05 08:44:02 StationSystem update...
2025/08/05 08:44:02 weather update count: 600
2025/08/05 08:44:02 StationSystem update time: 3.21µs
2025/08/05 08:44:02 SatelliteSystem update...
2025/08/05 08:44:02 satellite count: 1700
2025/08/05 08:44:02 SatelliteSystem update time: 6.429693ms
2025/08/05 08:44:02 TopoSystem update...
2025/08/05 08:44:02 TopoSystem: Link count: 1020000
2025/08/05 08:44:02 TopoSystem update time: 15.188372ms
2025/08/05 08:44:02 AttenuationSystem update...
2025/08/05 08:44:02 AttenuationSystem parallel flag: 1
2025/08/05 08:44:03 Attenuation computed count: 1020000
2025/08/05 08:44:03 AttenuationSystem update time: 596.095255ms
2025/08/05 08:44:03 Run 5 complete
2025/08/05 08:44:03 StationSystem update...
2025/08/05 08:44:03 weather update count: 600
2025/08/05 08:44:03 StationSystem update time: 3.052µs
2025/08/05 08:44:03 SatelliteSystem update...
2025/08/05 08:44:03 satellite count: 1700
2025/08/05 08:44:03 SatelliteSystem update time: 6.435814ms
2025/08/05 08:44:03 TopoSystem update...
2025/08/05 08:44:03 TopoSystem: Link count: 1020000
2025/08/05 08:44:03 TopoSystem update time: 11.960346ms
2025/08/05 08:44:03 AttenuationSystem update...
2025/08/05 08:44:03 AttenuationSystem parallel flag: 1
2025/08/05 08:44:03 Attenuation computed count: 1020000
2025/08/05 08:44:03 AttenuationSystem update time: 569.430846ms
2025/08/05 08:44:03 Run 6 complete
2025/08/05 08:44:03 StationSystem update...
2025/08/05 08:44:03 weather update count: 600
2025/08/05 08:44:03 StationSystem update time: 3.117µs
2025/08/05 08:44:03 SatelliteSystem update...
2025/08/05 08:44:03 satellite count: 1700
2025/08/05 08:44:03 SatelliteSystem update time: 5.290529ms
2025/08/05 08:44:03 TopoSystem update...
2025/08/05 08:44:03 TopoSystem: Link count: 1020000
2025/08/05 08:44:03 TopoSystem update time: 15.06441ms
2025/08/05 08:44:03 AttenuationSystem update...
2025/08/05 08:44:03 AttenuationSystem parallel flag: 1
2025/08/05 08:44:04 Attenuation computed count: 1020000
2025/08/05 08:44:04 AttenuationSystem update time: 698.279528ms
2025/08/05 08:44:04 Run 7 complete
2025/08/05 08:44:04 StationSystem update...
2025/08/05 08:44:04 weather update count: 600
2025/08/05 08:44:04 StationSystem update time: 3.008µs
2025/08/05 08:44:04 SatelliteSystem update...
2025/08/05 08:44:04 satellite count: 1700
2025/08/05 08:44:04 SatelliteSystem update time: 9.216537ms
2025/08/05 08:44:04 TopoSystem update...
2025/08/05 08:44:04 TopoSystem: Link count: 1020000
2025/08/05 08:44:04 TopoSystem update time: 12.414895ms
2025/08/05 08:44:04 AttenuationSystem update...
2025/08/05 08:44:04 AttenuationSystem parallel flag: 1
2025/08/05 08:44:05 Attenuation computed count: 1020000
2025/08/05 08:44:05 AttenuationSystem update time: 618.111705ms
2025/08/05 08:44:05 Run 8 complete
2025/08/05 08:44:05 StationSystem update...
2025/08/05 08:44:05 SatelliteSystem update...
2025/08/05 08:44:05 weather update count: 600
2025/08/05 08:44:05 StationSystem update time: 4.281µs
2025/08/05 08:44:05 satellite count: 1700
2025/08/05 08:44:05 SatelliteSystem update time: 4.771454ms
2025/08/05 08:44:05 TopoSystem update...
2025/08/05 08:44:05 TopoSystem: Link count: 1020000
2025/08/05 08:44:05 TopoSystem update time: 11.739702ms
2025/08/05 08:44:05 AttenuationSystem update...
2025/08/05 08:44:05 AttenuationSystem parallel flag: 1
2025/08/05 08:44:05 Attenuation computed count: 1020000
2025/08/05 08:44:05 AttenuationSystem update time: 623.420621ms
2025/08/05 08:44:05 Run 9 complete
2025/08/05 08:44:05 StationSystem update...
2025/08/05 08:44:05 weather update count: 600
2025/08/05 08:44:05 StationSystem update time: 3.235µs
2025/08/05 08:44:05 SatelliteSystem update...
2025/08/05 08:44:05 satellite count: 1700
2025/08/05 08:44:05 SatelliteSystem update time: 6.428703ms
2025/08/05 08:44:05 TopoSystem update...
2025/08/05 08:44:05 TopoSystem: Link count: 1020000
2025/08/05 08:44:05 TopoSystem update time: 34.390472ms
2025/08/05 08:44:05 AttenuationSystem update...
2025/08/05 08:44:05 AttenuationSystem parallel flag: 1
2025/08/05 08:44:06 Attenuation computed count: 1020000
2025/08/05 08:44:06 AttenuationSystem update time: 621.589757ms
2025/08/05 08:44:06 Run 10 complete
2025/08/05 08:44:06 Total update time:  6.37050745s
2025/08/05 08:44:06 linkCache size: 40

 Performance counter stats for './scale_ecs 600 1700 10 4 2 1':

        21,588,683      cache-references                                                      
         4,601,466      cache-misses                     #   21.31% of all cache refs         

       6.378134153 seconds time elapsed

      21.462009000 seconds user
       0.055012000 seconds sys


