ECS running with 900 stations, 1700 satellites, 2 numWGs and 8 numBlocks for 10 rounds in 0 parallel pattern
2025/08/05 10:50:30 StationSystem update...
2025/08/05 10:50:30 SatelliteSystem update...
2025/08/05 10:50:30 weather update count: 900
2025/08/05 10:50:30 StationSystem update time: 7.877µs
2025/08/05 10:50:30 satellite count: 1700
2025/08/05 10:50:30 SatelliteSystem update time: 6.471229ms
2025/08/05 10:50:30 TopoSystem update...
2025/08/05 10:50:30 TopoSystem: Link count: 1530000
2025/08/05 10:50:30 TopoSystem update time: 45.751601ms
2025/08/05 10:50:30 AttenuationSystem update...
2025/08/05 10:50:30 AttenuationSystem parallel flag: 0
2025/08/05 10:50:31 Attenuation computed count: 1530000
2025/08/05 10:50:31 AttenuationSystem update time: 444.642725ms
2025/08/05 10:50:31 Run 1 complete
2025/08/05 10:50:31 StationSystem update...
2025/08/05 10:50:31 weather update count: 900
2025/08/05 10:50:31 StationSystem update time: 3.384µs
2025/08/05 10:50:31 SatelliteSystem update...
2025/08/05 10:50:31 satellite count: 1700
2025/08/05 10:50:31 SatelliteSystem update time: 6.433123ms
2025/08/05 10:50:31 TopoSystem update...
2025/08/05 10:50:31 TopoSystem: Link count: 1530000
2025/08/05 10:50:31 TopoSystem update time: 43.642856ms
2025/08/05 10:50:31 AttenuationSystem update...
2025/08/05 10:50:31 AttenuationSystem parallel flag: 0
2025/08/05 10:50:31 Attenuation computed count: 1530000
2025/08/05 10:50:31 AttenuationSystem update time: 441.179218ms
2025/08/05 10:50:31 Run 2 complete
2025/08/05 10:50:31 StationSystem update...
2025/08/05 10:50:31 weather update count: 900
2025/08/05 10:50:31 StationSystem update time: 3.866µs
2025/08/05 10:50:31 SatelliteSystem update...
2025/08/05 10:50:31 satellite count: 1700
2025/08/05 10:50:31 SatelliteSystem update time: 6.433457ms
2025/08/05 10:50:31 TopoSystem update...
2025/08/05 10:50:31 TopoSystem: Link count: 1530000
2025/08/05 10:50:31 TopoSystem update time: 23.194999ms
2025/08/05 10:50:31 AttenuationSystem update...
2025/08/05 10:50:31 AttenuationSystem parallel flag: 0
2025/08/05 10:50:32 Attenuation computed count: 1530000
2025/08/05 10:50:32 AttenuationSystem update time: 471.39162ms
2025/08/05 10:50:32 Run 3 complete
2025/08/05 10:50:32 StationSystem update...
2025/08/05 10:50:32 weather update count: 900
2025/08/05 10:50:32 StationSystem update time: 4.178µs
2025/08/05 10:50:32 SatelliteSystem update...
2025/08/05 10:50:32 satellite count: 1700
2025/08/05 10:50:32 SatelliteSystem update time: 6.857588ms
2025/08/05 10:50:32 TopoSystem update...
2025/08/05 10:50:32 TopoSystem: Link count: 1530000
2025/08/05 10:50:32 TopoSystem update time: 22.826125ms
2025/08/05 10:50:32 AttenuationSystem update...
2025/08/05 10:50:32 AttenuationSystem parallel flag: 0
2025/08/05 10:50:32 Attenuation computed count: 1530000
2025/08/05 10:50:32 AttenuationSystem update time: 508.242456ms
2025/08/05 10:50:32 Run 4 complete
2025/08/05 10:50:32 StationSystem update...
2025/08/05 10:50:32 weather update count: 900
2025/08/05 10:50:32 StationSystem update time: 3.688µs
2025/08/05 10:50:32 SatelliteSystem update...
2025/08/05 10:50:32 satellite count: 1700
2025/08/05 10:50:32 SatelliteSystem update time: 6.425933ms
2025/08/05 10:50:32 TopoSystem update...
2025/08/05 10:50:32 TopoSystem: Link count: 1530000
2025/08/05 10:50:32 TopoSystem update time: 23.15214ms
2025/08/05 10:50:32 AttenuationSystem update...
2025/08/05 10:50:32 AttenuationSystem parallel flag: 0
2025/08/05 10:50:33 Attenuation computed count: 1530000
2025/08/05 10:50:33 AttenuationSystem update time: 448.175096ms
2025/08/05 10:50:33 Run 5 complete
2025/08/05 10:50:33 StationSystem update...
2025/08/05 10:50:33 weather update count: 900
2025/08/05 10:50:33 StationSystem update time: 3.85µs
2025/08/05 10:50:33 SatelliteSystem update...
2025/08/05 10:50:33 satellite count: 1700
2025/08/05 10:50:33 SatelliteSystem update time: 6.448845ms
2025/08/05 10:50:33 TopoSystem update...
2025/08/05 10:50:33 TopoSystem: Link count: 1530000
2025/08/05 10:50:33 TopoSystem update time: 24.004624ms
2025/08/05 10:50:33 AttenuationSystem update...
2025/08/05 10:50:33 AttenuationSystem parallel flag: 0
2025/08/05 10:50:33 Attenuation computed count: 1530000
2025/08/05 10:50:33 AttenuationSystem update time: 460.251909ms
2025/08/05 10:50:33 Run 6 complete
2025/08/05 10:50:33 StationSystem update...
2025/08/05 10:50:33 weather update count: 900
2025/08/05 10:50:33 StationSystem update time: 3.974µs
2025/08/05 10:50:33 SatelliteSystem update...
2025/08/05 10:50:33 satellite count: 1700
2025/08/05 10:50:33 SatelliteSystem update time: 6.440182ms
2025/08/05 10:50:33 TopoSystem update...
2025/08/05 10:50:33 TopoSystem: Link count: 1530000
2025/08/05 10:50:33 TopoSystem update time: 21.78999ms
2025/08/05 10:50:33 AttenuationSystem update...
2025/08/05 10:50:33 AttenuationSystem parallel flag: 0
2025/08/05 10:50:34 Attenuation computed count: 1530000
2025/08/05 10:50:34 AttenuationSystem update time: 447.404328ms
2025/08/05 10:50:34 Run 7 complete
2025/08/05 10:50:34 StationSystem update...
2025/08/05 10:50:34 weather update count: 900
2025/08/05 10:50:34 StationSystem update time: 3.894µs
2025/08/05 10:50:34 SatelliteSystem update...
2025/08/05 10:50:34 satellite count: 1700
2025/08/05 10:50:34 SatelliteSystem update time: 4.790017ms
2025/08/05 10:50:34 TopoSystem update...
2025/08/05 10:50:34 TopoSystem: Link count: 1530000
2025/08/05 10:50:34 TopoSystem update time: 19.224339ms
2025/08/05 10:50:34 AttenuationSystem update...
2025/08/05 10:50:34 AttenuationSystem parallel flag: 0
2025/08/05 10:50:34 Attenuation computed count: 1530000
2025/08/05 10:50:34 AttenuationSystem update time: 429.200601ms
2025/08/05 10:50:34 Run 8 complete
2025/08/05 10:50:34 StationSystem update...
2025/08/05 10:50:34 weather update count: 900
2025/08/05 10:50:34 StationSystem update time: 3.698µs
2025/08/05 10:50:34 SatelliteSystem update...
2025/08/05 10:50:34 satellite count: 1700
2025/08/05 10:50:34 SatelliteSystem update time: 4.859099ms
2025/08/05 10:50:34 TopoSystem update...
2025/08/05 10:50:34 TopoSystem: Link count: 1530000
2025/08/05 10:50:34 TopoSystem update time: 18.383208ms
2025/08/05 10:50:34 AttenuationSystem update...
2025/08/05 10:50:34 AttenuationSystem parallel flag: 0
2025/08/05 10:50:35 Attenuation computed count: 1530000
2025/08/05 10:50:35 AttenuationSystem update time: 471.415468ms
2025/08/05 10:50:35 Run 9 complete
2025/08/05 10:50:35 StationSystem update...
2025/08/05 10:50:35 weather update count: 900
2025/08/05 10:50:35 StationSystem update time: 4.238µs
2025/08/05 10:50:35 SatelliteSystem update...
2025/08/05 10:50:35 satellite count: 1700
2025/08/05 10:50:35 SatelliteSystem update time: 6.430294ms
2025/08/05 10:50:35 TopoSystem update...
2025/08/05 10:50:35 TopoSystem: Link count: 1530000
2025/08/05 10:50:35 TopoSystem update time: 21.797616ms
2025/08/05 10:50:35 AttenuationSystem update...
2025/08/05 10:50:35 AttenuationSystem parallel flag: 0
2025/08/05 10:50:35 Attenuation computed count: 1530000
2025/08/05 10:50:35 AttenuationSystem update time: 454.89272ms
2025/08/05 10:50:35 Run 10 complete
2025/08/05 10:50:35 Total update time:  4.910839146s
2025/08/05 10:50:35 linkCache size: 40

 Performance counter stats for './scale_ecs 900 1700 10 2 8 0':

        31,402,249      cache-references                                                      
         7,087,584      cache-misses                     #   22.57% of all cache refs         

       4.920577518 seconds time elapsed

      30.901976000 seconds user
       0.095024000 seconds sys


