ECS running with 700 stations, 1800 satellites, 8 numWGs and 2 numBlocks for 10 rounds in 0 parallel pattern
2025/08/05 09:16:49 StationSystem update...
2025/08/05 09:16:49 weather update count: 700
2025/08/05 09:16:49 StationSystem update time: 4.849µs
2025/08/05 09:16:49 SatelliteSystem update...
2025/08/05 09:16:49 satellite count: 1800
2025/08/05 09:16:49 SatelliteSystem update time: 6.797608ms
2025/08/05 09:16:49 TopoSystem update...
2025/08/05 09:16:49 TopoSystem: Link count: 1260000
2025/08/05 09:16:49 TopoSystem update time: 30.10291ms
2025/08/05 09:16:49 AttenuationSystem update...
2025/08/05 09:16:49 AttenuationSystem parallel flag: 0
2025/08/05 09:16:50 Attenuation computed count: 1260000
2025/08/05 09:16:50 AttenuationSystem update time: 1.075839154s
2025/08/05 09:16:50 Run 1 complete
2025/08/05 09:16:50 StationSystem update...
2025/08/05 09:16:50 weather update count: 700
2025/08/05 09:16:50 StationSystem update time: 3.481µs
2025/08/05 09:16:50 SatelliteSystem update...
2025/08/05 09:16:50 satellite count: 1800
2025/08/05 09:16:50 SatelliteSystem update time: 5.047733ms
2025/08/05 09:16:50 TopoSystem update...
2025/08/05 09:16:50 TopoSystem: Link count: 1260000
2025/08/05 09:16:50 TopoSystem update time: 23.690399ms
2025/08/05 09:16:50 AttenuationSystem update...
2025/08/05 09:16:50 AttenuationSystem parallel flag: 0
2025/08/05 09:16:52 Attenuation computed count: 1260000
2025/08/05 09:16:52 AttenuationSystem update time: 1.246631024s
2025/08/05 09:16:52 Run 2 complete
2025/08/05 09:16:52 StationSystem update...
2025/08/05 09:16:52 weather update count: 700
2025/08/05 09:16:52 StationSystem update time: 2.551µs
2025/08/05 09:16:52 SatelliteSystem update...
2025/08/05 09:16:52 satellite count: 1800
2025/08/05 09:16:52 SatelliteSystem update time: 6.812337ms
2025/08/05 09:16:52 TopoSystem update...
2025/08/05 09:16:52 TopoSystem: Link count: 1260000
2025/08/05 09:16:52 TopoSystem update time: 16.403671ms
2025/08/05 09:16:52 AttenuationSystem update...
2025/08/05 09:16:52 AttenuationSystem parallel flag: 0
2025/08/05 09:16:53 Attenuation computed count: 1260000
2025/08/05 09:16:53 AttenuationSystem update time: 1.072772175s
2025/08/05 09:16:53 Run 3 complete
2025/08/05 09:16:53 StationSystem update...
2025/08/05 09:16:53 weather update count: 700
2025/08/05 09:16:53 StationSystem update time: 2.676µs
2025/08/05 09:16:53 SatelliteSystem update...
2025/08/05 09:16:53 satellite count: 1800
2025/08/05 09:16:53 SatelliteSystem update time: 5.067203ms
2025/08/05 09:16:53 TopoSystem update...
2025/08/05 09:16:53 TopoSystem: Link count: 1260000
2025/08/05 09:16:53 TopoSystem update time: 14.882265ms
2025/08/05 09:16:53 AttenuationSystem update...
2025/08/05 09:16:53 AttenuationSystem parallel flag: 0
2025/08/05 09:16:54 Attenuation computed count: 1260000
2025/08/05 09:16:54 AttenuationSystem update time: 1.317639536s
2025/08/05 09:16:54 Run 4 complete
2025/08/05 09:16:54 StationSystem update...
2025/08/05 09:16:54 weather update count: 700
2025/08/05 09:16:54 StationSystem update time: 3.606µs
2025/08/05 09:16:54 SatelliteSystem update...
2025/08/05 09:16:54 satellite count: 1800
2025/08/05 09:16:54 SatelliteSystem update time: 11.930337ms
2025/08/05 09:16:54 TopoSystem update...
2025/08/05 09:16:54 TopoSystem: Link count: 1260000
2025/08/05 09:16:54 TopoSystem update time: 36.449499ms
2025/08/05 09:16:54 AttenuationSystem update...
2025/08/05 09:16:54 AttenuationSystem parallel flag: 0
2025/08/05 09:16:55 Attenuation computed count: 1260000
2025/08/05 09:16:55 AttenuationSystem update time: 1.447344283s
2025/08/05 09:16:55 Run 5 complete
2025/08/05 09:16:55 StationSystem update...
2025/08/05 09:16:55 weather update count: 700
2025/08/05 09:16:55 StationSystem update time: 3.547µs
2025/08/05 09:16:55 SatelliteSystem update...
2025/08/05 09:16:55 satellite count: 1800
2025/08/05 09:16:55 SatelliteSystem update time: 17.037355ms
2025/08/05 09:16:55 TopoSystem update...
2025/08/05 09:16:56 TopoSystem: Link count: 1260000
2025/08/05 09:16:56 TopoSystem update time: 44.998068ms
2025/08/05 09:16:56 AttenuationSystem update...
2025/08/05 09:16:56 AttenuationSystem parallel flag: 0
2025/08/05 09:16:57 Attenuation computed count: 1260000
2025/08/05 09:16:57 AttenuationSystem update time: 1.477395983s
2025/08/05 09:16:57 Run 6 complete
2025/08/05 09:16:57 StationSystem update...
2025/08/05 09:16:57 weather update count: 700
2025/08/05 09:16:57 StationSystem update time: 3.673µs
2025/08/05 09:16:57 SatelliteSystem update...
2025/08/05 09:16:57 satellite count: 1800
2025/08/05 09:16:57 SatelliteSystem update time: 6.812923ms
2025/08/05 09:16:57 TopoSystem update...
2025/08/05 09:16:57 TopoSystem: Link count: 1260000
2025/08/05 09:16:57 TopoSystem update time: 19.1165ms
2025/08/05 09:16:57 AttenuationSystem update...
2025/08/05 09:16:57 AttenuationSystem parallel flag: 0
2025/08/05 09:16:58 Attenuation computed count: 1260000
2025/08/05 09:16:58 AttenuationSystem update time: 1.251207102s
2025/08/05 09:16:58 Run 7 complete
2025/08/05 09:16:58 StationSystem update...
2025/08/05 09:16:58 weather update count: 700
2025/08/05 09:16:58 StationSystem update time: 2.791µs
2025/08/05 09:16:58 SatelliteSystem update...
2025/08/05 09:16:58 satellite count: 1800
2025/08/05 09:16:58 SatelliteSystem update time: 5.049117ms
2025/08/05 09:16:58 TopoSystem update...
2025/08/05 09:16:58 TopoSystem: Link count: 1260000
2025/08/05 09:16:58 TopoSystem update time: 18.745107ms
2025/08/05 09:16:58 AttenuationSystem update...
2025/08/05 09:16:58 AttenuationSystem parallel flag: 0
2025/08/05 09:17:00 Attenuation computed count: 1260000
2025/08/05 09:17:00 AttenuationSystem update time: 1.470315291s
2025/08/05 09:17:00 Run 8 complete
2025/08/05 09:17:00 StationSystem update...
2025/08/05 09:17:00 weather update count: 700
2025/08/05 09:17:00 StationSystem update time: 3.611µs
2025/08/05 09:17:00 SatelliteSystem update...
2025/08/05 09:17:00 satellite count: 1800
2025/08/05 09:17:00 SatelliteSystem update time: 17.12314ms
2025/08/05 09:17:00 TopoSystem update...
2025/08/05 09:17:00 TopoSystem: Link count: 1260000
2025/08/05 09:17:00 TopoSystem update time: 44.601539ms
2025/08/05 09:17:00 AttenuationSystem update...
2025/08/05 09:17:00 AttenuationSystem parallel flag: 0
2025/08/05 09:17:01 Attenuation computed count: 1260000
2025/08/05 09:17:01 AttenuationSystem update time: 1.250704551s
2025/08/05 09:17:01 Run 9 complete
2025/08/05 09:17:01 StationSystem update...
2025/08/05 09:17:01 weather update count: 700
2025/08/05 09:17:01 StationSystem update time: 3.509µs
2025/08/05 09:17:01 SatelliteSystem update...
2025/08/05 09:17:01 satellite count: 1800
2025/08/05 09:17:01 SatelliteSystem update time: 5.102099ms
2025/08/05 09:17:01 TopoSystem update...
2025/08/05 09:17:01 TopoSystem: Link count: 1260000
2025/08/05 09:17:01 TopoSystem update time: 42.227283ms
2025/08/05 09:17:01 AttenuationSystem update...
2025/08/05 09:17:01 AttenuationSystem parallel flag: 0
2025/08/05 09:17:02 Attenuation computed count: 1260000
2025/08/05 09:17:02 AttenuationSystem update time: 1.30173677s
2025/08/05 09:17:02 Run 10 complete
2025/08/05 09:17:02 Total update time:  13.299234026s
2025/08/05 09:17:02 linkCache size: 40

 Performance counter stats for './scale_ecs 700 1800 10 8 2 0':

        26,541,173      cache-references                                                      
         6,403,179      cache-misses                     #   24.13% of all cache refs         

      13.307026622 seconds time elapsed

      25.312310000 seconds user
       0.069973000 seconds sys


