ECS running with 500 stations, 1000 satellites, 2 numWGs and 8 numBlocks for 10 rounds in 0 parallel pattern
2025/08/05 08:07:34 StationSystem update...
2025/08/05 08:07:34 weather update count: 500
2025/08/05 08:07:34 SatelliteSystem update...
2025/08/05 08:07:34 StationSystem update time: 4.551µs
2025/08/05 08:07:34 satellite count: 1000
2025/08/05 08:07:34 SatelliteSystem update time: 3.821417ms
2025/08/05 08:07:34 TopoSystem update...
2025/08/05 08:07:34 TopoSystem: Link count: 500000
2025/08/05 08:07:34 TopoSystem update time: 16.113106ms
2025/08/05 08:07:34 AttenuationSystem update...
2025/08/05 08:07:34 AttenuationSystem parallel flag: 0
2025/08/05 08:07:34 Attenuation computed count: 500000
2025/08/05 08:07:34 AttenuationSystem update time: 147.331102ms
2025/08/05 08:07:34 Run 1 complete
2025/08/05 08:07:34 StationSystem update...
2025/08/05 08:07:34 weather update count: 500
2025/08/05 08:07:34 StationSystem update time: 2.882µs
2025/08/05 08:07:34 SatelliteSystem update...
2025/08/05 08:07:34 satellite count: 1000
2025/08/05 08:07:34 SatelliteSystem update time: 3.792519ms
2025/08/05 08:07:34 TopoSystem update...
2025/08/05 08:07:34 TopoSystem: Link count: 500000
2025/08/05 08:07:34 TopoSystem update time: 14.935308ms
2025/08/05 08:07:34 AttenuationSystem update...
2025/08/05 08:07:34 AttenuationSystem parallel flag: 0
2025/08/05 08:07:34 Attenuation computed count: 500000
2025/08/05 08:07:34 AttenuationSystem update time: 152.634573ms
2025/08/05 08:07:34 Run 2 complete
2025/08/05 08:07:34 StationSystem update...
2025/08/05 08:07:34 weather update count: 500
2025/08/05 08:07:34 StationSystem update time: 2.627µs
2025/08/05 08:07:34 SatelliteSystem update...
2025/08/05 08:07:34 satellite count: 1000
2025/08/05 08:07:34 SatelliteSystem update time: 3.782629ms
2025/08/05 08:07:34 TopoSystem update...
2025/08/05 08:07:34 TopoSystem: Link count: 500000
2025/08/05 08:07:34 TopoSystem update time: 11.611622ms
2025/08/05 08:07:34 AttenuationSystem update...
2025/08/05 08:07:34 AttenuationSystem parallel flag: 0
2025/08/05 08:07:34 Attenuation computed count: 500000
2025/08/05 08:07:34 AttenuationSystem update time: 152.278787ms
2025/08/05 08:07:34 Run 3 complete
2025/08/05 08:07:34 StationSystem update...
2025/08/05 08:07:34 weather update count: 500
2025/08/05 08:07:34 StationSystem update time: 2.522µs
2025/08/05 08:07:34 SatelliteSystem update...
2025/08/05 08:07:34 satellite count: 1000
2025/08/05 08:07:34 SatelliteSystem update time: 3.793949ms
2025/08/05 08:07:34 TopoSystem update...
2025/08/05 08:07:34 TopoSystem: Link count: 500000
2025/08/05 08:07:34 TopoSystem update time: 7.353543ms
2025/08/05 08:07:34 AttenuationSystem update...
2025/08/05 08:07:34 AttenuationSystem parallel flag: 0
2025/08/05 08:07:35 Attenuation computed count: 500000
2025/08/05 08:07:35 AttenuationSystem update time: 177.356205ms
2025/08/05 08:07:35 Run 4 complete
2025/08/05 08:07:35 StationSystem update...
2025/08/05 08:07:35 weather update count: 500
2025/08/05 08:07:35 StationSystem update time: 2.584µs
2025/08/05 08:07:35 SatelliteSystem update...
2025/08/05 08:07:35 satellite count: 1000
2025/08/05 08:07:35 SatelliteSystem update time: 3.813607ms
2025/08/05 08:07:35 TopoSystem update...
2025/08/05 08:07:35 TopoSystem: Link count: 500000
2025/08/05 08:07:35 TopoSystem update time: 7.523391ms
2025/08/05 08:07:35 AttenuationSystem update...
2025/08/05 08:07:35 AttenuationSystem parallel flag: 0
2025/08/05 08:07:35 Attenuation computed count: 500000
2025/08/05 08:07:35 AttenuationSystem update time: 175.941665ms
2025/08/05 08:07:35 Run 5 complete
2025/08/05 08:07:35 StationSystem update...
2025/08/05 08:07:35 weather update count: 500
2025/08/05 08:07:35 StationSystem update time: 2.987µs
2025/08/05 08:07:35 SatelliteSystem update...
2025/08/05 08:07:35 satellite count: 1000
2025/08/05 08:07:35 SatelliteSystem update time: 3.806894ms
2025/08/05 08:07:35 TopoSystem update...
2025/08/05 08:07:35 TopoSystem: Link count: 500000
2025/08/05 08:07:35 TopoSystem update time: 7.336615ms
2025/08/05 08:07:35 AttenuationSystem update...
2025/08/05 08:07:35 AttenuationSystem parallel flag: 0
2025/08/05 08:07:35 Attenuation computed count: 500000
2025/08/05 08:07:35 AttenuationSystem update time: 152.449941ms
2025/08/05 08:07:35 Run 6 complete
2025/08/05 08:07:35 StationSystem update...
2025/08/05 08:07:35 weather update count: 500
2025/08/05 08:07:35 StationSystem update time: 2.627µs
2025/08/05 08:07:35 SatelliteSystem update...
2025/08/05 08:07:35 satellite count: 1000
2025/08/05 08:07:35 SatelliteSystem update time: 2.816032ms
2025/08/05 08:07:35 TopoSystem update...
2025/08/05 08:07:35 TopoSystem: Link count: 500000
2025/08/05 08:07:35 TopoSystem update time: 5.559503ms
2025/08/05 08:07:35 AttenuationSystem update...
2025/08/05 08:07:35 AttenuationSystem parallel flag: 0
2025/08/05 08:07:35 Attenuation computed count: 500000
2025/08/05 08:07:35 AttenuationSystem update time: 180.065348ms
2025/08/05 08:07:35 Run 7 complete
2025/08/05 08:07:35 StationSystem update...
2025/08/05 08:07:35 weather update count: 500
2025/08/05 08:07:35 StationSystem update time: 2.876µs
2025/08/05 08:07:35 SatelliteSystem update...
2025/08/05 08:07:35 satellite count: 1000
2025/08/05 08:07:35 SatelliteSystem update time: 3.796496ms
2025/08/05 08:07:35 TopoSystem update...
2025/08/05 08:07:35 TopoSystem: Link count: 500000
2025/08/05 08:07:35 TopoSystem update time: 7.112252ms
2025/08/05 08:07:35 AttenuationSystem update...
2025/08/05 08:07:35 AttenuationSystem parallel flag: 0
2025/08/05 08:07:35 Attenuation computed count: 500000
2025/08/05 08:07:35 AttenuationSystem update time: 199.051032ms
2025/08/05 08:07:35 Run 8 complete
2025/08/05 08:07:35 StationSystem update...
2025/08/05 08:07:35 weather update count: 500
2025/08/05 08:07:35 StationSystem update time: 2.935µs
2025/08/05 08:07:35 SatelliteSystem update...
2025/08/05 08:07:35 satellite count: 1000
2025/08/05 08:07:35 SatelliteSystem update time: 3.784642ms
2025/08/05 08:07:35 TopoSystem update...
2025/08/05 08:07:35 TopoSystem: Link count: 500000
2025/08/05 08:07:35 TopoSystem update time: 6.96331ms
2025/08/05 08:07:35 AttenuationSystem update...
2025/08/05 08:07:35 AttenuationSystem parallel flag: 0
2025/08/05 08:07:35 Attenuation computed count: 500000
2025/08/05 08:07:35 AttenuationSystem update time: 148.140007ms
2025/08/05 08:07:35 Run 9 complete
2025/08/05 08:07:35 StationSystem update...
2025/08/05 08:07:35 weather update count: 500
2025/08/05 08:07:35 StationSystem update time: 2.485µs
2025/08/05 08:07:35 SatelliteSystem update...
2025/08/05 08:07:35 satellite count: 1000
2025/08/05 08:07:35 SatelliteSystem update time: 3.797856ms
2025/08/05 08:07:35 TopoSystem update...
2025/08/05 08:07:35 TopoSystem: Link count: 500000
2025/08/05 08:07:35 TopoSystem update time: 9.246562ms
2025/08/05 08:07:35 AttenuationSystem update...
2025/08/05 08:07:35 AttenuationSystem parallel flag: 0
2025/08/05 08:07:36 Attenuation computed count: 500000
2025/08/05 08:07:36 AttenuationSystem update time: 142.540706ms
2025/08/05 08:07:36 Run 10 complete
2025/08/05 08:07:36 Total update time:  1.764644448s
2025/08/05 08:07:36 linkCache size: 40

 Performance counter stats for './scale_ecs 500 1000 10 2 8 0':

        10,673,827      cache-references                                                      
         1,046,953      cache-misses                     #    9.81% of all cache refs         

       1.770149485 seconds time elapsed

      11.500204000 seconds user
       0.037961000 seconds sys


