ECS running with 500 stations, 600 satellites, 4 numWGs and 4 numBlocks for 10 rounds in 0 parallel pattern
2025/08/05 08:04:00 StationSystem update...
2025/08/05 08:04:00 weather update count: 500
2025/08/05 08:04:00 StationSystem update time: 3.766µs
2025/08/05 08:04:00 SatelliteSystem update...
2025/08/05 08:04:00 satellite count: 600
2025/08/05 08:04:00 SatelliteSystem update time: 2.2985ms
2025/08/05 08:04:00 TopoSystem update...
2025/08/05 08:04:00 TopoSystem: Link count: 300000
2025/08/05 08:04:00 TopoSystem update time: 11.117039ms
2025/08/05 08:04:00 AttenuationSystem update...
2025/08/05 08:04:00 AttenuationSystem parallel flag: 0
2025/08/05 08:04:01 Attenuation computed count: 300000
2025/08/05 08:04:01 AttenuationSystem update time: 171.327711ms
2025/08/05 08:04:01 Run 1 complete
2025/08/05 08:04:01 StationSystem update...
2025/08/05 08:04:01 weather update count: 500
2025/08/05 08:04:01 StationSystem update time: 2.973µs
2025/08/05 08:04:01 SatelliteSystem update...
2025/08/05 08:04:01 satellite count: 600
2025/08/05 08:04:01 SatelliteSystem update time: 2.292668ms
2025/08/05 08:04:01 TopoSystem update...
2025/08/05 08:04:01 TopoSystem: Link count: 300000
2025/08/05 08:04:01 TopoSystem update time: 8.31672ms
2025/08/05 08:04:01 AttenuationSystem update...
2025/08/05 08:04:01 AttenuationSystem parallel flag: 0
2025/08/05 08:04:01 Attenuation computed count: 300000
2025/08/05 08:04:01 AttenuationSystem update time: 183.461683ms
2025/08/05 08:04:01 Run 2 complete
2025/08/05 08:04:01 StationSystem update...
2025/08/05 08:04:01 weather update count: 500
2025/08/05 08:04:01 StationSystem update time: 2.624µs
2025/08/05 08:04:01 SatelliteSystem update...
2025/08/05 08:04:01 satellite count: 600
2025/08/05 08:04:01 SatelliteSystem update time: 2.286124ms
2025/08/05 08:04:01 TopoSystem update...
2025/08/05 08:04:01 TopoSystem: Link count: 300000
2025/08/05 08:04:01 TopoSystem update time: 4.738662ms
2025/08/05 08:04:01 AttenuationSystem update...
2025/08/05 08:04:01 AttenuationSystem parallel flag: 0
2025/08/05 08:04:01 Attenuation computed count: 300000
2025/08/05 08:04:01 AttenuationSystem update time: 171.011396ms
2025/08/05 08:04:01 Run 3 complete
2025/08/05 08:04:01 StationSystem update...
2025/08/05 08:04:01 weather update count: 500
2025/08/05 08:04:01 StationSystem update time: 3.166µs
2025/08/05 08:04:01 SatelliteSystem update...
2025/08/05 08:04:01 satellite count: 600
2025/08/05 08:04:01 SatelliteSystem update time: 2.283468ms
2025/08/05 08:04:01 TopoSystem update...
2025/08/05 08:04:01 TopoSystem: Link count: 300000
2025/08/05 08:04:01 TopoSystem update time: 6.783092ms
2025/08/05 08:04:01 AttenuationSystem update...
2025/08/05 08:04:01 AttenuationSystem parallel flag: 0
2025/08/05 08:04:01 Attenuation computed count: 300000
2025/08/05 08:04:01 AttenuationSystem update time: 194.462531ms
2025/08/05 08:04:01 Run 4 complete
2025/08/05 08:04:01 StationSystem update...
2025/08/05 08:04:01 weather update count: 500
2025/08/05 08:04:01 StationSystem update time: 2.496µs
2025/08/05 08:04:01 SatelliteSystem update...
2025/08/05 08:04:01 satellite count: 600
2025/08/05 08:04:01 SatelliteSystem update time: 1.693164ms
2025/08/05 08:04:01 TopoSystem update...
2025/08/05 08:04:01 TopoSystem: Link count: 300000
2025/08/05 08:04:01 TopoSystem update time: 4.075961ms
2025/08/05 08:04:01 AttenuationSystem update...
2025/08/05 08:04:01 AttenuationSystem parallel flag: 0
2025/08/05 08:04:01 Attenuation computed count: 300000
2025/08/05 08:04:01 AttenuationSystem update time: 179.322045ms
2025/08/05 08:04:01 Run 5 complete
2025/08/05 08:04:01 StationSystem update...
2025/08/05 08:04:01 weather update count: 500
2025/08/05 08:04:01 StationSystem update time: 2.651µs
2025/08/05 08:04:01 SatelliteSystem update...
2025/08/05 08:04:01 satellite count: 600
2025/08/05 08:04:01 SatelliteSystem update time: 2.292793ms
2025/08/05 08:04:01 TopoSystem update...
2025/08/05 08:04:01 TopoSystem: Link count: 300000
2025/08/05 08:04:01 TopoSystem update time: 4.665043ms
2025/08/05 08:04:01 AttenuationSystem update...
2025/08/05 08:04:01 AttenuationSystem parallel flag: 0
2025/08/05 08:04:01 Attenuation computed count: 300000
2025/08/05 08:04:01 AttenuationSystem update time: 210.56752ms
2025/08/05 08:04:01 Run 6 complete
2025/08/05 08:04:01 StationSystem update...
2025/08/05 08:04:01 weather update count: 500
2025/08/05 08:04:01 StationSystem update time: 2.893µs
2025/08/05 08:04:01 SatelliteSystem update...
2025/08/05 08:04:01 satellite count: 600
2025/08/05 08:04:01 SatelliteSystem update time: 2.295807ms
2025/08/05 08:04:01 TopoSystem update...
2025/08/05 08:04:01 TopoSystem: Link count: 300000
2025/08/05 08:04:01 TopoSystem update time: 5.382837ms
2025/08/05 08:04:01 AttenuationSystem update...
2025/08/05 08:04:01 AttenuationSystem parallel flag: 0
2025/08/05 08:04:02 Attenuation computed count: 300000
2025/08/05 08:04:02 AttenuationSystem update time: 202.635556ms
2025/08/05 08:04:02 Run 7 complete
2025/08/05 08:04:02 StationSystem update...
2025/08/05 08:04:02 weather update count: 500
2025/08/05 08:04:02 StationSystem update time: 2.529µs
2025/08/05 08:04:02 SatelliteSystem update...
2025/08/05 08:04:02 satellite count: 600
2025/08/05 08:04:02 SatelliteSystem update time: 2.282263ms
2025/08/05 08:04:02 TopoSystem update...
2025/08/05 08:04:02 TopoSystem: Link count: 300000
2025/08/05 08:04:02 TopoSystem update time: 7.350448ms
2025/08/05 08:04:02 AttenuationSystem update...
2025/08/05 08:04:02 AttenuationSystem parallel flag: 0
2025/08/05 08:04:02 Attenuation computed count: 300000
2025/08/05 08:04:02 AttenuationSystem update time: 202.259204ms
2025/08/05 08:04:02 Run 8 complete
2025/08/05 08:04:02 StationSystem update...
2025/08/05 08:04:02 weather update count: 500
2025/08/05 08:04:02 StationSystem update time: 2.533µs
2025/08/05 08:04:02 SatelliteSystem update...
2025/08/05 08:04:02 satellite count: 600
2025/08/05 08:04:02 SatelliteSystem update time: 2.280876ms
2025/08/05 08:04:02 TopoSystem update...
2025/08/05 08:04:02 TopoSystem: Link count: 300000
2025/08/05 08:04:02 TopoSystem update time: 5.936806ms
2025/08/05 08:04:02 AttenuationSystem update...
2025/08/05 08:04:02 AttenuationSystem parallel flag: 0
2025/08/05 08:04:02 Attenuation computed count: 300000
2025/08/05 08:04:02 AttenuationSystem update time: 189.986416ms
2025/08/05 08:04:02 Run 9 complete
2025/08/05 08:04:02 StationSystem update...
2025/08/05 08:04:02 weather update count: 500
2025/08/05 08:04:02 StationSystem update time: 2.902µs
2025/08/05 08:04:02 SatelliteSystem update...
2025/08/05 08:04:02 satellite count: 600
2025/08/05 08:04:02 SatelliteSystem update time: 2.284803ms
2025/08/05 08:04:02 TopoSystem update...
2025/08/05 08:04:02 TopoSystem: Link count: 300000
2025/08/05 08:04:02 TopoSystem update time: 7.568664ms
2025/08/05 08:04:02 AttenuationSystem update...
2025/08/05 08:04:02 AttenuationSystem parallel flag: 0
2025/08/05 08:04:02 Attenuation computed count: 300000
2025/08/05 08:04:02 AttenuationSystem update time: 190.988236ms
2025/08/05 08:04:02 Run 10 complete
2025/08/05 08:04:02 Total update time:  1.987300197s
2025/08/05 08:04:02 linkCache size: 40

 Performance counter stats for './scale_ecs 500 600 10 4 4 0':

         6,918,880      cache-references                                                      
           860,418      cache-misses                     #   12.44% of all cache refs         

       1.991915251 seconds time elapsed

       7.273416000 seconds user
       0.032019000 seconds sys


