ECS running with 600 stations, 1000 satellites, 2 numWGs and 2 numBlocks for 10 rounds in 1 parallel pattern
2025/08/05 08:31:18 StationSystem update...
2025/08/05 08:31:18 SatelliteSystem update...
2025/08/05 08:31:18 weather update count: 600
2025/08/05 08:31:18 StationSystem update time: 12.903µs
2025/08/05 08:31:18 satellite count: 1000
2025/08/05 08:31:18 SatelliteSystem update time: 3.806127ms
2025/08/05 08:31:18 TopoSystem update...
2025/08/05 08:31:18 TopoSystem: Link count: 600000
2025/08/05 08:31:18 TopoSystem update time: 18.389803ms
2025/08/05 08:31:18 AttenuationSystem update...
2025/08/05 08:31:18 AttenuationSystem parallel flag: 1
2025/08/05 08:31:19 Attenuation computed count: 600000
2025/08/05 08:31:19 AttenuationSystem update time: 684.412173ms
2025/08/05 08:31:19 Run 1 complete
2025/08/05 08:31:19 StationSystem update...
2025/08/05 08:31:19 weather update count: 600
2025/08/05 08:31:19 StationSystem update time: 3.1µs
2025/08/05 08:31:19 SatelliteSystem update...
2025/08/05 08:31:19 satellite count: 1000
2025/08/05 08:31:19 SatelliteSystem update time: 3.90345ms
2025/08/05 08:31:19 TopoSystem update...
2025/08/05 08:31:19 TopoSystem: Link count: 600000
2025/08/05 08:31:19 TopoSystem update time: 13.263379ms
2025/08/05 08:31:19 AttenuationSystem update...
2025/08/05 08:31:19 AttenuationSystem parallel flag: 1
2025/08/05 08:31:20 Attenuation computed count: 600000
2025/08/05 08:31:20 AttenuationSystem update time: 513.345244ms
2025/08/05 08:31:20 Run 2 complete
2025/08/05 08:31:20 StationSystem update...
2025/08/05 08:31:20 weather update count: 600
2025/08/05 08:31:20 StationSystem update time: 2.146µs
2025/08/05 08:31:20 SatelliteSystem update...
2025/08/05 08:31:20 satellite count: 1000
2025/08/05 08:31:20 SatelliteSystem update time: 2.825473ms
2025/08/05 08:31:20 TopoSystem update...
2025/08/05 08:31:20 TopoSystem: Link count: 600000
2025/08/05 08:31:20 TopoSystem update time: 7.111159ms
2025/08/05 08:31:20 AttenuationSystem update...
2025/08/05 08:31:20 AttenuationSystem parallel flag: 1
2025/08/05 08:31:20 Attenuation computed count: 600000
2025/08/05 08:31:20 AttenuationSystem update time: 632.812452ms
2025/08/05 08:31:20 Run 3 complete
2025/08/05 08:31:20 StationSystem update...
2025/08/05 08:31:20 weather update count: 600
2025/08/05 08:31:20 StationSystem update time: 2.75µs
2025/08/05 08:31:20 SatelliteSystem update...
2025/08/05 08:31:20 satellite count: 1000
2025/08/05 08:31:20 SatelliteSystem update time: 3.80485ms
2025/08/05 08:31:20 TopoSystem update...
2025/08/05 08:31:20 TopoSystem: Link count: 600000
2025/08/05 08:31:20 TopoSystem update time: 7.063253ms
2025/08/05 08:31:20 AttenuationSystem update...
2025/08/05 08:31:20 AttenuationSystem parallel flag: 1
2025/08/05 08:31:21 Attenuation computed count: 600000
2025/08/05 08:31:21 AttenuationSystem update time: 674.541936ms
2025/08/05 08:31:21 Run 4 complete
2025/08/05 08:31:21 StationSystem update...
2025/08/05 08:31:21 weather update count: 600
2025/08/05 08:31:21 StationSystem update time: 2.805µs
2025/08/05 08:31:21 SatelliteSystem update...
2025/08/05 08:31:21 satellite count: 1000
2025/08/05 08:31:21 SatelliteSystem update time: 3.098233ms
2025/08/05 08:31:21 TopoSystem update...
2025/08/05 08:31:21 TopoSystem: Link count: 600000
2025/08/05 08:31:21 TopoSystem update time: 9.237512ms
2025/08/05 08:31:21 AttenuationSystem update...
2025/08/05 08:31:21 AttenuationSystem parallel flag: 1
2025/08/05 08:31:22 Attenuation computed count: 600000
2025/08/05 08:31:22 AttenuationSystem update time: 703.019053ms
2025/08/05 08:31:22 Run 5 complete
2025/08/05 08:31:22 StationSystem update...
2025/08/05 08:31:22 weather update count: 600
2025/08/05 08:31:22 StationSystem update time: 2.71µs
2025/08/05 08:31:22 SatelliteSystem update...
2025/08/05 08:31:22 satellite count: 1000
2025/08/05 08:31:22 SatelliteSystem update time: 3.80196ms
2025/08/05 08:31:22 TopoSystem update...
2025/08/05 08:31:22 TopoSystem: Link count: 600000
2025/08/05 08:31:22 TopoSystem update time: 20.209871ms
2025/08/05 08:31:22 AttenuationSystem update...
2025/08/05 08:31:22 AttenuationSystem parallel flag: 1
2025/08/05 08:31:22 Attenuation computed count: 600000
2025/08/05 08:31:22 AttenuationSystem update time: 708.054873ms
2025/08/05 08:31:22 Run 6 complete
2025/08/05 08:31:22 StationSystem update...
2025/08/05 08:31:22 weather update count: 600
2025/08/05 08:31:22 StationSystem update time: 2.725µs
2025/08/05 08:31:22 SatelliteSystem update...
2025/08/05 08:31:22 satellite count: 1000
2025/08/05 08:31:22 SatelliteSystem update time: 3.794305ms
2025/08/05 08:31:22 TopoSystem update...
2025/08/05 08:31:22 TopoSystem: Link count: 600000
2025/08/05 08:31:22 TopoSystem update time: 9.798186ms
2025/08/05 08:31:22 AttenuationSystem update...
2025/08/05 08:31:22 AttenuationSystem parallel flag: 1
2025/08/05 08:31:23 Attenuation computed count: 600000
2025/08/05 08:31:23 AttenuationSystem update time: 684.662032ms
2025/08/05 08:31:23 Run 7 complete
2025/08/05 08:31:23 StationSystem update...
2025/08/05 08:31:23 weather update count: 600
2025/08/05 08:31:23 StationSystem update time: 2.957µs
2025/08/05 08:31:23 SatelliteSystem update...
2025/08/05 08:31:23 satellite count: 1000
2025/08/05 08:31:23 SatelliteSystem update time: 3.873909ms
2025/08/05 08:31:23 TopoSystem update...
2025/08/05 08:31:23 TopoSystem: Link count: 600000
2025/08/05 08:31:23 TopoSystem update time: 7.850336ms
2025/08/05 08:31:23 AttenuationSystem update...
2025/08/05 08:31:23 AttenuationSystem parallel flag: 1
2025/08/05 08:31:24 Attenuation computed count: 600000
2025/08/05 08:31:24 AttenuationSystem update time: 659.59086ms
2025/08/05 08:31:24 Run 8 complete
2025/08/05 08:31:24 StationSystem update...
2025/08/05 08:31:24 weather update count: 600
2025/08/05 08:31:24 StationSystem update time: 2.72µs
2025/08/05 08:31:24 SatelliteSystem update...
2025/08/05 08:31:24 satellite count: 1000
2025/08/05 08:31:24 SatelliteSystem update time: 2.821512ms
2025/08/05 08:31:24 TopoSystem update...
2025/08/05 08:31:24 TopoSystem: Link count: 600000
2025/08/05 08:31:24 TopoSystem update time: 9.751453ms
2025/08/05 08:31:24 AttenuationSystem update...
2025/08/05 08:31:24 AttenuationSystem parallel flag: 1
2025/08/05 08:31:25 Attenuation computed count: 600000
2025/08/05 08:31:25 AttenuationSystem update time: 731.28961ms
2025/08/05 08:31:25 Run 9 complete
2025/08/05 08:31:25 StationSystem update...
2025/08/05 08:31:25 weather update count: 600
2025/08/05 08:31:25 StationSystem update time: 2.745µs
2025/08/05 08:31:25 SatelliteSystem update...
2025/08/05 08:31:25 satellite count: 1000
2025/08/05 08:31:25 SatelliteSystem update time: 3.013063ms
2025/08/05 08:31:25 TopoSystem update...
2025/08/05 08:31:25 TopoSystem: Link count: 600000
2025/08/05 08:31:25 TopoSystem update time: 22.067324ms
2025/08/05 08:31:25 AttenuationSystem update...
2025/08/05 08:31:25 AttenuationSystem parallel flag: 1
2025/08/05 08:31:25 Attenuation computed count: 600000
2025/08/05 08:31:25 AttenuationSystem update time: 642.769142ms
2025/08/05 08:31:25 Run 10 complete
2025/08/05 08:31:25 Total update time:  6.800114762s
2025/08/05 08:31:25 linkCache size: 40

 Performance counter stats for './scale_ecs 600 1000 10 2 2 1':

        13,241,772      cache-references                                                      
         2,476,089      cache-misses                     #   18.70% of all cache refs         

       6.805266969 seconds time elapsed

      12.858307000 seconds user
       0.061958000 seconds sys


