ECS running with 500 stations, 1300 satellites, 4 numWGs and 4 numBlocks for 10 rounds in 1 parallel pattern
2025/08/05 08:11:45 StationSystem update...
2025/08/05 08:11:45 SatelliteSystem update...
2025/08/05 08:11:45 weather update count: 500
2025/08/05 08:11:45 StationSystem update time: 8.595µs
2025/08/05 08:11:45 satellite count: 1300
2025/08/05 08:11:45 SatelliteSystem update time: 4.941063ms
2025/08/05 08:11:45 TopoSystem update...
2025/08/05 08:11:45 TopoSystem: Link count: 650000
2025/08/05 08:11:45 TopoSystem update time: 20.432572ms
2025/08/05 08:11:45 AttenuationSystem update...
2025/08/05 08:11:45 AttenuationSystem parallel flag: 1
2025/08/05 08:11:45 Attenuation computed count: 650000
2025/08/05 08:11:45 AttenuationSystem update time: 373.081502ms
2025/08/05 08:11:45 Run 1 complete
2025/08/05 08:11:45 StationSystem update...
2025/08/05 08:11:45 weather update count: 500
2025/08/05 08:11:45 StationSystem update time: 2.919µs
2025/08/05 08:11:45 SatelliteSystem update...
2025/08/05 08:11:45 satellite count: 1300
2025/08/05 08:11:45 SatelliteSystem update time: 4.94009ms
2025/08/05 08:11:45 TopoSystem update...
2025/08/05 08:11:45 TopoSystem: Link count: 650000
2025/08/05 08:11:45 TopoSystem update time: 17.125182ms
2025/08/05 08:11:45 AttenuationSystem update...
2025/08/05 08:11:45 AttenuationSystem parallel flag: 1
2025/08/05 08:11:46 Attenuation computed count: 650000
2025/08/05 08:11:46 AttenuationSystem update time: 379.673545ms
2025/08/05 08:11:46 Run 2 complete
2025/08/05 08:11:46 StationSystem update...
2025/08/05 08:11:46 weather update count: 500
2025/08/05 08:11:46 StationSystem update time: 2.739µs
2025/08/05 08:11:46 SatelliteSystem update...
2025/08/05 08:11:46 satellite count: 1300
2025/08/05 08:11:46 SatelliteSystem update time: 3.672834ms
2025/08/05 08:11:46 TopoSystem update...
2025/08/05 08:11:46 TopoSystem: Link count: 650000
2025/08/05 08:11:46 TopoSystem update time: 10.075892ms
2025/08/05 08:11:46 AttenuationSystem update...
2025/08/05 08:11:46 AttenuationSystem parallel flag: 1
2025/08/05 08:11:46 Attenuation computed count: 650000
2025/08/05 08:11:46 AttenuationSystem update time: 377.344503ms
2025/08/05 08:11:46 Run 3 complete
2025/08/05 08:11:46 StationSystem update...
2025/08/05 08:11:46 weather update count: 500
2025/08/05 08:11:46 StationSystem update time: 2.667µs
2025/08/05 08:11:46 SatelliteSystem update...
2025/08/05 08:11:46 satellite count: 1300
2025/08/05 08:11:46 SatelliteSystem update time: 4.927385ms
2025/08/05 08:11:46 TopoSystem update...
2025/08/05 08:11:46 TopoSystem: Link count: 650000
2025/08/05 08:11:46 TopoSystem update time: 10.165182ms
2025/08/05 08:11:46 AttenuationSystem update...
2025/08/05 08:11:46 AttenuationSystem parallel flag: 1
2025/08/05 08:11:46 Attenuation computed count: 650000
2025/08/05 08:11:46 AttenuationSystem update time: 385.7833ms
2025/08/05 08:11:46 Run 4 complete
2025/08/05 08:11:46 StationSystem update...
2025/08/05 08:11:46 weather update count: 500
2025/08/05 08:11:46 StationSystem update time: 2.658µs
2025/08/05 08:11:46 SatelliteSystem update...
2025/08/05 08:11:46 satellite count: 1300
2025/08/05 08:11:46 SatelliteSystem update time: 3.672276ms
2025/08/05 08:11:46 TopoSystem update...
2025/08/05 08:11:46 TopoSystem: Link count: 650000
2025/08/05 08:11:46 TopoSystem update time: 9.046524ms
2025/08/05 08:11:46 AttenuationSystem update...
2025/08/05 08:11:46 AttenuationSystem parallel flag: 1
2025/08/05 08:11:47 Attenuation computed count: 650000
2025/08/05 08:11:47 AttenuationSystem update time: 404.373575ms
2025/08/05 08:11:47 Run 5 complete
2025/08/05 08:11:47 StationSystem update...
2025/08/05 08:11:47 weather update count: 500
2025/08/05 08:11:47 StationSystem update time: 2.937µs
2025/08/05 08:11:47 SatelliteSystem update...
2025/08/05 08:11:47 satellite count: 1300
2025/08/05 08:11:47 SatelliteSystem update time: 4.925963ms
2025/08/05 08:11:47 TopoSystem update...
2025/08/05 08:11:47 TopoSystem: Link count: 650000
2025/08/05 08:11:47 TopoSystem update time: 9.798575ms
2025/08/05 08:11:47 AttenuationSystem update...
2025/08/05 08:11:47 AttenuationSystem parallel flag: 1
2025/08/05 08:11:47 Attenuation computed count: 650000
2025/08/05 08:11:47 AttenuationSystem update time: 377.864244ms
2025/08/05 08:11:47 Run 6 complete
2025/08/05 08:11:47 StationSystem update...
2025/08/05 08:11:47 weather update count: 500
2025/08/05 08:11:47 StationSystem update time: 3.059µs
2025/08/05 08:11:47 SatelliteSystem update...
2025/08/05 08:11:47 satellite count: 1300
2025/08/05 08:11:47 SatelliteSystem update time: 3.643545ms
2025/08/05 08:11:47 TopoSystem update...
2025/08/05 08:11:47 TopoSystem: Link count: 650000
2025/08/05 08:11:47 TopoSystem update time: 14.470707ms
2025/08/05 08:11:47 AttenuationSystem update...
2025/08/05 08:11:47 AttenuationSystem parallel flag: 1
2025/08/05 08:11:48 Attenuation computed count: 650000
2025/08/05 08:11:48 AttenuationSystem update time: 389.616016ms
2025/08/05 08:11:48 Run 7 complete
2025/08/05 08:11:48 StationSystem update...
2025/08/05 08:11:48 weather update count: 500
2025/08/05 08:11:48 StationSystem update time: 2.502µs
2025/08/05 08:11:48 SatelliteSystem update...
2025/08/05 08:11:48 satellite count: 1300
2025/08/05 08:11:48 SatelliteSystem update time: 4.921583ms
2025/08/05 08:11:48 TopoSystem update...
2025/08/05 08:11:48 TopoSystem: Link count: 650000
2025/08/05 08:11:48 TopoSystem update time: 9.326455ms
2025/08/05 08:11:48 AttenuationSystem update...
2025/08/05 08:11:48 AttenuationSystem parallel flag: 1
2025/08/05 08:11:48 Attenuation computed count: 650000
2025/08/05 08:11:48 AttenuationSystem update time: 295.48056ms
2025/08/05 08:11:48 Run 8 complete
2025/08/05 08:11:48 StationSystem update...
2025/08/05 08:11:48 weather update count: 500
2025/08/05 08:11:48 StationSystem update time: 2.009µs
2025/08/05 08:11:48 SatelliteSystem update...
2025/08/05 08:11:48 satellite count: 1300
2025/08/05 08:11:48 SatelliteSystem update time: 3.64583ms
2025/08/05 08:11:48 TopoSystem update...
2025/08/05 08:11:48 TopoSystem: Link count: 650000
2025/08/05 08:11:48 TopoSystem update time: 8.383847ms
2025/08/05 08:11:48 AttenuationSystem update...
2025/08/05 08:11:48 AttenuationSystem parallel flag: 1
2025/08/05 08:11:48 Attenuation computed count: 650000
2025/08/05 08:11:48 AttenuationSystem update time: 371.41946ms
2025/08/05 08:11:48 Run 9 complete
2025/08/05 08:11:48 StationSystem update...
2025/08/05 08:11:48 weather update count: 500
2025/08/05 08:11:48 StationSystem update time: 3.077µs
2025/08/05 08:11:48 SatelliteSystem update...
2025/08/05 08:11:48 satellite count: 1300
2025/08/05 08:11:48 SatelliteSystem update time: 3.664273ms
2025/08/05 08:11:48 TopoSystem update...
2025/08/05 08:11:48 TopoSystem: Link count: 650000
2025/08/05 08:11:48 TopoSystem update time: 14.564878ms
2025/08/05 08:11:48 AttenuationSystem update...
2025/08/05 08:11:48 AttenuationSystem parallel flag: 1
2025/08/05 08:11:49 Attenuation computed count: 650000
2025/08/05 08:11:49 AttenuationSystem update time: 370.945296ms
2025/08/05 08:11:49 Run 10 complete
2025/08/05 08:11:49 Total update time:  3.899401481s
2025/08/05 08:11:49 linkCache size: 40

 Performance counter stats for './scale_ecs 500 1300 10 4 4 1':

        14,244,153      cache-references                                                      
         2,480,944      cache-misses                     #   17.42% of all cache refs         

       3.905498272 seconds time elapsed

      13.478891000 seconds user
       0.048031000 seconds sys


