ECS running with 900 stations, 900 satellites, 2 numWGs and 4 numBlocks for 10 rounds in 1 parallel pattern
2025/08/05 10:31:07 StationSystem update...
2025/08/05 10:31:07 weather update count: 900
2025/08/05 10:31:07 StationSystem update time: 5.03µs
2025/08/05 10:31:07 SatelliteSystem update...
2025/08/05 10:31:07 satellite count: 900
2025/08/05 10:31:07 SatelliteSystem update time: 3.419841ms
2025/08/05 10:31:07 TopoSystem update...
2025/08/05 10:31:07 TopoSystem: Link count: 810000
2025/08/05 10:31:07 TopoSystem update time: 26.324322ms
2025/08/05 10:31:07 AttenuationSystem update...
2025/08/05 10:31:07 AttenuationSystem parallel flag: 1
2025/08/05 10:31:08 Attenuation computed count: 810000
2025/08/05 10:31:08 AttenuationSystem update time: 723.308445ms
2025/08/05 10:31:08 Run 1 complete
2025/08/05 10:31:08 StationSystem update...
2025/08/05 10:31:08 weather update count: 900
2025/08/05 10:31:08 StationSystem update time: 2.965µs
2025/08/05 10:31:08 SatelliteSystem update...
2025/08/05 10:31:08 satellite count: 900
2025/08/05 10:31:08 SatelliteSystem update time: 2.567906ms
2025/08/05 10:31:08 TopoSystem update...
2025/08/05 10:31:08 TopoSystem: Link count: 810000
2025/08/05 10:31:08 TopoSystem update time: 18.701234ms
2025/08/05 10:31:08 AttenuationSystem update...
2025/08/05 10:31:08 AttenuationSystem parallel flag: 1
2025/08/05 10:31:09 Attenuation computed count: 810000
2025/08/05 10:31:09 AttenuationSystem update time: 955.010357ms
2025/08/05 10:31:09 Run 2 complete
2025/08/05 10:31:09 StationSystem update...
2025/08/05 10:31:09 weather update count: 900
2025/08/05 10:31:09 StationSystem update time: 3.855µs
2025/08/05 10:31:09 SatelliteSystem update...
2025/08/05 10:31:09 satellite count: 900
2025/08/05 10:31:09 SatelliteSystem update time: 3.092559ms
2025/08/05 10:31:09 TopoSystem update...
2025/08/05 10:31:09 TopoSystem: Link count: 810000
2025/08/05 10:31:09 TopoSystem update time: 11.029671ms
2025/08/05 10:31:09 AttenuationSystem update...
2025/08/05 10:31:09 AttenuationSystem parallel flag: 1
2025/08/05 10:31:10 Attenuation computed count: 810000
2025/08/05 10:31:10 AttenuationSystem update time: 905.271732ms
2025/08/05 10:31:10 Run 3 complete
2025/08/05 10:31:10 StationSystem update...
2025/08/05 10:31:10 weather update count: 900
2025/08/05 10:31:10 StationSystem update time: 3.08µs
2025/08/05 10:31:10 SatelliteSystem update...
2025/08/05 10:31:10 satellite count: 900
2025/08/05 10:31:10 SatelliteSystem update time: 2.547065ms
2025/08/05 10:31:10 TopoSystem update...
2025/08/05 10:31:10 TopoSystem: Link count: 810000
2025/08/05 10:31:10 TopoSystem update time: 9.647443ms
2025/08/05 10:31:10 AttenuationSystem update...
2025/08/05 10:31:10 AttenuationSystem parallel flag: 1
2025/08/05 10:31:11 Attenuation computed count: 810000
2025/08/05 10:31:11 AttenuationSystem update time: 892.059009ms
2025/08/05 10:31:11 Run 4 complete
2025/08/05 10:31:11 StationSystem update...
2025/08/05 10:31:11 weather update count: 900
2025/08/05 10:31:11 StationSystem update time: 2.954µs
2025/08/05 10:31:11 SatelliteSystem update...
2025/08/05 10:31:11 satellite count: 900
2025/08/05 10:31:11 SatelliteSystem update time: 3.449668ms
2025/08/05 10:31:11 TopoSystem update...
2025/08/05 10:31:11 TopoSystem: Link count: 810000
2025/08/05 10:31:11 TopoSystem update time: 17.02855ms
2025/08/05 10:31:11 AttenuationSystem update...
2025/08/05 10:31:11 AttenuationSystem parallel flag: 1
2025/08/05 10:31:12 Attenuation computed count: 810000
2025/08/05 10:31:12 AttenuationSystem update time: 909.272766ms
2025/08/05 10:31:12 Run 5 complete
2025/08/05 10:31:12 StationSystem update...
2025/08/05 10:31:12 weather update count: 900
2025/08/05 10:31:12 StationSystem update time: 3.767µs
2025/08/05 10:31:12 SatelliteSystem update...
2025/08/05 10:31:12 satellite count: 900
2025/08/05 10:31:12 SatelliteSystem update time: 2.588242ms
2025/08/05 10:31:12 TopoSystem update...
2025/08/05 10:31:12 TopoSystem: Link count: 810000
2025/08/05 10:31:12 TopoSystem update time: 18.782994ms
2025/08/05 10:31:12 AttenuationSystem update...
2025/08/05 10:31:12 AttenuationSystem parallel flag: 1
2025/08/05 10:31:13 Attenuation computed count: 810000
2025/08/05 10:31:13 AttenuationSystem update time: 953.075381ms
2025/08/05 10:31:13 Run 6 complete
2025/08/05 10:31:13 StationSystem update...
2025/08/05 10:31:13 weather update count: 900
2025/08/05 10:31:13 SatelliteSystem update...
2025/08/05 10:31:13 StationSystem update time: 3.328µs
2025/08/05 10:31:13 satellite count: 900
2025/08/05 10:31:13 SatelliteSystem update time: 3.420051ms
2025/08/05 10:31:13 TopoSystem update...
2025/08/05 10:31:13 TopoSystem: Link count: 810000
2025/08/05 10:31:13 TopoSystem update time: 12.152298ms
2025/08/05 10:31:13 AttenuationSystem update...
2025/08/05 10:31:13 AttenuationSystem parallel flag: 1
2025/08/05 10:31:14 Attenuation computed count: 810000
2025/08/05 10:31:14 AttenuationSystem update time: 928.557323ms
2025/08/05 10:31:14 Run 7 complete
2025/08/05 10:31:14 StationSystem update...
2025/08/05 10:31:14 weather update count: 900
2025/08/05 10:31:14 StationSystem update time: 3.655µs
2025/08/05 10:31:14 SatelliteSystem update...
2025/08/05 10:31:14 satellite count: 900
2025/08/05 10:31:14 SatelliteSystem update time: 3.415518ms
2025/08/05 10:31:14 TopoSystem update...
2025/08/05 10:31:14 TopoSystem: Link count: 810000
2025/08/05 10:31:14 TopoSystem update time: 12.183294ms
2025/08/05 10:31:14 AttenuationSystem update...
2025/08/05 10:31:14 AttenuationSystem parallel flag: 1
2025/08/05 10:31:15 Attenuation computed count: 810000
2025/08/05 10:31:15 AttenuationSystem update time: 901.477486ms
2025/08/05 10:31:15 Run 8 complete
2025/08/05 10:31:15 StationSystem update...
2025/08/05 10:31:15 weather update count: 900
2025/08/05 10:31:15 StationSystem update time: 3.387µs
2025/08/05 10:31:15 SatelliteSystem update...
2025/08/05 10:31:15 satellite count: 900
2025/08/05 10:31:15 SatelliteSystem update time: 2.538404ms
2025/08/05 10:31:15 TopoSystem update...
2025/08/05 10:31:15 TopoSystem: Link count: 810000
2025/08/05 10:31:15 TopoSystem update time: 18.483642ms
2025/08/05 10:31:15 AttenuationSystem update...
2025/08/05 10:31:15 AttenuationSystem parallel flag: 1
2025/08/05 10:31:16 Attenuation computed count: 810000
2025/08/05 10:31:16 AttenuationSystem update time: 956.586707ms
2025/08/05 10:31:16 Run 9 complete
2025/08/05 10:31:16 StationSystem update...
2025/08/05 10:31:16 weather update count: 900
2025/08/05 10:31:16 StationSystem update time: 4.284µs
2025/08/05 10:31:16 SatelliteSystem update...
2025/08/05 10:31:16 satellite count: 900
2025/08/05 10:31:16 SatelliteSystem update time: 3.420736ms
2025/08/05 10:31:16 TopoSystem update...
2025/08/05 10:31:16 TopoSystem: Link count: 810000
2025/08/05 10:31:16 TopoSystem update time: 20.429608ms
2025/08/05 10:31:16 AttenuationSystem update...
2025/08/05 10:31:16 AttenuationSystem parallel flag: 1
2025/08/05 10:31:17 Attenuation computed count: 810000
2025/08/05 10:31:17 AttenuationSystem update time: 951.201104ms
2025/08/05 10:31:17 Run 10 complete
2025/08/05 10:31:17 Total update time:  9.276832764s
2025/08/05 10:31:17 linkCache size: 40

 Performance counter stats for './scale_ecs 900 900 10 2 4 1':

        17,434,519      cache-references                                                      
         3,644,479      cache-misses                     #   20.90% of all cache refs         

       9.283866879 seconds time elapsed

      17.467248000 seconds user
       0.060014000 seconds sys


