ECS running with 600 stations, 1500 satellites, 8 numWGs and 2 numBlocks for 10 rounds in 1 parallel pattern
2025/08/05 08:40:33 StationSystem update...
2025/08/05 08:40:33 weather update count: 600
2025/08/05 08:40:33 StationSystem update time: 4.853µs
2025/08/05 08:40:33 SatelliteSystem update...
2025/08/05 08:40:33 satellite count: 1500
2025/08/05 08:40:33 SatelliteSystem update time: 5.685454ms
2025/08/05 08:40:33 TopoSystem update...
2025/08/05 08:40:33 TopoSystem: Link count: 900000
2025/08/05 08:40:33 TopoSystem update time: 27.530127ms
2025/08/05 08:40:33 AttenuationSystem update...
2025/08/05 08:40:33 AttenuationSystem parallel flag: 1
2025/08/05 08:40:33 Attenuation computed count: 900000
2025/08/05 08:40:33 AttenuationSystem update time: 261.958777ms
2025/08/05 08:40:33 Run 1 complete
2025/08/05 08:40:33 StationSystem update...
2025/08/05 08:40:33 weather update count: 600
2025/08/05 08:40:33 StationSystem update time: 3.379µs
2025/08/05 08:40:33 SatelliteSystem update...
2025/08/05 08:40:33 satellite count: 1500
2025/08/05 08:40:33 SatelliteSystem update time: 5.674183ms
2025/08/05 08:40:33 TopoSystem update...
2025/08/05 08:40:33 TopoSystem: Link count: 900000
2025/08/05 08:40:33 TopoSystem update time: 20.136284ms
2025/08/05 08:40:33 AttenuationSystem update...
2025/08/05 08:40:33 AttenuationSystem parallel flag: 1
2025/08/05 08:40:33 Attenuation computed count: 900000
2025/08/05 08:40:33 AttenuationSystem update time: 300.008848ms
2025/08/05 08:40:33 Run 2 complete
2025/08/05 08:40:33 StationSystem update...
2025/08/05 08:40:33 weather update count: 600
2025/08/05 08:40:33 StationSystem update time: 2.907µs
2025/08/05 08:40:33 SatelliteSystem update...
2025/08/05 08:40:33 satellite count: 1500
2025/08/05 08:40:33 SatelliteSystem update time: 5.677924ms
2025/08/05 08:40:33 TopoSystem update...
2025/08/05 08:40:33 TopoSystem: Link count: 900000
2025/08/05 08:40:33 TopoSystem update time: 14.40198ms
2025/08/05 08:40:33 AttenuationSystem update...
2025/08/05 08:40:33 AttenuationSystem parallel flag: 1
2025/08/05 08:40:34 Attenuation computed count: 900000
2025/08/05 08:40:34 AttenuationSystem update time: 257.522417ms
2025/08/05 08:40:34 Run 3 complete
2025/08/05 08:40:34 StationSystem update...
2025/08/05 08:40:34 weather update count: 600
2025/08/05 08:40:34 StationSystem update time: 2.963µs
2025/08/05 08:40:34 SatelliteSystem update...
2025/08/05 08:40:34 satellite count: 1500
2025/08/05 08:40:34 SatelliteSystem update time: 5.669939ms
2025/08/05 08:40:34 TopoSystem update...
2025/08/05 08:40:34 TopoSystem: Link count: 900000
2025/08/05 08:40:34 TopoSystem update time: 10.422383ms
2025/08/05 08:40:34 AttenuationSystem update...
2025/08/05 08:40:34 AttenuationSystem parallel flag: 1
2025/08/05 08:40:34 Attenuation computed count: 900000
2025/08/05 08:40:34 AttenuationSystem update time: 275.816764ms
2025/08/05 08:40:34 Run 4 complete
2025/08/05 08:40:34 StationSystem update...
2025/08/05 08:40:34 weather update count: 600
2025/08/05 08:40:34 StationSystem update time: 3.233µs
2025/08/05 08:40:34 SatelliteSystem update...
2025/08/05 08:40:34 satellite count: 1500
2025/08/05 08:40:34 SatelliteSystem update time: 5.685104ms
2025/08/05 08:40:34 TopoSystem update...
2025/08/05 08:40:34 TopoSystem: Link count: 900000
2025/08/05 08:40:34 TopoSystem update time: 30.918105ms
2025/08/05 08:40:34 AttenuationSystem update...
2025/08/05 08:40:34 AttenuationSystem parallel flag: 1
2025/08/05 08:40:34 Attenuation computed count: 900000
2025/08/05 08:40:34 AttenuationSystem update time: 272.758814ms
2025/08/05 08:40:34 Run 5 complete
2025/08/05 08:40:34 StationSystem update...
2025/08/05 08:40:34 weather update count: 600
2025/08/05 08:40:34 StationSystem update time: 2.959µs
2025/08/05 08:40:34 SatelliteSystem update...
2025/08/05 08:40:34 satellite count: 1500
2025/08/05 08:40:34 SatelliteSystem update time: 5.675864ms
2025/08/05 08:40:34 TopoSystem update...
2025/08/05 08:40:34 TopoSystem: Link count: 900000
2025/08/05 08:40:34 TopoSystem update time: 13.370357ms
2025/08/05 08:40:34 AttenuationSystem update...
2025/08/05 08:40:34 AttenuationSystem parallel flag: 1
2025/08/05 08:40:35 Attenuation computed count: 900000
2025/08/05 08:40:35 AttenuationSystem update time: 311.600789ms
2025/08/05 08:40:35 Run 6 complete
2025/08/05 08:40:35 StationSystem update...
2025/08/05 08:40:35 weather update count: 600
2025/08/05 08:40:35 StationSystem update time: 3.066µs
2025/08/05 08:40:35 SatelliteSystem update...
2025/08/05 08:40:35 satellite count: 1500
2025/08/05 08:40:35 SatelliteSystem update time: 5.659187ms
2025/08/05 08:40:35 TopoSystem update...
2025/08/05 08:40:35 TopoSystem: Link count: 900000
2025/08/05 08:40:35 TopoSystem update time: 18.810111ms
2025/08/05 08:40:35 AttenuationSystem update...
2025/08/05 08:40:35 AttenuationSystem parallel flag: 1
2025/08/05 08:40:35 Attenuation computed count: 900000
2025/08/05 08:40:35 AttenuationSystem update time: 281.026077ms
2025/08/05 08:40:35 Run 7 complete
2025/08/05 08:40:35 StationSystem update...
2025/08/05 08:40:35 weather update count: 600
2025/08/05 08:40:35 StationSystem update time: 3.249µs
2025/08/05 08:40:35 SatelliteSystem update...
2025/08/05 08:40:35 satellite count: 1500
2025/08/05 08:40:35 SatelliteSystem update time: 5.666463ms
2025/08/05 08:40:35 TopoSystem update...
2025/08/05 08:40:35 TopoSystem: Link count: 900000
2025/08/05 08:40:35 TopoSystem update time: 13.063503ms
2025/08/05 08:40:35 AttenuationSystem update...
2025/08/05 08:40:35 AttenuationSystem parallel flag: 1
2025/08/05 08:40:35 Attenuation computed count: 900000
2025/08/05 08:40:35 AttenuationSystem update time: 271.9717ms
2025/08/05 08:40:35 Run 8 complete
2025/08/05 08:40:35 StationSystem update...
2025/08/05 08:40:35 weather update count: 600
2025/08/05 08:40:35 StationSystem update time: 3.137µs
2025/08/05 08:40:35 SatelliteSystem update...
2025/08/05 08:40:35 satellite count: 1500
2025/08/05 08:40:35 SatelliteSystem update time: 5.674605ms
2025/08/05 08:40:35 TopoSystem update...
2025/08/05 08:40:35 TopoSystem: Link count: 900000
2025/08/05 08:40:35 TopoSystem update time: 13.469194ms
2025/08/05 08:40:35 AttenuationSystem update...
2025/08/05 08:40:35 AttenuationSystem parallel flag: 1
2025/08/05 08:40:35 Attenuation computed count: 900000
2025/08/05 08:40:35 AttenuationSystem update time: 292.997669ms
2025/08/05 08:40:35 Run 9 complete
2025/08/05 08:40:35 StationSystem update...
2025/08/05 08:40:35 weather update count: 600
2025/08/05 08:40:35 StationSystem update time: 2.733µs
2025/08/05 08:40:35 SatelliteSystem update...
2025/08/05 08:40:35 satellite count: 1500
2025/08/05 08:40:35 SatelliteSystem update time: 5.677715ms
2025/08/05 08:40:35 TopoSystem update...
2025/08/05 08:40:35 TopoSystem: Link count: 900000
2025/08/05 08:40:35 TopoSystem update time: 13.438909ms
2025/08/05 08:40:35 AttenuationSystem update...
2025/08/05 08:40:35 AttenuationSystem parallel flag: 1
2025/08/05 08:40:36 Attenuation computed count: 900000
2025/08/05 08:40:36 AttenuationSystem update time: 258.270037ms
2025/08/05 08:40:36 Run 10 complete
2025/08/05 08:40:36 Total update time:  3.024384451s
2025/08/05 08:40:36 linkCache size: 40

 Performance counter stats for './scale_ecs 600 1500 10 8 2 1':

        19,366,129      cache-references                                                      
         3,418,034      cache-misses                     #   17.65% of all cache refs         

       3.031310308 seconds time elapsed

      19.710047000 seconds user
       0.064048000 seconds sys


