ECS running with 900 stations, 1100 satellites, 8 numWGs and 8 numBlocks for 10 rounds in 1 parallel pattern
2025/08/05 10:36:22 StationSystem update...
2025/08/05 10:36:22 weather update count: 900
2025/08/05 10:36:22 SatelliteSystem update...
2025/08/05 10:36:22 StationSystem update time: 4.162µs
2025/08/05 10:36:22 satellite count: 1100
2025/08/05 10:36:22 SatelliteSystem update time: 4.171455ms
2025/08/05 10:36:22 TopoSystem update...
2025/08/05 10:36:22 TopoSystem: Link count: 990000
2025/08/05 10:36:22 TopoSystem update time: 30.860331ms
2025/08/05 10:36:22 AttenuationSystem update...
2025/08/05 10:36:22 AttenuationSystem parallel flag: 1
2025/08/05 10:36:22 Attenuation computed count: 990000
2025/08/05 10:36:22 AttenuationSystem update time: 285.754626ms
2025/08/05 10:36:22 Run 1 complete
2025/08/05 10:36:22 StationSystem update...
2025/08/05 10:36:22 weather update count: 900
2025/08/05 10:36:22 StationSystem update time: 3.714µs
2025/08/05 10:36:22 SatelliteSystem update...
2025/08/05 10:36:22 satellite count: 1100
2025/08/05 10:36:22 SatelliteSystem update time: 4.184284ms
2025/08/05 10:36:22 TopoSystem update...
2025/08/05 10:36:22 TopoSystem: Link count: 990000
2025/08/05 10:36:22 TopoSystem update time: 36.187877ms
2025/08/05 10:36:22 AttenuationSystem update...
2025/08/05 10:36:22 AttenuationSystem parallel flag: 1
2025/08/05 10:36:22 Attenuation computed count: 990000
2025/08/05 10:36:22 AttenuationSystem update time: 307.181383ms
2025/08/05 10:36:22 Run 2 complete
2025/08/05 10:36:22 StationSystem update...
2025/08/05 10:36:22 weather update count: 900
2025/08/05 10:36:22 StationSystem update time: 3.632µs
2025/08/05 10:36:22 SatelliteSystem update...
2025/08/05 10:36:22 satellite count: 1100
2025/08/05 10:36:22 SatelliteSystem update time: 4.172152ms
2025/08/05 10:36:22 TopoSystem update...
2025/08/05 10:36:22 TopoSystem: Link count: 990000
2025/08/05 10:36:22 TopoSystem update time: 19.459251ms
2025/08/05 10:36:22 AttenuationSystem update...
2025/08/05 10:36:22 AttenuationSystem parallel flag: 1
2025/08/05 10:36:23 Attenuation computed count: 990000
2025/08/05 10:36:23 AttenuationSystem update time: 314.147252ms
2025/08/05 10:36:23 Run 3 complete
2025/08/05 10:36:23 StationSystem update...
2025/08/05 10:36:23 weather update count: 900
2025/08/05 10:36:23 StationSystem update time: 3.91µs
2025/08/05 10:36:23 SatelliteSystem update...
2025/08/05 10:36:23 satellite count: 1100
2025/08/05 10:36:23 SatelliteSystem update time: 4.17424ms
2025/08/05 10:36:23 TopoSystem update...
2025/08/05 10:36:23 TopoSystem: Link count: 990000
2025/08/05 10:36:23 TopoSystem update time: 14.528251ms
2025/08/05 10:36:23 AttenuationSystem update...
2025/08/05 10:36:23 AttenuationSystem parallel flag: 1
2025/08/05 10:36:23 Attenuation computed count: 990000
2025/08/05 10:36:23 AttenuationSystem update time: 293.201049ms
2025/08/05 10:36:23 Run 4 complete
2025/08/05 10:36:23 StationSystem update...
2025/08/05 10:36:23 weather update count: 900
2025/08/05 10:36:23 StationSystem update time: 3.666µs
2025/08/05 10:36:23 SatelliteSystem update...
2025/08/05 10:36:23 satellite count: 1100
2025/08/05 10:36:23 SatelliteSystem update time: 4.174867ms
2025/08/05 10:36:23 TopoSystem update...
2025/08/05 10:36:23 TopoSystem: Link count: 990000
2025/08/05 10:36:23 TopoSystem update time: 14.837627ms
2025/08/05 10:36:23 AttenuationSystem update...
2025/08/05 10:36:23 AttenuationSystem parallel flag: 1
2025/08/05 10:36:23 Attenuation computed count: 990000
2025/08/05 10:36:23 AttenuationSystem update time: 318.838139ms
2025/08/05 10:36:23 Run 5 complete
2025/08/05 10:36:23 StationSystem update...
2025/08/05 10:36:23 weather update count: 900
2025/08/05 10:36:23 StationSystem update time: 3.79µs
2025/08/05 10:36:23 SatelliteSystem update...
2025/08/05 10:36:23 satellite count: 1100
2025/08/05 10:36:23 SatelliteSystem update time: 4.176143ms
2025/08/05 10:36:23 TopoSystem update...
2025/08/05 10:36:23 TopoSystem: Link count: 990000
2025/08/05 10:36:23 TopoSystem update time: 14.890592ms
2025/08/05 10:36:23 AttenuationSystem update...
2025/08/05 10:36:23 AttenuationSystem parallel flag: 1
2025/08/05 10:36:24 Attenuation computed count: 990000
2025/08/05 10:36:24 AttenuationSystem update time: 290.665217ms
2025/08/05 10:36:24 Run 6 complete
2025/08/05 10:36:24 StationSystem update...
2025/08/05 10:36:24 weather update count: 900
2025/08/05 10:36:24 StationSystem update time: 3.617µs
2025/08/05 10:36:24 SatelliteSystem update...
2025/08/05 10:36:24 satellite count: 1100
2025/08/05 10:36:24 SatelliteSystem update time: 4.180835ms
2025/08/05 10:36:24 TopoSystem update...
2025/08/05 10:36:24 TopoSystem: Link count: 990000
2025/08/05 10:36:24 TopoSystem update time: 15.817852ms
2025/08/05 10:36:24 AttenuationSystem update...
2025/08/05 10:36:24 AttenuationSystem parallel flag: 1
2025/08/05 10:36:24 Attenuation computed count: 990000
2025/08/05 10:36:24 AttenuationSystem update time: 315.977703ms
2025/08/05 10:36:24 Run 7 complete
2025/08/05 10:36:24 StationSystem update...
2025/08/05 10:36:24 weather update count: 900
2025/08/05 10:36:24 StationSystem update time: 4.084µs
2025/08/05 10:36:24 SatelliteSystem update...
2025/08/05 10:36:24 satellite count: 1100
2025/08/05 10:36:24 SatelliteSystem update time: 4.177539ms
2025/08/05 10:36:24 TopoSystem update...
2025/08/05 10:36:24 TopoSystem: Link count: 990000
2025/08/05 10:36:24 TopoSystem update time: 19.176306ms
2025/08/05 10:36:24 AttenuationSystem update...
2025/08/05 10:36:24 AttenuationSystem parallel flag: 1
2025/08/05 10:36:24 Attenuation computed count: 990000
2025/08/05 10:36:24 AttenuationSystem update time: 337.390913ms
2025/08/05 10:36:24 Run 8 complete
2025/08/05 10:36:24 StationSystem update...
2025/08/05 10:36:24 weather update count: 900
2025/08/05 10:36:24 StationSystem update time: 4.058µs
2025/08/05 10:36:24 SatelliteSystem update...
2025/08/05 10:36:24 satellite count: 1100
2025/08/05 10:36:24 SatelliteSystem update time: 4.178951ms
2025/08/05 10:36:24 TopoSystem update...
2025/08/05 10:36:24 TopoSystem: Link count: 990000
2025/08/05 10:36:24 TopoSystem update time: 19.443161ms
2025/08/05 10:36:24 AttenuationSystem update...
2025/08/05 10:36:24 AttenuationSystem parallel flag: 1
2025/08/05 10:36:25 Attenuation computed count: 990000
2025/08/05 10:36:25 AttenuationSystem update time: 317.045779ms
2025/08/05 10:36:25 Run 9 complete
2025/08/05 10:36:25 StationSystem update...
2025/08/05 10:36:25 weather update count: 900
2025/08/05 10:36:25 StationSystem update time: 3.849µs
2025/08/05 10:36:25 SatelliteSystem update...
2025/08/05 10:36:25 satellite count: 1100
2025/08/05 10:36:25 SatelliteSystem update time: 4.17023ms
2025/08/05 10:36:25 TopoSystem update...
2025/08/05 10:36:25 TopoSystem: Link count: 990000
2025/08/05 10:36:25 TopoSystem update time: 14.115219ms
2025/08/05 10:36:25 AttenuationSystem update...
2025/08/05 10:36:25 AttenuationSystem parallel flag: 1
2025/08/05 10:36:25 Attenuation computed count: 990000
2025/08/05 10:36:25 AttenuationSystem update time: 295.203259ms
2025/08/05 10:36:25 Run 10 complete
2025/08/05 10:36:25 Total update time:  3.321619954s
2025/08/05 10:36:25 linkCache size: 40

 Performance counter stats for './scale_ecs 900 1100 10 8 8 1':

        21,107,278      cache-references                                                      
         4,108,385      cache-misses                     #   19.46% of all cache refs         

       3.328610905 seconds time elapsed

      20.486904000 seconds user
       0.077089000 seconds sys


