ECS running with 1000 stations, 1700 satellites, 4 numWGs and 8 numBlocks for 10 rounds in 1 parallel pattern
2025/08/05 11:30:35 StationSystem update...
2025/08/05 11:30:35 weather update count: 1000
2025/08/05 11:30:35 SatelliteSystem update...
2025/08/05 11:30:35 StationSystem update time: 5.77µs
2025/08/05 11:30:35 satellite count: 1700
2025/08/05 11:30:35 SatelliteSystem update time: 6.475257ms
2025/08/05 11:30:35 TopoSystem update...
2025/08/05 11:30:35 TopoSystem: Link count: 1700000
2025/08/05 11:30:35 TopoSystem update time: 52.238818ms
2025/08/05 11:30:35 AttenuationSystem update...
2025/08/05 11:30:35 AttenuationSystem parallel flag: 1
2025/08/05 11:30:36 Attenuation computed count: 1700000
2025/08/05 11:30:36 AttenuationSystem update time: 972.280298ms
2025/08/05 11:30:36 Run 1 complete
2025/08/05 11:30:36 StationSystem update...
2025/08/05 11:30:36 weather update count: 1000
2025/08/05 11:30:36 StationSystem update time: 4.059µs
2025/08/05 11:30:36 SatelliteSystem update...
2025/08/05 11:30:36 satellite count: 1700
2025/08/05 11:30:36 SatelliteSystem update time: 6.417578ms
2025/08/05 11:30:36 TopoSystem update...
2025/08/05 11:30:36 TopoSystem: Link count: 1700000
2025/08/05 11:30:36 TopoSystem update time: 52.109221ms
2025/08/05 11:30:36 AttenuationSystem update...
2025/08/05 11:30:36 AttenuationSystem parallel flag: 1
2025/08/05 11:30:37 Attenuation computed count: 1700000
2025/08/05 11:30:37 AttenuationSystem update time: 1.016001157s
2025/08/05 11:30:37 Run 2 complete
2025/08/05 11:30:37 StationSystem update...
2025/08/05 11:30:37 weather update count: 1000
2025/08/05 11:30:37 StationSystem update time: 3.91µs
2025/08/05 11:30:37 SatelliteSystem update...
2025/08/05 11:30:37 satellite count: 1700
2025/08/05 11:30:37 SatelliteSystem update time: 6.427189ms
2025/08/05 11:30:37 TopoSystem update...
2025/08/05 11:30:37 TopoSystem: Link count: 1700000
2025/08/05 11:30:37 TopoSystem update time: 33.863044ms
2025/08/05 11:30:37 AttenuationSystem update...
2025/08/05 11:30:37 AttenuationSystem parallel flag: 1
2025/08/05 11:30:38 Attenuation computed count: 1700000
2025/08/05 11:30:38 AttenuationSystem update time: 985.859866ms
2025/08/05 11:30:38 Run 3 complete
2025/08/05 11:30:38 StationSystem update...
2025/08/05 11:30:38 weather update count: 1000
2025/08/05 11:30:38 StationSystem update time: 3.671µs
2025/08/05 11:30:38 SatelliteSystem update...
2025/08/05 11:30:38 satellite count: 1700
2025/08/05 11:30:38 SatelliteSystem update time: 6.490323ms
2025/08/05 11:30:38 TopoSystem update...
2025/08/05 11:30:38 TopoSystem: Link count: 1700000
2025/08/05 11:30:38 TopoSystem update time: 24.664713ms
2025/08/05 11:30:38 AttenuationSystem update...
2025/08/05 11:30:38 AttenuationSystem parallel flag: 1
2025/08/05 11:30:39 Attenuation computed count: 1700000
2025/08/05 11:30:39 AttenuationSystem update time: 968.796388ms
2025/08/05 11:30:39 Run 4 complete
2025/08/05 11:30:39 StationSystem update...
2025/08/05 11:30:39 weather update count: 1000
2025/08/05 11:30:39 StationSystem update time: 3.731µs
2025/08/05 11:30:39 SatelliteSystem update...
2025/08/05 11:30:39 satellite count: 1700
2025/08/05 11:30:39 SatelliteSystem update time: 4.847882ms
2025/08/05 11:30:39 TopoSystem update...
2025/08/05 11:30:39 TopoSystem: Link count: 1700000
2025/08/05 11:30:39 TopoSystem update time: 21.273554ms
2025/08/05 11:30:39 AttenuationSystem update...
2025/08/05 11:30:39 AttenuationSystem parallel flag: 1
2025/08/05 11:30:40 Attenuation computed count: 1700000
2025/08/05 11:30:40 AttenuationSystem update time: 813.608525ms
2025/08/05 11:30:40 Run 5 complete
2025/08/05 11:30:40 StationSystem update...
2025/08/05 11:30:40 weather update count: 1000
2025/08/05 11:30:40 StationSystem update time: 3.766µs
2025/08/05 11:30:40 SatelliteSystem update...
2025/08/05 11:30:40 satellite count: 1700
2025/08/05 11:30:40 SatelliteSystem update time: 4.77537ms
2025/08/05 11:30:40 TopoSystem update...
2025/08/05 11:30:40 TopoSystem: Link count: 1700000
2025/08/05 11:30:40 TopoSystem update time: 21.674249ms
2025/08/05 11:30:40 AttenuationSystem update...
2025/08/05 11:30:40 AttenuationSystem parallel flag: 1
2025/08/05 11:30:41 Attenuation computed count: 1700000
2025/08/05 11:30:41 AttenuationSystem update time: 836.929999ms
2025/08/05 11:30:41 Run 6 complete
2025/08/05 11:30:41 StationSystem update...
2025/08/05 11:30:41 weather update count: 1000
2025/08/05 11:30:41 StationSystem update time: 3.727µs
2025/08/05 11:30:41 SatelliteSystem update...
2025/08/05 11:30:41 satellite count: 1700
2025/08/05 11:30:41 SatelliteSystem update time: 4.809525ms
2025/08/05 11:30:41 TopoSystem update...
2025/08/05 11:30:41 TopoSystem: Link count: 1700000
2025/08/05 11:30:41 TopoSystem update time: 20.31035ms
2025/08/05 11:30:41 AttenuationSystem update...
2025/08/05 11:30:41 AttenuationSystem parallel flag: 1
2025/08/05 11:30:42 Attenuation computed count: 1700000
2025/08/05 11:30:42 AttenuationSystem update time: 1.003124672s
2025/08/05 11:30:42 Run 7 complete
2025/08/05 11:30:42 StationSystem update...
2025/08/05 11:30:42 weather update count: 1000
2025/08/05 11:30:42 SatelliteSystem update...
2025/08/05 11:30:42 StationSystem update time: 4.832µs
2025/08/05 11:30:42 satellite count: 1700
2025/08/05 11:30:42 SatelliteSystem update time: 4.769413ms
2025/08/05 11:30:42 TopoSystem update...
2025/08/05 11:30:42 TopoSystem: Link count: 1700000
2025/08/05 11:30:42 TopoSystem update time: 20.72956ms
2025/08/05 11:30:42 AttenuationSystem update...
2025/08/05 11:30:42 AttenuationSystem parallel flag: 1
2025/08/05 11:30:43 Attenuation computed count: 1700000
2025/08/05 11:30:43 AttenuationSystem update time: 971.204272ms
2025/08/05 11:30:43 Run 8 complete
2025/08/05 11:30:43 StationSystem update...
2025/08/05 11:30:43 weather update count: 1000
2025/08/05 11:30:43 StationSystem update time: 4.238µs
2025/08/05 11:30:43 SatelliteSystem update...
2025/08/05 11:30:43 satellite count: 1700
2025/08/05 11:30:43 SatelliteSystem update time: 4.778127ms
2025/08/05 11:30:43 TopoSystem update...
2025/08/05 11:30:43 TopoSystem: Link count: 1700000
2025/08/05 11:30:43 TopoSystem update time: 20.278967ms
2025/08/05 11:30:43 AttenuationSystem update...
2025/08/05 11:30:43 AttenuationSystem parallel flag: 1
2025/08/05 11:30:44 Attenuation computed count: 1700000
2025/08/05 11:30:44 AttenuationSystem update time: 910.162747ms
2025/08/05 11:30:44 Run 9 complete
2025/08/05 11:30:44 StationSystem update...
2025/08/05 11:30:44 weather update count: 1000
2025/08/05 11:30:44 StationSystem update time: 3.737µs
2025/08/05 11:30:44 SatelliteSystem update...
2025/08/05 11:30:44 satellite count: 1700
2025/08/05 11:30:44 SatelliteSystem update time: 4.787889ms
2025/08/05 11:30:44 TopoSystem update...
2025/08/05 11:30:44 TopoSystem: Link count: 1700000
2025/08/05 11:30:44 TopoSystem update time: 20.27234ms
2025/08/05 11:30:44 AttenuationSystem update...
2025/08/05 11:30:44 AttenuationSystem parallel flag: 1
2025/08/05 11:30:45 Attenuation computed count: 1700000
2025/08/05 11:30:45 AttenuationSystem update time: 739.13542ms
2025/08/05 11:30:45 Run 10 complete
2025/08/05 11:30:45 Total update time:  9.567675495s
2025/08/05 11:30:45 linkCache size: 40

 Performance counter stats for './scale_ecs 1000 1700 10 4 8 1':

        34,952,526      cache-references                                                      
         8,365,871      cache-misses                     #   23.93% of all cache refs         

       9.587605121 seconds time elapsed

      32.952165000 seconds user
       0.090014000 seconds sys


