ECS running with 700 stations, 900 satellites, 4 numWGs and 4 numBlocks for 10 rounds in 0 parallel pattern
2025/08/05 08:58:26 StationSystem update...
2025/08/05 08:58:26 weather update count: 700
2025/08/05 08:58:26 SatelliteSystem update...
2025/08/05 08:58:26 StationSystem update time: 4.835µs
2025/08/05 08:58:26 satellite count: 900
2025/08/05 08:58:26 SatelliteSystem update time: 3.450454ms
2025/08/05 08:58:26 TopoSystem update...
2025/08/05 08:58:26 TopoSystem: Link count: 630000
2025/08/05 08:58:26 TopoSystem update time: 18.624332ms
2025/08/05 08:58:26 AttenuationSystem update...
2025/08/05 08:58:26 AttenuationSystem parallel flag: 0
2025/08/05 08:58:27 Attenuation computed count: 630000
2025/08/05 08:58:27 AttenuationSystem update time: 359.915217ms
2025/08/05 08:58:27 Run 1 complete
2025/08/05 08:58:27 StationSystem update...
2025/08/05 08:58:27 weather update count: 700
2025/08/05 08:58:27 StationSystem update time: 3.498µs
2025/08/05 08:58:27 SatelliteSystem update...
2025/08/05 08:58:27 satellite count: 900
2025/08/05 08:58:27 SatelliteSystem update time: 3.421843ms
2025/08/05 08:58:27 TopoSystem update...
2025/08/05 08:58:27 TopoSystem: Link count: 630000
2025/08/05 08:58:27 TopoSystem update time: 16.636001ms
2025/08/05 08:58:27 AttenuationSystem update...
2025/08/05 08:58:27 AttenuationSystem parallel flag: 0
2025/08/05 08:58:27 Attenuation computed count: 630000
2025/08/05 08:58:27 AttenuationSystem update time: 360.17461ms
2025/08/05 08:58:27 Run 2 complete
2025/08/05 08:58:27 StationSystem update...
2025/08/05 08:58:27 weather update count: 700
2025/08/05 08:58:27 StationSystem update time: 3.466µs
2025/08/05 08:58:27 SatelliteSystem update...
2025/08/05 08:58:27 satellite count: 900
2025/08/05 08:58:27 SatelliteSystem update time: 3.442461ms
2025/08/05 08:58:27 TopoSystem update...
2025/08/05 08:58:27 TopoSystem: Link count: 630000
2025/08/05 08:58:27 TopoSystem update time: 9.732146ms
2025/08/05 08:58:27 AttenuationSystem update...
2025/08/05 08:58:27 AttenuationSystem parallel flag: 0
2025/08/05 08:58:27 Attenuation computed count: 630000
2025/08/05 08:58:27 AttenuationSystem update time: 359.007068ms
2025/08/05 08:58:27 Run 3 complete
2025/08/05 08:58:27 StationSystem update...
2025/08/05 08:58:27 weather update count: 700
2025/08/05 08:58:27 StationSystem update time: 3.289µs
2025/08/05 08:58:27 SatelliteSystem update...
2025/08/05 08:58:27 satellite count: 900
2025/08/05 08:58:27 SatelliteSystem update time: 3.426367ms
2025/08/05 08:58:27 TopoSystem update...
2025/08/05 08:58:27 TopoSystem: Link count: 630000
2025/08/05 08:58:27 TopoSystem update time: 10.392697ms
2025/08/05 08:58:27 AttenuationSystem update...
2025/08/05 08:58:27 AttenuationSystem parallel flag: 0
2025/08/05 08:58:28 Attenuation computed count: 630000
2025/08/05 08:58:28 AttenuationSystem update time: 359.351065ms
2025/08/05 08:58:28 Run 4 complete
2025/08/05 08:58:28 StationSystem update...
2025/08/05 08:58:28 weather update count: 700
2025/08/05 08:58:28 StationSystem update time: 3.505µs
2025/08/05 08:58:28 SatelliteSystem update...
2025/08/05 08:58:28 satellite count: 900
2025/08/05 08:58:28 SatelliteSystem update time: 3.428607ms
2025/08/05 08:58:28 TopoSystem update...
2025/08/05 08:58:28 TopoSystem: Link count: 630000
2025/08/05 08:58:28 TopoSystem update time: 8.420816ms
2025/08/05 08:58:28 AttenuationSystem update...
2025/08/05 08:58:28 AttenuationSystem parallel flag: 0
2025/08/05 08:58:28 Attenuation computed count: 630000
2025/08/05 08:58:28 AttenuationSystem update time: 312.822537ms
2025/08/05 08:58:28 Run 5 complete
2025/08/05 08:58:28 StationSystem update...
2025/08/05 08:58:28 weather update count: 700
2025/08/05 08:58:28 SatelliteSystem update...
2025/08/05 08:58:28 StationSystem update time: 2.512µs
2025/08/05 08:58:28 satellite count: 900
2025/08/05 08:58:28 SatelliteSystem update time: 2.53721ms
2025/08/05 08:58:28 TopoSystem update...
2025/08/05 08:58:28 TopoSystem: Link count: 630000
2025/08/05 08:58:28 TopoSystem update time: 8.907782ms
2025/08/05 08:58:28 AttenuationSystem update...
2025/08/05 08:58:28 AttenuationSystem parallel flag: 0
2025/08/05 08:58:28 Attenuation computed count: 630000
2025/08/05 08:58:28 AttenuationSystem update time: 315.283705ms
2025/08/05 08:58:28 Run 6 complete
2025/08/05 08:58:28 StationSystem update...
2025/08/05 08:58:28 weather update count: 700
2025/08/05 08:58:28 StationSystem update time: 3.097µs
2025/08/05 08:58:28 SatelliteSystem update...
2025/08/05 08:58:28 satellite count: 900
2025/08/05 08:58:28 SatelliteSystem update time: 3.4214ms
2025/08/05 08:58:28 TopoSystem update...
2025/08/05 08:58:28 TopoSystem: Link count: 630000
2025/08/05 08:58:28 TopoSystem update time: 9.300661ms
2025/08/05 08:58:28 AttenuationSystem update...
2025/08/05 08:58:28 AttenuationSystem parallel flag: 0
2025/08/05 08:58:29 Attenuation computed count: 630000
2025/08/05 08:58:29 AttenuationSystem update time: 353.25169ms
2025/08/05 08:58:29 Run 7 complete
2025/08/05 08:58:29 StationSystem update...
2025/08/05 08:58:29 weather update count: 700
2025/08/05 08:58:29 StationSystem update time: 3.418µs
2025/08/05 08:58:29 SatelliteSystem update...
2025/08/05 08:58:29 satellite count: 900
2025/08/05 08:58:29 SatelliteSystem update time: 3.541631ms
2025/08/05 08:58:29 TopoSystem update...
2025/08/05 08:58:29 TopoSystem: Link count: 630000
2025/08/05 08:58:29 TopoSystem update time: 8.339582ms
2025/08/05 08:58:29 AttenuationSystem update...
2025/08/05 08:58:29 AttenuationSystem parallel flag: 0
2025/08/05 08:58:29 Attenuation computed count: 630000
2025/08/05 08:58:29 AttenuationSystem update time: 403.742546ms
2025/08/05 08:58:29 Run 8 complete
2025/08/05 08:58:29 StationSystem update...
2025/08/05 08:58:29 weather update count: 700
2025/08/05 08:58:29 StationSystem update time: 3.181µs
2025/08/05 08:58:29 SatelliteSystem update...
2025/08/05 08:58:29 satellite count: 900
2025/08/05 08:58:29 SatelliteSystem update time: 3.421117ms
2025/08/05 08:58:29 TopoSystem update...
2025/08/05 08:58:29 TopoSystem: Link count: 630000
2025/08/05 08:58:29 TopoSystem update time: 8.643956ms
2025/08/05 08:58:29 AttenuationSystem update...
2025/08/05 08:58:29 AttenuationSystem parallel flag: 0
2025/08/05 08:58:29 Attenuation computed count: 630000
2025/08/05 08:58:29 AttenuationSystem update time: 363.616099ms
2025/08/05 08:58:29 Run 9 complete
2025/08/05 08:58:29 StationSystem update...
2025/08/05 08:58:29 weather update count: 700
2025/08/05 08:58:29 StationSystem update time: 3.666µs
2025/08/05 08:58:29 SatelliteSystem update...
2025/08/05 08:58:29 satellite count: 900
2025/08/05 08:58:29 SatelliteSystem update time: 3.414064ms
2025/08/05 08:58:29 TopoSystem update...
2025/08/05 08:58:29 TopoSystem: Link count: 630000
2025/08/05 08:58:29 TopoSystem update time: 8.290155ms
2025/08/05 08:58:29 AttenuationSystem update...
2025/08/05 08:58:29 AttenuationSystem parallel flag: 0
2025/08/05 08:58:30 Attenuation computed count: 630000
2025/08/05 08:58:30 AttenuationSystem update time: 363.005122ms
2025/08/05 08:58:30 Run 10 complete
2025/08/05 08:58:30 Total update time:  3.696870942s
2025/08/05 08:58:30 linkCache size: 40

 Performance counter stats for './scale_ecs 700 900 10 4 4 0':

        13,686,129      cache-references                                                      
         2,600,520      cache-misses                     #   19.00% of all cache refs         

       3.703655682 seconds time elapsed

      13.000604000 seconds user
       0.041061000 seconds sys


