ECS running with 800 stations, 500 satellites, 8 numWGs and 8 numBlocks for 10 rounds in 1 parallel pattern
2025/08/05 09:23:48 StationSystem update...
2025/08/05 09:23:48 weather update count: 800
2025/08/05 09:23:48 StationSystem update time: 4.218µs
2025/08/05 09:23:48 SatelliteSystem update...
2025/08/05 09:23:48 satellite count: 500
2025/08/05 09:23:48 SatelliteSystem update time: 1.973324ms
2025/08/05 09:23:48 TopoSystem update...
2025/08/05 09:23:48 TopoSystem: Link count: 400000
2025/08/05 09:23:48 TopoSystem update time: 13.704909ms
2025/08/05 09:23:48 AttenuationSystem update...
2025/08/05 09:23:48 AttenuationSystem parallel flag: 1
2025/08/05 09:23:48 Attenuation computed count: 400000
2025/08/05 09:23:48 AttenuationSystem update time: 119.374605ms
2025/08/05 09:23:48 Run 1 complete
2025/08/05 09:23:48 StationSystem update...
2025/08/05 09:23:48 weather update count: 800
2025/08/05 09:23:48 StationSystem update time: 3.319µs
2025/08/05 09:23:48 SatelliteSystem update...
2025/08/05 09:23:48 satellite count: 500
2025/08/05 09:23:48 SatelliteSystem update time: 1.915603ms
2025/08/05 09:23:48 TopoSystem update...
2025/08/05 09:23:48 TopoSystem: Link count: 400000
2025/08/05 09:23:48 TopoSystem update time: 13.027338ms
2025/08/05 09:23:48 AttenuationSystem update...
2025/08/05 09:23:48 AttenuationSystem parallel flag: 1
2025/08/05 09:23:48 Attenuation computed count: 400000
2025/08/05 09:23:48 AttenuationSystem update time: 146.010759ms
2025/08/05 09:23:48 Run 2 complete
2025/08/05 09:23:48 StationSystem update...
2025/08/05 09:23:48 weather update count: 800
2025/08/05 09:23:48 StationSystem update time: 2.962µs
2025/08/05 09:23:48 SatelliteSystem update...
2025/08/05 09:23:48 satellite count: 500
2025/08/05 09:23:48 SatelliteSystem update time: 1.90817ms
2025/08/05 09:23:48 TopoSystem update...
2025/08/05 09:23:48 TopoSystem: Link count: 400000
2025/08/05 09:23:48 TopoSystem update time: 6.302395ms
2025/08/05 09:23:48 AttenuationSystem update...
2025/08/05 09:23:48 AttenuationSystem parallel flag: 1
2025/08/05 09:23:49 Attenuation computed count: 400000
2025/08/05 09:23:49 AttenuationSystem update time: 132.876538ms
2025/08/05 09:23:49 Run 3 complete
2025/08/05 09:23:49 StationSystem update...
2025/08/05 09:23:49 weather update count: 800
2025/08/05 09:23:49 StationSystem update time: 3.255µs
2025/08/05 09:23:49 SatelliteSystem update...
2025/08/05 09:23:49 satellite count: 500
2025/08/05 09:23:49 SatelliteSystem update time: 1.917085ms
2025/08/05 09:23:49 TopoSystem update...
2025/08/05 09:23:49 TopoSystem: Link count: 400000
2025/08/05 09:23:49 TopoSystem update time: 6.182652ms
2025/08/05 09:23:49 AttenuationSystem update...
2025/08/05 09:23:49 AttenuationSystem parallel flag: 1
2025/08/05 09:23:49 Attenuation computed count: 400000
2025/08/05 09:23:49 AttenuationSystem update time: 156.027075ms
2025/08/05 09:23:49 Run 4 complete
2025/08/05 09:23:49 StationSystem update...
2025/08/05 09:23:49 weather update count: 800
2025/08/05 09:23:49 StationSystem update time: 3.517µs
2025/08/05 09:23:49 SatelliteSystem update...
2025/08/05 09:23:49 satellite count: 500
2025/08/05 09:23:49 SatelliteSystem update time: 1.91245ms
2025/08/05 09:23:49 TopoSystem update...
2025/08/05 09:23:49 TopoSystem: Link count: 400000
2025/08/05 09:23:49 TopoSystem update time: 5.723413ms
2025/08/05 09:23:49 AttenuationSystem update...
2025/08/05 09:23:49 AttenuationSystem parallel flag: 1
2025/08/05 09:23:49 Attenuation computed count: 400000
2025/08/05 09:23:49 AttenuationSystem update time: 146.983543ms
2025/08/05 09:23:49 Run 5 complete
2025/08/05 09:23:49 StationSystem update...
2025/08/05 09:23:49 weather update count: 800
2025/08/05 09:23:49 StationSystem update time: 3.235µs
2025/08/05 09:23:49 SatelliteSystem update...
2025/08/05 09:23:49 satellite count: 500
2025/08/05 09:23:49 SatelliteSystem update time: 1.910217ms
2025/08/05 09:23:49 TopoSystem update...
2025/08/05 09:23:49 TopoSystem: Link count: 400000
2025/08/05 09:23:49 TopoSystem update time: 6.031601ms
2025/08/05 09:23:49 AttenuationSystem update...
2025/08/05 09:23:49 AttenuationSystem parallel flag: 1
2025/08/05 09:23:49 Attenuation computed count: 400000
2025/08/05 09:23:49 AttenuationSystem update time: 199.148385ms
2025/08/05 09:23:49 Run 6 complete
2025/08/05 09:23:49 StationSystem update...
2025/08/05 09:23:49 weather update count: 800
2025/08/05 09:23:49 StationSystem update time: 4.365µs
2025/08/05 09:23:49 SatelliteSystem update...
2025/08/05 09:23:49 satellite count: 500
2025/08/05 09:23:49 SatelliteSystem update time: 1.949507ms
2025/08/05 09:23:49 TopoSystem update...
2025/08/05 09:23:49 TopoSystem: Link count: 400000
2025/08/05 09:23:49 TopoSystem update time: 6.200078ms
2025/08/05 09:23:49 AttenuationSystem update...
2025/08/05 09:23:49 AttenuationSystem parallel flag: 1
2025/08/05 09:23:49 Attenuation computed count: 400000
2025/08/05 09:23:49 AttenuationSystem update time: 186.218032ms
2025/08/05 09:23:49 Run 7 complete
2025/08/05 09:23:49 StationSystem update...
2025/08/05 09:23:49 weather update count: 800
2025/08/05 09:23:49 StationSystem update time: 3.136µs
2025/08/05 09:23:49 SatelliteSystem update...
2025/08/05 09:23:49 satellite count: 500
2025/08/05 09:23:49 SatelliteSystem update time: 1.911122ms
2025/08/05 09:23:49 TopoSystem update...
2025/08/05 09:23:49 TopoSystem: Link count: 400000
2025/08/05 09:23:49 TopoSystem update time: 6.408206ms
2025/08/05 09:23:49 AttenuationSystem update...
2025/08/05 09:23:49 AttenuationSystem parallel flag: 1
2025/08/05 09:23:49 Attenuation computed count: 400000
2025/08/05 09:23:49 AttenuationSystem update time: 156.049136ms
2025/08/05 09:23:49 Run 8 complete
2025/08/05 09:23:49 StationSystem update...
2025/08/05 09:23:49 weather update count: 800
2025/08/05 09:23:49 StationSystem update time: 3.234µs
2025/08/05 09:23:49 SatelliteSystem update...
2025/08/05 09:23:49 satellite count: 500
2025/08/05 09:23:49 SatelliteSystem update time: 1.906357ms
2025/08/05 09:23:49 TopoSystem update...
2025/08/05 09:23:49 TopoSystem: Link count: 400000
2025/08/05 09:23:49 TopoSystem update time: 6.182235ms
2025/08/05 09:23:49 AttenuationSystem update...
2025/08/05 09:23:49 AttenuationSystem parallel flag: 1
2025/08/05 09:23:50 Attenuation computed count: 400000
2025/08/05 09:23:50 AttenuationSystem update time: 167.111974ms
2025/08/05 09:23:50 Run 9 complete
2025/08/05 09:23:50 StationSystem update...
2025/08/05 09:23:50 SatelliteSystem update...
2025/08/05 09:23:50 weather update count: 800
2025/08/05 09:23:50 StationSystem update time: 15.419µs
2025/08/05 09:23:50 satellite count: 500
2025/08/05 09:23:50 SatelliteSystem update time: 1.930248ms
2025/08/05 09:23:50 TopoSystem update...
2025/08/05 09:23:50 TopoSystem: Link count: 400000
2025/08/05 09:23:50 TopoSystem update time: 6.024818ms
2025/08/05 09:23:50 AttenuationSystem update...
2025/08/05 09:23:50 AttenuationSystem parallel flag: 1
2025/08/05 09:23:50 Attenuation computed count: 400000
2025/08/05 09:23:50 AttenuationSystem update time: 150.468801ms
2025/08/05 09:23:50 Run 10 complete
2025/08/05 09:23:50 Total update time:  1.657823552s
2025/08/05 09:23:50 linkCache size: 40

 Performance counter stats for './scale_ecs 800 500 10 8 8 1':

         8,417,788      cache-references                                                      
         1,009,924      cache-misses                     #   12.00% of all cache refs         

       1.663016622 seconds time elapsed

       9.446308000 seconds user
       0.035989000 seconds sys


