ECS running with 600 stations, 1200 satellites, 2 numWGs and 4 numBlocks for 10 rounds in 1 parallel pattern
2025/08/05 08:34:22 SatelliteSystem update...
2025/08/05 08:34:22 StationSystem update...
2025/08/05 08:34:22 weather update count: 600
2025/08/05 08:34:22 StationSystem update time: 4.359µs
2025/08/05 08:34:22 satellite count: 1200
2025/08/05 08:34:22 SatelliteSystem update time: 4.550924ms
2025/08/05 08:34:22 TopoSystem update...
2025/08/05 08:34:22 TopoSystem: Link count: 720000
2025/08/05 08:34:22 TopoSystem update time: 22.649218ms
2025/08/05 08:34:22 AttenuationSystem update...
2025/08/05 08:34:22 AttenuationSystem parallel flag: 1
2025/08/05 08:34:22 Attenuation computed count: 720000
2025/08/05 08:34:22 AttenuationSystem update time: 821.263059ms
2025/08/05 08:34:22 Run 1 complete
2025/08/05 08:34:22 StationSystem update...
2025/08/05 08:34:22 weather update count: 600
2025/08/05 08:34:22 SatelliteSystem update...
2025/08/05 08:34:22 StationSystem update time: 2.776µs
2025/08/05 08:34:22 satellite count: 1200
2025/08/05 08:34:22 SatelliteSystem update time: 3.373337ms
2025/08/05 08:34:22 TopoSystem update...
2025/08/05 08:34:22 TopoSystem: Link count: 720000
2025/08/05 08:34:22 TopoSystem update time: 14.896639ms
2025/08/05 08:34:22 AttenuationSystem update...
2025/08/05 08:34:22 AttenuationSystem parallel flag: 1
2025/08/05 08:34:23 Attenuation computed count: 720000
2025/08/05 08:34:23 AttenuationSystem update time: 778.189023ms
2025/08/05 08:34:23 Run 2 complete
2025/08/05 08:34:23 StationSystem update...
2025/08/05 08:34:23 weather update count: 600
2025/08/05 08:34:23 StationSystem update time: 2.747µs
2025/08/05 08:34:23 SatelliteSystem update...
2025/08/05 08:34:23 satellite count: 1200
2025/08/05 08:34:23 SatelliteSystem update time: 3.384048ms
2025/08/05 08:34:23 TopoSystem update...
2025/08/05 08:34:23 TopoSystem: Link count: 720000
2025/08/05 08:34:23 TopoSystem update time: 8.643122ms
2025/08/05 08:34:23 AttenuationSystem update...
2025/08/05 08:34:23 AttenuationSystem parallel flag: 1
2025/08/05 08:34:24 Attenuation computed count: 720000
2025/08/05 08:34:24 AttenuationSystem update time: 779.31694ms
2025/08/05 08:34:24 Run 3 complete
2025/08/05 08:34:24 StationSystem update...
2025/08/05 08:34:24 weather update count: 600
2025/08/05 08:34:24 StationSystem update time: 3.156µs
2025/08/05 08:34:24 SatelliteSystem update...
2025/08/05 08:34:24 satellite count: 1200
2025/08/05 08:34:24 SatelliteSystem update time: 3.383216ms
2025/08/05 08:34:24 TopoSystem update...
2025/08/05 08:34:24 TopoSystem: Link count: 720000
2025/08/05 08:34:24 TopoSystem update time: 16.854624ms
2025/08/05 08:34:24 AttenuationSystem update...
2025/08/05 08:34:24 AttenuationSystem parallel flag: 1
2025/08/05 08:34:25 Attenuation computed count: 720000
2025/08/05 08:34:25 AttenuationSystem update time: 855.274811ms
2025/08/05 08:34:25 Run 4 complete
2025/08/05 08:34:25 StationSystem update...
2025/08/05 08:34:25 weather update count: 600
2025/08/05 08:34:25 StationSystem update time: 2.795µs
2025/08/05 08:34:25 SatelliteSystem update...
2025/08/05 08:34:25 satellite count: 1200
2025/08/05 08:34:25 SatelliteSystem update time: 4.554554ms
2025/08/05 08:34:25 TopoSystem update...
2025/08/05 08:34:25 TopoSystem: Link count: 720000
2025/08/05 08:34:25 TopoSystem update time: 10.866746ms
2025/08/05 08:34:25 AttenuationSystem update...
2025/08/05 08:34:25 AttenuationSystem parallel flag: 1
2025/08/05 08:34:26 Attenuation computed count: 720000
2025/08/05 08:34:26 AttenuationSystem update time: 834.395519ms
2025/08/05 08:34:26 Run 5 complete
2025/08/05 08:34:26 StationSystem update...
2025/08/05 08:34:26 weather update count: 600
2025/08/05 08:34:26 StationSystem update time: 2.601µs
2025/08/05 08:34:26 SatelliteSystem update...
2025/08/05 08:34:26 satellite count: 1200
2025/08/05 08:34:26 SatelliteSystem update time: 4.564222ms
2025/08/05 08:34:26 TopoSystem update...
2025/08/05 08:34:26 TopoSystem: Link count: 720000
2025/08/05 08:34:26 TopoSystem update time: 10.891638ms
2025/08/05 08:34:26 AttenuationSystem update...
2025/08/05 08:34:26 AttenuationSystem parallel flag: 1
2025/08/05 08:34:27 Attenuation computed count: 720000
2025/08/05 08:34:27 AttenuationSystem update time: 843.713275ms
2025/08/05 08:34:27 Run 6 complete
2025/08/05 08:34:27 StationSystem update...
2025/08/05 08:34:27 weather update count: 600
2025/08/05 08:34:27 StationSystem update time: 3.347µs
2025/08/05 08:34:27 SatelliteSystem update...
2025/08/05 08:34:27 satellite count: 1200
2025/08/05 08:34:27 SatelliteSystem update time: 5.311791ms
2025/08/05 08:34:27 TopoSystem update...
2025/08/05 08:34:27 TopoSystem: Link count: 720000
2025/08/05 08:34:27 TopoSystem update time: 13.821673ms
2025/08/05 08:34:27 AttenuationSystem update...
2025/08/05 08:34:27 AttenuationSystem parallel flag: 1
2025/08/05 08:34:27 Attenuation computed count: 720000
2025/08/05 08:34:27 AttenuationSystem update time: 831.953445ms
2025/08/05 08:34:27 Run 7 complete
2025/08/05 08:34:27 StationSystem update...
2025/08/05 08:34:27 weather update count: 600
2025/08/05 08:34:27 StationSystem update time: 2.905µs
2025/08/05 08:34:27 SatelliteSystem update...
2025/08/05 08:34:27 satellite count: 1200
2025/08/05 08:34:27 SatelliteSystem update time: 4.554708ms
2025/08/05 08:34:27 TopoSystem update...
2025/08/05 08:34:28 TopoSystem: Link count: 720000
2025/08/05 08:34:28 TopoSystem update time: 17.815803ms
2025/08/05 08:34:28 AttenuationSystem update...
2025/08/05 08:34:28 AttenuationSystem parallel flag: 1
2025/08/05 08:34:28 Attenuation computed count: 720000
2025/08/05 08:34:28 AttenuationSystem update time: 822.597627ms
2025/08/05 08:34:28 Run 8 complete
2025/08/05 08:34:28 StationSystem update...
2025/08/05 08:34:28 weather update count: 600
2025/08/05 08:34:28 StationSystem update time: 3.208µs
2025/08/05 08:34:28 SatelliteSystem update...
2025/08/05 08:34:28 satellite count: 1200
2025/08/05 08:34:28 SatelliteSystem update time: 3.38454ms
2025/08/05 08:34:28 TopoSystem update...
2025/08/05 08:34:28 TopoSystem: Link count: 720000
2025/08/05 08:34:28 TopoSystem update time: 9.683272ms
2025/08/05 08:34:28 AttenuationSystem update...
2025/08/05 08:34:28 AttenuationSystem parallel flag: 1
2025/08/05 08:34:29 Attenuation computed count: 720000
2025/08/05 08:34:29 AttenuationSystem update time: 827.829719ms
2025/08/05 08:34:29 Run 9 complete
2025/08/05 08:34:29 StationSystem update...
2025/08/05 08:34:29 weather update count: 600
2025/08/05 08:34:29 StationSystem update time: 2.585µs
2025/08/05 08:34:29 SatelliteSystem update...
2025/08/05 08:34:29 satellite count: 1200
2025/08/05 08:34:29 SatelliteSystem update time: 3.524776ms
2025/08/05 08:34:29 TopoSystem update...
2025/08/05 08:34:29 TopoSystem: Link count: 720000
2025/08/05 08:34:29 TopoSystem update time: 16.782103ms
2025/08/05 08:34:29 AttenuationSystem update...
2025/08/05 08:34:29 AttenuationSystem parallel flag: 1
2025/08/05 08:34:30 Attenuation computed count: 720000
2025/08/05 08:34:30 AttenuationSystem update time: 806.700942ms
2025/08/05 08:34:30 Run 10 complete
2025/08/05 08:34:30 Total update time:  8.391109996s
2025/08/05 08:34:30 linkCache size: 40

 Performance counter stats for './scale_ecs 600 1200 10 2 4 1':

        15,385,455      cache-references                                                      
         3,235,445      cache-misses                     #   21.03% of all cache refs         

       8.397493454 seconds time elapsed

      15.870304000 seconds user
       0.049016000 seconds sys


