ECS running with 900 stations, 1400 satellites, 4 numWGs and 2 numBlocks for 10 rounds in 0 parallel pattern
2025/08/05 10:42:19 StationSystem update...
2025/08/05 10:42:19 weather update count: 900
2025/08/05 10:42:19 StationSystem update time: 3.884µs
2025/08/05 10:42:19 SatelliteSystem update...
2025/08/05 10:42:19 satellite count: 1400
2025/08/05 10:42:19 SatelliteSystem update time: 5.31389ms
2025/08/05 10:42:19 TopoSystem update...
2025/08/05 10:42:20 TopoSystem: Link count: 1260000
2025/08/05 10:42:20 TopoSystem update time: 38.545175ms
2025/08/05 10:42:20 AttenuationSystem update...
2025/08/05 10:42:20 AttenuationSystem parallel flag: 0
2025/08/05 10:42:21 Attenuation computed count: 1260000
2025/08/05 10:42:21 AttenuationSystem update time: 1.392953942s
2025/08/05 10:42:21 Run 1 complete
2025/08/05 10:42:21 StationSystem update...
2025/08/05 10:42:21 weather update count: 900
2025/08/05 10:42:21 StationSystem update time: 3.314µs
2025/08/05 10:42:21 SatelliteSystem update...
2025/08/05 10:42:21 satellite count: 1400
2025/08/05 10:42:21 SatelliteSystem update time: 13.284457ms
2025/08/05 10:42:21 TopoSystem update...
2025/08/05 10:42:21 TopoSystem: Link count: 1260000
2025/08/05 10:42:21 TopoSystem update time: 52.122573ms
2025/08/05 10:42:21 AttenuationSystem update...
2025/08/05 10:42:21 AttenuationSystem parallel flag: 0
2025/08/05 10:42:22 Attenuation computed count: 1260000
2025/08/05 10:42:22 AttenuationSystem update time: 1.254728528s
2025/08/05 10:42:22 Run 2 complete
2025/08/05 10:42:22 StationSystem update...
2025/08/05 10:42:22 weather update count: 900
2025/08/05 10:42:22 StationSystem update time: 2.752µs
2025/08/05 10:42:22 SatelliteSystem update...
2025/08/05 10:42:22 satellite count: 1400
2025/08/05 10:42:22 SatelliteSystem update time: 3.935291ms
2025/08/05 10:42:22 TopoSystem update...
2025/08/05 10:42:22 TopoSystem: Link count: 1260000
2025/08/05 10:42:22 TopoSystem update time: 34.48445ms
2025/08/05 10:42:22 AttenuationSystem update...
2025/08/05 10:42:22 AttenuationSystem parallel flag: 0
2025/08/05 10:42:24 Attenuation computed count: 1260000
2025/08/05 10:42:24 AttenuationSystem update time: 1.310528905s
2025/08/05 10:42:24 Run 3 complete
2025/08/05 10:42:24 StationSystem update...
2025/08/05 10:42:24 weather update count: 900
2025/08/05 10:42:24 StationSystem update time: 3.05µs
2025/08/05 10:42:24 SatelliteSystem update...
2025/08/05 10:42:24 satellite count: 1400
2025/08/05 10:42:24 SatelliteSystem update time: 13.142494ms
2025/08/05 10:42:24 TopoSystem update...
2025/08/05 10:42:24 TopoSystem: Link count: 1260000
2025/08/05 10:42:24 TopoSystem update time: 21.499422ms
2025/08/05 10:42:24 AttenuationSystem update...
2025/08/05 10:42:24 AttenuationSystem parallel flag: 0
2025/08/05 10:42:25 Attenuation computed count: 1260000
2025/08/05 10:42:25 AttenuationSystem update time: 1.1227964s
2025/08/05 10:42:25 Run 4 complete
2025/08/05 10:42:25 StationSystem update...
2025/08/05 10:42:25 weather update count: 900
2025/08/05 10:42:25 StationSystem update time: 2.964µs
2025/08/05 10:42:25 SatelliteSystem update...
2025/08/05 10:42:25 satellite count: 1400
2025/08/05 10:42:25 SatelliteSystem update time: 5.334597ms
2025/08/05 10:42:25 TopoSystem update...
2025/08/05 10:42:25 TopoSystem: Link count: 1260000
2025/08/05 10:42:25 TopoSystem update time: 19.370186ms
2025/08/05 10:42:25 AttenuationSystem update...
2025/08/05 10:42:25 AttenuationSystem parallel flag: 0
2025/08/05 10:42:26 Attenuation computed count: 1260000
2025/08/05 10:42:26 AttenuationSystem update time: 1.109683184s
2025/08/05 10:42:26 Run 5 complete
2025/08/05 10:42:26 StationSystem update...
2025/08/05 10:42:26 weather update count: 900
2025/08/05 10:42:26 StationSystem update time: 2.643µs
2025/08/05 10:42:26 SatelliteSystem update...
2025/08/05 10:42:26 satellite count: 1400
2025/08/05 10:42:26 SatelliteSystem update time: 3.950354ms
2025/08/05 10:42:26 TopoSystem update...
2025/08/05 10:42:26 TopoSystem: Link count: 1260000
2025/08/05 10:42:26 TopoSystem update time: 23.517741ms
2025/08/05 10:42:26 AttenuationSystem update...
2025/08/05 10:42:26 AttenuationSystem parallel flag: 0
2025/08/05 10:42:27 Attenuation computed count: 1260000
2025/08/05 10:42:27 AttenuationSystem update time: 1.46960259s
2025/08/05 10:42:27 Run 6 complete
2025/08/05 10:42:27 StationSystem update...
2025/08/05 10:42:27 weather update count: 900
2025/08/05 10:42:27 StationSystem update time: 3.858µs
2025/08/05 10:42:27 SatelliteSystem update...
2025/08/05 10:42:27 satellite count: 1400
2025/08/05 10:42:27 SatelliteSystem update time: 5.304855ms
2025/08/05 10:42:27 TopoSystem update...
2025/08/05 10:42:27 TopoSystem: Link count: 1260000
2025/08/05 10:42:27 TopoSystem update time: 42.762062ms
2025/08/05 10:42:27 AttenuationSystem update...
2025/08/05 10:42:27 AttenuationSystem parallel flag: 0
2025/08/05 10:42:29 Attenuation computed count: 1260000
2025/08/05 10:42:29 AttenuationSystem update time: 1.256351485s
2025/08/05 10:42:29 Run 7 complete
2025/08/05 10:42:29 StationSystem update...
2025/08/05 10:42:29 weather update count: 900
2025/08/05 10:42:29 StationSystem update time: 3.041µs
2025/08/05 10:42:29 SatelliteSystem update...
2025/08/05 10:42:29 satellite count: 1400
2025/08/05 10:42:29 SatelliteSystem update time: 3.940758ms
2025/08/05 10:42:29 TopoSystem update...
2025/08/05 10:42:29 TopoSystem: Link count: 1260000
2025/08/05 10:42:29 TopoSystem update time: 18.676458ms
2025/08/05 10:42:29 AttenuationSystem update...
2025/08/05 10:42:29 AttenuationSystem parallel flag: 0
2025/08/05 10:42:30 Attenuation computed count: 1260000
2025/08/05 10:42:30 AttenuationSystem update time: 1.441906765s
2025/08/05 10:42:30 Run 8 complete
2025/08/05 10:42:30 StationSystem update...
2025/08/05 10:42:30 weather update count: 900
2025/08/05 10:42:30 StationSystem update time: 3.053µs
2025/08/05 10:42:30 SatelliteSystem update...
2025/08/05 10:42:30 satellite count: 1400
2025/08/05 10:42:30 SatelliteSystem update time: 5.304412ms
2025/08/05 10:42:30 TopoSystem update...
2025/08/05 10:42:30 TopoSystem: Link count: 1260000
2025/08/05 10:42:30 TopoSystem update time: 31.746138ms
2025/08/05 10:42:30 AttenuationSystem update...
2025/08/05 10:42:30 AttenuationSystem parallel flag: 0
2025/08/05 10:42:31 Attenuation computed count: 1260000
2025/08/05 10:42:31 AttenuationSystem update time: 1.079628077s
2025/08/05 10:42:31 Run 9 complete
2025/08/05 10:42:31 StationSystem update...
2025/08/05 10:42:31 weather update count: 900
2025/08/05 10:42:31 StationSystem update time: 3.312µs
2025/08/05 10:42:31 SatelliteSystem update...
2025/08/05 10:42:31 satellite count: 1400
2025/08/05 10:42:31 SatelliteSystem update time: 3.948851ms
2025/08/05 10:42:31 TopoSystem update...
2025/08/05 10:42:31 TopoSystem: Link count: 1260000
2025/08/05 10:42:31 TopoSystem update time: 42.026346ms
2025/08/05 10:42:31 AttenuationSystem update...
2025/08/05 10:42:31 AttenuationSystem parallel flag: 0
2025/08/05 10:42:33 Attenuation computed count: 1260000
2025/08/05 10:42:33 AttenuationSystem update time: 1.468747459s
2025/08/05 10:42:33 Run 10 complete
2025/08/05 10:42:33 Total update time:  13.302215611s
2025/08/05 10:42:33 linkCache size: 40

 Performance counter stats for './scale_ecs 900 1400 10 4 2 0':

        26,591,787      cache-references                                                      
         6,591,204      cache-misses                     #   24.79% of all cache refs         

      13.310040385 seconds time elapsed

      25.612614000 seconds user
       0.097025000 seconds sys


