ECS running with 900 stations, 1400 satellites, 2 numWGs and 8 numBlocks for 10 rounds in 1 parallel pattern
2025/08/05 10:41:54 StationSystem update...
2025/08/05 10:41:54 weather update count: 900
2025/08/05 10:41:54 SatelliteSystem update...
2025/08/05 10:41:54 StationSystem update time: 3.703µs
2025/08/05 10:41:54 satellite count: 1400
2025/08/05 10:41:54 SatelliteSystem update time: 5.317208ms
2025/08/05 10:41:54 TopoSystem update...
2025/08/05 10:41:54 TopoSystem: Link count: 1260000
2025/08/05 10:41:54 TopoSystem update time: 40.770899ms
2025/08/05 10:41:54 AttenuationSystem update...
2025/08/05 10:41:54 AttenuationSystem parallel flag: 1
2025/08/05 10:41:56 Attenuation computed count: 1260000
2025/08/05 10:41:56 AttenuationSystem update time: 1.391677127s
2025/08/05 10:41:56 Run 1 complete
2025/08/05 10:41:56 StationSystem update...
2025/08/05 10:41:56 weather update count: 900
2025/08/05 10:41:56 StationSystem update time: 3.602µs
2025/08/05 10:41:56 SatelliteSystem update...
2025/08/05 10:41:56 satellite count: 1400
2025/08/05 10:41:56 SatelliteSystem update time: 3.946237ms
2025/08/05 10:41:56 TopoSystem update...
2025/08/05 10:41:56 TopoSystem: Link count: 1260000
2025/08/05 10:41:56 TopoSystem update time: 28.715533ms
2025/08/05 10:41:56 AttenuationSystem update...
2025/08/05 10:41:56 AttenuationSystem parallel flag: 1
2025/08/05 10:41:57 Attenuation computed count: 1260000
2025/08/05 10:41:57 AttenuationSystem update time: 1.383646495s
2025/08/05 10:41:57 Run 2 complete
2025/08/05 10:41:57 StationSystem update...
2025/08/05 10:41:57 weather update count: 900
2025/08/05 10:41:57 StationSystem update time: 3.064µs
2025/08/05 10:41:57 SatelliteSystem update...
2025/08/05 10:41:57 satellite count: 1400
2025/08/05 10:41:57 SatelliteSystem update time: 5.317217ms
2025/08/05 10:41:57 TopoSystem update...
2025/08/05 10:41:57 TopoSystem: Link count: 1260000
2025/08/05 10:41:57 TopoSystem update time: 20.968594ms
2025/08/05 10:41:57 AttenuationSystem update...
2025/08/05 10:41:57 AttenuationSystem parallel flag: 1
2025/08/05 10:41:58 Attenuation computed count: 1260000
2025/08/05 10:41:58 AttenuationSystem update time: 1.104262764s
2025/08/05 10:41:58 Run 3 complete
2025/08/05 10:41:58 StationSystem update...
2025/08/05 10:41:58 weather update count: 900
2025/08/05 10:41:58 StationSystem update time: 3.91µs
2025/08/05 10:41:58 SatelliteSystem update...
2025/08/05 10:41:58 satellite count: 1400
2025/08/05 10:41:58 SatelliteSystem update time: 3.944214ms
2025/08/05 10:41:58 TopoSystem update...
2025/08/05 10:41:58 TopoSystem: Link count: 1260000
2025/08/05 10:41:58 TopoSystem update time: 21.845246ms
2025/08/05 10:41:58 AttenuationSystem update...
2025/08/05 10:41:58 AttenuationSystem parallel flag: 1
2025/08/05 10:42:00 Attenuation computed count: 1260000
2025/08/05 10:42:00 AttenuationSystem update time: 1.24593673s
2025/08/05 10:42:00 Run 4 complete
2025/08/05 10:42:00 StationSystem update...
2025/08/05 10:42:00 weather update count: 900
2025/08/05 10:42:00 StationSystem update time: 3.535µs
2025/08/05 10:42:00 SatelliteSystem update...
2025/08/05 10:42:00 satellite count: 1400
2025/08/05 10:42:00 SatelliteSystem update time: 3.945858ms
2025/08/05 10:42:00 TopoSystem update...
2025/08/05 10:42:00 TopoSystem: Link count: 1260000
2025/08/05 10:42:00 TopoSystem update time: 21.588581ms
2025/08/05 10:42:00 AttenuationSystem update...
2025/08/05 10:42:00 AttenuationSystem parallel flag: 1
2025/08/05 10:42:01 Attenuation computed count: 1260000
2025/08/05 10:42:01 AttenuationSystem update time: 1.48382106s
2025/08/05 10:42:01 Run 5 complete
2025/08/05 10:42:01 StationSystem update...
2025/08/05 10:42:01 weather update count: 900
2025/08/05 10:42:01 StationSystem update time: 3.801µs
2025/08/05 10:42:01 SatelliteSystem update...
2025/08/05 10:42:01 satellite count: 1400
2025/08/05 10:42:01 SatelliteSystem update time: 3.96336ms
2025/08/05 10:42:01 TopoSystem update...
2025/08/05 10:42:01 TopoSystem: Link count: 1260000
2025/08/05 10:42:01 TopoSystem update time: 22.271286ms
2025/08/05 10:42:01 AttenuationSystem update...
2025/08/05 10:42:01 AttenuationSystem parallel flag: 1
2025/08/05 10:42:02 Attenuation computed count: 1260000
2025/08/05 10:42:02 AttenuationSystem update time: 1.44220134s
2025/08/05 10:42:02 Run 6 complete
2025/08/05 10:42:02 StationSystem update...
2025/08/05 10:42:02 weather update count: 900
2025/08/05 10:42:02 StationSystem update time: 3.992µs
2025/08/05 10:42:02 SatelliteSystem update...
2025/08/05 10:42:02 satellite count: 1400
2025/08/05 10:42:02 SatelliteSystem update time: 3.944004ms
2025/08/05 10:42:02 TopoSystem update...
2025/08/05 10:42:03 TopoSystem: Link count: 1260000
2025/08/05 10:42:03 TopoSystem update time: 14.952801ms
2025/08/05 10:42:03 AttenuationSystem update...
2025/08/05 10:42:03 AttenuationSystem parallel flag: 1
2025/08/05 10:42:04 Attenuation computed count: 1260000
2025/08/05 10:42:04 AttenuationSystem update time: 1.114003069s
2025/08/05 10:42:04 Run 7 complete
2025/08/05 10:42:04 StationSystem update...
2025/08/05 10:42:04 weather update count: 900
2025/08/05 10:42:04 StationSystem update time: 3.537µs
2025/08/05 10:42:04 SatelliteSystem update...
2025/08/05 10:42:04 satellite count: 1400
2025/08/05 10:42:04 SatelliteSystem update time: 3.944514ms
2025/08/05 10:42:04 TopoSystem update...
2025/08/05 10:42:04 TopoSystem: Link count: 1260000
2025/08/05 10:42:04 TopoSystem update time: 14.989756ms
2025/08/05 10:42:04 AttenuationSystem update...
2025/08/05 10:42:04 AttenuationSystem parallel flag: 1
2025/08/05 10:42:05 Attenuation computed count: 1260000
2025/08/05 10:42:05 AttenuationSystem update time: 1.399644663s
2025/08/05 10:42:05 Run 8 complete
2025/08/05 10:42:05 StationSystem update...
2025/08/05 10:42:05 weather update count: 900
2025/08/05 10:42:05 StationSystem update time: 3.721µs
2025/08/05 10:42:05 SatelliteSystem update...
2025/08/05 10:42:05 satellite count: 1400
2025/08/05 10:42:05 SatelliteSystem update time: 4.142612ms
2025/08/05 10:42:05 TopoSystem update...
2025/08/05 10:42:05 TopoSystem: Link count: 1260000
2025/08/05 10:42:05 TopoSystem update time: 16.139826ms
2025/08/05 10:42:05 AttenuationSystem update...
2025/08/05 10:42:05 AttenuationSystem parallel flag: 1
2025/08/05 10:42:06 Attenuation computed count: 1260000
2025/08/05 10:42:06 AttenuationSystem update time: 1.382742188s
2025/08/05 10:42:06 Run 9 complete
2025/08/05 10:42:06 StationSystem update...
2025/08/05 10:42:06 weather update count: 900
2025/08/05 10:42:06 StationSystem update time: 3.693µs
2025/08/05 10:42:06 SatelliteSystem update...
2025/08/05 10:42:06 satellite count: 1400
2025/08/05 10:42:06 SatelliteSystem update time: 3.942884ms
2025/08/05 10:42:06 TopoSystem update...
2025/08/05 10:42:06 TopoSystem: Link count: 1260000
2025/08/05 10:42:06 TopoSystem update time: 22.427304ms
2025/08/05 10:42:06 AttenuationSystem update...
2025/08/05 10:42:06 AttenuationSystem parallel flag: 1
2025/08/05 10:42:08 Attenuation computed count: 1260000
2025/08/05 10:42:08 AttenuationSystem update time: 1.471944725s
2025/08/05 10:42:08 Run 10 complete
2025/08/05 10:42:08 Total update time:  13.693385407s
2025/08/05 10:42:08 linkCache size: 40

 Performance counter stats for './scale_ecs 900 1400 10 2 8 1':

        26,877,320      cache-references                                                      
         6,311,274      cache-misses                     #   23.48% of all cache refs         

      13.702595723 seconds time elapsed

      25.035785000 seconds user
       0.111990000 seconds sys


