ECS running with 700 stations, 1700 satellites, 8 numWGs and 2 numBlocks for 10 rounds in 1 parallel pattern
2025/08/05 09:14:11 StationSystem update...
2025/08/05 09:14:11 weather update count: 700
2025/08/05 09:14:11 SatelliteSystem update...
2025/08/05 09:14:11 StationSystem update time: 3.896µs
2025/08/05 09:14:12 satellite count: 1700
2025/08/05 09:14:12 SatelliteSystem update time: 6.428322ms
2025/08/05 09:14:12 TopoSystem update...
2025/08/05 09:14:12 TopoSystem: Link count: 1190000
2025/08/05 09:14:12 TopoSystem update time: 36.228959ms
2025/08/05 09:14:12 AttenuationSystem update...
2025/08/05 09:14:12 AttenuationSystem parallel flag: 1
2025/08/05 09:14:12 Attenuation computed count: 1190000
2025/08/05 09:14:12 AttenuationSystem update time: 339.682366ms
2025/08/05 09:14:12 Run 1 complete
2025/08/05 09:14:12 StationSystem update...
2025/08/05 09:14:12 weather update count: 700
2025/08/05 09:14:12 StationSystem update time: 2.924µs
2025/08/05 09:14:12 SatelliteSystem update...
2025/08/05 09:14:12 satellite count: 1700
2025/08/05 09:14:12 SatelliteSystem update time: 6.429305ms
2025/08/05 09:14:12 TopoSystem update...
2025/08/05 09:14:12 TopoSystem: Link count: 1190000
2025/08/05 09:14:12 TopoSystem update time: 20.780232ms
2025/08/05 09:14:12 AttenuationSystem update...
2025/08/05 09:14:12 AttenuationSystem parallel flag: 1
2025/08/05 09:14:12 Attenuation computed count: 1190000
2025/08/05 09:14:12 AttenuationSystem update time: 363.152572ms
2025/08/05 09:14:12 Run 2 complete
2025/08/05 09:14:12 StationSystem update...
2025/08/05 09:14:12 weather update count: 700
2025/08/05 09:14:12 StationSystem update time: 3.495µs
2025/08/05 09:14:12 SatelliteSystem update...
2025/08/05 09:14:12 satellite count: 1700
2025/08/05 09:14:12 SatelliteSystem update time: 6.412253ms
2025/08/05 09:14:12 TopoSystem update...
2025/08/05 09:14:12 TopoSystem: Link count: 1190000
2025/08/05 09:14:12 TopoSystem update time: 13.676315ms
2025/08/05 09:14:12 AttenuationSystem update...
2025/08/05 09:14:12 AttenuationSystem parallel flag: 1
2025/08/05 09:14:13 Attenuation computed count: 1190000
2025/08/05 09:14:13 AttenuationSystem update time: 372.75273ms
2025/08/05 09:14:13 Run 3 complete
2025/08/05 09:14:13 StationSystem update...
2025/08/05 09:14:13 weather update count: 700
2025/08/05 09:14:13 StationSystem update time: 3.045µs
2025/08/05 09:14:13 SatelliteSystem update...
2025/08/05 09:14:13 satellite count: 1700
2025/08/05 09:14:13 SatelliteSystem update time: 6.421005ms
2025/08/05 09:14:13 TopoSystem update...
2025/08/05 09:14:13 TopoSystem: Link count: 1190000
2025/08/05 09:14:13 TopoSystem update time: 39.564005ms
2025/08/05 09:14:13 AttenuationSystem update...
2025/08/05 09:14:13 AttenuationSystem parallel flag: 1
2025/08/05 09:14:13 Attenuation computed count: 1190000
2025/08/05 09:14:13 AttenuationSystem update time: 334.859341ms
2025/08/05 09:14:13 Run 4 complete
2025/08/05 09:14:13 StationSystem update...
2025/08/05 09:14:13 weather update count: 700
2025/08/05 09:14:13 StationSystem update time: 2.883µs
2025/08/05 09:14:13 SatelliteSystem update...
2025/08/05 09:14:13 satellite count: 1700
2025/08/05 09:14:13 SatelliteSystem update time: 6.415947ms
2025/08/05 09:14:13 TopoSystem update...
2025/08/05 09:14:13 TopoSystem: Link count: 1190000
2025/08/05 09:14:13 TopoSystem update time: 32.396847ms
2025/08/05 09:14:13 AttenuationSystem update...
2025/08/05 09:14:13 AttenuationSystem parallel flag: 1
2025/08/05 09:14:13 Attenuation computed count: 1190000
2025/08/05 09:14:13 AttenuationSystem update time: 344.084868ms
2025/08/05 09:14:13 Run 5 complete
2025/08/05 09:14:13 StationSystem update...
2025/08/05 09:14:13 weather update count: 700
2025/08/05 09:14:13 StationSystem update time: 2.66µs
2025/08/05 09:14:13 SatelliteSystem update...
2025/08/05 09:14:13 satellite count: 1700
2025/08/05 09:14:13 SatelliteSystem update time: 6.413114ms
2025/08/05 09:14:13 TopoSystem update...
2025/08/05 09:14:13 TopoSystem: Link count: 1190000
2025/08/05 09:14:13 TopoSystem update time: 36.659237ms
2025/08/05 09:14:13 AttenuationSystem update...
2025/08/05 09:14:13 AttenuationSystem parallel flag: 1
2025/08/05 09:14:14 Attenuation computed count: 1190000
2025/08/05 09:14:14 AttenuationSystem update time: 347.896244ms
2025/08/05 09:14:14 Run 6 complete
2025/08/05 09:14:14 StationSystem update...
2025/08/05 09:14:14 weather update count: 700
2025/08/05 09:14:14 StationSystem update time: 3.239µs
2025/08/05 09:14:14 SatelliteSystem update...
2025/08/05 09:14:14 satellite count: 1700
2025/08/05 09:14:14 SatelliteSystem update time: 6.419846ms
2025/08/05 09:14:14 TopoSystem update...
2025/08/05 09:14:14 TopoSystem: Link count: 1190000
2025/08/05 09:14:14 TopoSystem update time: 13.944029ms
2025/08/05 09:14:14 AttenuationSystem update...
2025/08/05 09:14:14 AttenuationSystem parallel flag: 1
2025/08/05 09:14:14 Attenuation computed count: 1190000
2025/08/05 09:14:14 AttenuationSystem update time: 339.346884ms
2025/08/05 09:14:14 Run 7 complete
2025/08/05 09:14:14 StationSystem update...
2025/08/05 09:14:14 weather update count: 700
2025/08/05 09:14:14 StationSystem update time: 3.129µs
2025/08/05 09:14:14 SatelliteSystem update...
2025/08/05 09:14:14 satellite count: 1700
2025/08/05 09:14:14 SatelliteSystem update time: 6.433494ms
2025/08/05 09:14:14 TopoSystem update...
2025/08/05 09:14:14 TopoSystem: Link count: 1190000
2025/08/05 09:14:14 TopoSystem update time: 17.28222ms
2025/08/05 09:14:14 AttenuationSystem update...
2025/08/05 09:14:14 AttenuationSystem parallel flag: 1
2025/08/05 09:14:15 Attenuation computed count: 1190000
2025/08/05 09:14:15 AttenuationSystem update time: 341.148075ms
2025/08/05 09:14:15 Run 8 complete
2025/08/05 09:14:15 StationSystem update...
2025/08/05 09:14:15 weather update count: 700
2025/08/05 09:14:15 StationSystem update time: 3.165µs
2025/08/05 09:14:15 SatelliteSystem update...
2025/08/05 09:14:15 satellite count: 1700
2025/08/05 09:14:15 SatelliteSystem update time: 6.417032ms
2025/08/05 09:14:15 TopoSystem update...
2025/08/05 09:14:15 TopoSystem: Link count: 1190000
2025/08/05 09:14:15 TopoSystem update time: 17.514412ms
2025/08/05 09:14:15 AttenuationSystem update...
2025/08/05 09:14:15 AttenuationSystem parallel flag: 1
2025/08/05 09:14:15 Attenuation computed count: 1190000
2025/08/05 09:14:15 AttenuationSystem update time: 365.680364ms
2025/08/05 09:14:15 Run 9 complete
2025/08/05 09:14:15 StationSystem update...
2025/08/05 09:14:15 weather update count: 700
2025/08/05 09:14:15 StationSystem update time: 3.134µs
2025/08/05 09:14:15 SatelliteSystem update...
2025/08/05 09:14:15 satellite count: 1700
2025/08/05 09:14:15 SatelliteSystem update time: 6.420034ms
2025/08/05 09:14:15 TopoSystem update...
2025/08/05 09:14:15 TopoSystem: Link count: 1190000
2025/08/05 09:14:15 TopoSystem update time: 13.542891ms
2025/08/05 09:14:15 AttenuationSystem update...
2025/08/05 09:14:15 AttenuationSystem parallel flag: 1
2025/08/05 09:14:15 Attenuation computed count: 1190000
2025/08/05 09:14:15 AttenuationSystem update time: 339.385337ms
2025/08/05 09:14:15 Run 10 complete
2025/08/05 09:14:15 Total update time:  3.801811642s
2025/08/05 09:14:15 linkCache size: 40

 Performance counter stats for './scale_ecs 700 1700 10 8 2 1':

        24,837,264      cache-references                                                      
         4,974,749      cache-misses                     #   20.03% of all cache refs         

       3.809717967 seconds time elapsed

      24.184394000 seconds user
       0.053022000 seconds sys


