ECS running with 900 stations, 800 satellites, 8 numWGs and 8 numBlocks for 10 rounds in 0 parallel pattern
2025/08/05 10:30:46 StationSystem update...
2025/08/05 10:30:46 weather update count: 900
2025/08/05 10:30:46 StationSystem update time: 3.84µs
2025/08/05 10:30:46 SatelliteSystem update...
2025/08/05 10:30:46 satellite count: 800
2025/08/05 10:30:46 SatelliteSystem update time: 3.046262ms
2025/08/05 10:30:46 TopoSystem update...
2025/08/05 10:30:46 TopoSystem: Link count: 720000
2025/08/05 10:30:46 TopoSystem update time: 24.095967ms
2025/08/05 10:30:46 AttenuationSystem update...
2025/08/05 10:30:46 AttenuationSystem parallel flag: 0
2025/08/05 10:30:47 Attenuation computed count: 720000
2025/08/05 10:30:47 AttenuationSystem update time: 219.701299ms
2025/08/05 10:30:47 Run 1 complete
2025/08/05 10:30:47 StationSystem update...
2025/08/05 10:30:47 weather update count: 900
2025/08/05 10:30:47 StationSystem update time: 3.686µs
2025/08/05 10:30:47 SatelliteSystem update...
2025/08/05 10:30:47 satellite count: 800
2025/08/05 10:30:47 SatelliteSystem update time: 5.907754ms
2025/08/05 10:30:47 TopoSystem update...
2025/08/05 10:30:47 TopoSystem: Link count: 720000
2025/08/05 10:30:47 TopoSystem update time: 32.026385ms
2025/08/05 10:30:47 AttenuationSystem update...
2025/08/05 10:30:47 AttenuationSystem parallel flag: 0
2025/08/05 10:30:47 Attenuation computed count: 720000
2025/08/05 10:30:47 AttenuationSystem update time: 213.912748ms
2025/08/05 10:30:47 Run 2 complete
2025/08/05 10:30:47 StationSystem update...
2025/08/05 10:30:47 weather update count: 900
2025/08/05 10:30:47 StationSystem update time: 3.337µs
2025/08/05 10:30:47 SatelliteSystem update...
2025/08/05 10:30:47 satellite count: 800
2025/08/05 10:30:47 SatelliteSystem update time: 3.036332ms
2025/08/05 10:30:47 TopoSystem update...
2025/08/05 10:30:47 TopoSystem: Link count: 720000
2025/08/05 10:30:47 TopoSystem update time: 14.079405ms
2025/08/05 10:30:47 AttenuationSystem update...
2025/08/05 10:30:47 AttenuationSystem parallel flag: 0
2025/08/05 10:30:47 Attenuation computed count: 720000
2025/08/05 10:30:47 AttenuationSystem update time: 222.766835ms
2025/08/05 10:30:47 Run 3 complete
2025/08/05 10:30:47 StationSystem update...
2025/08/05 10:30:47 weather update count: 900
2025/08/05 10:30:47 StationSystem update time: 3.274µs
2025/08/05 10:30:47 SatelliteSystem update...
2025/08/05 10:30:47 satellite count: 800
2025/08/05 10:30:47 SatelliteSystem update time: 3.055152ms
2025/08/05 10:30:47 TopoSystem update...
2025/08/05 10:30:47 TopoSystem: Link count: 720000
2025/08/05 10:30:47 TopoSystem update time: 11.477004ms
2025/08/05 10:30:47 AttenuationSystem update...
2025/08/05 10:30:47 AttenuationSystem parallel flag: 0
2025/08/05 10:30:47 Attenuation computed count: 720000
2025/08/05 10:30:47 AttenuationSystem update time: 230.443516ms
2025/08/05 10:30:47 Run 4 complete
2025/08/05 10:30:47 StationSystem update...
2025/08/05 10:30:47 weather update count: 900
2025/08/05 10:30:47 StationSystem update time: 3.321µs
2025/08/05 10:30:47 SatelliteSystem update...
2025/08/05 10:30:47 satellite count: 800
2025/08/05 10:30:47 SatelliteSystem update time: 3.043643ms
2025/08/05 10:30:47 TopoSystem update...
2025/08/05 10:30:47 TopoSystem: Link count: 720000
2025/08/05 10:30:47 TopoSystem update time: 10.669271ms
2025/08/05 10:30:47 AttenuationSystem update...
2025/08/05 10:30:47 AttenuationSystem parallel flag: 0
2025/08/05 10:30:47 Attenuation computed count: 720000
2025/08/05 10:30:47 AttenuationSystem update time: 205.835164ms
2025/08/05 10:30:47 Run 5 complete
2025/08/05 10:30:47 StationSystem update...
2025/08/05 10:30:47 weather update count: 900
2025/08/05 10:30:47 StationSystem update time: 3.94µs
2025/08/05 10:30:47 SatelliteSystem update...
2025/08/05 10:30:47 satellite count: 800
2025/08/05 10:30:47 SatelliteSystem update time: 3.80655ms
2025/08/05 10:30:47 TopoSystem update...
2025/08/05 10:30:47 TopoSystem: Link count: 720000
2025/08/05 10:30:47 TopoSystem update time: 11.209797ms
2025/08/05 10:30:47 AttenuationSystem update...
2025/08/05 10:30:47 AttenuationSystem parallel flag: 0
2025/08/05 10:30:48 Attenuation computed count: 720000
2025/08/05 10:30:48 AttenuationSystem update time: 229.978989ms
2025/08/05 10:30:48 Run 6 complete
2025/08/05 10:30:48 StationSystem update...
2025/08/05 10:30:48 weather update count: 900
2025/08/05 10:30:48 StationSystem update time: 3.467µs
2025/08/05 10:30:48 SatelliteSystem update...
2025/08/05 10:30:48 satellite count: 800
2025/08/05 10:30:48 SatelliteSystem update time: 2.264792ms
2025/08/05 10:30:48 TopoSystem update...
2025/08/05 10:30:48 TopoSystem: Link count: 720000
2025/08/05 10:30:48 TopoSystem update time: 8.829591ms
2025/08/05 10:30:48 AttenuationSystem update...
2025/08/05 10:30:48 AttenuationSystem parallel flag: 0
2025/08/05 10:30:48 Attenuation computed count: 720000
2025/08/05 10:30:48 AttenuationSystem update time: 205.252004ms
2025/08/05 10:30:48 Run 7 complete
2025/08/05 10:30:48 StationSystem update...
2025/08/05 10:30:48 weather update count: 900
2025/08/05 10:30:48 StationSystem update time: 3.264µs
2025/08/05 10:30:48 SatelliteSystem update...
2025/08/05 10:30:48 satellite count: 800
2025/08/05 10:30:48 SatelliteSystem update time: 3.035688ms
2025/08/05 10:30:48 TopoSystem update...
2025/08/05 10:30:48 TopoSystem: Link count: 720000
2025/08/05 10:30:48 TopoSystem update time: 10.109788ms
2025/08/05 10:30:48 AttenuationSystem update...
2025/08/05 10:30:48 AttenuationSystem parallel flag: 0
2025/08/05 10:30:48 Attenuation computed count: 720000
2025/08/05 10:30:48 AttenuationSystem update time: 239.786457ms
2025/08/05 10:30:48 Run 8 complete
2025/08/05 10:30:48 StationSystem update...
2025/08/05 10:30:48 weather update count: 900
2025/08/05 10:30:48 StationSystem update time: 3.679µs
2025/08/05 10:30:48 SatelliteSystem update...
2025/08/05 10:30:48 satellite count: 800
2025/08/05 10:30:48 SatelliteSystem update time: 3.047755ms
2025/08/05 10:30:48 TopoSystem update...
2025/08/05 10:30:48 TopoSystem: Link count: 720000
2025/08/05 10:30:48 TopoSystem update time: 10.663258ms
2025/08/05 10:30:48 AttenuationSystem update...
2025/08/05 10:30:48 AttenuationSystem parallel flag: 0
2025/08/05 10:30:48 Attenuation computed count: 720000
2025/08/05 10:30:48 AttenuationSystem update time: 221.492727ms
2025/08/05 10:30:48 Run 9 complete
2025/08/05 10:30:48 StationSystem update...
2025/08/05 10:30:48 weather update count: 900
2025/08/05 10:30:48 StationSystem update time: 3.735µs
2025/08/05 10:30:48 SatelliteSystem update...
2025/08/05 10:30:48 satellite count: 800
2025/08/05 10:30:48 SatelliteSystem update time: 3.04873ms
2025/08/05 10:30:48 TopoSystem update...
2025/08/05 10:30:48 TopoSystem: Link count: 720000
2025/08/05 10:30:48 TopoSystem update time: 10.224189ms
2025/08/05 10:30:48 AttenuationSystem update...
2025/08/05 10:30:48 AttenuationSystem parallel flag: 0
2025/08/05 10:30:49 Attenuation computed count: 720000
2025/08/05 10:30:49 AttenuationSystem update time: 239.126788ms
2025/08/05 10:30:49 Run 10 complete
2025/08/05 10:30:49 Total update time:  2.408451978s
2025/08/05 10:30:49 linkCache size: 40

 Performance counter stats for './scale_ecs 900 800 10 8 8 0':

        15,276,994      cache-references                                                      
         2,557,909      cache-misses                     #   16.74% of all cache refs         

       2.415781883 seconds time elapsed

      15.172659000 seconds user
       0.054984000 seconds sys


