ECS running with 800 stations, 1100 satellites, 8 numWGs and 8 numBlocks for 10 rounds in 0 parallel pattern
2025/08/05 10:02:05 StationSystem update...
2025/08/05 10:02:05 weather update count: 800
2025/08/05 10:02:05 StationSystem update time: 4.619µs
2025/08/05 10:02:05 SatelliteSystem update...
2025/08/05 10:02:05 satellite count: 1100
2025/08/05 10:02:05 SatelliteSystem update time: 4.178002ms
2025/08/05 10:02:05 TopoSystem update...
2025/08/05 10:02:05 TopoSystem: Link count: 880000
2025/08/05 10:02:05 TopoSystem update time: 23.016182ms
2025/08/05 10:02:05 AttenuationSystem update...
2025/08/05 10:02:05 AttenuationSystem parallel flag: 0
2025/08/05 10:02:05 Attenuation computed count: 880000
2025/08/05 10:02:05 AttenuationSystem update time: 251.754565ms
2025/08/05 10:02:05 Run 1 complete
2025/08/05 10:02:05 StationSystem update...
2025/08/05 10:02:05 weather update count: 800
2025/08/05 10:02:05 StationSystem update time: 3.284µs
2025/08/05 10:02:05 SatelliteSystem update...
2025/08/05 10:02:05 satellite count: 1100
2025/08/05 10:02:05 SatelliteSystem update time: 4.190051ms
2025/08/05 10:02:05 TopoSystem update...
2025/08/05 10:02:05 TopoSystem: Link count: 880000
2025/08/05 10:02:05 TopoSystem update time: 26.564632ms
2025/08/05 10:02:05 AttenuationSystem update...
2025/08/05 10:02:05 AttenuationSystem parallel flag: 0
2025/08/05 10:02:05 Attenuation computed count: 880000
2025/08/05 10:02:05 AttenuationSystem update time: 253.443368ms
2025/08/05 10:02:05 Run 2 complete
2025/08/05 10:02:05 StationSystem update...
2025/08/05 10:02:05 weather update count: 800
2025/08/05 10:02:05 StationSystem update time: 3.568µs
2025/08/05 10:02:05 SatelliteSystem update...
2025/08/05 10:02:05 satellite count: 1100
2025/08/05 10:02:05 SatelliteSystem update time: 4.173196ms
2025/08/05 10:02:05 TopoSystem update...
2025/08/05 10:02:05 TopoSystem: Link count: 880000
2025/08/05 10:02:05 TopoSystem update time: 13.305606ms
2025/08/05 10:02:05 AttenuationSystem update...
2025/08/05 10:02:05 AttenuationSystem parallel flag: 0
2025/08/05 10:02:05 Attenuation computed count: 880000
2025/08/05 10:02:05 AttenuationSystem update time: 285.563383ms
2025/08/05 10:02:05 Run 3 complete
2025/08/05 10:02:05 StationSystem update...
2025/08/05 10:02:05 weather update count: 800
2025/08/05 10:02:05 StationSystem update time: 3.626µs
2025/08/05 10:02:05 SatelliteSystem update...
2025/08/05 10:02:05 satellite count: 1100
2025/08/05 10:02:05 SatelliteSystem update time: 4.159895ms
2025/08/05 10:02:05 TopoSystem update...
2025/08/05 10:02:05 TopoSystem: Link count: 880000
2025/08/05 10:02:05 TopoSystem update time: 13.146288ms
2025/08/05 10:02:05 AttenuationSystem update...
2025/08/05 10:02:05 AttenuationSystem parallel flag: 0
2025/08/05 10:02:06 Attenuation computed count: 880000
2025/08/05 10:02:06 AttenuationSystem update time: 255.851813ms
2025/08/05 10:02:06 Run 4 complete
2025/08/05 10:02:06 StationSystem update...
2025/08/05 10:02:06 weather update count: 800
2025/08/05 10:02:06 StationSystem update time: 3.541µs
2025/08/05 10:02:06 SatelliteSystem update...
2025/08/05 10:02:06 satellite count: 1100
2025/08/05 10:02:06 SatelliteSystem update time: 3.102766ms
2025/08/05 10:02:06 TopoSystem update...
2025/08/05 10:02:06 TopoSystem: Link count: 880000
2025/08/05 10:02:06 TopoSystem update time: 14.712175ms
2025/08/05 10:02:06 AttenuationSystem update...
2025/08/05 10:02:06 AttenuationSystem parallel flag: 0
2025/08/05 10:02:06 Attenuation computed count: 880000
2025/08/05 10:02:06 AttenuationSystem update time: 274.124272ms
2025/08/05 10:02:06 Run 5 complete
2025/08/05 10:02:06 StationSystem update...
2025/08/05 10:02:06 weather update count: 800
2025/08/05 10:02:06 StationSystem update time: 3.52µs
2025/08/05 10:02:06 SatelliteSystem update...
2025/08/05 10:02:06 satellite count: 1100
2025/08/05 10:02:06 SatelliteSystem update time: 4.18393ms
2025/08/05 10:02:06 TopoSystem update...
2025/08/05 10:02:06 TopoSystem: Link count: 880000
2025/08/05 10:02:06 TopoSystem update time: 13.253781ms
2025/08/05 10:02:06 AttenuationSystem update...
2025/08/05 10:02:06 AttenuationSystem parallel flag: 0
2025/08/05 10:02:06 Attenuation computed count: 880000
2025/08/05 10:02:06 AttenuationSystem update time: 266.812881ms
2025/08/05 10:02:06 Run 6 complete
2025/08/05 10:02:06 StationSystem update...
2025/08/05 10:02:06 weather update count: 800
2025/08/05 10:02:06 StationSystem update time: 3.794µs
2025/08/05 10:02:06 SatelliteSystem update...
2025/08/05 10:02:06 satellite count: 1100
2025/08/05 10:02:06 SatelliteSystem update time: 4.18444ms
2025/08/05 10:02:06 TopoSystem update...
2025/08/05 10:02:06 TopoSystem: Link count: 880000
2025/08/05 10:02:06 TopoSystem update time: 12.425513ms
2025/08/05 10:02:06 AttenuationSystem update...
2025/08/05 10:02:06 AttenuationSystem parallel flag: 0
2025/08/05 10:02:07 Attenuation computed count: 880000
2025/08/05 10:02:07 AttenuationSystem update time: 289.343933ms
2025/08/05 10:02:07 Run 7 complete
2025/08/05 10:02:07 StationSystem update...
2025/08/05 10:02:07 weather update count: 800
2025/08/05 10:02:07 StationSystem update time: 3.617µs
2025/08/05 10:02:07 SatelliteSystem update...
2025/08/05 10:02:07 satellite count: 1100
2025/08/05 10:02:07 SatelliteSystem update time: 4.186808ms
2025/08/05 10:02:07 TopoSystem update...
2025/08/05 10:02:07 TopoSystem: Link count: 880000
2025/08/05 10:02:07 TopoSystem update time: 14.007649ms
2025/08/05 10:02:07 AttenuationSystem update...
2025/08/05 10:02:07 AttenuationSystem parallel flag: 0
2025/08/05 10:02:07 Attenuation computed count: 880000
2025/08/05 10:02:07 AttenuationSystem update time: 272.678553ms
2025/08/05 10:02:07 Run 8 complete
2025/08/05 10:02:07 StationSystem update...
2025/08/05 10:02:07 weather update count: 800
2025/08/05 10:02:07 StationSystem update time: 3.311µs
2025/08/05 10:02:07 SatelliteSystem update...
2025/08/05 10:02:07 satellite count: 1100
2025/08/05 10:02:07 SatelliteSystem update time: 4.183463ms
2025/08/05 10:02:07 TopoSystem update...
2025/08/05 10:02:07 TopoSystem: Link count: 880000
2025/08/05 10:02:07 TopoSystem update time: 12.662796ms
2025/08/05 10:02:07 AttenuationSystem update...
2025/08/05 10:02:07 AttenuationSystem parallel flag: 0
2025/08/05 10:02:07 Attenuation computed count: 880000
2025/08/05 10:02:07 AttenuationSystem update time: 285.50387ms
2025/08/05 10:02:07 Run 9 complete
2025/08/05 10:02:07 StationSystem update...
2025/08/05 10:02:07 weather update count: 800
2025/08/05 10:02:07 StationSystem update time: 3.825µs
2025/08/05 10:02:07 SatelliteSystem update...
2025/08/05 10:02:07 satellite count: 1100
2025/08/05 10:02:07 SatelliteSystem update time: 4.185826ms
2025/08/05 10:02:07 TopoSystem update...
2025/08/05 10:02:07 TopoSystem: Link count: 880000
2025/08/05 10:02:07 TopoSystem update time: 13.115767ms
2025/08/05 10:02:07 AttenuationSystem update...
2025/08/05 10:02:07 AttenuationSystem parallel flag: 0
2025/08/05 10:02:08 Attenuation computed count: 880000
2025/08/05 10:02:08 AttenuationSystem update time: 282.064913ms
2025/08/05 10:02:08 Run 10 complete
2025/08/05 10:02:08 Total update time:  2.920440484s
2025/08/05 10:02:08 linkCache size: 40

 Performance counter stats for './scale_ecs 800 1100 10 8 8 0':

        18,823,323      cache-references                                                      
         3,373,211      cache-misses                     #   17.92% of all cache refs         

       2.932713874 seconds time elapsed

      18.777728000 seconds user
       0.063019000 seconds sys


