ECS running with 700 stations, 1900 satellites, 2 numWGs and 2 numBlocks for 10 rounds in 0 parallel pattern
2025/08/05 09:17:36 StationSystem update...
2025/08/05 09:17:36 weather update count: 700
2025/08/05 09:17:36 StationSystem update time: 4.917µs
2025/08/05 09:17:36 SatelliteSystem update...
2025/08/05 09:17:36 satellite count: 1900
2025/08/05 09:17:36 SatelliteSystem update time: 7.174258ms
2025/08/05 09:17:36 TopoSystem update...
2025/08/05 09:17:36 TopoSystem: Link count: 1330000
2025/08/05 09:17:36 TopoSystem update time: 41.283841ms
2025/08/05 09:17:36 AttenuationSystem update...
2025/08/05 09:17:36 AttenuationSystem parallel flag: 0
2025/08/05 09:17:38 Attenuation computed count: 1330000
2025/08/05 09:17:38 AttenuationSystem update time: 1.403672148s
2025/08/05 09:17:38 Run 1 complete
2025/08/05 09:17:38 StationSystem update...
2025/08/05 09:17:38 weather update count: 700
2025/08/05 09:17:38 StationSystem update time: 8.341µs
2025/08/05 09:17:38 SatelliteSystem update...
2025/08/05 09:17:38 satellite count: 1900
2025/08/05 09:17:38 SatelliteSystem update time: 7.618935ms
2025/08/05 09:17:38 TopoSystem update...
2025/08/05 09:17:38 TopoSystem: Link count: 1330000
2025/08/05 09:17:38 TopoSystem update time: 30.020311ms
2025/08/05 09:17:38 AttenuationSystem update...
2025/08/05 09:17:38 AttenuationSystem parallel flag: 0
2025/08/05 09:17:39 Attenuation computed count: 1330000
2025/08/05 09:17:39 AttenuationSystem update time: 1.549996972s
2025/08/05 09:17:39 Run 2 complete
2025/08/05 09:17:39 StationSystem update...
2025/08/05 09:17:39 weather update count: 700
2025/08/05 09:17:39 StationSystem update time: 3.259µs
2025/08/05 09:17:39 SatelliteSystem update...
2025/08/05 09:17:39 satellite count: 1900
2025/08/05 09:17:39 SatelliteSystem update time: 7.183524ms
2025/08/05 09:17:39 TopoSystem update...
2025/08/05 09:17:40 TopoSystem: Link count: 1330000
2025/08/05 09:17:40 TopoSystem update time: 45.178355ms
2025/08/05 09:17:40 AttenuationSystem update...
2025/08/05 09:17:40 AttenuationSystem parallel flag: 0
2025/08/05 09:17:41 Attenuation computed count: 1330000
2025/08/05 09:17:41 AttenuationSystem update time: 1.523620368s
2025/08/05 09:17:41 Run 3 complete
2025/08/05 09:17:41 StationSystem update...
2025/08/05 09:17:41 weather update count: 700
2025/08/05 09:17:41 StationSystem update time: 3.328µs
2025/08/05 09:17:41 SatelliteSystem update...
2025/08/05 09:17:41 satellite count: 1900
2025/08/05 09:17:41 SatelliteSystem update time: 7.167756ms
2025/08/05 09:17:41 TopoSystem update...
2025/08/05 09:17:41 TopoSystem: Link count: 1330000
2025/08/05 09:17:41 TopoSystem update time: 45.002568ms
2025/08/05 09:17:41 AttenuationSystem update...
2025/08/05 09:17:41 AttenuationSystem parallel flag: 0
2025/08/05 09:17:42 Attenuation computed count: 1330000
2025/08/05 09:17:42 AttenuationSystem update time: 1.351933855s
2025/08/05 09:17:42 Run 4 complete
2025/08/05 09:17:42 StationSystem update...
2025/08/05 09:17:42 weather update count: 700
2025/08/05 09:17:42 StationSystem update time: 7.593µs
2025/08/05 09:17:42 SatelliteSystem update...
2025/08/05 09:17:42 satellite count: 1900
2025/08/05 09:17:42 SatelliteSystem update time: 5.332333ms
2025/08/05 09:17:42 TopoSystem update...
2025/08/05 09:17:42 TopoSystem: Link count: 1330000
2025/08/05 09:17:42 TopoSystem update time: 44.261512ms
2025/08/05 09:17:42 AttenuationSystem update...
2025/08/05 09:17:42 AttenuationSystem parallel flag: 0
2025/08/05 09:17:44 Attenuation computed count: 1330000
2025/08/05 09:17:44 AttenuationSystem update time: 1.543404437s
2025/08/05 09:17:44 Run 5 complete
2025/08/05 09:17:44 StationSystem update...
2025/08/05 09:17:44 weather update count: 700
2025/08/05 09:17:44 StationSystem update time: 3.721µs
2025/08/05 09:17:44 SatelliteSystem update...
2025/08/05 09:17:44 satellite count: 1900
2025/08/05 09:17:44 SatelliteSystem update time: 7.168142ms
2025/08/05 09:17:44 TopoSystem update...
2025/08/05 09:17:44 TopoSystem: Link count: 1330000
2025/08/05 09:17:44 TopoSystem update time: 19.966859ms
2025/08/05 09:17:44 AttenuationSystem update...
2025/08/05 09:17:44 AttenuationSystem parallel flag: 0
2025/08/05 09:17:46 Attenuation computed count: 1330000
2025/08/05 09:17:46 AttenuationSystem update time: 1.472847984s
2025/08/05 09:17:46 Run 6 complete
2025/08/05 09:17:46 StationSystem update...
2025/08/05 09:17:46 weather update count: 700
2025/08/05 09:17:46 StationSystem update time: 3.695µs
2025/08/05 09:17:46 SatelliteSystem update...
2025/08/05 09:17:46 satellite count: 1900
2025/08/05 09:17:46 SatelliteSystem update time: 7.173903ms
2025/08/05 09:17:46 TopoSystem update...
2025/08/05 09:17:46 TopoSystem: Link count: 1330000
2025/08/05 09:17:46 TopoSystem update time: 20.699253ms
2025/08/05 09:17:46 AttenuationSystem update...
2025/08/05 09:17:46 AttenuationSystem parallel flag: 0
2025/08/05 09:17:47 Attenuation computed count: 1330000
2025/08/05 09:17:47 AttenuationSystem update time: 1.349694567s
2025/08/05 09:17:47 Run 7 complete
2025/08/05 09:17:47 StationSystem update...
2025/08/05 09:17:47 weather update count: 700
2025/08/05 09:17:47 StationSystem update time: 3.677µs
2025/08/05 09:17:47 SatelliteSystem update...
2025/08/05 09:17:47 satellite count: 1900
2025/08/05 09:17:47 SatelliteSystem update time: 7.204104ms
2025/08/05 09:17:47 TopoSystem update...
2025/08/05 09:17:47 TopoSystem: Link count: 1330000
2025/08/05 09:17:47 TopoSystem update time: 20.07398ms
2025/08/05 09:17:47 AttenuationSystem update...
2025/08/05 09:17:47 AttenuationSystem parallel flag: 0
2025/08/05 09:17:48 Attenuation computed count: 1330000
2025/08/05 09:17:48 AttenuationSystem update time: 1.441699291s
2025/08/05 09:17:48 Run 8 complete
2025/08/05 09:17:48 StationSystem update...
2025/08/05 09:17:48 weather update count: 700
2025/08/05 09:17:48 StationSystem update time: 2.784µs
2025/08/05 09:17:48 SatelliteSystem update...
2025/08/05 09:17:48 satellite count: 1900
2025/08/05 09:17:48 SatelliteSystem update time: 5.374082ms
2025/08/05 09:17:48 TopoSystem update...
2025/08/05 09:17:48 TopoSystem: Link count: 1330000
2025/08/05 09:17:48 TopoSystem update time: 15.770741ms
2025/08/05 09:17:48 AttenuationSystem update...
2025/08/05 09:17:48 AttenuationSystem parallel flag: 0
2025/08/05 09:17:50 Attenuation computed count: 1330000
2025/08/05 09:17:50 AttenuationSystem update time: 1.548828746s
2025/08/05 09:17:50 Run 9 complete
2025/08/05 09:17:50 StationSystem update...
2025/08/05 09:17:50 weather update count: 700
2025/08/05 09:17:50 StationSystem update time: 3.595µs
2025/08/05 09:17:50 SatelliteSystem update...
2025/08/05 09:17:50 satellite count: 1900
2025/08/05 09:17:50 SatelliteSystem update time: 7.170126ms
2025/08/05 09:17:50 TopoSystem update...
2025/08/05 09:17:50 TopoSystem: Link count: 1330000
2025/08/05 09:17:50 TopoSystem update time: 20.132328ms
2025/08/05 09:17:50 AttenuationSystem update...
2025/08/05 09:17:50 AttenuationSystem parallel flag: 0
2025/08/05 09:17:52 Attenuation computed count: 1330000
2025/08/05 09:17:52 AttenuationSystem update time: 1.536527074s
2025/08/05 09:17:52 Run 10 complete
2025/08/05 09:17:52 Total update time:  15.103192568s
2025/08/05 09:17:52 linkCache size: 40

 Performance counter stats for './scale_ecs 700 1900 10 2 2 0':

        27,959,409      cache-references                                                      
         6,956,907      cache-misses                     #   24.88% of all cache refs         

      15.111208440 seconds time elapsed

      28.449714000 seconds user
       0.086065000 seconds sys


