ECS running with 700 stations, 800 satellites, 2 numWGs and 8 numBlocks for 10 rounds in 0 parallel pattern
2025/08/05 08:56:43 StationSystem update...
2025/08/05 08:56:43 weather update count: 700
2025/08/05 08:56:43 StationSystem update time: 4.368µs
2025/08/05 08:56:43 SatelliteSystem update...
2025/08/05 08:56:43 satellite count: 800
2025/08/05 08:56:43 SatelliteSystem update time: 3.0434ms
2025/08/05 08:56:43 TopoSystem update...
2025/08/05 08:56:43 TopoSystem: Link count: 560000
2025/08/05 08:56:43 TopoSystem update time: 19.062701ms
2025/08/05 08:56:43 AttenuationSystem update...
2025/08/05 08:56:43 AttenuationSystem parallel flag: 0
2025/08/05 08:56:43 Attenuation computed count: 560000
2025/08/05 08:56:43 AttenuationSystem update time: 159.758557ms
2025/08/05 08:56:43 Run 1 complete
2025/08/05 08:56:43 StationSystem update...
2025/08/05 08:56:43 weather update count: 700
2025/08/05 08:56:43 StationSystem update time: 3.226µs
2025/08/05 08:56:43 SatelliteSystem update...
2025/08/05 08:56:43 satellite count: 800
2025/08/05 08:56:43 SatelliteSystem update time: 3.034679ms
2025/08/05 08:56:43 TopoSystem update...
2025/08/05 08:56:43 TopoSystem: Link count: 560000
2025/08/05 08:56:43 TopoSystem update time: 19.913858ms
2025/08/05 08:56:43 AttenuationSystem update...
2025/08/05 08:56:43 AttenuationSystem parallel flag: 0
2025/08/05 08:56:43 Attenuation computed count: 560000
2025/08/05 08:56:43 AttenuationSystem update time: 179.141062ms
2025/08/05 08:56:43 Run 2 complete
2025/08/05 08:56:43 StationSystem update...
2025/08/05 08:56:43 weather update count: 700
2025/08/05 08:56:43 StationSystem update time: 3.377µs
2025/08/05 08:56:43 SatelliteSystem update...
2025/08/05 08:56:43 satellite count: 800
2025/08/05 08:56:43 SatelliteSystem update time: 3.034316ms
2025/08/05 08:56:43 TopoSystem update...
2025/08/05 08:56:43 TopoSystem: Link count: 560000
2025/08/05 08:56:43 TopoSystem update time: 8.522245ms
2025/08/05 08:56:43 AttenuationSystem update...
2025/08/05 08:56:43 AttenuationSystem parallel flag: 0
2025/08/05 08:56:43 Attenuation computed count: 560000
2025/08/05 08:56:43 AttenuationSystem update time: 178.280816ms
2025/08/05 08:56:43 Run 3 complete
2025/08/05 08:56:43 StationSystem update...
2025/08/05 08:56:43 weather update count: 700
2025/08/05 08:56:43 StationSystem update time: 3.311µs
2025/08/05 08:56:43 SatelliteSystem update...
2025/08/05 08:56:43 satellite count: 800
2025/08/05 08:56:43 SatelliteSystem update time: 3.033538ms
2025/08/05 08:56:43 TopoSystem update...
2025/08/05 08:56:43 TopoSystem: Link count: 560000
2025/08/05 08:56:43 TopoSystem update time: 10.739854ms
2025/08/05 08:56:43 AttenuationSystem update...
2025/08/05 08:56:43 AttenuationSystem parallel flag: 0
2025/08/05 08:56:44 Attenuation computed count: 560000
2025/08/05 08:56:44 AttenuationSystem update time: 202.732462ms
2025/08/05 08:56:44 Run 4 complete
2025/08/05 08:56:44 StationSystem update...
2025/08/05 08:56:44 weather update count: 700
2025/08/05 08:56:44 StationSystem update time: 2.974µs
2025/08/05 08:56:44 SatelliteSystem update...
2025/08/05 08:56:44 satellite count: 800
2025/08/05 08:56:44 SatelliteSystem update time: 3.029204ms
2025/08/05 08:56:44 TopoSystem update...
2025/08/05 08:56:44 TopoSystem: Link count: 560000
2025/08/05 08:56:44 TopoSystem update time: 8.226083ms
2025/08/05 08:56:44 AttenuationSystem update...
2025/08/05 08:56:44 AttenuationSystem parallel flag: 0
2025/08/05 08:56:44 Attenuation computed count: 560000
2025/08/05 08:56:44 AttenuationSystem update time: 164.150993ms
2025/08/05 08:56:44 Run 5 complete
2025/08/05 08:56:44 StationSystem update...
2025/08/05 08:56:44 weather update count: 700
2025/08/05 08:56:44 StationSystem update time: 3.718µs
2025/08/05 08:56:44 SatelliteSystem update...
2025/08/05 08:56:44 satellite count: 800
2025/08/05 08:56:44 SatelliteSystem update time: 3.037787ms
2025/08/05 08:56:44 TopoSystem update...
2025/08/05 08:56:44 TopoSystem: Link count: 560000
2025/08/05 08:56:44 TopoSystem update time: 8.279071ms
2025/08/05 08:56:44 AttenuationSystem update...
2025/08/05 08:56:44 AttenuationSystem parallel flag: 0
2025/08/05 08:56:44 Attenuation computed count: 560000
2025/08/05 08:56:44 AttenuationSystem update time: 159.626772ms
2025/08/05 08:56:44 Run 6 complete
2025/08/05 08:56:44 StationSystem update...
2025/08/05 08:56:44 weather update count: 700
2025/08/05 08:56:44 StationSystem update time: 3.732µs
2025/08/05 08:56:44 SatelliteSystem update...
2025/08/05 08:56:44 satellite count: 800
2025/08/05 08:56:44 SatelliteSystem update time: 2.248149ms
2025/08/05 08:56:44 TopoSystem update...
2025/08/05 08:56:44 TopoSystem: Link count: 560000
2025/08/05 08:56:44 TopoSystem update time: 6.709427ms
2025/08/05 08:56:44 AttenuationSystem update...
2025/08/05 08:56:44 AttenuationSystem parallel flag: 0
2025/08/05 08:56:44 Attenuation computed count: 560000
2025/08/05 08:56:44 AttenuationSystem update time: 188.58172ms
2025/08/05 08:56:44 Run 7 complete
2025/08/05 08:56:44 StationSystem update...
2025/08/05 08:56:44 weather update count: 700
2025/08/05 08:56:44 StationSystem update time: 3.305µs
2025/08/05 08:56:44 SatelliteSystem update...
2025/08/05 08:56:44 satellite count: 800
2025/08/05 08:56:44 SatelliteSystem update time: 3.022159ms
2025/08/05 08:56:44 TopoSystem update...
2025/08/05 08:56:44 TopoSystem: Link count: 560000
2025/08/05 08:56:44 TopoSystem update time: 8.252659ms
2025/08/05 08:56:44 AttenuationSystem update...
2025/08/05 08:56:44 AttenuationSystem parallel flag: 0
2025/08/05 08:56:44 Attenuation computed count: 560000
2025/08/05 08:56:44 AttenuationSystem update time: 186.901814ms
2025/08/05 08:56:44 Run 8 complete
2025/08/05 08:56:44 StationSystem update...
2025/08/05 08:56:44 weather update count: 700
2025/08/05 08:56:44 StationSystem update time: 3.063µs
2025/08/05 08:56:44 SatelliteSystem update...
2025/08/05 08:56:44 satellite count: 800
2025/08/05 08:56:44 SatelliteSystem update time: 3.029332ms
2025/08/05 08:56:44 TopoSystem update...
2025/08/05 08:56:44 TopoSystem: Link count: 560000
2025/08/05 08:56:44 TopoSystem update time: 8.286701ms
2025/08/05 08:56:44 AttenuationSystem update...
2025/08/05 08:56:44 AttenuationSystem parallel flag: 0
2025/08/05 08:56:45 Attenuation computed count: 560000
2025/08/05 08:56:45 AttenuationSystem update time: 193.803738ms
2025/08/05 08:56:45 Run 9 complete
2025/08/05 08:56:45 StationSystem update...
2025/08/05 08:56:45 weather update count: 700
2025/08/05 08:56:45 StationSystem update time: 3.684µs
2025/08/05 08:56:45 SatelliteSystem update...
2025/08/05 08:56:45 satellite count: 800
2025/08/05 08:56:45 SatelliteSystem update time: 3.047926ms
2025/08/05 08:56:45 TopoSystem update...
2025/08/05 08:56:45 TopoSystem: Link count: 560000
2025/08/05 08:56:45 TopoSystem update time: 7.916073ms
2025/08/05 08:56:45 AttenuationSystem update...
2025/08/05 08:56:45 AttenuationSystem parallel flag: 0
2025/08/05 08:56:45 Attenuation computed count: 560000
2025/08/05 08:56:45 AttenuationSystem update time: 173.093329ms
2025/08/05 08:56:45 Run 10 complete
2025/08/05 08:56:45 Total update time:  1.925207733s
2025/08/05 08:56:45 linkCache size: 40

 Performance counter stats for './scale_ecs 700 800 10 2 8 0':

        11,839,809      cache-references                                                      
         1,411,764      cache-misses                     #   11.92% of all cache refs         

       1.931039683 seconds time elapsed

      12.498213000 seconds user
       0.036997000 seconds sys


