ECS running with 600 stations, 1300 satellites, 2 numWGs and 8 numBlocks for 10 rounds in 0 parallel pattern
2025/08/05 08:36:20 StationSystem update...
2025/08/05 08:36:20 weather update count: 600
2025/08/05 08:36:20 StationSystem update time: 4.619µs
2025/08/05 08:36:20 SatelliteSystem update...
2025/08/05 08:36:20 satellite count: 1300
2025/08/05 08:36:20 SatelliteSystem update time: 4.990641ms
2025/08/05 08:36:20 TopoSystem update...
2025/08/05 08:36:20 TopoSystem: Link count: 780000
2025/08/05 08:36:20 TopoSystem update time: 24.579374ms
2025/08/05 08:36:20 AttenuationSystem update...
2025/08/05 08:36:20 AttenuationSystem parallel flag: 0
2025/08/05 08:36:20 Attenuation computed count: 780000
2025/08/05 08:36:20 AttenuationSystem update time: 223.160008ms
2025/08/05 08:36:20 Run 1 complete
2025/08/05 08:36:20 StationSystem update...
2025/08/05 08:36:20 weather update count: 600
2025/08/05 08:36:20 StationSystem update time: 6.663µs
2025/08/05 08:36:20 SatelliteSystem update...
2025/08/05 08:36:20 satellite count: 1300
2025/08/05 08:36:20 SatelliteSystem update time: 4.93194ms
2025/08/05 08:36:20 TopoSystem update...
2025/08/05 08:36:20 TopoSystem: Link count: 780000
2025/08/05 08:36:20 TopoSystem update time: 24.395218ms
2025/08/05 08:36:20 AttenuationSystem update...
2025/08/05 08:36:20 AttenuationSystem parallel flag: 0
2025/08/05 08:36:20 Attenuation computed count: 780000
2025/08/05 08:36:20 AttenuationSystem update time: 241.720355ms
2025/08/05 08:36:20 Run 2 complete
2025/08/05 08:36:20 StationSystem update...
2025/08/05 08:36:20 weather update count: 600
2025/08/05 08:36:20 StationSystem update time: 3.207µs
2025/08/05 08:36:20 SatelliteSystem update...
2025/08/05 08:36:20 satellite count: 1300
2025/08/05 08:36:20 SatelliteSystem update time: 4.927689ms
2025/08/05 08:36:20 TopoSystem update...
2025/08/05 08:36:20 TopoSystem: Link count: 780000
2025/08/05 08:36:20 TopoSystem update time: 11.646106ms
2025/08/05 08:36:20 AttenuationSystem update...
2025/08/05 08:36:20 AttenuationSystem parallel flag: 0
2025/08/05 08:36:21 Attenuation computed count: 780000
2025/08/05 08:36:21 AttenuationSystem update time: 256.900926ms
2025/08/05 08:36:21 Run 3 complete
2025/08/05 08:36:21 StationSystem update...
2025/08/05 08:36:21 weather update count: 600
2025/08/05 08:36:21 StationSystem update time: 3.036µs
2025/08/05 08:36:21 SatelliteSystem update...
2025/08/05 08:36:21 satellite count: 1300
2025/08/05 08:36:21 SatelliteSystem update time: 4.929211ms
2025/08/05 08:36:21 TopoSystem update...
2025/08/05 08:36:21 TopoSystem: Link count: 780000
2025/08/05 08:36:21 TopoSystem update time: 11.546341ms
2025/08/05 08:36:21 AttenuationSystem update...
2025/08/05 08:36:21 AttenuationSystem parallel flag: 0
2025/08/05 08:36:21 Attenuation computed count: 780000
2025/08/05 08:36:21 AttenuationSystem update time: 231.606498ms
2025/08/05 08:36:21 Run 4 complete
2025/08/05 08:36:21 StationSystem update...
2025/08/05 08:36:21 weather update count: 600
2025/08/05 08:36:21 SatelliteSystem update...
2025/08/05 08:36:21 StationSystem update time: 2.799µs
2025/08/05 08:36:21 satellite count: 1300
2025/08/05 08:36:21 SatelliteSystem update time: 3.644267ms
2025/08/05 08:36:21 TopoSystem update...
2025/08/05 08:36:21 TopoSystem: Link count: 780000
2025/08/05 08:36:21 TopoSystem update time: 9.393023ms
2025/08/05 08:36:21 AttenuationSystem update...
2025/08/05 08:36:21 AttenuationSystem parallel flag: 0
2025/08/05 08:36:21 Attenuation computed count: 780000
2025/08/05 08:36:21 AttenuationSystem update time: 257.017247ms
2025/08/05 08:36:21 Run 5 complete
2025/08/05 08:36:21 StationSystem update...
2025/08/05 08:36:21 weather update count: 600
2025/08/05 08:36:21 StationSystem update time: 3.141µs
2025/08/05 08:36:21 SatelliteSystem update...
2025/08/05 08:36:21 satellite count: 1300
2025/08/05 08:36:21 SatelliteSystem update time: 4.930231ms
2025/08/05 08:36:21 TopoSystem update...
2025/08/05 08:36:21 TopoSystem: Link count: 780000
2025/08/05 08:36:21 TopoSystem update time: 11.443738ms
2025/08/05 08:36:21 AttenuationSystem update...
2025/08/05 08:36:21 AttenuationSystem parallel flag: 0
2025/08/05 08:36:21 Attenuation computed count: 780000
2025/08/05 08:36:21 AttenuationSystem update time: 256.85083ms
2025/08/05 08:36:21 Run 6 complete
2025/08/05 08:36:21 StationSystem update...
2025/08/05 08:36:21 weather update count: 600
2025/08/05 08:36:21 StationSystem update time: 3.212µs
2025/08/05 08:36:21 SatelliteSystem update...
2025/08/05 08:36:22 satellite count: 1300
2025/08/05 08:36:22 SatelliteSystem update time: 4.936023ms
2025/08/05 08:36:22 TopoSystem update...
2025/08/05 08:36:22 TopoSystem: Link count: 780000
2025/08/05 08:36:22 TopoSystem update time: 11.448444ms
2025/08/05 08:36:22 AttenuationSystem update...
2025/08/05 08:36:22 AttenuationSystem parallel flag: 0
2025/08/05 08:36:22 Attenuation computed count: 780000
2025/08/05 08:36:22 AttenuationSystem update time: 257.484406ms
2025/08/05 08:36:22 Run 7 complete
2025/08/05 08:36:22 StationSystem update...
2025/08/05 08:36:22 weather update count: 600
2025/08/05 08:36:22 StationSystem update time: 2.912µs
2025/08/05 08:36:22 SatelliteSystem update...
2025/08/05 08:36:22 satellite count: 1300
2025/08/05 08:36:22 SatelliteSystem update time: 4.91968ms
2025/08/05 08:36:22 TopoSystem update...
2025/08/05 08:36:22 TopoSystem: Link count: 780000
2025/08/05 08:36:22 TopoSystem update time: 11.660681ms
2025/08/05 08:36:22 AttenuationSystem update...
2025/08/05 08:36:22 AttenuationSystem parallel flag: 0
2025/08/05 08:36:22 Attenuation computed count: 780000
2025/08/05 08:36:22 AttenuationSystem update time: 232.964677ms
2025/08/05 08:36:22 Run 8 complete
2025/08/05 08:36:22 StationSystem update...
2025/08/05 08:36:22 weather update count: 600
2025/08/05 08:36:22 StationSystem update time: 3.059µs
2025/08/05 08:36:22 SatelliteSystem update...
2025/08/05 08:36:22 satellite count: 1300
2025/08/05 08:36:22 SatelliteSystem update time: 4.930812ms
2025/08/05 08:36:22 TopoSystem update...
2025/08/05 08:36:22 TopoSystem: Link count: 780000
2025/08/05 08:36:22 TopoSystem update time: 10.858635ms
2025/08/05 08:36:22 AttenuationSystem update...
2025/08/05 08:36:22 AttenuationSystem parallel flag: 0
2025/08/05 08:36:22 Attenuation computed count: 780000
2025/08/05 08:36:22 AttenuationSystem update time: 242.686783ms
2025/08/05 08:36:22 Run 9 complete
2025/08/05 08:36:22 StationSystem update...
2025/08/05 08:36:22 weather update count: 600
2025/08/05 08:36:22 StationSystem update time: 2.917µs
2025/08/05 08:36:22 SatelliteSystem update...
2025/08/05 08:36:22 satellite count: 1300
2025/08/05 08:36:22 SatelliteSystem update time: 4.931041ms
2025/08/05 08:36:22 TopoSystem update...
2025/08/05 08:36:22 TopoSystem: Link count: 780000
2025/08/05 08:36:22 TopoSystem update time: 11.519702ms
2025/08/05 08:36:22 AttenuationSystem update...
2025/08/05 08:36:22 AttenuationSystem parallel flag: 0
2025/08/05 08:36:23 Attenuation computed count: 780000
2025/08/05 08:36:23 AttenuationSystem update time: 256.290874ms
2025/08/05 08:36:23 Run 10 complete
2025/08/05 08:36:23 Total update time:  2.650895681s
2025/08/05 08:36:23 linkCache size: 40

 Performance counter stats for './scale_ecs 600 1300 10 2 8 0':

        16,664,966      cache-references                                                      
         2,876,012      cache-misses                     #   17.26% of all cache refs         

       2.658088371 seconds time elapsed

      17.947251000 seconds user
       0.053919000 seconds sys


