ECS running with 1000 stations, 1700 satellites, 8 numWGs and 2 numBlocks for 10 rounds in 0 parallel pattern
2025/08/05 14:51:13 StationSystem update...
2025/08/05 14:51:13 weather update count: 1000
2025/08/05 14:51:13 StationSystem update time: 5.041µs
2025/08/05 14:51:13 SatelliteSystem update...
2025/08/05 14:51:13 satellite count: 1700
2025/08/05 14:51:13 SatelliteSystem update time: 6.447587ms
2025/08/05 14:51:13 TopoSystem update...
2025/08/05 14:51:13 TopoSystem: Link count: 1700000
2025/08/05 14:51:13 TopoSystem update time: 51.169044ms
2025/08/05 14:51:13 AttenuationSystem update...
2025/08/05 14:51:13 AttenuationSystem parallel flag: 0
2025/08/05 14:51:15 Attenuation computed count: 1700000
2025/08/05 14:51:15 AttenuationSystem update time: 1.964974112s
2025/08/05 14:51:15 Run 1 complete
2025/08/05 14:51:15 StationSystem update...
2025/08/05 14:51:15 weather update count: 1000
2025/08/05 14:51:15 StationSystem update time: 9.378µs
2025/08/05 14:51:15 SatelliteSystem update...
2025/08/05 14:51:15 satellite count: 1700
2025/08/05 14:51:15 SatelliteSystem update time: 6.188368ms
2025/08/05 14:51:15 TopoSystem update...
2025/08/05 14:51:15 TopoSystem: Link count: 1700000
2025/08/05 14:51:15 TopoSystem update time: 46.349679ms
2025/08/05 14:51:15 AttenuationSystem update...
2025/08/05 14:51:15 AttenuationSystem parallel flag: 0
2025/08/05 14:51:17 Attenuation computed count: 1700000
2025/08/05 14:51:17 AttenuationSystem update time: 1.784115549s
2025/08/05 14:51:17 Run 2 complete
2025/08/05 14:51:17 StationSystem update...
2025/08/05 14:51:17 weather update count: 1000
2025/08/05 14:51:17 StationSystem update time: 7.881µs
2025/08/05 14:51:17 SatelliteSystem update...
2025/08/05 14:51:17 satellite count: 1700
2025/08/05 14:51:17 SatelliteSystem update time: 11.357746ms
2025/08/05 14:51:17 TopoSystem update...
2025/08/05 14:51:17 TopoSystem: Link count: 1700000
2025/08/05 14:51:17 TopoSystem update time: 85.78968ms
2025/08/05 14:51:17 AttenuationSystem update...
2025/08/05 14:51:17 AttenuationSystem parallel flag: 0
2025/08/05 14:51:19 Attenuation computed count: 1700000
2025/08/05 14:51:19 AttenuationSystem update time: 1.954515132s
2025/08/05 14:51:19 Run 3 complete
2025/08/05 14:51:19 StationSystem update...
2025/08/05 14:51:19 weather update count: 1000
2025/08/05 14:51:19 StationSystem update time: 4.317µs
2025/08/05 14:51:19 SatelliteSystem update...
2025/08/05 14:51:19 satellite count: 1700
2025/08/05 14:51:19 SatelliteSystem update time: 6.435697ms
2025/08/05 14:51:19 TopoSystem update...
2025/08/05 14:51:19 TopoSystem: Link count: 1700000
2025/08/05 14:51:19 TopoSystem update time: 82.250687ms
2025/08/05 14:51:19 AttenuationSystem update...
2025/08/05 14:51:19 AttenuationSystem parallel flag: 0
2025/08/05 14:51:20 Attenuation computed count: 1700000
2025/08/05 14:51:20 AttenuationSystem update time: 1.488601207s
2025/08/05 14:51:20 Run 4 complete
2025/08/05 14:51:20 StationSystem update...
2025/08/05 14:51:20 weather update count: 1000
2025/08/05 14:51:20 StationSystem update time: 3.162µs
2025/08/05 14:51:20 SatelliteSystem update...
2025/08/05 14:51:20 satellite count: 1700
2025/08/05 14:51:20 SatelliteSystem update time: 4.794673ms
2025/08/05 14:51:20 TopoSystem update...
2025/08/05 14:51:21 TopoSystem: Link count: 1700000
2025/08/05 14:51:21 TopoSystem update time: 47.5732ms
2025/08/05 14:51:21 AttenuationSystem update...
2025/08/05 14:51:21 AttenuationSystem parallel flag: 0
2025/08/05 14:51:22 Attenuation computed count: 1700000
2025/08/05 14:51:22 AttenuationSystem update time: 1.87252188s
2025/08/05 14:51:22 Run 5 complete
2025/08/05 14:51:22 StationSystem update...
2025/08/05 14:51:22 weather update count: 1000
2025/08/05 14:51:22 StationSystem update time: 3.435µs
2025/08/05 14:51:22 SatelliteSystem update...
2025/08/05 14:51:22 satellite count: 1700
2025/08/05 14:51:22 SatelliteSystem update time: 4.806656ms
2025/08/05 14:51:22 TopoSystem update...
2025/08/05 14:51:22 TopoSystem: Link count: 1700000
2025/08/05 14:51:22 TopoSystem update time: 27.370085ms
2025/08/05 14:51:22 AttenuationSystem update...
2025/08/05 14:51:22 AttenuationSystem parallel flag: 0
2025/08/05 14:51:24 Attenuation computed count: 1700000
2025/08/05 14:51:24 AttenuationSystem update time: 1.731080398s
2025/08/05 14:51:24 Run 6 complete
2025/08/05 14:51:24 StationSystem update...
2025/08/05 14:51:24 SatelliteSystem update...
2025/08/05 14:51:24 weather update count: 1000
2025/08/05 14:51:24 StationSystem update time: 29.143µs
2025/08/05 14:51:24 satellite count: 1700
2025/08/05 14:51:24 SatelliteSystem update time: 5.198202ms
2025/08/05 14:51:24 TopoSystem update...
2025/08/05 14:51:24 TopoSystem: Link count: 1700000
2025/08/05 14:51:24 TopoSystem update time: 73.115504ms
2025/08/05 14:51:24 AttenuationSystem update...
2025/08/05 14:51:24 AttenuationSystem parallel flag: 0
2025/08/05 14:51:26 Attenuation computed count: 1700000
2025/08/05 14:51:26 AttenuationSystem update time: 1.958237974s
2025/08/05 14:51:26 Run 7 complete
2025/08/05 14:51:26 StationSystem update...
2025/08/05 14:51:26 weather update count: 1000
2025/08/05 14:51:26 StationSystem update time: 6.607µs
2025/08/05 14:51:26 SatelliteSystem update...
2025/08/05 14:51:26 satellite count: 1700
2025/08/05 14:51:26 SatelliteSystem update time: 16.291804ms
2025/08/05 14:51:26 TopoSystem update...
2025/08/05 14:51:26 TopoSystem: Link count: 1700000
2025/08/05 14:51:26 TopoSystem update time: 112.833142ms
2025/08/05 14:51:26 AttenuationSystem update...
2025/08/05 14:51:26 AttenuationSystem parallel flag: 0
2025/08/05 14:51:28 Attenuation computed count: 1700000
2025/08/05 14:51:28 AttenuationSystem update time: 1.94478948s
2025/08/05 14:51:28 Run 8 complete
2025/08/05 14:51:28 StationSystem update...
2025/08/05 14:51:28 weather update count: 1000
2025/08/05 14:51:28 StationSystem update time: 4.631µs
2025/08/05 14:51:28 SatelliteSystem update...
2025/08/05 14:51:28 satellite count: 1700
2025/08/05 14:51:28 SatelliteSystem update time: 4.799531ms
2025/08/05 14:51:28 TopoSystem update...
2025/08/05 14:51:28 TopoSystem: Link count: 1700000
2025/08/05 14:51:28 TopoSystem update time: 27.159491ms
2025/08/05 14:51:28 AttenuationSystem update...
2025/08/05 14:51:28 AttenuationSystem parallel flag: 0
2025/08/05 14:51:30 Attenuation computed count: 1700000
2025/08/05 14:51:30 AttenuationSystem update time: 1.824035859s
2025/08/05 14:51:30 Run 9 complete
2025/08/05 14:51:30 StationSystem update...
2025/08/05 14:51:30 weather update count: 1000
2025/08/05 14:51:30 StationSystem update time: 3.575µs
2025/08/05 14:51:30 SatelliteSystem update...
2025/08/05 14:51:30 satellite count: 1700
2025/08/05 14:51:30 SatelliteSystem update time: 4.774695ms
2025/08/05 14:51:30 TopoSystem update...
2025/08/05 14:51:30 TopoSystem: Link count: 1700000
2025/08/05 14:51:30 TopoSystem update time: 23.883483ms
2025/08/05 14:51:30 AttenuationSystem update...
2025/08/05 14:51:30 AttenuationSystem parallel flag: 0
2025/08/05 14:51:32 Attenuation computed count: 1700000
2025/08/05 14:51:32 AttenuationSystem update time: 1.714984367s
2025/08/05 14:51:32 Run 10 complete
2025/08/05 14:51:32 Total update time:  18.89754672s
2025/08/05 14:51:32 linkCache size: 40

 Performance counter stats for './scale_ecs 1000 1700 10 8 2 0':

        39,325,460      cache-references                                                      
        11,675,614      cache-misses                     #   29.69% of all cache refs         

      18.915418391 seconds time elapsed

      36.140052000 seconds user
       0.355177000 seconds sys


