ECS running with 600 stations, 1200 satellites, 4 numWGs and 4 numBlocks for 10 rounds in 1 parallel pattern
2025/08/05 12:16:37 StationSystem update...
2025/08/05 12:16:37 weather update count: 600
2025/08/05 12:16:37 SatelliteSystem update...
2025/08/05 12:16:37 StationSystem update time: 4.797µs
2025/08/05 12:16:37 satellite count: 1200
2025/08/05 12:16:37 SatelliteSystem update time: 4.558226ms
2025/08/05 12:16:37 TopoSystem update...
2025/08/05 12:16:38 TopoSystem: Link count: 720000
2025/08/05 12:16:38 TopoSystem update time: 21.617363ms
2025/08/05 12:16:38 AttenuationSystem update...
2025/08/05 12:16:38 AttenuationSystem parallel flag: 1
2025/08/05 12:16:38 Attenuation computed count: 720000
2025/08/05 12:16:38 AttenuationSystem update time: 372.656417ms
2025/08/05 12:16:38 Run 1 complete
2025/08/05 12:16:38 StationSystem update...
2025/08/05 12:16:38 weather update count: 600
2025/08/05 12:16:38 StationSystem update time: 4.312µs
2025/08/05 12:16:38 SatelliteSystem update...
2025/08/05 12:16:38 satellite count: 1200
2025/08/05 12:16:38 SatelliteSystem update time: 3.375054ms
2025/08/05 12:16:38 TopoSystem update...
2025/08/05 12:16:38 TopoSystem: Link count: 720000
2025/08/05 12:16:38 TopoSystem update time: 17.420737ms
2025/08/05 12:16:38 AttenuationSystem update...
2025/08/05 12:16:38 AttenuationSystem parallel flag: 1
2025/08/05 12:16:38 Attenuation computed count: 720000
2025/08/05 12:16:38 AttenuationSystem update time: 412.351094ms
2025/08/05 12:16:38 Run 2 complete
2025/08/05 12:16:38 StationSystem update...
2025/08/05 12:16:38 weather update count: 600
2025/08/05 12:16:38 StationSystem update time: 4.012µs
2025/08/05 12:16:38 SatelliteSystem update...
2025/08/05 12:16:38 satellite count: 1200
2025/08/05 12:16:38 SatelliteSystem update time: 4.543387ms
2025/08/05 12:16:38 TopoSystem update...
2025/08/05 12:16:38 TopoSystem: Link count: 720000
2025/08/05 12:16:38 TopoSystem update time: 11.488135ms
2025/08/05 12:16:38 AttenuationSystem update...
2025/08/05 12:16:38 AttenuationSystem parallel flag: 1
2025/08/05 12:16:39 Attenuation computed count: 720000
2025/08/05 12:16:39 AttenuationSystem update time: 446.450756ms
2025/08/05 12:16:39 Run 3 complete
2025/08/05 12:16:39 StationSystem update...
2025/08/05 12:16:39 weather update count: 600
2025/08/05 12:16:39 StationSystem update time: 4.024µs
2025/08/05 12:16:39 SatelliteSystem update...
2025/08/05 12:16:39 satellite count: 1200
2025/08/05 12:16:39 SatelliteSystem update time: 4.546956ms
2025/08/05 12:16:39 TopoSystem update...
2025/08/05 12:16:39 TopoSystem: Link count: 720000
2025/08/05 12:16:39 TopoSystem update time: 17.810469ms
2025/08/05 12:16:39 AttenuationSystem update...
2025/08/05 12:16:39 AttenuationSystem parallel flag: 1
2025/08/05 12:16:39 Attenuation computed count: 720000
2025/08/05 12:16:39 AttenuationSystem update time: 426.080128ms
2025/08/05 12:16:39 Run 4 complete
2025/08/05 12:16:39 StationSystem update...
2025/08/05 12:16:39 weather update count: 600
2025/08/05 12:16:39 StationSystem update time: 4.548µs
2025/08/05 12:16:39 SatelliteSystem update...
2025/08/05 12:16:39 satellite count: 1200
2025/08/05 12:16:39 SatelliteSystem update time: 4.585548ms
2025/08/05 12:16:39 TopoSystem update...
2025/08/05 12:16:39 TopoSystem: Link count: 720000
2025/08/05 12:16:39 TopoSystem update time: 18.218511ms
2025/08/05 12:16:39 AttenuationSystem update...
2025/08/05 12:16:39 AttenuationSystem parallel flag: 1
2025/08/05 12:16:40 Attenuation computed count: 720000
2025/08/05 12:16:40 AttenuationSystem update time: 419.199734ms
2025/08/05 12:16:40 Run 5 complete
2025/08/05 12:16:40 StationSystem update...
2025/08/05 12:16:40 weather update count: 600
2025/08/05 12:16:40 StationSystem update time: 3.892µs
2025/08/05 12:16:40 SatelliteSystem update...
2025/08/05 12:16:40 satellite count: 1200
2025/08/05 12:16:40 SatelliteSystem update time: 4.565307ms
2025/08/05 12:16:40 TopoSystem update...
2025/08/05 12:16:40 TopoSystem: Link count: 720000
2025/08/05 12:16:40 TopoSystem update time: 11.322476ms
2025/08/05 12:16:40 AttenuationSystem update...
2025/08/05 12:16:40 AttenuationSystem parallel flag: 1
2025/08/05 12:16:40 Attenuation computed count: 720000
2025/08/05 12:16:40 AttenuationSystem update time: 320.944502ms
2025/08/05 12:16:40 Run 6 complete
2025/08/05 12:16:40 StationSystem update...
2025/08/05 12:16:40 weather update count: 600
2025/08/05 12:16:40 StationSystem update time: 6.629µs
2025/08/05 12:16:40 SatelliteSystem update...
2025/08/05 12:16:40 satellite count: 1200
2025/08/05 12:16:40 SatelliteSystem update time: 3.655844ms
2025/08/05 12:16:40 TopoSystem update...
2025/08/05 12:16:40 TopoSystem: Link count: 720000
2025/08/05 12:16:40 TopoSystem update time: 24.46632ms
2025/08/05 12:16:40 AttenuationSystem update...
2025/08/05 12:16:40 AttenuationSystem parallel flag: 1
2025/08/05 12:16:40 Attenuation computed count: 720000
2025/08/05 12:16:40 AttenuationSystem update time: 444.918717ms
2025/08/05 12:16:40 Run 7 complete
2025/08/05 12:16:40 StationSystem update...
2025/08/05 12:16:40 weather update count: 600
2025/08/05 12:16:40 StationSystem update time: 3.922µs
2025/08/05 12:16:40 SatelliteSystem update...
2025/08/05 12:16:40 satellite count: 1200
2025/08/05 12:16:40 SatelliteSystem update time: 4.559873ms
2025/08/05 12:16:40 TopoSystem update...
2025/08/05 12:16:40 TopoSystem: Link count: 720000
2025/08/05 12:16:40 TopoSystem update time: 20.948739ms
2025/08/05 12:16:40 AttenuationSystem update...
2025/08/05 12:16:40 AttenuationSystem parallel flag: 1
2025/08/05 12:16:41 Attenuation computed count: 720000
2025/08/05 12:16:41 AttenuationSystem update time: 417.792187ms
2025/08/05 12:16:41 Run 8 complete
2025/08/05 12:16:41 StationSystem update...
2025/08/05 12:16:41 weather update count: 600
2025/08/05 12:16:41 StationSystem update time: 4.356µs
2025/08/05 12:16:41 SatelliteSystem update...
2025/08/05 12:16:41 satellite count: 1200
2025/08/05 12:16:41 SatelliteSystem update time: 3.369949ms
2025/08/05 12:16:41 TopoSystem update...
2025/08/05 12:16:41 TopoSystem: Link count: 720000
2025/08/05 12:16:41 TopoSystem update time: 9.939303ms
2025/08/05 12:16:41 AttenuationSystem update...
2025/08/05 12:16:41 AttenuationSystem parallel flag: 1
2025/08/05 12:16:41 Attenuation computed count: 720000
2025/08/05 12:16:41 AttenuationSystem update time: 417.601226ms
2025/08/05 12:16:41 Run 9 complete
2025/08/05 12:16:41 StationSystem update...
2025/08/05 12:16:41 weather update count: 600
2025/08/05 12:16:41 StationSystem update time: 3.684µs
2025/08/05 12:16:41 SatelliteSystem update...
2025/08/05 12:16:41 satellite count: 1200
2025/08/05 12:16:41 SatelliteSystem update time: 4.545725ms
2025/08/05 12:16:41 TopoSystem update...
2025/08/05 12:16:41 TopoSystem: Link count: 720000
2025/08/05 12:16:41 TopoSystem update time: 10.045909ms
2025/08/05 12:16:41 AttenuationSystem update...
2025/08/05 12:16:41 AttenuationSystem parallel flag: 1
2025/08/05 12:16:42 Attenuation computed count: 720000
2025/08/05 12:16:42 AttenuationSystem update time: 416.662194ms
2025/08/05 12:16:42 Run 10 complete
2025/08/05 12:16:42 Total update time:  4.307914348s
2025/08/05 12:16:42 linkCache size: 40

 Performance counter stats for './scale_ecs 600 1200 10 4 4 1':

        16,340,611      cache-references                                                      
         3,655,001      cache-misses                     #   22.37% of all cache refs         

       4.314878789 seconds time elapsed

      14.963013000 seconds user
       0.074034000 seconds sys


