ECS running with 600 stations, 800 satellites, 2 numWGs and 4 numBlocks for 10 rounds in 0 parallel pattern
2025/08/05 12:10:49 StationSystem update...
2025/08/05 12:10:49 weather update count: 600
2025/08/05 12:10:49 StationSystem update time: 4.365µs
2025/08/05 12:10:49 SatelliteSystem update...
2025/08/05 12:10:49 satellite count: 800
2025/08/05 12:10:49 SatelliteSystem update time: 3.057649ms
2025/08/05 12:10:49 TopoSystem update...
2025/08/05 12:10:49 TopoSystem: Link count: 480000
2025/08/05 12:10:49 TopoSystem update time: 15.904171ms
2025/08/05 12:10:49 AttenuationSystem update...
2025/08/05 12:10:49 AttenuationSystem parallel flag: 0
2025/08/05 12:10:50 Attenuation computed count: 480000
2025/08/05 12:10:50 AttenuationSystem update time: 273.915771ms
2025/08/05 12:10:50 Run 1 complete
2025/08/05 12:10:50 StationSystem update...
2025/08/05 12:10:50 weather update count: 600
2025/08/05 12:10:50 StationSystem update time: 4.316µs
2025/08/05 12:10:50 SatelliteSystem update...
2025/08/05 12:10:50 satellite count: 800
2025/08/05 12:10:50 SatelliteSystem update time: 3.037395ms
2025/08/05 12:10:50 TopoSystem update...
2025/08/05 12:10:50 TopoSystem: Link count: 480000
2025/08/05 12:10:50 TopoSystem update time: 13.410191ms
2025/08/05 12:10:50 AttenuationSystem update...
2025/08/05 12:10:50 AttenuationSystem parallel flag: 0
2025/08/05 12:10:50 Attenuation computed count: 480000
2025/08/05 12:10:50 AttenuationSystem update time: 307.732158ms
2025/08/05 12:10:50 Run 2 complete
2025/08/05 12:10:50 StationSystem update...
2025/08/05 12:10:50 weather update count: 600
2025/08/05 12:10:50 StationSystem update time: 3.99µs
2025/08/05 12:10:50 SatelliteSystem update...
2025/08/05 12:10:50 satellite count: 800
2025/08/05 12:10:50 SatelliteSystem update time: 3.041888ms
2025/08/05 12:10:50 TopoSystem update...
2025/08/05 12:10:50 TopoSystem: Link count: 480000
2025/08/05 12:10:50 TopoSystem update time: 10.286815ms
2025/08/05 12:10:50 AttenuationSystem update...
2025/08/05 12:10:50 AttenuationSystem parallel flag: 0
2025/08/05 12:10:50 Attenuation computed count: 480000
2025/08/05 12:10:50 AttenuationSystem update time: 290.883666ms
2025/08/05 12:10:50 Run 3 complete
2025/08/05 12:10:50 StationSystem update...
2025/08/05 12:10:50 weather update count: 600
2025/08/05 12:10:50 StationSystem update time: 6.045µs
2025/08/05 12:10:50 SatelliteSystem update...
2025/08/05 12:10:50 satellite count: 800
2025/08/05 12:10:50 SatelliteSystem update time: 3.039264ms
2025/08/05 12:10:50 TopoSystem update...
2025/08/05 12:10:50 TopoSystem: Link count: 480000
2025/08/05 12:10:50 TopoSystem update time: 7.676968ms
2025/08/05 12:10:50 AttenuationSystem update...
2025/08/05 12:10:50 AttenuationSystem parallel flag: 0
2025/08/05 12:10:50 Attenuation computed count: 480000
2025/08/05 12:10:50 AttenuationSystem update time: 275.655717ms
2025/08/05 12:10:50 Run 4 complete
2025/08/05 12:10:50 StationSystem update...
2025/08/05 12:10:50 weather update count: 600
2025/08/05 12:10:50 StationSystem update time: 3.85µs
2025/08/05 12:10:50 SatelliteSystem update...
2025/08/05 12:10:50 satellite count: 800
2025/08/05 12:10:50 SatelliteSystem update time: 3.038389ms
2025/08/05 12:10:50 TopoSystem update...
2025/08/05 12:10:50 TopoSystem: Link count: 480000
2025/08/05 12:10:50 TopoSystem update time: 9.006876ms
2025/08/05 12:10:50 AttenuationSystem update...
2025/08/05 12:10:50 AttenuationSystem parallel flag: 0
2025/08/05 12:10:51 Attenuation computed count: 480000
2025/08/05 12:10:51 AttenuationSystem update time: 292.119653ms
2025/08/05 12:10:51 Run 5 complete
2025/08/05 12:10:51 StationSystem update...
2025/08/05 12:10:51 weather update count: 600
2025/08/05 12:10:51 StationSystem update time: 7.245µs
2025/08/05 12:10:51 SatelliteSystem update...
2025/08/05 12:10:51 satellite count: 800
2025/08/05 12:10:51 SatelliteSystem update time: 3.253313ms
2025/08/05 12:10:51 TopoSystem update...
2025/08/05 12:10:51 TopoSystem: Link count: 480000
2025/08/05 12:10:51 TopoSystem update time: 15.501027ms
2025/08/05 12:10:51 AttenuationSystem update...
2025/08/05 12:10:51 AttenuationSystem parallel flag: 0
2025/08/05 12:10:51 Attenuation computed count: 480000
2025/08/05 12:10:51 AttenuationSystem update time: 307.896322ms
2025/08/05 12:10:51 Run 6 complete
2025/08/05 12:10:51 StationSystem update...
2025/08/05 12:10:51 weather update count: 600
2025/08/05 12:10:51 StationSystem update time: 4.023µs
2025/08/05 12:10:51 SatelliteSystem update...
2025/08/05 12:10:51 satellite count: 800
2025/08/05 12:10:51 SatelliteSystem update time: 3.033277ms
2025/08/05 12:10:51 TopoSystem update...
2025/08/05 12:10:51 TopoSystem: Link count: 480000
2025/08/05 12:10:51 TopoSystem update time: 13.73256ms
2025/08/05 12:10:51 AttenuationSystem update...
2025/08/05 12:10:51 AttenuationSystem parallel flag: 0
2025/08/05 12:10:51 Attenuation computed count: 480000
2025/08/05 12:10:51 AttenuationSystem update time: 289.637303ms
2025/08/05 12:10:51 Run 7 complete
2025/08/05 12:10:51 StationSystem update...
2025/08/05 12:10:51 weather update count: 600
2025/08/05 12:10:51 StationSystem update time: 4.122µs
2025/08/05 12:10:51 SatelliteSystem update...
2025/08/05 12:10:51 satellite count: 800
2025/08/05 12:10:51 SatelliteSystem update time: 3.050544ms
2025/08/05 12:10:51 TopoSystem update...
2025/08/05 12:10:51 TopoSystem: Link count: 480000
2025/08/05 12:10:51 TopoSystem update time: 8.597628ms
2025/08/05 12:10:51 AttenuationSystem update...
2025/08/05 12:10:51 AttenuationSystem parallel flag: 0
2025/08/05 12:10:52 Attenuation computed count: 480000
2025/08/05 12:10:52 AttenuationSystem update time: 302.991576ms
2025/08/05 12:10:52 Run 8 complete
2025/08/05 12:10:52 StationSystem update...
2025/08/05 12:10:52 weather update count: 600
2025/08/05 12:10:52 StationSystem update time: 5.499µs
2025/08/05 12:10:52 SatelliteSystem update...
2025/08/05 12:10:52 satellite count: 800
2025/08/05 12:10:52 SatelliteSystem update time: 3.035404ms
2025/08/05 12:10:52 TopoSystem update...
2025/08/05 12:10:52 TopoSystem: Link count: 480000
2025/08/05 12:10:52 TopoSystem update time: 9.596219ms
2025/08/05 12:10:52 AttenuationSystem update...
2025/08/05 12:10:52 AttenuationSystem parallel flag: 0
2025/08/05 12:10:52 Attenuation computed count: 480000
2025/08/05 12:10:52 AttenuationSystem update time: 283.594457ms
2025/08/05 12:10:52 Run 9 complete
2025/08/05 12:10:52 StationSystem update...
2025/08/05 12:10:52 weather update count: 600
2025/08/05 12:10:52 StationSystem update time: 3.906µs
2025/08/05 12:10:52 SatelliteSystem update...
2025/08/05 12:10:52 satellite count: 800
2025/08/05 12:10:52 SatelliteSystem update time: 3.034601ms
2025/08/05 12:10:52 TopoSystem update...
2025/08/05 12:10:52 TopoSystem: Link count: 480000
2025/08/05 12:10:52 TopoSystem update time: 7.460541ms
2025/08/05 12:10:52 AttenuationSystem update...
2025/08/05 12:10:52 AttenuationSystem parallel flag: 0
2025/08/05 12:10:52 Attenuation computed count: 480000
2025/08/05 12:10:52 AttenuationSystem update time: 274.850624ms
2025/08/05 12:10:52 Run 10 complete
2025/08/05 12:10:52 Total update time:  3.048613756s
2025/08/05 12:10:52 linkCache size: 40

 Performance counter stats for './scale_ecs 600 800 10 2 4 0':

        11,263,000      cache-references                                                      
         2,259,996      cache-misses                     #   20.07% of all cache refs         

       3.054762332 seconds time elapsed

      11.461248000 seconds user
       0.051045000 seconds sys


