ECS running with 700 stations, 2000 satellites, 4 numWGs and 4 numBlocks for 10 rounds in 1 parallel pattern
2025/08/05 13:03:48 StationSystem update...
2025/08/05 13:03:48 weather update count: 700
2025/08/05 13:03:48 SatelliteSystem update...
2025/08/05 13:03:48 StationSystem update time: 4.722µs
2025/08/05 13:03:48 satellite count: 2000
2025/08/05 13:03:48 SatelliteSystem update time: 7.5621ms
2025/08/05 13:03:48 TopoSystem update...
2025/08/05 13:03:48 TopoSystem: Link count: 1400000
2025/08/05 13:03:48 TopoSystem update time: 42.799963ms
2025/08/05 13:03:48 AttenuationSystem update...
2025/08/05 13:03:48 AttenuationSystem parallel flag: 1
2025/08/05 13:03:49 Attenuation computed count: 1400000
2025/08/05 13:03:49 AttenuationSystem update time: 805.494352ms
2025/08/05 13:03:49 Run 1 complete
2025/08/05 13:03:49 StationSystem update...
2025/08/05 13:03:49 weather update count: 700
2025/08/05 13:03:49 StationSystem update time: 4.58µs
2025/08/05 13:03:49 SatelliteSystem update...
2025/08/05 13:03:49 satellite count: 2000
2025/08/05 13:03:49 SatelliteSystem update time: 7.622933ms
2025/08/05 13:03:49 TopoSystem update...
2025/08/05 13:03:49 TopoSystem: Link count: 1400000
2025/08/05 13:03:49 TopoSystem update time: 38.052256ms
2025/08/05 13:03:49 AttenuationSystem update...
2025/08/05 13:03:49 AttenuationSystem parallel flag: 1
2025/08/05 13:03:50 Attenuation computed count: 1400000
2025/08/05 13:03:50 AttenuationSystem update time: 830.883587ms
2025/08/05 13:03:50 Run 2 complete
2025/08/05 13:03:50 StationSystem update...
2025/08/05 13:03:50 weather update count: 700
2025/08/05 13:03:50 StationSystem update time: 10.184µs
2025/08/05 13:03:50 SatelliteSystem update...
2025/08/05 13:03:50 satellite count: 2000
2025/08/05 13:03:50 SatelliteSystem update time: 8.200383ms
2025/08/05 13:03:50 TopoSystem update...
2025/08/05 13:03:50 TopoSystem: Link count: 1400000
2025/08/05 13:03:50 TopoSystem update time: 62.579348ms
2025/08/05 13:03:50 AttenuationSystem update...
2025/08/05 13:03:50 AttenuationSystem parallel flag: 1
2025/08/05 13:03:50 Attenuation computed count: 1400000
2025/08/05 13:03:50 AttenuationSystem update time: 834.185888ms
2025/08/05 13:03:50 Run 3 complete
2025/08/05 13:03:50 StationSystem update...
2025/08/05 13:03:50 weather update count: 700
2025/08/05 13:03:50 StationSystem update time: 5.021µs
2025/08/05 13:03:50 SatelliteSystem update...
2025/08/05 13:03:51 satellite count: 2000
2025/08/05 13:03:51 SatelliteSystem update time: 7.644147ms
2025/08/05 13:03:51 TopoSystem update...
2025/08/05 13:03:51 TopoSystem: Link count: 1400000
2025/08/05 13:03:51 TopoSystem update time: 27.067085ms
2025/08/05 13:03:51 AttenuationSystem update...
2025/08/05 13:03:51 AttenuationSystem parallel flag: 1
2025/08/05 13:03:51 Attenuation computed count: 1400000
2025/08/05 13:03:51 AttenuationSystem update time: 831.813366ms
2025/08/05 13:03:51 Run 4 complete
2025/08/05 13:03:51 StationSystem update...
2025/08/05 13:03:51 weather update count: 700
2025/08/05 13:03:51 StationSystem update time: 5.569µs
2025/08/05 13:03:51 SatelliteSystem update...
2025/08/05 13:03:51 satellite count: 2000
2025/08/05 13:03:51 SatelliteSystem update time: 10.629673ms
2025/08/05 13:03:51 TopoSystem update...
2025/08/05 13:03:51 TopoSystem: Link count: 1400000
2025/08/05 13:03:51 TopoSystem update time: 26.312546ms
2025/08/05 13:03:51 AttenuationSystem update...
2025/08/05 13:03:51 AttenuationSystem parallel flag: 1
2025/08/05 13:03:52 Attenuation computed count: 1400000
2025/08/05 13:03:52 AttenuationSystem update time: 829.007783ms
2025/08/05 13:03:52 Run 5 complete
2025/08/05 13:03:52 StationSystem update...
2025/08/05 13:03:52 weather update count: 700
2025/08/05 13:03:52 StationSystem update time: 16.193µs
2025/08/05 13:03:52 SatelliteSystem update...
2025/08/05 13:03:52 satellite count: 2000
2025/08/05 13:03:52 SatelliteSystem update time: 9.247863ms
2025/08/05 13:03:52 TopoSystem update...
2025/08/05 13:03:52 TopoSystem: Link count: 1400000
2025/08/05 13:03:52 TopoSystem update time: 50.19224ms
2025/08/05 13:03:52 AttenuationSystem update...
2025/08/05 13:03:52 AttenuationSystem parallel flag: 1
2025/08/05 13:03:53 Attenuation computed count: 1400000
2025/08/05 13:03:53 AttenuationSystem update time: 842.760217ms
2025/08/05 13:03:53 Run 6 complete
2025/08/05 13:03:53 StationSystem update...
2025/08/05 13:03:53 weather update count: 700
2025/08/05 13:03:53 StationSystem update time: 4.946µs
2025/08/05 13:03:53 SatelliteSystem update...
2025/08/05 13:03:53 satellite count: 2000
2025/08/05 13:03:53 SatelliteSystem update time: 7.593914ms
2025/08/05 13:03:53 TopoSystem update...
2025/08/05 13:03:53 TopoSystem: Link count: 1400000
2025/08/05 13:03:53 TopoSystem update time: 52.980097ms
2025/08/05 13:03:53 AttenuationSystem update...
2025/08/05 13:03:53 AttenuationSystem parallel flag: 1
2025/08/05 13:03:54 Attenuation computed count: 1400000
2025/08/05 13:03:54 AttenuationSystem update time: 801.797949ms
2025/08/05 13:03:54 Run 7 complete
2025/08/05 13:03:54 StationSystem update...
2025/08/05 13:03:54 weather update count: 700
2025/08/05 13:03:54 StationSystem update time: 10.561µs
2025/08/05 13:03:54 SatelliteSystem update...
2025/08/05 13:03:54 satellite count: 2000
2025/08/05 13:03:54 SatelliteSystem update time: 7.725646ms
2025/08/05 13:03:54 TopoSystem update...
2025/08/05 13:03:54 TopoSystem: Link count: 1400000
2025/08/05 13:03:54 TopoSystem update time: 19.885291ms
2025/08/05 13:03:54 AttenuationSystem update...
2025/08/05 13:03:54 AttenuationSystem parallel flag: 1
2025/08/05 13:03:55 Attenuation computed count: 1400000
2025/08/05 13:03:55 AttenuationSystem update time: 845.226643ms
2025/08/05 13:03:55 Run 8 complete
2025/08/05 13:03:55 StationSystem update...
2025/08/05 13:03:55 weather update count: 700
2025/08/05 13:03:55 StationSystem update time: 17.18µs
2025/08/05 13:03:55 SatelliteSystem update...
2025/08/05 13:03:55 satellite count: 2000
2025/08/05 13:03:55 SatelliteSystem update time: 8.386515ms
2025/08/05 13:03:55 TopoSystem update...
2025/08/05 13:03:55 TopoSystem: Link count: 1400000
2025/08/05 13:03:55 TopoSystem update time: 41.752072ms
2025/08/05 13:03:55 AttenuationSystem update...
2025/08/05 13:03:55 AttenuationSystem parallel flag: 1
2025/08/05 13:03:56 Attenuation computed count: 1400000
2025/08/05 13:03:56 AttenuationSystem update time: 843.904941ms
2025/08/05 13:03:56 Run 9 complete
2025/08/05 13:03:56 StationSystem update...
2025/08/05 13:03:56 weather update count: 700
2025/08/05 13:03:56 StationSystem update time: 5.284µs
2025/08/05 13:03:56 SatelliteSystem update...
2025/08/05 13:03:56 satellite count: 2000
2025/08/05 13:03:56 SatelliteSystem update time: 7.587828ms
2025/08/05 13:03:56 TopoSystem update...
2025/08/05 13:03:56 TopoSystem: Link count: 1400000
2025/08/05 13:03:56 TopoSystem update time: 52.697238ms
2025/08/05 13:03:56 AttenuationSystem update...
2025/08/05 13:03:56 AttenuationSystem parallel flag: 1
2025/08/05 13:03:57 Attenuation computed count: 1400000
2025/08/05 13:03:57 AttenuationSystem update time: 826.886245ms
2025/08/05 13:03:57 Run 10 complete
2025/08/05 13:03:57 Total update time:  8.801567816s
2025/08/05 13:03:57 linkCache size: 40

 Performance counter stats for './scale_ecs 700 2000 10 4 4 1':

        34,519,161      cache-references                                                      
        10,288,386      cache-misses                     #   29.80% of all cache refs         

       8.818214054 seconds time elapsed

      32.210041000 seconds user
       0.337000000 seconds sys


