ECS running with 800 stations, 1300 satellites, 8 numWGs and 2 numBlocks for 10 rounds in 0 parallel pattern
2025/08/05 13:19:28 StationSystem update...
2025/08/05 13:19:28 weather update count: 800
2025/08/05 13:19:28 SatelliteSystem update...
2025/08/05 13:19:28 StationSystem update time: 6.329µs
2025/08/05 13:19:28 satellite count: 1300
2025/08/05 13:19:28 SatelliteSystem update time: 4.936449ms
2025/08/05 13:19:28 TopoSystem update...
2025/08/05 13:19:28 TopoSystem: Link count: 1040000
2025/08/05 13:19:28 TopoSystem update time: 31.086695ms
2025/08/05 13:19:28 AttenuationSystem update...
2025/08/05 13:19:28 AttenuationSystem parallel flag: 0
2025/08/05 13:19:29 Attenuation computed count: 1040000
2025/08/05 13:19:29 AttenuationSystem update time: 1.191507615s
2025/08/05 13:19:29 Run 1 complete
2025/08/05 13:19:29 StationSystem update...
2025/08/05 13:19:29 weather update count: 800
2025/08/05 13:19:29 StationSystem update time: 14.643µs
2025/08/05 13:19:29 SatelliteSystem update...
2025/08/05 13:19:29 satellite count: 1300
2025/08/05 13:19:29 SatelliteSystem update time: 5.348523ms
2025/08/05 13:19:29 TopoSystem update...
2025/08/05 13:19:29 TopoSystem: Link count: 1040000
2025/08/05 13:19:29 TopoSystem update time: 30.471192ms
2025/08/05 13:19:29 AttenuationSystem update...
2025/08/05 13:19:29 AttenuationSystem parallel flag: 0
2025/08/05 13:19:30 Attenuation computed count: 1040000
2025/08/05 13:19:30 AttenuationSystem update time: 1.219273319s
2025/08/05 13:19:30 Run 2 complete
2025/08/05 13:19:30 StationSystem update...
2025/08/05 13:19:30 weather update count: 800
2025/08/05 13:19:30 StationSystem update time: 3.378µs
2025/08/05 13:19:30 SatelliteSystem update...
2025/08/05 13:19:30 satellite count: 1300
2025/08/05 13:19:30 SatelliteSystem update time: 12.357305ms
2025/08/05 13:19:30 TopoSystem update...
2025/08/05 13:19:30 TopoSystem: Link count: 1040000
2025/08/05 13:19:30 TopoSystem update time: 74.792354ms
2025/08/05 13:19:30 AttenuationSystem update...
2025/08/05 13:19:30 AttenuationSystem parallel flag: 0
2025/08/05 13:19:32 Attenuation computed count: 1040000
2025/08/05 13:19:32 AttenuationSystem update time: 1.211204466s
2025/08/05 13:19:32 Run 3 complete
2025/08/05 13:19:32 StationSystem update...
2025/08/05 13:19:32 weather update count: 800
2025/08/05 13:19:32 StationSystem update time: 5.431µs
2025/08/05 13:19:32 SatelliteSystem update...
2025/08/05 13:19:32 satellite count: 1300
2025/08/05 13:19:32 SatelliteSystem update time: 4.944859ms
2025/08/05 13:19:32 TopoSystem update...
2025/08/05 13:19:32 TopoSystem: Link count: 1040000
2025/08/05 13:19:32 TopoSystem update time: 35.915834ms
2025/08/05 13:19:32 AttenuationSystem update...
2025/08/05 13:19:32 AttenuationSystem parallel flag: 0
2025/08/05 13:19:33 Attenuation computed count: 1040000
2025/08/05 13:19:33 AttenuationSystem update time: 1.223289388s
2025/08/05 13:19:33 Run 4 complete
2025/08/05 13:19:33 StationSystem update...
2025/08/05 13:19:33 weather update count: 800
2025/08/05 13:19:33 StationSystem update time: 11.896µs
2025/08/05 13:19:33 SatelliteSystem update...
2025/08/05 13:19:33 satellite count: 1300
2025/08/05 13:19:33 SatelliteSystem update time: 5.989116ms
2025/08/05 13:19:33 TopoSystem update...
2025/08/05 13:19:33 TopoSystem: Link count: 1040000
2025/08/05 13:19:33 TopoSystem update time: 59.637255ms
2025/08/05 13:19:33 AttenuationSystem update...
2025/08/05 13:19:33 AttenuationSystem parallel flag: 0
2025/08/05 13:19:34 Attenuation computed count: 1040000
2025/08/05 13:19:34 AttenuationSystem update time: 1.222940503s
2025/08/05 13:19:34 Run 5 complete
2025/08/05 13:19:34 StationSystem update...
2025/08/05 13:19:34 weather update count: 800
2025/08/05 13:19:34 StationSystem update time: 5.471µs
2025/08/05 13:19:34 SatelliteSystem update...
2025/08/05 13:19:34 satellite count: 1300
2025/08/05 13:19:34 SatelliteSystem update time: 4.962565ms
2025/08/05 13:19:34 TopoSystem update...
2025/08/05 13:19:34 TopoSystem: Link count: 1040000
2025/08/05 13:19:34 TopoSystem update time: 23.003299ms
2025/08/05 13:19:34 AttenuationSystem update...
2025/08/05 13:19:34 AttenuationSystem parallel flag: 0
2025/08/05 13:19:35 Attenuation computed count: 1040000
2025/08/05 13:19:35 AttenuationSystem update time: 1.20563725s
2025/08/05 13:19:35 Run 6 complete
2025/08/05 13:19:35 StationSystem update...
2025/08/05 13:19:35 weather update count: 800
2025/08/05 13:19:35 StationSystem update time: 3.371µs
2025/08/05 13:19:35 SatelliteSystem update...
2025/08/05 13:19:35 satellite count: 1300
2025/08/05 13:19:35 SatelliteSystem update time: 4.956874ms
2025/08/05 13:19:35 TopoSystem update...
2025/08/05 13:19:36 TopoSystem: Link count: 1040000
2025/08/05 13:19:36 TopoSystem update time: 35.745098ms
2025/08/05 13:19:36 AttenuationSystem update...
2025/08/05 13:19:36 AttenuationSystem parallel flag: 0
2025/08/05 13:19:37 Attenuation computed count: 1040000
2025/08/05 13:19:37 AttenuationSystem update time: 1.217112743s
2025/08/05 13:19:37 Run 7 complete
2025/08/05 13:19:37 StationSystem update...
2025/08/05 13:19:37 weather update count: 800
2025/08/05 13:19:37 StationSystem update time: 2.924µs
2025/08/05 13:19:37 SatelliteSystem update...
2025/08/05 13:19:37 satellite count: 1300
2025/08/05 13:19:37 SatelliteSystem update time: 4.959142ms
2025/08/05 13:19:37 TopoSystem update...
2025/08/05 13:19:37 TopoSystem: Link count: 1040000
2025/08/05 13:19:37 TopoSystem update time: 36.311431ms
2025/08/05 13:19:37 AttenuationSystem update...
2025/08/05 13:19:37 AttenuationSystem parallel flag: 0
2025/08/05 13:19:38 Attenuation computed count: 1040000
2025/08/05 13:19:38 AttenuationSystem update time: 1.225762585s
2025/08/05 13:19:38 Run 8 complete
2025/08/05 13:19:38 StationSystem update...
2025/08/05 13:19:38 weather update count: 800
2025/08/05 13:19:38 StationSystem update time: 3.772µs
2025/08/05 13:19:38 SatelliteSystem update...
2025/08/05 13:19:38 satellite count: 1300
2025/08/05 13:19:38 SatelliteSystem update time: 4.979034ms
2025/08/05 13:19:38 TopoSystem update...
2025/08/05 13:19:38 TopoSystem: Link count: 1040000
2025/08/05 13:19:38 TopoSystem update time: 36.304251ms
2025/08/05 13:19:38 AttenuationSystem update...
2025/08/05 13:19:38 AttenuationSystem parallel flag: 0
2025/08/05 13:19:39 Attenuation computed count: 1040000
2025/08/05 13:19:39 AttenuationSystem update time: 1.237772653s
2025/08/05 13:19:39 Run 9 complete
2025/08/05 13:19:39 StationSystem update...
2025/08/05 13:19:39 weather update count: 800
2025/08/05 13:19:39 StationSystem update time: 7.379µs
2025/08/05 13:19:39 SatelliteSystem update...
2025/08/05 13:19:39 satellite count: 1300
2025/08/05 13:19:39 SatelliteSystem update time: 5.532128ms
2025/08/05 13:19:39 TopoSystem update...
2025/08/05 13:19:39 TopoSystem: Link count: 1040000
2025/08/05 13:19:39 TopoSystem update time: 72.152628ms
2025/08/05 13:19:39 AttenuationSystem update...
2025/08/05 13:19:39 AttenuationSystem parallel flag: 0
2025/08/05 13:19:41 Attenuation computed count: 1040000
2025/08/05 13:19:41 AttenuationSystem update time: 1.213423534s
2025/08/05 13:19:41 Run 10 complete
2025/08/05 13:19:41 Total update time:  12.672433s
2025/08/05 13:19:41 linkCache size: 40

 Performance counter stats for './scale_ecs 800 1300 10 8 2 0':

        24,525,242      cache-references                                                      
         6,862,094      cache-misses                     #   27.98% of all cache refs         

      12.681846153 seconds time elapsed

      24.224935000 seconds user
       0.224156000 seconds sys


