ECS running with 600 stations, 500 satellites, 2 numWGs and 2 numBlocks for 10 rounds in 0 parallel pattern
2025/08/05 12:08:00 StationSystem update...
2025/08/05 12:08:00 weather update count: 600
2025/08/05 12:08:00 StationSystem update time: 3.213µs
2025/08/05 12:08:00 SatelliteSystem update...
2025/08/05 12:08:00 satellite count: 500
2025/08/05 12:08:00 SatelliteSystem update time: 2.107791ms
2025/08/05 12:08:00 TopoSystem update...
2025/08/05 12:08:00 TopoSystem: Link count: 300000
2025/08/05 12:08:00 TopoSystem update time: 10.586118ms
2025/08/05 12:08:00 AttenuationSystem update...
2025/08/05 12:08:00 AttenuationSystem parallel flag: 0
2025/08/05 12:08:00 Attenuation computed count: 300000
2025/08/05 12:08:00 AttenuationSystem update time: 344.879405ms
2025/08/05 12:08:00 Run 1 complete
2025/08/05 12:08:00 StationSystem update...
2025/08/05 12:08:00 weather update count: 600
2025/08/05 12:08:00 StationSystem update time: 4.735µs
2025/08/05 12:08:00 SatelliteSystem update...
2025/08/05 12:08:00 satellite count: 500
2025/08/05 12:08:00 SatelliteSystem update time: 1.937544ms
2025/08/05 12:08:00 TopoSystem update...
2025/08/05 12:08:00 TopoSystem: Link count: 300000
2025/08/05 12:08:00 TopoSystem update time: 10.587185ms
2025/08/05 12:08:00 AttenuationSystem update...
2025/08/05 12:08:00 AttenuationSystem parallel flag: 0
2025/08/05 12:08:01 Attenuation computed count: 300000
2025/08/05 12:08:01 AttenuationSystem update time: 348.966948ms
2025/08/05 12:08:01 Run 2 complete
2025/08/05 12:08:01 StationSystem update...
2025/08/05 12:08:01 weather update count: 600
2025/08/05 12:08:01 StationSystem update time: 2.461µs
2025/08/05 12:08:01 SatelliteSystem update...
2025/08/05 12:08:01 satellite count: 500
2025/08/05 12:08:01 SatelliteSystem update time: 1.926734ms
2025/08/05 12:08:01 TopoSystem update...
2025/08/05 12:08:01 TopoSystem: Link count: 300000
2025/08/05 12:08:01 TopoSystem update time: 12.846156ms
2025/08/05 12:08:01 AttenuationSystem update...
2025/08/05 12:08:01 AttenuationSystem parallel flag: 0
2025/08/05 12:08:01 Attenuation computed count: 300000
2025/08/05 12:08:01 AttenuationSystem update time: 375.501537ms
2025/08/05 12:08:01 Run 3 complete
2025/08/05 12:08:01 StationSystem update...
2025/08/05 12:08:01 weather update count: 600
2025/08/05 12:08:01 StationSystem update time: 2.839µs
2025/08/05 12:08:01 SatelliteSystem update...
2025/08/05 12:08:01 satellite count: 500
2025/08/05 12:08:01 SatelliteSystem update time: 1.907943ms
2025/08/05 12:08:01 TopoSystem update...
2025/08/05 12:08:01 TopoSystem: Link count: 300000
2025/08/05 12:08:01 TopoSystem update time: 10.392391ms
2025/08/05 12:08:01 AttenuationSystem update...
2025/08/05 12:08:01 AttenuationSystem parallel flag: 0
2025/08/05 12:08:01 Attenuation computed count: 300000
2025/08/05 12:08:01 AttenuationSystem update time: 377.123735ms
2025/08/05 12:08:01 Run 4 complete
2025/08/05 12:08:01 StationSystem update...
2025/08/05 12:08:01 weather update count: 600
2025/08/05 12:08:01 StationSystem update time: 2.624µs
2025/08/05 12:08:01 SatelliteSystem update...
2025/08/05 12:08:01 satellite count: 500
2025/08/05 12:08:01 SatelliteSystem update time: 1.914233ms
2025/08/05 12:08:01 TopoSystem update...
2025/08/05 12:08:01 TopoSystem: Link count: 300000
2025/08/05 12:08:01 TopoSystem update time: 5.692174ms
2025/08/05 12:08:01 AttenuationSystem update...
2025/08/05 12:08:01 AttenuationSystem parallel flag: 0
2025/08/05 12:08:02 Attenuation computed count: 300000
2025/08/05 12:08:02 AttenuationSystem update time: 359.961522ms
2025/08/05 12:08:02 Run 5 complete
2025/08/05 12:08:02 StationSystem update...
2025/08/05 12:08:02 weather update count: 600
2025/08/05 12:08:02 StationSystem update time: 2.619µs
2025/08/05 12:08:02 SatelliteSystem update...
2025/08/05 12:08:02 satellite count: 500
2025/08/05 12:08:02 SatelliteSystem update time: 1.912438ms
2025/08/05 12:08:02 TopoSystem update...
2025/08/05 12:08:02 TopoSystem: Link count: 300000
2025/08/05 12:08:02 TopoSystem update time: 6.95757ms
2025/08/05 12:08:02 AttenuationSystem update...
2025/08/05 12:08:02 AttenuationSystem parallel flag: 0
2025/08/05 12:08:02 Attenuation computed count: 300000
2025/08/05 12:08:02 AttenuationSystem update time: 344.441232ms
2025/08/05 12:08:02 Run 6 complete
2025/08/05 12:08:02 StationSystem update...
2025/08/05 12:08:02 weather update count: 600
2025/08/05 12:08:02 StationSystem update time: 11.011µs
2025/08/05 12:08:02 SatelliteSystem update...
2025/08/05 12:08:02 satellite count: 500
2025/08/05 12:08:02 SatelliteSystem update time: 2.051603ms
2025/08/05 12:08:02 TopoSystem update...
2025/08/05 12:08:02 TopoSystem: Link count: 300000
2025/08/05 12:08:02 TopoSystem update time: 13.118169ms
2025/08/05 12:08:02 AttenuationSystem update...
2025/08/05 12:08:02 AttenuationSystem parallel flag: 0
2025/08/05 12:08:03 Attenuation computed count: 300000
2025/08/05 12:08:03 AttenuationSystem update time: 359.019974ms
2025/08/05 12:08:03 Run 7 complete
2025/08/05 12:08:03 StationSystem update...
2025/08/05 12:08:03 weather update count: 600
2025/08/05 12:08:03 StationSystem update time: 2.557µs
2025/08/05 12:08:03 SatelliteSystem update...
2025/08/05 12:08:03 satellite count: 500
2025/08/05 12:08:03 SatelliteSystem update time: 1.917524ms
2025/08/05 12:08:03 TopoSystem update...
2025/08/05 12:08:03 TopoSystem: Link count: 300000
2025/08/05 12:08:03 TopoSystem update time: 11.099338ms
2025/08/05 12:08:03 AttenuationSystem update...
2025/08/05 12:08:03 AttenuationSystem parallel flag: 0
2025/08/05 12:08:03 Attenuation computed count: 300000
2025/08/05 12:08:03 AttenuationSystem update time: 359.120899ms
2025/08/05 12:08:03 Run 8 complete
2025/08/05 12:08:03 StationSystem update...
2025/08/05 12:08:03 weather update count: 600
2025/08/05 12:08:03 StationSystem update time: 4.214µs
2025/08/05 12:08:03 SatelliteSystem update...
2025/08/05 12:08:03 satellite count: 500
2025/08/05 12:08:03 SatelliteSystem update time: 1.91066ms
2025/08/05 12:08:03 TopoSystem update...
2025/08/05 12:08:03 TopoSystem: Link count: 300000
2025/08/05 12:08:03 TopoSystem update time: 11.403968ms
2025/08/05 12:08:03 AttenuationSystem update...
2025/08/05 12:08:03 AttenuationSystem parallel flag: 0
2025/08/05 12:08:03 Attenuation computed count: 300000
2025/08/05 12:08:03 AttenuationSystem update time: 375.760969ms
2025/08/05 12:08:03 Run 9 complete
2025/08/05 12:08:03 StationSystem update...
2025/08/05 12:08:03 weather update count: 600
2025/08/05 12:08:03 StationSystem update time: 4.577µs
2025/08/05 12:08:03 SatelliteSystem update...
2025/08/05 12:08:03 satellite count: 500
2025/08/05 12:08:03 SatelliteSystem update time: 1.911583ms
2025/08/05 12:08:03 TopoSystem update...
2025/08/05 12:08:03 TopoSystem: Link count: 300000
2025/08/05 12:08:03 TopoSystem update time: 9.591118ms
2025/08/05 12:08:03 AttenuationSystem update...
2025/08/05 12:08:03 AttenuationSystem parallel flag: 0
2025/08/05 12:08:04 Attenuation computed count: 300000
2025/08/05 12:08:04 AttenuationSystem update time: 376.586151ms
2025/08/05 12:08:04 Run 10 complete
2025/08/05 12:08:04 Total update time:  3.745562327s
2025/08/05 12:08:04 linkCache size: 40

 Performance counter stats for './scale_ecs 600 500 10 2 2 0':

         7,669,269      cache-references                                                      
         1,799,529      cache-misses                     #   23.46% of all cache refs         

       3.751502426 seconds time elapsed

       7.111815000 seconds user
       0.053998000 seconds sys


