ECS running with 500 stations, 1300 satellites, 2 numWGs and 4 numBlocks for 10 rounds in 0 parallel pattern
2025/08/05 11:53:48 StationSystem update...
2025/08/05 11:53:48 weather update count: 500
2025/08/05 11:53:48 StationSystem update time: 4.555µs
2025/08/05 11:53:48 SatelliteSystem update...
2025/08/05 11:53:48 satellite count: 1300
2025/08/05 11:53:48 SatelliteSystem update time: 4.944302ms
2025/08/05 11:53:48 TopoSystem update...
2025/08/05 11:53:48 TopoSystem: Link count: 650000
2025/08/05 11:53:48 TopoSystem update time: 20.696767ms
2025/08/05 11:53:48 AttenuationSystem update...
2025/08/05 11:53:48 AttenuationSystem parallel flag: 0
2025/08/05 11:53:48 Attenuation computed count: 650000
2025/08/05 11:53:48 AttenuationSystem update time: 370.461749ms
2025/08/05 11:53:48 Run 1 complete
2025/08/05 11:53:48 StationSystem update...
2025/08/05 11:53:48 weather update count: 500
2025/08/05 11:53:48 StationSystem update time: 3.726µs
2025/08/05 11:53:48 SatelliteSystem update...
2025/08/05 11:53:48 satellite count: 1300
2025/08/05 11:53:48 SatelliteSystem update time: 4.958546ms
2025/08/05 11:53:48 TopoSystem update...
2025/08/05 11:53:48 TopoSystem: Link count: 650000
2025/08/05 11:53:48 TopoSystem update time: 18.20986ms
2025/08/05 11:53:48 AttenuationSystem update...
2025/08/05 11:53:48 AttenuationSystem parallel flag: 0
2025/08/05 11:53:49 Attenuation computed count: 650000
2025/08/05 11:53:49 AttenuationSystem update time: 350.588059ms
2025/08/05 11:53:49 Run 2 complete
2025/08/05 11:53:49 StationSystem update...
2025/08/05 11:53:49 weather update count: 500
2025/08/05 11:53:49 StationSystem update time: 3.624µs
2025/08/05 11:53:49 SatelliteSystem update...
2025/08/05 11:53:49 satellite count: 1300
2025/08/05 11:53:49 SatelliteSystem update time: 4.931217ms
2025/08/05 11:53:49 TopoSystem update...
2025/08/05 11:53:49 TopoSystem: Link count: 650000
2025/08/05 11:53:49 TopoSystem update time: 10.743256ms
2025/08/05 11:53:49 AttenuationSystem update...
2025/08/05 11:53:49 AttenuationSystem parallel flag: 0
2025/08/05 11:53:49 Attenuation computed count: 650000
2025/08/05 11:53:49 AttenuationSystem update time: 375.865517ms
2025/08/05 11:53:49 Run 3 complete
2025/08/05 11:53:49 StationSystem update...
2025/08/05 11:53:49 weather update count: 500
2025/08/05 11:53:49 StationSystem update time: 4.904µs
2025/08/05 11:53:49 SatelliteSystem update...
2025/08/05 11:53:49 satellite count: 1300
2025/08/05 11:53:49 SatelliteSystem update time: 4.916837ms
2025/08/05 11:53:49 TopoSystem update...
2025/08/05 11:53:49 TopoSystem: Link count: 650000
2025/08/05 11:53:49 TopoSystem update time: 16.545501ms
2025/08/05 11:53:49 AttenuationSystem update...
2025/08/05 11:53:49 AttenuationSystem parallel flag: 0
2025/08/05 11:53:49 Attenuation computed count: 650000
2025/08/05 11:53:49 AttenuationSystem update time: 404.744686ms
2025/08/05 11:53:49 Run 4 complete
2025/08/05 11:53:49 StationSystem update...
2025/08/05 11:53:49 weather update count: 500
2025/08/05 11:53:49 StationSystem update time: 6.296µs
2025/08/05 11:53:49 SatelliteSystem update...
2025/08/05 11:53:49 satellite count: 1300
2025/08/05 11:53:49 SatelliteSystem update time: 5.923067ms
2025/08/05 11:53:49 TopoSystem update...
2025/08/05 11:53:49 TopoSystem: Link count: 650000
2025/08/05 11:53:49 TopoSystem update time: 29.654714ms
2025/08/05 11:53:49 AttenuationSystem update...
2025/08/05 11:53:49 AttenuationSystem parallel flag: 0
2025/08/05 11:53:50 Attenuation computed count: 650000
2025/08/05 11:53:50 AttenuationSystem update time: 374.592753ms
2025/08/05 11:53:50 Run 5 complete
2025/08/05 11:53:50 StationSystem update...
2025/08/05 11:53:50 weather update count: 500
2025/08/05 11:53:50 StationSystem update time: 9.732µs
2025/08/05 11:53:50 SatelliteSystem update...
2025/08/05 11:53:50 satellite count: 1300
2025/08/05 11:53:50 SatelliteSystem update time: 5.502806ms
2025/08/05 11:53:50 TopoSystem update...
2025/08/05 11:53:50 TopoSystem: Link count: 650000
2025/08/05 11:53:50 TopoSystem update time: 19.96478ms
2025/08/05 11:53:50 AttenuationSystem update...
2025/08/05 11:53:50 AttenuationSystem parallel flag: 0
2025/08/05 11:53:50 Attenuation computed count: 650000
2025/08/05 11:53:50 AttenuationSystem update time: 377.846082ms
2025/08/05 11:53:50 Run 6 complete
2025/08/05 11:53:50 StationSystem update...
2025/08/05 11:53:50 weather update count: 500
2025/08/05 11:53:50 StationSystem update time: 3.445µs
2025/08/05 11:53:50 SatelliteSystem update...
2025/08/05 11:53:50 satellite count: 1300
2025/08/05 11:53:50 SatelliteSystem update time: 4.950441ms
2025/08/05 11:53:50 TopoSystem update...
2025/08/05 11:53:50 TopoSystem: Link count: 650000
2025/08/05 11:53:50 TopoSystem update time: 10.758311ms
2025/08/05 11:53:50 AttenuationSystem update...
2025/08/05 11:53:50 AttenuationSystem parallel flag: 0
2025/08/05 11:53:51 Attenuation computed count: 650000
2025/08/05 11:53:51 AttenuationSystem update time: 403.739184ms
2025/08/05 11:53:51 Run 7 complete
2025/08/05 11:53:51 StationSystem update...
2025/08/05 11:53:51 weather update count: 500
2025/08/05 11:53:51 StationSystem update time: 3.693µs
2025/08/05 11:53:51 SatelliteSystem update...
2025/08/05 11:53:51 satellite count: 1300
2025/08/05 11:53:51 SatelliteSystem update time: 4.937498ms
2025/08/05 11:53:51 TopoSystem update...
2025/08/05 11:53:51 TopoSystem: Link count: 650000
2025/08/05 11:53:51 TopoSystem update time: 10.946894ms
2025/08/05 11:53:51 AttenuationSystem update...
2025/08/05 11:53:51 AttenuationSystem parallel flag: 0
2025/08/05 11:53:51 Attenuation computed count: 650000
2025/08/05 11:53:51 AttenuationSystem update time: 392.671209ms
2025/08/05 11:53:51 Run 8 complete
2025/08/05 11:53:51 StationSystem update...
2025/08/05 11:53:51 weather update count: 500
2025/08/05 11:53:51 StationSystem update time: 3.885µs
2025/08/05 11:53:51 SatelliteSystem update...
2025/08/05 11:53:51 satellite count: 1300
2025/08/05 11:53:51 SatelliteSystem update time: 3.653917ms
2025/08/05 11:53:51 TopoSystem update...
2025/08/05 11:53:51 TopoSystem: Link count: 650000
2025/08/05 11:53:51 TopoSystem update time: 9.098683ms
2025/08/05 11:53:51 AttenuationSystem update...
2025/08/05 11:53:51 AttenuationSystem parallel flag: 0
2025/08/05 11:53:51 Attenuation computed count: 650000
2025/08/05 11:53:51 AttenuationSystem update time: 389.224095ms
2025/08/05 11:53:51 Run 9 complete
2025/08/05 11:53:51 StationSystem update...
2025/08/05 11:53:51 weather update count: 500
2025/08/05 11:53:51 StationSystem update time: 3.809µs
2025/08/05 11:53:51 SatelliteSystem update...
2025/08/05 11:53:51 satellite count: 1300
2025/08/05 11:53:51 SatelliteSystem update time: 4.940282ms
2025/08/05 11:53:51 TopoSystem update...
2025/08/05 11:53:51 TopoSystem: Link count: 650000
2025/08/05 11:53:51 TopoSystem update time: 11.91314ms
2025/08/05 11:53:51 AttenuationSystem update...
2025/08/05 11:53:51 AttenuationSystem parallel flag: 0
2025/08/05 11:53:52 Attenuation computed count: 650000
2025/08/05 11:53:52 AttenuationSystem update time: 370.416429ms
2025/08/05 11:53:52 Run 10 complete
2025/08/05 11:53:52 Total update time:  4.027486417s
2025/08/05 11:53:52 linkCache size: 40

 Performance counter stats for './scale_ecs 500 1300 10 2 4 0':

        15,478,693      cache-references                                                      
         3,506,063      cache-misses                     #   22.65% of all cache refs         

       4.034489667 seconds time elapsed

      14.544132000 seconds user
       0.094039000 seconds sys


