ECS running with 800 stations, 1700 satellites, 8 numWGs and 4 numBlocks for 10 rounds in 1 parallel pattern
2025/08/05 13:30:31 StationSystem update...
2025/08/05 13:30:31 weather update count: 800
2025/08/05 13:30:31 StationSystem update time: 6.152µs
2025/08/05 13:30:31 SatelliteSystem update...
2025/08/05 13:30:31 satellite count: 1700
2025/08/05 13:30:31 SatelliteSystem update time: 6.460605ms
2025/08/05 13:30:31 TopoSystem update...
2025/08/05 13:30:31 TopoSystem: Link count: 1360000
2025/08/05 13:30:31 TopoSystem update time: 44.209563ms
2025/08/05 13:30:31 AttenuationSystem update...
2025/08/05 13:30:31 AttenuationSystem parallel flag: 1
2025/08/05 13:30:31 Attenuation computed count: 1360000
2025/08/05 13:30:31 AttenuationSystem update time: 419.962566ms
2025/08/05 13:30:31 Run 1 complete
2025/08/05 13:30:31 StationSystem update...
2025/08/05 13:30:31 weather update count: 800
2025/08/05 13:30:31 StationSystem update time: 5.417µs
2025/08/05 13:30:31 SatelliteSystem update...
2025/08/05 13:30:31 satellite count: 1700
2025/08/05 13:30:31 SatelliteSystem update time: 6.434587ms
2025/08/05 13:30:31 TopoSystem update...
2025/08/05 13:30:31 TopoSystem: Link count: 1360000
2025/08/05 13:30:31 TopoSystem update time: 36.711069ms
2025/08/05 13:30:31 AttenuationSystem update...
2025/08/05 13:30:31 AttenuationSystem parallel flag: 1
2025/08/05 13:30:32 Attenuation computed count: 1360000
2025/08/05 13:30:32 AttenuationSystem update time: 426.254975ms
2025/08/05 13:30:32 Run 2 complete
2025/08/05 13:30:32 StationSystem update...
2025/08/05 13:30:32 weather update count: 800
2025/08/05 13:30:32 StationSystem update time: 6.55µs
2025/08/05 13:30:32 SatelliteSystem update...
2025/08/05 13:30:32 satellite count: 1700
2025/08/05 13:30:32 SatelliteSystem update time: 6.451232ms
2025/08/05 13:30:32 TopoSystem update...
2025/08/05 13:30:32 TopoSystem: Link count: 1360000
2025/08/05 13:30:32 TopoSystem update time: 22.171709ms
2025/08/05 13:30:32 AttenuationSystem update...
2025/08/05 13:30:32 AttenuationSystem parallel flag: 1
2025/08/05 13:30:32 Attenuation computed count: 1360000
2025/08/05 13:30:32 AttenuationSystem update time: 471.944256ms
2025/08/05 13:30:32 Run 3 complete
2025/08/05 13:30:32 StationSystem update...
2025/08/05 13:30:32 weather update count: 800
2025/08/05 13:30:32 StationSystem update time: 12.231µs
2025/08/05 13:30:32 SatelliteSystem update...
2025/08/05 13:30:32 satellite count: 1700
2025/08/05 13:30:32 SatelliteSystem update time: 7.352488ms
2025/08/05 13:30:32 TopoSystem update...
2025/08/05 13:30:32 TopoSystem: Link count: 1360000
2025/08/05 13:30:32 TopoSystem update time: 78.368623ms
2025/08/05 13:30:32 AttenuationSystem update...
2025/08/05 13:30:32 AttenuationSystem parallel flag: 1
2025/08/05 13:30:33 Attenuation computed count: 1360000
2025/08/05 13:30:33 AttenuationSystem update time: 452.539821ms
2025/08/05 13:30:33 Run 4 complete
2025/08/05 13:30:33 StationSystem update...
2025/08/05 13:30:33 weather update count: 800
2025/08/05 13:30:33 StationSystem update time: 6.158µs
2025/08/05 13:30:33 SatelliteSystem update...
2025/08/05 13:30:33 satellite count: 1700
2025/08/05 13:30:33 SatelliteSystem update time: 6.470765ms
2025/08/05 13:30:33 TopoSystem update...
2025/08/05 13:30:33 TopoSystem: Link count: 1360000
2025/08/05 13:30:33 TopoSystem update time: 41.010578ms
2025/08/05 13:30:33 AttenuationSystem update...
2025/08/05 13:30:33 AttenuationSystem parallel flag: 1
2025/08/05 13:30:33 Attenuation computed count: 1360000
2025/08/05 13:30:33 AttenuationSystem update time: 427.564565ms
2025/08/05 13:30:33 Run 5 complete
2025/08/05 13:30:33 StationSystem update...
2025/08/05 13:30:33 weather update count: 800
2025/08/05 13:30:33 StationSystem update time: 6.2µs
2025/08/05 13:30:33 SatelliteSystem update...
2025/08/05 13:30:33 satellite count: 1700
2025/08/05 13:30:33 SatelliteSystem update time: 6.465105ms
2025/08/05 13:30:33 TopoSystem update...
2025/08/05 13:30:33 TopoSystem: Link count: 1360000
2025/08/05 13:30:33 TopoSystem update time: 21.37195ms
2025/08/05 13:30:33 AttenuationSystem update...
2025/08/05 13:30:33 AttenuationSystem parallel flag: 1
2025/08/05 13:30:34 Attenuation computed count: 1360000
2025/08/05 13:30:34 AttenuationSystem update time: 430.389021ms
2025/08/05 13:30:34 Run 6 complete
2025/08/05 13:30:34 StationSystem update...
2025/08/05 13:30:34 weather update count: 800
2025/08/05 13:30:34 StationSystem update time: 5.832µs
2025/08/05 13:30:34 SatelliteSystem update...
2025/08/05 13:30:34 satellite count: 1700
2025/08/05 13:30:34 SatelliteSystem update time: 6.437474ms
2025/08/05 13:30:34 TopoSystem update...
2025/08/05 13:30:34 TopoSystem: Link count: 1360000
2025/08/05 13:30:34 TopoSystem update time: 33.933285ms
2025/08/05 13:30:34 AttenuationSystem update...
2025/08/05 13:30:34 AttenuationSystem parallel flag: 1
2025/08/05 13:30:34 Attenuation computed count: 1360000
2025/08/05 13:30:34 AttenuationSystem update time: 444.092248ms
2025/08/05 13:30:34 Run 7 complete
2025/08/05 13:30:34 StationSystem update...
2025/08/05 13:30:34 weather update count: 800
2025/08/05 13:30:34 StationSystem update time: 5.918µs
2025/08/05 13:30:34 SatelliteSystem update...
2025/08/05 13:30:34 satellite count: 1700
2025/08/05 13:30:34 SatelliteSystem update time: 6.467135ms
2025/08/05 13:30:34 TopoSystem update...
2025/08/05 13:30:34 TopoSystem: Link count: 1360000
2025/08/05 13:30:34 TopoSystem update time: 21.306597ms
2025/08/05 13:30:34 AttenuationSystem update...
2025/08/05 13:30:34 AttenuationSystem parallel flag: 1
2025/08/05 13:30:35 Attenuation computed count: 1360000
2025/08/05 13:30:35 AttenuationSystem update time: 460.219384ms
2025/08/05 13:30:35 Run 8 complete
2025/08/05 13:30:35 StationSystem update...
2025/08/05 13:30:35 weather update count: 800
2025/08/05 13:30:35 StationSystem update time: 19.571µs
2025/08/05 13:30:35 SatelliteSystem update...
2025/08/05 13:30:35 satellite count: 1700
2025/08/05 13:30:35 SatelliteSystem update time: 7.671187ms
2025/08/05 13:30:35 TopoSystem update...
2025/08/05 13:30:35 TopoSystem: Link count: 1360000
2025/08/05 13:30:35 TopoSystem update time: 43.079829ms
2025/08/05 13:30:35 AttenuationSystem update...
2025/08/05 13:30:35 AttenuationSystem parallel flag: 1
2025/08/05 13:30:35 Attenuation computed count: 1360000
2025/08/05 13:30:35 AttenuationSystem update time: 437.216331ms
2025/08/05 13:30:35 Run 9 complete
2025/08/05 13:30:35 StationSystem update...
2025/08/05 13:30:35 weather update count: 800
2025/08/05 13:30:35 StationSystem update time: 5.549µs
2025/08/05 13:30:35 SatelliteSystem update...
2025/08/05 13:30:35 satellite count: 1700
2025/08/05 13:30:35 SatelliteSystem update time: 6.464504ms
2025/08/05 13:30:35 TopoSystem update...
2025/08/05 13:30:35 TopoSystem: Link count: 1360000
2025/08/05 13:30:35 TopoSystem update time: 46.240126ms
2025/08/05 13:30:35 AttenuationSystem update...
2025/08/05 13:30:35 AttenuationSystem parallel flag: 1
2025/08/05 13:30:36 Attenuation computed count: 1360000
2025/08/05 13:30:36 AttenuationSystem update time: 414.571442ms
2025/08/05 13:30:36 Run 10 complete
2025/08/05 13:30:36 Total update time:  4.850800924s
2025/08/05 13:30:36 linkCache size: 40

 Performance counter stats for './scale_ecs 800 1700 10 8 4 1':

        32,198,178      cache-references                                                      
         9,736,358      cache-misses                     #   30.24% of all cache refs         

       4.861773470 seconds time elapsed

      32.310234000 seconds user
       0.245145000 seconds sys


