ECS running with 900 stations, 600 satellites, 8 numWGs and 2 numBlocks for 10 rounds in 1 parallel pattern
2025/08/05 13:42:47 StationSystem update...
2025/08/05 13:42:47 weather update count: 900
2025/08/05 13:42:47 SatelliteSystem update...
2025/08/05 13:42:47 StationSystem update time: 7.555µs
2025/08/05 13:42:47 satellite count: 600
2025/08/05 13:42:47 SatelliteSystem update time: 2.373906ms
2025/08/05 13:42:47 TopoSystem update...
2025/08/05 13:42:47 TopoSystem: Link count: 540000
2025/08/05 13:42:47 TopoSystem update time: 19.714474ms
2025/08/05 13:42:47 AttenuationSystem update...
2025/08/05 13:42:47 AttenuationSystem parallel flag: 1
2025/08/05 13:42:48 Attenuation computed count: 540000
2025/08/05 13:42:48 AttenuationSystem update time: 155.634793ms
2025/08/05 13:42:48 Run 1 complete
2025/08/05 13:42:48 StationSystem update...
2025/08/05 13:42:48 weather update count: 900
2025/08/05 13:42:48 StationSystem update time: 9.078µs
2025/08/05 13:42:48 SatelliteSystem update...
2025/08/05 13:42:48 satellite count: 600
2025/08/05 13:42:48 SatelliteSystem update time: 2.354414ms
2025/08/05 13:42:48 TopoSystem update...
2025/08/05 13:42:48 TopoSystem: Link count: 540000
2025/08/05 13:42:48 TopoSystem update time: 16.986436ms
2025/08/05 13:42:48 AttenuationSystem update...
2025/08/05 13:42:48 AttenuationSystem parallel flag: 1
2025/08/05 13:42:48 Attenuation computed count: 540000
2025/08/05 13:42:48 AttenuationSystem update time: 179.061314ms
2025/08/05 13:42:48 Run 2 complete
2025/08/05 13:42:48 StationSystem update...
2025/08/05 13:42:48 weather update count: 900
2025/08/05 13:42:48 StationSystem update time: 11.988µs
2025/08/05 13:42:48 SatelliteSystem update...
2025/08/05 13:42:48 satellite count: 600
2025/08/05 13:42:48 SatelliteSystem update time: 2.324973ms
2025/08/05 13:42:48 TopoSystem update...
2025/08/05 13:42:48 TopoSystem: Link count: 540000
2025/08/05 13:42:48 TopoSystem update time: 10.724441ms
2025/08/05 13:42:48 AttenuationSystem update...
2025/08/05 13:42:48 AttenuationSystem parallel flag: 1
2025/08/05 13:42:48 Attenuation computed count: 540000
2025/08/05 13:42:48 AttenuationSystem update time: 208.658834ms
2025/08/05 13:42:48 Run 3 complete
2025/08/05 13:42:48 StationSystem update...
2025/08/05 13:42:48 weather update count: 900
2025/08/05 13:42:48 StationSystem update time: 9.278µs
2025/08/05 13:42:48 SatelliteSystem update...
2025/08/05 13:42:48 satellite count: 600
2025/08/05 13:42:48 SatelliteSystem update time: 2.346059ms
2025/08/05 13:42:48 TopoSystem update...
2025/08/05 13:42:48 TopoSystem: Link count: 540000
2025/08/05 13:42:48 TopoSystem update time: 11.742863ms
2025/08/05 13:42:48 AttenuationSystem update...
2025/08/05 13:42:48 AttenuationSystem parallel flag: 1
2025/08/05 13:42:48 Attenuation computed count: 540000
2025/08/05 13:42:48 AttenuationSystem update time: 181.742792ms
2025/08/05 13:42:48 Run 4 complete
2025/08/05 13:42:48 StationSystem update...
2025/08/05 13:42:48 weather update count: 900
2025/08/05 13:42:48 StationSystem update time: 9.218µs
2025/08/05 13:42:48 SatelliteSystem update...
2025/08/05 13:42:48 satellite count: 600
2025/08/05 13:42:48 SatelliteSystem update time: 2.330802ms
2025/08/05 13:42:48 TopoSystem update...
2025/08/05 13:42:48 TopoSystem: Link count: 540000
2025/08/05 13:42:48 TopoSystem update time: 12.229699ms
2025/08/05 13:42:48 AttenuationSystem update...
2025/08/05 13:42:48 AttenuationSystem parallel flag: 1
2025/08/05 13:42:48 Attenuation computed count: 540000
2025/08/05 13:42:48 AttenuationSystem update time: 176.164933ms
2025/08/05 13:42:48 Run 5 complete
2025/08/05 13:42:48 StationSystem update...
2025/08/05 13:42:48 weather update count: 900
2025/08/05 13:42:48 StationSystem update time: 10.346µs
2025/08/05 13:42:48 SatelliteSystem update...
2025/08/05 13:42:48 satellite count: 600
2025/08/05 13:42:48 SatelliteSystem update time: 2.351841ms
2025/08/05 13:42:48 TopoSystem update...
2025/08/05 13:42:48 TopoSystem: Link count: 540000
2025/08/05 13:42:48 TopoSystem update time: 11.308183ms
2025/08/05 13:42:48 AttenuationSystem update...
2025/08/05 13:42:48 AttenuationSystem parallel flag: 1
2025/08/05 13:42:49 Attenuation computed count: 540000
2025/08/05 13:42:49 AttenuationSystem update time: 168.555472ms
2025/08/05 13:42:49 Run 6 complete
2025/08/05 13:42:49 StationSystem update...
2025/08/05 13:42:49 weather update count: 900
2025/08/05 13:42:49 StationSystem update time: 10.729µs
2025/08/05 13:42:49 SatelliteSystem update...
2025/08/05 13:42:49 satellite count: 600
2025/08/05 13:42:49 SatelliteSystem update time: 2.336325ms
2025/08/05 13:42:49 TopoSystem update...
2025/08/05 13:42:49 TopoSystem: Link count: 540000
2025/08/05 13:42:49 TopoSystem update time: 10.961295ms
2025/08/05 13:42:49 AttenuationSystem update...
2025/08/05 13:42:49 AttenuationSystem parallel flag: 1
2025/08/05 13:42:49 Attenuation computed count: 540000
2025/08/05 13:42:49 AttenuationSystem update time: 207.197627ms
2025/08/05 13:42:49 Run 7 complete
2025/08/05 13:42:49 StationSystem update...
2025/08/05 13:42:49 weather update count: 900
2025/08/05 13:42:49 StationSystem update time: 15.663µs
2025/08/05 13:42:49 SatelliteSystem update...
2025/08/05 13:42:49 satellite count: 600
2025/08/05 13:42:49 SatelliteSystem update time: 2.321886ms
2025/08/05 13:42:49 TopoSystem update...
2025/08/05 13:42:49 TopoSystem: Link count: 540000
2025/08/05 13:42:49 TopoSystem update time: 11.623595ms
2025/08/05 13:42:49 AttenuationSystem update...
2025/08/05 13:42:49 AttenuationSystem parallel flag: 1
2025/08/05 13:42:49 Attenuation computed count: 540000
2025/08/05 13:42:49 AttenuationSystem update time: 200.798395ms
2025/08/05 13:42:49 Run 8 complete
2025/08/05 13:42:49 StationSystem update...
2025/08/05 13:42:49 weather update count: 900
2025/08/05 13:42:49 StationSystem update time: 14.252µs
2025/08/05 13:42:49 SatelliteSystem update...
2025/08/05 13:42:49 satellite count: 600
2025/08/05 13:42:49 SatelliteSystem update time: 2.509093ms
2025/08/05 13:42:49 TopoSystem update...
2025/08/05 13:42:49 TopoSystem: Link count: 540000
2025/08/05 13:42:49 TopoSystem update time: 15.838051ms
2025/08/05 13:42:49 AttenuationSystem update...
2025/08/05 13:42:49 AttenuationSystem parallel flag: 1
2025/08/05 13:42:49 Attenuation computed count: 540000
2025/08/05 13:42:49 AttenuationSystem update time: 184.724338ms
2025/08/05 13:42:49 Run 9 complete
2025/08/05 13:42:49 StationSystem update...
2025/08/05 13:42:49 weather update count: 900
2025/08/05 13:42:49 StationSystem update time: 10.705µs
2025/08/05 13:42:49 SatelliteSystem update...
2025/08/05 13:42:49 satellite count: 600
2025/08/05 13:42:49 SatelliteSystem update time: 2.351473ms
2025/08/05 13:42:49 TopoSystem update...
2025/08/05 13:42:49 TopoSystem: Link count: 540000
2025/08/05 13:42:49 TopoSystem update time: 14.059747ms
2025/08/05 13:42:49 AttenuationSystem update...
2025/08/05 13:42:49 AttenuationSystem parallel flag: 1
2025/08/05 13:42:49 Attenuation computed count: 540000
2025/08/05 13:42:49 AttenuationSystem update time: 183.818825ms
2025/08/05 13:42:49 Run 10 complete
2025/08/05 13:42:49 Total update time:  2.013801932s
2025/08/05 13:42:49 linkCache size: 40

 Performance counter stats for './scale_ecs 900 600 10 8 2 1':

        12,882,178      cache-references                                                      
         3,253,080      cache-misses                     #   25.25% of all cache refs         

       2.022366173 seconds time elapsed

      13.209783000 seconds user
       0.092165000 seconds sys


