ECS running with 900 stations, 800 satellites, 8 numWGs and 4 numBlocks for 10 rounds in 1 parallel pattern
2025/08/05 13:46:02 StationSystem update...
2025/08/05 13:46:02 weather update count: 900
2025/08/05 13:46:02 StationSystem update time: 7.152µs
2025/08/05 13:46:02 SatelliteSystem update...
2025/08/05 13:46:02 satellite count: 800
2025/08/05 13:46:02 SatelliteSystem update time: 3.129358ms
2025/08/05 13:46:02 TopoSystem update...
2025/08/05 13:46:02 TopoSystem: Link count: 720000
2025/08/05 13:46:02 TopoSystem update time: 27.753392ms
2025/08/05 13:46:02 AttenuationSystem update...
2025/08/05 13:46:02 AttenuationSystem parallel flag: 1
2025/08/05 13:46:03 Attenuation computed count: 720000
2025/08/05 13:46:03 AttenuationSystem update time: 211.093676ms
2025/08/05 13:46:03 Run 1 complete
2025/08/05 13:46:03 StationSystem update...
2025/08/05 13:46:03 weather update count: 900
2025/08/05 13:46:03 StationSystem update time: 10.803µs
2025/08/05 13:46:03 SatelliteSystem update...
2025/08/05 13:46:03 satellite count: 800
2025/08/05 13:46:03 SatelliteSystem update time: 3.123251ms
2025/08/05 13:46:03 TopoSystem update...
2025/08/05 13:46:03 TopoSystem: Link count: 720000
2025/08/05 13:46:03 TopoSystem update time: 22.983789ms
2025/08/05 13:46:03 AttenuationSystem update...
2025/08/05 13:46:03 AttenuationSystem parallel flag: 1
2025/08/05 13:46:03 Attenuation computed count: 720000
2025/08/05 13:46:03 AttenuationSystem update time: 218.09989ms
2025/08/05 13:46:03 Run 2 complete
2025/08/05 13:46:03 StationSystem update...
2025/08/05 13:46:03 weather update count: 900
2025/08/05 13:46:03 StationSystem update time: 9.771µs
2025/08/05 13:46:03 SatelliteSystem update...
2025/08/05 13:46:03 satellite count: 800
2025/08/05 13:46:03 SatelliteSystem update time: 3.098118ms
2025/08/05 13:46:03 TopoSystem update...
2025/08/05 13:46:03 TopoSystem: Link count: 720000
2025/08/05 13:46:03 TopoSystem update time: 14.789466ms
2025/08/05 13:46:03 AttenuationSystem update...
2025/08/05 13:46:03 AttenuationSystem parallel flag: 1
2025/08/05 13:46:03 Attenuation computed count: 720000
2025/08/05 13:46:03 AttenuationSystem update time: 282.770307ms
2025/08/05 13:46:03 Run 3 complete
2025/08/05 13:46:03 StationSystem update...
2025/08/05 13:46:03 weather update count: 900
2025/08/05 13:46:03 StationSystem update time: 10.634µs
2025/08/05 13:46:03 SatelliteSystem update...
2025/08/05 13:46:03 satellite count: 800
2025/08/05 13:46:03 SatelliteSystem update time: 3.169444ms
2025/08/05 13:46:03 TopoSystem update...
2025/08/05 13:46:03 TopoSystem: Link count: 720000
2025/08/05 13:46:03 TopoSystem update time: 13.671773ms
2025/08/05 13:46:03 AttenuationSystem update...
2025/08/05 13:46:03 AttenuationSystem parallel flag: 1
2025/08/05 13:46:03 Attenuation computed count: 720000
2025/08/05 13:46:03 AttenuationSystem update time: 244.55265ms
2025/08/05 13:46:03 Run 4 complete
2025/08/05 13:46:03 StationSystem update...
2025/08/05 13:46:03 weather update count: 900
2025/08/05 13:46:03 StationSystem update time: 15.33µs
2025/08/05 13:46:03 SatelliteSystem update...
2025/08/05 13:46:03 satellite count: 800
2025/08/05 13:46:03 SatelliteSystem update time: 3.084215ms
2025/08/05 13:46:03 TopoSystem update...
2025/08/05 13:46:03 TopoSystem: Link count: 720000
2025/08/05 13:46:03 TopoSystem update time: 13.534254ms
2025/08/05 13:46:03 AttenuationSystem update...
2025/08/05 13:46:03 AttenuationSystem parallel flag: 1
2025/08/05 13:46:04 Attenuation computed count: 720000
2025/08/05 13:46:04 AttenuationSystem update time: 254.574501ms
2025/08/05 13:46:04 Run 5 complete
2025/08/05 13:46:04 StationSystem update...
2025/08/05 13:46:04 weather update count: 900
2025/08/05 13:46:04 StationSystem update time: 16.224µs
2025/08/05 13:46:04 SatelliteSystem update...
2025/08/05 13:46:04 satellite count: 800
2025/08/05 13:46:04 SatelliteSystem update time: 3.341257ms
2025/08/05 13:46:04 TopoSystem update...
2025/08/05 13:46:04 TopoSystem: Link count: 720000
2025/08/05 13:46:04 TopoSystem update time: 23.848109ms
2025/08/05 13:46:04 AttenuationSystem update...
2025/08/05 13:46:04 AttenuationSystem parallel flag: 1
2025/08/05 13:46:04 Attenuation computed count: 720000
2025/08/05 13:46:04 AttenuationSystem update time: 242.494114ms
2025/08/05 13:46:04 Run 6 complete
2025/08/05 13:46:04 StationSystem update...
2025/08/05 13:46:04 weather update count: 900
2025/08/05 13:46:04 StationSystem update time: 11.138µs
2025/08/05 13:46:04 SatelliteSystem update...
2025/08/05 13:46:04 satellite count: 800
2025/08/05 13:46:04 SatelliteSystem update time: 3.166466ms
2025/08/05 13:46:04 TopoSystem update...
2025/08/05 13:46:04 TopoSystem: Link count: 720000
2025/08/05 13:46:04 TopoSystem update time: 36.002624ms
2025/08/05 13:46:04 AttenuationSystem update...
2025/08/05 13:46:04 AttenuationSystem parallel flag: 1
2025/08/05 13:46:04 Attenuation computed count: 720000
2025/08/05 13:46:04 AttenuationSystem update time: 228.136673ms
2025/08/05 13:46:04 Run 7 complete
2025/08/05 13:46:04 StationSystem update...
2025/08/05 13:46:04 weather update count: 900
2025/08/05 13:46:04 StationSystem update time: 10.736µs
2025/08/05 13:46:04 SatelliteSystem update...
2025/08/05 13:46:04 satellite count: 800
2025/08/05 13:46:04 SatelliteSystem update time: 3.118554ms
2025/08/05 13:46:04 TopoSystem update...
2025/08/05 13:46:04 TopoSystem: Link count: 720000
2025/08/05 13:46:04 TopoSystem update time: 20.564659ms
2025/08/05 13:46:04 AttenuationSystem update...
2025/08/05 13:46:04 AttenuationSystem parallel flag: 1
2025/08/05 13:46:04 Attenuation computed count: 720000
2025/08/05 13:46:04 AttenuationSystem update time: 251.642749ms
2025/08/05 13:46:04 Run 8 complete
2025/08/05 13:46:04 StationSystem update...
2025/08/05 13:46:04 weather update count: 900
2025/08/05 13:46:04 StationSystem update time: 11.093µs
2025/08/05 13:46:04 SatelliteSystem update...
2025/08/05 13:46:04 satellite count: 800
2025/08/05 13:46:04 SatelliteSystem update time: 3.104396ms
2025/08/05 13:46:04 TopoSystem update...
2025/08/05 13:46:04 TopoSystem: Link count: 720000
2025/08/05 13:46:04 TopoSystem update time: 20.408673ms
2025/08/05 13:46:04 AttenuationSystem update...
2025/08/05 13:46:04 AttenuationSystem parallel flag: 1
2025/08/05 13:46:05 Attenuation computed count: 720000
2025/08/05 13:46:05 AttenuationSystem update time: 244.996248ms
2025/08/05 13:46:05 Run 9 complete
2025/08/05 13:46:05 StationSystem update...
2025/08/05 13:46:05 weather update count: 900
2025/08/05 13:46:05 StationSystem update time: 10.835µs
2025/08/05 13:46:05 SatelliteSystem update...
2025/08/05 13:46:05 satellite count: 800
2025/08/05 13:46:05 SatelliteSystem update time: 3.100683ms
2025/08/05 13:46:05 TopoSystem update...
2025/08/05 13:46:05 TopoSystem: Link count: 720000
2025/08/05 13:46:05 TopoSystem update time: 12.80152ms
2025/08/05 13:46:05 AttenuationSystem update...
2025/08/05 13:46:05 AttenuationSystem parallel flag: 1
2025/08/05 13:46:05 Attenuation computed count: 720000
2025/08/05 13:46:05 AttenuationSystem update time: 271.028222ms
2025/08/05 13:46:05 Run 10 complete
2025/08/05 13:46:05 Total update time:  2.696371105s
2025/08/05 13:46:05 linkCache size: 40

 Performance counter stats for './scale_ecs 900 800 10 8 4 1':

        16,866,692      cache-references                                                      
         4,079,060      cache-misses                     #   24.18% of all cache refs         

       2.706085025 seconds time elapsed

      17.572136000 seconds user
       0.116351000 seconds sys


