ECS running with 600 stations, 1000 satellites, 2 numWGs and 8 numBlocks for 10 rounds in 0 parallel pattern
2025/08/05 12:13:27 StationSystem update...
2025/08/05 12:13:27 weather update count: 600
2025/08/05 12:13:27 StationSystem update time: 4.55µs
2025/08/05 12:13:27 SatelliteSystem update...
2025/08/05 12:13:27 satellite count: 1000
2025/08/05 12:13:27 SatelliteSystem update time: 3.799593ms
2025/08/05 12:13:27 TopoSystem update...
2025/08/05 12:13:27 TopoSystem: Link count: 600000
2025/08/05 12:13:27 TopoSystem update time: 20.012531ms
2025/08/05 12:13:27 AttenuationSystem update...
2025/08/05 12:13:27 AttenuationSystem parallel flag: 0
2025/08/05 12:13:27 Attenuation computed count: 600000
2025/08/05 12:13:27 AttenuationSystem update time: 171.261295ms
2025/08/05 12:13:27 Run 1 complete
2025/08/05 12:13:27 StationSystem update...
2025/08/05 12:13:27 weather update count: 600
2025/08/05 12:13:27 StationSystem update time: 4.914µs
2025/08/05 12:13:27 SatelliteSystem update...
2025/08/05 12:13:27 satellite count: 1000
2025/08/05 12:13:27 SatelliteSystem update time: 3.826224ms
2025/08/05 12:13:27 TopoSystem update...
2025/08/05 12:13:27 TopoSystem: Link count: 600000
2025/08/05 12:13:27 TopoSystem update time: 11.723526ms
2025/08/05 12:13:27 AttenuationSystem update...
2025/08/05 12:13:27 AttenuationSystem parallel flag: 0
2025/08/05 12:13:27 Attenuation computed count: 600000
2025/08/05 12:13:27 AttenuationSystem update time: 184.704887ms
2025/08/05 12:13:27 Run 2 complete
2025/08/05 12:13:27 StationSystem update...
2025/08/05 12:13:27 weather update count: 600
2025/08/05 12:13:27 StationSystem update time: 3.785µs
2025/08/05 12:13:27 SatelliteSystem update...
2025/08/05 12:13:27 satellite count: 1000
2025/08/05 12:13:27 SatelliteSystem update time: 3.811064ms
2025/08/05 12:13:27 TopoSystem update...
2025/08/05 12:13:27 TopoSystem: Link count: 600000
2025/08/05 12:13:27 TopoSystem update time: 13.519311ms
2025/08/05 12:13:27 AttenuationSystem update...
2025/08/05 12:13:27 AttenuationSystem parallel flag: 0
2025/08/05 12:13:28 Attenuation computed count: 600000
2025/08/05 12:13:28 AttenuationSystem update time: 175.092687ms
2025/08/05 12:13:28 Run 3 complete
2025/08/05 12:13:28 StationSystem update...
2025/08/05 12:13:28 weather update count: 600
2025/08/05 12:13:28 StationSystem update time: 5.002µs
2025/08/05 12:13:28 SatelliteSystem update...
2025/08/05 12:13:28 satellite count: 1000
2025/08/05 12:13:28 SatelliteSystem update time: 3.816828ms
2025/08/05 12:13:28 TopoSystem update...
2025/08/05 12:13:28 TopoSystem: Link count: 600000
2025/08/05 12:13:28 TopoSystem update time: 8.616475ms
2025/08/05 12:13:28 AttenuationSystem update...
2025/08/05 12:13:28 AttenuationSystem parallel flag: 0
2025/08/05 12:13:28 Attenuation computed count: 600000
2025/08/05 12:13:28 AttenuationSystem update time: 204.12747ms
2025/08/05 12:13:28 Run 4 complete
2025/08/05 12:13:28 StationSystem update...
2025/08/05 12:13:28 weather update count: 600
2025/08/05 12:13:28 StationSystem update time: 4.518µs
2025/08/05 12:13:28 SatelliteSystem update...
2025/08/05 12:13:28 satellite count: 1000
2025/08/05 12:13:28 SatelliteSystem update time: 3.790736ms
2025/08/05 12:13:28 TopoSystem update...
2025/08/05 12:13:28 TopoSystem: Link count: 600000
2025/08/05 12:13:28 TopoSystem update time: 9.557025ms
2025/08/05 12:13:28 AttenuationSystem update...
2025/08/05 12:13:28 AttenuationSystem parallel flag: 0
2025/08/05 12:13:28 Attenuation computed count: 600000
2025/08/05 12:13:28 AttenuationSystem update time: 207.081203ms
2025/08/05 12:13:28 Run 5 complete
2025/08/05 12:13:28 StationSystem update...
2025/08/05 12:13:28 weather update count: 600
2025/08/05 12:13:28 StationSystem update time: 4.223µs
2025/08/05 12:13:28 SatelliteSystem update...
2025/08/05 12:13:28 satellite count: 1000
2025/08/05 12:13:28 SatelliteSystem update time: 3.797658ms
2025/08/05 12:13:28 TopoSystem update...
2025/08/05 12:13:28 TopoSystem: Link count: 600000
2025/08/05 12:13:28 TopoSystem update time: 9.934124ms
2025/08/05 12:13:28 AttenuationSystem update...
2025/08/05 12:13:28 AttenuationSystem parallel flag: 0
2025/08/05 12:13:28 Attenuation computed count: 600000
2025/08/05 12:13:28 AttenuationSystem update time: 204.090866ms
2025/08/05 12:13:28 Run 6 complete
2025/08/05 12:13:28 StationSystem update...
2025/08/05 12:13:28 weather update count: 600
2025/08/05 12:13:28 StationSystem update time: 5.16µs
2025/08/05 12:13:28 SatelliteSystem update...
2025/08/05 12:13:28 satellite count: 1000
2025/08/05 12:13:28 SatelliteSystem update time: 3.795091ms
2025/08/05 12:13:28 TopoSystem update...
2025/08/05 12:13:28 TopoSystem: Link count: 600000
2025/08/05 12:13:28 TopoSystem update time: 13.571598ms
2025/08/05 12:13:28 AttenuationSystem update...
2025/08/05 12:13:28 AttenuationSystem parallel flag: 0
2025/08/05 12:13:28 Attenuation computed count: 600000
2025/08/05 12:13:28 AttenuationSystem update time: 206.664828ms
2025/08/05 12:13:28 Run 7 complete
2025/08/05 12:13:28 StationSystem update...
2025/08/05 12:13:28 weather update count: 600
2025/08/05 12:13:28 StationSystem update time: 17.444µs
2025/08/05 12:13:28 SatelliteSystem update...
2025/08/05 12:13:28 satellite count: 1000
2025/08/05 12:13:28 SatelliteSystem update time: 4.606893ms
2025/08/05 12:13:28 TopoSystem update...
2025/08/05 12:13:29 TopoSystem: Link count: 600000
2025/08/05 12:13:29 TopoSystem update time: 46.075696ms
2025/08/05 12:13:29 AttenuationSystem update...
2025/08/05 12:13:29 AttenuationSystem parallel flag: 0
2025/08/05 12:13:29 Attenuation computed count: 600000
2025/08/05 12:13:29 AttenuationSystem update time: 204.739965ms
2025/08/05 12:13:29 Run 8 complete
2025/08/05 12:13:29 StationSystem update...
2025/08/05 12:13:29 weather update count: 600
2025/08/05 12:13:29 StationSystem update time: 4.791µs
2025/08/05 12:13:29 SatelliteSystem update...
2025/08/05 12:13:29 satellite count: 1000
2025/08/05 12:13:29 SatelliteSystem update time: 3.829951ms
2025/08/05 12:13:29 TopoSystem update...
2025/08/05 12:13:29 TopoSystem: Link count: 600000
2025/08/05 12:13:29 TopoSystem update time: 26.317601ms
2025/08/05 12:13:29 AttenuationSystem update...
2025/08/05 12:13:29 AttenuationSystem parallel flag: 0
2025/08/05 12:13:29 Attenuation computed count: 600000
2025/08/05 12:13:29 AttenuationSystem update time: 185.614856ms
2025/08/05 12:13:29 Run 9 complete
2025/08/05 12:13:29 StationSystem update...
2025/08/05 12:13:29 weather update count: 600
2025/08/05 12:13:29 StationSystem update time: 3.944µs
2025/08/05 12:13:29 SatelliteSystem update...
2025/08/05 12:13:29 satellite count: 1000
2025/08/05 12:13:29 SatelliteSystem update time: 3.819188ms
2025/08/05 12:13:29 TopoSystem update...
2025/08/05 12:13:29 TopoSystem: Link count: 600000
2025/08/05 12:13:29 TopoSystem update time: 15.513935ms
2025/08/05 12:13:29 AttenuationSystem update...
2025/08/05 12:13:29 AttenuationSystem parallel flag: 0
2025/08/05 12:13:29 Attenuation computed count: 600000
2025/08/05 12:13:29 AttenuationSystem update time: 206.720636ms
2025/08/05 12:13:29 Run 10 complete
2025/08/05 12:13:29 Total update time:  2.171453263s
2025/08/05 12:13:29 linkCache size: 40

 Performance counter stats for './scale_ecs 600 1000 10 2 8 0':

        14,592,567      cache-references                                                      
         3,019,590      cache-misses                     #   20.69% of all cache refs         

       2.176852315 seconds time elapsed

      13.781065000 seconds user
       0.098642000 seconds sys


