ECS running with 900 stations, 800 satellites, 4 numWGs and 8 numBlocks for 10 rounds in 1 parallel pattern
2025/08/05 13:45:43 StationSystem update...
2025/08/05 13:45:43 SatelliteSystem update...
2025/08/05 13:45:43 weather update count: 900
2025/08/05 13:45:43 StationSystem update time: 6.976µs
2025/08/05 13:45:43 satellite count: 800
2025/08/05 13:45:43 SatelliteSystem update time: 3.048261ms
2025/08/05 13:45:43 TopoSystem update...
2025/08/05 13:45:43 TopoSystem: Link count: 720000
2025/08/05 13:45:43 TopoSystem update time: 28.405452ms
2025/08/05 13:45:43 AttenuationSystem update...
2025/08/05 13:45:43 AttenuationSystem parallel flag: 1
2025/08/05 13:45:44 Attenuation computed count: 720000
2025/08/05 13:45:44 AttenuationSystem update time: 423.612194ms
2025/08/05 13:45:44 Run 1 complete
2025/08/05 13:45:44 StationSystem update...
2025/08/05 13:45:44 weather update count: 900
2025/08/05 13:45:44 StationSystem update time: 6.458µs
2025/08/05 13:45:44 SatelliteSystem update...
2025/08/05 13:45:44 satellite count: 800
2025/08/05 13:45:44 SatelliteSystem update time: 3.072774ms
2025/08/05 13:45:44 TopoSystem update...
2025/08/05 13:45:44 TopoSystem: Link count: 720000
2025/08/05 13:45:44 TopoSystem update time: 21.228193ms
2025/08/05 13:45:44 AttenuationSystem update...
2025/08/05 13:45:44 AttenuationSystem parallel flag: 1
2025/08/05 13:45:44 Attenuation computed count: 720000
2025/08/05 13:45:44 AttenuationSystem update time: 435.456003ms
2025/08/05 13:45:44 Run 2 complete
2025/08/05 13:45:44 StationSystem update...
2025/08/05 13:45:44 weather update count: 900
2025/08/05 13:45:44 SatelliteSystem update...
2025/08/05 13:45:44 StationSystem update time: 8.007µs
2025/08/05 13:45:44 satellite count: 800
2025/08/05 13:45:44 SatelliteSystem update time: 3.075043ms
2025/08/05 13:45:44 TopoSystem update...
2025/08/05 13:45:44 TopoSystem: Link count: 720000
2025/08/05 13:45:44 TopoSystem update time: 11.860703ms
2025/08/05 13:45:44 AttenuationSystem update...
2025/08/05 13:45:44 AttenuationSystem parallel flag: 1
2025/08/05 13:45:44 Attenuation computed count: 720000
2025/08/05 13:45:44 AttenuationSystem update time: 445.336822ms
2025/08/05 13:45:44 Run 3 complete
2025/08/05 13:45:44 StationSystem update...
2025/08/05 13:45:44 weather update count: 900
2025/08/05 13:45:44 StationSystem update time: 5.189µs
2025/08/05 13:45:44 SatelliteSystem update...
2025/08/05 13:45:44 satellite count: 800
2025/08/05 13:45:44 SatelliteSystem update time: 3.05841ms
2025/08/05 13:45:44 TopoSystem update...
2025/08/05 13:45:44 TopoSystem: Link count: 720000
2025/08/05 13:45:44 TopoSystem update time: 15.37517ms
2025/08/05 13:45:44 AttenuationSystem update...
2025/08/05 13:45:44 AttenuationSystem parallel flag: 1
2025/08/05 13:45:45 Attenuation computed count: 720000
2025/08/05 13:45:45 AttenuationSystem update time: 448.99125ms
2025/08/05 13:45:45 Run 4 complete
2025/08/05 13:45:45 StationSystem update...
2025/08/05 13:45:45 weather update count: 900
2025/08/05 13:45:45 StationSystem update time: 6.756µs
2025/08/05 13:45:45 SatelliteSystem update...
2025/08/05 13:45:45 satellite count: 800
2025/08/05 13:45:45 SatelliteSystem update time: 3.632209ms
2025/08/05 13:45:45 TopoSystem update...
2025/08/05 13:45:45 TopoSystem: Link count: 720000
2025/08/05 13:45:45 TopoSystem update time: 42.056277ms
2025/08/05 13:45:45 AttenuationSystem update...
2025/08/05 13:45:45 AttenuationSystem parallel flag: 1
2025/08/05 13:45:45 Attenuation computed count: 720000
2025/08/05 13:45:45 AttenuationSystem update time: 427.534784ms
2025/08/05 13:45:45 Run 5 complete
2025/08/05 13:45:45 StationSystem update...
2025/08/05 13:45:45 weather update count: 900
2025/08/05 13:45:45 StationSystem update time: 6.587µs
2025/08/05 13:45:45 SatelliteSystem update...
2025/08/05 13:45:45 satellite count: 800
2025/08/05 13:45:45 SatelliteSystem update time: 3.073301ms
2025/08/05 13:45:45 TopoSystem update...
2025/08/05 13:45:45 TopoSystem: Link count: 720000
2025/08/05 13:45:45 TopoSystem update time: 16.762946ms
2025/08/05 13:45:45 AttenuationSystem update...
2025/08/05 13:45:45 AttenuationSystem parallel flag: 1
2025/08/05 13:45:46 Attenuation computed count: 720000
2025/08/05 13:45:46 AttenuationSystem update time: 455.028353ms
2025/08/05 13:45:46 Run 6 complete
2025/08/05 13:45:46 StationSystem update...
2025/08/05 13:45:46 weather update count: 900
2025/08/05 13:45:46 StationSystem update time: 5.57µs
2025/08/05 13:45:46 SatelliteSystem update...
2025/08/05 13:45:46 satellite count: 800
2025/08/05 13:45:46 SatelliteSystem update time: 3.075914ms
2025/08/05 13:45:46 TopoSystem update...
2025/08/05 13:45:46 TopoSystem: Link count: 720000
2025/08/05 13:45:46 TopoSystem update time: 11.767317ms
2025/08/05 13:45:46 AttenuationSystem update...
2025/08/05 13:45:46 AttenuationSystem parallel flag: 1
2025/08/05 13:45:46 Attenuation computed count: 720000
2025/08/05 13:45:46 AttenuationSystem update time: 447.906971ms
2025/08/05 13:45:46 Run 7 complete
2025/08/05 13:45:46 StationSystem update...
2025/08/05 13:45:46 weather update count: 900
2025/08/05 13:45:46 StationSystem update time: 5.213µs
2025/08/05 13:45:46 SatelliteSystem update...
2025/08/05 13:45:46 satellite count: 800
2025/08/05 13:45:46 SatelliteSystem update time: 3.049064ms
2025/08/05 13:45:46 TopoSystem update...
2025/08/05 13:45:46 TopoSystem: Link count: 720000
2025/08/05 13:45:46 TopoSystem update time: 11.717587ms
2025/08/05 13:45:46 AttenuationSystem update...
2025/08/05 13:45:46 AttenuationSystem parallel flag: 1
2025/08/05 13:45:47 Attenuation computed count: 720000
2025/08/05 13:45:47 AttenuationSystem update time: 460.363688ms
2025/08/05 13:45:47 Run 8 complete
2025/08/05 13:45:47 StationSystem update...
2025/08/05 13:45:47 weather update count: 900
2025/08/05 13:45:47 StationSystem update time: 7.356µs
2025/08/05 13:45:47 SatelliteSystem update...
2025/08/05 13:45:47 satellite count: 800
2025/08/05 13:45:47 SatelliteSystem update time: 3.057143ms
2025/08/05 13:45:47 TopoSystem update...
2025/08/05 13:45:47 TopoSystem: Link count: 720000
2025/08/05 13:45:47 TopoSystem update time: 11.354396ms
2025/08/05 13:45:47 AttenuationSystem update...
2025/08/05 13:45:47 AttenuationSystem parallel flag: 1
2025/08/05 13:45:47 Attenuation computed count: 720000
2025/08/05 13:45:47 AttenuationSystem update time: 442.353963ms
2025/08/05 13:45:47 Run 9 complete
2025/08/05 13:45:47 StationSystem update...
2025/08/05 13:45:47 weather update count: 900
2025/08/05 13:45:47 StationSystem update time: 5.31µs
2025/08/05 13:45:47 SatelliteSystem update...
2025/08/05 13:45:47 satellite count: 800
2025/08/05 13:45:47 SatelliteSystem update time: 3.062045ms
2025/08/05 13:45:47 TopoSystem update...
2025/08/05 13:45:47 TopoSystem: Link count: 720000
2025/08/05 13:45:47 TopoSystem update time: 12.836188ms
2025/08/05 13:45:47 AttenuationSystem update...
2025/08/05 13:45:47 AttenuationSystem parallel flag: 1
2025/08/05 13:45:48 Attenuation computed count: 720000
2025/08/05 13:45:48 AttenuationSystem update time: 421.787879ms
2025/08/05 13:45:48 Run 10 complete
2025/08/05 13:45:48 Total update time:  4.629697114s
2025/08/05 13:45:48 linkCache size: 40

 Performance counter stats for './scale_ecs 900 800 10 4 8 1':

        17,148,432      cache-references                                                      
         4,368,286      cache-misses                     #   25.47% of all cache refs         

       4.637424959 seconds time elapsed

      17.014909000 seconds user
       0.109018000 seconds sys


