ECS running with 800 stations, 500 satellites, 4 numWGs and 8 numBlocks for 10 rounds in 1 parallel pattern
2025/08/05 13:05:44 StationSystem update...
2025/08/05 13:05:44 weather update count: 800
2025/08/05 13:05:44 StationSystem update time: 5.177µs
2025/08/05 13:05:44 SatelliteSystem update...
2025/08/05 13:05:44 satellite count: 500
2025/08/05 13:05:44 SatelliteSystem update time: 1.940265ms
2025/08/05 13:05:44 TopoSystem update...
2025/08/05 13:05:44 TopoSystem: Link count: 400000
2025/08/05 13:05:44 TopoSystem update time: 19.923375ms
2025/08/05 13:05:44 AttenuationSystem update...
2025/08/05 13:05:44 AttenuationSystem parallel flag: 1
2025/08/05 13:05:44 Attenuation computed count: 400000
2025/08/05 13:05:44 AttenuationSystem update time: 251.220116ms
2025/08/05 13:05:44 Run 1 complete
2025/08/05 13:05:44 StationSystem update...
2025/08/05 13:05:44 weather update count: 800
2025/08/05 13:05:44 StationSystem update time: 8.314µs
2025/08/05 13:05:44 SatelliteSystem update...
2025/08/05 13:05:44 satellite count: 500
2025/08/05 13:05:44 SatelliteSystem update time: 1.932457ms
2025/08/05 13:05:44 TopoSystem update...
2025/08/05 13:05:44 TopoSystem: Link count: 400000
2025/08/05 13:05:44 TopoSystem update time: 10.480109ms
2025/08/05 13:05:44 AttenuationSystem update...
2025/08/05 13:05:44 AttenuationSystem parallel flag: 1
2025/08/05 13:05:44 Attenuation computed count: 400000
2025/08/05 13:05:44 AttenuationSystem update time: 239.018232ms
2025/08/05 13:05:44 Run 2 complete
2025/08/05 13:05:44 StationSystem update...
2025/08/05 13:05:44 weather update count: 800
2025/08/05 13:05:44 StationSystem update time: 8.159µs
2025/08/05 13:05:44 SatelliteSystem update...
2025/08/05 13:05:44 satellite count: 500
2025/08/05 13:05:44 SatelliteSystem update time: 1.927357ms
2025/08/05 13:05:44 TopoSystem update...
2025/08/05 13:05:44 TopoSystem: Link count: 400000
2025/08/05 13:05:44 TopoSystem update time: 9.136352ms
2025/08/05 13:05:44 AttenuationSystem update...
2025/08/05 13:05:44 AttenuationSystem parallel flag: 1
2025/08/05 13:05:44 Attenuation computed count: 400000
2025/08/05 13:05:44 AttenuationSystem update time: 278.091563ms
2025/08/05 13:05:44 Run 3 complete
2025/08/05 13:05:44 StationSystem update...
2025/08/05 13:05:44 weather update count: 800
2025/08/05 13:05:44 StationSystem update time: 9.851µs
2025/08/05 13:05:44 SatelliteSystem update...
2025/08/05 13:05:44 satellite count: 500
2025/08/05 13:05:44 SatelliteSystem update time: 1.972742ms
2025/08/05 13:05:44 TopoSystem update...
2025/08/05 13:05:44 TopoSystem: Link count: 400000
2025/08/05 13:05:44 TopoSystem update time: 11.462572ms
2025/08/05 13:05:44 AttenuationSystem update...
2025/08/05 13:05:44 AttenuationSystem parallel flag: 1
2025/08/05 13:05:45 Attenuation computed count: 400000
2025/08/05 13:05:45 AttenuationSystem update time: 274.055817ms
2025/08/05 13:05:45 Run 4 complete
2025/08/05 13:05:45 StationSystem update...
2025/08/05 13:05:45 weather update count: 800
2025/08/05 13:05:45 StationSystem update time: 9.035µs
2025/08/05 13:05:45 SatelliteSystem update...
2025/08/05 13:05:45 satellite count: 500
2025/08/05 13:05:45 SatelliteSystem update time: 1.942643ms
2025/08/05 13:05:45 TopoSystem update...
2025/08/05 13:05:45 TopoSystem: Link count: 400000
2025/08/05 13:05:45 TopoSystem update time: 14.51887ms
2025/08/05 13:05:45 AttenuationSystem update...
2025/08/05 13:05:45 AttenuationSystem parallel flag: 1
2025/08/05 13:05:45 Attenuation computed count: 400000
2025/08/05 13:05:45 AttenuationSystem update time: 276.384118ms
2025/08/05 13:05:45 Run 5 complete
2025/08/05 13:05:45 StationSystem update...
2025/08/05 13:05:45 weather update count: 800
2025/08/05 13:05:45 StationSystem update time: 8.21µs
2025/08/05 13:05:45 SatelliteSystem update...
2025/08/05 13:05:45 satellite count: 500
2025/08/05 13:05:45 SatelliteSystem update time: 1.987565ms
2025/08/05 13:05:45 TopoSystem update...
2025/08/05 13:05:45 TopoSystem: Link count: 400000
2025/08/05 13:05:45 TopoSystem update time: 11.861126ms
2025/08/05 13:05:45 AttenuationSystem update...
2025/08/05 13:05:45 AttenuationSystem parallel flag: 1
2025/08/05 13:05:45 Attenuation computed count: 400000
2025/08/05 13:05:45 AttenuationSystem update time: 302.429367ms
2025/08/05 13:05:45 Run 6 complete
2025/08/05 13:05:45 StationSystem update...
2025/08/05 13:05:45 weather update count: 800
2025/08/05 13:05:45 StationSystem update time: 12.816µs
2025/08/05 13:05:45 SatelliteSystem update...
2025/08/05 13:05:45 satellite count: 500
2025/08/05 13:05:45 SatelliteSystem update time: 1.968657ms
2025/08/05 13:05:45 TopoSystem update...
2025/08/05 13:05:45 TopoSystem: Link count: 400000
2025/08/05 13:05:45 TopoSystem update time: 20.342966ms
2025/08/05 13:05:45 AttenuationSystem update...
2025/08/05 13:05:45 AttenuationSystem parallel flag: 1
2025/08/05 13:05:46 Attenuation computed count: 400000
2025/08/05 13:05:46 AttenuationSystem update time: 329.442544ms
2025/08/05 13:05:46 Run 7 complete
2025/08/05 13:05:46 StationSystem update...
2025/08/05 13:05:46 weather update count: 800
2025/08/05 13:05:46 StationSystem update time: 28.64µs
2025/08/05 13:05:46 SatelliteSystem update...
2025/08/05 13:05:46 satellite count: 500
2025/08/05 13:05:46 SatelliteSystem update time: 2.143893ms
2025/08/05 13:05:46 TopoSystem update...
2025/08/05 13:05:46 TopoSystem: Link count: 400000
2025/08/05 13:05:46 TopoSystem update time: 24.159059ms
2025/08/05 13:05:46 AttenuationSystem update...
2025/08/05 13:05:46 AttenuationSystem parallel flag: 1
2025/08/05 13:05:46 Attenuation computed count: 400000
2025/08/05 13:05:46 AttenuationSystem update time: 287.518409ms
2025/08/05 13:05:46 Run 8 complete
2025/08/05 13:05:46 StationSystem update...
2025/08/05 13:05:46 weather update count: 800
2025/08/05 13:05:46 StationSystem update time: 8.393µs
2025/08/05 13:05:46 SatelliteSystem update...
2025/08/05 13:05:46 satellite count: 500
2025/08/05 13:05:46 SatelliteSystem update time: 1.970818ms
2025/08/05 13:05:46 TopoSystem update...
2025/08/05 13:05:46 TopoSystem: Link count: 400000
2025/08/05 13:05:46 TopoSystem update time: 16.048498ms
2025/08/05 13:05:46 AttenuationSystem update...
2025/08/05 13:05:46 AttenuationSystem parallel flag: 1
2025/08/05 13:05:46 Attenuation computed count: 400000
2025/08/05 13:05:46 AttenuationSystem update time: 285.980898ms
2025/08/05 13:05:46 Run 9 complete
2025/08/05 13:05:46 StationSystem update...
2025/08/05 13:05:46 weather update count: 800
2025/08/05 13:05:46 StationSystem update time: 8.936µs
2025/08/05 13:05:46 SatelliteSystem update...
2025/08/05 13:05:46 satellite count: 500
2025/08/05 13:05:46 SatelliteSystem update time: 1.955217ms
2025/08/05 13:05:46 TopoSystem update...
2025/08/05 13:05:46 TopoSystem: Link count: 400000
2025/08/05 13:05:46 TopoSystem update time: 10.789851ms
2025/08/05 13:05:46 AttenuationSystem update...
2025/08/05 13:05:46 AttenuationSystem parallel flag: 1
2025/08/05 13:05:47 Attenuation computed count: 400000
2025/08/05 13:05:47 AttenuationSystem update time: 316.073075ms
2025/08/05 13:05:47 Run 10 complete
2025/08/05 13:05:47 Total update time:  3.012273942s
2025/08/05 13:05:47 linkCache size: 40

 Performance counter stats for './scale_ecs 800 500 10 4 8 1':

        10,136,623      cache-references                                                      
         2,559,872      cache-misses                     #   25.25% of all cache refs         

       3.020466365 seconds time elapsed

      10.491797000 seconds user
       0.128801000 seconds sys


