ECS running with 800 stations, 700 satellites, 2 numWGs and 8 numBlocks for 10 rounds in 1 parallel pattern
2025/08/05 13:07:40 StationSystem update...
2025/08/05 13:07:40 weather update count: 800
2025/08/05 13:07:40 StationSystem update time: 9.46µs
2025/08/05 13:07:40 SatelliteSystem update...
2025/08/05 13:07:40 satellite count: 700
2025/08/05 13:07:40 SatelliteSystem update time: 2.686922ms
2025/08/05 13:07:40 TopoSystem update...
2025/08/05 13:07:40 TopoSystem: Link count: 560000
2025/08/05 13:07:40 TopoSystem update time: 18.790599ms
2025/08/05 13:07:40 AttenuationSystem update...
2025/08/05 13:07:40 AttenuationSystem parallel flag: 1
2025/08/05 13:07:40 Attenuation computed count: 560000
2025/08/05 13:07:40 AttenuationSystem update time: 656.172411ms
2025/08/05 13:07:40 Run 1 complete
2025/08/05 13:07:40 StationSystem update...
2025/08/05 13:07:40 weather update count: 800
2025/08/05 13:07:40 StationSystem update time: 5.437µs
2025/08/05 13:07:40 SatelliteSystem update...
2025/08/05 13:07:40 satellite count: 700
2025/08/05 13:07:40 SatelliteSystem update time: 2.00577ms
2025/08/05 13:07:40 TopoSystem update...
2025/08/05 13:07:41 TopoSystem: Link count: 560000
2025/08/05 13:07:41 TopoSystem update time: 14.417601ms
2025/08/05 13:07:41 AttenuationSystem update...
2025/08/05 13:07:41 AttenuationSystem parallel flag: 1
2025/08/05 13:07:41 Attenuation computed count: 560000
2025/08/05 13:07:41 AttenuationSystem update time: 672.781124ms
2025/08/05 13:07:41 Run 2 complete
2025/08/05 13:07:41 StationSystem update...
2025/08/05 13:07:41 weather update count: 800
2025/08/05 13:07:41 StationSystem update time: 3.996µs
2025/08/05 13:07:41 SatelliteSystem update...
2025/08/05 13:07:41 satellite count: 700
2025/08/05 13:07:41 SatelliteSystem update time: 2.682786ms
2025/08/05 13:07:41 TopoSystem update...
2025/08/05 13:07:41 TopoSystem: Link count: 560000
2025/08/05 13:07:41 TopoSystem update time: 9.04764ms
2025/08/05 13:07:41 AttenuationSystem update...
2025/08/05 13:07:41 AttenuationSystem parallel flag: 1
2025/08/05 13:07:42 Attenuation computed count: 560000
2025/08/05 13:07:42 AttenuationSystem update time: 674.02163ms
2025/08/05 13:07:42 Run 3 complete
2025/08/05 13:07:42 StationSystem update...
2025/08/05 13:07:42 weather update count: 800
2025/08/05 13:07:42 StationSystem update time: 15.011µs
2025/08/05 13:07:42 SatelliteSystem update...
2025/08/05 13:07:42 satellite count: 700
2025/08/05 13:07:42 SatelliteSystem update time: 3.269609ms
2025/08/05 13:07:42 TopoSystem update...
2025/08/05 13:07:42 TopoSystem: Link count: 560000
2025/08/05 13:07:42 TopoSystem update time: 34.381803ms
2025/08/05 13:07:42 AttenuationSystem update...
2025/08/05 13:07:42 AttenuationSystem parallel flag: 1
2025/08/05 13:07:43 Attenuation computed count: 560000
2025/08/05 13:07:43 AttenuationSystem update time: 653.098118ms
2025/08/05 13:07:43 Run 4 complete
2025/08/05 13:07:43 StationSystem update...
2025/08/05 13:07:43 weather update count: 800
2025/08/05 13:07:43 StationSystem update time: 4.985µs
2025/08/05 13:07:43 SatelliteSystem update...
2025/08/05 13:07:43 satellite count: 700
2025/08/05 13:07:43 SatelliteSystem update time: 2.696671ms
2025/08/05 13:07:43 TopoSystem update...
2025/08/05 13:07:43 TopoSystem: Link count: 560000
2025/08/05 13:07:43 TopoSystem update time: 15.818186ms
2025/08/05 13:07:43 AttenuationSystem update...
2025/08/05 13:07:43 AttenuationSystem parallel flag: 1
2025/08/05 13:07:43 Attenuation computed count: 560000
2025/08/05 13:07:43 AttenuationSystem update time: 659.072905ms
2025/08/05 13:07:43 Run 5 complete
2025/08/05 13:07:43 StationSystem update...
2025/08/05 13:07:43 weather update count: 800
2025/08/05 13:07:43 StationSystem update time: 6.16µs
2025/08/05 13:07:43 SatelliteSystem update...
2025/08/05 13:07:43 satellite count: 700
2025/08/05 13:07:43 SatelliteSystem update time: 2.685655ms
2025/08/05 13:07:43 TopoSystem update...
2025/08/05 13:07:43 TopoSystem: Link count: 560000
2025/08/05 13:07:43 TopoSystem update time: 9.342652ms
2025/08/05 13:07:43 AttenuationSystem update...
2025/08/05 13:07:43 AttenuationSystem parallel flag: 1
2025/08/05 13:07:44 Attenuation computed count: 560000
2025/08/05 13:07:44 AttenuationSystem update time: 662.730692ms
2025/08/05 13:07:44 Run 6 complete
2025/08/05 13:07:44 StationSystem update...
2025/08/05 13:07:44 weather update count: 800
2025/08/05 13:07:44 StationSystem update time: 5.899µs
2025/08/05 13:07:44 SatelliteSystem update...
2025/08/05 13:07:44 satellite count: 700
2025/08/05 13:07:44 SatelliteSystem update time: 2.675215ms
2025/08/05 13:07:44 TopoSystem update...
2025/08/05 13:07:44 TopoSystem: Link count: 560000
2025/08/05 13:07:44 TopoSystem update time: 10.889922ms
2025/08/05 13:07:44 AttenuationSystem update...
2025/08/05 13:07:44 AttenuationSystem parallel flag: 1
2025/08/05 13:07:45 Attenuation computed count: 560000
2025/08/05 13:07:45 AttenuationSystem update time: 649.237101ms
2025/08/05 13:07:45 Run 7 complete
2025/08/05 13:07:45 StationSystem update...
2025/08/05 13:07:45 weather update count: 800
2025/08/05 13:07:45 StationSystem update time: 5.304µs
2025/08/05 13:07:45 SatelliteSystem update...
2025/08/05 13:07:45 satellite count: 700
2025/08/05 13:07:45 SatelliteSystem update time: 2.67756ms
2025/08/05 13:07:45 TopoSystem update...
2025/08/05 13:07:45 TopoSystem: Link count: 560000
2025/08/05 13:07:45 TopoSystem update time: 9.153976ms
2025/08/05 13:07:45 AttenuationSystem update...
2025/08/05 13:07:45 AttenuationSystem parallel flag: 1
2025/08/05 13:07:45 Attenuation computed count: 560000
2025/08/05 13:07:45 AttenuationSystem update time: 659.307443ms
2025/08/05 13:07:45 Run 8 complete
2025/08/05 13:07:45 StationSystem update...
2025/08/05 13:07:45 weather update count: 800
2025/08/05 13:07:45 StationSystem update time: 3.701µs
2025/08/05 13:07:45 SatelliteSystem update...
2025/08/05 13:07:45 satellite count: 700
2025/08/05 13:07:45 SatelliteSystem update time: 2.685082ms
2025/08/05 13:07:45 TopoSystem update...
2025/08/05 13:07:45 TopoSystem: Link count: 560000
2025/08/05 13:07:45 TopoSystem update time: 9.108193ms
2025/08/05 13:07:45 AttenuationSystem update...
2025/08/05 13:07:45 AttenuationSystem parallel flag: 1
2025/08/05 13:07:46 Attenuation computed count: 560000
2025/08/05 13:07:46 AttenuationSystem update time: 699.859358ms
2025/08/05 13:07:46 Run 9 complete
2025/08/05 13:07:46 StationSystem update...
2025/08/05 13:07:46 weather update count: 800
2025/08/05 13:07:46 StationSystem update time: 21.082µs
2025/08/05 13:07:46 SatelliteSystem update...
2025/08/05 13:07:46 satellite count: 700
2025/08/05 13:07:46 SatelliteSystem update time: 3.013314ms
2025/08/05 13:07:46 TopoSystem update...
2025/08/05 13:07:46 TopoSystem: Link count: 560000
2025/08/05 13:07:46 TopoSystem update time: 42.084248ms
2025/08/05 13:07:46 AttenuationSystem update...
2025/08/05 13:07:46 AttenuationSystem parallel flag: 1
2025/08/05 13:07:47 Attenuation computed count: 560000
2025/08/05 13:07:47 AttenuationSystem update time: 673.153736ms
2025/08/05 13:07:47 Run 10 complete
2025/08/05 13:07:47 Total update time:  6.866722768s
2025/08/05 13:07:47 linkCache size: 40

 Performance counter stats for './scale_ecs 800 700 10 2 8 1':

        14,216,519      cache-references                                                      
         4,030,408      cache-misses                     #   28.35% of all cache refs         

       6.878152250 seconds time elapsed

      13.207358000 seconds user
       0.135880000 seconds sys


