ECS running with 800 stations, 1900 satellites, 8 numWGs and 8 numBlocks for 10 rounds in 1 parallel pattern
2025/08/05 13:37:06 StationSystem update...
2025/08/05 13:37:06 weather update count: 800
2025/08/05 13:37:06 StationSystem update time: 5.727µs
2025/08/05 13:37:06 SatelliteSystem update...
2025/08/05 13:37:06 satellite count: 1900
2025/08/05 13:37:06 SatelliteSystem update time: 7.194311ms
2025/08/05 13:37:06 TopoSystem update...
2025/08/05 13:37:06 TopoSystem: Link count: 1520000
2025/08/05 13:37:06 TopoSystem update time: 47.905162ms
2025/08/05 13:37:06 AttenuationSystem update...
2025/08/05 13:37:06 AttenuationSystem parallel flag: 1
2025/08/05 13:37:07 Attenuation computed count: 1520000
2025/08/05 13:37:07 AttenuationSystem update time: 447.975125ms
2025/08/05 13:37:07 Run 1 complete
2025/08/05 13:37:07 StationSystem update...
2025/08/05 13:37:07 weather update count: 800
2025/08/05 13:37:07 StationSystem update time: 4.972µs
2025/08/05 13:37:07 SatelliteSystem update...
2025/08/05 13:37:07 satellite count: 1900
2025/08/05 13:37:07 SatelliteSystem update time: 7.215851ms
2025/08/05 13:37:07 TopoSystem update...
2025/08/05 13:37:07 TopoSystem: Link count: 1520000
2025/08/05 13:37:07 TopoSystem update time: 43.45138ms
2025/08/05 13:37:07 AttenuationSystem update...
2025/08/05 13:37:07 AttenuationSystem parallel flag: 1
2025/08/05 13:37:07 Attenuation computed count: 1520000
2025/08/05 13:37:07 AttenuationSystem update time: 515.442046ms
2025/08/05 13:37:07 Run 2 complete
2025/08/05 13:37:07 StationSystem update...
2025/08/05 13:37:07 weather update count: 800
2025/08/05 13:37:07 StationSystem update time: 6.902µs
2025/08/05 13:37:07 SatelliteSystem update...
2025/08/05 13:37:07 satellite count: 1900
2025/08/05 13:37:07 SatelliteSystem update time: 7.199146ms
2025/08/05 13:37:07 TopoSystem update...
2025/08/05 13:37:07 TopoSystem: Link count: 1520000
2025/08/05 13:37:07 TopoSystem update time: 24.288556ms
2025/08/05 13:37:07 AttenuationSystem update...
2025/08/05 13:37:07 AttenuationSystem parallel flag: 1
2025/08/05 13:37:08 Attenuation computed count: 1520000
2025/08/05 13:37:08 AttenuationSystem update time: 458.765837ms
2025/08/05 13:37:08 Run 3 complete
2025/08/05 13:37:08 StationSystem update...
2025/08/05 13:37:08 weather update count: 800
2025/08/05 13:37:08 StationSystem update time: 21.562µs
2025/08/05 13:37:08 SatelliteSystem update...
2025/08/05 13:37:08 satellite count: 1900
2025/08/05 13:37:08 SatelliteSystem update time: 7.752926ms
2025/08/05 13:37:08 TopoSystem update...
2025/08/05 13:37:08 TopoSystem: Link count: 1520000
2025/08/05 13:37:08 TopoSystem update time: 78.836442ms
2025/08/05 13:37:08 AttenuationSystem update...
2025/08/05 13:37:08 AttenuationSystem parallel flag: 1
2025/08/05 13:37:08 Attenuation computed count: 1520000
2025/08/05 13:37:08 AttenuationSystem update time: 523.992858ms
2025/08/05 13:37:08 Run 4 complete
2025/08/05 13:37:08 StationSystem update...
2025/08/05 13:37:08 weather update count: 800
2025/08/05 13:37:08 StationSystem update time: 6.065µs
2025/08/05 13:37:08 SatelliteSystem update...
2025/08/05 13:37:09 satellite count: 1900
2025/08/05 13:37:09 SatelliteSystem update time: 7.220421ms
2025/08/05 13:37:09 TopoSystem update...
2025/08/05 13:37:09 TopoSystem: Link count: 1520000
2025/08/05 13:37:09 TopoSystem update time: 50.327181ms
2025/08/05 13:37:09 AttenuationSystem update...
2025/08/05 13:37:09 AttenuationSystem parallel flag: 1
2025/08/05 13:37:09 Attenuation computed count: 1520000
2025/08/05 13:37:09 AttenuationSystem update time: 462.189939ms
2025/08/05 13:37:09 Run 5 complete
2025/08/05 13:37:09 StationSystem update...
2025/08/05 13:37:09 weather update count: 800
2025/08/05 13:37:09 StationSystem update time: 5.651µs
2025/08/05 13:37:09 SatelliteSystem update...
2025/08/05 13:37:09 satellite count: 1900
2025/08/05 13:37:09 SatelliteSystem update time: 7.201146ms
2025/08/05 13:37:09 TopoSystem update...
2025/08/05 13:37:09 TopoSystem: Link count: 1520000
2025/08/05 13:37:09 TopoSystem update time: 23.342694ms
2025/08/05 13:37:09 AttenuationSystem update...
2025/08/05 13:37:09 AttenuationSystem parallel flag: 1
2025/08/05 13:37:09 Attenuation computed count: 1520000
2025/08/05 13:37:09 AttenuationSystem update time: 451.360364ms
2025/08/05 13:37:09 Run 6 complete
2025/08/05 13:37:09 StationSystem update...
2025/08/05 13:37:09 weather update count: 800
2025/08/05 13:37:09 StationSystem update time: 5.492µs
2025/08/05 13:37:09 SatelliteSystem update...
2025/08/05 13:37:10 satellite count: 1900
2025/08/05 13:37:10 SatelliteSystem update time: 7.193081ms
2025/08/05 13:37:10 TopoSystem update...
2025/08/05 13:37:10 TopoSystem: Link count: 1520000
2025/08/05 13:37:10 TopoSystem update time: 23.206517ms
2025/08/05 13:37:10 AttenuationSystem update...
2025/08/05 13:37:10 AttenuationSystem parallel flag: 1
2025/08/05 13:37:10 Attenuation computed count: 1520000
2025/08/05 13:37:10 AttenuationSystem update time: 469.886254ms
2025/08/05 13:37:10 Run 7 complete
2025/08/05 13:37:10 StationSystem update...
2025/08/05 13:37:10 weather update count: 800
2025/08/05 13:37:10 StationSystem update time: 6.038µs
2025/08/05 13:37:10 SatelliteSystem update...
2025/08/05 13:37:10 satellite count: 1900
2025/08/05 13:37:10 SatelliteSystem update time: 7.190254ms
2025/08/05 13:37:10 TopoSystem update...
2025/08/05 13:37:10 TopoSystem: Link count: 1520000
2025/08/05 13:37:10 TopoSystem update time: 23.774704ms
2025/08/05 13:37:10 AttenuationSystem update...
2025/08/05 13:37:10 AttenuationSystem parallel flag: 1
2025/08/05 13:37:10 Attenuation computed count: 1520000
2025/08/05 13:37:10 AttenuationSystem update time: 468.31112ms
2025/08/05 13:37:10 Run 8 complete
2025/08/05 13:37:10 StationSystem update...
2025/08/05 13:37:10 weather update count: 800
2025/08/05 13:37:10 StationSystem update time: 5.275µs
2025/08/05 13:37:10 SatelliteSystem update...
2025/08/05 13:37:11 satellite count: 1900
2025/08/05 13:37:11 SatelliteSystem update time: 7.189567ms
2025/08/05 13:37:11 TopoSystem update...
2025/08/05 13:37:11 TopoSystem: Link count: 1520000
2025/08/05 13:37:11 TopoSystem update time: 24.467814ms
2025/08/05 13:37:11 AttenuationSystem update...
2025/08/05 13:37:11 AttenuationSystem parallel flag: 1
2025/08/05 13:37:11 Attenuation computed count: 1520000
2025/08/05 13:37:11 AttenuationSystem update time: 439.186836ms
2025/08/05 13:37:11 Run 9 complete
2025/08/05 13:37:11 StationSystem update...
2025/08/05 13:37:11 weather update count: 800
2025/08/05 13:37:11 StationSystem update time: 5.439µs
2025/08/05 13:37:11 SatelliteSystem update...
2025/08/05 13:37:11 satellite count: 1900
2025/08/05 13:37:11 SatelliteSystem update time: 7.207214ms
2025/08/05 13:37:11 TopoSystem update...
2025/08/05 13:37:11 TopoSystem: Link count: 1520000
2025/08/05 13:37:11 TopoSystem update time: 31.738474ms
2025/08/05 13:37:11 AttenuationSystem update...
2025/08/05 13:37:11 AttenuationSystem parallel flag: 1
2025/08/05 13:37:12 Attenuation computed count: 1520000
2025/08/05 13:37:12 AttenuationSystem update time: 508.642532ms
2025/08/05 13:37:12 Run 10 complete
2025/08/05 13:37:12 Total update time:  5.20209012s
2025/08/05 13:37:12 linkCache size: 40

 Performance counter stats for './scale_ecs 800 1900 10 8 8 1':

        35,483,229      cache-references                                                      
         9,860,201      cache-misses                     #   27.79% of all cache refs         

       5.214918546 seconds time elapsed

      34.049815000 seconds user
       0.262990000 seconds sys


