ECS running with 500 stations, 1300 satellites, 8 numWGs and 8 numBlocks for 10 rounds in 0 parallel pattern
2025/08/05 11:54:49 StationSystem update...
2025/08/05 11:54:49 weather update count: 500
2025/08/05 11:54:49 StationSystem update time: 5.442µs
2025/08/05 11:54:49 SatelliteSystem update...
2025/08/05 11:54:49 satellite count: 1300
2025/08/05 11:54:49 SatelliteSystem update time: 5.046927ms
2025/08/05 11:54:49 TopoSystem update...
2025/08/05 11:54:49 TopoSystem: Link count: 650000
2025/08/05 11:54:49 TopoSystem update time: 19.327837ms
2025/08/05 11:54:49 AttenuationSystem update...
2025/08/05 11:54:49 AttenuationSystem parallel flag: 0
2025/08/05 11:54:49 Attenuation computed count: 650000
2025/08/05 11:54:49 AttenuationSystem update time: 188.917294ms
2025/08/05 11:54:49 Run 1 complete
2025/08/05 11:54:49 StationSystem update...
2025/08/05 11:54:49 weather update count: 500
2025/08/05 11:54:49 StationSystem update time: 5.014µs
2025/08/05 11:54:49 SatelliteSystem update...
2025/08/05 11:54:49 satellite count: 1300
2025/08/05 11:54:49 SatelliteSystem update time: 4.951577ms
2025/08/05 11:54:49 TopoSystem update...
2025/08/05 11:54:49 TopoSystem: Link count: 650000
2025/08/05 11:54:49 TopoSystem update time: 25.063311ms
2025/08/05 11:54:49 AttenuationSystem update...
2025/08/05 11:54:49 AttenuationSystem parallel flag: 0
2025/08/05 11:54:49 Attenuation computed count: 650000
2025/08/05 11:54:49 AttenuationSystem update time: 188.110878ms
2025/08/05 11:54:49 Run 2 complete
2025/08/05 11:54:49 StationSystem update...
2025/08/05 11:54:49 weather update count: 500
2025/08/05 11:54:49 StationSystem update time: 3.481µs
2025/08/05 11:54:49 SatelliteSystem update...
2025/08/05 11:54:49 satellite count: 1300
2025/08/05 11:54:49 SatelliteSystem update time: 4.97855ms
2025/08/05 11:54:49 TopoSystem update...
2025/08/05 11:54:49 TopoSystem: Link count: 650000
2025/08/05 11:54:49 TopoSystem update time: 12.904697ms
2025/08/05 11:54:49 AttenuationSystem update...
2025/08/05 11:54:49 AttenuationSystem parallel flag: 0
2025/08/05 11:54:50 Attenuation computed count: 650000
2025/08/05 11:54:50 AttenuationSystem update time: 219.716754ms
2025/08/05 11:54:50 Run 3 complete
2025/08/05 11:54:50 StationSystem update...
2025/08/05 11:54:50 weather update count: 500
2025/08/05 11:54:50 StationSystem update time: 4.16µs
2025/08/05 11:54:50 SatelliteSystem update...
2025/08/05 11:54:50 satellite count: 1300
2025/08/05 11:54:50 SatelliteSystem update time: 4.946624ms
2025/08/05 11:54:50 TopoSystem update...
2025/08/05 11:54:50 TopoSystem: Link count: 650000
2025/08/05 11:54:50 TopoSystem update time: 13.687826ms
2025/08/05 11:54:50 AttenuationSystem update...
2025/08/05 11:54:50 AttenuationSystem parallel flag: 0
2025/08/05 11:54:50 Attenuation computed count: 650000
2025/08/05 11:54:50 AttenuationSystem update time: 202.917565ms
2025/08/05 11:54:50 Run 4 complete
2025/08/05 11:54:50 StationSystem update...
2025/08/05 11:54:50 weather update count: 500
2025/08/05 11:54:50 StationSystem update time: 4.302µs
2025/08/05 11:54:50 SatelliteSystem update...
2025/08/05 11:54:50 satellite count: 1300
2025/08/05 11:54:50 SatelliteSystem update time: 4.932595ms
2025/08/05 11:54:50 TopoSystem update...
2025/08/05 11:54:50 TopoSystem: Link count: 650000
2025/08/05 11:54:50 TopoSystem update time: 11.313776ms
2025/08/05 11:54:50 AttenuationSystem update...
2025/08/05 11:54:50 AttenuationSystem parallel flag: 0
2025/08/05 11:54:50 Attenuation computed count: 650000
2025/08/05 11:54:50 AttenuationSystem update time: 220.493896ms
2025/08/05 11:54:50 Run 5 complete
2025/08/05 11:54:50 StationSystem update...
2025/08/05 11:54:50 weather update count: 500
2025/08/05 11:54:50 StationSystem update time: 4.928µs
2025/08/05 11:54:50 SatelliteSystem update...
2025/08/05 11:54:50 satellite count: 1300
2025/08/05 11:54:50 SatelliteSystem update time: 5.618341ms
2025/08/05 11:54:50 TopoSystem update...
2025/08/05 11:54:50 TopoSystem: Link count: 650000
2025/08/05 11:54:50 TopoSystem update time: 11.811047ms
2025/08/05 11:54:50 AttenuationSystem update...
2025/08/05 11:54:50 AttenuationSystem parallel flag: 0
2025/08/05 11:54:50 Attenuation computed count: 650000
2025/08/05 11:54:50 AttenuationSystem update time: 222.681563ms
2025/08/05 11:54:50 Run 6 complete
2025/08/05 11:54:50 StationSystem update...
2025/08/05 11:54:50 weather update count: 500
2025/08/05 11:54:50 StationSystem update time: 16.771µs
2025/08/05 11:54:50 SatelliteSystem update...
2025/08/05 11:54:50 satellite count: 1300
2025/08/05 11:54:50 SatelliteSystem update time: 5.38428ms
2025/08/05 11:54:50 TopoSystem update...
2025/08/05 11:54:50 TopoSystem: Link count: 650000
2025/08/05 11:54:50 TopoSystem update time: 26.332016ms
2025/08/05 11:54:50 AttenuationSystem update...
2025/08/05 11:54:50 AttenuationSystem parallel flag: 0
2025/08/05 11:54:51 Attenuation computed count: 650000
2025/08/05 11:54:51 AttenuationSystem update time: 219.291282ms
2025/08/05 11:54:51 Run 7 complete
2025/08/05 11:54:51 StationSystem update...
2025/08/05 11:54:51 weather update count: 500
2025/08/05 11:54:51 StationSystem update time: 3.609µs
2025/08/05 11:54:51 SatelliteSystem update...
2025/08/05 11:54:51 satellite count: 1300
2025/08/05 11:54:51 SatelliteSystem update time: 4.924684ms
2025/08/05 11:54:51 TopoSystem update...
2025/08/05 11:54:51 TopoSystem: Link count: 650000
2025/08/05 11:54:51 TopoSystem update time: 10.301721ms
2025/08/05 11:54:51 AttenuationSystem update...
2025/08/05 11:54:51 AttenuationSystem parallel flag: 0
2025/08/05 11:54:51 Attenuation computed count: 650000
2025/08/05 11:54:51 AttenuationSystem update time: 217.721678ms
2025/08/05 11:54:51 Run 8 complete
2025/08/05 11:54:51 StationSystem update...
2025/08/05 11:54:51 weather update count: 500
2025/08/05 11:54:51 StationSystem update time: 4.146µs
2025/08/05 11:54:51 SatelliteSystem update...
2025/08/05 11:54:51 satellite count: 1300
2025/08/05 11:54:51 SatelliteSystem update time: 5.010383ms
2025/08/05 11:54:51 TopoSystem update...
2025/08/05 11:54:51 TopoSystem: Link count: 650000
2025/08/05 11:54:51 TopoSystem update time: 24.763185ms
2025/08/05 11:54:51 AttenuationSystem update...
2025/08/05 11:54:51 AttenuationSystem parallel flag: 0
2025/08/05 11:54:51 Attenuation computed count: 650000
2025/08/05 11:54:51 AttenuationSystem update time: 221.240758ms
2025/08/05 11:54:51 Run 9 complete
2025/08/05 11:54:51 StationSystem update...
2025/08/05 11:54:51 weather update count: 500
2025/08/05 11:54:51 StationSystem update time: 3.803µs
2025/08/05 11:54:51 SatelliteSystem update...
2025/08/05 11:54:51 satellite count: 1300
2025/08/05 11:54:51 SatelliteSystem update time: 4.925917ms
2025/08/05 11:54:51 TopoSystem update...
2025/08/05 11:54:51 TopoSystem: Link count: 650000
2025/08/05 11:54:51 TopoSystem update time: 23.951853ms
2025/08/05 11:54:51 AttenuationSystem update...
2025/08/05 11:54:51 AttenuationSystem parallel flag: 0
2025/08/05 11:54:51 Attenuation computed count: 650000
2025/08/05 11:54:51 AttenuationSystem update time: 200.607033ms
2025/08/05 11:54:51 Run 10 complete
2025/08/05 11:54:51 Total update time:  2.341728565s
2025/08/05 11:54:51 linkCache size: 40

 Performance counter stats for './scale_ecs 500 1300 10 8 8 0':

        15,749,224      cache-references                                                      
         3,015,559      cache-misses                     #   19.15% of all cache refs         

       2.347217167 seconds time elapsed

      15.045042000 seconds user
       0.112074000 seconds sys


