ECS running with 500 stations, 500 satellites, 2 numWGs and 4 numBlocks for 10 rounds in 0 parallel pattern
2025/08/05 11:45:34 StationSystem update...
2025/08/05 11:45:34 weather update count: 500
2025/08/05 11:45:34 StationSystem update time: 4.27µs
2025/08/05 11:45:34 SatelliteSystem update...
2025/08/05 11:45:34 satellite count: 500
2025/08/05 11:45:34 SatelliteSystem update time: 1.91249ms
2025/08/05 11:45:34 TopoSystem update...
2025/08/05 11:45:34 TopoSystem: Link count: 250000
2025/08/05 11:45:34 TopoSystem update time: 11.039917ms
2025/08/05 11:45:34 AttenuationSystem update...
2025/08/05 11:45:34 AttenuationSystem parallel flag: 0
2025/08/05 11:45:34 Attenuation computed count: 250000
2025/08/05 11:45:34 AttenuationSystem update time: 143.319039ms
2025/08/05 11:45:34 Run 1 complete
2025/08/05 11:45:34 StationSystem update...
2025/08/05 11:45:34 weather update count: 500
2025/08/05 11:45:34 StationSystem update time: 4.861µs
2025/08/05 11:45:34 SatelliteSystem update...
2025/08/05 11:45:34 satellite count: 500
2025/08/05 11:45:34 SatelliteSystem update time: 1.944398ms
2025/08/05 11:45:34 TopoSystem update...
2025/08/05 11:45:34 TopoSystem: Link count: 250000
2025/08/05 11:45:34 TopoSystem update time: 7.304952ms
2025/08/05 11:45:34 AttenuationSystem update...
2025/08/05 11:45:34 AttenuationSystem parallel flag: 0
2025/08/05 11:45:35 Attenuation computed count: 250000
2025/08/05 11:45:35 AttenuationSystem update time: 173.646813ms
2025/08/05 11:45:35 Run 2 complete
2025/08/05 11:45:35 StationSystem update...
2025/08/05 11:45:35 weather update count: 500
2025/08/05 11:45:35 StationSystem update time: 3.468µs
2025/08/05 11:45:35 SatelliteSystem update...
2025/08/05 11:45:35 satellite count: 500
2025/08/05 11:45:35 SatelliteSystem update time: 1.934434ms
2025/08/05 11:45:35 TopoSystem update...
2025/08/05 11:45:35 TopoSystem: Link count: 250000
2025/08/05 11:45:35 TopoSystem update time: 4.111171ms
2025/08/05 11:45:35 AttenuationSystem update...
2025/08/05 11:45:35 AttenuationSystem parallel flag: 0
2025/08/05 11:45:35 Attenuation computed count: 250000
2025/08/05 11:45:35 AttenuationSystem update time: 154.805326ms
2025/08/05 11:45:35 Run 3 complete
2025/08/05 11:45:35 StationSystem update...
2025/08/05 11:45:35 weather update count: 500
2025/08/05 11:45:35 StationSystem update time: 3.488µs
2025/08/05 11:45:35 SatelliteSystem update...
2025/08/05 11:45:35 satellite count: 500
2025/08/05 11:45:35 SatelliteSystem update time: 1.915205ms
2025/08/05 11:45:35 TopoSystem update...
2025/08/05 11:45:35 TopoSystem: Link count: 250000
2025/08/05 11:45:35 TopoSystem update time: 4.702086ms
2025/08/05 11:45:35 AttenuationSystem update...
2025/08/05 11:45:35 AttenuationSystem parallel flag: 0
2025/08/05 11:45:35 Attenuation computed count: 250000
2025/08/05 11:45:35 AttenuationSystem update time: 150.257267ms
2025/08/05 11:45:35 Run 4 complete
2025/08/05 11:45:35 StationSystem update...
2025/08/05 11:45:35 weather update count: 500
2025/08/05 11:45:35 StationSystem update time: 3.964µs
2025/08/05 11:45:35 SatelliteSystem update...
2025/08/05 11:45:35 satellite count: 500
2025/08/05 11:45:35 SatelliteSystem update time: 1.424727ms
2025/08/05 11:45:35 TopoSystem update...
2025/08/05 11:45:35 TopoSystem: Link count: 250000
2025/08/05 11:45:35 TopoSystem update time: 4.291815ms
2025/08/05 11:45:35 AttenuationSystem update...
2025/08/05 11:45:35 AttenuationSystem parallel flag: 0
2025/08/05 11:45:35 Attenuation computed count: 250000
2025/08/05 11:45:35 AttenuationSystem update time: 172.154527ms
2025/08/05 11:45:35 Run 5 complete
2025/08/05 11:45:35 StationSystem update...
2025/08/05 11:45:35 weather update count: 500
2025/08/05 11:45:35 StationSystem update time: 3.423µs
2025/08/05 11:45:35 SatelliteSystem update...
2025/08/05 11:45:35 satellite count: 500
2025/08/05 11:45:35 SatelliteSystem update time: 2.112828ms
2025/08/05 11:45:35 TopoSystem update...
2025/08/05 11:45:35 TopoSystem: Link count: 250000
2025/08/05 11:45:35 TopoSystem update time: 4.184343ms
2025/08/05 11:45:35 AttenuationSystem update...
2025/08/05 11:45:35 AttenuationSystem parallel flag: 0
2025/08/05 11:45:35 Attenuation computed count: 250000
2025/08/05 11:45:35 AttenuationSystem update time: 167.851454ms
2025/08/05 11:45:35 Run 6 complete
2025/08/05 11:45:35 StationSystem update...
2025/08/05 11:45:35 weather update count: 500
2025/08/05 11:45:35 StationSystem update time: 4.254µs
2025/08/05 11:45:35 SatelliteSystem update...
2025/08/05 11:45:35 satellite count: 500
2025/08/05 11:45:35 SatelliteSystem update time: 1.919835ms
2025/08/05 11:45:35 TopoSystem update...
2025/08/05 11:45:35 TopoSystem: Link count: 250000
2025/08/05 11:45:35 TopoSystem update time: 4.267654ms
2025/08/05 11:45:35 AttenuationSystem update...
2025/08/05 11:45:35 AttenuationSystem parallel flag: 0
2025/08/05 11:45:35 Attenuation computed count: 250000
2025/08/05 11:45:35 AttenuationSystem update time: 156.750095ms
2025/08/05 11:45:35 Run 7 complete
2025/08/05 11:45:35 StationSystem update...
2025/08/05 11:45:35 weather update count: 500
2025/08/05 11:45:35 StationSystem update time: 3.644µs
2025/08/05 11:45:35 SatelliteSystem update...
2025/08/05 11:45:35 satellite count: 500
2025/08/05 11:45:35 SatelliteSystem update time: 1.968249ms
2025/08/05 11:45:35 TopoSystem update...
2025/08/05 11:45:35 TopoSystem: Link count: 250000
2025/08/05 11:45:35 TopoSystem update time: 4.235773ms
2025/08/05 11:45:35 AttenuationSystem update...
2025/08/05 11:45:35 AttenuationSystem parallel flag: 0
2025/08/05 11:45:36 Attenuation computed count: 250000
2025/08/05 11:45:36 AttenuationSystem update time: 166.193125ms
2025/08/05 11:45:36 Run 8 complete
2025/08/05 11:45:36 StationSystem update...
2025/08/05 11:45:36 weather update count: 500
2025/08/05 11:45:36 StationSystem update time: 3.653µs
2025/08/05 11:45:36 SatelliteSystem update...
2025/08/05 11:45:36 satellite count: 500
2025/08/05 11:45:36 SatelliteSystem update time: 1.917675ms
2025/08/05 11:45:36 TopoSystem update...
2025/08/05 11:45:36 TopoSystem: Link count: 250000
2025/08/05 11:45:36 TopoSystem update time: 4.36722ms
2025/08/05 11:45:36 AttenuationSystem update...
2025/08/05 11:45:36 AttenuationSystem parallel flag: 0
2025/08/05 11:45:36 Attenuation computed count: 250000
2025/08/05 11:45:36 AttenuationSystem update time: 163.308311ms
2025/08/05 11:45:36 Run 9 complete
2025/08/05 11:45:36 StationSystem update...
2025/08/05 11:45:36 weather update count: 500
2025/08/05 11:45:36 StationSystem update time: 4.35µs
2025/08/05 11:45:36 SatelliteSystem update...
2025/08/05 11:45:36 satellite count: 500
2025/08/05 11:45:36 SatelliteSystem update time: 1.913933ms
2025/08/05 11:45:36 TopoSystem update...
2025/08/05 11:45:36 TopoSystem: Link count: 250000
2025/08/05 11:45:36 TopoSystem update time: 4.266293ms
2025/08/05 11:45:36 AttenuationSystem update...
2025/08/05 11:45:36 AttenuationSystem parallel flag: 0
2025/08/05 11:45:36 Attenuation computed count: 250000
2025/08/05 11:45:36 AttenuationSystem update time: 167.541892ms
2025/08/05 11:45:36 Run 10 complete
2025/08/05 11:45:36 Total update time:  1.689987768s
2025/08/05 11:45:36 linkCache size: 40

 Performance counter stats for './scale_ecs 500 500 10 2 4 0':

         6,129,820      cache-references                                                      
         1,279,424      cache-misses                     #   20.87% of all cache refs         

       1.695239168 seconds time elapsed

       6.030200000 seconds user
       0.032059000 seconds sys


