ECS running with 600 stations, 2000 satellites, 4 numWGs and 8 numBlocks for 10 rounds in 1 parallel pattern
2025/08/05 12:33:37 StationSystem update...
2025/08/05 12:33:37 weather update count: 600
2025/08/05 12:33:37 SatelliteSystem update...
2025/08/05 12:33:37 StationSystem update time: 5.773µs
2025/08/05 12:33:37 satellite count: 2000
2025/08/05 12:33:37 SatelliteSystem update time: 7.559452ms
2025/08/05 12:33:37 TopoSystem update...
2025/08/05 12:33:37 TopoSystem: Link count: 1200000
2025/08/05 12:33:37 TopoSystem update time: 43.27983ms
2025/08/05 12:33:37 AttenuationSystem update...
2025/08/05 12:33:37 AttenuationSystem parallel flag: 1
2025/08/05 12:33:38 Attenuation computed count: 1200000
2025/08/05 12:33:38 AttenuationSystem update time: 689.279981ms
2025/08/05 12:33:38 Run 1 complete
2025/08/05 12:33:38 StationSystem update...
2025/08/05 12:33:38 weather update count: 600
2025/08/05 12:33:38 StationSystem update time: 5.144µs
2025/08/05 12:33:38 SatelliteSystem update...
2025/08/05 12:33:38 satellite count: 2000
2025/08/05 12:33:38 SatelliteSystem update time: 7.601067ms
2025/08/05 12:33:38 TopoSystem update...
2025/08/05 12:33:38 TopoSystem: Link count: 1200000
2025/08/05 12:33:38 TopoSystem update time: 37.843148ms
2025/08/05 12:33:38 AttenuationSystem update...
2025/08/05 12:33:38 AttenuationSystem parallel flag: 1
2025/08/05 12:33:39 Attenuation computed count: 1200000
2025/08/05 12:33:39 AttenuationSystem update time: 715.234333ms
2025/08/05 12:33:39 Run 2 complete
2025/08/05 12:33:39 StationSystem update...
2025/08/05 12:33:39 weather update count: 600
2025/08/05 12:33:39 StationSystem update time: 18.557µs
2025/08/05 12:33:39 SatelliteSystem update...
2025/08/05 12:33:39 satellite count: 2000
2025/08/05 12:33:39 SatelliteSystem update time: 8.222852ms
2025/08/05 12:33:39 TopoSystem update...
2025/08/05 12:33:39 TopoSystem: Link count: 1200000
2025/08/05 12:33:39 TopoSystem update time: 52.401984ms
2025/08/05 12:33:39 AttenuationSystem update...
2025/08/05 12:33:39 AttenuationSystem parallel flag: 1
2025/08/05 12:33:40 Attenuation computed count: 1200000
2025/08/05 12:33:40 AttenuationSystem update time: 826.074241ms
2025/08/05 12:33:40 Run 3 complete
2025/08/05 12:33:40 StationSystem update...
2025/08/05 12:33:40 weather update count: 600
2025/08/05 12:33:40 StationSystem update time: 4.729µs
2025/08/05 12:33:40 SatelliteSystem update...
2025/08/05 12:33:40 satellite count: 2000
2025/08/05 12:33:40 SatelliteSystem update time: 7.554332ms
2025/08/05 12:33:40 TopoSystem update...
2025/08/05 12:33:40 TopoSystem: Link count: 1200000
2025/08/05 12:33:40 TopoSystem update time: 44.518076ms
2025/08/05 12:33:40 AttenuationSystem update...
2025/08/05 12:33:40 AttenuationSystem parallel flag: 1
2025/08/05 12:33:41 Attenuation computed count: 1200000
2025/08/05 12:33:41 AttenuationSystem update time: 694.890235ms
2025/08/05 12:33:41 Run 4 complete
2025/08/05 12:33:41 StationSystem update...
2025/08/05 12:33:41 weather update count: 600
2025/08/05 12:33:41 StationSystem update time: 4.715µs
2025/08/05 12:33:41 SatelliteSystem update...
2025/08/05 12:33:41 satellite count: 2000
2025/08/05 12:33:41 SatelliteSystem update time: 7.546915ms
2025/08/05 12:33:41 TopoSystem update...
2025/08/05 12:33:41 TopoSystem: Link count: 1200000
2025/08/05 12:33:41 TopoSystem update time: 18.86598ms
2025/08/05 12:33:41 AttenuationSystem update...
2025/08/05 12:33:41 AttenuationSystem parallel flag: 1
2025/08/05 12:33:41 Attenuation computed count: 1200000
2025/08/05 12:33:41 AttenuationSystem update time: 727.882272ms
2025/08/05 12:33:41 Run 5 complete
2025/08/05 12:33:41 StationSystem update...
2025/08/05 12:33:41 weather update count: 600
2025/08/05 12:33:41 StationSystem update time: 11.246µs
2025/08/05 12:33:41 SatelliteSystem update...
2025/08/05 12:33:41 satellite count: 2000
2025/08/05 12:33:41 SatelliteSystem update time: 8.192498ms
2025/08/05 12:33:41 TopoSystem update...
2025/08/05 12:33:41 TopoSystem: Link count: 1200000
2025/08/05 12:33:41 TopoSystem update time: 45.369481ms
2025/08/05 12:33:41 AttenuationSystem update...
2025/08/05 12:33:41 AttenuationSystem parallel flag: 1
2025/08/05 12:33:42 Attenuation computed count: 1200000
2025/08/05 12:33:42 AttenuationSystem update time: 736.835669ms
2025/08/05 12:33:42 Run 6 complete
2025/08/05 12:33:42 StationSystem update...
2025/08/05 12:33:42 weather update count: 600
2025/08/05 12:33:42 StationSystem update time: 4.271µs
2025/08/05 12:33:42 SatelliteSystem update...
2025/08/05 12:33:42 satellite count: 2000
2025/08/05 12:33:42 SatelliteSystem update time: 7.588777ms
2025/08/05 12:33:42 TopoSystem update...
2025/08/05 12:33:42 TopoSystem: Link count: 1200000
2025/08/05 12:33:42 TopoSystem update time: 32.437014ms
2025/08/05 12:33:42 AttenuationSystem update...
2025/08/05 12:33:42 AttenuationSystem parallel flag: 1
2025/08/05 12:33:43 Attenuation computed count: 1200000
2025/08/05 12:33:43 AttenuationSystem update time: 688.008955ms
2025/08/05 12:33:43 Run 7 complete
2025/08/05 12:33:43 StationSystem update...
2025/08/05 12:33:43 weather update count: 600
2025/08/05 12:33:43 StationSystem update time: 4.6µs
2025/08/05 12:33:43 SatelliteSystem update...
2025/08/05 12:33:43 satellite count: 2000
2025/08/05 12:33:43 SatelliteSystem update time: 7.575485ms
2025/08/05 12:33:43 TopoSystem update...
2025/08/05 12:33:43 TopoSystem: Link count: 1200000
2025/08/05 12:33:43 TopoSystem update time: 19.649113ms
2025/08/05 12:33:43 AttenuationSystem update...
2025/08/05 12:33:43 AttenuationSystem parallel flag: 1
2025/08/05 12:33:44 Attenuation computed count: 1200000
2025/08/05 12:33:44 AttenuationSystem update time: 704.206453ms
2025/08/05 12:33:44 Run 8 complete
2025/08/05 12:33:44 StationSystem update...
2025/08/05 12:33:44 weather update count: 600
2025/08/05 12:33:44 StationSystem update time: 4.393µs
2025/08/05 12:33:44 SatelliteSystem update...
2025/08/05 12:33:44 satellite count: 2000
2025/08/05 12:33:44 SatelliteSystem update time: 7.58539ms
2025/08/05 12:33:44 TopoSystem update...
2025/08/05 12:33:44 TopoSystem: Link count: 1200000
2025/08/05 12:33:44 TopoSystem update time: 19.722409ms
2025/08/05 12:33:44 AttenuationSystem update...
2025/08/05 12:33:44 AttenuationSystem parallel flag: 1
2025/08/05 12:33:44 Attenuation computed count: 1200000
2025/08/05 12:33:44 AttenuationSystem update time: 731.805571ms
2025/08/05 12:33:44 Run 9 complete
2025/08/05 12:33:44 StationSystem update...
2025/08/05 12:33:44 weather update count: 600
2025/08/05 12:33:44 StationSystem update time: 9.63µs
2025/08/05 12:33:44 SatelliteSystem update...
2025/08/05 12:33:44 satellite count: 2000
2025/08/05 12:33:44 SatelliteSystem update time: 9.308797ms
2025/08/05 12:33:44 TopoSystem update...
2025/08/05 12:33:44 TopoSystem: Link count: 1200000
2025/08/05 12:33:44 TopoSystem update time: 68.307701ms
2025/08/05 12:33:44 AttenuationSystem update...
2025/08/05 12:33:44 AttenuationSystem parallel flag: 1
2025/08/05 12:33:45 Attenuation computed count: 1200000
2025/08/05 12:33:45 AttenuationSystem update time: 736.106794ms
2025/08/05 12:33:45 Run 10 complete
2025/08/05 12:33:45 Total update time:  7.724074448s
2025/08/05 12:33:45 linkCache size: 40

 Performance counter stats for './scale_ecs 600 2000 10 4 8 1':

        29,771,899      cache-references                                                      
         8,725,547      cache-misses                     #   29.31% of all cache refs         

       7.734572670 seconds time elapsed

      26.903913000 seconds user
       0.297208000 seconds sys


