ECS running with 700 stations, 1800 satellites, 4 numWGs and 4 numBlocks for 10 rounds in 1 parallel pattern
2025/08/05 12:58:00 StationSystem update...
2025/08/05 12:58:00 weather update count: 700
2025/08/05 12:58:00 SatelliteSystem update...
2025/08/05 12:58:00 StationSystem update time: 5.147µs
2025/08/05 12:58:00 satellite count: 1800
2025/08/05 12:58:00 SatelliteSystem update time: 6.829265ms
2025/08/05 12:58:00 TopoSystem update...
2025/08/05 12:58:00 TopoSystem: Link count: 1260000
2025/08/05 12:58:00 TopoSystem update time: 39.879009ms
2025/08/05 12:58:00 AttenuationSystem update...
2025/08/05 12:58:00 AttenuationSystem parallel flag: 1
2025/08/05 12:58:01 Attenuation computed count: 1260000
2025/08/05 12:58:01 AttenuationSystem update time: 725.116705ms
2025/08/05 12:58:01 Run 1 complete
2025/08/05 12:58:01 StationSystem update...
2025/08/05 12:58:01 weather update count: 700
2025/08/05 12:58:01 StationSystem update time: 4.391µs
2025/08/05 12:58:01 SatelliteSystem update...
2025/08/05 12:58:01 satellite count: 1800
2025/08/05 12:58:01 SatelliteSystem update time: 6.815853ms
2025/08/05 12:58:01 TopoSystem update...
2025/08/05 12:58:01 TopoSystem: Link count: 1260000
2025/08/05 12:58:01 TopoSystem update time: 39.535209ms
2025/08/05 12:58:01 AttenuationSystem update...
2025/08/05 12:58:01 AttenuationSystem parallel flag: 1
2025/08/05 12:58:02 Attenuation computed count: 1260000
2025/08/05 12:58:02 AttenuationSystem update time: 733.267439ms
2025/08/05 12:58:02 Run 2 complete
2025/08/05 12:58:02 StationSystem update...
2025/08/05 12:58:02 weather update count: 700
2025/08/05 12:58:02 StationSystem update time: 8.118µs
2025/08/05 12:58:02 SatelliteSystem update...
2025/08/05 12:58:02 satellite count: 1800
2025/08/05 12:58:02 SatelliteSystem update time: 8.380263ms
2025/08/05 12:58:02 TopoSystem update...
2025/08/05 12:58:02 TopoSystem: Link count: 1260000
2025/08/05 12:58:02 TopoSystem update time: 46.423338ms
2025/08/05 12:58:02 AttenuationSystem update...
2025/08/05 12:58:02 AttenuationSystem parallel flag: 1
2025/08/05 12:58:03 Attenuation computed count: 1260000
2025/08/05 12:58:03 AttenuationSystem update time: 722.596023ms
2025/08/05 12:58:03 Run 3 complete
2025/08/05 12:58:03 StationSystem update...
2025/08/05 12:58:03 weather update count: 700
2025/08/05 12:58:03 StationSystem update time: 4.901µs
2025/08/05 12:58:03 SatelliteSystem update...
2025/08/05 12:58:03 satellite count: 1800
2025/08/05 12:58:03 SatelliteSystem update time: 6.822572ms
2025/08/05 12:58:03 TopoSystem update...
2025/08/05 12:58:03 TopoSystem: Link count: 1260000
2025/08/05 12:58:03 TopoSystem update time: 27.347413ms
2025/08/05 12:58:03 AttenuationSystem update...
2025/08/05 12:58:03 AttenuationSystem parallel flag: 1
2025/08/05 12:58:03 Attenuation computed count: 1260000
2025/08/05 12:58:03 AttenuationSystem update time: 671.821741ms
2025/08/05 12:58:03 Run 4 complete
2025/08/05 12:58:03 StationSystem update...
2025/08/05 12:58:03 weather update count: 700
2025/08/05 12:58:03 StationSystem update time: 4.458µs
2025/08/05 12:58:03 SatelliteSystem update...
2025/08/05 12:58:03 satellite count: 1800
2025/08/05 12:58:03 SatelliteSystem update time: 6.83622ms
2025/08/05 12:58:03 TopoSystem update...
2025/08/05 12:58:03 TopoSystem: Link count: 1260000
2025/08/05 12:58:03 TopoSystem update time: 20.749067ms
2025/08/05 12:58:03 AttenuationSystem update...
2025/08/05 12:58:03 AttenuationSystem parallel flag: 1
2025/08/05 12:58:04 Attenuation computed count: 1260000
2025/08/05 12:58:04 AttenuationSystem update time: 721.693295ms
2025/08/05 12:58:04 Run 5 complete
2025/08/05 12:58:04 StationSystem update...
2025/08/05 12:58:04 weather update count: 700
2025/08/05 12:58:04 StationSystem update time: 5.144µs
2025/08/05 12:58:04 SatelliteSystem update...
2025/08/05 12:58:04 satellite count: 1800
2025/08/05 12:58:04 SatelliteSystem update time: 6.821883ms
2025/08/05 12:58:04 TopoSystem update...
2025/08/05 12:58:04 TopoSystem: Link count: 1260000
2025/08/05 12:58:04 TopoSystem update time: 18.51751ms
2025/08/05 12:58:04 AttenuationSystem update...
2025/08/05 12:58:04 AttenuationSystem parallel flag: 1
2025/08/05 12:58:05 Attenuation computed count: 1260000
2025/08/05 12:58:05 AttenuationSystem update time: 721.152157ms
2025/08/05 12:58:05 Run 6 complete
2025/08/05 12:58:05 StationSystem update...
2025/08/05 12:58:05 weather update count: 700
2025/08/05 12:58:05 StationSystem update time: 5.299µs
2025/08/05 12:58:05 SatelliteSystem update...
2025/08/05 12:58:05 satellite count: 1800
2025/08/05 12:58:05 SatelliteSystem update time: 6.821827ms
2025/08/05 12:58:05 TopoSystem update...
2025/08/05 12:58:05 TopoSystem: Link count: 1260000
2025/08/05 12:58:05 TopoSystem update time: 20.177346ms
2025/08/05 12:58:05 AttenuationSystem update...
2025/08/05 12:58:05 AttenuationSystem parallel flag: 1
2025/08/05 12:58:06 Attenuation computed count: 1260000
2025/08/05 12:58:06 AttenuationSystem update time: 709.417643ms
2025/08/05 12:58:06 Run 7 complete
2025/08/05 12:58:06 StationSystem update...
2025/08/05 12:58:06 weather update count: 700
2025/08/05 12:58:06 StationSystem update time: 9.128µs
2025/08/05 12:58:06 SatelliteSystem update...
2025/08/05 12:58:06 satellite count: 1800
2025/08/05 12:58:06 SatelliteSystem update time: 7.448165ms
2025/08/05 12:58:06 TopoSystem update...
2025/08/05 12:58:06 TopoSystem: Link count: 1260000
2025/08/05 12:58:06 TopoSystem update time: 45.523726ms
2025/08/05 12:58:06 AttenuationSystem update...
2025/08/05 12:58:06 AttenuationSystem parallel flag: 1
2025/08/05 12:58:06 Attenuation computed count: 1260000
2025/08/05 12:58:06 AttenuationSystem update time: 741.975293ms
2025/08/05 12:58:06 Run 8 complete
2025/08/05 12:58:06 StationSystem update...
2025/08/05 12:58:06 weather update count: 700
2025/08/05 12:58:06 StationSystem update time: 5.012µs
2025/08/05 12:58:06 SatelliteSystem update...
2025/08/05 12:58:06 satellite count: 1800
2025/08/05 12:58:06 SatelliteSystem update time: 6.810187ms
2025/08/05 12:58:06 TopoSystem update...
2025/08/05 12:58:06 TopoSystem: Link count: 1260000
2025/08/05 12:58:06 TopoSystem update time: 60.936804ms
2025/08/05 12:58:06 AttenuationSystem update...
2025/08/05 12:58:06 AttenuationSystem parallel flag: 1
2025/08/05 12:58:07 Attenuation computed count: 1260000
2025/08/05 12:58:07 AttenuationSystem update time: 741.314934ms
2025/08/05 12:58:07 Run 9 complete
2025/08/05 12:58:07 StationSystem update...
2025/08/05 12:58:07 weather update count: 700
2025/08/05 12:58:07 StationSystem update time: 4.419µs
2025/08/05 12:58:07 SatelliteSystem update...
2025/08/05 12:58:07 satellite count: 1800
2025/08/05 12:58:07 SatelliteSystem update time: 6.80463ms
2025/08/05 12:58:07 TopoSystem update...
2025/08/05 12:58:07 TopoSystem: Link count: 1260000
2025/08/05 12:58:07 TopoSystem update time: 20.594454ms
2025/08/05 12:58:07 AttenuationSystem update...
2025/08/05 12:58:07 AttenuationSystem parallel flag: 1
2025/08/05 12:58:08 Attenuation computed count: 1260000
2025/08/05 12:58:08 AttenuationSystem update time: 721.520695ms
2025/08/05 12:58:08 Run 10 complete
2025/08/05 12:58:08 Total update time:  7.631851241s
2025/08/05 12:58:08 linkCache size: 40

 Performance counter stats for './scale_ecs 700 1800 10 4 4 1':

        29,079,486      cache-references                                                      
         8,274,905      cache-misses                     #   28.46% of all cache refs         

       7.647775054 seconds time elapsed

      27.094722000 seconds user
       0.216965000 seconds sys


