ECS running with 1000 stations, 1400 satellites, 2 numWGs and 2 numBlocks for 10 rounds in 0 parallel pattern
2025/08/05 14:38:57 StationSystem update...
2025/08/05 14:38:57 weather update count: 1000
2025/08/05 14:38:57 StationSystem update time: 7.375µs
2025/08/05 14:38:57 SatelliteSystem update...
2025/08/05 14:38:57 satellite count: 1400
2025/08/05 14:38:57 SatelliteSystem update time: 5.342814ms
2025/08/05 14:38:57 TopoSystem update...
2025/08/05 14:38:57 TopoSystem: Link count: 1400000
2025/08/05 14:38:57 TopoSystem update time: 42.86412ms
2025/08/05 14:38:57 AttenuationSystem update...
2025/08/05 14:38:57 AttenuationSystem parallel flag: 0
2025/08/05 14:38:59 Attenuation computed count: 1400000
2025/08/05 14:38:59 AttenuationSystem update time: 1.615440091s
2025/08/05 14:38:59 Run 1 complete
2025/08/05 14:38:59 SatelliteSystem update...
2025/08/05 14:38:59 StationSystem update...
2025/08/05 14:38:59 weather update count: 1000
2025/08/05 14:38:59 StationSystem update time: 13.281µs
2025/08/05 14:38:59 satellite count: 1400
2025/08/05 14:38:59 SatelliteSystem update time: 6.563193ms
2025/08/05 14:38:59 TopoSystem update...
2025/08/05 14:38:59 TopoSystem: Link count: 1400000
2025/08/05 14:38:59 TopoSystem update time: 52.501884ms
2025/08/05 14:38:59 AttenuationSystem update...
2025/08/05 14:38:59 AttenuationSystem parallel flag: 0
2025/08/05 14:39:00 Attenuation computed count: 1400000
2025/08/05 14:39:00 AttenuationSystem update time: 1.59784775s
2025/08/05 14:39:00 Run 2 complete
2025/08/05 14:39:00 StationSystem update...
2025/08/05 14:39:00 weather update count: 1000
2025/08/05 14:39:00 StationSystem update time: 6.026µs
2025/08/05 14:39:00 SatelliteSystem update...
2025/08/05 14:39:00 satellite count: 1400
2025/08/05 14:39:00 SatelliteSystem update time: 13.225766ms
2025/08/05 14:39:00 TopoSystem update...
2025/08/05 14:39:00 TopoSystem: Link count: 1400000
2025/08/05 14:39:00 TopoSystem update time: 63.501202ms
2025/08/05 14:39:00 AttenuationSystem update...
2025/08/05 14:39:00 AttenuationSystem parallel flag: 0
2025/08/05 14:39:02 Attenuation computed count: 1400000
2025/08/05 14:39:02 AttenuationSystem update time: 1.626688881s
2025/08/05 14:39:02 Run 3 complete
2025/08/05 14:39:02 StationSystem update...
2025/08/05 14:39:02 weather update count: 1000
2025/08/05 14:39:02 StationSystem update time: 19.27µs
2025/08/05 14:39:02 SatelliteSystem update...
2025/08/05 14:39:02 satellite count: 1400
2025/08/05 14:39:02 SatelliteSystem update time: 5.73789ms
2025/08/05 14:39:02 TopoSystem update...
2025/08/05 14:39:02 TopoSystem: Link count: 1400000
2025/08/05 14:39:02 TopoSystem update time: 73.389821ms
2025/08/05 14:39:02 AttenuationSystem update...
2025/08/05 14:39:02 AttenuationSystem parallel flag: 0
2025/08/05 14:39:04 Attenuation computed count: 1400000
2025/08/05 14:39:04 AttenuationSystem update time: 1.511231098s
2025/08/05 14:39:04 Run 4 complete
2025/08/05 14:39:04 StationSystem update...
2025/08/05 14:39:04 weather update count: 1000
2025/08/05 14:39:04 StationSystem update time: 4.437µs
2025/08/05 14:39:04 SatelliteSystem update...
2025/08/05 14:39:04 satellite count: 1400
2025/08/05 14:39:04 SatelliteSystem update time: 5.294296ms
2025/08/05 14:39:04 TopoSystem update...
2025/08/05 14:39:04 TopoSystem: Link count: 1400000
2025/08/05 14:39:04 TopoSystem update time: 37.465203ms
2025/08/05 14:39:04 AttenuationSystem update...
2025/08/05 14:39:04 AttenuationSystem parallel flag: 0
2025/08/05 14:39:05 Attenuation computed count: 1400000
2025/08/05 14:39:05 AttenuationSystem update time: 1.63384499s
2025/08/05 14:39:05 Run 5 complete
2025/08/05 14:39:05 StationSystem update...
2025/08/05 14:39:05 weather update count: 1000
2025/08/05 14:39:05 StationSystem update time: 4.777µs
2025/08/05 14:39:05 SatelliteSystem update...
2025/08/05 14:39:05 satellite count: 1400
2025/08/05 14:39:05 SatelliteSystem update time: 13.3422ms
2025/08/05 14:39:05 TopoSystem update...
2025/08/05 14:39:05 TopoSystem: Link count: 1400000
2025/08/05 14:39:05 TopoSystem update time: 28.453756ms
2025/08/05 14:39:05 AttenuationSystem update...
2025/08/05 14:39:05 AttenuationSystem parallel flag: 0
2025/08/05 14:39:07 Attenuation computed count: 1400000
2025/08/05 14:39:07 AttenuationSystem update time: 1.630094044s
2025/08/05 14:39:07 Run 6 complete
2025/08/05 14:39:07 StationSystem update...
2025/08/05 14:39:07 weather update count: 1000
2025/08/05 14:39:07 StationSystem update time: 6.672µs
2025/08/05 14:39:07 SatelliteSystem update...
2025/08/05 14:39:07 satellite count: 1400
2025/08/05 14:39:07 SatelliteSystem update time: 5.339456ms
2025/08/05 14:39:07 TopoSystem update...
2025/08/05 14:39:07 TopoSystem: Link count: 1400000
2025/08/05 14:39:07 TopoSystem update time: 22.856516ms
2025/08/05 14:39:07 AttenuationSystem update...
2025/08/05 14:39:07 AttenuationSystem parallel flag: 0
2025/08/05 14:39:09 Attenuation computed count: 1400000
2025/08/05 14:39:09 AttenuationSystem update time: 1.623417698s
2025/08/05 14:39:09 Run 7 complete
2025/08/05 14:39:09 StationSystem update...
2025/08/05 14:39:09 weather update count: 1000
2025/08/05 14:39:09 StationSystem update time: 4.049µs
2025/08/05 14:39:09 SatelliteSystem update...
2025/08/05 14:39:09 satellite count: 1400
2025/08/05 14:39:09 SatelliteSystem update time: 5.30627ms
2025/08/05 14:39:09 TopoSystem update...
2025/08/05 14:39:09 TopoSystem: Link count: 1400000
2025/08/05 14:39:09 TopoSystem update time: 46.549458ms
2025/08/05 14:39:09 AttenuationSystem update...
2025/08/05 14:39:09 AttenuationSystem parallel flag: 0
2025/08/05 14:39:10 Attenuation computed count: 1400000
2025/08/05 14:39:10 AttenuationSystem update time: 1.657265301s
2025/08/05 14:39:10 Run 8 complete
2025/08/05 14:39:10 StationSystem update...
2025/08/05 14:39:10 weather update count: 1000
2025/08/05 14:39:10 StationSystem update time: 14.878µs
2025/08/05 14:39:10 SatelliteSystem update...
2025/08/05 14:39:10 satellite count: 1400
2025/08/05 14:39:10 SatelliteSystem update time: 5.821101ms
2025/08/05 14:39:10 TopoSystem update...
2025/08/05 14:39:10 TopoSystem: Link count: 1400000
2025/08/05 14:39:10 TopoSystem update time: 68.995696ms
2025/08/05 14:39:10 AttenuationSystem update...
2025/08/05 14:39:10 AttenuationSystem parallel flag: 0
2025/08/05 14:39:12 Attenuation computed count: 1400000
2025/08/05 14:39:12 AttenuationSystem update time: 1.611840014s
2025/08/05 14:39:12 Run 9 complete
2025/08/05 14:39:12 StationSystem update...
2025/08/05 14:39:12 weather update count: 1000
2025/08/05 14:39:12 StationSystem update time: 11.286µs
2025/08/05 14:39:12 SatelliteSystem update...
2025/08/05 14:39:12 satellite count: 1400
2025/08/05 14:39:12 SatelliteSystem update time: 5.402891ms
2025/08/05 14:39:12 TopoSystem update...
2025/08/05 14:39:12 TopoSystem: Link count: 1400000
2025/08/05 14:39:12 TopoSystem update time: 57.4953ms
2025/08/05 14:39:12 AttenuationSystem update...
2025/08/05 14:39:12 AttenuationSystem parallel flag: 0
2025/08/05 14:39:14 Attenuation computed count: 1400000
2025/08/05 14:39:14 AttenuationSystem update time: 1.671624808s
2025/08/05 14:39:14 Run 10 complete
2025/08/05 14:39:14 Total update time:  16.755525204s
2025/08/05 14:39:14 linkCache size: 40

 Performance counter stats for './scale_ecs 1000 1400 10 2 2 0':

        32,815,092      cache-references                                                      
         9,711,301      cache-misses                     #   29.59% of all cache refs         

      16.768017829 seconds time elapsed

      31.936187000 seconds user
       0.305183000 seconds sys


