ECS running with 800 stations, 2000 satellites, 8 numWGs and 8 numBlocks for 10 rounds in 0 parallel pattern
2025/08/05 13:40:38 StationSystem update...
2025/08/05 13:40:38 weather update count: 800
2025/08/05 13:40:38 SatelliteSystem update...
2025/08/05 13:40:38 StationSystem update time: 5.716µs
2025/08/05 13:40:38 satellite count: 2000
2025/08/05 13:40:38 SatelliteSystem update time: 7.599503ms
2025/08/05 13:40:38 TopoSystem update...
2025/08/05 13:40:38 TopoSystem: Link count: 1600000
2025/08/05 13:40:38 TopoSystem update time: 53.313138ms
2025/08/05 13:40:38 AttenuationSystem update...
2025/08/05 13:40:38 AttenuationSystem parallel flag: 0
2025/08/05 13:40:39 Attenuation computed count: 1600000
2025/08/05 13:40:39 AttenuationSystem update time: 485.326914ms
2025/08/05 13:40:39 Run 1 complete
2025/08/05 13:40:39 StationSystem update...
2025/08/05 13:40:39 weather update count: 800
2025/08/05 13:40:39 StationSystem update time: 6.01µs
2025/08/05 13:40:39 SatelliteSystem update...
2025/08/05 13:40:39 satellite count: 2000
2025/08/05 13:40:39 SatelliteSystem update time: 7.570737ms
2025/08/05 13:40:39 TopoSystem update...
2025/08/05 13:40:39 TopoSystem: Link count: 1600000
2025/08/05 13:40:39 TopoSystem update time: 45.142696ms
2025/08/05 13:40:39 AttenuationSystem update...
2025/08/05 13:40:39 AttenuationSystem parallel flag: 0
2025/08/05 13:40:39 Attenuation computed count: 1600000
2025/08/05 13:40:39 AttenuationSystem update time: 464.21797ms
2025/08/05 13:40:39 Run 2 complete
2025/08/05 13:40:39 StationSystem update...
2025/08/05 13:40:39 weather update count: 800
2025/08/05 13:40:39 StationSystem update time: 5.637µs
2025/08/05 13:40:39 SatelliteSystem update...
2025/08/05 13:40:39 satellite count: 2000
2025/08/05 13:40:39 SatelliteSystem update time: 7.562405ms
2025/08/05 13:40:39 TopoSystem update...
2025/08/05 13:40:39 TopoSystem: Link count: 1600000
2025/08/05 13:40:39 TopoSystem update time: 24.596113ms
2025/08/05 13:40:39 AttenuationSystem update...
2025/08/05 13:40:39 AttenuationSystem parallel flag: 0
2025/08/05 13:40:40 Attenuation computed count: 1600000
2025/08/05 13:40:40 AttenuationSystem update time: 498.700877ms
2025/08/05 13:40:40 Run 3 complete
2025/08/05 13:40:40 StationSystem update...
2025/08/05 13:40:40 weather update count: 800
2025/08/05 13:40:40 StationSystem update time: 19.982µs
2025/08/05 13:40:40 SatelliteSystem update...
2025/08/05 13:40:40 satellite count: 2000
2025/08/05 13:40:40 SatelliteSystem update time: 9.452861ms
2025/08/05 13:40:40 TopoSystem update...
2025/08/05 13:40:40 TopoSystem: Link count: 1600000
2025/08/05 13:40:40 TopoSystem update time: 86.761729ms
2025/08/05 13:40:40 AttenuationSystem update...
2025/08/05 13:40:40 AttenuationSystem parallel flag: 0
2025/08/05 13:40:40 Attenuation computed count: 1600000
2025/08/05 13:40:40 AttenuationSystem update time: 494.458639ms
2025/08/05 13:40:40 Run 4 complete
2025/08/05 13:40:40 StationSystem update...
2025/08/05 13:40:40 weather update count: 800
2025/08/05 13:40:40 StationSystem update time: 5.492µs
2025/08/05 13:40:40 SatelliteSystem update...
2025/08/05 13:40:40 satellite count: 2000
2025/08/05 13:40:40 SatelliteSystem update time: 7.641848ms
2025/08/05 13:40:40 TopoSystem update...
2025/08/05 13:40:40 TopoSystem: Link count: 1600000
2025/08/05 13:40:40 TopoSystem update time: 28.098867ms
2025/08/05 13:40:40 AttenuationSystem update...
2025/08/05 13:40:40 AttenuationSystem parallel flag: 0
2025/08/05 13:40:41 Attenuation computed count: 1600000
2025/08/05 13:40:41 AttenuationSystem update time: 490.321189ms
2025/08/05 13:40:41 Run 5 complete
2025/08/05 13:40:41 StationSystem update...
2025/08/05 13:40:41 weather update count: 800
2025/08/05 13:40:41 StationSystem update time: 6.532µs
2025/08/05 13:40:41 SatelliteSystem update...
2025/08/05 13:40:41 satellite count: 2000
2025/08/05 13:40:41 SatelliteSystem update time: 7.62232ms
2025/08/05 13:40:41 TopoSystem update...
2025/08/05 13:40:41 TopoSystem: Link count: 1600000
2025/08/05 13:40:41 TopoSystem update time: 29.364732ms
2025/08/05 13:40:41 AttenuationSystem update...
2025/08/05 13:40:41 AttenuationSystem parallel flag: 0
2025/08/05 13:40:41 Attenuation computed count: 1600000
2025/08/05 13:40:41 AttenuationSystem update time: 486.65429ms
2025/08/05 13:40:41 Run 6 complete
2025/08/05 13:40:41 StationSystem update...
2025/08/05 13:40:41 weather update count: 800
2025/08/05 13:40:41 StationSystem update time: 5.867µs
2025/08/05 13:40:41 SatelliteSystem update...
2025/08/05 13:40:41 satellite count: 2000
2025/08/05 13:40:41 SatelliteSystem update time: 7.599215ms
2025/08/05 13:40:41 TopoSystem update...
2025/08/05 13:40:41 TopoSystem: Link count: 1600000
2025/08/05 13:40:41 TopoSystem update time: 25.729027ms
2025/08/05 13:40:41 AttenuationSystem update...
2025/08/05 13:40:41 AttenuationSystem parallel flag: 0
2025/08/05 13:40:42 Attenuation computed count: 1600000
2025/08/05 13:40:42 AttenuationSystem update time: 503.29425ms
2025/08/05 13:40:42 Run 7 complete
2025/08/05 13:40:42 StationSystem update...
2025/08/05 13:40:42 weather update count: 800
2025/08/05 13:40:42 StationSystem update time: 6.509µs
2025/08/05 13:40:42 SatelliteSystem update...
2025/08/05 13:40:42 satellite count: 2000
2025/08/05 13:40:42 SatelliteSystem update time: 7.57645ms
2025/08/05 13:40:42 TopoSystem update...
2025/08/05 13:40:42 TopoSystem: Link count: 1600000
2025/08/05 13:40:42 TopoSystem update time: 24.410269ms
2025/08/05 13:40:42 AttenuationSystem update...
2025/08/05 13:40:42 AttenuationSystem parallel flag: 0
2025/08/05 13:40:42 Attenuation computed count: 1600000
2025/08/05 13:40:42 AttenuationSystem update time: 478.967524ms
2025/08/05 13:40:42 Run 8 complete
2025/08/05 13:40:42 StationSystem update...
2025/08/05 13:40:42 weather update count: 800
2025/08/05 13:40:42 StationSystem update time: 5.721µs
2025/08/05 13:40:42 SatelliteSystem update...
2025/08/05 13:40:42 satellite count: 2000
2025/08/05 13:40:42 SatelliteSystem update time: 7.624691ms
2025/08/05 13:40:42 TopoSystem update...
2025/08/05 13:40:42 TopoSystem: Link count: 1600000
2025/08/05 13:40:42 TopoSystem update time: 25.717347ms
2025/08/05 13:40:42 AttenuationSystem update...
2025/08/05 13:40:42 AttenuationSystem parallel flag: 0
2025/08/05 13:40:43 Attenuation computed count: 1600000
2025/08/05 13:40:43 AttenuationSystem update time: 519.234944ms
2025/08/05 13:40:43 Run 9 complete
2025/08/05 13:40:43 StationSystem update...
2025/08/05 13:40:43 weather update count: 800
2025/08/05 13:40:43 StationSystem update time: 11.567µs
2025/08/05 13:40:43 SatelliteSystem update...
2025/08/05 13:40:43 satellite count: 2000
2025/08/05 13:40:43 SatelliteSystem update time: 8.201208ms
2025/08/05 13:40:43 TopoSystem update...
2025/08/05 13:40:43 TopoSystem: Link count: 1600000
2025/08/05 13:40:43 TopoSystem update time: 51.222877ms
2025/08/05 13:40:43 AttenuationSystem update...
2025/08/05 13:40:43 AttenuationSystem parallel flag: 0
2025/08/05 13:40:43 Attenuation computed count: 1600000
2025/08/05 13:40:43 AttenuationSystem update time: 500.701522ms
2025/08/05 13:40:43 Run 10 complete
2025/08/05 13:40:43 Total update time:  5.40899975s
2025/08/05 13:40:43 linkCache size: 40

 Performance counter stats for './scale_ecs 800 2000 10 8 8 0':

        36,293,534      cache-references                                                      
         9,931,645      cache-misses                     #   27.36% of all cache refs         

       5.422368561 seconds time elapsed

      35.402757000 seconds user
       0.249955000 seconds sys


