ECS running with 600 stations, 1300 satellites, 4 numWGs and 8 numBlocks for 10 rounds in 1 parallel pattern
2025/08/05 12:18:27 StationSystem update...
2025/08/05 12:18:27 SatelliteSystem update...
2025/08/05 12:18:27 weather update count: 600
2025/08/05 12:18:27 StationSystem update time: 7.775µs
2025/08/05 12:18:27 satellite count: 1300
2025/08/05 12:18:27 SatelliteSystem update time: 4.95354ms
2025/08/05 12:18:27 TopoSystem update...
2025/08/05 12:18:27 TopoSystem: Link count: 780000
2025/08/05 12:18:27 TopoSystem update time: 27.46368ms
2025/08/05 12:18:27 AttenuationSystem update...
2025/08/05 12:18:27 AttenuationSystem parallel flag: 1
2025/08/05 12:18:28 Attenuation computed count: 780000
2025/08/05 12:18:28 AttenuationSystem update time: 446.315979ms
2025/08/05 12:18:28 Run 1 complete
2025/08/05 12:18:28 StationSystem update...
2025/08/05 12:18:28 weather update count: 600
2025/08/05 12:18:28 StationSystem update time: 4.082µs
2025/08/05 12:18:28 SatelliteSystem update...
2025/08/05 12:18:28 satellite count: 1300
2025/08/05 12:18:28 SatelliteSystem update time: 4.965815ms
2025/08/05 12:18:28 TopoSystem update...
2025/08/05 12:18:28 TopoSystem: Link count: 780000
2025/08/05 12:18:28 TopoSystem update time: 28.562793ms
2025/08/05 12:18:28 AttenuationSystem update...
2025/08/05 12:18:28 AttenuationSystem parallel flag: 1
2025/08/05 12:18:28 Attenuation computed count: 780000
2025/08/05 12:18:28 AttenuationSystem update time: 455.811311ms
2025/08/05 12:18:28 Run 2 complete
2025/08/05 12:18:28 StationSystem update...
2025/08/05 12:18:28 weather update count: 600
2025/08/05 12:18:28 StationSystem update time: 4.266µs
2025/08/05 12:18:28 SatelliteSystem update...
2025/08/05 12:18:28 satellite count: 1300
2025/08/05 12:18:28 SatelliteSystem update time: 4.949073ms
2025/08/05 12:18:28 TopoSystem update...
2025/08/05 12:18:28 TopoSystem: Link count: 780000
2025/08/05 12:18:28 TopoSystem update time: 18.717825ms
2025/08/05 12:18:28 AttenuationSystem update...
2025/08/05 12:18:28 AttenuationSystem parallel flag: 1
2025/08/05 12:18:29 Attenuation computed count: 780000
2025/08/05 12:18:29 AttenuationSystem update time: 455.184671ms
2025/08/05 12:18:29 Run 3 complete
2025/08/05 12:18:29 StationSystem update...
2025/08/05 12:18:29 weather update count: 600
2025/08/05 12:18:29 StationSystem update time: 2.786µs
2025/08/05 12:18:29 SatelliteSystem update...
2025/08/05 12:18:29 satellite count: 1300
2025/08/05 12:18:29 SatelliteSystem update time: 4.946967ms
2025/08/05 12:18:29 TopoSystem update...
2025/08/05 12:18:29 TopoSystem: Link count: 780000
2025/08/05 12:18:29 TopoSystem update time: 15.981224ms
2025/08/05 12:18:29 AttenuationSystem update...
2025/08/05 12:18:29 AttenuationSystem parallel flag: 1
2025/08/05 12:18:29 Attenuation computed count: 780000
2025/08/05 12:18:29 AttenuationSystem update time: 484.043526ms
2025/08/05 12:18:29 Run 4 complete
2025/08/05 12:18:29 StationSystem update...
2025/08/05 12:18:29 weather update count: 600
2025/08/05 12:18:29 StationSystem update time: 5.297µs
2025/08/05 12:18:29 SatelliteSystem update...
2025/08/05 12:18:29 satellite count: 1300
2025/08/05 12:18:29 SatelliteSystem update time: 4.964472ms
2025/08/05 12:18:29 TopoSystem update...
2025/08/05 12:18:29 TopoSystem: Link count: 780000
2025/08/05 12:18:29 TopoSystem update time: 12.910195ms
2025/08/05 12:18:29 AttenuationSystem update...
2025/08/05 12:18:29 AttenuationSystem parallel flag: 1
2025/08/05 12:18:30 Attenuation computed count: 780000
2025/08/05 12:18:30 AttenuationSystem update time: 479.560735ms
2025/08/05 12:18:30 Run 5 complete
2025/08/05 12:18:30 StationSystem update...
2025/08/05 12:18:30 weather update count: 600
2025/08/05 12:18:30 StationSystem update time: 8.985µs
2025/08/05 12:18:30 SatelliteSystem update...
2025/08/05 12:18:30 satellite count: 1300
2025/08/05 12:18:30 SatelliteSystem update time: 5.37604ms
2025/08/05 12:18:30 TopoSystem update...
2025/08/05 12:18:30 TopoSystem: Link count: 780000
2025/08/05 12:18:30 TopoSystem update time: 30.498597ms
2025/08/05 12:18:30 AttenuationSystem update...
2025/08/05 12:18:30 AttenuationSystem parallel flag: 1
2025/08/05 12:18:30 Attenuation computed count: 780000
2025/08/05 12:18:30 AttenuationSystem update time: 479.39156ms
2025/08/05 12:18:30 Run 6 complete
2025/08/05 12:18:30 StationSystem update...
2025/08/05 12:18:30 weather update count: 600
2025/08/05 12:18:30 StationSystem update time: 4.628µs
2025/08/05 12:18:30 SatelliteSystem update...
2025/08/05 12:18:30 satellite count: 1300
2025/08/05 12:18:30 SatelliteSystem update time: 4.928043ms
2025/08/05 12:18:30 TopoSystem update...
2025/08/05 12:18:30 TopoSystem: Link count: 780000
2025/08/05 12:18:30 TopoSystem update time: 14.425569ms
2025/08/05 12:18:30 AttenuationSystem update...
2025/08/05 12:18:30 AttenuationSystem parallel flag: 1
2025/08/05 12:18:31 Attenuation computed count: 780000
2025/08/05 12:18:31 AttenuationSystem update time: 460.382047ms
2025/08/05 12:18:31 Run 7 complete
2025/08/05 12:18:31 StationSystem update...
2025/08/05 12:18:31 weather update count: 600
2025/08/05 12:18:31 StationSystem update time: 2.959µs
2025/08/05 12:18:31 SatelliteSystem update...
2025/08/05 12:18:31 satellite count: 1300
2025/08/05 12:18:31 SatelliteSystem update time: 3.677322ms
2025/08/05 12:18:31 TopoSystem update...
2025/08/05 12:18:31 TopoSystem: Link count: 780000
2025/08/05 12:18:31 TopoSystem update time: 10.838567ms
2025/08/05 12:18:31 AttenuationSystem update...
2025/08/05 12:18:31 AttenuationSystem parallel flag: 1
2025/08/05 12:18:31 Attenuation computed count: 780000
2025/08/05 12:18:31 AttenuationSystem update time: 462.566883ms
2025/08/05 12:18:31 Run 8 complete
2025/08/05 12:18:31 StationSystem update...
2025/08/05 12:18:31 weather update count: 600
2025/08/05 12:18:31 StationSystem update time: 4.873µs
2025/08/05 12:18:31 SatelliteSystem update...
2025/08/05 12:18:31 satellite count: 1300
2025/08/05 12:18:31 SatelliteSystem update time: 4.951592ms
2025/08/05 12:18:31 TopoSystem update...
2025/08/05 12:18:31 TopoSystem: Link count: 780000
2025/08/05 12:18:31 TopoSystem update time: 16.050925ms
2025/08/05 12:18:31 AttenuationSystem update...
2025/08/05 12:18:31 AttenuationSystem parallel flag: 1
2025/08/05 12:18:32 Attenuation computed count: 780000
2025/08/05 12:18:32 AttenuationSystem update time: 452.014707ms
2025/08/05 12:18:32 Run 9 complete
2025/08/05 12:18:32 StationSystem update...
2025/08/05 12:18:32 weather update count: 600
2025/08/05 12:18:32 StationSystem update time: 3.78µs
2025/08/05 12:18:32 SatelliteSystem update...
2025/08/05 12:18:32 satellite count: 1300
2025/08/05 12:18:32 SatelliteSystem update time: 3.678372ms
2025/08/05 12:18:32 TopoSystem update...
2025/08/05 12:18:32 TopoSystem: Link count: 780000
2025/08/05 12:18:32 TopoSystem update time: 11.066289ms
2025/08/05 12:18:32 AttenuationSystem update...
2025/08/05 12:18:32 AttenuationSystem parallel flag: 1
2025/08/05 12:18:32 Attenuation computed count: 780000
2025/08/05 12:18:32 AttenuationSystem update time: 478.505239ms
2025/08/05 12:18:32 Run 10 complete
2025/08/05 12:18:32 Total update time:  4.897360412s
2025/08/05 12:18:32 linkCache size: 40

 Performance counter stats for './scale_ecs 600 1300 10 4 8 1':

        18,209,221      cache-references                                                      
         4,211,440      cache-misses                     #   23.13% of all cache refs         

       4.905038769 seconds time elapsed

      17.026662000 seconds user
       0.100233000 seconds sys


