ECS running with 500 stations, 1100 satellites, 8 numWGs and 2 numBlocks for 10 rounds in 1 parallel pattern
2025/08/05 11:51:43 StationSystem update...
2025/08/05 11:51:43 weather update count: 500
2025/08/05 11:51:43 StationSystem update time: 5.049µs
2025/08/05 11:51:43 SatelliteSystem update...
2025/08/05 11:51:43 satellite count: 1100
2025/08/05 11:51:43 SatelliteSystem update time: 4.175525ms
2025/08/05 11:51:43 TopoSystem update...
2025/08/05 11:51:43 TopoSystem: Link count: 550000
2025/08/05 11:51:43 TopoSystem update time: 17.25452ms
2025/08/05 11:51:43 AttenuationSystem update...
2025/08/05 11:51:43 AttenuationSystem parallel flag: 1
2025/08/05 11:51:43 Attenuation computed count: 550000
2025/08/05 11:51:43 AttenuationSystem update time: 163.474175ms
2025/08/05 11:51:43 Run 1 complete
2025/08/05 11:51:43 StationSystem update...
2025/08/05 11:51:43 weather update count: 500
2025/08/05 11:51:43 StationSystem update time: 5.187µs
2025/08/05 11:51:43 SatelliteSystem update...
2025/08/05 11:51:43 satellite count: 1100
2025/08/05 11:51:43 SatelliteSystem update time: 4.25758ms
2025/08/05 11:51:43 TopoSystem update...
2025/08/05 11:51:43 TopoSystem: Link count: 550000
2025/08/05 11:51:43 TopoSystem update time: 13.045726ms
2025/08/05 11:51:43 AttenuationSystem update...
2025/08/05 11:51:43 AttenuationSystem parallel flag: 1
2025/08/05 11:51:44 Attenuation computed count: 550000
2025/08/05 11:51:44 AttenuationSystem update time: 168.64884ms
2025/08/05 11:51:44 Run 2 complete
2025/08/05 11:51:44 StationSystem update...
2025/08/05 11:51:44 weather update count: 500
2025/08/05 11:51:44 SatelliteSystem update...
2025/08/05 11:51:44 StationSystem update time: 4.203µs
2025/08/05 11:51:44 satellite count: 1100
2025/08/05 11:51:44 SatelliteSystem update time: 4.18422ms
2025/08/05 11:51:44 TopoSystem update...
2025/08/05 11:51:44 TopoSystem: Link count: 550000
2025/08/05 11:51:44 TopoSystem update time: 8.821839ms
2025/08/05 11:51:44 AttenuationSystem update...
2025/08/05 11:51:44 AttenuationSystem parallel flag: 1
2025/08/05 11:51:44 Attenuation computed count: 550000
2025/08/05 11:51:44 AttenuationSystem update time: 193.343703ms
2025/08/05 11:51:44 Run 3 complete
2025/08/05 11:51:44 StationSystem update...
2025/08/05 11:51:44 weather update count: 500
2025/08/05 11:51:44 StationSystem update time: 4.4µs
2025/08/05 11:51:44 SatelliteSystem update...
2025/08/05 11:51:44 satellite count: 1100
2025/08/05 11:51:44 SatelliteSystem update time: 4.238066ms
2025/08/05 11:51:44 TopoSystem update...
2025/08/05 11:51:44 TopoSystem: Link count: 550000
2025/08/05 11:51:44 TopoSystem update time: 8.921422ms
2025/08/05 11:51:44 AttenuationSystem update...
2025/08/05 11:51:44 AttenuationSystem parallel flag: 1
2025/08/05 11:51:44 Attenuation computed count: 550000
2025/08/05 11:51:44 AttenuationSystem update time: 178.859414ms
2025/08/05 11:51:44 Run 4 complete
2025/08/05 11:51:44 StationSystem update...
2025/08/05 11:51:44 weather update count: 500
2025/08/05 11:51:44 StationSystem update time: 3.463µs
2025/08/05 11:51:44 SatelliteSystem update...
2025/08/05 11:51:44 satellite count: 1100
2025/08/05 11:51:44 SatelliteSystem update time: 4.170515ms
2025/08/05 11:51:44 TopoSystem update...
2025/08/05 11:51:44 TopoSystem: Link count: 550000
2025/08/05 11:51:44 TopoSystem update time: 9.125753ms
2025/08/05 11:51:44 AttenuationSystem update...
2025/08/05 11:51:44 AttenuationSystem parallel flag: 1
2025/08/05 11:51:44 Attenuation computed count: 550000
2025/08/05 11:51:44 AttenuationSystem update time: 193.323934ms
2025/08/05 11:51:44 Run 5 complete
2025/08/05 11:51:44 StationSystem update...
2025/08/05 11:51:44 weather update count: 500
2025/08/05 11:51:44 StationSystem update time: 5.144µs
2025/08/05 11:51:44 SatelliteSystem update...
2025/08/05 11:51:44 satellite count: 1100
2025/08/05 11:51:44 SatelliteSystem update time: 4.170868ms
2025/08/05 11:51:44 TopoSystem update...
2025/08/05 11:51:44 TopoSystem: Link count: 550000
2025/08/05 11:51:44 TopoSystem update time: 10.370167ms
2025/08/05 11:51:44 AttenuationSystem update...
2025/08/05 11:51:44 AttenuationSystem parallel flag: 1
2025/08/05 11:51:44 Attenuation computed count: 550000
2025/08/05 11:51:44 AttenuationSystem update time: 186.967196ms
2025/08/05 11:51:44 Run 6 complete
2025/08/05 11:51:44 StationSystem update...
2025/08/05 11:51:44 weather update count: 500
2025/08/05 11:51:44 StationSystem update time: 5.036µs
2025/08/05 11:51:44 SatelliteSystem update...
2025/08/05 11:51:44 satellite count: 1100
2025/08/05 11:51:44 SatelliteSystem update time: 4.201894ms
2025/08/05 11:51:44 TopoSystem update...
2025/08/05 11:51:44 TopoSystem: Link count: 550000
2025/08/05 11:51:44 TopoSystem update time: 10.356241ms
2025/08/05 11:51:44 AttenuationSystem update...
2025/08/05 11:51:44 AttenuationSystem parallel flag: 1
2025/08/05 11:51:45 Attenuation computed count: 550000
2025/08/05 11:51:45 AttenuationSystem update time: 175.656462ms
2025/08/05 11:51:45 Run 7 complete
2025/08/05 11:51:45 StationSystem update...
2025/08/05 11:51:45 weather update count: 500
2025/08/05 11:51:45 StationSystem update time: 3.702µs
2025/08/05 11:51:45 SatelliteSystem update...
2025/08/05 11:51:45 satellite count: 1100
2025/08/05 11:51:45 SatelliteSystem update time: 4.168102ms
2025/08/05 11:51:45 TopoSystem update...
2025/08/05 11:51:45 TopoSystem: Link count: 550000
2025/08/05 11:51:45 TopoSystem update time: 8.924415ms
2025/08/05 11:51:45 AttenuationSystem update...
2025/08/05 11:51:45 AttenuationSystem parallel flag: 1
2025/08/05 11:51:45 Attenuation computed count: 550000
2025/08/05 11:51:45 AttenuationSystem update time: 190.68681ms
2025/08/05 11:51:45 Run 8 complete
2025/08/05 11:51:45 StationSystem update...
2025/08/05 11:51:45 weather update count: 500
2025/08/05 11:51:45 StationSystem update time: 3.669µs
2025/08/05 11:51:45 SatelliteSystem update...
2025/08/05 11:51:45 satellite count: 1100
2025/08/05 11:51:45 SatelliteSystem update time: 4.188249ms
2025/08/05 11:51:45 TopoSystem update...
2025/08/05 11:51:45 TopoSystem: Link count: 550000
2025/08/05 11:51:45 TopoSystem update time: 12.807428ms
2025/08/05 11:51:45 AttenuationSystem update...
2025/08/05 11:51:45 AttenuationSystem parallel flag: 1
2025/08/05 11:51:45 Attenuation computed count: 550000
2025/08/05 11:51:45 AttenuationSystem update time: 230.000884ms
2025/08/05 11:51:45 Run 9 complete
2025/08/05 11:51:45 StationSystem update...
2025/08/05 11:51:45 weather update count: 500
2025/08/05 11:51:45 StationSystem update time: 8.231µs
2025/08/05 11:51:45 SatelliteSystem update...
2025/08/05 11:51:45 satellite count: 1100
2025/08/05 11:51:45 SatelliteSystem update time: 4.535998ms
2025/08/05 11:51:45 TopoSystem update...
2025/08/05 11:51:45 TopoSystem: Link count: 550000
2025/08/05 11:51:45 TopoSystem update time: 32.725947ms
2025/08/05 11:51:45 AttenuationSystem update...
2025/08/05 11:51:45 AttenuationSystem parallel flag: 1
2025/08/05 11:51:45 Attenuation computed count: 550000
2025/08/05 11:51:45 AttenuationSystem update time: 180.618899ms
2025/08/05 11:51:45 Run 10 complete
2025/08/05 11:51:45 Total update time:  2.044064514s
2025/08/05 11:51:45 linkCache size: 40

 Performance counter stats for './scale_ecs 500 1100 10 8 2 1':

        13,411,617      cache-references                                                      
         3,161,656      cache-misses                     #   23.57% of all cache refs         

       2.050157140 seconds time elapsed

      12.945837000 seconds user
       0.088066000 seconds sys


