ECS running with 1000 stations, 1200 satellites, 4 numWGs and 8 numBlocks for 10 rounds in 0 parallel pattern
2025/08/05 14:35:07 StationSystem update...
2025/08/05 14:35:07 weather update count: 1000
2025/08/05 14:35:07 StationSystem update time: 5.104µs
2025/08/05 14:35:07 SatelliteSystem update...
2025/08/05 14:35:07 satellite count: 1200
2025/08/05 14:35:07 SatelliteSystem update time: 4.607086ms
2025/08/05 14:35:07 TopoSystem update...
2025/08/05 14:35:07 TopoSystem: Link count: 1200000
2025/08/05 14:35:07 TopoSystem update time: 39.424802ms
2025/08/05 14:35:07 AttenuationSystem update...
2025/08/05 14:35:07 AttenuationSystem parallel flag: 0
2025/08/05 14:35:07 Attenuation computed count: 1200000
2025/08/05 14:35:07 AttenuationSystem update time: 347.504335ms
2025/08/05 14:35:07 Run 1 complete
2025/08/05 14:35:07 StationSystem update...
2025/08/05 14:35:07 weather update count: 1000
2025/08/05 14:35:07 StationSystem update time: 6.087µs
2025/08/05 14:35:07 SatelliteSystem update...
2025/08/05 14:35:07 satellite count: 1200
2025/08/05 14:35:07 SatelliteSystem update time: 4.541087ms
2025/08/05 14:35:07 TopoSystem update...
2025/08/05 14:35:08 TopoSystem: Link count: 1200000
2025/08/05 14:35:08 TopoSystem update time: 34.445301ms
2025/08/05 14:35:08 AttenuationSystem update...
2025/08/05 14:35:08 AttenuationSystem parallel flag: 0
2025/08/05 14:35:08 Attenuation computed count: 1200000
2025/08/05 14:35:08 AttenuationSystem update time: 392.991167ms
2025/08/05 14:35:08 Run 2 complete
2025/08/05 14:35:08 StationSystem update...
2025/08/05 14:35:08 weather update count: 1000
2025/08/05 14:35:08 StationSystem update time: 6.094µs
2025/08/05 14:35:08 SatelliteSystem update...
2025/08/05 14:35:08 satellite count: 1200
2025/08/05 14:35:08 SatelliteSystem update time: 4.564091ms
2025/08/05 14:35:08 TopoSystem update...
2025/08/05 14:35:08 TopoSystem: Link count: 1200000
2025/08/05 14:35:08 TopoSystem update time: 20.276597ms
2025/08/05 14:35:08 AttenuationSystem update...
2025/08/05 14:35:08 AttenuationSystem parallel flag: 0
2025/08/05 14:35:08 Attenuation computed count: 1200000
2025/08/05 14:35:08 AttenuationSystem update time: 361.765501ms
2025/08/05 14:35:08 Run 3 complete
2025/08/05 14:35:08 StationSystem update...
2025/08/05 14:35:08 weather update count: 1000
2025/08/05 14:35:08 StationSystem update time: 15.882µs
2025/08/05 14:35:08 SatelliteSystem update...
2025/08/05 14:35:08 satellite count: 1200
2025/08/05 14:35:08 SatelliteSystem update time: 5.552752ms
2025/08/05 14:35:08 TopoSystem update...
2025/08/05 14:35:08 TopoSystem: Link count: 1200000
2025/08/05 14:35:08 TopoSystem update time: 69.659439ms
2025/08/05 14:35:08 AttenuationSystem update...
2025/08/05 14:35:08 AttenuationSystem parallel flag: 0
2025/08/05 14:35:09 Attenuation computed count: 1200000
2025/08/05 14:35:09 AttenuationSystem update time: 352.138869ms
2025/08/05 14:35:09 Run 4 complete
2025/08/05 14:35:09 StationSystem update...
2025/08/05 14:35:09 weather update count: 1000
2025/08/05 14:35:09 StationSystem update time: 6.631µs
2025/08/05 14:35:09 SatelliteSystem update...
2025/08/05 14:35:09 satellite count: 1200
2025/08/05 14:35:09 SatelliteSystem update time: 4.582259ms
2025/08/05 14:35:09 TopoSystem update...
2025/08/05 14:35:09 TopoSystem: Link count: 1200000
2025/08/05 14:35:09 TopoSystem update time: 56.033408ms
2025/08/05 14:35:09 AttenuationSystem update...
2025/08/05 14:35:09 AttenuationSystem parallel flag: 0
2025/08/05 14:35:09 Attenuation computed count: 1200000
2025/08/05 14:35:09 AttenuationSystem update time: 376.454399ms
2025/08/05 14:35:09 Run 5 complete
2025/08/05 14:35:09 StationSystem update...
2025/08/05 14:35:09 weather update count: 1000
2025/08/05 14:35:09 StationSystem update time: 6.966µs
2025/08/05 14:35:09 SatelliteSystem update...
2025/08/05 14:35:09 satellite count: 1200
2025/08/05 14:35:09 SatelliteSystem update time: 4.563346ms
2025/08/05 14:35:09 TopoSystem update...
2025/08/05 14:35:09 TopoSystem: Link count: 1200000
2025/08/05 14:35:09 TopoSystem update time: 18.549028ms
2025/08/05 14:35:09 AttenuationSystem update...
2025/08/05 14:35:09 AttenuationSystem parallel flag: 0
2025/08/05 14:35:10 Attenuation computed count: 1200000
2025/08/05 14:35:10 AttenuationSystem update time: 375.444864ms
2025/08/05 14:35:10 Run 6 complete
2025/08/05 14:35:10 StationSystem update...
2025/08/05 14:35:10 weather update count: 1000
2025/08/05 14:35:10 StationSystem update time: 6.436µs
2025/08/05 14:35:10 SatelliteSystem update...
2025/08/05 14:35:10 satellite count: 1200
2025/08/05 14:35:10 SatelliteSystem update time: 4.593902ms
2025/08/05 14:35:10 TopoSystem update...
2025/08/05 14:35:10 TopoSystem: Link count: 1200000
2025/08/05 14:35:10 TopoSystem update time: 18.500738ms
2025/08/05 14:35:10 AttenuationSystem update...
2025/08/05 14:35:10 AttenuationSystem parallel flag: 0
2025/08/05 14:35:10 Attenuation computed count: 1200000
2025/08/05 14:35:10 AttenuationSystem update time: 376.989469ms
2025/08/05 14:35:10 Run 7 complete
2025/08/05 14:35:10 StationSystem update...
2025/08/05 14:35:10 weather update count: 1000
2025/08/05 14:35:10 StationSystem update time: 5.974µs
2025/08/05 14:35:10 SatelliteSystem update...
2025/08/05 14:35:10 satellite count: 1200
2025/08/05 14:35:10 SatelliteSystem update time: 4.632278ms
2025/08/05 14:35:10 TopoSystem update...
2025/08/05 14:35:10 TopoSystem: Link count: 1200000
2025/08/05 14:35:10 TopoSystem update time: 19.92523ms
2025/08/05 14:35:10 AttenuationSystem update...
2025/08/05 14:35:10 AttenuationSystem parallel flag: 0
2025/08/05 14:35:10 Attenuation computed count: 1200000
2025/08/05 14:35:10 AttenuationSystem update time: 364.515513ms
2025/08/05 14:35:10 Run 8 complete
2025/08/05 14:35:10 StationSystem update...
2025/08/05 14:35:10 weather update count: 1000
2025/08/05 14:35:10 StationSystem update time: 6.216µs
2025/08/05 14:35:10 SatelliteSystem update...
2025/08/05 14:35:10 satellite count: 1200
2025/08/05 14:35:10 SatelliteSystem update time: 4.573807ms
2025/08/05 14:35:10 TopoSystem update...
2025/08/05 14:35:10 TopoSystem: Link count: 1200000
2025/08/05 14:35:10 TopoSystem update time: 20.08859ms
2025/08/05 14:35:10 AttenuationSystem update...
2025/08/05 14:35:10 AttenuationSystem parallel flag: 0
2025/08/05 14:35:11 Attenuation computed count: 1200000
2025/08/05 14:35:11 AttenuationSystem update time: 377.403843ms
2025/08/05 14:35:11 Run 9 complete
2025/08/05 14:35:11 StationSystem update...
2025/08/05 14:35:11 weather update count: 1000
2025/08/05 14:35:11 StationSystem update time: 14.338µs
2025/08/05 14:35:11 SatelliteSystem update...
2025/08/05 14:35:11 satellite count: 1200
2025/08/05 14:35:11 SatelliteSystem update time: 5.161956ms
2025/08/05 14:35:11 TopoSystem update...
2025/08/05 14:35:11 TopoSystem: Link count: 1200000
2025/08/05 14:35:11 TopoSystem update time: 82.598198ms
2025/08/05 14:35:11 AttenuationSystem update...
2025/08/05 14:35:11 AttenuationSystem parallel flag: 0
2025/08/05 14:35:11 Attenuation computed count: 1200000
2025/08/05 14:35:11 AttenuationSystem update time: 374.933386ms
2025/08/05 14:35:11 Run 10 complete
2025/08/05 14:35:11 Total update time:  4.135475133s
2025/08/05 14:35:11 linkCache size: 40

 Performance counter stats for './scale_ecs 1000 1200 10 4 8 0':

        28,503,984      cache-references                                                      
         7,611,015      cache-misses                     #   26.70% of all cache refs         

       4.144991535 seconds time elapsed

      28.096298000 seconds user
       0.243097000 seconds sys


