ECS running with 700 stations, 600 satellites, 4 numWGs and 8 numBlocks for 10 rounds in 1 parallel pattern
2025/08/05 12:35:58 StationSystem update...
2025/08/05 12:35:58 SatelliteSystem update...
2025/08/05 12:35:58 weather update count: 700
2025/08/05 12:35:58 StationSystem update time: 16.533µs
2025/08/05 12:35:58 satellite count: 600
2025/08/05 12:35:58 SatelliteSystem update time: 2.336017ms
2025/08/05 12:35:58 TopoSystem update...
2025/08/05 12:35:58 TopoSystem: Link count: 420000
2025/08/05 12:35:58 TopoSystem update time: 13.84516ms
2025/08/05 12:35:58 AttenuationSystem update...
2025/08/05 12:35:58 AttenuationSystem parallel flag: 1
2025/08/05 12:35:58 Attenuation computed count: 420000
2025/08/05 12:35:58 AttenuationSystem update time: 240.305003ms
2025/08/05 12:35:58 Run 1 complete
2025/08/05 12:35:58 StationSystem update...
2025/08/05 12:35:58 weather update count: 700
2025/08/05 12:35:58 StationSystem update time: 5.662µs
2025/08/05 12:35:58 SatelliteSystem update...
2025/08/05 12:35:58 satellite count: 600
2025/08/05 12:35:58 SatelliteSystem update time: 2.311358ms
2025/08/05 12:35:58 TopoSystem update...
2025/08/05 12:35:58 TopoSystem: Link count: 420000
2025/08/05 12:35:58 TopoSystem update time: 11.214912ms
2025/08/05 12:35:58 AttenuationSystem update...
2025/08/05 12:35:58 AttenuationSystem parallel flag: 1
2025/08/05 12:35:59 Attenuation computed count: 420000
2025/08/05 12:35:59 AttenuationSystem update time: 245.535622ms
2025/08/05 12:35:59 Run 2 complete
2025/08/05 12:35:59 StationSystem update...
2025/08/05 12:35:59 weather update count: 700
2025/08/05 12:35:59 StationSystem update time: 4.83µs
2025/08/05 12:35:59 SatelliteSystem update...
2025/08/05 12:35:59 satellite count: 600
2025/08/05 12:35:59 SatelliteSystem update time: 2.290427ms
2025/08/05 12:35:59 TopoSystem update...
2025/08/05 12:35:59 TopoSystem: Link count: 420000
2025/08/05 12:35:59 TopoSystem update time: 9.102666ms
2025/08/05 12:35:59 AttenuationSystem update...
2025/08/05 12:35:59 AttenuationSystem parallel flag: 1
2025/08/05 12:35:59 Attenuation computed count: 420000
2025/08/05 12:35:59 AttenuationSystem update time: 288.449252ms
2025/08/05 12:35:59 Run 3 complete
2025/08/05 12:35:59 StationSystem update...
2025/08/05 12:35:59 weather update count: 700
2025/08/05 12:35:59 StationSystem update time: 4.719µs
2025/08/05 12:35:59 SatelliteSystem update...
2025/08/05 12:35:59 satellite count: 600
2025/08/05 12:35:59 SatelliteSystem update time: 2.300854ms
2025/08/05 12:35:59 TopoSystem update...
2025/08/05 12:35:59 TopoSystem: Link count: 420000
2025/08/05 12:35:59 TopoSystem update time: 9.230298ms
2025/08/05 12:35:59 AttenuationSystem update...
2025/08/05 12:35:59 AttenuationSystem parallel flag: 1
2025/08/05 12:35:59 Attenuation computed count: 420000
2025/08/05 12:35:59 AttenuationSystem update time: 241.002977ms
2025/08/05 12:35:59 Run 4 complete
2025/08/05 12:35:59 StationSystem update...
2025/08/05 12:35:59 weather update count: 700
2025/08/05 12:35:59 StationSystem update time: 5.129µs
2025/08/05 12:35:59 SatelliteSystem update...
2025/08/05 12:35:59 satellite count: 600
2025/08/05 12:35:59 SatelliteSystem update time: 2.284507ms
2025/08/05 12:35:59 TopoSystem update...
2025/08/05 12:35:59 TopoSystem: Link count: 420000
2025/08/05 12:35:59 TopoSystem update time: 8.932441ms
2025/08/05 12:35:59 AttenuationSystem update...
2025/08/05 12:35:59 AttenuationSystem parallel flag: 1
2025/08/05 12:35:59 Attenuation computed count: 420000
2025/08/05 12:35:59 AttenuationSystem update time: 273.203983ms
2025/08/05 12:35:59 Run 5 complete
2025/08/05 12:35:59 StationSystem update...
2025/08/05 12:35:59 weather update count: 700
2025/08/05 12:35:59 StationSystem update time: 5.206µs
2025/08/05 12:35:59 SatelliteSystem update...
2025/08/05 12:35:59 satellite count: 600
2025/08/05 12:35:59 SatelliteSystem update time: 2.274676ms
2025/08/05 12:35:59 TopoSystem update...
2025/08/05 12:35:59 TopoSystem: Link count: 420000
2025/08/05 12:35:59 TopoSystem update time: 10.414671ms
2025/08/05 12:35:59 AttenuationSystem update...
2025/08/05 12:35:59 AttenuationSystem parallel flag: 1
2025/08/05 12:36:00 Attenuation computed count: 420000
2025/08/05 12:36:00 AttenuationSystem update time: 256.616881ms
2025/08/05 12:36:00 Run 6 complete
2025/08/05 12:36:00 StationSystem update...
2025/08/05 12:36:00 weather update count: 700
2025/08/05 12:36:00 StationSystem update time: 3.076µs
2025/08/05 12:36:00 SatelliteSystem update...
2025/08/05 12:36:00 satellite count: 600
2025/08/05 12:36:00 SatelliteSystem update time: 2.289988ms
2025/08/05 12:36:00 TopoSystem update...
2025/08/05 12:36:00 TopoSystem: Link count: 420000
2025/08/05 12:36:00 TopoSystem update time: 12.174852ms
2025/08/05 12:36:00 AttenuationSystem update...
2025/08/05 12:36:00 AttenuationSystem parallel flag: 1
2025/08/05 12:36:00 Attenuation computed count: 420000
2025/08/05 12:36:00 AttenuationSystem update time: 283.832132ms
2025/08/05 12:36:00 Run 7 complete
2025/08/05 12:36:00 StationSystem update...
2025/08/05 12:36:00 weather update count: 700
2025/08/05 12:36:00 StationSystem update time: 12.594µs
2025/08/05 12:36:00 SatelliteSystem update...
2025/08/05 12:36:00 satellite count: 600
2025/08/05 12:36:00 SatelliteSystem update time: 2.458099ms
2025/08/05 12:36:00 TopoSystem update...
2025/08/05 12:36:00 TopoSystem: Link count: 420000
2025/08/05 12:36:00 TopoSystem update time: 30.228331ms
2025/08/05 12:36:00 AttenuationSystem update...
2025/08/05 12:36:00 AttenuationSystem parallel flag: 1
2025/08/05 12:36:00 Attenuation computed count: 420000
2025/08/05 12:36:00 AttenuationSystem update time: 282.915233ms
2025/08/05 12:36:00 Run 8 complete
2025/08/05 12:36:00 StationSystem update...
2025/08/05 12:36:00 weather update count: 700
2025/08/05 12:36:00 StationSystem update time: 5.338µs
2025/08/05 12:36:00 SatelliteSystem update...
2025/08/05 12:36:00 satellite count: 600
2025/08/05 12:36:00 SatelliteSystem update time: 2.29384ms
2025/08/05 12:36:00 TopoSystem update...
2025/08/05 12:36:00 TopoSystem: Link count: 420000
2025/08/05 12:36:00 TopoSystem update time: 18.217414ms
2025/08/05 12:36:00 AttenuationSystem update...
2025/08/05 12:36:00 AttenuationSystem parallel flag: 1
2025/08/05 12:36:01 Attenuation computed count: 420000
2025/08/05 12:36:01 AttenuationSystem update time: 301.85807ms
2025/08/05 12:36:01 Run 9 complete
2025/08/05 12:36:01 StationSystem update...
2025/08/05 12:36:01 weather update count: 700
2025/08/05 12:36:01 StationSystem update time: 5.565µs
2025/08/05 12:36:01 SatelliteSystem update...
2025/08/05 12:36:01 satellite count: 600
2025/08/05 12:36:01 SatelliteSystem update time: 2.288896ms
2025/08/05 12:36:01 TopoSystem update...
2025/08/05 12:36:01 TopoSystem: Link count: 420000
2025/08/05 12:36:01 TopoSystem update time: 14.410421ms
2025/08/05 12:36:01 AttenuationSystem update...
2025/08/05 12:36:01 AttenuationSystem parallel flag: 1
2025/08/05 12:36:01 Attenuation computed count: 420000
2025/08/05 12:36:01 AttenuationSystem update time: 282.190516ms
2025/08/05 12:36:01 Run 10 complete
2025/08/05 12:36:01 Total update time:  2.863833396s
2025/08/05 12:36:01 linkCache size: 40

 Performance counter stats for './scale_ecs 700 600 10 4 8 1':

         9,880,723      cache-references                                                      
         2,330,331      cache-misses                     #   23.58% of all cache refs         

       2.871836758 seconds time elapsed

      10.186467000 seconds user
       0.082245000 seconds sys


