ECS running with 700 stations, 1900 satellites, 4 numWGs and 2 numBlocks for 10 rounds in 0 parallel pattern
2025/08/05 13:00:31 StationSystem update...
2025/08/05 13:00:31 weather update count: 700
2025/08/05 13:00:31 SatelliteSystem update...
2025/08/05 13:00:31 StationSystem update time: 4.89µs
2025/08/05 13:00:31 satellite count: 1900
2025/08/05 13:00:31 SatelliteSystem update time: 7.537158ms
2025/08/05 13:00:31 TopoSystem update...
2025/08/05 13:00:31 TopoSystem: Link count: 1330000
2025/08/05 13:00:31 TopoSystem update time: 42.456797ms
2025/08/05 13:00:31 AttenuationSystem update...
2025/08/05 13:00:31 AttenuationSystem parallel flag: 0
2025/08/05 13:00:33 Attenuation computed count: 1330000
2025/08/05 13:00:33 AttenuationSystem update time: 1.484605423s
2025/08/05 13:00:33 Run 1 complete
2025/08/05 13:00:33 StationSystem update...
2025/08/05 13:00:33 weather update count: 700
2025/08/05 13:00:33 StationSystem update time: 9.99µs
2025/08/05 13:00:33 SatelliteSystem update...
2025/08/05 13:00:33 satellite count: 1900
2025/08/05 13:00:33 SatelliteSystem update time: 7.782187ms
2025/08/05 13:00:33 TopoSystem update...
2025/08/05 13:00:33 TopoSystem: Link count: 1330000
2025/08/05 13:00:33 TopoSystem update time: 59.467891ms
2025/08/05 13:00:33 AttenuationSystem update...
2025/08/05 13:00:33 AttenuationSystem parallel flag: 0
2025/08/05 13:00:34 Attenuation computed count: 1330000
2025/08/05 13:00:34 AttenuationSystem update time: 1.376133251s
2025/08/05 13:00:34 Run 2 complete
2025/08/05 13:00:34 StationSystem update...
2025/08/05 13:00:34 weather update count: 700
2025/08/05 13:00:34 StationSystem update time: 3.922µs
2025/08/05 13:00:34 SatelliteSystem update...
2025/08/05 13:00:34 satellite count: 1900
2025/08/05 13:00:34 SatelliteSystem update time: 17.995232ms
2025/08/05 13:00:34 TopoSystem update...
2025/08/05 13:00:34 TopoSystem: Link count: 1330000
2025/08/05 13:00:34 TopoSystem update time: 59.211771ms
2025/08/05 13:00:34 AttenuationSystem update...
2025/08/05 13:00:34 AttenuationSystem parallel flag: 0
2025/08/05 13:00:36 Attenuation computed count: 1330000
2025/08/05 13:00:36 AttenuationSystem update time: 1.304608073s
2025/08/05 13:00:36 Run 3 complete
2025/08/05 13:00:36 StationSystem update...
2025/08/05 13:00:36 weather update count: 700
2025/08/05 13:00:36 StationSystem update time: 8.99µs
2025/08/05 13:00:36 SatelliteSystem update...
2025/08/05 13:00:36 satellite count: 1900
2025/08/05 13:00:36 SatelliteSystem update time: 6.68542ms
2025/08/05 13:00:36 TopoSystem update...
2025/08/05 13:00:36 TopoSystem: Link count: 1330000
2025/08/05 13:00:36 TopoSystem update time: 58.067872ms
2025/08/05 13:00:36 AttenuationSystem update...
2025/08/05 13:00:36 AttenuationSystem parallel flag: 0
2025/08/05 13:00:37 Attenuation computed count: 1330000
2025/08/05 13:00:37 AttenuationSystem update time: 1.527721182s
2025/08/05 13:00:37 Run 4 complete
2025/08/05 13:00:37 StationSystem update...
2025/08/05 13:00:37 weather update count: 700
2025/08/05 13:00:37 StationSystem update time: 4.511µs
2025/08/05 13:00:37 SatelliteSystem update...
2025/08/05 13:00:37 satellite count: 1900
2025/08/05 13:00:37 SatelliteSystem update time: 18.019054ms
2025/08/05 13:00:37 TopoSystem update...
2025/08/05 13:00:37 TopoSystem: Link count: 1330000
2025/08/05 13:00:37 TopoSystem update time: 86.885918ms
2025/08/05 13:00:37 AttenuationSystem update...
2025/08/05 13:00:37 AttenuationSystem parallel flag: 0
2025/08/05 13:00:39 Attenuation computed count: 1330000
2025/08/05 13:00:39 AttenuationSystem update time: 1.536467295s
2025/08/05 13:00:39 Run 5 complete
2025/08/05 13:00:39 StationSystem update...
2025/08/05 13:00:39 weather update count: 700
2025/08/05 13:00:39 StationSystem update time: 4.388µs
2025/08/05 13:00:39 SatelliteSystem update...
2025/08/05 13:00:39 satellite count: 1900
2025/08/05 13:00:39 SatelliteSystem update time: 7.170842ms
2025/08/05 13:00:39 TopoSystem update...
2025/08/05 13:00:39 TopoSystem: Link count: 1330000
2025/08/05 13:00:39 TopoSystem update time: 42.145364ms
2025/08/05 13:00:39 AttenuationSystem update...
2025/08/05 13:00:39 AttenuationSystem parallel flag: 0
2025/08/05 13:00:40 Attenuation computed count: 1330000
2025/08/05 13:00:40 AttenuationSystem update time: 1.535624301s
2025/08/05 13:00:40 Run 6 complete
2025/08/05 13:00:40 StationSystem update...
2025/08/05 13:00:40 weather update count: 700
2025/08/05 13:00:40 StationSystem update time: 17.653µs
2025/08/05 13:00:40 SatelliteSystem update...
2025/08/05 13:00:40 satellite count: 1900
2025/08/05 13:00:40 SatelliteSystem update time: 7.774934ms
2025/08/05 13:00:40 TopoSystem update...
2025/08/05 13:00:41 TopoSystem: Link count: 1330000
2025/08/05 13:00:41 TopoSystem update time: 58.559825ms
2025/08/05 13:00:41 AttenuationSystem update...
2025/08/05 13:00:41 AttenuationSystem parallel flag: 0
2025/08/05 13:00:42 Attenuation computed count: 1330000
2025/08/05 13:00:42 AttenuationSystem update time: 1.555781322s
2025/08/05 13:00:42 Run 7 complete
2025/08/05 13:00:42 StationSystem update...
2025/08/05 13:00:42 weather update count: 700
2025/08/05 13:00:42 StationSystem update time: 3.685µs
2025/08/05 13:00:42 SatelliteSystem update...
2025/08/05 13:00:42 satellite count: 1900
2025/08/05 13:00:42 SatelliteSystem update time: 17.963663ms
2025/08/05 13:00:42 TopoSystem update...
2025/08/05 13:00:42 TopoSystem: Link count: 1330000
2025/08/05 13:00:42 TopoSystem update time: 67.690883ms
2025/08/05 13:00:42 AttenuationSystem update...
2025/08/05 13:00:42 AttenuationSystem parallel flag: 0
2025/08/05 13:00:44 Attenuation computed count: 1330000
2025/08/05 13:00:44 AttenuationSystem update time: 1.432290788s
2025/08/05 13:00:44 Run 8 complete
2025/08/05 13:00:44 StationSystem update...
2025/08/05 13:00:44 weather update count: 700
2025/08/05 13:00:44 StationSystem update time: 2.692µs
2025/08/05 13:00:44 SatelliteSystem update...
2025/08/05 13:00:44 satellite count: 1900
2025/08/05 13:00:44 SatelliteSystem update time: 5.369636ms
2025/08/05 13:00:44 TopoSystem update...
2025/08/05 13:00:44 TopoSystem: Link count: 1330000
2025/08/05 13:00:44 TopoSystem update time: 46.398111ms
2025/08/05 13:00:44 AttenuationSystem update...
2025/08/05 13:00:44 AttenuationSystem parallel flag: 0
2025/08/05 13:00:45 Attenuation computed count: 1330000
2025/08/05 13:00:45 AttenuationSystem update time: 1.39506683s
2025/08/05 13:00:45 Run 9 complete
2025/08/05 13:00:45 StationSystem update...
2025/08/05 13:00:45 weather update count: 700
2025/08/05 13:00:45 StationSystem update time: 2.984µs
2025/08/05 13:00:45 SatelliteSystem update...
2025/08/05 13:00:45 satellite count: 1900
2025/08/05 13:00:45 SatelliteSystem update time: 10.615528ms
2025/08/05 13:00:45 TopoSystem update...
2025/08/05 13:00:45 TopoSystem: Link count: 1330000
2025/08/05 13:00:45 TopoSystem update time: 46.781175ms
2025/08/05 13:00:45 AttenuationSystem update...
2025/08/05 13:00:45 AttenuationSystem parallel flag: 0
2025/08/05 13:00:47 Attenuation computed count: 1330000
2025/08/05 13:00:47 AttenuationSystem update time: 1.542500015s
2025/08/05 13:00:47 Run 10 complete
2025/08/05 13:00:47 Total update time:  15.379794039s
2025/08/05 13:00:47 linkCache size: 40

 Performance counter stats for './scale_ecs 700 1900 10 4 2 0':

        32,175,278      cache-references                                                      
         9,700,401      cache-misses                     #   30.15% of all cache refs         

      15.389912989 seconds time elapsed

      28.760511000 seconds user
       0.366133000 seconds sys


