ECS running with 700 stations, 1000 satellites, 8 numWGs and 2 numBlocks for 10 rounds in 1 parallel pattern
2025/08/05 12:41:14 StationSystem update...
2025/08/05 12:41:14 weather update count: 700
2025/08/05 12:41:14 StationSystem update time: 4.827µs
2025/08/05 12:41:14 SatelliteSystem update...
2025/08/05 12:41:14 satellite count: 1000
2025/08/05 12:41:14 SatelliteSystem update time: 3.81345ms
2025/08/05 12:41:14 TopoSystem update...
2025/08/05 12:41:14 TopoSystem: Link count: 700000
2025/08/05 12:41:14 TopoSystem update time: 21.880113ms
2025/08/05 12:41:14 AttenuationSystem update...
2025/08/05 12:41:14 AttenuationSystem parallel flag: 1
2025/08/05 12:41:14 Attenuation computed count: 700000
2025/08/05 12:41:14 AttenuationSystem update time: 204.849212ms
2025/08/05 12:41:14 Run 1 complete
2025/08/05 12:41:14 StationSystem update...
2025/08/05 12:41:14 weather update count: 700
2025/08/05 12:41:14 StationSystem update time: 5.788µs
2025/08/05 12:41:14 SatelliteSystem update...
2025/08/05 12:41:14 satellite count: 1000
2025/08/05 12:41:14 SatelliteSystem update time: 3.792334ms
2025/08/05 12:41:14 TopoSystem update...
2025/08/05 12:41:15 TopoSystem: Link count: 700000
2025/08/05 12:41:15 TopoSystem update time: 16.807934ms
2025/08/05 12:41:15 AttenuationSystem update...
2025/08/05 12:41:15 AttenuationSystem parallel flag: 1
2025/08/05 12:41:15 Attenuation computed count: 700000
2025/08/05 12:41:15 AttenuationSystem update time: 200.730373ms
2025/08/05 12:41:15 Run 2 complete
2025/08/05 12:41:15 StationSystem update...
2025/08/05 12:41:15 weather update count: 700
2025/08/05 12:41:15 StationSystem update time: 4.442µs
2025/08/05 12:41:15 SatelliteSystem update...
2025/08/05 12:41:15 satellite count: 1000
2025/08/05 12:41:15 SatelliteSystem update time: 3.816186ms
2025/08/05 12:41:15 TopoSystem update...
2025/08/05 12:41:15 TopoSystem: Link count: 700000
2025/08/05 12:41:15 TopoSystem update time: 11.598152ms
2025/08/05 12:41:15 AttenuationSystem update...
2025/08/05 12:41:15 AttenuationSystem parallel flag: 1
2025/08/05 12:41:15 Attenuation computed count: 700000
2025/08/05 12:41:15 AttenuationSystem update time: 227.176718ms
2025/08/05 12:41:15 Run 3 complete
2025/08/05 12:41:15 StationSystem update...
2025/08/05 12:41:15 weather update count: 700
2025/08/05 12:41:15 StationSystem update time: 4.323µs
2025/08/05 12:41:15 SatelliteSystem update...
2025/08/05 12:41:15 satellite count: 1000
2025/08/05 12:41:15 SatelliteSystem update time: 3.802863ms
2025/08/05 12:41:15 TopoSystem update...
2025/08/05 12:41:15 TopoSystem: Link count: 700000
2025/08/05 12:41:15 TopoSystem update time: 12.378916ms
2025/08/05 12:41:15 AttenuationSystem update...
2025/08/05 12:41:15 AttenuationSystem parallel flag: 1
2025/08/05 12:41:15 Attenuation computed count: 700000
2025/08/05 12:41:15 AttenuationSystem update time: 244.438643ms
2025/08/05 12:41:15 Run 4 complete
2025/08/05 12:41:15 StationSystem update...
2025/08/05 12:41:15 weather update count: 700
2025/08/05 12:41:15 StationSystem update time: 4.211µs
2025/08/05 12:41:15 SatelliteSystem update...
2025/08/05 12:41:15 satellite count: 1000
2025/08/05 12:41:15 SatelliteSystem update time: 2.852904ms
2025/08/05 12:41:15 TopoSystem update...
2025/08/05 12:41:15 TopoSystem: Link count: 700000
2025/08/05 12:41:15 TopoSystem update time: 12.226249ms
2025/08/05 12:41:15 AttenuationSystem update...
2025/08/05 12:41:15 AttenuationSystem parallel flag: 1
2025/08/05 12:41:15 Attenuation computed count: 700000
2025/08/05 12:41:15 AttenuationSystem update time: 218.517514ms
2025/08/05 12:41:15 Run 5 complete
2025/08/05 12:41:15 StationSystem update...
2025/08/05 12:41:15 weather update count: 700
2025/08/05 12:41:15 StationSystem update time: 4.901µs
2025/08/05 12:41:15 SatelliteSystem update...
2025/08/05 12:41:15 satellite count: 1000
2025/08/05 12:41:15 SatelliteSystem update time: 3.823929ms
2025/08/05 12:41:15 TopoSystem update...
2025/08/05 12:41:15 TopoSystem: Link count: 700000
2025/08/05 12:41:15 TopoSystem update time: 31.088613ms
2025/08/05 12:41:15 AttenuationSystem update...
2025/08/05 12:41:15 AttenuationSystem parallel flag: 1
2025/08/05 12:41:16 Attenuation computed count: 700000
2025/08/05 12:41:16 AttenuationSystem update time: 250.924188ms
2025/08/05 12:41:16 Run 6 complete
2025/08/05 12:41:16 StationSystem update...
2025/08/05 12:41:16 weather update count: 700
2025/08/05 12:41:16 StationSystem update time: 9.889µs
2025/08/05 12:41:16 SatelliteSystem update...
2025/08/05 12:41:16 satellite count: 1000
2025/08/05 12:41:16 SatelliteSystem update time: 4.101027ms
2025/08/05 12:41:16 TopoSystem update...
2025/08/05 12:41:16 TopoSystem: Link count: 700000
2025/08/05 12:41:16 TopoSystem update time: 14.430602ms
2025/08/05 12:41:16 AttenuationSystem update...
2025/08/05 12:41:16 AttenuationSystem parallel flag: 1
2025/08/05 12:41:16 Attenuation computed count: 700000
2025/08/05 12:41:16 AttenuationSystem update time: 206.664222ms
2025/08/05 12:41:16 Run 7 complete
2025/08/05 12:41:16 StationSystem update...
2025/08/05 12:41:16 weather update count: 700
2025/08/05 12:41:16 StationSystem update time: 4.763µs
2025/08/05 12:41:16 SatelliteSystem update...
2025/08/05 12:41:16 satellite count: 1000
2025/08/05 12:41:16 SatelliteSystem update time: 3.828069ms
2025/08/05 12:41:16 TopoSystem update...
2025/08/05 12:41:16 TopoSystem: Link count: 700000
2025/08/05 12:41:16 TopoSystem update time: 9.42155ms
2025/08/05 12:41:16 AttenuationSystem update...
2025/08/05 12:41:16 AttenuationSystem parallel flag: 1
2025/08/05 12:41:16 Attenuation computed count: 700000
2025/08/05 12:41:16 AttenuationSystem update time: 232.966775ms
2025/08/05 12:41:16 Run 8 complete
2025/08/05 12:41:16 StationSystem update...
2025/08/05 12:41:16 weather update count: 700
2025/08/05 12:41:16 StationSystem update time: 4.671µs
2025/08/05 12:41:16 SatelliteSystem update...
2025/08/05 12:41:16 satellite count: 1000
2025/08/05 12:41:16 SatelliteSystem update time: 3.806274ms
2025/08/05 12:41:16 TopoSystem update...
2025/08/05 12:41:16 TopoSystem: Link count: 700000
2025/08/05 12:41:16 TopoSystem update time: 10.798901ms
2025/08/05 12:41:16 AttenuationSystem update...
2025/08/05 12:41:16 AttenuationSystem parallel flag: 1
2025/08/05 12:41:16 Attenuation computed count: 700000
2025/08/05 12:41:16 AttenuationSystem update time: 209.423646ms
2025/08/05 12:41:16 Run 9 complete
2025/08/05 12:41:16 StationSystem update...
2025/08/05 12:41:16 weather update count: 700
2025/08/05 12:41:16 StationSystem update time: 4.63µs
2025/08/05 12:41:16 SatelliteSystem update...
2025/08/05 12:41:16 satellite count: 1000
2025/08/05 12:41:16 SatelliteSystem update time: 3.789632ms
2025/08/05 12:41:16 TopoSystem update...
2025/08/05 12:41:16 TopoSystem: Link count: 700000
2025/08/05 12:41:16 TopoSystem update time: 12.018595ms
2025/08/05 12:41:16 AttenuationSystem update...
2025/08/05 12:41:16 AttenuationSystem parallel flag: 1
2025/08/05 12:41:17 Attenuation computed count: 700000
2025/08/05 12:41:17 AttenuationSystem update time: 232.475858ms
2025/08/05 12:41:17 Run 10 complete
2025/08/05 12:41:17 Total update time:  2.425432693s
2025/08/05 12:41:17 linkCache size: 40

 Performance counter stats for './scale_ecs 700 1000 10 8 2 1':

        15,854,583      cache-references                                                      
         3,714,499      cache-misses                     #   23.43% of all cache refs         

       2.431683803 seconds time elapsed

      15.234528000 seconds user
       0.075076000 seconds sys


