ECS running with 500 stations, 1200 satellites, 4 numWGs and 4 numBlocks for 10 rounds in 0 parallel pattern
2025/08/05 11:52:53 StationSystem update...
2025/08/05 11:52:53 weather update count: 500
2025/08/05 11:52:53 StationSystem update time: 4.25µs
2025/08/05 11:52:53 SatelliteSystem update...
2025/08/05 11:52:53 satellite count: 1200
2025/08/05 11:52:53 SatelliteSystem update time: 4.67653ms
2025/08/05 11:52:53 TopoSystem update...
2025/08/05 11:52:53 TopoSystem: Link count: 600000
2025/08/05 11:52:53 TopoSystem update time: 19.708215ms
2025/08/05 11:52:53 AttenuationSystem update...
2025/08/05 11:52:53 AttenuationSystem parallel flag: 0
2025/08/05 11:52:53 Attenuation computed count: 600000
2025/08/05 11:52:53 AttenuationSystem update time: 348.884364ms
2025/08/05 11:52:53 Run 1 complete
2025/08/05 11:52:53 StationSystem update...
2025/08/05 11:52:53 weather update count: 500
2025/08/05 11:52:53 StationSystem update time: 4.273µs
2025/08/05 11:52:53 SatelliteSystem update...
2025/08/05 11:52:53 satellite count: 1200
2025/08/05 11:52:53 SatelliteSystem update time: 4.607582ms
2025/08/05 11:52:53 TopoSystem update...
2025/08/05 11:52:53 TopoSystem: Link count: 600000
2025/08/05 11:52:53 TopoSystem update time: 17.117188ms
2025/08/05 11:52:53 AttenuationSystem update...
2025/08/05 11:52:53 AttenuationSystem parallel flag: 0
2025/08/05 11:52:54 Attenuation computed count: 600000
2025/08/05 11:52:54 AttenuationSystem update time: 345.974711ms
2025/08/05 11:52:54 Run 2 complete
2025/08/05 11:52:54 StationSystem update...
2025/08/05 11:52:54 weather update count: 500
2025/08/05 11:52:54 StationSystem update time: 3.067µs
2025/08/05 11:52:54 SatelliteSystem update...
2025/08/05 11:52:54 satellite count: 1200
2025/08/05 11:52:54 SatelliteSystem update time: 5.100182ms
2025/08/05 11:52:54 TopoSystem update...
2025/08/05 11:52:54 TopoSystem: Link count: 600000
2025/08/05 11:52:54 TopoSystem update time: 12.027051ms
2025/08/05 11:52:54 AttenuationSystem update...
2025/08/05 11:52:54 AttenuationSystem parallel flag: 0
2025/08/05 11:52:54 Attenuation computed count: 600000
2025/08/05 11:52:54 AttenuationSystem update time: 356.129695ms
2025/08/05 11:52:54 Run 3 complete
2025/08/05 11:52:54 StationSystem update...
2025/08/05 11:52:54 weather update count: 500
2025/08/05 11:52:54 StationSystem update time: 2.779µs
2025/08/05 11:52:54 SatelliteSystem update...
2025/08/05 11:52:54 satellite count: 1200
2025/08/05 11:52:54 SatelliteSystem update time: 4.553059ms
2025/08/05 11:52:54 TopoSystem update...
2025/08/05 11:52:54 TopoSystem: Link count: 600000
2025/08/05 11:52:54 TopoSystem update time: 16.106371ms
2025/08/05 11:52:54 AttenuationSystem update...
2025/08/05 11:52:54 AttenuationSystem parallel flag: 0
2025/08/05 11:52:54 Attenuation computed count: 600000
2025/08/05 11:52:54 AttenuationSystem update time: 360.287491ms
2025/08/05 11:52:54 Run 4 complete
2025/08/05 11:52:54 StationSystem update...
2025/08/05 11:52:54 weather update count: 500
2025/08/05 11:52:54 StationSystem update time: 3.993µs
2025/08/05 11:52:54 SatelliteSystem update...
2025/08/05 11:52:54 satellite count: 1200
2025/08/05 11:52:54 SatelliteSystem update time: 4.548707ms
2025/08/05 11:52:54 TopoSystem update...
2025/08/05 11:52:54 TopoSystem: Link count: 600000
2025/08/05 11:52:54 TopoSystem update time: 10.161565ms
2025/08/05 11:52:54 AttenuationSystem update...
2025/08/05 11:52:54 AttenuationSystem parallel flag: 0
2025/08/05 11:52:55 Attenuation computed count: 600000
2025/08/05 11:52:55 AttenuationSystem update time: 369.258613ms
2025/08/05 11:52:55 Run 5 complete
2025/08/05 11:52:55 StationSystem update...
2025/08/05 11:52:55 weather update count: 500
2025/08/05 11:52:55 StationSystem update time: 3.823µs
2025/08/05 11:52:55 SatelliteSystem update...
2025/08/05 11:52:55 satellite count: 1200
2025/08/05 11:52:55 SatelliteSystem update time: 3.393149ms
2025/08/05 11:52:55 TopoSystem update...
2025/08/05 11:52:55 TopoSystem: Link count: 600000
2025/08/05 11:52:55 TopoSystem update time: 9.176998ms
2025/08/05 11:52:55 AttenuationSystem update...
2025/08/05 11:52:55 AttenuationSystem parallel flag: 0
2025/08/05 11:52:55 Attenuation computed count: 600000
2025/08/05 11:52:55 AttenuationSystem update time: 352.69647ms
2025/08/05 11:52:55 Run 6 complete
2025/08/05 11:52:55 StationSystem update...
2025/08/05 11:52:55 weather update count: 500
2025/08/05 11:52:55 StationSystem update time: 6.433µs
2025/08/05 11:52:55 SatelliteSystem update...
2025/08/05 11:52:55 satellite count: 1200
2025/08/05 11:52:55 SatelliteSystem update time: 4.949105ms
2025/08/05 11:52:55 TopoSystem update...
2025/08/05 11:52:55 TopoSystem: Link count: 600000
2025/08/05 11:52:55 TopoSystem update time: 26.16769ms
2025/08/05 11:52:55 AttenuationSystem update...
2025/08/05 11:52:55 AttenuationSystem parallel flag: 0
2025/08/05 11:52:56 Attenuation computed count: 600000
2025/08/05 11:52:56 AttenuationSystem update time: 376.867207ms
2025/08/05 11:52:56 Run 7 complete
2025/08/05 11:52:56 StationSystem update...
2025/08/05 11:52:56 weather update count: 500
2025/08/05 11:52:56 StationSystem update time: 3.855µs
2025/08/05 11:52:56 SatelliteSystem update...
2025/08/05 11:52:56 satellite count: 1200
2025/08/05 11:52:56 SatelliteSystem update time: 4.562739ms
2025/08/05 11:52:56 TopoSystem update...
2025/08/05 11:52:56 TopoSystem: Link count: 600000
2025/08/05 11:52:56 TopoSystem update time: 13.982939ms
2025/08/05 11:52:56 AttenuationSystem update...
2025/08/05 11:52:56 AttenuationSystem parallel flag: 0
2025/08/05 11:52:56 Attenuation computed count: 600000
2025/08/05 11:52:56 AttenuationSystem update time: 375.524221ms
2025/08/05 11:52:56 Run 8 complete
2025/08/05 11:52:56 StationSystem update...
2025/08/05 11:52:56 weather update count: 500
2025/08/05 11:52:56 StationSystem update time: 3.309µs
2025/08/05 11:52:56 SatelliteSystem update...
2025/08/05 11:52:56 satellite count: 1200
2025/08/05 11:52:56 SatelliteSystem update time: 4.561185ms
2025/08/05 11:52:56 TopoSystem update...
2025/08/05 11:52:56 TopoSystem: Link count: 600000
2025/08/05 11:52:56 TopoSystem update time: 10.149034ms
2025/08/05 11:52:56 AttenuationSystem update...
2025/08/05 11:52:56 AttenuationSystem parallel flag: 0
2025/08/05 11:52:56 Attenuation computed count: 600000
2025/08/05 11:52:56 AttenuationSystem update time: 368.914785ms
2025/08/05 11:52:56 Run 9 complete
2025/08/05 11:52:56 StationSystem update...
2025/08/05 11:52:56 SatelliteSystem update...
2025/08/05 11:52:56 weather update count: 500
2025/08/05 11:52:56 StationSystem update time: 7.606µs
2025/08/05 11:52:56 satellite count: 1200
2025/08/05 11:52:56 SatelliteSystem update time: 4.556331ms
2025/08/05 11:52:56 TopoSystem update...
2025/08/05 11:52:56 TopoSystem: Link count: 600000
2025/08/05 11:52:56 TopoSystem update time: 10.009339ms
2025/08/05 11:52:56 AttenuationSystem update...
2025/08/05 11:52:56 AttenuationSystem parallel flag: 0
2025/08/05 11:52:57 Attenuation computed count: 600000
2025/08/05 11:52:57 AttenuationSystem update time: 376.948415ms
2025/08/05 11:52:57 Run 10 complete
2025/08/05 11:52:57 Total update time:  3.829479513s
2025/08/05 11:52:57 linkCache size: 40

 Performance counter stats for './scale_ecs 500 1200 10 4 4 0':

        14,507,855      cache-references                                                      
         3,700,356      cache-misses                     #   25.51% of all cache refs         

       3.836011130 seconds time elapsed

      13.666958000 seconds user
       0.099050000 seconds sys


