ECS running with 700 stations, 1300 satellites, 4 numWGs and 2 numBlocks for 10 rounds in 0 parallel pattern
2025/08/05 12:46:06 StationSystem update...
2025/08/05 12:46:06 weather update count: 700
2025/08/05 12:46:06 StationSystem update time: 4.728µs
2025/08/05 12:46:06 SatelliteSystem update...
2025/08/05 12:46:06 satellite count: 1300
2025/08/05 12:46:06 SatelliteSystem update time: 4.943397ms
2025/08/05 12:46:06 TopoSystem update...
2025/08/05 12:46:06 TopoSystem: Link count: 910000
2025/08/05 12:46:06 TopoSystem update time: 27.704849ms
2025/08/05 12:46:06 AttenuationSystem update...
2025/08/05 12:46:06 AttenuationSystem parallel flag: 0
2025/08/05 12:46:07 Attenuation computed count: 910000
2025/08/05 12:46:07 AttenuationSystem update time: 911.088786ms
2025/08/05 12:46:07 Run 1 complete
2025/08/05 12:46:07 StationSystem update...
2025/08/05 12:46:07 SatelliteSystem update...
2025/08/05 12:46:07 weather update count: 700
2025/08/05 12:46:07 StationSystem update time: 9.609µs
2025/08/05 12:46:07 satellite count: 1300
2025/08/05 12:46:07 SatelliteSystem update time: 3.669009ms
2025/08/05 12:46:07 TopoSystem update...
2025/08/05 12:46:07 TopoSystem: Link count: 910000
2025/08/05 12:46:07 TopoSystem update time: 21.859332ms
2025/08/05 12:46:07 AttenuationSystem update...
2025/08/05 12:46:07 AttenuationSystem parallel flag: 0
2025/08/05 12:46:08 Attenuation computed count: 910000
2025/08/05 12:46:08 AttenuationSystem update time: 957.025266ms
2025/08/05 12:46:08 Run 2 complete
2025/08/05 12:46:08 StationSystem update...
2025/08/05 12:46:08 weather update count: 700
2025/08/05 12:46:08 StationSystem update time: 2.954µs
2025/08/05 12:46:08 SatelliteSystem update...
2025/08/05 12:46:08 satellite count: 1300
2025/08/05 12:46:08 SatelliteSystem update time: 4.932449ms
2025/08/05 12:46:08 TopoSystem update...
2025/08/05 12:46:08 TopoSystem: Link count: 910000
2025/08/05 12:46:08 TopoSystem update time: 13.888546ms
2025/08/05 12:46:08 AttenuationSystem update...
2025/08/05 12:46:08 AttenuationSystem parallel flag: 0
2025/08/05 12:46:09 Attenuation computed count: 910000
2025/08/05 12:46:09 AttenuationSystem update time: 1.04439486s
2025/08/05 12:46:09 Run 3 complete
2025/08/05 12:46:09 StationSystem update...
2025/08/05 12:46:09 weather update count: 700
2025/08/05 12:46:09 StationSystem update time: 9.229µs
2025/08/05 12:46:09 SatelliteSystem update...
2025/08/05 12:46:09 satellite count: 1300
2025/08/05 12:46:09 SatelliteSystem update time: 14.897286ms
2025/08/05 12:46:09 TopoSystem update...
2025/08/05 12:46:10 TopoSystem: Link count: 910000
2025/08/05 12:46:10 TopoSystem update time: 56.778944ms
2025/08/05 12:46:10 AttenuationSystem update...
2025/08/05 12:46:10 AttenuationSystem parallel flag: 0
2025/08/05 12:46:11 Attenuation computed count: 910000
2025/08/05 12:46:11 AttenuationSystem update time: 1.071055295s
2025/08/05 12:46:11 Run 4 complete
2025/08/05 12:46:11 StationSystem update...
2025/08/05 12:46:11 weather update count: 700
2025/08/05 12:46:11 StationSystem update time: 2.897µs
2025/08/05 12:46:11 SatelliteSystem update...
2025/08/05 12:46:11 satellite count: 1300
2025/08/05 12:46:11 SatelliteSystem update time: 4.945391ms
2025/08/05 12:46:11 TopoSystem update...
2025/08/05 12:46:11 TopoSystem: Link count: 910000
2025/08/05 12:46:11 TopoSystem update time: 16.640828ms
2025/08/05 12:46:11 AttenuationSystem update...
2025/08/05 12:46:11 AttenuationSystem parallel flag: 0
2025/08/05 12:46:12 Attenuation computed count: 910000
2025/08/05 12:46:12 AttenuationSystem update time: 919.779016ms
2025/08/05 12:46:12 Run 5 complete
2025/08/05 12:46:12 StationSystem update...
2025/08/05 12:46:12 weather update count: 700
2025/08/05 12:46:12 StationSystem update time: 2.342µs
2025/08/05 12:46:12 SatelliteSystem update...
2025/08/05 12:46:12 satellite count: 1300
2025/08/05 12:46:12 SatelliteSystem update time: 4.946075ms
2025/08/05 12:46:12 TopoSystem update...
2025/08/05 12:46:12 TopoSystem: Link count: 910000
2025/08/05 12:46:12 TopoSystem update time: 31.817678ms
2025/08/05 12:46:12 AttenuationSystem update...
2025/08/05 12:46:12 AttenuationSystem parallel flag: 0
2025/08/05 12:46:13 Attenuation computed count: 910000
2025/08/05 12:46:13 AttenuationSystem update time: 1.070840538s
2025/08/05 12:46:13 Run 6 complete
2025/08/05 12:46:13 StationSystem update...
2025/08/05 12:46:13 weather update count: 700
2025/08/05 12:46:13 StationSystem update time: 5.081µs
2025/08/05 12:46:13 SatelliteSystem update...
2025/08/05 12:46:13 satellite count: 1300
2025/08/05 12:46:13 SatelliteSystem update time: 4.942759ms
2025/08/05 12:46:13 TopoSystem update...
2025/08/05 12:46:13 TopoSystem: Link count: 910000
2025/08/05 12:46:13 TopoSystem update time: 14.982174ms
2025/08/05 12:46:13 AttenuationSystem update...
2025/08/05 12:46:13 AttenuationSystem parallel flag: 0
2025/08/05 12:46:13 Attenuation computed count: 910000
2025/08/05 12:46:13 AttenuationSystem update time: 815.773783ms
2025/08/05 12:46:13 Run 7 complete
2025/08/05 12:46:13 StationSystem update...
2025/08/05 12:46:13 weather update count: 700
2025/08/05 12:46:13 StationSystem update time: 3.727µs
2025/08/05 12:46:13 SatelliteSystem update...
2025/08/05 12:46:13 satellite count: 1300
2025/08/05 12:46:13 SatelliteSystem update time: 3.679629ms
2025/08/05 12:46:13 TopoSystem update...
2025/08/05 12:46:13 TopoSystem: Link count: 910000
2025/08/05 12:46:13 TopoSystem update time: 15.05612ms
2025/08/05 12:46:13 AttenuationSystem update...
2025/08/05 12:46:13 AttenuationSystem parallel flag: 0
2025/08/05 12:46:15 Attenuation computed count: 910000
2025/08/05 12:46:15 AttenuationSystem update time: 1.059304036s
2025/08/05 12:46:15 Run 8 complete
2025/08/05 12:46:15 StationSystem update...
2025/08/05 12:46:15 weather update count: 700
2025/08/05 12:46:15 StationSystem update time: 17.586µs
2025/08/05 12:46:15 SatelliteSystem update...
2025/08/05 12:46:15 satellite count: 1300
2025/08/05 12:46:15 SatelliteSystem update time: 4.074839ms
2025/08/05 12:46:15 TopoSystem update...
2025/08/05 12:46:15 TopoSystem: Link count: 910000
2025/08/05 12:46:15 TopoSystem update time: 37.294343ms
2025/08/05 12:46:15 AttenuationSystem update...
2025/08/05 12:46:15 AttenuationSystem parallel flag: 0
2025/08/05 12:46:16 Attenuation computed count: 910000
2025/08/05 12:46:16 AttenuationSystem update time: 912.963579ms
2025/08/05 12:46:16 Run 9 complete
2025/08/05 12:46:16 StationSystem update...
2025/08/05 12:46:16 weather update count: 700
2025/08/05 12:46:16 StationSystem update time: 2.946µs
2025/08/05 12:46:16 SatelliteSystem update...
2025/08/05 12:46:16 satellite count: 1300
2025/08/05 12:46:16 SatelliteSystem update time: 4.957479ms
2025/08/05 12:46:16 TopoSystem update...
2025/08/05 12:46:16 TopoSystem: Link count: 910000
2025/08/05 12:46:16 TopoSystem update time: 49.613125ms
2025/08/05 12:46:16 AttenuationSystem update...
2025/08/05 12:46:16 AttenuationSystem parallel flag: 0
2025/08/05 12:46:17 Attenuation computed count: 910000
2025/08/05 12:46:17 AttenuationSystem update time: 1.053944461s
2025/08/05 12:46:17 Run 10 complete
2025/08/05 12:46:17 Total update time:  10.167113744s
2025/08/05 12:46:17 linkCache size: 40

 Performance counter stats for './scale_ecs 700 1300 10 4 2 0':

        21,396,071      cache-references                                                      
         5,742,715      cache-misses                     #   26.84% of all cache refs         

      10.178413469 seconds time elapsed

      19.083175000 seconds user
       0.187011000 seconds sys


