ECS running with 900 stations, 1100 satellites, 8 numWGs and 4 numBlocks for 10 rounds in 0 parallel pattern
2025/08/05 13:52:05 StationSystem update...
2025/08/05 13:52:05 weather update count: 900
2025/08/05 13:52:05 StationSystem update time: 4.961µs
2025/08/05 13:52:05 SatelliteSystem update...
2025/08/05 13:52:05 satellite count: 1100
2025/08/05 13:52:05 SatelliteSystem update time: 4.172563ms
2025/08/05 13:52:05 TopoSystem update...
2025/08/05 13:52:05 TopoSystem: Link count: 990000
2025/08/05 13:52:05 TopoSystem update time: 30.510625ms
2025/08/05 13:52:05 AttenuationSystem update...
2025/08/05 13:52:05 AttenuationSystem parallel flag: 0
2025/08/05 13:52:06 Attenuation computed count: 990000
2025/08/05 13:52:06 AttenuationSystem update time: 567.602459ms
2025/08/05 13:52:06 Run 1 complete
2025/08/05 13:52:06 StationSystem update...
2025/08/05 13:52:06 weather update count: 900
2025/08/05 13:52:06 StationSystem update time: 7.636µs
2025/08/05 13:52:06 SatelliteSystem update...
2025/08/05 13:52:06 satellite count: 1100
2025/08/05 13:52:06 SatelliteSystem update time: 4.196291ms
2025/08/05 13:52:06 TopoSystem update...
2025/08/05 13:52:06 TopoSystem: Link count: 990000
2025/08/05 13:52:06 TopoSystem update time: 34.301002ms
2025/08/05 13:52:06 AttenuationSystem update...
2025/08/05 13:52:06 AttenuationSystem parallel flag: 0
2025/08/05 13:52:06 Attenuation computed count: 990000
2025/08/05 13:52:06 AttenuationSystem update time: 580.060488ms
2025/08/05 13:52:06 Run 2 complete
2025/08/05 13:52:06 StationSystem update...
2025/08/05 13:52:06 weather update count: 900
2025/08/05 13:52:06 StationSystem update time: 5.659µs
2025/08/05 13:52:06 SatelliteSystem update...
2025/08/05 13:52:06 satellite count: 1100
2025/08/05 13:52:06 SatelliteSystem update time: 4.180659ms
2025/08/05 13:52:06 TopoSystem update...
2025/08/05 13:52:06 TopoSystem: Link count: 990000
2025/08/05 13:52:06 TopoSystem update time: 16.40891ms
2025/08/05 13:52:06 AttenuationSystem update...
2025/08/05 13:52:06 AttenuationSystem parallel flag: 0
2025/08/05 13:52:07 Attenuation computed count: 990000
2025/08/05 13:52:07 AttenuationSystem update time: 568.815028ms
2025/08/05 13:52:07 Run 3 complete
2025/08/05 13:52:07 StationSystem update...
2025/08/05 13:52:07 weather update count: 900
2025/08/05 13:52:07 StationSystem update time: 22.133µs
2025/08/05 13:52:07 SatelliteSystem update...
2025/08/05 13:52:07 satellite count: 1100
2025/08/05 13:52:07 SatelliteSystem update time: 4.516492ms
2025/08/05 13:52:07 TopoSystem update...
2025/08/05 13:52:07 TopoSystem: Link count: 990000
2025/08/05 13:52:07 TopoSystem update time: 41.870373ms
2025/08/05 13:52:07 AttenuationSystem update...
2025/08/05 13:52:07 AttenuationSystem parallel flag: 0
2025/08/05 13:52:08 Attenuation computed count: 990000
2025/08/05 13:52:08 AttenuationSystem update time: 585.25332ms
2025/08/05 13:52:08 Run 4 complete
2025/08/05 13:52:08 StationSystem update...
2025/08/05 13:52:08 weather update count: 900
2025/08/05 13:52:08 StationSystem update time: 4.344µs
2025/08/05 13:52:08 SatelliteSystem update...
2025/08/05 13:52:08 satellite count: 1100
2025/08/05 13:52:08 SatelliteSystem update time: 4.191577ms
2025/08/05 13:52:08 TopoSystem update...
2025/08/05 13:52:08 TopoSystem: Link count: 990000
2025/08/05 13:52:08 TopoSystem update time: 23.124664ms
2025/08/05 13:52:08 AttenuationSystem update...
2025/08/05 13:52:08 AttenuationSystem parallel flag: 0
2025/08/05 13:52:08 Attenuation computed count: 990000
2025/08/05 13:52:08 AttenuationSystem update time: 581.218957ms
2025/08/05 13:52:08 Run 5 complete
2025/08/05 13:52:08 StationSystem update...
2025/08/05 13:52:08 weather update count: 900
2025/08/05 13:52:08 StationSystem update time: 5.863µs
2025/08/05 13:52:08 SatelliteSystem update...
2025/08/05 13:52:08 satellite count: 1100
2025/08/05 13:52:08 SatelliteSystem update time: 4.205722ms
2025/08/05 13:52:08 TopoSystem update...
2025/08/05 13:52:08 TopoSystem: Link count: 990000
2025/08/05 13:52:08 TopoSystem update time: 22.324166ms
2025/08/05 13:52:08 AttenuationSystem update...
2025/08/05 13:52:08 AttenuationSystem parallel flag: 0
2025/08/05 13:52:09 Attenuation computed count: 990000
2025/08/05 13:52:09 AttenuationSystem update time: 570.260618ms
2025/08/05 13:52:09 Run 6 complete
2025/08/05 13:52:09 StationSystem update...
2025/08/05 13:52:09 weather update count: 900
2025/08/05 13:52:09 StationSystem update time: 5.734µs
2025/08/05 13:52:09 SatelliteSystem update...
2025/08/05 13:52:09 satellite count: 1100
2025/08/05 13:52:09 SatelliteSystem update time: 4.189246ms
2025/08/05 13:52:09 TopoSystem update...
2025/08/05 13:52:09 TopoSystem: Link count: 990000
2025/08/05 13:52:09 TopoSystem update time: 15.320831ms
2025/08/05 13:52:09 AttenuationSystem update...
2025/08/05 13:52:09 AttenuationSystem parallel flag: 0
2025/08/05 13:52:09 Attenuation computed count: 990000
2025/08/05 13:52:09 AttenuationSystem update time: 641.710972ms
2025/08/05 13:52:09 Run 7 complete
2025/08/05 13:52:09 StationSystem update...
2025/08/05 13:52:09 weather update count: 900
2025/08/05 13:52:09 StationSystem update time: 6.013µs
2025/08/05 13:52:09 SatelliteSystem update...
2025/08/05 13:52:09 satellite count: 1100
2025/08/05 13:52:09 SatelliteSystem update time: 4.17728ms
2025/08/05 13:52:09 TopoSystem update...
2025/08/05 13:52:09 TopoSystem: Link count: 990000
2025/08/05 13:52:09 TopoSystem update time: 15.446474ms
2025/08/05 13:52:09 AttenuationSystem update...
2025/08/05 13:52:09 AttenuationSystem parallel flag: 0
2025/08/05 13:52:10 Attenuation computed count: 990000
2025/08/05 13:52:10 AttenuationSystem update time: 582.814841ms
2025/08/05 13:52:10 Run 8 complete
2025/08/05 13:52:10 StationSystem update...
2025/08/05 13:52:10 weather update count: 900
2025/08/05 13:52:10 StationSystem update time: 11.953µs
2025/08/05 13:52:10 SatelliteSystem update...
2025/08/05 13:52:10 satellite count: 1100
2025/08/05 13:52:10 SatelliteSystem update time: 5.472351ms
2025/08/05 13:52:10 TopoSystem update...
2025/08/05 13:52:10 TopoSystem: Link count: 990000
2025/08/05 13:52:10 TopoSystem update time: 26.925494ms
2025/08/05 13:52:10 AttenuationSystem update...
2025/08/05 13:52:10 AttenuationSystem parallel flag: 0
2025/08/05 13:52:11 Attenuation computed count: 990000
2025/08/05 13:52:11 AttenuationSystem update time: 592.680905ms
2025/08/05 13:52:11 Run 9 complete
2025/08/05 13:52:11 StationSystem update...
2025/08/05 13:52:11 weather update count: 900
2025/08/05 13:52:11 StationSystem update time: 12.574µs
2025/08/05 13:52:11 SatelliteSystem update...
2025/08/05 13:52:11 satellite count: 1100
2025/08/05 13:52:11 SatelliteSystem update time: 4.511226ms
2025/08/05 13:52:11 TopoSystem update...
2025/08/05 13:52:11 TopoSystem: Link count: 990000
2025/08/05 13:52:11 TopoSystem update time: 33.874261ms
2025/08/05 13:52:11 AttenuationSystem update...
2025/08/05 13:52:11 AttenuationSystem parallel flag: 0
2025/08/05 13:52:11 Attenuation computed count: 990000
2025/08/05 13:52:11 AttenuationSystem update time: 540.05917ms
2025/08/05 13:52:11 Run 10 complete
2025/08/05 13:52:11 Total update time:  6.12239338s
2025/08/05 13:52:11 linkCache size: 40

 Performance counter stats for './scale_ecs 900 1100 10 8 4 0':

        21,747,928      cache-references                                                      
         5,658,537      cache-misses                     #   26.02% of all cache refs         

       6.129356674 seconds time elapsed

      22.341220000 seconds user
       0.141988000 seconds sys


