ECS running with 500 stations, 1900 satellites, 8 numWGs and 2 numBlocks for 10 rounds in 0 parallel pattern
2025/08/05 12:05:19 StationSystem update...
2025/08/05 12:05:19 weather update count: 500
2025/08/05 12:05:19 SatelliteSystem update...
2025/08/05 12:05:19 StationSystem update time: 4.735µs
2025/08/05 12:05:19 satellite count: 1900
2025/08/05 12:05:19 SatelliteSystem update time: 7.184057ms
2025/08/05 12:05:19 TopoSystem update...
2025/08/05 12:05:19 TopoSystem: Link count: 950000
2025/08/05 12:05:19 TopoSystem update time: 29.227431ms
2025/08/05 12:05:19 AttenuationSystem update...
2025/08/05 12:05:19 AttenuationSystem parallel flag: 0
2025/08/05 12:05:20 Attenuation computed count: 950000
2025/08/05 12:05:20 AttenuationSystem update time: 1.086743763s
2025/08/05 12:05:20 Run 1 complete
2025/08/05 12:05:20 StationSystem update...
2025/08/05 12:05:20 weather update count: 500
2025/08/05 12:05:20 StationSystem update time: 10.671µs
2025/08/05 12:05:20 SatelliteSystem update...
2025/08/05 12:05:20 satellite count: 1900
2025/08/05 12:05:20 SatelliteSystem update time: 7.763388ms
2025/08/05 12:05:20 TopoSystem update...
2025/08/05 12:05:20 TopoSystem: Link count: 950000
2025/08/05 12:05:20 TopoSystem update time: 25.127884ms
2025/08/05 12:05:20 AttenuationSystem update...
2025/08/05 12:05:20 AttenuationSystem parallel flag: 0
2025/08/05 12:05:21 Attenuation computed count: 950000
2025/08/05 12:05:21 AttenuationSystem update time: 944.512894ms
2025/08/05 12:05:21 Run 2 complete
2025/08/05 12:05:21 StationSystem update...
2025/08/05 12:05:21 weather update count: 500
2025/08/05 12:05:21 StationSystem update time: 2.537µs
2025/08/05 12:05:21 SatelliteSystem update...
2025/08/05 12:05:21 satellite count: 1900
2025/08/05 12:05:21 SatelliteSystem update time: 7.183214ms
2025/08/05 12:05:21 TopoSystem update...
2025/08/05 12:05:21 TopoSystem: Link count: 950000
2025/08/05 12:05:21 TopoSystem update time: 23.925017ms
2025/08/05 12:05:21 AttenuationSystem update...
2025/08/05 12:05:21 AttenuationSystem parallel flag: 0
2025/08/05 12:05:22 Attenuation computed count: 950000
2025/08/05 12:05:22 AttenuationSystem update time: 1.002597604s
2025/08/05 12:05:22 Run 3 complete
2025/08/05 12:05:22 StationSystem update...
2025/08/05 12:05:22 weather update count: 500
2025/08/05 12:05:22 StationSystem update time: 3.43µs
2025/08/05 12:05:22 SatelliteSystem update...
2025/08/05 12:05:22 satellite count: 1900
2025/08/05 12:05:22 SatelliteSystem update time: 7.199109ms
2025/08/05 12:05:22 TopoSystem update...
2025/08/05 12:05:22 TopoSystem: Link count: 950000
2025/08/05 12:05:22 TopoSystem update time: 16.268788ms
2025/08/05 12:05:22 AttenuationSystem update...
2025/08/05 12:05:22 AttenuationSystem parallel flag: 0
2025/08/05 12:05:23 Attenuation computed count: 950000
2025/08/05 12:05:23 AttenuationSystem update time: 977.45293ms
2025/08/05 12:05:23 Run 4 complete
2025/08/05 12:05:23 StationSystem update...
2025/08/05 12:05:23 weather update count: 500
2025/08/05 12:05:23 StationSystem update time: 16.191µs
2025/08/05 12:05:23 SatelliteSystem update...
2025/08/05 12:05:23 satellite count: 1900
2025/08/05 12:05:23 SatelliteSystem update time: 5.82515ms
2025/08/05 12:05:23 TopoSystem update...
2025/08/05 12:05:23 TopoSystem: Link count: 950000
2025/08/05 12:05:23 TopoSystem update time: 47.007452ms
2025/08/05 12:05:23 AttenuationSystem update...
2025/08/05 12:05:23 AttenuationSystem parallel flag: 0
2025/08/05 12:05:24 Attenuation computed count: 950000
2025/08/05 12:05:24 AttenuationSystem update time: 1.091753955s
2025/08/05 12:05:24 Run 5 complete
2025/08/05 12:05:24 StationSystem update...
2025/08/05 12:05:24 weather update count: 500
2025/08/05 12:05:24 StationSystem update time: 2.478µs
2025/08/05 12:05:24 SatelliteSystem update...
2025/08/05 12:05:24 satellite count: 1900
2025/08/05 12:05:24 SatelliteSystem update time: 7.211927ms
2025/08/05 12:05:24 TopoSystem update...
2025/08/05 12:05:24 TopoSystem: Link count: 950000
2025/08/05 12:05:24 TopoSystem update time: 39.538554ms
2025/08/05 12:05:24 AttenuationSystem update...
2025/08/05 12:05:24 AttenuationSystem parallel flag: 0
2025/08/05 12:05:25 Attenuation computed count: 950000
2025/08/05 12:05:25 AttenuationSystem update time: 1.11756682s
2025/08/05 12:05:25 Run 6 complete
2025/08/05 12:05:25 StationSystem update...
2025/08/05 12:05:25 weather update count: 500
2025/08/05 12:05:25 StationSystem update time: 4.394µs
2025/08/05 12:05:25 SatelliteSystem update...
2025/08/05 12:05:25 satellite count: 1900
2025/08/05 12:05:25 SatelliteSystem update time: 17.941256ms
2025/08/05 12:05:25 TopoSystem update...
2025/08/05 12:05:25 TopoSystem: Link count: 950000
2025/08/05 12:05:25 TopoSystem update time: 37.108494ms
2025/08/05 12:05:25 AttenuationSystem update...
2025/08/05 12:05:25 AttenuationSystem parallel flag: 0
2025/08/05 12:05:26 Attenuation computed count: 950000
2025/08/05 12:05:26 AttenuationSystem update time: 962.195537ms
2025/08/05 12:05:26 Run 7 complete
2025/08/05 12:05:26 StationSystem update...
2025/08/05 12:05:26 weather update count: 500
2025/08/05 12:05:26 StationSystem update time: 1.969µs
2025/08/05 12:05:26 SatelliteSystem update...
2025/08/05 12:05:26 satellite count: 1900
2025/08/05 12:05:26 SatelliteSystem update time: 5.344305ms
2025/08/05 12:05:26 TopoSystem update...
2025/08/05 12:05:26 TopoSystem: Link count: 950000
2025/08/05 12:05:26 TopoSystem update time: 34.412937ms
2025/08/05 12:05:26 AttenuationSystem update...
2025/08/05 12:05:26 AttenuationSystem parallel flag: 0
2025/08/05 12:05:27 Attenuation computed count: 950000
2025/08/05 12:05:27 AttenuationSystem update time: 1.124372145s
2025/08/05 12:05:27 Run 8 complete
2025/08/05 12:05:27 StationSystem update...
2025/08/05 12:05:27 weather update count: 500
2025/08/05 12:05:27 StationSystem update time: 3.764µs
2025/08/05 12:05:27 SatelliteSystem update...
2025/08/05 12:05:27 satellite count: 1900
2025/08/05 12:05:27 SatelliteSystem update time: 7.812787ms
2025/08/05 12:05:27 TopoSystem update...
2025/08/05 12:05:27 TopoSystem: Link count: 950000
2025/08/05 12:05:27 TopoSystem update time: 61.65921ms
2025/08/05 12:05:27 AttenuationSystem update...
2025/08/05 12:05:27 AttenuationSystem parallel flag: 0
2025/08/05 12:05:28 Attenuation computed count: 950000
2025/08/05 12:05:28 AttenuationSystem update time: 1.118221218s
2025/08/05 12:05:28 Run 9 complete
2025/08/05 12:05:28 StationSystem update...
2025/08/05 12:05:28 weather update count: 500
2025/08/05 12:05:28 StationSystem update time: 2.589µs
2025/08/05 12:05:28 SatelliteSystem update...
2025/08/05 12:05:28 satellite count: 1900
2025/08/05 12:05:28 SatelliteSystem update time: 7.192904ms
2025/08/05 12:05:28 TopoSystem update...
2025/08/05 12:05:29 TopoSystem: Link count: 950000
2025/08/05 12:05:29 TopoSystem update time: 24.634657ms
2025/08/05 12:05:29 AttenuationSystem update...
2025/08/05 12:05:29 AttenuationSystem parallel flag: 0
2025/08/05 12:05:30 Attenuation computed count: 950000
2025/08/05 12:05:30 AttenuationSystem update time: 1.095338695s
2025/08/05 12:05:30 Run 10 complete
2025/08/05 12:05:30 Total update time:  10.952812576s
2025/08/05 12:05:30 linkCache size: 40

 Performance counter stats for './scale_ecs 500 1900 10 8 2 0':

        22,375,507      cache-references                                                      
         6,104,797      cache-misses                     #   27.28% of all cache refs         

      10.960342774 seconds time elapsed

      20.460694000 seconds user
       0.181138000 seconds sys


