ECS running with 700 stations, 1500 satellites, 8 numWGs and 2 numBlocks for 10 rounds in 1 parallel pattern
2025/08/05 12:50:58 StationSystem update...
2025/08/05 12:50:58 weather update count: 700
2025/08/05 12:50:58 StationSystem update time: 4.535µs
2025/08/05 12:50:58 SatelliteSystem update...
2025/08/05 12:50:58 satellite count: 1500
2025/08/05 12:50:58 SatelliteSystem update time: 5.699044ms
2025/08/05 12:50:58 TopoSystem update...
2025/08/05 12:50:58 TopoSystem: Link count: 1050000
2025/08/05 12:50:58 TopoSystem update time: 32.945751ms
2025/08/05 12:50:58 AttenuationSystem update...
2025/08/05 12:50:58 AttenuationSystem parallel flag: 1
2025/08/05 12:50:58 Attenuation computed count: 1050000
2025/08/05 12:50:58 AttenuationSystem update time: 300.438365ms
2025/08/05 12:50:58 Run 1 complete
2025/08/05 12:50:58 StationSystem update...
2025/08/05 12:50:58 weather update count: 700
2025/08/05 12:50:58 StationSystem update time: 6.055µs
2025/08/05 12:50:58 SatelliteSystem update...
2025/08/05 12:50:58 satellite count: 1500
2025/08/05 12:50:58 SatelliteSystem update time: 5.696534ms
2025/08/05 12:50:58 TopoSystem update...
2025/08/05 12:50:58 TopoSystem: Link count: 1050000
2025/08/05 12:50:58 TopoSystem update time: 21.403752ms
2025/08/05 12:50:58 AttenuationSystem update...
2025/08/05 12:50:58 AttenuationSystem parallel flag: 1
2025/08/05 12:50:59 Attenuation computed count: 1050000
2025/08/05 12:50:59 AttenuationSystem update time: 333.183064ms
2025/08/05 12:50:59 Run 2 complete
2025/08/05 12:50:59 StationSystem update...
2025/08/05 12:50:59 weather update count: 700
2025/08/05 12:50:59 StationSystem update time: 4.656µs
2025/08/05 12:50:59 SatelliteSystem update...
2025/08/05 12:50:59 satellite count: 1500
2025/08/05 12:50:59 SatelliteSystem update time: 5.679155ms
2025/08/05 12:50:59 TopoSystem update...
2025/08/05 12:50:59 TopoSystem: Link count: 1050000
2025/08/05 12:50:59 TopoSystem update time: 18.579943ms
2025/08/05 12:50:59 AttenuationSystem update...
2025/08/05 12:50:59 AttenuationSystem parallel flag: 1
2025/08/05 12:50:59 Attenuation computed count: 1050000
2025/08/05 12:50:59 AttenuationSystem update time: 300.069148ms
2025/08/05 12:50:59 Run 3 complete
2025/08/05 12:50:59 StationSystem update...
2025/08/05 12:50:59 weather update count: 700
2025/08/05 12:50:59 StationSystem update time: 4.354µs
2025/08/05 12:50:59 SatelliteSystem update...
2025/08/05 12:50:59 satellite count: 1500
2025/08/05 12:50:59 SatelliteSystem update time: 5.667524ms
2025/08/05 12:50:59 TopoSystem update...
2025/08/05 12:50:59 TopoSystem: Link count: 1050000
2025/08/05 12:50:59 TopoSystem update time: 16.779128ms
2025/08/05 12:50:59 AttenuationSystem update...
2025/08/05 12:50:59 AttenuationSystem parallel flag: 1
2025/08/05 12:50:59 Attenuation computed count: 1050000
2025/08/05 12:50:59 AttenuationSystem update time: 334.402518ms
2025/08/05 12:50:59 Run 4 complete
2025/08/05 12:50:59 StationSystem update...
2025/08/05 12:50:59 weather update count: 700
2025/08/05 12:50:59 StationSystem update time: 4.631µs
2025/08/05 12:50:59 SatelliteSystem update...
2025/08/05 12:50:59 satellite count: 1500
2025/08/05 12:50:59 SatelliteSystem update time: 5.669892ms
2025/08/05 12:50:59 TopoSystem update...
2025/08/05 12:50:59 TopoSystem: Link count: 1050000
2025/08/05 12:50:59 TopoSystem update time: 16.50628ms
2025/08/05 12:50:59 AttenuationSystem update...
2025/08/05 12:50:59 AttenuationSystem parallel flag: 1
2025/08/05 12:51:00 Attenuation computed count: 1050000
2025/08/05 12:51:00 AttenuationSystem update time: 313.907839ms
2025/08/05 12:51:00 Run 5 complete
2025/08/05 12:51:00 StationSystem update...
2025/08/05 12:51:00 weather update count: 700
2025/08/05 12:51:00 StationSystem update time: 9.809µs
2025/08/05 12:51:00 SatelliteSystem update...
2025/08/05 12:51:00 satellite count: 1500
2025/08/05 12:51:00 SatelliteSystem update time: 6.146384ms
2025/08/05 12:51:00 TopoSystem update...
2025/08/05 12:51:00 TopoSystem: Link count: 1050000
2025/08/05 12:51:00 TopoSystem update time: 42.102049ms
2025/08/05 12:51:00 AttenuationSystem update...
2025/08/05 12:51:00 AttenuationSystem parallel flag: 1
2025/08/05 12:51:00 Attenuation computed count: 1050000
2025/08/05 12:51:00 AttenuationSystem update time: 329.470065ms
2025/08/05 12:51:00 Run 6 complete
2025/08/05 12:51:00 StationSystem update...
2025/08/05 12:51:00 weather update count: 700
2025/08/05 12:51:00 StationSystem update time: 4.932µs
2025/08/05 12:51:00 SatelliteSystem update...
2025/08/05 12:51:00 satellite count: 1500
2025/08/05 12:51:00 SatelliteSystem update time: 5.67723ms
2025/08/05 12:51:00 TopoSystem update...
2025/08/05 12:51:00 TopoSystem: Link count: 1050000
2025/08/05 12:51:00 TopoSystem update time: 23.781298ms
2025/08/05 12:51:00 AttenuationSystem update...
2025/08/05 12:51:00 AttenuationSystem parallel flag: 1
2025/08/05 12:51:00 Attenuation computed count: 1050000
2025/08/05 12:51:00 AttenuationSystem update time: 333.781399ms
2025/08/05 12:51:00 Run 7 complete
2025/08/05 12:51:00 StationSystem update...
2025/08/05 12:51:00 weather update count: 700
2025/08/05 12:51:00 StationSystem update time: 5.157µs
2025/08/05 12:51:00 SatelliteSystem update...
2025/08/05 12:51:00 satellite count: 1500
2025/08/05 12:51:00 SatelliteSystem update time: 5.657691ms
2025/08/05 12:51:00 TopoSystem update...
2025/08/05 12:51:00 TopoSystem: Link count: 1050000
2025/08/05 12:51:00 TopoSystem update time: 16.346145ms
2025/08/05 12:51:00 AttenuationSystem update...
2025/08/05 12:51:00 AttenuationSystem parallel flag: 1
2025/08/05 12:51:01 Attenuation computed count: 1050000
2025/08/05 12:51:01 AttenuationSystem update time: 315.26294ms
2025/08/05 12:51:01 Run 8 complete
2025/08/05 12:51:01 StationSystem update...
2025/08/05 12:51:01 weather update count: 700
2025/08/05 12:51:01 StationSystem update time: 4.659µs
2025/08/05 12:51:01 SatelliteSystem update...
2025/08/05 12:51:01 satellite count: 1500
2025/08/05 12:51:01 SatelliteSystem update time: 5.67059ms
2025/08/05 12:51:01 TopoSystem update...
2025/08/05 12:51:01 TopoSystem: Link count: 1050000
2025/08/05 12:51:01 TopoSystem update time: 15.947235ms
2025/08/05 12:51:01 AttenuationSystem update...
2025/08/05 12:51:01 AttenuationSystem parallel flag: 1
2025/08/05 12:51:01 Attenuation computed count: 1050000
2025/08/05 12:51:01 AttenuationSystem update time: 307.207916ms
2025/08/05 12:51:01 Run 9 complete
2025/08/05 12:51:01 StationSystem update...
2025/08/05 12:51:01 weather update count: 700
2025/08/05 12:51:01 StationSystem update time: 5.108µs
2025/08/05 12:51:01 SatelliteSystem update...
2025/08/05 12:51:01 satellite count: 1500
2025/08/05 12:51:01 SatelliteSystem update time: 5.680944ms
2025/08/05 12:51:01 TopoSystem update...
2025/08/05 12:51:01 TopoSystem: Link count: 1050000
2025/08/05 12:51:01 TopoSystem update time: 16.277461ms
2025/08/05 12:51:01 AttenuationSystem update...
2025/08/05 12:51:01 AttenuationSystem parallel flag: 1
2025/08/05 12:51:01 Attenuation computed count: 1050000
2025/08/05 12:51:01 AttenuationSystem update time: 364.482509ms
2025/08/05 12:51:01 Run 10 complete
2025/08/05 12:51:01 Total update time:  3.519928812s
2025/08/05 12:51:01 linkCache size: 40

 Performance counter stats for './scale_ecs 700 1500 10 8 2 1':

        24,007,718      cache-references                                                      
         6,257,197      cache-misses                     #   26.06% of all cache refs         

       3.528020541 seconds time elapsed

      22.662699000 seconds user
       0.153814000 seconds sys


