ECS running with 500 stations, 800 satellites, 2 numWGs and 8 numBlocks for 10 rounds in 1 parallel pattern
2025/08/05 11:47:56 StationSystem update...
2025/08/05 11:47:56 weather update count: 500
2025/08/05 11:47:56 StationSystem update time: 5.81µs
2025/08/05 11:47:56 SatelliteSystem update...
2025/08/05 11:47:56 satellite count: 800
2025/08/05 11:47:56 SatelliteSystem update time: 3.058061ms
2025/08/05 11:47:56 TopoSystem update...
2025/08/05 11:47:56 TopoSystem: Link count: 400000
2025/08/05 11:47:56 TopoSystem update time: 13.371179ms
2025/08/05 11:47:56 AttenuationSystem update...
2025/08/05 11:47:56 AttenuationSystem parallel flag: 1
2025/08/05 11:47:56 Attenuation computed count: 400000
2025/08/05 11:47:56 AttenuationSystem update time: 453.461589ms
2025/08/05 11:47:56 Run 1 complete
2025/08/05 11:47:56 StationSystem update...
2025/08/05 11:47:56 weather update count: 500
2025/08/05 11:47:56 StationSystem update time: 2.261µs
2025/08/05 11:47:56 SatelliteSystem update...
2025/08/05 11:47:56 satellite count: 800
2025/08/05 11:47:56 SatelliteSystem update time: 3.072695ms
2025/08/05 11:47:56 TopoSystem update...
2025/08/05 11:47:56 TopoSystem: Link count: 400000
2025/08/05 11:47:56 TopoSystem update time: 10.978524ms
2025/08/05 11:47:56 AttenuationSystem update...
2025/08/05 11:47:56 AttenuationSystem parallel flag: 1
2025/08/05 11:47:57 Attenuation computed count: 400000
2025/08/05 11:47:57 AttenuationSystem update time: 463.568722ms
2025/08/05 11:47:57 Run 2 complete
2025/08/05 11:47:57 StationSystem update...
2025/08/05 11:47:57 weather update count: 500
2025/08/05 11:47:57 StationSystem update time: 3.121µs
2025/08/05 11:47:57 SatelliteSystem update...
2025/08/05 11:47:57 satellite count: 800
2025/08/05 11:47:57 SatelliteSystem update time: 3.076288ms
2025/08/05 11:47:57 TopoSystem update...
2025/08/05 11:47:57 TopoSystem: Link count: 400000
2025/08/05 11:47:57 TopoSystem update time: 7.642508ms
2025/08/05 11:47:57 AttenuationSystem update...
2025/08/05 11:47:57 AttenuationSystem parallel flag: 1
2025/08/05 11:47:57 Attenuation computed count: 400000
2025/08/05 11:47:57 AttenuationSystem update time: 474.842138ms
2025/08/05 11:47:57 Run 3 complete
2025/08/05 11:47:57 StationSystem update...
2025/08/05 11:47:57 weather update count: 500
2025/08/05 11:47:57 StationSystem update time: 4.065µs
2025/08/05 11:47:57 SatelliteSystem update...
2025/08/05 11:47:57 satellite count: 800
2025/08/05 11:47:57 SatelliteSystem update time: 3.058906ms
2025/08/05 11:47:57 TopoSystem update...
2025/08/05 11:47:57 TopoSystem: Link count: 400000
2025/08/05 11:47:57 TopoSystem update time: 10.475115ms
2025/08/05 11:47:57 AttenuationSystem update...
2025/08/05 11:47:57 AttenuationSystem parallel flag: 1
2025/08/05 11:47:58 Attenuation computed count: 400000
2025/08/05 11:47:58 AttenuationSystem update time: 481.963584ms
2025/08/05 11:47:58 Run 4 complete
2025/08/05 11:47:58 StationSystem update...
2025/08/05 11:47:58 weather update count: 500
2025/08/05 11:47:58 StationSystem update time: 3.248µs
2025/08/05 11:47:58 SatelliteSystem update...
2025/08/05 11:47:58 satellite count: 800
2025/08/05 11:47:58 SatelliteSystem update time: 2.275227ms
2025/08/05 11:47:58 TopoSystem update...
2025/08/05 11:47:58 TopoSystem: Link count: 400000
2025/08/05 11:47:58 TopoSystem update time: 8.159227ms
2025/08/05 11:47:58 AttenuationSystem update...
2025/08/05 11:47:58 AttenuationSystem parallel flag: 1
2025/08/05 11:47:58 Attenuation computed count: 400000
2025/08/05 11:47:58 AttenuationSystem update time: 494.236937ms
2025/08/05 11:47:58 Run 5 complete
2025/08/05 11:47:58 StationSystem update...
2025/08/05 11:47:58 weather update count: 500
2025/08/05 11:47:58 StationSystem update time: 3.476µs
2025/08/05 11:47:58 SatelliteSystem update...
2025/08/05 11:47:58 satellite count: 800
2025/08/05 11:47:58 SatelliteSystem update time: 3.059162ms
2025/08/05 11:47:58 TopoSystem update...
2025/08/05 11:47:58 TopoSystem: Link count: 400000
2025/08/05 11:47:58 TopoSystem update time: 11.82587ms
2025/08/05 11:47:58 AttenuationSystem update...
2025/08/05 11:47:58 AttenuationSystem parallel flag: 1
2025/08/05 11:47:59 Attenuation computed count: 400000
2025/08/05 11:47:59 AttenuationSystem update time: 491.006631ms
2025/08/05 11:47:59 Run 6 complete
2025/08/05 11:47:59 StationSystem update...
2025/08/05 11:47:59 weather update count: 500
2025/08/05 11:47:59 StationSystem update time: 3.987µs
2025/08/05 11:47:59 SatelliteSystem update...
2025/08/05 11:47:59 satellite count: 800
2025/08/05 11:47:59 SatelliteSystem update time: 3.04837ms
2025/08/05 11:47:59 TopoSystem update...
2025/08/05 11:47:59 TopoSystem: Link count: 400000
2025/08/05 11:47:59 TopoSystem update time: 8.879792ms
2025/08/05 11:47:59 AttenuationSystem update...
2025/08/05 11:47:59 AttenuationSystem parallel flag: 1
2025/08/05 11:47:59 Attenuation computed count: 400000
2025/08/05 11:47:59 AttenuationSystem update time: 484.190424ms
2025/08/05 11:47:59 Run 7 complete
2025/08/05 11:47:59 StationSystem update...
2025/08/05 11:47:59 weather update count: 500
2025/08/05 11:47:59 StationSystem update time: 4.212µs
2025/08/05 11:47:59 SatelliteSystem update...
2025/08/05 11:47:59 satellite count: 800
2025/08/05 11:47:59 SatelliteSystem update time: 3.051954ms
2025/08/05 11:47:59 TopoSystem update...
2025/08/05 11:47:59 TopoSystem: Link count: 400000
2025/08/05 11:47:59 TopoSystem update time: 8.196993ms
2025/08/05 11:47:59 AttenuationSystem update...
2025/08/05 11:47:59 AttenuationSystem parallel flag: 1
2025/08/05 11:48:00 Attenuation computed count: 400000
2025/08/05 11:48:00 AttenuationSystem update time: 471.687359ms
2025/08/05 11:48:00 Run 8 complete
2025/08/05 11:48:00 StationSystem update...
2025/08/05 11:48:00 weather update count: 500
2025/08/05 11:48:00 StationSystem update time: 2.674µs
2025/08/05 11:48:00 SatelliteSystem update...
2025/08/05 11:48:00 satellite count: 800
2025/08/05 11:48:00 SatelliteSystem update time: 3.033394ms
2025/08/05 11:48:00 TopoSystem update...
2025/08/05 11:48:00 TopoSystem: Link count: 400000
2025/08/05 11:48:00 TopoSystem update time: 10.110716ms
2025/08/05 11:48:00 AttenuationSystem update...
2025/08/05 11:48:00 AttenuationSystem parallel flag: 1
2025/08/05 11:48:00 Attenuation computed count: 400000
2025/08/05 11:48:00 AttenuationSystem update time: 474.113263ms
2025/08/05 11:48:00 Run 9 complete
2025/08/05 11:48:00 StationSystem update...
2025/08/05 11:48:00 weather update count: 500
2025/08/05 11:48:00 StationSystem update time: 8.515µs
2025/08/05 11:48:00 SatelliteSystem update...
2025/08/05 11:48:00 satellite count: 800
2025/08/05 11:48:00 SatelliteSystem update time: 2.455756ms
2025/08/05 11:48:00 TopoSystem update...
2025/08/05 11:48:00 TopoSystem: Link count: 400000
2025/08/05 11:48:00 TopoSystem update time: 16.698495ms
2025/08/05 11:48:00 AttenuationSystem update...
2025/08/05 11:48:00 AttenuationSystem parallel flag: 1
2025/08/05 11:48:01 Attenuation computed count: 400000
2025/08/05 11:48:01 AttenuationSystem update time: 490.207203ms
2025/08/05 11:48:01 Run 10 complete
2025/08/05 11:48:01 Total update time:  4.921344534s
2025/08/05 11:48:01 linkCache size: 40

 Performance counter stats for './scale_ecs 500 800 10 2 8 1':

         9,486,714      cache-references                                                      
         2,370,791      cache-misses                     #   24.99% of all cache refs         

       4.926973251 seconds time elapsed

       9.349266000 seconds user
       0.081054000 seconds sys


