ECS running with 900 stations, 1200 satellites, 2 numWGs and 2 numBlocks for 10 rounds in 1 parallel pattern
2025/08/05 13:52:18 StationSystem update...
2025/08/05 13:52:18 weather update count: 900
2025/08/05 13:52:18 SatelliteSystem update...
2025/08/05 13:52:18 StationSystem update time: 6.571µs
2025/08/05 13:52:18 satellite count: 1200
2025/08/05 13:52:18 SatelliteSystem update time: 4.577706ms
2025/08/05 13:52:18 TopoSystem update...
2025/08/05 13:52:19 TopoSystem: Link count: 1080000
2025/08/05 13:52:19 TopoSystem update time: 34.137641ms
2025/08/05 13:52:19 AttenuationSystem update...
2025/08/05 13:52:19 AttenuationSystem parallel flag: 1
2025/08/05 13:52:20 Attenuation computed count: 1080000
2025/08/05 13:52:20 AttenuationSystem update time: 1.235819162s
2025/08/05 13:52:20 Run 1 complete
2025/08/05 13:52:20 StationSystem update...
2025/08/05 13:52:20 weather update count: 900
2025/08/05 13:52:20 StationSystem update time: 23.087µs
2025/08/05 13:52:20 SatelliteSystem update...
2025/08/05 13:52:20 satellite count: 1200
2025/08/05 13:52:20 SatelliteSystem update time: 10.479851ms
2025/08/05 13:52:20 TopoSystem update...
2025/08/05 13:52:20 TopoSystem: Link count: 1080000
2025/08/05 13:52:20 TopoSystem update time: 53.091915ms
2025/08/05 13:52:20 AttenuationSystem update...
2025/08/05 13:52:20 AttenuationSystem parallel flag: 1
2025/08/05 13:52:21 Attenuation computed count: 1080000
2025/08/05 13:52:21 AttenuationSystem update time: 1.233902343s
2025/08/05 13:52:21 Run 2 complete
2025/08/05 13:52:21 StationSystem update...
2025/08/05 13:52:21 weather update count: 900
2025/08/05 13:52:21 StationSystem update time: 7.78µs
2025/08/05 13:52:21 SatelliteSystem update...
2025/08/05 13:52:21 satellite count: 1200
2025/08/05 13:52:21 SatelliteSystem update time: 4.586397ms
2025/08/05 13:52:21 TopoSystem update...
2025/08/05 13:52:21 TopoSystem: Link count: 1080000
2025/08/05 13:52:21 TopoSystem update time: 23.419223ms
2025/08/05 13:52:21 AttenuationSystem update...
2025/08/05 13:52:21 AttenuationSystem parallel flag: 1
2025/08/05 13:52:22 Attenuation computed count: 1080000
2025/08/05 13:52:22 AttenuationSystem update time: 1.249792863s
2025/08/05 13:52:22 Run 3 complete
2025/08/05 13:52:22 StationSystem update...
2025/08/05 13:52:22 weather update count: 900
2025/08/05 13:52:22 StationSystem update time: 10.616µs
2025/08/05 13:52:22 SatelliteSystem update...
2025/08/05 13:52:22 satellite count: 1200
2025/08/05 13:52:22 SatelliteSystem update time: 3.687929ms
2025/08/05 13:52:22 TopoSystem update...
2025/08/05 13:52:22 TopoSystem: Link count: 1080000
2025/08/05 13:52:22 TopoSystem update time: 21.756728ms
2025/08/05 13:52:22 AttenuationSystem update...
2025/08/05 13:52:22 AttenuationSystem parallel flag: 1
2025/08/05 13:52:24 Attenuation computed count: 1080000
2025/08/05 13:52:24 AttenuationSystem update time: 1.25455719s
2025/08/05 13:52:24 Run 4 complete
2025/08/05 13:52:24 StationSystem update...
2025/08/05 13:52:24 weather update count: 900
2025/08/05 13:52:24 StationSystem update time: 18.4µs
2025/08/05 13:52:24 SatelliteSystem update...
2025/08/05 13:52:24 satellite count: 1200
2025/08/05 13:52:24 SatelliteSystem update time: 3.75481ms
2025/08/05 13:52:24 TopoSystem update...
2025/08/05 13:52:24 TopoSystem: Link count: 1080000
2025/08/05 13:52:24 TopoSystem update time: 36.544952ms
2025/08/05 13:52:24 AttenuationSystem update...
2025/08/05 13:52:24 AttenuationSystem parallel flag: 1
2025/08/05 13:52:25 Attenuation computed count: 1080000
2025/08/05 13:52:25 AttenuationSystem update time: 1.269031894s
2025/08/05 13:52:25 Run 5 complete
2025/08/05 13:52:25 StationSystem update...
2025/08/05 13:52:25 weather update count: 900
2025/08/05 13:52:25 StationSystem update time: 6.513µs
2025/08/05 13:52:25 SatelliteSystem update...
2025/08/05 13:52:25 satellite count: 1200
2025/08/05 13:52:25 SatelliteSystem update time: 3.426466ms
2025/08/05 13:52:25 TopoSystem update...
2025/08/05 13:52:25 TopoSystem: Link count: 1080000
2025/08/05 13:52:25 TopoSystem update time: 57.554017ms
2025/08/05 13:52:25 AttenuationSystem update...
2025/08/05 13:52:25 AttenuationSystem parallel flag: 1
2025/08/05 13:52:26 Attenuation computed count: 1080000
2025/08/05 13:52:26 AttenuationSystem update time: 1.224754187s
2025/08/05 13:52:26 Run 6 complete
2025/08/05 13:52:26 StationSystem update...
2025/08/05 13:52:26 weather update count: 900
2025/08/05 13:52:26 StationSystem update time: 3.208µs
2025/08/05 13:52:26 SatelliteSystem update...
2025/08/05 13:52:26 satellite count: 1200
2025/08/05 13:52:26 SatelliteSystem update time: 11.489662ms
2025/08/05 13:52:26 TopoSystem update...
2025/08/05 13:52:26 TopoSystem: Link count: 1080000
2025/08/05 13:52:26 TopoSystem update time: 40.597625ms
2025/08/05 13:52:26 AttenuationSystem update...
2025/08/05 13:52:26 AttenuationSystem parallel flag: 1
2025/08/05 13:52:28 Attenuation computed count: 1080000
2025/08/05 13:52:28 AttenuationSystem update time: 1.270499018s
2025/08/05 13:52:28 Run 7 complete
2025/08/05 13:52:28 StationSystem update...
2025/08/05 13:52:28 weather update count: 900
2025/08/05 13:52:28 StationSystem update time: 4.319µs
2025/08/05 13:52:28 SatelliteSystem update...
2025/08/05 13:52:28 satellite count: 1200
2025/08/05 13:52:28 SatelliteSystem update time: 4.563076ms
2025/08/05 13:52:28 TopoSystem update...
2025/08/05 13:52:28 TopoSystem: Link count: 1080000
2025/08/05 13:52:28 TopoSystem update time: 24.172328ms
2025/08/05 13:52:28 AttenuationSystem update...
2025/08/05 13:52:28 AttenuationSystem parallel flag: 1
2025/08/05 13:52:29 Attenuation computed count: 1080000
2025/08/05 13:52:29 AttenuationSystem update time: 1.266426054s
2025/08/05 13:52:29 Run 8 complete
2025/08/05 13:52:29 StationSystem update...
2025/08/05 13:52:29 weather update count: 900
2025/08/05 13:52:29 StationSystem update time: 5.521µs
2025/08/05 13:52:29 SatelliteSystem update...
2025/08/05 13:52:29 satellite count: 1200
2025/08/05 13:52:29 SatelliteSystem update time: 4.564371ms
2025/08/05 13:52:29 TopoSystem update...
2025/08/05 13:52:29 TopoSystem: Link count: 1080000
2025/08/05 13:52:29 TopoSystem update time: 38.448988ms
2025/08/05 13:52:29 AttenuationSystem update...
2025/08/05 13:52:29 AttenuationSystem parallel flag: 1
2025/08/05 13:52:30 Attenuation computed count: 1080000
2025/08/05 13:52:30 AttenuationSystem update time: 1.095313481s
2025/08/05 13:52:30 Run 9 complete
2025/08/05 13:52:30 StationSystem update...
2025/08/05 13:52:30 weather update count: 900
2025/08/05 13:52:30 StationSystem update time: 5.738µs
2025/08/05 13:52:30 SatelliteSystem update...
2025/08/05 13:52:30 satellite count: 1200
2025/08/05 13:52:30 SatelliteSystem update time: 3.413001ms
2025/08/05 13:52:30 TopoSystem update...
2025/08/05 13:52:30 TopoSystem: Link count: 1080000
2025/08/05 13:52:30 TopoSystem update time: 39.829683ms
2025/08/05 13:52:30 AttenuationSystem update...
2025/08/05 13:52:30 AttenuationSystem parallel flag: 1
2025/08/05 13:52:31 Attenuation computed count: 1080000
2025/08/05 13:52:31 AttenuationSystem update time: 1.249572989s
2025/08/05 13:52:31 Run 10 complete
2025/08/05 13:52:31 Total update time:  12.782136629s
2025/08/05 13:52:31 linkCache size: 40

 Performance counter stats for './scale_ecs 900 1200 10 2 2 1':

        25,426,538      cache-references                                                      
         7,787,150      cache-misses                     #   30.63% of all cache refs         

      12.791378975 seconds time elapsed

      24.394425000 seconds user
       0.196059000 seconds sys


