ECS running with 600 stations, 2000 satellites, 2 numWGs and 4 numBlocks for 10 rounds in 1 parallel pattern
2025/08/05 12:32:21 StationSystem update...
2025/08/05 12:32:21 SatelliteSystem update...
2025/08/05 12:32:21 weather update count: 600
2025/08/05 12:32:21 StationSystem update time: 7.971µs
2025/08/05 12:32:21 satellite count: 2000
2025/08/05 12:32:21 SatelliteSystem update time: 7.594498ms
2025/08/05 12:32:21 TopoSystem update...
2025/08/05 12:32:21 TopoSystem: Link count: 1200000
2025/08/05 12:32:21 TopoSystem update time: 37.315098ms
2025/08/05 12:32:21 AttenuationSystem update...
2025/08/05 12:32:21 AttenuationSystem parallel flag: 1
2025/08/05 12:32:22 Attenuation computed count: 1200000
2025/08/05 12:32:22 AttenuationSystem update time: 1.202055159s
2025/08/05 12:32:22 Run 1 complete
2025/08/05 12:32:22 StationSystem update...
2025/08/05 12:32:22 weather update count: 600
2025/08/05 12:32:22 StationSystem update time: 4.214µs
2025/08/05 12:32:22 SatelliteSystem update...
2025/08/05 12:32:22 satellite count: 2000
2025/08/05 12:32:22 SatelliteSystem update time: 6.092429ms
2025/08/05 12:32:22 TopoSystem update...
2025/08/05 12:32:22 TopoSystem: Link count: 1200000
2025/08/05 12:32:22 TopoSystem update time: 63.216233ms
2025/08/05 12:32:22 AttenuationSystem update...
2025/08/05 12:32:22 AttenuationSystem parallel flag: 1
2025/08/05 12:32:23 Attenuation computed count: 1200000
2025/08/05 12:32:23 AttenuationSystem update time: 1.248993986s
2025/08/05 12:32:23 Run 2 complete
2025/08/05 12:32:23 StationSystem update...
2025/08/05 12:32:23 weather update count: 600
2025/08/05 12:32:23 StationSystem update time: 6.294µs
2025/08/05 12:32:23 SatelliteSystem update...
2025/08/05 12:32:23 satellite count: 2000
2025/08/05 12:32:23 SatelliteSystem update time: 7.736791ms
2025/08/05 12:32:23 TopoSystem update...
2025/08/05 12:32:23 TopoSystem: Link count: 1200000
2025/08/05 12:32:23 TopoSystem update time: 49.788318ms
2025/08/05 12:32:23 AttenuationSystem update...
2025/08/05 12:32:23 AttenuationSystem parallel flag: 1
2025/08/05 12:32:25 Attenuation computed count: 1200000
2025/08/05 12:32:25 AttenuationSystem update time: 1.364654828s
2025/08/05 12:32:25 Run 3 complete
2025/08/05 12:32:25 StationSystem update...
2025/08/05 12:32:25 weather update count: 600
2025/08/05 12:32:25 StationSystem update time: 3.017µs
2025/08/05 12:32:25 SatelliteSystem update...
2025/08/05 12:32:25 satellite count: 2000
2025/08/05 12:32:25 SatelliteSystem update time: 7.725591ms
2025/08/05 12:32:25 TopoSystem update...
2025/08/05 12:32:25 TopoSystem: Link count: 1200000
2025/08/05 12:32:25 TopoSystem update time: 20.158517ms
2025/08/05 12:32:25 AttenuationSystem update...
2025/08/05 12:32:25 AttenuationSystem parallel flag: 1
2025/08/05 12:32:26 Attenuation computed count: 1200000
2025/08/05 12:32:26 AttenuationSystem update time: 1.423326422s
2025/08/05 12:32:26 Run 4 complete
2025/08/05 12:32:26 StationSystem update...
2025/08/05 12:32:26 weather update count: 600
2025/08/05 12:32:26 StationSystem update time: 19.696µs
2025/08/05 12:32:26 SatelliteSystem update...
2025/08/05 12:32:26 satellite count: 2000
2025/08/05 12:32:26 SatelliteSystem update time: 9.21058ms
2025/08/05 12:32:26 TopoSystem update...
2025/08/05 12:32:26 TopoSystem: Link count: 1200000
2025/08/05 12:32:26 TopoSystem update time: 54.527728ms
2025/08/05 12:32:26 AttenuationSystem update...
2025/08/05 12:32:26 AttenuationSystem parallel flag: 1
2025/08/05 12:32:28 Attenuation computed count: 1200000
2025/08/05 12:32:28 AttenuationSystem update time: 1.404375033s
2025/08/05 12:32:28 Run 5 complete
2025/08/05 12:32:28 StationSystem update...
2025/08/05 12:32:28 weather update count: 600
2025/08/05 12:32:28 StationSystem update time: 3.17µs
2025/08/05 12:32:28 SatelliteSystem update...
2025/08/05 12:32:28 satellite count: 2000
2025/08/05 12:32:28 SatelliteSystem update time: 7.65505ms
2025/08/05 12:32:28 TopoSystem update...
2025/08/05 12:32:28 TopoSystem: Link count: 1200000
2025/08/05 12:32:28 TopoSystem update time: 39.114123ms
2025/08/05 12:32:28 AttenuationSystem update...
2025/08/05 12:32:28 AttenuationSystem parallel flag: 1
2025/08/05 12:32:29 Attenuation computed count: 1200000
2025/08/05 12:32:29 AttenuationSystem update time: 1.352316314s
2025/08/05 12:32:29 Run 6 complete
2025/08/05 12:32:29 StationSystem update...
2025/08/05 12:32:29 weather update count: 600
2025/08/05 12:32:29 StationSystem update time: 9.371µs
2025/08/05 12:32:29 SatelliteSystem update...
2025/08/05 12:32:29 satellite count: 2000
2025/08/05 12:32:29 SatelliteSystem update time: 7.872022ms
2025/08/05 12:32:29 TopoSystem update...
2025/08/05 12:32:29 TopoSystem: Link count: 1200000
2025/08/05 12:32:29 TopoSystem update time: 59.468843ms
2025/08/05 12:32:29 AttenuationSystem update...
2025/08/05 12:32:29 AttenuationSystem parallel flag: 1
2025/08/05 12:32:31 Attenuation computed count: 1200000
2025/08/05 12:32:31 AttenuationSystem update time: 1.354616067s
2025/08/05 12:32:31 Run 7 complete
2025/08/05 12:32:31 StationSystem update...
2025/08/05 12:32:31 weather update count: 600
2025/08/05 12:32:31 StationSystem update time: 2.704µs
2025/08/05 12:32:31 SatelliteSystem update...
2025/08/05 12:32:31 satellite count: 2000
2025/08/05 12:32:31 SatelliteSystem update time: 6.612925ms
2025/08/05 12:32:31 TopoSystem update...
2025/08/05 12:32:31 TopoSystem: Link count: 1200000
2025/08/05 12:32:31 TopoSystem update time: 25.855228ms
2025/08/05 12:32:31 AttenuationSystem update...
2025/08/05 12:32:31 AttenuationSystem parallel flag: 1
2025/08/05 12:32:32 Attenuation computed count: 1200000
2025/08/05 12:32:32 AttenuationSystem update time: 1.015451943s
2025/08/05 12:32:32 Run 8 complete
2025/08/05 12:32:32 StationSystem update...
2025/08/05 12:32:32 weather update count: 600
2025/08/05 12:32:32 StationSystem update time: 2.153µs
2025/08/05 12:32:32 SatelliteSystem update...
2025/08/05 12:32:32 satellite count: 2000
2025/08/05 12:32:32 SatelliteSystem update time: 5.652929ms
2025/08/05 12:32:32 TopoSystem update...
2025/08/05 12:32:32 TopoSystem: Link count: 1200000
2025/08/05 12:32:32 TopoSystem update time: 29.095056ms
2025/08/05 12:32:32 AttenuationSystem update...
2025/08/05 12:32:32 AttenuationSystem parallel flag: 1
2025/08/05 12:32:33 Attenuation computed count: 1200000
2025/08/05 12:32:33 AttenuationSystem update time: 1.401919658s
2025/08/05 12:32:33 Run 9 complete
2025/08/05 12:32:33 StationSystem update...
2025/08/05 12:32:33 weather update count: 600
2025/08/05 12:32:33 StationSystem update time: 4.893µs
2025/08/05 12:32:33 SatelliteSystem update...
2025/08/05 12:32:33 satellite count: 2000
2025/08/05 12:32:33 SatelliteSystem update time: 7.596659ms
2025/08/05 12:32:33 TopoSystem update...
2025/08/05 12:32:33 TopoSystem: Link count: 1200000
2025/08/05 12:32:33 TopoSystem update time: 30.490356ms
2025/08/05 12:32:33 AttenuationSystem update...
2025/08/05 12:32:33 AttenuationSystem parallel flag: 1
2025/08/05 12:32:34 Attenuation computed count: 1200000
2025/08/05 12:32:34 AttenuationSystem update time: 1.389226509s
2025/08/05 12:32:34 Run 10 complete
2025/08/05 12:32:34 Total update time:  13.651966719s
2025/08/05 12:32:34 linkCache size: 40

 Performance counter stats for './scale_ecs 600 2000 10 2 4 1':

        29,297,891      cache-references                                                      
         8,928,976      cache-misses                     #   30.48% of all cache refs         

      13.661303351 seconds time elapsed

      25.313127000 seconds user
       0.297071000 seconds sys


