ECS running with 900 stations, 2000 satellites, 4 numWGs and 8 numBlocks for 10 rounds in 1 parallel pattern
2025/08/05 14:19:15 StationSystem update...
2025/08/05 14:19:15 weather update count: 900
2025/08/05 14:19:15 SatelliteSystem update...
2025/08/05 14:19:15 StationSystem update time: 5.989µs
2025/08/05 14:19:15 satellite count: 2000
2025/08/05 14:19:15 SatelliteSystem update time: 7.606573ms
2025/08/05 14:19:15 TopoSystem update...
2025/08/05 14:19:15 TopoSystem: Link count: 1800000
2025/08/05 14:19:15 TopoSystem update time: 55.611753ms
2025/08/05 14:19:15 AttenuationSystem update...
2025/08/05 14:19:15 AttenuationSystem parallel flag: 1
2025/08/05 14:19:16 Attenuation computed count: 1800000
2025/08/05 14:19:16 AttenuationSystem update time: 1.038044113s
2025/08/05 14:19:16 Run 1 complete
2025/08/05 14:19:16 StationSystem update...
2025/08/05 14:19:16 weather update count: 900
2025/08/05 14:19:16 StationSystem update time: 24.129µs
2025/08/05 14:19:16 SatelliteSystem update...
2025/08/05 14:19:16 satellite count: 2000
2025/08/05 14:19:16 SatelliteSystem update time: 9.493232ms
2025/08/05 14:19:16 TopoSystem update...
2025/08/05 14:19:17 TopoSystem: Link count: 1800000
2025/08/05 14:19:17 TopoSystem update time: 55.881501ms
2025/08/05 14:19:17 AttenuationSystem update...
2025/08/05 14:19:17 AttenuationSystem parallel flag: 1
2025/08/05 14:19:18 Attenuation computed count: 1800000
2025/08/05 14:19:18 AttenuationSystem update time: 1.065771186s
2025/08/05 14:19:18 Run 2 complete
2025/08/05 14:19:18 StationSystem update...
2025/08/05 14:19:18 weather update count: 900
2025/08/05 14:19:18 StationSystem update time: 7.593µs
2025/08/05 14:19:18 SatelliteSystem update...
2025/08/05 14:19:18 satellite count: 2000
2025/08/05 14:19:18 SatelliteSystem update time: 7.660335ms
2025/08/05 14:19:18 TopoSystem update...
2025/08/05 14:19:18 TopoSystem: Link count: 1800000
2025/08/05 14:19:18 TopoSystem update time: 52.135038ms
2025/08/05 14:19:18 AttenuationSystem update...
2025/08/05 14:19:18 AttenuationSystem parallel flag: 1
2025/08/05 14:19:19 Attenuation computed count: 1800000
2025/08/05 14:19:19 AttenuationSystem update time: 1.008766893s
2025/08/05 14:19:19 Run 3 complete
2025/08/05 14:19:19 StationSystem update...
2025/08/05 14:19:19 weather update count: 900
2025/08/05 14:19:19 StationSystem update time: 5.554µs
2025/08/05 14:19:19 SatelliteSystem update...
2025/08/05 14:19:19 satellite count: 2000
2025/08/05 14:19:19 SatelliteSystem update time: 5.655364ms
2025/08/05 14:19:19 TopoSystem update...
2025/08/05 14:19:19 TopoSystem: Link count: 1800000
2025/08/05 14:19:19 TopoSystem update time: 25.691431ms
2025/08/05 14:19:19 AttenuationSystem update...
2025/08/05 14:19:19 AttenuationSystem parallel flag: 1
2025/08/05 14:19:20 Attenuation computed count: 1800000
2025/08/05 14:19:20 AttenuationSystem update time: 1.052630157s
2025/08/05 14:19:20 Run 4 complete
2025/08/05 14:19:20 StationSystem update...
2025/08/05 14:19:20 weather update count: 900
2025/08/05 14:19:20 SatelliteSystem update...
2025/08/05 14:19:20 StationSystem update time: 6.518µs
2025/08/05 14:19:20 satellite count: 2000
2025/08/05 14:19:20 SatelliteSystem update time: 7.611767ms
2025/08/05 14:19:20 TopoSystem update...
2025/08/05 14:19:20 TopoSystem: Link count: 1800000
2025/08/05 14:19:20 TopoSystem update time: 36.135122ms
2025/08/05 14:19:20 AttenuationSystem update...
2025/08/05 14:19:20 AttenuationSystem parallel flag: 1
2025/08/05 14:19:21 Attenuation computed count: 1800000
2025/08/05 14:19:21 AttenuationSystem update time: 1.094115772s
2025/08/05 14:19:21 Run 5 complete
2025/08/05 14:19:21 StationSystem update...
2025/08/05 14:19:21 weather update count: 900
2025/08/05 14:19:21 StationSystem update time: 5.787µs
2025/08/05 14:19:21 SatelliteSystem update...
2025/08/05 14:19:21 satellite count: 2000
2025/08/05 14:19:21 SatelliteSystem update time: 7.593447ms
2025/08/05 14:19:21 TopoSystem update...
2025/08/05 14:19:21 TopoSystem: Link count: 1800000
2025/08/05 14:19:21 TopoSystem update time: 29.159609ms
2025/08/05 14:19:21 AttenuationSystem update...
2025/08/05 14:19:21 AttenuationSystem parallel flag: 1
2025/08/05 14:19:22 Attenuation computed count: 1800000
2025/08/05 14:19:22 AttenuationSystem update time: 1.066904642s
2025/08/05 14:19:22 Run 6 complete
2025/08/05 14:19:22 StationSystem update...
2025/08/05 14:19:22 weather update count: 900
2025/08/05 14:19:22 StationSystem update time: 17.423µs
2025/08/05 14:19:22 SatelliteSystem update...
2025/08/05 14:19:22 satellite count: 2000
2025/08/05 14:19:22 SatelliteSystem update time: 8.284116ms
2025/08/05 14:19:22 TopoSystem update...
2025/08/05 14:19:22 TopoSystem: Link count: 1800000
2025/08/05 14:19:22 TopoSystem update time: 51.839354ms
2025/08/05 14:19:22 AttenuationSystem update...
2025/08/05 14:19:22 AttenuationSystem parallel flag: 1
2025/08/05 14:19:23 Attenuation computed count: 1800000
2025/08/05 14:19:23 AttenuationSystem update time: 805.036175ms
2025/08/05 14:19:23 Run 7 complete
2025/08/05 14:19:23 StationSystem update...
2025/08/05 14:19:23 weather update count: 900
2025/08/05 14:19:23 StationSystem update time: 5.626µs
2025/08/05 14:19:23 SatelliteSystem update...
2025/08/05 14:19:23 satellite count: 2000
2025/08/05 14:19:23 SatelliteSystem update time: 5.652585ms
2025/08/05 14:19:23 TopoSystem update...
2025/08/05 14:19:23 TopoSystem: Link count: 1800000
2025/08/05 14:19:23 TopoSystem update time: 80.753938ms
2025/08/05 14:19:23 AttenuationSystem update...
2025/08/05 14:19:23 AttenuationSystem parallel flag: 1
2025/08/05 14:19:24 Attenuation computed count: 1800000
2025/08/05 14:19:24 AttenuationSystem update time: 1.05314052s
2025/08/05 14:19:24 Run 8 complete
2025/08/05 14:19:24 StationSystem update...
2025/08/05 14:19:24 weather update count: 900
2025/08/05 14:19:24 StationSystem update time: 6.389µs
2025/08/05 14:19:24 SatelliteSystem update...
2025/08/05 14:19:24 satellite count: 2000
2025/08/05 14:19:24 SatelliteSystem update time: 5.646579ms
2025/08/05 14:19:24 TopoSystem update...
2025/08/05 14:19:24 TopoSystem: Link count: 1800000
2025/08/05 14:19:24 TopoSystem update time: 32.022729ms
2025/08/05 14:19:24 AttenuationSystem update...
2025/08/05 14:19:24 AttenuationSystem parallel flag: 1
2025/08/05 14:19:25 Attenuation computed count: 1800000
2025/08/05 14:19:25 AttenuationSystem update time: 1.07283494s
2025/08/05 14:19:25 Run 9 complete
2025/08/05 14:19:25 StationSystem update...
2025/08/05 14:19:25 weather update count: 900
2025/08/05 14:19:25 StationSystem update time: 4.17µs
2025/08/05 14:19:25 SatelliteSystem update...
2025/08/05 14:19:25 satellite count: 2000
2025/08/05 14:19:25 SatelliteSystem update time: 7.589129ms
2025/08/05 14:19:25 TopoSystem update...
2025/08/05 14:19:25 TopoSystem: Link count: 1800000
2025/08/05 14:19:25 TopoSystem update time: 32.323782ms
2025/08/05 14:19:25 AttenuationSystem update...
2025/08/05 14:19:25 AttenuationSystem parallel flag: 1
2025/08/05 14:19:26 Attenuation computed count: 1800000
2025/08/05 14:19:26 AttenuationSystem update time: 1.078529802s
2025/08/05 14:19:26 Run 10 complete
2025/08/05 14:19:26 Total update time:  10.87285838s
2025/08/05 14:19:26 linkCache size: 40

 Performance counter stats for './scale_ecs 900 2000 10 4 8 1':

        39,500,496      cache-references                                                      
        11,298,989      cache-misses                     #   28.60% of all cache refs         

      10.895235437 seconds time elapsed

      38.876051000 seconds user
       0.263912000 seconds sys


