ECS running with 500 stations, 1900 satellites, 8 numWGs and 2 numBlocks for 10 rounds in 1 parallel pattern
2025/08/05 12:05:15 StationSystem update...
2025/08/05 12:05:15 weather update count: 500
2025/08/05 12:05:15 StationSystem update time: 5.73µs
2025/08/05 12:05:15 SatelliteSystem update...
2025/08/05 12:05:15 satellite count: 1900
2025/08/05 12:05:15 SatelliteSystem update time: 7.190514ms
2025/08/05 12:05:15 TopoSystem update...
2025/08/05 12:05:15 TopoSystem: Link count: 950000
2025/08/05 12:05:15 TopoSystem update time: 29.695487ms
2025/08/05 12:05:15 AttenuationSystem update...
2025/08/05 12:05:15 AttenuationSystem parallel flag: 1
2025/08/05 12:05:15 Attenuation computed count: 950000
2025/08/05 12:05:15 AttenuationSystem update time: 274.518646ms
2025/08/05 12:05:15 Run 1 complete
2025/08/05 12:05:15 StationSystem update...
2025/08/05 12:05:15 weather update count: 500
2025/08/05 12:05:15 StationSystem update time: 4.227µs
2025/08/05 12:05:15 SatelliteSystem update...
2025/08/05 12:05:16 satellite count: 1900
2025/08/05 12:05:16 SatelliteSystem update time: 7.181845ms
2025/08/05 12:05:16 TopoSystem update...
2025/08/05 12:05:16 TopoSystem: Link count: 950000
2025/08/05 12:05:16 TopoSystem update time: 47.861039ms
2025/08/05 12:05:16 AttenuationSystem update...
2025/08/05 12:05:16 AttenuationSystem parallel flag: 1
2025/08/05 12:05:16 Attenuation computed count: 950000
2025/08/05 12:05:16 AttenuationSystem update time: 276.922049ms
2025/08/05 12:05:16 Run 2 complete
2025/08/05 12:05:16 StationSystem update...
2025/08/05 12:05:16 weather update count: 500
2025/08/05 12:05:16 StationSystem update time: 4.156µs
2025/08/05 12:05:16 SatelliteSystem update...
2025/08/05 12:05:16 satellite count: 1900
2025/08/05 12:05:16 SatelliteSystem update time: 7.184266ms
2025/08/05 12:05:16 TopoSystem update...
2025/08/05 12:05:16 TopoSystem: Link count: 950000
2025/08/05 12:05:16 TopoSystem update time: 16.44788ms
2025/08/05 12:05:16 AttenuationSystem update...
2025/08/05 12:05:16 AttenuationSystem parallel flag: 1
2025/08/05 12:05:16 Attenuation computed count: 950000
2025/08/05 12:05:16 AttenuationSystem update time: 292.041489ms
2025/08/05 12:05:16 Run 3 complete
2025/08/05 12:05:16 StationSystem update...
2025/08/05 12:05:16 weather update count: 500
2025/08/05 12:05:16 StationSystem update time: 4.864µs
2025/08/05 12:05:16 SatelliteSystem update...
2025/08/05 12:05:16 satellite count: 1900
2025/08/05 12:05:16 SatelliteSystem update time: 7.201111ms
2025/08/05 12:05:16 TopoSystem update...
2025/08/05 12:05:16 TopoSystem: Link count: 950000
2025/08/05 12:05:16 TopoSystem update time: 17.477993ms
2025/08/05 12:05:16 AttenuationSystem update...
2025/08/05 12:05:16 AttenuationSystem parallel flag: 1
2025/08/05 12:05:16 Attenuation computed count: 950000
2025/08/05 12:05:16 AttenuationSystem update time: 295.805358ms
2025/08/05 12:05:16 Run 4 complete
2025/08/05 12:05:16 StationSystem update...
2025/08/05 12:05:16 weather update count: 500
2025/08/05 12:05:16 StationSystem update time: 3.615µs
2025/08/05 12:05:16 SatelliteSystem update...
2025/08/05 12:05:16 satellite count: 1900
2025/08/05 12:05:16 SatelliteSystem update time: 7.194955ms
2025/08/05 12:05:16 TopoSystem update...
2025/08/05 12:05:17 TopoSystem: Link count: 950000
2025/08/05 12:05:17 TopoSystem update time: 30.782562ms
2025/08/05 12:05:17 AttenuationSystem update...
2025/08/05 12:05:17 AttenuationSystem parallel flag: 1
2025/08/05 12:05:17 Attenuation computed count: 950000
2025/08/05 12:05:17 AttenuationSystem update time: 309.535695ms
2025/08/05 12:05:17 Run 5 complete
2025/08/05 12:05:17 StationSystem update...
2025/08/05 12:05:17 weather update count: 500
2025/08/05 12:05:17 StationSystem update time: 5.944µs
2025/08/05 12:05:17 SatelliteSystem update...
2025/08/05 12:05:17 satellite count: 1900
2025/08/05 12:05:17 SatelliteSystem update time: 7.737003ms
2025/08/05 12:05:17 TopoSystem update...
2025/08/05 12:05:17 TopoSystem: Link count: 950000
2025/08/05 12:05:17 TopoSystem update time: 66.754224ms
2025/08/05 12:05:17 AttenuationSystem update...
2025/08/05 12:05:17 AttenuationSystem parallel flag: 1
2025/08/05 12:05:17 Attenuation computed count: 950000
2025/08/05 12:05:17 AttenuationSystem update time: 311.946603ms
2025/08/05 12:05:17 Run 6 complete
2025/08/05 12:05:17 StationSystem update...
2025/08/05 12:05:17 weather update count: 500
2025/08/05 12:05:17 StationSystem update time: 3.563µs
2025/08/05 12:05:17 SatelliteSystem update...
2025/08/05 12:05:17 satellite count: 1900
2025/08/05 12:05:17 SatelliteSystem update time: 7.164133ms
2025/08/05 12:05:17 TopoSystem update...
2025/08/05 12:05:17 TopoSystem: Link count: 950000
2025/08/05 12:05:17 TopoSystem update time: 22.105618ms
2025/08/05 12:05:17 AttenuationSystem update...
2025/08/05 12:05:17 AttenuationSystem parallel flag: 1
2025/08/05 12:05:18 Attenuation computed count: 950000
2025/08/05 12:05:18 AttenuationSystem update time: 293.475661ms
2025/08/05 12:05:18 Run 7 complete
2025/08/05 12:05:18 StationSystem update...
2025/08/05 12:05:18 weather update count: 500
2025/08/05 12:05:18 StationSystem update time: 3.635µs
2025/08/05 12:05:18 SatelliteSystem update...
2025/08/05 12:05:18 satellite count: 1900
2025/08/05 12:05:18 SatelliteSystem update time: 7.15361ms
2025/08/05 12:05:18 TopoSystem update...
2025/08/05 12:05:18 TopoSystem: Link count: 950000
2025/08/05 12:05:18 TopoSystem update time: 15.299362ms
2025/08/05 12:05:18 AttenuationSystem update...
2025/08/05 12:05:18 AttenuationSystem parallel flag: 1
2025/08/05 12:05:18 Attenuation computed count: 950000
2025/08/05 12:05:18 AttenuationSystem update time: 288.663937ms
2025/08/05 12:05:18 Run 8 complete
2025/08/05 12:05:18 StationSystem update...
2025/08/05 12:05:18 weather update count: 500
2025/08/05 12:05:18 StationSystem update time: 4.091µs
2025/08/05 12:05:18 SatelliteSystem update...
2025/08/05 12:05:18 satellite count: 1900
2025/08/05 12:05:18 SatelliteSystem update time: 5.310017ms
2025/08/05 12:05:18 TopoSystem update...
2025/08/05 12:05:18 TopoSystem: Link count: 950000
2025/08/05 12:05:18 TopoSystem update time: 33.166249ms
2025/08/05 12:05:18 AttenuationSystem update...
2025/08/05 12:05:18 AttenuationSystem parallel flag: 1
2025/08/05 12:05:18 Attenuation computed count: 950000
2025/08/05 12:05:18 AttenuationSystem update time: 305.315557ms
2025/08/05 12:05:18 Run 9 complete
2025/08/05 12:05:18 StationSystem update...
2025/08/05 12:05:18 weather update count: 500
2025/08/05 12:05:18 StationSystem update time: 3.672µs
2025/08/05 12:05:18 SatelliteSystem update...
2025/08/05 12:05:18 satellite count: 1900
2025/08/05 12:05:18 SatelliteSystem update time: 7.156432ms
2025/08/05 12:05:18 TopoSystem update...
2025/08/05 12:05:18 TopoSystem: Link count: 950000
2025/08/05 12:05:18 TopoSystem update time: 13.017619ms
2025/08/05 12:05:18 AttenuationSystem update...
2025/08/05 12:05:18 AttenuationSystem parallel flag: 1
2025/08/05 12:05:19 Attenuation computed count: 950000
2025/08/05 12:05:19 AttenuationSystem update time: 307.09418ms
2025/08/05 12:05:19 Run 10 complete
2025/08/05 12:05:19 Total update time:  3.331076643s
2025/08/05 12:05:19 linkCache size: 40

 Performance counter stats for './scale_ecs 500 1900 10 8 2 1':

        21,858,410      cache-references                                                      
         5,581,299      cache-misses                     #   25.53% of all cache refs         

       3.339675017 seconds time elapsed

      20.830074000 seconds user
       0.133019000 seconds sys


