ECS running with 700 stations, 1500 satellites, 2 numWGs and 8 numBlocks for 10 rounds in 0 parallel pattern
2025/08/05 12:50:10 StationSystem update...
2025/08/05 12:50:10 SatelliteSystem update...
2025/08/05 12:50:10 weather update count: 700
2025/08/05 12:50:10 StationSystem update time: 7.429µs
2025/08/05 12:50:10 satellite count: 1500
2025/08/05 12:50:10 SatelliteSystem update time: 5.703541ms
2025/08/05 12:50:10 TopoSystem update...
2025/08/05 12:50:10 TopoSystem: Link count: 1050000
2025/08/05 12:50:10 TopoSystem update time: 34.031377ms
2025/08/05 12:50:10 AttenuationSystem update...
2025/08/05 12:50:10 AttenuationSystem parallel flag: 0
2025/08/05 12:50:11 Attenuation computed count: 1050000
2025/08/05 12:50:11 AttenuationSystem update time: 308.54212ms
2025/08/05 12:50:11 Run 1 complete
2025/08/05 12:50:11 StationSystem update...
2025/08/05 12:50:11 weather update count: 700
2025/08/05 12:50:11 StationSystem update time: 5.699µs
2025/08/05 12:50:11 SatelliteSystem update...
2025/08/05 12:50:11 satellite count: 1500
2025/08/05 12:50:11 SatelliteSystem update time: 5.668876ms
2025/08/05 12:50:11 TopoSystem update...
2025/08/05 12:50:11 TopoSystem: Link count: 1050000
2025/08/05 12:50:11 TopoSystem update time: 30.768781ms
2025/08/05 12:50:11 AttenuationSystem update...
2025/08/05 12:50:11 AttenuationSystem parallel flag: 0
2025/08/05 12:50:11 Attenuation computed count: 1050000
2025/08/05 12:50:11 AttenuationSystem update time: 314.162942ms
2025/08/05 12:50:11 Run 2 complete
2025/08/05 12:50:11 StationSystem update...
2025/08/05 12:50:11 weather update count: 700
2025/08/05 12:50:11 StationSystem update time: 4.54µs
2025/08/05 12:50:11 SatelliteSystem update...
2025/08/05 12:50:11 satellite count: 1500
2025/08/05 12:50:11 SatelliteSystem update time: 5.674883ms
2025/08/05 12:50:11 TopoSystem update...
2025/08/05 12:50:11 TopoSystem: Link count: 1050000
2025/08/05 12:50:11 TopoSystem update time: 18.48683ms
2025/08/05 12:50:11 AttenuationSystem update...
2025/08/05 12:50:11 AttenuationSystem parallel flag: 0
2025/08/05 12:50:11 Attenuation computed count: 1050000
2025/08/05 12:50:11 AttenuationSystem update time: 398.672974ms
2025/08/05 12:50:11 Run 3 complete
2025/08/05 12:50:11 StationSystem update...
2025/08/05 12:50:11 weather update count: 700
2025/08/05 12:50:11 StationSystem update time: 5.361µs
2025/08/05 12:50:11 SatelliteSystem update...
2025/08/05 12:50:11 satellite count: 1500
2025/08/05 12:50:11 SatelliteSystem update time: 6.71468ms
2025/08/05 12:50:11 TopoSystem update...
2025/08/05 12:50:11 TopoSystem: Link count: 1050000
2025/08/05 12:50:11 TopoSystem update time: 22.014492ms
2025/08/05 12:50:11 AttenuationSystem update...
2025/08/05 12:50:11 AttenuationSystem parallel flag: 0
2025/08/05 12:50:12 Attenuation computed count: 1050000
2025/08/05 12:50:12 AttenuationSystem update time: 334.603759ms
2025/08/05 12:50:12 Run 4 complete
2025/08/05 12:50:12 StationSystem update...
2025/08/05 12:50:12 weather update count: 700
2025/08/05 12:50:12 StationSystem update time: 10.549µs
2025/08/05 12:50:12 SatelliteSystem update...
2025/08/05 12:50:12 satellite count: 1500
2025/08/05 12:50:12 SatelliteSystem update time: 6.878587ms
2025/08/05 12:50:12 TopoSystem update...
2025/08/05 12:50:12 TopoSystem: Link count: 1050000
2025/08/05 12:50:12 TopoSystem update time: 38.62967ms
2025/08/05 12:50:12 AttenuationSystem update...
2025/08/05 12:50:12 AttenuationSystem parallel flag: 0
2025/08/05 12:50:12 Attenuation computed count: 1050000
2025/08/05 12:50:12 AttenuationSystem update time: 312.566354ms
2025/08/05 12:50:12 Run 5 complete
2025/08/05 12:50:12 StationSystem update...
2025/08/05 12:50:12 weather update count: 700
2025/08/05 12:50:12 StationSystem update time: 4.645µs
2025/08/05 12:50:12 SatelliteSystem update...
2025/08/05 12:50:12 satellite count: 1500
2025/08/05 12:50:12 SatelliteSystem update time: 5.729189ms
2025/08/05 12:50:12 TopoSystem update...
2025/08/05 12:50:12 TopoSystem: Link count: 1050000
2025/08/05 12:50:12 TopoSystem update time: 16.363158ms
2025/08/05 12:50:12 AttenuationSystem update...
2025/08/05 12:50:12 AttenuationSystem parallel flag: 0
2025/08/05 12:50:12 Attenuation computed count: 1050000
2025/08/05 12:50:12 AttenuationSystem update time: 307.124664ms
2025/08/05 12:50:12 Run 6 complete
2025/08/05 12:50:12 StationSystem update...
2025/08/05 12:50:12 weather update count: 700
2025/08/05 12:50:12 StationSystem update time: 5.493µs
2025/08/05 12:50:12 SatelliteSystem update...
2025/08/05 12:50:12 satellite count: 1500
2025/08/05 12:50:12 SatelliteSystem update time: 5.719516ms
2025/08/05 12:50:12 TopoSystem update...
2025/08/05 12:50:12 TopoSystem: Link count: 1050000
2025/08/05 12:50:12 TopoSystem update time: 16.577876ms
2025/08/05 12:50:12 AttenuationSystem update...
2025/08/05 12:50:12 AttenuationSystem parallel flag: 0
2025/08/05 12:50:13 Attenuation computed count: 1050000
2025/08/05 12:50:13 AttenuationSystem update time: 359.727857ms
2025/08/05 12:50:13 Run 7 complete
2025/08/05 12:50:13 StationSystem update...
2025/08/05 12:50:13 weather update count: 700
2025/08/05 12:50:13 StationSystem update time: 5.022µs
2025/08/05 12:50:13 SatelliteSystem update...
2025/08/05 12:50:13 satellite count: 1500
2025/08/05 12:50:13 SatelliteSystem update time: 6.795905ms
2025/08/05 12:50:13 TopoSystem update...
2025/08/05 12:50:13 TopoSystem: Link count: 1050000
2025/08/05 12:50:13 TopoSystem update time: 21.286693ms
2025/08/05 12:50:13 AttenuationSystem update...
2025/08/05 12:50:13 AttenuationSystem parallel flag: 0
2025/08/05 12:50:13 Attenuation computed count: 1050000
2025/08/05 12:50:13 AttenuationSystem update time: 390.916367ms
2025/08/05 12:50:13 Run 8 complete
2025/08/05 12:50:13 StationSystem update...
2025/08/05 12:50:13 weather update count: 700
2025/08/05 12:50:13 StationSystem update time: 4.792µs
2025/08/05 12:50:13 SatelliteSystem update...
2025/08/05 12:50:13 satellite count: 1500
2025/08/05 12:50:13 SatelliteSystem update time: 5.660003ms
2025/08/05 12:50:13 TopoSystem update...
2025/08/05 12:50:13 TopoSystem: Link count: 1050000
2025/08/05 12:50:13 TopoSystem update time: 16.063331ms
2025/08/05 12:50:13 AttenuationSystem update...
2025/08/05 12:50:13 AttenuationSystem parallel flag: 0
2025/08/05 12:50:14 Attenuation computed count: 1050000
2025/08/05 12:50:14 AttenuationSystem update time: 363.313136ms
2025/08/05 12:50:14 Run 9 complete
2025/08/05 12:50:14 StationSystem update...
2025/08/05 12:50:14 weather update count: 700
2025/08/05 12:50:14 StationSystem update time: 5.032µs
2025/08/05 12:50:14 SatelliteSystem update...
2025/08/05 12:50:14 satellite count: 1500
2025/08/05 12:50:14 SatelliteSystem update time: 6.531082ms
2025/08/05 12:50:14 TopoSystem update...
2025/08/05 12:50:14 TopoSystem: Link count: 1050000
2025/08/05 12:50:14 TopoSystem update time: 19.072284ms
2025/08/05 12:50:14 AttenuationSystem update...
2025/08/05 12:50:14 AttenuationSystem parallel flag: 0
2025/08/05 12:50:14 Attenuation computed count: 1050000
2025/08/05 12:50:14 AttenuationSystem update time: 334.005192ms
2025/08/05 12:50:14 Run 10 complete
2025/08/05 12:50:14 Total update time:  3.729240524s
2025/08/05 12:50:14 linkCache size: 40

 Performance counter stats for './scale_ecs 700 1500 10 2 8 0':

        23,488,906      cache-references                                                      
         5,531,343      cache-misses                     #   23.55% of all cache refs         

       3.739163060 seconds time elapsed

      23.786712000 seconds user
       0.132936000 seconds sys


