ECS running with 700 stations, 2000 satellites, 8 numWGs and 4 numBlocks for 10 rounds in 1 parallel pattern
2025/08/05 13:04:40 StationSystem update...
2025/08/05 13:04:40 weather update count: 700
2025/08/05 13:04:40 SatelliteSystem update...
2025/08/05 13:04:40 StationSystem update time: 5.919µs
2025/08/05 13:04:40 satellite count: 2000
2025/08/05 13:04:40 SatelliteSystem update time: 7.560535ms
2025/08/05 13:04:40 TopoSystem update...
2025/08/05 13:04:40 TopoSystem: Link count: 1400000
2025/08/05 13:04:40 TopoSystem update time: 44.630384ms
2025/08/05 13:04:40 AttenuationSystem update...
2025/08/05 13:04:40 AttenuationSystem parallel flag: 1
2025/08/05 13:04:41 Attenuation computed count: 1400000
2025/08/05 13:04:41 AttenuationSystem update time: 411.348528ms
2025/08/05 13:04:41 Run 1 complete
2025/08/05 13:04:41 StationSystem update...
2025/08/05 13:04:41 weather update count: 700
2025/08/05 13:04:41 StationSystem update time: 4.869µs
2025/08/05 13:04:41 SatelliteSystem update...
2025/08/05 13:04:41 satellite count: 2000
2025/08/05 13:04:41 SatelliteSystem update time: 7.561811ms
2025/08/05 13:04:41 TopoSystem update...
2025/08/05 13:04:41 TopoSystem: Link count: 1400000
2025/08/05 13:04:41 TopoSystem update time: 37.429194ms
2025/08/05 13:04:41 AttenuationSystem update...
2025/08/05 13:04:41 AttenuationSystem parallel flag: 1
2025/08/05 13:04:41 Attenuation computed count: 1400000
2025/08/05 13:04:41 AttenuationSystem update time: 491.454559ms
2025/08/05 13:04:41 Run 2 complete
2025/08/05 13:04:41 StationSystem update...
2025/08/05 13:04:41 weather update count: 700
2025/08/05 13:04:41 StationSystem update time: 4.713µs
2025/08/05 13:04:41 SatelliteSystem update...
2025/08/05 13:04:41 satellite count: 2000
2025/08/05 13:04:41 SatelliteSystem update time: 7.5892ms
2025/08/05 13:04:41 TopoSystem update...
2025/08/05 13:04:41 TopoSystem: Link count: 1400000
2025/08/05 13:04:41 TopoSystem update time: 21.852357ms
2025/08/05 13:04:41 AttenuationSystem update...
2025/08/05 13:04:41 AttenuationSystem parallel flag: 1
2025/08/05 13:04:42 Attenuation computed count: 1400000
2025/08/05 13:04:42 AttenuationSystem update time: 427.561149ms
2025/08/05 13:04:42 Run 3 complete
2025/08/05 13:04:42 StationSystem update...
2025/08/05 13:04:42 weather update count: 700
2025/08/05 13:04:42 StationSystem update time: 14.397µs
2025/08/05 13:04:42 SatelliteSystem update...
2025/08/05 13:04:42 satellite count: 2000
2025/08/05 13:04:42 SatelliteSystem update time: 8.184425ms
2025/08/05 13:04:42 TopoSystem update...
2025/08/05 13:04:42 TopoSystem: Link count: 1400000
2025/08/05 13:04:42 TopoSystem update time: 49.153725ms
2025/08/05 13:04:42 AttenuationSystem update...
2025/08/05 13:04:42 AttenuationSystem parallel flag: 1
2025/08/05 13:04:42 Attenuation computed count: 1400000
2025/08/05 13:04:42 AttenuationSystem update time: 503.917689ms
2025/08/05 13:04:42 Run 4 complete
2025/08/05 13:04:42 StationSystem update...
2025/08/05 13:04:42 weather update count: 700
2025/08/05 13:04:42 StationSystem update time: 4.97µs
2025/08/05 13:04:42 SatelliteSystem update...
2025/08/05 13:04:42 satellite count: 2000
2025/08/05 13:04:42 SatelliteSystem update time: 7.563906ms
2025/08/05 13:04:42 TopoSystem update...
2025/08/05 13:04:42 TopoSystem: Link count: 1400000
2025/08/05 13:04:42 TopoSystem update time: 49.865988ms
2025/08/05 13:04:42 AttenuationSystem update...
2025/08/05 13:04:42 AttenuationSystem parallel flag: 1
2025/08/05 13:04:43 Attenuation computed count: 1400000
2025/08/05 13:04:43 AttenuationSystem update time: 501.925874ms
2025/08/05 13:04:43 Run 5 complete
2025/08/05 13:04:43 StationSystem update...
2025/08/05 13:04:43 weather update count: 700
2025/08/05 13:04:43 StationSystem update time: 5.277µs
2025/08/05 13:04:43 SatelliteSystem update...
2025/08/05 13:04:43 satellite count: 2000
2025/08/05 13:04:43 SatelliteSystem update time: 7.587682ms
2025/08/05 13:04:43 TopoSystem update...
2025/08/05 13:04:43 TopoSystem: Link count: 1400000
2025/08/05 13:04:43 TopoSystem update time: 28.564581ms
2025/08/05 13:04:43 AttenuationSystem update...
2025/08/05 13:04:43 AttenuationSystem parallel flag: 1
2025/08/05 13:04:43 Attenuation computed count: 1400000
2025/08/05 13:04:43 AttenuationSystem update time: 456.855568ms
2025/08/05 13:04:43 Run 6 complete
2025/08/05 13:04:43 StationSystem update...
2025/08/05 13:04:43 weather update count: 700
2025/08/05 13:04:43 StationSystem update time: 5.215µs
2025/08/05 13:04:43 SatelliteSystem update...
2025/08/05 13:04:43 satellite count: 2000
2025/08/05 13:04:43 SatelliteSystem update time: 7.585649ms
2025/08/05 13:04:43 TopoSystem update...
2025/08/05 13:04:43 TopoSystem: Link count: 1400000
2025/08/05 13:04:43 TopoSystem update time: 24.140134ms
2025/08/05 13:04:43 AttenuationSystem update...
2025/08/05 13:04:43 AttenuationSystem parallel flag: 1
2025/08/05 13:04:44 Attenuation computed count: 1400000
2025/08/05 13:04:44 AttenuationSystem update time: 494.896534ms
2025/08/05 13:04:44 Run 7 complete
2025/08/05 13:04:44 StationSystem update...
2025/08/05 13:04:44 weather update count: 700
2025/08/05 13:04:44 StationSystem update time: 4.936µs
2025/08/05 13:04:44 SatelliteSystem update...
2025/08/05 13:04:44 satellite count: 2000
2025/08/05 13:04:44 SatelliteSystem update time: 7.58407ms
2025/08/05 13:04:44 TopoSystem update...
2025/08/05 13:04:44 TopoSystem: Link count: 1400000
2025/08/05 13:04:44 TopoSystem update time: 23.886106ms
2025/08/05 13:04:44 AttenuationSystem update...
2025/08/05 13:04:44 AttenuationSystem parallel flag: 1
2025/08/05 13:04:44 Attenuation computed count: 1400000
2025/08/05 13:04:44 AttenuationSystem update time: 505.011518ms
2025/08/05 13:04:44 Run 8 complete
2025/08/05 13:04:44 StationSystem update...
2025/08/05 13:04:44 weather update count: 700
2025/08/05 13:04:44 StationSystem update time: 13.686µs
2025/08/05 13:04:44 SatelliteSystem update...
2025/08/05 13:04:45 satellite count: 2000
2025/08/05 13:04:45 SatelliteSystem update time: 8.192922ms
2025/08/05 13:04:45 TopoSystem update...
2025/08/05 13:04:45 TopoSystem: Link count: 1400000
2025/08/05 13:04:45 TopoSystem update time: 46.587167ms
2025/08/05 13:04:45 AttenuationSystem update...
2025/08/05 13:04:45 AttenuationSystem parallel flag: 1
2025/08/05 13:04:45 Attenuation computed count: 1400000
2025/08/05 13:04:45 AttenuationSystem update time: 432.343114ms
2025/08/05 13:04:45 Run 9 complete
2025/08/05 13:04:45 StationSystem update...
2025/08/05 13:04:45 SatelliteSystem update...
2025/08/05 13:04:45 weather update count: 700
2025/08/05 13:04:45 StationSystem update time: 12.006µs
2025/08/05 13:04:45 satellite count: 2000
2025/08/05 13:04:45 SatelliteSystem update time: 7.605208ms
2025/08/05 13:04:45 TopoSystem update...
2025/08/05 13:04:45 TopoSystem: Link count: 1400000
2025/08/05 13:04:45 TopoSystem update time: 38.198031ms
2025/08/05 13:04:45 AttenuationSystem update...
2025/08/05 13:04:45 AttenuationSystem parallel flag: 1
2025/08/05 13:04:46 Attenuation computed count: 1400000
2025/08/05 13:04:46 AttenuationSystem update time: 528.397709ms
2025/08/05 13:04:46 Run 10 complete
2025/08/05 13:04:46 Total update time:  5.20850938s
2025/08/05 13:04:46 linkCache size: 40

 Performance counter stats for './scale_ecs 700 2000 10 8 4 1':

        32,924,915      cache-references                                                      
         9,279,429      cache-misses                     #   28.18% of all cache refs         

       5.218813494 seconds time elapsed

      33.534885000 seconds user
       0.256213000 seconds sys


