ECS running with 700 stations, 800 satellites, 8 numWGs and 4 numBlocks for 10 rounds in 1 parallel pattern
2025/08/05 12:38:31 StationSystem update...
2025/08/05 12:38:31 weather update count: 700
2025/08/05 12:38:31 StationSystem update time: 5.674µs
2025/08/05 12:38:31 SatelliteSystem update...
2025/08/05 12:38:31 satellite count: 800
2025/08/05 12:38:31 SatelliteSystem update time: 3.0595ms
2025/08/05 12:38:31 TopoSystem update...
2025/08/05 12:38:31 TopoSystem: Link count: 560000
2025/08/05 12:38:31 TopoSystem update time: 18.384403ms
2025/08/05 12:38:31 AttenuationSystem update...
2025/08/05 12:38:31 AttenuationSystem parallel flag: 1
2025/08/05 12:38:32 Attenuation computed count: 560000
2025/08/05 12:38:32 AttenuationSystem update time: 160.403066ms
2025/08/05 12:38:32 Run 1 complete
2025/08/05 12:38:32 StationSystem update...
2025/08/05 12:38:32 weather update count: 700
2025/08/05 12:38:32 StationSystem update time: 4.598µs
2025/08/05 12:38:32 SatelliteSystem update...
2025/08/05 12:38:32 satellite count: 800
2025/08/05 12:38:32 SatelliteSystem update time: 3.059289ms
2025/08/05 12:38:32 TopoSystem update...
2025/08/05 12:38:32 TopoSystem: Link count: 560000
2025/08/05 12:38:32 TopoSystem update time: 15.439183ms
2025/08/05 12:38:32 AttenuationSystem update...
2025/08/05 12:38:32 AttenuationSystem parallel flag: 1
2025/08/05 12:38:32 Attenuation computed count: 560000
2025/08/05 12:38:32 AttenuationSystem update time: 161.417159ms
2025/08/05 12:38:32 Run 2 complete
2025/08/05 12:38:32 StationSystem update...
2025/08/05 12:38:32 weather update count: 700
2025/08/05 12:38:32 StationSystem update time: 4.693µs
2025/08/05 12:38:32 SatelliteSystem update...
2025/08/05 12:38:32 satellite count: 800
2025/08/05 12:38:32 SatelliteSystem update time: 3.046753ms
2025/08/05 12:38:32 TopoSystem update...
2025/08/05 12:38:32 TopoSystem: Link count: 560000
2025/08/05 12:38:32 TopoSystem update time: 8.920024ms
2025/08/05 12:38:32 AttenuationSystem update...
2025/08/05 12:38:32 AttenuationSystem parallel flag: 1
2025/08/05 12:38:32 Attenuation computed count: 560000
2025/08/05 12:38:32 AttenuationSystem update time: 159.948745ms
2025/08/05 12:38:32 Run 3 complete
2025/08/05 12:38:32 StationSystem update...
2025/08/05 12:38:32 weather update count: 700
2025/08/05 12:38:32 StationSystem update time: 4.271µs
2025/08/05 12:38:32 SatelliteSystem update...
2025/08/05 12:38:32 satellite count: 800
2025/08/05 12:38:32 SatelliteSystem update time: 3.046301ms
2025/08/05 12:38:32 TopoSystem update...
2025/08/05 12:38:32 TopoSystem: Link count: 560000
2025/08/05 12:38:32 TopoSystem update time: 9.27408ms
2025/08/05 12:38:32 AttenuationSystem update...
2025/08/05 12:38:32 AttenuationSystem parallel flag: 1
2025/08/05 12:38:32 Attenuation computed count: 560000
2025/08/05 12:38:32 AttenuationSystem update time: 181.364317ms
2025/08/05 12:38:32 Run 4 complete
2025/08/05 12:38:32 StationSystem update...
2025/08/05 12:38:32 weather update count: 700
2025/08/05 12:38:32 StationSystem update time: 4.526µs
2025/08/05 12:38:32 SatelliteSystem update...
2025/08/05 12:38:32 satellite count: 800
2025/08/05 12:38:32 SatelliteSystem update time: 3.042312ms
2025/08/05 12:38:32 TopoSystem update...
2025/08/05 12:38:32 TopoSystem: Link count: 560000
2025/08/05 12:38:32 TopoSystem update time: 9.046741ms
2025/08/05 12:38:32 AttenuationSystem update...
2025/08/05 12:38:32 AttenuationSystem parallel flag: 1
2025/08/05 12:38:32 Attenuation computed count: 560000
2025/08/05 12:38:32 AttenuationSystem update time: 197.775613ms
2025/08/05 12:38:32 Run 5 complete
2025/08/05 12:38:32 StationSystem update...
2025/08/05 12:38:32 weather update count: 700
2025/08/05 12:38:32 StationSystem update time: 4.102µs
2025/08/05 12:38:32 SatelliteSystem update...
2025/08/05 12:38:32 satellite count: 800
2025/08/05 12:38:32 SatelliteSystem update time: 3.033437ms
2025/08/05 12:38:32 TopoSystem update...
2025/08/05 12:38:32 TopoSystem: Link count: 560000
2025/08/05 12:38:32 TopoSystem update time: 13.930762ms
2025/08/05 12:38:32 AttenuationSystem update...
2025/08/05 12:38:32 AttenuationSystem parallel flag: 1
2025/08/05 12:38:32 Attenuation computed count: 560000
2025/08/05 12:38:32 AttenuationSystem update time: 164.994285ms
2025/08/05 12:38:32 Run 6 complete
2025/08/05 12:38:32 StationSystem update...
2025/08/05 12:38:32 weather update count: 700
2025/08/05 12:38:32 StationSystem update time: 4.381µs
2025/08/05 12:38:32 SatelliteSystem update...
2025/08/05 12:38:32 satellite count: 800
2025/08/05 12:38:32 SatelliteSystem update time: 3.037745ms
2025/08/05 12:38:32 TopoSystem update...
2025/08/05 12:38:32 TopoSystem: Link count: 560000
2025/08/05 12:38:32 TopoSystem update time: 8.652007ms
2025/08/05 12:38:32 AttenuationSystem update...
2025/08/05 12:38:32 AttenuationSystem parallel flag: 1
2025/08/05 12:38:33 Attenuation computed count: 560000
2025/08/05 12:38:33 AttenuationSystem update time: 213.792465ms
2025/08/05 12:38:33 Run 7 complete
2025/08/05 12:38:33 StationSystem update...
2025/08/05 12:38:33 weather update count: 700
2025/08/05 12:38:33 StationSystem update time: 4.28µs
2025/08/05 12:38:33 SatelliteSystem update...
2025/08/05 12:38:33 satellite count: 800
2025/08/05 12:38:33 SatelliteSystem update time: 3.041206ms
2025/08/05 12:38:33 TopoSystem update...
2025/08/05 12:38:33 TopoSystem: Link count: 560000
2025/08/05 12:38:33 TopoSystem update time: 8.505863ms
2025/08/05 12:38:33 AttenuationSystem update...
2025/08/05 12:38:33 AttenuationSystem parallel flag: 1
2025/08/05 12:38:33 Attenuation computed count: 560000
2025/08/05 12:38:33 AttenuationSystem update time: 195.598819ms
2025/08/05 12:38:33 Run 8 complete
2025/08/05 12:38:33 StationSystem update...
2025/08/05 12:38:33 SatelliteSystem update...
2025/08/05 12:38:33 weather update count: 700
2025/08/05 12:38:33 StationSystem update time: 15.407µs
2025/08/05 12:38:33 satellite count: 800
2025/08/05 12:38:33 SatelliteSystem update time: 3.276964ms
2025/08/05 12:38:33 TopoSystem update...
2025/08/05 12:38:33 TopoSystem: Link count: 560000
2025/08/05 12:38:33 TopoSystem update time: 27.860474ms
2025/08/05 12:38:33 AttenuationSystem update...
2025/08/05 12:38:33 AttenuationSystem parallel flag: 1
2025/08/05 12:38:33 Attenuation computed count: 560000
2025/08/05 12:38:33 AttenuationSystem update time: 192.445662ms
2025/08/05 12:38:33 Run 9 complete
2025/08/05 12:38:33 StationSystem update...
2025/08/05 12:38:33 weather update count: 700
2025/08/05 12:38:33 StationSystem update time: 4.748µs
2025/08/05 12:38:33 SatelliteSystem update...
2025/08/05 12:38:33 satellite count: 800
2025/08/05 12:38:33 SatelliteSystem update time: 3.047882ms
2025/08/05 12:38:33 TopoSystem update...
2025/08/05 12:38:33 TopoSystem: Link count: 560000
2025/08/05 12:38:33 TopoSystem update time: 12.044218ms
2025/08/05 12:38:33 AttenuationSystem update...
2025/08/05 12:38:33 AttenuationSystem parallel flag: 1
2025/08/05 12:38:33 Attenuation computed count: 560000
2025/08/05 12:38:33 AttenuationSystem update time: 183.623637ms
2025/08/05 12:38:33 Run 10 complete
2025/08/05 12:38:33 Total update time:  1.981022748s
2025/08/05 12:38:33 linkCache size: 40

 Performance counter stats for './scale_ecs 700 800 10 8 4 1':

        13,456,392      cache-references                                                      
         2,756,373      cache-misses                     #   20.48% of all cache refs         

       1.987355567 seconds time elapsed

      12.549229000 seconds user
       0.081098000 seconds sys


