ECS running with 700 stations, 1500 satellites, 4 numWGs and 4 numBlocks for 10 rounds in 0 parallel pattern
2025/08/05 12:50:41 StationSystem update...
2025/08/05 12:50:41 weather update count: 700
2025/08/05 12:50:41 SatelliteSystem update...
2025/08/05 12:50:41 StationSystem update time: 4.718µs
2025/08/05 12:50:41 satellite count: 1500
2025/08/05 12:50:41 SatelliteSystem update time: 5.754041ms
2025/08/05 12:50:41 TopoSystem update...
2025/08/05 12:50:41 TopoSystem: Link count: 1050000
2025/08/05 12:50:41 TopoSystem update time: 34.342351ms
2025/08/05 12:50:41 AttenuationSystem update...
2025/08/05 12:50:41 AttenuationSystem parallel flag: 0
2025/08/05 12:50:42 Attenuation computed count: 1050000
2025/08/05 12:50:42 AttenuationSystem update time: 600.02885ms
2025/08/05 12:50:42 Run 1 complete
2025/08/05 12:50:42 StationSystem update...
2025/08/05 12:50:42 weather update count: 700
2025/08/05 12:50:42 StationSystem update time: 4.375µs
2025/08/05 12:50:42 SatelliteSystem update...
2025/08/05 12:50:42 satellite count: 1500
2025/08/05 12:50:42 SatelliteSystem update time: 4.245799ms
2025/08/05 12:50:42 TopoSystem update...
2025/08/05 12:50:42 TopoSystem: Link count: 1050000
2025/08/05 12:50:42 TopoSystem update time: 29.263101ms
2025/08/05 12:50:42 AttenuationSystem update...
2025/08/05 12:50:42 AttenuationSystem parallel flag: 0
2025/08/05 12:50:42 Attenuation computed count: 1050000
2025/08/05 12:50:42 AttenuationSystem update time: 622.094503ms
2025/08/05 12:50:42 Run 2 complete
2025/08/05 12:50:42 StationSystem update...
2025/08/05 12:50:42 weather update count: 700
2025/08/05 12:50:42 StationSystem update time: 6.471µs
2025/08/05 12:50:42 SatelliteSystem update...
2025/08/05 12:50:42 satellite count: 1500
2025/08/05 12:50:42 SatelliteSystem update time: 6.127724ms
2025/08/05 12:50:42 TopoSystem update...
2025/08/05 12:50:42 TopoSystem: Link count: 1050000
2025/08/05 12:50:42 TopoSystem update time: 52.453237ms
2025/08/05 12:50:42 AttenuationSystem update...
2025/08/05 12:50:42 AttenuationSystem parallel flag: 0
2025/08/05 12:50:43 Attenuation computed count: 1050000
2025/08/05 12:50:43 AttenuationSystem update time: 576.940104ms
2025/08/05 12:50:43 Run 3 complete
2025/08/05 12:50:43 StationSystem update...
2025/08/05 12:50:43 weather update count: 700
2025/08/05 12:50:43 StationSystem update time: 4.014µs
2025/08/05 12:50:43 SatelliteSystem update...
2025/08/05 12:50:43 satellite count: 1500
2025/08/05 12:50:43 SatelliteSystem update time: 5.670989ms
2025/08/05 12:50:43 TopoSystem update...
2025/08/05 12:50:43 TopoSystem: Link count: 1050000
2025/08/05 12:50:43 TopoSystem update time: 38.910508ms
2025/08/05 12:50:43 AttenuationSystem update...
2025/08/05 12:50:43 AttenuationSystem parallel flag: 0
2025/08/05 12:50:44 Attenuation computed count: 1050000
2025/08/05 12:50:44 AttenuationSystem update time: 632.320801ms
2025/08/05 12:50:44 Run 4 complete
2025/08/05 12:50:44 StationSystem update...
2025/08/05 12:50:44 weather update count: 700
2025/08/05 12:50:44 StationSystem update time: 4.106µs
2025/08/05 12:50:44 SatelliteSystem update...
2025/08/05 12:50:44 satellite count: 1500
2025/08/05 12:50:44 SatelliteSystem update time: 5.661254ms
2025/08/05 12:50:44 TopoSystem update...
2025/08/05 12:50:44 TopoSystem: Link count: 1050000
2025/08/05 12:50:44 TopoSystem update time: 18.266528ms
2025/08/05 12:50:44 AttenuationSystem update...
2025/08/05 12:50:44 AttenuationSystem parallel flag: 0
2025/08/05 12:50:44 Attenuation computed count: 1050000
2025/08/05 12:50:44 AttenuationSystem update time: 607.354866ms
2025/08/05 12:50:44 Run 5 complete
2025/08/05 12:50:44 StationSystem update...
2025/08/05 12:50:44 weather update count: 700
2025/08/05 12:50:44 StationSystem update time: 5.077µs
2025/08/05 12:50:44 SatelliteSystem update...
2025/08/05 12:50:44 satellite count: 1500
2025/08/05 12:50:44 SatelliteSystem update time: 5.699045ms
2025/08/05 12:50:44 TopoSystem update...
2025/08/05 12:50:44 TopoSystem: Link count: 1050000
2025/08/05 12:50:44 TopoSystem update time: 18.312571ms
2025/08/05 12:50:44 AttenuationSystem update...
2025/08/05 12:50:44 AttenuationSystem parallel flag: 0
2025/08/05 12:50:45 Attenuation computed count: 1050000
2025/08/05 12:50:45 AttenuationSystem update time: 604.648949ms
2025/08/05 12:50:45 Run 6 complete
2025/08/05 12:50:45 StationSystem update...
2025/08/05 12:50:45 weather update count: 700
2025/08/05 12:50:45 StationSystem update time: 6.229µs
2025/08/05 12:50:45 SatelliteSystem update...
2025/08/05 12:50:45 satellite count: 1500
2025/08/05 12:50:45 SatelliteSystem update time: 4.226123ms
2025/08/05 12:50:45 TopoSystem update...
2025/08/05 12:50:45 TopoSystem: Link count: 1050000
2025/08/05 12:50:45 TopoSystem update time: 24.639408ms
2025/08/05 12:50:45 AttenuationSystem update...
2025/08/05 12:50:45 AttenuationSystem parallel flag: 0
2025/08/05 12:50:46 Attenuation computed count: 1050000
2025/08/05 12:50:46 AttenuationSystem update time: 636.164493ms
2025/08/05 12:50:46 Run 7 complete
2025/08/05 12:50:46 StationSystem update...
2025/08/05 12:50:46 weather update count: 700
2025/08/05 12:50:46 StationSystem update time: 5.51µs
2025/08/05 12:50:46 SatelliteSystem update...
2025/08/05 12:50:46 satellite count: 1500
2025/08/05 12:50:46 SatelliteSystem update time: 6.137999ms
2025/08/05 12:50:46 TopoSystem update...
2025/08/05 12:50:46 TopoSystem: Link count: 1050000
2025/08/05 12:50:46 TopoSystem update time: 30.533608ms
2025/08/05 12:50:46 AttenuationSystem update...
2025/08/05 12:50:46 AttenuationSystem parallel flag: 0
2025/08/05 12:50:46 Attenuation computed count: 1050000
2025/08/05 12:50:46 AttenuationSystem update time: 598.629722ms
2025/08/05 12:50:46 Run 8 complete
2025/08/05 12:50:46 StationSystem update...
2025/08/05 12:50:46 weather update count: 700
2025/08/05 12:50:46 StationSystem update time: 4.248µs
2025/08/05 12:50:46 SatelliteSystem update...
2025/08/05 12:50:46 satellite count: 1500
2025/08/05 12:50:46 SatelliteSystem update time: 5.674951ms
2025/08/05 12:50:46 TopoSystem update...
2025/08/05 12:50:46 TopoSystem: Link count: 1050000
2025/08/05 12:50:46 TopoSystem update time: 16.900733ms
2025/08/05 12:50:46 AttenuationSystem update...
2025/08/05 12:50:46 AttenuationSystem parallel flag: 0
2025/08/05 12:50:47 Attenuation computed count: 1050000
2025/08/05 12:50:47 AttenuationSystem update time: 618.126604ms
2025/08/05 12:50:47 Run 9 complete
2025/08/05 12:50:47 StationSystem update...
2025/08/05 12:50:47 weather update count: 700
2025/08/05 12:50:47 StationSystem update time: 4.213µs
2025/08/05 12:50:47 SatelliteSystem update...
2025/08/05 12:50:47 satellite count: 1500
2025/08/05 12:50:47 SatelliteSystem update time: 5.672237ms
2025/08/05 12:50:47 TopoSystem update...
2025/08/05 12:50:47 TopoSystem: Link count: 1050000
2025/08/05 12:50:47 TopoSystem update time: 23.852739ms
2025/08/05 12:50:47 AttenuationSystem update...
2025/08/05 12:50:47 AttenuationSystem parallel flag: 0
2025/08/05 12:50:48 Attenuation computed count: 1050000
2025/08/05 12:50:48 AttenuationSystem update time: 614.109661ms
2025/08/05 12:50:48 Run 10 complete
2025/08/05 12:50:48 Total update time:  6.462470698s
2025/08/05 12:50:48 linkCache size: 40

 Performance counter stats for './scale_ecs 700 1500 10 4 4 0':

        24,233,977      cache-references                                                      
         6,377,139      cache-misses                     #   26.31% of all cache refs         

       6.471112473 seconds time elapsed

      22.469347000 seconds user
       0.183912000 seconds sys


