ECS running with 900 stations, 600 satellites, 8 numWGs and 2 numBlocks for 10 rounds in 0 parallel pattern
2025/08/05 13:42:50 StationSystem update...
2025/08/05 13:42:50 weather update count: 900
2025/08/05 13:42:50 StationSystem update time: 6.56µs
2025/08/05 13:42:50 SatelliteSystem update...
2025/08/05 13:42:50 satellite count: 600
2025/08/05 13:42:50 SatelliteSystem update time: 2.315869ms
2025/08/05 13:42:50 TopoSystem update...
2025/08/05 13:42:50 TopoSystem: Link count: 540000
2025/08/05 13:42:50 TopoSystem update time: 20.683931ms
2025/08/05 13:42:50 AttenuationSystem update...
2025/08/05 13:42:50 AttenuationSystem parallel flag: 0
2025/08/05 13:42:50 Attenuation computed count: 540000
2025/08/05 13:42:50 AttenuationSystem update time: 625.777486ms
2025/08/05 13:42:50 Run 1 complete
2025/08/05 13:42:50 StationSystem update...
2025/08/05 13:42:50 weather update count: 900
2025/08/05 13:42:50 StationSystem update time: 10.54µs
2025/08/05 13:42:50 SatelliteSystem update...
2025/08/05 13:42:50 satellite count: 600
2025/08/05 13:42:50 SatelliteSystem update time: 2.31963ms
2025/08/05 13:42:50 TopoSystem update...
2025/08/05 13:42:50 TopoSystem: Link count: 540000
2025/08/05 13:42:50 TopoSystem update time: 20.696605ms
2025/08/05 13:42:50 AttenuationSystem update...
2025/08/05 13:42:50 AttenuationSystem parallel flag: 0
2025/08/05 13:42:51 Attenuation computed count: 540000
2025/08/05 13:42:51 AttenuationSystem update time: 649.221144ms
2025/08/05 13:42:51 Run 2 complete
2025/08/05 13:42:51 StationSystem update...
2025/08/05 13:42:51 weather update count: 900
2025/08/05 13:42:51 StationSystem update time: 8.218µs
2025/08/05 13:42:51 SatelliteSystem update...
2025/08/05 13:42:51 satellite count: 600
2025/08/05 13:42:51 SatelliteSystem update time: 2.328295ms
2025/08/05 13:42:51 TopoSystem update...
2025/08/05 13:42:51 TopoSystem: Link count: 540000
2025/08/05 13:42:51 TopoSystem update time: 12.792485ms
2025/08/05 13:42:51 AttenuationSystem update...
2025/08/05 13:42:51 AttenuationSystem parallel flag: 0
2025/08/05 13:42:52 Attenuation computed count: 540000
2025/08/05 13:42:52 AttenuationSystem update time: 651.7213ms
2025/08/05 13:42:52 Run 3 complete
2025/08/05 13:42:52 StationSystem update...
2025/08/05 13:42:52 weather update count: 900
2025/08/05 13:42:52 StationSystem update time: 4.714µs
2025/08/05 13:42:52 SatelliteSystem update...
2025/08/05 13:42:52 satellite count: 600
2025/08/05 13:42:52 SatelliteSystem update time: 2.370536ms
2025/08/05 13:42:52 TopoSystem update...
2025/08/05 13:42:52 TopoSystem: Link count: 540000
2025/08/05 13:42:52 TopoSystem update time: 19.396536ms
2025/08/05 13:42:52 AttenuationSystem update...
2025/08/05 13:42:52 AttenuationSystem parallel flag: 0
2025/08/05 13:42:52 Attenuation computed count: 540000
2025/08/05 13:42:52 AttenuationSystem update time: 637.753942ms
2025/08/05 13:42:52 Run 4 complete
2025/08/05 13:42:52 StationSystem update...
2025/08/05 13:42:52 weather update count: 900
2025/08/05 13:42:52 StationSystem update time: 9.711µs
2025/08/05 13:42:52 SatelliteSystem update...
2025/08/05 13:42:52 satellite count: 600
2025/08/05 13:42:52 SatelliteSystem update time: 2.339686ms
2025/08/05 13:42:52 TopoSystem update...
2025/08/05 13:42:52 TopoSystem: Link count: 540000
2025/08/05 13:42:52 TopoSystem update time: 11.818776ms
2025/08/05 13:42:52 AttenuationSystem update...
2025/08/05 13:42:52 AttenuationSystem parallel flag: 0
2025/08/05 13:42:53 Attenuation computed count: 540000
2025/08/05 13:42:53 AttenuationSystem update time: 673.650263ms
2025/08/05 13:42:53 Run 5 complete
2025/08/05 13:42:53 StationSystem update...
2025/08/05 13:42:53 weather update count: 900
2025/08/05 13:42:53 StationSystem update time: 7.615µs
2025/08/05 13:42:53 SatelliteSystem update...
2025/08/05 13:42:53 satellite count: 600
2025/08/05 13:42:53 SatelliteSystem update time: 2.625465ms
2025/08/05 13:42:53 TopoSystem update...
2025/08/05 13:42:53 TopoSystem: Link count: 540000
2025/08/05 13:42:53 TopoSystem update time: 17.654551ms
2025/08/05 13:42:53 AttenuationSystem update...
2025/08/05 13:42:53 AttenuationSystem parallel flag: 0
2025/08/05 13:42:54 Attenuation computed count: 540000
2025/08/05 13:42:54 AttenuationSystem update time: 645.64099ms
2025/08/05 13:42:54 Run 6 complete
2025/08/05 13:42:54 StationSystem update...
2025/08/05 13:42:54 weather update count: 900
2025/08/05 13:42:54 StationSystem update time: 5.02µs
2025/08/05 13:42:54 SatelliteSystem update...
2025/08/05 13:42:54 satellite count: 600
2025/08/05 13:42:54 SatelliteSystem update time: 2.290751ms
2025/08/05 13:42:54 TopoSystem update...
2025/08/05 13:42:54 TopoSystem: Link count: 540000
2025/08/05 13:42:54 TopoSystem update time: 27.757433ms
2025/08/05 13:42:54 AttenuationSystem update...
2025/08/05 13:42:54 AttenuationSystem parallel flag: 0
2025/08/05 13:42:54 Attenuation computed count: 540000
2025/08/05 13:42:54 AttenuationSystem update time: 654.493594ms
2025/08/05 13:42:54 Run 7 complete
2025/08/05 13:42:54 StationSystem update...
2025/08/05 13:42:54 weather update count: 900
2025/08/05 13:42:54 StationSystem update time: 5.104µs
2025/08/05 13:42:54 SatelliteSystem update...
2025/08/05 13:42:54 satellite count: 600
2025/08/05 13:42:54 SatelliteSystem update time: 2.312941ms
2025/08/05 13:42:54 TopoSystem update...
2025/08/05 13:42:54 TopoSystem: Link count: 540000
2025/08/05 13:42:54 TopoSystem update time: 18.469186ms
2025/08/05 13:42:54 AttenuationSystem update...
2025/08/05 13:42:54 AttenuationSystem parallel flag: 0
2025/08/05 13:42:55 Attenuation computed count: 540000
2025/08/05 13:42:55 AttenuationSystem update time: 652.217443ms
2025/08/05 13:42:55 Run 8 complete
2025/08/05 13:42:55 StationSystem update...
2025/08/05 13:42:55 weather update count: 900
2025/08/05 13:42:55 StationSystem update time: 6.243µs
2025/08/05 13:42:55 SatelliteSystem update...
2025/08/05 13:42:55 satellite count: 600
2025/08/05 13:42:55 SatelliteSystem update time: 2.306104ms
2025/08/05 13:42:55 TopoSystem update...
2025/08/05 13:42:55 TopoSystem: Link count: 540000
2025/08/05 13:42:55 TopoSystem update time: 9.758244ms
2025/08/05 13:42:55 AttenuationSystem update...
2025/08/05 13:42:55 AttenuationSystem parallel flag: 0
2025/08/05 13:42:56 Attenuation computed count: 540000
2025/08/05 13:42:56 AttenuationSystem update time: 658.107885ms
2025/08/05 13:42:56 Run 9 complete
2025/08/05 13:42:56 StationSystem update...
2025/08/05 13:42:56 weather update count: 900
2025/08/05 13:42:56 StationSystem update time: 5.863µs
2025/08/05 13:42:56 SatelliteSystem update...
2025/08/05 13:42:56 satellite count: 600
2025/08/05 13:42:56 SatelliteSystem update time: 2.307441ms
2025/08/05 13:42:56 TopoSystem update...
2025/08/05 13:42:56 TopoSystem: Link count: 540000
2025/08/05 13:42:56 TopoSystem update time: 20.940511ms
2025/08/05 13:42:56 AttenuationSystem update...
2025/08/05 13:42:56 AttenuationSystem parallel flag: 0
2025/08/05 13:42:56 Attenuation computed count: 540000
2025/08/05 13:42:56 AttenuationSystem update time: 633.294856ms
2025/08/05 13:42:56 Run 10 complete
2025/08/05 13:42:56 Total update time:  6.6947063s
2025/08/05 13:42:56 linkCache size: 40

 Performance counter stats for './scale_ecs 900 600 10 8 2 0':

        13,042,381      cache-references                                                      
         3,601,681      cache-misses                     #   27.62% of all cache refs         

       6.704225926 seconds time elapsed

      12.925349000 seconds user
       0.099087000 seconds sys


