ECS running with 500 stations, 1100 satellites, 2 numWGs and 8 numBlocks for 10 rounds in 0 parallel pattern
2025/08/05 11:51:18 StationSystem update...
2025/08/05 11:51:18 weather update count: 500
2025/08/05 11:51:18 StationSystem update time: 4.161µs
2025/08/05 11:51:18 SatelliteSystem update...
2025/08/05 11:51:18 satellite count: 1100
2025/08/05 11:51:18 SatelliteSystem update time: 4.176553ms
2025/08/05 11:51:18 TopoSystem update...
2025/08/05 11:51:18 TopoSystem: Link count: 550000
2025/08/05 11:51:18 TopoSystem update time: 19.244315ms
2025/08/05 11:51:18 AttenuationSystem update...
2025/08/05 11:51:18 AttenuationSystem parallel flag: 0
2025/08/05 11:51:18 Attenuation computed count: 550000
2025/08/05 11:51:18 AttenuationSystem update time: 158.495394ms
2025/08/05 11:51:18 Run 1 complete
2025/08/05 11:51:18 StationSystem update...
2025/08/05 11:51:18 weather update count: 500
2025/08/05 11:51:18 StationSystem update time: 4.406µs
2025/08/05 11:51:18 SatelliteSystem update...
2025/08/05 11:51:18 satellite count: 1100
2025/08/05 11:51:18 SatelliteSystem update time: 4.225907ms
2025/08/05 11:51:18 TopoSystem update...
2025/08/05 11:51:18 TopoSystem: Link count: 550000
2025/08/05 11:51:18 TopoSystem update time: 10.938024ms
2025/08/05 11:51:18 AttenuationSystem update...
2025/08/05 11:51:18 AttenuationSystem parallel flag: 0
2025/08/05 11:51:18 Attenuation computed count: 550000
2025/08/05 11:51:18 AttenuationSystem update time: 160.658884ms
2025/08/05 11:51:18 Run 2 complete
2025/08/05 11:51:18 StationSystem update...
2025/08/05 11:51:18 weather update count: 500
2025/08/05 11:51:18 StationSystem update time: 4.47µs
2025/08/05 11:51:18 SatelliteSystem update...
2025/08/05 11:51:18 satellite count: 1100
2025/08/05 11:51:18 SatelliteSystem update time: 4.204811ms
2025/08/05 11:51:18 TopoSystem update...
2025/08/05 11:51:18 TopoSystem: Link count: 550000
2025/08/05 11:51:18 TopoSystem update time: 10.825082ms
2025/08/05 11:51:18 AttenuationSystem update...
2025/08/05 11:51:18 AttenuationSystem parallel flag: 0
2025/08/05 11:51:18 Attenuation computed count: 550000
2025/08/05 11:51:18 AttenuationSystem update time: 177.085727ms
2025/08/05 11:51:18 Run 3 complete
2025/08/05 11:51:18 StationSystem update...
2025/08/05 11:51:18 weather update count: 500
2025/08/05 11:51:18 StationSystem update time: 4.243µs
2025/08/05 11:51:18 SatelliteSystem update...
2025/08/05 11:51:18 satellite count: 1100
2025/08/05 11:51:18 SatelliteSystem update time: 4.174613ms
2025/08/05 11:51:18 TopoSystem update...
2025/08/05 11:51:18 TopoSystem: Link count: 550000
2025/08/05 11:51:18 TopoSystem update time: 9.702471ms
2025/08/05 11:51:18 AttenuationSystem update...
2025/08/05 11:51:18 AttenuationSystem parallel flag: 0
2025/08/05 11:51:19 Attenuation computed count: 550000
2025/08/05 11:51:19 AttenuationSystem update time: 187.902483ms
2025/08/05 11:51:19 Run 4 complete
2025/08/05 11:51:19 StationSystem update...
2025/08/05 11:51:19 weather update count: 500
2025/08/05 11:51:19 StationSystem update time: 4.323µs
2025/08/05 11:51:19 SatelliteSystem update...
2025/08/05 11:51:19 satellite count: 1100
2025/08/05 11:51:19 SatelliteSystem update time: 4.174217ms
2025/08/05 11:51:19 TopoSystem update...
2025/08/05 11:51:19 TopoSystem: Link count: 550000
2025/08/05 11:51:19 TopoSystem update time: 11.444293ms
2025/08/05 11:51:19 AttenuationSystem update...
2025/08/05 11:51:19 AttenuationSystem parallel flag: 0
2025/08/05 11:51:19 Attenuation computed count: 550000
2025/08/05 11:51:19 AttenuationSystem update time: 166.897433ms
2025/08/05 11:51:19 Run 5 complete
2025/08/05 11:51:19 StationSystem update...
2025/08/05 11:51:19 weather update count: 500
2025/08/05 11:51:19 StationSystem update time: 4.346µs
2025/08/05 11:51:19 SatelliteSystem update...
2025/08/05 11:51:19 satellite count: 1100
2025/08/05 11:51:19 SatelliteSystem update time: 4.174201ms
2025/08/05 11:51:19 TopoSystem update...
2025/08/05 11:51:19 TopoSystem: Link count: 550000
2025/08/05 11:51:19 TopoSystem update time: 16.819909ms
2025/08/05 11:51:19 AttenuationSystem update...
2025/08/05 11:51:19 AttenuationSystem parallel flag: 0
2025/08/05 11:51:19 Attenuation computed count: 550000
2025/08/05 11:51:19 AttenuationSystem update time: 191.415035ms
2025/08/05 11:51:19 Run 6 complete
2025/08/05 11:51:19 StationSystem update...
2025/08/05 11:51:19 weather update count: 500
2025/08/05 11:51:19 StationSystem update time: 4.177µs
2025/08/05 11:51:19 SatelliteSystem update...
2025/08/05 11:51:19 satellite count: 1100
2025/08/05 11:51:19 SatelliteSystem update time: 4.18111ms
2025/08/05 11:51:19 TopoSystem update...
2025/08/05 11:51:19 TopoSystem: Link count: 550000
2025/08/05 11:51:19 TopoSystem update time: 15.869756ms
2025/08/05 11:51:19 AttenuationSystem update...
2025/08/05 11:51:19 AttenuationSystem parallel flag: 0
2025/08/05 11:51:19 Attenuation computed count: 550000
2025/08/05 11:51:19 AttenuationSystem update time: 186.558473ms
2025/08/05 11:51:19 Run 7 complete
2025/08/05 11:51:19 StationSystem update...
2025/08/05 11:51:19 weather update count: 500
2025/08/05 11:51:19 StationSystem update time: 3.472µs
2025/08/05 11:51:19 SatelliteSystem update...
2025/08/05 11:51:19 satellite count: 1100
2025/08/05 11:51:19 SatelliteSystem update time: 4.182151ms
2025/08/05 11:51:19 TopoSystem update...
2025/08/05 11:51:19 TopoSystem: Link count: 550000
2025/08/05 11:51:19 TopoSystem update time: 9.490232ms
2025/08/05 11:51:19 AttenuationSystem update...
2025/08/05 11:51:19 AttenuationSystem parallel flag: 0
2025/08/05 11:51:19 Attenuation computed count: 550000
2025/08/05 11:51:19 AttenuationSystem update time: 191.814424ms
2025/08/05 11:51:19 Run 8 complete
2025/08/05 11:51:19 StationSystem update...
2025/08/05 11:51:19 weather update count: 500
2025/08/05 11:51:19 StationSystem update time: 3.848µs
2025/08/05 11:51:19 SatelliteSystem update...
2025/08/05 11:51:19 satellite count: 1100
2025/08/05 11:51:19 SatelliteSystem update time: 4.179592ms
2025/08/05 11:51:19 TopoSystem update...
2025/08/05 11:51:19 TopoSystem: Link count: 550000
2025/08/05 11:51:19 TopoSystem update time: 13.324146ms
2025/08/05 11:51:19 AttenuationSystem update...
2025/08/05 11:51:19 AttenuationSystem parallel flag: 0
2025/08/05 11:51:20 Attenuation computed count: 550000
2025/08/05 11:51:20 AttenuationSystem update time: 181.157796ms
2025/08/05 11:51:20 Run 9 complete
2025/08/05 11:51:20 StationSystem update...
2025/08/05 11:51:20 weather update count: 500
2025/08/05 11:51:20 StationSystem update time: 12.751µs
2025/08/05 11:51:20 SatelliteSystem update...
2025/08/05 11:51:20 satellite count: 1100
2025/08/05 11:51:20 SatelliteSystem update time: 4.493028ms
2025/08/05 11:51:20 TopoSystem update...
2025/08/05 11:51:20 TopoSystem: Link count: 550000
2025/08/05 11:51:20 TopoSystem update time: 18.238612ms
2025/08/05 11:51:20 AttenuationSystem update...
2025/08/05 11:51:20 AttenuationSystem parallel flag: 0
2025/08/05 11:51:20 Attenuation computed count: 550000
2025/08/05 11:51:20 AttenuationSystem update time: 185.183443ms
2025/08/05 11:51:20 Run 10 complete
2025/08/05 11:51:20 Total update time:  1.972826267s
2025/08/05 11:51:20 linkCache size: 40

 Performance counter stats for './scale_ecs 500 1100 10 2 8 0':

        13,765,258      cache-references                                                      
         2,743,050      cache-misses                     #   19.93% of all cache refs         

       1.978884678 seconds time elapsed

      13.222680000 seconds user
       0.086984000 seconds sys


