ECS running with 500 stations, 1600 satellites, 4 numWGs and 8 numBlocks for 10 rounds in 1 parallel pattern
2025/08/05 11:59:15 StationSystem update...
2025/08/05 11:59:15 weather update count: 500
2025/08/05 11:59:15 StationSystem update time: 4.184µs
2025/08/05 11:59:15 SatelliteSystem update...
2025/08/05 11:59:15 satellite count: 1600
2025/08/05 11:59:15 SatelliteSystem update time: 4.526551ms
2025/08/05 11:59:15 TopoSystem update...
2025/08/05 11:59:15 TopoSystem: Link count: 800000
2025/08/05 11:59:15 TopoSystem update time: 24.908049ms
2025/08/05 11:59:15 AttenuationSystem update...
2025/08/05 11:59:15 AttenuationSystem parallel flag: 1
2025/08/05 11:59:15 Attenuation computed count: 800000
2025/08/05 11:59:15 AttenuationSystem update time: 460.01372ms
2025/08/05 11:59:15 Run 1 complete
2025/08/05 11:59:15 StationSystem update...
2025/08/05 11:59:15 weather update count: 500
2025/08/05 11:59:15 StationSystem update time: 4.015µs
2025/08/05 11:59:15 SatelliteSystem update...
2025/08/05 11:59:15 satellite count: 1600
2025/08/05 11:59:15 SatelliteSystem update time: 6.059862ms
2025/08/05 11:59:15 TopoSystem update...
2025/08/05 11:59:15 TopoSystem: Link count: 800000
2025/08/05 11:59:15 TopoSystem update time: 18.281517ms
2025/08/05 11:59:15 AttenuationSystem update...
2025/08/05 11:59:15 AttenuationSystem parallel flag: 1
2025/08/05 11:59:16 Attenuation computed count: 800000
2025/08/05 11:59:16 AttenuationSystem update time: 482.499733ms
2025/08/05 11:59:16 Run 2 complete
2025/08/05 11:59:16 StationSystem update...
2025/08/05 11:59:16 weather update count: 500
2025/08/05 11:59:16 StationSystem update time: 4.854µs
2025/08/05 11:59:16 SatelliteSystem update...
2025/08/05 11:59:16 satellite count: 1600
2025/08/05 11:59:16 SatelliteSystem update time: 6.073319ms
2025/08/05 11:59:16 TopoSystem update...
2025/08/05 11:59:16 TopoSystem: Link count: 800000
2025/08/05 11:59:16 TopoSystem update time: 19.048931ms
2025/08/05 11:59:16 AttenuationSystem update...
2025/08/05 11:59:16 AttenuationSystem parallel flag: 1
2025/08/05 11:59:16 Attenuation computed count: 800000
2025/08/05 11:59:16 AttenuationSystem update time: 492.608201ms
2025/08/05 11:59:16 Run 3 complete
2025/08/05 11:59:16 StationSystem update...
2025/08/05 11:59:16 weather update count: 500
2025/08/05 11:59:16 StationSystem update time: 3.454µs
2025/08/05 11:59:16 SatelliteSystem update...
2025/08/05 11:59:16 satellite count: 1600
2025/08/05 11:59:16 SatelliteSystem update time: 6.066693ms
2025/08/05 11:59:16 TopoSystem update...
2025/08/05 11:59:16 TopoSystem: Link count: 800000
2025/08/05 11:59:16 TopoSystem update time: 13.313107ms
2025/08/05 11:59:16 AttenuationSystem update...
2025/08/05 11:59:16 AttenuationSystem parallel flag: 1
2025/08/05 11:59:17 Attenuation computed count: 800000
2025/08/05 11:59:17 AttenuationSystem update time: 503.400969ms
2025/08/05 11:59:17 Run 4 complete
2025/08/05 11:59:17 StationSystem update...
2025/08/05 11:59:17 weather update count: 500
2025/08/05 11:59:17 StationSystem update time: 9.869µs
2025/08/05 11:59:17 SatelliteSystem update...
2025/08/05 11:59:17 satellite count: 1600
2025/08/05 11:59:17 SatelliteSystem update time: 7.133921ms
2025/08/05 11:59:17 TopoSystem update...
2025/08/05 11:59:17 TopoSystem: Link count: 800000
2025/08/05 11:59:17 TopoSystem update time: 43.195339ms
2025/08/05 11:59:17 AttenuationSystem update...
2025/08/05 11:59:17 AttenuationSystem parallel flag: 1
2025/08/05 11:59:17 Attenuation computed count: 800000
2025/08/05 11:59:17 AttenuationSystem update time: 490.586388ms
2025/08/05 11:59:17 Run 5 complete
2025/08/05 11:59:17 StationSystem update...
2025/08/05 11:59:17 weather update count: 500
2025/08/05 11:59:17 StationSystem update time: 2.569µs
2025/08/05 11:59:17 SatelliteSystem update...
2025/08/05 11:59:17 satellite count: 1600
2025/08/05 11:59:17 SatelliteSystem update time: 6.075395ms
2025/08/05 11:59:17 TopoSystem update...
2025/08/05 11:59:17 TopoSystem: Link count: 800000
2025/08/05 11:59:17 TopoSystem update time: 20.716464ms
2025/08/05 11:59:17 AttenuationSystem update...
2025/08/05 11:59:17 AttenuationSystem parallel flag: 1
2025/08/05 11:59:18 Attenuation computed count: 800000
2025/08/05 11:59:18 AttenuationSystem update time: 481.057289ms
2025/08/05 11:59:18 Run 6 complete
2025/08/05 11:59:18 StationSystem update...
2025/08/05 11:59:18 weather update count: 500
2025/08/05 11:59:18 StationSystem update time: 15.157µs
2025/08/05 11:59:18 SatelliteSystem update...
2025/08/05 11:59:18 satellite count: 1600
2025/08/05 11:59:18 SatelliteSystem update time: 4.508652ms
2025/08/05 11:59:18 TopoSystem update...
2025/08/05 11:59:18 TopoSystem: Link count: 800000
2025/08/05 11:59:18 TopoSystem update time: 11.21728ms
2025/08/05 11:59:18 AttenuationSystem update...
2025/08/05 11:59:18 AttenuationSystem parallel flag: 1
2025/08/05 11:59:18 Attenuation computed count: 800000
2025/08/05 11:59:18 AttenuationSystem update time: 474.475291ms
2025/08/05 11:59:18 Run 7 complete
2025/08/05 11:59:18 StationSystem update...
2025/08/05 11:59:18 weather update count: 500
2025/08/05 11:59:18 StationSystem update time: 4.089µs
2025/08/05 11:59:18 SatelliteSystem update...
2025/08/05 11:59:18 satellite count: 1600
2025/08/05 11:59:18 SatelliteSystem update time: 6.072274ms
2025/08/05 11:59:18 TopoSystem update...
2025/08/05 11:59:18 TopoSystem: Link count: 800000
2025/08/05 11:59:18 TopoSystem update time: 14.259825ms
2025/08/05 11:59:18 AttenuationSystem update...
2025/08/05 11:59:18 AttenuationSystem parallel flag: 1
2025/08/05 11:59:19 Attenuation computed count: 800000
2025/08/05 11:59:19 AttenuationSystem update time: 489.670838ms
2025/08/05 11:59:19 Run 8 complete
2025/08/05 11:59:19 StationSystem update...
2025/08/05 11:59:19 weather update count: 500
2025/08/05 11:59:19 StationSystem update time: 3.933µs
2025/08/05 11:59:19 SatelliteSystem update...
2025/08/05 11:59:19 satellite count: 1600
2025/08/05 11:59:19 SatelliteSystem update time: 6.072328ms
2025/08/05 11:59:19 TopoSystem update...
2025/08/05 11:59:19 TopoSystem: Link count: 800000
2025/08/05 11:59:19 TopoSystem update time: 13.208085ms
2025/08/05 11:59:19 AttenuationSystem update...
2025/08/05 11:59:19 AttenuationSystem parallel flag: 1
2025/08/05 11:59:19 Attenuation computed count: 800000
2025/08/05 11:59:19 AttenuationSystem update time: 478.561498ms
2025/08/05 11:59:19 Run 9 complete
2025/08/05 11:59:19 StationSystem update...
2025/08/05 11:59:19 weather update count: 500
2025/08/05 11:59:19 StationSystem update time: 4.099µs
2025/08/05 11:59:19 SatelliteSystem update...
2025/08/05 11:59:19 satellite count: 1600
2025/08/05 11:59:19 SatelliteSystem update time: 6.081519ms
2025/08/05 11:59:19 TopoSystem update...
2025/08/05 11:59:19 TopoSystem: Link count: 800000
2025/08/05 11:59:19 TopoSystem update time: 12.892616ms
2025/08/05 11:59:19 AttenuationSystem update...
2025/08/05 11:59:19 AttenuationSystem parallel flag: 1
2025/08/05 11:59:20 Attenuation computed count: 800000
2025/08/05 11:59:20 AttenuationSystem update time: 461.594341ms
2025/08/05 11:59:20 Run 10 complete
2025/08/05 11:59:20 Total update time:  5.075420078s
2025/08/05 11:59:20 linkCache size: 40

 Performance counter stats for './scale_ecs 500 1600 10 4 8 1':

        19,225,733      cache-references                                                      
         4,648,187      cache-misses                     #   24.18% of all cache refs         

       5.083815376 seconds time elapsed

      18.458350000 seconds user
       0.151854000 seconds sys


