ECS running with 800 stations, 1400 satellites, 4 numWGs and 2 numBlocks for 10 rounds in 1 parallel pattern
2025/08/05 13:21:06 StationSystem update...
2025/08/05 13:21:06 weather update count: 800
2025/08/05 13:21:06 SatelliteSystem update...
2025/08/05 13:21:06 StationSystem update time: 5.831µs
2025/08/05 13:21:06 satellite count: 1400
2025/08/05 13:21:06 SatelliteSystem update time: 5.336787ms
2025/08/05 13:21:06 TopoSystem update...
2025/08/05 13:21:06 TopoSystem: Link count: 1120000
2025/08/05 13:21:06 TopoSystem update time: 34.598324ms
2025/08/05 13:21:06 AttenuationSystem update...
2025/08/05 13:21:06 AttenuationSystem parallel flag: 1
2025/08/05 13:21:06 Attenuation computed count: 1120000
2025/08/05 13:21:06 AttenuationSystem update time: 640.401338ms
2025/08/05 13:21:06 Run 1 complete
2025/08/05 13:21:06 StationSystem update...
2025/08/05 13:21:06 weather update count: 800
2025/08/05 13:21:06 StationSystem update time: 5.98µs
2025/08/05 13:21:06 SatelliteSystem update...
2025/08/05 13:21:06 satellite count: 1400
2025/08/05 13:21:06 SatelliteSystem update time: 5.328469ms
2025/08/05 13:21:06 TopoSystem update...
2025/08/05 13:21:06 TopoSystem: Link count: 1120000
2025/08/05 13:21:06 TopoSystem update time: 26.156887ms
2025/08/05 13:21:06 AttenuationSystem update...
2025/08/05 13:21:06 AttenuationSystem parallel flag: 1
2025/08/05 13:21:07 Attenuation computed count: 1120000
2025/08/05 13:21:07 AttenuationSystem update time: 675.281327ms
2025/08/05 13:21:07 Run 2 complete
2025/08/05 13:21:07 StationSystem update...
2025/08/05 13:21:07 weather update count: 800
2025/08/05 13:21:07 StationSystem update time: 9.267µs
2025/08/05 13:21:07 SatelliteSystem update...
2025/08/05 13:21:07 satellite count: 1400
2025/08/05 13:21:07 SatelliteSystem update time: 5.787527ms
2025/08/05 13:21:07 TopoSystem update...
2025/08/05 13:21:07 TopoSystem: Link count: 1120000
2025/08/05 13:21:07 TopoSystem update time: 43.316866ms
2025/08/05 13:21:07 AttenuationSystem update...
2025/08/05 13:21:07 AttenuationSystem parallel flag: 1
2025/08/05 13:21:08 Attenuation computed count: 1120000
2025/08/05 13:21:08 AttenuationSystem update time: 679.264083ms
2025/08/05 13:21:08 Run 3 complete
2025/08/05 13:21:08 StationSystem update...
2025/08/05 13:21:08 weather update count: 800
2025/08/05 13:21:08 StationSystem update time: 4.884µs
2025/08/05 13:21:08 SatelliteSystem update...
2025/08/05 13:21:08 satellite count: 1400
2025/08/05 13:21:08 SatelliteSystem update time: 5.31454ms
2025/08/05 13:21:08 TopoSystem update...
2025/08/05 13:21:08 TopoSystem: Link count: 1120000
2025/08/05 13:21:08 TopoSystem update time: 40.10386ms
2025/08/05 13:21:08 AttenuationSystem update...
2025/08/05 13:21:08 AttenuationSystem parallel flag: 1
2025/08/05 13:21:09 Attenuation computed count: 1120000
2025/08/05 13:21:09 AttenuationSystem update time: 697.563274ms
2025/08/05 13:21:09 Run 4 complete
2025/08/05 13:21:09 StationSystem update...
2025/08/05 13:21:09 weather update count: 800
2025/08/05 13:21:09 StationSystem update time: 6.648µs
2025/08/05 13:21:09 SatelliteSystem update...
2025/08/05 13:21:09 satellite count: 1400
2025/08/05 13:21:09 SatelliteSystem update time: 5.323004ms
2025/08/05 13:21:09 TopoSystem update...
2025/08/05 13:21:09 TopoSystem: Link count: 1120000
2025/08/05 13:21:09 TopoSystem update time: 18.234166ms
2025/08/05 13:21:09 AttenuationSystem update...
2025/08/05 13:21:09 AttenuationSystem parallel flag: 1
2025/08/05 13:21:09 Attenuation computed count: 1120000
2025/08/05 13:21:09 AttenuationSystem update time: 663.281126ms
2025/08/05 13:21:09 Run 5 complete
2025/08/05 13:21:09 StationSystem update...
2025/08/05 13:21:09 weather update count: 800
2025/08/05 13:21:09 StationSystem update time: 5.405µs
2025/08/05 13:21:09 SatelliteSystem update...
2025/08/05 13:21:09 satellite count: 1400
2025/08/05 13:21:09 SatelliteSystem update time: 5.348834ms
2025/08/05 13:21:09 TopoSystem update...
2025/08/05 13:21:09 TopoSystem: Link count: 1120000
2025/08/05 13:21:09 TopoSystem update time: 19.233623ms
2025/08/05 13:21:09 AttenuationSystem update...
2025/08/05 13:21:09 AttenuationSystem parallel flag: 1
2025/08/05 13:21:10 Attenuation computed count: 1120000
2025/08/05 13:21:10 AttenuationSystem update time: 662.442675ms
2025/08/05 13:21:10 Run 6 complete
2025/08/05 13:21:10 StationSystem update...
2025/08/05 13:21:10 weather update count: 800
2025/08/05 13:21:10 StationSystem update time: 5.21µs
2025/08/05 13:21:10 SatelliteSystem update...
2025/08/05 13:21:10 satellite count: 1400
2025/08/05 13:21:10 SatelliteSystem update time: 5.373142ms
2025/08/05 13:21:10 TopoSystem update...
2025/08/05 13:21:10 TopoSystem: Link count: 1120000
2025/08/05 13:21:10 TopoSystem update time: 17.499629ms
2025/08/05 13:21:10 AttenuationSystem update...
2025/08/05 13:21:10 AttenuationSystem parallel flag: 1
2025/08/05 13:21:11 Attenuation computed count: 1120000
2025/08/05 13:21:11 AttenuationSystem update time: 659.39444ms
2025/08/05 13:21:11 Run 7 complete
2025/08/05 13:21:11 StationSystem update...
2025/08/05 13:21:11 weather update count: 800
2025/08/05 13:21:11 StationSystem update time: 19.953µs
2025/08/05 13:21:11 SatelliteSystem update...
2025/08/05 13:21:11 satellite count: 1400
2025/08/05 13:21:11 SatelliteSystem update time: 5.729089ms
2025/08/05 13:21:11 TopoSystem update...
2025/08/05 13:21:11 TopoSystem: Link count: 1120000
2025/08/05 13:21:11 TopoSystem update time: 26.896937ms
2025/08/05 13:21:11 AttenuationSystem update...
2025/08/05 13:21:11 AttenuationSystem parallel flag: 1
2025/08/05 13:21:11 Attenuation computed count: 1120000
2025/08/05 13:21:11 AttenuationSystem update time: 680.601619ms
2025/08/05 13:21:11 Run 8 complete
2025/08/05 13:21:11 StationSystem update...
2025/08/05 13:21:11 weather update count: 800
2025/08/05 13:21:11 StationSystem update time: 6.15µs
2025/08/05 13:21:11 SatelliteSystem update...
2025/08/05 13:21:11 satellite count: 1400
2025/08/05 13:21:11 SatelliteSystem update time: 5.362214ms
2025/08/05 13:21:11 TopoSystem update...
2025/08/05 13:21:11 TopoSystem: Link count: 1120000
2025/08/05 13:21:11 TopoSystem update time: 25.555178ms
2025/08/05 13:21:11 AttenuationSystem update...
2025/08/05 13:21:11 AttenuationSystem parallel flag: 1
2025/08/05 13:21:12 Attenuation computed count: 1120000
2025/08/05 13:21:12 AttenuationSystem update time: 698.783979ms
2025/08/05 13:21:12 Run 9 complete
2025/08/05 13:21:12 StationSystem update...
2025/08/05 13:21:12 weather update count: 800
2025/08/05 13:21:12 StationSystem update time: 11.155µs
2025/08/05 13:21:12 SatelliteSystem update...
2025/08/05 13:21:12 satellite count: 1400
2025/08/05 13:21:12 SatelliteSystem update time: 5.408264ms
2025/08/05 13:21:12 TopoSystem update...
2025/08/05 13:21:12 TopoSystem: Link count: 1120000
2025/08/05 13:21:12 TopoSystem update time: 23.189677ms
2025/08/05 13:21:12 AttenuationSystem update...
2025/08/05 13:21:12 AttenuationSystem parallel flag: 1
2025/08/05 13:21:13 Attenuation computed count: 1120000
2025/08/05 13:21:13 AttenuationSystem update time: 715.608409ms
2025/08/05 13:21:13 Run 10 complete
2025/08/05 13:21:13 Total update time:  7.112368936s
2025/08/05 13:21:13 linkCache size: 40

 Performance counter stats for './scale_ecs 800 1400 10 4 2 1':

        27,033,680      cache-references                                                      
         7,989,334      cache-misses                     #   29.55% of all cache refs         

       7.123376768 seconds time elapsed

      26.484175000 seconds user
       0.231053000 seconds sys


