ECS running with 900 stations, 900 satellites, 8 numWGs and 4 numBlocks for 10 rounds in 1 parallel pattern
2025/08/05 13:47:52 StationSystem update...
2025/08/05 13:47:52 weather update count: 900
2025/08/05 13:47:52 StationSystem update time: 6.915µs
2025/08/05 13:47:52 SatelliteSystem update...
2025/08/05 13:47:52 satellite count: 900
2025/08/05 13:47:52 SatelliteSystem update time: 3.655204ms
2025/08/05 13:47:52 TopoSystem update...
2025/08/05 13:47:52 TopoSystem: Link count: 810000
2025/08/05 13:47:52 TopoSystem update time: 32.380717ms
2025/08/05 13:47:52 AttenuationSystem update...
2025/08/05 13:47:52 AttenuationSystem parallel flag: 1
2025/08/05 13:47:52 Attenuation computed count: 810000
2025/08/05 13:47:52 AttenuationSystem update time: 250.228095ms
2025/08/05 13:47:52 Run 1 complete
2025/08/05 13:47:52 StationSystem update...
2025/08/05 13:47:52 weather update count: 900
2025/08/05 13:47:52 StationSystem update time: 9.406µs
2025/08/05 13:47:52 SatelliteSystem update...
2025/08/05 13:47:52 satellite count: 900
2025/08/05 13:47:52 SatelliteSystem update time: 3.537833ms
2025/08/05 13:47:52 TopoSystem update...
2025/08/05 13:47:52 TopoSystem: Link count: 810000
2025/08/05 13:47:52 TopoSystem update time: 26.12601ms
2025/08/05 13:47:52 AttenuationSystem update...
2025/08/05 13:47:52 AttenuationSystem parallel flag: 1
2025/08/05 13:47:52 Attenuation computed count: 810000
2025/08/05 13:47:52 AttenuationSystem update time: 268.222512ms
2025/08/05 13:47:52 Run 2 complete
2025/08/05 13:47:52 StationSystem update...
2025/08/05 13:47:52 weather update count: 900
2025/08/05 13:47:52 StationSystem update time: 14.204µs
2025/08/05 13:47:52 SatelliteSystem update...
2025/08/05 13:47:52 satellite count: 900
2025/08/05 13:47:52 SatelliteSystem update time: 3.494417ms
2025/08/05 13:47:52 TopoSystem update...
2025/08/05 13:47:52 TopoSystem: Link count: 810000
2025/08/05 13:47:52 TopoSystem update time: 16.908061ms
2025/08/05 13:47:52 AttenuationSystem update...
2025/08/05 13:47:52 AttenuationSystem parallel flag: 1
2025/08/05 13:47:52 Attenuation computed count: 810000
2025/08/05 13:47:52 AttenuationSystem update time: 245.017231ms
2025/08/05 13:47:52 Run 3 complete
2025/08/05 13:47:52 StationSystem update...
2025/08/05 13:47:52 weather update count: 900
2025/08/05 13:47:52 StationSystem update time: 9.588µs
2025/08/05 13:47:52 SatelliteSystem update...
2025/08/05 13:47:52 satellite count: 900
2025/08/05 13:47:52 SatelliteSystem update time: 3.449541ms
2025/08/05 13:47:52 TopoSystem update...
2025/08/05 13:47:52 TopoSystem: Link count: 810000
2025/08/05 13:47:52 TopoSystem update time: 16.481929ms
2025/08/05 13:47:52 AttenuationSystem update...
2025/08/05 13:47:52 AttenuationSystem parallel flag: 1
2025/08/05 13:47:53 Attenuation computed count: 810000
2025/08/05 13:47:53 AttenuationSystem update time: 322.358534ms
2025/08/05 13:47:53 Run 4 complete
2025/08/05 13:47:53 StationSystem update...
2025/08/05 13:47:53 weather update count: 900
2025/08/05 13:47:53 StationSystem update time: 11.346µs
2025/08/05 13:47:53 SatelliteSystem update...
2025/08/05 13:47:53 satellite count: 900
2025/08/05 13:47:53 SatelliteSystem update time: 3.516826ms
2025/08/05 13:47:53 TopoSystem update...
2025/08/05 13:47:53 TopoSystem: Link count: 810000
2025/08/05 13:47:53 TopoSystem update time: 17.449291ms
2025/08/05 13:47:53 AttenuationSystem update...
2025/08/05 13:47:53 AttenuationSystem parallel flag: 1
2025/08/05 13:47:53 Attenuation computed count: 810000
2025/08/05 13:47:53 AttenuationSystem update time: 305.553445ms
2025/08/05 13:47:53 Run 5 complete
2025/08/05 13:47:53 StationSystem update...
2025/08/05 13:47:53 weather update count: 900
2025/08/05 13:47:53 StationSystem update time: 35.754µs
2025/08/05 13:47:53 SatelliteSystem update...
2025/08/05 13:47:53 satellite count: 900
2025/08/05 13:47:53 SatelliteSystem update time: 4.337891ms
2025/08/05 13:47:53 TopoSystem update...
2025/08/05 13:47:53 TopoSystem: Link count: 810000
2025/08/05 13:47:53 TopoSystem update time: 36.414463ms
2025/08/05 13:47:53 AttenuationSystem update...
2025/08/05 13:47:53 AttenuationSystem parallel flag: 1
2025/08/05 13:47:53 Attenuation computed count: 810000
2025/08/05 13:47:53 AttenuationSystem update time: 297.373786ms
2025/08/05 13:47:53 Run 6 complete
2025/08/05 13:47:53 StationSystem update...
2025/08/05 13:47:53 weather update count: 900
2025/08/05 13:47:53 StationSystem update time: 5.682µs
2025/08/05 13:47:53 SatelliteSystem update...
2025/08/05 13:47:53 satellite count: 900
2025/08/05 13:47:53 SatelliteSystem update time: 3.443832ms
2025/08/05 13:47:53 TopoSystem update...
2025/08/05 13:47:53 TopoSystem: Link count: 810000
2025/08/05 13:47:53 TopoSystem update time: 15.185097ms
2025/08/05 13:47:53 AttenuationSystem update...
2025/08/05 13:47:53 AttenuationSystem parallel flag: 1
2025/08/05 13:47:54 Attenuation computed count: 810000
2025/08/05 13:47:54 AttenuationSystem update time: 276.457379ms
2025/08/05 13:47:54 Run 7 complete
2025/08/05 13:47:54 StationSystem update...
2025/08/05 13:47:54 weather update count: 900
2025/08/05 13:47:54 StationSystem update time: 6.881µs
2025/08/05 13:47:54 SatelliteSystem update...
2025/08/05 13:47:54 satellite count: 900
2025/08/05 13:47:54 SatelliteSystem update time: 3.438027ms
2025/08/05 13:47:54 TopoSystem update...
2025/08/05 13:47:54 TopoSystem: Link count: 810000
2025/08/05 13:47:54 TopoSystem update time: 14.036762ms
2025/08/05 13:47:54 AttenuationSystem update...
2025/08/05 13:47:54 AttenuationSystem parallel flag: 1
2025/08/05 13:47:54 Attenuation computed count: 810000
2025/08/05 13:47:54 AttenuationSystem update time: 265.552218ms
2025/08/05 13:47:54 Run 8 complete
2025/08/05 13:47:54 StationSystem update...
2025/08/05 13:47:54 weather update count: 900
2025/08/05 13:47:54 StationSystem update time: 7.031µs
2025/08/05 13:47:54 SatelliteSystem update...
2025/08/05 13:47:54 satellite count: 900
2025/08/05 13:47:54 SatelliteSystem update time: 3.437333ms
2025/08/05 13:47:54 TopoSystem update...
2025/08/05 13:47:54 TopoSystem: Link count: 810000
2025/08/05 13:47:54 TopoSystem update time: 12.998074ms
2025/08/05 13:47:54 AttenuationSystem update...
2025/08/05 13:47:54 AttenuationSystem parallel flag: 1
2025/08/05 13:47:54 Attenuation computed count: 810000
2025/08/05 13:47:54 AttenuationSystem update time: 271.310418ms
2025/08/05 13:47:54 Run 9 complete
2025/08/05 13:47:54 StationSystem update...
2025/08/05 13:47:54 weather update count: 900
2025/08/05 13:47:54 StationSystem update time: 5.752µs
2025/08/05 13:47:54 SatelliteSystem update...
2025/08/05 13:47:54 satellite count: 900
2025/08/05 13:47:54 SatelliteSystem update time: 3.427221ms
2025/08/05 13:47:54 TopoSystem update...
2025/08/05 13:47:54 TopoSystem: Link count: 810000
2025/08/05 13:47:54 TopoSystem update time: 14.724619ms
2025/08/05 13:47:54 AttenuationSystem update...
2025/08/05 13:47:54 AttenuationSystem parallel flag: 1
2025/08/05 13:47:55 Attenuation computed count: 810000
2025/08/05 13:47:55 AttenuationSystem update time: 293.709772ms
2025/08/05 13:47:55 Run 10 complete
2025/08/05 13:47:55 Total update time:  3.044063853s
2025/08/05 13:47:55 linkCache size: 40

 Performance counter stats for './scale_ecs 900 900 10 8 4 1':

        19,025,224      cache-references                                                      
         4,921,062      cache-misses                     #   25.87% of all cache refs         

       3.052986455 seconds time elapsed

      19.479469000 seconds user
       0.144107000 seconds sys


