ECS running with 900 stations, 600 satellites, 2 numWGs and 8 numBlocks for 10 rounds in 0 parallel pattern
2025/08/05 13:42:21 StationSystem update...
2025/08/05 13:42:21 weather update count: 900
2025/08/05 13:42:21 StationSystem update time: 6.633µs
2025/08/05 13:42:21 SatelliteSystem update...
2025/08/05 13:42:21 satellite count: 600
2025/08/05 13:42:21 SatelliteSystem update time: 2.321605ms
2025/08/05 13:42:21 TopoSystem update...
2025/08/05 13:42:21 TopoSystem: Link count: 540000
2025/08/05 13:42:21 TopoSystem update time: 20.757972ms
2025/08/05 13:42:21 AttenuationSystem update...
2025/08/05 13:42:21 AttenuationSystem parallel flag: 0
2025/08/05 13:42:21 Attenuation computed count: 540000
2025/08/05 13:42:21 AttenuationSystem update time: 155.097196ms
2025/08/05 13:42:21 Run 1 complete
2025/08/05 13:42:21 StationSystem update...
2025/08/05 13:42:21 weather update count: 900
2025/08/05 13:42:21 StationSystem update time: 11.724µs
2025/08/05 13:42:21 SatelliteSystem update...
2025/08/05 13:42:21 satellite count: 600
2025/08/05 13:42:21 SatelliteSystem update time: 2.313515ms
2025/08/05 13:42:21 TopoSystem update...
2025/08/05 13:42:21 TopoSystem: Link count: 540000
2025/08/05 13:42:21 TopoSystem update time: 18.650145ms
2025/08/05 13:42:21 AttenuationSystem update...
2025/08/05 13:42:21 AttenuationSystem parallel flag: 0
2025/08/05 13:42:21 Attenuation computed count: 540000
2025/08/05 13:42:21 AttenuationSystem update time: 160.656799ms
2025/08/05 13:42:21 Run 2 complete
2025/08/05 13:42:21 StationSystem update...
2025/08/05 13:42:21 weather update count: 900
2025/08/05 13:42:21 StationSystem update time: 10.365µs
2025/08/05 13:42:21 SatelliteSystem update...
2025/08/05 13:42:21 satellite count: 600
2025/08/05 13:42:21 SatelliteSystem update time: 2.356804ms
2025/08/05 13:42:21 TopoSystem update...
2025/08/05 13:42:21 TopoSystem: Link count: 540000
2025/08/05 13:42:21 TopoSystem update time: 11.622693ms
2025/08/05 13:42:21 AttenuationSystem update...
2025/08/05 13:42:21 AttenuationSystem parallel flag: 0
2025/08/05 13:42:21 Attenuation computed count: 540000
2025/08/05 13:42:21 AttenuationSystem update time: 177.244337ms
2025/08/05 13:42:21 Run 3 complete
2025/08/05 13:42:21 StationSystem update...
2025/08/05 13:42:21 weather update count: 900
2025/08/05 13:42:21 StationSystem update time: 11.507µs
2025/08/05 13:42:21 SatelliteSystem update...
2025/08/05 13:42:21 satellite count: 600
2025/08/05 13:42:21 SatelliteSystem update time: 2.340793ms
2025/08/05 13:42:21 TopoSystem update...
2025/08/05 13:42:21 TopoSystem: Link count: 540000
2025/08/05 13:42:21 TopoSystem update time: 11.82236ms
2025/08/05 13:42:21 AttenuationSystem update...
2025/08/05 13:42:21 AttenuationSystem parallel flag: 0
2025/08/05 13:42:22 Attenuation computed count: 540000
2025/08/05 13:42:22 AttenuationSystem update time: 188.427163ms
2025/08/05 13:42:22 Run 4 complete
2025/08/05 13:42:22 StationSystem update...
2025/08/05 13:42:22 weather update count: 900
2025/08/05 13:42:22 StationSystem update time: 10.026µs
2025/08/05 13:42:22 SatelliteSystem update...
2025/08/05 13:42:22 satellite count: 600
2025/08/05 13:42:22 SatelliteSystem update time: 2.342575ms
2025/08/05 13:42:22 TopoSystem update...
2025/08/05 13:42:22 TopoSystem: Link count: 540000
2025/08/05 13:42:22 TopoSystem update time: 10.66012ms
2025/08/05 13:42:22 AttenuationSystem update...
2025/08/05 13:42:22 AttenuationSystem parallel flag: 0
2025/08/05 13:42:22 Attenuation computed count: 540000
2025/08/05 13:42:22 AttenuationSystem update time: 189.142473ms
2025/08/05 13:42:22 Run 5 complete
2025/08/05 13:42:22 StationSystem update...
2025/08/05 13:42:22 weather update count: 900
2025/08/05 13:42:22 StationSystem update time: 11.087µs
2025/08/05 13:42:22 SatelliteSystem update...
2025/08/05 13:42:22 satellite count: 600
2025/08/05 13:42:22 SatelliteSystem update time: 2.338091ms
2025/08/05 13:42:22 TopoSystem update...
2025/08/05 13:42:22 TopoSystem: Link count: 540000
2025/08/05 13:42:22 TopoSystem update time: 12.860895ms
2025/08/05 13:42:22 AttenuationSystem update...
2025/08/05 13:42:22 AttenuationSystem parallel flag: 0
2025/08/05 13:42:22 Attenuation computed count: 540000
2025/08/05 13:42:22 AttenuationSystem update time: 178.242776ms
2025/08/05 13:42:22 Run 6 complete
2025/08/05 13:42:22 StationSystem update...
2025/08/05 13:42:22 weather update count: 900
2025/08/05 13:42:22 StationSystem update time: 9.217µs
2025/08/05 13:42:22 SatelliteSystem update...
2025/08/05 13:42:22 satellite count: 600
2025/08/05 13:42:22 SatelliteSystem update time: 2.340724ms
2025/08/05 13:42:22 TopoSystem update...
2025/08/05 13:42:22 TopoSystem: Link count: 540000
2025/08/05 13:42:22 TopoSystem update time: 11.041773ms
2025/08/05 13:42:22 AttenuationSystem update...
2025/08/05 13:42:22 AttenuationSystem parallel flag: 0
2025/08/05 13:42:22 Attenuation computed count: 540000
2025/08/05 13:42:22 AttenuationSystem update time: 188.470522ms
2025/08/05 13:42:22 Run 7 complete
2025/08/05 13:42:22 StationSystem update...
2025/08/05 13:42:22 weather update count: 900
2025/08/05 13:42:22 StationSystem update time: 9.291µs
2025/08/05 13:42:22 SatelliteSystem update...
2025/08/05 13:42:22 satellite count: 600
2025/08/05 13:42:22 SatelliteSystem update time: 2.372312ms
2025/08/05 13:42:22 TopoSystem update...
2025/08/05 13:42:22 TopoSystem: Link count: 540000
2025/08/05 13:42:22 TopoSystem update time: 11.224365ms
2025/08/05 13:42:22 AttenuationSystem update...
2025/08/05 13:42:22 AttenuationSystem parallel flag: 0
2025/08/05 13:42:22 Attenuation computed count: 540000
2025/08/05 13:42:22 AttenuationSystem update time: 199.177643ms
2025/08/05 13:42:22 Run 8 complete
2025/08/05 13:42:22 StationSystem update...
2025/08/05 13:42:22 weather update count: 900
2025/08/05 13:42:22 StationSystem update time: 19.202µs
2025/08/05 13:42:22 SatelliteSystem update...
2025/08/05 13:42:22 satellite count: 600
2025/08/05 13:42:22 SatelliteSystem update time: 2.889525ms
2025/08/05 13:42:22 TopoSystem update...
2025/08/05 13:42:22 TopoSystem: Link count: 540000
2025/08/05 13:42:22 TopoSystem update time: 40.268267ms
2025/08/05 13:42:22 AttenuationSystem update...
2025/08/05 13:42:22 AttenuationSystem parallel flag: 0
2025/08/05 13:42:23 Attenuation computed count: 540000
2025/08/05 13:42:23 AttenuationSystem update time: 196.952362ms
2025/08/05 13:42:23 Run 9 complete
2025/08/05 13:42:23 StationSystem update...
2025/08/05 13:42:23 weather update count: 900
2025/08/05 13:42:23 StationSystem update time: 6.858µs
2025/08/05 13:42:23 SatelliteSystem update...
2025/08/05 13:42:23 satellite count: 600
2025/08/05 13:42:23 SatelliteSystem update time: 2.544274ms
2025/08/05 13:42:23 TopoSystem update...
2025/08/05 13:42:23 TopoSystem: Link count: 540000
2025/08/05 13:42:23 TopoSystem update time: 20.860173ms
2025/08/05 13:42:23 AttenuationSystem update...
2025/08/05 13:42:23 AttenuationSystem parallel flag: 0
2025/08/05 13:42:23 Attenuation computed count: 540000
2025/08/05 13:42:23 AttenuationSystem update time: 186.251259ms
2025/08/05 13:42:23 Run 10 complete
2025/08/05 13:42:23 Total update time:  2.021977555s
2025/08/05 13:42:23 linkCache size: 40

 Performance counter stats for './scale_ecs 900 600 10 2 8 0':

        12,908,303      cache-references                                                      
         3,070,003      cache-misses                     #   23.78% of all cache refs         

       2.030080998 seconds time elapsed

      13.075987000 seconds user
       0.106202000 seconds sys


