ECS running with 900 stations, 1900 satellites, 4 numWGs and 8 numBlocks for 10 rounds in 1 parallel pattern
2025/08/05 14:15:28 StationSystem update...
2025/08/05 14:15:28 weather update count: 900
2025/08/05 14:15:28 StationSystem update time: 4.726µs
2025/08/05 14:15:28 SatelliteSystem update...
2025/08/05 14:15:28 satellite count: 1900
2025/08/05 14:15:28 SatelliteSystem update time: 7.204448ms
2025/08/05 14:15:28 TopoSystem update...
2025/08/05 14:15:28 TopoSystem: Link count: 1710000
2025/08/05 14:15:28 TopoSystem update time: 57.138913ms
2025/08/05 14:15:28 AttenuationSystem update...
2025/08/05 14:15:28 AttenuationSystem parallel flag: 1
2025/08/05 14:15:29 Attenuation computed count: 1710000
2025/08/05 14:15:29 AttenuationSystem update time: 996.873458ms
2025/08/05 14:15:29 Run 1 complete
2025/08/05 14:15:29 StationSystem update...
2025/08/05 14:15:29 weather update count: 900
2025/08/05 14:15:29 StationSystem update time: 10.933µs
2025/08/05 14:15:29 SatelliteSystem update...
2025/08/05 14:15:29 satellite count: 1900
2025/08/05 14:15:29 SatelliteSystem update time: 8.818125ms
2025/08/05 14:15:29 TopoSystem update...
2025/08/05 14:15:29 TopoSystem: Link count: 1710000
2025/08/05 14:15:29 TopoSystem update time: 83.214835ms
2025/08/05 14:15:29 AttenuationSystem update...
2025/08/05 14:15:29 AttenuationSystem parallel flag: 1
2025/08/05 14:15:30 Attenuation computed count: 1710000
2025/08/05 14:15:30 AttenuationSystem update time: 1.011163254s
2025/08/05 14:15:30 Run 2 complete
2025/08/05 14:15:30 StationSystem update...
2025/08/05 14:15:30 weather update count: 900
2025/08/05 14:15:30 StationSystem update time: 5.665µs
2025/08/05 14:15:30 SatelliteSystem update...
2025/08/05 14:15:30 satellite count: 1900
2025/08/05 14:15:30 SatelliteSystem update time: 7.203488ms
2025/08/05 14:15:30 TopoSystem update...
2025/08/05 14:15:30 TopoSystem: Link count: 1710000
2025/08/05 14:15:30 TopoSystem update time: 88.077131ms
2025/08/05 14:15:30 AttenuationSystem update...
2025/08/05 14:15:30 AttenuationSystem parallel flag: 1
2025/08/05 14:15:31 Attenuation computed count: 1710000
2025/08/05 14:15:31 AttenuationSystem update time: 1.003838312s
2025/08/05 14:15:31 Run 3 complete
2025/08/05 14:15:31 StationSystem update...
2025/08/05 14:15:31 weather update count: 900
2025/08/05 14:15:31 StationSystem update time: 7.605µs
2025/08/05 14:15:31 SatelliteSystem update...
2025/08/05 14:15:31 satellite count: 1900
2025/08/05 14:15:31 SatelliteSystem update time: 7.183105ms
2025/08/05 14:15:31 TopoSystem update...
2025/08/05 14:15:31 TopoSystem: Link count: 1710000
2025/08/05 14:15:31 TopoSystem update time: 32.772657ms
2025/08/05 14:15:31 AttenuationSystem update...
2025/08/05 14:15:31 AttenuationSystem parallel flag: 1
2025/08/05 14:15:32 Attenuation computed count: 1710000
2025/08/05 14:15:32 AttenuationSystem update time: 1.02007617s
2025/08/05 14:15:32 Run 4 complete
2025/08/05 14:15:32 StationSystem update...
2025/08/05 14:15:32 weather update count: 900
2025/08/05 14:15:32 StationSystem update time: 5.703µs
2025/08/05 14:15:32 SatelliteSystem update...
2025/08/05 14:15:32 satellite count: 1900
2025/08/05 14:15:32 SatelliteSystem update time: 7.186787ms
2025/08/05 14:15:32 TopoSystem update...
2025/08/05 14:15:32 TopoSystem: Link count: 1710000
2025/08/05 14:15:32 TopoSystem update time: 34.878907ms
2025/08/05 14:15:32 AttenuationSystem update...
2025/08/05 14:15:32 AttenuationSystem parallel flag: 1
2025/08/05 14:15:33 Attenuation computed count: 1710000
2025/08/05 14:15:33 AttenuationSystem update time: 1.069307954s
2025/08/05 14:15:33 Run 5 complete
2025/08/05 14:15:33 StationSystem update...
2025/08/05 14:15:33 weather update count: 900
2025/08/05 14:15:33 StationSystem update time: 20.18µs
2025/08/05 14:15:33 SatelliteSystem update...
2025/08/05 14:15:33 satellite count: 1900
2025/08/05 14:15:33 SatelliteSystem update time: 7.496486ms
2025/08/05 14:15:33 TopoSystem update...
2025/08/05 14:15:33 TopoSystem: Link count: 1710000
2025/08/05 14:15:33 TopoSystem update time: 88.750839ms
2025/08/05 14:15:33 AttenuationSystem update...
2025/08/05 14:15:33 AttenuationSystem parallel flag: 1
2025/08/05 14:15:34 Attenuation computed count: 1710000
2025/08/05 14:15:34 AttenuationSystem update time: 1.013284504s
2025/08/05 14:15:34 Run 6 complete
2025/08/05 14:15:34 StationSystem update...
2025/08/05 14:15:34 weather update count: 900
2025/08/05 14:15:34 StationSystem update time: 6.394µs
2025/08/05 14:15:34 SatelliteSystem update...
2025/08/05 14:15:34 satellite count: 1900
2025/08/05 14:15:34 SatelliteSystem update time: 7.195723ms
2025/08/05 14:15:34 TopoSystem update...
2025/08/05 14:15:34 TopoSystem: Link count: 1710000
2025/08/05 14:15:34 TopoSystem update time: 28.536973ms
2025/08/05 14:15:34 AttenuationSystem update...
2025/08/05 14:15:34 AttenuationSystem parallel flag: 1
2025/08/05 14:15:35 Attenuation computed count: 1710000
2025/08/05 14:15:35 AttenuationSystem update time: 1.025865652s
2025/08/05 14:15:35 Run 7 complete
2025/08/05 14:15:35 StationSystem update...
2025/08/05 14:15:35 weather update count: 900
2025/08/05 14:15:35 StationSystem update time: 14.055µs
2025/08/05 14:15:35 SatelliteSystem update...
2025/08/05 14:15:35 satellite count: 1900
2025/08/05 14:15:35 SatelliteSystem update time: 8.36486ms
2025/08/05 14:15:35 TopoSystem update...
2025/08/05 14:15:35 TopoSystem: Link count: 1710000
2025/08/05 14:15:35 TopoSystem update time: 55.897201ms
2025/08/05 14:15:35 AttenuationSystem update...
2025/08/05 14:15:35 AttenuationSystem parallel flag: 1
2025/08/05 14:15:36 Attenuation computed count: 1710000
2025/08/05 14:15:36 AttenuationSystem update time: 1.030793005s
2025/08/05 14:15:36 Run 8 complete
2025/08/05 14:15:36 StationSystem update...
2025/08/05 14:15:36 weather update count: 900
2025/08/05 14:15:36 StationSystem update time: 8.126µs
2025/08/05 14:15:36 SatelliteSystem update...
2025/08/05 14:15:36 satellite count: 1900
2025/08/05 14:15:36 SatelliteSystem update time: 7.232742ms
2025/08/05 14:15:36 TopoSystem update...
2025/08/05 14:15:36 TopoSystem: Link count: 1710000
2025/08/05 14:15:36 TopoSystem update time: 69.237846ms
2025/08/05 14:15:36 AttenuationSystem update...
2025/08/05 14:15:36 AttenuationSystem parallel flag: 1
2025/08/05 14:15:37 Attenuation computed count: 1710000
2025/08/05 14:15:37 AttenuationSystem update time: 1.016984646s
2025/08/05 14:15:37 Run 9 complete
2025/08/05 14:15:37 StationSystem update...
2025/08/05 14:15:37 weather update count: 900
2025/08/05 14:15:37 StationSystem update time: 10.265µs
2025/08/05 14:15:37 SatelliteSystem update...
2025/08/05 14:15:37 satellite count: 1900
2025/08/05 14:15:37 SatelliteSystem update time: 7.397413ms
2025/08/05 14:15:37 TopoSystem update...
2025/08/05 14:15:37 TopoSystem: Link count: 1710000
2025/08/05 14:15:37 TopoSystem update time: 37.568408ms
2025/08/05 14:15:37 AttenuationSystem update...
2025/08/05 14:15:37 AttenuationSystem parallel flag: 1
2025/08/05 14:15:38 Attenuation computed count: 1710000
2025/08/05 14:15:38 AttenuationSystem update time: 994.843952ms
2025/08/05 14:15:38 Run 10 complete
2025/08/05 14:15:38 Total update time:  10.846914643s
2025/08/05 14:15:38 linkCache size: 40

 Performance counter stats for './scale_ecs 900 1900 10 4 8 1':

        41,546,594      cache-references                                                      
        12,784,123      cache-misses                     #   30.77% of all cache refs         

      10.865912185 seconds time elapsed

      40.161330000 seconds user
       0.454003000 seconds sys


