ECS running with 800 stations, 1900 satellites, 8 numWGs and 4 numBlocks for 10 rounds in 0 parallel pattern
2025/08/05 13:36:57 StationSystem update...
2025/08/05 13:36:57 weather update count: 800
2025/08/05 13:36:57 SatelliteSystem update...
2025/08/05 13:36:57 StationSystem update time: 4.776µs
2025/08/05 13:36:57 satellite count: 1900
2025/08/05 13:36:57 SatelliteSystem update time: 7.21868ms
2025/08/05 13:36:57 TopoSystem update...
2025/08/05 13:36:57 TopoSystem: Link count: 1520000
2025/08/05 13:36:57 TopoSystem update time: 46.298286ms
2025/08/05 13:36:57 AttenuationSystem update...
2025/08/05 13:36:57 AttenuationSystem parallel flag: 0
2025/08/05 13:36:58 Attenuation computed count: 1520000
2025/08/05 13:36:58 AttenuationSystem update time: 873.819363ms
2025/08/05 13:36:58 Run 1 complete
2025/08/05 13:36:58 StationSystem update...
2025/08/05 13:36:58 weather update count: 800
2025/08/05 13:36:58 StationSystem update time: 7.162µs
2025/08/05 13:36:58 SatelliteSystem update...
2025/08/05 13:36:58 satellite count: 1900
2025/08/05 13:36:58 SatelliteSystem update time: 7.189339ms
2025/08/05 13:36:58 TopoSystem update...
2025/08/05 13:36:58 TopoSystem: Link count: 1520000
2025/08/05 13:36:58 TopoSystem update time: 40.942219ms
2025/08/05 13:36:58 AttenuationSystem update...
2025/08/05 13:36:58 AttenuationSystem parallel flag: 0
2025/08/05 13:36:59 Attenuation computed count: 1520000
2025/08/05 13:36:59 AttenuationSystem update time: 894.99838ms
2025/08/05 13:36:59 Run 2 complete
2025/08/05 13:36:59 StationSystem update...
2025/08/05 13:36:59 weather update count: 800
2025/08/05 13:36:59 StationSystem update time: 8.514µs
2025/08/05 13:36:59 SatelliteSystem update...
2025/08/05 13:36:59 satellite count: 1900
2025/08/05 13:36:59 SatelliteSystem update time: 7.769058ms
2025/08/05 13:36:59 TopoSystem update...
2025/08/05 13:36:59 TopoSystem: Link count: 1520000
2025/08/05 13:36:59 TopoSystem update time: 75.18809ms
2025/08/05 13:36:59 AttenuationSystem update...
2025/08/05 13:36:59 AttenuationSystem parallel flag: 0
2025/08/05 13:37:00 Attenuation computed count: 1520000
2025/08/05 13:37:00 AttenuationSystem update time: 899.266329ms
2025/08/05 13:37:00 Run 3 complete
2025/08/05 13:37:00 StationSystem update...
2025/08/05 13:37:00 weather update count: 800
2025/08/05 13:37:00 StationSystem update time: 6.225µs
2025/08/05 13:37:00 SatelliteSystem update...
2025/08/05 13:37:00 satellite count: 1900
2025/08/05 13:37:00 SatelliteSystem update time: 7.19873ms
2025/08/05 13:37:00 TopoSystem update...
2025/08/05 13:37:00 TopoSystem: Link count: 1520000
2025/08/05 13:37:00 TopoSystem update time: 31.246014ms
2025/08/05 13:37:00 AttenuationSystem update...
2025/08/05 13:37:00 AttenuationSystem parallel flag: 0
2025/08/05 13:37:01 Attenuation computed count: 1520000
2025/08/05 13:37:01 AttenuationSystem update time: 884.214817ms
2025/08/05 13:37:01 Run 4 complete
2025/08/05 13:37:01 StationSystem update...
2025/08/05 13:37:01 weather update count: 800
2025/08/05 13:37:01 StationSystem update time: 5.756µs
2025/08/05 13:37:01 SatelliteSystem update...
2025/08/05 13:37:01 satellite count: 1900
2025/08/05 13:37:01 SatelliteSystem update time: 7.189487ms
2025/08/05 13:37:01 TopoSystem update...
2025/08/05 13:37:01 TopoSystem: Link count: 1520000
2025/08/05 13:37:01 TopoSystem update time: 39.52445ms
2025/08/05 13:37:01 AttenuationSystem update...
2025/08/05 13:37:01 AttenuationSystem parallel flag: 0
2025/08/05 13:37:01 Attenuation computed count: 1520000
2025/08/05 13:37:01 AttenuationSystem update time: 885.105854ms
2025/08/05 13:37:01 Run 5 complete
2025/08/05 13:37:01 StationSystem update...
2025/08/05 13:37:01 weather update count: 800
2025/08/05 13:37:01 StationSystem update time: 6.539µs
2025/08/05 13:37:01 SatelliteSystem update...
2025/08/05 13:37:01 satellite count: 1900
2025/08/05 13:37:01 SatelliteSystem update time: 8.617153ms
2025/08/05 13:37:01 TopoSystem update...
2025/08/05 13:37:01 TopoSystem: Link count: 1520000
2025/08/05 13:37:01 TopoSystem update time: 27.121593ms
2025/08/05 13:37:01 AttenuationSystem update...
2025/08/05 13:37:01 AttenuationSystem parallel flag: 0
2025/08/05 13:37:02 Attenuation computed count: 1520000
2025/08/05 13:37:02 AttenuationSystem update time: 886.728208ms
2025/08/05 13:37:02 Run 6 complete
2025/08/05 13:37:02 StationSystem update...
2025/08/05 13:37:02 weather update count: 800
2025/08/05 13:37:02 StationSystem update time: 18.452µs
2025/08/05 13:37:02 SatelliteSystem update...
2025/08/05 13:37:02 satellite count: 1900
2025/08/05 13:37:02 SatelliteSystem update time: 8.77912ms
2025/08/05 13:37:02 TopoSystem update...
2025/08/05 13:37:02 TopoSystem: Link count: 1520000
2025/08/05 13:37:02 TopoSystem update time: 95.347172ms
2025/08/05 13:37:02 AttenuationSystem update...
2025/08/05 13:37:02 AttenuationSystem parallel flag: 0
2025/08/05 13:37:03 Attenuation computed count: 1520000
2025/08/05 13:37:03 AttenuationSystem update time: 883.082087ms
2025/08/05 13:37:03 Run 7 complete
2025/08/05 13:37:03 StationSystem update...
2025/08/05 13:37:03 weather update count: 800
2025/08/05 13:37:03 StationSystem update time: 5.827µs
2025/08/05 13:37:03 SatelliteSystem update...
2025/08/05 13:37:03 satellite count: 1900
2025/08/05 13:37:03 SatelliteSystem update time: 7.188917ms
2025/08/05 13:37:03 TopoSystem update...
2025/08/05 13:37:03 TopoSystem: Link count: 1520000
2025/08/05 13:37:03 TopoSystem update time: 38.082635ms
2025/08/05 13:37:03 AttenuationSystem update...
2025/08/05 13:37:03 AttenuationSystem parallel flag: 0
2025/08/05 13:37:04 Attenuation computed count: 1520000
2025/08/05 13:37:04 AttenuationSystem update time: 892.183409ms
2025/08/05 13:37:04 Run 8 complete
2025/08/05 13:37:04 StationSystem update...
2025/08/05 13:37:04 weather update count: 800
2025/08/05 13:37:04 StationSystem update time: 5.936µs
2025/08/05 13:37:04 SatelliteSystem update...
2025/08/05 13:37:04 satellite count: 1900
2025/08/05 13:37:04 SatelliteSystem update time: 7.1722ms
2025/08/05 13:37:04 TopoSystem update...
2025/08/05 13:37:04 TopoSystem: Link count: 1520000
2025/08/05 13:37:04 TopoSystem update time: 23.638113ms
2025/08/05 13:37:04 AttenuationSystem update...
2025/08/05 13:37:04 AttenuationSystem parallel flag: 0
2025/08/05 13:37:05 Attenuation computed count: 1520000
2025/08/05 13:37:05 AttenuationSystem update time: 900.265679ms
2025/08/05 13:37:05 Run 9 complete
2025/08/05 13:37:05 StationSystem update...
2025/08/05 13:37:05 weather update count: 800
2025/08/05 13:37:05 StationSystem update time: 5.371µs
2025/08/05 13:37:05 SatelliteSystem update...
2025/08/05 13:37:05 satellite count: 1900
2025/08/05 13:37:05 SatelliteSystem update time: 7.279769ms
2025/08/05 13:37:05 TopoSystem update...
2025/08/05 13:37:05 TopoSystem: Link count: 1520000
2025/08/05 13:37:05 TopoSystem update time: 24.284504ms
2025/08/05 13:37:05 AttenuationSystem update...
2025/08/05 13:37:05 AttenuationSystem parallel flag: 0
2025/08/05 13:37:06 Attenuation computed count: 1520000
2025/08/05 13:37:06 AttenuationSystem update time: 906.036836ms
2025/08/05 13:37:06 Run 10 complete
2025/08/05 13:37:06 Total update time:  9.436511128s
2025/08/05 13:37:06 linkCache size: 40

 Performance counter stats for './scale_ecs 800 1900 10 8 4 0':

        35,971,003      cache-references                                                      
        10,863,032      cache-misses                     #   30.20% of all cache refs         

       9.449318192 seconds time elapsed

      34.967855000 seconds user
       0.314205000 seconds sys


