ECS running with 800 stations, 1200 satellites, 8 numWGs and 8 numBlocks for 10 rounds in 0 parallel pattern
2025/08/05 13:17:38 StationSystem update...
2025/08/05 13:17:38 weather update count: 800
2025/08/05 13:17:38 StationSystem update time: 5.898µs
2025/08/05 13:17:38 SatelliteSystem update...
2025/08/05 13:17:38 satellite count: 1200
2025/08/05 13:17:38 SatelliteSystem update time: 4.565637ms
2025/08/05 13:17:38 TopoSystem update...
2025/08/05 13:17:38 TopoSystem: Link count: 960000
2025/08/05 13:17:38 TopoSystem update time: 30.674717ms
2025/08/05 13:17:38 AttenuationSystem update...
2025/08/05 13:17:38 AttenuationSystem parallel flag: 0
2025/08/05 13:17:38 Attenuation computed count: 960000
2025/08/05 13:17:38 AttenuationSystem update time: 284.339834ms
2025/08/05 13:17:38 Run 1 complete
2025/08/05 13:17:38 StationSystem update...
2025/08/05 13:17:38 weather update count: 800
2025/08/05 13:17:38 StationSystem update time: 7.611µs
2025/08/05 13:17:38 SatelliteSystem update...
2025/08/05 13:17:38 satellite count: 1200
2025/08/05 13:17:38 SatelliteSystem update time: 5.036628ms
2025/08/05 13:17:38 TopoSystem update...
2025/08/05 13:17:38 TopoSystem: Link count: 960000
2025/08/05 13:17:38 TopoSystem update time: 26.704716ms
2025/08/05 13:17:38 AttenuationSystem update...
2025/08/05 13:17:38 AttenuationSystem parallel flag: 0
2025/08/05 13:17:38 Attenuation computed count: 960000
2025/08/05 13:17:38 AttenuationSystem update time: 305.195546ms
2025/08/05 13:17:38 Run 2 complete
2025/08/05 13:17:38 StationSystem update...
2025/08/05 13:17:38 weather update count: 800
2025/08/05 13:17:38 StationSystem update time: 6.326µs
2025/08/05 13:17:38 SatelliteSystem update...
2025/08/05 13:17:38 satellite count: 1200
2025/08/05 13:17:38 SatelliteSystem update time: 4.57473ms
2025/08/05 13:17:38 TopoSystem update...
2025/08/05 13:17:38 TopoSystem: Link count: 960000
2025/08/05 13:17:38 TopoSystem update time: 15.904055ms
2025/08/05 13:17:38 AttenuationSystem update...
2025/08/05 13:17:38 AttenuationSystem parallel flag: 0
2025/08/05 13:17:39 Attenuation computed count: 960000
2025/08/05 13:17:39 AttenuationSystem update time: 310.101939ms
2025/08/05 13:17:39 Run 3 complete
2025/08/05 13:17:39 StationSystem update...
2025/08/05 13:17:39 weather update count: 800
2025/08/05 13:17:39 StationSystem update time: 4.96µs
2025/08/05 13:17:39 SatelliteSystem update...
2025/08/05 13:17:39 satellite count: 1200
2025/08/05 13:17:39 SatelliteSystem update time: 4.575649ms
2025/08/05 13:17:39 TopoSystem update...
2025/08/05 13:17:39 TopoSystem: Link count: 960000
2025/08/05 13:17:39 TopoSystem update time: 15.036871ms
2025/08/05 13:17:39 AttenuationSystem update...
2025/08/05 13:17:39 AttenuationSystem parallel flag: 0
2025/08/05 13:17:39 Attenuation computed count: 960000
2025/08/05 13:17:39 AttenuationSystem update time: 279.958479ms
2025/08/05 13:17:39 Run 4 complete
2025/08/05 13:17:39 StationSystem update...
2025/08/05 13:17:39 weather update count: 800
2025/08/05 13:17:39 StationSystem update time: 11.29µs
2025/08/05 13:17:39 SatelliteSystem update...
2025/08/05 13:17:39 satellite count: 1200
2025/08/05 13:17:39 SatelliteSystem update time: 5.565042ms
2025/08/05 13:17:39 TopoSystem update...
2025/08/05 13:17:39 TopoSystem: Link count: 960000
2025/08/05 13:17:39 TopoSystem update time: 49.95576ms
2025/08/05 13:17:39 AttenuationSystem update...
2025/08/05 13:17:39 AttenuationSystem parallel flag: 0
2025/08/05 13:17:39 Attenuation computed count: 960000
2025/08/05 13:17:39 AttenuationSystem update time: 330.781683ms
2025/08/05 13:17:39 Run 5 complete
2025/08/05 13:17:39 StationSystem update...
2025/08/05 13:17:39 weather update count: 800
2025/08/05 13:17:39 StationSystem update time: 8.369µs
2025/08/05 13:17:39 SatelliteSystem update...
2025/08/05 13:17:39 satellite count: 1200
2025/08/05 13:17:39 SatelliteSystem update time: 4.612362ms
2025/08/05 13:17:39 TopoSystem update...
2025/08/05 13:17:39 TopoSystem: Link count: 960000
2025/08/05 13:17:39 TopoSystem update time: 33.325773ms
2025/08/05 13:17:39 AttenuationSystem update...
2025/08/05 13:17:39 AttenuationSystem parallel flag: 0
2025/08/05 13:17:40 Attenuation computed count: 960000
2025/08/05 13:17:40 AttenuationSystem update time: 307.018875ms
2025/08/05 13:17:40 Run 6 complete
2025/08/05 13:17:40 StationSystem update...
2025/08/05 13:17:40 weather update count: 800
2025/08/05 13:17:40 StationSystem update time: 6.002µs
2025/08/05 13:17:40 SatelliteSystem update...
2025/08/05 13:17:40 satellite count: 1200
2025/08/05 13:17:40 SatelliteSystem update time: 4.569531ms
2025/08/05 13:17:40 TopoSystem update...
2025/08/05 13:17:40 TopoSystem: Link count: 960000
2025/08/05 13:17:40 TopoSystem update time: 16.362919ms
2025/08/05 13:17:40 AttenuationSystem update...
2025/08/05 13:17:40 AttenuationSystem parallel flag: 0
2025/08/05 13:17:40 Attenuation computed count: 960000
2025/08/05 13:17:40 AttenuationSystem update time: 335.041387ms
2025/08/05 13:17:40 Run 7 complete
2025/08/05 13:17:40 StationSystem update...
2025/08/05 13:17:40 weather update count: 800
2025/08/05 13:17:40 StationSystem update time: 6.422µs
2025/08/05 13:17:40 SatelliteSystem update...
2025/08/05 13:17:40 satellite count: 1200
2025/08/05 13:17:40 SatelliteSystem update time: 4.587208ms
2025/08/05 13:17:40 TopoSystem update...
2025/08/05 13:17:40 TopoSystem: Link count: 960000
2025/08/05 13:17:40 TopoSystem update time: 16.871591ms
2025/08/05 13:17:40 AttenuationSystem update...
2025/08/05 13:17:40 AttenuationSystem parallel flag: 0
2025/08/05 13:17:40 Attenuation computed count: 960000
2025/08/05 13:17:40 AttenuationSystem update time: 276.185386ms
2025/08/05 13:17:40 Run 8 complete
2025/08/05 13:17:40 StationSystem update...
2025/08/05 13:17:40 weather update count: 800
2025/08/05 13:17:40 StationSystem update time: 5.969µs
2025/08/05 13:17:40 SatelliteSystem update...
2025/08/05 13:17:40 satellite count: 1200
2025/08/05 13:17:40 SatelliteSystem update time: 4.584897ms
2025/08/05 13:17:40 TopoSystem update...
2025/08/05 13:17:40 TopoSystem: Link count: 960000
2025/08/05 13:17:40 TopoSystem update time: 15.617747ms
2025/08/05 13:17:40 AttenuationSystem update...
2025/08/05 13:17:40 AttenuationSystem parallel flag: 0
2025/08/05 13:17:41 Attenuation computed count: 960000
2025/08/05 13:17:41 AttenuationSystem update time: 296.342237ms
2025/08/05 13:17:41 Run 9 complete
2025/08/05 13:17:41 StationSystem update...
2025/08/05 13:17:41 weather update count: 800
2025/08/05 13:17:41 StationSystem update time: 6.148µs
2025/08/05 13:17:41 SatelliteSystem update...
2025/08/05 13:17:41 satellite count: 1200
2025/08/05 13:17:41 SatelliteSystem update time: 5.946231ms
2025/08/05 13:17:41 TopoSystem update...
2025/08/05 13:17:41 TopoSystem: Link count: 960000
2025/08/05 13:17:41 TopoSystem update time: 15.606128ms
2025/08/05 13:17:41 AttenuationSystem update...
2025/08/05 13:17:41 AttenuationSystem parallel flag: 0
2025/08/05 13:17:41 Attenuation computed count: 960000
2025/08/05 13:17:41 AttenuationSystem update time: 274.821947ms
2025/08/05 13:17:41 Run 10 complete
2025/08/05 13:17:41 Total update time:  3.292897446s
2025/08/05 13:17:41 linkCache size: 40

 Performance counter stats for './scale_ecs 800 1200 10 8 8 0':

        22,154,173      cache-references                                                      
         5,558,433      cache-misses                     #   25.09% of all cache refs         

       3.301645159 seconds time elapsed

      22.267839000 seconds user
       0.137961000 seconds sys


