ECS running with 800 stations, 1600 satellites, 2 numWGs and 8 numBlocks for 10 rounds in 1 parallel pattern
2025/08/05 13:26:03 StationSystem update...
2025/08/05 13:26:03 weather update count: 800
2025/08/05 13:26:03 StationSystem update time: 3.703µs
2025/08/05 13:26:03 SatelliteSystem update...
2025/08/05 13:26:03 satellite count: 1600
2025/08/05 13:26:03 SatelliteSystem update time: 4.515337ms
2025/08/05 13:26:03 TopoSystem update...
2025/08/05 13:26:03 TopoSystem: Link count: 1280000
2025/08/05 13:26:03 TopoSystem update time: 40.576203ms
2025/08/05 13:26:03 AttenuationSystem update...
2025/08/05 13:26:03 AttenuationSystem parallel flag: 1
2025/08/05 13:26:04 Attenuation computed count: 1280000
2025/08/05 13:26:04 AttenuationSystem update time: 1.475903204s
2025/08/05 13:26:04 Run 1 complete
2025/08/05 13:26:04 StationSystem update...
2025/08/05 13:26:04 weather update count: 800
2025/08/05 13:26:04 StationSystem update time: 8.571µs
2025/08/05 13:26:04 SatelliteSystem update...
2025/08/05 13:26:04 satellite count: 1600
2025/08/05 13:26:04 SatelliteSystem update time: 6.575531ms
2025/08/05 13:26:04 TopoSystem update...
2025/08/05 13:26:04 TopoSystem: Link count: 1280000
2025/08/05 13:26:04 TopoSystem update time: 52.19289ms
2025/08/05 13:26:04 AttenuationSystem update...
2025/08/05 13:26:04 AttenuationSystem parallel flag: 1
2025/08/05 13:26:06 Attenuation computed count: 1280000
2025/08/05 13:26:06 AttenuationSystem update time: 1.384981524s
2025/08/05 13:26:06 Run 2 complete
2025/08/05 13:26:06 StationSystem update...
2025/08/05 13:26:06 weather update count: 800
2025/08/05 13:26:06 StationSystem update time: 5.854µs
2025/08/05 13:26:06 SatelliteSystem update...
2025/08/05 13:26:06 satellite count: 1600
2025/08/05 13:26:06 SatelliteSystem update time: 4.522785ms
2025/08/05 13:26:06 TopoSystem update...
2025/08/05 13:26:06 TopoSystem: Link count: 1280000
2025/08/05 13:26:06 TopoSystem update time: 34.383936ms
2025/08/05 13:26:06 AttenuationSystem update...
2025/08/05 13:26:06 AttenuationSystem parallel flag: 1
2025/08/05 13:26:07 Attenuation computed count: 1280000
2025/08/05 13:26:07 AttenuationSystem update time: 1.467926232s
2025/08/05 13:26:07 Run 3 complete
2025/08/05 13:26:07 StationSystem update...
2025/08/05 13:26:07 weather update count: 800
2025/08/05 13:26:07 StationSystem update time: 6.597µs
2025/08/05 13:26:07 SatelliteSystem update...
2025/08/05 13:26:07 satellite count: 1600
2025/08/05 13:26:07 SatelliteSystem update time: 4.528145ms
2025/08/05 13:26:07 TopoSystem update...
2025/08/05 13:26:07 TopoSystem: Link count: 1280000
2025/08/05 13:26:07 TopoSystem update time: 16.622937ms
2025/08/05 13:26:07 AttenuationSystem update...
2025/08/05 13:26:07 AttenuationSystem parallel flag: 1
2025/08/05 13:26:09 Attenuation computed count: 1280000
2025/08/05 13:26:09 AttenuationSystem update time: 1.468297297s
2025/08/05 13:26:09 Run 4 complete
2025/08/05 13:26:09 StationSystem update...
2025/08/05 13:26:09 weather update count: 800
2025/08/05 13:26:09 StationSystem update time: 24.153µs
2025/08/05 13:26:09 SatelliteSystem update...
2025/08/05 13:26:09 satellite count: 1600
2025/08/05 13:26:09 SatelliteSystem update time: 7.420561ms
2025/08/05 13:26:09 TopoSystem update...
2025/08/05 13:26:09 TopoSystem: Link count: 1280000
2025/08/05 13:26:09 TopoSystem update time: 54.916548ms
2025/08/05 13:26:09 AttenuationSystem update...
2025/08/05 13:26:09 AttenuationSystem parallel flag: 1
2025/08/05 13:26:10 Attenuation computed count: 1280000
2025/08/05 13:26:10 AttenuationSystem update time: 1.105336038s
2025/08/05 13:26:10 Run 5 complete
2025/08/05 13:26:10 StationSystem update...
2025/08/05 13:26:10 weather update count: 800
2025/08/05 13:26:10 StationSystem update time: 3.666µs
2025/08/05 13:26:10 SatelliteSystem update...
2025/08/05 13:26:10 satellite count: 1600
2025/08/05 13:26:10 SatelliteSystem update time: 4.535046ms
2025/08/05 13:26:10 TopoSystem update...
2025/08/05 13:26:10 TopoSystem: Link count: 1280000
2025/08/05 13:26:10 TopoSystem update time: 30.060299ms
2025/08/05 13:26:10 AttenuationSystem update...
2025/08/05 13:26:10 AttenuationSystem parallel flag: 1
2025/08/05 13:26:12 Attenuation computed count: 1280000
2025/08/05 13:26:12 AttenuationSystem update time: 1.472820182s
2025/08/05 13:26:12 Run 6 complete
2025/08/05 13:26:12 StationSystem update...
2025/08/05 13:26:12 weather update count: 800
2025/08/05 13:26:12 StationSystem update time: 4.085µs
2025/08/05 13:26:12 SatelliteSystem update...
2025/08/05 13:26:12 satellite count: 1600
2025/08/05 13:26:12 SatelliteSystem update time: 4.524577ms
2025/08/05 13:26:12 TopoSystem update...
2025/08/05 13:26:12 TopoSystem: Link count: 1280000
2025/08/05 13:26:12 TopoSystem update time: 24.538834ms
2025/08/05 13:26:12 AttenuationSystem update...
2025/08/05 13:26:12 AttenuationSystem parallel flag: 1
2025/08/05 13:26:13 Attenuation computed count: 1280000
2025/08/05 13:26:13 AttenuationSystem update time: 1.51024011s
2025/08/05 13:26:13 Run 7 complete
2025/08/05 13:26:13 StationSystem update...
2025/08/05 13:26:13 weather update count: 800
2025/08/05 13:26:13 StationSystem update time: 9.976µs
2025/08/05 13:26:13 SatelliteSystem update...
2025/08/05 13:26:13 satellite count: 1600
2025/08/05 13:26:13 SatelliteSystem update time: 6.39711ms
2025/08/05 13:26:13 TopoSystem update...
2025/08/05 13:26:13 TopoSystem: Link count: 1280000
2025/08/05 13:26:13 TopoSystem update time: 35.062999ms
2025/08/05 13:26:13 AttenuationSystem update...
2025/08/05 13:26:13 AttenuationSystem parallel flag: 1
2025/08/05 13:26:15 Attenuation computed count: 1280000
2025/08/05 13:26:15 AttenuationSystem update time: 1.439833922s
2025/08/05 13:26:15 Run 8 complete
2025/08/05 13:26:15 StationSystem update...
2025/08/05 13:26:15 weather update count: 800
2025/08/05 13:26:15 StationSystem update time: 5.158µs
2025/08/05 13:26:15 SatelliteSystem update...
2025/08/05 13:26:15 satellite count: 1600
2025/08/05 13:26:15 SatelliteSystem update time: 4.538654ms
2025/08/05 13:26:15 TopoSystem update...
2025/08/05 13:26:15 TopoSystem: Link count: 1280000
2025/08/05 13:26:15 TopoSystem update time: 62.212229ms
2025/08/05 13:26:15 AttenuationSystem update...
2025/08/05 13:26:15 AttenuationSystem parallel flag: 1
2025/08/05 13:26:16 Attenuation computed count: 1280000
2025/08/05 13:26:16 AttenuationSystem update time: 1.510811911s
2025/08/05 13:26:16 Run 9 complete
2025/08/05 13:26:16 StationSystem update...
2025/08/05 13:26:16 weather update count: 800
2025/08/05 13:26:16 StationSystem update time: 9.124µs
2025/08/05 13:26:16 SatelliteSystem update...
2025/08/05 13:26:16 satellite count: 1600
2025/08/05 13:26:16 SatelliteSystem update time: 5.36501ms
2025/08/05 13:26:16 TopoSystem update...
2025/08/05 13:26:16 TopoSystem: Link count: 1280000
2025/08/05 13:26:16 TopoSystem update time: 63.324891ms
2025/08/05 13:26:16 AttenuationSystem update...
2025/08/05 13:26:16 AttenuationSystem parallel flag: 1
2025/08/05 13:26:18 Attenuation computed count: 1280000
2025/08/05 13:26:18 AttenuationSystem update time: 1.376318244s
2025/08/05 13:26:18 Run 10 complete
2025/08/05 13:26:18 Total update time:  14.68852808s
2025/08/05 13:26:18 linkCache size: 40

 Performance counter stats for './scale_ecs 800 1600 10 2 8 1':

        31,585,323      cache-references                                                      
         9,843,840      cache-misses                     #   31.17% of all cache refs         

      14.699443616 seconds time elapsed

      26.822652000 seconds user
       0.344021000 seconds sys


