ECS running with 500 stations, 1900 satellites, 4 numWGs and 2 numBlocks for 10 rounds in 0 parallel pattern
2025/08/05 12:04:42 StationSystem update...
2025/08/05 12:04:42 weather update count: 500
2025/08/05 12:04:42 SatelliteSystem update...
2025/08/05 12:04:42 StationSystem update time: 4.713µs
2025/08/05 12:04:42 satellite count: 1900
2025/08/05 12:04:42 SatelliteSystem update time: 6.299711ms
2025/08/05 12:04:42 TopoSystem update...
2025/08/05 12:04:42 TopoSystem: Link count: 950000
2025/08/05 12:04:42 TopoSystem update time: 29.477292ms
2025/08/05 12:04:42 AttenuationSystem update...
2025/08/05 12:04:42 AttenuationSystem parallel flag: 0
2025/08/05 12:04:43 Attenuation computed count: 950000
2025/08/05 12:04:43 AttenuationSystem update time: 1.089340847s
2025/08/05 12:04:43 Run 1 complete
2025/08/05 12:04:43 StationSystem update...
2025/08/05 12:04:43 weather update count: 500
2025/08/05 12:04:43 StationSystem update time: 7.599µs
2025/08/05 12:04:43 SatelliteSystem update...
2025/08/05 12:04:43 satellite count: 1900
2025/08/05 12:04:43 SatelliteSystem update time: 8.815271ms
2025/08/05 12:04:43 TopoSystem update...
2025/08/05 12:04:43 TopoSystem: Link count: 950000
2025/08/05 12:04:43 TopoSystem update time: 46.600424ms
2025/08/05 12:04:43 AttenuationSystem update...
2025/08/05 12:04:43 AttenuationSystem parallel flag: 0
2025/08/05 12:04:44 Attenuation computed count: 950000
2025/08/05 12:04:44 AttenuationSystem update time: 951.39459ms
2025/08/05 12:04:44 Run 2 complete
2025/08/05 12:04:44 StationSystem update...
2025/08/05 12:04:44 weather update count: 500
2025/08/05 12:04:44 StationSystem update time: 3.406µs
2025/08/05 12:04:44 SatelliteSystem update...
2025/08/05 12:04:44 satellite count: 1900
2025/08/05 12:04:44 SatelliteSystem update time: 5.330605ms
2025/08/05 12:04:44 TopoSystem update...
2025/08/05 12:04:44 TopoSystem: Link count: 950000
2025/08/05 12:04:44 TopoSystem update time: 21.247708ms
2025/08/05 12:04:44 AttenuationSystem update...
2025/08/05 12:04:44 AttenuationSystem parallel flag: 0
2025/08/05 12:04:45 Attenuation computed count: 950000
2025/08/05 12:04:45 AttenuationSystem update time: 1.069566848s
2025/08/05 12:04:45 Run 3 complete
2025/08/05 12:04:45 StationSystem update...
2025/08/05 12:04:45 weather update count: 500
2025/08/05 12:04:45 StationSystem update time: 9.354µs
2025/08/05 12:04:45 SatelliteSystem update...
2025/08/05 12:04:45 satellite count: 1900
2025/08/05 12:04:45 SatelliteSystem update time: 5.893093ms
2025/08/05 12:04:45 TopoSystem update...
2025/08/05 12:04:45 TopoSystem: Link count: 950000
2025/08/05 12:04:45 TopoSystem update time: 70.462729ms
2025/08/05 12:04:45 AttenuationSystem update...
2025/08/05 12:04:45 AttenuationSystem parallel flag: 0
2025/08/05 12:04:46 Attenuation computed count: 950000
2025/08/05 12:04:46 AttenuationSystem update time: 1.101220739s
2025/08/05 12:04:46 Run 4 complete
2025/08/05 12:04:46 StationSystem update...
2025/08/05 12:04:46 weather update count: 500
2025/08/05 12:04:46 StationSystem update time: 2.873µs
2025/08/05 12:04:46 SatelliteSystem update...
2025/08/05 12:04:46 satellite count: 1900
2025/08/05 12:04:46 SatelliteSystem update time: 7.188935ms
2025/08/05 12:04:46 TopoSystem update...
2025/08/05 12:04:46 TopoSystem: Link count: 950000
2025/08/05 12:04:46 TopoSystem update time: 23.091304ms
2025/08/05 12:04:46 AttenuationSystem update...
2025/08/05 12:04:46 AttenuationSystem parallel flag: 0
2025/08/05 12:04:47 Attenuation computed count: 950000
2025/08/05 12:04:47 AttenuationSystem update time: 1.069692265s
2025/08/05 12:04:47 Run 5 complete
2025/08/05 12:04:47 StationSystem update...
2025/08/05 12:04:47 weather update count: 500
2025/08/05 12:04:47 StationSystem update time: 3.08µs
2025/08/05 12:04:47 SatelliteSystem update...
2025/08/05 12:04:47 satellite count: 1900
2025/08/05 12:04:47 SatelliteSystem update time: 7.245592ms
2025/08/05 12:04:47 TopoSystem update...
2025/08/05 12:04:47 TopoSystem: Link count: 950000
2025/08/05 12:04:47 TopoSystem update time: 34.052996ms
2025/08/05 12:04:47 AttenuationSystem update...
2025/08/05 12:04:47 AttenuationSystem parallel flag: 0
2025/08/05 12:04:49 Attenuation computed count: 950000
2025/08/05 12:04:49 AttenuationSystem update time: 1.123148475s
2025/08/05 12:04:49 Run 6 complete
2025/08/05 12:04:49 StationSystem update...
2025/08/05 12:04:49 weather update count: 500
2025/08/05 12:04:49 StationSystem update time: 7.364µs
2025/08/05 12:04:49 SatelliteSystem update...
2025/08/05 12:04:49 satellite count: 1900
2025/08/05 12:04:49 SatelliteSystem update time: 8.708788ms
2025/08/05 12:04:49 TopoSystem update...
2025/08/05 12:04:49 TopoSystem: Link count: 950000
2025/08/05 12:04:49 TopoSystem update time: 54.168771ms
2025/08/05 12:04:49 AttenuationSystem update...
2025/08/05 12:04:49 AttenuationSystem parallel flag: 0
2025/08/05 12:04:50 Attenuation computed count: 950000
2025/08/05 12:04:50 AttenuationSystem update time: 1.083227822s
2025/08/05 12:04:50 Run 7 complete
2025/08/05 12:04:50 StationSystem update...
2025/08/05 12:04:50 weather update count: 500
2025/08/05 12:04:50 StationSystem update time: 2.99µs
2025/08/05 12:04:50 SatelliteSystem update...
2025/08/05 12:04:50 satellite count: 1900
2025/08/05 12:04:50 SatelliteSystem update time: 17.9844ms
2025/08/05 12:04:50 TopoSystem update...
2025/08/05 12:04:50 TopoSystem: Link count: 950000
2025/08/05 12:04:50 TopoSystem update time: 30.492997ms
2025/08/05 12:04:50 AttenuationSystem update...
2025/08/05 12:04:50 AttenuationSystem parallel flag: 0
2025/08/05 12:04:51 Attenuation computed count: 950000
2025/08/05 12:04:51 AttenuationSystem update time: 1.11722159s
2025/08/05 12:04:51 Run 8 complete
2025/08/05 12:04:51 StationSystem update...
2025/08/05 12:04:51 weather update count: 500
2025/08/05 12:04:51 StationSystem update time: 5.348µs
2025/08/05 12:04:51 SatelliteSystem update...
2025/08/05 12:04:51 satellite count: 1900
2025/08/05 12:04:51 SatelliteSystem update time: 17.983389ms
2025/08/05 12:04:51 TopoSystem update...
2025/08/05 12:04:51 TopoSystem: Link count: 950000
2025/08/05 12:04:51 TopoSystem update time: 36.801807ms
2025/08/05 12:04:51 AttenuationSystem update...
2025/08/05 12:04:51 AttenuationSystem parallel flag: 0
2025/08/05 12:04:52 Attenuation computed count: 950000
2025/08/05 12:04:52 AttenuationSystem update time: 1.114736215s
2025/08/05 12:04:52 Run 9 complete
2025/08/05 12:04:52 StationSystem update...
2025/08/05 12:04:52 weather update count: 500
2025/08/05 12:04:52 StationSystem update time: 2.787µs
2025/08/05 12:04:52 SatelliteSystem update...
2025/08/05 12:04:52 satellite count: 1900
2025/08/05 12:04:52 SatelliteSystem update time: 7.182661ms
2025/08/05 12:04:52 TopoSystem update...
2025/08/05 12:04:52 TopoSystem: Link count: 950000
2025/08/05 12:04:52 TopoSystem update time: 34.790413ms
2025/08/05 12:04:52 AttenuationSystem update...
2025/08/05 12:04:52 AttenuationSystem parallel flag: 0
2025/08/05 12:04:53 Attenuation computed count: 950000
2025/08/05 12:04:53 AttenuationSystem update time: 1.117012525s
2025/08/05 12:04:53 Run 10 complete
2025/08/05 12:04:53 Total update time:  11.322662885s
2025/08/05 12:04:53 linkCache size: 40

 Performance counter stats for './scale_ecs 500 1900 10 4 2 0':

        23,199,566      cache-references                                                      
         6,650,036      cache-misses                     #   28.66% of all cache refs         

      11.330967417 seconds time elapsed

      21.211829000 seconds user
       0.242100000 seconds sys


