ECS running with 900 stations, 1400 satellites, 4 numWGs and 8 numBlocks for 10 rounds in 0 parallel pattern
2025/08/05 13:59:17 StationSystem update...
2025/08/05 13:59:17 weather update count: 900
2025/08/05 13:59:17 StationSystem update time: 5.122µs
2025/08/05 13:59:17 SatelliteSystem update...
2025/08/05 13:59:17 satellite count: 1400
2025/08/05 13:59:17 SatelliteSystem update time: 5.324703ms
2025/08/05 13:59:17 TopoSystem update...
2025/08/05 13:59:17 TopoSystem: Link count: 1260000
2025/08/05 13:59:17 TopoSystem update time: 37.728958ms
2025/08/05 13:59:17 AttenuationSystem update...
2025/08/05 13:59:17 AttenuationSystem parallel flag: 0
2025/08/05 13:59:17 Attenuation computed count: 1260000
2025/08/05 13:59:17 AttenuationSystem update time: 364.66423ms
2025/08/05 13:59:17 Run 1 complete
2025/08/05 13:59:17 StationSystem update...
2025/08/05 13:59:17 weather update count: 900
2025/08/05 13:59:17 StationSystem update time: 5.772µs
2025/08/05 13:59:17 SatelliteSystem update...
2025/08/05 13:59:17 satellite count: 1400
2025/08/05 13:59:17 SatelliteSystem update time: 5.328292ms
2025/08/05 13:59:17 TopoSystem update...
2025/08/05 13:59:17 TopoSystem: Link count: 1260000
2025/08/05 13:59:17 TopoSystem update time: 36.515207ms
2025/08/05 13:59:17 AttenuationSystem update...
2025/08/05 13:59:17 AttenuationSystem parallel flag: 0
2025/08/05 13:59:18 Attenuation computed count: 1260000
2025/08/05 13:59:18 AttenuationSystem update time: 379.034425ms
2025/08/05 13:59:18 Run 2 complete
2025/08/05 13:59:18 StationSystem update...
2025/08/05 13:59:18 weather update count: 900
2025/08/05 13:59:18 StationSystem update time: 6.198µs
2025/08/05 13:59:18 SatelliteSystem update...
2025/08/05 13:59:18 satellite count: 1400
2025/08/05 13:59:18 SatelliteSystem update time: 5.319806ms
2025/08/05 13:59:18 TopoSystem update...
2025/08/05 13:59:18 TopoSystem: Link count: 1260000
2025/08/05 13:59:18 TopoSystem update time: 20.341302ms
2025/08/05 13:59:18 AttenuationSystem update...
2025/08/05 13:59:18 AttenuationSystem parallel flag: 0
2025/08/05 13:59:18 Attenuation computed count: 1260000
2025/08/05 13:59:18 AttenuationSystem update time: 366.5145ms
2025/08/05 13:59:18 Run 3 complete
2025/08/05 13:59:18 StationSystem update...
2025/08/05 13:59:18 weather update count: 900
2025/08/05 13:59:18 StationSystem update time: 12.893µs
2025/08/05 13:59:18 SatelliteSystem update...
2025/08/05 13:59:18 satellite count: 1400
2025/08/05 13:59:18 SatelliteSystem update time: 6.385954ms
2025/08/05 13:59:18 TopoSystem update...
2025/08/05 13:59:18 TopoSystem: Link count: 1260000
2025/08/05 13:59:18 TopoSystem update time: 39.064252ms
2025/08/05 13:59:18 AttenuationSystem update...
2025/08/05 13:59:18 AttenuationSystem parallel flag: 0
2025/08/05 13:59:18 Attenuation computed count: 1260000
2025/08/05 13:59:18 AttenuationSystem update time: 360.505386ms
2025/08/05 13:59:18 Run 4 complete
2025/08/05 13:59:18 StationSystem update...
2025/08/05 13:59:18 weather update count: 900
2025/08/05 13:59:18 StationSystem update time: 21.369µs
2025/08/05 13:59:18 SatelliteSystem update...
2025/08/05 13:59:19 satellite count: 1400
2025/08/05 13:59:19 SatelliteSystem update time: 5.319394ms
2025/08/05 13:59:19 TopoSystem update...
2025/08/05 13:59:19 TopoSystem: Link count: 1260000
2025/08/05 13:59:19 TopoSystem update time: 35.539092ms
2025/08/05 13:59:19 AttenuationSystem update...
2025/08/05 13:59:19 AttenuationSystem parallel flag: 0
2025/08/05 13:59:19 Attenuation computed count: 1260000
2025/08/05 13:59:19 AttenuationSystem update time: 393.471652ms
2025/08/05 13:59:19 Run 5 complete
2025/08/05 13:59:19 StationSystem update...
2025/08/05 13:59:19 weather update count: 900
2025/08/05 13:59:19 StationSystem update time: 6.109µs
2025/08/05 13:59:19 SatelliteSystem update...
2025/08/05 13:59:19 satellite count: 1400
2025/08/05 13:59:19 SatelliteSystem update time: 5.338467ms
2025/08/05 13:59:19 TopoSystem update...
2025/08/05 13:59:19 TopoSystem: Link count: 1260000
2025/08/05 13:59:19 TopoSystem update time: 20.864943ms
2025/08/05 13:59:19 AttenuationSystem update...
2025/08/05 13:59:19 AttenuationSystem parallel flag: 0
2025/08/05 13:59:19 Attenuation computed count: 1260000
2025/08/05 13:59:19 AttenuationSystem update time: 392.469798ms
2025/08/05 13:59:19 Run 6 complete
2025/08/05 13:59:19 StationSystem update...
2025/08/05 13:59:19 weather update count: 900
2025/08/05 13:59:19 StationSystem update time: 7.008µs
2025/08/05 13:59:19 SatelliteSystem update...
2025/08/05 13:59:19 satellite count: 1400
2025/08/05 13:59:19 SatelliteSystem update time: 5.325181ms
2025/08/05 13:59:19 TopoSystem update...
2025/08/05 13:59:19 TopoSystem: Link count: 1260000
2025/08/05 13:59:19 TopoSystem update time: 20.454313ms
2025/08/05 13:59:19 AttenuationSystem update...
2025/08/05 13:59:19 AttenuationSystem parallel flag: 0
2025/08/05 13:59:20 Attenuation computed count: 1260000
2025/08/05 13:59:20 AttenuationSystem update time: 393.43041ms
2025/08/05 13:59:20 Run 7 complete
2025/08/05 13:59:20 StationSystem update...
2025/08/05 13:59:20 weather update count: 900
2025/08/05 13:59:20 StationSystem update time: 6.916µs
2025/08/05 13:59:20 SatelliteSystem update...
2025/08/05 13:59:20 satellite count: 1400
2025/08/05 13:59:20 SatelliteSystem update time: 5.594667ms
2025/08/05 13:59:20 TopoSystem update...
2025/08/05 13:59:20 TopoSystem: Link count: 1260000
2025/08/05 13:59:20 TopoSystem update time: 20.776713ms
2025/08/05 13:59:20 AttenuationSystem update...
2025/08/05 13:59:20 AttenuationSystem parallel flag: 0
2025/08/05 13:59:20 Attenuation computed count: 1260000
2025/08/05 13:59:20 AttenuationSystem update time: 390.164343ms
2025/08/05 13:59:20 Run 8 complete
2025/08/05 13:59:20 StationSystem update...
2025/08/05 13:59:20 weather update count: 900
2025/08/05 13:59:20 StationSystem update time: 5.855µs
2025/08/05 13:59:20 SatelliteSystem update...
2025/08/05 13:59:20 satellite count: 1400
2025/08/05 13:59:20 SatelliteSystem update time: 5.306485ms
2025/08/05 13:59:20 TopoSystem update...
2025/08/05 13:59:20 TopoSystem: Link count: 1260000
2025/08/05 13:59:20 TopoSystem update time: 19.750503ms
2025/08/05 13:59:20 AttenuationSystem update...
2025/08/05 13:59:20 AttenuationSystem parallel flag: 0
2025/08/05 13:59:21 Attenuation computed count: 1260000
2025/08/05 13:59:21 AttenuationSystem update time: 372.633394ms
2025/08/05 13:59:21 Run 9 complete
2025/08/05 13:59:21 StationSystem update...
2025/08/05 13:59:21 weather update count: 900
2025/08/05 13:59:21 StationSystem update time: 12.17µs
2025/08/05 13:59:21 SatelliteSystem update...
2025/08/05 13:59:21 satellite count: 1400
2025/08/05 13:59:21 SatelliteSystem update time: 5.855806ms
2025/08/05 13:59:21 TopoSystem update...
2025/08/05 13:59:21 TopoSystem: Link count: 1260000
2025/08/05 13:59:21 TopoSystem update time: 71.792038ms
2025/08/05 13:59:21 AttenuationSystem update...
2025/08/05 13:59:21 AttenuationSystem parallel flag: 0
2025/08/05 13:59:21 Attenuation computed count: 1260000
2025/08/05 13:59:21 AttenuationSystem update time: 410.272578ms
2025/08/05 13:59:21 Run 10 complete
2025/08/05 13:59:21 Total update time:  4.211616905s
2025/08/05 13:59:21 linkCache size: 40

 Performance counter stats for './scale_ecs 900 1400 10 4 8 0':

        28,804,704      cache-references                                                      
         7,678,198      cache-misses                     #   26.66% of all cache refs         

       4.221806573 seconds time elapsed

      28.734932000 seconds user
       0.202126000 seconds sys


