ECS running with 700 stations, 800 satellites, 4 numWGs and 8 numBlocks for 10 rounds in 1 parallel pattern
2025/08/05 12:38:16 StationSystem update...
2025/08/05 12:38:16 weather update count: 700
2025/08/05 12:38:16 StationSystem update time: 4.643µs
2025/08/05 12:38:16 SatelliteSystem update...
2025/08/05 12:38:16 satellite count: 800
2025/08/05 12:38:16 SatelliteSystem update time: 3.040154ms
2025/08/05 12:38:16 TopoSystem update...
2025/08/05 12:38:16 TopoSystem: Link count: 560000
2025/08/05 12:38:16 TopoSystem update time: 18.598515ms
2025/08/05 12:38:16 AttenuationSystem update...
2025/08/05 12:38:16 AttenuationSystem parallel flag: 1
2025/08/05 12:38:17 Attenuation computed count: 560000
2025/08/05 12:38:17 AttenuationSystem update time: 319.631872ms
2025/08/05 12:38:17 Run 1 complete
2025/08/05 12:38:17 StationSystem update...
2025/08/05 12:38:17 weather update count: 700
2025/08/05 12:38:17 StationSystem update time: 4.281µs
2025/08/05 12:38:17 SatelliteSystem update...
2025/08/05 12:38:17 satellite count: 800
2025/08/05 12:38:17 SatelliteSystem update time: 3.053946ms
2025/08/05 12:38:17 TopoSystem update...
2025/08/05 12:38:17 TopoSystem: Link count: 560000
2025/08/05 12:38:17 TopoSystem update time: 17.277543ms
2025/08/05 12:38:17 AttenuationSystem update...
2025/08/05 12:38:17 AttenuationSystem parallel flag: 1
2025/08/05 12:38:17 Attenuation computed count: 560000
2025/08/05 12:38:17 AttenuationSystem update time: 353.080827ms
2025/08/05 12:38:17 Run 2 complete
2025/08/05 12:38:17 StationSystem update...
2025/08/05 12:38:17 weather update count: 700
2025/08/05 12:38:17 StationSystem update time: 4.548µs
2025/08/05 12:38:17 SatelliteSystem update...
2025/08/05 12:38:17 satellite count: 800
2025/08/05 12:38:17 SatelliteSystem update time: 3.058532ms
2025/08/05 12:38:17 TopoSystem update...
2025/08/05 12:38:17 TopoSystem: Link count: 560000
2025/08/05 12:38:17 TopoSystem update time: 9.008908ms
2025/08/05 12:38:17 AttenuationSystem update...
2025/08/05 12:38:17 AttenuationSystem parallel flag: 1
2025/08/05 12:38:17 Attenuation computed count: 560000
2025/08/05 12:38:17 AttenuationSystem update time: 324.269589ms
2025/08/05 12:38:17 Run 3 complete
2025/08/05 12:38:17 StationSystem update...
2025/08/05 12:38:17 weather update count: 700
2025/08/05 12:38:17 StationSystem update time: 3.989µs
2025/08/05 12:38:17 SatelliteSystem update...
2025/08/05 12:38:17 satellite count: 800
2025/08/05 12:38:17 SatelliteSystem update time: 3.050048ms
2025/08/05 12:38:17 TopoSystem update...
2025/08/05 12:38:17 TopoSystem: Link count: 560000
2025/08/05 12:38:17 TopoSystem update time: 9.140494ms
2025/08/05 12:38:17 AttenuationSystem update...
2025/08/05 12:38:17 AttenuationSystem parallel flag: 1
2025/08/05 12:38:18 Attenuation computed count: 560000
2025/08/05 12:38:18 AttenuationSystem update time: 358.48729ms
2025/08/05 12:38:18 Run 4 complete
2025/08/05 12:38:18 StationSystem update...
2025/08/05 12:38:18 weather update count: 700
2025/08/05 12:38:18 StationSystem update time: 4.076µs
2025/08/05 12:38:18 SatelliteSystem update...
2025/08/05 12:38:18 satellite count: 800
2025/08/05 12:38:18 SatelliteSystem update time: 3.035675ms
2025/08/05 12:38:18 TopoSystem update...
2025/08/05 12:38:18 TopoSystem: Link count: 560000
2025/08/05 12:38:18 TopoSystem update time: 11.436912ms
2025/08/05 12:38:18 AttenuationSystem update...
2025/08/05 12:38:18 AttenuationSystem parallel flag: 1
2025/08/05 12:38:18 Attenuation computed count: 560000
2025/08/05 12:38:18 AttenuationSystem update time: 393.666413ms
2025/08/05 12:38:18 Run 5 complete
2025/08/05 12:38:18 StationSystem update...
2025/08/05 12:38:18 weather update count: 700
2025/08/05 12:38:18 StationSystem update time: 5.953µs
2025/08/05 12:38:18 SatelliteSystem update...
2025/08/05 12:38:18 satellite count: 800
2025/08/05 12:38:18 SatelliteSystem update time: 3.024452ms
2025/08/05 12:38:18 TopoSystem update...
2025/08/05 12:38:18 TopoSystem: Link count: 560000
2025/08/05 12:38:18 TopoSystem update time: 9.124389ms
2025/08/05 12:38:18 AttenuationSystem update...
2025/08/05 12:38:18 AttenuationSystem parallel flag: 1
2025/08/05 12:38:18 Attenuation computed count: 560000
2025/08/05 12:38:18 AttenuationSystem update time: 320.74192ms
2025/08/05 12:38:18 Run 6 complete
2025/08/05 12:38:18 StationSystem update...
2025/08/05 12:38:18 weather update count: 700
2025/08/05 12:38:18 StationSystem update time: 4.256µs
2025/08/05 12:38:18 SatelliteSystem update...
2025/08/05 12:38:18 satellite count: 800
2025/08/05 12:38:18 SatelliteSystem update time: 3.03757ms
2025/08/05 12:38:18 TopoSystem update...
2025/08/05 12:38:19 TopoSystem: Link count: 560000
2025/08/05 12:38:19 TopoSystem update time: 8.656365ms
2025/08/05 12:38:19 AttenuationSystem update...
2025/08/05 12:38:19 AttenuationSystem parallel flag: 1
2025/08/05 12:38:19 Attenuation computed count: 560000
2025/08/05 12:38:19 AttenuationSystem update time: 343.551619ms
2025/08/05 12:38:19 Run 7 complete
2025/08/05 12:38:19 StationSystem update...
2025/08/05 12:38:19 weather update count: 700
2025/08/05 12:38:19 StationSystem update time: 11.824µs
2025/08/05 12:38:19 SatelliteSystem update...
2025/08/05 12:38:19 satellite count: 800
2025/08/05 12:38:19 SatelliteSystem update time: 3.277823ms
2025/08/05 12:38:19 TopoSystem update...
2025/08/05 12:38:19 TopoSystem: Link count: 560000
2025/08/05 12:38:19 TopoSystem update time: 33.330732ms
2025/08/05 12:38:19 AttenuationSystem update...
2025/08/05 12:38:19 AttenuationSystem parallel flag: 1
2025/08/05 12:38:19 Attenuation computed count: 560000
2025/08/05 12:38:19 AttenuationSystem update time: 389.362603ms
2025/08/05 12:38:19 Run 8 complete
2025/08/05 12:38:19 StationSystem update...
2025/08/05 12:38:19 weather update count: 700
2025/08/05 12:38:19 StationSystem update time: 4.472µs
2025/08/05 12:38:19 SatelliteSystem update...
2025/08/05 12:38:19 satellite count: 800
2025/08/05 12:38:19 SatelliteSystem update time: 3.040921ms
2025/08/05 12:38:19 TopoSystem update...
2025/08/05 12:38:19 TopoSystem: Link count: 560000
2025/08/05 12:38:19 TopoSystem update time: 13.497269ms
2025/08/05 12:38:19 AttenuationSystem update...
2025/08/05 12:38:19 AttenuationSystem parallel flag: 1
2025/08/05 12:38:20 Attenuation computed count: 560000
2025/08/05 12:38:20 AttenuationSystem update time: 319.78032ms
2025/08/05 12:38:20 Run 9 complete
2025/08/05 12:38:20 StationSystem update...
2025/08/05 12:38:20 weather update count: 700
2025/08/05 12:38:20 StationSystem update time: 4.08µs
2025/08/05 12:38:20 SatelliteSystem update...
2025/08/05 12:38:20 satellite count: 800
2025/08/05 12:38:20 SatelliteSystem update time: 3.048294ms
2025/08/05 12:38:20 TopoSystem update...
2025/08/05 12:38:20 TopoSystem: Link count: 560000
2025/08/05 12:38:20 TopoSystem update time: 9.422336ms
2025/08/05 12:38:20 AttenuationSystem update...
2025/08/05 12:38:20 AttenuationSystem parallel flag: 1
2025/08/05 12:38:20 Attenuation computed count: 560000
2025/08/05 12:38:20 AttenuationSystem update time: 345.835349ms
2025/08/05 12:38:20 Run 10 complete
2025/08/05 12:38:20 Total update time:  3.645060784s
2025/08/05 12:38:20 linkCache size: 40

 Performance counter stats for './scale_ecs 700 800 10 4 8 1':

        13,160,026      cache-references                                                      
         3,020,704      cache-misses                     #   22.95% of all cache refs         

       3.652028708 seconds time elapsed

      12.698762000 seconds user
       0.079110000 seconds sys


