ECS running with 800 stations, 1100 satellites, 8 numWGs and 4 numBlocks for 10 rounds in 0 parallel pattern
2025/08/05 13:15:19 StationSystem update...
2025/08/05 13:15:19 weather update count: 800
2025/08/05 13:15:19 StationSystem update time: 5.361µs
2025/08/05 13:15:19 SatelliteSystem update...
2025/08/05 13:15:19 satellite count: 1100
2025/08/05 13:15:19 SatelliteSystem update time: 4.180638ms
2025/08/05 13:15:19 TopoSystem update...
2025/08/05 13:15:19 TopoSystem: Link count: 880000
2025/08/05 13:15:19 TopoSystem update time: 27.864235ms
2025/08/05 13:15:19 AttenuationSystem update...
2025/08/05 13:15:19 AttenuationSystem parallel flag: 0
2025/08/05 13:15:20 Attenuation computed count: 880000
2025/08/05 13:15:20 AttenuationSystem update time: 621.559482ms
2025/08/05 13:15:20 Run 1 complete
2025/08/05 13:15:20 StationSystem update...
2025/08/05 13:15:20 weather update count: 800
2025/08/05 13:15:20 StationSystem update time: 6.737µs
2025/08/05 13:15:20 SatelliteSystem update...
2025/08/05 13:15:20 satellite count: 1100
2025/08/05 13:15:20 SatelliteSystem update time: 5.245216ms
2025/08/05 13:15:20 TopoSystem update...
2025/08/05 13:15:20 TopoSystem: Link count: 880000
2025/08/05 13:15:20 TopoSystem update time: 29.720643ms
2025/08/05 13:15:20 AttenuationSystem update...
2025/08/05 13:15:20 AttenuationSystem parallel flag: 0
2025/08/05 13:15:21 Attenuation computed count: 880000
2025/08/05 13:15:21 AttenuationSystem update time: 569.169995ms
2025/08/05 13:15:21 Run 2 complete
2025/08/05 13:15:21 StationSystem update...
2025/08/05 13:15:21 weather update count: 800
2025/08/05 13:15:21 StationSystem update time: 17.016µs
2025/08/05 13:15:21 SatelliteSystem update...
2025/08/05 13:15:21 satellite count: 1100
2025/08/05 13:15:21 SatelliteSystem update time: 5.166367ms
2025/08/05 13:15:21 TopoSystem update...
2025/08/05 13:15:21 TopoSystem: Link count: 880000
2025/08/05 13:15:21 TopoSystem update time: 42.6447ms
2025/08/05 13:15:21 AttenuationSystem update...
2025/08/05 13:15:21 AttenuationSystem parallel flag: 0
2025/08/05 13:15:21 Attenuation computed count: 880000
2025/08/05 13:15:21 AttenuationSystem update time: 517.666393ms
2025/08/05 13:15:21 Run 3 complete
2025/08/05 13:15:21 StationSystem update...
2025/08/05 13:15:21 weather update count: 800
2025/08/05 13:15:21 StationSystem update time: 5.656µs
2025/08/05 13:15:21 SatelliteSystem update...
2025/08/05 13:15:21 satellite count: 1100
2025/08/05 13:15:21 SatelliteSystem update time: 4.196567ms
2025/08/05 13:15:21 TopoSystem update...
2025/08/05 13:15:21 TopoSystem: Link count: 880000
2025/08/05 13:15:21 TopoSystem update time: 29.507174ms
2025/08/05 13:15:21 AttenuationSystem update...
2025/08/05 13:15:21 AttenuationSystem parallel flag: 0
2025/08/05 13:15:22 Attenuation computed count: 880000
2025/08/05 13:15:22 AttenuationSystem update time: 553.540616ms
2025/08/05 13:15:22 Run 4 complete
2025/08/05 13:15:22 StationSystem update...
2025/08/05 13:15:22 weather update count: 800
2025/08/05 13:15:22 StationSystem update time: 6.747µs
2025/08/05 13:15:22 SatelliteSystem update...
2025/08/05 13:15:22 satellite count: 1100
2025/08/05 13:15:22 SatelliteSystem update time: 4.191761ms
2025/08/05 13:15:22 TopoSystem update...
2025/08/05 13:15:22 TopoSystem: Link count: 880000
2025/08/05 13:15:22 TopoSystem update time: 14.653787ms
2025/08/05 13:15:22 AttenuationSystem update...
2025/08/05 13:15:22 AttenuationSystem parallel flag: 0
2025/08/05 13:15:22 Attenuation computed count: 880000
2025/08/05 13:15:22 AttenuationSystem update time: 538.635804ms
2025/08/05 13:15:22 Run 5 complete
2025/08/05 13:15:22 StationSystem update...
2025/08/05 13:15:22 weather update count: 800
2025/08/05 13:15:22 StationSystem update time: 5.296µs
2025/08/05 13:15:22 SatelliteSystem update...
2025/08/05 13:15:22 satellite count: 1100
2025/08/05 13:15:22 SatelliteSystem update time: 4.33274ms
2025/08/05 13:15:22 TopoSystem update...
2025/08/05 13:15:22 TopoSystem: Link count: 880000
2025/08/05 13:15:22 TopoSystem update time: 14.24436ms
2025/08/05 13:15:22 AttenuationSystem update...
2025/08/05 13:15:22 AttenuationSystem parallel flag: 0
2025/08/05 13:15:23 Attenuation computed count: 880000
2025/08/05 13:15:23 AttenuationSystem update time: 515.235693ms
2025/08/05 13:15:23 Run 6 complete
2025/08/05 13:15:23 StationSystem update...
2025/08/05 13:15:23 weather update count: 800
2025/08/05 13:15:23 StationSystem update time: 5.61µs
2025/08/05 13:15:23 SatelliteSystem update...
2025/08/05 13:15:23 satellite count: 1100
2025/08/05 13:15:23 SatelliteSystem update time: 4.329613ms
2025/08/05 13:15:23 TopoSystem update...
2025/08/05 13:15:23 TopoSystem: Link count: 880000
2025/08/05 13:15:23 TopoSystem update time: 14.627349ms
2025/08/05 13:15:23 AttenuationSystem update...
2025/08/05 13:15:23 AttenuationSystem parallel flag: 0
2025/08/05 13:15:23 Attenuation computed count: 880000
2025/08/05 13:15:23 AttenuationSystem update time: 510.787329ms
2025/08/05 13:15:23 Run 7 complete
2025/08/05 13:15:23 StationSystem update...
2025/08/05 13:15:23 weather update count: 800
2025/08/05 13:15:23 StationSystem update time: 12.101µs
2025/08/05 13:15:23 SatelliteSystem update...
2025/08/05 13:15:23 satellite count: 1100
2025/08/05 13:15:23 SatelliteSystem update time: 4.568135ms
2025/08/05 13:15:23 TopoSystem update...
2025/08/05 13:15:23 TopoSystem: Link count: 880000
2025/08/05 13:15:23 TopoSystem update time: 38.579159ms
2025/08/05 13:15:23 AttenuationSystem update...
2025/08/05 13:15:23 AttenuationSystem parallel flag: 0
2025/08/05 13:15:24 Attenuation computed count: 880000
2025/08/05 13:15:24 AttenuationSystem update time: 504.707791ms
2025/08/05 13:15:24 Run 8 complete
2025/08/05 13:15:24 StationSystem update...
2025/08/05 13:15:24 weather update count: 800
2025/08/05 13:15:24 StationSystem update time: 4.346µs
2025/08/05 13:15:24 SatelliteSystem update...
2025/08/05 13:15:24 satellite count: 1100
2025/08/05 13:15:24 SatelliteSystem update time: 4.196476ms
2025/08/05 13:15:24 TopoSystem update...
2025/08/05 13:15:24 TopoSystem: Link count: 880000
2025/08/05 13:15:24 TopoSystem update time: 19.660148ms
2025/08/05 13:15:24 AttenuationSystem update...
2025/08/05 13:15:24 AttenuationSystem parallel flag: 0
2025/08/05 13:15:25 Attenuation computed count: 880000
2025/08/05 13:15:25 AttenuationSystem update time: 539.601313ms
2025/08/05 13:15:25 Run 9 complete
2025/08/05 13:15:25 StationSystem update...
2025/08/05 13:15:25 weather update count: 800
2025/08/05 13:15:25 StationSystem update time: 5.306µs
2025/08/05 13:15:25 SatelliteSystem update...
2025/08/05 13:15:25 satellite count: 1100
2025/08/05 13:15:25 SatelliteSystem update time: 4.197931ms
2025/08/05 13:15:25 TopoSystem update...
2025/08/05 13:15:25 TopoSystem: Link count: 880000
2025/08/05 13:15:25 TopoSystem update time: 16.375871ms
2025/08/05 13:15:25 AttenuationSystem update...
2025/08/05 13:15:25 AttenuationSystem parallel flag: 0
2025/08/05 13:15:25 Attenuation computed count: 880000
2025/08/05 13:15:25 AttenuationSystem update time: 515.324209ms
2025/08/05 13:15:25 Run 10 complete
2025/08/05 13:15:25 Total update time:  5.686900244s
2025/08/05 13:15:25 linkCache size: 40

 Performance counter stats for './scale_ecs 800 1100 10 8 4 0':

        20,488,437      cache-references                                                      
         5,694,220      cache-misses                     #   27.79% of all cache refs         

       5.694738055 seconds time elapsed

      20.558806000 seconds user
       0.160006000 seconds sys


