ECS running with 900 stations, 500 satellites, 2 numWGs and 8 numBlocks for 10 rounds in 0 parallel pattern
2025/08/05 13:41:10 StationSystem update...
2025/08/05 13:41:10 weather update count: 900
2025/08/05 13:41:10 StationSystem update time: 5.421µs
2025/08/05 13:41:10 SatelliteSystem update...
2025/08/05 13:41:10 satellite count: 500
2025/08/05 13:41:10 SatelliteSystem update time: 1.936361ms
2025/08/05 13:41:10 TopoSystem update...
2025/08/05 13:41:10 TopoSystem: Link count: 450000
2025/08/05 13:41:10 TopoSystem update time: 21.570069ms
2025/08/05 13:41:10 AttenuationSystem update...
2025/08/05 13:41:10 AttenuationSystem parallel flag: 0
2025/08/05 13:41:10 Attenuation computed count: 450000
2025/08/05 13:41:10 AttenuationSystem update time: 133.521304ms
2025/08/05 13:41:10 Run 1 complete
2025/08/05 13:41:10 StationSystem update...
2025/08/05 13:41:10 weather update count: 900
2025/08/05 13:41:10 StationSystem update time: 10.124µs
2025/08/05 13:41:10 SatelliteSystem update...
2025/08/05 13:41:10 satellite count: 500
2025/08/05 13:41:10 SatelliteSystem update time: 1.994542ms
2025/08/05 13:41:10 TopoSystem update...
2025/08/05 13:41:10 TopoSystem: Link count: 450000
2025/08/05 13:41:10 TopoSystem update time: 11.84903ms
2025/08/05 13:41:10 AttenuationSystem update...
2025/08/05 13:41:10 AttenuationSystem parallel flag: 0
2025/08/05 13:41:10 Attenuation computed count: 450000
2025/08/05 13:41:10 AttenuationSystem update time: 153.354194ms
2025/08/05 13:41:10 Run 2 complete
2025/08/05 13:41:10 StationSystem update...
2025/08/05 13:41:10 weather update count: 900
2025/08/05 13:41:10 StationSystem update time: 9.384µs
2025/08/05 13:41:10 SatelliteSystem update...
2025/08/05 13:41:10 satellite count: 500
2025/08/05 13:41:10 SatelliteSystem update time: 1.966473ms
2025/08/05 13:41:10 TopoSystem update...
2025/08/05 13:41:10 TopoSystem: Link count: 450000
2025/08/05 13:41:10 TopoSystem update time: 10.394362ms
2025/08/05 13:41:10 AttenuationSystem update...
2025/08/05 13:41:10 AttenuationSystem parallel flag: 0
2025/08/05 13:41:10 Attenuation computed count: 450000
2025/08/05 13:41:10 AttenuationSystem update time: 159.576574ms
2025/08/05 13:41:10 Run 3 complete
2025/08/05 13:41:10 StationSystem update...
2025/08/05 13:41:10 weather update count: 900
2025/08/05 13:41:10 StationSystem update time: 9.133µs
2025/08/05 13:41:10 SatelliteSystem update...
2025/08/05 13:41:10 satellite count: 500
2025/08/05 13:41:10 SatelliteSystem update time: 4.835584ms
2025/08/05 13:41:10 TopoSystem update...
2025/08/05 13:41:10 TopoSystem: Link count: 450000
2025/08/05 13:41:10 TopoSystem update time: 11.004668ms
2025/08/05 13:41:10 AttenuationSystem update...
2025/08/05 13:41:10 AttenuationSystem parallel flag: 0
2025/08/05 13:41:10 Attenuation computed count: 450000
2025/08/05 13:41:10 AttenuationSystem update time: 174.052643ms
2025/08/05 13:41:10 Run 4 complete
2025/08/05 13:41:10 StationSystem update...
2025/08/05 13:41:10 weather update count: 900
2025/08/05 13:41:10 StationSystem update time: 9.282µs
2025/08/05 13:41:10 SatelliteSystem update...
2025/08/05 13:41:10 satellite count: 500
2025/08/05 13:41:10 SatelliteSystem update time: 4.439722ms
2025/08/05 13:41:10 TopoSystem update...
2025/08/05 13:41:10 TopoSystem: Link count: 450000
2025/08/05 13:41:10 TopoSystem update time: 11.023067ms
2025/08/05 13:41:10 AttenuationSystem update...
2025/08/05 13:41:10 AttenuationSystem parallel flag: 0
2025/08/05 13:41:10 Attenuation computed count: 450000
2025/08/05 13:41:10 AttenuationSystem update time: 159.726745ms
2025/08/05 13:41:10 Run 5 complete
2025/08/05 13:41:10 StationSystem update...
2025/08/05 13:41:10 weather update count: 900
2025/08/05 13:41:10 StationSystem update time: 11.936µs
2025/08/05 13:41:10 SatelliteSystem update...
2025/08/05 13:41:10 satellite count: 500
2025/08/05 13:41:10 SatelliteSystem update time: 1.947913ms
2025/08/05 13:41:10 TopoSystem update...
2025/08/05 13:41:10 TopoSystem: Link count: 450000
2025/08/05 13:41:10 TopoSystem update time: 18.092296ms
2025/08/05 13:41:10 AttenuationSystem update...
2025/08/05 13:41:10 AttenuationSystem parallel flag: 0
2025/08/05 13:41:11 Attenuation computed count: 450000
2025/08/05 13:41:11 AttenuationSystem update time: 169.562701ms
2025/08/05 13:41:11 Run 6 complete
2025/08/05 13:41:11 StationSystem update...
2025/08/05 13:41:11 weather update count: 900
2025/08/05 13:41:11 StationSystem update time: 8.633µs
2025/08/05 13:41:11 SatelliteSystem update...
2025/08/05 13:41:11 satellite count: 500
2025/08/05 13:41:11 SatelliteSystem update time: 1.952605ms
2025/08/05 13:41:11 TopoSystem update...
2025/08/05 13:41:11 TopoSystem: Link count: 450000
2025/08/05 13:41:11 TopoSystem update time: 10.201185ms
2025/08/05 13:41:11 AttenuationSystem update...
2025/08/05 13:41:11 AttenuationSystem parallel flag: 0
2025/08/05 13:41:11 Attenuation computed count: 450000
2025/08/05 13:41:11 AttenuationSystem update time: 160.373005ms
2025/08/05 13:41:11 Run 7 complete
2025/08/05 13:41:11 StationSystem update...
2025/08/05 13:41:11 weather update count: 900
2025/08/05 13:41:11 StationSystem update time: 11.233µs
2025/08/05 13:41:11 SatelliteSystem update...
2025/08/05 13:41:11 satellite count: 500
2025/08/05 13:41:11 SatelliteSystem update time: 1.953688ms
2025/08/05 13:41:11 TopoSystem update...
2025/08/05 13:41:11 TopoSystem: Link count: 450000
2025/08/05 13:41:11 TopoSystem update time: 9.48169ms
2025/08/05 13:41:11 AttenuationSystem update...
2025/08/05 13:41:11 AttenuationSystem parallel flag: 0
2025/08/05 13:41:11 Attenuation computed count: 450000
2025/08/05 13:41:11 AttenuationSystem update time: 163.284378ms
2025/08/05 13:41:11 Run 8 complete
2025/08/05 13:41:11 StationSystem update...
2025/08/05 13:41:11 weather update count: 900
2025/08/05 13:41:11 StationSystem update time: 9.036µs
2025/08/05 13:41:11 SatelliteSystem update...
2025/08/05 13:41:11 satellite count: 500
2025/08/05 13:41:11 SatelliteSystem update time: 1.936659ms
2025/08/05 13:41:11 TopoSystem update...
2025/08/05 13:41:11 TopoSystem: Link count: 450000
2025/08/05 13:41:11 TopoSystem update time: 18.59083ms
2025/08/05 13:41:11 AttenuationSystem update...
2025/08/05 13:41:11 AttenuationSystem parallel flag: 0
2025/08/05 13:41:11 Attenuation computed count: 450000
2025/08/05 13:41:11 AttenuationSystem update time: 187.597797ms
2025/08/05 13:41:11 Run 9 complete
2025/08/05 13:41:11 StationSystem update...
2025/08/05 13:41:11 weather update count: 900
2025/08/05 13:41:11 StationSystem update time: 20.156µs
2025/08/05 13:41:11 SatelliteSystem update...
2025/08/05 13:41:11 satellite count: 500
2025/08/05 13:41:11 SatelliteSystem update time: 2.089831ms
2025/08/05 13:41:11 TopoSystem update...
2025/08/05 13:41:11 TopoSystem: Link count: 450000
2025/08/05 13:41:11 TopoSystem update time: 19.155955ms
2025/08/05 13:41:11 AttenuationSystem update...
2025/08/05 13:41:11 AttenuationSystem parallel flag: 0
2025/08/05 13:41:11 Attenuation computed count: 450000
2025/08/05 13:41:11 AttenuationSystem update time: 192.862737ms
2025/08/05 13:41:11 Run 10 complete
2025/08/05 13:41:11 Total update time:  1.823968015s
2025/08/05 13:41:11 linkCache size: 40

 Performance counter stats for './scale_ecs 900 500 10 2 8 0':

        10,997,986      cache-references                                                      
         2,382,743      cache-misses                     #   21.67% of all cache refs         

       1.830361733 seconds time elapsed

      11.682021000 seconds user
       0.071109000 seconds sys


