ECS running with 800 stations, 700 satellites, 4 numWGs and 8 numBlocks for 10 rounds in 1 parallel pattern
2025/08/05 13:08:08 StationSystem update...
2025/08/05 13:08:08 weather update count: 800
2025/08/05 13:08:08 SatelliteSystem update...
2025/08/05 13:08:08 StationSystem update time: 5.935µs
2025/08/05 13:08:08 satellite count: 700
2025/08/05 13:08:08 SatelliteSystem update time: 2.697215ms
2025/08/05 13:08:08 TopoSystem update...
2025/08/05 13:08:08 TopoSystem: Link count: 560000
2025/08/05 13:08:08 TopoSystem update time: 19.408937ms
2025/08/05 13:08:08 AttenuationSystem update...
2025/08/05 13:08:08 AttenuationSystem parallel flag: 1
2025/08/05 13:08:08 Attenuation computed count: 560000
2025/08/05 13:08:08 AttenuationSystem update time: 326.594683ms
2025/08/05 13:08:08 Run 1 complete
2025/08/05 13:08:08 StationSystem update...
2025/08/05 13:08:08 weather update count: 800
2025/08/05 13:08:08 StationSystem update time: 5.208µs
2025/08/05 13:08:08 SatelliteSystem update...
2025/08/05 13:08:08 satellite count: 700
2025/08/05 13:08:08 SatelliteSystem update time: 2.707991ms
2025/08/05 13:08:08 TopoSystem update...
2025/08/05 13:08:08 TopoSystem: Link count: 560000
2025/08/05 13:08:08 TopoSystem update time: 16.719516ms
2025/08/05 13:08:08 AttenuationSystem update...
2025/08/05 13:08:08 AttenuationSystem parallel flag: 1
2025/08/05 13:08:08 Attenuation computed count: 560000
2025/08/05 13:08:08 AttenuationSystem update time: 347.37217ms
2025/08/05 13:08:08 Run 2 complete
2025/08/05 13:08:08 StationSystem update...
2025/08/05 13:08:08 weather update count: 800
2025/08/05 13:08:08 StationSystem update time: 4.747µs
2025/08/05 13:08:08 SatelliteSystem update...
2025/08/05 13:08:08 satellite count: 700
2025/08/05 13:08:08 SatelliteSystem update time: 2.692849ms
2025/08/05 13:08:08 TopoSystem update...
2025/08/05 13:08:08 TopoSystem: Link count: 560000
2025/08/05 13:08:08 TopoSystem update time: 9.380464ms
2025/08/05 13:08:08 AttenuationSystem update...
2025/08/05 13:08:08 AttenuationSystem parallel flag: 1
2025/08/05 13:08:09 Attenuation computed count: 560000
2025/08/05 13:08:09 AttenuationSystem update time: 355.08653ms
2025/08/05 13:08:09 Run 3 complete
2025/08/05 13:08:09 StationSystem update...
2025/08/05 13:08:09 weather update count: 800
2025/08/05 13:08:09 StationSystem update time: 4.491µs
2025/08/05 13:08:09 SatelliteSystem update...
2025/08/05 13:08:09 satellite count: 700
2025/08/05 13:08:09 SatelliteSystem update time: 2.685601ms
2025/08/05 13:08:09 TopoSystem update...
2025/08/05 13:08:09 TopoSystem: Link count: 560000
2025/08/05 13:08:09 TopoSystem update time: 9.179795ms
2025/08/05 13:08:09 AttenuationSystem update...
2025/08/05 13:08:09 AttenuationSystem parallel flag: 1
2025/08/05 13:08:09 Attenuation computed count: 560000
2025/08/05 13:08:09 AttenuationSystem update time: 348.055339ms
2025/08/05 13:08:09 Run 4 complete
2025/08/05 13:08:09 StationSystem update...
2025/08/05 13:08:09 weather update count: 800
2025/08/05 13:08:09 StationSystem update time: 4.728µs
2025/08/05 13:08:09 SatelliteSystem update...
2025/08/05 13:08:09 satellite count: 700
2025/08/05 13:08:09 SatelliteSystem update time: 2.695082ms
2025/08/05 13:08:09 TopoSystem update...
2025/08/05 13:08:09 TopoSystem: Link count: 560000
2025/08/05 13:08:09 TopoSystem update time: 10.248435ms
2025/08/05 13:08:09 AttenuationSystem update...
2025/08/05 13:08:09 AttenuationSystem parallel flag: 1
2025/08/05 13:08:10 Attenuation computed count: 560000
2025/08/05 13:08:10 AttenuationSystem update time: 354.17518ms
2025/08/05 13:08:10 Run 5 complete
2025/08/05 13:08:10 StationSystem update...
2025/08/05 13:08:10 weather update count: 800
2025/08/05 13:08:10 StationSystem update time: 9.401µs
2025/08/05 13:08:10 SatelliteSystem update...
2025/08/05 13:08:10 satellite count: 700
2025/08/05 13:08:10 SatelliteSystem update time: 2.89545ms
2025/08/05 13:08:10 TopoSystem update...
2025/08/05 13:08:10 TopoSystem: Link count: 560000
2025/08/05 13:08:10 TopoSystem update time: 19.693076ms
2025/08/05 13:08:10 AttenuationSystem update...
2025/08/05 13:08:10 AttenuationSystem parallel flag: 1
2025/08/05 13:08:10 Attenuation computed count: 560000
2025/08/05 13:08:10 AttenuationSystem update time: 348.393962ms
2025/08/05 13:08:10 Run 6 complete
2025/08/05 13:08:10 StationSystem update...
2025/08/05 13:08:10 weather update count: 800
2025/08/05 13:08:10 StationSystem update time: 6.609µs
2025/08/05 13:08:10 SatelliteSystem update...
2025/08/05 13:08:10 satellite count: 700
2025/08/05 13:08:10 SatelliteSystem update time: 2.682535ms
2025/08/05 13:08:10 TopoSystem update...
2025/08/05 13:08:10 TopoSystem: Link count: 560000
2025/08/05 13:08:10 TopoSystem update time: 14.281825ms
2025/08/05 13:08:10 AttenuationSystem update...
2025/08/05 13:08:10 AttenuationSystem parallel flag: 1
2025/08/05 13:08:10 Attenuation computed count: 560000
2025/08/05 13:08:10 AttenuationSystem update time: 334.539392ms
2025/08/05 13:08:10 Run 7 complete
2025/08/05 13:08:10 StationSystem update...
2025/08/05 13:08:10 weather update count: 800
2025/08/05 13:08:10 StationSystem update time: 5.106µs
2025/08/05 13:08:10 SatelliteSystem update...
2025/08/05 13:08:10 satellite count: 700
2025/08/05 13:08:10 SatelliteSystem update time: 2.69073ms
2025/08/05 13:08:10 TopoSystem update...
2025/08/05 13:08:10 TopoSystem: Link count: 560000
2025/08/05 13:08:10 TopoSystem update time: 10.026559ms
2025/08/05 13:08:10 AttenuationSystem update...
2025/08/05 13:08:10 AttenuationSystem parallel flag: 1
2025/08/05 13:08:11 Attenuation computed count: 560000
2025/08/05 13:08:11 AttenuationSystem update time: 332.007647ms
2025/08/05 13:08:11 Run 8 complete
2025/08/05 13:08:11 StationSystem update...
2025/08/05 13:08:11 weather update count: 800
2025/08/05 13:08:11 StationSystem update time: 5.861µs
2025/08/05 13:08:11 SatelliteSystem update...
2025/08/05 13:08:11 satellite count: 700
2025/08/05 13:08:11 SatelliteSystem update time: 2.687182ms
2025/08/05 13:08:11 TopoSystem update...
2025/08/05 13:08:11 TopoSystem: Link count: 560000
2025/08/05 13:08:11 TopoSystem update time: 9.50954ms
2025/08/05 13:08:11 AttenuationSystem update...
2025/08/05 13:08:11 AttenuationSystem parallel flag: 1
2025/08/05 13:08:11 Attenuation computed count: 560000
2025/08/05 13:08:11 AttenuationSystem update time: 357.716554ms
2025/08/05 13:08:11 Run 9 complete
2025/08/05 13:08:11 StationSystem update...
2025/08/05 13:08:11 weather update count: 800
2025/08/05 13:08:11 StationSystem update time: 5.527µs
2025/08/05 13:08:11 SatelliteSystem update...
2025/08/05 13:08:11 satellite count: 700
2025/08/05 13:08:11 SatelliteSystem update time: 2.680384ms
2025/08/05 13:08:11 TopoSystem update...
2025/08/05 13:08:11 TopoSystem: Link count: 560000
2025/08/05 13:08:11 TopoSystem update time: 9.045499ms
2025/08/05 13:08:11 AttenuationSystem update...
2025/08/05 13:08:11 AttenuationSystem parallel flag: 1
2025/08/05 13:08:11 Attenuation computed count: 560000
2025/08/05 13:08:11 AttenuationSystem update time: 337.456636ms
2025/08/05 13:08:11 Run 10 complete
2025/08/05 13:08:11 Total update time:  3.602608833s
2025/08/05 13:08:11 linkCache size: 40

 Performance counter stats for './scale_ecs 800 700 10 4 8 1':

        13,242,896      cache-references                                                      
         3,327,090      cache-misses                     #   25.12% of all cache refs         

       3.612890370 seconds time elapsed

      13.127869000 seconds user
       0.080888000 seconds sys


