ECS running with 900 stations, 800 satellites, 2 numWGs and 8 numBlocks for 10 rounds in 0 parallel pattern
2025/08/05 13:45:17 StationSystem update...
2025/08/05 13:45:17 weather update count: 900
2025/08/05 13:45:17 StationSystem update time: 8.234µs
2025/08/05 13:45:17 SatelliteSystem update...
2025/08/05 13:45:17 satellite count: 800
2025/08/05 13:45:17 SatelliteSystem update time: 3.112096ms
2025/08/05 13:45:17 TopoSystem update...
2025/08/05 13:45:17 TopoSystem: Link count: 720000
2025/08/05 13:45:17 TopoSystem update time: 28.350878ms
2025/08/05 13:45:17 AttenuationSystem update...
2025/08/05 13:45:17 AttenuationSystem parallel flag: 0
2025/08/05 13:45:17 Attenuation computed count: 720000
2025/08/05 13:45:17 AttenuationSystem update time: 207.686609ms
2025/08/05 13:45:17 Run 1 complete
2025/08/05 13:45:17 StationSystem update...
2025/08/05 13:45:17 weather update count: 900
2025/08/05 13:45:17 StationSystem update time: 10.141µs
2025/08/05 13:45:17 SatelliteSystem update...
2025/08/05 13:45:17 satellite count: 800
2025/08/05 13:45:17 SatelliteSystem update time: 3.142393ms
2025/08/05 13:45:17 TopoSystem update...
2025/08/05 13:45:17 TopoSystem: Link count: 720000
2025/08/05 13:45:17 TopoSystem update time: 24.089375ms
2025/08/05 13:45:17 AttenuationSystem update...
2025/08/05 13:45:17 AttenuationSystem parallel flag: 0
2025/08/05 13:45:18 Attenuation computed count: 720000
2025/08/05 13:45:18 AttenuationSystem update time: 218.30093ms
2025/08/05 13:45:18 Run 2 complete
2025/08/05 13:45:18 StationSystem update...
2025/08/05 13:45:18 weather update count: 900
2025/08/05 13:45:18 StationSystem update time: 12.325µs
2025/08/05 13:45:18 SatelliteSystem update...
2025/08/05 13:45:18 satellite count: 800
2025/08/05 13:45:18 SatelliteSystem update time: 3.106906ms
2025/08/05 13:45:18 TopoSystem update...
2025/08/05 13:45:18 TopoSystem: Link count: 720000
2025/08/05 13:45:18 TopoSystem update time: 15.062432ms
2025/08/05 13:45:18 AttenuationSystem update...
2025/08/05 13:45:18 AttenuationSystem parallel flag: 0
2025/08/05 13:45:18 Attenuation computed count: 720000
2025/08/05 13:45:18 AttenuationSystem update time: 237.002595ms
2025/08/05 13:45:18 Run 3 complete
2025/08/05 13:45:18 StationSystem update...
2025/08/05 13:45:18 weather update count: 900
2025/08/05 13:45:18 StationSystem update time: 9.482µs
2025/08/05 13:45:18 SatelliteSystem update...
2025/08/05 13:45:18 satellite count: 800
2025/08/05 13:45:18 SatelliteSystem update time: 3.111859ms
2025/08/05 13:45:18 TopoSystem update...
2025/08/05 13:45:18 TopoSystem: Link count: 720000
2025/08/05 13:45:18 TopoSystem update time: 15.084333ms
2025/08/05 13:45:18 AttenuationSystem update...
2025/08/05 13:45:18 AttenuationSystem parallel flag: 0
2025/08/05 13:45:18 Attenuation computed count: 720000
2025/08/05 13:45:18 AttenuationSystem update time: 237.7728ms
2025/08/05 13:45:18 Run 4 complete
2025/08/05 13:45:18 StationSystem update...
2025/08/05 13:45:18 weather update count: 900
2025/08/05 13:45:18 StationSystem update time: 12.208µs
2025/08/05 13:45:18 SatelliteSystem update...
2025/08/05 13:45:18 satellite count: 800
2025/08/05 13:45:18 SatelliteSystem update time: 3.239602ms
2025/08/05 13:45:18 TopoSystem update...
2025/08/05 13:45:18 TopoSystem: Link count: 720000
2025/08/05 13:45:18 TopoSystem update time: 15.578165ms
2025/08/05 13:45:18 AttenuationSystem update...
2025/08/05 13:45:18 AttenuationSystem parallel flag: 0
2025/08/05 13:45:18 Attenuation computed count: 720000
2025/08/05 13:45:18 AttenuationSystem update time: 232.546735ms
2025/08/05 13:45:18 Run 5 complete
2025/08/05 13:45:18 StationSystem update...
2025/08/05 13:45:18 weather update count: 900
2025/08/05 13:45:18 StationSystem update time: 21.834µs
2025/08/05 13:45:18 SatelliteSystem update...
2025/08/05 13:45:18 satellite count: 800
2025/08/05 13:45:18 SatelliteSystem update time: 3.877398ms
2025/08/05 13:45:18 TopoSystem update...
2025/08/05 13:45:19 TopoSystem: Link count: 720000
2025/08/05 13:45:19 TopoSystem update time: 58.091626ms
2025/08/05 13:45:19 AttenuationSystem update...
2025/08/05 13:45:19 AttenuationSystem parallel flag: 0
2025/08/05 13:45:19 Attenuation computed count: 720000
2025/08/05 13:45:19 AttenuationSystem update time: 218.080562ms
2025/08/05 13:45:19 Run 6 complete
2025/08/05 13:45:19 StationSystem update...
2025/08/05 13:45:19 weather update count: 900
2025/08/05 13:45:19 StationSystem update time: 12.056µs
2025/08/05 13:45:19 SatelliteSystem update...
2025/08/05 13:45:19 satellite count: 800
2025/08/05 13:45:19 SatelliteSystem update time: 3.090247ms
2025/08/05 13:45:19 TopoSystem update...
2025/08/05 13:45:19 TopoSystem: Link count: 720000
2025/08/05 13:45:19 TopoSystem update time: 38.740476ms
2025/08/05 13:45:19 AttenuationSystem update...
2025/08/05 13:45:19 AttenuationSystem parallel flag: 0
2025/08/05 13:45:19 Attenuation computed count: 720000
2025/08/05 13:45:19 AttenuationSystem update time: 229.795593ms
2025/08/05 13:45:19 Run 7 complete
2025/08/05 13:45:19 StationSystem update...
2025/08/05 13:45:19 weather update count: 900
2025/08/05 13:45:19 StationSystem update time: 10.047µs
2025/08/05 13:45:19 SatelliteSystem update...
2025/08/05 13:45:19 satellite count: 800
2025/08/05 13:45:19 SatelliteSystem update time: 3.089587ms
2025/08/05 13:45:19 TopoSystem update...
2025/08/05 13:45:19 TopoSystem: Link count: 720000
2025/08/05 13:45:19 TopoSystem update time: 13.669546ms
2025/08/05 13:45:19 AttenuationSystem update...
2025/08/05 13:45:19 AttenuationSystem parallel flag: 0
2025/08/05 13:45:19 Attenuation computed count: 720000
2025/08/05 13:45:19 AttenuationSystem update time: 237.621406ms
2025/08/05 13:45:19 Run 8 complete
2025/08/05 13:45:19 StationSystem update...
2025/08/05 13:45:19 weather update count: 900
2025/08/05 13:45:19 StationSystem update time: 10.693µs
2025/08/05 13:45:19 SatelliteSystem update...
2025/08/05 13:45:19 satellite count: 800
2025/08/05 13:45:19 SatelliteSystem update time: 3.107218ms
2025/08/05 13:45:19 TopoSystem update...
2025/08/05 13:45:19 TopoSystem: Link count: 720000
2025/08/05 13:45:19 TopoSystem update time: 13.924045ms
2025/08/05 13:45:19 AttenuationSystem update...
2025/08/05 13:45:19 AttenuationSystem parallel flag: 0
2025/08/05 13:45:20 Attenuation computed count: 720000
2025/08/05 13:45:20 AttenuationSystem update time: 253.78751ms
2025/08/05 13:45:20 Run 9 complete
2025/08/05 13:45:20 StationSystem update...
2025/08/05 13:45:20 weather update count: 900
2025/08/05 13:45:20 StationSystem update time: 10.195µs
2025/08/05 13:45:20 SatelliteSystem update...
2025/08/05 13:45:20 satellite count: 800
2025/08/05 13:45:20 SatelliteSystem update time: 3.33455ms
2025/08/05 13:45:20 TopoSystem update...
2025/08/05 13:45:20 TopoSystem: Link count: 720000
2025/08/05 13:45:20 TopoSystem update time: 14.102448ms
2025/08/05 13:45:20 AttenuationSystem update...
2025/08/05 13:45:20 AttenuationSystem parallel flag: 0
2025/08/05 13:45:20 Attenuation computed count: 720000
2025/08/05 13:45:20 AttenuationSystem update time: 240.892222ms
2025/08/05 13:45:20 Run 10 complete
2025/08/05 13:45:20 Total update time:  2.592771031s
2025/08/05 13:45:20 linkCache size: 40

 Performance counter stats for './scale_ecs 900 800 10 2 8 0':

        17,182,029      cache-references                                                      
         4,116,438      cache-misses                     #   23.96% of all cache refs         

       2.603805174 seconds time elapsed

      17.351588000 seconds user
       0.152005000 seconds sys


