ECS running with 600 stations, 700 satellites, 8 numWGs and 8 numBlocks for 10 rounds in 1 parallel pattern
2025/08/05 12:10:28 StationSystem update...
2025/08/05 12:10:28 weather update count: 600
2025/08/05 12:10:28 StationSystem update time: 5.104µs
2025/08/05 12:10:28 SatelliteSystem update...
2025/08/05 12:10:28 satellite count: 700
2025/08/05 12:10:28 SatelliteSystem update time: 2.659728ms
2025/08/05 12:10:28 TopoSystem update...
2025/08/05 12:10:28 TopoSystem: Link count: 420000
2025/08/05 12:10:28 TopoSystem update time: 14.003967ms
2025/08/05 12:10:28 AttenuationSystem update...
2025/08/05 12:10:28 AttenuationSystem parallel flag: 1
2025/08/05 12:10:28 Attenuation computed count: 420000
2025/08/05 12:10:28 AttenuationSystem update time: 144.0405ms
2025/08/05 12:10:28 Run 1 complete
2025/08/05 12:10:28 StationSystem update...
2025/08/05 12:10:28 weather update count: 600
2025/08/05 12:10:28 StationSystem update time: 6.184µs
2025/08/05 12:10:28 SatelliteSystem update...
2025/08/05 12:10:28 satellite count: 700
2025/08/05 12:10:28 SatelliteSystem update time: 2.693162ms
2025/08/05 12:10:28 TopoSystem update...
2025/08/05 12:10:28 TopoSystem: Link count: 420000
2025/08/05 12:10:28 TopoSystem update time: 11.310893ms
2025/08/05 12:10:28 AttenuationSystem update...
2025/08/05 12:10:28 AttenuationSystem parallel flag: 1
2025/08/05 12:10:28 Attenuation computed count: 420000
2025/08/05 12:10:28 AttenuationSystem update time: 147.445425ms
2025/08/05 12:10:28 Run 2 complete
2025/08/05 12:10:28 StationSystem update...
2025/08/05 12:10:28 weather update count: 600
2025/08/05 12:10:28 StationSystem update time: 4.745µs
2025/08/05 12:10:28 SatelliteSystem update...
2025/08/05 12:10:28 satellite count: 700
2025/08/05 12:10:28 SatelliteSystem update time: 2.70286ms
2025/08/05 12:10:28 TopoSystem update...
2025/08/05 12:10:28 TopoSystem: Link count: 420000
2025/08/05 12:10:28 TopoSystem update time: 7.336004ms
2025/08/05 12:10:28 AttenuationSystem update...
2025/08/05 12:10:28 AttenuationSystem parallel flag: 1
2025/08/05 12:10:29 Attenuation computed count: 420000
2025/08/05 12:10:29 AttenuationSystem update time: 144.032708ms
2025/08/05 12:10:29 Run 3 complete
2025/08/05 12:10:29 StationSystem update...
2025/08/05 12:10:29 weather update count: 600
2025/08/05 12:10:29 StationSystem update time: 4.419µs
2025/08/05 12:10:29 SatelliteSystem update...
2025/08/05 12:10:29 satellite count: 700
2025/08/05 12:10:29 SatelliteSystem update time: 2.678852ms
2025/08/05 12:10:29 TopoSystem update...
2025/08/05 12:10:29 TopoSystem: Link count: 420000
2025/08/05 12:10:29 TopoSystem update time: 9.259313ms
2025/08/05 12:10:29 AttenuationSystem update...
2025/08/05 12:10:29 AttenuationSystem parallel flag: 1
2025/08/05 12:10:29 Attenuation computed count: 420000
2025/08/05 12:10:29 AttenuationSystem update time: 133.016823ms
2025/08/05 12:10:29 Run 4 complete
2025/08/05 12:10:29 StationSystem update...
2025/08/05 12:10:29 weather update count: 600
2025/08/05 12:10:29 StationSystem update time: 4.577µs
2025/08/05 12:10:29 SatelliteSystem update...
2025/08/05 12:10:29 satellite count: 700
2025/08/05 12:10:29 SatelliteSystem update time: 2.677718ms
2025/08/05 12:10:29 TopoSystem update...
2025/08/05 12:10:29 TopoSystem: Link count: 420000
2025/08/05 12:10:29 TopoSystem update time: 9.200561ms
2025/08/05 12:10:29 AttenuationSystem update...
2025/08/05 12:10:29 AttenuationSystem parallel flag: 1
2025/08/05 12:10:29 Attenuation computed count: 420000
2025/08/05 12:10:29 AttenuationSystem update time: 169.477292ms
2025/08/05 12:10:29 Run 5 complete
2025/08/05 12:10:29 StationSystem update...
2025/08/05 12:10:29 weather update count: 600
2025/08/05 12:10:29 StationSystem update time: 4.088µs
2025/08/05 12:10:29 SatelliteSystem update...
2025/08/05 12:10:29 satellite count: 700
2025/08/05 12:10:29 SatelliteSystem update time: 2.679283ms
2025/08/05 12:10:29 TopoSystem update...
2025/08/05 12:10:29 TopoSystem: Link count: 420000
2025/08/05 12:10:29 TopoSystem update time: 6.488112ms
2025/08/05 12:10:29 AttenuationSystem update...
2025/08/05 12:10:29 AttenuationSystem parallel flag: 1
2025/08/05 12:10:29 Attenuation computed count: 420000
2025/08/05 12:10:29 AttenuationSystem update time: 164.359202ms
2025/08/05 12:10:29 Run 6 complete
2025/08/05 12:10:29 StationSystem update...
2025/08/05 12:10:29 weather update count: 600
2025/08/05 12:10:29 StationSystem update time: 4.18µs
2025/08/05 12:10:29 SatelliteSystem update...
2025/08/05 12:10:29 satellite count: 700
2025/08/05 12:10:29 SatelliteSystem update time: 2.666412ms
2025/08/05 12:10:29 TopoSystem update...
2025/08/05 12:10:29 TopoSystem: Link count: 420000
2025/08/05 12:10:29 TopoSystem update time: 11.237709ms
2025/08/05 12:10:29 AttenuationSystem update...
2025/08/05 12:10:29 AttenuationSystem parallel flag: 1
2025/08/05 12:10:29 Attenuation computed count: 420000
2025/08/05 12:10:29 AttenuationSystem update time: 163.262362ms
2025/08/05 12:10:29 Run 7 complete
2025/08/05 12:10:29 StationSystem update...
2025/08/05 12:10:29 weather update count: 600
2025/08/05 12:10:29 StationSystem update time: 4.453µs
2025/08/05 12:10:29 SatelliteSystem update...
2025/08/05 12:10:29 satellite count: 700
2025/08/05 12:10:29 SatelliteSystem update time: 2.660604ms
2025/08/05 12:10:29 TopoSystem update...
2025/08/05 12:10:29 TopoSystem: Link count: 420000
2025/08/05 12:10:29 TopoSystem update time: 6.400806ms
2025/08/05 12:10:29 AttenuationSystem update...
2025/08/05 12:10:29 AttenuationSystem parallel flag: 1
2025/08/05 12:10:29 Attenuation computed count: 420000
2025/08/05 12:10:29 AttenuationSystem update time: 144.792555ms
2025/08/05 12:10:29 Run 8 complete
2025/08/05 12:10:29 StationSystem update...
2025/08/05 12:10:29 weather update count: 600
2025/08/05 12:10:29 StationSystem update time: 3.792µs
2025/08/05 12:10:29 SatelliteSystem update...
2025/08/05 12:10:29 satellite count: 700
2025/08/05 12:10:29 SatelliteSystem update time: 2.668936ms
2025/08/05 12:10:29 TopoSystem update...
2025/08/05 12:10:29 TopoSystem: Link count: 420000
2025/08/05 12:10:29 TopoSystem update time: 8.908853ms
2025/08/05 12:10:29 AttenuationSystem update...
2025/08/05 12:10:29 AttenuationSystem parallel flag: 1
2025/08/05 12:10:30 Attenuation computed count: 420000
2025/08/05 12:10:30 AttenuationSystem update time: 190.174651ms
2025/08/05 12:10:30 Run 9 complete
2025/08/05 12:10:30 StationSystem update...
2025/08/05 12:10:30 weather update count: 600
2025/08/05 12:10:30 StationSystem update time: 4.21µs
2025/08/05 12:10:30 SatelliteSystem update...
2025/08/05 12:10:30 satellite count: 700
2025/08/05 12:10:30 SatelliteSystem update time: 2.66492ms
2025/08/05 12:10:30 TopoSystem update...
2025/08/05 12:10:30 TopoSystem: Link count: 420000
2025/08/05 12:10:30 TopoSystem update time: 8.98163ms
2025/08/05 12:10:30 AttenuationSystem update...
2025/08/05 12:10:30 AttenuationSystem parallel flag: 1
2025/08/05 12:10:30 Attenuation computed count: 420000
2025/08/05 12:10:30 AttenuationSystem update time: 168.769246ms
2025/08/05 12:10:30 Run 10 complete
2025/08/05 12:10:30 Total update time:  1.695389056s
2025/08/05 12:10:30 linkCache size: 40

 Performance counter stats for './scale_ecs 600 700 10 8 8 1':

         9,580,496      cache-references                                                      
         1,888,633      cache-misses                     #   19.71% of all cache refs         

       1.700499363 seconds time elapsed

      10.238448000 seconds user
       0.063225000 seconds sys


