ECS running with 500 stations, 1500 satellites, 2 numWGs and 8 numBlocks for 10 rounds in 1 parallel pattern
2025/08/05 11:56:56 StationSystem update...
2025/08/05 11:56:56 weather update count: 500
2025/08/05 11:56:56 StationSystem update time: 4.983µs
2025/08/05 11:56:56 SatelliteSystem update...
2025/08/05 11:56:56 satellite count: 1500
2025/08/05 11:56:56 SatelliteSystem update time: 5.683753ms
2025/08/05 11:56:56 TopoSystem update...
2025/08/05 11:56:56 TopoSystem: Link count: 750000
2025/08/05 11:56:56 TopoSystem update time: 24.045172ms
2025/08/05 11:56:56 AttenuationSystem update...
2025/08/05 11:56:56 AttenuationSystem parallel flag: 1
2025/08/05 11:56:57 Attenuation computed count: 750000
2025/08/05 11:56:57 AttenuationSystem update time: 864.960477ms
2025/08/05 11:56:57 Run 1 complete
2025/08/05 11:56:57 StationSystem update...
2025/08/05 11:56:57 weather update count: 500
2025/08/05 11:56:57 StationSystem update time: 3.59µs
2025/08/05 11:56:57 SatelliteSystem update...
2025/08/05 11:56:57 satellite count: 1500
2025/08/05 11:56:57 SatelliteSystem update time: 4.28541ms
2025/08/05 11:56:57 TopoSystem update...
2025/08/05 11:56:57 TopoSystem: Link count: 750000
2025/08/05 11:56:57 TopoSystem update time: 16.28389ms
2025/08/05 11:56:57 AttenuationSystem update...
2025/08/05 11:56:57 AttenuationSystem parallel flag: 1
2025/08/05 11:56:57 Attenuation computed count: 750000
2025/08/05 11:56:57 AttenuationSystem update time: 878.818652ms
2025/08/05 11:56:57 Run 2 complete
2025/08/05 11:56:57 StationSystem update...
2025/08/05 11:56:57 weather update count: 500
2025/08/05 11:56:57 StationSystem update time: 4.493µs
2025/08/05 11:56:57 SatelliteSystem update...
2025/08/05 11:56:57 satellite count: 1500
2025/08/05 11:56:57 SatelliteSystem update time: 4.26285ms
2025/08/05 11:56:57 TopoSystem update...
2025/08/05 11:56:58 TopoSystem: Link count: 750000
2025/08/05 11:56:58 TopoSystem update time: 21.583598ms
2025/08/05 11:56:58 AttenuationSystem update...
2025/08/05 11:56:58 AttenuationSystem parallel flag: 1
2025/08/05 11:56:58 Attenuation computed count: 750000
2025/08/05 11:56:58 AttenuationSystem update time: 846.264925ms
2025/08/05 11:56:58 Run 3 complete
2025/08/05 11:56:58 StationSystem update...
2025/08/05 11:56:58 weather update count: 500
2025/08/05 11:56:58 StationSystem update time: 8.01µs
2025/08/05 11:56:58 SatelliteSystem update...
2025/08/05 11:56:58 satellite count: 1500
2025/08/05 11:56:58 SatelliteSystem update time: 5.491852ms
2025/08/05 11:56:58 TopoSystem update...
2025/08/05 11:56:58 TopoSystem: Link count: 750000
2025/08/05 11:56:58 TopoSystem update time: 27.197421ms
2025/08/05 11:56:58 AttenuationSystem update...
2025/08/05 11:56:58 AttenuationSystem parallel flag: 1
2025/08/05 11:56:59 Attenuation computed count: 750000
2025/08/05 11:56:59 AttenuationSystem update time: 893.694908ms
2025/08/05 11:56:59 Run 4 complete
2025/08/05 11:56:59 StationSystem update...
2025/08/05 11:56:59 weather update count: 500
2025/08/05 11:56:59 StationSystem update time: 2.497µs
2025/08/05 11:56:59 SatelliteSystem update...
2025/08/05 11:56:59 satellite count: 1500
2025/08/05 11:56:59 SatelliteSystem update time: 5.702331ms
2025/08/05 11:56:59 TopoSystem update...
2025/08/05 11:56:59 TopoSystem: Link count: 750000
2025/08/05 11:56:59 TopoSystem update time: 20.130771ms
2025/08/05 11:56:59 AttenuationSystem update...
2025/08/05 11:56:59 AttenuationSystem parallel flag: 1
2025/08/05 11:57:00 Attenuation computed count: 750000
2025/08/05 11:57:00 AttenuationSystem update time: 843.171192ms
2025/08/05 11:57:00 Run 5 complete
2025/08/05 11:57:00 StationSystem update...
2025/08/05 11:57:00 weather update count: 500
2025/08/05 11:57:00 StationSystem update time: 2.877µs
2025/08/05 11:57:00 SatelliteSystem update...
2025/08/05 11:57:00 satellite count: 1500
2025/08/05 11:57:00 SatelliteSystem update time: 4.227034ms
2025/08/05 11:57:00 TopoSystem update...
2025/08/05 11:57:00 TopoSystem: Link count: 750000
2025/08/05 11:57:00 TopoSystem update time: 9.746453ms
2025/08/05 11:57:00 AttenuationSystem update...
2025/08/05 11:57:00 AttenuationSystem parallel flag: 1
2025/08/05 11:57:01 Attenuation computed count: 750000
2025/08/05 11:57:01 AttenuationSystem update time: 858.594572ms
2025/08/05 11:57:01 Run 6 complete
2025/08/05 11:57:01 StationSystem update...
2025/08/05 11:57:01 weather update count: 500
2025/08/05 11:57:01 StationSystem update time: 4.331µs
2025/08/05 11:57:01 SatelliteSystem update...
2025/08/05 11:57:01 satellite count: 1500
2025/08/05 11:57:01 SatelliteSystem update time: 5.702553ms
2025/08/05 11:57:01 TopoSystem update...
2025/08/05 11:57:01 TopoSystem: Link count: 750000
2025/08/05 11:57:01 TopoSystem update time: 15.538757ms
2025/08/05 11:57:01 AttenuationSystem update...
2025/08/05 11:57:01 AttenuationSystem parallel flag: 1
2025/08/05 11:57:02 Attenuation computed count: 750000
2025/08/05 11:57:02 AttenuationSystem update time: 859.439939ms
2025/08/05 11:57:02 Run 7 complete
2025/08/05 11:57:02 StationSystem update...
2025/08/05 11:57:02 weather update count: 500
2025/08/05 11:57:02 StationSystem update time: 3.202µs
2025/08/05 11:57:02 SatelliteSystem update...
2025/08/05 11:57:02 satellite count: 1500
2025/08/05 11:57:02 SatelliteSystem update time: 4.234595ms
2025/08/05 11:57:02 TopoSystem update...
2025/08/05 11:57:02 TopoSystem: Link count: 750000
2025/08/05 11:57:02 TopoSystem update time: 10.907265ms
2025/08/05 11:57:02 AttenuationSystem update...
2025/08/05 11:57:02 AttenuationSystem parallel flag: 1
2025/08/05 11:57:03 Attenuation computed count: 750000
2025/08/05 11:57:03 AttenuationSystem update time: 876.951052ms
2025/08/05 11:57:03 Run 8 complete
2025/08/05 11:57:03 StationSystem update...
2025/08/05 11:57:03 weather update count: 500
2025/08/05 11:57:03 StationSystem update time: 4.577µs
2025/08/05 11:57:03 SatelliteSystem update...
2025/08/05 11:57:03 satellite count: 1500
2025/08/05 11:57:03 SatelliteSystem update time: 5.702763ms
2025/08/05 11:57:03 TopoSystem update...
2025/08/05 11:57:03 TopoSystem: Link count: 750000
2025/08/05 11:57:03 TopoSystem update time: 15.013406ms
2025/08/05 11:57:03 AttenuationSystem update...
2025/08/05 11:57:03 AttenuationSystem parallel flag: 1
2025/08/05 11:57:04 Attenuation computed count: 750000
2025/08/05 11:57:04 AttenuationSystem update time: 839.807487ms
2025/08/05 11:57:04 Run 9 complete
2025/08/05 11:57:04 StationSystem update...
2025/08/05 11:57:04 weather update count: 500
2025/08/05 11:57:04 StationSystem update time: 6.261µs
2025/08/05 11:57:04 SatelliteSystem update...
2025/08/05 11:57:04 satellite count: 1500
2025/08/05 11:57:04 SatelliteSystem update time: 4.637551ms
2025/08/05 11:57:04 TopoSystem update...
2025/08/05 11:57:04 TopoSystem: Link count: 750000
2025/08/05 11:57:04 TopoSystem update time: 37.921738ms
2025/08/05 11:57:04 AttenuationSystem update...
2025/08/05 11:57:04 AttenuationSystem parallel flag: 1
2025/08/05 11:57:05 Attenuation computed count: 750000
2025/08/05 11:57:05 AttenuationSystem update time: 819.874623ms
2025/08/05 11:57:05 Run 10 complete
2025/08/05 11:57:05 Total update time:  8.840315464s
2025/08/05 11:57:05 linkCache size: 40

 Performance counter stats for './scale_ecs 500 1500 10 2 8 1':

        18,603,229      cache-references                                                      
         4,959,116      cache-misses                     #   26.66% of all cache refs         

       8.852501431 seconds time elapsed

      16.452020000 seconds user
       0.145194000 seconds sys


