ECS running with 900 stations, 700 satellites, 4 numWGs and 8 numBlocks for 10 rounds in 0 parallel pattern
2025/08/05 13:44:11 StationSystem update...
2025/08/05 13:44:11 weather update count: 900
2025/08/05 13:44:11 StationSystem update time: 17.675µs
2025/08/05 13:44:11 SatelliteSystem update...
2025/08/05 13:44:11 satellite count: 700
2025/08/05 13:44:11 SatelliteSystem update time: 2.743041ms
2025/08/05 13:44:11 TopoSystem update...
2025/08/05 13:44:11 TopoSystem: Link count: 630000
2025/08/05 13:44:11 TopoSystem update time: 29.473494ms
2025/08/05 13:44:11 AttenuationSystem update...
2025/08/05 13:44:11 AttenuationSystem parallel flag: 0
2025/08/05 13:44:12 Attenuation computed count: 630000
2025/08/05 13:44:12 AttenuationSystem update time: 183.701062ms
2025/08/05 13:44:12 Run 1 complete
2025/08/05 13:44:12 StationSystem update...
2025/08/05 13:44:12 weather update count: 900
2025/08/05 13:44:12 StationSystem update time: 9.076µs
2025/08/05 13:44:12 SatelliteSystem update...
2025/08/05 13:44:12 satellite count: 700
2025/08/05 13:44:12 SatelliteSystem update time: 3.504557ms
2025/08/05 13:44:12 TopoSystem update...
2025/08/05 13:44:12 TopoSystem: Link count: 630000
2025/08/05 13:44:12 TopoSystem update time: 22.758393ms
2025/08/05 13:44:12 AttenuationSystem update...
2025/08/05 13:44:12 AttenuationSystem parallel flag: 0
2025/08/05 13:44:12 Attenuation computed count: 630000
2025/08/05 13:44:12 AttenuationSystem update time: 203.388559ms
2025/08/05 13:44:12 Run 2 complete
2025/08/05 13:44:12 StationSystem update...
2025/08/05 13:44:12 weather update count: 900
2025/08/05 13:44:12 StationSystem update time: 11.757µs
2025/08/05 13:44:12 SatelliteSystem update...
2025/08/05 13:44:12 satellite count: 700
2025/08/05 13:44:12 SatelliteSystem update time: 2.726467ms
2025/08/05 13:44:12 TopoSystem update...
2025/08/05 13:44:12 TopoSystem: Link count: 630000
2025/08/05 13:44:12 TopoSystem update time: 11.745139ms
2025/08/05 13:44:12 AttenuationSystem update...
2025/08/05 13:44:12 AttenuationSystem parallel flag: 0
2025/08/05 13:44:12 Attenuation computed count: 630000
2025/08/05 13:44:12 AttenuationSystem update time: 250.092487ms
2025/08/05 13:44:12 Run 3 complete
2025/08/05 13:44:12 StationSystem update...
2025/08/05 13:44:12 weather update count: 900
2025/08/05 13:44:12 StationSystem update time: 11.004µs
2025/08/05 13:44:12 SatelliteSystem update...
2025/08/05 13:44:12 satellite count: 700
2025/08/05 13:44:12 SatelliteSystem update time: 3.455169ms
2025/08/05 13:44:12 TopoSystem update...
2025/08/05 13:44:12 TopoSystem: Link count: 630000
2025/08/05 13:44:12 TopoSystem update time: 15.609113ms
2025/08/05 13:44:12 AttenuationSystem update...
2025/08/05 13:44:12 AttenuationSystem parallel flag: 0
2025/08/05 13:44:12 Attenuation computed count: 630000
2025/08/05 13:44:12 AttenuationSystem update time: 191.559337ms
2025/08/05 13:44:12 Run 4 complete
2025/08/05 13:44:12 StationSystem update...
2025/08/05 13:44:12 weather update count: 900
2025/08/05 13:44:12 StationSystem update time: 10.751µs
2025/08/05 13:44:12 SatelliteSystem update...
2025/08/05 13:44:12 satellite count: 700
2025/08/05 13:44:12 SatelliteSystem update time: 2.720336ms
2025/08/05 13:44:12 TopoSystem update...
2025/08/05 13:44:12 TopoSystem: Link count: 630000
2025/08/05 13:44:12 TopoSystem update time: 12.621615ms
2025/08/05 13:44:12 AttenuationSystem update...
2025/08/05 13:44:12 AttenuationSystem parallel flag: 0
2025/08/05 13:44:13 Attenuation computed count: 630000
2025/08/05 13:44:13 AttenuationSystem update time: 207.406112ms
2025/08/05 13:44:13 Run 5 complete
2025/08/05 13:44:13 StationSystem update...
2025/08/05 13:44:13 weather update count: 900
2025/08/05 13:44:13 StationSystem update time: 11.513µs
2025/08/05 13:44:13 SatelliteSystem update...
2025/08/05 13:44:13 satellite count: 700
2025/08/05 13:44:13 SatelliteSystem update time: 2.713946ms
2025/08/05 13:44:13 TopoSystem update...
2025/08/05 13:44:13 TopoSystem: Link count: 630000
2025/08/05 13:44:13 TopoSystem update time: 11.690577ms
2025/08/05 13:44:13 AttenuationSystem update...
2025/08/05 13:44:13 AttenuationSystem parallel flag: 0
2025/08/05 13:44:13 Attenuation computed count: 630000
2025/08/05 13:44:13 AttenuationSystem update time: 218.377043ms
2025/08/05 13:44:13 Run 6 complete
2025/08/05 13:44:13 StationSystem update...
2025/08/05 13:44:13 weather update count: 900
2025/08/05 13:44:13 StationSystem update time: 16.33µs
2025/08/05 13:44:13 SatelliteSystem update...
2025/08/05 13:44:13 satellite count: 700
2025/08/05 13:44:13 SatelliteSystem update time: 3.021968ms
2025/08/05 13:44:13 TopoSystem update...
2025/08/05 13:44:13 TopoSystem: Link count: 630000
2025/08/05 13:44:13 TopoSystem update time: 35.37063ms
2025/08/05 13:44:13 AttenuationSystem update...
2025/08/05 13:44:13 AttenuationSystem parallel flag: 0
2025/08/05 13:44:13 Attenuation computed count: 630000
2025/08/05 13:44:13 AttenuationSystem update time: 195.61545ms
2025/08/05 13:44:13 Run 7 complete
2025/08/05 13:44:13 StationSystem update...
2025/08/05 13:44:13 weather update count: 900
2025/08/05 13:44:13 StationSystem update time: 10.243µs
2025/08/05 13:44:13 SatelliteSystem update...
2025/08/05 13:44:13 satellite count: 700
2025/08/05 13:44:13 SatelliteSystem update time: 2.6827ms
2025/08/05 13:44:13 TopoSystem update...
2025/08/05 13:44:13 TopoSystem: Link count: 630000
2025/08/05 13:44:13 TopoSystem update time: 21.56511ms
2025/08/05 13:44:13 AttenuationSystem update...
2025/08/05 13:44:13 AttenuationSystem parallel flag: 0
2025/08/05 13:44:13 Attenuation computed count: 630000
2025/08/05 13:44:13 AttenuationSystem update time: 237.272381ms
2025/08/05 13:44:13 Run 8 complete
2025/08/05 13:44:13 StationSystem update...
2025/08/05 13:44:13 weather update count: 900
2025/08/05 13:44:13 StationSystem update time: 9.648µs
2025/08/05 13:44:13 SatelliteSystem update...
2025/08/05 13:44:13 satellite count: 700
2025/08/05 13:44:13 SatelliteSystem update time: 3.937129ms
2025/08/05 13:44:13 TopoSystem update...
2025/08/05 13:44:13 TopoSystem: Link count: 630000
2025/08/05 13:44:13 TopoSystem update time: 11.951711ms
2025/08/05 13:44:13 AttenuationSystem update...
2025/08/05 13:44:13 AttenuationSystem parallel flag: 0
2025/08/05 13:44:14 Attenuation computed count: 630000
2025/08/05 13:44:14 AttenuationSystem update time: 201.473898ms
2025/08/05 13:44:14 Run 9 complete
2025/08/05 13:44:14 StationSystem update...
2025/08/05 13:44:14 weather update count: 900
2025/08/05 13:44:14 SatelliteSystem update...
2025/08/05 13:44:14 StationSystem update time: 26.167µs
2025/08/05 13:44:14 satellite count: 700
2025/08/05 13:44:14 SatelliteSystem update time: 2.70697ms
2025/08/05 13:44:14 TopoSystem update...
2025/08/05 13:44:14 TopoSystem: Link count: 630000
2025/08/05 13:44:14 TopoSystem update time: 11.215558ms
2025/08/05 13:44:14 AttenuationSystem update...
2025/08/05 13:44:14 AttenuationSystem parallel flag: 0
2025/08/05 13:44:14 Attenuation computed count: 630000
2025/08/05 13:44:14 AttenuationSystem update time: 214.836511ms
2025/08/05 13:44:14 Run 10 complete
2025/08/05 13:44:14 Total update time:  2.327023053s
2025/08/05 13:44:14 linkCache size: 40

 Performance counter stats for './scale_ecs 900 700 10 4 8 0':

        14,844,889      cache-references                                                      
         3,099,668      cache-misses                     #   20.88% of all cache refs         

       2.337024472 seconds time elapsed

      15.211646000 seconds user
       0.119044000 seconds sys


