ECS running with 900 stations, 1100 satellites, 8 numWGs and 8 numBlocks for 10 rounds in 0 parallel pattern
2025/08/05 13:52:15 StationSystem update...
2025/08/05 13:52:15 weather update count: 900
2025/08/05 13:52:15 StationSystem update time: 5.586µs
2025/08/05 13:52:15 SatelliteSystem update...
2025/08/05 13:52:15 satellite count: 1100
2025/08/05 13:52:15 SatelliteSystem update time: 4.178921ms
2025/08/05 13:52:15 TopoSystem update...
2025/08/05 13:52:15 TopoSystem: Link count: 990000
2025/08/05 13:52:15 TopoSystem update time: 31.767974ms
2025/08/05 13:52:15 AttenuationSystem update...
2025/08/05 13:52:15 AttenuationSystem parallel flag: 0
2025/08/05 13:52:15 Attenuation computed count: 990000
2025/08/05 13:52:15 AttenuationSystem update time: 287.855651ms
2025/08/05 13:52:15 Run 1 complete
2025/08/05 13:52:15 StationSystem update...
2025/08/05 13:52:15 weather update count: 900
2025/08/05 13:52:15 StationSystem update time: 6.991µs
2025/08/05 13:52:15 SatelliteSystem update...
2025/08/05 13:52:15 satellite count: 1100
2025/08/05 13:52:15 SatelliteSystem update time: 4.20457ms
2025/08/05 13:52:15 TopoSystem update...
2025/08/05 13:52:15 TopoSystem: Link count: 990000
2025/08/05 13:52:15 TopoSystem update time: 30.534803ms
2025/08/05 13:52:15 AttenuationSystem update...
2025/08/05 13:52:15 AttenuationSystem parallel flag: 0
2025/08/05 13:52:16 Attenuation computed count: 990000
2025/08/05 13:52:16 AttenuationSystem update time: 299.362154ms
2025/08/05 13:52:16 Run 2 complete
2025/08/05 13:52:16 StationSystem update...
2025/08/05 13:52:16 weather update count: 900
2025/08/05 13:52:16 StationSystem update time: 6.495µs
2025/08/05 13:52:16 SatelliteSystem update...
2025/08/05 13:52:16 satellite count: 1100
2025/08/05 13:52:16 SatelliteSystem update time: 4.193544ms
2025/08/05 13:52:16 TopoSystem update...
2025/08/05 13:52:16 TopoSystem: Link count: 990000
2025/08/05 13:52:16 TopoSystem update time: 16.458078ms
2025/08/05 13:52:16 AttenuationSystem update...
2025/08/05 13:52:16 AttenuationSystem parallel flag: 0
2025/08/05 13:52:16 Attenuation computed count: 990000
2025/08/05 13:52:16 AttenuationSystem update time: 302.201019ms
2025/08/05 13:52:16 Run 3 complete
2025/08/05 13:52:16 StationSystem update...
2025/08/05 13:52:16 weather update count: 900
2025/08/05 13:52:16 StationSystem update time: 6.391µs
2025/08/05 13:52:16 SatelliteSystem update...
2025/08/05 13:52:16 satellite count: 1100
2025/08/05 13:52:16 SatelliteSystem update time: 4.214842ms
2025/08/05 13:52:16 TopoSystem update...
2025/08/05 13:52:16 TopoSystem: Link count: 990000
2025/08/05 13:52:16 TopoSystem update time: 16.375883ms
2025/08/05 13:52:16 AttenuationSystem update...
2025/08/05 13:52:16 AttenuationSystem parallel flag: 0
2025/08/05 13:52:16 Attenuation computed count: 990000
2025/08/05 13:52:16 AttenuationSystem update time: 297.801479ms
2025/08/05 13:52:16 Run 4 complete
2025/08/05 13:52:16 StationSystem update...
2025/08/05 13:52:16 weather update count: 900
2025/08/05 13:52:16 StationSystem update time: 20.878µs
2025/08/05 13:52:16 SatelliteSystem update...
2025/08/05 13:52:16 satellite count: 1100
2025/08/05 13:52:16 SatelliteSystem update time: 4.52279ms
2025/08/05 13:52:16 TopoSystem update...
2025/08/05 13:52:16 TopoSystem: Link count: 990000
2025/08/05 13:52:16 TopoSystem update time: 42.720684ms
2025/08/05 13:52:16 AttenuationSystem update...
2025/08/05 13:52:16 AttenuationSystem parallel flag: 0
2025/08/05 13:52:17 Attenuation computed count: 990000
2025/08/05 13:52:17 AttenuationSystem update time: 306.246223ms
2025/08/05 13:52:17 Run 5 complete
2025/08/05 13:52:17 StationSystem update...
2025/08/05 13:52:17 SatelliteSystem update...
2025/08/05 13:52:17 weather update count: 900
2025/08/05 13:52:17 StationSystem update time: 7.81µs
2025/08/05 13:52:17 satellite count: 1100
2025/08/05 13:52:17 SatelliteSystem update time: 4.214763ms
2025/08/05 13:52:17 TopoSystem update...
2025/08/05 13:52:17 TopoSystem: Link count: 990000
2025/08/05 13:52:17 TopoSystem update time: 25.69876ms
2025/08/05 13:52:17 AttenuationSystem update...
2025/08/05 13:52:17 AttenuationSystem parallel flag: 0
2025/08/05 13:52:17 Attenuation computed count: 990000
2025/08/05 13:52:17 AttenuationSystem update time: 317.285286ms
2025/08/05 13:52:17 Run 6 complete
2025/08/05 13:52:17 StationSystem update...
2025/08/05 13:52:17 weather update count: 900
2025/08/05 13:52:17 StationSystem update time: 5.873µs
2025/08/05 13:52:17 SatelliteSystem update...
2025/08/05 13:52:17 satellite count: 1100
2025/08/05 13:52:17 SatelliteSystem update time: 4.190614ms
2025/08/05 13:52:17 TopoSystem update...
2025/08/05 13:52:17 TopoSystem: Link count: 990000
2025/08/05 13:52:17 TopoSystem update time: 15.621644ms
2025/08/05 13:52:17 AttenuationSystem update...
2025/08/05 13:52:17 AttenuationSystem parallel flag: 0
2025/08/05 13:52:17 Attenuation computed count: 990000
2025/08/05 13:52:17 AttenuationSystem update time: 292.240022ms
2025/08/05 13:52:17 Run 7 complete
2025/08/05 13:52:17 StationSystem update...
2025/08/05 13:52:17 weather update count: 900
2025/08/05 13:52:17 StationSystem update time: 6.361µs
2025/08/05 13:52:17 SatelliteSystem update...
2025/08/05 13:52:17 satellite count: 1100
2025/08/05 13:52:17 SatelliteSystem update time: 4.197899ms
2025/08/05 13:52:17 TopoSystem update...
2025/08/05 13:52:17 TopoSystem: Link count: 990000
2025/08/05 13:52:17 TopoSystem update time: 15.358915ms
2025/08/05 13:52:17 AttenuationSystem update...
2025/08/05 13:52:17 AttenuationSystem parallel flag: 0
2025/08/05 13:52:18 Attenuation computed count: 990000
2025/08/05 13:52:18 AttenuationSystem update time: 294.204779ms
2025/08/05 13:52:18 Run 8 complete
2025/08/05 13:52:18 StationSystem update...
2025/08/05 13:52:18 weather update count: 900
2025/08/05 13:52:18 StationSystem update time: 6.675µs
2025/08/05 13:52:18 SatelliteSystem update...
2025/08/05 13:52:18 satellite count: 1100
2025/08/05 13:52:18 SatelliteSystem update time: 4.194831ms
2025/08/05 13:52:18 TopoSystem update...
2025/08/05 13:52:18 TopoSystem: Link count: 990000
2025/08/05 13:52:18 TopoSystem update time: 14.761372ms
2025/08/05 13:52:18 AttenuationSystem update...
2025/08/05 13:52:18 AttenuationSystem parallel flag: 0
2025/08/05 13:52:18 Attenuation computed count: 990000
2025/08/05 13:52:18 AttenuationSystem update time: 286.263401ms
2025/08/05 13:52:18 Run 9 complete
2025/08/05 13:52:18 StationSystem update...
2025/08/05 13:52:18 weather update count: 900
2025/08/05 13:52:18 StationSystem update time: 6.594µs
2025/08/05 13:52:18 SatelliteSystem update...
2025/08/05 13:52:18 satellite count: 1100
2025/08/05 13:52:18 SatelliteSystem update time: 4.205055ms
2025/08/05 13:52:18 TopoSystem update...
2025/08/05 13:52:18 TopoSystem: Link count: 990000
2025/08/05 13:52:18 TopoSystem update time: 15.533948ms
2025/08/05 13:52:18 AttenuationSystem update...
2025/08/05 13:52:18 AttenuationSystem parallel flag: 0
2025/08/05 13:52:18 Attenuation computed count: 990000
2025/08/05 13:52:18 AttenuationSystem update time: 346.869045ms
2025/08/05 13:52:18 Run 10 complete
2025/08/05 13:52:18 Total update time:  3.306146866s
2025/08/05 13:52:18 linkCache size: 40

 Performance counter stats for './scale_ecs 900 1100 10 8 8 0':

        22,279,263      cache-references                                                      
         5,620,525      cache-misses                     #   25.23% of all cache refs         

       3.315286063 seconds time elapsed

      22.278473000 seconds user
       0.130020000 seconds sys


