ECS running with 800 stations, 800 satellites, 8 numWGs and 8 numBlocks for 10 rounds in 0 parallel pattern
2025/08/05 13:10:01 StationSystem update...
2025/08/05 13:10:01 weather update count: 800
2025/08/05 13:10:01 StationSystem update time: 4.593µs
2025/08/05 13:10:01 SatelliteSystem update...
2025/08/05 13:10:01 satellite count: 800
2025/08/05 13:10:01 SatelliteSystem update time: 3.035599ms
2025/08/05 13:10:01 TopoSystem update...
2025/08/05 13:10:01 TopoSystem: Link count: 640000
2025/08/05 13:10:01 TopoSystem update time: 20.911631ms
2025/08/05 13:10:01 AttenuationSystem update...
2025/08/05 13:10:01 AttenuationSystem parallel flag: 0
2025/08/05 13:10:01 Attenuation computed count: 640000
2025/08/05 13:10:01 AttenuationSystem update time: 191.73459ms
2025/08/05 13:10:01 Run 1 complete
2025/08/05 13:10:01 StationSystem update...
2025/08/05 13:10:01 weather update count: 800
2025/08/05 13:10:01 StationSystem update time: 4.953µs
2025/08/05 13:10:01 SatelliteSystem update...
2025/08/05 13:10:01 satellite count: 800
2025/08/05 13:10:01 SatelliteSystem update time: 3.054999ms
2025/08/05 13:10:01 TopoSystem update...
2025/08/05 13:10:01 TopoSystem: Link count: 640000
2025/08/05 13:10:01 TopoSystem update time: 19.611292ms
2025/08/05 13:10:01 AttenuationSystem update...
2025/08/05 13:10:01 AttenuationSystem parallel flag: 0
2025/08/05 13:10:01 Attenuation computed count: 640000
2025/08/05 13:10:01 AttenuationSystem update time: 185.657124ms
2025/08/05 13:10:01 Run 2 complete
2025/08/05 13:10:01 StationSystem update...
2025/08/05 13:10:01 weather update count: 800
2025/08/05 13:10:01 StationSystem update time: 5.229µs
2025/08/05 13:10:01 SatelliteSystem update...
2025/08/05 13:10:01 satellite count: 800
2025/08/05 13:10:01 SatelliteSystem update time: 3.067451ms
2025/08/05 13:10:01 TopoSystem update...
2025/08/05 13:10:01 TopoSystem: Link count: 640000
2025/08/05 13:10:01 TopoSystem update time: 12.028292ms
2025/08/05 13:10:01 AttenuationSystem update...
2025/08/05 13:10:01 AttenuationSystem parallel flag: 0
2025/08/05 13:10:01 Attenuation computed count: 640000
2025/08/05 13:10:01 AttenuationSystem update time: 195.351138ms
2025/08/05 13:10:01 Run 3 complete
2025/08/05 13:10:01 StationSystem update...
2025/08/05 13:10:01 weather update count: 800
2025/08/05 13:10:01 StationSystem update time: 5.136µs
2025/08/05 13:10:01 SatelliteSystem update...
2025/08/05 13:10:01 satellite count: 800
2025/08/05 13:10:01 SatelliteSystem update time: 3.057703ms
2025/08/05 13:10:01 TopoSystem update...
2025/08/05 13:10:01 TopoSystem: Link count: 640000
2025/08/05 13:10:01 TopoSystem update time: 13.197303ms
2025/08/05 13:10:01 AttenuationSystem update...
2025/08/05 13:10:01 AttenuationSystem parallel flag: 0
2025/08/05 13:10:02 Attenuation computed count: 640000
2025/08/05 13:10:02 AttenuationSystem update time: 217.383739ms
2025/08/05 13:10:02 Run 4 complete
2025/08/05 13:10:02 StationSystem update...
2025/08/05 13:10:02 weather update count: 800
2025/08/05 13:10:02 StationSystem update time: 6.393µs
2025/08/05 13:10:02 SatelliteSystem update...
2025/08/05 13:10:02 satellite count: 800
2025/08/05 13:10:02 SatelliteSystem update time: 3.050876ms
2025/08/05 13:10:02 TopoSystem update...
2025/08/05 13:10:02 TopoSystem: Link count: 640000
2025/08/05 13:10:02 TopoSystem update time: 10.82085ms
2025/08/05 13:10:02 AttenuationSystem update...
2025/08/05 13:10:02 AttenuationSystem parallel flag: 0
2025/08/05 13:10:02 Attenuation computed count: 640000
2025/08/05 13:10:02 AttenuationSystem update time: 191.662647ms
2025/08/05 13:10:02 Run 5 complete
2025/08/05 13:10:02 StationSystem update...
2025/08/05 13:10:02 weather update count: 800
2025/08/05 13:10:02 StationSystem update time: 5.119µs
2025/08/05 13:10:02 SatelliteSystem update...
2025/08/05 13:10:02 satellite count: 800
2025/08/05 13:10:02 SatelliteSystem update time: 3.065804ms
2025/08/05 13:10:02 TopoSystem update...
2025/08/05 13:10:02 TopoSystem: Link count: 640000
2025/08/05 13:10:02 TopoSystem update time: 11.4792ms
2025/08/05 13:10:02 AttenuationSystem update...
2025/08/05 13:10:02 AttenuationSystem parallel flag: 0
2025/08/05 13:10:02 Attenuation computed count: 640000
2025/08/05 13:10:02 AttenuationSystem update time: 215.316304ms
2025/08/05 13:10:02 Run 6 complete
2025/08/05 13:10:02 StationSystem update...
2025/08/05 13:10:02 weather update count: 800
2025/08/05 13:10:02 StationSystem update time: 6.277µs
2025/08/05 13:10:02 SatelliteSystem update...
2025/08/05 13:10:02 satellite count: 800
2025/08/05 13:10:02 SatelliteSystem update time: 3.073853ms
2025/08/05 13:10:02 TopoSystem update...
2025/08/05 13:10:02 TopoSystem: Link count: 640000
2025/08/05 13:10:02 TopoSystem update time: 10.689415ms
2025/08/05 13:10:02 AttenuationSystem update...
2025/08/05 13:10:02 AttenuationSystem parallel flag: 0
2025/08/05 13:10:02 Attenuation computed count: 640000
2025/08/05 13:10:02 AttenuationSystem update time: 231.267658ms
2025/08/05 13:10:02 Run 7 complete
2025/08/05 13:10:02 StationSystem update...
2025/08/05 13:10:02 weather update count: 800
2025/08/05 13:10:02 StationSystem update time: 23.726µs
2025/08/05 13:10:02 SatelliteSystem update...
2025/08/05 13:10:02 satellite count: 800
2025/08/05 13:10:02 SatelliteSystem update time: 3.69584ms
2025/08/05 13:10:02 TopoSystem update...
2025/08/05 13:10:02 TopoSystem: Link count: 640000
2025/08/05 13:10:02 TopoSystem update time: 34.264513ms
2025/08/05 13:10:02 AttenuationSystem update...
2025/08/05 13:10:02 AttenuationSystem parallel flag: 0
2025/08/05 13:10:03 Attenuation computed count: 640000
2025/08/05 13:10:03 AttenuationSystem update time: 217.033254ms
2025/08/05 13:10:03 Run 8 complete
2025/08/05 13:10:03 StationSystem update...
2025/08/05 13:10:03 weather update count: 800
2025/08/05 13:10:03 StationSystem update time: 10.505µs
2025/08/05 13:10:03 SatelliteSystem update...
2025/08/05 13:10:03 satellite count: 800
2025/08/05 13:10:03 SatelliteSystem update time: 3.123117ms
2025/08/05 13:10:03 TopoSystem update...
2025/08/05 13:10:03 TopoSystem: Link count: 640000
2025/08/05 13:10:03 TopoSystem update time: 14.776937ms
2025/08/05 13:10:03 AttenuationSystem update...
2025/08/05 13:10:03 AttenuationSystem parallel flag: 0
2025/08/05 13:10:03 Attenuation computed count: 640000
2025/08/05 13:10:03 AttenuationSystem update time: 227.633274ms
2025/08/05 13:10:03 Run 9 complete
2025/08/05 13:10:03 StationSystem update...
2025/08/05 13:10:03 weather update count: 800
2025/08/05 13:10:03 SatelliteSystem update...
2025/08/05 13:10:03 StationSystem update time: 11.543µs
2025/08/05 13:10:03 satellite count: 800
2025/08/05 13:10:03 SatelliteSystem update time: 3.10699ms
2025/08/05 13:10:03 TopoSystem update...
2025/08/05 13:10:03 TopoSystem: Link count: 640000
2025/08/05 13:10:03 TopoSystem update time: 13.385731ms
2025/08/05 13:10:03 AttenuationSystem update...
2025/08/05 13:10:03 AttenuationSystem parallel flag: 0
2025/08/05 13:10:03 Attenuation computed count: 640000
2025/08/05 13:10:03 AttenuationSystem update time: 198.004726ms
2025/08/05 13:10:03 Run 10 complete
2025/08/05 13:10:03 Total update time:  2.270239237s
2025/08/05 13:10:03 linkCache size: 40

 Performance counter stats for './scale_ecs 800 800 10 8 8 0':

        15,360,652      cache-references                                                      
         3,673,782      cache-misses                     #   23.92% of all cache refs         

       2.279867000 seconds time elapsed

      15.436455000 seconds user
       0.120800000 seconds sys


