ECS running with 700 stations, 1800 satellites, 2 numWGs and 4 numBlocks for 10 rounds in 1 parallel pattern
2025/08/05 12:56:58 StationSystem update...
2025/08/05 12:56:58 SatelliteSystem update...
2025/08/05 12:56:58 weather update count: 700
2025/08/05 12:56:58 StationSystem update time: 97.475µs
2025/08/05 12:56:58 satellite count: 1800
2025/08/05 12:56:58 SatelliteSystem update time: 6.802437ms
2025/08/05 12:56:58 TopoSystem update...
2025/08/05 12:56:58 TopoSystem: Link count: 1260000
2025/08/05 12:56:58 TopoSystem update time: 41.029883ms
2025/08/05 12:56:58 AttenuationSystem update...
2025/08/05 12:56:58 AttenuationSystem parallel flag: 1
2025/08/05 12:56:59 Attenuation computed count: 1260000
2025/08/05 12:56:59 AttenuationSystem update time: 1.409370267s
2025/08/05 12:56:59 Run 1 complete
2025/08/05 12:56:59 StationSystem update...
2025/08/05 12:56:59 weather update count: 700
2025/08/05 12:56:59 StationSystem update time: 4.165µs
2025/08/05 12:56:59 SatelliteSystem update...
2025/08/05 12:56:59 satellite count: 1800
2025/08/05 12:56:59 SatelliteSystem update time: 6.199022ms
2025/08/05 12:56:59 TopoSystem update...
2025/08/05 12:56:59 TopoSystem: Link count: 1260000
2025/08/05 12:56:59 TopoSystem update time: 31.820107ms
2025/08/05 12:56:59 AttenuationSystem update...
2025/08/05 12:56:59 AttenuationSystem parallel flag: 1
2025/08/05 12:57:00 Attenuation computed count: 1260000
2025/08/05 12:57:00 AttenuationSystem update time: 1.373352442s
2025/08/05 12:57:00 Run 2 complete
2025/08/05 12:57:00 StationSystem update...
2025/08/05 12:57:00 weather update count: 700
2025/08/05 12:57:00 StationSystem update time: 5.162µs
2025/08/05 12:57:00 SatelliteSystem update...
2025/08/05 12:57:00 satellite count: 1800
2025/08/05 12:57:00 SatelliteSystem update time: 6.444066ms
2025/08/05 12:57:00 TopoSystem update...
2025/08/05 12:57:01 TopoSystem: Link count: 1260000
2025/08/05 12:57:01 TopoSystem update time: 36.768377ms
2025/08/05 12:57:01 AttenuationSystem update...
2025/08/05 12:57:01 AttenuationSystem parallel flag: 1
2025/08/05 12:57:02 Attenuation computed count: 1260000
2025/08/05 12:57:02 AttenuationSystem update time: 1.466997415s
2025/08/05 12:57:02 Run 3 complete
2025/08/05 12:57:02 StationSystem update...
2025/08/05 12:57:02 weather update count: 700
2025/08/05 12:57:02 StationSystem update time: 4.77µs
2025/08/05 12:57:02 SatelliteSystem update...
2025/08/05 12:57:02 satellite count: 1800
2025/08/05 12:57:02 SatelliteSystem update time: 6.805423ms
2025/08/05 12:57:02 TopoSystem update...
2025/08/05 12:57:02 TopoSystem: Link count: 1260000
2025/08/05 12:57:02 TopoSystem update time: 31.709504ms
2025/08/05 12:57:02 AttenuationSystem update...
2025/08/05 12:57:02 AttenuationSystem parallel flag: 1
2025/08/05 12:57:03 Attenuation computed count: 1260000
2025/08/05 12:57:03 AttenuationSystem update time: 1.380791715s
2025/08/05 12:57:03 Run 4 complete
2025/08/05 12:57:03 StationSystem update...
2025/08/05 12:57:03 weather update count: 700
2025/08/05 12:57:03 StationSystem update time: 8.604µs
2025/08/05 12:57:03 SatelliteSystem update...
2025/08/05 12:57:03 satellite count: 1800
2025/08/05 12:57:03 SatelliteSystem update time: 8.139602ms
2025/08/05 12:57:03 TopoSystem update...
2025/08/05 12:57:03 TopoSystem: Link count: 1260000
2025/08/05 12:57:03 TopoSystem update time: 50.213388ms
2025/08/05 12:57:03 AttenuationSystem update...
2025/08/05 12:57:03 AttenuationSystem parallel flag: 1
2025/08/05 12:57:05 Attenuation computed count: 1260000
2025/08/05 12:57:05 AttenuationSystem update time: 1.468747548s
2025/08/05 12:57:05 Run 5 complete
2025/08/05 12:57:05 StationSystem update...
2025/08/05 12:57:05 weather update count: 700
2025/08/05 12:57:05 StationSystem update time: 4.397µs
2025/08/05 12:57:05 SatelliteSystem update...
2025/08/05 12:57:05 satellite count: 1800
2025/08/05 12:57:05 SatelliteSystem update time: 6.836104ms
2025/08/05 12:57:05 TopoSystem update...
2025/08/05 12:57:05 TopoSystem: Link count: 1260000
2025/08/05 12:57:05 TopoSystem update time: 75.667793ms
2025/08/05 12:57:05 AttenuationSystem update...
2025/08/05 12:57:05 AttenuationSystem parallel flag: 1
2025/08/05 12:57:06 Attenuation computed count: 1260000
2025/08/05 12:57:06 AttenuationSystem update time: 1.380126189s
2025/08/05 12:57:06 Run 6 complete
2025/08/05 12:57:06 StationSystem update...
2025/08/05 12:57:06 weather update count: 700
2025/08/05 12:57:06 StationSystem update time: 17.139µs
2025/08/05 12:57:06 SatelliteSystem update...
2025/08/05 12:57:06 satellite count: 1800
2025/08/05 12:57:06 SatelliteSystem update time: 5.564232ms
2025/08/05 12:57:06 TopoSystem update...
2025/08/05 12:57:06 TopoSystem: Link count: 1260000
2025/08/05 12:57:06 TopoSystem update time: 53.880858ms
2025/08/05 12:57:06 AttenuationSystem update...
2025/08/05 12:57:06 AttenuationSystem parallel flag: 1
2025/08/05 12:57:08 Attenuation computed count: 1260000
2025/08/05 12:57:08 AttenuationSystem update time: 1.337716838s
2025/08/05 12:57:08 Run 7 complete
2025/08/05 12:57:08 StationSystem update...
2025/08/05 12:57:08 weather update count: 700
2025/08/05 12:57:08 StationSystem update time: 4.308µs
2025/08/05 12:57:08 SatelliteSystem update...
2025/08/05 12:57:08 satellite count: 1800
2025/08/05 12:57:08 SatelliteSystem update time: 6.830888ms
2025/08/05 12:57:08 TopoSystem update...
2025/08/05 12:57:08 TopoSystem: Link count: 1260000
2025/08/05 12:57:08 TopoSystem update time: 73.52536ms
2025/08/05 12:57:08 AttenuationSystem update...
2025/08/05 12:57:08 AttenuationSystem parallel flag: 1
2025/08/05 12:57:09 Attenuation computed count: 1260000
2025/08/05 12:57:09 AttenuationSystem update time: 1.424383423s
2025/08/05 12:57:09 Run 8 complete
2025/08/05 12:57:09 StationSystem update...
2025/08/05 12:57:09 weather update count: 700
2025/08/05 12:57:09 StationSystem update time: 6.754µs
2025/08/05 12:57:09 SatelliteSystem update...
2025/08/05 12:57:09 satellite count: 1800
2025/08/05 12:57:09 SatelliteSystem update time: 5.089833ms
2025/08/05 12:57:09 TopoSystem update...
2025/08/05 12:57:09 TopoSystem: Link count: 1260000
2025/08/05 12:57:09 TopoSystem update time: 29.071241ms
2025/08/05 12:57:09 AttenuationSystem update...
2025/08/05 12:57:09 AttenuationSystem parallel flag: 1
2025/08/05 12:57:11 Attenuation computed count: 1260000
2025/08/05 12:57:11 AttenuationSystem update time: 1.325283209s
2025/08/05 12:57:11 Run 9 complete
2025/08/05 12:57:11 StationSystem update...
2025/08/05 12:57:11 weather update count: 700
2025/08/05 12:57:11 StationSystem update time: 3.354µs
2025/08/05 12:57:11 SatelliteSystem update...
2025/08/05 12:57:11 satellite count: 1800
2025/08/05 12:57:11 SatelliteSystem update time: 5.079208ms
2025/08/05 12:57:11 TopoSystem update...
2025/08/05 12:57:11 TopoSystem: Link count: 1260000
2025/08/05 12:57:11 TopoSystem update time: 30.348034ms
2025/08/05 12:57:11 AttenuationSystem update...
2025/08/05 12:57:11 AttenuationSystem parallel flag: 1
2025/08/05 12:57:12 Attenuation computed count: 1260000
2025/08/05 12:57:12 AttenuationSystem update time: 1.432571512s
2025/08/05 12:57:12 Run 10 complete
2025/08/05 12:57:12 Total update time:  14.529577463s
2025/08/05 12:57:12 linkCache size: 40

 Performance counter stats for './scale_ecs 700 1800 10 2 4 1':

        30,261,613      cache-references                                                      
         9,224,291      cache-misses                     #   30.48% of all cache refs         

      14.541321295 seconds time elapsed

      26.960879000 seconds user
       0.280102000 seconds sys


