ECS running with 800 stations, 1600 satellites, 8 numWGs and 4 numBlocks for 10 rounds in 0 parallel pattern
2025/08/05 13:27:39 StationSystem update...
2025/08/05 13:27:39 weather update count: 800
2025/08/05 13:27:39 SatelliteSystem update...
2025/08/05 13:27:39 StationSystem update time: 5.243µs
2025/08/05 13:27:39 satellite count: 1600
2025/08/05 13:27:39 SatelliteSystem update time: 6.083354ms
2025/08/05 13:27:39 TopoSystem update...
2025/08/05 13:27:39 TopoSystem: Link count: 1280000
2025/08/05 13:27:39 TopoSystem update time: 40.162354ms
2025/08/05 13:27:39 AttenuationSystem update...
2025/08/05 13:27:39 AttenuationSystem parallel flag: 0
2025/08/05 13:27:40 Attenuation computed count: 1280000
2025/08/05 13:27:40 AttenuationSystem update time: 734.970338ms
2025/08/05 13:27:40 Run 1 complete
2025/08/05 13:27:40 StationSystem update...
2025/08/05 13:27:40 weather update count: 800
2025/08/05 13:27:40 SatelliteSystem update...
2025/08/05 13:27:40 StationSystem update time: 5.869µs
2025/08/05 13:27:40 satellite count: 1600
2025/08/05 13:27:40 SatelliteSystem update time: 6.084532ms
2025/08/05 13:27:40 TopoSystem update...
2025/08/05 13:27:40 TopoSystem: Link count: 1280000
2025/08/05 13:27:40 TopoSystem update time: 34.49937ms
2025/08/05 13:27:40 AttenuationSystem update...
2025/08/05 13:27:40 AttenuationSystem parallel flag: 0
2025/08/05 13:27:40 Attenuation computed count: 1280000
2025/08/05 13:27:40 AttenuationSystem update time: 734.574641ms
2025/08/05 13:27:40 Run 2 complete
2025/08/05 13:27:40 StationSystem update...
2025/08/05 13:27:40 weather update count: 800
2025/08/05 13:27:40 StationSystem update time: 13.277µs
2025/08/05 13:27:40 SatelliteSystem update...
2025/08/05 13:27:41 satellite count: 1600
2025/08/05 13:27:41 SatelliteSystem update time: 6.544832ms
2025/08/05 13:27:41 TopoSystem update...
2025/08/05 13:27:41 TopoSystem: Link count: 1280000
2025/08/05 13:27:41 TopoSystem update time: 78.708168ms
2025/08/05 13:27:41 AttenuationSystem update...
2025/08/05 13:27:41 AttenuationSystem parallel flag: 0
2025/08/05 13:27:41 Attenuation computed count: 1280000
2025/08/05 13:27:41 AttenuationSystem update time: 743.557883ms
2025/08/05 13:27:41 Run 3 complete
2025/08/05 13:27:41 StationSystem update...
2025/08/05 13:27:41 weather update count: 800
2025/08/05 13:27:41 StationSystem update time: 7.087µs
2025/08/05 13:27:41 SatelliteSystem update...
2025/08/05 13:27:41 satellite count: 1600
2025/08/05 13:27:41 SatelliteSystem update time: 4.550576ms
2025/08/05 13:27:41 TopoSystem update...
2025/08/05 13:27:41 TopoSystem: Link count: 1280000
2025/08/05 13:27:41 TopoSystem update time: 38.719543ms
2025/08/05 13:27:41 AttenuationSystem update...
2025/08/05 13:27:41 AttenuationSystem parallel flag: 0
2025/08/05 13:27:42 Attenuation computed count: 1280000
2025/08/05 13:27:42 AttenuationSystem update time: 775.544413ms
2025/08/05 13:27:42 Run 4 complete
2025/08/05 13:27:42 StationSystem update...
2025/08/05 13:27:42 weather update count: 800
2025/08/05 13:27:42 StationSystem update time: 5.857µs
2025/08/05 13:27:42 SatelliteSystem update...
2025/08/05 13:27:42 satellite count: 1600
2025/08/05 13:27:42 SatelliteSystem update time: 6.08427ms
2025/08/05 13:27:42 TopoSystem update...
2025/08/05 13:27:42 TopoSystem: Link count: 1280000
2025/08/05 13:27:42 TopoSystem update time: 33.420248ms
2025/08/05 13:27:42 AttenuationSystem update...
2025/08/05 13:27:42 AttenuationSystem parallel flag: 0
2025/08/05 13:27:43 Attenuation computed count: 1280000
2025/08/05 13:27:43 AttenuationSystem update time: 765.918398ms
2025/08/05 13:27:43 Run 5 complete
2025/08/05 13:27:43 StationSystem update...
2025/08/05 13:27:43 weather update count: 800
2025/08/05 13:27:43 StationSystem update time: 19.756µs
2025/08/05 13:27:43 SatelliteSystem update...
2025/08/05 13:27:43 satellite count: 1600
2025/08/05 13:27:43 SatelliteSystem update time: 6.591936ms
2025/08/05 13:27:43 TopoSystem update...
2025/08/05 13:27:43 TopoSystem: Link count: 1280000
2025/08/05 13:27:43 TopoSystem update time: 76.50848ms
2025/08/05 13:27:43 AttenuationSystem update...
2025/08/05 13:27:43 AttenuationSystem parallel flag: 0
2025/08/05 13:27:44 Attenuation computed count: 1280000
2025/08/05 13:27:44 AttenuationSystem update time: 753.640394ms
2025/08/05 13:27:44 Run 6 complete
2025/08/05 13:27:44 StationSystem update...
2025/08/05 13:27:44 weather update count: 800
2025/08/05 13:27:44 StationSystem update time: 7.727µs
2025/08/05 13:27:44 SatelliteSystem update...
2025/08/05 13:27:44 satellite count: 1600
2025/08/05 13:27:44 SatelliteSystem update time: 6.158924ms
2025/08/05 13:27:44 TopoSystem update...
2025/08/05 13:27:44 TopoSystem: Link count: 1280000
2025/08/05 13:27:44 TopoSystem update time: 74.076521ms
2025/08/05 13:27:44 AttenuationSystem update...
2025/08/05 13:27:44 AttenuationSystem parallel flag: 0
2025/08/05 13:27:45 Attenuation computed count: 1280000
2025/08/05 13:27:45 AttenuationSystem update time: 736.195339ms
2025/08/05 13:27:45 Run 7 complete
2025/08/05 13:27:45 StationSystem update...
2025/08/05 13:27:45 weather update count: 800
2025/08/05 13:27:45 StationSystem update time: 10.04µs
2025/08/05 13:27:45 SatelliteSystem update...
2025/08/05 13:27:45 satellite count: 1600
2025/08/05 13:27:45 SatelliteSystem update time: 6.177113ms
2025/08/05 13:27:45 TopoSystem update...
2025/08/05 13:27:45 TopoSystem: Link count: 1280000
2025/08/05 13:27:45 TopoSystem update time: 26.532862ms
2025/08/05 13:27:45 AttenuationSystem update...
2025/08/05 13:27:45 AttenuationSystem parallel flag: 0
2025/08/05 13:27:45 Attenuation computed count: 1280000
2025/08/05 13:27:45 AttenuationSystem update time: 771.897085ms
2025/08/05 13:27:45 Run 8 complete
2025/08/05 13:27:45 StationSystem update...
2025/08/05 13:27:45 weather update count: 800
2025/08/05 13:27:45 StationSystem update time: 9.928µs
2025/08/05 13:27:45 SatelliteSystem update...
2025/08/05 13:27:45 satellite count: 1600
2025/08/05 13:27:45 SatelliteSystem update time: 6.160767ms
2025/08/05 13:27:45 TopoSystem update...
2025/08/05 13:27:45 TopoSystem: Link count: 1280000
2025/08/05 13:27:45 TopoSystem update time: 37.603924ms
2025/08/05 13:27:45 AttenuationSystem update...
2025/08/05 13:27:45 AttenuationSystem parallel flag: 0
2025/08/05 13:27:46 Attenuation computed count: 1280000
2025/08/05 13:27:46 AttenuationSystem update time: 754.251109ms
2025/08/05 13:27:46 Run 9 complete
2025/08/05 13:27:46 StationSystem update...
2025/08/05 13:27:46 weather update count: 800
2025/08/05 13:27:46 StationSystem update time: 6.18µs
2025/08/05 13:27:46 SatelliteSystem update...
2025/08/05 13:27:46 satellite count: 1600
2025/08/05 13:27:46 SatelliteSystem update time: 6.402719ms
2025/08/05 13:27:46 TopoSystem update...
2025/08/05 13:27:46 TopoSystem: Link count: 1280000
2025/08/05 13:27:46 TopoSystem update time: 20.282944ms
2025/08/05 13:27:46 AttenuationSystem update...
2025/08/05 13:27:46 AttenuationSystem parallel flag: 0
2025/08/05 13:27:47 Attenuation computed count: 1280000
2025/08/05 13:27:47 AttenuationSystem update time: 787.309326ms
2025/08/05 13:27:47 Run 10 complete
2025/08/05 13:27:47 Total update time:  8.089881404s
2025/08/05 13:27:47 linkCache size: 40

 Performance counter stats for './scale_ecs 800 1600 10 8 4 0':

        30,202,359      cache-references                                                      
         9,056,389      cache-misses                     #   29.99% of all cache refs         

       8.100205931 seconds time elapsed

      29.636485000 seconds user
       0.259030000 seconds sys


