ECS running with 600 stations, 500 satellites, 4 numWGs and 8 numBlocks for 10 rounds in 0 parallel pattern
2025/08/05 12:08:28 StationSystem update...
2025/08/05 12:08:28 weather update count: 600
2025/08/05 12:08:28 StationSystem update time: 3.535µs
2025/08/05 12:08:28 SatelliteSystem update...
2025/08/05 12:08:28 satellite count: 500
2025/08/05 12:08:28 SatelliteSystem update time: 3.550726ms
2025/08/05 12:08:28 TopoSystem update...
2025/08/05 12:08:28 TopoSystem: Link count: 300000
2025/08/05 12:08:28 TopoSystem update time: 12.661766ms
2025/08/05 12:08:28 AttenuationSystem update...
2025/08/05 12:08:28 AttenuationSystem parallel flag: 0
2025/08/05 12:08:28 Attenuation computed count: 300000
2025/08/05 12:08:28 AttenuationSystem update time: 87.614725ms
2025/08/05 12:08:28 Run 1 complete
2025/08/05 12:08:28 StationSystem update...
2025/08/05 12:08:28 weather update count: 600
2025/08/05 12:08:28 StationSystem update time: 4.109µs
2025/08/05 12:08:28 SatelliteSystem update...
2025/08/05 12:08:28 satellite count: 500
2025/08/05 12:08:28 SatelliteSystem update time: 1.917546ms
2025/08/05 12:08:28 TopoSystem update...
2025/08/05 12:08:28 TopoSystem: Link count: 300000
2025/08/05 12:08:28 TopoSystem update time: 6.677128ms
2025/08/05 12:08:28 AttenuationSystem update...
2025/08/05 12:08:28 AttenuationSystem parallel flag: 0
2025/08/05 12:08:28 Attenuation computed count: 300000
2025/08/05 12:08:28 AttenuationSystem update time: 106.086852ms
2025/08/05 12:08:28 Run 2 complete
2025/08/05 12:08:28 StationSystem update...
2025/08/05 12:08:28 weather update count: 600
2025/08/05 12:08:28 StationSystem update time: 6.205µs
2025/08/05 12:08:28 SatelliteSystem update...
2025/08/05 12:08:28 satellite count: 500
2025/08/05 12:08:28 SatelliteSystem update time: 1.919314ms
2025/08/05 12:08:28 TopoSystem update...
2025/08/05 12:08:28 TopoSystem: Link count: 300000
2025/08/05 12:08:28 TopoSystem update time: 8.236741ms
2025/08/05 12:08:28 AttenuationSystem update...
2025/08/05 12:08:28 AttenuationSystem parallel flag: 0
2025/08/05 12:08:28 Attenuation computed count: 300000
2025/08/05 12:08:28 AttenuationSystem update time: 119.947067ms
2025/08/05 12:08:28 Run 3 complete
2025/08/05 12:08:28 StationSystem update...
2025/08/05 12:08:28 weather update count: 600
2025/08/05 12:08:28 StationSystem update time: 4.934µs
2025/08/05 12:08:28 SatelliteSystem update...
2025/08/05 12:08:28 satellite count: 500
2025/08/05 12:08:28 SatelliteSystem update time: 1.932532ms
2025/08/05 12:08:28 TopoSystem update...
2025/08/05 12:08:28 TopoSystem: Link count: 300000
2025/08/05 12:08:28 TopoSystem update time: 5.425399ms
2025/08/05 12:08:28 AttenuationSystem update...
2025/08/05 12:08:28 AttenuationSystem parallel flag: 0
2025/08/05 12:08:28 Attenuation computed count: 300000
2025/08/05 12:08:28 AttenuationSystem update time: 109.109308ms
2025/08/05 12:08:28 Run 4 complete
2025/08/05 12:08:28 StationSystem update...
2025/08/05 12:08:28 weather update count: 600
2025/08/05 12:08:28 StationSystem update time: 5.562µs
2025/08/05 12:08:28 SatelliteSystem update...
2025/08/05 12:08:28 satellite count: 500
2025/08/05 12:08:28 SatelliteSystem update time: 1.949463ms
2025/08/05 12:08:28 TopoSystem update...
2025/08/05 12:08:28 TopoSystem: Link count: 300000
2025/08/05 12:08:28 TopoSystem update time: 6.280217ms
2025/08/05 12:08:28 AttenuationSystem update...
2025/08/05 12:08:28 AttenuationSystem parallel flag: 0
2025/08/05 12:08:28 Attenuation computed count: 300000
2025/08/05 12:08:28 AttenuationSystem update time: 119.911607ms
2025/08/05 12:08:28 Run 5 complete
2025/08/05 12:08:28 StationSystem update...
2025/08/05 12:08:28 weather update count: 600
2025/08/05 12:08:28 StationSystem update time: 4.39µs
2025/08/05 12:08:28 SatelliteSystem update...
2025/08/05 12:08:28 satellite count: 500
2025/08/05 12:08:28 SatelliteSystem update time: 1.992898ms
2025/08/05 12:08:28 TopoSystem update...
2025/08/05 12:08:28 TopoSystem: Link count: 300000
2025/08/05 12:08:28 TopoSystem update time: 5.457065ms
2025/08/05 12:08:28 AttenuationSystem update...
2025/08/05 12:08:28 AttenuationSystem parallel flag: 0
2025/08/05 12:08:28 Attenuation computed count: 300000
2025/08/05 12:08:28 AttenuationSystem update time: 99.399072ms
2025/08/05 12:08:28 Run 6 complete
2025/08/05 12:08:28 StationSystem update...
2025/08/05 12:08:28 weather update count: 600
2025/08/05 12:08:28 StationSystem update time: 6.741µs
2025/08/05 12:08:28 SatelliteSystem update...
2025/08/05 12:08:28 satellite count: 500
2025/08/05 12:08:28 SatelliteSystem update time: 1.932839ms
2025/08/05 12:08:28 TopoSystem update...
2025/08/05 12:08:28 TopoSystem: Link count: 300000
2025/08/05 12:08:28 TopoSystem update time: 7.465165ms
2025/08/05 12:08:28 AttenuationSystem update...
2025/08/05 12:08:28 AttenuationSystem parallel flag: 0
2025/08/05 12:08:28 Attenuation computed count: 300000
2025/08/05 12:08:28 AttenuationSystem update time: 118.355406ms
2025/08/05 12:08:28 Run 7 complete
2025/08/05 12:08:28 StationSystem update...
2025/08/05 12:08:28 weather update count: 600
2025/08/05 12:08:28 StationSystem update time: 4.372µs
2025/08/05 12:08:28 SatelliteSystem update...
2025/08/05 12:08:28 satellite count: 500
2025/08/05 12:08:28 SatelliteSystem update time: 1.903296ms
2025/08/05 12:08:28 TopoSystem update...
2025/08/05 12:08:28 TopoSystem: Link count: 300000
2025/08/05 12:08:28 TopoSystem update time: 5.302983ms
2025/08/05 12:08:28 AttenuationSystem update...
2025/08/05 12:08:28 AttenuationSystem parallel flag: 0
2025/08/05 12:08:29 Attenuation computed count: 300000
2025/08/05 12:08:29 AttenuationSystem update time: 137.106481ms
2025/08/05 12:08:29 Run 8 complete
2025/08/05 12:08:29 StationSystem update...
2025/08/05 12:08:29 weather update count: 600
2025/08/05 12:08:29 StationSystem update time: 5.832µs
2025/08/05 12:08:29 SatelliteSystem update...
2025/08/05 12:08:29 satellite count: 500
2025/08/05 12:08:29 SatelliteSystem update time: 1.93023ms
2025/08/05 12:08:29 TopoSystem update...
2025/08/05 12:08:29 TopoSystem: Link count: 300000
2025/08/05 12:08:29 TopoSystem update time: 5.804829ms
2025/08/05 12:08:29 AttenuationSystem update...
2025/08/05 12:08:29 AttenuationSystem parallel flag: 0
2025/08/05 12:08:29 Attenuation computed count: 300000
2025/08/05 12:08:29 AttenuationSystem update time: 106.200292ms
2025/08/05 12:08:29 Run 9 complete
2025/08/05 12:08:29 StationSystem update...
2025/08/05 12:08:29 weather update count: 600
2025/08/05 12:08:29 StationSystem update time: 4.726µs
2025/08/05 12:08:29 SatelliteSystem update...
2025/08/05 12:08:29 satellite count: 500
2025/08/05 12:08:29 SatelliteSystem update time: 1.924419ms
2025/08/05 12:08:29 TopoSystem update...
2025/08/05 12:08:29 TopoSystem: Link count: 300000
2025/08/05 12:08:29 TopoSystem update time: 5.346555ms
2025/08/05 12:08:29 AttenuationSystem update...
2025/08/05 12:08:29 AttenuationSystem parallel flag: 0
2025/08/05 12:08:29 Attenuation computed count: 300000
2025/08/05 12:08:29 AttenuationSystem update time: 117.563247ms
2025/08/05 12:08:29 Run 10 complete
2025/08/05 12:08:29 Total update time:  1.21359143s
2025/08/05 12:08:29 linkCache size: 40

 Performance counter stats for './scale_ecs 600 500 10 4 8 0':

         6,282,966      cache-references                                                      
         1,497,929      cache-misses                     #   23.84% of all cache refs         

       1.218880477 seconds time elapsed

       7.439815000 seconds user
       0.022049000 seconds sys


