ECS running with 900 stations, 1800 satellites, 4 numWGs and 8 numBlocks for 10 rounds in 1 parallel pattern
2025/08/05 14:11:51 StationSystem update...
2025/08/05 14:11:51 weather update count: 900
2025/08/05 14:11:51 SatelliteSystem update...
2025/08/05 14:11:51 StationSystem update time: 5.021µs
2025/08/05 14:11:51 satellite count: 1800
2025/08/05 14:11:51 SatelliteSystem update time: 6.817877ms
2025/08/05 14:11:51 TopoSystem update...
2025/08/05 14:11:51 TopoSystem: Link count: 1620000
2025/08/05 14:11:51 TopoSystem update time: 50.34672ms
2025/08/05 14:11:51 AttenuationSystem update...
2025/08/05 14:11:51 AttenuationSystem parallel flag: 1
2025/08/05 14:11:52 Attenuation computed count: 1620000
2025/08/05 14:11:52 AttenuationSystem update time: 927.439955ms
2025/08/05 14:11:52 Run 1 complete
2025/08/05 14:11:52 StationSystem update...
2025/08/05 14:11:52 weather update count: 900
2025/08/05 14:11:52 StationSystem update time: 7.024µs
2025/08/05 14:11:52 SatelliteSystem update...
2025/08/05 14:11:52 satellite count: 1800
2025/08/05 14:11:52 SatelliteSystem update time: 5.137223ms
2025/08/05 14:11:52 TopoSystem update...
2025/08/05 14:11:52 TopoSystem: Link count: 1620000
2025/08/05 14:11:52 TopoSystem update time: 36.088106ms
2025/08/05 14:11:52 AttenuationSystem update...
2025/08/05 14:11:52 AttenuationSystem parallel flag: 1
2025/08/05 14:11:53 Attenuation computed count: 1620000
2025/08/05 14:11:53 AttenuationSystem update time: 1.153660438s
2025/08/05 14:11:53 Run 2 complete
2025/08/05 14:11:53 StationSystem update...
2025/08/05 14:11:53 weather update count: 900
2025/08/05 14:11:53 StationSystem update time: 11.052µs
2025/08/05 14:11:53 SatelliteSystem update...
2025/08/05 14:11:53 satellite count: 1800
2025/08/05 14:11:53 SatelliteSystem update time: 8.487047ms
2025/08/05 14:11:53 TopoSystem update...
2025/08/05 14:11:53 TopoSystem: Link count: 1620000
2025/08/05 14:11:53 TopoSystem update time: 61.280569ms
2025/08/05 14:11:53 AttenuationSystem update...
2025/08/05 14:11:53 AttenuationSystem parallel flag: 1
2025/08/05 14:11:55 Attenuation computed count: 1620000
2025/08/05 14:11:55 AttenuationSystem update time: 1.092122768s
2025/08/05 14:11:55 Run 3 complete
2025/08/05 14:11:55 StationSystem update...
2025/08/05 14:11:55 weather update count: 900
2025/08/05 14:11:55 StationSystem update time: 7.5µs
2025/08/05 14:11:55 SatelliteSystem update...
2025/08/05 14:11:55 satellite count: 1800
2025/08/05 14:11:55 SatelliteSystem update time: 6.829921ms
2025/08/05 14:11:55 TopoSystem update...
2025/08/05 14:11:55 TopoSystem: Link count: 1620000
2025/08/05 14:11:55 TopoSystem update time: 33.921772ms
2025/08/05 14:11:55 AttenuationSystem update...
2025/08/05 14:11:55 AttenuationSystem parallel flag: 1
2025/08/05 14:11:56 Attenuation computed count: 1620000
2025/08/05 14:11:56 AttenuationSystem update time: 926.972789ms
2025/08/05 14:11:56 Run 4 complete
2025/08/05 14:11:56 StationSystem update...
2025/08/05 14:11:56 weather update count: 900
2025/08/05 14:11:56 StationSystem update time: 5.263µs
2025/08/05 14:11:56 SatelliteSystem update...
2025/08/05 14:11:56 satellite count: 1800
2025/08/05 14:11:56 SatelliteSystem update time: 6.911692ms
2025/08/05 14:11:56 TopoSystem update...
2025/08/05 14:11:56 TopoSystem: Link count: 1620000
2025/08/05 14:11:56 TopoSystem update time: 27.254089ms
2025/08/05 14:11:56 AttenuationSystem update...
2025/08/05 14:11:56 AttenuationSystem parallel flag: 1
2025/08/05 14:11:57 Attenuation computed count: 1620000
2025/08/05 14:11:57 AttenuationSystem update time: 981.766552ms
2025/08/05 14:11:57 Run 5 complete
2025/08/05 14:11:57 StationSystem update...
2025/08/05 14:11:57 weather update count: 900
2025/08/05 14:11:57 StationSystem update time: 6.938µs
2025/08/05 14:11:57 SatelliteSystem update...
2025/08/05 14:11:57 satellite count: 1800
2025/08/05 14:11:57 SatelliteSystem update time: 6.991301ms
2025/08/05 14:11:57 TopoSystem update...
2025/08/05 14:11:57 TopoSystem: Link count: 1620000
2025/08/05 14:11:57 TopoSystem update time: 25.803181ms
2025/08/05 14:11:57 AttenuationSystem update...
2025/08/05 14:11:57 AttenuationSystem parallel flag: 1
2025/08/05 14:11:58 Attenuation computed count: 1620000
2025/08/05 14:11:58 AttenuationSystem update time: 937.210026ms
2025/08/05 14:11:58 Run 6 complete
2025/08/05 14:11:58 StationSystem update...
2025/08/05 14:11:58 weather update count: 900
2025/08/05 14:11:58 StationSystem update time: 13.33µs
2025/08/05 14:11:58 SatelliteSystem update...
2025/08/05 14:11:58 satellite count: 1800
2025/08/05 14:11:58 SatelliteSystem update time: 5.507783ms
2025/08/05 14:11:58 TopoSystem update...
2025/08/05 14:11:58 TopoSystem: Link count: 1620000
2025/08/05 14:11:58 TopoSystem update time: 37.634903ms
2025/08/05 14:11:58 AttenuationSystem update...
2025/08/05 14:11:58 AttenuationSystem parallel flag: 1
2025/08/05 14:11:58 Attenuation computed count: 1620000
2025/08/05 14:11:58 AttenuationSystem update time: 942.663706ms
2025/08/05 14:11:58 Run 7 complete
2025/08/05 14:11:58 StationSystem update...
2025/08/05 14:11:58 weather update count: 900
2025/08/05 14:11:58 StationSystem update time: 5.814µs
2025/08/05 14:11:58 SatelliteSystem update...
2025/08/05 14:11:58 satellite count: 1800
2025/08/05 14:11:58 SatelliteSystem update time: 6.854986ms
2025/08/05 14:11:58 TopoSystem update...
2025/08/05 14:11:59 TopoSystem: Link count: 1620000
2025/08/05 14:11:59 TopoSystem update time: 42.18064ms
2025/08/05 14:11:59 AttenuationSystem update...
2025/08/05 14:11:59 AttenuationSystem parallel flag: 1
2025/08/05 14:11:59 Attenuation computed count: 1620000
2025/08/05 14:11:59 AttenuationSystem update time: 938.80174ms
2025/08/05 14:11:59 Run 8 complete
2025/08/05 14:11:59 StationSystem update...
2025/08/05 14:11:59 weather update count: 900
2025/08/05 14:11:59 StationSystem update time: 11.536µs
2025/08/05 14:11:59 SatelliteSystem update...
2025/08/05 14:11:59 satellite count: 1800
2025/08/05 14:11:59 SatelliteSystem update time: 7.464401ms
2025/08/05 14:11:59 TopoSystem update...
2025/08/05 14:12:00 TopoSystem: Link count: 1620000
2025/08/05 14:12:00 TopoSystem update time: 92.172261ms
2025/08/05 14:12:00 AttenuationSystem update...
2025/08/05 14:12:00 AttenuationSystem parallel flag: 1
2025/08/05 14:12:01 Attenuation computed count: 1620000
2025/08/05 14:12:01 AttenuationSystem update time: 924.894383ms
2025/08/05 14:12:01 Run 9 complete
2025/08/05 14:12:01 StationSystem update...
2025/08/05 14:12:01 weather update count: 900
2025/08/05 14:12:01 StationSystem update time: 5.407µs
2025/08/05 14:12:01 SatelliteSystem update...
2025/08/05 14:12:01 satellite count: 1800
2025/08/05 14:12:01 SatelliteSystem update time: 6.819171ms
2025/08/05 14:12:01 TopoSystem update...
2025/08/05 14:12:01 TopoSystem: Link count: 1620000
2025/08/05 14:12:01 TopoSystem update time: 74.919278ms
2025/08/05 14:12:01 AttenuationSystem update...
2025/08/05 14:12:01 AttenuationSystem parallel flag: 1
2025/08/05 14:12:02 Attenuation computed count: 1620000
2025/08/05 14:12:02 AttenuationSystem update time: 940.55376ms
2025/08/05 14:12:02 Run 10 complete
2025/08/05 14:12:02 Total update time:  10.328381916s
2025/08/05 14:12:02 linkCache size: 40

 Performance counter stats for './scale_ecs 900 1800 10 4 8 1':

        39,480,870      cache-references                                                      
        11,994,852      cache-misses                     #   30.38% of all cache refs         

      10.343568911 seconds time elapsed

      35.575227000 seconds user
       0.365094000 seconds sys


