ECS running with 500 stations, 1500 satellites, 4 numWGs and 4 numBlocks for 10 rounds in 1 parallel pattern
2025/08/05 11:57:21 StationSystem update...
2025/08/05 11:57:21 weather update count: 500
2025/08/05 11:57:21 StationSystem update time: 4.946µs
2025/08/05 11:57:21 SatelliteSystem update...
2025/08/05 11:57:21 satellite count: 1500
2025/08/05 11:57:21 SatelliteSystem update time: 5.690791ms
2025/08/05 11:57:21 TopoSystem update...
2025/08/05 11:57:21 TopoSystem: Link count: 750000
2025/08/05 11:57:21 TopoSystem update time: 23.484068ms
2025/08/05 11:57:21 AttenuationSystem update...
2025/08/05 11:57:21 AttenuationSystem parallel flag: 1
2025/08/05 11:57:22 Attenuation computed count: 750000
2025/08/05 11:57:22 AttenuationSystem update time: 431.089013ms
2025/08/05 11:57:22 Run 1 complete
2025/08/05 11:57:22 StationSystem update...
2025/08/05 11:57:22 weather update count: 500
2025/08/05 11:57:22 StationSystem update time: 3.758µs
2025/08/05 11:57:22 SatelliteSystem update...
2025/08/05 11:57:22 satellite count: 1500
2025/08/05 11:57:22 SatelliteSystem update time: 5.710251ms
2025/08/05 11:57:22 TopoSystem update...
2025/08/05 11:57:22 TopoSystem: Link count: 750000
2025/08/05 11:57:22 TopoSystem update time: 20.478156ms
2025/08/05 11:57:22 AttenuationSystem update...
2025/08/05 11:57:22 AttenuationSystem parallel flag: 1
2025/08/05 11:57:22 Attenuation computed count: 750000
2025/08/05 11:57:22 AttenuationSystem update time: 427.825531ms
2025/08/05 11:57:22 Run 2 complete
2025/08/05 11:57:22 StationSystem update...
2025/08/05 11:57:22 weather update count: 500
2025/08/05 11:57:22 StationSystem update time: 4.052µs
2025/08/05 11:57:22 SatelliteSystem update...
2025/08/05 11:57:22 satellite count: 1500
2025/08/05 11:57:22 SatelliteSystem update time: 4.235315ms
2025/08/05 11:57:22 TopoSystem update...
2025/08/05 11:57:22 TopoSystem: Link count: 750000
2025/08/05 11:57:22 TopoSystem update time: 11.629745ms
2025/08/05 11:57:22 AttenuationSystem update...
2025/08/05 11:57:22 AttenuationSystem parallel flag: 1
2025/08/05 11:57:23 Attenuation computed count: 750000
2025/08/05 11:57:23 AttenuationSystem update time: 448.509748ms
2025/08/05 11:57:23 Run 3 complete
2025/08/05 11:57:23 StationSystem update...
2025/08/05 11:57:23 weather update count: 500
2025/08/05 11:57:23 StationSystem update time: 4.212µs
2025/08/05 11:57:23 SatelliteSystem update...
2025/08/05 11:57:23 satellite count: 1500
2025/08/05 11:57:23 SatelliteSystem update time: 5.833105ms
2025/08/05 11:57:23 TopoSystem update...
2025/08/05 11:57:23 TopoSystem: Link count: 750000
2025/08/05 11:57:23 TopoSystem update time: 12.143451ms
2025/08/05 11:57:23 AttenuationSystem update...
2025/08/05 11:57:23 AttenuationSystem parallel flag: 1
2025/08/05 11:57:23 Attenuation computed count: 750000
2025/08/05 11:57:23 AttenuationSystem update time: 468.795143ms
2025/08/05 11:57:23 Run 4 complete
2025/08/05 11:57:23 StationSystem update...
2025/08/05 11:57:23 weather update count: 500
2025/08/05 11:57:23 StationSystem update time: 8.37µs
2025/08/05 11:57:23 SatelliteSystem update...
2025/08/05 11:57:23 satellite count: 1500
2025/08/05 11:57:23 SatelliteSystem update time: 6.803599ms
2025/08/05 11:57:23 TopoSystem update...
2025/08/05 11:57:23 TopoSystem: Link count: 750000
2025/08/05 11:57:23 TopoSystem update time: 39.722616ms
2025/08/05 11:57:23 AttenuationSystem update...
2025/08/05 11:57:23 AttenuationSystem parallel flag: 1
2025/08/05 11:57:24 Attenuation computed count: 750000
2025/08/05 11:57:24 AttenuationSystem update time: 459.723784ms
2025/08/05 11:57:24 Run 5 complete
2025/08/05 11:57:24 StationSystem update...
2025/08/05 11:57:24 weather update count: 500
2025/08/05 11:57:24 StationSystem update time: 3.543µs
2025/08/05 11:57:24 SatelliteSystem update...
2025/08/05 11:57:24 satellite count: 1500
2025/08/05 11:57:24 SatelliteSystem update time: 5.712401ms
2025/08/05 11:57:24 TopoSystem update...
2025/08/05 11:57:24 TopoSystem: Link count: 750000
2025/08/05 11:57:24 TopoSystem update time: 23.112207ms
2025/08/05 11:57:24 AttenuationSystem update...
2025/08/05 11:57:24 AttenuationSystem parallel flag: 1
2025/08/05 11:57:24 Attenuation computed count: 750000
2025/08/05 11:57:24 AttenuationSystem update time: 427.73614ms
2025/08/05 11:57:24 Run 6 complete
2025/08/05 11:57:24 StationSystem update...
2025/08/05 11:57:24 weather update count: 500
2025/08/05 11:57:24 StationSystem update time: 3.594µs
2025/08/05 11:57:24 SatelliteSystem update...
2025/08/05 11:57:24 satellite count: 1500
2025/08/05 11:57:24 SatelliteSystem update time: 4.229851ms
2025/08/05 11:57:24 TopoSystem update...
2025/08/05 11:57:24 TopoSystem: Link count: 750000
2025/08/05 11:57:24 TopoSystem update time: 10.375286ms
2025/08/05 11:57:24 AttenuationSystem update...
2025/08/05 11:57:24 AttenuationSystem parallel flag: 1
2025/08/05 11:57:25 Attenuation computed count: 750000
2025/08/05 11:57:25 AttenuationSystem update time: 447.466627ms
2025/08/05 11:57:25 Run 7 complete
2025/08/05 11:57:25 StationSystem update...
2025/08/05 11:57:25 weather update count: 500
2025/08/05 11:57:25 StationSystem update time: 4.011µs
2025/08/05 11:57:25 SatelliteSystem update...
2025/08/05 11:57:25 satellite count: 1500
2025/08/05 11:57:25 SatelliteSystem update time: 5.682156ms
2025/08/05 11:57:25 TopoSystem update...
2025/08/05 11:57:25 TopoSystem: Link count: 750000
2025/08/05 11:57:25 TopoSystem update time: 12.377524ms
2025/08/05 11:57:25 AttenuationSystem update...
2025/08/05 11:57:25 AttenuationSystem parallel flag: 1
2025/08/05 11:57:25 Attenuation computed count: 750000
2025/08/05 11:57:25 AttenuationSystem update time: 447.518275ms
2025/08/05 11:57:25 Run 8 complete
2025/08/05 11:57:25 StationSystem update...
2025/08/05 11:57:25 weather update count: 500
2025/08/05 11:57:25 StationSystem update time: 4.358µs
2025/08/05 11:57:25 SatelliteSystem update...
2025/08/05 11:57:25 satellite count: 1500
2025/08/05 11:57:25 SatelliteSystem update time: 5.70151ms
2025/08/05 11:57:25 TopoSystem update...
2025/08/05 11:57:25 TopoSystem: Link count: 750000
2025/08/05 11:57:25 TopoSystem update time: 19.317406ms
2025/08/05 11:57:25 AttenuationSystem update...
2025/08/05 11:57:25 AttenuationSystem parallel flag: 1
2025/08/05 11:57:25 Attenuation computed count: 750000
2025/08/05 11:57:25 AttenuationSystem update time: 476.430849ms
2025/08/05 11:57:25 Run 9 complete
2025/08/05 11:57:25 StationSystem update...
2025/08/05 11:57:25 weather update count: 500
2025/08/05 11:57:25 StationSystem update time: 4.562µs
2025/08/05 11:57:25 SatelliteSystem update...
2025/08/05 11:57:25 satellite count: 1500
2025/08/05 11:57:25 SatelliteSystem update time: 4.213969ms
2025/08/05 11:57:25 TopoSystem update...
2025/08/05 11:57:25 TopoSystem: Link count: 750000
2025/08/05 11:57:25 TopoSystem update time: 9.775209ms
2025/08/05 11:57:25 AttenuationSystem update...
2025/08/05 11:57:25 AttenuationSystem parallel flag: 1
2025/08/05 11:57:26 Attenuation computed count: 750000
2025/08/05 11:57:26 AttenuationSystem update time: 469.835774ms
2025/08/05 11:57:26 Run 10 complete
2025/08/05 11:57:26 Total update time:  4.751547423s
2025/08/05 11:57:26 linkCache size: 40

 Performance counter stats for './scale_ecs 500 1500 10 4 4 1':

        18,131,003      cache-references                                                      
         4,726,991      cache-misses                     #   26.07% of all cache refs         

       4.762405721 seconds time elapsed

      16.815228000 seconds user
       0.131087000 seconds sys


