ECS running with 700 stations, 1200 satellites, 8 numWGs and 4 numBlocks for 10 rounds in 1 parallel pattern
2025/08/05 12:44:54 StationSystem update...
2025/08/05 12:44:54 weather update count: 700
2025/08/05 12:44:54 StationSystem update time: 5.415µs
2025/08/05 12:44:54 SatelliteSystem update...
2025/08/05 12:44:54 satellite count: 1200
2025/08/05 12:44:54 SatelliteSystem update time: 4.556556ms
2025/08/05 12:44:54 TopoSystem update...
2025/08/05 12:44:54 TopoSystem: Link count: 840000
2025/08/05 12:44:54 TopoSystem update time: 26.579701ms
2025/08/05 12:44:54 AttenuationSystem update...
2025/08/05 12:44:54 AttenuationSystem parallel flag: 1
2025/08/05 12:44:54 Attenuation computed count: 840000
2025/08/05 12:44:54 AttenuationSystem update time: 243.116698ms
2025/08/05 12:44:54 Run 1 complete
2025/08/05 12:44:54 StationSystem update...
2025/08/05 12:44:54 weather update count: 700
2025/08/05 12:44:54 StationSystem update time: 6.754µs
2025/08/05 12:44:54 SatelliteSystem update...
2025/08/05 12:44:54 satellite count: 1200
2025/08/05 12:44:54 SatelliteSystem update time: 4.603682ms
2025/08/05 12:44:54 TopoSystem update...
2025/08/05 12:44:54 TopoSystem: Link count: 840000
2025/08/05 12:44:54 TopoSystem update time: 23.775961ms
2025/08/05 12:44:54 AttenuationSystem update...
2025/08/05 12:44:54 AttenuationSystem parallel flag: 1
2025/08/05 12:44:54 Attenuation computed count: 840000
2025/08/05 12:44:54 AttenuationSystem update time: 280.672964ms
2025/08/05 12:44:54 Run 2 complete
2025/08/05 12:44:54 StationSystem update...
2025/08/05 12:44:54 weather update count: 700
2025/08/05 12:44:54 StationSystem update time: 6.204µs
2025/08/05 12:44:54 SatelliteSystem update...
2025/08/05 12:44:54 satellite count: 1200
2025/08/05 12:44:54 SatelliteSystem update time: 4.590649ms
2025/08/05 12:44:54 TopoSystem update...
2025/08/05 12:44:54 TopoSystem: Link count: 840000
2025/08/05 12:44:54 TopoSystem update time: 13.398869ms
2025/08/05 12:44:54 AttenuationSystem update...
2025/08/05 12:44:54 AttenuationSystem parallel flag: 1
2025/08/05 12:44:55 Attenuation computed count: 840000
2025/08/05 12:44:55 AttenuationSystem update time: 264.876461ms
2025/08/05 12:44:55 Run 3 complete
2025/08/05 12:44:55 StationSystem update...
2025/08/05 12:44:55 weather update count: 700
2025/08/05 12:44:55 StationSystem update time: 6.61µs
2025/08/05 12:44:55 SatelliteSystem update...
2025/08/05 12:44:55 satellite count: 1200
2025/08/05 12:44:55 SatelliteSystem update time: 4.546728ms
2025/08/05 12:44:55 TopoSystem update...
2025/08/05 12:44:55 TopoSystem: Link count: 840000
2025/08/05 12:44:55 TopoSystem update time: 13.4617ms
2025/08/05 12:44:55 AttenuationSystem update...
2025/08/05 12:44:55 AttenuationSystem parallel flag: 1
2025/08/05 12:44:55 Attenuation computed count: 840000
2025/08/05 12:44:55 AttenuationSystem update time: 249.338863ms
2025/08/05 12:44:55 Run 4 complete
2025/08/05 12:44:55 StationSystem update...
2025/08/05 12:44:55 weather update count: 700
2025/08/05 12:44:55 StationSystem update time: 5.659µs
2025/08/05 12:44:55 SatelliteSystem update...
2025/08/05 12:44:55 satellite count: 1200
2025/08/05 12:44:55 SatelliteSystem update time: 4.551995ms
2025/08/05 12:44:55 TopoSystem update...
2025/08/05 12:44:55 TopoSystem: Link count: 840000
2025/08/05 12:44:55 TopoSystem update time: 11.912238ms
2025/08/05 12:44:55 AttenuationSystem update...
2025/08/05 12:44:55 AttenuationSystem parallel flag: 1
2025/08/05 12:44:55 Attenuation computed count: 840000
2025/08/05 12:44:55 AttenuationSystem update time: 277.068147ms
2025/08/05 12:44:55 Run 5 complete
2025/08/05 12:44:55 StationSystem update...
2025/08/05 12:44:55 weather update count: 700
2025/08/05 12:44:55 StationSystem update time: 23.398µs
2025/08/05 12:44:55 SatelliteSystem update...
2025/08/05 12:44:55 satellite count: 1200
2025/08/05 12:44:55 SatelliteSystem update time: 4.928463ms
2025/08/05 12:44:55 TopoSystem update...
2025/08/05 12:44:55 TopoSystem: Link count: 840000
2025/08/05 12:44:55 TopoSystem update time: 41.535017ms
2025/08/05 12:44:55 AttenuationSystem update...
2025/08/05 12:44:55 AttenuationSystem parallel flag: 1
2025/08/05 12:44:55 Attenuation computed count: 840000
2025/08/05 12:44:55 AttenuationSystem update time: 282.104177ms
2025/08/05 12:44:55 Run 6 complete
2025/08/05 12:44:55 StationSystem update...
2025/08/05 12:44:55 weather update count: 700
2025/08/05 12:44:55 StationSystem update time: 4.784µs
2025/08/05 12:44:55 SatelliteSystem update...
2025/08/05 12:44:55 satellite count: 1200
2025/08/05 12:44:55 SatelliteSystem update time: 4.542858ms
2025/08/05 12:44:55 TopoSystem update...
2025/08/05 12:44:55 TopoSystem: Link count: 840000
2025/08/05 12:44:55 TopoSystem update time: 21.535458ms
2025/08/05 12:44:55 AttenuationSystem update...
2025/08/05 12:44:55 AttenuationSystem parallel flag: 1
2025/08/05 12:44:56 Attenuation computed count: 840000
2025/08/05 12:44:56 AttenuationSystem update time: 270.564425ms
2025/08/05 12:44:56 Run 7 complete
2025/08/05 12:44:56 StationSystem update...
2025/08/05 12:44:56 weather update count: 700
2025/08/05 12:44:56 StationSystem update time: 4.819µs
2025/08/05 12:44:56 SatelliteSystem update...
2025/08/05 12:44:56 satellite count: 1200
2025/08/05 12:44:56 SatelliteSystem update time: 4.538357ms
2025/08/05 12:44:56 TopoSystem update...
2025/08/05 12:44:56 TopoSystem: Link count: 840000
2025/08/05 12:44:56 TopoSystem update time: 11.767867ms
2025/08/05 12:44:56 AttenuationSystem update...
2025/08/05 12:44:56 AttenuationSystem parallel flag: 1
2025/08/05 12:44:56 Attenuation computed count: 840000
2025/08/05 12:44:56 AttenuationSystem update time: 256.598685ms
2025/08/05 12:44:56 Run 8 complete
2025/08/05 12:44:56 StationSystem update...
2025/08/05 12:44:56 weather update count: 700
2025/08/05 12:44:56 StationSystem update time: 4.728µs
2025/08/05 12:44:56 SatelliteSystem update...
2025/08/05 12:44:56 satellite count: 1200
2025/08/05 12:44:56 SatelliteSystem update time: 4.570019ms
2025/08/05 12:44:56 TopoSystem update...
2025/08/05 12:44:56 TopoSystem: Link count: 840000
2025/08/05 12:44:56 TopoSystem update time: 13.595584ms
2025/08/05 12:44:56 AttenuationSystem update...
2025/08/05 12:44:56 AttenuationSystem parallel flag: 1
2025/08/05 12:44:56 Attenuation computed count: 840000
2025/08/05 12:44:56 AttenuationSystem update time: 282.581555ms
2025/08/05 12:44:56 Run 9 complete
2025/08/05 12:44:56 StationSystem update...
2025/08/05 12:44:56 weather update count: 700
2025/08/05 12:44:56 StationSystem update time: 4.902µs
2025/08/05 12:44:56 SatelliteSystem update...
2025/08/05 12:44:56 satellite count: 1200
2025/08/05 12:44:56 SatelliteSystem update time: 4.548407ms
2025/08/05 12:44:56 TopoSystem update...
2025/08/05 12:44:56 TopoSystem: Link count: 840000
2025/08/05 12:44:56 TopoSystem update time: 13.411044ms
2025/08/05 12:44:56 AttenuationSystem update...
2025/08/05 12:44:56 AttenuationSystem parallel flag: 1
2025/08/05 12:44:57 Attenuation computed count: 840000
2025/08/05 12:44:57 AttenuationSystem update time: 296.710391ms
2025/08/05 12:44:57 Run 10 complete
2025/08/05 12:44:57 Total update time:  2.948560676s
2025/08/05 12:44:57 linkCache size: 40

 Performance counter stats for './scale_ecs 700 1200 10 8 4 1':

        19,301,213      cache-references                                                      
         4,291,922      cache-misses                     #   22.24% of all cache refs         

       2.959731238 seconds time elapsed

      18.902546000 seconds user
       0.115070000 seconds sys


