ECS running with 600 stations, 500 satellites, 8 numWGs and 8 numBlocks for 10 rounds in 0 parallel pattern
2025/08/05 12:08:39 StationSystem update...
2025/08/05 12:08:39 weather update count: 600
2025/08/05 12:08:39 StationSystem update time: 4.327µs
2025/08/05 12:08:39 SatelliteSystem update...
2025/08/05 12:08:39 satellite count: 500
2025/08/05 12:08:39 SatelliteSystem update time: 1.916795ms
2025/08/05 12:08:39 TopoSystem update...
2025/08/05 12:08:39 TopoSystem: Link count: 300000
2025/08/05 12:08:39 TopoSystem update time: 12.740844ms
2025/08/05 12:08:39 AttenuationSystem update...
2025/08/05 12:08:39 AttenuationSystem parallel flag: 0
2025/08/05 12:08:39 Attenuation computed count: 300000
2025/08/05 12:08:39 AttenuationSystem update time: 87.537303ms
2025/08/05 12:08:39 Run 1 complete
2025/08/05 12:08:39 StationSystem update...
2025/08/05 12:08:39 weather update count: 600
2025/08/05 12:08:39 StationSystem update time: 5.193µs
2025/08/05 12:08:39 SatelliteSystem update...
2025/08/05 12:08:39 satellite count: 500
2025/08/05 12:08:39 SatelliteSystem update time: 1.916854ms
2025/08/05 12:08:39 TopoSystem update...
2025/08/05 12:08:39 TopoSystem: Link count: 300000
2025/08/05 12:08:39 TopoSystem update time: 6.887551ms
2025/08/05 12:08:39 AttenuationSystem update...
2025/08/05 12:08:39 AttenuationSystem parallel flag: 0
2025/08/05 12:08:39 Attenuation computed count: 300000
2025/08/05 12:08:39 AttenuationSystem update time: 95.660313ms
2025/08/05 12:08:39 Run 2 complete
2025/08/05 12:08:39 StationSystem update...
2025/08/05 12:08:39 weather update count: 600
2025/08/05 12:08:39 StationSystem update time: 3.961µs
2025/08/05 12:08:39 SatelliteSystem update...
2025/08/05 12:08:39 satellite count: 500
2025/08/05 12:08:39 SatelliteSystem update time: 1.911668ms
2025/08/05 12:08:39 TopoSystem update...
2025/08/05 12:08:39 TopoSystem: Link count: 300000
2025/08/05 12:08:39 TopoSystem update time: 7.951932ms
2025/08/05 12:08:39 AttenuationSystem update...
2025/08/05 12:08:39 AttenuationSystem parallel flag: 0
2025/08/05 12:08:40 Attenuation computed count: 300000
2025/08/05 12:08:40 AttenuationSystem update time: 92.296206ms
2025/08/05 12:08:40 Run 3 complete
2025/08/05 12:08:40 StationSystem update...
2025/08/05 12:08:40 weather update count: 600
2025/08/05 12:08:40 StationSystem update time: 5.798µs
2025/08/05 12:08:40 SatelliteSystem update...
2025/08/05 12:08:40 satellite count: 500
2025/08/05 12:08:40 SatelliteSystem update time: 1.913088ms
2025/08/05 12:08:40 TopoSystem update...
2025/08/05 12:08:40 TopoSystem: Link count: 300000
2025/08/05 12:08:40 TopoSystem update time: 4.913444ms
2025/08/05 12:08:40 AttenuationSystem update...
2025/08/05 12:08:40 AttenuationSystem parallel flag: 0
2025/08/05 12:08:40 Attenuation computed count: 300000
2025/08/05 12:08:40 AttenuationSystem update time: 98.343951ms
2025/08/05 12:08:40 Run 4 complete
2025/08/05 12:08:40 StationSystem update...
2025/08/05 12:08:40 weather update count: 600
2025/08/05 12:08:40 StationSystem update time: 4.028µs
2025/08/05 12:08:40 SatelliteSystem update...
2025/08/05 12:08:40 satellite count: 500
2025/08/05 12:08:40 SatelliteSystem update time: 1.911849ms
2025/08/05 12:08:40 TopoSystem update...
2025/08/05 12:08:40 TopoSystem: Link count: 300000
2025/08/05 12:08:40 TopoSystem update time: 5.109935ms
2025/08/05 12:08:40 AttenuationSystem update...
2025/08/05 12:08:40 AttenuationSystem parallel flag: 0
2025/08/05 12:08:40 Attenuation computed count: 300000
2025/08/05 12:08:40 AttenuationSystem update time: 90.632139ms
2025/08/05 12:08:40 Run 5 complete
2025/08/05 12:08:40 StationSystem update...
2025/08/05 12:08:40 weather update count: 600
2025/08/05 12:08:40 StationSystem update time: 4.594µs
2025/08/05 12:08:40 SatelliteSystem update...
2025/08/05 12:08:40 satellite count: 500
2025/08/05 12:08:40 SatelliteSystem update time: 1.923937ms
2025/08/05 12:08:40 TopoSystem update...
2025/08/05 12:08:40 TopoSystem: Link count: 300000
2025/08/05 12:08:40 TopoSystem update time: 5.158812ms
2025/08/05 12:08:40 AttenuationSystem update...
2025/08/05 12:08:40 AttenuationSystem parallel flag: 0
2025/08/05 12:08:40 Attenuation computed count: 300000
2025/08/05 12:08:40 AttenuationSystem update time: 100.42783ms
2025/08/05 12:08:40 Run 6 complete
2025/08/05 12:08:40 StationSystem update...
2025/08/05 12:08:40 weather update count: 600
2025/08/05 12:08:40 StationSystem update time: 4.668µs
2025/08/05 12:08:40 SatelliteSystem update...
2025/08/05 12:08:40 satellite count: 500
2025/08/05 12:08:40 SatelliteSystem update time: 1.924375ms
2025/08/05 12:08:40 TopoSystem update...
2025/08/05 12:08:40 TopoSystem: Link count: 300000
2025/08/05 12:08:40 TopoSystem update time: 6.488229ms
2025/08/05 12:08:40 AttenuationSystem update...
2025/08/05 12:08:40 AttenuationSystem parallel flag: 0
2025/08/05 12:08:40 Attenuation computed count: 300000
2025/08/05 12:08:40 AttenuationSystem update time: 98.793242ms
2025/08/05 12:08:40 Run 7 complete
2025/08/05 12:08:40 StationSystem update...
2025/08/05 12:08:40 weather update count: 600
2025/08/05 12:08:40 StationSystem update time: 5.356µs
2025/08/05 12:08:40 SatelliteSystem update...
2025/08/05 12:08:40 satellite count: 500
2025/08/05 12:08:40 SatelliteSystem update time: 2.239455ms
2025/08/05 12:08:40 TopoSystem update...
2025/08/05 12:08:40 TopoSystem: Link count: 300000
2025/08/05 12:08:40 TopoSystem update time: 5.243776ms
2025/08/05 12:08:40 AttenuationSystem update...
2025/08/05 12:08:40 AttenuationSystem parallel flag: 0
2025/08/05 12:08:40 Attenuation computed count: 300000
2025/08/05 12:08:40 AttenuationSystem update time: 106.408311ms
2025/08/05 12:08:40 Run 8 complete
2025/08/05 12:08:40 StationSystem update...
2025/08/05 12:08:40 weather update count: 600
2025/08/05 12:08:40 StationSystem update time: 3.876µs
2025/08/05 12:08:40 SatelliteSystem update...
2025/08/05 12:08:40 satellite count: 500
2025/08/05 12:08:40 SatelliteSystem update time: 1.913572ms
2025/08/05 12:08:40 TopoSystem update...
2025/08/05 12:08:40 TopoSystem: Link count: 300000
2025/08/05 12:08:40 TopoSystem update time: 5.718881ms
2025/08/05 12:08:40 AttenuationSystem update...
2025/08/05 12:08:40 AttenuationSystem parallel flag: 0
2025/08/05 12:08:40 Attenuation computed count: 300000
2025/08/05 12:08:40 AttenuationSystem update time: 98.74857ms
2025/08/05 12:08:40 Run 9 complete
2025/08/05 12:08:40 StationSystem update...
2025/08/05 12:08:40 weather update count: 600
2025/08/05 12:08:40 StationSystem update time: 3.896µs
2025/08/05 12:08:40 SatelliteSystem update...
2025/08/05 12:08:40 satellite count: 500
2025/08/05 12:08:40 SatelliteSystem update time: 1.583701ms
2025/08/05 12:08:40 TopoSystem update...
2025/08/05 12:08:40 TopoSystem: Link count: 300000
2025/08/05 12:08:40 TopoSystem update time: 5.340492ms
2025/08/05 12:08:40 AttenuationSystem update...
2025/08/05 12:08:40 AttenuationSystem parallel flag: 0
2025/08/05 12:08:40 Attenuation computed count: 300000
2025/08/05 12:08:40 AttenuationSystem update time: 109.599569ms
2025/08/05 12:08:40 Run 10 complete
2025/08/05 12:08:40 Total update time:  1.065676298s
2025/08/05 12:08:40 linkCache size: 40

 Performance counter stats for './scale_ecs 600 500 10 8 8 0':

         6,471,250      cache-references                                                      
         1,535,191      cache-misses                     #   23.72% of all cache refs         

       1.070581993 seconds time elapsed

       7.071462000 seconds user
       0.043946000 seconds sys


