ECS running with 800 stations, 1500 satellites, 2 numWGs and 2 numBlocks for 10 rounds in 0 parallel pattern
2025/08/05 13:22:45 StationSystem update...
2025/08/05 13:22:45 weather update count: 800
2025/08/05 13:22:45 StationSystem update time: 6.717µs
2025/08/05 13:22:45 SatelliteSystem update...
2025/08/05 13:22:45 satellite count: 1500
2025/08/05 13:22:45 SatelliteSystem update time: 6.171031ms
2025/08/05 13:22:45 TopoSystem update...
2025/08/05 13:22:45 TopoSystem: Link count: 1200000
2025/08/05 13:22:45 TopoSystem update time: 45.529969ms
2025/08/05 13:22:45 AttenuationSystem update...
2025/08/05 13:22:45 AttenuationSystem parallel flag: 0
2025/08/05 13:22:46 Attenuation computed count: 1200000
2025/08/05 13:22:46 AttenuationSystem update time: 1.461094865s
2025/08/05 13:22:46 Run 1 complete
2025/08/05 13:22:46 StationSystem update...
2025/08/05 13:22:46 weather update count: 800
2025/08/05 13:22:46 StationSystem update time: 12.108µs
2025/08/05 13:22:46 SatelliteSystem update...
2025/08/05 13:22:46 satellite count: 1500
2025/08/05 13:22:46 SatelliteSystem update time: 6.359028ms
2025/08/05 13:22:46 TopoSystem update...
2025/08/05 13:22:47 TopoSystem: Link count: 1200000
2025/08/05 13:22:47 TopoSystem update time: 69.227602ms
2025/08/05 13:22:47 AttenuationSystem update...
2025/08/05 13:22:47 AttenuationSystem parallel flag: 0
2025/08/05 13:22:48 Attenuation computed count: 1200000
2025/08/05 13:22:48 AttenuationSystem update time: 1.397588162s
2025/08/05 13:22:48 Run 2 complete
2025/08/05 13:22:48 StationSystem update...
2025/08/05 13:22:48 weather update count: 800
2025/08/05 13:22:48 StationSystem update time: 8.694µs
2025/08/05 13:22:48 SatelliteSystem update...
2025/08/05 13:22:48 satellite count: 1500
2025/08/05 13:22:48 SatelliteSystem update time: 5.725196ms
2025/08/05 13:22:48 TopoSystem update...
2025/08/05 13:22:48 TopoSystem: Link count: 1200000
2025/08/05 13:22:48 TopoSystem update time: 65.797517ms
2025/08/05 13:22:48 AttenuationSystem update...
2025/08/05 13:22:48 AttenuationSystem parallel flag: 0
2025/08/05 13:22:49 Attenuation computed count: 1200000
2025/08/05 13:22:49 AttenuationSystem update time: 1.417361854s
2025/08/05 13:22:49 Run 3 complete
2025/08/05 13:22:49 StationSystem update...
2025/08/05 13:22:49 weather update count: 800
2025/08/05 13:22:49 StationSystem update time: 26.32µs
2025/08/05 13:22:49 SatelliteSystem update...
2025/08/05 13:22:49 satellite count: 1500
2025/08/05 13:22:49 SatelliteSystem update time: 7.321022ms
2025/08/05 13:22:49 TopoSystem update...
2025/08/05 13:22:49 TopoSystem: Link count: 1200000
2025/08/05 13:22:49 TopoSystem update time: 50.598013ms
2025/08/05 13:22:49 AttenuationSystem update...
2025/08/05 13:22:49 AttenuationSystem parallel flag: 0
2025/08/05 13:22:51 Attenuation computed count: 1200000
2025/08/05 13:22:51 AttenuationSystem update time: 1.409092983s
2025/08/05 13:22:51 Run 4 complete
2025/08/05 13:22:51 StationSystem update...
2025/08/05 13:22:51 weather update count: 800
2025/08/05 13:22:51 StationSystem update time: 5.384µs
2025/08/05 13:22:51 SatelliteSystem update...
2025/08/05 13:22:51 satellite count: 1500
2025/08/05 13:22:51 SatelliteSystem update time: 5.7532ms
2025/08/05 13:22:51 TopoSystem update...
2025/08/05 13:22:51 TopoSystem: Link count: 1200000
2025/08/05 13:22:51 TopoSystem update time: 44.864321ms
2025/08/05 13:22:51 AttenuationSystem update...
2025/08/05 13:22:51 AttenuationSystem parallel flag: 0
2025/08/05 13:22:52 Attenuation computed count: 1200000
2025/08/05 13:22:52 AttenuationSystem update time: 1.497213111s
2025/08/05 13:22:52 Run 5 complete
2025/08/05 13:22:52 StationSystem update...
2025/08/05 13:22:52 weather update count: 800
2025/08/05 13:22:52 StationSystem update time: 19.117µs
2025/08/05 13:22:52 SatelliteSystem update...
2025/08/05 13:22:52 satellite count: 1500
2025/08/05 13:22:52 SatelliteSystem update time: 6.392542ms
2025/08/05 13:22:52 TopoSystem update...
2025/08/05 13:22:53 TopoSystem: Link count: 1200000
2025/08/05 13:22:53 TopoSystem update time: 66.989942ms
2025/08/05 13:22:53 AttenuationSystem update...
2025/08/05 13:22:53 AttenuationSystem parallel flag: 0
2025/08/05 13:22:54 Attenuation computed count: 1200000
2025/08/05 13:22:54 AttenuationSystem update time: 1.411527819s
2025/08/05 13:22:54 Run 6 complete
2025/08/05 13:22:54 StationSystem update...
2025/08/05 13:22:54 weather update count: 800
2025/08/05 13:22:54 StationSystem update time: 8.17µs
2025/08/05 13:22:54 SatelliteSystem update...
2025/08/05 13:22:54 satellite count: 1500
2025/08/05 13:22:54 SatelliteSystem update time: 5.823904ms
2025/08/05 13:22:54 TopoSystem update...
2025/08/05 13:22:54 TopoSystem: Link count: 1200000
2025/08/05 13:22:54 TopoSystem update time: 66.460907ms
2025/08/05 13:22:54 AttenuationSystem update...
2025/08/05 13:22:54 AttenuationSystem parallel flag: 0
2025/08/05 13:22:55 Attenuation computed count: 1200000
2025/08/05 13:22:55 AttenuationSystem update time: 1.410462203s
2025/08/05 13:22:55 Run 7 complete
2025/08/05 13:22:55 StationSystem update...
2025/08/05 13:22:55 weather update count: 800
2025/08/05 13:22:55 StationSystem update time: 10.627µs
2025/08/05 13:22:55 SatelliteSystem update...
2025/08/05 13:22:55 satellite count: 1500
2025/08/05 13:22:55 SatelliteSystem update time: 5.806703ms
2025/08/05 13:22:55 TopoSystem update...
2025/08/05 13:22:55 TopoSystem: Link count: 1200000
2025/08/05 13:22:55 TopoSystem update time: 43.500124ms
2025/08/05 13:22:55 AttenuationSystem update...
2025/08/05 13:22:55 AttenuationSystem parallel flag: 0
2025/08/05 13:22:57 Attenuation computed count: 1200000
2025/08/05 13:22:57 AttenuationSystem update time: 1.497665062s
2025/08/05 13:22:57 Run 8 complete
2025/08/05 13:22:57 StationSystem update...
2025/08/05 13:22:57 weather update count: 800
2025/08/05 13:22:57 StationSystem update time: 5.711µs
2025/08/05 13:22:57 SatelliteSystem update...
2025/08/05 13:22:57 satellite count: 1500
2025/08/05 13:22:57 SatelliteSystem update time: 5.786839ms
2025/08/05 13:22:57 TopoSystem update...
2025/08/05 13:22:57 TopoSystem: Link count: 1200000
2025/08/05 13:22:57 TopoSystem update time: 24.56429ms
2025/08/05 13:22:57 AttenuationSystem update...
2025/08/05 13:22:57 AttenuationSystem parallel flag: 0
2025/08/05 13:22:58 Attenuation computed count: 1200000
2025/08/05 13:22:58 AttenuationSystem update time: 1.407553547s
2025/08/05 13:22:58 Run 9 complete
2025/08/05 13:22:58 StationSystem update...
2025/08/05 13:22:58 weather update count: 800
2025/08/05 13:22:58 StationSystem update time: 5.082µs
2025/08/05 13:22:58 SatelliteSystem update...
2025/08/05 13:22:58 satellite count: 1500
2025/08/05 13:22:58 SatelliteSystem update time: 5.723261ms
2025/08/05 13:22:58 TopoSystem update...
2025/08/05 13:22:58 TopoSystem: Link count: 1200000
2025/08/05 13:22:58 TopoSystem update time: 24.658978ms
2025/08/05 13:22:58 AttenuationSystem update...
2025/08/05 13:22:58 AttenuationSystem parallel flag: 0
2025/08/05 13:23:00 Attenuation computed count: 1200000
2025/08/05 13:23:00 AttenuationSystem update time: 1.322409729s
2025/08/05 13:23:00 Run 10 complete
2025/08/05 13:23:00 Total update time:  14.809373139s
2025/08/05 13:23:00 linkCache size: 40

 Performance counter stats for './scale_ecs 800 1500 10 2 2 0':

        29,400,067      cache-references                                                      
         8,980,294      cache-misses                     #   30.55% of all cache refs         

      14.825570612 seconds time elapsed

      28.568460000 seconds user
       0.359018000 seconds sys


