ECS running with 500 stations, 1900 satellites, 4 numWGs and 8 numBlocks for 10 rounds in 1 parallel pattern
2025/08/05 12:05:06 StationSystem update...
2025/08/05 12:05:06 weather update count: 500
2025/08/05 12:05:06 SatelliteSystem update...
2025/08/05 12:05:06 StationSystem update time: 4.836µs
2025/08/05 12:05:06 satellite count: 1900
2025/08/05 12:05:06 SatelliteSystem update time: 7.187017ms
2025/08/05 12:05:06 TopoSystem update...
2025/08/05 12:05:06 TopoSystem: Link count: 950000
2025/08/05 12:05:06 TopoSystem update time: 30.939397ms
2025/08/05 12:05:06 AttenuationSystem update...
2025/08/05 12:05:06 AttenuationSystem parallel flag: 1
2025/08/05 12:05:06 Attenuation computed count: 950000
2025/08/05 12:05:06 AttenuationSystem update time: 546.285742ms
2025/08/05 12:05:06 Run 1 complete
2025/08/05 12:05:06 StationSystem update...
2025/08/05 12:05:06 weather update count: 500
2025/08/05 12:05:06 StationSystem update time: 3.539µs
2025/08/05 12:05:06 SatelliteSystem update...
2025/08/05 12:05:06 satellite count: 1900
2025/08/05 12:05:06 SatelliteSystem update time: 7.177165ms
2025/08/05 12:05:06 TopoSystem update...
2025/08/05 12:05:06 TopoSystem: Link count: 950000
2025/08/05 12:05:06 TopoSystem update time: 27.906639ms
2025/08/05 12:05:06 AttenuationSystem update...
2025/08/05 12:05:06 AttenuationSystem parallel flag: 1
2025/08/05 12:05:07 Attenuation computed count: 950000
2025/08/05 12:05:07 AttenuationSystem update time: 556.519919ms
2025/08/05 12:05:07 Run 2 complete
2025/08/05 12:05:07 StationSystem update...
2025/08/05 12:05:07 weather update count: 500
2025/08/05 12:05:07 StationSystem update time: 8.301µs
2025/08/05 12:05:07 SatelliteSystem update...
2025/08/05 12:05:07 satellite count: 1900
2025/08/05 12:05:07 SatelliteSystem update time: 7.746803ms
2025/08/05 12:05:07 TopoSystem update...
2025/08/05 12:05:07 TopoSystem: Link count: 950000
2025/08/05 12:05:07 TopoSystem update time: 42.127903ms
2025/08/05 12:05:07 AttenuationSystem update...
2025/08/05 12:05:07 AttenuationSystem parallel flag: 1
2025/08/05 12:05:07 Attenuation computed count: 950000
2025/08/05 12:05:07 AttenuationSystem update time: 550.787495ms
2025/08/05 12:05:07 Run 3 complete
2025/08/05 12:05:07 StationSystem update...
2025/08/05 12:05:07 weather update count: 500
2025/08/05 12:05:07 StationSystem update time: 4.436µs
2025/08/05 12:05:07 SatelliteSystem update...
2025/08/05 12:05:07 satellite count: 1900
2025/08/05 12:05:07 SatelliteSystem update time: 7.207255ms
2025/08/05 12:05:07 TopoSystem update...
2025/08/05 12:05:07 TopoSystem: Link count: 950000
2025/08/05 12:05:07 TopoSystem update time: 49.853709ms
2025/08/05 12:05:07 AttenuationSystem update...
2025/08/05 12:05:07 AttenuationSystem parallel flag: 1
2025/08/05 12:05:08 Attenuation computed count: 950000
2025/08/05 12:05:08 AttenuationSystem update time: 586.696645ms
2025/08/05 12:05:08 Run 4 complete
2025/08/05 12:05:08 StationSystem update...
2025/08/05 12:05:08 weather update count: 500
2025/08/05 12:05:08 StationSystem update time: 4.078µs
2025/08/05 12:05:08 SatelliteSystem update...
2025/08/05 12:05:08 satellite count: 1900
2025/08/05 12:05:08 SatelliteSystem update time: 7.200839ms
2025/08/05 12:05:08 TopoSystem update...
2025/08/05 12:05:08 TopoSystem: Link count: 950000
2025/08/05 12:05:08 TopoSystem update time: 23.520918ms
2025/08/05 12:05:08 AttenuationSystem update...
2025/08/05 12:05:08 AttenuationSystem parallel flag: 1
2025/08/05 12:05:09 Attenuation computed count: 950000
2025/08/05 12:05:09 AttenuationSystem update time: 614.103443ms
2025/08/05 12:05:09 Run 5 complete
2025/08/05 12:05:09 StationSystem update...
2025/08/05 12:05:09 weather update count: 500
2025/08/05 12:05:09 StationSystem update time: 3.859µs
2025/08/05 12:05:09 SatelliteSystem update...
2025/08/05 12:05:09 satellite count: 1900
2025/08/05 12:05:09 SatelliteSystem update time: 7.196124ms
2025/08/05 12:05:09 TopoSystem update...
2025/08/05 12:05:09 TopoSystem: Link count: 950000
2025/08/05 12:05:09 TopoSystem update time: 15.262634ms
2025/08/05 12:05:09 AttenuationSystem update...
2025/08/05 12:05:09 AttenuationSystem parallel flag: 1
2025/08/05 12:05:09 Attenuation computed count: 950000
2025/08/05 12:05:09 AttenuationSystem update time: 528.916022ms
2025/08/05 12:05:09 Run 6 complete
2025/08/05 12:05:09 StationSystem update...
2025/08/05 12:05:09 weather update count: 500
2025/08/05 12:05:09 StationSystem update time: 3.297µs
2025/08/05 12:05:09 SatelliteSystem update...
2025/08/05 12:05:09 satellite count: 1900
2025/08/05 12:05:09 SatelliteSystem update time: 7.197751ms
2025/08/05 12:05:09 TopoSystem update...
2025/08/05 12:05:09 TopoSystem: Link count: 950000
2025/08/05 12:05:09 TopoSystem update time: 14.815775ms
2025/08/05 12:05:09 AttenuationSystem update...
2025/08/05 12:05:09 AttenuationSystem parallel flag: 1
2025/08/05 12:05:10 Attenuation computed count: 950000
2025/08/05 12:05:10 AttenuationSystem update time: 574.64893ms
2025/08/05 12:05:10 Run 7 complete
2025/08/05 12:05:10 StationSystem update...
2025/08/05 12:05:10 weather update count: 500
2025/08/05 12:05:10 StationSystem update time: 6.174µs
2025/08/05 12:05:10 SatelliteSystem update...
2025/08/05 12:05:10 satellite count: 1900
2025/08/05 12:05:10 SatelliteSystem update time: 7.742823ms
2025/08/05 12:05:10 TopoSystem update...
2025/08/05 12:05:10 TopoSystem: Link count: 950000
2025/08/05 12:05:10 TopoSystem update time: 56.941687ms
2025/08/05 12:05:10 AttenuationSystem update...
2025/08/05 12:05:10 AttenuationSystem parallel flag: 1
2025/08/05 12:05:10 Attenuation computed count: 950000
2025/08/05 12:05:10 AttenuationSystem update time: 565.012023ms
2025/08/05 12:05:10 Run 8 complete
2025/08/05 12:05:10 StationSystem update...
2025/08/05 12:05:10 weather update count: 500
2025/08/05 12:05:10 StationSystem update time: 3.141µs
2025/08/05 12:05:10 SatelliteSystem update...
2025/08/05 12:05:10 satellite count: 1900
2025/08/05 12:05:10 SatelliteSystem update time: 7.206939ms
2025/08/05 12:05:10 TopoSystem update...
2025/08/05 12:05:10 TopoSystem: Link count: 950000
2025/08/05 12:05:10 TopoSystem update time: 29.724583ms
2025/08/05 12:05:10 AttenuationSystem update...
2025/08/05 12:05:10 AttenuationSystem parallel flag: 1
2025/08/05 12:05:11 Attenuation computed count: 950000
2025/08/05 12:05:11 AttenuationSystem update time: 578.755151ms
2025/08/05 12:05:11 Run 9 complete
2025/08/05 12:05:11 StationSystem update...
2025/08/05 12:05:11 weather update count: 500
2025/08/05 12:05:11 StationSystem update time: 16.165µs
2025/08/05 12:05:11 SatelliteSystem update...
2025/08/05 12:05:11 satellite count: 1900
2025/08/05 12:05:11 SatelliteSystem update time: 7.27695ms
2025/08/05 12:05:11 TopoSystem update...
2025/08/05 12:05:11 TopoSystem: Link count: 950000
2025/08/05 12:05:11 TopoSystem update time: 15.201632ms
2025/08/05 12:05:11 AttenuationSystem update...
2025/08/05 12:05:11 AttenuationSystem parallel flag: 1
2025/08/05 12:05:12 Attenuation computed count: 950000
2025/08/05 12:05:12 AttenuationSystem update time: 572.313321ms
2025/08/05 12:05:12 Run 10 complete
2025/08/05 12:05:12 Total update time:  6.065878237s
2025/08/05 12:05:12 linkCache size: 40

 Performance counter stats for './scale_ecs 500 1900 10 4 8 1':

        23,008,732      cache-references                                                      
         6,301,735      cache-misses                     #   27.39% of all cache refs         

       6.074569586 seconds time elapsed

      20.964460000 seconds user
       0.191314000 seconds sys


