ECS running with 700 stations, 700 satellites, 4 numWGs and 4 numBlocks for 10 rounds in 0 parallel pattern
2025/08/05 12:37:00 StationSystem update...
2025/08/05 12:37:00 weather update count: 700
2025/08/05 12:37:00 StationSystem update time: 5.187µs
2025/08/05 12:37:00 SatelliteSystem update...
2025/08/05 12:37:00 satellite count: 700
2025/08/05 12:37:00 SatelliteSystem update time: 2.661807ms
2025/08/05 12:37:00 TopoSystem update...
2025/08/05 12:37:00 TopoSystem: Link count: 490000
2025/08/05 12:37:00 TopoSystem update time: 16.145736ms
2025/08/05 12:37:00 AttenuationSystem update...
2025/08/05 12:37:00 AttenuationSystem parallel flag: 0
2025/08/05 12:37:00 Attenuation computed count: 490000
2025/08/05 12:37:00 AttenuationSystem update time: 280.953458ms
2025/08/05 12:37:00 Run 1 complete
2025/08/05 12:37:00 StationSystem update...
2025/08/05 12:37:00 weather update count: 700
2025/08/05 12:37:00 StationSystem update time: 5.48µs
2025/08/05 12:37:00 SatelliteSystem update...
2025/08/05 12:37:00 satellite count: 700
2025/08/05 12:37:00 SatelliteSystem update time: 2.802264ms
2025/08/05 12:37:00 TopoSystem update...
2025/08/05 12:37:00 TopoSystem: Link count: 490000
2025/08/05 12:37:00 TopoSystem update time: 14.505101ms
2025/08/05 12:37:00 AttenuationSystem update...
2025/08/05 12:37:00 AttenuationSystem parallel flag: 0
2025/08/05 12:37:00 Attenuation computed count: 490000
2025/08/05 12:37:00 AttenuationSystem update time: 293.11616ms
2025/08/05 12:37:00 Run 2 complete
2025/08/05 12:37:00 StationSystem update...
2025/08/05 12:37:00 weather update count: 700
2025/08/05 12:37:00 StationSystem update time: 5.068µs
2025/08/05 12:37:00 SatelliteSystem update...
2025/08/05 12:37:00 satellite count: 700
2025/08/05 12:37:00 SatelliteSystem update time: 2.685937ms
2025/08/05 12:37:00 TopoSystem update...
2025/08/05 12:37:00 TopoSystem: Link count: 490000
2025/08/05 12:37:00 TopoSystem update time: 8.700726ms
2025/08/05 12:37:00 AttenuationSystem update...
2025/08/05 12:37:00 AttenuationSystem parallel flag: 0
2025/08/05 12:37:01 Attenuation computed count: 490000
2025/08/05 12:37:01 AttenuationSystem update time: 279.201253ms
2025/08/05 12:37:01 Run 3 complete
2025/08/05 12:37:01 StationSystem update...
2025/08/05 12:37:01 weather update count: 700
2025/08/05 12:37:01 StationSystem update time: 4.325µs
2025/08/05 12:37:01 SatelliteSystem update...
2025/08/05 12:37:01 satellite count: 700
2025/08/05 12:37:01 SatelliteSystem update time: 2.675637ms
2025/08/05 12:37:01 TopoSystem update...
2025/08/05 12:37:01 TopoSystem: Link count: 490000
2025/08/05 12:37:01 TopoSystem update time: 10.929283ms
2025/08/05 12:37:01 AttenuationSystem update...
2025/08/05 12:37:01 AttenuationSystem parallel flag: 0
2025/08/05 12:37:01 Attenuation computed count: 490000
2025/08/05 12:37:01 AttenuationSystem update time: 303.596533ms
2025/08/05 12:37:01 Run 4 complete
2025/08/05 12:37:01 StationSystem update...
2025/08/05 12:37:01 weather update count: 700
2025/08/05 12:37:01 StationSystem update time: 4.021µs
2025/08/05 12:37:01 SatelliteSystem update...
2025/08/05 12:37:01 satellite count: 700
2025/08/05 12:37:01 SatelliteSystem update time: 2.688344ms
2025/08/05 12:37:01 TopoSystem update...
2025/08/05 12:37:01 TopoSystem: Link count: 490000
2025/08/05 12:37:01 TopoSystem update time: 8.838485ms
2025/08/05 12:37:01 AttenuationSystem update...
2025/08/05 12:37:01 AttenuationSystem parallel flag: 0
2025/08/05 12:37:01 Attenuation computed count: 490000
2025/08/05 12:37:01 AttenuationSystem update time: 274.088603ms
2025/08/05 12:37:01 Run 5 complete
2025/08/05 12:37:01 StationSystem update...
2025/08/05 12:37:01 weather update count: 700
2025/08/05 12:37:01 StationSystem update time: 4.159µs
2025/08/05 12:37:01 SatelliteSystem update...
2025/08/05 12:37:01 satellite count: 700
2025/08/05 12:37:01 SatelliteSystem update time: 2.66386ms
2025/08/05 12:37:01 TopoSystem update...
2025/08/05 12:37:01 TopoSystem: Link count: 490000
2025/08/05 12:37:01 TopoSystem update time: 8.228277ms
2025/08/05 12:37:01 AttenuationSystem update...
2025/08/05 12:37:01 AttenuationSystem parallel flag: 0
2025/08/05 12:37:02 Attenuation computed count: 490000
2025/08/05 12:37:02 AttenuationSystem update time: 307.084452ms
2025/08/05 12:37:02 Run 6 complete
2025/08/05 12:37:02 StationSystem update...
2025/08/05 12:37:02 weather update count: 700
2025/08/05 12:37:02 StationSystem update time: 4.628µs
2025/08/05 12:37:02 SatelliteSystem update...
2025/08/05 12:37:02 satellite count: 700
2025/08/05 12:37:02 SatelliteSystem update time: 2.67455ms
2025/08/05 12:37:02 TopoSystem update...
2025/08/05 12:37:02 TopoSystem: Link count: 490000
2025/08/05 12:37:02 TopoSystem update time: 8.19189ms
2025/08/05 12:37:02 AttenuationSystem update...
2025/08/05 12:37:02 AttenuationSystem parallel flag: 0
2025/08/05 12:37:02 Attenuation computed count: 490000
2025/08/05 12:37:02 AttenuationSystem update time: 278.000614ms
2025/08/05 12:37:02 Run 7 complete
2025/08/05 12:37:02 StationSystem update...
2025/08/05 12:37:02 weather update count: 700
2025/08/05 12:37:02 StationSystem update time: 17.691µs
2025/08/05 12:37:02 SatelliteSystem update...
2025/08/05 12:37:02 satellite count: 700
2025/08/05 12:37:02 SatelliteSystem update time: 3.008976ms
2025/08/05 12:37:02 TopoSystem update...
2025/08/05 12:37:02 TopoSystem: Link count: 490000
2025/08/05 12:37:02 TopoSystem update time: 15.544369ms
2025/08/05 12:37:02 AttenuationSystem update...
2025/08/05 12:37:02 AttenuationSystem parallel flag: 0
2025/08/05 12:37:02 Attenuation computed count: 490000
2025/08/05 12:37:02 AttenuationSystem update time: 279.705231ms
2025/08/05 12:37:02 Run 8 complete
2025/08/05 12:37:02 StationSystem update...
2025/08/05 12:37:02 weather update count: 700
2025/08/05 12:37:02 StationSystem update time: 3.885µs
2025/08/05 12:37:02 SatelliteSystem update...
2025/08/05 12:37:02 satellite count: 700
2025/08/05 12:37:02 SatelliteSystem update time: 2.664354ms
2025/08/05 12:37:02 TopoSystem update...
2025/08/05 12:37:02 TopoSystem: Link count: 490000
2025/08/05 12:37:02 TopoSystem update time: 12.85198ms
2025/08/05 12:37:02 AttenuationSystem update...
2025/08/05 12:37:02 AttenuationSystem parallel flag: 0
2025/08/05 12:37:03 Attenuation computed count: 490000
2025/08/05 12:37:03 AttenuationSystem update time: 313.15278ms
2025/08/05 12:37:03 Run 9 complete
2025/08/05 12:37:03 StationSystem update...
2025/08/05 12:37:03 weather update count: 700
2025/08/05 12:37:03 StationSystem update time: 5.122µs
2025/08/05 12:37:03 SatelliteSystem update...
2025/08/05 12:37:03 satellite count: 700
2025/08/05 12:37:03 SatelliteSystem update time: 2.661234ms
2025/08/05 12:37:03 TopoSystem update...
2025/08/05 12:37:03 TopoSystem: Link count: 490000
2025/08/05 12:37:03 TopoSystem update time: 8.824032ms
2025/08/05 12:37:03 AttenuationSystem update...
2025/08/05 12:37:03 AttenuationSystem parallel flag: 0
2025/08/05 12:37:03 Attenuation computed count: 490000
2025/08/05 12:37:03 AttenuationSystem update time: 266.600979ms
2025/08/05 12:37:03 Run 10 complete
2025/08/05 12:37:03 Total update time:  3.021807521s
2025/08/05 12:37:03 linkCache size: 40

 Performance counter stats for './scale_ecs 700 700 10 4 4 0':

        11,616,027      cache-references                                                      
         2,540,245      cache-misses                     #   21.87% of all cache refs         

       3.027876305 seconds time elapsed

      11.125621000 seconds user
       0.067154000 seconds sys


