ECS running with 600 stations, 1400 satellites, 8 numWGs and 8 numBlocks for 10 rounds in 0 parallel pattern
2025/08/05 12:20:48 StationSystem update...
2025/08/05 12:20:48 weather update count: 600
2025/08/05 12:20:48 SatelliteSystem update...
2025/08/05 12:20:48 StationSystem update time: 5.13µs
2025/08/05 12:20:48 satellite count: 1400
2025/08/05 12:20:48 SatelliteSystem update time: 5.445546ms
2025/08/05 12:20:48 TopoSystem update...
2025/08/05 12:20:48 TopoSystem: Link count: 840000
2025/08/05 12:20:48 TopoSystem update time: 27.536301ms
2025/08/05 12:20:48 AttenuationSystem update...
2025/08/05 12:20:48 AttenuationSystem parallel flag: 0
2025/08/05 12:20:49 Attenuation computed count: 840000
2025/08/05 12:20:49 AttenuationSystem update time: 241.373709ms
2025/08/05 12:20:49 Run 1 complete
2025/08/05 12:20:49 StationSystem update...
2025/08/05 12:20:49 weather update count: 600
2025/08/05 12:20:49 StationSystem update time: 5.128µs
2025/08/05 12:20:49 SatelliteSystem update...
2025/08/05 12:20:49 satellite count: 1400
2025/08/05 12:20:49 SatelliteSystem update time: 5.330284ms
2025/08/05 12:20:49 TopoSystem update...
2025/08/05 12:20:49 TopoSystem: Link count: 840000
2025/08/05 12:20:49 TopoSystem update time: 24.31251ms
2025/08/05 12:20:49 AttenuationSystem update...
2025/08/05 12:20:49 AttenuationSystem parallel flag: 0
2025/08/05 12:20:49 Attenuation computed count: 840000
2025/08/05 12:20:49 AttenuationSystem update time: 272.535233ms
2025/08/05 12:20:49 Run 2 complete
2025/08/05 12:20:49 StationSystem update...
2025/08/05 12:20:49 weather update count: 600
2025/08/05 12:20:49 StationSystem update time: 4.019µs
2025/08/05 12:20:49 SatelliteSystem update...
2025/08/05 12:20:49 satellite count: 1400
2025/08/05 12:20:49 SatelliteSystem update time: 5.369799ms
2025/08/05 12:20:49 TopoSystem update...
2025/08/05 12:20:49 TopoSystem: Link count: 840000
2025/08/05 12:20:49 TopoSystem update time: 13.343339ms
2025/08/05 12:20:49 AttenuationSystem update...
2025/08/05 12:20:49 AttenuationSystem parallel flag: 0
2025/08/05 12:20:49 Attenuation computed count: 840000
2025/08/05 12:20:49 AttenuationSystem update time: 244.692019ms
2025/08/05 12:20:49 Run 3 complete
2025/08/05 12:20:49 StationSystem update...
2025/08/05 12:20:49 weather update count: 600
2025/08/05 12:20:49 StationSystem update time: 4.861µs
2025/08/05 12:20:49 SatelliteSystem update...
2025/08/05 12:20:49 satellite count: 1400
2025/08/05 12:20:49 SatelliteSystem update time: 5.37064ms
2025/08/05 12:20:49 TopoSystem update...
2025/08/05 12:20:49 TopoSystem: Link count: 840000
2025/08/05 12:20:49 TopoSystem update time: 17.650968ms
2025/08/05 12:20:49 AttenuationSystem update...
2025/08/05 12:20:49 AttenuationSystem parallel flag: 0
2025/08/05 12:20:50 Attenuation computed count: 840000
2025/08/05 12:20:50 AttenuationSystem update time: 280.676686ms
2025/08/05 12:20:50 Run 4 complete
2025/08/05 12:20:50 StationSystem update...
2025/08/05 12:20:50 weather update count: 600
2025/08/05 12:20:50 StationSystem update time: 3.989µs
2025/08/05 12:20:50 SatelliteSystem update...
2025/08/05 12:20:50 satellite count: 1400
2025/08/05 12:20:50 SatelliteSystem update time: 5.298707ms
2025/08/05 12:20:50 TopoSystem update...
2025/08/05 12:20:50 TopoSystem: Link count: 840000
2025/08/05 12:20:50 TopoSystem update time: 14.599082ms
2025/08/05 12:20:50 AttenuationSystem update...
2025/08/05 12:20:50 AttenuationSystem parallel flag: 0
2025/08/05 12:20:50 Attenuation computed count: 840000
2025/08/05 12:20:50 AttenuationSystem update time: 275.085428ms
2025/08/05 12:20:50 Run 5 complete
2025/08/05 12:20:50 StationSystem update...
2025/08/05 12:20:50 weather update count: 600
2025/08/05 12:20:50 StationSystem update time: 7.268µs
2025/08/05 12:20:50 SatelliteSystem update...
2025/08/05 12:20:50 satellite count: 1400
2025/08/05 12:20:50 SatelliteSystem update time: 6.318856ms
2025/08/05 12:20:50 TopoSystem update...
2025/08/05 12:20:50 TopoSystem: Link count: 840000
2025/08/05 12:20:50 TopoSystem update time: 26.256712ms
2025/08/05 12:20:50 AttenuationSystem update...
2025/08/05 12:20:50 AttenuationSystem parallel flag: 0
2025/08/05 12:20:50 Attenuation computed count: 840000
2025/08/05 12:20:50 AttenuationSystem update time: 268.09431ms
2025/08/05 12:20:50 Run 6 complete
2025/08/05 12:20:50 StationSystem update...
2025/08/05 12:20:50 weather update count: 600
2025/08/05 12:20:50 StationSystem update time: 4.301µs
2025/08/05 12:20:50 SatelliteSystem update...
2025/08/05 12:20:50 satellite count: 1400
2025/08/05 12:20:50 SatelliteSystem update time: 5.412808ms
2025/08/05 12:20:50 TopoSystem update...
2025/08/05 12:20:50 TopoSystem: Link count: 840000
2025/08/05 12:20:50 TopoSystem update time: 23.796378ms
2025/08/05 12:20:50 AttenuationSystem update...
2025/08/05 12:20:50 AttenuationSystem parallel flag: 0
2025/08/05 12:20:50 Attenuation computed count: 840000
2025/08/05 12:20:50 AttenuationSystem update time: 273.992297ms
2025/08/05 12:20:50 Run 7 complete
2025/08/05 12:20:50 StationSystem update...
2025/08/05 12:20:50 weather update count: 600
2025/08/05 12:20:50 StationSystem update time: 4.649µs
2025/08/05 12:20:50 SatelliteSystem update...
2025/08/05 12:20:50 satellite count: 1400
2025/08/05 12:20:50 SatelliteSystem update time: 5.312834ms
2025/08/05 12:20:50 TopoSystem update...
2025/08/05 12:20:51 TopoSystem: Link count: 840000
2025/08/05 12:20:51 TopoSystem update time: 13.757235ms
2025/08/05 12:20:51 AttenuationSystem update...
2025/08/05 12:20:51 AttenuationSystem parallel flag: 0
2025/08/05 12:20:51 Attenuation computed count: 840000
2025/08/05 12:20:51 AttenuationSystem update time: 252.416799ms
2025/08/05 12:20:51 Run 8 complete
2025/08/05 12:20:51 StationSystem update...
2025/08/05 12:20:51 weather update count: 600
2025/08/05 12:20:51 StationSystem update time: 4.412µs
2025/08/05 12:20:51 SatelliteSystem update...
2025/08/05 12:20:51 satellite count: 1400
2025/08/05 12:20:51 SatelliteSystem update time: 5.316849ms
2025/08/05 12:20:51 TopoSystem update...
2025/08/05 12:20:51 TopoSystem: Link count: 840000
2025/08/05 12:20:51 TopoSystem update time: 12.799676ms
2025/08/05 12:20:51 AttenuationSystem update...
2025/08/05 12:20:51 AttenuationSystem parallel flag: 0
2025/08/05 12:20:51 Attenuation computed count: 840000
2025/08/05 12:20:51 AttenuationSystem update time: 272.070241ms
2025/08/05 12:20:51 Run 9 complete
2025/08/05 12:20:51 StationSystem update...
2025/08/05 12:20:51 weather update count: 600
2025/08/05 12:20:51 StationSystem update time: 4.635µs
2025/08/05 12:20:51 SatelliteSystem update...
2025/08/05 12:20:51 satellite count: 1400
2025/08/05 12:20:51 SatelliteSystem update time: 5.30035ms
2025/08/05 12:20:51 TopoSystem update...
2025/08/05 12:20:51 TopoSystem: Link count: 840000
2025/08/05 12:20:51 TopoSystem update time: 13.058079ms
2025/08/05 12:20:51 AttenuationSystem update...
2025/08/05 12:20:51 AttenuationSystem parallel flag: 0
2025/08/05 12:20:51 Attenuation computed count: 840000
2025/08/05 12:20:51 AttenuationSystem update time: 273.246724ms
2025/08/05 12:20:51 Run 10 complete
2025/08/05 12:20:51 Total update time:  2.905719502s
2025/08/05 12:20:51 linkCache size: 40

 Performance counter stats for './scale_ecs 600 1400 10 8 8 0':

        19,299,858      cache-references                                                      
         4,246,204      cache-misses                     #   22.00% of all cache refs         

       2.913763157 seconds time elapsed

      19.320009000 seconds user
       0.096044000 seconds sys


