ECS running with 800 stations, 1800 satellites, 8 numWGs and 8 numBlocks for 10 rounds in 0 parallel pattern
2025/08/05 13:33:55 StationSystem update...
2025/08/05 13:33:55 weather update count: 800
2025/08/05 13:33:55 SatelliteSystem update...
2025/08/05 13:33:55 StationSystem update time: 5.884µs
2025/08/05 13:33:55 satellite count: 1800
2025/08/05 13:33:55 SatelliteSystem update time: 6.849969ms
2025/08/05 13:33:55 TopoSystem update...
2025/08/05 13:33:55 TopoSystem: Link count: 1440000
2025/08/05 13:33:55 TopoSystem update time: 48.081457ms
2025/08/05 13:33:55 AttenuationSystem update...
2025/08/05 13:33:55 AttenuationSystem parallel flag: 0
2025/08/05 13:33:56 Attenuation computed count: 1440000
2025/08/05 13:33:56 AttenuationSystem update time: 420.784249ms
2025/08/05 13:33:56 Run 1 complete
2025/08/05 13:33:56 StationSystem update...
2025/08/05 13:33:56 weather update count: 800
2025/08/05 13:33:56 StationSystem update time: 5.279µs
2025/08/05 13:33:56 SatelliteSystem update...
2025/08/05 13:33:56 satellite count: 1800
2025/08/05 13:33:56 SatelliteSystem update time: 6.836885ms
2025/08/05 13:33:56 TopoSystem update...
2025/08/05 13:33:56 TopoSystem: Link count: 1440000
2025/08/05 13:33:56 TopoSystem update time: 41.15498ms
2025/08/05 13:33:56 AttenuationSystem update...
2025/08/05 13:33:56 AttenuationSystem parallel flag: 0
2025/08/05 13:33:56 Attenuation computed count: 1440000
2025/08/05 13:33:56 AttenuationSystem update time: 429.890844ms
2025/08/05 13:33:56 Run 2 complete
2025/08/05 13:33:56 StationSystem update...
2025/08/05 13:33:56 weather update count: 800
2025/08/05 13:33:56 StationSystem update time: 6.252µs
2025/08/05 13:33:56 SatelliteSystem update...
2025/08/05 13:33:56 satellite count: 1800
2025/08/05 13:33:56 SatelliteSystem update time: 6.871106ms
2025/08/05 13:33:56 TopoSystem update...
2025/08/05 13:33:56 TopoSystem: Link count: 1440000
2025/08/05 13:33:56 TopoSystem update time: 24.023677ms
2025/08/05 13:33:56 AttenuationSystem update...
2025/08/05 13:33:56 AttenuationSystem parallel flag: 0
2025/08/05 13:33:57 Attenuation computed count: 1440000
2025/08/05 13:33:57 AttenuationSystem update time: 436.505753ms
2025/08/05 13:33:57 Run 3 complete
2025/08/05 13:33:57 StationSystem update...
2025/08/05 13:33:57 weather update count: 800
2025/08/05 13:33:57 StationSystem update time: 15.788µs
2025/08/05 13:33:57 SatelliteSystem update...
2025/08/05 13:33:57 satellite count: 1800
2025/08/05 13:33:57 SatelliteSystem update time: 8.215513ms
2025/08/05 13:33:57 TopoSystem update...
2025/08/05 13:33:57 TopoSystem: Link count: 1440000
2025/08/05 13:33:57 TopoSystem update time: 42.638601ms
2025/08/05 13:33:57 AttenuationSystem update...
2025/08/05 13:33:57 AttenuationSystem parallel flag: 0
2025/08/05 13:33:57 Attenuation computed count: 1440000
2025/08/05 13:33:57 AttenuationSystem update time: 411.60351ms
2025/08/05 13:33:57 Run 4 complete
2025/08/05 13:33:57 StationSystem update...
2025/08/05 13:33:57 weather update count: 800
2025/08/05 13:33:57 StationSystem update time: 5.673µs
2025/08/05 13:33:57 SatelliteSystem update...
2025/08/05 13:33:57 satellite count: 1800
2025/08/05 13:33:57 SatelliteSystem update time: 6.868057ms
2025/08/05 13:33:57 TopoSystem update...
2025/08/05 13:33:57 TopoSystem: Link count: 1440000
2025/08/05 13:33:57 TopoSystem update time: 44.266601ms
2025/08/05 13:33:57 AttenuationSystem update...
2025/08/05 13:33:57 AttenuationSystem parallel flag: 0
2025/08/05 13:33:58 Attenuation computed count: 1440000
2025/08/05 13:33:58 AttenuationSystem update time: 420.879261ms
2025/08/05 13:33:58 Run 5 complete
2025/08/05 13:33:58 StationSystem update...
2025/08/05 13:33:58 weather update count: 800
2025/08/05 13:33:58 StationSystem update time: 4.894µs
2025/08/05 13:33:58 SatelliteSystem update...
2025/08/05 13:33:58 satellite count: 1800
2025/08/05 13:33:58 SatelliteSystem update time: 6.835706ms
2025/08/05 13:33:58 TopoSystem update...
2025/08/05 13:33:58 TopoSystem: Link count: 1440000
2025/08/05 13:33:58 TopoSystem update time: 30.044203ms
2025/08/05 13:33:58 AttenuationSystem update...
2025/08/05 13:33:58 AttenuationSystem parallel flag: 0
2025/08/05 13:33:58 Attenuation computed count: 1440000
2025/08/05 13:33:58 AttenuationSystem update time: 444.389637ms
2025/08/05 13:33:58 Run 6 complete
2025/08/05 13:33:58 StationSystem update...
2025/08/05 13:33:58 weather update count: 800
2025/08/05 13:33:58 StationSystem update time: 5.56µs
2025/08/05 13:33:58 SatelliteSystem update...
2025/08/05 13:33:58 satellite count: 1800
2025/08/05 13:33:58 SatelliteSystem update time: 6.829085ms
2025/08/05 13:33:58 TopoSystem update...
2025/08/05 13:33:58 TopoSystem: Link count: 1440000
2025/08/05 13:33:58 TopoSystem update time: 23.479431ms
2025/08/05 13:33:58 AttenuationSystem update...
2025/08/05 13:33:58 AttenuationSystem parallel flag: 0
2025/08/05 13:33:58 Attenuation computed count: 1440000
2025/08/05 13:33:58 AttenuationSystem update time: 432.561141ms
2025/08/05 13:33:58 Run 7 complete
2025/08/05 13:33:58 StationSystem update...
2025/08/05 13:33:58 weather update count: 800
2025/08/05 13:33:58 StationSystem update time: 6.161µs
2025/08/05 13:33:58 SatelliteSystem update...
2025/08/05 13:33:58 satellite count: 1800
2025/08/05 13:33:58 SatelliteSystem update time: 6.823378ms
2025/08/05 13:33:58 TopoSystem update...
2025/08/05 13:33:59 TopoSystem: Link count: 1440000
2025/08/05 13:33:59 TopoSystem update time: 22.614314ms
2025/08/05 13:33:59 AttenuationSystem update...
2025/08/05 13:33:59 AttenuationSystem parallel flag: 0
2025/08/05 13:33:59 Attenuation computed count: 1440000
2025/08/05 13:33:59 AttenuationSystem update time: 426.945783ms
2025/08/05 13:33:59 Run 8 complete
2025/08/05 13:33:59 StationSystem update...
2025/08/05 13:33:59 weather update count: 800
2025/08/05 13:33:59 StationSystem update time: 6.433µs
2025/08/05 13:33:59 SatelliteSystem update...
2025/08/05 13:33:59 satellite count: 1800
2025/08/05 13:33:59 SatelliteSystem update time: 6.807945ms
2025/08/05 13:33:59 TopoSystem update...
2025/08/05 13:33:59 TopoSystem: Link count: 1440000
2025/08/05 13:33:59 TopoSystem update time: 23.603246ms
2025/08/05 13:33:59 AttenuationSystem update...
2025/08/05 13:33:59 AttenuationSystem parallel flag: 0
2025/08/05 13:33:59 Attenuation computed count: 1440000
2025/08/05 13:33:59 AttenuationSystem update time: 421.837916ms
2025/08/05 13:33:59 Run 9 complete
2025/08/05 13:33:59 StationSystem update...
2025/08/05 13:33:59 weather update count: 800
2025/08/05 13:33:59 StationSystem update time: 5.723µs
2025/08/05 13:33:59 SatelliteSystem update...
2025/08/05 13:33:59 satellite count: 1800
2025/08/05 13:33:59 SatelliteSystem update time: 5.094498ms
2025/08/05 13:33:59 TopoSystem update...
2025/08/05 13:33:59 TopoSystem: Link count: 1440000
2025/08/05 13:33:59 TopoSystem update time: 27.674625ms
2025/08/05 13:33:59 AttenuationSystem update...
2025/08/05 13:33:59 AttenuationSystem parallel flag: 0
2025/08/05 13:34:00 Attenuation computed count: 1440000
2025/08/05 13:34:00 AttenuationSystem update time: 415.608248ms
2025/08/05 13:34:00 Run 10 complete
2025/08/05 13:34:00 Total update time:  4.669657342s
2025/08/05 13:34:00 linkCache size: 40

 Performance counter stats for './scale_ecs 800 1800 10 8 8 0':

        31,908,912      cache-references                                                      
         8,617,173      cache-misses                     #   27.01% of all cache refs         

       4.681166070 seconds time elapsed

      32.618678000 seconds user
       0.166926000 seconds sys


