ECS running with 500 stations, 500 satellites, 8 numWGs and 2 numBlocks for 10 rounds in 0 parallel pattern
2025/08/05 11:45:54 StationSystem update...
2025/08/05 11:45:54 weather update count: 500
2025/08/05 11:45:54 StationSystem update time: 3.642µs
2025/08/05 11:45:54 SatelliteSystem update...
2025/08/05 11:45:54 satellite count: 500
2025/08/05 11:45:54 SatelliteSystem update time: 1.908551ms
2025/08/05 11:45:54 TopoSystem update...
2025/08/05 11:45:54 TopoSystem: Link count: 250000
2025/08/05 11:45:54 TopoSystem update time: 10.953319ms
2025/08/05 11:45:54 AttenuationSystem update...
2025/08/05 11:45:54 AttenuationSystem parallel flag: 0
2025/08/05 11:45:54 Attenuation computed count: 250000
2025/08/05 11:45:54 AttenuationSystem update time: 289.625318ms
2025/08/05 11:45:54 Run 1 complete
2025/08/05 11:45:54 StationSystem update...
2025/08/05 11:45:54 weather update count: 500
2025/08/05 11:45:54 StationSystem update time: 4.87µs
2025/08/05 11:45:54 SatelliteSystem update...
2025/08/05 11:45:54 satellite count: 500
2025/08/05 11:45:54 SatelliteSystem update time: 1.915812ms
2025/08/05 11:45:54 TopoSystem update...
2025/08/05 11:45:54 TopoSystem: Link count: 250000
2025/08/05 11:45:54 TopoSystem update time: 6.250181ms
2025/08/05 11:45:54 AttenuationSystem update...
2025/08/05 11:45:54 AttenuationSystem parallel flag: 0
2025/08/05 11:45:54 Attenuation computed count: 250000
2025/08/05 11:45:54 AttenuationSystem update time: 286.691425ms
2025/08/05 11:45:54 Run 2 complete
2025/08/05 11:45:54 StationSystem update...
2025/08/05 11:45:54 weather update count: 500
2025/08/05 11:45:54 StationSystem update time: 3.362µs
2025/08/05 11:45:54 SatelliteSystem update...
2025/08/05 11:45:54 satellite count: 500
2025/08/05 11:45:54 SatelliteSystem update time: 1.91556ms
2025/08/05 11:45:54 TopoSystem update...
2025/08/05 11:45:54 TopoSystem: Link count: 250000
2025/08/05 11:45:54 TopoSystem update time: 4.865738ms
2025/08/05 11:45:54 AttenuationSystem update...
2025/08/05 11:45:54 AttenuationSystem parallel flag: 0
2025/08/05 11:45:55 Attenuation computed count: 250000
2025/08/05 11:45:55 AttenuationSystem update time: 285.428979ms
2025/08/05 11:45:55 Run 3 complete
2025/08/05 11:45:55 StationSystem update...
2025/08/05 11:45:55 weather update count: 500
2025/08/05 11:45:55 StationSystem update time: 2.471µs
2025/08/05 11:45:55 SatelliteSystem update...
2025/08/05 11:45:55 satellite count: 500
2025/08/05 11:45:55 SatelliteSystem update time: 1.912598ms
2025/08/05 11:45:55 TopoSystem update...
2025/08/05 11:45:55 TopoSystem: Link count: 250000
2025/08/05 11:45:55 TopoSystem update time: 4.90066ms
2025/08/05 11:45:55 AttenuationSystem update...
2025/08/05 11:45:55 AttenuationSystem parallel flag: 0
2025/08/05 11:45:55 Attenuation computed count: 250000
2025/08/05 11:45:55 AttenuationSystem update time: 288.250994ms
2025/08/05 11:45:55 Run 4 complete
2025/08/05 11:45:55 StationSystem update...
2025/08/05 11:45:55 weather update count: 500
2025/08/05 11:45:55 StationSystem update time: 3.255µs
2025/08/05 11:45:55 SatelliteSystem update...
2025/08/05 11:45:55 satellite count: 500
2025/08/05 11:45:55 SatelliteSystem update time: 1.923416ms
2025/08/05 11:45:55 TopoSystem update...
2025/08/05 11:45:55 TopoSystem: Link count: 250000
2025/08/05 11:45:55 TopoSystem update time: 6.392852ms
2025/08/05 11:45:55 AttenuationSystem update...
2025/08/05 11:45:55 AttenuationSystem parallel flag: 0
2025/08/05 11:45:55 Attenuation computed count: 250000
2025/08/05 11:45:55 AttenuationSystem update time: 313.738719ms
2025/08/05 11:45:55 Run 5 complete
2025/08/05 11:45:55 StationSystem update...
2025/08/05 11:45:55 weather update count: 500
2025/08/05 11:45:55 StationSystem update time: 3.512µs
2025/08/05 11:45:55 SatelliteSystem update...
2025/08/05 11:45:55 satellite count: 500
2025/08/05 11:45:55 SatelliteSystem update time: 1.925198ms
2025/08/05 11:45:55 TopoSystem update...
2025/08/05 11:45:55 TopoSystem: Link count: 250000
2025/08/05 11:45:55 TopoSystem update time: 6.572551ms
2025/08/05 11:45:55 AttenuationSystem update...
2025/08/05 11:45:55 AttenuationSystem parallel flag: 0
2025/08/05 11:45:56 Attenuation computed count: 250000
2025/08/05 11:45:56 AttenuationSystem update time: 319.155246ms
2025/08/05 11:45:56 Run 6 complete
2025/08/05 11:45:56 StationSystem update...
2025/08/05 11:45:56 weather update count: 500
2025/08/05 11:45:56 StationSystem update time: 3.372µs
2025/08/05 11:45:56 SatelliteSystem update...
2025/08/05 11:45:56 satellite count: 500
2025/08/05 11:45:56 SatelliteSystem update time: 1.951957ms
2025/08/05 11:45:56 TopoSystem update...
2025/08/05 11:45:56 TopoSystem: Link count: 250000
2025/08/05 11:45:56 TopoSystem update time: 6.585892ms
2025/08/05 11:45:56 AttenuationSystem update...
2025/08/05 11:45:56 AttenuationSystem parallel flag: 0
2025/08/05 11:45:56 Attenuation computed count: 250000
2025/08/05 11:45:56 AttenuationSystem update time: 288.532893ms
2025/08/05 11:45:56 Run 7 complete
2025/08/05 11:45:56 StationSystem update...
2025/08/05 11:45:56 weather update count: 500
2025/08/05 11:45:56 StationSystem update time: 9.476µs
2025/08/05 11:45:56 SatelliteSystem update...
2025/08/05 11:45:56 satellite count: 500
2025/08/05 11:45:56 SatelliteSystem update time: 2.29907ms
2025/08/05 11:45:56 TopoSystem update...
2025/08/05 11:45:56 TopoSystem: Link count: 250000
2025/08/05 11:45:56 TopoSystem update time: 10.211108ms
2025/08/05 11:45:56 AttenuationSystem update...
2025/08/05 11:45:56 AttenuationSystem parallel flag: 0
2025/08/05 11:45:56 Attenuation computed count: 250000
2025/08/05 11:45:56 AttenuationSystem update time: 319.896234ms
2025/08/05 11:45:56 Run 8 complete
2025/08/05 11:45:56 StationSystem update...
2025/08/05 11:45:56 weather update count: 500
2025/08/05 11:45:56 StationSystem update time: 3.565µs
2025/08/05 11:45:56 SatelliteSystem update...
2025/08/05 11:45:56 satellite count: 500
2025/08/05 11:45:56 SatelliteSystem update time: 1.976063ms
2025/08/05 11:45:56 TopoSystem update...
2025/08/05 11:45:56 TopoSystem: Link count: 250000
2025/08/05 11:45:56 TopoSystem update time: 6.046202ms
2025/08/05 11:45:56 AttenuationSystem update...
2025/08/05 11:45:56 AttenuationSystem parallel flag: 0
2025/08/05 11:45:57 Attenuation computed count: 250000
2025/08/05 11:45:57 AttenuationSystem update time: 319.906663ms
2025/08/05 11:45:57 Run 9 complete
2025/08/05 11:45:57 StationSystem update...
2025/08/05 11:45:57 weather update count: 500
2025/08/05 11:45:57 StationSystem update time: 4.265µs
2025/08/05 11:45:57 SatelliteSystem update...
2025/08/05 11:45:57 satellite count: 500
2025/08/05 11:45:57 SatelliteSystem update time: 1.918568ms
2025/08/05 11:45:57 TopoSystem update...
2025/08/05 11:45:57 TopoSystem: Link count: 250000
2025/08/05 11:45:57 TopoSystem update time: 4.695042ms
2025/08/05 11:45:57 AttenuationSystem update...
2025/08/05 11:45:57 AttenuationSystem parallel flag: 0
2025/08/05 11:45:57 Attenuation computed count: 250000
2025/08/05 11:45:57 AttenuationSystem update time: 319.671486ms
2025/08/05 11:45:57 Run 10 complete
2025/08/05 11:45:57 Total update time:  3.120918658s
2025/08/05 11:45:57 linkCache size: 40

 Performance counter stats for './scale_ecs 500 500 10 8 2 0':

         6,796,145      cache-references                                                      
         1,667,925      cache-misses                     #   24.54% of all cache refs         

       3.126143175 seconds time elapsed

       6.058223000 seconds user
       0.053939000 seconds sys


