ECS running with 900 stations, 1900 satellites, 4 numWGs and 2 numBlocks for 10 rounds in 0 parallel pattern
2025/08/05 14:14:47 StationSystem update...
2025/08/05 14:14:47 SatelliteSystem update...
2025/08/05 14:14:47 weather update count: 900
2025/08/05 14:14:47 StationSystem update time: 78.527µs
2025/08/05 14:14:47 satellite count: 1900
2025/08/05 14:14:47 SatelliteSystem update time: 7.183814ms
2025/08/05 14:14:47 TopoSystem update...
2025/08/05 14:14:47 TopoSystem: Link count: 1710000
2025/08/05 14:14:47 TopoSystem update time: 55.806787ms
2025/08/05 14:14:47 AttenuationSystem update...
2025/08/05 14:14:47 AttenuationSystem parallel flag: 0
2025/08/05 14:14:49 Attenuation computed count: 1710000
2025/08/05 14:14:49 AttenuationSystem update time: 1.824306973s
2025/08/05 14:14:49 Run 1 complete
2025/08/05 14:14:49 StationSystem update...
2025/08/05 14:14:49 weather update count: 900
2025/08/05 14:14:49 StationSystem update time: 9.695µs
2025/08/05 14:14:49 SatelliteSystem update...
2025/08/05 14:14:49 satellite count: 1900
2025/08/05 14:14:49 SatelliteSystem update time: 21.393427ms
2025/08/05 14:14:49 TopoSystem update...
2025/08/05 14:14:49 TopoSystem: Link count: 1710000
2025/08/05 14:14:49 TopoSystem update time: 48.439272ms
2025/08/05 14:14:49 AttenuationSystem update...
2025/08/05 14:14:49 AttenuationSystem parallel flag: 0
2025/08/05 14:14:51 Attenuation computed count: 1710000
2025/08/05 14:14:51 AttenuationSystem update time: 1.983922915s
2025/08/05 14:14:51 Run 2 complete
2025/08/05 14:14:51 StationSystem update...
2025/08/05 14:14:51 weather update count: 900
2025/08/05 14:14:51 StationSystem update time: 7.038µs
2025/08/05 14:14:51 SatelliteSystem update...
2025/08/05 14:14:51 satellite count: 1900
2025/08/05 14:14:51 SatelliteSystem update time: 7.205336ms
2025/08/05 14:14:51 TopoSystem update...
2025/08/05 14:14:51 TopoSystem: Link count: 1710000
2025/08/05 14:14:51 TopoSystem update time: 139.257723ms
2025/08/05 14:14:51 AttenuationSystem update...
2025/08/05 14:14:51 AttenuationSystem parallel flag: 0
2025/08/05 14:14:53 Attenuation computed count: 1710000
2025/08/05 14:14:53 AttenuationSystem update time: 1.678443192s
2025/08/05 14:14:53 Run 3 complete
2025/08/05 14:14:53 StationSystem update...
2025/08/05 14:14:53 weather update count: 900
2025/08/05 14:14:53 StationSystem update time: 9.187µs
2025/08/05 14:14:53 SatelliteSystem update...
2025/08/05 14:14:53 satellite count: 1900
2025/08/05 14:14:53 SatelliteSystem update time: 7.252728ms
2025/08/05 14:14:53 TopoSystem update...
2025/08/05 14:14:53 TopoSystem: Link count: 1710000
2025/08/05 14:14:53 TopoSystem update time: 59.212471ms
2025/08/05 14:14:53 AttenuationSystem update...
2025/08/05 14:14:53 AttenuationSystem parallel flag: 0
2025/08/05 14:14:55 Attenuation computed count: 1710000
2025/08/05 14:14:55 AttenuationSystem update time: 1.844460236s
2025/08/05 14:14:55 Run 4 complete
2025/08/05 14:14:55 StationSystem update...
2025/08/05 14:14:55 weather update count: 900
2025/08/05 14:14:55 StationSystem update time: 6.204µs
2025/08/05 14:14:55 SatelliteSystem update...
2025/08/05 14:14:55 satellite count: 1900
2025/08/05 14:14:55 SatelliteSystem update time: 7.185218ms
2025/08/05 14:14:55 TopoSystem update...
2025/08/05 14:14:55 TopoSystem: Link count: 1710000
2025/08/05 14:14:55 TopoSystem update time: 56.14593ms
2025/08/05 14:14:55 AttenuationSystem update...
2025/08/05 14:14:55 AttenuationSystem parallel flag: 0
2025/08/05 14:14:57 Attenuation computed count: 1710000
2025/08/05 14:14:57 AttenuationSystem update time: 1.986504571s
2025/08/05 14:14:57 Run 5 complete
2025/08/05 14:14:57 StationSystem update...
2025/08/05 14:14:57 weather update count: 900
2025/08/05 14:14:57 StationSystem update time: 18.108µs
2025/08/05 14:14:57 SatelliteSystem update...
2025/08/05 14:14:57 satellite count: 1900
2025/08/05 14:14:57 SatelliteSystem update time: 8.580934ms
2025/08/05 14:14:57 TopoSystem update...
2025/08/05 14:14:57 TopoSystem: Link count: 1710000
2025/08/05 14:14:57 TopoSystem update time: 48.502805ms
2025/08/05 14:14:57 AttenuationSystem update...
2025/08/05 14:14:57 AttenuationSystem parallel flag: 0
2025/08/05 14:14:58 Attenuation computed count: 1710000
2025/08/05 14:14:58 AttenuationSystem update time: 1.493820988s
2025/08/05 14:14:58 Run 6 complete
2025/08/05 14:14:58 StationSystem update...
2025/08/05 14:14:58 weather update count: 900
2025/08/05 14:14:58 StationSystem update time: 4.039µs
2025/08/05 14:14:58 SatelliteSystem update...
2025/08/05 14:14:58 satellite count: 1900
2025/08/05 14:14:58 SatelliteSystem update time: 5.347457ms
2025/08/05 14:14:58 TopoSystem update...
2025/08/05 14:14:58 TopoSystem: Link count: 1710000
2025/08/05 14:14:58 TopoSystem update time: 29.62425ms
2025/08/05 14:14:58 AttenuationSystem update...
2025/08/05 14:14:58 AttenuationSystem parallel flag: 0
2025/08/05 14:15:00 Attenuation computed count: 1710000
2025/08/05 14:15:00 AttenuationSystem update time: 1.704966097s
2025/08/05 14:15:00 Run 7 complete
2025/08/05 14:15:00 StationSystem update...
2025/08/05 14:15:00 weather update count: 900
2025/08/05 14:15:00 StationSystem update time: 6.273µs
2025/08/05 14:15:00 SatelliteSystem update...
2025/08/05 14:15:00 satellite count: 1900
2025/08/05 14:15:00 SatelliteSystem update time: 7.199577ms
2025/08/05 14:15:00 TopoSystem update...
2025/08/05 14:15:00 TopoSystem: Link count: 1710000
2025/08/05 14:15:00 TopoSystem update time: 56.313053ms
2025/08/05 14:15:00 AttenuationSystem update...
2025/08/05 14:15:00 AttenuationSystem parallel flag: 0
2025/08/05 14:15:02 Attenuation computed count: 1710000
2025/08/05 14:15:02 AttenuationSystem update time: 1.96386376s
2025/08/05 14:15:02 Run 8 complete
2025/08/05 14:15:02 StationSystem update...
2025/08/05 14:15:02 weather update count: 900
2025/08/05 14:15:02 StationSystem update time: 5.521µs
2025/08/05 14:15:02 SatelliteSystem update...
2025/08/05 14:15:02 satellite count: 1900
2025/08/05 14:15:02 SatelliteSystem update time: 17.935769ms
2025/08/05 14:15:02 TopoSystem update...
2025/08/05 14:15:02 TopoSystem: Link count: 1710000
2025/08/05 14:15:02 TopoSystem update time: 58.127246ms
2025/08/05 14:15:02 AttenuationSystem update...
2025/08/05 14:15:02 AttenuationSystem parallel flag: 0
2025/08/05 14:15:04 Attenuation computed count: 1710000
2025/08/05 14:15:04 AttenuationSystem update time: 1.986852655s
2025/08/05 14:15:04 Run 9 complete
2025/08/05 14:15:04 StationSystem update...
2025/08/05 14:15:04 weather update count: 900
2025/08/05 14:15:04 StationSystem update time: 4.064µs
2025/08/05 14:15:04 SatelliteSystem update...
2025/08/05 14:15:04 satellite count: 1900
2025/08/05 14:15:04 SatelliteSystem update time: 7.207627ms
2025/08/05 14:15:04 TopoSystem update...
2025/08/05 14:15:04 TopoSystem: Link count: 1710000
2025/08/05 14:15:04 TopoSystem update time: 55.948401ms
2025/08/05 14:15:04 AttenuationSystem update...
2025/08/05 14:15:04 AttenuationSystem parallel flag: 0
2025/08/05 14:15:06 Attenuation computed count: 1710000
2025/08/05 14:15:06 AttenuationSystem update time: 1.966981824s
2025/08/05 14:15:06 Run 10 complete
2025/08/05 14:15:06 Total update time:  19.151860678s
2025/08/05 14:15:06 linkCache size: 40

 Performance counter stats for './scale_ecs 900 1900 10 4 2 0':

        39,604,922      cache-references                                                      
        11,764,792      cache-misses                     #   29.71% of all cache refs         

      19.170380240 seconds time elapsed

      36.128391000 seconds user
       0.355013000 seconds sys


