ECS running with 700 stations, 800 satellites, 8 numWGs and 2 numBlocks for 10 rounds in 0 parallel pattern
2025/08/05 12:38:24 StationSystem update...
2025/08/05 12:38:24 weather update count: 700
2025/08/05 12:38:24 StationSystem update time: 5.648µs
2025/08/05 12:38:24 SatelliteSystem update...
2025/08/05 12:38:24 satellite count: 800
2025/08/05 12:38:24 SatelliteSystem update time: 3.058346ms
2025/08/05 12:38:24 TopoSystem update...
2025/08/05 12:38:24 TopoSystem: Link count: 560000
2025/08/05 12:38:24 TopoSystem update time: 17.71125ms
2025/08/05 12:38:24 AttenuationSystem update...
2025/08/05 12:38:24 AttenuationSystem parallel flag: 0
2025/08/05 12:38:25 Attenuation computed count: 560000
2025/08/05 12:38:25 AttenuationSystem update time: 640.178227ms
2025/08/05 12:38:25 Run 1 complete
2025/08/05 12:38:25 StationSystem update...
2025/08/05 12:38:25 weather update count: 700
2025/08/05 12:38:25 StationSystem update time: 5.257µs
2025/08/05 12:38:25 SatelliteSystem update...
2025/08/05 12:38:25 satellite count: 800
2025/08/05 12:38:25 SatelliteSystem update time: 3.057687ms
2025/08/05 12:38:25 TopoSystem update...
2025/08/05 12:38:25 TopoSystem: Link count: 560000
2025/08/05 12:38:25 TopoSystem update time: 13.786244ms
2025/08/05 12:38:25 AttenuationSystem update...
2025/08/05 12:38:25 AttenuationSystem parallel flag: 0
2025/08/05 12:38:26 Attenuation computed count: 560000
2025/08/05 12:38:26 AttenuationSystem update time: 631.5403ms
2025/08/05 12:38:26 Run 2 complete
2025/08/05 12:38:26 StationSystem update...
2025/08/05 12:38:26 weather update count: 700
2025/08/05 12:38:26 StationSystem update time: 19.924µs
2025/08/05 12:38:26 SatelliteSystem update...
2025/08/05 12:38:26 satellite count: 800
2025/08/05 12:38:26 SatelliteSystem update time: 2.563399ms
2025/08/05 12:38:26 TopoSystem update...
2025/08/05 12:38:26 TopoSystem: Link count: 560000
2025/08/05 12:38:26 TopoSystem update time: 16.085902ms
2025/08/05 12:38:26 AttenuationSystem update...
2025/08/05 12:38:26 AttenuationSystem parallel flag: 0
2025/08/05 12:38:26 Attenuation computed count: 560000
2025/08/05 12:38:26 AttenuationSystem update time: 681.677843ms
2025/08/05 12:38:26 Run 3 complete
2025/08/05 12:38:26 StationSystem update...
2025/08/05 12:38:26 weather update count: 700
2025/08/05 12:38:26 StationSystem update time: 5.105µs
2025/08/05 12:38:26 SatelliteSystem update...
2025/08/05 12:38:26 satellite count: 800
2025/08/05 12:38:26 SatelliteSystem update time: 3.052723ms
2025/08/05 12:38:26 TopoSystem update...
2025/08/05 12:38:26 TopoSystem: Link count: 560000
2025/08/05 12:38:26 TopoSystem update time: 24.022284ms
2025/08/05 12:38:26 AttenuationSystem update...
2025/08/05 12:38:26 AttenuationSystem parallel flag: 0
2025/08/05 12:38:27 Attenuation computed count: 560000
2025/08/05 12:38:27 AttenuationSystem update time: 667.875793ms
2025/08/05 12:38:27 Run 4 complete
2025/08/05 12:38:27 StationSystem update...
2025/08/05 12:38:27 weather update count: 700
2025/08/05 12:38:27 StationSystem update time: 3.153µs
2025/08/05 12:38:27 SatelliteSystem update...
2025/08/05 12:38:27 satellite count: 800
2025/08/05 12:38:27 SatelliteSystem update time: 3.061296ms
2025/08/05 12:38:27 TopoSystem update...
2025/08/05 12:38:27 TopoSystem: Link count: 560000
2025/08/05 12:38:27 TopoSystem update time: 22.384379ms
2025/08/05 12:38:27 AttenuationSystem update...
2025/08/05 12:38:27 AttenuationSystem parallel flag: 0
2025/08/05 12:38:28 Attenuation computed count: 560000
2025/08/05 12:38:28 AttenuationSystem update time: 680.302691ms
2025/08/05 12:38:28 Run 5 complete
2025/08/05 12:38:28 StationSystem update...
2025/08/05 12:38:28 weather update count: 700
2025/08/05 12:38:28 StationSystem update time: 4.581µs
2025/08/05 12:38:28 SatelliteSystem update...
2025/08/05 12:38:28 satellite count: 800
2025/08/05 12:38:28 SatelliteSystem update time: 3.063141ms
2025/08/05 12:38:28 TopoSystem update...
2025/08/05 12:38:28 TopoSystem: Link count: 560000
2025/08/05 12:38:28 TopoSystem update time: 10.367809ms
2025/08/05 12:38:28 AttenuationSystem update...
2025/08/05 12:38:28 AttenuationSystem parallel flag: 0
2025/08/05 12:38:28 Attenuation computed count: 560000
2025/08/05 12:38:28 AttenuationSystem update time: 640.197285ms
2025/08/05 12:38:28 Run 6 complete
2025/08/05 12:38:28 StationSystem update...
2025/08/05 12:38:28 weather update count: 700
2025/08/05 12:38:28 StationSystem update time: 2.986µs
2025/08/05 12:38:28 SatelliteSystem update...
2025/08/05 12:38:28 satellite count: 800
2025/08/05 12:38:28 SatelliteSystem update time: 3.051237ms
2025/08/05 12:38:28 TopoSystem update...
2025/08/05 12:38:28 TopoSystem: Link count: 560000
2025/08/05 12:38:28 TopoSystem update time: 16.00206ms
2025/08/05 12:38:28 AttenuationSystem update...
2025/08/05 12:38:28 AttenuationSystem parallel flag: 0
2025/08/05 12:38:29 Attenuation computed count: 560000
2025/08/05 12:38:29 AttenuationSystem update time: 666.569917ms
2025/08/05 12:38:29 Run 7 complete
2025/08/05 12:38:29 StationSystem update...
2025/08/05 12:38:29 weather update count: 700
2025/08/05 12:38:29 StationSystem update time: 9.864µs
2025/08/05 12:38:29 SatelliteSystem update...
2025/08/05 12:38:29 satellite count: 800
2025/08/05 12:38:29 SatelliteSystem update time: 3.593301ms
2025/08/05 12:38:29 TopoSystem update...
2025/08/05 12:38:29 TopoSystem: Link count: 560000
2025/08/05 12:38:29 TopoSystem update time: 30.949412ms
2025/08/05 12:38:29 AttenuationSystem update...
2025/08/05 12:38:29 AttenuationSystem parallel flag: 0
2025/08/05 12:38:30 Attenuation computed count: 560000
2025/08/05 12:38:30 AttenuationSystem update time: 660.902751ms
2025/08/05 12:38:30 Run 8 complete
2025/08/05 12:38:30 StationSystem update...
2025/08/05 12:38:30 weather update count: 700
2025/08/05 12:38:30 StationSystem update time: 2.853µs
2025/08/05 12:38:30 SatelliteSystem update...
2025/08/05 12:38:30 satellite count: 800
2025/08/05 12:38:30 SatelliteSystem update time: 3.058451ms
2025/08/05 12:38:30 TopoSystem update...
2025/08/05 12:38:30 TopoSystem: Link count: 560000
2025/08/05 12:38:30 TopoSystem update time: 15.504391ms
2025/08/05 12:38:30 AttenuationSystem update...
2025/08/05 12:38:30 AttenuationSystem parallel flag: 0
2025/08/05 12:38:30 Attenuation computed count: 560000
2025/08/05 12:38:30 AttenuationSystem update time: 638.29032ms
2025/08/05 12:38:30 Run 9 complete
2025/08/05 12:38:30 StationSystem update...
2025/08/05 12:38:30 weather update count: 700
2025/08/05 12:38:30 StationSystem update time: 4.048µs
2025/08/05 12:38:30 SatelliteSystem update...
2025/08/05 12:38:30 satellite count: 800
2025/08/05 12:38:30 SatelliteSystem update time: 3.036858ms
2025/08/05 12:38:30 TopoSystem update...
2025/08/05 12:38:31 TopoSystem: Link count: 560000
2025/08/05 12:38:31 TopoSystem update time: 25.242096ms
2025/08/05 12:38:31 AttenuationSystem update...
2025/08/05 12:38:31 AttenuationSystem parallel flag: 0
2025/08/05 12:38:31 Attenuation computed count: 560000
2025/08/05 12:38:31 AttenuationSystem update time: 673.266067ms
2025/08/05 12:38:31 Run 10 complete
2025/08/05 12:38:31 Total update time:  6.81039034s
2025/08/05 12:38:31 linkCache size: 40

 Performance counter stats for './scale_ecs 700 800 10 8 2 0':

        13,534,277      cache-references                                                      
         3,290,580      cache-misses                     #   24.31% of all cache refs         

       6.818236581 seconds time elapsed

      13.235280000 seconds user
       0.117206000 seconds sys


