ECS running with 800 stations, 500 satellites, 2 numWGs and 4 numBlocks for 10 rounds in 0 parallel pattern
2025/08/05 13:05:20 StationSystem update...
2025/08/05 13:05:20 weather update count: 800
2025/08/05 13:05:20 SatelliteSystem update...
2025/08/05 13:05:20 StationSystem update time: 5.263µs
2025/08/05 13:05:20 satellite count: 500
2025/08/05 13:05:20 SatelliteSystem update time: 1.954187ms
2025/08/05 13:05:20 TopoSystem update...
2025/08/05 13:05:20 TopoSystem: Link count: 400000
2025/08/05 13:05:20 TopoSystem update time: 19.781387ms
2025/08/05 13:05:20 AttenuationSystem update...
2025/08/05 13:05:20 AttenuationSystem parallel flag: 0
2025/08/05 13:05:20 Attenuation computed count: 400000
2025/08/05 13:05:20 AttenuationSystem update time: 230.376935ms
2025/08/05 13:05:20 Run 1 complete
2025/08/05 13:05:20 StationSystem update...
2025/08/05 13:05:20 weather update count: 800
2025/08/05 13:05:20 StationSystem update time: 11.05µs
2025/08/05 13:05:20 SatelliteSystem update...
2025/08/05 13:05:20 satellite count: 500
2025/08/05 13:05:20 SatelliteSystem update time: 1.933436ms
2025/08/05 13:05:20 TopoSystem update...
2025/08/05 13:05:20 TopoSystem: Link count: 400000
2025/08/05 13:05:20 TopoSystem update time: 13.085011ms
2025/08/05 13:05:20 AttenuationSystem update...
2025/08/05 13:05:20 AttenuationSystem parallel flag: 0
2025/08/05 13:05:20 Attenuation computed count: 400000
2025/08/05 13:05:20 AttenuationSystem update time: 239.184379ms
2025/08/05 13:05:20 Run 2 complete
2025/08/05 13:05:20 StationSystem update...
2025/08/05 13:05:20 weather update count: 800
2025/08/05 13:05:20 StationSystem update time: 11.015µs
2025/08/05 13:05:20 SatelliteSystem update...
2025/08/05 13:05:20 satellite count: 500
2025/08/05 13:05:20 SatelliteSystem update time: 1.95301ms
2025/08/05 13:05:20 TopoSystem update...
2025/08/05 13:05:20 TopoSystem: Link count: 400000
2025/08/05 13:05:20 TopoSystem update time: 8.703821ms
2025/08/05 13:05:20 AttenuationSystem update...
2025/08/05 13:05:20 AttenuationSystem parallel flag: 0
2025/08/05 13:05:21 Attenuation computed count: 400000
2025/08/05 13:05:21 AttenuationSystem update time: 252.144821ms
2025/08/05 13:05:21 Run 3 complete
2025/08/05 13:05:21 StationSystem update...
2025/08/05 13:05:21 weather update count: 800
2025/08/05 13:05:21 StationSystem update time: 8.53µs
2025/08/05 13:05:21 SatelliteSystem update...
2025/08/05 13:05:21 satellite count: 500
2025/08/05 13:05:21 SatelliteSystem update time: 1.943079ms
2025/08/05 13:05:21 TopoSystem update...
2025/08/05 13:05:21 TopoSystem: Link count: 400000
2025/08/05 13:05:21 TopoSystem update time: 8.912367ms
2025/08/05 13:05:21 AttenuationSystem update...
2025/08/05 13:05:21 AttenuationSystem parallel flag: 0
2025/08/05 13:05:21 Attenuation computed count: 400000
2025/08/05 13:05:21 AttenuationSystem update time: 247.509984ms
2025/08/05 13:05:21 Run 4 complete
2025/08/05 13:05:21 StationSystem update...
2025/08/05 13:05:21 weather update count: 800
2025/08/05 13:05:21 StationSystem update time: 5.047µs
2025/08/05 13:05:21 SatelliteSystem update...
2025/08/05 13:05:21 satellite count: 500
2025/08/05 13:05:21 SatelliteSystem update time: 1.967268ms
2025/08/05 13:05:21 TopoSystem update...
2025/08/05 13:05:21 TopoSystem: Link count: 400000
2025/08/05 13:05:21 TopoSystem update time: 8.640215ms
2025/08/05 13:05:21 AttenuationSystem update...
2025/08/05 13:05:21 AttenuationSystem parallel flag: 0
2025/08/05 13:05:21 Attenuation computed count: 400000
2025/08/05 13:05:21 AttenuationSystem update time: 248.109513ms
2025/08/05 13:05:21 Run 5 complete
2025/08/05 13:05:21 StationSystem update...
2025/08/05 13:05:21 weather update count: 800
2025/08/05 13:05:21 StationSystem update time: 7.761µs
2025/08/05 13:05:21 SatelliteSystem update...
2025/08/05 13:05:21 satellite count: 500
2025/08/05 13:05:21 SatelliteSystem update time: 1.950456ms
2025/08/05 13:05:21 TopoSystem update...
2025/08/05 13:05:21 TopoSystem: Link count: 400000
2025/08/05 13:05:21 TopoSystem update time: 11.686419ms
2025/08/05 13:05:21 AttenuationSystem update...
2025/08/05 13:05:21 AttenuationSystem parallel flag: 0
2025/08/05 13:05:21 Attenuation computed count: 400000
2025/08/05 13:05:21 AttenuationSystem update time: 246.393089ms
2025/08/05 13:05:21 Run 6 complete
2025/08/05 13:05:21 StationSystem update...
2025/08/05 13:05:21 weather update count: 800
2025/08/05 13:05:21 StationSystem update time: 7.526µs
2025/08/05 13:05:21 SatelliteSystem update...
2025/08/05 13:05:21 satellite count: 500
2025/08/05 13:05:21 SatelliteSystem update time: 1.950312ms
2025/08/05 13:05:21 TopoSystem update...
2025/08/05 13:05:21 TopoSystem: Link count: 400000
2025/08/05 13:05:21 TopoSystem update time: 7.915813ms
2025/08/05 13:05:21 AttenuationSystem update...
2025/08/05 13:05:21 AttenuationSystem parallel flag: 0
2025/08/05 13:05:22 Attenuation computed count: 400000
2025/08/05 13:05:22 AttenuationSystem update time: 259.579954ms
2025/08/05 13:05:22 Run 7 complete
2025/08/05 13:05:22 StationSystem update...
2025/08/05 13:05:22 weather update count: 800
2025/08/05 13:05:22 StationSystem update time: 12.883µs
2025/08/05 13:05:22 SatelliteSystem update...
2025/08/05 13:05:22 satellite count: 500
2025/08/05 13:05:22 SatelliteSystem update time: 2.437078ms
2025/08/05 13:05:22 TopoSystem update...
2025/08/05 13:05:22 TopoSystem: Link count: 400000
2025/08/05 13:05:22 TopoSystem update time: 22.978917ms
2025/08/05 13:05:22 AttenuationSystem update...
2025/08/05 13:05:22 AttenuationSystem parallel flag: 0
2025/08/05 13:05:22 Attenuation computed count: 400000
2025/08/05 13:05:22 AttenuationSystem update time: 261.776191ms
2025/08/05 13:05:22 Run 8 complete
2025/08/05 13:05:22 StationSystem update...
2025/08/05 13:05:22 weather update count: 800
2025/08/05 13:05:22 StationSystem update time: 7.649µs
2025/08/05 13:05:22 SatelliteSystem update...
2025/08/05 13:05:22 satellite count: 500
2025/08/05 13:05:22 SatelliteSystem update time: 1.959867ms
2025/08/05 13:05:22 TopoSystem update...
2025/08/05 13:05:22 TopoSystem: Link count: 400000
2025/08/05 13:05:22 TopoSystem update time: 10.448851ms
2025/08/05 13:05:22 AttenuationSystem update...
2025/08/05 13:05:22 AttenuationSystem parallel flag: 0
2025/08/05 13:05:22 Attenuation computed count: 400000
2025/08/05 13:05:22 AttenuationSystem update time: 240.383045ms
2025/08/05 13:05:22 Run 9 complete
2025/08/05 13:05:22 StationSystem update...
2025/08/05 13:05:22 weather update count: 800
2025/08/05 13:05:22 StationSystem update time: 8.653µs
2025/08/05 13:05:22 SatelliteSystem update...
2025/08/05 13:05:22 satellite count: 500
2025/08/05 13:05:22 SatelliteSystem update time: 1.978865ms
2025/08/05 13:05:22 TopoSystem update...
2025/08/05 13:05:22 TopoSystem: Link count: 400000
2025/08/05 13:05:22 TopoSystem update time: 9.892917ms
2025/08/05 13:05:22 AttenuationSystem update...
2025/08/05 13:05:22 AttenuationSystem parallel flag: 0
2025/08/05 13:05:22 Attenuation computed count: 400000
2025/08/05 13:05:22 AttenuationSystem update time: 238.40833ms
2025/08/05 13:05:22 Run 10 complete
2025/08/05 13:05:22 Total update time:  2.609513629s
2025/08/05 13:05:22 linkCache size: 40

 Performance counter stats for './scale_ecs 800 500 10 2 4 0':

         9,971,198      cache-references                                                      
         2,351,670      cache-misses                     #   23.58% of all cache refs         

       2.617523151 seconds time elapsed

       9.609132000 seconds user
       0.113741000 seconds sys


