ECS running with 700 stations, 2000 satellites, 4 numWGs and 8 numBlocks for 10 rounds in 1 parallel pattern
2025/08/05 13:04:06 StationSystem update...
2025/08/05 13:04:06 weather update count: 700
2025/08/05 13:04:06 SatelliteSystem update...
2025/08/05 13:04:06 StationSystem update time: 5.36µs
2025/08/05 13:04:06 satellite count: 2000
2025/08/05 13:04:06 SatelliteSystem update time: 7.642203ms
2025/08/05 13:04:06 TopoSystem update...
2025/08/05 13:04:06 TopoSystem: Link count: 1400000
2025/08/05 13:04:06 TopoSystem update time: 47.681302ms
2025/08/05 13:04:06 AttenuationSystem update...
2025/08/05 13:04:06 AttenuationSystem parallel flag: 1
2025/08/05 13:04:07 Attenuation computed count: 1400000
2025/08/05 13:04:07 AttenuationSystem update time: 815.278794ms
2025/08/05 13:04:07 Run 1 complete
2025/08/05 13:04:07 StationSystem update...
2025/08/05 13:04:07 weather update count: 700
2025/08/05 13:04:07 StationSystem update time: 8.084µs
2025/08/05 13:04:07 SatelliteSystem update...
2025/08/05 13:04:07 satellite count: 2000
2025/08/05 13:04:07 SatelliteSystem update time: 7.590583ms
2025/08/05 13:04:07 TopoSystem update...
2025/08/05 13:04:07 TopoSystem: Link count: 1400000
2025/08/05 13:04:07 TopoSystem update time: 42.075194ms
2025/08/05 13:04:07 AttenuationSystem update...
2025/08/05 13:04:07 AttenuationSystem parallel flag: 1
2025/08/05 13:04:07 Attenuation computed count: 1400000
2025/08/05 13:04:07 AttenuationSystem update time: 884.215417ms
2025/08/05 13:04:07 Run 2 complete
2025/08/05 13:04:07 StationSystem update...
2025/08/05 13:04:07 weather update count: 700
2025/08/05 13:04:07 StationSystem update time: 12.578µs
2025/08/05 13:04:07 SatelliteSystem update...
2025/08/05 13:04:07 satellite count: 2000
2025/08/05 13:04:07 SatelliteSystem update time: 9.162938ms
2025/08/05 13:04:07 TopoSystem update...
2025/08/05 13:04:08 TopoSystem: Link count: 1400000
2025/08/05 13:04:08 TopoSystem update time: 57.097138ms
2025/08/05 13:04:08 AttenuationSystem update...
2025/08/05 13:04:08 AttenuationSystem parallel flag: 1
2025/08/05 13:04:08 Attenuation computed count: 1400000
2025/08/05 13:04:08 AttenuationSystem update time: 850.208727ms
2025/08/05 13:04:08 Run 3 complete
2025/08/05 13:04:08 StationSystem update...
2025/08/05 13:04:08 weather update count: 700
2025/08/05 13:04:08 StationSystem update time: 5.072µs
2025/08/05 13:04:08 SatelliteSystem update...
2025/08/05 13:04:08 satellite count: 2000
2025/08/05 13:04:08 SatelliteSystem update time: 7.614748ms
2025/08/05 13:04:08 TopoSystem update...
2025/08/05 13:04:08 TopoSystem: Link count: 1400000
2025/08/05 13:04:08 TopoSystem update time: 32.856093ms
2025/08/05 13:04:08 AttenuationSystem update...
2025/08/05 13:04:08 AttenuationSystem parallel flag: 1
2025/08/05 13:04:09 Attenuation computed count: 1400000
2025/08/05 13:04:09 AttenuationSystem update time: 834.174132ms
2025/08/05 13:04:09 Run 4 complete
2025/08/05 13:04:09 StationSystem update...
2025/08/05 13:04:09 weather update count: 700
2025/08/05 13:04:09 StationSystem update time: 5.551µs
2025/08/05 13:04:09 SatelliteSystem update...
2025/08/05 13:04:09 satellite count: 2000
2025/08/05 13:04:09 SatelliteSystem update time: 7.58788ms
2025/08/05 13:04:09 TopoSystem update...
2025/08/05 13:04:09 TopoSystem: Link count: 1400000
2025/08/05 13:04:09 TopoSystem update time: 23.60425ms
2025/08/05 13:04:09 AttenuationSystem update...
2025/08/05 13:04:09 AttenuationSystem parallel flag: 1
2025/08/05 13:04:10 Attenuation computed count: 1400000
2025/08/05 13:04:10 AttenuationSystem update time: 837.742978ms
2025/08/05 13:04:10 Run 5 complete
2025/08/05 13:04:10 StationSystem update...
2025/08/05 13:04:10 weather update count: 700
2025/08/05 13:04:10 StationSystem update time: 5.498µs
2025/08/05 13:04:10 SatelliteSystem update...
2025/08/05 13:04:10 satellite count: 2000
2025/08/05 13:04:10 SatelliteSystem update time: 7.595745ms
2025/08/05 13:04:10 TopoSystem update...
2025/08/05 13:04:10 TopoSystem: Link count: 1400000
2025/08/05 13:04:10 TopoSystem update time: 25.443999ms
2025/08/05 13:04:10 AttenuationSystem update...
2025/08/05 13:04:10 AttenuationSystem parallel flag: 1
2025/08/05 13:04:11 Attenuation computed count: 1400000
2025/08/05 13:04:11 AttenuationSystem update time: 822.826814ms
2025/08/05 13:04:11 Run 6 complete
2025/08/05 13:04:11 StationSystem update...
2025/08/05 13:04:11 weather update count: 700
2025/08/05 13:04:11 StationSystem update time: 5.435µs
2025/08/05 13:04:11 SatelliteSystem update...
2025/08/05 13:04:11 satellite count: 2000
2025/08/05 13:04:11 SatelliteSystem update time: 7.587545ms
2025/08/05 13:04:11 TopoSystem update...
2025/08/05 13:04:11 TopoSystem: Link count: 1400000
2025/08/05 13:04:11 TopoSystem update time: 23.762979ms
2025/08/05 13:04:11 AttenuationSystem update...
2025/08/05 13:04:11 AttenuationSystem parallel flag: 1
2025/08/05 13:04:12 Attenuation computed count: 1400000
2025/08/05 13:04:12 AttenuationSystem update time: 873.559332ms
2025/08/05 13:04:12 Run 7 complete
2025/08/05 13:04:12 StationSystem update...
2025/08/05 13:04:12 weather update count: 700
2025/08/05 13:04:12 StationSystem update time: 9.721µs
2025/08/05 13:04:12 SatelliteSystem update...
2025/08/05 13:04:12 satellite count: 2000
2025/08/05 13:04:12 SatelliteSystem update time: 8.202115ms
2025/08/05 13:04:12 TopoSystem update...
2025/08/05 13:04:12 TopoSystem: Link count: 1400000
2025/08/05 13:04:12 TopoSystem update time: 56.083644ms
2025/08/05 13:04:12 AttenuationSystem update...
2025/08/05 13:04:12 AttenuationSystem parallel flag: 1
2025/08/05 13:04:13 Attenuation computed count: 1400000
2025/08/05 13:04:13 AttenuationSystem update time: 826.710194ms
2025/08/05 13:04:13 Run 8 complete
2025/08/05 13:04:13 StationSystem update...
2025/08/05 13:04:13 weather update count: 700
2025/08/05 13:04:13 StationSystem update time: 4.897µs
2025/08/05 13:04:13 SatelliteSystem update...
2025/08/05 13:04:13 satellite count: 2000
2025/08/05 13:04:13 SatelliteSystem update time: 7.553012ms
2025/08/05 13:04:13 TopoSystem update...
2025/08/05 13:04:13 TopoSystem: Link count: 1400000
2025/08/05 13:04:13 TopoSystem update time: 39.191752ms
2025/08/05 13:04:13 AttenuationSystem update...
2025/08/05 13:04:13 AttenuationSystem parallel flag: 1
2025/08/05 13:04:14 Attenuation computed count: 1400000
2025/08/05 13:04:14 AttenuationSystem update time: 809.448894ms
2025/08/05 13:04:14 Run 9 complete
2025/08/05 13:04:14 StationSystem update...
2025/08/05 13:04:14 weather update count: 700
2025/08/05 13:04:14 StationSystem update time: 5.076µs
2025/08/05 13:04:14 SatelliteSystem update...
2025/08/05 13:04:14 satellite count: 2000
2025/08/05 13:04:14 SatelliteSystem update time: 7.58887ms
2025/08/05 13:04:14 TopoSystem update...
2025/08/05 13:04:14 TopoSystem: Link count: 1400000
2025/08/05 13:04:14 TopoSystem update time: 27.62247ms
2025/08/05 13:04:14 AttenuationSystem update...
2025/08/05 13:04:14 AttenuationSystem parallel flag: 1
2025/08/05 13:04:15 Attenuation computed count: 1400000
2025/08/05 13:04:15 AttenuationSystem update time: 835.99639ms
2025/08/05 13:04:15 Run 10 complete
2025/08/05 13:04:15 Total update time:  8.856416875s
2025/08/05 13:04:15 linkCache size: 40

 Performance counter stats for './scale_ecs 700 2000 10 4 8 1':

        32,645,830      cache-references                                                      
         9,022,901      cache-misses                     #   27.64% of all cache refs         

       8.875690178 seconds time elapsed

      32.239974000 seconds user
       0.251890000 seconds sys


