ECS running with 900 stations, 700 satellites, 2 numWGs and 4 numBlocks for 10 rounds in 0 parallel pattern
2025/08/05 13:43:30 StationSystem update...
2025/08/05 13:43:30 weather update count: 900
2025/08/05 13:43:30 StationSystem update time: 6.659µs
2025/08/05 13:43:30 SatelliteSystem update...
2025/08/05 13:43:30 satellite count: 700
2025/08/05 13:43:30 SatelliteSystem update time: 2.694782ms
2025/08/05 13:43:30 TopoSystem update...
2025/08/05 13:43:31 TopoSystem: Link count: 630000
2025/08/05 13:43:31 TopoSystem update time: 24.692601ms
2025/08/05 13:43:31 AttenuationSystem update...
2025/08/05 13:43:31 AttenuationSystem parallel flag: 0
2025/08/05 13:43:31 Attenuation computed count: 630000
2025/08/05 13:43:31 AttenuationSystem update time: 364.180498ms
2025/08/05 13:43:31 Run 1 complete
2025/08/05 13:43:31 StationSystem update...
2025/08/05 13:43:31 weather update count: 900
2025/08/05 13:43:31 StationSystem update time: 9.333µs
2025/08/05 13:43:31 SatelliteSystem update...
2025/08/05 13:43:31 satellite count: 700
2025/08/05 13:43:31 SatelliteSystem update time: 2.961489ms
2025/08/05 13:43:31 TopoSystem update...
2025/08/05 13:43:31 TopoSystem: Link count: 630000
2025/08/05 13:43:31 TopoSystem update time: 21.227122ms
2025/08/05 13:43:31 AttenuationSystem update...
2025/08/05 13:43:31 AttenuationSystem parallel flag: 0
2025/08/05 13:43:31 Attenuation computed count: 630000
2025/08/05 13:43:31 AttenuationSystem update time: 385.22597ms
2025/08/05 13:43:31 Run 2 complete
2025/08/05 13:43:31 StationSystem update...
2025/08/05 13:43:31 weather update count: 900
2025/08/05 13:43:31 StationSystem update time: 11.087µs
2025/08/05 13:43:31 SatelliteSystem update...
2025/08/05 13:43:31 satellite count: 700
2025/08/05 13:43:31 SatelliteSystem update time: 2.738111ms
2025/08/05 13:43:31 TopoSystem update...
2025/08/05 13:43:31 TopoSystem: Link count: 630000
2025/08/05 13:43:31 TopoSystem update time: 13.105638ms
2025/08/05 13:43:31 AttenuationSystem update...
2025/08/05 13:43:31 AttenuationSystem parallel flag: 0
2025/08/05 13:43:32 Attenuation computed count: 630000
2025/08/05 13:43:32 AttenuationSystem update time: 411.443733ms
2025/08/05 13:43:32 Run 3 complete
2025/08/05 13:43:32 StationSystem update...
2025/08/05 13:43:32 weather update count: 900
2025/08/05 13:43:32 StationSystem update time: 27.213µs
2025/08/05 13:43:32 SatelliteSystem update...
2025/08/05 13:43:32 satellite count: 700
2025/08/05 13:43:32 SatelliteSystem update time: 3.639489ms
2025/08/05 13:43:32 TopoSystem update...
2025/08/05 13:43:32 TopoSystem: Link count: 630000
2025/08/05 13:43:32 TopoSystem update time: 34.368544ms
2025/08/05 13:43:32 AttenuationSystem update...
2025/08/05 13:43:32 AttenuationSystem parallel flag: 0
2025/08/05 13:43:32 Attenuation computed count: 630000
2025/08/05 13:43:32 AttenuationSystem update time: 385.308784ms
2025/08/05 13:43:32 Run 4 complete
2025/08/05 13:43:32 StationSystem update...
2025/08/05 13:43:32 weather update count: 900
2025/08/05 13:43:32 StationSystem update time: 27.289µs
2025/08/05 13:43:32 SatelliteSystem update...
2025/08/05 13:43:32 satellite count: 700
2025/08/05 13:43:32 SatelliteSystem update time: 3.430566ms
2025/08/05 13:43:32 TopoSystem update...
2025/08/05 13:43:32 TopoSystem: Link count: 630000
2025/08/05 13:43:32 TopoSystem update time: 52.290986ms
2025/08/05 13:43:32 AttenuationSystem update...
2025/08/05 13:43:32 AttenuationSystem parallel flag: 0
2025/08/05 13:43:33 Attenuation computed count: 630000
2025/08/05 13:43:33 AttenuationSystem update time: 476.840348ms
2025/08/05 13:43:33 Run 5 complete
2025/08/05 13:43:33 StationSystem update...
2025/08/05 13:43:33 weather update count: 900
2025/08/05 13:43:33 StationSystem update time: 11.509µs
2025/08/05 13:43:33 SatelliteSystem update...
2025/08/05 13:43:33 satellite count: 700
2025/08/05 13:43:33 SatelliteSystem update time: 6.475624ms
2025/08/05 13:43:33 TopoSystem update...
2025/08/05 13:43:33 TopoSystem: Link count: 630000
2025/08/05 13:43:33 TopoSystem update time: 46.911682ms
2025/08/05 13:43:33 AttenuationSystem update...
2025/08/05 13:43:33 AttenuationSystem parallel flag: 0
2025/08/05 13:43:33 Attenuation computed count: 630000
2025/08/05 13:43:33 AttenuationSystem update time: 448.605313ms
2025/08/05 13:43:33 Run 6 complete
2025/08/05 13:43:33 StationSystem update...
2025/08/05 13:43:33 weather update count: 900
2025/08/05 13:43:33 StationSystem update time: 8.435µs
2025/08/05 13:43:33 SatelliteSystem update...
2025/08/05 13:43:33 satellite count: 700
2025/08/05 13:43:33 SatelliteSystem update time: 2.735623ms
2025/08/05 13:43:33 TopoSystem update...
2025/08/05 13:43:33 TopoSystem: Link count: 630000
2025/08/05 13:43:33 TopoSystem update time: 13.506502ms
2025/08/05 13:43:33 AttenuationSystem update...
2025/08/05 13:43:33 AttenuationSystem parallel flag: 0
2025/08/05 13:43:34 Attenuation computed count: 630000
2025/08/05 13:43:34 AttenuationSystem update time: 458.628355ms
2025/08/05 13:43:34 Run 7 complete
2025/08/05 13:43:34 StationSystem update...
2025/08/05 13:43:34 weather update count: 900
2025/08/05 13:43:34 StationSystem update time: 8.465µs
2025/08/05 13:43:34 SatelliteSystem update...
2025/08/05 13:43:34 satellite count: 700
2025/08/05 13:43:34 SatelliteSystem update time: 2.738067ms
2025/08/05 13:43:34 TopoSystem update...
2025/08/05 13:43:34 TopoSystem: Link count: 630000
2025/08/05 13:43:34 TopoSystem update time: 17.936342ms
2025/08/05 13:43:34 AttenuationSystem update...
2025/08/05 13:43:34 AttenuationSystem parallel flag: 0
2025/08/05 13:43:34 Attenuation computed count: 630000
2025/08/05 13:43:34 AttenuationSystem update time: 462.609724ms
2025/08/05 13:43:34 Run 8 complete
2025/08/05 13:43:34 StationSystem update...
2025/08/05 13:43:34 weather update count: 900
2025/08/05 13:43:34 StationSystem update time: 6.159µs
2025/08/05 13:43:34 SatelliteSystem update...
2025/08/05 13:43:34 satellite count: 700
2025/08/05 13:43:34 SatelliteSystem update time: 2.985424ms
2025/08/05 13:43:34 TopoSystem update...
2025/08/05 13:43:34 TopoSystem: Link count: 630000
2025/08/05 13:43:34 TopoSystem update time: 14.230331ms
2025/08/05 13:43:34 AttenuationSystem update...
2025/08/05 13:43:34 AttenuationSystem parallel flag: 0
2025/08/05 13:43:35 Attenuation computed count: 630000
2025/08/05 13:43:35 AttenuationSystem update time: 467.19221ms
2025/08/05 13:43:35 Run 9 complete
2025/08/05 13:43:35 StationSystem update...
2025/08/05 13:43:35 weather update count: 900
2025/08/05 13:43:35 StationSystem update time: 19.279µs
2025/08/05 13:43:35 SatelliteSystem update...
2025/08/05 13:43:35 satellite count: 700
2025/08/05 13:43:35 SatelliteSystem update time: 2.986662ms
2025/08/05 13:43:35 TopoSystem update...
2025/08/05 13:43:35 TopoSystem: Link count: 630000
2025/08/05 13:43:35 TopoSystem update time: 24.286003ms
2025/08/05 13:43:35 AttenuationSystem update...
2025/08/05 13:43:35 AttenuationSystem parallel flag: 0
2025/08/05 13:43:35 Attenuation computed count: 630000
2025/08/05 13:43:35 AttenuationSystem update time: 472.838985ms
2025/08/05 13:43:35 Run 10 complete
2025/08/05 13:43:35 Total update time:  4.637996107s
2025/08/05 13:43:35 linkCache size: 40

 Performance counter stats for './scale_ecs 900 700 10 2 4 0':

        15,669,409      cache-references                                                      
         4,603,744      cache-misses                     #   29.38% of all cache refs         

       4.650383836 seconds time elapsed

      15.891645000 seconds user
       0.202867000 seconds sys


