ECS running with 700 stations, 500 satellites, 8 numWGs and 4 numBlocks for 10 rounds in 1 parallel pattern
2025/08/05 12:35:11 StationSystem update...
2025/08/05 12:35:11 weather update count: 700
2025/08/05 12:35:11 SatelliteSystem update...
2025/08/05 12:35:11 StationSystem update time: 4.483µs
2025/08/05 12:35:11 satellite count: 500
2025/08/05 12:35:11 SatelliteSystem update time: 1.947651ms
2025/08/05 12:35:11 TopoSystem update...
2025/08/05 12:35:11 TopoSystem: Link count: 350000
2025/08/05 12:35:11 TopoSystem update time: 14.114728ms
2025/08/05 12:35:11 AttenuationSystem update...
2025/08/05 12:35:11 AttenuationSystem parallel flag: 1
2025/08/05 12:35:11 Attenuation computed count: 350000
2025/08/05 12:35:11 AttenuationSystem update time: 100.672755ms
2025/08/05 12:35:11 Run 1 complete
2025/08/05 12:35:11 StationSystem update...
2025/08/05 12:35:11 weather update count: 700
2025/08/05 12:35:11 StationSystem update time: 5.106µs
2025/08/05 12:35:11 SatelliteSystem update...
2025/08/05 12:35:11 satellite count: 500
2025/08/05 12:35:11 SatelliteSystem update time: 1.921611ms
2025/08/05 12:35:11 TopoSystem update...
2025/08/05 12:35:11 TopoSystem: Link count: 350000
2025/08/05 12:35:11 TopoSystem update time: 9.894868ms
2025/08/05 12:35:11 AttenuationSystem update...
2025/08/05 12:35:11 AttenuationSystem parallel flag: 1
2025/08/05 12:35:11 Attenuation computed count: 350000
2025/08/05 12:35:11 AttenuationSystem update time: 125.204912ms
2025/08/05 12:35:11 Run 2 complete
2025/08/05 12:35:11 StationSystem update...
2025/08/05 12:35:11 weather update count: 700
2025/08/05 12:35:11 StationSystem update time: 5.461µs
2025/08/05 12:35:11 SatelliteSystem update...
2025/08/05 12:35:11 satellite count: 500
2025/08/05 12:35:11 SatelliteSystem update time: 1.929804ms
2025/08/05 12:35:11 TopoSystem update...
2025/08/05 12:35:12 TopoSystem: Link count: 350000
2025/08/05 12:35:12 TopoSystem update time: 5.908534ms
2025/08/05 12:35:12 AttenuationSystem update...
2025/08/05 12:35:12 AttenuationSystem parallel flag: 1
2025/08/05 12:35:12 Attenuation computed count: 350000
2025/08/05 12:35:12 AttenuationSystem update time: 129.555843ms
2025/08/05 12:35:12 Run 3 complete
2025/08/05 12:35:12 StationSystem update...
2025/08/05 12:35:12 weather update count: 700
2025/08/05 12:35:12 StationSystem update time: 4.304µs
2025/08/05 12:35:12 SatelliteSystem update...
2025/08/05 12:35:12 satellite count: 500
2025/08/05 12:35:12 SatelliteSystem update time: 1.916228ms
2025/08/05 12:35:12 TopoSystem update...
2025/08/05 12:35:12 TopoSystem: Link count: 350000
2025/08/05 12:35:12 TopoSystem update time: 5.91622ms
2025/08/05 12:35:12 AttenuationSystem update...
2025/08/05 12:35:12 AttenuationSystem parallel flag: 1
2025/08/05 12:35:12 Attenuation computed count: 350000
2025/08/05 12:35:12 AttenuationSystem update time: 155.022726ms
2025/08/05 12:35:12 Run 4 complete
2025/08/05 12:35:12 StationSystem update...
2025/08/05 12:35:12 weather update count: 700
2025/08/05 12:35:12 StationSystem update time: 5.49µs
2025/08/05 12:35:12 SatelliteSystem update...
2025/08/05 12:35:12 satellite count: 500
2025/08/05 12:35:12 SatelliteSystem update time: 1.903717ms
2025/08/05 12:35:12 TopoSystem update...
2025/08/05 12:35:12 TopoSystem: Link count: 350000
2025/08/05 12:35:12 TopoSystem update time: 7.645054ms
2025/08/05 12:35:12 AttenuationSystem update...
2025/08/05 12:35:12 AttenuationSystem parallel flag: 1
2025/08/05 12:35:12 Attenuation computed count: 350000
2025/08/05 12:35:12 AttenuationSystem update time: 122.717036ms
2025/08/05 12:35:12 Run 5 complete
2025/08/05 12:35:12 StationSystem update...
2025/08/05 12:35:12 weather update count: 700
2025/08/05 12:35:12 StationSystem update time: 4.598µs
2025/08/05 12:35:12 SatelliteSystem update...
2025/08/05 12:35:12 satellite count: 500
2025/08/05 12:35:12 SatelliteSystem update time: 1.904077ms
2025/08/05 12:35:12 TopoSystem update...
2025/08/05 12:35:12 TopoSystem: Link count: 350000
2025/08/05 12:35:12 TopoSystem update time: 7.579896ms
2025/08/05 12:35:12 AttenuationSystem update...
2025/08/05 12:35:12 AttenuationSystem parallel flag: 1
2025/08/05 12:35:12 Attenuation computed count: 350000
2025/08/05 12:35:12 AttenuationSystem update time: 159.009591ms
2025/08/05 12:35:12 Run 6 complete
2025/08/05 12:35:12 StationSystem update...
2025/08/05 12:35:12 weather update count: 700
2025/08/05 12:35:12 StationSystem update time: 4.768µs
2025/08/05 12:35:12 SatelliteSystem update...
2025/08/05 12:35:12 satellite count: 500
2025/08/05 12:35:12 SatelliteSystem update time: 1.916989ms
2025/08/05 12:35:12 TopoSystem update...
2025/08/05 12:35:12 TopoSystem: Link count: 350000
2025/08/05 12:35:12 TopoSystem update time: 5.951351ms
2025/08/05 12:35:12 AttenuationSystem update...
2025/08/05 12:35:12 AttenuationSystem parallel flag: 1
2025/08/05 12:35:12 Attenuation computed count: 350000
2025/08/05 12:35:12 AttenuationSystem update time: 124.628991ms
2025/08/05 12:35:12 Run 7 complete
2025/08/05 12:35:12 StationSystem update...
2025/08/05 12:35:12 weather update count: 700
2025/08/05 12:35:12 StationSystem update time: 4.349µs
2025/08/05 12:35:12 SatelliteSystem update...
2025/08/05 12:35:12 satellite count: 500
2025/08/05 12:35:12 SatelliteSystem update time: 1.91537ms
2025/08/05 12:35:12 TopoSystem update...
2025/08/05 12:35:12 TopoSystem: Link count: 350000
2025/08/05 12:35:12 TopoSystem update time: 6.638894ms
2025/08/05 12:35:12 AttenuationSystem update...
2025/08/05 12:35:12 AttenuationSystem parallel flag: 1
2025/08/05 12:35:12 Attenuation computed count: 350000
2025/08/05 12:35:12 AttenuationSystem update time: 163.846393ms
2025/08/05 12:35:12 Run 8 complete
2025/08/05 12:35:12 StationSystem update...
2025/08/05 12:35:12 weather update count: 700
2025/08/05 12:35:12 SatelliteSystem update...
2025/08/05 12:35:12 StationSystem update time: 9.209µs
2025/08/05 12:35:12 satellite count: 500
2025/08/05 12:35:12 SatelliteSystem update time: 1.89489ms
2025/08/05 12:35:12 TopoSystem update...
2025/08/05 12:35:12 TopoSystem: Link count: 350000
2025/08/05 12:35:12 TopoSystem update time: 6.018307ms
2025/08/05 12:35:12 AttenuationSystem update...
2025/08/05 12:35:12 AttenuationSystem parallel flag: 1
2025/08/05 12:35:13 Attenuation computed count: 350000
2025/08/05 12:35:13 AttenuationSystem update time: 143.683459ms
2025/08/05 12:35:13 Run 9 complete
2025/08/05 12:35:13 StationSystem update...
2025/08/05 12:35:13 weather update count: 700
2025/08/05 12:35:13 StationSystem update time: 4.98µs
2025/08/05 12:35:13 SatelliteSystem update...
2025/08/05 12:35:13 satellite count: 500
2025/08/05 12:35:13 SatelliteSystem update time: 1.911354ms
2025/08/05 12:35:13 TopoSystem update...
2025/08/05 12:35:13 TopoSystem: Link count: 350000
2025/08/05 12:35:13 TopoSystem update time: 5.832731ms
2025/08/05 12:35:13 AttenuationSystem update...
2025/08/05 12:35:13 AttenuationSystem parallel flag: 1
2025/08/05 12:35:13 Attenuation computed count: 350000
2025/08/05 12:35:13 AttenuationSystem update time: 158.824801ms
2025/08/05 12:35:13 Run 10 complete
2025/08/05 12:35:13 Total update time:  1.480356561s
2025/08/05 12:35:13 linkCache size: 40

 Performance counter stats for './scale_ecs 700 500 10 8 4 1':

         8,419,772      cache-references                                                      
         1,733,880      cache-misses                     #   20.59% of all cache refs         

       1.485720568 seconds time elapsed

       8.598728000 seconds user
       0.046916000 seconds sys


