ECS running with 600 stations, 900 satellites, 4 numWGs and 8 numBlocks for 10 rounds in 0 parallel pattern
2025/08/05 12:12:33 StationSystem update...
2025/08/05 12:12:33 weather update count: 600
2025/08/05 12:12:33 StationSystem update time: 5.564µs
2025/08/05 12:12:33 SatelliteSystem update...
2025/08/05 12:12:33 satellite count: 900
2025/08/05 12:12:33 SatelliteSystem update time: 3.431757ms
2025/08/05 12:12:33 TopoSystem update...
2025/08/05 12:12:33 TopoSystem: Link count: 540000
2025/08/05 12:12:33 TopoSystem update time: 17.600311ms
2025/08/05 12:12:33 AttenuationSystem update...
2025/08/05 12:12:33 AttenuationSystem parallel flag: 0
2025/08/05 12:12:33 Attenuation computed count: 540000
2025/08/05 12:12:33 AttenuationSystem update time: 163.097669ms
2025/08/05 12:12:33 Run 1 complete
2025/08/05 12:12:33 StationSystem update...
2025/08/05 12:12:33 weather update count: 600
2025/08/05 12:12:33 StationSystem update time: 5.263µs
2025/08/05 12:12:33 SatelliteSystem update...
2025/08/05 12:12:33 satellite count: 900
2025/08/05 12:12:33 SatelliteSystem update time: 5.997527ms
2025/08/05 12:12:33 TopoSystem update...
2025/08/05 12:12:33 TopoSystem: Link count: 540000
2025/08/05 12:12:33 TopoSystem update time: 13.823949ms
2025/08/05 12:12:33 AttenuationSystem update...
2025/08/05 12:12:33 AttenuationSystem parallel flag: 0
2025/08/05 12:12:33 Attenuation computed count: 540000
2025/08/05 12:12:33 AttenuationSystem update time: 158.611413ms
2025/08/05 12:12:33 Run 2 complete
2025/08/05 12:12:33 StationSystem update...
2025/08/05 12:12:33 weather update count: 600
2025/08/05 12:12:33 StationSystem update time: 4.141µs
2025/08/05 12:12:33 SatelliteSystem update...
2025/08/05 12:12:33 satellite count: 900
2025/08/05 12:12:33 SatelliteSystem update time: 3.419022ms
2025/08/05 12:12:33 TopoSystem update...
2025/08/05 12:12:33 TopoSystem: Link count: 540000
2025/08/05 12:12:33 TopoSystem update time: 10.253047ms
2025/08/05 12:12:33 AttenuationSystem update...
2025/08/05 12:12:33 AttenuationSystem parallel flag: 0
2025/08/05 12:12:33 Attenuation computed count: 540000
2025/08/05 12:12:33 AttenuationSystem update time: 170.30536ms
2025/08/05 12:12:33 Run 3 complete
2025/08/05 12:12:33 StationSystem update...
2025/08/05 12:12:33 weather update count: 600
2025/08/05 12:12:33 StationSystem update time: 4.811µs
2025/08/05 12:12:33 SatelliteSystem update...
2025/08/05 12:12:33 satellite count: 900
2025/08/05 12:12:33 SatelliteSystem update time: 3.432971ms
2025/08/05 12:12:33 TopoSystem update...
2025/08/05 12:12:33 TopoSystem: Link count: 540000
2025/08/05 12:12:33 TopoSystem update time: 9.922116ms
2025/08/05 12:12:33 AttenuationSystem update...
2025/08/05 12:12:33 AttenuationSystem parallel flag: 0
2025/08/05 12:12:33 Attenuation computed count: 540000
2025/08/05 12:12:33 AttenuationSystem update time: 188.558919ms
2025/08/05 12:12:33 Run 4 complete
2025/08/05 12:12:33 StationSystem update...
2025/08/05 12:12:33 weather update count: 600
2025/08/05 12:12:33 StationSystem update time: 4.581µs
2025/08/05 12:12:33 SatelliteSystem update...
2025/08/05 12:12:33 satellite count: 900
2025/08/05 12:12:33 SatelliteSystem update time: 3.433239ms
2025/08/05 12:12:33 TopoSystem update...
2025/08/05 12:12:33 TopoSystem: Link count: 540000
2025/08/05 12:12:33 TopoSystem update time: 11.502524ms
2025/08/05 12:12:33 AttenuationSystem update...
2025/08/05 12:12:33 AttenuationSystem parallel flag: 0
2025/08/05 12:12:34 Attenuation computed count: 540000
2025/08/05 12:12:34 AttenuationSystem update time: 188.666181ms
2025/08/05 12:12:34 Run 5 complete
2025/08/05 12:12:34 StationSystem update...
2025/08/05 12:12:34 weather update count: 600
2025/08/05 12:12:34 StationSystem update time: 4.437µs
2025/08/05 12:12:34 SatelliteSystem update...
2025/08/05 12:12:34 satellite count: 900
2025/08/05 12:12:34 SatelliteSystem update time: 3.496962ms
2025/08/05 12:12:34 TopoSystem update...
2025/08/05 12:12:34 TopoSystem: Link count: 540000
2025/08/05 12:12:34 TopoSystem update time: 13.633493ms
2025/08/05 12:12:34 AttenuationSystem update...
2025/08/05 12:12:34 AttenuationSystem parallel flag: 0
2025/08/05 12:12:34 Attenuation computed count: 540000
2025/08/05 12:12:34 AttenuationSystem update time: 196.96407ms
2025/08/05 12:12:34 Run 6 complete
2025/08/05 12:12:34 StationSystem update...
2025/08/05 12:12:34 weather update count: 600
2025/08/05 12:12:34 StationSystem update time: 4.412µs
2025/08/05 12:12:34 SatelliteSystem update...
2025/08/05 12:12:34 satellite count: 900
2025/08/05 12:12:34 SatelliteSystem update time: 3.405749ms
2025/08/05 12:12:34 TopoSystem update...
2025/08/05 12:12:34 TopoSystem: Link count: 540000
2025/08/05 12:12:34 TopoSystem update time: 16.204908ms
2025/08/05 12:12:34 AttenuationSystem update...
2025/08/05 12:12:34 AttenuationSystem parallel flag: 0
2025/08/05 12:12:34 Attenuation computed count: 540000
2025/08/05 12:12:34 AttenuationSystem update time: 176.984553ms
2025/08/05 12:12:34 Run 7 complete
2025/08/05 12:12:34 StationSystem update...
2025/08/05 12:12:34 weather update count: 600
2025/08/05 12:12:34 StationSystem update time: 3.993µs
2025/08/05 12:12:34 SatelliteSystem update...
2025/08/05 12:12:34 satellite count: 900
2025/08/05 12:12:34 SatelliteSystem update time: 3.435805ms
2025/08/05 12:12:34 TopoSystem update...
2025/08/05 12:12:34 TopoSystem: Link count: 540000
2025/08/05 12:12:34 TopoSystem update time: 15.821064ms
2025/08/05 12:12:34 AttenuationSystem update...
2025/08/05 12:12:34 AttenuationSystem parallel flag: 0
2025/08/05 12:12:34 Attenuation computed count: 540000
2025/08/05 12:12:34 AttenuationSystem update time: 190.678778ms
2025/08/05 12:12:34 Run 8 complete
2025/08/05 12:12:34 StationSystem update...
2025/08/05 12:12:34 weather update count: 600
2025/08/05 12:12:34 StationSystem update time: 11.768µs
2025/08/05 12:12:34 SatelliteSystem update...
2025/08/05 12:12:34 satellite count: 900
2025/08/05 12:12:34 SatelliteSystem update time: 4.0648ms
2025/08/05 12:12:34 TopoSystem update...
2025/08/05 12:12:34 TopoSystem: Link count: 540000
2025/08/05 12:12:34 TopoSystem update time: 29.343936ms
2025/08/05 12:12:34 AttenuationSystem update...
2025/08/05 12:12:34 AttenuationSystem parallel flag: 0
2025/08/05 12:12:34 Attenuation computed count: 540000
2025/08/05 12:12:34 AttenuationSystem update time: 190.080707ms
2025/08/05 12:12:34 Run 9 complete
2025/08/05 12:12:34 StationSystem update...
2025/08/05 12:12:34 weather update count: 600
2025/08/05 12:12:34 StationSystem update time: 4.523µs
2025/08/05 12:12:34 SatelliteSystem update...
2025/08/05 12:12:34 satellite count: 900
2025/08/05 12:12:34 SatelliteSystem update time: 3.457127ms
2025/08/05 12:12:34 TopoSystem update...
2025/08/05 12:12:34 TopoSystem: Link count: 540000
2025/08/05 12:12:34 TopoSystem update time: 12.529284ms
2025/08/05 12:12:34 AttenuationSystem update...
2025/08/05 12:12:34 AttenuationSystem parallel flag: 0
2025/08/05 12:12:35 Attenuation computed count: 540000
2025/08/05 12:12:35 AttenuationSystem update time: 193.874669ms
2025/08/05 12:12:35 Run 10 complete
2025/08/05 12:12:35 Total update time:  2.013178308s
2025/08/05 12:12:35 linkCache size: 40

 Performance counter stats for './scale_ecs 600 900 10 4 8 0':

        13,269,044      cache-references                                                      
         2,727,758      cache-misses                     #   20.56% of all cache refs         

       2.019063173 seconds time elapsed

      13.367697000 seconds user
       0.078191000 seconds sys


