ECS running with 800 stations, 1700 satellites, 8 numWGs and 8 numBlocks for 10 rounds in 0 parallel pattern
2025/08/05 13:30:49 StationSystem update...
2025/08/05 13:30:49 weather update count: 800
2025/08/05 13:30:49 SatelliteSystem update...
2025/08/05 13:30:49 StationSystem update time: 6.147µs
2025/08/05 13:30:49 satellite count: 1700
2025/08/05 13:30:49 SatelliteSystem update time: 6.445067ms
2025/08/05 13:30:49 TopoSystem update...
2025/08/05 13:30:49 TopoSystem: Link count: 1360000
2025/08/05 13:30:49 TopoSystem update time: 42.862009ms
2025/08/05 13:30:49 AttenuationSystem update...
2025/08/05 13:30:49 AttenuationSystem parallel flag: 0
2025/08/05 13:30:50 Attenuation computed count: 1360000
2025/08/05 13:30:50 AttenuationSystem update time: 404.025334ms
2025/08/05 13:30:50 Run 1 complete
2025/08/05 13:30:50 StationSystem update...
2025/08/05 13:30:50 weather update count: 800
2025/08/05 13:30:50 StationSystem update time: 5.981µs
2025/08/05 13:30:50 SatelliteSystem update...
2025/08/05 13:30:50 satellite count: 1700
2025/08/05 13:30:50 SatelliteSystem update time: 6.455036ms
2025/08/05 13:30:50 TopoSystem update...
2025/08/05 13:30:50 TopoSystem: Link count: 1360000
2025/08/05 13:30:50 TopoSystem update time: 37.961725ms
2025/08/05 13:30:50 AttenuationSystem update...
2025/08/05 13:30:50 AttenuationSystem parallel flag: 0
2025/08/05 13:30:50 Attenuation computed count: 1360000
2025/08/05 13:30:50 AttenuationSystem update time: 421.107069ms
2025/08/05 13:30:50 Run 2 complete
2025/08/05 13:30:50 StationSystem update...
2025/08/05 13:30:50 weather update count: 800
2025/08/05 13:30:50 StationSystem update time: 5.869µs
2025/08/05 13:30:50 SatelliteSystem update...
2025/08/05 13:30:50 satellite count: 1700
2025/08/05 13:30:50 SatelliteSystem update time: 6.448404ms
2025/08/05 13:30:50 TopoSystem update...
2025/08/05 13:30:50 TopoSystem: Link count: 1360000
2025/08/05 13:30:50 TopoSystem update time: 22.583267ms
2025/08/05 13:30:50 AttenuationSystem update...
2025/08/05 13:30:50 AttenuationSystem parallel flag: 0
2025/08/05 13:30:51 Attenuation computed count: 1360000
2025/08/05 13:30:51 AttenuationSystem update time: 459.209098ms
2025/08/05 13:30:51 Run 3 complete
2025/08/05 13:30:51 StationSystem update...
2025/08/05 13:30:51 weather update count: 800
2025/08/05 13:30:51 StationSystem update time: 22.104µs
2025/08/05 13:30:51 SatelliteSystem update...
2025/08/05 13:30:51 satellite count: 1700
2025/08/05 13:30:51 SatelliteSystem update time: 8.400564ms
2025/08/05 13:30:51 TopoSystem update...
2025/08/05 13:30:51 TopoSystem: Link count: 1360000
2025/08/05 13:30:51 TopoSystem update time: 83.824904ms
2025/08/05 13:30:51 AttenuationSystem update...
2025/08/05 13:30:51 AttenuationSystem parallel flag: 0
2025/08/05 13:30:51 Attenuation computed count: 1360000
2025/08/05 13:30:51 AttenuationSystem update time: 411.47166ms
2025/08/05 13:30:51 Run 4 complete
2025/08/05 13:30:51 StationSystem update...
2025/08/05 13:30:51 weather update count: 800
2025/08/05 13:30:51 StationSystem update time: 5.099µs
2025/08/05 13:30:51 SatelliteSystem update...
2025/08/05 13:30:51 satellite count: 1700
2025/08/05 13:30:51 SatelliteSystem update time: 6.448553ms
2025/08/05 13:30:51 TopoSystem update...
2025/08/05 13:30:51 TopoSystem: Link count: 1360000
2025/08/05 13:30:51 TopoSystem update time: 30.373384ms
2025/08/05 13:30:51 AttenuationSystem update...
2025/08/05 13:30:51 AttenuationSystem parallel flag: 0
2025/08/05 13:30:52 Attenuation computed count: 1360000
2025/08/05 13:30:52 AttenuationSystem update time: 425.189081ms
2025/08/05 13:30:52 Run 5 complete
2025/08/05 13:30:52 StationSystem update...
2025/08/05 13:30:52 weather update count: 800
2025/08/05 13:30:52 StationSystem update time: 6.385µs
2025/08/05 13:30:52 SatelliteSystem update...
2025/08/05 13:30:52 satellite count: 1700
2025/08/05 13:30:52 SatelliteSystem update time: 6.432373ms
2025/08/05 13:30:52 TopoSystem update...
2025/08/05 13:30:52 TopoSystem: Link count: 1360000
2025/08/05 13:30:52 TopoSystem update time: 21.760096ms
2025/08/05 13:30:52 AttenuationSystem update...
2025/08/05 13:30:52 AttenuationSystem parallel flag: 0
2025/08/05 13:30:52 Attenuation computed count: 1360000
2025/08/05 13:30:52 AttenuationSystem update time: 421.567267ms
2025/08/05 13:30:52 Run 6 complete
2025/08/05 13:30:52 StationSystem update...
2025/08/05 13:30:52 weather update count: 800
2025/08/05 13:30:52 StationSystem update time: 5.306µs
2025/08/05 13:30:52 SatelliteSystem update...
2025/08/05 13:30:52 satellite count: 1700
2025/08/05 13:30:52 SatelliteSystem update time: 6.446643ms
2025/08/05 13:30:52 TopoSystem update...
2025/08/05 13:30:52 TopoSystem: Link count: 1360000
2025/08/05 13:30:52 TopoSystem update time: 22.223576ms
2025/08/05 13:30:52 AttenuationSystem update...
2025/08/05 13:30:52 AttenuationSystem parallel flag: 0
2025/08/05 13:30:52 Attenuation computed count: 1360000
2025/08/05 13:30:52 AttenuationSystem update time: 419.537349ms
2025/08/05 13:30:52 Run 7 complete
2025/08/05 13:30:52 StationSystem update...
2025/08/05 13:30:52 weather update count: 800
2025/08/05 13:30:52 StationSystem update time: 5.209µs
2025/08/05 13:30:52 SatelliteSystem update...
2025/08/05 13:30:52 satellite count: 1700
2025/08/05 13:30:52 SatelliteSystem update time: 6.432822ms
2025/08/05 13:30:52 TopoSystem update...
2025/08/05 13:30:53 TopoSystem: Link count: 1360000
2025/08/05 13:30:53 TopoSystem update time: 22.266115ms
2025/08/05 13:30:53 AttenuationSystem update...
2025/08/05 13:30:53 AttenuationSystem parallel flag: 0
2025/08/05 13:30:53 Attenuation computed count: 1360000
2025/08/05 13:30:53 AttenuationSystem update time: 409.910537ms
2025/08/05 13:30:53 Run 8 complete
2025/08/05 13:30:53 StationSystem update...
2025/08/05 13:30:53 weather update count: 800
2025/08/05 13:30:53 StationSystem update time: 5.628µs
2025/08/05 13:30:53 SatelliteSystem update...
2025/08/05 13:30:53 satellite count: 1700
2025/08/05 13:30:53 SatelliteSystem update time: 6.446159ms
2025/08/05 13:30:53 TopoSystem update...
2025/08/05 13:30:53 TopoSystem: Link count: 1360000
2025/08/05 13:30:53 TopoSystem update time: 22.152722ms
2025/08/05 13:30:53 AttenuationSystem update...
2025/08/05 13:30:53 AttenuationSystem parallel flag: 0
2025/08/05 13:30:53 Attenuation computed count: 1360000
2025/08/05 13:30:53 AttenuationSystem update time: 392.39191ms
2025/08/05 13:30:53 Run 9 complete
2025/08/05 13:30:53 StationSystem update...
2025/08/05 13:30:53 weather update count: 800
2025/08/05 13:30:53 StationSystem update time: 6.515µs
2025/08/05 13:30:53 SatelliteSystem update...
2025/08/05 13:30:53 satellite count: 1700
2025/08/05 13:30:53 SatelliteSystem update time: 4.817284ms
2025/08/05 13:30:53 TopoSystem update...
2025/08/05 13:30:53 TopoSystem: Link count: 1360000
2025/08/05 13:30:53 TopoSystem update time: 21.597248ms
2025/08/05 13:30:53 AttenuationSystem update...
2025/08/05 13:30:53 AttenuationSystem parallel flag: 0
2025/08/05 13:30:54 Attenuation computed count: 1360000
2025/08/05 13:30:54 AttenuationSystem update time: 414.212834ms
2025/08/05 13:30:54 Run 10 complete
2025/08/05 13:30:54 Total update time:  4.582207448s
2025/08/05 13:30:54 linkCache size: 40

 Performance counter stats for './scale_ecs 800 1700 10 8 8 0':

        30,529,568      cache-references                                                      
         8,122,741      cache-misses                     #   26.61% of all cache refs         

       4.594152040 seconds time elapsed

      30.841238000 seconds user
       0.182983000 seconds sys


