ECS running with 700 stations, 1700 satellites, 2 numWGs and 4 numBlocks for 10 rounds in 1 parallel pattern
2025/08/05 12:54:23 StationSystem update...
2025/08/05 12:54:23 weather update count: 700
2025/08/05 12:54:23 StationSystem update time: 5.952µs
2025/08/05 12:54:23 SatelliteSystem update...
2025/08/05 12:54:23 satellite count: 1700
2025/08/05 12:54:23 SatelliteSystem update time: 6.425159ms
2025/08/05 12:54:23 TopoSystem update...
2025/08/05 12:54:23 TopoSystem: Link count: 1190000
2025/08/05 12:54:23 TopoSystem update time: 37.077879ms
2025/08/05 12:54:23 AttenuationSystem update...
2025/08/05 12:54:23 AttenuationSystem parallel flag: 1
2025/08/05 12:54:24 Attenuation computed count: 1190000
2025/08/05 12:54:24 AttenuationSystem update time: 1.174633773s
2025/08/05 12:54:24 Run 1 complete
2025/08/05 12:54:24 StationSystem update...
2025/08/05 12:54:24 weather update count: 700
2025/08/05 12:54:24 StationSystem update time: 10.698µs
2025/08/05 12:54:24 SatelliteSystem update...
2025/08/05 12:54:24 satellite count: 1700
2025/08/05 12:54:24 SatelliteSystem update time: 6.006447ms
2025/08/05 12:54:24 TopoSystem update...
2025/08/05 12:54:24 TopoSystem: Link count: 1190000
2025/08/05 12:54:24 TopoSystem update time: 49.352141ms
2025/08/05 12:54:24 AttenuationSystem update...
2025/08/05 12:54:24 AttenuationSystem parallel flag: 1
2025/08/05 12:54:25 Attenuation computed count: 1190000
2025/08/05 12:54:25 AttenuationSystem update time: 1.413649323s
2025/08/05 12:54:25 Run 2 complete
2025/08/05 12:54:25 StationSystem update...
2025/08/05 12:54:25 weather update count: 700
2025/08/05 12:54:25 StationSystem update time: 5.336µs
2025/08/05 12:54:25 SatelliteSystem update...
2025/08/05 12:54:25 satellite count: 1700
2025/08/05 12:54:25 SatelliteSystem update time: 6.445372ms
2025/08/05 12:54:25 TopoSystem update...
2025/08/05 12:54:25 TopoSystem: Link count: 1190000
2025/08/05 12:54:25 TopoSystem update time: 29.711427ms
2025/08/05 12:54:25 AttenuationSystem update...
2025/08/05 12:54:25 AttenuationSystem parallel flag: 1
2025/08/05 12:54:27 Attenuation computed count: 1190000
2025/08/05 12:54:27 AttenuationSystem update time: 1.277726143s
2025/08/05 12:54:27 Run 3 complete
2025/08/05 12:54:27 StationSystem update...
2025/08/05 12:54:27 weather update count: 700
2025/08/05 12:54:27 StationSystem update time: 4.15µs
2025/08/05 12:54:27 SatelliteSystem update...
2025/08/05 12:54:27 satellite count: 1700
2025/08/05 12:54:27 SatelliteSystem update time: 4.806279ms
2025/08/05 12:54:27 TopoSystem update...
2025/08/05 12:54:27 TopoSystem: Link count: 1190000
2025/08/05 12:54:27 TopoSystem update time: 16.047285ms
2025/08/05 12:54:27 AttenuationSystem update...
2025/08/05 12:54:27 AttenuationSystem parallel flag: 1
2025/08/05 12:54:28 Attenuation computed count: 1190000
2025/08/05 12:54:28 AttenuationSystem update time: 1.36199673s
2025/08/05 12:54:28 Run 4 complete
2025/08/05 12:54:28 StationSystem update...
2025/08/05 12:54:28 weather update count: 700
2025/08/05 12:54:28 StationSystem update time: 5.049µs
2025/08/05 12:54:28 SatelliteSystem update...
2025/08/05 12:54:28 satellite count: 1700
2025/08/05 12:54:28 SatelliteSystem update time: 5.800239ms
2025/08/05 12:54:28 TopoSystem update...
2025/08/05 12:54:28 TopoSystem: Link count: 1190000
2025/08/05 12:54:28 TopoSystem update time: 21.237775ms
2025/08/05 12:54:28 AttenuationSystem update...
2025/08/05 12:54:28 AttenuationSystem parallel flag: 1
2025/08/05 12:54:29 Attenuation computed count: 1190000
2025/08/05 12:54:29 AttenuationSystem update time: 1.429539387s
2025/08/05 12:54:29 Run 5 complete
2025/08/05 12:54:29 StationSystem update...
2025/08/05 12:54:29 weather update count: 700
2025/08/05 12:54:29 SatelliteSystem update...
2025/08/05 12:54:29 StationSystem update time: 22.934µs
2025/08/05 12:54:29 satellite count: 1700
2025/08/05 12:54:29 SatelliteSystem update time: 6.957283ms
2025/08/05 12:54:29 TopoSystem update...
2025/08/05 12:54:29 TopoSystem: Link count: 1190000
2025/08/05 12:54:29 TopoSystem update time: 34.924885ms
2025/08/05 12:54:29 AttenuationSystem update...
2025/08/05 12:54:29 AttenuationSystem parallel flag: 1
2025/08/05 12:54:31 Attenuation computed count: 1190000
2025/08/05 12:54:31 AttenuationSystem update time: 1.34535297s
2025/08/05 12:54:31 Run 6 complete
2025/08/05 12:54:31 StationSystem update...
2025/08/05 12:54:31 weather update count: 700
2025/08/05 12:54:31 StationSystem update time: 3.233µs
2025/08/05 12:54:31 SatelliteSystem update...
2025/08/05 12:54:31 satellite count: 1700
2025/08/05 12:54:31 SatelliteSystem update time: 5.479626ms
2025/08/05 12:54:31 TopoSystem update...
2025/08/05 12:54:31 TopoSystem: Link count: 1190000
2025/08/05 12:54:31 TopoSystem update time: 23.222895ms
2025/08/05 12:54:31 AttenuationSystem update...
2025/08/05 12:54:31 AttenuationSystem parallel flag: 1
2025/08/05 12:54:32 Attenuation computed count: 1190000
2025/08/05 12:54:32 AttenuationSystem update time: 1.393683135s
2025/08/05 12:54:32 Run 7 complete
2025/08/05 12:54:32 StationSystem update...
2025/08/05 12:54:32 weather update count: 700
2025/08/05 12:54:32 StationSystem update time: 4.437µs
2025/08/05 12:54:32 SatelliteSystem update...
2025/08/05 12:54:32 satellite count: 1700
2025/08/05 12:54:32 SatelliteSystem update time: 6.434251ms
2025/08/05 12:54:32 TopoSystem update...
2025/08/05 12:54:32 TopoSystem: Link count: 1190000
2025/08/05 12:54:32 TopoSystem update time: 18.888301ms
2025/08/05 12:54:32 AttenuationSystem update...
2025/08/05 12:54:32 AttenuationSystem parallel flag: 1
2025/08/05 12:54:34 Attenuation computed count: 1190000
2025/08/05 12:54:34 AttenuationSystem update time: 1.336771047s
2025/08/05 12:54:34 Run 8 complete
2025/08/05 12:54:34 StationSystem update...
2025/08/05 12:54:34 weather update count: 700
2025/08/05 12:54:34 StationSystem update time: 4.728µs
2025/08/05 12:54:34 SatelliteSystem update...
2025/08/05 12:54:34 satellite count: 1700
2025/08/05 12:54:34 SatelliteSystem update time: 5.147678ms
2025/08/05 12:54:34 TopoSystem update...
2025/08/05 12:54:34 TopoSystem: Link count: 1190000
2025/08/05 12:54:34 TopoSystem update time: 16.99667ms
2025/08/05 12:54:34 AttenuationSystem update...
2025/08/05 12:54:34 AttenuationSystem parallel flag: 1
2025/08/05 12:54:35 Attenuation computed count: 1190000
2025/08/05 12:54:35 AttenuationSystem update time: 1.331197111s
2025/08/05 12:54:35 Run 9 complete
2025/08/05 12:54:35 StationSystem update...
2025/08/05 12:54:35 weather update count: 700
2025/08/05 12:54:35 StationSystem update time: 13.75µs
2025/08/05 12:54:35 SatelliteSystem update...
2025/08/05 12:54:35 satellite count: 1700
2025/08/05 12:54:35 SatelliteSystem update time: 6.092913ms
2025/08/05 12:54:35 TopoSystem update...
2025/08/05 12:54:35 TopoSystem: Link count: 1190000
2025/08/05 12:54:35 TopoSystem update time: 65.592624ms
2025/08/05 12:54:35 AttenuationSystem update...
2025/08/05 12:54:35 AttenuationSystem parallel flag: 1
2025/08/05 12:54:36 Attenuation computed count: 1190000
2025/08/05 12:54:36 AttenuationSystem update time: 1.388637135s
2025/08/05 12:54:36 Run 10 complete
2025/08/05 12:54:36 Total update time:  13.835477596s
2025/08/05 12:54:36 linkCache size: 40

 Performance counter stats for './scale_ecs 700 1700 10 2 4 1':

        27,602,133      cache-references                                                      
         7,990,480      cache-misses                     #   28.95% of all cache refs         

      13.850771432 seconds time elapsed

      25.603598000 seconds user
       0.247908000 seconds sys


