ECS running with 900 stations, 1500 satellites, 4 numWGs and 2 numBlocks for 10 rounds in 0 parallel pattern
2025/08/05 14:01:29 StationSystem update...
2025/08/05 14:01:29 weather update count: 900
2025/08/05 14:01:29 StationSystem update time: 4.956µs
2025/08/05 14:01:29 SatelliteSystem update...
2025/08/05 14:01:29 satellite count: 1500
2025/08/05 14:01:29 SatelliteSystem update time: 5.697587ms
2025/08/05 14:01:29 TopoSystem update...
2025/08/05 14:01:29 TopoSystem: Link count: 1350000
2025/08/05 14:01:29 TopoSystem update time: 41.263104ms
2025/08/05 14:01:29 AttenuationSystem update...
2025/08/05 14:01:29 AttenuationSystem parallel flag: 0
2025/08/05 14:01:30 Attenuation computed count: 1350000
2025/08/05 14:01:30 AttenuationSystem update time: 1.552234829s
2025/08/05 14:01:30 Run 1 complete
2025/08/05 14:01:30 SatelliteSystem update...
2025/08/05 14:01:30 StationSystem update...
2025/08/05 14:01:30 weather update count: 900
2025/08/05 14:01:30 StationSystem update time: 24.026µs
2025/08/05 14:01:30 satellite count: 1500
2025/08/05 14:01:30 SatelliteSystem update time: 5.321824ms
2025/08/05 14:01:30 TopoSystem update...
2025/08/05 14:01:30 TopoSystem: Link count: 1350000
2025/08/05 14:01:30 TopoSystem update time: 80.871394ms
2025/08/05 14:01:30 AttenuationSystem update...
2025/08/05 14:01:30 AttenuationSystem parallel flag: 0
2025/08/05 14:01:32 Attenuation computed count: 1350000
2025/08/05 14:01:32 AttenuationSystem update time: 1.416027448s
2025/08/05 14:01:32 Run 2 complete
2025/08/05 14:01:32 StationSystem update...
2025/08/05 14:01:32 weather update count: 900
2025/08/05 14:01:32 StationSystem update time: 4.9µs
2025/08/05 14:01:32 SatelliteSystem update...
2025/08/05 14:01:32 satellite count: 1500
2025/08/05 14:01:32 SatelliteSystem update time: 5.702418ms
2025/08/05 14:01:32 TopoSystem update...
2025/08/05 14:01:32 TopoSystem: Link count: 1350000
2025/08/05 14:01:32 TopoSystem update time: 62.496761ms
2025/08/05 14:01:32 AttenuationSystem update...
2025/08/05 14:01:32 AttenuationSystem parallel flag: 0
2025/08/05 14:01:33 Attenuation computed count: 1350000
2025/08/05 14:01:33 AttenuationSystem update time: 1.342109658s
2025/08/05 14:01:33 Run 3 complete
2025/08/05 14:01:33 StationSystem update...
2025/08/05 14:01:33 weather update count: 900
2025/08/05 14:01:33 StationSystem update time: 18.482µs
2025/08/05 14:01:33 SatelliteSystem update...
2025/08/05 14:01:33 satellite count: 1500
2025/08/05 14:01:33 SatelliteSystem update time: 4.725418ms
2025/08/05 14:01:33 TopoSystem update...
2025/08/05 14:01:33 TopoSystem: Link count: 1350000
2025/08/05 14:01:33 TopoSystem update time: 53.075842ms
2025/08/05 14:01:33 AttenuationSystem update...
2025/08/05 14:01:33 AttenuationSystem parallel flag: 0
2025/08/05 14:01:35 Attenuation computed count: 1350000
2025/08/05 14:01:35 AttenuationSystem update time: 1.563369426s
2025/08/05 14:01:35 Run 4 complete
2025/08/05 14:01:35 StationSystem update...
2025/08/05 14:01:35 weather update count: 900
2025/08/05 14:01:35 StationSystem update time: 4.215µs
2025/08/05 14:01:35 SatelliteSystem update...
2025/08/05 14:01:35 satellite count: 1500
2025/08/05 14:01:35 SatelliteSystem update time: 5.712607ms
2025/08/05 14:01:35 TopoSystem update...
2025/08/05 14:01:35 TopoSystem: Link count: 1350000
2025/08/05 14:01:35 TopoSystem update time: 44.83867ms
2025/08/05 14:01:35 AttenuationSystem update...
2025/08/05 14:01:35 AttenuationSystem parallel flag: 0
2025/08/05 14:01:36 Attenuation computed count: 1350000
2025/08/05 14:01:36 AttenuationSystem update time: 1.582679054s
2025/08/05 14:01:36 Run 5 complete
2025/08/05 14:01:36 StationSystem update...
2025/08/05 14:01:36 weather update count: 900
2025/08/05 14:01:36 StationSystem update time: 10.951µs
2025/08/05 14:01:36 SatelliteSystem update...
2025/08/05 14:01:36 satellite count: 1500
2025/08/05 14:01:36 SatelliteSystem update time: 6.147222ms
2025/08/05 14:01:36 TopoSystem update...
2025/08/05 14:01:36 TopoSystem: Link count: 1350000
2025/08/05 14:01:36 TopoSystem update time: 53.635977ms
2025/08/05 14:01:36 AttenuationSystem update...
2025/08/05 14:01:36 AttenuationSystem parallel flag: 0
2025/08/05 14:01:38 Attenuation computed count: 1350000
2025/08/05 14:01:38 AttenuationSystem update time: 1.606661335s
2025/08/05 14:01:38 Run 6 complete
2025/08/05 14:01:38 StationSystem update...
2025/08/05 14:01:38 weather update count: 900
2025/08/05 14:01:38 StationSystem update time: 18.22µs
2025/08/05 14:01:38 SatelliteSystem update...
2025/08/05 14:01:38 satellite count: 1500
2025/08/05 14:01:38 SatelliteSystem update time: 6.27834ms
2025/08/05 14:01:38 TopoSystem update...
2025/08/05 14:01:38 TopoSystem: Link count: 1350000
2025/08/05 14:01:38 TopoSystem update time: 51.696834ms
2025/08/05 14:01:38 AttenuationSystem update...
2025/08/05 14:01:38 AttenuationSystem parallel flag: 0
2025/08/05 14:01:40 Attenuation computed count: 1350000
2025/08/05 14:01:40 AttenuationSystem update time: 1.580750784s
2025/08/05 14:01:40 Run 7 complete
2025/08/05 14:01:40 StationSystem update...
2025/08/05 14:01:40 weather update count: 900
2025/08/05 14:01:40 StationSystem update time: 5.986µs
2025/08/05 14:01:40 SatelliteSystem update...
2025/08/05 14:01:40 satellite count: 1500
2025/08/05 14:01:40 SatelliteSystem update time: 14.244753ms
2025/08/05 14:01:40 TopoSystem update...
2025/08/05 14:01:40 TopoSystem: Link count: 1350000
2025/08/05 14:01:40 TopoSystem update time: 46.413108ms
2025/08/05 14:01:40 AttenuationSystem update...
2025/08/05 14:01:40 AttenuationSystem parallel flag: 0
2025/08/05 14:01:41 Attenuation computed count: 1350000
2025/08/05 14:01:41 AttenuationSystem update time: 1.524413964s
2025/08/05 14:01:41 Run 8 complete
2025/08/05 14:01:41 StationSystem update...
2025/08/05 14:01:41 weather update count: 900
2025/08/05 14:01:41 StationSystem update time: 6.157µs
2025/08/05 14:01:41 SatelliteSystem update...
2025/08/05 14:01:41 satellite count: 1500
2025/08/05 14:01:41 SatelliteSystem update time: 5.711373ms
2025/08/05 14:01:41 TopoSystem update...
2025/08/05 14:01:41 TopoSystem: Link count: 1350000
2025/08/05 14:01:41 TopoSystem update time: 22.334444ms
2025/08/05 14:01:41 AttenuationSystem update...
2025/08/05 14:01:41 AttenuationSystem parallel flag: 0
2025/08/05 14:01:43 Attenuation computed count: 1350000
2025/08/05 14:01:43 AttenuationSystem update time: 1.576586503s
2025/08/05 14:01:43 Run 9 complete
2025/08/05 14:01:43 StationSystem update...
2025/08/05 14:01:43 weather update count: 900
2025/08/05 14:01:43 StationSystem update time: 6.11µs
2025/08/05 14:01:43 SatelliteSystem update...
2025/08/05 14:01:43 satellite count: 1500
2025/08/05 14:01:43 SatelliteSystem update time: 5.68335ms
2025/08/05 14:01:43 TopoSystem update...
2025/08/05 14:01:43 TopoSystem: Link count: 1350000
2025/08/05 14:01:43 TopoSystem update time: 45.970425ms
2025/08/05 14:01:43 AttenuationSystem update...
2025/08/05 14:01:43 AttenuationSystem parallel flag: 0
2025/08/05 14:01:44 Attenuation computed count: 1350000
2025/08/05 14:01:44 AttenuationSystem update time: 1.485648177s
2025/08/05 14:01:44 Run 10 complete
2025/08/05 14:01:44 Total update time:  15.809898829s
2025/08/05 14:01:44 linkCache size: 40

 Performance counter stats for './scale_ecs 900 1500 10 4 2 0':

        32,884,266      cache-references                                                      
        10,201,357      cache-misses                     #   31.02% of all cache refs         

      15.818736665 seconds time elapsed

      29.971754000 seconds user
       0.336277000 seconds sys


