ECS running with 900 stations, 1500 satellites, 8 numWGs and 2 numBlocks for 10 rounds in 0 parallel pattern
2025/08/05 14:02:20 StationSystem update...
2025/08/05 14:02:20 weather update count: 900
2025/08/05 14:02:20 StationSystem update time: 7.771µs
2025/08/05 14:02:20 SatelliteSystem update...
2025/08/05 14:02:20 satellite count: 1500
2025/08/05 14:02:20 SatelliteSystem update time: 5.803548ms
2025/08/05 14:02:20 TopoSystem update...
2025/08/05 14:02:20 TopoSystem: Link count: 1350000
2025/08/05 14:02:20 TopoSystem update time: 48.57591ms
2025/08/05 14:02:20 AttenuationSystem update...
2025/08/05 14:02:20 AttenuationSystem parallel flag: 0
2025/08/05 14:02:22 Attenuation computed count: 1350000
2025/08/05 14:02:22 AttenuationSystem update time: 1.578850057s
2025/08/05 14:02:22 Run 1 complete
2025/08/05 14:02:22 StationSystem update...
2025/08/05 14:02:22 weather update count: 900
2025/08/05 14:02:22 StationSystem update time: 31.151µs
2025/08/05 14:02:22 SatelliteSystem update...
2025/08/05 14:02:22 satellite count: 1500
2025/08/05 14:02:22 SatelliteSystem update time: 6.458702ms
2025/08/05 14:02:22 TopoSystem update...
2025/08/05 14:02:22 TopoSystem: Link count: 1350000
2025/08/05 14:02:22 TopoSystem update time: 61.296205ms
2025/08/05 14:02:22 AttenuationSystem update...
2025/08/05 14:02:22 AttenuationSystem parallel flag: 0
2025/08/05 14:02:24 Attenuation computed count: 1350000
2025/08/05 14:02:24 AttenuationSystem update time: 1.57758091s
2025/08/05 14:02:24 Run 2 complete
2025/08/05 14:02:24 StationSystem update...
2025/08/05 14:02:24 weather update count: 900
2025/08/05 14:02:24 StationSystem update time: 10.143µs
2025/08/05 14:02:24 SatelliteSystem update...
2025/08/05 14:02:24 satellite count: 1500
2025/08/05 14:02:24 SatelliteSystem update time: 5.782704ms
2025/08/05 14:02:24 TopoSystem update...
2025/08/05 14:02:24 TopoSystem: Link count: 1350000
2025/08/05 14:02:24 TopoSystem update time: 71.696372ms
2025/08/05 14:02:24 AttenuationSystem update...
2025/08/05 14:02:24 AttenuationSystem parallel flag: 0
2025/08/05 14:02:25 Attenuation computed count: 1350000
2025/08/05 14:02:25 AttenuationSystem update time: 1.602869142s
2025/08/05 14:02:25 Run 3 complete
2025/08/05 14:02:25 StationSystem update...
2025/08/05 14:02:25 SatelliteSystem update...
2025/08/05 14:02:25 weather update count: 900
2025/08/05 14:02:25 StationSystem update time: 39.478µs
2025/08/05 14:02:25 satellite count: 1500
2025/08/05 14:02:25 SatelliteSystem update time: 7.527336ms
2025/08/05 14:02:25 TopoSystem update...
2025/08/05 14:02:25 TopoSystem: Link count: 1350000
2025/08/05 14:02:25 TopoSystem update time: 83.433009ms
2025/08/05 14:02:25 AttenuationSystem update...
2025/08/05 14:02:25 AttenuationSystem parallel flag: 0
2025/08/05 14:02:27 Attenuation computed count: 1350000
2025/08/05 14:02:27 AttenuationSystem update time: 1.56374693s
2025/08/05 14:02:27 Run 4 complete
2025/08/05 14:02:27 StationSystem update...
2025/08/05 14:02:27 weather update count: 900
2025/08/05 14:02:27 StationSystem update time: 4.315µs
2025/08/05 14:02:27 SatelliteSystem update...
2025/08/05 14:02:27 satellite count: 1500
2025/08/05 14:02:27 SatelliteSystem update time: 4.242577ms
2025/08/05 14:02:27 TopoSystem update...
2025/08/05 14:02:27 TopoSystem: Link count: 1350000
2025/08/05 14:02:27 TopoSystem update time: 50.468476ms
2025/08/05 14:02:27 AttenuationSystem update...
2025/08/05 14:02:27 AttenuationSystem parallel flag: 0
2025/08/05 14:02:28 Attenuation computed count: 1350000
2025/08/05 14:02:28 AttenuationSystem update time: 1.386738358s
2025/08/05 14:02:28 Run 5 complete
2025/08/05 14:02:28 StationSystem update...
2025/08/05 14:02:28 weather update count: 900
2025/08/05 14:02:28 StationSystem update time: 5.45µs
2025/08/05 14:02:28 SatelliteSystem update...
2025/08/05 14:02:28 satellite count: 1500
2025/08/05 14:02:28 SatelliteSystem update time: 5.699733ms
2025/08/05 14:02:28 TopoSystem update...
2025/08/05 14:02:28 TopoSystem: Link count: 1350000
2025/08/05 14:02:28 TopoSystem update time: 22.580367ms
2025/08/05 14:02:28 AttenuationSystem update...
2025/08/05 14:02:28 AttenuationSystem parallel flag: 0
2025/08/05 14:02:30 Attenuation computed count: 1350000
2025/08/05 14:02:30 AttenuationSystem update time: 1.565231651s
2025/08/05 14:02:30 Run 6 complete
2025/08/05 14:02:30 StationSystem update...
2025/08/05 14:02:30 weather update count: 900
2025/08/05 14:02:30 StationSystem update time: 13.855µs
2025/08/05 14:02:30 SatelliteSystem update...
2025/08/05 14:02:30 satellite count: 1500
2025/08/05 14:02:30 SatelliteSystem update time: 4.648842ms
2025/08/05 14:02:30 TopoSystem update...
2025/08/05 14:02:30 TopoSystem: Link count: 1350000
2025/08/05 14:02:30 TopoSystem update time: 55.537293ms
2025/08/05 14:02:30 AttenuationSystem update...
2025/08/05 14:02:30 AttenuationSystem parallel flag: 0
2025/08/05 14:02:32 Attenuation computed count: 1350000
2025/08/05 14:02:32 AttenuationSystem update time: 1.575595238s
2025/08/05 14:02:32 Run 7 complete
2025/08/05 14:02:32 StationSystem update...
2025/08/05 14:02:32 weather update count: 900
2025/08/05 14:02:32 StationSystem update time: 6.051µs
2025/08/05 14:02:32 SatelliteSystem update...
2025/08/05 14:02:32 satellite count: 1500
2025/08/05 14:02:32 SatelliteSystem update time: 14.331772ms
2025/08/05 14:02:32 TopoSystem update...
2025/08/05 14:02:32 TopoSystem: Link count: 1350000
2025/08/05 14:02:32 TopoSystem update time: 93.394054ms
2025/08/05 14:02:32 AttenuationSystem update...
2025/08/05 14:02:32 AttenuationSystem parallel flag: 0
2025/08/05 14:02:33 Attenuation computed count: 1350000
2025/08/05 14:02:33 AttenuationSystem update time: 1.594453048s
2025/08/05 14:02:33 Run 8 complete
2025/08/05 14:02:33 StationSystem update...
2025/08/05 14:02:33 weather update count: 900
2025/08/05 14:02:33 StationSystem update time: 9.844µs
2025/08/05 14:02:33 SatelliteSystem update...
2025/08/05 14:02:33 satellite count: 1500
2025/08/05 14:02:33 SatelliteSystem update time: 6.255521ms
2025/08/05 14:02:33 TopoSystem update...
2025/08/05 14:02:33 TopoSystem: Link count: 1350000
2025/08/05 14:02:33 TopoSystem update time: 96.355158ms
2025/08/05 14:02:33 AttenuationSystem update...
2025/08/05 14:02:33 AttenuationSystem parallel flag: 0
2025/08/05 14:02:35 Attenuation computed count: 1350000
2025/08/05 14:02:35 AttenuationSystem update time: 1.585747077s
2025/08/05 14:02:35 Run 9 complete
2025/08/05 14:02:35 StationSystem update...
2025/08/05 14:02:35 weather update count: 900
2025/08/05 14:02:35 StationSystem update time: 6.762µs
2025/08/05 14:02:35 SatelliteSystem update...
2025/08/05 14:02:35 satellite count: 1500
2025/08/05 14:02:35 SatelliteSystem update time: 5.717954ms
2025/08/05 14:02:35 TopoSystem update...
2025/08/05 14:02:35 TopoSystem: Link count: 1350000
2025/08/05 14:02:35 TopoSystem update time: 50.095626ms
2025/08/05 14:02:35 AttenuationSystem update...
2025/08/05 14:02:35 AttenuationSystem parallel flag: 0
2025/08/05 14:02:37 Attenuation computed count: 1350000
2025/08/05 14:02:37 AttenuationSystem update time: 1.581614655s
2025/08/05 14:02:37 Run 10 complete
2025/08/05 14:02:37 Total update time:  16.326880883s
2025/08/05 14:02:37 linkCache size: 40

 Performance counter stats for './scale_ecs 900 1500 10 8 2 0':

        33,996,894      cache-references                                                      
        10,604,711      cache-misses                     #   31.19% of all cache refs         

      16.341995164 seconds time elapsed

      31.133854000 seconds user
       0.452201000 seconds sys


