ECS running with 900 stations, 2000 satellites, 2 numWGs and 2 numBlocks for 10 rounds in 0 parallel pattern
2025/08/05 14:17:01 StationSystem update...
2025/08/05 14:17:01 SatelliteSystem update...
2025/08/05 14:17:01 weather update count: 900
2025/08/05 14:17:01 StationSystem update time: 7.945µs
2025/08/05 14:17:01 satellite count: 2000
2025/08/05 14:17:01 SatelliteSystem update time: 7.59437ms
2025/08/05 14:17:01 TopoSystem update...
2025/08/05 14:17:01 TopoSystem: Link count: 1800000
2025/08/05 14:17:01 TopoSystem update time: 54.772435ms
2025/08/05 14:17:01 AttenuationSystem update...
2025/08/05 14:17:01 AttenuationSystem parallel flag: 0
2025/08/05 14:17:03 Attenuation computed count: 1800000
2025/08/05 14:17:03 AttenuationSystem update time: 2.019169365s
2025/08/05 14:17:03 Run 1 complete
2025/08/05 14:17:03 StationSystem update...
2025/08/05 14:17:03 weather update count: 900
2025/08/05 14:17:03 StationSystem update time: 14.706µs
2025/08/05 14:17:03 SatelliteSystem update...
2025/08/05 14:17:03 satellite count: 2000
2025/08/05 14:17:03 SatelliteSystem update time: 8.220301ms
2025/08/05 14:17:03 TopoSystem update...
2025/08/05 14:17:03 TopoSystem: Link count: 1800000
2025/08/05 14:17:03 TopoSystem update time: 50.105873ms
2025/08/05 14:17:03 AttenuationSystem update...
2025/08/05 14:17:03 AttenuationSystem parallel flag: 0
2025/08/05 14:17:05 Attenuation computed count: 1800000
2025/08/05 14:17:05 AttenuationSystem update time: 1.853619962s
2025/08/05 14:17:05 Run 2 complete
2025/08/05 14:17:05 StationSystem update...
2025/08/05 14:17:05 weather update count: 900
2025/08/05 14:17:05 StationSystem update time: 3.396µs
2025/08/05 14:17:05 SatelliteSystem update...
2025/08/05 14:17:05 satellite count: 2000
2025/08/05 14:17:05 SatelliteSystem update time: 18.933333ms
2025/08/05 14:17:05 TopoSystem update...
2025/08/05 14:17:05 TopoSystem: Link count: 1800000
2025/08/05 14:17:05 TopoSystem update time: 40.051786ms
2025/08/05 14:17:05 AttenuationSystem update...
2025/08/05 14:17:05 AttenuationSystem parallel flag: 0
2025/08/05 14:17:06 Attenuation computed count: 1800000
2025/08/05 14:17:06 AttenuationSystem update time: 1.77197271s
2025/08/05 14:17:06 Run 3 complete
2025/08/05 14:17:06 StationSystem update...
2025/08/05 14:17:06 weather update count: 900
2025/08/05 14:17:06 StationSystem update time: 16.677µs
2025/08/05 14:17:06 SatelliteSystem update...
2025/08/05 14:17:06 satellite count: 2000
2025/08/05 14:17:06 SatelliteSystem update time: 9.483075ms
2025/08/05 14:17:06 TopoSystem update...
2025/08/05 14:17:06 TopoSystem: Link count: 1800000
2025/08/05 14:17:06 TopoSystem update time: 66.810812ms
2025/08/05 14:17:06 AttenuationSystem update...
2025/08/05 14:17:06 AttenuationSystem parallel flag: 0
2025/08/05 14:17:08 Attenuation computed count: 1800000
2025/08/05 14:17:08 AttenuationSystem update time: 1.782710981s
2025/08/05 14:17:08 Run 4 complete
2025/08/05 14:17:08 StationSystem update...
2025/08/05 14:17:08 weather update count: 900
2025/08/05 14:17:08 StationSystem update time: 5.469µs
2025/08/05 14:17:08 SatelliteSystem update...
2025/08/05 14:17:08 satellite count: 2000
2025/08/05 14:17:08 SatelliteSystem update time: 5.673799ms
2025/08/05 14:17:08 TopoSystem update...
2025/08/05 14:17:08 TopoSystem: Link count: 1800000
2025/08/05 14:17:08 TopoSystem update time: 58.241309ms
2025/08/05 14:17:08 AttenuationSystem update...
2025/08/05 14:17:08 AttenuationSystem parallel flag: 0
2025/08/05 14:17:10 Attenuation computed count: 1800000
2025/08/05 14:17:10 AttenuationSystem update time: 2.069154672s
2025/08/05 14:17:10 Run 5 complete
2025/08/05 14:17:10 StationSystem update...
2025/08/05 14:17:10 weather update count: 900
2025/08/05 14:17:10 StationSystem update time: 12.743µs
2025/08/05 14:17:10 SatelliteSystem update...
2025/08/05 14:17:10 satellite count: 2000
2025/08/05 14:17:10 SatelliteSystem update time: 20.41345ms
2025/08/05 14:17:10 TopoSystem update...
2025/08/05 14:17:10 TopoSystem: Link count: 1800000
2025/08/05 14:17:10 TopoSystem update time: 76.673398ms
2025/08/05 14:17:10 AttenuationSystem update...
2025/08/05 14:17:10 AttenuationSystem parallel flag: 0
2025/08/05 14:17:12 Attenuation computed count: 1800000
2025/08/05 14:17:12 AttenuationSystem update time: 1.902046528s
2025/08/05 14:17:12 Run 6 complete
2025/08/05 14:17:12 StationSystem update...
2025/08/05 14:17:12 weather update count: 900
2025/08/05 14:17:12 StationSystem update time: 3.759µs
2025/08/05 14:17:12 SatelliteSystem update...
2025/08/05 14:17:12 satellite count: 2000
2025/08/05 14:17:12 SatelliteSystem update time: 7.556429ms
2025/08/05 14:17:12 TopoSystem update...
2025/08/05 14:17:12 TopoSystem: Link count: 1800000
2025/08/05 14:17:12 TopoSystem update time: 54.795898ms
2025/08/05 14:17:12 AttenuationSystem update...
2025/08/05 14:17:12 AttenuationSystem parallel flag: 0
2025/08/05 14:17:14 Attenuation computed count: 1800000
2025/08/05 14:17:14 AttenuationSystem update time: 2.057792937s
2025/08/05 14:17:14 Run 7 complete
2025/08/05 14:17:14 StationSystem update...
2025/08/05 14:17:14 weather update count: 900
2025/08/05 14:17:14 StationSystem update time: 5.586µs
2025/08/05 14:17:14 SatelliteSystem update...
2025/08/05 14:17:14 satellite count: 2000
2025/08/05 14:17:14 SatelliteSystem update time: 18.947445ms
2025/08/05 14:17:14 TopoSystem update...
2025/08/05 14:17:15 TopoSystem: Link count: 1800000
2025/08/05 14:17:15 TopoSystem update time: 60.682734ms
2025/08/05 14:17:15 AttenuationSystem update...
2025/08/05 14:17:15 AttenuationSystem parallel flag: 0
2025/08/05 14:17:17 Attenuation computed count: 1800000
2025/08/05 14:17:17 AttenuationSystem update time: 2.018929332s
2025/08/05 14:17:17 Run 8 complete
2025/08/05 14:17:17 StationSystem update...
2025/08/05 14:17:17 weather update count: 900
2025/08/05 14:17:17 StationSystem update time: 6.308µs
2025/08/05 14:17:17 SatelliteSystem update...
2025/08/05 14:17:17 satellite count: 2000
2025/08/05 14:17:17 SatelliteSystem update time: 7.594892ms
2025/08/05 14:17:17 TopoSystem update...
2025/08/05 14:17:17 TopoSystem: Link count: 1800000
2025/08/05 14:17:17 TopoSystem update time: 28.356363ms
2025/08/05 14:17:17 AttenuationSystem update...
2025/08/05 14:17:17 AttenuationSystem parallel flag: 0
2025/08/05 14:17:19 Attenuation computed count: 1800000
2025/08/05 14:17:19 AttenuationSystem update time: 2.113438218s
2025/08/05 14:17:19 Run 9 complete
2025/08/05 14:17:19 StationSystem update...
2025/08/05 14:17:19 weather update count: 900
2025/08/05 14:17:19 StationSystem update time: 4.119µs
2025/08/05 14:17:19 SatelliteSystem update...
2025/08/05 14:17:19 satellite count: 2000
2025/08/05 14:17:19 SatelliteSystem update time: 7.574269ms
2025/08/05 14:17:19 TopoSystem update...
2025/08/05 14:17:19 TopoSystem: Link count: 1800000
2025/08/05 14:17:19 TopoSystem update time: 28.322404ms
2025/08/05 14:17:19 AttenuationSystem update...
2025/08/05 14:17:19 AttenuationSystem parallel flag: 0
2025/08/05 14:17:21 Attenuation computed count: 1800000
2025/08/05 14:17:21 AttenuationSystem update time: 2.086616056s
2025/08/05 14:17:21 Run 10 complete
2025/08/05 14:17:21 Total update time:  20.319890812s
2025/08/05 14:17:21 linkCache size: 40

 Performance counter stats for './scale_ecs 900 2000 10 2 2 0':

        41,609,121      cache-references                                                      
        12,550,481      cache-misses                     #   30.16% of all cache refs         

      20.337675240 seconds time elapsed

      38.433603000 seconds user
       0.383115000 seconds sys


