ECS running with 700 stations, 700 satellites, 8 numWGs and 4 numBlocks for 10 rounds in 1 parallel pattern
2025/08/05 12:37:16 StationSystem update...
2025/08/05 12:37:16 weather update count: 700
2025/08/05 12:37:16 StationSystem update time: 4.488µs
2025/08/05 12:37:16 SatelliteSystem update...
2025/08/05 12:37:16 satellite count: 700
2025/08/05 12:37:16 SatelliteSystem update time: 2.680976ms
2025/08/05 12:37:16 TopoSystem update...
2025/08/05 12:37:16 TopoSystem: Link count: 490000
2025/08/05 12:37:16 TopoSystem update time: 16.359238ms
2025/08/05 12:37:16 AttenuationSystem update...
2025/08/05 12:37:16 AttenuationSystem parallel flag: 1
2025/08/05 12:37:16 Attenuation computed count: 490000
2025/08/05 12:37:16 AttenuationSystem update time: 151.795045ms
2025/08/05 12:37:16 Run 1 complete
2025/08/05 12:37:16 StationSystem update...
2025/08/05 12:37:16 weather update count: 700
2025/08/05 12:37:16 StationSystem update time: 5.548µs
2025/08/05 12:37:16 SatelliteSystem update...
2025/08/05 12:37:16 satellite count: 700
2025/08/05 12:37:16 SatelliteSystem update time: 2.665007ms
2025/08/05 12:37:16 TopoSystem update...
2025/08/05 12:37:16 TopoSystem: Link count: 490000
2025/08/05 12:37:16 TopoSystem update time: 14.703248ms
2025/08/05 12:37:16 AttenuationSystem update...
2025/08/05 12:37:16 AttenuationSystem parallel flag: 1
2025/08/05 12:37:17 Attenuation computed count: 490000
2025/08/05 12:37:17 AttenuationSystem update time: 148.668245ms
2025/08/05 12:37:17 Run 2 complete
2025/08/05 12:37:17 StationSystem update...
2025/08/05 12:37:17 weather update count: 700
2025/08/05 12:37:17 StationSystem update time: 5.149µs
2025/08/05 12:37:17 SatelliteSystem update...
2025/08/05 12:37:17 satellite count: 700
2025/08/05 12:37:17 SatelliteSystem update time: 2.680094ms
2025/08/05 12:37:17 TopoSystem update...
2025/08/05 12:37:17 TopoSystem: Link count: 490000
2025/08/05 12:37:17 TopoSystem update time: 8.015712ms
2025/08/05 12:37:17 AttenuationSystem update...
2025/08/05 12:37:17 AttenuationSystem parallel flag: 1
2025/08/05 12:37:17 Attenuation computed count: 490000
2025/08/05 12:37:17 AttenuationSystem update time: 174.761477ms
2025/08/05 12:37:17 Run 3 complete
2025/08/05 12:37:17 StationSystem update...
2025/08/05 12:37:17 weather update count: 700
2025/08/05 12:37:17 StationSystem update time: 4.697µs
2025/08/05 12:37:17 SatelliteSystem update...
2025/08/05 12:37:17 satellite count: 700
2025/08/05 12:37:17 SatelliteSystem update time: 2.68383ms
2025/08/05 12:37:17 TopoSystem update...
2025/08/05 12:37:17 TopoSystem: Link count: 490000
2025/08/05 12:37:17 TopoSystem update time: 12.582317ms
2025/08/05 12:37:17 AttenuationSystem update...
2025/08/05 12:37:17 AttenuationSystem parallel flag: 1
2025/08/05 12:37:17 Attenuation computed count: 490000
2025/08/05 12:37:17 AttenuationSystem update time: 188.546326ms
2025/08/05 12:37:17 Run 4 complete
2025/08/05 12:37:17 StationSystem update...
2025/08/05 12:37:17 weather update count: 700
2025/08/05 12:37:17 StationSystem update time: 6.042µs
2025/08/05 12:37:17 SatelliteSystem update...
2025/08/05 12:37:17 satellite count: 700
2025/08/05 12:37:17 SatelliteSystem update time: 2.669766ms
2025/08/05 12:37:17 TopoSystem update...
2025/08/05 12:37:17 TopoSystem: Link count: 490000
2025/08/05 12:37:17 TopoSystem update time: 7.882761ms
2025/08/05 12:37:17 AttenuationSystem update...
2025/08/05 12:37:17 AttenuationSystem parallel flag: 1
2025/08/05 12:37:17 Attenuation computed count: 490000
2025/08/05 12:37:17 AttenuationSystem update time: 162.85384ms
2025/08/05 12:37:17 Run 5 complete
2025/08/05 12:37:17 StationSystem update...
2025/08/05 12:37:17 weather update count: 700
2025/08/05 12:37:17 StationSystem update time: 5.482µs
2025/08/05 12:37:17 SatelliteSystem update...
2025/08/05 12:37:17 satellite count: 700
2025/08/05 12:37:17 SatelliteSystem update time: 2.689378ms
2025/08/05 12:37:17 TopoSystem update...
2025/08/05 12:37:17 TopoSystem: Link count: 490000
2025/08/05 12:37:17 TopoSystem update time: 8.12917ms
2025/08/05 12:37:17 AttenuationSystem update...
2025/08/05 12:37:17 AttenuationSystem parallel flag: 1
2025/08/05 12:37:17 Attenuation computed count: 490000
2025/08/05 12:37:17 AttenuationSystem update time: 181.120997ms
2025/08/05 12:37:17 Run 6 complete
2025/08/05 12:37:17 StationSystem update...
2025/08/05 12:37:17 weather update count: 700
2025/08/05 12:37:17 StationSystem update time: 5.899µs
2025/08/05 12:37:17 SatelliteSystem update...
2025/08/05 12:37:17 satellite count: 700
2025/08/05 12:37:17 SatelliteSystem update time: 2.672767ms
2025/08/05 12:37:17 TopoSystem update...
2025/08/05 12:37:17 TopoSystem: Link count: 490000
2025/08/05 12:37:17 TopoSystem update time: 8.07193ms
2025/08/05 12:37:17 AttenuationSystem update...
2025/08/05 12:37:17 AttenuationSystem parallel flag: 1
2025/08/05 12:37:18 Attenuation computed count: 490000
2025/08/05 12:37:18 AttenuationSystem update time: 188.913247ms
2025/08/05 12:37:18 Run 7 complete
2025/08/05 12:37:18 StationSystem update...
2025/08/05 12:37:18 weather update count: 700
2025/08/05 12:37:18 StationSystem update time: 5.341µs
2025/08/05 12:37:18 SatelliteSystem update...
2025/08/05 12:37:18 satellite count: 700
2025/08/05 12:37:18 SatelliteSystem update time: 2.678ms
2025/08/05 12:37:18 TopoSystem update...
2025/08/05 12:37:18 TopoSystem: Link count: 490000
2025/08/05 12:37:18 TopoSystem update time: 7.750461ms
2025/08/05 12:37:18 AttenuationSystem update...
2025/08/05 12:37:18 AttenuationSystem parallel flag: 1
2025/08/05 12:37:18 Attenuation computed count: 490000
2025/08/05 12:37:18 AttenuationSystem update time: 174.043227ms
2025/08/05 12:37:18 Run 8 complete
2025/08/05 12:37:18 StationSystem update...
2025/08/05 12:37:18 weather update count: 700
2025/08/05 12:37:18 StationSystem update time: 5.034µs
2025/08/05 12:37:18 SatelliteSystem update...
2025/08/05 12:37:18 satellite count: 700
2025/08/05 12:37:18 SatelliteSystem update time: 2.6713ms
2025/08/05 12:37:18 TopoSystem update...
2025/08/05 12:37:18 TopoSystem: Link count: 490000
2025/08/05 12:37:18 TopoSystem update time: 8.037504ms
2025/08/05 12:37:18 AttenuationSystem update...
2025/08/05 12:37:18 AttenuationSystem parallel flag: 1
2025/08/05 12:37:18 Attenuation computed count: 490000
2025/08/05 12:37:18 AttenuationSystem update time: 186.287541ms
2025/08/05 12:37:18 Run 9 complete
2025/08/05 12:37:18 StationSystem update...
2025/08/05 12:37:18 weather update count: 700
2025/08/05 12:37:18 StationSystem update time: 10.091µs
2025/08/05 12:37:18 SatelliteSystem update...
2025/08/05 12:37:18 satellite count: 700
2025/08/05 12:37:18 SatelliteSystem update time: 2.855803ms
2025/08/05 12:37:18 TopoSystem update...
2025/08/05 12:37:18 TopoSystem: Link count: 490000
2025/08/05 12:37:18 TopoSystem update time: 21.378774ms
2025/08/05 12:37:18 AttenuationSystem update...
2025/08/05 12:37:18 AttenuationSystem parallel flag: 1
2025/08/05 12:37:18 Attenuation computed count: 490000
2025/08/05 12:37:18 AttenuationSystem update time: 162.167787ms
2025/08/05 12:37:18 Run 10 complete
2025/08/05 12:37:18 Total update time:  1.865377085s
2025/08/05 12:37:18 linkCache size: 40

 Performance counter stats for './scale_ecs 700 700 10 8 4 1':

        12,011,477      cache-references                                                      
         2,702,909      cache-misses                     #   22.50% of all cache refs         

       1.870941870 seconds time elapsed

      11.716849000 seconds user
       0.080039000 seconds sys


