ECS running with 500 stations, 500 satellites, 4 numWGs and 4 numBlocks for 10 rounds in 0 parallel pattern
2025/08/05 11:45:48 StationSystem update...
2025/08/05 11:45:48 weather update count: 500
2025/08/05 11:45:48 SatelliteSystem update...
2025/08/05 11:45:48 StationSystem update time: 4.828µs
2025/08/05 11:45:48 satellite count: 500
2025/08/05 11:45:48 SatelliteSystem update time: 1.942472ms
2025/08/05 11:45:48 TopoSystem update...
2025/08/05 11:45:48 TopoSystem: Link count: 250000
2025/08/05 11:45:48 TopoSystem update time: 13.441371ms
2025/08/05 11:45:48 AttenuationSystem update...
2025/08/05 11:45:48 AttenuationSystem parallel flag: 0
2025/08/05 11:45:48 Attenuation computed count: 250000
2025/08/05 11:45:48 AttenuationSystem update time: 143.424069ms
2025/08/05 11:45:48 Run 1 complete
2025/08/05 11:45:48 StationSystem update...
2025/08/05 11:45:48 weather update count: 500
2025/08/05 11:45:48 StationSystem update time: 8.176µs
2025/08/05 11:45:48 SatelliteSystem update...
2025/08/05 11:45:48 satellite count: 500
2025/08/05 11:45:48 SatelliteSystem update time: 1.970762ms
2025/08/05 11:45:48 TopoSystem update...
2025/08/05 11:45:48 TopoSystem: Link count: 250000
2025/08/05 11:45:48 TopoSystem update time: 8.887251ms
2025/08/05 11:45:48 AttenuationSystem update...
2025/08/05 11:45:48 AttenuationSystem parallel flag: 0
2025/08/05 11:45:48 Attenuation computed count: 250000
2025/08/05 11:45:48 AttenuationSystem update time: 143.040273ms
2025/08/05 11:45:48 Run 2 complete
2025/08/05 11:45:48 StationSystem update...
2025/08/05 11:45:48 weather update count: 500
2025/08/05 11:45:48 StationSystem update time: 5.365µs
2025/08/05 11:45:48 SatelliteSystem update...
2025/08/05 11:45:48 satellite count: 500
2025/08/05 11:45:48 SatelliteSystem update time: 1.941845ms
2025/08/05 11:45:48 TopoSystem update...
2025/08/05 11:45:48 TopoSystem: Link count: 250000
2025/08/05 11:45:48 TopoSystem update time: 6.887963ms
2025/08/05 11:45:48 AttenuationSystem update...
2025/08/05 11:45:48 AttenuationSystem parallel flag: 0
2025/08/05 11:45:48 Attenuation computed count: 250000
2025/08/05 11:45:48 AttenuationSystem update time: 168.049806ms
2025/08/05 11:45:48 Run 3 complete
2025/08/05 11:45:48 StationSystem update...
2025/08/05 11:45:48 weather update count: 500
2025/08/05 11:45:48 StationSystem update time: 4.335µs
2025/08/05 11:45:48 SatelliteSystem update...
2025/08/05 11:45:48 satellite count: 500
2025/08/05 11:45:48 SatelliteSystem update time: 2.066633ms
2025/08/05 11:45:48 TopoSystem update...
2025/08/05 11:45:48 TopoSystem: Link count: 250000
2025/08/05 11:45:48 TopoSystem update time: 4.522139ms
2025/08/05 11:45:48 AttenuationSystem update...
2025/08/05 11:45:48 AttenuationSystem parallel flag: 0
2025/08/05 11:45:48 Attenuation computed count: 250000
2025/08/05 11:45:48 AttenuationSystem update time: 142.571511ms
2025/08/05 11:45:48 Run 4 complete
2025/08/05 11:45:48 StationSystem update...
2025/08/05 11:45:48 weather update count: 500
2025/08/05 11:45:48 StationSystem update time: 3.843µs
2025/08/05 11:45:48 SatelliteSystem update...
2025/08/05 11:45:48 satellite count: 500
2025/08/05 11:45:48 SatelliteSystem update time: 1.921009ms
2025/08/05 11:45:48 TopoSystem update...
2025/08/05 11:45:48 TopoSystem: Link count: 250000
2025/08/05 11:45:48 TopoSystem update time: 4.496288ms
2025/08/05 11:45:48 AttenuationSystem update...
2025/08/05 11:45:48 AttenuationSystem parallel flag: 0
2025/08/05 11:45:48 Attenuation computed count: 250000
2025/08/05 11:45:48 AttenuationSystem update time: 176.299893ms
2025/08/05 11:45:48 Run 5 complete
2025/08/05 11:45:48 StationSystem update...
2025/08/05 11:45:48 weather update count: 500
2025/08/05 11:45:48 StationSystem update time: 2.72µs
2025/08/05 11:45:48 SatelliteSystem update...
2025/08/05 11:45:48 satellite count: 500
2025/08/05 11:45:48 SatelliteSystem update time: 1.916398ms
2025/08/05 11:45:48 TopoSystem update...
2025/08/05 11:45:48 TopoSystem: Link count: 250000
2025/08/05 11:45:48 TopoSystem update time: 6.933984ms
2025/08/05 11:45:48 AttenuationSystem update...
2025/08/05 11:45:48 AttenuationSystem parallel flag: 0
2025/08/05 11:45:49 Attenuation computed count: 250000
2025/08/05 11:45:49 AttenuationSystem update time: 163.491891ms
2025/08/05 11:45:49 Run 6 complete
2025/08/05 11:45:49 StationSystem update...
2025/08/05 11:45:49 weather update count: 500
2025/08/05 11:45:49 StationSystem update time: 4.949µs
2025/08/05 11:45:49 SatelliteSystem update...
2025/08/05 11:45:49 satellite count: 500
2025/08/05 11:45:49 SatelliteSystem update time: 1.90527ms
2025/08/05 11:45:49 TopoSystem update...
2025/08/05 11:45:49 TopoSystem: Link count: 250000
2025/08/05 11:45:49 TopoSystem update time: 6.354113ms
2025/08/05 11:45:49 AttenuationSystem update...
2025/08/05 11:45:49 AttenuationSystem parallel flag: 0
2025/08/05 11:45:49 Attenuation computed count: 250000
2025/08/05 11:45:49 AttenuationSystem update time: 153.544581ms
2025/08/05 11:45:49 Run 7 complete
2025/08/05 11:45:49 StationSystem update...
2025/08/05 11:45:49 weather update count: 500
2025/08/05 11:45:49 StationSystem update time: 3.372µs
2025/08/05 11:45:49 SatelliteSystem update...
2025/08/05 11:45:49 satellite count: 500
2025/08/05 11:45:49 SatelliteSystem update time: 1.92084ms
2025/08/05 11:45:49 TopoSystem update...
2025/08/05 11:45:49 TopoSystem: Link count: 250000
2025/08/05 11:45:49 TopoSystem update time: 4.708713ms
2025/08/05 11:45:49 AttenuationSystem update...
2025/08/05 11:45:49 AttenuationSystem parallel flag: 0
2025/08/05 11:45:49 Attenuation computed count: 250000
2025/08/05 11:45:49 AttenuationSystem update time: 176.772236ms
2025/08/05 11:45:49 Run 8 complete
2025/08/05 11:45:49 StationSystem update...
2025/08/05 11:45:49 weather update count: 500
2025/08/05 11:45:49 StationSystem update time: 4.277µs
2025/08/05 11:45:49 SatelliteSystem update...
2025/08/05 11:45:49 satellite count: 500
2025/08/05 11:45:49 SatelliteSystem update time: 1.910741ms
2025/08/05 11:45:49 TopoSystem update...
2025/08/05 11:45:49 TopoSystem: Link count: 250000
2025/08/05 11:45:49 TopoSystem update time: 6.725936ms
2025/08/05 11:45:49 AttenuationSystem update...
2025/08/05 11:45:49 AttenuationSystem parallel flag: 0
2025/08/05 11:45:49 Attenuation computed count: 250000
2025/08/05 11:45:49 AttenuationSystem update time: 153.112408ms
2025/08/05 11:45:49 Run 9 complete
2025/08/05 11:45:49 StationSystem update...
2025/08/05 11:45:49 weather update count: 500
2025/08/05 11:45:49 StationSystem update time: 3.519µs
2025/08/05 11:45:49 SatelliteSystem update...
2025/08/05 11:45:49 satellite count: 500
2025/08/05 11:45:49 SatelliteSystem update time: 1.90404ms
2025/08/05 11:45:49 TopoSystem update...
2025/08/05 11:45:49 TopoSystem: Link count: 250000
2025/08/05 11:45:49 TopoSystem update time: 4.750805ms
2025/08/05 11:45:49 AttenuationSystem update...
2025/08/05 11:45:49 AttenuationSystem parallel flag: 0
2025/08/05 11:45:49 Attenuation computed count: 250000
2025/08/05 11:45:49 AttenuationSystem update time: 172.88351ms
2025/08/05 11:45:49 Run 10 complete
2025/08/05 11:45:49 Total update time:  1.683223471s
2025/08/05 11:45:49 linkCache size: 40

 Performance counter stats for './scale_ecs 500 500 10 4 4 0':

         6,126,792      cache-references                                                      
         1,241,536      cache-misses                     #   20.26% of all cache refs         

       1.689420091 seconds time elapsed

       6.137447000 seconds user
       0.031017000 seconds sys


