ECS running with 1000 stations, 1000 satellites, 8 numWGs and 4 numBlocks for 10 rounds in 0 parallel pattern
2025/08/05 14:30:32 StationSystem update...
2025/08/05 14:30:32 weather update count: 1000
2025/08/05 14:30:32 StationSystem update time: 6.233µs
2025/08/05 14:30:32 SatelliteSystem update...
2025/08/05 14:30:32 satellite count: 1000
2025/08/05 14:30:32 SatelliteSystem update time: 3.802049ms
2025/08/05 14:30:32 TopoSystem update...
2025/08/05 14:30:32 TopoSystem: Link count: 1000000
2025/08/05 14:30:32 TopoSystem update time: 31.736081ms
2025/08/05 14:30:32 AttenuationSystem update...
2025/08/05 14:30:32 AttenuationSystem parallel flag: 0
2025/08/05 14:30:32 Attenuation computed count: 1000000
2025/08/05 14:30:32 AttenuationSystem update time: 572.119544ms
2025/08/05 14:30:32 Run 1 complete
2025/08/05 14:30:32 StationSystem update...
2025/08/05 14:30:32 weather update count: 1000
2025/08/05 14:30:32 StationSystem update time: 5.545µs
2025/08/05 14:30:32 SatelliteSystem update...
2025/08/05 14:30:32 satellite count: 1000
2025/08/05 14:30:32 SatelliteSystem update time: 3.80957ms
2025/08/05 14:30:32 TopoSystem update...
2025/08/05 14:30:32 TopoSystem: Link count: 1000000
2025/08/05 14:30:32 TopoSystem update time: 27.989746ms
2025/08/05 14:30:32 AttenuationSystem update...
2025/08/05 14:30:32 AttenuationSystem parallel flag: 0
2025/08/05 14:30:33 Attenuation computed count: 1000000
2025/08/05 14:30:33 AttenuationSystem update time: 590.887981ms
2025/08/05 14:30:33 Run 2 complete
2025/08/05 14:30:33 StationSystem update...
2025/08/05 14:30:33 weather update count: 1000
2025/08/05 14:30:33 StationSystem update time: 35.281µs
2025/08/05 14:30:33 SatelliteSystem update...
2025/08/05 14:30:33 satellite count: 1000
2025/08/05 14:30:33 SatelliteSystem update time: 4.151861ms
2025/08/05 14:30:33 TopoSystem update...
2025/08/05 14:30:33 TopoSystem: Link count: 1000000
2025/08/05 14:30:33 TopoSystem update time: 59.209386ms
2025/08/05 14:30:33 AttenuationSystem update...
2025/08/05 14:30:33 AttenuationSystem parallel flag: 0
2025/08/05 14:30:34 Attenuation computed count: 1000000
2025/08/05 14:30:34 AttenuationSystem update time: 571.204658ms
2025/08/05 14:30:34 Run 3 complete
2025/08/05 14:30:34 StationSystem update...
2025/08/05 14:30:34 weather update count: 1000
2025/08/05 14:30:34 StationSystem update time: 5.989µs
2025/08/05 14:30:34 SatelliteSystem update...
2025/08/05 14:30:34 satellite count: 1000
2025/08/05 14:30:34 SatelliteSystem update time: 3.809794ms
2025/08/05 14:30:34 TopoSystem update...
2025/08/05 14:30:34 TopoSystem: Link count: 1000000
2025/08/05 14:30:34 TopoSystem update time: 23.778226ms
2025/08/05 14:30:34 AttenuationSystem update...
2025/08/05 14:30:34 AttenuationSystem parallel flag: 0
2025/08/05 14:30:34 Attenuation computed count: 1000000
2025/08/05 14:30:34 AttenuationSystem update time: 570.082702ms
2025/08/05 14:30:34 Run 4 complete
2025/08/05 14:30:34 StationSystem update...
2025/08/05 14:30:34 weather update count: 1000
2025/08/05 14:30:34 StationSystem update time: 7.007µs
2025/08/05 14:30:34 SatelliteSystem update...
2025/08/05 14:30:34 satellite count: 1000
2025/08/05 14:30:34 SatelliteSystem update time: 3.808199ms
2025/08/05 14:30:34 TopoSystem update...
2025/08/05 14:30:34 TopoSystem: Link count: 1000000
2025/08/05 14:30:34 TopoSystem update time: 25.79609ms
2025/08/05 14:30:34 AttenuationSystem update...
2025/08/05 14:30:34 AttenuationSystem parallel flag: 0
2025/08/05 14:30:35 Attenuation computed count: 1000000
2025/08/05 14:30:35 AttenuationSystem update time: 594.353367ms
2025/08/05 14:30:35 Run 5 complete
2025/08/05 14:30:35 StationSystem update...
2025/08/05 14:30:35 weather update count: 1000
2025/08/05 14:30:35 StationSystem update time: 5.692µs
2025/08/05 14:30:35 SatelliteSystem update...
2025/08/05 14:30:35 satellite count: 1000
2025/08/05 14:30:35 SatelliteSystem update time: 3.832743ms
2025/08/05 14:30:35 TopoSystem update...
2025/08/05 14:30:35 TopoSystem: Link count: 1000000
2025/08/05 14:30:35 TopoSystem update time: 19.534228ms
2025/08/05 14:30:35 AttenuationSystem update...
2025/08/05 14:30:35 AttenuationSystem parallel flag: 0
2025/08/05 14:30:35 Attenuation computed count: 1000000
2025/08/05 14:30:35 AttenuationSystem update time: 600.24449ms
2025/08/05 14:30:35 Run 6 complete
2025/08/05 14:30:35 StationSystem update...
2025/08/05 14:30:35 weather update count: 1000
2025/08/05 14:30:35 StationSystem update time: 29.927µs
2025/08/05 14:30:35 SatelliteSystem update...
2025/08/05 14:30:36 satellite count: 1000
2025/08/05 14:30:36 SatelliteSystem update time: 4.758092ms
2025/08/05 14:30:36 TopoSystem update...
2025/08/05 14:30:36 TopoSystem: Link count: 1000000
2025/08/05 14:30:36 TopoSystem update time: 54.351735ms
2025/08/05 14:30:36 AttenuationSystem update...
2025/08/05 14:30:36 AttenuationSystem parallel flag: 0
2025/08/05 14:30:36 Attenuation computed count: 1000000
2025/08/05 14:30:36 AttenuationSystem update time: 597.038445ms
2025/08/05 14:30:36 Run 7 complete
2025/08/05 14:30:36 StationSystem update...
2025/08/05 14:30:36 weather update count: 1000
2025/08/05 14:30:36 StationSystem update time: 5.814µs
2025/08/05 14:30:36 SatelliteSystem update...
2025/08/05 14:30:36 satellite count: 1000
2025/08/05 14:30:36 SatelliteSystem update time: 3.828546ms
2025/08/05 14:30:36 TopoSystem update...
2025/08/05 14:30:36 TopoSystem: Link count: 1000000
2025/08/05 14:30:36 TopoSystem update time: 30.902288ms
2025/08/05 14:30:36 AttenuationSystem update...
2025/08/05 14:30:36 AttenuationSystem parallel flag: 0
2025/08/05 14:30:37 Attenuation computed count: 1000000
2025/08/05 14:30:37 AttenuationSystem update time: 569.881425ms
2025/08/05 14:30:37 Run 8 complete
2025/08/05 14:30:37 StationSystem update...
2025/08/05 14:30:37 weather update count: 1000
2025/08/05 14:30:37 StationSystem update time: 4.554µs
2025/08/05 14:30:37 SatelliteSystem update...
2025/08/05 14:30:37 satellite count: 1000
2025/08/05 14:30:37 SatelliteSystem update time: 3.825417ms
2025/08/05 14:30:37 TopoSystem update...
2025/08/05 14:30:37 TopoSystem: Link count: 1000000
2025/08/05 14:30:37 TopoSystem update time: 16.387912ms
2025/08/05 14:30:37 AttenuationSystem update...
2025/08/05 14:30:37 AttenuationSystem parallel flag: 0
2025/08/05 14:30:37 Attenuation computed count: 1000000
2025/08/05 14:30:37 AttenuationSystem update time: 559.236645ms
2025/08/05 14:30:37 Run 9 complete
2025/08/05 14:30:37 StationSystem update...
2025/08/05 14:30:37 weather update count: 1000
2025/08/05 14:30:37 StationSystem update time: 8.141µs
2025/08/05 14:30:37 SatelliteSystem update...
2025/08/05 14:30:37 satellite count: 1000
2025/08/05 14:30:37 SatelliteSystem update time: 3.858358ms
2025/08/05 14:30:37 TopoSystem update...
2025/08/05 14:30:37 TopoSystem: Link count: 1000000
2025/08/05 14:30:37 TopoSystem update time: 16.37161ms
2025/08/05 14:30:37 AttenuationSystem update...
2025/08/05 14:30:37 AttenuationSystem parallel flag: 0
2025/08/05 14:30:38 Attenuation computed count: 1000000
2025/08/05 14:30:38 AttenuationSystem update time: 594.754386ms
2025/08/05 14:30:38 Run 10 complete
2025/08/05 14:30:38 Total update time:  6.173817227s
2025/08/05 14:30:38 linkCache size: 40

 Performance counter stats for './scale_ecs 1000 1000 10 8 4 0':

        23,916,492      cache-references                                                      
         7,024,166      cache-misses                     #   29.37% of all cache refs         

       6.182498929 seconds time elapsed

      22.808531000 seconds user
       0.208086000 seconds sys


