ECS running with 1000 stations, 600 satellites, 4 numWGs and 8 numBlocks for 10 rounds in 0 parallel pattern
2025/08/05 14:22:42 StationSystem update...
2025/08/05 14:22:42 weather update count: 1000
2025/08/05 14:22:42 SatelliteSystem update...
2025/08/05 14:22:42 StationSystem update time: 7.704µs
2025/08/05 14:22:42 satellite count: 600
2025/08/05 14:22:42 SatelliteSystem update time: 2.350868ms
2025/08/05 14:22:42 TopoSystem update...
2025/08/05 14:22:42 TopoSystem: Link count: 600000
2025/08/05 14:22:42 TopoSystem update time: 24.752344ms
2025/08/05 14:22:42 AttenuationSystem update...
2025/08/05 14:22:42 AttenuationSystem parallel flag: 0
2025/08/05 14:22:42 Attenuation computed count: 600000
2025/08/05 14:22:42 AttenuationSystem update time: 206.249281ms
2025/08/05 14:22:42 Run 1 complete
2025/08/05 14:22:42 StationSystem update...
2025/08/05 14:22:42 weather update count: 1000
2025/08/05 14:22:42 StationSystem update time: 11.744µs
2025/08/05 14:22:42 SatelliteSystem update...
2025/08/05 14:22:42 satellite count: 600
2025/08/05 14:22:42 SatelliteSystem update time: 2.767635ms
2025/08/05 14:22:42 TopoSystem update...
2025/08/05 14:22:42 TopoSystem: Link count: 600000
2025/08/05 14:22:42 TopoSystem update time: 25.716279ms
2025/08/05 14:22:42 AttenuationSystem update...
2025/08/05 14:22:42 AttenuationSystem parallel flag: 0
2025/08/05 14:22:42 Attenuation computed count: 600000
2025/08/05 14:22:42 AttenuationSystem update time: 180.557464ms
2025/08/05 14:22:42 Run 2 complete
2025/08/05 14:22:42 StationSystem update...
2025/08/05 14:22:42 weather update count: 1000
2025/08/05 14:22:42 StationSystem update time: 10.369µs
2025/08/05 14:22:42 SatelliteSystem update...
2025/08/05 14:22:42 satellite count: 600
2025/08/05 14:22:42 SatelliteSystem update time: 2.339176ms
2025/08/05 14:22:42 TopoSystem update...
2025/08/05 14:22:42 TopoSystem: Link count: 600000
2025/08/05 14:22:42 TopoSystem update time: 12.008984ms
2025/08/05 14:22:42 AttenuationSystem update...
2025/08/05 14:22:42 AttenuationSystem parallel flag: 0
2025/08/05 14:22:42 Attenuation computed count: 600000
2025/08/05 14:22:42 AttenuationSystem update time: 195.074931ms
2025/08/05 14:22:42 Run 3 complete
2025/08/05 14:22:42 StationSystem update...
2025/08/05 14:22:42 weather update count: 1000
2025/08/05 14:22:42 StationSystem update time: 10.44µs
2025/08/05 14:22:42 SatelliteSystem update...
2025/08/05 14:22:42 satellite count: 600
2025/08/05 14:22:42 SatelliteSystem update time: 2.321509ms
2025/08/05 14:22:42 TopoSystem update...
2025/08/05 14:22:42 TopoSystem: Link count: 600000
2025/08/05 14:22:42 TopoSystem update time: 12.906318ms
2025/08/05 14:22:42 AttenuationSystem update...
2025/08/05 14:22:42 AttenuationSystem parallel flag: 0
2025/08/05 14:22:43 Attenuation computed count: 600000
2025/08/05 14:22:43 AttenuationSystem update time: 172.95616ms
2025/08/05 14:22:43 Run 4 complete
2025/08/05 14:22:43 StationSystem update...
2025/08/05 14:22:43 weather update count: 1000
2025/08/05 14:22:43 StationSystem update time: 10.023µs
2025/08/05 14:22:43 SatelliteSystem update...
2025/08/05 14:22:43 satellite count: 600
2025/08/05 14:22:43 SatelliteSystem update time: 2.334031ms
2025/08/05 14:22:43 TopoSystem update...
2025/08/05 14:22:43 TopoSystem: Link count: 600000
2025/08/05 14:22:43 TopoSystem update time: 11.527435ms
2025/08/05 14:22:43 AttenuationSystem update...
2025/08/05 14:22:43 AttenuationSystem parallel flag: 0
2025/08/05 14:22:43 Attenuation computed count: 600000
2025/08/05 14:22:43 AttenuationSystem update time: 195.038691ms
2025/08/05 14:22:43 Run 5 complete
2025/08/05 14:22:43 StationSystem update...
2025/08/05 14:22:43 weather update count: 1000
2025/08/05 14:22:43 StationSystem update time: 12.176µs
2025/08/05 14:22:43 SatelliteSystem update...
2025/08/05 14:22:43 satellite count: 600
2025/08/05 14:22:43 SatelliteSystem update time: 2.321848ms
2025/08/05 14:22:43 TopoSystem update...
2025/08/05 14:22:43 TopoSystem: Link count: 600000
2025/08/05 14:22:43 TopoSystem update time: 14.372104ms
2025/08/05 14:22:43 AttenuationSystem update...
2025/08/05 14:22:43 AttenuationSystem parallel flag: 0
2025/08/05 14:22:43 Attenuation computed count: 600000
2025/08/05 14:22:43 AttenuationSystem update time: 204.009253ms
2025/08/05 14:22:43 Run 6 complete
2025/08/05 14:22:43 StationSystem update...
2025/08/05 14:22:43 weather update count: 1000
2025/08/05 14:22:43 StationSystem update time: 18.055µs
2025/08/05 14:22:43 SatelliteSystem update...
2025/08/05 14:22:43 satellite count: 600
2025/08/05 14:22:43 SatelliteSystem update time: 2.578785ms
2025/08/05 14:22:43 TopoSystem update...
2025/08/05 14:22:43 TopoSystem: Link count: 600000
2025/08/05 14:22:43 TopoSystem update time: 37.961689ms
2025/08/05 14:22:43 AttenuationSystem update...
2025/08/05 14:22:43 AttenuationSystem parallel flag: 0
2025/08/05 14:22:43 Attenuation computed count: 600000
2025/08/05 14:22:43 AttenuationSystem update time: 211.607209ms
2025/08/05 14:22:43 Run 7 complete
2025/08/05 14:22:43 StationSystem update...
2025/08/05 14:22:43 weather update count: 1000
2025/08/05 14:22:43 StationSystem update time: 19.539µs
2025/08/05 14:22:43 SatelliteSystem update...
2025/08/05 14:22:43 satellite count: 600
2025/08/05 14:22:43 SatelliteSystem update time: 6.255401ms
2025/08/05 14:22:43 TopoSystem update...
2025/08/05 14:22:43 TopoSystem: Link count: 600000
2025/08/05 14:22:43 TopoSystem update time: 53.266785ms
2025/08/05 14:22:43 AttenuationSystem update...
2025/08/05 14:22:43 AttenuationSystem parallel flag: 0
2025/08/05 14:22:43 Attenuation computed count: 600000
2025/08/05 14:22:43 AttenuationSystem update time: 203.202828ms
2025/08/05 14:22:43 Run 8 complete
2025/08/05 14:22:43 StationSystem update...
2025/08/05 14:22:43 weather update count: 1000
2025/08/05 14:22:43 StationSystem update time: 14.358µs
2025/08/05 14:22:43 SatelliteSystem update...
2025/08/05 14:22:43 satellite count: 600
2025/08/05 14:22:43 SatelliteSystem update time: 2.395669ms
2025/08/05 14:22:43 TopoSystem update...
2025/08/05 14:22:43 TopoSystem: Link count: 600000
2025/08/05 14:22:43 TopoSystem update time: 12.490946ms
2025/08/05 14:22:43 AttenuationSystem update...
2025/08/05 14:22:43 AttenuationSystem parallel flag: 0
2025/08/05 14:22:44 Attenuation computed count: 600000
2025/08/05 14:22:44 AttenuationSystem update time: 222.485448ms
2025/08/05 14:22:44 Run 9 complete
2025/08/05 14:22:44 StationSystem update...
2025/08/05 14:22:44 weather update count: 1000
2025/08/05 14:22:44 StationSystem update time: 11.101µs
2025/08/05 14:22:44 SatelliteSystem update...
2025/08/05 14:22:44 satellite count: 600
2025/08/05 14:22:44 SatelliteSystem update time: 4.113987ms
2025/08/05 14:22:44 TopoSystem update...
2025/08/05 14:22:44 TopoSystem: Link count: 600000
2025/08/05 14:22:44 TopoSystem update time: 16.421852ms
2025/08/05 14:22:44 AttenuationSystem update...
2025/08/05 14:22:44 AttenuationSystem parallel flag: 0
2025/08/05 14:22:44 Attenuation computed count: 600000
2025/08/05 14:22:44 AttenuationSystem update time: 180.103685ms
2025/08/05 14:22:44 Run 10 complete
2025/08/05 14:22:44 Total update time:  2.232711651s
2025/08/05 14:22:44 linkCache size: 40

 Performance counter stats for './scale_ecs 1000 600 10 4 8 0':

        14,322,494      cache-references                                                      
         3,480,291      cache-misses                     #   24.30% of all cache refs         

       2.242598123 seconds time elapsed

      14.470508000 seconds user
       0.161094000 seconds sys


