ECS running with 900 stations, 1800 satellites, 4 numWGs and 8 numBlocks for 10 rounds in 0 parallel pattern
2025/08/05 14:12:02 StationSystem update...
2025/08/05 14:12:02 weather update count: 900
2025/08/05 14:12:02 SatelliteSystem update...
2025/08/05 14:12:02 StationSystem update time: 6.532µs
2025/08/05 14:12:02 satellite count: 1800
2025/08/05 14:12:02 SatelliteSystem update time: 6.852637ms
2025/08/05 14:12:02 TopoSystem update...
2025/08/05 14:12:02 TopoSystem: Link count: 1620000
2025/08/05 14:12:02 TopoSystem update time: 55.62554ms
2025/08/05 14:12:02 AttenuationSystem update...
2025/08/05 14:12:02 AttenuationSystem parallel flag: 0
2025/08/05 14:12:02 Attenuation computed count: 1620000
2025/08/05 14:12:02 AttenuationSystem update time: 470.099906ms
2025/08/05 14:12:02 Run 1 complete
2025/08/05 14:12:02 StationSystem update...
2025/08/05 14:12:02 weather update count: 900
2025/08/05 14:12:02 StationSystem update time: 6.018µs
2025/08/05 14:12:02 SatelliteSystem update...
2025/08/05 14:12:02 satellite count: 1800
2025/08/05 14:12:02 SatelliteSystem update time: 6.846605ms
2025/08/05 14:12:02 TopoSystem update...
2025/08/05 14:12:02 TopoSystem: Link count: 1620000
2025/08/05 14:12:02 TopoSystem update time: 46.982874ms
2025/08/05 14:12:02 AttenuationSystem update...
2025/08/05 14:12:02 AttenuationSystem parallel flag: 0
2025/08/05 14:12:03 Attenuation computed count: 1620000
2025/08/05 14:12:03 AttenuationSystem update time: 462.912887ms
2025/08/05 14:12:03 Run 2 complete
2025/08/05 14:12:03 StationSystem update...
2025/08/05 14:12:03 weather update count: 900
2025/08/05 14:12:03 StationSystem update time: 5.957µs
2025/08/05 14:12:03 SatelliteSystem update...
2025/08/05 14:12:03 satellite count: 1800
2025/08/05 14:12:03 SatelliteSystem update time: 6.812886ms
2025/08/05 14:12:03 TopoSystem update...
2025/08/05 14:12:03 TopoSystem: Link count: 1620000
2025/08/05 14:12:03 TopoSystem update time: 27.713776ms
2025/08/05 14:12:03 AttenuationSystem update...
2025/08/05 14:12:03 AttenuationSystem parallel flag: 0
2025/08/05 14:12:03 Attenuation computed count: 1620000
2025/08/05 14:12:03 AttenuationSystem update time: 503.243684ms
2025/08/05 14:12:03 Run 3 complete
2025/08/05 14:12:03 StationSystem update...
2025/08/05 14:12:03 weather update count: 900
2025/08/05 14:12:03 StationSystem update time: 9.294µs
2025/08/05 14:12:03 SatelliteSystem update...
2025/08/05 14:12:03 satellite count: 1800
2025/08/05 14:12:03 SatelliteSystem update time: 7.347582ms
2025/08/05 14:12:03 TopoSystem update...
2025/08/05 14:12:03 TopoSystem: Link count: 1620000
2025/08/05 14:12:03 TopoSystem update time: 88.077485ms
2025/08/05 14:12:03 AttenuationSystem update...
2025/08/05 14:12:03 AttenuationSystem parallel flag: 0
2025/08/05 14:12:04 Attenuation computed count: 1620000
2025/08/05 14:12:04 AttenuationSystem update time: 468.586495ms
2025/08/05 14:12:04 Run 4 complete
2025/08/05 14:12:04 StationSystem update...
2025/08/05 14:12:04 weather update count: 900
2025/08/05 14:12:04 StationSystem update time: 6.834µs
2025/08/05 14:12:04 SatelliteSystem update...
2025/08/05 14:12:04 satellite count: 1800
2025/08/05 14:12:04 SatelliteSystem update time: 6.830336ms
2025/08/05 14:12:04 TopoSystem update...
2025/08/05 14:12:04 TopoSystem: Link count: 1620000
2025/08/05 14:12:04 TopoSystem update time: 29.615432ms
2025/08/05 14:12:04 AttenuationSystem update...
2025/08/05 14:12:04 AttenuationSystem parallel flag: 0
2025/08/05 14:12:04 Attenuation computed count: 1620000
2025/08/05 14:12:04 AttenuationSystem update time: 475.583423ms
2025/08/05 14:12:04 Run 5 complete
2025/08/05 14:12:04 StationSystem update...
2025/08/05 14:12:04 weather update count: 900
2025/08/05 14:12:04 StationSystem update time: 7.908µs
2025/08/05 14:12:04 SatelliteSystem update...
2025/08/05 14:12:04 satellite count: 1800
2025/08/05 14:12:04 SatelliteSystem update time: 6.81131ms
2025/08/05 14:12:04 TopoSystem update...
2025/08/05 14:12:04 TopoSystem: Link count: 1620000
2025/08/05 14:12:04 TopoSystem update time: 25.168595ms
2025/08/05 14:12:04 AttenuationSystem update...
2025/08/05 14:12:04 AttenuationSystem parallel flag: 0
2025/08/05 14:12:05 Attenuation computed count: 1620000
2025/08/05 14:12:05 AttenuationSystem update time: 514.655369ms
2025/08/05 14:12:05 Run 6 complete
2025/08/05 14:12:05 StationSystem update...
2025/08/05 14:12:05 weather update count: 900
2025/08/05 14:12:05 StationSystem update time: 6.465µs
2025/08/05 14:12:05 SatelliteSystem update...
2025/08/05 14:12:05 satellite count: 1800
2025/08/05 14:12:05 SatelliteSystem update time: 5.061857ms
2025/08/05 14:12:05 TopoSystem update...
2025/08/05 14:12:05 TopoSystem: Link count: 1620000
2025/08/05 14:12:05 TopoSystem update time: 22.121707ms
2025/08/05 14:12:05 AttenuationSystem update...
2025/08/05 14:12:05 AttenuationSystem parallel flag: 0
2025/08/05 14:12:05 Attenuation computed count: 1620000
2025/08/05 14:12:05 AttenuationSystem update time: 495.538482ms
2025/08/05 14:12:05 Run 7 complete
2025/08/05 14:12:05 StationSystem update...
2025/08/05 14:12:05 weather update count: 900
2025/08/05 14:12:05 StationSystem update time: 6.849µs
2025/08/05 14:12:05 SatelliteSystem update...
2025/08/05 14:12:05 satellite count: 1800
2025/08/05 14:12:05 SatelliteSystem update time: 6.836233ms
2025/08/05 14:12:05 TopoSystem update...
2025/08/05 14:12:05 TopoSystem: Link count: 1620000
2025/08/05 14:12:05 TopoSystem update time: 26.682876ms
2025/08/05 14:12:05 AttenuationSystem update...
2025/08/05 14:12:05 AttenuationSystem parallel flag: 0
2025/08/05 14:12:06 Attenuation computed count: 1620000
2025/08/05 14:12:06 AttenuationSystem update time: 496.341642ms
2025/08/05 14:12:06 Run 8 complete
2025/08/05 14:12:06 StationSystem update...
2025/08/05 14:12:06 weather update count: 900
2025/08/05 14:12:06 StationSystem update time: 6.57µs
2025/08/05 14:12:06 SatelliteSystem update...
2025/08/05 14:12:06 satellite count: 1800
2025/08/05 14:12:06 SatelliteSystem update time: 6.816232ms
2025/08/05 14:12:06 TopoSystem update...
2025/08/05 14:12:06 TopoSystem: Link count: 1620000
2025/08/05 14:12:06 TopoSystem update time: 26.806512ms
2025/08/05 14:12:06 AttenuationSystem update...
2025/08/05 14:12:06 AttenuationSystem parallel flag: 0
2025/08/05 14:12:06 Attenuation computed count: 1620000
2025/08/05 14:12:06 AttenuationSystem update time: 457.29773ms
2025/08/05 14:12:06 Run 9 complete
2025/08/05 14:12:06 StationSystem update...
2025/08/05 14:12:06 weather update count: 900
2025/08/05 14:12:06 StationSystem update time: 27.563µs
2025/08/05 14:12:06 SatelliteSystem update...
2025/08/05 14:12:06 satellite count: 1800
2025/08/05 14:12:06 SatelliteSystem update time: 5.509955ms
2025/08/05 14:12:06 TopoSystem update...
2025/08/05 14:12:07 TopoSystem: Link count: 1620000
2025/08/05 14:12:07 TopoSystem update time: 51.463381ms
2025/08/05 14:12:07 AttenuationSystem update...
2025/08/05 14:12:07 AttenuationSystem parallel flag: 0
2025/08/05 14:12:07 Attenuation computed count: 1620000
2025/08/05 14:12:07 AttenuationSystem update time: 475.444362ms
2025/08/05 14:12:07 Run 10 complete
2025/08/05 14:12:07 Total update time:  5.300835972s
2025/08/05 14:12:07 linkCache size: 40

 Performance counter stats for './scale_ecs 900 1800 10 4 8 0':

        36,607,681      cache-references                                                      
        10,299,807      cache-misses                     #   28.14% of all cache refs         

       5.312858744 seconds time elapsed

      35.755400000 seconds user
       0.242111000 seconds sys


