ECS running with 600 stations, 700 satellites, 2 numWGs and 4 numBlocks for 10 rounds in 1 parallel pattern
2025/08/05 12:09:43 StationSystem update...
2025/08/05 12:09:43 weather update count: 600
2025/08/05 12:09:43 SatelliteSystem update...
2025/08/05 12:09:43 StationSystem update time: 4.862µs
2025/08/05 12:09:43 satellite count: 700
2025/08/05 12:09:43 SatelliteSystem update time: 2.66922ms
2025/08/05 12:09:43 TopoSystem update...
2025/08/05 12:09:43 TopoSystem: Link count: 420000
2025/08/05 12:09:43 TopoSystem update time: 13.683228ms
2025/08/05 12:09:43 AttenuationSystem update...
2025/08/05 12:09:43 AttenuationSystem parallel flag: 1
2025/08/05 12:09:43 Attenuation computed count: 420000
2025/08/05 12:09:43 AttenuationSystem update time: 480.099827ms
2025/08/05 12:09:43 Run 1 complete
2025/08/05 12:09:43 StationSystem update...
2025/08/05 12:09:43 weather update count: 600
2025/08/05 12:09:43 StationSystem update time: 4.946µs
2025/08/05 12:09:43 SatelliteSystem update...
2025/08/05 12:09:43 satellite count: 700
2025/08/05 12:09:43 SatelliteSystem update time: 1.987556ms
2025/08/05 12:09:43 TopoSystem update...
2025/08/05 12:09:43 TopoSystem: Link count: 420000
2025/08/05 12:09:43 TopoSystem update time: 10.631187ms
2025/08/05 12:09:43 AttenuationSystem update...
2025/08/05 12:09:43 AttenuationSystem parallel flag: 1
2025/08/05 12:09:44 Attenuation computed count: 420000
2025/08/05 12:09:44 AttenuationSystem update time: 509.178322ms
2025/08/05 12:09:44 Run 2 complete
2025/08/05 12:09:44 StationSystem update...
2025/08/05 12:09:44 weather update count: 600
2025/08/05 12:09:44 StationSystem update time: 3.952µs
2025/08/05 12:09:44 SatelliteSystem update...
2025/08/05 12:09:44 satellite count: 700
2025/08/05 12:09:44 SatelliteSystem update time: 2.691211ms
2025/08/05 12:09:44 TopoSystem update...
2025/08/05 12:09:44 TopoSystem: Link count: 420000
2025/08/05 12:09:44 TopoSystem update time: 8.858411ms
2025/08/05 12:09:44 AttenuationSystem update...
2025/08/05 12:09:44 AttenuationSystem parallel flag: 1
2025/08/05 12:09:44 Attenuation computed count: 420000
2025/08/05 12:09:44 AttenuationSystem update time: 510.647508ms
2025/08/05 12:09:44 Run 3 complete
2025/08/05 12:09:44 StationSystem update...
2025/08/05 12:09:44 weather update count: 600
2025/08/05 12:09:44 StationSystem update time: 2.909µs
2025/08/05 12:09:44 SatelliteSystem update...
2025/08/05 12:09:44 satellite count: 700
2025/08/05 12:09:44 SatelliteSystem update time: 1.995539ms
2025/08/05 12:09:44 TopoSystem update...
2025/08/05 12:09:44 TopoSystem: Link count: 420000
2025/08/05 12:09:44 TopoSystem update time: 8.872378ms
2025/08/05 12:09:44 AttenuationSystem update...
2025/08/05 12:09:44 AttenuationSystem parallel flag: 1
2025/08/05 12:09:45 Attenuation computed count: 420000
2025/08/05 12:09:45 AttenuationSystem update time: 513.192588ms
2025/08/05 12:09:45 Run 4 complete
2025/08/05 12:09:45 StationSystem update...
2025/08/05 12:09:45 weather update count: 600
2025/08/05 12:09:45 StationSystem update time: 4.345µs
2025/08/05 12:09:45 SatelliteSystem update...
2025/08/05 12:09:45 satellite count: 700
2025/08/05 12:09:45 SatelliteSystem update time: 2.682889ms
2025/08/05 12:09:45 TopoSystem update...
2025/08/05 12:09:45 TopoSystem: Link count: 420000
2025/08/05 12:09:45 TopoSystem update time: 7.440736ms
2025/08/05 12:09:45 AttenuationSystem update...
2025/08/05 12:09:45 AttenuationSystem parallel flag: 1
2025/08/05 12:09:45 Attenuation computed count: 420000
2025/08/05 12:09:45 AttenuationSystem update time: 517.125097ms
2025/08/05 12:09:45 Run 5 complete
2025/08/05 12:09:45 StationSystem update...
2025/08/05 12:09:45 weather update count: 600
2025/08/05 12:09:45 StationSystem update time: 17.414µs
2025/08/05 12:09:45 SatelliteSystem update...
2025/08/05 12:09:45 satellite count: 700
2025/08/05 12:09:45 SatelliteSystem update time: 3.222437ms
2025/08/05 12:09:45 TopoSystem update...
2025/08/05 12:09:45 TopoSystem: Link count: 420000
2025/08/05 12:09:45 TopoSystem update time: 23.375534ms
2025/08/05 12:09:45 AttenuationSystem update...
2025/08/05 12:09:45 AttenuationSystem parallel flag: 1
2025/08/05 12:09:46 Attenuation computed count: 420000
2025/08/05 12:09:46 AttenuationSystem update time: 509.332057ms
2025/08/05 12:09:46 Run 6 complete
2025/08/05 12:09:46 StationSystem update...
2025/08/05 12:09:46 weather update count: 600
2025/08/05 12:09:46 StationSystem update time: 4.397µs
2025/08/05 12:09:46 SatelliteSystem update...
2025/08/05 12:09:46 satellite count: 700
2025/08/05 12:09:46 SatelliteSystem update time: 2.698588ms
2025/08/05 12:09:46 TopoSystem update...
2025/08/05 12:09:46 TopoSystem: Link count: 420000
2025/08/05 12:09:46 TopoSystem update time: 9.691061ms
2025/08/05 12:09:46 AttenuationSystem update...
2025/08/05 12:09:46 AttenuationSystem parallel flag: 1
2025/08/05 12:09:46 Attenuation computed count: 420000
2025/08/05 12:09:46 AttenuationSystem update time: 496.627771ms
2025/08/05 12:09:46 Run 7 complete
2025/08/05 12:09:46 StationSystem update...
2025/08/05 12:09:46 weather update count: 600
2025/08/05 12:09:46 StationSystem update time: 3.032µs
2025/08/05 12:09:46 SatelliteSystem update...
2025/08/05 12:09:46 satellite count: 700
2025/08/05 12:09:46 SatelliteSystem update time: 2.678212ms
2025/08/05 12:09:46 TopoSystem update...
2025/08/05 12:09:46 TopoSystem: Link count: 420000
2025/08/05 12:09:46 TopoSystem update time: 6.676065ms
2025/08/05 12:09:46 AttenuationSystem update...
2025/08/05 12:09:46 AttenuationSystem parallel flag: 1
2025/08/05 12:09:47 Attenuation computed count: 420000
2025/08/05 12:09:47 AttenuationSystem update time: 512.645156ms
2025/08/05 12:09:47 Run 8 complete
2025/08/05 12:09:47 StationSystem update...
2025/08/05 12:09:47 weather update count: 600
2025/08/05 12:09:47 StationSystem update time: 4.132µs
2025/08/05 12:09:47 SatelliteSystem update...
2025/08/05 12:09:47 satellite count: 700
2025/08/05 12:09:47 SatelliteSystem update time: 1.995434ms
2025/08/05 12:09:47 TopoSystem update...
2025/08/05 12:09:47 TopoSystem: Link count: 420000
2025/08/05 12:09:47 TopoSystem update time: 7.666976ms
2025/08/05 12:09:47 AttenuationSystem update...
2025/08/05 12:09:47 AttenuationSystem parallel flag: 1
2025/08/05 12:09:47 Attenuation computed count: 420000
2025/08/05 12:09:47 AttenuationSystem update time: 501.394341ms
2025/08/05 12:09:47 Run 9 complete
2025/08/05 12:09:47 StationSystem update...
2025/08/05 12:09:47 weather update count: 600
2025/08/05 12:09:47 StationSystem update time: 2.607µs
2025/08/05 12:09:47 SatelliteSystem update...
2025/08/05 12:09:47 satellite count: 700
2025/08/05 12:09:47 SatelliteSystem update time: 2.677693ms
2025/08/05 12:09:47 TopoSystem update...
2025/08/05 12:09:47 TopoSystem: Link count: 420000
2025/08/05 12:09:47 TopoSystem update time: 7.372984ms
2025/08/05 12:09:47 AttenuationSystem update...
2025/08/05 12:09:47 AttenuationSystem parallel flag: 1
2025/08/05 12:09:48 Attenuation computed count: 420000
2025/08/05 12:09:48 AttenuationSystem update time: 497.24267ms
2025/08/05 12:09:48 Run 10 complete
2025/08/05 12:09:48 Total update time:  5.183162113s
2025/08/05 12:09:48 linkCache size: 40

 Performance counter stats for './scale_ecs 600 700 10 2 4 1':

        10,538,321      cache-references                                                      
         2,582,295      cache-misses                     #   24.50% of all cache refs         

       5.191214283 seconds time elapsed

       9.728821000 seconds user
       0.073058000 seconds sys


