ECS running with 1000 stations, 1600 satellites, 8 numWGs and 4 numBlocks for 10 rounds in 0 parallel pattern
2025/08/05 14:48:00 StationSystem update...
2025/08/05 14:48:00 weather update count: 1000
2025/08/05 14:48:00 StationSystem update time: 5.383µs
2025/08/05 14:48:00 SatelliteSystem update...
2025/08/05 14:48:00 satellite count: 1600
2025/08/05 14:48:00 SatelliteSystem update time: 6.065096ms
2025/08/05 14:48:00 TopoSystem update...
2025/08/05 14:48:00 TopoSystem: Link count: 1600000
2025/08/05 14:48:00 TopoSystem update time: 51.376351ms
2025/08/05 14:48:00 AttenuationSystem update...
2025/08/05 14:48:00 AttenuationSystem parallel flag: 0
2025/08/05 14:48:01 Attenuation computed count: 1600000
2025/08/05 14:48:01 AttenuationSystem update time: 918.075161ms
2025/08/05 14:48:01 Run 1 complete
2025/08/05 14:48:01 StationSystem update...
2025/08/05 14:48:01 weather update count: 1000
2025/08/05 14:48:01 StationSystem update time: 5.807µs
2025/08/05 14:48:01 SatelliteSystem update...
2025/08/05 14:48:01 satellite count: 1600
2025/08/05 14:48:01 SatelliteSystem update time: 6.06956ms
2025/08/05 14:48:01 TopoSystem update...
2025/08/05 14:48:01 TopoSystem: Link count: 1600000
2025/08/05 14:48:01 TopoSystem update time: 43.759118ms
2025/08/05 14:48:01 AttenuationSystem update...
2025/08/05 14:48:01 AttenuationSystem parallel flag: 0
2025/08/05 14:48:02 Attenuation computed count: 1600000
2025/08/05 14:48:02 AttenuationSystem update time: 948.006701ms
2025/08/05 14:48:02 Run 2 complete
2025/08/05 14:48:02 StationSystem update...
2025/08/05 14:48:02 weather update count: 1000
2025/08/05 14:48:02 StationSystem update time: 6.318µs
2025/08/05 14:48:02 SatelliteSystem update...
2025/08/05 14:48:02 satellite count: 1600
2025/08/05 14:48:02 SatelliteSystem update time: 6.074222ms
2025/08/05 14:48:02 TopoSystem update...
2025/08/05 14:48:02 TopoSystem: Link count: 1600000
2025/08/05 14:48:02 TopoSystem update time: 26.734832ms
2025/08/05 14:48:02 AttenuationSystem update...
2025/08/05 14:48:02 AttenuationSystem parallel flag: 0
2025/08/05 14:48:03 Attenuation computed count: 1600000
2025/08/05 14:48:03 AttenuationSystem update time: 960.819495ms
2025/08/05 14:48:03 Run 3 complete
2025/08/05 14:48:03 StationSystem update...
2025/08/05 14:48:03 weather update count: 1000
2025/08/05 14:48:03 StationSystem update time: 12.817µs
2025/08/05 14:48:03 SatelliteSystem update...
2025/08/05 14:48:03 satellite count: 1600
2025/08/05 14:48:03 SatelliteSystem update time: 7.958179ms
2025/08/05 14:48:03 TopoSystem update...
2025/08/05 14:48:03 TopoSystem: Link count: 1600000
2025/08/05 14:48:03 TopoSystem update time: 46.478204ms
2025/08/05 14:48:03 AttenuationSystem update...
2025/08/05 14:48:03 AttenuationSystem parallel flag: 0
2025/08/05 14:48:04 Attenuation computed count: 1600000
2025/08/05 14:48:04 AttenuationSystem update time: 936.46519ms
2025/08/05 14:48:04 Run 4 complete
2025/08/05 14:48:04 StationSystem update...
2025/08/05 14:48:04 weather update count: 1000
2025/08/05 14:48:04 StationSystem update time: 6.395µs
2025/08/05 14:48:04 SatelliteSystem update...
2025/08/05 14:48:04 satellite count: 1600
2025/08/05 14:48:04 SatelliteSystem update time: 6.054229ms
2025/08/05 14:48:04 TopoSystem update...
2025/08/05 14:48:04 TopoSystem: Link count: 1600000
2025/08/05 14:48:04 TopoSystem update time: 26.557831ms
2025/08/05 14:48:04 AttenuationSystem update...
2025/08/05 14:48:04 AttenuationSystem parallel flag: 0
2025/08/05 14:48:05 Attenuation computed count: 1600000
2025/08/05 14:48:05 AttenuationSystem update time: 912.04214ms
2025/08/05 14:48:05 Run 5 complete
2025/08/05 14:48:05 StationSystem update...
2025/08/05 14:48:05 weather update count: 1000
2025/08/05 14:48:05 StationSystem update time: 5.646µs
2025/08/05 14:48:05 SatelliteSystem update...
2025/08/05 14:48:05 satellite count: 1600
2025/08/05 14:48:05 SatelliteSystem update time: 6.072189ms
2025/08/05 14:48:05 TopoSystem update...
2025/08/05 14:48:05 TopoSystem: Link count: 1600000
2025/08/05 14:48:05 TopoSystem update time: 40.086461ms
2025/08/05 14:48:05 AttenuationSystem update...
2025/08/05 14:48:05 AttenuationSystem parallel flag: 0
2025/08/05 14:48:06 Attenuation computed count: 1600000
2025/08/05 14:48:06 AttenuationSystem update time: 954.789202ms
2025/08/05 14:48:06 Run 6 complete
2025/08/05 14:48:06 StationSystem update...
2025/08/05 14:48:06 weather update count: 1000
2025/08/05 14:48:06 StationSystem update time: 17.619µs
2025/08/05 14:48:06 SatelliteSystem update...
2025/08/05 14:48:06 satellite count: 1600
2025/08/05 14:48:06 SatelliteSystem update time: 6.749614ms
2025/08/05 14:48:06 TopoSystem update...
2025/08/05 14:48:06 TopoSystem: Link count: 1600000
2025/08/05 14:48:06 TopoSystem update time: 69.338956ms
2025/08/05 14:48:06 AttenuationSystem update...
2025/08/05 14:48:06 AttenuationSystem parallel flag: 0
2025/08/05 14:48:07 Attenuation computed count: 1600000
2025/08/05 14:48:07 AttenuationSystem update time: 901.229153ms
2025/08/05 14:48:07 Run 7 complete
2025/08/05 14:48:07 StationSystem update...
2025/08/05 14:48:07 weather update count: 1000
2025/08/05 14:48:07 StationSystem update time: 6.049µs
2025/08/05 14:48:07 SatelliteSystem update...
2025/08/05 14:48:07 satellite count: 1600
2025/08/05 14:48:07 SatelliteSystem update time: 6.080852ms
2025/08/05 14:48:07 TopoSystem update...
2025/08/05 14:48:07 TopoSystem: Link count: 1600000
2025/08/05 14:48:07 TopoSystem update time: 45.019143ms
2025/08/05 14:48:07 AttenuationSystem update...
2025/08/05 14:48:07 AttenuationSystem parallel flag: 0
2025/08/05 14:48:08 Attenuation computed count: 1600000
2025/08/05 14:48:08 AttenuationSystem update time: 927.556625ms
2025/08/05 14:48:08 Run 8 complete
2025/08/05 14:48:08 StationSystem update...
2025/08/05 14:48:08 weather update count: 1000
2025/08/05 14:48:08 StationSystem update time: 7.501µs
2025/08/05 14:48:08 SatelliteSystem update...
2025/08/05 14:48:08 satellite count: 1600
2025/08/05 14:48:08 SatelliteSystem update time: 6.56093ms
2025/08/05 14:48:08 TopoSystem update...
2025/08/05 14:48:08 TopoSystem: Link count: 1600000
2025/08/05 14:48:08 TopoSystem update time: 90.118975ms
2025/08/05 14:48:08 AttenuationSystem update...
2025/08/05 14:48:08 AttenuationSystem parallel flag: 0
2025/08/05 14:48:09 Attenuation computed count: 1600000
2025/08/05 14:48:09 AttenuationSystem update time: 890.652815ms
2025/08/05 14:48:09 Run 9 complete
2025/08/05 14:48:09 StationSystem update...
2025/08/05 14:48:09 weather update count: 1000
2025/08/05 14:48:09 StationSystem update time: 6.489µs
2025/08/05 14:48:09 SatelliteSystem update...
2025/08/05 14:48:09 satellite count: 1600
2025/08/05 14:48:09 SatelliteSystem update time: 6.088131ms
2025/08/05 14:48:09 TopoSystem update...
2025/08/05 14:48:09 TopoSystem: Link count: 1600000
2025/08/05 14:48:09 TopoSystem update time: 51.83664ms
2025/08/05 14:48:09 AttenuationSystem update...
2025/08/05 14:48:09 AttenuationSystem parallel flag: 0
2025/08/05 14:48:10 Attenuation computed count: 1600000
2025/08/05 14:48:10 AttenuationSystem update time: 912.536858ms
2025/08/05 14:48:10 Run 10 complete
2025/08/05 14:48:10 Total update time:  9.829642298s
2025/08/05 14:48:10 linkCache size: 40

 Performance counter stats for './scale_ecs 1000 1600 10 8 4 0':

        38,048,220      cache-references                                                      
        11,585,004      cache-misses                     #   30.45% of all cache refs         

       9.848064190 seconds time elapsed

      35.324757000 seconds user
       0.375156000 seconds sys


