ECS running with 600 stations, 1000 satellites, 2 numWGs and 2 numBlocks for 10 rounds in 1 parallel pattern
2025/08/05 12:12:54 StationSystem update...
2025/08/05 12:12:54 weather update count: 600
2025/08/05 12:12:54 SatelliteSystem update...
2025/08/05 12:12:54 StationSystem update time: 4.854µs
2025/08/05 12:12:54 satellite count: 1000
2025/08/05 12:12:54 SatelliteSystem update time: 3.874213ms
2025/08/05 12:12:54 TopoSystem update...
2025/08/05 12:12:54 TopoSystem: Link count: 600000
2025/08/05 12:12:54 TopoSystem update time: 18.722593ms
2025/08/05 12:12:54 AttenuationSystem update...
2025/08/05 12:12:54 AttenuationSystem parallel flag: 1
2025/08/05 12:12:55 Attenuation computed count: 600000
2025/08/05 12:12:55 AttenuationSystem update time: 686.971387ms
2025/08/05 12:12:55 Run 1 complete
2025/08/05 12:12:55 StationSystem update...
2025/08/05 12:12:55 weather update count: 600
2025/08/05 12:12:55 StationSystem update time: 3.683µs
2025/08/05 12:12:55 SatelliteSystem update...
2025/08/05 12:12:55 satellite count: 1000
2025/08/05 12:12:55 SatelliteSystem update time: 3.845777ms
2025/08/05 12:12:55 TopoSystem update...
2025/08/05 12:12:55 TopoSystem: Link count: 600000
2025/08/05 12:12:55 TopoSystem update time: 15.056503ms
2025/08/05 12:12:55 AttenuationSystem update...
2025/08/05 12:12:55 AttenuationSystem parallel flag: 1
2025/08/05 12:12:55 Attenuation computed count: 600000
2025/08/05 12:12:55 AttenuationSystem update time: 688.508906ms
2025/08/05 12:12:55 Run 2 complete
2025/08/05 12:12:55 StationSystem update...
2025/08/05 12:12:55 weather update count: 600
2025/08/05 12:12:55 StationSystem update time: 5.148µs
2025/08/05 12:12:55 SatelliteSystem update...
2025/08/05 12:12:55 satellite count: 1000
2025/08/05 12:12:55 SatelliteSystem update time: 4.109957ms
2025/08/05 12:12:55 TopoSystem update...
2025/08/05 12:12:55 TopoSystem: Link count: 600000
2025/08/05 12:12:55 TopoSystem update time: 14.432619ms
2025/08/05 12:12:55 AttenuationSystem update...
2025/08/05 12:12:55 AttenuationSystem parallel flag: 1
2025/08/05 12:12:56 Attenuation computed count: 600000
2025/08/05 12:12:56 AttenuationSystem update time: 700.828649ms
2025/08/05 12:12:56 Run 3 complete
2025/08/05 12:12:56 StationSystem update...
2025/08/05 12:12:56 weather update count: 600
2025/08/05 12:12:56 StationSystem update time: 4.103µs
2025/08/05 12:12:56 SatelliteSystem update...
2025/08/05 12:12:56 satellite count: 1000
2025/08/05 12:12:56 SatelliteSystem update time: 3.807761ms
2025/08/05 12:12:56 TopoSystem update...
2025/08/05 12:12:56 TopoSystem: Link count: 600000
2025/08/05 12:12:56 TopoSystem update time: 26.154802ms
2025/08/05 12:12:56 AttenuationSystem update...
2025/08/05 12:12:56 AttenuationSystem parallel flag: 1
2025/08/05 12:12:57 Attenuation computed count: 600000
2025/08/05 12:12:57 AttenuationSystem update time: 716.571338ms
2025/08/05 12:12:57 Run 4 complete
2025/08/05 12:12:57 StationSystem update...
2025/08/05 12:12:57 weather update count: 600
2025/08/05 12:12:57 StationSystem update time: 5.023µs
2025/08/05 12:12:57 SatelliteSystem update...
2025/08/05 12:12:57 satellite count: 1000
2025/08/05 12:12:57 SatelliteSystem update time: 3.891159ms
2025/08/05 12:12:57 TopoSystem update...
2025/08/05 12:12:57 TopoSystem: Link count: 600000
2025/08/05 12:12:57 TopoSystem update time: 24.304323ms
2025/08/05 12:12:57 AttenuationSystem update...
2025/08/05 12:12:57 AttenuationSystem parallel flag: 1
2025/08/05 12:12:57 Attenuation computed count: 600000
2025/08/05 12:12:57 AttenuationSystem update time: 703.10473ms
2025/08/05 12:12:57 Run 5 complete
2025/08/05 12:12:57 StationSystem update...
2025/08/05 12:12:57 weather update count: 600
2025/08/05 12:12:57 StationSystem update time: 3.735µs
2025/08/05 12:12:57 SatelliteSystem update...
2025/08/05 12:12:57 satellite count: 1000
2025/08/05 12:12:57 SatelliteSystem update time: 3.893704ms
2025/08/05 12:12:57 TopoSystem update...
2025/08/05 12:12:57 TopoSystem: Link count: 600000
2025/08/05 12:12:57 TopoSystem update time: 23.45261ms
2025/08/05 12:12:57 AttenuationSystem update...
2025/08/05 12:12:57 AttenuationSystem parallel flag: 1
2025/08/05 12:12:58 Attenuation computed count: 600000
2025/08/05 12:12:58 AttenuationSystem update time: 732.929115ms
2025/08/05 12:12:58 Run 6 complete
2025/08/05 12:12:58 StationSystem update...
2025/08/05 12:12:58 weather update count: 600
2025/08/05 12:12:58 StationSystem update time: 27.462µs
2025/08/05 12:12:58 SatelliteSystem update...
2025/08/05 12:12:58 satellite count: 1000
2025/08/05 12:12:58 SatelliteSystem update time: 4.224367ms
2025/08/05 12:12:58 TopoSystem update...
2025/08/05 12:12:58 TopoSystem: Link count: 600000
2025/08/05 12:12:58 TopoSystem update time: 17.709015ms
2025/08/05 12:12:58 AttenuationSystem update...
2025/08/05 12:12:58 AttenuationSystem parallel flag: 1
2025/08/05 12:12:59 Attenuation computed count: 600000
2025/08/05 12:12:59 AttenuationSystem update time: 720.838191ms
2025/08/05 12:12:59 Run 7 complete
2025/08/05 12:12:59 StationSystem update...
2025/08/05 12:12:59 weather update count: 600
2025/08/05 12:12:59 StationSystem update time: 7.185µs
2025/08/05 12:12:59 SatelliteSystem update...
2025/08/05 12:12:59 satellite count: 1000
2025/08/05 12:12:59 SatelliteSystem update time: 3.848381ms
2025/08/05 12:12:59 TopoSystem update...
2025/08/05 12:12:59 TopoSystem: Link count: 600000
2025/08/05 12:12:59 TopoSystem update time: 27.310449ms
2025/08/05 12:12:59 AttenuationSystem update...
2025/08/05 12:12:59 AttenuationSystem parallel flag: 1
2025/08/05 12:13:00 Attenuation computed count: 600000
2025/08/05 12:13:00 AttenuationSystem update time: 718.607263ms
2025/08/05 12:13:00 Run 8 complete
2025/08/05 12:13:00 StationSystem update...
2025/08/05 12:13:00 weather update count: 600
2025/08/05 12:13:00 StationSystem update time: 4.416µs
2025/08/05 12:13:00 SatelliteSystem update...
2025/08/05 12:13:00 satellite count: 1000
2025/08/05 12:13:00 SatelliteSystem update time: 3.870202ms
2025/08/05 12:13:00 TopoSystem update...
2025/08/05 12:13:00 TopoSystem: Link count: 600000
2025/08/05 12:13:00 TopoSystem update time: 13.358322ms
2025/08/05 12:13:00 AttenuationSystem update...
2025/08/05 12:13:00 AttenuationSystem parallel flag: 1
2025/08/05 12:13:00 Attenuation computed count: 600000
2025/08/05 12:13:00 AttenuationSystem update time: 692.441552ms
2025/08/05 12:13:00 Run 9 complete
2025/08/05 12:13:00 StationSystem update...
2025/08/05 12:13:00 weather update count: 600
2025/08/05 12:13:00 StationSystem update time: 4.665µs
2025/08/05 12:13:00 SatelliteSystem update...
2025/08/05 12:13:00 satellite count: 1000
2025/08/05 12:13:00 SatelliteSystem update time: 3.881495ms
2025/08/05 12:13:00 TopoSystem update...
2025/08/05 12:13:00 TopoSystem: Link count: 600000
2025/08/05 12:13:00 TopoSystem update time: 22.196153ms
2025/08/05 12:13:00 AttenuationSystem update...
2025/08/05 12:13:00 AttenuationSystem parallel flag: 1
2025/08/05 12:13:01 Attenuation computed count: 600000
2025/08/05 12:13:01 AttenuationSystem update time: 707.337161ms
2025/08/05 12:13:01 Run 10 complete
2025/08/05 12:13:01 Total update time:  7.3179028s
2025/08/05 12:13:01 linkCache size: 40

 Performance counter stats for './scale_ecs 600 1000 10 2 2 1':

        14,344,420      cache-references                                                      
         3,836,268      cache-misses                     #   26.74% of all cache refs         

       7.325735804 seconds time elapsed

      14.277049000 seconds user
       0.116016000 seconds sys


