ECS running with 700 stations, 1000 satellites, 2 numWGs and 8 numBlocks for 10 rounds in 0 parallel pattern
2025/08/05 12:40:43 StationSystem update...
2025/08/05 12:40:43 weather update count: 700
2025/08/05 12:40:43 StationSystem update time: 4.728µs
2025/08/05 12:40:43 SatelliteSystem update...
2025/08/05 12:40:43 satellite count: 1000
2025/08/05 12:40:43 SatelliteSystem update time: 3.817013ms
2025/08/05 12:40:43 TopoSystem update...
2025/08/05 12:40:43 TopoSystem: Link count: 700000
2025/08/05 12:40:43 TopoSystem update time: 23.553236ms
2025/08/05 12:40:43 AttenuationSystem update...
2025/08/05 12:40:43 AttenuationSystem parallel flag: 0
2025/08/05 12:40:43 Attenuation computed count: 700000
2025/08/05 12:40:43 AttenuationSystem update time: 200.262554ms
2025/08/05 12:40:43 Run 1 complete
2025/08/05 12:40:43 StationSystem update...
2025/08/05 12:40:43 weather update count: 700
2025/08/05 12:40:43 StationSystem update time: 4.424µs
2025/08/05 12:40:43 SatelliteSystem update...
2025/08/05 12:40:43 satellite count: 1000
2025/08/05 12:40:43 SatelliteSystem update time: 3.799048ms
2025/08/05 12:40:43 TopoSystem update...
2025/08/05 12:40:43 TopoSystem: Link count: 700000
2025/08/05 12:40:43 TopoSystem update time: 20.842216ms
2025/08/05 12:40:43 AttenuationSystem update...
2025/08/05 12:40:43 AttenuationSystem parallel flag: 0
2025/08/05 12:40:44 Attenuation computed count: 700000
2025/08/05 12:40:44 AttenuationSystem update time: 219.417729ms
2025/08/05 12:40:44 Run 2 complete
2025/08/05 12:40:44 StationSystem update...
2025/08/05 12:40:44 weather update count: 700
2025/08/05 12:40:44 StationSystem update time: 4.286µs
2025/08/05 12:40:44 SatelliteSystem update...
2025/08/05 12:40:44 satellite count: 1000
2025/08/05 12:40:44 SatelliteSystem update time: 3.797046ms
2025/08/05 12:40:44 TopoSystem update...
2025/08/05 12:40:44 TopoSystem: Link count: 700000
2025/08/05 12:40:44 TopoSystem update time: 10.726877ms
2025/08/05 12:40:44 AttenuationSystem update...
2025/08/05 12:40:44 AttenuationSystem parallel flag: 0
2025/08/05 12:40:44 Attenuation computed count: 700000
2025/08/05 12:40:44 AttenuationSystem update time: 200.587971ms
2025/08/05 12:40:44 Run 3 complete
2025/08/05 12:40:44 StationSystem update...
2025/08/05 12:40:44 weather update count: 700
2025/08/05 12:40:44 StationSystem update time: 4.717µs
2025/08/05 12:40:44 SatelliteSystem update...
2025/08/05 12:40:44 satellite count: 1000
2025/08/05 12:40:44 SatelliteSystem update time: 3.798587ms
2025/08/05 12:40:44 TopoSystem update...
2025/08/05 12:40:44 TopoSystem: Link count: 700000
2025/08/05 12:40:44 TopoSystem update time: 10.699558ms
2025/08/05 12:40:44 AttenuationSystem update...
2025/08/05 12:40:44 AttenuationSystem parallel flag: 0
2025/08/05 12:40:44 Attenuation computed count: 700000
2025/08/05 12:40:44 AttenuationSystem update time: 209.909778ms
2025/08/05 12:40:44 Run 4 complete
2025/08/05 12:40:44 StationSystem update...
2025/08/05 12:40:44 weather update count: 700
2025/08/05 12:40:44 StationSystem update time: 4.844µs
2025/08/05 12:40:44 SatelliteSystem update...
2025/08/05 12:40:44 satellite count: 1000
2025/08/05 12:40:44 SatelliteSystem update time: 3.815569ms
2025/08/05 12:40:44 TopoSystem update...
2025/08/05 12:40:44 TopoSystem: Link count: 700000
2025/08/05 12:40:44 TopoSystem update time: 11.391029ms
2025/08/05 12:40:44 AttenuationSystem update...
2025/08/05 12:40:44 AttenuationSystem parallel flag: 0
2025/08/05 12:40:44 Attenuation computed count: 700000
2025/08/05 12:40:44 AttenuationSystem update time: 206.172025ms
2025/08/05 12:40:44 Run 5 complete
2025/08/05 12:40:44 StationSystem update...
2025/08/05 12:40:44 weather update count: 700
2025/08/05 12:40:44 StationSystem update time: 4.783µs
2025/08/05 12:40:44 SatelliteSystem update...
2025/08/05 12:40:44 satellite count: 1000
2025/08/05 12:40:44 SatelliteSystem update time: 3.801401ms
2025/08/05 12:40:44 TopoSystem update...
2025/08/05 12:40:44 TopoSystem: Link count: 700000
2025/08/05 12:40:44 TopoSystem update time: 10.864938ms
2025/08/05 12:40:44 AttenuationSystem update...
2025/08/05 12:40:44 AttenuationSystem parallel flag: 0
2025/08/05 12:40:45 Attenuation computed count: 700000
2025/08/05 12:40:45 AttenuationSystem update time: 226.029098ms
2025/08/05 12:40:45 Run 6 complete
2025/08/05 12:40:45 StationSystem update...
2025/08/05 12:40:45 SatelliteSystem update...
2025/08/05 12:40:45 weather update count: 700
2025/08/05 12:40:45 StationSystem update time: 24.095µs
2025/08/05 12:40:45 satellite count: 1000
2025/08/05 12:40:45 SatelliteSystem update time: 4.5592ms
2025/08/05 12:40:45 TopoSystem update...
2025/08/05 12:40:45 TopoSystem: Link count: 700000
2025/08/05 12:40:45 TopoSystem update time: 43.502075ms
2025/08/05 12:40:45 AttenuationSystem update...
2025/08/05 12:40:45 AttenuationSystem parallel flag: 0
2025/08/05 12:40:45 Attenuation computed count: 700000
2025/08/05 12:40:45 AttenuationSystem update time: 219.906191ms
2025/08/05 12:40:45 Run 7 complete
2025/08/05 12:40:45 StationSystem update...
2025/08/05 12:40:45 weather update count: 700
2025/08/05 12:40:45 StationSystem update time: 4.556µs
2025/08/05 12:40:45 SatelliteSystem update...
2025/08/05 12:40:45 satellite count: 1000
2025/08/05 12:40:45 SatelliteSystem update time: 3.81798ms
2025/08/05 12:40:45 TopoSystem update...
2025/08/05 12:40:45 TopoSystem: Link count: 700000
2025/08/05 12:40:45 TopoSystem update time: 12.174633ms
2025/08/05 12:40:45 AttenuationSystem update...
2025/08/05 12:40:45 AttenuationSystem parallel flag: 0
2025/08/05 12:40:45 Attenuation computed count: 700000
2025/08/05 12:40:45 AttenuationSystem update time: 203.960866ms
2025/08/05 12:40:45 Run 8 complete
2025/08/05 12:40:45 StationSystem update...
2025/08/05 12:40:45 weather update count: 700
2025/08/05 12:40:45 StationSystem update time: 5.235µs
2025/08/05 12:40:45 SatelliteSystem update...
2025/08/05 12:40:45 satellite count: 1000
2025/08/05 12:40:45 SatelliteSystem update time: 3.8074ms
2025/08/05 12:40:45 TopoSystem update...
2025/08/05 12:40:45 TopoSystem: Link count: 700000
2025/08/05 12:40:45 TopoSystem update time: 14.194497ms
2025/08/05 12:40:45 AttenuationSystem update...
2025/08/05 12:40:45 AttenuationSystem parallel flag: 0
2025/08/05 12:40:45 Attenuation computed count: 700000
2025/08/05 12:40:45 AttenuationSystem update time: 213.643345ms
2025/08/05 12:40:45 Run 9 complete
2025/08/05 12:40:45 StationSystem update...
2025/08/05 12:40:45 weather update count: 700
2025/08/05 12:40:45 StationSystem update time: 4.25µs
2025/08/05 12:40:45 SatelliteSystem update...
2025/08/05 12:40:45 satellite count: 1000
2025/08/05 12:40:45 SatelliteSystem update time: 3.821085ms
2025/08/05 12:40:45 TopoSystem update...
2025/08/05 12:40:45 TopoSystem: Link count: 700000
2025/08/05 12:40:45 TopoSystem update time: 11.763442ms
2025/08/05 12:40:45 AttenuationSystem update...
2025/08/05 12:40:45 AttenuationSystem parallel flag: 0
2025/08/05 12:40:46 Attenuation computed count: 700000
2025/08/05 12:40:46 AttenuationSystem update time: 233.36596ms
2025/08/05 12:40:46 Run 10 complete
2025/08/05 12:40:46 Total update time:  2.349487423s
2025/08/05 12:40:46 linkCache size: 40

 Performance counter stats for './scale_ecs 700 1000 10 2 8 0':

        16,344,522      cache-references                                                      
         3,543,477      cache-misses                     #   21.68% of all cache refs         

       2.361133672 seconds time elapsed

      15.449923000 seconds user
       0.106123000 seconds sys


