ECS running with 600 stations, 1500 satellites, 2 numWGs and 4 numBlocks for 10 rounds in 0 parallel pattern
2025/08/05 12:21:23 StationSystem update...
2025/08/05 12:21:23 weather update count: 600
2025/08/05 12:21:23 StationSystem update time: 6.779µs
2025/08/05 12:21:23 SatelliteSystem update...
2025/08/05 12:21:23 satellite count: 1500
2025/08/05 12:21:23 SatelliteSystem update time: 5.800756ms
2025/08/05 12:21:23 TopoSystem update...
2025/08/05 12:21:23 TopoSystem: Link count: 900000
2025/08/05 12:21:23 TopoSystem update time: 29.806962ms
2025/08/05 12:21:23 AttenuationSystem update...
2025/08/05 12:21:23 AttenuationSystem parallel flag: 0
2025/08/05 12:21:24 Attenuation computed count: 900000
2025/08/05 12:21:24 AttenuationSystem update time: 515.900438ms
2025/08/05 12:21:24 Run 1 complete
2025/08/05 12:21:24 StationSystem update...
2025/08/05 12:21:24 weather update count: 600
2025/08/05 12:21:24 StationSystem update time: 5.638µs
2025/08/05 12:21:24 SatelliteSystem update...
2025/08/05 12:21:24 satellite count: 1500
2025/08/05 12:21:24 SatelliteSystem update time: 5.67607ms
2025/08/05 12:21:24 TopoSystem update...
2025/08/05 12:21:24 TopoSystem: Link count: 900000
2025/08/05 12:21:24 TopoSystem update time: 28.380063ms
2025/08/05 12:21:24 AttenuationSystem update...
2025/08/05 12:21:24 AttenuationSystem parallel flag: 0
2025/08/05 12:21:24 Attenuation computed count: 900000
2025/08/05 12:21:24 AttenuationSystem update time: 568.456629ms
2025/08/05 12:21:24 Run 2 complete
2025/08/05 12:21:24 StationSystem update...
2025/08/05 12:21:24 weather update count: 600
2025/08/05 12:21:24 StationSystem update time: 12.567µs
2025/08/05 12:21:24 SatelliteSystem update...
2025/08/05 12:21:24 satellite count: 1500
2025/08/05 12:21:24 SatelliteSystem update time: 8.663247ms
2025/08/05 12:21:24 TopoSystem update...
2025/08/05 12:21:24 TopoSystem: Link count: 900000
2025/08/05 12:21:24 TopoSystem update time: 37.67835ms
2025/08/05 12:21:24 AttenuationSystem update...
2025/08/05 12:21:24 AttenuationSystem parallel flag: 0
2025/08/05 12:21:25 Attenuation computed count: 900000
2025/08/05 12:21:25 AttenuationSystem update time: 529.622553ms
2025/08/05 12:21:25 Run 3 complete
2025/08/05 12:21:25 StationSystem update...
2025/08/05 12:21:25 weather update count: 600
2025/08/05 12:21:25 StationSystem update time: 4.186µs
2025/08/05 12:21:25 SatelliteSystem update...
2025/08/05 12:21:25 satellite count: 1500
2025/08/05 12:21:25 SatelliteSystem update time: 5.695286ms
2025/08/05 12:21:25 TopoSystem update...
2025/08/05 12:21:25 TopoSystem: Link count: 900000
2025/08/05 12:21:25 TopoSystem update time: 44.395282ms
2025/08/05 12:21:25 AttenuationSystem update...
2025/08/05 12:21:25 AttenuationSystem parallel flag: 0
2025/08/05 12:21:26 Attenuation computed count: 900000
2025/08/05 12:21:26 AttenuationSystem update time: 546.983561ms
2025/08/05 12:21:26 Run 4 complete
2025/08/05 12:21:26 StationSystem update...
2025/08/05 12:21:26 weather update count: 600
2025/08/05 12:21:26 StationSystem update time: 4.793µs
2025/08/05 12:21:26 SatelliteSystem update...
2025/08/05 12:21:26 satellite count: 1500
2025/08/05 12:21:26 SatelliteSystem update time: 5.69708ms
2025/08/05 12:21:26 TopoSystem update...
2025/08/05 12:21:26 TopoSystem: Link count: 900000
2025/08/05 12:21:26 TopoSystem update time: 14.600093ms
2025/08/05 12:21:26 AttenuationSystem update...
2025/08/05 12:21:26 AttenuationSystem parallel flag: 0
2025/08/05 12:21:26 Attenuation computed count: 900000
2025/08/05 12:21:26 AttenuationSystem update time: 492.637945ms
2025/08/05 12:21:26 Run 5 complete
2025/08/05 12:21:26 StationSystem update...
2025/08/05 12:21:26 weather update count: 600
2025/08/05 12:21:26 StationSystem update time: 3.547µs
2025/08/05 12:21:26 SatelliteSystem update...
2025/08/05 12:21:26 satellite count: 1500
2025/08/05 12:21:26 SatelliteSystem update time: 4.224903ms
2025/08/05 12:21:26 TopoSystem update...
2025/08/05 12:21:26 TopoSystem: Link count: 900000
2025/08/05 12:21:26 TopoSystem update time: 12.139912ms
2025/08/05 12:21:26 AttenuationSystem update...
2025/08/05 12:21:26 AttenuationSystem parallel flag: 0
2025/08/05 12:21:27 Attenuation computed count: 900000
2025/08/05 12:21:27 AttenuationSystem update time: 514.337126ms
2025/08/05 12:21:27 Run 6 complete
2025/08/05 12:21:27 StationSystem update...
2025/08/05 12:21:27 weather update count: 600
2025/08/05 12:21:27 StationSystem update time: 5.329µs
2025/08/05 12:21:27 SatelliteSystem update...
2025/08/05 12:21:27 satellite count: 1500
2025/08/05 12:21:27 SatelliteSystem update time: 5.693225ms
2025/08/05 12:21:27 TopoSystem update...
2025/08/05 12:21:27 TopoSystem: Link count: 900000
2025/08/05 12:21:27 TopoSystem update time: 14.58794ms
2025/08/05 12:21:27 AttenuationSystem update...
2025/08/05 12:21:27 AttenuationSystem parallel flag: 0
2025/08/05 12:21:27 Attenuation computed count: 900000
2025/08/05 12:21:27 AttenuationSystem update time: 544.544296ms
2025/08/05 12:21:27 Run 7 complete
2025/08/05 12:21:27 StationSystem update...
2025/08/05 12:21:27 weather update count: 600
2025/08/05 12:21:27 StationSystem update time: 12.022µs
2025/08/05 12:21:27 SatelliteSystem update...
2025/08/05 12:21:27 satellite count: 1500
2025/08/05 12:21:27 SatelliteSystem update time: 6.148289ms
2025/08/05 12:21:27 TopoSystem update...
2025/08/05 12:21:27 TopoSystem: Link count: 900000
2025/08/05 12:21:27 TopoSystem update time: 33.082042ms
2025/08/05 12:21:27 AttenuationSystem update...
2025/08/05 12:21:27 AttenuationSystem parallel flag: 0
2025/08/05 12:21:28 Attenuation computed count: 900000
2025/08/05 12:21:28 AttenuationSystem update time: 475.894744ms
2025/08/05 12:21:28 Run 8 complete
2025/08/05 12:21:28 StationSystem update...
2025/08/05 12:21:28 weather update count: 600
2025/08/05 12:21:28 StationSystem update time: 5.325µs
2025/08/05 12:21:28 SatelliteSystem update...
2025/08/05 12:21:28 satellite count: 1500
2025/08/05 12:21:28 SatelliteSystem update time: 5.699027ms
2025/08/05 12:21:28 TopoSystem update...
2025/08/05 12:21:28 TopoSystem: Link count: 900000
2025/08/05 12:21:28 TopoSystem update time: 42.409991ms
2025/08/05 12:21:28 AttenuationSystem update...
2025/08/05 12:21:28 AttenuationSystem parallel flag: 0
2025/08/05 12:21:28 Attenuation computed count: 900000
2025/08/05 12:21:28 AttenuationSystem update time: 533.030982ms
2025/08/05 12:21:28 Run 9 complete
2025/08/05 12:21:28 StationSystem update...
2025/08/05 12:21:28 weather update count: 600
2025/08/05 12:21:28 StationSystem update time: 4.371µs
2025/08/05 12:21:28 SatelliteSystem update...
2025/08/05 12:21:28 satellite count: 1500
2025/08/05 12:21:28 SatelliteSystem update time: 5.700193ms
2025/08/05 12:21:28 TopoSystem update...
2025/08/05 12:21:28 TopoSystem: Link count: 900000
2025/08/05 12:21:28 TopoSystem update time: 14.233694ms
2025/08/05 12:21:28 AttenuationSystem update...
2025/08/05 12:21:28 AttenuationSystem parallel flag: 0
2025/08/05 12:21:29 Attenuation computed count: 900000
2025/08/05 12:21:29 AttenuationSystem update time: 515.272876ms
2025/08/05 12:21:29 Run 10 complete
2025/08/05 12:21:29 Total update time:  5.578647262s
2025/08/05 12:21:29 linkCache size: 40

 Performance counter stats for './scale_ecs 600 1500 10 2 4 0':

        21,330,179      cache-references                                                      
         5,784,977      cache-misses                     #   27.12% of all cache refs         

       5.586860562 seconds time elapsed

      20.097495000 seconds user
       0.181995000 seconds sys


