ECS running with 800 stations, 1200 satellites, 4 numWGs and 8 numBlocks for 10 rounds in 0 parallel pattern
2025/08/05 13:17:05 StationSystem update...
2025/08/05 13:17:05 weather update count: 800
2025/08/05 13:17:05 StationSystem update time: 5.767µs
2025/08/05 13:17:05 SatelliteSystem update...
2025/08/05 13:17:05 satellite count: 1200
2025/08/05 13:17:05 SatelliteSystem update time: 4.600169ms
2025/08/05 13:17:05 TopoSystem update...
2025/08/05 13:17:05 TopoSystem: Link count: 960000
2025/08/05 13:17:05 TopoSystem update time: 36.600184ms
2025/08/05 13:17:05 AttenuationSystem update...
2025/08/05 13:17:05 AttenuationSystem parallel flag: 0
2025/08/05 13:17:05 Attenuation computed count: 960000
2025/08/05 13:17:05 AttenuationSystem update time: 280.806696ms
2025/08/05 13:17:05 Run 1 complete
2025/08/05 13:17:05 StationSystem update...
2025/08/05 13:17:05 weather update count: 800
2025/08/05 13:17:05 StationSystem update time: 8.028µs
2025/08/05 13:17:05 SatelliteSystem update...
2025/08/05 13:17:05 satellite count: 1200
2025/08/05 13:17:05 SatelliteSystem update time: 4.574724ms
2025/08/05 13:17:05 TopoSystem update...
2025/08/05 13:17:06 TopoSystem: Link count: 960000
2025/08/05 13:17:06 TopoSystem update time: 32.325804ms
2025/08/05 13:17:06 AttenuationSystem update...
2025/08/05 13:17:06 AttenuationSystem parallel flag: 0
2025/08/05 13:17:06 Attenuation computed count: 960000
2025/08/05 13:17:06 AttenuationSystem update time: 285.973385ms
2025/08/05 13:17:06 Run 2 complete
2025/08/05 13:17:06 StationSystem update...
2025/08/05 13:17:06 weather update count: 800
2025/08/05 13:17:06 StationSystem update time: 11.455µs
2025/08/05 13:17:06 SatelliteSystem update...
2025/08/05 13:17:06 satellite count: 1200
2025/08/05 13:17:06 SatelliteSystem update time: 4.685029ms
2025/08/05 13:17:06 TopoSystem update...
2025/08/05 13:17:06 TopoSystem: Link count: 960000
2025/08/05 13:17:06 TopoSystem update time: 19.118619ms
2025/08/05 13:17:06 AttenuationSystem update...
2025/08/05 13:17:06 AttenuationSystem parallel flag: 0
2025/08/05 13:17:06 Attenuation computed count: 960000
2025/08/05 13:17:06 AttenuationSystem update time: 292.824952ms
2025/08/05 13:17:06 Run 3 complete
2025/08/05 13:17:06 StationSystem update...
2025/08/05 13:17:06 weather update count: 800
2025/08/05 13:17:06 StationSystem update time: 8.376µs
2025/08/05 13:17:06 SatelliteSystem update...
2025/08/05 13:17:06 satellite count: 1200
2025/08/05 13:17:06 SatelliteSystem update time: 4.687156ms
2025/08/05 13:17:06 TopoSystem update...
2025/08/05 13:17:06 TopoSystem: Link count: 960000
2025/08/05 13:17:06 TopoSystem update time: 18.296875ms
2025/08/05 13:17:06 AttenuationSystem update...
2025/08/05 13:17:06 AttenuationSystem parallel flag: 0
2025/08/05 13:17:06 Attenuation computed count: 960000
2025/08/05 13:17:06 AttenuationSystem update time: 322.215025ms
2025/08/05 13:17:06 Run 4 complete
2025/08/05 13:17:06 StationSystem update...
2025/08/05 13:17:06 weather update count: 800
2025/08/05 13:17:06 StationSystem update time: 17.336µs
2025/08/05 13:17:06 SatelliteSystem update...
2025/08/05 13:17:06 satellite count: 1200
2025/08/05 13:17:06 SatelliteSystem update time: 6.752241ms
2025/08/05 13:17:06 TopoSystem update...
2025/08/05 13:17:07 TopoSystem: Link count: 960000
2025/08/05 13:17:07 TopoSystem update time: 59.73903ms
2025/08/05 13:17:07 AttenuationSystem update...
2025/08/05 13:17:07 AttenuationSystem parallel flag: 0
2025/08/05 13:17:07 Attenuation computed count: 960000
2025/08/05 13:17:07 AttenuationSystem update time: 313.627353ms
2025/08/05 13:17:07 Run 5 complete
2025/08/05 13:17:07 StationSystem update...
2025/08/05 13:17:07 weather update count: 800
2025/08/05 13:17:07 StationSystem update time: 8.953µs
2025/08/05 13:17:07 SatelliteSystem update...
2025/08/05 13:17:07 satellite count: 1200
2025/08/05 13:17:07 SatelliteSystem update time: 4.664324ms
2025/08/05 13:17:07 TopoSystem update...
2025/08/05 13:17:07 TopoSystem: Link count: 960000
2025/08/05 13:17:07 TopoSystem update time: 29.986889ms
2025/08/05 13:17:07 AttenuationSystem update...
2025/08/05 13:17:07 AttenuationSystem parallel flag: 0
2025/08/05 13:17:07 Attenuation computed count: 960000
2025/08/05 13:17:07 AttenuationSystem update time: 291.494834ms
2025/08/05 13:17:07 Run 6 complete
2025/08/05 13:17:07 StationSystem update...
2025/08/05 13:17:07 weather update count: 800
2025/08/05 13:17:07 StationSystem update time: 9.281µs
2025/08/05 13:17:07 SatelliteSystem update...
2025/08/05 13:17:07 satellite count: 1200
2025/08/05 13:17:07 SatelliteSystem update time: 4.635519ms
2025/08/05 13:17:07 TopoSystem update...
2025/08/05 13:17:07 TopoSystem: Link count: 960000
2025/08/05 13:17:07 TopoSystem update time: 20.236075ms
2025/08/05 13:17:07 AttenuationSystem update...
2025/08/05 13:17:07 AttenuationSystem parallel flag: 0
2025/08/05 13:17:08 Attenuation computed count: 960000
2025/08/05 13:17:08 AttenuationSystem update time: 302.485182ms
2025/08/05 13:17:08 Run 7 complete
2025/08/05 13:17:08 StationSystem update...
2025/08/05 13:17:08 weather update count: 800
2025/08/05 13:17:08 StationSystem update time: 10.011µs
2025/08/05 13:17:08 SatelliteSystem update...
2025/08/05 13:17:08 satellite count: 1200
2025/08/05 13:17:08 SatelliteSystem update time: 4.643122ms
2025/08/05 13:17:08 TopoSystem update...
2025/08/05 13:17:08 TopoSystem: Link count: 960000
2025/08/05 13:17:08 TopoSystem update time: 18.198938ms
2025/08/05 13:17:08 AttenuationSystem update...
2025/08/05 13:17:08 AttenuationSystem parallel flag: 0
2025/08/05 13:17:08 Attenuation computed count: 960000
2025/08/05 13:17:08 AttenuationSystem update time: 304.511415ms
2025/08/05 13:17:08 Run 8 complete
2025/08/05 13:17:08 StationSystem update...
2025/08/05 13:17:08 weather update count: 800
2025/08/05 13:17:08 StationSystem update time: 10.972µs
2025/08/05 13:17:08 SatelliteSystem update...
2025/08/05 13:17:08 satellite count: 1200
2025/08/05 13:17:08 SatelliteSystem update time: 4.637987ms
2025/08/05 13:17:08 TopoSystem update...
2025/08/05 13:17:08 TopoSystem: Link count: 960000
2025/08/05 13:17:08 TopoSystem update time: 23.097526ms
2025/08/05 13:17:08 AttenuationSystem update...
2025/08/05 13:17:08 AttenuationSystem parallel flag: 0
2025/08/05 13:17:08 Attenuation computed count: 960000
2025/08/05 13:17:08 AttenuationSystem update time: 329.696697ms
2025/08/05 13:17:08 Run 9 complete
2025/08/05 13:17:08 StationSystem update...
2025/08/05 13:17:08 weather update count: 800
2025/08/05 13:17:08 StationSystem update time: 9.604µs
2025/08/05 13:17:08 SatelliteSystem update...
2025/08/05 13:17:08 satellite count: 1200
2025/08/05 13:17:08 SatelliteSystem update time: 4.648164ms
2025/08/05 13:17:08 TopoSystem update...
2025/08/05 13:17:08 TopoSystem: Link count: 960000
2025/08/05 13:17:08 TopoSystem update time: 21.672349ms
2025/08/05 13:17:08 AttenuationSystem update...
2025/08/05 13:17:08 AttenuationSystem parallel flag: 0
2025/08/05 13:17:09 Attenuation computed count: 960000
2025/08/05 13:17:09 AttenuationSystem update time: 289.304935ms
2025/08/05 13:17:09 Run 10 complete
2025/08/05 13:17:09 Total update time:  3.351129329s
2025/08/05 13:17:09 linkCache size: 40

 Performance counter stats for './scale_ecs 800 1200 10 4 8 0':

        21,730,865      cache-references                                                      
         5,252,024      cache-misses                     #   24.17% of all cache refs         

       3.363767596 seconds time elapsed

      23.023657000 seconds user
       0.140936000 seconds sys


