ECS running with 600 stations, 600 satellites, 8 numWGs and 8 numBlocks for 10 rounds in 1 parallel pattern
2025/08/05 12:09:29 StationSystem update...
2025/08/05 12:09:29 SatelliteSystem update...
2025/08/05 12:09:29 weather update count: 600
2025/08/05 12:09:29 StationSystem update time: 8.312µs
2025/08/05 12:09:29 satellite count: 600
2025/08/05 12:09:29 SatelliteSystem update time: 2.30459ms
2025/08/05 12:09:29 TopoSystem update...
2025/08/05 12:09:29 TopoSystem: Link count: 360000
2025/08/05 12:09:29 TopoSystem update time: 13.071038ms
2025/08/05 12:09:29 AttenuationSystem update...
2025/08/05 12:09:29 AttenuationSystem parallel flag: 1
2025/08/05 12:09:29 Attenuation computed count: 360000
2025/08/05 12:09:29 AttenuationSystem update time: 126.554794ms
2025/08/05 12:09:29 Run 1 complete
2025/08/05 12:09:29 StationSystem update...
2025/08/05 12:09:29 weather update count: 600
2025/08/05 12:09:29 StationSystem update time: 9.373µs
2025/08/05 12:09:29 SatelliteSystem update...
2025/08/05 12:09:29 satellite count: 600
2025/08/05 12:09:29 SatelliteSystem update time: 2.355779ms
2025/08/05 12:09:29 TopoSystem update...
2025/08/05 12:09:29 TopoSystem: Link count: 360000
2025/08/05 12:09:29 TopoSystem update time: 10.578352ms
2025/08/05 12:09:29 AttenuationSystem update...
2025/08/05 12:09:29 AttenuationSystem parallel flag: 1
2025/08/05 12:09:29 Attenuation computed count: 360000
2025/08/05 12:09:29 AttenuationSystem update time: 151.833677ms
2025/08/05 12:09:29 Run 2 complete
2025/08/05 12:09:29 StationSystem update...
2025/08/05 12:09:29 weather update count: 600
2025/08/05 12:09:29 StationSystem update time: 4.774µs
2025/08/05 12:09:29 SatelliteSystem update...
2025/08/05 12:09:29 satellite count: 600
2025/08/05 12:09:29 SatelliteSystem update time: 2.305019ms
2025/08/05 12:09:29 TopoSystem update...
2025/08/05 12:09:29 TopoSystem: Link count: 360000
2025/08/05 12:09:29 TopoSystem update time: 7.271747ms
2025/08/05 12:09:29 AttenuationSystem update...
2025/08/05 12:09:29 AttenuationSystem parallel flag: 1
2025/08/05 12:09:29 Attenuation computed count: 360000
2025/08/05 12:09:29 AttenuationSystem update time: 147.90559ms
2025/08/05 12:09:29 Run 3 complete
2025/08/05 12:09:29 StationSystem update...
2025/08/05 12:09:29 weather update count: 600
2025/08/05 12:09:29 StationSystem update time: 4.301µs
2025/08/05 12:09:29 SatelliteSystem update...
2025/08/05 12:09:29 satellite count: 600
2025/08/05 12:09:29 SatelliteSystem update time: 2.287961ms
2025/08/05 12:09:29 TopoSystem update...
2025/08/05 12:09:29 TopoSystem: Link count: 360000
2025/08/05 12:09:29 TopoSystem update time: 6.266435ms
2025/08/05 12:09:29 AttenuationSystem update...
2025/08/05 12:09:29 AttenuationSystem parallel flag: 1
2025/08/05 12:09:30 Attenuation computed count: 360000
2025/08/05 12:09:30 AttenuationSystem update time: 149.391987ms
2025/08/05 12:09:30 Run 4 complete
2025/08/05 12:09:30 StationSystem update...
2025/08/05 12:09:30 weather update count: 600
2025/08/05 12:09:30 StationSystem update time: 5.052µs
2025/08/05 12:09:30 SatelliteSystem update...
2025/08/05 12:09:30 satellite count: 600
2025/08/05 12:09:30 SatelliteSystem update time: 2.288703ms
2025/08/05 12:09:30 TopoSystem update...
2025/08/05 12:09:30 TopoSystem: Link count: 360000
2025/08/05 12:09:30 TopoSystem update time: 6.217658ms
2025/08/05 12:09:30 AttenuationSystem update...
2025/08/05 12:09:30 AttenuationSystem parallel flag: 1
2025/08/05 12:09:30 Attenuation computed count: 360000
2025/08/05 12:09:30 AttenuationSystem update time: 145.913668ms
2025/08/05 12:09:30 Run 5 complete
2025/08/05 12:09:30 StationSystem update...
2025/08/05 12:09:30 weather update count: 600
2025/08/05 12:09:30 StationSystem update time: 4.432µs
2025/08/05 12:09:30 SatelliteSystem update...
2025/08/05 12:09:30 satellite count: 600
2025/08/05 12:09:30 SatelliteSystem update time: 2.284055ms
2025/08/05 12:09:30 TopoSystem update...
2025/08/05 12:09:30 TopoSystem: Link count: 360000
2025/08/05 12:09:30 TopoSystem update time: 6.051578ms
2025/08/05 12:09:30 AttenuationSystem update...
2025/08/05 12:09:30 AttenuationSystem parallel flag: 1
2025/08/05 12:09:30 Attenuation computed count: 360000
2025/08/05 12:09:30 AttenuationSystem update time: 125.647754ms
2025/08/05 12:09:30 Run 6 complete
2025/08/05 12:09:30 StationSystem update...
2025/08/05 12:09:30 weather update count: 600
2025/08/05 12:09:30 StationSystem update time: 3.652µs
2025/08/05 12:09:30 SatelliteSystem update...
2025/08/05 12:09:30 satellite count: 600
2025/08/05 12:09:30 SatelliteSystem update time: 2.282962ms
2025/08/05 12:09:30 TopoSystem update...
2025/08/05 12:09:30 TopoSystem: Link count: 360000
2025/08/05 12:09:30 TopoSystem update time: 7.083286ms
2025/08/05 12:09:30 AttenuationSystem update...
2025/08/05 12:09:30 AttenuationSystem parallel flag: 1
2025/08/05 12:09:30 Attenuation computed count: 360000
2025/08/05 12:09:30 AttenuationSystem update time: 149.741358ms
2025/08/05 12:09:30 Run 7 complete
2025/08/05 12:09:30 StationSystem update...
2025/08/05 12:09:30 weather update count: 600
2025/08/05 12:09:30 StationSystem update time: 5.993µs
2025/08/05 12:09:30 SatelliteSystem update...
2025/08/05 12:09:30 satellite count: 600
2025/08/05 12:09:30 SatelliteSystem update time: 2.291092ms
2025/08/05 12:09:30 TopoSystem update...
2025/08/05 12:09:30 TopoSystem: Link count: 360000
2025/08/05 12:09:30 TopoSystem update time: 5.957772ms
2025/08/05 12:09:30 AttenuationSystem update...
2025/08/05 12:09:30 AttenuationSystem parallel flag: 1
2025/08/05 12:09:30 Attenuation computed count: 360000
2025/08/05 12:09:30 AttenuationSystem update time: 130.97236ms
2025/08/05 12:09:30 Run 8 complete
2025/08/05 12:09:30 StationSystem update...
2025/08/05 12:09:30 weather update count: 600
2025/08/05 12:09:30 StationSystem update time: 4.045µs
2025/08/05 12:09:30 SatelliteSystem update...
2025/08/05 12:09:30 satellite count: 600
2025/08/05 12:09:30 SatelliteSystem update time: 2.293185ms
2025/08/05 12:09:30 TopoSystem update...
2025/08/05 12:09:30 TopoSystem: Link count: 360000
2025/08/05 12:09:30 TopoSystem update time: 6.133663ms
2025/08/05 12:09:30 AttenuationSystem update...
2025/08/05 12:09:30 AttenuationSystem parallel flag: 1
2025/08/05 12:09:30 Attenuation computed count: 360000
2025/08/05 12:09:30 AttenuationSystem update time: 130.470329ms
2025/08/05 12:09:30 Run 9 complete
2025/08/05 12:09:30 StationSystem update...
2025/08/05 12:09:30 weather update count: 600
2025/08/05 12:09:30 StationSystem update time: 4.471µs
2025/08/05 12:09:30 SatelliteSystem update...
2025/08/05 12:09:30 satellite count: 600
2025/08/05 12:09:30 SatelliteSystem update time: 2.281221ms
2025/08/05 12:09:30 TopoSystem update...
2025/08/05 12:09:30 TopoSystem: Link count: 360000
2025/08/05 12:09:30 TopoSystem update time: 6.399099ms
2025/08/05 12:09:30 AttenuationSystem update...
2025/08/05 12:09:30 AttenuationSystem parallel flag: 1
2025/08/05 12:09:31 Attenuation computed count: 360000
2025/08/05 12:09:31 AttenuationSystem update time: 190.693149ms
2025/08/05 12:09:31 Run 10 complete
2025/08/05 12:09:31 Total update time:  1.55329667s
2025/08/05 12:09:31 linkCache size: 40

 Performance counter stats for './scale_ecs 600 600 10 8 8 1':

         7,968,808      cache-references                                                      
         1,803,953      cache-misses                     #   22.64% of all cache refs         

       1.559377123 seconds time elapsed

       8.989244000 seconds user
       0.046108000 seconds sys


