ECS running with 800 stations, 1800 satellites, 2 numWGs and 4 numBlocks for 10 rounds in 0 parallel pattern
2025/08/05 13:31:45 StationSystem update...
2025/08/05 13:31:45 weather update count: 800
2025/08/05 13:31:45 SatelliteSystem update...
2025/08/05 13:31:45 StationSystem update time: 6.347µs
2025/08/05 13:31:45 satellite count: 1800
2025/08/05 13:31:45 SatelliteSystem update time: 6.843488ms
2025/08/05 13:31:45 TopoSystem update...
2025/08/05 13:31:45 TopoSystem: Link count: 1440000
2025/08/05 13:31:45 TopoSystem update time: 45.449248ms
2025/08/05 13:31:45 AttenuationSystem update...
2025/08/05 13:31:45 AttenuationSystem parallel flag: 0
2025/08/05 13:31:46 Attenuation computed count: 1440000
2025/08/05 13:31:46 AttenuationSystem update time: 833.4047ms
2025/08/05 13:31:46 Run 1 complete
2025/08/05 13:31:46 StationSystem update...
2025/08/05 13:31:46 weather update count: 800
2025/08/05 13:31:46 StationSystem update time: 6.593µs
2025/08/05 13:31:46 SatelliteSystem update...
2025/08/05 13:31:46 satellite count: 1800
2025/08/05 13:31:46 SatelliteSystem update time: 6.856045ms
2025/08/05 13:31:46 TopoSystem update...
2025/08/05 13:31:46 TopoSystem: Link count: 1440000
2025/08/05 13:31:46 TopoSystem update time: 50.173759ms
2025/08/05 13:31:46 AttenuationSystem update...
2025/08/05 13:31:46 AttenuationSystem parallel flag: 0
2025/08/05 13:31:47 Attenuation computed count: 1440000
2025/08/05 13:31:47 AttenuationSystem update time: 859.927862ms
2025/08/05 13:31:47 Run 2 complete
2025/08/05 13:31:47 StationSystem update...
2025/08/05 13:31:47 weather update count: 800
2025/08/05 13:31:47 StationSystem update time: 29.577µs
2025/08/05 13:31:47 SatelliteSystem update...
2025/08/05 13:31:47 satellite count: 1800
2025/08/05 13:31:47 SatelliteSystem update time: 7.401677ms
2025/08/05 13:31:47 TopoSystem update...
2025/08/05 13:31:47 TopoSystem: Link count: 1440000
2025/08/05 13:31:47 TopoSystem update time: 76.026233ms
2025/08/05 13:31:47 AttenuationSystem update...
2025/08/05 13:31:47 AttenuationSystem parallel flag: 0
2025/08/05 13:31:48 Attenuation computed count: 1440000
2025/08/05 13:31:48 AttenuationSystem update time: 829.573979ms
2025/08/05 13:31:48 Run 3 complete
2025/08/05 13:31:48 StationSystem update...
2025/08/05 13:31:48 weather update count: 800
2025/08/05 13:31:48 StationSystem update time: 7.012µs
2025/08/05 13:31:48 SatelliteSystem update...
2025/08/05 13:31:48 satellite count: 1800
2025/08/05 13:31:48 SatelliteSystem update time: 6.807ms
2025/08/05 13:31:48 TopoSystem update...
2025/08/05 13:31:48 TopoSystem: Link count: 1440000
2025/08/05 13:31:48 TopoSystem update time: 41.174429ms
2025/08/05 13:31:48 AttenuationSystem update...
2025/08/05 13:31:48 AttenuationSystem parallel flag: 0
2025/08/05 13:31:49 Attenuation computed count: 1440000
2025/08/05 13:31:49 AttenuationSystem update time: 874.311508ms
2025/08/05 13:31:49 Run 4 complete
2025/08/05 13:31:49 StationSystem update...
2025/08/05 13:31:49 weather update count: 800
2025/08/05 13:31:49 StationSystem update time: 8.562µs
2025/08/05 13:31:49 SatelliteSystem update...
2025/08/05 13:31:49 satellite count: 1800
2025/08/05 13:31:49 SatelliteSystem update time: 6.832156ms
2025/08/05 13:31:49 TopoSystem update...
2025/08/05 13:31:49 TopoSystem: Link count: 1440000
2025/08/05 13:31:49 TopoSystem update time: 38.710258ms
2025/08/05 13:31:49 AttenuationSystem update...
2025/08/05 13:31:49 AttenuationSystem parallel flag: 0
2025/08/05 13:31:50 Attenuation computed count: 1440000
2025/08/05 13:31:50 AttenuationSystem update time: 841.405437ms
2025/08/05 13:31:50 Run 5 complete
2025/08/05 13:31:50 StationSystem update...
2025/08/05 13:31:50 weather update count: 800
2025/08/05 13:31:50 StationSystem update time: 7.043µs
2025/08/05 13:31:50 SatelliteSystem update...
2025/08/05 13:31:50 satellite count: 1800
2025/08/05 13:31:50 SatelliteSystem update time: 7.398525ms
2025/08/05 13:31:50 TopoSystem update...
2025/08/05 13:31:50 TopoSystem: Link count: 1440000
2025/08/05 13:31:50 TopoSystem update time: 52.281848ms
2025/08/05 13:31:50 AttenuationSystem update...
2025/08/05 13:31:50 AttenuationSystem parallel flag: 0
2025/08/05 13:31:50 Attenuation computed count: 1440000
2025/08/05 13:31:50 AttenuationSystem update time: 829.327429ms
2025/08/05 13:31:50 Run 6 complete
2025/08/05 13:31:50 StationSystem update...
2025/08/05 13:31:50 weather update count: 800
2025/08/05 13:31:50 StationSystem update time: 5.196µs
2025/08/05 13:31:50 SatelliteSystem update...
2025/08/05 13:31:50 satellite count: 1800
2025/08/05 13:31:50 SatelliteSystem update time: 6.982904ms
2025/08/05 13:31:50 TopoSystem update...
2025/08/05 13:31:50 TopoSystem: Link count: 1440000
2025/08/05 13:31:50 TopoSystem update time: 34.212877ms
2025/08/05 13:31:50 AttenuationSystem update...
2025/08/05 13:31:50 AttenuationSystem parallel flag: 0
2025/08/05 13:31:51 Attenuation computed count: 1440000
2025/08/05 13:31:51 AttenuationSystem update time: 878.566171ms
2025/08/05 13:31:51 Run 7 complete
2025/08/05 13:31:51 StationSystem update...
2025/08/05 13:31:51 weather update count: 800
2025/08/05 13:31:51 StationSystem update time: 5.318µs
2025/08/05 13:31:51 SatelliteSystem update...
2025/08/05 13:31:51 satellite count: 1800
2025/08/05 13:31:51 SatelliteSystem update time: 6.808494ms
2025/08/05 13:31:51 TopoSystem update...
2025/08/05 13:31:51 TopoSystem: Link count: 1440000
2025/08/05 13:31:51 TopoSystem update time: 22.301188ms
2025/08/05 13:31:51 AttenuationSystem update...
2025/08/05 13:31:51 AttenuationSystem parallel flag: 0
2025/08/05 13:31:52 Attenuation computed count: 1440000
2025/08/05 13:31:52 AttenuationSystem update time: 830.482768ms
2025/08/05 13:31:52 Run 8 complete
2025/08/05 13:31:52 StationSystem update...
2025/08/05 13:31:52 weather update count: 800
2025/08/05 13:31:52 StationSystem update time: 5.512µs
2025/08/05 13:31:52 SatelliteSystem update...
2025/08/05 13:31:52 satellite count: 1800
2025/08/05 13:31:52 SatelliteSystem update time: 6.79483ms
2025/08/05 13:31:52 TopoSystem update...
2025/08/05 13:31:52 TopoSystem: Link count: 1440000
2025/08/05 13:31:52 TopoSystem update time: 19.953783ms
2025/08/05 13:31:52 AttenuationSystem update...
2025/08/05 13:31:52 AttenuationSystem parallel flag: 0
2025/08/05 13:31:53 Attenuation computed count: 1440000
2025/08/05 13:31:53 AttenuationSystem update time: 832.015219ms
2025/08/05 13:31:53 Run 9 complete
2025/08/05 13:31:53 StationSystem update...
2025/08/05 13:31:53 weather update count: 800
2025/08/05 13:31:53 StationSystem update time: 3.439µs
2025/08/05 13:31:53 SatelliteSystem update...
2025/08/05 13:31:53 satellite count: 1800
2025/08/05 13:31:53 SatelliteSystem update time: 6.807427ms
2025/08/05 13:31:53 TopoSystem update...
2025/08/05 13:31:53 TopoSystem: Link count: 1440000
2025/08/05 13:31:53 TopoSystem update time: 22.072814ms
2025/08/05 13:31:53 AttenuationSystem update...
2025/08/05 13:31:53 AttenuationSystem parallel flag: 0
2025/08/05 13:31:54 Attenuation computed count: 1440000
2025/08/05 13:31:54 AttenuationSystem update time: 885.570195ms
2025/08/05 13:31:54 Run 10 complete
2025/08/05 13:31:54 Total update time:  8.979042211s
2025/08/05 13:31:54 linkCache size: 40

 Performance counter stats for './scale_ecs 800 1800 10 2 4 0':

        33,029,533      cache-references                                                      
         9,536,003      cache-misses                     #   28.87% of all cache refs         

       8.993282089 seconds time elapsed

      33.538268000 seconds user
       0.255040000 seconds sys


