ECS running with 500 stations, 500 satellites, 2 numWGs and 2 numBlocks for 10 rounds in 0 parallel pattern
2025/08/05 11:45:28 StationSystem update...
2025/08/05 11:45:28 weather update count: 500
2025/08/05 11:45:28 StationSystem update time: 4.449µs
2025/08/05 11:45:28 SatelliteSystem update...
2025/08/05 11:45:28 satellite count: 500
2025/08/05 11:45:28 SatelliteSystem update time: 1.916939ms
2025/08/05 11:45:28 TopoSystem update...
2025/08/05 11:45:28 TopoSystem: Link count: 250000
2025/08/05 11:45:28 TopoSystem update time: 10.579081ms
2025/08/05 11:45:28 AttenuationSystem update...
2025/08/05 11:45:28 AttenuationSystem parallel flag: 0
2025/08/05 11:45:28 Attenuation computed count: 250000
2025/08/05 11:45:28 AttenuationSystem update time: 287.234977ms
2025/08/05 11:45:28 Run 1 complete
2025/08/05 11:45:28 StationSystem update...
2025/08/05 11:45:28 weather update count: 500
2025/08/05 11:45:28 StationSystem update time: 2.806µs
2025/08/05 11:45:28 SatelliteSystem update...
2025/08/05 11:45:28 satellite count: 500
2025/08/05 11:45:28 SatelliteSystem update time: 1.912372ms
2025/08/05 11:45:28 TopoSystem update...
2025/08/05 11:45:28 TopoSystem: Link count: 250000
2025/08/05 11:45:28 TopoSystem update time: 9.892277ms
2025/08/05 11:45:28 AttenuationSystem update...
2025/08/05 11:45:28 AttenuationSystem parallel flag: 0
2025/08/05 11:45:28 Attenuation computed count: 250000
2025/08/05 11:45:28 AttenuationSystem update time: 301.119654ms
2025/08/05 11:45:28 Run 2 complete
2025/08/05 11:45:28 StationSystem update...
2025/08/05 11:45:28 weather update count: 500
2025/08/05 11:45:28 StationSystem update time: 2.465µs
2025/08/05 11:45:28 SatelliteSystem update...
2025/08/05 11:45:28 satellite count: 500
2025/08/05 11:45:28 SatelliteSystem update time: 1.922753ms
2025/08/05 11:45:28 TopoSystem update...
2025/08/05 11:45:28 TopoSystem: Link count: 250000
2025/08/05 11:45:28 TopoSystem update time: 4.709862ms
2025/08/05 11:45:28 AttenuationSystem update...
2025/08/05 11:45:28 AttenuationSystem parallel flag: 0
2025/08/05 11:45:29 Attenuation computed count: 250000
2025/08/05 11:45:29 AttenuationSystem update time: 293.793128ms
2025/08/05 11:45:29 Run 3 complete
2025/08/05 11:45:29 StationSystem update...
2025/08/05 11:45:29 weather update count: 500
2025/08/05 11:45:29 StationSystem update time: 3.561µs
2025/08/05 11:45:29 SatelliteSystem update...
2025/08/05 11:45:29 satellite count: 500
2025/08/05 11:45:29 SatelliteSystem update time: 1.912772ms
2025/08/05 11:45:29 TopoSystem update...
2025/08/05 11:45:29 TopoSystem: Link count: 250000
2025/08/05 11:45:29 TopoSystem update time: 5.542165ms
2025/08/05 11:45:29 AttenuationSystem update...
2025/08/05 11:45:29 AttenuationSystem parallel flag: 0
2025/08/05 11:45:29 Attenuation computed count: 250000
2025/08/05 11:45:29 AttenuationSystem update time: 313.732958ms
2025/08/05 11:45:29 Run 4 complete
2025/08/05 11:45:29 StationSystem update...
2025/08/05 11:45:29 weather update count: 500
2025/08/05 11:45:29 StationSystem update time: 3.997µs
2025/08/05 11:45:29 SatelliteSystem update...
2025/08/05 11:45:29 satellite count: 500
2025/08/05 11:45:29 SatelliteSystem update time: 1.923392ms
2025/08/05 11:45:29 TopoSystem update...
2025/08/05 11:45:29 TopoSystem: Link count: 250000
2025/08/05 11:45:29 TopoSystem update time: 5.633362ms
2025/08/05 11:45:29 AttenuationSystem update...
2025/08/05 11:45:29 AttenuationSystem parallel flag: 0
2025/08/05 11:45:29 Attenuation computed count: 250000
2025/08/05 11:45:29 AttenuationSystem update time: 321.870039ms
2025/08/05 11:45:29 Run 5 complete
2025/08/05 11:45:29 StationSystem update...
2025/08/05 11:45:29 weather update count: 500
2025/08/05 11:45:29 StationSystem update time: 4.256µs
2025/08/05 11:45:29 SatelliteSystem update...
2025/08/05 11:45:29 satellite count: 500
2025/08/05 11:45:29 SatelliteSystem update time: 1.927821ms
2025/08/05 11:45:29 TopoSystem update...
2025/08/05 11:45:29 TopoSystem: Link count: 250000
2025/08/05 11:45:29 TopoSystem update time: 5.033908ms
2025/08/05 11:45:29 AttenuationSystem update...
2025/08/05 11:45:29 AttenuationSystem parallel flag: 0
2025/08/05 11:45:30 Attenuation computed count: 250000
2025/08/05 11:45:30 AttenuationSystem update time: 292.395207ms
2025/08/05 11:45:30 Run 6 complete
2025/08/05 11:45:30 StationSystem update...
2025/08/05 11:45:30 weather update count: 500
2025/08/05 11:45:30 StationSystem update time: 2.468µs
2025/08/05 11:45:30 SatelliteSystem update...
2025/08/05 11:45:30 satellite count: 500
2025/08/05 11:45:30 SatelliteSystem update time: 1.92331ms
2025/08/05 11:45:30 TopoSystem update...
2025/08/05 11:45:30 TopoSystem: Link count: 250000
2025/08/05 11:45:30 TopoSystem update time: 10.699323ms
2025/08/05 11:45:30 AttenuationSystem update...
2025/08/05 11:45:30 AttenuationSystem parallel flag: 0
2025/08/05 11:45:30 Attenuation computed count: 250000
2025/08/05 11:45:30 AttenuationSystem update time: 313.83624ms
2025/08/05 11:45:30 Run 7 complete
2025/08/05 11:45:30 StationSystem update...
2025/08/05 11:45:30 weather update count: 500
2025/08/05 11:45:30 StationSystem update time: 4.615µs
2025/08/05 11:45:30 SatelliteSystem update...
2025/08/05 11:45:30 satellite count: 500
2025/08/05 11:45:30 SatelliteSystem update time: 1.918719ms
2025/08/05 11:45:30 TopoSystem update...
2025/08/05 11:45:30 TopoSystem: Link count: 250000
2025/08/05 11:45:30 TopoSystem update time: 8.904971ms
2025/08/05 11:45:30 AttenuationSystem update...
2025/08/05 11:45:30 AttenuationSystem parallel flag: 0
2025/08/05 11:45:30 Attenuation computed count: 250000
2025/08/05 11:45:30 AttenuationSystem update time: 313.005076ms
2025/08/05 11:45:30 Run 8 complete
2025/08/05 11:45:30 StationSystem update...
2025/08/05 11:45:30 weather update count: 500
2025/08/05 11:45:30 StationSystem update time: 2.413µs
2025/08/05 11:45:30 SatelliteSystem update...
2025/08/05 11:45:30 satellite count: 500
2025/08/05 11:45:30 SatelliteSystem update time: 1.925547ms
2025/08/05 11:45:30 TopoSystem update...
2025/08/05 11:45:30 TopoSystem: Link count: 250000
2025/08/05 11:45:30 TopoSystem update time: 5.889168ms
2025/08/05 11:45:30 AttenuationSystem update...
2025/08/05 11:45:30 AttenuationSystem parallel flag: 0
2025/08/05 11:45:30 Attenuation computed count: 250000
2025/08/05 11:45:30 AttenuationSystem update time: 309.329095ms
2025/08/05 11:45:30 Run 9 complete
2025/08/05 11:45:30 StationSystem update...
2025/08/05 11:45:30 weather update count: 500
2025/08/05 11:45:30 StationSystem update time: 3.506µs
2025/08/05 11:45:30 SatelliteSystem update...
2025/08/05 11:45:30 satellite count: 500
2025/08/05 11:45:30 SatelliteSystem update time: 1.911852ms
2025/08/05 11:45:30 TopoSystem update...
2025/08/05 11:45:30 TopoSystem: Link count: 250000
2025/08/05 11:45:30 TopoSystem update time: 9.083713ms
2025/08/05 11:45:30 AttenuationSystem update...
2025/08/05 11:45:30 AttenuationSystem parallel flag: 0
2025/08/05 11:45:31 Attenuation computed count: 250000
2025/08/05 11:45:31 AttenuationSystem update time: 314.237132ms
2025/08/05 11:45:31 Run 10 complete
2025/08/05 11:45:31 Total update time:  3.158327475s
2025/08/05 11:45:31 linkCache size: 40

 Performance counter stats for './scale_ecs 500 500 10 2 2 0':

         6,309,667      cache-references                                                      
         1,397,744      cache-misses                     #   22.15% of all cache refs         

       3.162920013 seconds time elapsed

       6.168426000 seconds user
       0.027080000 seconds sys


