ECS running with 900 stations, 500 satellites, 8 numWGs and 8 numBlocks for 10 rounds in 0 parallel pattern
2025/08/05 13:41:48 StationSystem update...
2025/08/05 13:41:48 weather update count: 900
2025/08/05 13:41:48 StationSystem update time: 5.375µs
2025/08/05 13:41:48 SatelliteSystem update...
2025/08/05 13:41:48 satellite count: 500
2025/08/05 13:41:48 SatelliteSystem update time: 1.934942ms
2025/08/05 13:41:48 TopoSystem update...
2025/08/05 13:41:48 TopoSystem: Link count: 450000
2025/08/05 13:41:48 TopoSystem update time: 21.01626ms
2025/08/05 13:41:48 AttenuationSystem update...
2025/08/05 13:41:48 AttenuationSystem parallel flag: 0
2025/08/05 13:41:48 Attenuation computed count: 450000
2025/08/05 13:41:48 AttenuationSystem update time: 130.717536ms
2025/08/05 13:41:48 Run 1 complete
2025/08/05 13:41:48 StationSystem update...
2025/08/05 13:41:48 weather update count: 900
2025/08/05 13:41:48 StationSystem update time: 10.434µs
2025/08/05 13:41:48 SatelliteSystem update...
2025/08/05 13:41:48 satellite count: 500
2025/08/05 13:41:48 SatelliteSystem update time: 1.954092ms
2025/08/05 13:41:48 TopoSystem update...
2025/08/05 13:41:48 TopoSystem: Link count: 450000
2025/08/05 13:41:48 TopoSystem update time: 10.77994ms
2025/08/05 13:41:48 AttenuationSystem update...
2025/08/05 13:41:48 AttenuationSystem parallel flag: 0
2025/08/05 13:41:48 Attenuation computed count: 450000
2025/08/05 13:41:48 AttenuationSystem update time: 139.242423ms
2025/08/05 13:41:48 Run 2 complete
2025/08/05 13:41:48 StationSystem update...
2025/08/05 13:41:48 weather update count: 900
2025/08/05 13:41:48 StationSystem update time: 8.635µs
2025/08/05 13:41:48 SatelliteSystem update...
2025/08/05 13:41:48 satellite count: 500
2025/08/05 13:41:48 SatelliteSystem update time: 1.946963ms
2025/08/05 13:41:48 TopoSystem update...
2025/08/05 13:41:48 TopoSystem: Link count: 450000
2025/08/05 13:41:48 TopoSystem update time: 10.160031ms
2025/08/05 13:41:48 AttenuationSystem update...
2025/08/05 13:41:48 AttenuationSystem parallel flag: 0
2025/08/05 13:41:48 Attenuation computed count: 450000
2025/08/05 13:41:48 AttenuationSystem update time: 148.151825ms
2025/08/05 13:41:48 Run 3 complete
2025/08/05 13:41:48 StationSystem update...
2025/08/05 13:41:48 weather update count: 900
2025/08/05 13:41:48 StationSystem update time: 11.597µs
2025/08/05 13:41:48 SatelliteSystem update...
2025/08/05 13:41:48 satellite count: 500
2025/08/05 13:41:48 SatelliteSystem update time: 1.981573ms
2025/08/05 13:41:48 TopoSystem update...
2025/08/05 13:41:48 TopoSystem: Link count: 450000
2025/08/05 13:41:48 TopoSystem update time: 12.105578ms
2025/08/05 13:41:48 AttenuationSystem update...
2025/08/05 13:41:48 AttenuationSystem parallel flag: 0
2025/08/05 13:41:48 Attenuation computed count: 450000
2025/08/05 13:41:48 AttenuationSystem update time: 162.36426ms
2025/08/05 13:41:48 Run 4 complete
2025/08/05 13:41:48 StationSystem update...
2025/08/05 13:41:48 weather update count: 900
2025/08/05 13:41:48 StationSystem update time: 10.978µs
2025/08/05 13:41:48 SatelliteSystem update...
2025/08/05 13:41:48 satellite count: 500
2025/08/05 13:41:48 SatelliteSystem update time: 1.964837ms
2025/08/05 13:41:48 TopoSystem update...
2025/08/05 13:41:48 TopoSystem: Link count: 450000
2025/08/05 13:41:48 TopoSystem update time: 13.053632ms
2025/08/05 13:41:48 AttenuationSystem update...
2025/08/05 13:41:48 AttenuationSystem parallel flag: 0
2025/08/05 13:41:48 Attenuation computed count: 450000
2025/08/05 13:41:48 AttenuationSystem update time: 159.897235ms
2025/08/05 13:41:48 Run 5 complete
2025/08/05 13:41:48 StationSystem update...
2025/08/05 13:41:48 weather update count: 900
2025/08/05 13:41:48 StationSystem update time: 10.317µs
2025/08/05 13:41:48 SatelliteSystem update...
2025/08/05 13:41:48 satellite count: 500
2025/08/05 13:41:48 SatelliteSystem update time: 2.006228ms
2025/08/05 13:41:48 TopoSystem update...
2025/08/05 13:41:48 TopoSystem: Link count: 450000
2025/08/05 13:41:48 TopoSystem update time: 11.172343ms
2025/08/05 13:41:48 AttenuationSystem update...
2025/08/05 13:41:48 AttenuationSystem parallel flag: 0
2025/08/05 13:41:49 Attenuation computed count: 450000
2025/08/05 13:41:49 AttenuationSystem update time: 152.88809ms
2025/08/05 13:41:49 Run 6 complete
2025/08/05 13:41:49 StationSystem update...
2025/08/05 13:41:49 weather update count: 900
2025/08/05 13:41:49 StationSystem update time: 9.623µs
2025/08/05 13:41:49 SatelliteSystem update...
2025/08/05 13:41:49 satellite count: 500
2025/08/05 13:41:49 SatelliteSystem update time: 1.924925ms
2025/08/05 13:41:49 TopoSystem update...
2025/08/05 13:41:49 TopoSystem: Link count: 450000
2025/08/05 13:41:49 TopoSystem update time: 10.528448ms
2025/08/05 13:41:49 AttenuationSystem update...
2025/08/05 13:41:49 AttenuationSystem parallel flag: 0
2025/08/05 13:41:49 Attenuation computed count: 450000
2025/08/05 13:41:49 AttenuationSystem update time: 163.060821ms
2025/08/05 13:41:49 Run 7 complete
2025/08/05 13:41:49 StationSystem update...
2025/08/05 13:41:49 weather update count: 900
2025/08/05 13:41:49 StationSystem update time: 11.592µs
2025/08/05 13:41:49 SatelliteSystem update...
2025/08/05 13:41:49 satellite count: 500
2025/08/05 13:41:49 SatelliteSystem update time: 1.948718ms
2025/08/05 13:41:49 TopoSystem update...
2025/08/05 13:41:49 TopoSystem: Link count: 450000
2025/08/05 13:41:49 TopoSystem update time: 18.338742ms
2025/08/05 13:41:49 AttenuationSystem update...
2025/08/05 13:41:49 AttenuationSystem parallel flag: 0
2025/08/05 13:41:49 Attenuation computed count: 450000
2025/08/05 13:41:49 AttenuationSystem update time: 162.346422ms
2025/08/05 13:41:49 Run 8 complete
2025/08/05 13:41:49 StationSystem update...
2025/08/05 13:41:49 weather update count: 900
2025/08/05 13:41:49 StationSystem update time: 11.482µs
2025/08/05 13:41:49 SatelliteSystem update...
2025/08/05 13:41:49 satellite count: 500
2025/08/05 13:41:49 SatelliteSystem update time: 1.93697ms
2025/08/05 13:41:49 TopoSystem update...
2025/08/05 13:41:49 TopoSystem: Link count: 450000
2025/08/05 13:41:49 TopoSystem update time: 10.701683ms
2025/08/05 13:41:49 AttenuationSystem update...
2025/08/05 13:41:49 AttenuationSystem parallel flag: 0
2025/08/05 13:41:49 Attenuation computed count: 450000
2025/08/05 13:41:49 AttenuationSystem update time: 184.064ms
2025/08/05 13:41:49 Run 9 complete
2025/08/05 13:41:49 StationSystem update...
2025/08/05 13:41:49 weather update count: 900
2025/08/05 13:41:49 StationSystem update time: 9.656µs
2025/08/05 13:41:49 SatelliteSystem update...
2025/08/05 13:41:49 satellite count: 500
2025/08/05 13:41:49 SatelliteSystem update time: 1.933355ms
2025/08/05 13:41:49 TopoSystem update...
2025/08/05 13:41:49 TopoSystem: Link count: 450000
2025/08/05 13:41:49 TopoSystem update time: 18.815252ms
2025/08/05 13:41:49 AttenuationSystem update...
2025/08/05 13:41:49 AttenuationSystem parallel flag: 0
2025/08/05 13:41:49 Attenuation computed count: 450000
2025/08/05 13:41:49 AttenuationSystem update time: 170.659256ms
2025/08/05 13:41:49 Run 10 complete
2025/08/05 13:41:49 Total update time:  1.733267202s
2025/08/05 13:41:49 linkCache size: 40

 Performance counter stats for './scale_ecs 900 500 10 8 8 0':

        10,802,867      cache-references                                                      
         2,313,388      cache-misses                     #   21.41% of all cache refs         

       1.741846339 seconds time elapsed

      11.335790000 seconds user
       0.058024000 seconds sys


