ECS running with 800 stations, 2000 satellites, 4 numWGs and 2 numBlocks for 10 rounds in 1 parallel pattern
2025/08/05 13:38:49 StationSystem update...
2025/08/05 13:38:49 weather update count: 800
2025/08/05 13:38:49 SatelliteSystem update...
2025/08/05 13:38:49 StationSystem update time: 4.744µs
2025/08/05 13:38:49 satellite count: 2000
2025/08/05 13:38:49 SatelliteSystem update time: 7.564575ms
2025/08/05 13:38:49 TopoSystem update...
2025/08/05 13:38:49 TopoSystem: Link count: 1600000
2025/08/05 13:38:49 TopoSystem update time: 49.0639ms
2025/08/05 13:38:49 AttenuationSystem update...
2025/08/05 13:38:49 AttenuationSystem parallel flag: 1
2025/08/05 13:38:49 Attenuation computed count: 1600000
2025/08/05 13:38:49 AttenuationSystem update time: 915.752638ms
2025/08/05 13:38:49 Run 1 complete
2025/08/05 13:38:49 StationSystem update...
2025/08/05 13:38:49 weather update count: 800
2025/08/05 13:38:49 StationSystem update time: 7.116µs
2025/08/05 13:38:49 SatelliteSystem update...
2025/08/05 13:38:49 satellite count: 2000
2025/08/05 13:38:49 SatelliteSystem update time: 7.569116ms
2025/08/05 13:38:49 TopoSystem update...
2025/08/05 13:38:50 TopoSystem: Link count: 1600000
2025/08/05 13:38:50 TopoSystem update time: 37.623613ms
2025/08/05 13:38:50 AttenuationSystem update...
2025/08/05 13:38:50 AttenuationSystem parallel flag: 1
2025/08/05 13:38:50 Attenuation computed count: 1600000
2025/08/05 13:38:50 AttenuationSystem update time: 949.954356ms
2025/08/05 13:38:50 Run 2 complete
2025/08/05 13:38:50 StationSystem update...
2025/08/05 13:38:50 weather update count: 800
2025/08/05 13:38:50 StationSystem update time: 19.387µs
2025/08/05 13:38:50 SatelliteSystem update...
2025/08/05 13:38:50 satellite count: 2000
2025/08/05 13:38:50 SatelliteSystem update time: 8.195599ms
2025/08/05 13:38:50 TopoSystem update...
2025/08/05 13:38:51 TopoSystem: Link count: 1600000
2025/08/05 13:38:51 TopoSystem update time: 38.556005ms
2025/08/05 13:38:51 AttenuationSystem update...
2025/08/05 13:38:51 AttenuationSystem parallel flag: 1
2025/08/05 13:38:51 Attenuation computed count: 1600000
2025/08/05 13:38:51 AttenuationSystem update time: 924.79549ms
2025/08/05 13:38:51 Run 3 complete
2025/08/05 13:38:51 StationSystem update...
2025/08/05 13:38:51 weather update count: 800
2025/08/05 13:38:51 StationSystem update time: 5.78µs
2025/08/05 13:38:51 SatelliteSystem update...
2025/08/05 13:38:51 satellite count: 2000
2025/08/05 13:38:51 SatelliteSystem update time: 7.559925ms
2025/08/05 13:38:51 TopoSystem update...
2025/08/05 13:38:52 TopoSystem: Link count: 1600000
2025/08/05 13:38:52 TopoSystem update time: 52.121989ms
2025/08/05 13:38:52 AttenuationSystem update...
2025/08/05 13:38:52 AttenuationSystem parallel flag: 1
2025/08/05 13:38:52 Attenuation computed count: 1600000
2025/08/05 13:38:52 AttenuationSystem update time: 936.08957ms
2025/08/05 13:38:52 Run 4 complete
2025/08/05 13:38:52 StationSystem update...
2025/08/05 13:38:52 weather update count: 800
2025/08/05 13:38:52 StationSystem update time: 6.698µs
2025/08/05 13:38:52 SatelliteSystem update...
2025/08/05 13:38:52 satellite count: 2000
2025/08/05 13:38:52 SatelliteSystem update time: 5.649126ms
2025/08/05 13:38:52 TopoSystem update...
2025/08/05 13:38:52 TopoSystem: Link count: 1600000
2025/08/05 13:38:52 TopoSystem update time: 26.29722ms
2025/08/05 13:38:52 AttenuationSystem update...
2025/08/05 13:38:52 AttenuationSystem parallel flag: 1
2025/08/05 13:38:53 Attenuation computed count: 1600000
2025/08/05 13:38:53 AttenuationSystem update time: 962.790048ms
2025/08/05 13:38:53 Run 5 complete
2025/08/05 13:38:53 StationSystem update...
2025/08/05 13:38:53 weather update count: 800
2025/08/05 13:38:53 StationSystem update time: 10.824µs
2025/08/05 13:38:53 SatelliteSystem update...
2025/08/05 13:38:53 satellite count: 2000
2025/08/05 13:38:53 SatelliteSystem update time: 8.188822ms
2025/08/05 13:38:53 TopoSystem update...
2025/08/05 13:38:54 TopoSystem: Link count: 1600000
2025/08/05 13:38:54 TopoSystem update time: 47.757012ms
2025/08/05 13:38:54 AttenuationSystem update...
2025/08/05 13:38:54 AttenuationSystem parallel flag: 1
2025/08/05 13:38:54 Attenuation computed count: 1600000
2025/08/05 13:38:54 AttenuationSystem update time: 955.837441ms
2025/08/05 13:38:54 Run 6 complete
2025/08/05 13:38:54 StationSystem update...
2025/08/05 13:38:54 weather update count: 800
2025/08/05 13:38:54 StationSystem update time: 6.154µs
2025/08/05 13:38:54 SatelliteSystem update...
2025/08/05 13:38:54 satellite count: 2000
2025/08/05 13:38:54 SatelliteSystem update time: 7.566876ms
2025/08/05 13:38:54 TopoSystem update...
2025/08/05 13:38:54 TopoSystem: Link count: 1600000
2025/08/05 13:38:54 TopoSystem update time: 23.707847ms
2025/08/05 13:38:54 AttenuationSystem update...
2025/08/05 13:38:54 AttenuationSystem parallel flag: 1
2025/08/05 13:38:55 Attenuation computed count: 1600000
2025/08/05 13:38:55 AttenuationSystem update time: 946.409424ms
2025/08/05 13:38:55 Run 7 complete
2025/08/05 13:38:55 StationSystem update...
2025/08/05 13:38:55 SatelliteSystem update...
2025/08/05 13:38:55 weather update count: 800
2025/08/05 13:38:55 StationSystem update time: 16.836µs
2025/08/05 13:38:55 satellite count: 2000
2025/08/05 13:38:55 SatelliteSystem update time: 6.12246ms
2025/08/05 13:38:55 TopoSystem update...
2025/08/05 13:38:55 TopoSystem: Link count: 1600000
2025/08/05 13:38:55 TopoSystem update time: 44.976024ms
2025/08/05 13:38:55 AttenuationSystem update...
2025/08/05 13:38:55 AttenuationSystem parallel flag: 1
2025/08/05 13:38:56 Attenuation computed count: 1600000
2025/08/05 13:38:56 AttenuationSystem update time: 925.407675ms
2025/08/05 13:38:56 Run 8 complete
2025/08/05 13:38:56 StationSystem update...
2025/08/05 13:38:56 weather update count: 800
2025/08/05 13:38:56 StationSystem update time: 7.101µs
2025/08/05 13:38:56 SatelliteSystem update...
2025/08/05 13:38:56 satellite count: 2000
2025/08/05 13:38:56 SatelliteSystem update time: 7.616673ms
2025/08/05 13:38:56 TopoSystem update...
2025/08/05 13:38:56 TopoSystem: Link count: 1600000
2025/08/05 13:38:56 TopoSystem update time: 39.441969ms
2025/08/05 13:38:56 AttenuationSystem update...
2025/08/05 13:38:56 AttenuationSystem parallel flag: 1
2025/08/05 13:38:57 Attenuation computed count: 1600000
2025/08/05 13:38:57 AttenuationSystem update time: 872.881516ms
2025/08/05 13:38:57 Run 9 complete
2025/08/05 13:38:57 StationSystem update...
2025/08/05 13:38:57 weather update count: 800
2025/08/05 13:38:57 StationSystem update time: 5.005µs
2025/08/05 13:38:57 SatelliteSystem update...
2025/08/05 13:38:57 satellite count: 2000
2025/08/05 13:38:57 SatelliteSystem update time: 5.647502ms
2025/08/05 13:38:57 TopoSystem update...
2025/08/05 13:38:57 TopoSystem: Link count: 1600000
2025/08/05 13:38:57 TopoSystem update time: 27.470964ms
2025/08/05 13:38:57 AttenuationSystem update...
2025/08/05 13:38:57 AttenuationSystem parallel flag: 1
2025/08/05 13:38:58 Attenuation computed count: 1600000
2025/08/05 13:38:58 AttenuationSystem update time: 947.574913ms
2025/08/05 13:38:58 Run 10 complete
2025/08/05 13:38:58 Total update time:  9.809178517s
2025/08/05 13:38:58 linkCache size: 40

 Performance counter stats for './scale_ecs 800 2000 10 4 2 1':

        36,330,338      cache-references                                                      
        10,599,971      cache-misses                     #   29.18% of all cache refs         

       9.825957679 seconds time elapsed

      36.570229000 seconds user
       0.272105000 seconds sys


