ECS running with 1000 stations, 800 satellites, 4 numWGs and 2 numBlocks for 10 rounds in 0 parallel pattern
2025/08/05 14:25:36 StationSystem update...
2025/08/05 14:25:36 SatelliteSystem update...
2025/08/05 14:25:36 weather update count: 1000
2025/08/05 14:25:36 StationSystem update time: 7.941µs
2025/08/05 14:25:36 satellite count: 800
2025/08/05 14:25:36 SatelliteSystem update time: 3.048797ms
2025/08/05 14:25:36 TopoSystem update...
2025/08/05 14:25:36 TopoSystem: Link count: 800000
2025/08/05 14:25:36 TopoSystem update time: 24.842977ms
2025/08/05 14:25:36 AttenuationSystem update...
2025/08/05 14:25:36 AttenuationSystem parallel flag: 0
2025/08/05 14:25:37 Attenuation computed count: 800000
2025/08/05 14:25:37 AttenuationSystem update time: 925.740521ms
2025/08/05 14:25:37 Run 1 complete
2025/08/05 14:25:37 StationSystem update...
2025/08/05 14:25:37 SatelliteSystem update...
2025/08/05 14:25:37 weather update count: 1000
2025/08/05 14:25:37 StationSystem update time: 6.241µs
2025/08/05 14:25:37 satellite count: 800
2025/08/05 14:25:37 SatelliteSystem update time: 3.042166ms
2025/08/05 14:25:37 TopoSystem update...
2025/08/05 14:25:37 TopoSystem: Link count: 800000
2025/08/05 14:25:37 TopoSystem update time: 18.75246ms
2025/08/05 14:25:37 AttenuationSystem update...
2025/08/05 14:25:37 AttenuationSystem parallel flag: 0
2025/08/05 14:25:38 Attenuation computed count: 800000
2025/08/05 14:25:38 AttenuationSystem update time: 904.764694ms
2025/08/05 14:25:38 Run 2 complete
2025/08/05 14:25:38 StationSystem update...
2025/08/05 14:25:38 weather update count: 1000
2025/08/05 14:25:38 StationSystem update time: 17.536µs
2025/08/05 14:25:38 SatelliteSystem update...
2025/08/05 14:25:38 satellite count: 800
2025/08/05 14:25:38 SatelliteSystem update time: 2.450271ms
2025/08/05 14:25:38 TopoSystem update...
2025/08/05 14:25:38 TopoSystem: Link count: 800000
2025/08/05 14:25:38 TopoSystem update time: 15.659883ms
2025/08/05 14:25:38 AttenuationSystem update...
2025/08/05 14:25:38 AttenuationSystem parallel flag: 0
2025/08/05 14:25:39 Attenuation computed count: 800000
2025/08/05 14:25:39 AttenuationSystem update time: 951.515825ms
2025/08/05 14:25:39 Run 3 complete
2025/08/05 14:25:39 StationSystem update...
2025/08/05 14:25:39 weather update count: 1000
2025/08/05 14:25:39 StationSystem update time: 4.144µs
2025/08/05 14:25:39 SatelliteSystem update...
2025/08/05 14:25:39 satellite count: 800
2025/08/05 14:25:39 SatelliteSystem update time: 7.605558ms
2025/08/05 14:25:39 TopoSystem update...
2025/08/05 14:25:39 TopoSystem: Link count: 800000
2025/08/05 14:25:39 TopoSystem update time: 14.513917ms
2025/08/05 14:25:39 AttenuationSystem update...
2025/08/05 14:25:39 AttenuationSystem parallel flag: 0
2025/08/05 14:25:40 Attenuation computed count: 800000
2025/08/05 14:25:40 AttenuationSystem update time: 947.911324ms
2025/08/05 14:25:40 Run 4 complete
2025/08/05 14:25:40 StationSystem update...
2025/08/05 14:25:40 weather update count: 1000
2025/08/05 14:25:40 StationSystem update time: 4.087µs
2025/08/05 14:25:40 SatelliteSystem update...
2025/08/05 14:25:40 satellite count: 800
2025/08/05 14:25:40 SatelliteSystem update time: 3.045123ms
2025/08/05 14:25:40 TopoSystem update...
2025/08/05 14:25:40 TopoSystem: Link count: 800000
2025/08/05 14:25:40 TopoSystem update time: 30.178119ms
2025/08/05 14:25:40 AttenuationSystem update...
2025/08/05 14:25:40 AttenuationSystem parallel flag: 0
2025/08/05 14:25:41 Attenuation computed count: 800000
2025/08/05 14:25:41 AttenuationSystem update time: 947.953582ms
2025/08/05 14:25:41 Run 5 complete
2025/08/05 14:25:41 StationSystem update...
2025/08/05 14:25:41 weather update count: 1000
2025/08/05 14:25:41 StationSystem update time: 5.605µs
2025/08/05 14:25:41 SatelliteSystem update...
2025/08/05 14:25:41 satellite count: 800
2025/08/05 14:25:41 SatelliteSystem update time: 2.450488ms
2025/08/05 14:25:41 TopoSystem update...
2025/08/05 14:25:41 TopoSystem: Link count: 800000
2025/08/05 14:25:41 TopoSystem update time: 36.856885ms
2025/08/05 14:25:41 AttenuationSystem update...
2025/08/05 14:25:41 AttenuationSystem parallel flag: 0
2025/08/05 14:25:42 Attenuation computed count: 800000
2025/08/05 14:25:42 AttenuationSystem update time: 926.709964ms
2025/08/05 14:25:42 Run 6 complete
2025/08/05 14:25:42 StationSystem update...
2025/08/05 14:25:42 weather update count: 1000
2025/08/05 14:25:42 StationSystem update time: 3.746µs
2025/08/05 14:25:42 SatelliteSystem update...
2025/08/05 14:25:42 satellite count: 800
2025/08/05 14:25:42 SatelliteSystem update time: 7.608616ms
2025/08/05 14:25:42 TopoSystem update...
2025/08/05 14:25:42 TopoSystem: Link count: 800000
2025/08/05 14:25:42 TopoSystem update time: 19.039486ms
2025/08/05 14:25:42 AttenuationSystem update...
2025/08/05 14:25:42 AttenuationSystem parallel flag: 0
2025/08/05 14:25:43 Attenuation computed count: 800000
2025/08/05 14:25:43 AttenuationSystem update time: 962.566911ms
2025/08/05 14:25:43 Run 7 complete
2025/08/05 14:25:43 StationSystem update...
2025/08/05 14:25:43 weather update count: 1000
2025/08/05 14:25:43 StationSystem update time: 3.984µs
2025/08/05 14:25:43 SatelliteSystem update...
2025/08/05 14:25:43 satellite count: 800
2025/08/05 14:25:43 SatelliteSystem update time: 3.038201ms
2025/08/05 14:25:43 TopoSystem update...
2025/08/05 14:25:43 TopoSystem: Link count: 800000
2025/08/05 14:25:43 TopoSystem update time: 30.189181ms
2025/08/05 14:25:43 AttenuationSystem update...
2025/08/05 14:25:43 AttenuationSystem parallel flag: 0
2025/08/05 14:25:44 Attenuation computed count: 800000
2025/08/05 14:25:44 AttenuationSystem update time: 954.076228ms
2025/08/05 14:25:44 Run 8 complete
2025/08/05 14:25:44 StationSystem update...
2025/08/05 14:25:44 SatelliteSystem update...
2025/08/05 14:25:44 weather update count: 1000
2025/08/05 14:25:44 StationSystem update time: 17.366µs
2025/08/05 14:25:44 satellite count: 800
2025/08/05 14:25:44 SatelliteSystem update time: 3.30205ms
2025/08/05 14:25:44 TopoSystem update...
2025/08/05 14:25:44 TopoSystem: Link count: 800000
2025/08/05 14:25:44 TopoSystem update time: 31.603604ms
2025/08/05 14:25:44 AttenuationSystem update...
2025/08/05 14:25:44 AttenuationSystem parallel flag: 0
2025/08/05 14:25:45 Attenuation computed count: 800000
2025/08/05 14:25:45 AttenuationSystem update time: 875.943469ms
2025/08/05 14:25:45 Run 9 complete
2025/08/05 14:25:45 StationSystem update...
2025/08/05 14:25:45 weather update count: 1000
2025/08/05 14:25:45 StationSystem update time: 4.021µs
2025/08/05 14:25:45 SatelliteSystem update...
2025/08/05 14:25:45 satellite count: 800
2025/08/05 14:25:45 SatelliteSystem update time: 3.060482ms
2025/08/05 14:25:45 TopoSystem update...
2025/08/05 14:25:45 TopoSystem: Link count: 800000
2025/08/05 14:25:45 TopoSystem update time: 25.622002ms
2025/08/05 14:25:45 AttenuationSystem update...
2025/08/05 14:25:45 AttenuationSystem parallel flag: 0
2025/08/05 14:25:46 Attenuation computed count: 800000
2025/08/05 14:25:46 AttenuationSystem update time: 924.220606ms
2025/08/05 14:25:46 Run 10 complete
2025/08/05 14:25:46 Total update time:  9.614600897s
2025/08/05 14:25:46 linkCache size: 40

 Performance counter stats for './scale_ecs 1000 800 10 4 2 0':

        18,634,596      cache-references                                                      
         5,065,786      cache-misses                     #   27.18% of all cache refs         

       9.627632816 seconds time elapsed

      17.806382000 seconds user
       0.162076000 seconds sys


