ECS running with 900 stations, 1900 satellites, 2 numWGs and 8 numBlocks for 10 rounds in 0 parallel pattern
2025/08/05 14:14:30 StationSystem update...
2025/08/05 14:14:30 weather update count: 900
2025/08/05 14:14:30 SatelliteSystem update...
2025/08/05 14:14:30 StationSystem update time: 7.741µs
2025/08/05 14:14:30 satellite count: 1900
2025/08/05 14:14:30 SatelliteSystem update time: 7.207126ms
2025/08/05 14:14:30 TopoSystem update...
2025/08/05 14:14:30 TopoSystem: Link count: 1710000
2025/08/05 14:14:30 TopoSystem update time: 55.308236ms
2025/08/05 14:14:30 AttenuationSystem update...
2025/08/05 14:14:30 AttenuationSystem parallel flag: 0
2025/08/05 14:14:31 Attenuation computed count: 1710000
2025/08/05 14:14:31 AttenuationSystem update time: 494.878384ms
2025/08/05 14:14:31 Run 1 complete
2025/08/05 14:14:31 StationSystem update...
2025/08/05 14:14:31 weather update count: 900
2025/08/05 14:14:31 StationSystem update time: 5.55µs
2025/08/05 14:14:31 SatelliteSystem update...
2025/08/05 14:14:31 satellite count: 1900
2025/08/05 14:14:31 SatelliteSystem update time: 7.210514ms
2025/08/05 14:14:31 TopoSystem update...
2025/08/05 14:14:31 TopoSystem: Link count: 1710000
2025/08/05 14:14:31 TopoSystem update time: 51.69193ms
2025/08/05 14:14:31 AttenuationSystem update...
2025/08/05 14:14:31 AttenuationSystem parallel flag: 0
2025/08/05 14:14:32 Attenuation computed count: 1710000
2025/08/05 14:14:32 AttenuationSystem update time: 508.867734ms
2025/08/05 14:14:32 Run 2 complete
2025/08/05 14:14:32 StationSystem update...
2025/08/05 14:14:32 weather update count: 900
2025/08/05 14:14:32 StationSystem update time: 6.488µs
2025/08/05 14:14:32 SatelliteSystem update...
2025/08/05 14:14:32 satellite count: 1900
2025/08/05 14:14:32 SatelliteSystem update time: 7.449279ms
2025/08/05 14:14:32 TopoSystem update...
2025/08/05 14:14:32 TopoSystem: Link count: 1710000
2025/08/05 14:14:32 TopoSystem update time: 29.346146ms
2025/08/05 14:14:32 AttenuationSystem update...
2025/08/05 14:14:32 AttenuationSystem parallel flag: 0
2025/08/05 14:14:32 Attenuation computed count: 1710000
2025/08/05 14:14:32 AttenuationSystem update time: 548.436698ms
2025/08/05 14:14:32 Run 3 complete
2025/08/05 14:14:32 StationSystem update...
2025/08/05 14:14:32 weather update count: 900
2025/08/05 14:14:32 StationSystem update time: 14.546µs
2025/08/05 14:14:32 SatelliteSystem update...
2025/08/05 14:14:32 satellite count: 1900
2025/08/05 14:14:32 SatelliteSystem update time: 8.719849ms
2025/08/05 14:14:32 TopoSystem update...
2025/08/05 14:14:32 TopoSystem: Link count: 1710000
2025/08/05 14:14:32 TopoSystem update time: 56.294876ms
2025/08/05 14:14:32 AttenuationSystem update...
2025/08/05 14:14:32 AttenuationSystem parallel flag: 0
2025/08/05 14:14:33 Attenuation computed count: 1710000
2025/08/05 14:14:33 AttenuationSystem update time: 522.600383ms
2025/08/05 14:14:33 Run 4 complete
2025/08/05 14:14:33 SatelliteSystem update...
2025/08/05 14:14:33 StationSystem update...
2025/08/05 14:14:33 weather update count: 900
2025/08/05 14:14:33 StationSystem update time: 10.014µs
2025/08/05 14:14:33 satellite count: 1900
2025/08/05 14:14:33 SatelliteSystem update time: 7.215464ms
2025/08/05 14:14:33 TopoSystem update...
2025/08/05 14:14:33 TopoSystem: Link count: 1710000
2025/08/05 14:14:33 TopoSystem update time: 29.247493ms
2025/08/05 14:14:33 AttenuationSystem update...
2025/08/05 14:14:33 AttenuationSystem parallel flag: 0
2025/08/05 14:14:33 Attenuation computed count: 1710000
2025/08/05 14:14:33 AttenuationSystem update time: 517.430269ms
2025/08/05 14:14:33 Run 5 complete
2025/08/05 14:14:33 StationSystem update...
2025/08/05 14:14:33 weather update count: 900
2025/08/05 14:14:33 StationSystem update time: 5.771µs
2025/08/05 14:14:33 SatelliteSystem update...
2025/08/05 14:14:33 satellite count: 1900
2025/08/05 14:14:33 SatelliteSystem update time: 7.435735ms
2025/08/05 14:14:33 TopoSystem update...
2025/08/05 14:14:33 TopoSystem: Link count: 1710000
2025/08/05 14:14:33 TopoSystem update time: 29.117721ms
2025/08/05 14:14:33 AttenuationSystem update...
2025/08/05 14:14:33 AttenuationSystem parallel flag: 0
2025/08/05 14:14:34 Attenuation computed count: 1710000
2025/08/05 14:14:34 AttenuationSystem update time: 520.075909ms
2025/08/05 14:14:34 Run 6 complete
2025/08/05 14:14:34 StationSystem update...
2025/08/05 14:14:34 weather update count: 900
2025/08/05 14:14:34 StationSystem update time: 6.626µs
2025/08/05 14:14:34 SatelliteSystem update...
2025/08/05 14:14:34 satellite count: 1900
2025/08/05 14:14:34 SatelliteSystem update time: 7.217345ms
2025/08/05 14:14:34 TopoSystem update...
2025/08/05 14:14:34 TopoSystem: Link count: 1710000
2025/08/05 14:14:34 TopoSystem update time: 27.783204ms
2025/08/05 14:14:34 AttenuationSystem update...
2025/08/05 14:14:34 AttenuationSystem parallel flag: 0
2025/08/05 14:14:34 Attenuation computed count: 1710000
2025/08/05 14:14:34 AttenuationSystem update time: 552.178724ms
2025/08/05 14:14:34 Run 7 complete
2025/08/05 14:14:34 StationSystem update...
2025/08/05 14:14:34 weather update count: 900
2025/08/05 14:14:34 SatelliteSystem update...
2025/08/05 14:14:34 StationSystem update time: 14.095µs
2025/08/05 14:14:34 satellite count: 1900
2025/08/05 14:14:34 SatelliteSystem update time: 7.236269ms
2025/08/05 14:14:34 TopoSystem update...
2025/08/05 14:14:34 TopoSystem: Link count: 1710000
2025/08/05 14:14:34 TopoSystem update time: 29.69298ms
2025/08/05 14:14:34 AttenuationSystem update...
2025/08/05 14:14:34 AttenuationSystem parallel flag: 0
2025/08/05 14:14:35 Attenuation computed count: 1710000
2025/08/05 14:14:35 AttenuationSystem update time: 522.70093ms
2025/08/05 14:14:35 Run 8 complete
2025/08/05 14:14:35 StationSystem update...
2025/08/05 14:14:35 weather update count: 900
2025/08/05 14:14:35 StationSystem update time: 6.663µs
2025/08/05 14:14:35 SatelliteSystem update...
2025/08/05 14:14:35 satellite count: 1900
2025/08/05 14:14:35 SatelliteSystem update time: 7.196383ms
2025/08/05 14:14:35 TopoSystem update...
2025/08/05 14:14:35 TopoSystem: Link count: 1710000
2025/08/05 14:14:35 TopoSystem update time: 26.945023ms
2025/08/05 14:14:35 AttenuationSystem update...
2025/08/05 14:14:35 AttenuationSystem parallel flag: 0
2025/08/05 14:14:36 Attenuation computed count: 1710000
2025/08/05 14:14:36 AttenuationSystem update time: 520.471836ms
2025/08/05 14:14:36 Run 9 complete
2025/08/05 14:14:36 StationSystem update...
2025/08/05 14:14:36 weather update count: 900
2025/08/05 14:14:36 StationSystem update time: 6.778µs
2025/08/05 14:14:36 SatelliteSystem update...
2025/08/05 14:14:36 satellite count: 1900
2025/08/05 14:14:36 SatelliteSystem update time: 7.213688ms
2025/08/05 14:14:36 TopoSystem update...
2025/08/05 14:14:36 TopoSystem: Link count: 1710000
2025/08/05 14:14:36 TopoSystem update time: 27.557067ms
2025/08/05 14:14:36 AttenuationSystem update...
2025/08/05 14:14:36 AttenuationSystem parallel flag: 0
2025/08/05 14:14:36 Attenuation computed count: 1710000
2025/08/05 14:14:36 AttenuationSystem update time: 489.259764ms
2025/08/05 14:14:36 Run 10 complete
2025/08/05 14:14:36 Total update time:  5.647780075s
2025/08/05 14:14:36 linkCache size: 40

 Performance counter stats for './scale_ecs 900 1900 10 2 8 0':

        37,840,963      cache-references                                                      
        10,521,773      cache-misses                     #   27.81% of all cache refs         

       5.660577950 seconds time elapsed

      39.443044000 seconds user
       0.222932000 seconds sys


