ECS running with 600 stations, 2000 satellites, 4 numWGs and 4 numBlocks for 10 rounds in 0 parallel pattern
2025/08/05 12:33:30 StationSystem update...
2025/08/05 12:33:30 weather update count: 600
2025/08/05 12:33:30 SatelliteSystem update...
2025/08/05 12:33:30 StationSystem update time: 4.791µs
2025/08/05 12:33:30 satellite count: 2000
2025/08/05 12:33:30 SatelliteSystem update time: 7.693954ms
2025/08/05 12:33:30 TopoSystem update...
2025/08/05 12:33:30 TopoSystem: Link count: 1200000
2025/08/05 12:33:30 TopoSystem update time: 37.941089ms
2025/08/05 12:33:30 AttenuationSystem update...
2025/08/05 12:33:30 AttenuationSystem parallel flag: 0
2025/08/05 12:33:31 Attenuation computed count: 1200000
2025/08/05 12:33:31 AttenuationSystem update time: 699.5763ms
2025/08/05 12:33:31 Run 1 complete
2025/08/05 12:33:31 StationSystem update...
2025/08/05 12:33:31 weather update count: 600
2025/08/05 12:33:31 StationSystem update time: 4.955µs
2025/08/05 12:33:31 SatelliteSystem update...
2025/08/05 12:33:31 satellite count: 2000
2025/08/05 12:33:31 SatelliteSystem update time: 7.718563ms
2025/08/05 12:33:31 TopoSystem update...
2025/08/05 12:33:31 TopoSystem: Link count: 1200000
2025/08/05 12:33:31 TopoSystem update time: 34.222458ms
2025/08/05 12:33:31 AttenuationSystem update...
2025/08/05 12:33:31 AttenuationSystem parallel flag: 0
2025/08/05 12:33:31 Attenuation computed count: 1200000
2025/08/05 12:33:31 AttenuationSystem update time: 742.633234ms
2025/08/05 12:33:31 Run 2 complete
2025/08/05 12:33:31 StationSystem update...
2025/08/05 12:33:31 weather update count: 600
2025/08/05 12:33:31 StationSystem update time: 9.571µs
2025/08/05 12:33:31 SatelliteSystem update...
2025/08/05 12:33:31 satellite count: 2000
2025/08/05 12:33:31 SatelliteSystem update time: 9.329483ms
2025/08/05 12:33:31 TopoSystem update...
2025/08/05 12:33:32 TopoSystem: Link count: 1200000
2025/08/05 12:33:32 TopoSystem update time: 61.382779ms
2025/08/05 12:33:32 AttenuationSystem update...
2025/08/05 12:33:32 AttenuationSystem parallel flag: 0
2025/08/05 12:33:32 Attenuation computed count: 1200000
2025/08/05 12:33:32 AttenuationSystem update time: 723.400607ms
2025/08/05 12:33:32 Run 3 complete
2025/08/05 12:33:32 StationSystem update...
2025/08/05 12:33:32 weather update count: 600
2025/08/05 12:33:32 StationSystem update time: 5.413µs
2025/08/05 12:33:32 SatelliteSystem update...
2025/08/05 12:33:32 satellite count: 2000
2025/08/05 12:33:32 SatelliteSystem update time: 7.591431ms
2025/08/05 12:33:32 TopoSystem update...
2025/08/05 12:33:32 TopoSystem: Link count: 1200000
2025/08/05 12:33:32 TopoSystem update time: 41.026314ms
2025/08/05 12:33:32 AttenuationSystem update...
2025/08/05 12:33:32 AttenuationSystem parallel flag: 0
2025/08/05 12:33:33 Attenuation computed count: 1200000
2025/08/05 12:33:33 AttenuationSystem update time: 701.621385ms
2025/08/05 12:33:33 Run 4 complete
2025/08/05 12:33:33 StationSystem update...
2025/08/05 12:33:33 weather update count: 600
2025/08/05 12:33:33 StationSystem update time: 4.737µs
2025/08/05 12:33:33 SatelliteSystem update...
2025/08/05 12:33:33 satellite count: 2000
2025/08/05 12:33:33 SatelliteSystem update time: 7.55816ms
2025/08/05 12:33:33 TopoSystem update...
2025/08/05 12:33:33 TopoSystem: Link count: 1200000
2025/08/05 12:33:33 TopoSystem update time: 18.576952ms
2025/08/05 12:33:33 AttenuationSystem update...
2025/08/05 12:33:33 AttenuationSystem parallel flag: 0
2025/08/05 12:33:34 Attenuation computed count: 1200000
2025/08/05 12:33:34 AttenuationSystem update time: 708.925721ms
2025/08/05 12:33:34 Run 5 complete
2025/08/05 12:33:34 StationSystem update...
2025/08/05 12:33:34 weather update count: 600
2025/08/05 12:33:34 StationSystem update time: 4.115µs
2025/08/05 12:33:34 SatelliteSystem update...
2025/08/05 12:33:34 satellite count: 2000
2025/08/05 12:33:34 SatelliteSystem update time: 10.022148ms
2025/08/05 12:33:34 TopoSystem update...
2025/08/05 12:33:34 TopoSystem: Link count: 1200000
2025/08/05 12:33:34 TopoSystem update time: 41.12445ms
2025/08/05 12:33:34 AttenuationSystem update...
2025/08/05 12:33:34 AttenuationSystem parallel flag: 0
2025/08/05 12:33:34 Attenuation computed count: 1200000
2025/08/05 12:33:34 AttenuationSystem update time: 672.6518ms
2025/08/05 12:33:34 Run 6 complete
2025/08/05 12:33:34 StationSystem update...
2025/08/05 12:33:34 weather update count: 600
2025/08/05 12:33:34 StationSystem update time: 3.491µs
2025/08/05 12:33:34 SatelliteSystem update...
2025/08/05 12:33:34 satellite count: 2000
2025/08/05 12:33:34 SatelliteSystem update time: 7.614344ms
2025/08/05 12:33:34 TopoSystem update...
2025/08/05 12:33:35 TopoSystem: Link count: 1200000
2025/08/05 12:33:35 TopoSystem update time: 59.359086ms
2025/08/05 12:33:35 AttenuationSystem update...
2025/08/05 12:33:35 AttenuationSystem parallel flag: 0
2025/08/05 12:33:35 Attenuation computed count: 1200000
2025/08/05 12:33:35 AttenuationSystem update time: 656.499337ms
2025/08/05 12:33:35 Run 7 complete
2025/08/05 12:33:35 StationSystem update...
2025/08/05 12:33:35 weather update count: 600
2025/08/05 12:33:35 StationSystem update time: 4.382µs
2025/08/05 12:33:35 SatelliteSystem update...
2025/08/05 12:33:35 satellite count: 2000
2025/08/05 12:33:35 SatelliteSystem update time: 7.582962ms
2025/08/05 12:33:35 TopoSystem update...
2025/08/05 12:33:35 TopoSystem: Link count: 1200000
2025/08/05 12:33:35 TopoSystem update time: 19.254609ms
2025/08/05 12:33:35 AttenuationSystem update...
2025/08/05 12:33:35 AttenuationSystem parallel flag: 0
2025/08/05 12:33:36 Attenuation computed count: 1200000
2025/08/05 12:33:36 AttenuationSystem update time: 635.138026ms
2025/08/05 12:33:36 Run 8 complete
2025/08/05 12:33:36 StationSystem update...
2025/08/05 12:33:36 weather update count: 600
2025/08/05 12:33:36 StationSystem update time: 5.462µs
2025/08/05 12:33:36 SatelliteSystem update...
2025/08/05 12:33:36 satellite count: 2000
2025/08/05 12:33:36 SatelliteSystem update time: 5.624755ms
2025/08/05 12:33:36 TopoSystem update...
2025/08/05 12:33:36 TopoSystem: Link count: 1200000
2025/08/05 12:33:36 TopoSystem update time: 16.226417ms
2025/08/05 12:33:36 AttenuationSystem update...
2025/08/05 12:33:36 AttenuationSystem parallel flag: 0
2025/08/05 12:33:36 Attenuation computed count: 1200000
2025/08/05 12:33:36 AttenuationSystem update time: 636.927843ms
2025/08/05 12:33:36 Run 9 complete
2025/08/05 12:33:36 StationSystem update...
2025/08/05 12:33:36 weather update count: 600
2025/08/05 12:33:36 StationSystem update time: 15.366µs
2025/08/05 12:33:36 SatelliteSystem update...
2025/08/05 12:33:36 satellite count: 2000
2025/08/05 12:33:36 SatelliteSystem update time: 9.20766ms
2025/08/05 12:33:36 TopoSystem update...
2025/08/05 12:33:37 TopoSystem: Link count: 1200000
2025/08/05 12:33:37 TopoSystem update time: 41.840396ms
2025/08/05 12:33:37 AttenuationSystem update...
2025/08/05 12:33:37 AttenuationSystem parallel flag: 0
2025/08/05 12:33:37 Attenuation computed count: 1200000
2025/08/05 12:33:37 AttenuationSystem update time: 702.217901ms
2025/08/05 12:33:37 Run 10 complete
2025/08/05 12:33:37 Total update time:  7.344231433s
2025/08/05 12:33:37 linkCache size: 40

 Performance counter stats for './scale_ecs 600 2000 10 4 4 0':

        29,297,524      cache-references                                                      
         8,458,942      cache-misses                     #   28.87% of all cache refs         

       7.353676575 seconds time elapsed

      25.951962000 seconds user
       0.315157000 seconds sys


