ECS running with 800 stations, 1600 satellites, 4 numWGs and 8 numBlocks for 10 rounds in 0 parallel pattern
2025/08/05 13:27:10 StationSystem update...
2025/08/05 13:27:10 weather update count: 800
2025/08/05 13:27:10 SatelliteSystem update...
2025/08/05 13:27:10 StationSystem update time: 5.891µs
2025/08/05 13:27:10 satellite count: 1600
2025/08/05 13:27:10 SatelliteSystem update time: 6.084589ms
2025/08/05 13:27:10 TopoSystem update...
2025/08/05 13:27:10 TopoSystem: Link count: 1280000
2025/08/05 13:27:10 TopoSystem update time: 45.464132ms
2025/08/05 13:27:10 AttenuationSystem update...
2025/08/05 13:27:10 AttenuationSystem parallel flag: 0
2025/08/05 13:27:10 Attenuation computed count: 1280000
2025/08/05 13:27:10 AttenuationSystem update time: 382.859748ms
2025/08/05 13:27:10 Run 1 complete
2025/08/05 13:27:10 StationSystem update...
2025/08/05 13:27:10 weather update count: 800
2025/08/05 13:27:10 StationSystem update time: 5µs
2025/08/05 13:27:10 SatelliteSystem update...
2025/08/05 13:27:10 satellite count: 1600
2025/08/05 13:27:10 SatelliteSystem update time: 6.154582ms
2025/08/05 13:27:10 TopoSystem update...
2025/08/05 13:27:10 TopoSystem: Link count: 1280000
2025/08/05 13:27:10 TopoSystem update time: 37.501184ms
2025/08/05 13:27:10 AttenuationSystem update...
2025/08/05 13:27:10 AttenuationSystem parallel flag: 0
2025/08/05 13:27:11 Attenuation computed count: 1280000
2025/08/05 13:27:11 AttenuationSystem update time: 380.974549ms
2025/08/05 13:27:11 Run 2 complete
2025/08/05 13:27:11 StationSystem update...
2025/08/05 13:27:11 weather update count: 800
2025/08/05 13:27:11 StationSystem update time: 4.905µs
2025/08/05 13:27:11 SatelliteSystem update...
2025/08/05 13:27:11 satellite count: 1600
2025/08/05 13:27:11 SatelliteSystem update time: 6.068108ms
2025/08/05 13:27:11 TopoSystem update...
2025/08/05 13:27:11 TopoSystem: Link count: 1280000
2025/08/05 13:27:11 TopoSystem update time: 21.247257ms
2025/08/05 13:27:11 AttenuationSystem update...
2025/08/05 13:27:11 AttenuationSystem parallel flag: 0
2025/08/05 13:27:11 Attenuation computed count: 1280000
2025/08/05 13:27:11 AttenuationSystem update time: 428.688526ms
2025/08/05 13:27:11 Run 3 complete
2025/08/05 13:27:11 StationSystem update...
2025/08/05 13:27:11 weather update count: 800
2025/08/05 13:27:11 StationSystem update time: 14.061µs
2025/08/05 13:27:11 SatelliteSystem update...
2025/08/05 13:27:11 satellite count: 1600
2025/08/05 13:27:11 SatelliteSystem update time: 7.208058ms
2025/08/05 13:27:11 TopoSystem update...
2025/08/05 13:27:11 TopoSystem: Link count: 1280000
2025/08/05 13:27:11 TopoSystem update time: 42.427445ms
2025/08/05 13:27:11 AttenuationSystem update...
2025/08/05 13:27:11 AttenuationSystem parallel flag: 0
2025/08/05 13:27:12 Attenuation computed count: 1280000
2025/08/05 13:27:12 AttenuationSystem update time: 398.768734ms
2025/08/05 13:27:12 Run 4 complete
2025/08/05 13:27:12 StationSystem update...
2025/08/05 13:27:12 weather update count: 800
2025/08/05 13:27:12 StationSystem update time: 5.372µs
2025/08/05 13:27:12 SatelliteSystem update...
2025/08/05 13:27:12 satellite count: 1600
2025/08/05 13:27:12 SatelliteSystem update time: 6.046096ms
2025/08/05 13:27:12 TopoSystem update...
2025/08/05 13:27:12 TopoSystem: Link count: 1280000
2025/08/05 13:27:12 TopoSystem update time: 33.71444ms
2025/08/05 13:27:12 AttenuationSystem update...
2025/08/05 13:27:12 AttenuationSystem parallel flag: 0
2025/08/05 13:27:12 Attenuation computed count: 1280000
2025/08/05 13:27:12 AttenuationSystem update time: 389.323421ms
2025/08/05 13:27:12 Run 5 complete
2025/08/05 13:27:12 StationSystem update...
2025/08/05 13:27:12 weather update count: 800
2025/08/05 13:27:12 StationSystem update time: 6.293µs
2025/08/05 13:27:12 SatelliteSystem update...
2025/08/05 13:27:12 satellite count: 1600
2025/08/05 13:27:12 SatelliteSystem update time: 6.062533ms
2025/08/05 13:27:12 TopoSystem update...
2025/08/05 13:27:12 TopoSystem: Link count: 1280000
2025/08/05 13:27:12 TopoSystem update time: 19.884318ms
2025/08/05 13:27:12 AttenuationSystem update...
2025/08/05 13:27:12 AttenuationSystem parallel flag: 0
2025/08/05 13:27:13 Attenuation computed count: 1280000
2025/08/05 13:27:13 AttenuationSystem update time: 397.853045ms
2025/08/05 13:27:13 Run 6 complete
2025/08/05 13:27:13 StationSystem update...
2025/08/05 13:27:13 weather update count: 800
2025/08/05 13:27:13 StationSystem update time: 5.63µs
2025/08/05 13:27:13 SatelliteSystem update...
2025/08/05 13:27:13 satellite count: 1600
2025/08/05 13:27:13 SatelliteSystem update time: 6.087771ms
2025/08/05 13:27:13 TopoSystem update...
2025/08/05 13:27:13 TopoSystem: Link count: 1280000
2025/08/05 13:27:13 TopoSystem update time: 21.066236ms
2025/08/05 13:27:13 AttenuationSystem update...
2025/08/05 13:27:13 AttenuationSystem parallel flag: 0
2025/08/05 13:27:13 Attenuation computed count: 1280000
2025/08/05 13:27:13 AttenuationSystem update time: 378.766437ms
2025/08/05 13:27:13 Run 7 complete
2025/08/05 13:27:13 StationSystem update...
2025/08/05 13:27:13 weather update count: 800
2025/08/05 13:27:13 StationSystem update time: 6µs
2025/08/05 13:27:13 SatelliteSystem update...
2025/08/05 13:27:13 satellite count: 1600
2025/08/05 13:27:13 SatelliteSystem update time: 6.065182ms
2025/08/05 13:27:13 TopoSystem update...
2025/08/05 13:27:13 TopoSystem: Link count: 1280000
2025/08/05 13:27:13 TopoSystem update time: 21.413586ms
2025/08/05 13:27:13 AttenuationSystem update...
2025/08/05 13:27:13 AttenuationSystem parallel flag: 0
2025/08/05 13:27:13 Attenuation computed count: 1280000
2025/08/05 13:27:13 AttenuationSystem update time: 371.193598ms
2025/08/05 13:27:13 Run 8 complete
2025/08/05 13:27:13 StationSystem update...
2025/08/05 13:27:13 weather update count: 800
2025/08/05 13:27:13 StationSystem update time: 6.103µs
2025/08/05 13:27:13 SatelliteSystem update...
2025/08/05 13:27:13 satellite count: 1600
2025/08/05 13:27:13 SatelliteSystem update time: 6.095369ms
2025/08/05 13:27:13 TopoSystem update...
2025/08/05 13:27:13 TopoSystem: Link count: 1280000
2025/08/05 13:27:13 TopoSystem update time: 21.052034ms
2025/08/05 13:27:13 AttenuationSystem update...
2025/08/05 13:27:13 AttenuationSystem parallel flag: 0
2025/08/05 13:27:14 Attenuation computed count: 1280000
2025/08/05 13:27:14 AttenuationSystem update time: 379.481663ms
2025/08/05 13:27:14 Run 9 complete
2025/08/05 13:27:14 StationSystem update...
2025/08/05 13:27:14 weather update count: 800
2025/08/05 13:27:14 StationSystem update time: 17.725µs
2025/08/05 13:27:14 SatelliteSystem update...
2025/08/05 13:27:14 satellite count: 1600
2025/08/05 13:27:14 SatelliteSystem update time: 6.807732ms
2025/08/05 13:27:14 TopoSystem update...
2025/08/05 13:27:14 TopoSystem: Link count: 1280000
2025/08/05 13:27:14 TopoSystem update time: 84.328978ms
2025/08/05 13:27:14 AttenuationSystem update...
2025/08/05 13:27:14 AttenuationSystem parallel flag: 0
2025/08/05 13:27:14 Attenuation computed count: 1280000
2025/08/05 13:27:14 AttenuationSystem update time: 392.687782ms
2025/08/05 13:27:14 Run 10 complete
2025/08/05 13:27:14 Total update time:  4.322817062s
2025/08/05 13:27:14 linkCache size: 40

 Performance counter stats for './scale_ecs 800 1600 10 4 8 0':

        29,665,817      cache-references                                                      
         8,195,870      cache-misses                     #   27.63% of all cache refs         

       4.334004345 seconds time elapsed

      28.970829000 seconds user
       0.228140000 seconds sys


