ECS running with 500 stations, 1000 satellites, 2 numWGs and 2 numBlocks for 10 rounds in 0 parallel pattern
2025/08/05 11:49:45 StationSystem update...
2025/08/05 11:49:45 weather update count: 500
2025/08/05 11:49:45 SatelliteSystem update...
2025/08/05 11:49:45 StationSystem update time: 4.749µs
2025/08/05 11:49:45 satellite count: 1000
2025/08/05 11:49:45 SatelliteSystem update time: 3.916382ms
2025/08/05 11:49:45 TopoSystem update...
2025/08/05 11:49:45 TopoSystem: Link count: 500000
2025/08/05 11:49:45 TopoSystem update time: 15.769975ms
2025/08/05 11:49:45 AttenuationSystem update...
2025/08/05 11:49:45 AttenuationSystem parallel flag: 0
2025/08/05 11:49:45 Attenuation computed count: 500000
2025/08/05 11:49:45 AttenuationSystem update time: 571.849077ms
2025/08/05 11:49:45 Run 1 complete
2025/08/05 11:49:45 StationSystem update...
2025/08/05 11:49:45 weather update count: 500
2025/08/05 11:49:45 StationSystem update time: 4.933µs
2025/08/05 11:49:45 SatelliteSystem update...
2025/08/05 11:49:45 satellite count: 1000
2025/08/05 11:49:45 SatelliteSystem update time: 3.831705ms
2025/08/05 11:49:45 TopoSystem update...
2025/08/05 11:49:45 TopoSystem: Link count: 500000
2025/08/05 11:49:45 TopoSystem update time: 12.961398ms
2025/08/05 11:49:45 AttenuationSystem update...
2025/08/05 11:49:45 AttenuationSystem parallel flag: 0
2025/08/05 11:49:46 Attenuation computed count: 500000
2025/08/05 11:49:46 AttenuationSystem update time: 574.907332ms
2025/08/05 11:49:46 Run 2 complete
2025/08/05 11:49:46 StationSystem update...
2025/08/05 11:49:46 weather update count: 500
2025/08/05 11:49:46 StationSystem update time: 10.314µs
2025/08/05 11:49:46 SatelliteSystem update...
2025/08/05 11:49:46 satellite count: 1000
2025/08/05 11:49:46 SatelliteSystem update time: 4.144228ms
2025/08/05 11:49:46 TopoSystem update...
2025/08/05 11:49:46 TopoSystem: Link count: 500000
2025/08/05 11:49:46 TopoSystem update time: 16.25225ms
2025/08/05 11:49:46 AttenuationSystem update...
2025/08/05 11:49:46 AttenuationSystem parallel flag: 0
2025/08/05 11:49:47 Attenuation computed count: 500000
2025/08/05 11:49:47 AttenuationSystem update time: 615.054396ms
2025/08/05 11:49:47 Run 3 complete
2025/08/05 11:49:47 StationSystem update...
2025/08/05 11:49:47 weather update count: 500
2025/08/05 11:49:47 StationSystem update time: 5.134µs
2025/08/05 11:49:47 SatelliteSystem update...
2025/08/05 11:49:47 satellite count: 1000
2025/08/05 11:49:47 SatelliteSystem update time: 5.23018ms
2025/08/05 11:49:47 TopoSystem update...
2025/08/05 11:49:47 TopoSystem: Link count: 500000
2025/08/05 11:49:47 TopoSystem update time: 21.677773ms
2025/08/05 11:49:47 AttenuationSystem update...
2025/08/05 11:49:47 AttenuationSystem parallel flag: 0
2025/08/05 11:49:47 Attenuation computed count: 500000
2025/08/05 11:49:47 AttenuationSystem update time: 587.417557ms
2025/08/05 11:49:47 Run 4 complete
2025/08/05 11:49:47 StationSystem update...
2025/08/05 11:49:47 weather update count: 500
2025/08/05 11:49:47 StationSystem update time: 4.124µs
2025/08/05 11:49:47 SatelliteSystem update...
2025/08/05 11:49:47 satellite count: 1000
2025/08/05 11:49:47 SatelliteSystem update time: 3.807781ms
2025/08/05 11:49:47 TopoSystem update...
2025/08/05 11:49:47 TopoSystem: Link count: 500000
2025/08/05 11:49:47 TopoSystem update time: 9.459173ms
2025/08/05 11:49:47 AttenuationSystem update...
2025/08/05 11:49:47 AttenuationSystem parallel flag: 0
2025/08/05 11:49:48 Attenuation computed count: 500000
2025/08/05 11:49:48 AttenuationSystem update time: 578.738937ms
2025/08/05 11:49:48 Run 5 complete
2025/08/05 11:49:48 StationSystem update...
2025/08/05 11:49:48 weather update count: 500
2025/08/05 11:49:48 StationSystem update time: 3.222µs
2025/08/05 11:49:48 SatelliteSystem update...
2025/08/05 11:49:48 satellite count: 1000
2025/08/05 11:49:48 SatelliteSystem update time: 3.836027ms
2025/08/05 11:49:48 TopoSystem update...
2025/08/05 11:49:48 TopoSystem: Link count: 500000
2025/08/05 11:49:48 TopoSystem update time: 18.71152ms
2025/08/05 11:49:48 AttenuationSystem update...
2025/08/05 11:49:48 AttenuationSystem parallel flag: 0
2025/08/05 11:49:48 Attenuation computed count: 500000
2025/08/05 11:49:48 AttenuationSystem update time: 583.136698ms
2025/08/05 11:49:48 Run 6 complete
2025/08/05 11:49:48 StationSystem update...
2025/08/05 11:49:48 weather update count: 500
2025/08/05 11:49:48 StationSystem update time: 3.565µs
2025/08/05 11:49:48 SatelliteSystem update...
2025/08/05 11:49:48 satellite count: 1000
2025/08/05 11:49:48 SatelliteSystem update time: 3.813101ms
2025/08/05 11:49:48 TopoSystem update...
2025/08/05 11:49:48 TopoSystem: Link count: 500000
2025/08/05 11:49:48 TopoSystem update time: 8.699909ms
2025/08/05 11:49:48 AttenuationSystem update...
2025/08/05 11:49:48 AttenuationSystem parallel flag: 0
2025/08/05 11:49:49 Attenuation computed count: 500000
2025/08/05 11:49:49 AttenuationSystem update time: 608.583459ms
2025/08/05 11:49:49 Run 7 complete
2025/08/05 11:49:49 SatelliteSystem update...
2025/08/05 11:49:49 StationSystem update...
2025/08/05 11:49:49 weather update count: 500
2025/08/05 11:49:49 StationSystem update time: 9.839µs
2025/08/05 11:49:49 satellite count: 1000
2025/08/05 11:49:49 SatelliteSystem update time: 4.107653ms
2025/08/05 11:49:49 TopoSystem update...
2025/08/05 11:49:49 TopoSystem: Link count: 500000
2025/08/05 11:49:49 TopoSystem update time: 21.606309ms
2025/08/05 11:49:49 AttenuationSystem update...
2025/08/05 11:49:49 AttenuationSystem parallel flag: 0
2025/08/05 11:49:50 Attenuation computed count: 500000
2025/08/05 11:49:50 AttenuationSystem update time: 570.699831ms
2025/08/05 11:49:50 Run 8 complete
2025/08/05 11:49:50 StationSystem update...
2025/08/05 11:49:50 weather update count: 500
2025/08/05 11:49:50 StationSystem update time: 3.598µs
2025/08/05 11:49:50 SatelliteSystem update...
2025/08/05 11:49:50 satellite count: 1000
2025/08/05 11:49:50 SatelliteSystem update time: 3.813795ms
2025/08/05 11:49:50 TopoSystem update...
2025/08/05 11:49:50 TopoSystem: Link count: 500000
2025/08/05 11:49:50 TopoSystem update time: 25.55203ms
2025/08/05 11:49:50 AttenuationSystem update...
2025/08/05 11:49:50 AttenuationSystem parallel flag: 0
2025/08/05 11:49:50 Attenuation computed count: 500000
2025/08/05 11:49:50 AttenuationSystem update time: 603.374489ms
2025/08/05 11:49:50 Run 9 complete
2025/08/05 11:49:50 StationSystem update...
2025/08/05 11:49:50 weather update count: 500
2025/08/05 11:49:50 StationSystem update time: 3.76µs
2025/08/05 11:49:50 SatelliteSystem update...
2025/08/05 11:49:50 satellite count: 1000
2025/08/05 11:49:50 SatelliteSystem update time: 3.820214ms
2025/08/05 11:49:50 TopoSystem update...
2025/08/05 11:49:50 TopoSystem: Link count: 500000
2025/08/05 11:49:50 TopoSystem update time: 8.813087ms
2025/08/05 11:49:50 AttenuationSystem update...
2025/08/05 11:49:50 AttenuationSystem parallel flag: 0
2025/08/05 11:49:51 Attenuation computed count: 500000
2025/08/05 11:49:51 AttenuationSystem update time: 604.317822ms
2025/08/05 11:49:51 Run 10 complete
2025/08/05 11:49:51 Total update time:  6.105731298s
2025/08/05 11:49:51 linkCache size: 40

 Performance counter stats for './scale_ecs 500 1000 10 2 2 0':

        12,625,298      cache-references                                                      
         3,266,638      cache-misses                     #   25.87% of all cache refs         

       6.112060197 seconds time elapsed

      11.612169000 seconds user
       0.135164000 seconds sys


