ECS running with 800 stations, 1800 satellites, 2 numWGs and 4 numBlocks for 10 rounds in 1 parallel pattern
2025/08/05 13:31:28 StationSystem update...
2025/08/05 13:31:28 weather update count: 800
2025/08/05 13:31:28 StationSystem update time: 5.588µs
2025/08/05 13:31:28 SatelliteSystem update...
2025/08/05 13:31:28 satellite count: 1800
2025/08/05 13:31:28 SatelliteSystem update time: 6.80689ms
2025/08/05 13:31:28 TopoSystem update...
2025/08/05 13:31:28 TopoSystem: Link count: 1440000
2025/08/05 13:31:28 TopoSystem update time: 46.617234ms
2025/08/05 13:31:28 AttenuationSystem update...
2025/08/05 13:31:28 AttenuationSystem parallel flag: 1
2025/08/05 13:31:30 Attenuation computed count: 1440000
2025/08/05 13:31:30 AttenuationSystem update time: 1.617941749s
2025/08/05 13:31:30 Run 1 complete
2025/08/05 13:31:30 StationSystem update...
2025/08/05 13:31:30 weather update count: 800
2025/08/05 13:31:30 StationSystem update time: 13.04µs
2025/08/05 13:31:30 SatelliteSystem update...
2025/08/05 13:31:30 satellite count: 1800
2025/08/05 13:31:30 SatelliteSystem update time: 6.374738ms
2025/08/05 13:31:30 TopoSystem update...
2025/08/05 13:31:30 TopoSystem: Link count: 1440000
2025/08/05 13:31:30 TopoSystem update time: 69.514663ms
2025/08/05 13:31:30 AttenuationSystem update...
2025/08/05 13:31:30 AttenuationSystem parallel flag: 1
2025/08/05 13:31:31 Attenuation computed count: 1440000
2025/08/05 13:31:31 AttenuationSystem update time: 1.656010939s
2025/08/05 13:31:31 Run 2 complete
2025/08/05 13:31:31 StationSystem update...
2025/08/05 13:31:31 weather update count: 800
2025/08/05 13:31:31 StationSystem update time: 6.438µs
2025/08/05 13:31:31 SatelliteSystem update...
2025/08/05 13:31:31 satellite count: 1800
2025/08/05 13:31:31 SatelliteSystem update time: 6.810059ms
2025/08/05 13:31:31 TopoSystem update...
2025/08/05 13:31:31 TopoSystem: Link count: 1440000
2025/08/05 13:31:31 TopoSystem update time: 39.484819ms
2025/08/05 13:31:31 AttenuationSystem update...
2025/08/05 13:31:31 AttenuationSystem parallel flag: 1
2025/08/05 13:31:33 Attenuation computed count: 1440000
2025/08/05 13:31:33 AttenuationSystem update time: 1.597997591s
2025/08/05 13:31:33 Run 3 complete
2025/08/05 13:31:33 StationSystem update...
2025/08/05 13:31:33 weather update count: 800
2025/08/05 13:31:33 StationSystem update time: 6.842µs
2025/08/05 13:31:33 SatelliteSystem update...
2025/08/05 13:31:33 satellite count: 1800
2025/08/05 13:31:33 SatelliteSystem update time: 7.399151ms
2025/08/05 13:31:33 TopoSystem update...
2025/08/05 13:31:33 TopoSystem: Link count: 1440000
2025/08/05 13:31:33 TopoSystem update time: 54.605001ms
2025/08/05 13:31:33 AttenuationSystem update...
2025/08/05 13:31:33 AttenuationSystem parallel flag: 1
2025/08/05 13:31:35 Attenuation computed count: 1440000
2025/08/05 13:31:35 AttenuationSystem update time: 1.701030284s
2025/08/05 13:31:35 Run 4 complete
2025/08/05 13:31:35 StationSystem update...
2025/08/05 13:31:35 weather update count: 800
2025/08/05 13:31:35 StationSystem update time: 4.14µs
2025/08/05 13:31:35 SatelliteSystem update...
2025/08/05 13:31:35 satellite count: 1800
2025/08/05 13:31:35 SatelliteSystem update time: 6.93208ms
2025/08/05 13:31:35 TopoSystem update...
2025/08/05 13:31:35 TopoSystem: Link count: 1440000
2025/08/05 13:31:35 TopoSystem update time: 63.83109ms
2025/08/05 13:31:35 AttenuationSystem update...
2025/08/05 13:31:35 AttenuationSystem parallel flag: 1
2025/08/05 13:31:36 Attenuation computed count: 1440000
2025/08/05 13:31:36 AttenuationSystem update time: 1.683809102s
2025/08/05 13:31:36 Run 5 complete
2025/08/05 13:31:36 StationSystem update...
2025/08/05 13:31:36 weather update count: 800
2025/08/05 13:31:36 StationSystem update time: 9.231µs
2025/08/05 13:31:36 SatelliteSystem update...
2025/08/05 13:31:36 satellite count: 1800
2025/08/05 13:31:36 SatelliteSystem update time: 6.951262ms
2025/08/05 13:31:36 TopoSystem update...
2025/08/05 13:31:37 TopoSystem: Link count: 1440000
2025/08/05 13:31:37 TopoSystem update time: 32.007841ms
2025/08/05 13:31:37 AttenuationSystem update...
2025/08/05 13:31:37 AttenuationSystem parallel flag: 1
2025/08/05 13:31:38 Attenuation computed count: 1440000
2025/08/05 13:31:38 AttenuationSystem update time: 1.652558402s
2025/08/05 13:31:38 Run 6 complete
2025/08/05 13:31:38 StationSystem update...
2025/08/05 13:31:38 weather update count: 800
2025/08/05 13:31:38 StationSystem update time: 7.768µs
2025/08/05 13:31:38 SatelliteSystem update...
2025/08/05 13:31:38 satellite count: 1800
2025/08/05 13:31:38 SatelliteSystem update time: 5.077511ms
2025/08/05 13:31:38 TopoSystem update...
2025/08/05 13:31:38 TopoSystem: Link count: 1440000
2025/08/05 13:31:38 TopoSystem update time: 21.728217ms
2025/08/05 13:31:38 AttenuationSystem update...
2025/08/05 13:31:38 AttenuationSystem parallel flag: 1
2025/08/05 13:31:40 Attenuation computed count: 1440000
2025/08/05 13:31:40 AttenuationSystem update time: 1.678820006s
2025/08/05 13:31:40 Run 7 complete
2025/08/05 13:31:40 StationSystem update...
2025/08/05 13:31:40 weather update count: 800
2025/08/05 13:31:40 StationSystem update time: 15.059µs
2025/08/05 13:31:40 SatelliteSystem update...
2025/08/05 13:31:40 satellite count: 1800
2025/08/05 13:31:40 SatelliteSystem update time: 8.034912ms
2025/08/05 13:31:40 TopoSystem update...
2025/08/05 13:31:40 TopoSystem: Link count: 1440000
2025/08/05 13:31:40 TopoSystem update time: 99.722175ms
2025/08/05 13:31:40 AttenuationSystem update...
2025/08/05 13:31:40 AttenuationSystem parallel flag: 1
2025/08/05 13:31:42 Attenuation computed count: 1440000
2025/08/05 13:31:42 AttenuationSystem update time: 1.685262023s
2025/08/05 13:31:42 Run 8 complete
2025/08/05 13:31:42 StationSystem update...
2025/08/05 13:31:42 weather update count: 800
2025/08/05 13:31:42 StationSystem update time: 6.063µs
2025/08/05 13:31:42 SatelliteSystem update...
2025/08/05 13:31:42 satellite count: 1800
2025/08/05 13:31:42 SatelliteSystem update time: 6.833943ms
2025/08/05 13:31:42 TopoSystem update...
2025/08/05 13:31:42 TopoSystem: Link count: 1440000
2025/08/05 13:31:42 TopoSystem update time: 44.617849ms
2025/08/05 13:31:42 AttenuationSystem update...
2025/08/05 13:31:42 AttenuationSystem parallel flag: 1
2025/08/05 13:31:43 Attenuation computed count: 1440000
2025/08/05 13:31:43 AttenuationSystem update time: 1.534500583s
2025/08/05 13:31:43 Run 9 complete
2025/08/05 13:31:43 StationSystem update...
2025/08/05 13:31:43 weather update count: 800
2025/08/05 13:31:43 StationSystem update time: 6.141µs
2025/08/05 13:31:43 SatelliteSystem update...
2025/08/05 13:31:43 satellite count: 1800
2025/08/05 13:31:43 SatelliteSystem update time: 5.086502ms
2025/08/05 13:31:43 TopoSystem update...
2025/08/05 13:31:43 TopoSystem: Link count: 1440000
2025/08/05 13:31:43 TopoSystem update time: 34.712184ms
2025/08/05 13:31:43 AttenuationSystem update...
2025/08/05 13:31:43 AttenuationSystem parallel flag: 1
2025/08/05 13:31:45 Attenuation computed count: 1440000
2025/08/05 13:31:45 AttenuationSystem update time: 1.512345011s
2025/08/05 13:31:45 Run 10 complete
2025/08/05 13:31:45 Total update time:  16.906482935s
2025/08/05 13:31:45 linkCache size: 40

 Performance counter stats for './scale_ecs 800 1800 10 2 4 1':

        34,664,433      cache-references                                                      
        11,018,681      cache-misses                     #   31.79% of all cache refs         

      16.924109440 seconds time elapsed

      31.864463000 seconds user
       0.371215000 seconds sys


