ECS running with 800 stations, 1500 satellites, 2 numWGs and 4 numBlocks for 10 rounds in 0 parallel pattern
2025/08/05 13:23:15 StationSystem update...
2025/08/05 13:23:15 weather update count: 800
2025/08/05 13:23:15 StationSystem update time: 4.962µs
2025/08/05 13:23:15 SatelliteSystem update...
2025/08/05 13:23:15 satellite count: 1500
2025/08/05 13:23:15 SatelliteSystem update time: 5.713705ms
2025/08/05 13:23:15 TopoSystem update...
2025/08/05 13:23:15 TopoSystem: Link count: 1200000
2025/08/05 13:23:15 TopoSystem update time: 38.858226ms
2025/08/05 13:23:15 AttenuationSystem update...
2025/08/05 13:23:15 AttenuationSystem parallel flag: 0
2025/08/05 13:23:15 Attenuation computed count: 1200000
2025/08/05 13:23:15 AttenuationSystem update time: 688.629151ms
2025/08/05 13:23:15 Run 1 complete
2025/08/05 13:23:15 StationSystem update...
2025/08/05 13:23:15 weather update count: 800
2025/08/05 13:23:15 StationSystem update time: 6.298µs
2025/08/05 13:23:15 SatelliteSystem update...
2025/08/05 13:23:15 satellite count: 1500
2025/08/05 13:23:15 SatelliteSystem update time: 5.790135ms
2025/08/05 13:23:15 TopoSystem update...
2025/08/05 13:23:15 TopoSystem: Link count: 1200000
2025/08/05 13:23:15 TopoSystem update time: 33.511211ms
2025/08/05 13:23:15 AttenuationSystem update...
2025/08/05 13:23:15 AttenuationSystem parallel flag: 0
2025/08/05 13:23:16 Attenuation computed count: 1200000
2025/08/05 13:23:16 AttenuationSystem update time: 707.279205ms
2025/08/05 13:23:16 Run 2 complete
2025/08/05 13:23:16 StationSystem update...
2025/08/05 13:23:16 weather update count: 800
2025/08/05 13:23:16 StationSystem update time: 16.442µs
2025/08/05 13:23:16 SatelliteSystem update...
2025/08/05 13:23:16 satellite count: 1500
2025/08/05 13:23:16 SatelliteSystem update time: 6.290857ms
2025/08/05 13:23:16 TopoSystem update...
2025/08/05 13:23:16 TopoSystem: Link count: 1200000
2025/08/05 13:23:16 TopoSystem update time: 46.895588ms
2025/08/05 13:23:16 AttenuationSystem update...
2025/08/05 13:23:16 AttenuationSystem parallel flag: 0
2025/08/05 13:23:17 Attenuation computed count: 1200000
2025/08/05 13:23:17 AttenuationSystem update time: 684.58922ms
2025/08/05 13:23:17 Run 3 complete
2025/08/05 13:23:17 StationSystem update...
2025/08/05 13:23:17 weather update count: 800
2025/08/05 13:23:17 StationSystem update time: 5.879µs
2025/08/05 13:23:17 SatelliteSystem update...
2025/08/05 13:23:17 satellite count: 1500
2025/08/05 13:23:17 SatelliteSystem update time: 7.184429ms
2025/08/05 13:23:17 TopoSystem update...
2025/08/05 13:23:17 TopoSystem: Link count: 1200000
2025/08/05 13:23:17 TopoSystem update time: 26.967534ms
2025/08/05 13:23:17 AttenuationSystem update...
2025/08/05 13:23:17 AttenuationSystem parallel flag: 0
2025/08/05 13:23:17 Attenuation computed count: 1200000
2025/08/05 13:23:17 AttenuationSystem update time: 679.182599ms
2025/08/05 13:23:17 Run 4 complete
2025/08/05 13:23:17 StationSystem update...
2025/08/05 13:23:17 weather update count: 800
2025/08/05 13:23:17 StationSystem update time: 6.328µs
2025/08/05 13:23:17 SatelliteSystem update...
2025/08/05 13:23:17 satellite count: 1500
2025/08/05 13:23:17 SatelliteSystem update time: 7.281554ms
2025/08/05 13:23:17 TopoSystem update...
2025/08/05 13:23:17 TopoSystem: Link count: 1200000
2025/08/05 13:23:17 TopoSystem update time: 22.509257ms
2025/08/05 13:23:17 AttenuationSystem update...
2025/08/05 13:23:17 AttenuationSystem parallel flag: 0
2025/08/05 13:23:18 Attenuation computed count: 1200000
2025/08/05 13:23:18 AttenuationSystem update time: 714.038578ms
2025/08/05 13:23:18 Run 5 complete
2025/08/05 13:23:18 StationSystem update...
2025/08/05 13:23:18 weather update count: 800
2025/08/05 13:23:18 StationSystem update time: 5.981µs
2025/08/05 13:23:18 SatelliteSystem update...
2025/08/05 13:23:18 satellite count: 1500
2025/08/05 13:23:18 SatelliteSystem update time: 5.699425ms
2025/08/05 13:23:18 TopoSystem update...
2025/08/05 13:23:18 TopoSystem: Link count: 1200000
2025/08/05 13:23:18 TopoSystem update time: 31.243292ms
2025/08/05 13:23:18 AttenuationSystem update...
2025/08/05 13:23:18 AttenuationSystem parallel flag: 0
2025/08/05 13:23:19 Attenuation computed count: 1200000
2025/08/05 13:23:19 AttenuationSystem update time: 705.399422ms
2025/08/05 13:23:19 Run 6 complete
2025/08/05 13:23:19 StationSystem update...
2025/08/05 13:23:19 weather update count: 800
2025/08/05 13:23:19 StationSystem update time: 11.303µs
2025/08/05 13:23:19 SatelliteSystem update...
2025/08/05 13:23:19 satellite count: 1500
2025/08/05 13:23:19 SatelliteSystem update time: 6.154866ms
2025/08/05 13:23:19 TopoSystem update...
2025/08/05 13:23:19 TopoSystem: Link count: 1200000
2025/08/05 13:23:19 TopoSystem update time: 36.752674ms
2025/08/05 13:23:19 AttenuationSystem update...
2025/08/05 13:23:19 AttenuationSystem parallel flag: 0
2025/08/05 13:23:20 Attenuation computed count: 1200000
2025/08/05 13:23:20 AttenuationSystem update time: 679.088135ms
2025/08/05 13:23:20 Run 7 complete
2025/08/05 13:23:20 StationSystem update...
2025/08/05 13:23:20 weather update count: 800
2025/08/05 13:23:20 StationSystem update time: 6.653µs
2025/08/05 13:23:20 SatelliteSystem update...
2025/08/05 13:23:20 satellite count: 1500
2025/08/05 13:23:20 SatelliteSystem update time: 5.708062ms
2025/08/05 13:23:20 TopoSystem update...
2025/08/05 13:23:20 TopoSystem: Link count: 1200000
2025/08/05 13:23:20 TopoSystem update time: 54.985974ms
2025/08/05 13:23:20 AttenuationSystem update...
2025/08/05 13:23:20 AttenuationSystem parallel flag: 0
2025/08/05 13:23:20 Attenuation computed count: 1200000
2025/08/05 13:23:20 AttenuationSystem update time: 687.365559ms
2025/08/05 13:23:20 Run 8 complete
2025/08/05 13:23:20 StationSystem update...
2025/08/05 13:23:20 weather update count: 800
2025/08/05 13:23:20 StationSystem update time: 5.414µs
2025/08/05 13:23:20 SatelliteSystem update...
2025/08/05 13:23:20 satellite count: 1500
2025/08/05 13:23:20 SatelliteSystem update time: 5.7087ms
2025/08/05 13:23:20 TopoSystem update...
2025/08/05 13:23:20 TopoSystem: Link count: 1200000
2025/08/05 13:23:20 TopoSystem update time: 19.082955ms
2025/08/05 13:23:20 AttenuationSystem update...
2025/08/05 13:23:20 AttenuationSystem parallel flag: 0
2025/08/05 13:23:21 Attenuation computed count: 1200000
2025/08/05 13:23:21 AttenuationSystem update time: 715.489637ms
2025/08/05 13:23:21 Run 9 complete
2025/08/05 13:23:21 StationSystem update...
2025/08/05 13:23:21 weather update count: 800
2025/08/05 13:23:21 StationSystem update time: 16.453µs
2025/08/05 13:23:21 SatelliteSystem update...
2025/08/05 13:23:21 satellite count: 1500
2025/08/05 13:23:21 SatelliteSystem update time: 6.752048ms
2025/08/05 13:23:21 TopoSystem update...
2025/08/05 13:23:21 TopoSystem: Link count: 1200000
2025/08/05 13:23:21 TopoSystem update time: 66.011231ms
2025/08/05 13:23:21 AttenuationSystem update...
2025/08/05 13:23:21 AttenuationSystem parallel flag: 0
2025/08/05 13:23:22 Attenuation computed count: 1200000
2025/08/05 13:23:22 AttenuationSystem update time: 712.994078ms
2025/08/05 13:23:22 Run 10 complete
2025/08/05 13:23:22 Total update time:  7.423765366s
2025/08/05 13:23:22 linkCache size: 40

 Performance counter stats for './scale_ecs 800 1500 10 2 4 0':

        28,240,516      cache-references                                                      
         8,417,416      cache-misses                     #   29.81% of all cache refs         

       7.433709044 seconds time elapsed

      26.824651000 seconds user
       0.250940000 seconds sys


