ECS running with 800 stations, 1600 satellites, 2 numWGs and 4 numBlocks for 10 rounds in 1 parallel pattern
2025/08/05 13:25:40 StationSystem update...
2025/08/05 13:25:40 weather update count: 800
2025/08/05 13:25:40 SatelliteSystem update...
2025/08/05 13:25:40 StationSystem update time: 4.927µs
2025/08/05 13:25:40 satellite count: 1600
2025/08/05 13:25:40 SatelliteSystem update time: 6.05364ms
2025/08/05 13:25:40 TopoSystem update...
2025/08/05 13:25:40 TopoSystem: Link count: 1280000
2025/08/05 13:25:40 TopoSystem update time: 43.431107ms
2025/08/05 13:25:40 AttenuationSystem update...
2025/08/05 13:25:40 AttenuationSystem parallel flag: 1
2025/08/05 13:25:41 Attenuation computed count: 1280000
2025/08/05 13:25:41 AttenuationSystem update time: 1.38466275s
2025/08/05 13:25:41 Run 1 complete
2025/08/05 13:25:41 StationSystem update...
2025/08/05 13:25:41 weather update count: 800
2025/08/05 13:25:41 StationSystem update time: 19.571µs
2025/08/05 13:25:41 SatelliteSystem update...
2025/08/05 13:25:41 satellite count: 1600
2025/08/05 13:25:41 SatelliteSystem update time: 7.952127ms
2025/08/05 13:25:41 TopoSystem update...
2025/08/05 13:25:41 TopoSystem: Link count: 1280000
2025/08/05 13:25:41 TopoSystem update time: 37.808832ms
2025/08/05 13:25:41 AttenuationSystem update...
2025/08/05 13:25:41 AttenuationSystem parallel flag: 1
2025/08/05 13:25:42 Attenuation computed count: 1280000
2025/08/05 13:25:42 AttenuationSystem update time: 1.440896737s
2025/08/05 13:25:42 Run 2 complete
2025/08/05 13:25:42 StationSystem update...
2025/08/05 13:25:42 weather update count: 800
2025/08/05 13:25:42 StationSystem update time: 5.103µs
2025/08/05 13:25:42 SatelliteSystem update...
2025/08/05 13:25:42 satellite count: 1600
2025/08/05 13:25:42 SatelliteSystem update time: 6.635666ms
2025/08/05 13:25:42 TopoSystem update...
2025/08/05 13:25:43 TopoSystem: Link count: 1280000
2025/08/05 13:25:43 TopoSystem update time: 60.652913ms
2025/08/05 13:25:43 AttenuationSystem update...
2025/08/05 13:25:43 AttenuationSystem parallel flag: 1
2025/08/05 13:25:44 Attenuation computed count: 1280000
2025/08/05 13:25:44 AttenuationSystem update time: 1.432462386s
2025/08/05 13:25:44 Run 3 complete
2025/08/05 13:25:44 StationSystem update...
2025/08/05 13:25:44 weather update count: 800
2025/08/05 13:25:44 StationSystem update time: 13.959µs
2025/08/05 13:25:44 SatelliteSystem update...
2025/08/05 13:25:44 satellite count: 1600
2025/08/05 13:25:44 SatelliteSystem update time: 7.139647ms
2025/08/05 13:25:44 TopoSystem update...
2025/08/05 13:25:44 TopoSystem: Link count: 1280000
2025/08/05 13:25:44 TopoSystem update time: 48.029452ms
2025/08/05 13:25:44 AttenuationSystem update...
2025/08/05 13:25:44 AttenuationSystem parallel flag: 1
2025/08/05 13:25:46 Attenuation computed count: 1280000
2025/08/05 13:25:46 AttenuationSystem update time: 1.564177342s
2025/08/05 13:25:46 Run 4 complete
2025/08/05 13:25:46 StationSystem update...
2025/08/05 13:25:46 weather update count: 800
2025/08/05 13:25:46 StationSystem update time: 3.795µs
2025/08/05 13:25:46 SatelliteSystem update...
2025/08/05 13:25:46 satellite count: 1600
2025/08/05 13:25:46 SatelliteSystem update time: 6.092381ms
2025/08/05 13:25:46 TopoSystem update...
2025/08/05 13:25:46 TopoSystem: Link count: 1280000
2025/08/05 13:25:46 TopoSystem update time: 47.45018ms
2025/08/05 13:25:46 AttenuationSystem update...
2025/08/05 13:25:46 AttenuationSystem parallel flag: 1
2025/08/05 13:25:47 Attenuation computed count: 1280000
2025/08/05 13:25:47 AttenuationSystem update time: 1.496020886s
2025/08/05 13:25:47 Run 5 complete
2025/08/05 13:25:47 StationSystem update...
2025/08/05 13:25:47 weather update count: 800
2025/08/05 13:25:47 StationSystem update time: 5.547µs
2025/08/05 13:25:47 SatelliteSystem update...
2025/08/05 13:25:47 satellite count: 1600
2025/08/05 13:25:47 SatelliteSystem update time: 6.086933ms
2025/08/05 13:25:47 TopoSystem update...
2025/08/05 13:25:47 TopoSystem: Link count: 1280000
2025/08/05 13:25:47 TopoSystem update time: 22.123657ms
2025/08/05 13:25:47 AttenuationSystem update...
2025/08/05 13:25:47 AttenuationSystem parallel flag: 1
2025/08/05 13:25:49 Attenuation computed count: 1280000
2025/08/05 13:25:49 AttenuationSystem update time: 1.506228117s
2025/08/05 13:25:49 Run 6 complete
2025/08/05 13:25:49 StationSystem update...
2025/08/05 13:25:49 weather update count: 800
2025/08/05 13:25:49 StationSystem update time: 11.389µs
2025/08/05 13:25:49 SatelliteSystem update...
2025/08/05 13:25:49 satellite count: 1600
2025/08/05 13:25:49 SatelliteSystem update time: 6.030705ms
2025/08/05 13:25:49 TopoSystem update...
2025/08/05 13:25:49 TopoSystem: Link count: 1280000
2025/08/05 13:25:49 TopoSystem update time: 57.656142ms
2025/08/05 13:25:49 AttenuationSystem update...
2025/08/05 13:25:49 AttenuationSystem parallel flag: 1
2025/08/05 13:25:50 Attenuation computed count: 1280000
2025/08/05 13:25:50 AttenuationSystem update time: 1.354350492s
2025/08/05 13:25:50 Run 7 complete
2025/08/05 13:25:50 StationSystem update...
2025/08/05 13:25:50 weather update count: 800
2025/08/05 13:25:50 StationSystem update time: 3.148µs
2025/08/05 13:25:50 SatelliteSystem update...
2025/08/05 13:25:50 satellite count: 1600
2025/08/05 13:25:50 SatelliteSystem update time: 4.513111ms
2025/08/05 13:25:50 TopoSystem update...
2025/08/05 13:25:50 TopoSystem: Link count: 1280000
2025/08/05 13:25:50 TopoSystem update time: 25.962607ms
2025/08/05 13:25:50 AttenuationSystem update...
2025/08/05 13:25:50 AttenuationSystem parallel flag: 1
2025/08/05 13:25:51 Attenuation computed count: 1280000
2025/08/05 13:25:51 AttenuationSystem update time: 1.313397253s
2025/08/05 13:25:51 Run 8 complete
2025/08/05 13:25:51 StationSystem update...
2025/08/05 13:25:51 weather update count: 800
2025/08/05 13:25:51 StationSystem update time: 6.351µs
2025/08/05 13:25:51 SatelliteSystem update...
2025/08/05 13:25:51 satellite count: 1600
2025/08/05 13:25:51 SatelliteSystem update time: 6.627587ms
2025/08/05 13:25:51 TopoSystem update...
2025/08/05 13:25:52 TopoSystem: Link count: 1280000
2025/08/05 13:25:52 TopoSystem update time: 64.154369ms
2025/08/05 13:25:52 AttenuationSystem update...
2025/08/05 13:25:52 AttenuationSystem parallel flag: 1
2025/08/05 13:25:53 Attenuation computed count: 1280000
2025/08/05 13:25:53 AttenuationSystem update time: 1.459674912s
2025/08/05 13:25:53 Run 9 complete
2025/08/05 13:25:53 StationSystem update...
2025/08/05 13:25:53 weather update count: 800
2025/08/05 13:25:53 StationSystem update time: 5.321µs
2025/08/05 13:25:53 SatelliteSystem update...
2025/08/05 13:25:53 satellite count: 1600
2025/08/05 13:25:53 SatelliteSystem update time: 4.545713ms
2025/08/05 13:25:53 TopoSystem update...
2025/08/05 13:25:53 TopoSystem: Link count: 1280000
2025/08/05 13:25:53 TopoSystem update time: 47.7497ms
2025/08/05 13:25:53 AttenuationSystem update...
2025/08/05 13:25:53 AttenuationSystem parallel flag: 1
2025/08/05 13:25:55 Attenuation computed count: 1280000
2025/08/05 13:25:55 AttenuationSystem update time: 1.523735617s
2025/08/05 13:25:55 Run 10 complete
2025/08/05 13:25:55 Total update time:  15.004275183s
2025/08/05 13:25:55 linkCache size: 40

 Performance counter stats for './scale_ecs 800 1600 10 2 4 1':

        32,022,260      cache-references                                                      
        10,103,338      cache-misses                     #   31.55% of all cache refs         

      15.019980216 seconds time elapsed

      28.101728000 seconds user
       0.327322000 seconds sys


