ECS running with 900 stations, 600 satellites, 2 numWGs and 2 numBlocks for 10 rounds in 1 parallel pattern
2025/08/05 13:41:50 StationSystem update...
2025/08/05 13:41:50 weather update count: 900
2025/08/05 13:41:50 StationSystem update time: 6.893µs
2025/08/05 13:41:50 SatelliteSystem update...
2025/08/05 13:41:50 satellite count: 600
2025/08/05 13:41:50 SatelliteSystem update time: 2.298158ms
2025/08/05 13:41:50 TopoSystem update...
2025/08/05 13:41:50 TopoSystem: Link count: 540000
2025/08/05 13:41:50 TopoSystem update time: 19.44674ms
2025/08/05 13:41:50 AttenuationSystem update...
2025/08/05 13:41:50 AttenuationSystem parallel flag: 1
2025/08/05 13:41:50 Attenuation computed count: 540000
2025/08/05 13:41:50 AttenuationSystem update time: 651.966477ms
2025/08/05 13:41:50 Run 1 complete
2025/08/05 13:41:50 StationSystem update...
2025/08/05 13:41:50 weather update count: 900
2025/08/05 13:41:50 StationSystem update time: 12.74µs
2025/08/05 13:41:50 SatelliteSystem update...
2025/08/05 13:41:50 satellite count: 600
2025/08/05 13:41:50 SatelliteSystem update time: 2.325809ms
2025/08/05 13:41:50 TopoSystem update...
2025/08/05 13:41:50 TopoSystem: Link count: 540000
2025/08/05 13:41:50 TopoSystem update time: 14.818927ms
2025/08/05 13:41:50 AttenuationSystem update...
2025/08/05 13:41:50 AttenuationSystem parallel flag: 1
2025/08/05 13:41:51 Attenuation computed count: 540000
2025/08/05 13:41:51 AttenuationSystem update time: 644.417424ms
2025/08/05 13:41:51 Run 2 complete
2025/08/05 13:41:51 StationSystem update...
2025/08/05 13:41:51 weather update count: 900
2025/08/05 13:41:51 StationSystem update time: 8.403µs
2025/08/05 13:41:51 SatelliteSystem update...
2025/08/05 13:41:51 satellite count: 600
2025/08/05 13:41:51 SatelliteSystem update time: 2.34994ms
2025/08/05 13:41:51 TopoSystem update...
2025/08/05 13:41:51 TopoSystem: Link count: 540000
2025/08/05 13:41:51 TopoSystem update time: 12.432297ms
2025/08/05 13:41:51 AttenuationSystem update...
2025/08/05 13:41:51 AttenuationSystem parallel flag: 1
2025/08/05 13:41:52 Attenuation computed count: 540000
2025/08/05 13:41:52 AttenuationSystem update time: 628.836413ms
2025/08/05 13:41:52 Run 3 complete
2025/08/05 13:41:52 StationSystem update...
2025/08/05 13:41:52 weather update count: 900
2025/08/05 13:41:52 StationSystem update time: 5.252µs
2025/08/05 13:41:52 SatelliteSystem update...
2025/08/05 13:41:52 satellite count: 600
2025/08/05 13:41:52 SatelliteSystem update time: 2.351013ms
2025/08/05 13:41:52 TopoSystem update...
2025/08/05 13:41:52 TopoSystem: Link count: 540000
2025/08/05 13:41:52 TopoSystem update time: 20.639764ms
2025/08/05 13:41:52 AttenuationSystem update...
2025/08/05 13:41:52 AttenuationSystem parallel flag: 1
2025/08/05 13:41:52 Attenuation computed count: 540000
2025/08/05 13:41:52 AttenuationSystem update time: 650.852267ms
2025/08/05 13:41:52 Run 4 complete
2025/08/05 13:41:52 StationSystem update...
2025/08/05 13:41:52 weather update count: 900
2025/08/05 13:41:52 StationSystem update time: 24.489µs
2025/08/05 13:41:52 SatelliteSystem update...
2025/08/05 13:41:52 satellite count: 600
2025/08/05 13:41:52 SatelliteSystem update time: 2.577166ms
2025/08/05 13:41:52 TopoSystem update...
2025/08/05 13:41:52 TopoSystem: Link count: 540000
2025/08/05 13:41:52 TopoSystem update time: 28.632263ms
2025/08/05 13:41:52 AttenuationSystem update...
2025/08/05 13:41:52 AttenuationSystem parallel flag: 1
2025/08/05 13:41:53 Attenuation computed count: 540000
2025/08/05 13:41:53 AttenuationSystem update time: 651.578571ms
2025/08/05 13:41:53 Run 5 complete
2025/08/05 13:41:53 StationSystem update...
2025/08/05 13:41:53 weather update count: 900
2025/08/05 13:41:53 StationSystem update time: 9.639µs
2025/08/05 13:41:53 SatelliteSystem update...
2025/08/05 13:41:53 satellite count: 600
2025/08/05 13:41:53 SatelliteSystem update time: 2.396082ms
2025/08/05 13:41:53 TopoSystem update...
2025/08/05 13:41:53 TopoSystem: Link count: 540000
2025/08/05 13:41:53 TopoSystem update time: 38.602848ms
2025/08/05 13:41:53 AttenuationSystem update...
2025/08/05 13:41:53 AttenuationSystem parallel flag: 1
2025/08/05 13:41:54 Attenuation computed count: 540000
2025/08/05 13:41:54 AttenuationSystem update time: 620.335927ms
2025/08/05 13:41:54 Run 6 complete
2025/08/05 13:41:54 StationSystem update...
2025/08/05 13:41:54 weather update count: 900
2025/08/05 13:41:54 StationSystem update time: 7.147µs
2025/08/05 13:41:54 SatelliteSystem update...
2025/08/05 13:41:54 satellite count: 600
2025/08/05 13:41:54 SatelliteSystem update time: 1.744432ms
2025/08/05 13:41:54 TopoSystem update...
2025/08/05 13:41:54 TopoSystem: Link count: 540000
2025/08/05 13:41:54 TopoSystem update time: 11.957199ms
2025/08/05 13:41:54 AttenuationSystem update...
2025/08/05 13:41:54 AttenuationSystem parallel flag: 1
2025/08/05 13:41:54 Attenuation computed count: 540000
2025/08/05 13:41:54 AttenuationSystem update time: 627.460271ms
2025/08/05 13:41:54 Run 7 complete
2025/08/05 13:41:54 StationSystem update...
2025/08/05 13:41:54 weather update count: 900
2025/08/05 13:41:54 StationSystem update time: 6.394µs
2025/08/05 13:41:54 SatelliteSystem update...
2025/08/05 13:41:54 satellite count: 600
2025/08/05 13:41:54 SatelliteSystem update time: 2.302028ms
2025/08/05 13:41:54 TopoSystem update...
2025/08/05 13:41:54 TopoSystem: Link count: 540000
2025/08/05 13:41:54 TopoSystem update time: 19.419553ms
2025/08/05 13:41:54 AttenuationSystem update...
2025/08/05 13:41:54 AttenuationSystem parallel flag: 1
2025/08/05 13:41:55 Attenuation computed count: 540000
2025/08/05 13:41:55 AttenuationSystem update time: 659.969092ms
2025/08/05 13:41:55 Run 8 complete
2025/08/05 13:41:55 StationSystem update...
2025/08/05 13:41:55 weather update count: 900
2025/08/05 13:41:55 StationSystem update time: 6.075µs
2025/08/05 13:41:55 SatelliteSystem update...
2025/08/05 13:41:55 satellite count: 600
2025/08/05 13:41:55 SatelliteSystem update time: 2.384611ms
2025/08/05 13:41:55 TopoSystem update...
2025/08/05 13:41:55 TopoSystem: Link count: 540000
2025/08/05 13:41:55 TopoSystem update time: 23.036102ms
2025/08/05 13:41:55 AttenuationSystem update...
2025/08/05 13:41:55 AttenuationSystem parallel flag: 1
2025/08/05 13:41:56 Attenuation computed count: 540000
2025/08/05 13:41:56 AttenuationSystem update time: 641.20466ms
2025/08/05 13:41:56 Run 9 complete
2025/08/05 13:41:56 StationSystem update...
2025/08/05 13:41:56 weather update count: 900
2025/08/05 13:41:56 StationSystem update time: 6.336µs
2025/08/05 13:41:56 SatelliteSystem update...
2025/08/05 13:41:56 satellite count: 600
2025/08/05 13:41:56 SatelliteSystem update time: 2.306711ms
2025/08/05 13:41:56 TopoSystem update...
2025/08/05 13:41:56 TopoSystem: Link count: 540000
2025/08/05 13:41:56 TopoSystem update time: 12.217484ms
2025/08/05 13:41:56 AttenuationSystem update...
2025/08/05 13:41:56 AttenuationSystem parallel flag: 1
2025/08/05 13:41:56 Attenuation computed count: 540000
2025/08/05 13:41:56 AttenuationSystem update time: 626.710306ms
2025/08/05 13:41:56 Run 10 complete
2025/08/05 13:41:56 Total update time:  6.635782874s
2025/08/05 13:41:56 linkCache size: 40

 Performance counter stats for './scale_ecs 900 600 10 2 2 1':

        12,933,806      cache-references                                                      
         3,747,061      cache-misses                     #   28.97% of all cache refs         

       6.645520550 seconds time elapsed

      12.713765000 seconds user
       0.114880000 seconds sys


