ECS running with 800 stations, 900 satellites, 4 numWGs and 8 numBlocks for 10 rounds in 0 parallel pattern
2025/08/05 13:11:15 StationSystem update...
2025/08/05 13:11:15 weather update count: 800
2025/08/05 13:11:15 StationSystem update time: 5.25µs
2025/08/05 13:11:15 SatelliteSystem update...
2025/08/05 13:11:15 satellite count: 900
2025/08/05 13:11:15 SatelliteSystem update time: 3.419821ms
2025/08/05 13:11:15 TopoSystem update...
2025/08/05 13:11:15 TopoSystem: Link count: 720000
2025/08/05 13:11:15 TopoSystem update time: 23.226781ms
2025/08/05 13:11:15 AttenuationSystem update...
2025/08/05 13:11:15 AttenuationSystem parallel flag: 0
2025/08/05 13:11:15 Attenuation computed count: 720000
2025/08/05 13:11:15 AttenuationSystem update time: 207.520396ms
2025/08/05 13:11:15 Run 1 complete
2025/08/05 13:11:15 StationSystem update...
2025/08/05 13:11:15 weather update count: 800
2025/08/05 13:11:15 StationSystem update time: 5.014µs
2025/08/05 13:11:15 SatelliteSystem update...
2025/08/05 13:11:15 satellite count: 900
2025/08/05 13:11:15 SatelliteSystem update time: 3.442092ms
2025/08/05 13:11:15 TopoSystem update...
2025/08/05 13:11:15 TopoSystem: Link count: 720000
2025/08/05 13:11:15 TopoSystem update time: 21.410976ms
2025/08/05 13:11:15 AttenuationSystem update...
2025/08/05 13:11:15 AttenuationSystem parallel flag: 0
2025/08/05 13:11:16 Attenuation computed count: 720000
2025/08/05 13:11:16 AttenuationSystem update time: 242.006002ms
2025/08/05 13:11:16 Run 2 complete
2025/08/05 13:11:16 StationSystem update...
2025/08/05 13:11:16 weather update count: 800
2025/08/05 13:11:16 StationSystem update time: 5.487µs
2025/08/05 13:11:16 SatelliteSystem update...
2025/08/05 13:11:16 satellite count: 900
2025/08/05 13:11:16 SatelliteSystem update time: 3.485394ms
2025/08/05 13:11:16 TopoSystem update...
2025/08/05 13:11:16 TopoSystem: Link count: 720000
2025/08/05 13:11:16 TopoSystem update time: 11.384556ms
2025/08/05 13:11:16 AttenuationSystem update...
2025/08/05 13:11:16 AttenuationSystem parallel flag: 0
2025/08/05 13:11:16 Attenuation computed count: 720000
2025/08/05 13:11:16 AttenuationSystem update time: 230.150265ms
2025/08/05 13:11:16 Run 3 complete
2025/08/05 13:11:16 StationSystem update...
2025/08/05 13:11:16 weather update count: 800
2025/08/05 13:11:16 StationSystem update time: 5.649µs
2025/08/05 13:11:16 SatelliteSystem update...
2025/08/05 13:11:16 satellite count: 900
2025/08/05 13:11:16 SatelliteSystem update time: 3.43754ms
2025/08/05 13:11:16 TopoSystem update...
2025/08/05 13:11:16 TopoSystem: Link count: 720000
2025/08/05 13:11:16 TopoSystem update time: 11.980735ms
2025/08/05 13:11:16 AttenuationSystem update...
2025/08/05 13:11:16 AttenuationSystem parallel flag: 0
2025/08/05 13:11:16 Attenuation computed count: 720000
2025/08/05 13:11:16 AttenuationSystem update time: 238.775721ms
2025/08/05 13:11:16 Run 4 complete
2025/08/05 13:11:16 StationSystem update...
2025/08/05 13:11:16 weather update count: 800
2025/08/05 13:11:16 StationSystem update time: 7.473µs
2025/08/05 13:11:16 SatelliteSystem update...
2025/08/05 13:11:16 satellite count: 900
2025/08/05 13:11:16 SatelliteSystem update time: 3.428986ms
2025/08/05 13:11:16 TopoSystem update...
2025/08/05 13:11:16 TopoSystem: Link count: 720000
2025/08/05 13:11:16 TopoSystem update time: 12.477469ms
2025/08/05 13:11:16 AttenuationSystem update...
2025/08/05 13:11:16 AttenuationSystem parallel flag: 0
2025/08/05 13:11:16 Attenuation computed count: 720000
2025/08/05 13:11:16 AttenuationSystem update time: 224.849766ms
2025/08/05 13:11:16 Run 5 complete
2025/08/05 13:11:16 StationSystem update...
2025/08/05 13:11:16 weather update count: 800
2025/08/05 13:11:16 StationSystem update time: 6.602µs
2025/08/05 13:11:16 SatelliteSystem update...
2025/08/05 13:11:16 satellite count: 900
2025/08/05 13:11:16 SatelliteSystem update time: 3.435834ms
2025/08/05 13:11:16 TopoSystem update...
2025/08/05 13:11:16 TopoSystem: Link count: 720000
2025/08/05 13:11:16 TopoSystem update time: 11.541819ms
2025/08/05 13:11:16 AttenuationSystem update...
2025/08/05 13:11:16 AttenuationSystem parallel flag: 0
2025/08/05 13:11:17 Attenuation computed count: 720000
2025/08/05 13:11:17 AttenuationSystem update time: 240.853861ms
2025/08/05 13:11:17 Run 6 complete
2025/08/05 13:11:17 StationSystem update...
2025/08/05 13:11:17 weather update count: 800
2025/08/05 13:11:17 StationSystem update time: 10.706µs
2025/08/05 13:11:17 SatelliteSystem update...
2025/08/05 13:11:17 satellite count: 900
2025/08/05 13:11:17 SatelliteSystem update time: 3.6652ms
2025/08/05 13:11:17 TopoSystem update...
2025/08/05 13:11:17 TopoSystem: Link count: 720000
2025/08/05 13:11:17 TopoSystem update time: 44.748291ms
2025/08/05 13:11:17 AttenuationSystem update...
2025/08/05 13:11:17 AttenuationSystem parallel flag: 0
2025/08/05 13:11:17 Attenuation computed count: 720000
2025/08/05 13:11:17 AttenuationSystem update time: 213.521315ms
2025/08/05 13:11:17 Run 7 complete
2025/08/05 13:11:17 StationSystem update...
2025/08/05 13:11:17 weather update count: 800
2025/08/05 13:11:17 StationSystem update time: 5.4µs
2025/08/05 13:11:17 SatelliteSystem update...
2025/08/05 13:11:17 satellite count: 900
2025/08/05 13:11:17 SatelliteSystem update time: 3.466678ms
2025/08/05 13:11:17 TopoSystem update...
2025/08/05 13:11:17 TopoSystem: Link count: 720000
2025/08/05 13:11:17 TopoSystem update time: 32.842158ms
2025/08/05 13:11:17 AttenuationSystem update...
2025/08/05 13:11:17 AttenuationSystem parallel flag: 0
2025/08/05 13:11:17 Attenuation computed count: 720000
2025/08/05 13:11:17 AttenuationSystem update time: 239.93512ms
2025/08/05 13:11:17 Run 8 complete
2025/08/05 13:11:17 StationSystem update...
2025/08/05 13:11:17 weather update count: 800
2025/08/05 13:11:17 StationSystem update time: 4.978µs
2025/08/05 13:11:17 SatelliteSystem update...
2025/08/05 13:11:17 satellite count: 900
2025/08/05 13:11:17 SatelliteSystem update time: 3.422448ms
2025/08/05 13:11:17 TopoSystem update...
2025/08/05 13:11:17 TopoSystem: Link count: 720000
2025/08/05 13:11:17 TopoSystem update time: 12.938413ms
2025/08/05 13:11:17 AttenuationSystem update...
2025/08/05 13:11:17 AttenuationSystem parallel flag: 0
2025/08/05 13:11:17 Attenuation computed count: 720000
2025/08/05 13:11:17 AttenuationSystem update time: 241.80413ms
2025/08/05 13:11:17 Run 9 complete
2025/08/05 13:11:17 StationSystem update...
2025/08/05 13:11:17 weather update count: 800
2025/08/05 13:11:17 StationSystem update time: 6.447µs
2025/08/05 13:11:17 SatelliteSystem update...
2025/08/05 13:11:17 satellite count: 900
2025/08/05 13:11:17 SatelliteSystem update time: 3.429472ms
2025/08/05 13:11:17 TopoSystem update...
2025/08/05 13:11:17 TopoSystem: Link count: 720000
2025/08/05 13:11:17 TopoSystem update time: 14.933296ms
2025/08/05 13:11:17 AttenuationSystem update...
2025/08/05 13:11:17 AttenuationSystem parallel flag: 0
2025/08/05 13:11:18 Attenuation computed count: 720000
2025/08/05 13:11:18 AttenuationSystem update time: 229.093497ms
2025/08/05 13:11:18 Run 10 complete
2025/08/05 13:11:18 Total update time:  2.549026526s
2025/08/05 13:11:18 linkCache size: 40

 Performance counter stats for './scale_ecs 800 900 10 4 8 0':

        17,108,717      cache-references                                                      
         4,192,892      cache-misses                     #   24.51% of all cache refs         

       2.560610101 seconds time elapsed

      17.109183000 seconds user
       0.126119000 seconds sys


