ECS running with 900 stations, 1700 satellites, 4 numWGs and 4 numBlocks for 10 rounds in 1 parallel pattern
2025/08/05 14:08:03 StationSystem update...
2025/08/05 14:08:03 weather update count: 900
2025/08/05 14:08:03 StationSystem update time: 4.86µs
2025/08/05 14:08:03 SatelliteSystem update...
2025/08/05 14:08:03 satellite count: 1700
2025/08/05 14:08:03 SatelliteSystem update time: 6.430241ms
2025/08/05 14:08:03 TopoSystem update...
2025/08/05 14:08:03 TopoSystem: Link count: 1530000
2025/08/05 14:08:03 TopoSystem update time: 47.4283ms
2025/08/05 14:08:03 AttenuationSystem update...
2025/08/05 14:08:03 AttenuationSystem parallel flag: 1
2025/08/05 14:08:04 Attenuation computed count: 1530000
2025/08/05 14:08:04 AttenuationSystem update time: 891.728517ms
2025/08/05 14:08:04 Run 1 complete
2025/08/05 14:08:04 StationSystem update...
2025/08/05 14:08:04 weather update count: 900
2025/08/05 14:08:04 StationSystem update time: 7.311µs
2025/08/05 14:08:04 SatelliteSystem update...
2025/08/05 14:08:04 satellite count: 1700
2025/08/05 14:08:04 SatelliteSystem update time: 6.438443ms
2025/08/05 14:08:04 TopoSystem update...
2025/08/05 14:08:04 TopoSystem: Link count: 1530000
2025/08/05 14:08:04 TopoSystem update time: 63.165251ms
2025/08/05 14:08:04 AttenuationSystem update...
2025/08/05 14:08:04 AttenuationSystem parallel flag: 1
2025/08/05 14:08:05 Attenuation computed count: 1530000
2025/08/05 14:08:05 AttenuationSystem update time: 913.543463ms
2025/08/05 14:08:05 Run 2 complete
2025/08/05 14:08:05 StationSystem update...
2025/08/05 14:08:05 weather update count: 900
2025/08/05 14:08:05 StationSystem update time: 22.782µs
2025/08/05 14:08:05 SatelliteSystem update...
2025/08/05 14:08:05 satellite count: 1700
2025/08/05 14:08:05 SatelliteSystem update time: 7.005319ms
2025/08/05 14:08:05 TopoSystem update...
2025/08/05 14:08:05 TopoSystem: Link count: 1530000
2025/08/05 14:08:05 TopoSystem update time: 41.549516ms
2025/08/05 14:08:05 AttenuationSystem update...
2025/08/05 14:08:05 AttenuationSystem parallel flag: 1
2025/08/05 14:08:06 Attenuation computed count: 1530000
2025/08/05 14:08:06 AttenuationSystem update time: 883.384761ms
2025/08/05 14:08:06 Run 3 complete
2025/08/05 14:08:06 StationSystem update...
2025/08/05 14:08:06 weather update count: 900
2025/08/05 14:08:06 StationSystem update time: 6.191µs
2025/08/05 14:08:06 SatelliteSystem update...
2025/08/05 14:08:06 satellite count: 1700
2025/08/05 14:08:06 SatelliteSystem update time: 6.422387ms
2025/08/05 14:08:06 TopoSystem update...
2025/08/05 14:08:06 TopoSystem: Link count: 1530000
2025/08/05 14:08:06 TopoSystem update time: 41.680708ms
2025/08/05 14:08:06 AttenuationSystem update...
2025/08/05 14:08:06 AttenuationSystem parallel flag: 1
2025/08/05 14:08:07 Attenuation computed count: 1530000
2025/08/05 14:08:07 AttenuationSystem update time: 898.134203ms
2025/08/05 14:08:07 Run 4 complete
2025/08/05 14:08:07 StationSystem update...
2025/08/05 14:08:07 weather update count: 900
2025/08/05 14:08:07 StationSystem update time: 4.449µs
2025/08/05 14:08:07 SatelliteSystem update...
2025/08/05 14:08:07 satellite count: 1700
2025/08/05 14:08:07 SatelliteSystem update time: 6.4267ms
2025/08/05 14:08:07 TopoSystem update...
2025/08/05 14:08:07 TopoSystem: Link count: 1530000
2025/08/05 14:08:07 TopoSystem update time: 23.491148ms
2025/08/05 14:08:07 AttenuationSystem update...
2025/08/05 14:08:07 AttenuationSystem parallel flag: 1
2025/08/05 14:08:08 Attenuation computed count: 1530000
2025/08/05 14:08:08 AttenuationSystem update time: 925.911147ms
2025/08/05 14:08:08 Run 5 complete
2025/08/05 14:08:08 StationSystem update...
2025/08/05 14:08:08 weather update count: 900
2025/08/05 14:08:08 StationSystem update time: 17.417µs
2025/08/05 14:08:08 SatelliteSystem update...
2025/08/05 14:08:08 satellite count: 1700
2025/08/05 14:08:08 SatelliteSystem update time: 6.956129ms
2025/08/05 14:08:08 TopoSystem update...
2025/08/05 14:08:08 TopoSystem: Link count: 1530000
2025/08/05 14:08:08 TopoSystem update time: 63.949934ms
2025/08/05 14:08:08 AttenuationSystem update...
2025/08/05 14:08:08 AttenuationSystem parallel flag: 1
2025/08/05 14:08:09 Attenuation computed count: 1530000
2025/08/05 14:08:09 AttenuationSystem update time: 889.737485ms
2025/08/05 14:08:09 Run 6 complete
2025/08/05 14:08:09 StationSystem update...
2025/08/05 14:08:09 weather update count: 900
2025/08/05 14:08:09 StationSystem update time: 7.296µs
2025/08/05 14:08:09 SatelliteSystem update...
2025/08/05 14:08:09 satellite count: 1700
2025/08/05 14:08:09 SatelliteSystem update time: 4.784707ms
2025/08/05 14:08:09 TopoSystem update...
2025/08/05 14:08:09 TopoSystem: Link count: 1530000
2025/08/05 14:08:09 TopoSystem update time: 29.231071ms
2025/08/05 14:08:09 AttenuationSystem update...
2025/08/05 14:08:09 AttenuationSystem parallel flag: 1
2025/08/05 14:08:10 Attenuation computed count: 1530000
2025/08/05 14:08:10 AttenuationSystem update time: 891.627936ms
2025/08/05 14:08:10 Run 7 complete
2025/08/05 14:08:10 StationSystem update...
2025/08/05 14:08:10 weather update count: 900
2025/08/05 14:08:10 StationSystem update time: 6.426µs
2025/08/05 14:08:10 SatelliteSystem update...
2025/08/05 14:08:10 satellite count: 1700
2025/08/05 14:08:10 SatelliteSystem update time: 6.608998ms
2025/08/05 14:08:10 TopoSystem update...
2025/08/05 14:08:10 TopoSystem: Link count: 1530000
2025/08/05 14:08:10 TopoSystem update time: 24.488485ms
2025/08/05 14:08:10 AttenuationSystem update...
2025/08/05 14:08:10 AttenuationSystem parallel flag: 1
2025/08/05 14:08:11 Attenuation computed count: 1530000
2025/08/05 14:08:11 AttenuationSystem update time: 897.474643ms
2025/08/05 14:08:11 Run 8 complete
2025/08/05 14:08:11 StationSystem update...
2025/08/05 14:08:11 weather update count: 900
2025/08/05 14:08:11 StationSystem update time: 6.651µs
2025/08/05 14:08:11 SatelliteSystem update...
2025/08/05 14:08:11 satellite count: 1700
2025/08/05 14:08:11 SatelliteSystem update time: 6.476409ms
2025/08/05 14:08:11 TopoSystem update...
2025/08/05 14:08:11 TopoSystem: Link count: 1530000
2025/08/05 14:08:11 TopoSystem update time: 25.710196ms
2025/08/05 14:08:11 AttenuationSystem update...
2025/08/05 14:08:11 AttenuationSystem parallel flag: 1
2025/08/05 14:08:11 Attenuation computed count: 1530000
2025/08/05 14:08:11 AttenuationSystem update time: 886.740226ms
2025/08/05 14:08:11 Run 9 complete
2025/08/05 14:08:11 StationSystem update...
2025/08/05 14:08:11 weather update count: 900
2025/08/05 14:08:11 StationSystem update time: 15.811µs
2025/08/05 14:08:11 SatelliteSystem update...
2025/08/05 14:08:12 satellite count: 1700
2025/08/05 14:08:12 SatelliteSystem update time: 6.984352ms
2025/08/05 14:08:12 TopoSystem update...
2025/08/05 14:08:12 TopoSystem: Link count: 1530000
2025/08/05 14:08:12 TopoSystem update time: 48.82523ms
2025/08/05 14:08:12 AttenuationSystem update...
2025/08/05 14:08:12 AttenuationSystem parallel flag: 1
2025/08/05 14:08:12 Attenuation computed count: 1530000
2025/08/05 14:08:12 AttenuationSystem update time: 896.179327ms
2025/08/05 14:08:12 Run 10 complete
2025/08/05 14:08:12 Total update time:  9.458635711s
2025/08/05 14:08:12 linkCache size: 40

 Performance counter stats for './scale_ecs 900 1700 10 4 4 1':

        34,426,117      cache-references                                                      
         9,913,257      cache-misses                     #   28.80% of all cache refs         

       9.474458611 seconds time elapsed

      33.930992000 seconds user
       0.263929000 seconds sys


