ECS running with 600 stations, 500 satellites, 4 numWGs and 2 numBlocks for 10 rounds in 0 parallel pattern
2025/08/05 12:08:17 StationSystem update...
2025/08/05 12:08:17 weather update count: 600
2025/08/05 12:08:17 StationSystem update time: 3.824µs
2025/08/05 12:08:17 SatelliteSystem update...
2025/08/05 12:08:17 satellite count: 500
2025/08/05 12:08:17 SatelliteSystem update time: 1.934872ms
2025/08/05 12:08:17 TopoSystem update...
2025/08/05 12:08:17 TopoSystem: Link count: 300000
2025/08/05 12:08:17 TopoSystem update time: 12.003987ms
2025/08/05 12:08:17 AttenuationSystem update...
2025/08/05 12:08:17 AttenuationSystem parallel flag: 0
2025/08/05 12:08:17 Attenuation computed count: 300000
2025/08/05 12:08:17 AttenuationSystem update time: 342.04225ms
2025/08/05 12:08:17 Run 1 complete
2025/08/05 12:08:17 StationSystem update...
2025/08/05 12:08:17 weather update count: 600
2025/08/05 12:08:17 StationSystem update time: 3.03µs
2025/08/05 12:08:17 SatelliteSystem update...
2025/08/05 12:08:17 satellite count: 500
2025/08/05 12:08:17 SatelliteSystem update time: 1.420916ms
2025/08/05 12:08:17 TopoSystem update...
2025/08/05 12:08:17 TopoSystem: Link count: 300000
2025/08/05 12:08:17 TopoSystem update time: 7.486107ms
2025/08/05 12:08:17 AttenuationSystem update...
2025/08/05 12:08:17 AttenuationSystem parallel flag: 0
2025/08/05 12:08:18 Attenuation computed count: 300000
2025/08/05 12:08:18 AttenuationSystem update time: 341.998117ms
2025/08/05 12:08:18 Run 2 complete
2025/08/05 12:08:18 StationSystem update...
2025/08/05 12:08:18 weather update count: 600
2025/08/05 12:08:18 StationSystem update time: 2.529µs
2025/08/05 12:08:18 SatelliteSystem update...
2025/08/05 12:08:18 satellite count: 500
2025/08/05 12:08:18 SatelliteSystem update time: 1.901001ms
2025/08/05 12:08:18 TopoSystem update...
2025/08/05 12:08:18 TopoSystem: Link count: 300000
2025/08/05 12:08:18 TopoSystem update time: 5.31276ms
2025/08/05 12:08:18 AttenuationSystem update...
2025/08/05 12:08:18 AttenuationSystem parallel flag: 0
2025/08/05 12:08:18 Attenuation computed count: 300000
2025/08/05 12:08:18 AttenuationSystem update time: 314.52169ms
2025/08/05 12:08:18 Run 3 complete
2025/08/05 12:08:18 StationSystem update...
2025/08/05 12:08:18 weather update count: 600
2025/08/05 12:08:18 StationSystem update time: 7.329µs
2025/08/05 12:08:18 SatelliteSystem update...
2025/08/05 12:08:18 satellite count: 500
2025/08/05 12:08:18 SatelliteSystem update time: 1.414522ms
2025/08/05 12:08:18 TopoSystem update...
2025/08/05 12:08:18 TopoSystem: Link count: 300000
2025/08/05 12:08:18 TopoSystem update time: 5.330126ms
2025/08/05 12:08:18 AttenuationSystem update...
2025/08/05 12:08:18 AttenuationSystem parallel flag: 0
2025/08/05 12:08:18 Attenuation computed count: 300000
2025/08/05 12:08:18 AttenuationSystem update time: 342.169842ms
2025/08/05 12:08:18 Run 4 complete
2025/08/05 12:08:18 StationSystem update...
2025/08/05 12:08:18 weather update count: 600
2025/08/05 12:08:18 StationSystem update time: 3.766µs
2025/08/05 12:08:18 SatelliteSystem update...
2025/08/05 12:08:18 satellite count: 500
2025/08/05 12:08:18 SatelliteSystem update time: 1.908357ms
2025/08/05 12:08:18 TopoSystem update...
2025/08/05 12:08:18 TopoSystem: Link count: 300000
2025/08/05 12:08:18 TopoSystem update time: 11.34502ms
2025/08/05 12:08:18 AttenuationSystem update...
2025/08/05 12:08:18 AttenuationSystem parallel flag: 0
2025/08/05 12:08:19 Attenuation computed count: 300000
2025/08/05 12:08:19 AttenuationSystem update time: 375.851111ms
2025/08/05 12:08:19 Run 5 complete
2025/08/05 12:08:19 StationSystem update...
2025/08/05 12:08:19 weather update count: 600
2025/08/05 12:08:19 StationSystem update time: 4.981µs
2025/08/05 12:08:19 SatelliteSystem update...
2025/08/05 12:08:19 satellite count: 500
2025/08/05 12:08:19 SatelliteSystem update time: 1.908275ms
2025/08/05 12:08:19 TopoSystem update...
2025/08/05 12:08:19 TopoSystem: Link count: 300000
2025/08/05 12:08:19 TopoSystem update time: 5.138497ms
2025/08/05 12:08:19 AttenuationSystem update...
2025/08/05 12:08:19 AttenuationSystem parallel flag: 0
2025/08/05 12:08:19 Attenuation computed count: 300000
2025/08/05 12:08:19 AttenuationSystem update time: 322.180012ms
2025/08/05 12:08:19 Run 6 complete
2025/08/05 12:08:19 StationSystem update...
2025/08/05 12:08:19 weather update count: 600
2025/08/05 12:08:19 StationSystem update time: 4.693µs
2025/08/05 12:08:19 SatelliteSystem update...
2025/08/05 12:08:19 satellite count: 500
2025/08/05 12:08:19 SatelliteSystem update time: 2.67663ms
2025/08/05 12:08:19 TopoSystem update...
2025/08/05 12:08:19 TopoSystem: Link count: 300000
2025/08/05 12:08:19 TopoSystem update time: 18.19105ms
2025/08/05 12:08:19 AttenuationSystem update...
2025/08/05 12:08:19 AttenuationSystem parallel flag: 0
2025/08/05 12:08:20 Attenuation computed count: 300000
2025/08/05 12:08:20 AttenuationSystem update time: 375.808839ms
2025/08/05 12:08:20 Run 7 complete
2025/08/05 12:08:20 StationSystem update...
2025/08/05 12:08:20 weather update count: 600
2025/08/05 12:08:20 StationSystem update time: 3.078µs
2025/08/05 12:08:20 SatelliteSystem update...
2025/08/05 12:08:20 satellite count: 500
2025/08/05 12:08:20 SatelliteSystem update time: 1.918406ms
2025/08/05 12:08:20 TopoSystem update...
2025/08/05 12:08:20 TopoSystem: Link count: 300000
2025/08/05 12:08:20 TopoSystem update time: 14.84696ms
2025/08/05 12:08:20 AttenuationSystem update...
2025/08/05 12:08:20 AttenuationSystem parallel flag: 0
2025/08/05 12:08:20 Attenuation computed count: 300000
2025/08/05 12:08:20 AttenuationSystem update time: 331.644608ms
2025/08/05 12:08:20 Run 8 complete
2025/08/05 12:08:20 StationSystem update...
2025/08/05 12:08:20 weather update count: 600
2025/08/05 12:08:20 StationSystem update time: 4.667µs
2025/08/05 12:08:20 SatelliteSystem update...
2025/08/05 12:08:20 satellite count: 500
2025/08/05 12:08:20 SatelliteSystem update time: 1.430644ms
2025/08/05 12:08:20 TopoSystem update...
2025/08/05 12:08:20 TopoSystem: Link count: 300000
2025/08/05 12:08:20 TopoSystem update time: 5.472169ms
2025/08/05 12:08:20 AttenuationSystem update...
2025/08/05 12:08:20 AttenuationSystem parallel flag: 0
2025/08/05 12:08:20 Attenuation computed count: 300000
2025/08/05 12:08:20 AttenuationSystem update time: 361.304659ms
2025/08/05 12:08:20 Run 9 complete
2025/08/05 12:08:20 StationSystem update...
2025/08/05 12:08:20 weather update count: 600
2025/08/05 12:08:20 StationSystem update time: 4.529µs
2025/08/05 12:08:20 SatelliteSystem update...
2025/08/05 12:08:20 satellite count: 500
2025/08/05 12:08:20 SatelliteSystem update time: 1.923183ms
2025/08/05 12:08:20 TopoSystem update...
2025/08/05 12:08:20 TopoSystem: Link count: 300000
2025/08/05 12:08:20 TopoSystem update time: 5.320077ms
2025/08/05 12:08:20 AttenuationSystem update...
2025/08/05 12:08:20 AttenuationSystem parallel flag: 0
2025/08/05 12:08:21 Attenuation computed count: 300000
2025/08/05 12:08:21 AttenuationSystem update time: 375.28515ms
2025/08/05 12:08:21 Run 10 complete
2025/08/05 12:08:21 Total update time:  3.594379463s
2025/08/05 12:08:21 linkCache size: 40

 Performance counter stats for './scale_ecs 600 500 10 4 2 0':

         7,437,512      cache-references                                                      
         1,768,054      cache-misses                     #   23.77% of all cache refs         

       3.600692446 seconds time elapsed

       6.957177000 seconds user
       0.053962000 seconds sys


