ECS running with 500 stations, 700 satellites, 4 numWGs and 4 numBlocks for 10 rounds in 1 parallel pattern
2025/08/05 11:47:16 StationSystem update...
2025/08/05 11:47:16 weather update count: 500
2025/08/05 11:47:16 StationSystem update time: 5.51µs
2025/08/05 11:47:16 SatelliteSystem update...
2025/08/05 11:47:16 satellite count: 700
2025/08/05 11:47:16 SatelliteSystem update time: 2.68395ms
2025/08/05 11:47:16 TopoSystem update...
2025/08/05 11:47:16 TopoSystem: Link count: 350000
2025/08/05 11:47:16 TopoSystem update time: 11.832791ms
2025/08/05 11:47:16 AttenuationSystem update...
2025/08/05 11:47:16 AttenuationSystem parallel flag: 1
2025/08/05 11:47:16 Attenuation computed count: 350000
2025/08/05 11:47:16 AttenuationSystem update time: 199.867979ms
2025/08/05 11:47:16 Run 1 complete
2025/08/05 11:47:16 StationSystem update...
2025/08/05 11:47:16 weather update count: 500
2025/08/05 11:47:16 StationSystem update time: 4.075µs
2025/08/05 11:47:16 SatelliteSystem update...
2025/08/05 11:47:16 satellite count: 700
2025/08/05 11:47:16 SatelliteSystem update time: 2.674186ms
2025/08/05 11:47:16 TopoSystem update...
2025/08/05 11:47:16 TopoSystem: Link count: 350000
2025/08/05 11:47:16 TopoSystem update time: 10.036764ms
2025/08/05 11:47:16 AttenuationSystem update...
2025/08/05 11:47:16 AttenuationSystem parallel flag: 1
2025/08/05 11:47:17 Attenuation computed count: 350000
2025/08/05 11:47:17 AttenuationSystem update time: 221.364094ms
2025/08/05 11:47:17 Run 2 complete
2025/08/05 11:47:17 StationSystem update...
2025/08/05 11:47:17 weather update count: 500
2025/08/05 11:47:17 StationSystem update time: 3.236µs
2025/08/05 11:47:17 SatelliteSystem update...
2025/08/05 11:47:17 satellite count: 700
2025/08/05 11:47:17 SatelliteSystem update time: 2.017974ms
2025/08/05 11:47:17 TopoSystem update...
2025/08/05 11:47:17 TopoSystem: Link count: 350000
2025/08/05 11:47:17 TopoSystem update time: 5.389717ms
2025/08/05 11:47:17 AttenuationSystem update...
2025/08/05 11:47:17 AttenuationSystem parallel flag: 1
2025/08/05 11:47:17 Attenuation computed count: 350000
2025/08/05 11:47:17 AttenuationSystem update time: 232.743636ms
2025/08/05 11:47:17 Run 3 complete
2025/08/05 11:47:17 StationSystem update...
2025/08/05 11:47:17 weather update count: 500
2025/08/05 11:47:17 StationSystem update time: 2.532µs
2025/08/05 11:47:17 SatelliteSystem update...
2025/08/05 11:47:17 satellite count: 700
2025/08/05 11:47:17 SatelliteSystem update time: 2.668387ms
2025/08/05 11:47:17 TopoSystem update...
2025/08/05 11:47:17 TopoSystem: Link count: 350000
2025/08/05 11:47:17 TopoSystem update time: 5.539793ms
2025/08/05 11:47:17 AttenuationSystem update...
2025/08/05 11:47:17 AttenuationSystem parallel flag: 1
2025/08/05 11:47:17 Attenuation computed count: 350000
2025/08/05 11:47:17 AttenuationSystem update time: 232.049171ms
2025/08/05 11:47:17 Run 4 complete
2025/08/05 11:47:17 StationSystem update...
2025/08/05 11:47:17 weather update count: 500
2025/08/05 11:47:17 StationSystem update time: 3.417µs
2025/08/05 11:47:17 SatelliteSystem update...
2025/08/05 11:47:17 satellite count: 700
2025/08/05 11:47:17 SatelliteSystem update time: 2.008159ms
2025/08/05 11:47:17 TopoSystem update...
2025/08/05 11:47:17 TopoSystem: Link count: 350000
2025/08/05 11:47:17 TopoSystem update time: 5.361969ms
2025/08/05 11:47:17 AttenuationSystem update...
2025/08/05 11:47:17 AttenuationSystem parallel flag: 1
2025/08/05 11:47:17 Attenuation computed count: 350000
2025/08/05 11:47:17 AttenuationSystem update time: 227.70254ms
2025/08/05 11:47:17 Run 5 complete
2025/08/05 11:47:17 StationSystem update...
2025/08/05 11:47:17 weather update count: 500
2025/08/05 11:47:17 StationSystem update time: 4.239µs
2025/08/05 11:47:17 SatelliteSystem update...
2025/08/05 11:47:17 satellite count: 700
2025/08/05 11:47:17 SatelliteSystem update time: 2.673945ms
2025/08/05 11:47:17 TopoSystem update...
2025/08/05 11:47:17 TopoSystem: Link count: 350000
2025/08/05 11:47:17 TopoSystem update time: 6.288629ms
2025/08/05 11:47:17 AttenuationSystem update...
2025/08/05 11:47:17 AttenuationSystem parallel flag: 1
2025/08/05 11:47:18 Attenuation computed count: 350000
2025/08/05 11:47:18 AttenuationSystem update time: 212.313309ms
2025/08/05 11:47:18 Run 6 complete
2025/08/05 11:47:18 StationSystem update...
2025/08/05 11:47:18 weather update count: 500
2025/08/05 11:47:18 StationSystem update time: 3.438µs
2025/08/05 11:47:18 SatelliteSystem update...
2025/08/05 11:47:18 satellite count: 700
2025/08/05 11:47:18 SatelliteSystem update time: 2.682327ms
2025/08/05 11:47:18 TopoSystem update...
2025/08/05 11:47:18 TopoSystem: Link count: 350000
2025/08/05 11:47:18 TopoSystem update time: 5.485871ms
2025/08/05 11:47:18 AttenuationSystem update...
2025/08/05 11:47:18 AttenuationSystem parallel flag: 1
2025/08/05 11:47:18 Attenuation computed count: 350000
2025/08/05 11:47:18 AttenuationSystem update time: 220.439919ms
2025/08/05 11:47:18 Run 7 complete
2025/08/05 11:47:18 StationSystem update...
2025/08/05 11:47:18 weather update count: 500
2025/08/05 11:47:18 StationSystem update time: 3.399µs
2025/08/05 11:47:18 SatelliteSystem update...
2025/08/05 11:47:18 satellite count: 700
2025/08/05 11:47:18 SatelliteSystem update time: 2.671866ms
2025/08/05 11:47:18 TopoSystem update...
2025/08/05 11:47:18 TopoSystem: Link count: 350000
2025/08/05 11:47:18 TopoSystem update time: 5.952043ms
2025/08/05 11:47:18 AttenuationSystem update...
2025/08/05 11:47:18 AttenuationSystem parallel flag: 1
2025/08/05 11:47:18 Attenuation computed count: 350000
2025/08/05 11:47:18 AttenuationSystem update time: 206.324962ms
2025/08/05 11:47:18 Run 8 complete
2025/08/05 11:47:18 StationSystem update...
2025/08/05 11:47:18 weather update count: 500
2025/08/05 11:47:18 StationSystem update time: 4.274µs
2025/08/05 11:47:18 SatelliteSystem update...
2025/08/05 11:47:18 satellite count: 700
2025/08/05 11:47:18 SatelliteSystem update time: 2.668975ms
2025/08/05 11:47:18 TopoSystem update...
2025/08/05 11:47:18 TopoSystem: Link count: 350000
2025/08/05 11:47:18 TopoSystem update time: 5.842964ms
2025/08/05 11:47:18 AttenuationSystem update...
2025/08/05 11:47:18 AttenuationSystem parallel flag: 1
2025/08/05 11:47:18 Attenuation computed count: 350000
2025/08/05 11:47:18 AttenuationSystem update time: 235.871348ms
2025/08/05 11:47:18 Run 9 complete
2025/08/05 11:47:18 StationSystem update...
2025/08/05 11:47:18 weather update count: 500
2025/08/05 11:47:18 StationSystem update time: 8.774µs
2025/08/05 11:47:18 SatelliteSystem update...
2025/08/05 11:47:18 satellite count: 700
2025/08/05 11:47:18 SatelliteSystem update time: 2.885449ms
2025/08/05 11:47:18 TopoSystem update...
2025/08/05 11:47:18 TopoSystem: Link count: 350000
2025/08/05 11:47:18 TopoSystem update time: 15.317697ms
2025/08/05 11:47:18 AttenuationSystem update...
2025/08/05 11:47:18 AttenuationSystem parallel flag: 1
2025/08/05 11:47:19 Attenuation computed count: 350000
2025/08/05 11:47:19 AttenuationSystem update time: 261.629753ms
2025/08/05 11:47:19 Run 10 complete
2025/08/05 11:47:19 Total update time:  2.359277381s
2025/08/05 11:47:19 linkCache size: 40

 Performance counter stats for './scale_ecs 500 700 10 4 4 1':

         8,821,615      cache-references                                                      
         1,865,866      cache-misses                     #   21.15% of all cache refs         

       2.364647952 seconds time elapsed

       8.230417000 seconds user
       0.046136000 seconds sys


