ECS running with 1000 stations, 800 satellites, 8 numWGs and 8 numBlocks for 10 rounds in 0 parallel pattern
2025/08/05 14:26:28 StationSystem update...
2025/08/05 14:26:28 weather update count: 1000
2025/08/05 14:26:28 StationSystem update time: 7.37µs
2025/08/05 14:26:28 SatelliteSystem update...
2025/08/05 14:26:28 satellite count: 800
2025/08/05 14:26:28 SatelliteSystem update time: 3.089049ms
2025/08/05 14:26:28 TopoSystem update...
2025/08/05 14:26:28 TopoSystem: Link count: 800000
2025/08/05 14:26:28 TopoSystem update time: 27.083373ms
2025/08/05 14:26:28 AttenuationSystem update...
2025/08/05 14:26:28 AttenuationSystem parallel flag: 0
2025/08/05 14:26:28 Attenuation computed count: 800000
2025/08/05 14:26:28 AttenuationSystem update time: 232.611641ms
2025/08/05 14:26:28 Run 1 complete
2025/08/05 14:26:28 StationSystem update...
2025/08/05 14:26:28 weather update count: 1000
2025/08/05 14:26:28 StationSystem update time: 7.146µs
2025/08/05 14:26:28 SatelliteSystem update...
2025/08/05 14:26:28 satellite count: 800
2025/08/05 14:26:28 SatelliteSystem update time: 3.059412ms
2025/08/05 14:26:28 TopoSystem update...
2025/08/05 14:26:28 TopoSystem: Link count: 800000
2025/08/05 14:26:28 TopoSystem update time: 23.374044ms
2025/08/05 14:26:28 AttenuationSystem update...
2025/08/05 14:26:28 AttenuationSystem parallel flag: 0
2025/08/05 14:26:29 Attenuation computed count: 800000
2025/08/05 14:26:29 AttenuationSystem update time: 235.568821ms
2025/08/05 14:26:29 Run 2 complete
2025/08/05 14:26:29 StationSystem update...
2025/08/05 14:26:29 weather update count: 1000
2025/08/05 14:26:29 StationSystem update time: 11.907µs
2025/08/05 14:26:29 SatelliteSystem update...
2025/08/05 14:26:29 satellite count: 800
2025/08/05 14:26:29 SatelliteSystem update time: 3.058511ms
2025/08/05 14:26:29 TopoSystem update...
2025/08/05 14:26:29 TopoSystem: Link count: 800000
2025/08/05 14:26:29 TopoSystem update time: 12.600055ms
2025/08/05 14:26:29 AttenuationSystem update...
2025/08/05 14:26:29 AttenuationSystem parallel flag: 0
2025/08/05 14:26:29 Attenuation computed count: 800000
2025/08/05 14:26:29 AttenuationSystem update time: 252.195052ms
2025/08/05 14:26:29 Run 3 complete
2025/08/05 14:26:29 StationSystem update...
2025/08/05 14:26:29 weather update count: 1000
2025/08/05 14:26:29 StationSystem update time: 5.852µs
2025/08/05 14:26:29 SatelliteSystem update...
2025/08/05 14:26:29 satellite count: 800
2025/08/05 14:26:29 SatelliteSystem update time: 3.08068ms
2025/08/05 14:26:29 TopoSystem update...
2025/08/05 14:26:29 TopoSystem: Link count: 800000
2025/08/05 14:26:29 TopoSystem update time: 16.566521ms
2025/08/05 14:26:29 AttenuationSystem update...
2025/08/05 14:26:29 AttenuationSystem parallel flag: 0
2025/08/05 14:26:29 Attenuation computed count: 800000
2025/08/05 14:26:29 AttenuationSystem update time: 257.87741ms
2025/08/05 14:26:29 Run 4 complete
2025/08/05 14:26:29 StationSystem update...
2025/08/05 14:26:29 weather update count: 1000
2025/08/05 14:26:29 StationSystem update time: 6.903µs
2025/08/05 14:26:29 SatelliteSystem update...
2025/08/05 14:26:29 satellite count: 800
2025/08/05 14:26:29 SatelliteSystem update time: 3.04601ms
2025/08/05 14:26:29 TopoSystem update...
2025/08/05 14:26:29 TopoSystem: Link count: 800000
2025/08/05 14:26:29 TopoSystem update time: 13.526169ms
2025/08/05 14:26:29 AttenuationSystem update...
2025/08/05 14:26:29 AttenuationSystem parallel flag: 0
2025/08/05 14:26:29 Attenuation computed count: 800000
2025/08/05 14:26:29 AttenuationSystem update time: 270.85576ms
2025/08/05 14:26:29 Run 5 complete
2025/08/05 14:26:29 StationSystem update...
2025/08/05 14:26:29 weather update count: 1000
2025/08/05 14:26:29 StationSystem update time: 19.969µs
2025/08/05 14:26:29 SatelliteSystem update...
2025/08/05 14:26:29 satellite count: 800
2025/08/05 14:26:29 SatelliteSystem update time: 3.522154ms
2025/08/05 14:26:29 TopoSystem update...
2025/08/05 14:26:30 TopoSystem: Link count: 800000
2025/08/05 14:26:30 TopoSystem update time: 43.413416ms
2025/08/05 14:26:30 AttenuationSystem update...
2025/08/05 14:26:30 AttenuationSystem parallel flag: 0
2025/08/05 14:26:30 Attenuation computed count: 800000
2025/08/05 14:26:30 AttenuationSystem update time: 284.80977ms
2025/08/05 14:26:30 Run 6 complete
2025/08/05 14:26:30 StationSystem update...
2025/08/05 14:26:30 weather update count: 1000
2025/08/05 14:26:30 StationSystem update time: 6.015µs
2025/08/05 14:26:30 SatelliteSystem update...
2025/08/05 14:26:30 satellite count: 800
2025/08/05 14:26:30 SatelliteSystem update time: 3.078021ms
2025/08/05 14:26:30 TopoSystem update...
2025/08/05 14:26:30 TopoSystem: Link count: 800000
2025/08/05 14:26:30 TopoSystem update time: 18.223196ms
2025/08/05 14:26:30 AttenuationSystem update...
2025/08/05 14:26:30 AttenuationSystem parallel flag: 0
2025/08/05 14:26:30 Attenuation computed count: 800000
2025/08/05 14:26:30 AttenuationSystem update time: 247.975217ms
2025/08/05 14:26:30 Run 7 complete
2025/08/05 14:26:30 StationSystem update...
2025/08/05 14:26:30 weather update count: 1000
2025/08/05 14:26:30 StationSystem update time: 7.103µs
2025/08/05 14:26:30 SatelliteSystem update...
2025/08/05 14:26:30 satellite count: 800
2025/08/05 14:26:30 SatelliteSystem update time: 3.050325ms
2025/08/05 14:26:30 TopoSystem update...
2025/08/05 14:26:30 TopoSystem: Link count: 800000
2025/08/05 14:26:30 TopoSystem update time: 16.321536ms
2025/08/05 14:26:30 AttenuationSystem update...
2025/08/05 14:26:30 AttenuationSystem parallel flag: 0
2025/08/05 14:26:30 Attenuation computed count: 800000
2025/08/05 14:26:30 AttenuationSystem update time: 242.555718ms
2025/08/05 14:26:30 Run 8 complete
2025/08/05 14:26:30 StationSystem update...
2025/08/05 14:26:30 weather update count: 1000
2025/08/05 14:26:30 StationSystem update time: 15.172µs
2025/08/05 14:26:30 SatelliteSystem update...
2025/08/05 14:26:30 satellite count: 800
2025/08/05 14:26:30 SatelliteSystem update time: 3.05586ms
2025/08/05 14:26:30 TopoSystem update...
2025/08/05 14:26:30 TopoSystem: Link count: 800000
2025/08/05 14:26:30 TopoSystem update time: 13.284777ms
2025/08/05 14:26:30 AttenuationSystem update...
2025/08/05 14:26:30 AttenuationSystem parallel flag: 0
2025/08/05 14:26:31 Attenuation computed count: 800000
2025/08/05 14:26:31 AttenuationSystem update time: 249.074145ms
2025/08/05 14:26:31 Run 9 complete
2025/08/05 14:26:31 StationSystem update...
2025/08/05 14:26:31 weather update count: 1000
2025/08/05 14:26:31 StationSystem update time: 6.779µs
2025/08/05 14:26:31 SatelliteSystem update...
2025/08/05 14:26:31 satellite count: 800
2025/08/05 14:26:31 SatelliteSystem update time: 3.065579ms
2025/08/05 14:26:31 TopoSystem update...
2025/08/05 14:26:31 TopoSystem: Link count: 800000
2025/08/05 14:26:31 TopoSystem update time: 13.247109ms
2025/08/05 14:26:31 AttenuationSystem update...
2025/08/05 14:26:31 AttenuationSystem parallel flag: 0
2025/08/05 14:26:31 Attenuation computed count: 800000
2025/08/05 14:26:31 AttenuationSystem update time: 262.403926ms
2025/08/05 14:26:31 Run 10 complete
2025/08/05 14:26:31 Total update time:  2.771730576s
2025/08/05 14:26:31 linkCache size: 40

 Performance counter stats for './scale_ecs 1000 800 10 8 8 0':

        18,443,867      cache-references                                                      
         4,384,942      cache-misses                     #   23.77% of all cache refs         

       2.780551424 seconds time elapsed

      18.975905000 seconds user
       0.124045000 seconds sys


