ECS running with 900 stations, 1400 satellites, 2 numWGs and 4 numBlocks for 10 rounds in 0 parallel pattern
2025/08/05 13:58:02 StationSystem update...
2025/08/05 13:58:02 weather update count: 900
2025/08/05 13:58:02 SatelliteSystem update...
2025/08/05 13:58:02 StationSystem update time: 24.981µs
2025/08/05 13:58:02 satellite count: 1400
2025/08/05 13:58:02 SatelliteSystem update time: 5.375628ms
2025/08/05 13:58:02 TopoSystem update...
2025/08/05 13:58:02 TopoSystem: Link count: 1260000
2025/08/05 13:58:02 TopoSystem update time: 45.779096ms
2025/08/05 13:58:02 AttenuationSystem update...
2025/08/05 13:58:02 AttenuationSystem parallel flag: 0
2025/08/05 13:58:03 Attenuation computed count: 1260000
2025/08/05 13:58:03 AttenuationSystem update time: 735.54347ms
2025/08/05 13:58:03 Run 1 complete
2025/08/05 13:58:03 StationSystem update...
2025/08/05 13:58:03 weather update count: 900
2025/08/05 13:58:03 StationSystem update time: 10.217µs
2025/08/05 13:58:03 SatelliteSystem update...
2025/08/05 13:58:03 satellite count: 1400
2025/08/05 13:58:03 SatelliteSystem update time: 5.38228ms
2025/08/05 13:58:03 TopoSystem update...
2025/08/05 13:58:03 TopoSystem: Link count: 1260000
2025/08/05 13:58:03 TopoSystem update time: 41.17451ms
2025/08/05 13:58:03 AttenuationSystem update...
2025/08/05 13:58:03 AttenuationSystem parallel flag: 0
2025/08/05 13:58:04 Attenuation computed count: 1260000
2025/08/05 13:58:04 AttenuationSystem update time: 743.934704ms
2025/08/05 13:58:04 Run 2 complete
2025/08/05 13:58:04 StationSystem update...
2025/08/05 13:58:04 weather update count: 900
2025/08/05 13:58:04 StationSystem update time: 25.445µs
2025/08/05 13:58:04 SatelliteSystem update...
2025/08/05 13:58:04 satellite count: 1400
2025/08/05 13:58:04 SatelliteSystem update time: 6.716706ms
2025/08/05 13:58:04 TopoSystem update...
2025/08/05 13:58:04 TopoSystem: Link count: 1260000
2025/08/05 13:58:04 TopoSystem update time: 57.056342ms
2025/08/05 13:58:04 AttenuationSystem update...
2025/08/05 13:58:04 AttenuationSystem parallel flag: 0
2025/08/05 13:58:05 Attenuation computed count: 1260000
2025/08/05 13:58:05 AttenuationSystem update time: 900.269749ms
2025/08/05 13:58:05 Run 3 complete
2025/08/05 13:58:05 StationSystem update...
2025/08/05 13:58:05 weather update count: 900
2025/08/05 13:58:05 StationSystem update time: 9.9µs
2025/08/05 13:58:05 SatelliteSystem update...
2025/08/05 13:58:05 satellite count: 1400
2025/08/05 13:58:05 SatelliteSystem update time: 9.687074ms
2025/08/05 13:58:05 TopoSystem update...
2025/08/05 13:58:05 TopoSystem: Link count: 1260000
2025/08/05 13:58:05 TopoSystem update time: 54.431326ms
2025/08/05 13:58:05 AttenuationSystem update...
2025/08/05 13:58:05 AttenuationSystem parallel flag: 0
2025/08/05 13:58:06 Attenuation computed count: 1260000
2025/08/05 13:58:06 AttenuationSystem update time: 779.047813ms
2025/08/05 13:58:06 Run 4 complete
2025/08/05 13:58:06 StationSystem update...
2025/08/05 13:58:06 weather update count: 900
2025/08/05 13:58:06 StationSystem update time: 10.147µs
2025/08/05 13:58:06 SatelliteSystem update...
2025/08/05 13:58:06 satellite count: 1400
2025/08/05 13:58:06 SatelliteSystem update time: 5.396224ms
2025/08/05 13:58:06 TopoSystem update...
2025/08/05 13:58:06 TopoSystem: Link count: 1260000
2025/08/05 13:58:06 TopoSystem update time: 24.376966ms
2025/08/05 13:58:06 AttenuationSystem update...
2025/08/05 13:58:06 AttenuationSystem parallel flag: 0
2025/08/05 13:58:07 Attenuation computed count: 1260000
2025/08/05 13:58:07 AttenuationSystem update time: 722.586257ms
2025/08/05 13:58:07 Run 5 complete
2025/08/05 13:58:07 StationSystem update...
2025/08/05 13:58:07 weather update count: 900
2025/08/05 13:58:07 StationSystem update time: 14.654µs
2025/08/05 13:58:07 SatelliteSystem update...
2025/08/05 13:58:07 satellite count: 1400
2025/08/05 13:58:07 SatelliteSystem update time: 5.876543ms
2025/08/05 13:58:07 TopoSystem update...
2025/08/05 13:58:07 TopoSystem: Link count: 1260000
2025/08/05 13:58:07 TopoSystem update time: 70.47131ms
2025/08/05 13:58:07 AttenuationSystem update...
2025/08/05 13:58:07 AttenuationSystem parallel flag: 0
2025/08/05 13:58:07 Attenuation computed count: 1260000
2025/08/05 13:58:07 AttenuationSystem update time: 730.969342ms
2025/08/05 13:58:07 Run 6 complete
2025/08/05 13:58:07 StationSystem update...
2025/08/05 13:58:07 weather update count: 900
2025/08/05 13:58:07 StationSystem update time: 7.125µs
2025/08/05 13:58:07 SatelliteSystem update...
2025/08/05 13:58:07 satellite count: 1400
2025/08/05 13:58:07 SatelliteSystem update time: 5.334221ms
2025/08/05 13:58:07 TopoSystem update...
2025/08/05 13:58:07 TopoSystem: Link count: 1260000
2025/08/05 13:58:07 TopoSystem update time: 51.441642ms
2025/08/05 13:58:07 AttenuationSystem update...
2025/08/05 13:58:07 AttenuationSystem parallel flag: 0
2025/08/05 13:58:08 Attenuation computed count: 1260000
2025/08/05 13:58:08 AttenuationSystem update time: 761.254174ms
2025/08/05 13:58:08 Run 7 complete
2025/08/05 13:58:08 StationSystem update...
2025/08/05 13:58:08 SatelliteSystem update...
2025/08/05 13:58:08 weather update count: 900
2025/08/05 13:58:08 StationSystem update time: 9.772µs
2025/08/05 13:58:08 satellite count: 1400
2025/08/05 13:58:08 SatelliteSystem update time: 5.323975ms
2025/08/05 13:58:08 TopoSystem update...
2025/08/05 13:58:08 TopoSystem: Link count: 1260000
2025/08/05 13:58:08 TopoSystem update time: 21.012778ms
2025/08/05 13:58:08 AttenuationSystem update...
2025/08/05 13:58:08 AttenuationSystem parallel flag: 0
2025/08/05 13:58:09 Attenuation computed count: 1260000
2025/08/05 13:58:09 AttenuationSystem update time: 751.77621ms
2025/08/05 13:58:09 Run 8 complete
2025/08/05 13:58:09 StationSystem update...
2025/08/05 13:58:09 weather update count: 900
2025/08/05 13:58:09 StationSystem update time: 6.86µs
2025/08/05 13:58:09 SatelliteSystem update...
2025/08/05 13:58:09 satellite count: 1400
2025/08/05 13:58:09 SatelliteSystem update time: 5.319439ms
2025/08/05 13:58:09 TopoSystem update...
2025/08/05 13:58:09 TopoSystem: Link count: 1260000
2025/08/05 13:58:09 TopoSystem update time: 20.932262ms
2025/08/05 13:58:09 AttenuationSystem update...
2025/08/05 13:58:09 AttenuationSystem parallel flag: 0
2025/08/05 13:58:10 Attenuation computed count: 1260000
2025/08/05 13:58:10 AttenuationSystem update time: 750.83039ms
2025/08/05 13:58:10 Run 9 complete
2025/08/05 13:58:10 StationSystem update...
2025/08/05 13:58:10 weather update count: 900
2025/08/05 13:58:10 StationSystem update time: 6.8µs
2025/08/05 13:58:10 SatelliteSystem update...
2025/08/05 13:58:10 satellite count: 1400
2025/08/05 13:58:10 SatelliteSystem update time: 5.315314ms
2025/08/05 13:58:10 TopoSystem update...
2025/08/05 13:58:10 TopoSystem: Link count: 1260000
2025/08/05 13:58:10 TopoSystem update time: 20.881254ms
2025/08/05 13:58:10 AttenuationSystem update...
2025/08/05 13:58:10 AttenuationSystem parallel flag: 0
2025/08/05 13:58:11 Attenuation computed count: 1260000
2025/08/05 13:58:11 AttenuationSystem update time: 724.297434ms
2025/08/05 13:58:11 Run 10 complete
2025/08/05 13:58:11 Total update time:  8.082174667s
2025/08/05 13:58:11 linkCache size: 40

 Performance counter stats for './scale_ecs 900 1400 10 2 4 0':

        29,914,497      cache-references                                                      
         8,898,014      cache-misses                     #   29.74% of all cache refs         

       8.093955468 seconds time elapsed

      29.705258000 seconds user
       0.291923000 seconds sys


