ECS running with 600 stations, 1600 satellites, 8 numWGs and 2 numBlocks for 10 rounds in 1 parallel pattern
2025/08/05 12:24:25 StationSystem update...
2025/08/05 12:24:25 weather update count: 600
2025/08/05 12:24:25 SatelliteSystem update...
2025/08/05 12:24:25 StationSystem update time: 6.926µs
2025/08/05 12:24:25 satellite count: 1600
2025/08/05 12:24:25 SatelliteSystem update time: 6.053663ms
2025/08/05 12:24:25 TopoSystem update...
2025/08/05 12:24:25 TopoSystem: Link count: 960000
2025/08/05 12:24:25 TopoSystem update time: 30.709474ms
2025/08/05 12:24:25 AttenuationSystem update...
2025/08/05 12:24:25 AttenuationSystem parallel flag: 1
2025/08/05 12:24:25 Attenuation computed count: 960000
2025/08/05 12:24:25 AttenuationSystem update time: 275.943939ms
2025/08/05 12:24:25 Run 1 complete
2025/08/05 12:24:25 StationSystem update...
2025/08/05 12:24:25 weather update count: 600
2025/08/05 12:24:25 StationSystem update time: 4.422µs
2025/08/05 12:24:25 SatelliteSystem update...
2025/08/05 12:24:25 satellite count: 1600
2025/08/05 12:24:25 SatelliteSystem update time: 6.089125ms
2025/08/05 12:24:25 TopoSystem update...
2025/08/05 12:24:25 TopoSystem: Link count: 960000
2025/08/05 12:24:25 TopoSystem update time: 22.481217ms
2025/08/05 12:24:25 AttenuationSystem update...
2025/08/05 12:24:25 AttenuationSystem parallel flag: 1
2025/08/05 12:24:25 Attenuation computed count: 960000
2025/08/05 12:24:25 AttenuationSystem update time: 299.563884ms
2025/08/05 12:24:25 Run 2 complete
2025/08/05 12:24:25 StationSystem update...
2025/08/05 12:24:25 weather update count: 600
2025/08/05 12:24:25 StationSystem update time: 4.169µs
2025/08/05 12:24:25 SatelliteSystem update...
2025/08/05 12:24:25 satellite count: 1600
2025/08/05 12:24:25 SatelliteSystem update time: 6.096058ms
2025/08/05 12:24:25 TopoSystem update...
2025/08/05 12:24:25 TopoSystem: Link count: 960000
2025/08/05 12:24:25 TopoSystem update time: 15.438858ms
2025/08/05 12:24:25 AttenuationSystem update...
2025/08/05 12:24:25 AttenuationSystem parallel flag: 1
2025/08/05 12:24:26 Attenuation computed count: 960000
2025/08/05 12:24:26 AttenuationSystem update time: 307.536035ms
2025/08/05 12:24:26 Run 3 complete
2025/08/05 12:24:26 StationSystem update...
2025/08/05 12:24:26 weather update count: 600
2025/08/05 12:24:26 StationSystem update time: 4.045µs
2025/08/05 12:24:26 SatelliteSystem update...
2025/08/05 12:24:26 satellite count: 1600
2025/08/05 12:24:26 SatelliteSystem update time: 6.065322ms
2025/08/05 12:24:26 TopoSystem update...
2025/08/05 12:24:26 TopoSystem: Link count: 960000
2025/08/05 12:24:26 TopoSystem update time: 33.255301ms
2025/08/05 12:24:26 AttenuationSystem update...
2025/08/05 12:24:26 AttenuationSystem parallel flag: 1
2025/08/05 12:24:26 Attenuation computed count: 960000
2025/08/05 12:24:26 AttenuationSystem update time: 301.722013ms
2025/08/05 12:24:26 Run 4 complete
2025/08/05 12:24:26 StationSystem update...
2025/08/05 12:24:26 weather update count: 600
2025/08/05 12:24:26 StationSystem update time: 8.932µs
2025/08/05 12:24:26 SatelliteSystem update...
2025/08/05 12:24:26 satellite count: 1600
2025/08/05 12:24:26 SatelliteSystem update time: 6.778783ms
2025/08/05 12:24:26 TopoSystem update...
2025/08/05 12:24:26 TopoSystem: Link count: 960000
2025/08/05 12:24:26 TopoSystem update time: 39.122177ms
2025/08/05 12:24:26 AttenuationSystem update...
2025/08/05 12:24:26 AttenuationSystem parallel flag: 1
2025/08/05 12:24:26 Attenuation computed count: 960000
2025/08/05 12:24:26 AttenuationSystem update time: 299.044196ms
2025/08/05 12:24:26 Run 5 complete
2025/08/05 12:24:26 StationSystem update...
2025/08/05 12:24:26 weather update count: 600
2025/08/05 12:24:26 StationSystem update time: 4.718µs
2025/08/05 12:24:26 SatelliteSystem update...
2025/08/05 12:24:26 satellite count: 1600
2025/08/05 12:24:26 SatelliteSystem update time: 6.086489ms
2025/08/05 12:24:26 TopoSystem update...
2025/08/05 12:24:26 TopoSystem: Link count: 960000
2025/08/05 12:24:26 TopoSystem update time: 23.666724ms
2025/08/05 12:24:26 AttenuationSystem update...
2025/08/05 12:24:26 AttenuationSystem parallel flag: 1
2025/08/05 12:24:27 Attenuation computed count: 960000
2025/08/05 12:24:27 AttenuationSystem update time: 314.772301ms
2025/08/05 12:24:27 Run 6 complete
2025/08/05 12:24:27 StationSystem update...
2025/08/05 12:24:27 weather update count: 600
2025/08/05 12:24:27 StationSystem update time: 4.219µs
2025/08/05 12:24:27 SatelliteSystem update...
2025/08/05 12:24:27 satellite count: 1600
2025/08/05 12:24:27 SatelliteSystem update time: 6.131909ms
2025/08/05 12:24:27 TopoSystem update...
2025/08/05 12:24:27 TopoSystem: Link count: 960000
2025/08/05 12:24:27 TopoSystem update time: 15.463105ms
2025/08/05 12:24:27 AttenuationSystem update...
2025/08/05 12:24:27 AttenuationSystem parallel flag: 1
2025/08/05 12:24:27 Attenuation computed count: 960000
2025/08/05 12:24:27 AttenuationSystem update time: 276.875763ms
2025/08/05 12:24:27 Run 7 complete
2025/08/05 12:24:27 StationSystem update...
2025/08/05 12:24:27 weather update count: 600
2025/08/05 12:24:27 StationSystem update time: 4.381µs
2025/08/05 12:24:27 SatelliteSystem update...
2025/08/05 12:24:27 satellite count: 1600
2025/08/05 12:24:27 SatelliteSystem update time: 6.05591ms
2025/08/05 12:24:27 TopoSystem update...
2025/08/05 12:24:27 TopoSystem: Link count: 960000
2025/08/05 12:24:27 TopoSystem update time: 16.692441ms
2025/08/05 12:24:27 AttenuationSystem update...
2025/08/05 12:24:27 AttenuationSystem parallel flag: 1
2025/08/05 12:24:27 Attenuation computed count: 960000
2025/08/05 12:24:27 AttenuationSystem update time: 299.71393ms
2025/08/05 12:24:27 Run 8 complete
2025/08/05 12:24:27 StationSystem update...
2025/08/05 12:24:27 weather update count: 600
2025/08/05 12:24:27 StationSystem update time: 4.502µs
2025/08/05 12:24:27 SatelliteSystem update...
2025/08/05 12:24:27 satellite count: 1600
2025/08/05 12:24:27 SatelliteSystem update time: 6.084565ms
2025/08/05 12:24:27 TopoSystem update...
2025/08/05 12:24:27 TopoSystem: Link count: 960000
2025/08/05 12:24:27 TopoSystem update time: 12.543708ms
2025/08/05 12:24:27 AttenuationSystem update...
2025/08/05 12:24:27 AttenuationSystem parallel flag: 1
2025/08/05 12:24:28 Attenuation computed count: 960000
2025/08/05 12:24:28 AttenuationSystem update time: 307.285689ms
2025/08/05 12:24:28 Run 9 complete
2025/08/05 12:24:28 StationSystem update...
2025/08/05 12:24:28 weather update count: 600
2025/08/05 12:24:28 StationSystem update time: 4.638µs
2025/08/05 12:24:28 SatelliteSystem update...
2025/08/05 12:24:28 satellite count: 1600
2025/08/05 12:24:28 SatelliteSystem update time: 6.054528ms
2025/08/05 12:24:28 TopoSystem update...
2025/08/05 12:24:28 TopoSystem: Link count: 960000
2025/08/05 12:24:28 TopoSystem update time: 33.640975ms
2025/08/05 12:24:28 AttenuationSystem update...
2025/08/05 12:24:28 AttenuationSystem parallel flag: 1
2025/08/05 12:24:28 Attenuation computed count: 960000
2025/08/05 12:24:28 AttenuationSystem update time: 289.484889ms
2025/08/05 12:24:28 Run 10 complete
2025/08/05 12:24:28 Total update time:  3.287186342s
2025/08/05 12:24:28 linkCache size: 40

 Performance counter stats for './scale_ecs 600 1600 10 8 2 1':

        22,045,375      cache-references                                                      
         5,547,187      cache-misses                     #   25.16% of all cache refs         

       3.294751602 seconds time elapsed

      20.619690000 seconds user
       0.131023000 seconds sys


