ECS running with 600 stations, 1200 satellites, 4 numWGs and 2 numBlocks for 10 rounds in 0 parallel pattern
2025/08/05 12:16:29 StationSystem update...
2025/08/05 12:16:29 weather update count: 600
2025/08/05 12:16:29 StationSystem update time: 5.865µs
2025/08/05 12:16:29 SatelliteSystem update...
2025/08/05 12:16:29 satellite count: 1200
2025/08/05 12:16:29 SatelliteSystem update time: 4.54912ms
2025/08/05 12:16:29 TopoSystem update...
2025/08/05 12:16:29 TopoSystem: Link count: 720000
2025/08/05 12:16:29 TopoSystem update time: 22.232746ms
2025/08/05 12:16:29 AttenuationSystem update...
2025/08/05 12:16:29 AttenuationSystem parallel flag: 0
2025/08/05 12:16:30 Attenuation computed count: 720000
2025/08/05 12:16:30 AttenuationSystem update time: 790.668322ms
2025/08/05 12:16:30 Run 1 complete
2025/08/05 12:16:30 StationSystem update...
2025/08/05 12:16:30 weather update count: 600
2025/08/05 12:16:30 StationSystem update time: 3.859µs
2025/08/05 12:16:30 SatelliteSystem update...
2025/08/05 12:16:30 satellite count: 1200
2025/08/05 12:16:30 SatelliteSystem update time: 3.389014ms
2025/08/05 12:16:30 TopoSystem update...
2025/08/05 12:16:30 TopoSystem: Link count: 720000
2025/08/05 12:16:30 TopoSystem update time: 17.105869ms
2025/08/05 12:16:30 AttenuationSystem update...
2025/08/05 12:16:30 AttenuationSystem parallel flag: 0
2025/08/05 12:16:31 Attenuation computed count: 720000
2025/08/05 12:16:31 AttenuationSystem update time: 822.003774ms
2025/08/05 12:16:31 Run 2 complete
2025/08/05 12:16:31 StationSystem update...
2025/08/05 12:16:31 weather update count: 600
2025/08/05 12:16:31 StationSystem update time: 3.601µs
2025/08/05 12:16:31 SatelliteSystem update...
2025/08/05 12:16:31 satellite count: 1200
2025/08/05 12:16:31 SatelliteSystem update time: 4.567404ms
2025/08/05 12:16:31 TopoSystem update...
2025/08/05 12:16:31 TopoSystem: Link count: 720000
2025/08/05 12:16:31 TopoSystem update time: 9.464861ms
2025/08/05 12:16:31 AttenuationSystem update...
2025/08/05 12:16:31 AttenuationSystem parallel flag: 0
2025/08/05 12:16:32 Attenuation computed count: 720000
2025/08/05 12:16:32 AttenuationSystem update time: 625.922757ms
2025/08/05 12:16:32 Run 3 complete
2025/08/05 12:16:32 StationSystem update...
2025/08/05 12:16:32 weather update count: 600
2025/08/05 12:16:32 StationSystem update time: 32.786µs
2025/08/05 12:16:32 SatelliteSystem update...
2025/08/05 12:16:32 satellite count: 1200
2025/08/05 12:16:32 SatelliteSystem update time: 3.706047ms
2025/08/05 12:16:32 TopoSystem update...
2025/08/05 12:16:32 TopoSystem: Link count: 720000
2025/08/05 12:16:32 TopoSystem update time: 17.909464ms
2025/08/05 12:16:32 AttenuationSystem update...
2025/08/05 12:16:32 AttenuationSystem parallel flag: 0
2025/08/05 12:16:33 Attenuation computed count: 720000
2025/08/05 12:16:33 AttenuationSystem update time: 823.374424ms
2025/08/05 12:16:33 Run 4 complete
2025/08/05 12:16:33 StationSystem update...
2025/08/05 12:16:33 weather update count: 600
2025/08/05 12:16:33 StationSystem update time: 4.954µs
2025/08/05 12:16:33 SatelliteSystem update...
2025/08/05 12:16:33 satellite count: 1200
2025/08/05 12:16:33 SatelliteSystem update time: 5.977004ms
2025/08/05 12:16:33 TopoSystem update...
2025/08/05 12:16:33 TopoSystem: Link count: 720000
2025/08/05 12:16:33 TopoSystem update time: 12.051351ms
2025/08/05 12:16:33 AttenuationSystem update...
2025/08/05 12:16:33 AttenuationSystem parallel flag: 0
2025/08/05 12:16:33 Attenuation computed count: 720000
2025/08/05 12:16:33 AttenuationSystem update time: 840.872718ms
2025/08/05 12:16:33 Run 5 complete
2025/08/05 12:16:33 StationSystem update...
2025/08/05 12:16:33 weather update count: 600
2025/08/05 12:16:33 StationSystem update time: 4.173µs
2025/08/05 12:16:33 SatelliteSystem update...
2025/08/05 12:16:33 satellite count: 1200
2025/08/05 12:16:33 SatelliteSystem update time: 11.365683ms
2025/08/05 12:16:33 TopoSystem update...
2025/08/05 12:16:33 TopoSystem: Link count: 720000
2025/08/05 12:16:33 TopoSystem update time: 28.841428ms
2025/08/05 12:16:33 AttenuationSystem update...
2025/08/05 12:16:33 AttenuationSystem parallel flag: 0
2025/08/05 12:16:34 Attenuation computed count: 720000
2025/08/05 12:16:34 AttenuationSystem update time: 844.978449ms
2025/08/05 12:16:34 Run 6 complete
2025/08/05 12:16:34 StationSystem update...
2025/08/05 12:16:34 weather update count: 600
2025/08/05 12:16:34 StationSystem update time: 6.811µs
2025/08/05 12:16:34 SatelliteSystem update...
2025/08/05 12:16:34 satellite count: 1200
2025/08/05 12:16:34 SatelliteSystem update time: 5.76529ms
2025/08/05 12:16:34 TopoSystem update...
2025/08/05 12:16:34 TopoSystem: Link count: 720000
2025/08/05 12:16:34 TopoSystem update time: 33.898746ms
2025/08/05 12:16:34 AttenuationSystem update...
2025/08/05 12:16:34 AttenuationSystem parallel flag: 0
2025/08/05 12:16:35 Attenuation computed count: 720000
2025/08/05 12:16:35 AttenuationSystem update time: 754.288253ms
2025/08/05 12:16:35 Run 7 complete
2025/08/05 12:16:35 StationSystem update...
2025/08/05 12:16:35 weather update count: 600
2025/08/05 12:16:35 StationSystem update time: 3.978µs
2025/08/05 12:16:35 SatelliteSystem update...
2025/08/05 12:16:35 satellite count: 1200
2025/08/05 12:16:35 SatelliteSystem update time: 4.572596ms
2025/08/05 12:16:35 TopoSystem update...
2025/08/05 12:16:35 TopoSystem: Link count: 720000
2025/08/05 12:16:35 TopoSystem update time: 27.727117ms
2025/08/05 12:16:35 AttenuationSystem update...
2025/08/05 12:16:35 AttenuationSystem parallel flag: 0
2025/08/05 12:16:36 Attenuation computed count: 720000
2025/08/05 12:16:36 AttenuationSystem update time: 639.615488ms
2025/08/05 12:16:36 Run 8 complete
2025/08/05 12:16:36 StationSystem update...
2025/08/05 12:16:36 weather update count: 600
2025/08/05 12:16:36 StationSystem update time: 3.763µs
2025/08/05 12:16:36 SatelliteSystem update...
2025/08/05 12:16:36 satellite count: 1200
2025/08/05 12:16:36 SatelliteSystem update time: 3.398307ms
2025/08/05 12:16:36 TopoSystem update...
2025/08/05 12:16:36 TopoSystem: Link count: 720000
2025/08/05 12:16:36 TopoSystem update time: 8.945269ms
2025/08/05 12:16:36 AttenuationSystem update...
2025/08/05 12:16:36 AttenuationSystem parallel flag: 0
2025/08/05 12:16:36 Attenuation computed count: 720000
2025/08/05 12:16:36 AttenuationSystem update time: 700.175642ms
2025/08/05 12:16:36 Run 9 complete
2025/08/05 12:16:36 StationSystem update...
2025/08/05 12:16:36 weather update count: 600
2025/08/05 12:16:36 StationSystem update time: 2.229µs
2025/08/05 12:16:36 SatelliteSystem update...
2025/08/05 12:16:36 satellite count: 1200
2025/08/05 12:16:36 SatelliteSystem update time: 3.396927ms
2025/08/05 12:16:36 TopoSystem update...
2025/08/05 12:16:36 TopoSystem: Link count: 720000
2025/08/05 12:16:36 TopoSystem update time: 25.725154ms
2025/08/05 12:16:36 AttenuationSystem update...
2025/08/05 12:16:36 AttenuationSystem parallel flag: 0
2025/08/05 12:16:37 Attenuation computed count: 720000
2025/08/05 12:16:37 AttenuationSystem update time: 840.637813ms
2025/08/05 12:16:37 Run 10 complete
2025/08/05 12:16:37 Total update time:  7.945484126s
2025/08/05 12:16:37 linkCache size: 40

 Performance counter stats for './scale_ecs 600 1200 10 4 2 0':

        16,947,265      cache-references                                                      
         4,087,623      cache-misses                     #   24.12% of all cache refs         

       7.953126312 seconds time elapsed

      14.641845000 seconds user
       0.101178000 seconds sys


