ECS running with 500 stations, 1200 satellites, 4 numWGs and 2 numBlocks for 10 rounds in 0 parallel pattern
2025/08/05 11:52:42 StationSystem update...
2025/08/05 11:52:42 weather update count: 500
2025/08/05 11:52:42 SatelliteSystem update...
2025/08/05 11:52:42 StationSystem update time: 5.874µs
2025/08/05 11:52:42 satellite count: 1200
2025/08/05 11:52:42 SatelliteSystem update time: 4.579618ms
2025/08/05 11:52:42 TopoSystem update...
2025/08/05 11:52:42 TopoSystem: Link count: 600000
2025/08/05 11:52:42 TopoSystem update time: 18.519018ms
2025/08/05 11:52:42 AttenuationSystem update...
2025/08/05 11:52:42 AttenuationSystem parallel flag: 0
2025/08/05 11:52:42 Attenuation computed count: 600000
2025/08/05 11:52:42 AttenuationSystem update time: 584.94811ms
2025/08/05 11:52:42 Run 1 complete
2025/08/05 11:52:42 StationSystem update...
2025/08/05 11:52:42 weather update count: 500
2025/08/05 11:52:42 StationSystem update time: 2.358µs
2025/08/05 11:52:42 SatelliteSystem update...
2025/08/05 11:52:42 satellite count: 1200
2025/08/05 11:52:42 SatelliteSystem update time: 4.569228ms
2025/08/05 11:52:42 TopoSystem update...
2025/08/05 11:52:43 TopoSystem: Link count: 600000
2025/08/05 11:52:43 TopoSystem update time: 14.191311ms
2025/08/05 11:52:43 AttenuationSystem update...
2025/08/05 11:52:43 AttenuationSystem parallel flag: 0
2025/08/05 11:52:43 Attenuation computed count: 600000
2025/08/05 11:52:43 AttenuationSystem update time: 678.858182ms
2025/08/05 11:52:43 Run 2 complete
2025/08/05 11:52:43 StationSystem update...
2025/08/05 11:52:43 weather update count: 500
2025/08/05 11:52:43 StationSystem update time: 3.843µs
2025/08/05 11:52:43 SatelliteSystem update...
2025/08/05 11:52:43 satellite count: 1200
2025/08/05 11:52:43 SatelliteSystem update time: 3.400209ms
2025/08/05 11:52:43 TopoSystem update...
2025/08/05 11:52:43 TopoSystem: Link count: 600000
2025/08/05 11:52:43 TopoSystem update time: 10.208507ms
2025/08/05 11:52:43 AttenuationSystem update...
2025/08/05 11:52:43 AttenuationSystem parallel flag: 0
2025/08/05 11:52:44 Attenuation computed count: 600000
2025/08/05 11:52:44 AttenuationSystem update time: 689.30816ms
2025/08/05 11:52:44 Run 3 complete
2025/08/05 11:52:44 StationSystem update...
2025/08/05 11:52:44 weather update count: 500
2025/08/05 11:52:44 StationSystem update time: 13.543µs
2025/08/05 11:52:44 SatelliteSystem update...
2025/08/05 11:52:44 satellite count: 1200
2025/08/05 11:52:44 SatelliteSystem update time: 5.733769ms
2025/08/05 11:52:44 TopoSystem update...
2025/08/05 11:52:44 TopoSystem: Link count: 600000
2025/08/05 11:52:44 TopoSystem update time: 17.884314ms
2025/08/05 11:52:44 AttenuationSystem update...
2025/08/05 11:52:44 AttenuationSystem parallel flag: 0
2025/08/05 11:52:45 Attenuation computed count: 600000
2025/08/05 11:52:45 AttenuationSystem update time: 710.551463ms
2025/08/05 11:52:45 Run 4 complete
2025/08/05 11:52:45 StationSystem update...
2025/08/05 11:52:45 weather update count: 500
2025/08/05 11:52:45 StationSystem update time: 4.157µs
2025/08/05 11:52:45 SatelliteSystem update...
2025/08/05 11:52:45 satellite count: 1200
2025/08/05 11:52:45 SatelliteSystem update time: 4.557903ms
2025/08/05 11:52:45 TopoSystem update...
2025/08/05 11:52:45 TopoSystem: Link count: 600000
2025/08/05 11:52:45 TopoSystem update time: 14.628734ms
2025/08/05 11:52:45 AttenuationSystem update...
2025/08/05 11:52:45 AttenuationSystem parallel flag: 0
2025/08/05 11:52:45 Attenuation computed count: 600000
2025/08/05 11:52:45 AttenuationSystem update time: 720.580047ms
2025/08/05 11:52:45 Run 5 complete
2025/08/05 11:52:45 StationSystem update...
2025/08/05 11:52:45 weather update count: 500
2025/08/05 11:52:45 StationSystem update time: 3.523µs
2025/08/05 11:52:45 SatelliteSystem update...
2025/08/05 11:52:45 satellite count: 1200
2025/08/05 11:52:45 SatelliteSystem update time: 4.585741ms
2025/08/05 11:52:45 TopoSystem update...
2025/08/05 11:52:45 TopoSystem: Link count: 600000
2025/08/05 11:52:45 TopoSystem update time: 10.07946ms
2025/08/05 11:52:45 AttenuationSystem update...
2025/08/05 11:52:45 AttenuationSystem parallel flag: 0
2025/08/05 11:52:46 Attenuation computed count: 600000
2025/08/05 11:52:46 AttenuationSystem update time: 684.496765ms
2025/08/05 11:52:46 Run 6 complete
2025/08/05 11:52:46 StationSystem update...
2025/08/05 11:52:46 weather update count: 500
2025/08/05 11:52:46 StationSystem update time: 4.162µs
2025/08/05 11:52:46 SatelliteSystem update...
2025/08/05 11:52:46 satellite count: 1200
2025/08/05 11:52:46 SatelliteSystem update time: 4.578117ms
2025/08/05 11:52:46 TopoSystem update...
2025/08/05 11:52:46 TopoSystem: Link count: 600000
2025/08/05 11:52:46 TopoSystem update time: 10.147362ms
2025/08/05 11:52:46 AttenuationSystem update...
2025/08/05 11:52:46 AttenuationSystem parallel flag: 0
2025/08/05 11:52:47 Attenuation computed count: 600000
2025/08/05 11:52:47 AttenuationSystem update time: 718.067492ms
2025/08/05 11:52:47 Run 7 complete
2025/08/05 11:52:47 StationSystem update...
2025/08/05 11:52:47 weather update count: 500
2025/08/05 11:52:47 StationSystem update time: 10.41µs
2025/08/05 11:52:47 SatelliteSystem update...
2025/08/05 11:52:47 satellite count: 1200
2025/08/05 11:52:47 SatelliteSystem update time: 4.273694ms
2025/08/05 11:52:47 TopoSystem update...
2025/08/05 11:52:47 TopoSystem: Link count: 600000
2025/08/05 11:52:47 TopoSystem update time: 50.365198ms
2025/08/05 11:52:47 AttenuationSystem update...
2025/08/05 11:52:47 AttenuationSystem parallel flag: 0
2025/08/05 11:52:47 Attenuation computed count: 600000
2025/08/05 11:52:47 AttenuationSystem update time: 621.424049ms
2025/08/05 11:52:47 Run 8 complete
2025/08/05 11:52:47 StationSystem update...
2025/08/05 11:52:47 weather update count: 500
2025/08/05 11:52:47 StationSystem update time: 3.032µs
2025/08/05 11:52:47 SatelliteSystem update...
2025/08/05 11:52:47 satellite count: 1200
2025/08/05 11:52:47 SatelliteSystem update time: 4.593523ms
2025/08/05 11:52:47 TopoSystem update...
2025/08/05 11:52:48 TopoSystem: Link count: 600000
2025/08/05 11:52:48 TopoSystem update time: 25.813164ms
2025/08/05 11:52:48 AttenuationSystem update...
2025/08/05 11:52:48 AttenuationSystem parallel flag: 0
2025/08/05 11:52:48 Attenuation computed count: 600000
2025/08/05 11:52:48 AttenuationSystem update time: 720.750161ms
2025/08/05 11:52:48 Run 9 complete
2025/08/05 11:52:48 StationSystem update...
2025/08/05 11:52:48 weather update count: 500
2025/08/05 11:52:48 StationSystem update time: 3.439µs
2025/08/05 11:52:48 SatelliteSystem update...
2025/08/05 11:52:48 satellite count: 1200
2025/08/05 11:52:48 SatelliteSystem update time: 4.562637ms
2025/08/05 11:52:48 TopoSystem update...
2025/08/05 11:52:48 TopoSystem: Link count: 600000
2025/08/05 11:52:48 TopoSystem update time: 9.677323ms
2025/08/05 11:52:48 AttenuationSystem update...
2025/08/05 11:52:48 AttenuationSystem parallel flag: 0
2025/08/05 11:52:49 Attenuation computed count: 600000
2025/08/05 11:52:49 AttenuationSystem update time: 716.953427ms
2025/08/05 11:52:49 Run 10 complete
2025/08/05 11:52:49 Total update time:  7.080981137s
2025/08/05 11:52:49 linkCache size: 40

 Performance counter stats for './scale_ecs 500 1200 10 4 2 0':

        14,496,715      cache-references                                                      
         3,683,508      cache-misses                     #   25.41% of all cache refs         

       7.089972554 seconds time elapsed

      13.365770000 seconds user
       0.112140000 seconds sys


