ECS running with 700 stations, 2000 satellites, 2 numWGs and 8 numBlocks for 10 rounds in 0 parallel pattern
2025/08/05 13:03:17 StationSystem update...
2025/08/05 13:03:17 weather update count: 700
2025/08/05 13:03:17 StationSystem update time: 4.892µs
2025/08/05 13:03:17 SatelliteSystem update...
2025/08/05 13:03:17 satellite count: 2000
2025/08/05 13:03:17 SatelliteSystem update time: 7.611277ms
2025/08/05 13:03:17 TopoSystem update...
2025/08/05 13:03:17 TopoSystem: Link count: 1400000
2025/08/05 13:03:17 TopoSystem update time: 44.383303ms
2025/08/05 13:03:17 AttenuationSystem update...
2025/08/05 13:03:17 AttenuationSystem parallel flag: 0
2025/08/05 13:03:18 Attenuation computed count: 1400000
2025/08/05 13:03:18 AttenuationSystem update time: 422.233011ms
2025/08/05 13:03:18 Run 1 complete
2025/08/05 13:03:18 StationSystem update...
2025/08/05 13:03:18 weather update count: 700
2025/08/05 13:03:18 StationSystem update time: 6.635µs
2025/08/05 13:03:18 SatelliteSystem update...
2025/08/05 13:03:18 satellite count: 2000
2025/08/05 13:03:18 SatelliteSystem update time: 7.581845ms
2025/08/05 13:03:18 TopoSystem update...
2025/08/05 13:03:18 TopoSystem: Link count: 1400000
2025/08/05 13:03:18 TopoSystem update time: 40.03621ms
2025/08/05 13:03:18 AttenuationSystem update...
2025/08/05 13:03:18 AttenuationSystem parallel flag: 0
2025/08/05 13:03:18 Attenuation computed count: 1400000
2025/08/05 13:03:18 AttenuationSystem update time: 428.017683ms
2025/08/05 13:03:18 Run 2 complete
2025/08/05 13:03:18 StationSystem update...
2025/08/05 13:03:18 weather update count: 700
2025/08/05 13:03:18 StationSystem update time: 4.873µs
2025/08/05 13:03:18 SatelliteSystem update...
2025/08/05 13:03:18 satellite count: 2000
2025/08/05 13:03:18 SatelliteSystem update time: 7.572911ms
2025/08/05 13:03:18 TopoSystem update...
2025/08/05 13:03:18 TopoSystem: Link count: 1400000
2025/08/05 13:03:18 TopoSystem update time: 22.872026ms
2025/08/05 13:03:18 AttenuationSystem update...
2025/08/05 13:03:18 AttenuationSystem parallel flag: 0
2025/08/05 13:03:19 Attenuation computed count: 1400000
2025/08/05 13:03:19 AttenuationSystem update time: 438.546837ms
2025/08/05 13:03:19 Run 3 complete
2025/08/05 13:03:19 StationSystem update...
2025/08/05 13:03:19 SatelliteSystem update...
2025/08/05 13:03:19 weather update count: 700
2025/08/05 13:03:19 StationSystem update time: 36.772µs
2025/08/05 13:03:19 satellite count: 2000
2025/08/05 13:03:19 SatelliteSystem update time: 8.204004ms
2025/08/05 13:03:19 TopoSystem update...
2025/08/05 13:03:19 TopoSystem: Link count: 1400000
2025/08/05 13:03:19 TopoSystem update time: 48.826957ms
2025/08/05 13:03:19 AttenuationSystem update...
2025/08/05 13:03:19 AttenuationSystem parallel flag: 0
2025/08/05 13:03:19 Attenuation computed count: 1400000
2025/08/05 13:03:19 AttenuationSystem update time: 427.677504ms
2025/08/05 13:03:19 Run 4 complete
2025/08/05 13:03:19 StationSystem update...
2025/08/05 13:03:19 weather update count: 700
2025/08/05 13:03:19 StationSystem update time: 5.092µs
2025/08/05 13:03:19 SatelliteSystem update...
2025/08/05 13:03:19 satellite count: 2000
2025/08/05 13:03:19 SatelliteSystem update time: 7.560759ms
2025/08/05 13:03:19 TopoSystem update...
2025/08/05 13:03:19 TopoSystem: Link count: 1400000
2025/08/05 13:03:19 TopoSystem update time: 46.655972ms
2025/08/05 13:03:19 AttenuationSystem update...
2025/08/05 13:03:19 AttenuationSystem parallel flag: 0
2025/08/05 13:03:20 Attenuation computed count: 1400000
2025/08/05 13:03:20 AttenuationSystem update time: 426.675426ms
2025/08/05 13:03:20 Run 5 complete
2025/08/05 13:03:20 StationSystem update...
2025/08/05 13:03:20 weather update count: 700
2025/08/05 13:03:20 StationSystem update time: 9.904µs
2025/08/05 13:03:20 SatelliteSystem update...
2025/08/05 13:03:20 satellite count: 2000
2025/08/05 13:03:20 SatelliteSystem update time: 9.211424ms
2025/08/05 13:03:20 TopoSystem update...
2025/08/05 13:03:20 TopoSystem: Link count: 1400000
2025/08/05 13:03:20 TopoSystem update time: 22.490401ms
2025/08/05 13:03:20 AttenuationSystem update...
2025/08/05 13:03:20 AttenuationSystem parallel flag: 0
2025/08/05 13:03:20 Attenuation computed count: 1400000
2025/08/05 13:03:20 AttenuationSystem update time: 430.555072ms
2025/08/05 13:03:20 Run 6 complete
2025/08/05 13:03:20 StationSystem update...
2025/08/05 13:03:20 weather update count: 700
2025/08/05 13:03:20 StationSystem update time: 5.311µs
2025/08/05 13:03:20 SatelliteSystem update...
2025/08/05 13:03:20 satellite count: 2000
2025/08/05 13:03:20 SatelliteSystem update time: 7.601305ms
2025/08/05 13:03:20 TopoSystem update...
2025/08/05 13:03:20 TopoSystem: Link count: 1400000
2025/08/05 13:03:20 TopoSystem update time: 22.643585ms
2025/08/05 13:03:20 AttenuationSystem update...
2025/08/05 13:03:20 AttenuationSystem parallel flag: 0
2025/08/05 13:03:21 Attenuation computed count: 1400000
2025/08/05 13:03:21 AttenuationSystem update time: 435.318944ms
2025/08/05 13:03:21 Run 7 complete
2025/08/05 13:03:21 StationSystem update...
2025/08/05 13:03:21 weather update count: 700
2025/08/05 13:03:21 StationSystem update time: 6.186µs
2025/08/05 13:03:21 SatelliteSystem update...
2025/08/05 13:03:21 satellite count: 2000
2025/08/05 13:03:21 SatelliteSystem update time: 5.626908ms
2025/08/05 13:03:21 TopoSystem update...
2025/08/05 13:03:21 TopoSystem: Link count: 1400000
2025/08/05 13:03:21 TopoSystem update time: 18.91044ms
2025/08/05 13:03:21 AttenuationSystem update...
2025/08/05 13:03:21 AttenuationSystem parallel flag: 0
2025/08/05 13:03:21 Attenuation computed count: 1400000
2025/08/05 13:03:21 AttenuationSystem update time: 399.648529ms
2025/08/05 13:03:21 Run 8 complete
2025/08/05 13:03:21 StationSystem update...
2025/08/05 13:03:21 weather update count: 700
2025/08/05 13:03:21 StationSystem update time: 5.069µs
2025/08/05 13:03:21 SatelliteSystem update...
2025/08/05 13:03:21 satellite count: 2000
2025/08/05 13:03:21 SatelliteSystem update time: 7.572881ms
2025/08/05 13:03:21 TopoSystem update...
2025/08/05 13:03:21 TopoSystem: Link count: 1400000
2025/08/05 13:03:21 TopoSystem update time: 22.595414ms
2025/08/05 13:03:21 AttenuationSystem update...
2025/08/05 13:03:21 AttenuationSystem parallel flag: 0
2025/08/05 13:03:22 Attenuation computed count: 1400000
2025/08/05 13:03:22 AttenuationSystem update time: 401.510877ms
2025/08/05 13:03:22 Run 9 complete
2025/08/05 13:03:22 StationSystem update...
2025/08/05 13:03:22 weather update count: 700
2025/08/05 13:03:22 StationSystem update time: 5.161µs
2025/08/05 13:03:22 SatelliteSystem update...
2025/08/05 13:03:22 satellite count: 2000
2025/08/05 13:03:22 SatelliteSystem update time: 7.586685ms
2025/08/05 13:03:22 TopoSystem update...
2025/08/05 13:03:22 TopoSystem: Link count: 1400000
2025/08/05 13:03:22 TopoSystem update time: 21.524929ms
2025/08/05 13:03:22 AttenuationSystem update...
2025/08/05 13:03:22 AttenuationSystem parallel flag: 0
2025/08/05 13:03:22 Attenuation computed count: 1400000
2025/08/05 13:03:22 AttenuationSystem update time: 436.541857ms
2025/08/05 13:03:22 Run 10 complete
2025/08/05 13:03:22 Total update time:  4.648011126s
2025/08/05 13:03:22 linkCache size: 40

 Performance counter stats for './scale_ecs 700 2000 10 2 8 0':

        31,225,315      cache-references                                                      
         8,309,518      cache-misses                     #   26.61% of all cache refs         

       4.658954796 seconds time elapsed

      32.312683000 seconds user
       0.178025000 seconds sys


