ECS running with 600 stations, 1600 satellites, 4 numWGs and 4 numBlocks for 10 rounds in 0 parallel pattern
2025/08/05 12:24:09 StationSystem update...
2025/08/05 12:24:09 weather update count: 600
2025/08/05 12:24:09 SatelliteSystem update...
2025/08/05 12:24:09 StationSystem update time: 6.358µs
2025/08/05 12:24:09 satellite count: 1600
2025/08/05 12:24:09 SatelliteSystem update time: 6.080299ms
2025/08/05 12:24:09 TopoSystem update...
2025/08/05 12:24:09 TopoSystem: Link count: 960000
2025/08/05 12:24:09 TopoSystem update time: 30.012206ms
2025/08/05 12:24:09 AttenuationSystem update...
2025/08/05 12:24:09 AttenuationSystem parallel flag: 0
2025/08/05 12:24:10 Attenuation computed count: 960000
2025/08/05 12:24:10 AttenuationSystem update time: 554.145999ms
2025/08/05 12:24:10 Run 1 complete
2025/08/05 12:24:10 StationSystem update...
2025/08/05 12:24:10 weather update count: 600
2025/08/05 12:24:10 StationSystem update time: 4.11µs
2025/08/05 12:24:10 SatelliteSystem update...
2025/08/05 12:24:10 satellite count: 1600
2025/08/05 12:24:10 SatelliteSystem update time: 6.164415ms
2025/08/05 12:24:10 TopoSystem update...
2025/08/05 12:24:10 TopoSystem: Link count: 960000
2025/08/05 12:24:10 TopoSystem update time: 32.437118ms
2025/08/05 12:24:10 AttenuationSystem update...
2025/08/05 12:24:10 AttenuationSystem parallel flag: 0
2025/08/05 12:24:10 Attenuation computed count: 960000
2025/08/05 12:24:10 AttenuationSystem update time: 563.586233ms
2025/08/05 12:24:10 Run 2 complete
2025/08/05 12:24:10 StationSystem update...
2025/08/05 12:24:10 weather update count: 600
2025/08/05 12:24:10 StationSystem update time: 22.75µs
2025/08/05 12:24:10 SatelliteSystem update...
2025/08/05 12:24:10 satellite count: 1600
2025/08/05 12:24:10 SatelliteSystem update time: 6.589966ms
2025/08/05 12:24:10 TopoSystem update...
2025/08/05 12:24:10 TopoSystem: Link count: 960000
2025/08/05 12:24:10 TopoSystem update time: 56.643086ms
2025/08/05 12:24:10 AttenuationSystem update...
2025/08/05 12:24:10 AttenuationSystem parallel flag: 0
2025/08/05 12:24:11 Attenuation computed count: 960000
2025/08/05 12:24:11 AttenuationSystem update time: 520.711577ms
2025/08/05 12:24:11 Run 3 complete
2025/08/05 12:24:11 StationSystem update...
2025/08/05 12:24:11 weather update count: 600
2025/08/05 12:24:11 StationSystem update time: 4.358µs
2025/08/05 12:24:11 SatelliteSystem update...
2025/08/05 12:24:11 satellite count: 1600
2025/08/05 12:24:11 SatelliteSystem update time: 6.092423ms
2025/08/05 12:24:11 TopoSystem update...
2025/08/05 12:24:11 TopoSystem: Link count: 960000
2025/08/05 12:24:11 TopoSystem update time: 34.951213ms
2025/08/05 12:24:11 AttenuationSystem update...
2025/08/05 12:24:11 AttenuationSystem parallel flag: 0
2025/08/05 12:24:11 Attenuation computed count: 960000
2025/08/05 12:24:11 AttenuationSystem update time: 545.0129ms
2025/08/05 12:24:11 Run 4 complete
2025/08/05 12:24:11 StationSystem update...
2025/08/05 12:24:11 weather update count: 600
2025/08/05 12:24:11 StationSystem update time: 3.808µs
2025/08/05 12:24:11 SatelliteSystem update...
2025/08/05 12:24:11 satellite count: 1600
2025/08/05 12:24:11 SatelliteSystem update time: 6.0644ms
2025/08/05 12:24:11 TopoSystem update...
2025/08/05 12:24:11 TopoSystem: Link count: 960000
2025/08/05 12:24:11 TopoSystem update time: 13.267281ms
2025/08/05 12:24:11 AttenuationSystem update...
2025/08/05 12:24:11 AttenuationSystem parallel flag: 0
2025/08/05 12:24:12 Attenuation computed count: 960000
2025/08/05 12:24:12 AttenuationSystem update time: 526.770036ms
2025/08/05 12:24:12 Run 5 complete
2025/08/05 12:24:12 StationSystem update...
2025/08/05 12:24:12 weather update count: 600
2025/08/05 12:24:12 StationSystem update time: 4.505µs
2025/08/05 12:24:12 SatelliteSystem update...
2025/08/05 12:24:12 satellite count: 1600
2025/08/05 12:24:12 SatelliteSystem update time: 6.069746ms
2025/08/05 12:24:12 TopoSystem update...
2025/08/05 12:24:12 TopoSystem: Link count: 960000
2025/08/05 12:24:12 TopoSystem update time: 15.127153ms
2025/08/05 12:24:12 AttenuationSystem update...
2025/08/05 12:24:12 AttenuationSystem parallel flag: 0
2025/08/05 12:24:12 Attenuation computed count: 960000
2025/08/05 12:24:12 AttenuationSystem update time: 487.316907ms
2025/08/05 12:24:12 Run 6 complete
2025/08/05 12:24:12 StationSystem update...
2025/08/05 12:24:12 weather update count: 600
2025/08/05 12:24:12 StationSystem update time: 3.78µs
2025/08/05 12:24:12 SatelliteSystem update...
2025/08/05 12:24:12 satellite count: 1600
2025/08/05 12:24:12 SatelliteSystem update time: 4.529422ms
2025/08/05 12:24:12 TopoSystem update...
2025/08/05 12:24:12 TopoSystem: Link count: 960000
2025/08/05 12:24:12 TopoSystem update time: 14.065247ms
2025/08/05 12:24:12 AttenuationSystem update...
2025/08/05 12:24:12 AttenuationSystem parallel flag: 0
2025/08/05 12:24:13 Attenuation computed count: 960000
2025/08/05 12:24:13 AttenuationSystem update time: 571.223521ms
2025/08/05 12:24:13 Run 7 complete
2025/08/05 12:24:13 StationSystem update...
2025/08/05 12:24:13 weather update count: 600
2025/08/05 12:24:13 StationSystem update time: 4.43µs
2025/08/05 12:24:13 SatelliteSystem update...
2025/08/05 12:24:13 satellite count: 1600
2025/08/05 12:24:13 SatelliteSystem update time: 6.068596ms
2025/08/05 12:24:13 TopoSystem update...
2025/08/05 12:24:13 TopoSystem: Link count: 960000
2025/08/05 12:24:13 TopoSystem update time: 14.168852ms
2025/08/05 12:24:13 AttenuationSystem update...
2025/08/05 12:24:13 AttenuationSystem parallel flag: 0
2025/08/05 12:24:14 Attenuation computed count: 960000
2025/08/05 12:24:14 AttenuationSystem update time: 558.41433ms
2025/08/05 12:24:14 Run 8 complete
2025/08/05 12:24:14 StationSystem update...
2025/08/05 12:24:14 weather update count: 600
2025/08/05 12:24:14 StationSystem update time: 3.611µs
2025/08/05 12:24:14 SatelliteSystem update...
2025/08/05 12:24:14 satellite count: 1600
2025/08/05 12:24:14 SatelliteSystem update time: 6.078571ms
2025/08/05 12:24:14 TopoSystem update...
2025/08/05 12:24:14 TopoSystem: Link count: 960000
2025/08/05 12:24:14 TopoSystem update time: 23.932167ms
2025/08/05 12:24:14 AttenuationSystem update...
2025/08/05 12:24:14 AttenuationSystem parallel flag: 0
2025/08/05 12:24:14 Attenuation computed count: 960000
2025/08/05 12:24:14 AttenuationSystem update time: 491.846062ms
2025/08/05 12:24:14 Run 9 complete
2025/08/05 12:24:14 StationSystem update...
2025/08/05 12:24:14 weather update count: 600
2025/08/05 12:24:14 StationSystem update time: 5.073µs
2025/08/05 12:24:14 SatelliteSystem update...
2025/08/05 12:24:14 satellite count: 1600
2025/08/05 12:24:14 SatelliteSystem update time: 4.521365ms
2025/08/05 12:24:14 TopoSystem update...
2025/08/05 12:24:14 TopoSystem: Link count: 960000
2025/08/05 12:24:14 TopoSystem update time: 22.99199ms
2025/08/05 12:24:14 AttenuationSystem update...
2025/08/05 12:24:14 AttenuationSystem parallel flag: 0
2025/08/05 12:24:15 Attenuation computed count: 960000
2025/08/05 12:24:15 AttenuationSystem update time: 575.258535ms
2025/08/05 12:24:15 Run 10 complete
2025/08/05 12:24:15 Total update time:  5.720829697s
2025/08/05 12:24:15 linkCache size: 40

 Performance counter stats for './scale_ecs 600 1600 10 4 4 0':

        21,925,017      cache-references                                                      
         5,721,327      cache-misses                     #   26.09% of all cache refs         

       5.728813192 seconds time elapsed

      20.877238000 seconds user
       0.143035000 seconds sys


