ECS running with 700 stations, 700 satellites, 2 numWGs and 4 numBlocks for 10 rounds in 1 parallel pattern
2025/08/05 12:36:30 StationSystem update...
2025/08/05 12:36:30 weather update count: 700
2025/08/05 12:36:30 SatelliteSystem update...
2025/08/05 12:36:30 StationSystem update time: 5.19µs
2025/08/05 12:36:30 satellite count: 700
2025/08/05 12:36:30 SatelliteSystem update time: 2.732254ms
2025/08/05 12:36:30 TopoSystem update...
2025/08/05 12:36:30 TopoSystem: Link count: 490000
2025/08/05 12:36:30 TopoSystem update time: 15.896991ms
2025/08/05 12:36:30 AttenuationSystem update...
2025/08/05 12:36:30 AttenuationSystem parallel flag: 1
2025/08/05 12:36:30 Attenuation computed count: 490000
2025/08/05 12:36:30 AttenuationSystem update time: 559.447992ms
2025/08/05 12:36:30 Run 1 complete
2025/08/05 12:36:30 StationSystem update...
2025/08/05 12:36:30 weather update count: 700
2025/08/05 12:36:30 StationSystem update time: 3.077µs
2025/08/05 12:36:30 SatelliteSystem update...
2025/08/05 12:36:30 satellite count: 700
2025/08/05 12:36:30 SatelliteSystem update time: 2.687616ms
2025/08/05 12:36:30 TopoSystem update...
2025/08/05 12:36:30 TopoSystem: Link count: 490000
2025/08/05 12:36:30 TopoSystem update time: 14.716733ms
2025/08/05 12:36:30 AttenuationSystem update...
2025/08/05 12:36:30 AttenuationSystem parallel flag: 1
2025/08/05 12:36:31 Attenuation computed count: 490000
2025/08/05 12:36:31 AttenuationSystem update time: 535.836505ms
2025/08/05 12:36:31 Run 2 complete
2025/08/05 12:36:31 StationSystem update...
2025/08/05 12:36:31 weather update count: 700
2025/08/05 12:36:31 StationSystem update time: 4.927µs
2025/08/05 12:36:31 SatelliteSystem update...
2025/08/05 12:36:31 satellite count: 700
2025/08/05 12:36:31 SatelliteSystem update time: 1.990196ms
2025/08/05 12:36:31 TopoSystem update...
2025/08/05 12:36:31 TopoSystem: Link count: 490000
2025/08/05 12:36:31 TopoSystem update time: 11.517235ms
2025/08/05 12:36:31 AttenuationSystem update...
2025/08/05 12:36:31 AttenuationSystem parallel flag: 1
2025/08/05 12:36:32 Attenuation computed count: 490000
2025/08/05 12:36:32 AttenuationSystem update time: 552.275391ms
2025/08/05 12:36:32 Run 3 complete
2025/08/05 12:36:32 StationSystem update...
2025/08/05 12:36:32 weather update count: 700
2025/08/05 12:36:32 StationSystem update time: 2.352µs
2025/08/05 12:36:32 SatelliteSystem update...
2025/08/05 12:36:32 satellite count: 700
2025/08/05 12:36:32 SatelliteSystem update time: 2.670355ms
2025/08/05 12:36:32 TopoSystem update...
2025/08/05 12:36:32 TopoSystem: Link count: 490000
2025/08/05 12:36:32 TopoSystem update time: 12.543341ms
2025/08/05 12:36:32 AttenuationSystem update...
2025/08/05 12:36:32 AttenuationSystem parallel flag: 1
2025/08/05 12:36:32 Attenuation computed count: 490000
2025/08/05 12:36:32 AttenuationSystem update time: 592.245367ms
2025/08/05 12:36:32 Run 4 complete
2025/08/05 12:36:32 StationSystem update...
2025/08/05 12:36:32 SatelliteSystem update...
2025/08/05 12:36:32 weather update count: 700
2025/08/05 12:36:32 StationSystem update time: 23.523µs
2025/08/05 12:36:32 satellite count: 700
2025/08/05 12:36:32 SatelliteSystem update time: 2.877181ms
2025/08/05 12:36:32 TopoSystem update...
2025/08/05 12:36:32 TopoSystem: Link count: 490000
2025/08/05 12:36:32 TopoSystem update time: 13.622645ms
2025/08/05 12:36:32 AttenuationSystem update...
2025/08/05 12:36:32 AttenuationSystem parallel flag: 1
2025/08/05 12:36:33 Attenuation computed count: 490000
2025/08/05 12:36:33 AttenuationSystem update time: 602.902647ms
2025/08/05 12:36:33 Run 5 complete
2025/08/05 12:36:33 StationSystem update...
2025/08/05 12:36:33 weather update count: 700
2025/08/05 12:36:33 StationSystem update time: 4.927µs
2025/08/05 12:36:33 SatelliteSystem update...
2025/08/05 12:36:33 satellite count: 700
2025/08/05 12:36:33 SatelliteSystem update time: 1.991922ms
2025/08/05 12:36:33 TopoSystem update...
2025/08/05 12:36:33 TopoSystem: Link count: 490000
2025/08/05 12:36:33 TopoSystem update time: 18.001209ms
2025/08/05 12:36:33 AttenuationSystem update...
2025/08/05 12:36:33 AttenuationSystem parallel flag: 1
2025/08/05 12:36:33 Attenuation computed count: 490000
2025/08/05 12:36:33 AttenuationSystem update time: 595.787707ms
2025/08/05 12:36:33 Run 6 complete
2025/08/05 12:36:33 StationSystem update...
2025/08/05 12:36:33 weather update count: 700
2025/08/05 12:36:33 StationSystem update time: 3.187µs
2025/08/05 12:36:33 SatelliteSystem update...
2025/08/05 12:36:33 satellite count: 700
2025/08/05 12:36:33 SatelliteSystem update time: 1.990866ms
2025/08/05 12:36:33 TopoSystem update...
2025/08/05 12:36:33 TopoSystem: Link count: 490000
2025/08/05 12:36:33 TopoSystem update time: 12.181578ms
2025/08/05 12:36:33 AttenuationSystem update...
2025/08/05 12:36:33 AttenuationSystem parallel flag: 1
2025/08/05 12:36:34 Attenuation computed count: 490000
2025/08/05 12:36:34 AttenuationSystem update time: 593.069724ms
2025/08/05 12:36:34 Run 7 complete
2025/08/05 12:36:34 StationSystem update...
2025/08/05 12:36:34 weather update count: 700
2025/08/05 12:36:34 StationSystem update time: 2.791µs
2025/08/05 12:36:34 SatelliteSystem update...
2025/08/05 12:36:34 satellite count: 700
2025/08/05 12:36:34 SatelliteSystem update time: 2.674491ms
2025/08/05 12:36:34 TopoSystem update...
2025/08/05 12:36:34 TopoSystem: Link count: 490000
2025/08/05 12:36:34 TopoSystem update time: 9.367526ms
2025/08/05 12:36:34 AttenuationSystem update...
2025/08/05 12:36:34 AttenuationSystem parallel flag: 1
2025/08/05 12:36:35 Attenuation computed count: 490000
2025/08/05 12:36:35 AttenuationSystem update time: 566.884553ms
2025/08/05 12:36:35 Run 8 complete
2025/08/05 12:36:35 StationSystem update...
2025/08/05 12:36:35 weather update count: 700
2025/08/05 12:36:35 StationSystem update time: 2.95µs
2025/08/05 12:36:35 SatelliteSystem update...
2025/08/05 12:36:35 satellite count: 700
2025/08/05 12:36:35 SatelliteSystem update time: 2.709389ms
2025/08/05 12:36:35 TopoSystem update...
2025/08/05 12:36:35 TopoSystem: Link count: 490000
2025/08/05 12:36:35 TopoSystem update time: 13.028526ms
2025/08/05 12:36:35 AttenuationSystem update...
2025/08/05 12:36:35 AttenuationSystem parallel flag: 1
2025/08/05 12:36:35 Attenuation computed count: 490000
2025/08/05 12:36:35 AttenuationSystem update time: 594.798288ms
2025/08/05 12:36:35 Run 9 complete
2025/08/05 12:36:35 StationSystem update...
2025/08/05 12:36:35 weather update count: 700
2025/08/05 12:36:35 StationSystem update time: 5.06µs
2025/08/05 12:36:35 SatelliteSystem update...
2025/08/05 12:36:35 satellite count: 700
2025/08/05 12:36:35 SatelliteSystem update time: 1.990268ms
2025/08/05 12:36:35 TopoSystem update...
2025/08/05 12:36:35 TopoSystem: Link count: 490000
2025/08/05 12:36:35 TopoSystem update time: 7.176424ms
2025/08/05 12:36:35 AttenuationSystem update...
2025/08/05 12:36:35 AttenuationSystem parallel flag: 1
2025/08/05 12:36:36 Attenuation computed count: 490000
2025/08/05 12:36:36 AttenuationSystem update time: 567.51524ms
2025/08/05 12:36:36 Run 10 complete
2025/08/05 12:36:36 Total update time:  5.919543699s
2025/08/05 12:36:36 linkCache size: 40

 Performance counter stats for './scale_ecs 700 700 10 2 4 1':

        12,125,606      cache-references                                                      
         2,977,710      cache-misses                     #   24.56% of all cache refs         

       5.930099424 seconds time elapsed

      11.194340000 seconds user
       0.094036000 seconds sys


