ECS running with 500 stations, 1900 satellites, 2 numWGs and 8 numBlocks for 10 rounds in 1 parallel pattern
2025/08/05 12:04:21 StationSystem update...
2025/08/05 12:04:21 weather update count: 500
2025/08/05 12:04:21 StationSystem update time: 4.462µs
2025/08/05 12:04:21 SatelliteSystem update...
2025/08/05 12:04:21 satellite count: 1900
2025/08/05 12:04:21 SatelliteSystem update time: 7.218205ms
2025/08/05 12:04:21 TopoSystem update...
2025/08/05 12:04:21 TopoSystem: Link count: 950000
2025/08/05 12:04:21 TopoSystem update time: 31.62672ms
2025/08/05 12:04:21 AttenuationSystem update...
2025/08/05 12:04:21 AttenuationSystem parallel flag: 1
2025/08/05 12:04:22 Attenuation computed count: 950000
2025/08/05 12:04:22 AttenuationSystem update time: 1.071987168s
2025/08/05 12:04:22 Run 1 complete
2025/08/05 12:04:22 StationSystem update...
2025/08/05 12:04:22 weather update count: 500
2025/08/05 12:04:22 StationSystem update time: 5.863µs
2025/08/05 12:04:22 SatelliteSystem update...
2025/08/05 12:04:22 satellite count: 1900
2025/08/05 12:04:22 SatelliteSystem update time: 5.857486ms
2025/08/05 12:04:22 TopoSystem update...
2025/08/05 12:04:22 TopoSystem: Link count: 950000
2025/08/05 12:04:22 TopoSystem update time: 30.490216ms
2025/08/05 12:04:22 AttenuationSystem update...
2025/08/05 12:04:22 AttenuationSystem parallel flag: 1
2025/08/05 12:04:23 Attenuation computed count: 950000
2025/08/05 12:04:23 AttenuationSystem update time: 1.109700485s
2025/08/05 12:04:23 Run 2 complete
2025/08/05 12:04:23 StationSystem update...
2025/08/05 12:04:23 weather update count: 500
2025/08/05 12:04:23 StationSystem update time: 2.537µs
2025/08/05 12:04:23 SatelliteSystem update...
2025/08/05 12:04:23 satellite count: 1900
2025/08/05 12:04:23 SatelliteSystem update time: 7.195074ms
2025/08/05 12:04:23 TopoSystem update...
2025/08/05 12:04:23 TopoSystem: Link count: 950000
2025/08/05 12:04:23 TopoSystem update time: 29.299146ms
2025/08/05 12:04:23 AttenuationSystem update...
2025/08/05 12:04:23 AttenuationSystem parallel flag: 1
2025/08/05 12:04:24 Attenuation computed count: 950000
2025/08/05 12:04:24 AttenuationSystem update time: 1.113980777s
2025/08/05 12:04:24 Run 3 complete
2025/08/05 12:04:24 StationSystem update...
2025/08/05 12:04:24 weather update count: 500
2025/08/05 12:04:24 StationSystem update time: 5.001µs
2025/08/05 12:04:24 SatelliteSystem update...
2025/08/05 12:04:24 satellite count: 1900
2025/08/05 12:04:24 SatelliteSystem update time: 7.189514ms
2025/08/05 12:04:24 TopoSystem update...
2025/08/05 12:04:24 TopoSystem: Link count: 950000
2025/08/05 12:04:24 TopoSystem update time: 15.416653ms
2025/08/05 12:04:24 AttenuationSystem update...
2025/08/05 12:04:24 AttenuationSystem parallel flag: 1
2025/08/05 12:04:25 Attenuation computed count: 950000
2025/08/05 12:04:25 AttenuationSystem update time: 1.088900693s
2025/08/05 12:04:25 Run 4 complete
2025/08/05 12:04:25 StationSystem update...
2025/08/05 12:04:25 weather update count: 500
2025/08/05 12:04:25 StationSystem update time: 3.969µs
2025/08/05 12:04:25 SatelliteSystem update...
2025/08/05 12:04:25 satellite count: 1900
2025/08/05 12:04:25 SatelliteSystem update time: 7.256849ms
2025/08/05 12:04:25 TopoSystem update...
2025/08/05 12:04:26 TopoSystem: Link count: 950000
2025/08/05 12:04:26 TopoSystem update time: 20.347194ms
2025/08/05 12:04:26 AttenuationSystem update...
2025/08/05 12:04:26 AttenuationSystem parallel flag: 1
2025/08/05 12:04:27 Attenuation computed count: 950000
2025/08/05 12:04:27 AttenuationSystem update time: 1.11689591s
2025/08/05 12:04:27 Run 5 complete
2025/08/05 12:04:27 StationSystem update...
2025/08/05 12:04:27 weather update count: 500
2025/08/05 12:04:27 StationSystem update time: 3.083µs
2025/08/05 12:04:27 SatelliteSystem update...
2025/08/05 12:04:27 satellite count: 1900
2025/08/05 12:04:27 SatelliteSystem update time: 7.228346ms
2025/08/05 12:04:27 TopoSystem update...
2025/08/05 12:04:27 TopoSystem: Link count: 950000
2025/08/05 12:04:27 TopoSystem update time: 14.675469ms
2025/08/05 12:04:27 AttenuationSystem update...
2025/08/05 12:04:27 AttenuationSystem parallel flag: 1
2025/08/05 12:04:28 Attenuation computed count: 950000
2025/08/05 12:04:28 AttenuationSystem update time: 1.027382049s
2025/08/05 12:04:28 Run 6 complete
2025/08/05 12:04:28 StationSystem update...
2025/08/05 12:04:28 weather update count: 500
2025/08/05 12:04:28 StationSystem update time: 4.244µs
2025/08/05 12:04:28 SatelliteSystem update...
2025/08/05 12:04:28 satellite count: 1900
2025/08/05 12:04:28 SatelliteSystem update time: 6.674549ms
2025/08/05 12:04:28 TopoSystem update...
2025/08/05 12:04:28 TopoSystem: Link count: 950000
2025/08/05 12:04:28 TopoSystem update time: 47.982707ms
2025/08/05 12:04:28 AttenuationSystem update...
2025/08/05 12:04:28 AttenuationSystem parallel flag: 1
2025/08/05 12:04:29 Attenuation computed count: 950000
2025/08/05 12:04:29 AttenuationSystem update time: 1.117740754s
2025/08/05 12:04:29 Run 7 complete
2025/08/05 12:04:29 StationSystem update...
2025/08/05 12:04:29 weather update count: 500
2025/08/05 12:04:29 StationSystem update time: 2.542µs
2025/08/05 12:04:29 SatelliteSystem update...
2025/08/05 12:04:29 satellite count: 1900
2025/08/05 12:04:29 SatelliteSystem update time: 7.234737ms
2025/08/05 12:04:29 TopoSystem update...
2025/08/05 12:04:29 TopoSystem: Link count: 950000
2025/08/05 12:04:29 TopoSystem update time: 26.92212ms
2025/08/05 12:04:29 AttenuationSystem update...
2025/08/05 12:04:29 AttenuationSystem parallel flag: 1
2025/08/05 12:04:30 Attenuation computed count: 950000
2025/08/05 12:04:30 AttenuationSystem update time: 1.008898293s
2025/08/05 12:04:30 Run 8 complete
2025/08/05 12:04:30 StationSystem update...
2025/08/05 12:04:30 weather update count: 500
2025/08/05 12:04:30 StationSystem update time: 8.526µs
2025/08/05 12:04:30 SatelliteSystem update...
2025/08/05 12:04:30 satellite count: 1900
2025/08/05 12:04:30 SatelliteSystem update time: 7.778554ms
2025/08/05 12:04:30 TopoSystem update...
2025/08/05 12:04:30 TopoSystem: Link count: 950000
2025/08/05 12:04:30 TopoSystem update time: 30.01303ms
2025/08/05 12:04:30 AttenuationSystem update...
2025/08/05 12:04:30 AttenuationSystem parallel flag: 1
2025/08/05 12:04:31 Attenuation computed count: 950000
2025/08/05 12:04:31 AttenuationSystem update time: 1.116512179s
2025/08/05 12:04:31 Run 9 complete
2025/08/05 12:04:31 StationSystem update...
2025/08/05 12:04:31 weather update count: 500
2025/08/05 12:04:31 StationSystem update time: 2.666µs
2025/08/05 12:04:31 SatelliteSystem update...
2025/08/05 12:04:31 satellite count: 1900
2025/08/05 12:04:31 SatelliteSystem update time: 7.245449ms
2025/08/05 12:04:31 TopoSystem update...
2025/08/05 12:04:31 TopoSystem: Link count: 950000
2025/08/05 12:04:31 TopoSystem update time: 28.753525ms
2025/08/05 12:04:31 AttenuationSystem update...
2025/08/05 12:04:31 AttenuationSystem parallel flag: 1
2025/08/05 12:04:32 Attenuation computed count: 950000
2025/08/05 12:04:32 AttenuationSystem update time: 1.146695724s
2025/08/05 12:04:32 Run 10 complete
2025/08/05 12:04:32 Total update time:  11.277997488s
2025/08/05 12:04:32 linkCache size: 40

 Performance counter stats for './scale_ecs 500 1900 10 2 8 1':

        22,777,190      cache-references                                                      
         6,339,421      cache-misses                     #   27.83% of all cache refs         

      11.290437420 seconds time elapsed

      21.726399000 seconds user
       0.192100000 seconds sys


